# Simulazione modello di Ising 1D
# Mossa 	 Energia 	 Magnetizzazione 	 Calore specifico 	 Suscettività
1     -110.5387191772461      -2.88306736946106     91.43039703369141     1911.222290039062
2     -110.4215316772461      -0.06069895625114441     80.61440277099609     1665.184204101562
3     -110.8264465332031      3.127700567245483     76.80000305175781     1216.4306640625
4     -111.7011642456055      0.4366001486778259     94.14399719238281     1943.354858398438
5     -110.905158996582      7.583600044250488     88.67839813232422     2404.451171875
6     -110.5272827148438      -3.259833097457886     75.92959594726562     1578.034057617188
7     -110.2440338134766      -7.335930347442627     89.51039886474609     1734.75732421875
8     -110.4446563720703      2.25533390045166     122.5087966918945     1924.777465820312
9     -110.463752746582      6.664502620697021     74.45759582519531     1172.041015625
10     -111.0195236206055      3.027730464935303     75.87839508056641     1481.722045898438
11     -110.4185638427734      2.052168846130371     72.83200073242188     1076.244140625
12     -110.5881805419922      6.048094272613525     66.50879669189453     1252.138916015625
13     -110.0889282226562      -3.890067100524902     98.18879699707031     2082.535888671875
14     -110.5198211669922      1.084867238998413     86.23359680175781     2211.29541015625
15     -110.3211059570312      -5.290097713470459     82.99519348144531     1209.4404296875
16     -110.6061553955078      -11.40015983581543     76.60800170898438     1897.58544921875
17     -111.3618927001953      -7.860234260559082     97.20319366455078     1666.220336914062
18     -110.5868225097656      -3.415265560150146     80.806396484375     2385.11376953125
19     -110.7972564697266      -4.128401279449463     95.89759826660156     1457.456420898438
20     -111.4553909301758      -8.092903137207031     113.6383972167969     4755.40478515625
21     -110.1608963012695      3.810900211334229     92.56960296630859     3695.453369140625
22     -110.8039855957031      -4.270131587982178     76.54399871826172     3256.2578125
23     -110.9361724853516      5.529767513275146     89.22879791259766     2683.3896484375
24     -111.0083770751953      3.967965602874756     83.23839569091797     1053.857055664062
25     -110.5425415039062      3.972332715988159     93.44000244140625     761.4022827148438
26     -110.5896377563477      -0.7901670336723328     84.41599273681641     989.037109375
27     -109.950798034668      -1.225033164024353     71.41119384765625     1651.259033203125
28     -110.7708435058594      7.558737277984619     74.81599426269531     1250.724975585938
29     -110.2900161743164      5.742467880249023     78.87359619140625     2528.87744140625
30     -110.9613189697266      -0.6154672503471375     80.72959899902344     2232.7822265625
31     -111.2154235839844      2.629333257675171     91.46879577636719     692.4168090820312
32     -110.4120101928711      -3.707665681838989     67.13599395751953     755.93603515625
33     -110.5703048706055      0.347132682800293     74.21440124511719     2206.08740234375
34     -110.2429962158203      3.984664916992188     97.21599578857422     649.0847778320312
35     -111.1579971313477      0.6393334269523621     56.28159713745117     3117.404296875
36     -111.2613754272461      5.249099731445312     76.30079650878906     2331.032470703125
37     -111.2599716186523      -1.600966691970825     80.29440307617188     801.6240844726562
38     -110.7047882080078      7.268265247344971     76.01919555664062     1168.579956054688
39     -110.7317810058594      -4.21356725692749     68.03199768066406     1000.405212402344
40     -109.8061981201172      -1.461199522018433     83.37919616699219     1121.628173828125
41     -110.618522644043      -0.5151668190956116     87.92319488525391     1468.31640625
42     -110.9266128540039      0.2595336437225342     90.18879699707031     850.7890014648438
43     -110.8521118164062      5.067666530609131     73.08799743652344     717.9275512695312
44     -110.0287475585938      -5.029936790466309     90.47039794921875     1561.236572265625
45     -110.6770935058594      -2.191534280776978     62.95040130615234     689.03271484375
46     -110.3687591552734      -0.3776334524154663     95.75679779052734     1120.9072265625
47     -110.8909149169922      -1.571299910545349     98.90559387207031     1269.166625976562
48     -110.7773361206055      4.752200603485107     75.22560119628906     1073.87548828125
49     -110.823844909668      -5.015799045562744     86.55359649658203     2353.5185546875
50     -110.6065521240234      5.598630905151367     81.10079956054688     948.5064697265625
51     -110.5106430053711      2.706429719924927     75.44319915771484     1818.901977539062
52     -110.5739059448242      -2.093000411987305     77.87519836425781     1530.555908203125
53     -110.6669464111328      -0.0439334474503994     66.15039825439453     1740.07861328125
54     -110.7245407104492      3.363101005554199     100.9535903930664     2561.14306640625
55     -111.4740142822266      4.847866058349609     98.08639526367188     2068.35205078125
56     -110.2465057373047      1.051599860191345     97.90719604492188     2238.17724609375
57     -111.0356903076172      0.5148307681083679     85.12000274658203     2212.00830078125
58     -110.5106430053711      2.648199558258057     78.29759979248047     1156.00390625
59     -110.1196060180664      1.999364733695984     83.50719451904297     1697.446044921875
60     -110.4612579345703      -1.527133584022522     92.71040344238281     3932.662109375
61     -110.7199020385742      9.246528625488281     82.53439331054688     946.1420288085938
62     -110.3979949951172      8.041695594787598     102.8224029541016     1412.263793945312
63     -110.4043884277344      -5.354269027709961     94.55359649658203     2698.021240234375
64     -110.6491394042969      1.063866138458252     77.38880157470703     1321.27294921875
65     -110.924560546875      -3.363133192062378     90.90559387207031     963.066162109375
66     -110.3183517456055      2.123200416564941     86.22080230712891     892.4067993164062
67     -111.4667587280273      4.60023307800293     67.08480072021484     1356.677856445312
68     -111.0908508300781      5.109328746795654     83.92959594726562     2010.25830078125
69     -109.7266082763672      -4.903032779693604     82.35519409179688     2937.241943359375
70     -111.9515228271484      -3.52299952507019     79.51359558105469     2456.25830078125
71     -110.5268478393555      -3.344265937805176     104.7039947509766     1763.998901367188
72     -110.173698425293      3.087236642837524     99.58399200439453     1527.327758789062
73     -110.2624282836914      1.30406641960144     77.55519866943359     1256.046508789062
74     -110.8134155273438      -5.590665817260742     73.03679656982422     2829.9169921875
75     -110.5605392456055      -2.234833955764771     93.64479827880859     1453.57958984375
76     -110.59228515625      -2.80946683883667     108.1600036621094     1254.328369140625
77     -111.4668273925781      1.397833704948425     90.34239959716797     849.008056640625
78     -110.2097854614258      -5.674832344055176     95.12960052490234     2023.753540039062
79     -110.2772979736328      -4.230433464050293     82.55999755859375     2935.541015625
80     -110.6372375488281      0.7136993408203125     74.66239929199219     968.291015625
81     -110.7368621826172      3.633266925811768     94.38719940185547     2468.56103515625
82     -111.6957626342773      0.8587328195571899     81.15200042724609     1321.801879882812
83     -110.5831832885742      -3.080065250396729     85.20960235595703     1257.771850585938
84     -110.5285339355469      10.02773571014404     76.23679351806641     1717.147827148438
85     -110.6600494384766      3.543500423431396     66.62400054931641     946.6843872070312
86     -110.2019271850586      3.500402450561523     80.60159301757812     2514.328857421875
87     -110.6347961425781      -5.700201511383057     90.38079833984375     1277.096435546875
88     -110.6063385009766      2.361201524734497     61.31199645996094     2669.832763671875
89     -110.3736038208008      -3.400899887084961     93.63200378417969     2195.072509765625
90     -109.968376159668      1.059300065040588     75.35359954833984     1005.455932617188
91     -110.8452377319336      -5.060702323913574     91.23839569091797     1001.428894042969
92     -110.2607345581055      -5.417500495910645     69.95199584960938     1024.52197265625
93     -110.6021423339844      -4.440634250640869     72.38400268554688     994.6932983398438
94     -110.1850814819336      6.649669170379639     83.53280639648438     855.541259765625
95     -110.9757919311523      -6.439069271087646     84.14719390869141     1557.5087890625
96     -110.9326934814453      -5.068133354187012     82.73919677734375     5343.5625
97     -110.8977432250977      6.665566921234131     78.77119445800781     3167.9931640625
98     -110.7925186157227      4.868268966674805     83.48159790039062     1386.41796875
99     -110.3905334472656      -0.573366641998291     104.6399993896484     1238.57861328125
100     -111.3613052368164      -2.571332693099976     82.82879638671875     1285.129028320312
101     -110.7778396606445      -12.13279342651367     90.36799621582031     1810.705444335938
102     -110.3847885131836      3.583733320236206     80.52480316162109     1712.873779296875
103     -110.4923629760742      -0.3906329274177551     96.43519592285156     1660.294799804688
104     -110.8057250976562      6.437565803527832     78.57920074462891     1460.011596679688
105     -110.5339431762695      -4.13093376159668     82.67519378662109     2208.95654296875
106     -110.4148406982422      2.844399929046631     96.05120086669922     4183.107421875
107     -110.6368637084961      5.191065788269043     69.86239624023438     3134.345703125
108     -110.7798919677734      1.988133192062378     70.27199554443359     1681.697998046875
109     -109.9279403686523      5.213401317596436     87.12960052490234     1029.713012695312
110     -110.648193359375      6.346000194549561     100.672004699707     1056.853393554688
111     -110.452262878418      4.872699737548828     78.05439758300781     3890.2158203125
112     -110.6770629882812      7.039600372314453     71.36000061035156     1373.004272460938
113     -111.0363464355469      -0.7477990984916687     85.81120300292969     1198.5224609375
114     -111.0162200927734      -0.8682998418807983     84.31359100341797     549.2968139648438
115     -110.5432510375977      -7.282401084899902     100.6847915649414     2119.4453125
116     -110.7333297729492      2.730032682418823     91.72479248046875     858.7732543945312
117     -110.1855239868164      -0.5007327198982239     95.97439575195312     1236.956665039062
118     -110.7912673950195      -7.522133350372314     79.85919952392578     936.95703125
119     -110.4031372070312      -0.5331984162330627     105.3567962646484     2906.8408203125
120     -110.3863677978516      -0.8647998571395874     90.36799621582031     930.1427612304688
121     -111.4258804321289      1.074333071708679     93.00479125976562     1372.5361328125
122     -110.4898147583008      0.677366316318512     88.97280120849609     1182.752319335938
123     -110.5918731689453      -1.661433577537537     89.12639617919922     1541.566528320312
124     -110.4683685302734      3.771701097488403     98.09919738769531     2127.833984375
125     -110.3191299438477      6.621969223022461     85.15840148925781     1065.879150390625
126     -110.9497451782227      -1.337900042533875     59.00799942016602     1931.6865234375
127     -111.3711700439453      5.763867855072021     60.50559997558594     1793.916137695312
128     -110.1267318725586      1.899234175682068     93.33760070800781     1720.66796875
129     -110.5140914916992      2.914467811584473     65.47200012207031     4205.77734375
130     -111.0152282714844      2.203399419784546     79.44960021972656     1151.728393554688
131     -110.2932739257812      -4.017533779144287     76.39040374755859     1284.437133789062
132     -110.7594146728516      -1.870632529258728     89.76639556884766     1845.505126953125
133     -109.7428970336914      0.1351330131292343     82.27839660644531     2224.240478515625
134     -110.3085250854492      8.380537986755371     88.70399475097656     1901.237548828125
135     -111.2045974731445      5.088361740112305     84.23679351806641     2035.119995117188
136     -110.1812210083008      2.176233291625977     85.32479858398438     2264.38330078125
137     -110.0681228637695      -3.727931499481201     79.55199432373047     3001.8037109375
138     -110.8984069824219      -7.054972648620605     88.3583984375     2278.02001953125
139     -110.8929595947266      -0.5322029590606689     79.50079345703125     1895.959838867188
140     -110.6297073364258      2.629565715789795     89.94559478759766     1117.081909179688
141     -110.8412628173828      6.212001323699951     86.73280334472656     1883.340209960938
142     -111.3204650878906      -1.992600440979004     79.76959991455078     4662.2490234375
143     -111.0073547363281      -3.359264850616455     100.8127899169922     1093.799560546875
144     -111.4152450561523      0.3195671737194061     86.89920043945312     2541.43701171875
145     -110.3797378540039      -0.2307997643947601     89.95839691162109     1166.733032226562
146     -110.9678802490234      -0.849368155002594     74.54719543457031     1398.52783203125
147     -110.1858139038086      -5.464166641235352     95.61599731445312     1178.267700195312
148     -110.4164962768555      3.637198209762573     94.66880035400391     1584.404174804688
149     -110.9170303344727      4.643001556396484     76.80000305175781     995.6026611328125
150     -110.5605392456055      -3.992599248886108     90.12479400634766     2683.8837890625
151     -111.1915740966797      1.24190092086792     88.76799774169922     2009.239868164062
152     -110.3074493408203      5.071833610534668     88.56319427490234     1058.778930664062
153     -111.2664031982422      6.368002891540527     86.20800018310547     2287.49365234375
154     -110.1979598999023      2.189733266830444     86.46399688720703     1125.165161132812
155     -110.574348449707      -1.748332381248474     92.77439117431641     1527.923095703125
156     -109.7599029541016      -0.4117333292961121     82.59839630126953     906.8902587890625
157     -110.3293838500977      1.986764788627625     69.45279693603516     1026.9951171875
158     -110.437744140625      1.640066504478455     80.93440246582031     942.3817749023438
159     -110.9033432006836      -4.190098762512207     86.63040161132812     2348.87548828125
160     -110.6945877075195      5.747129440307617     81.51039886474609     2269.426025390625
161     -110.9843292236328      4.402997970581055     70.79679870605469     1973.805786132812
162     -110.3361434936523      -2.645864486694336     98.76479339599609     1323.964233398438
163     -110.7917709350586      -8.207660675048828     77.96479797363281     1529.433227539062
164     -110.6811218261719      -3.659267902374268     73.27999877929688     3415.609619140625
165     -110.6736145019531      2.794065952301025     103.8463973999023     1277.626831054688
166     -110.5174865722656      -4.401533603668213     83.32799530029297     1745.110473632812
167     -110.677131652832      -1.972933292388916     116.3392028808594     1327.31982421875
168     -110.0410842895508      3.020031929016113     68.36479949951172     743.3973999023438
169     -110.1662826538086      1.611498832702637     76.82559967041016     2818.361328125
170     -110.6537857055664      3.607600927352905     88.61439514160156     1605.8388671875
171     -110.9408950805664      -9.163797378540039     74.91839599609375     1177.963989257812
172     -111.0701446533203      7.14816427230835     86.87359619140625     3774.901611328125
173     -111.0357894897461      10.39647006988525     81.42079925537109     1642.43603515625
174     -111.7780532836914      1.392932534217834     124.7872009277344     1030.923095703125
175     -110.9153213500977      -2.015898942947388     78.69439697265625     1983.246704101562
176     -110.8870697021484      5.308002471923828     78.72000122070312     1501.137451171875
177     -110.674560546875      -0.4477000832557678     80.34560394287109     1678.0361328125
178     -110.4648056030273      -3.926732778549194     98.52159881591797     2885.531494140625
179     -110.1649932861328      2.107833623886108     68.77439880371094     642.5484619140625
180     -110.541862487793      6.228999137878418     90.21439361572266     3616.0458984375
181     -110.6548461914062      -2.656135320663452     88.97280120849609     1563.438720703125
182     -110.8603210449219      5.131999492645264     84.68479156494141     1323.998779296875
183     -111.0898132324219      3.290000677108765     77.97760009765625     2182.228759765625
184     -110.9381942749023      2.980762958526611     106.1247940063477     2121.0322265625
185     -109.8006744384766      4.50383472442627     72.3583984375     862.2601318359375
186     -111.0643615722656      -4.985066413879395     72.23040008544922     917.784912109375
187     -110.1386032104492      -1.826496839523315     83.46879577636719     1505.265502929688
188     -110.8967514038086      4.666333675384521     77.65760040283203     1855.676147460938
189     -110.5150299072266      10.85233306884766     100.313591003418     1081.773559570312
190     -109.9439849853516      4.611701488494873     63.28319931030273     858.7569580078125
191     -110.3779296875      5.887899398803711     74.43199920654297     2628.416015625
192     -110.8160171508789      -1.378132939338684     78.91199493408203     1305.242065429688
193     -110.3280792236328      3.947400569915771     88.66559600830078     1713.486572265625
194     -110.152214050293      -4.056465625762939     73.44639587402344     1043.203369140625
195     -109.9011611938477      -1.353400707244873     67.49440002441406     3425.693359375
196     -111.2057189941406      2.604068517684937     83.72479248046875     1269.3564453125
197     -110.8453521728516      -0.6396344304084778     88.49919891357422     1377.538696289062
198     -110.9201965332031      7.181231021881104     85.22240447998047     1640.89453125
199     -110.9113845825195      -6.069932460784912     77.22239685058594     1768.961669921875
200     -111.0652313232422      -0.5149656534194946     105.523193359375     2121.0126953125
201     -111.2218170166016      -0.3000667691230774     81.38240051269531     4738.7333984375
202     -110.29248046875      -1.657932758331299     80.46079254150391     2421.162841796875
203     -111.3509979248047      4.624598503112793     99.04639434814453     2413.96240234375
204     -110.5344314575195      -0.5933664441108704     100.0831909179688     586.6570434570312
205     -110.7254104614258      1.69779908657074     107.2895965576172     1475.747680664062
206     -109.8913650512695      1.376933336257935     71.10399627685547     568.7027587890625
207     -110.5331573486328      -2.707967758178711     88.81919860839844     2002.935180664062
208     -110.7303619384766      -1.933767557144165     98.84159851074219     609.3037719726562
209     -110.8442687988281      7.257400512695312     88.88319396972656     984.9520263671875
210     -110.3353576660156      3.505465984344482     76.41599273681641     2375.6826171875
211     -110.5335159301758      0.2056992650032043     99.13599395751953     2164.8935546875
212     -110.6533279418945      0.184964656829834     88.14080047607422     2008.290283203125
213     -110.4030303955078      3.265832901000977     84.39040374755859     2730.245849609375
214     -110.016487121582      -2.094867467880249     78.13119506835938     2052.285888671875
215     -110.6810760498047      -4.697898387908936     81.12639617919922     2055.841796875
216     -111.1952667236328      -8.635366439819336     97.10079956054688     1256.08447265625
217     -110.2374572753906      -1.598533272743225     78.75839996337891     644.71875
218     -110.1118392944336      0.525866687297821     66.96959686279297     1678.214965820312
219     -111.1682510375977      4.186033248901367     91.37919616699219     2008.26123046875
220     -111.2362365722656      1.998200178146362     79.56479644775391     2536.5732421875
221     -110.8659439086914      0.982099711894989     107.5711975097656     1993.073608398438
222     -110.6415557861328      -2.780033349990845     70.48960113525391     2297.837890625
223     -110.8661117553711      -6.463865756988525     74.09919738769531     3583.556640625
224     -110.2731018066406      1.070866823196411     55.70560073852539     1285.446411132812
225     -109.928825378418      4.844666004180908     96.70399475097656     1007.782897949219
226     -110.665641784668      -0.1855344325304031     83.07199859619141     2094.037353515625
227     -110.0817184448242      -0.1801334172487259     76.17279815673828     731.9048461914062
228     -110.3131713867188      1.973363041877747     98.09919738769531     3254.55126953125
229     -109.8465118408203      -3.121034145355225     60.73600006103516     1019.55615234375
230     -109.7427749633789      -0.1704003214836121     72.447998046875     653.5374755859375
231     -109.9111328125      0.477233499288559     90.36799621582031     1343.353149414062
232     -111.4125061035156      7.34286642074585     79.83359527587891     1144.83056640625
233     -110.9232330322266      -7.16563606262207     81.40799713134766     1762.410888671875
234     -110.6241607666016      2.654532432556152     97.22879791259766     1814.84619140625
235     -110.3282241821289      3.325198650360107     71.02719879150391     1055.366821289062
236     -110.1193237304688      -0.4420002996921539     73.99679565429688     1081.055908203125
237     -110.2910232543945      -4.529565811157227     86.66880035400391     1390.365112304688
238     -110.7560043334961      -7.763161182403564     84.00639343261719     1534.026123046875
239     -109.9338836669922      -0.9789330363273621     66.39360046386719     1566.997192382812
240     -111.313346862793      -0.8705999255180359     81.83039855957031     828.271728515625
241     -111.5071563720703      -2.096697807312012     92.39040374755859     2223.0322265625
242     -110.9646377563477      1.726066708564758     89.91999816894531     565.8014526367188
243     -111.1104583740234      1.014534711837769     73.61280059814453     2439.0888671875
244     -110.4021224975586      -0.6135005354881287     81.98399353027344     883.7800903320312
245     -110.3770599365234      10.14893913269043     70.55359649658203     1065.579345703125
246     -111.4192581176758      6.587763786315918     77.78559875488281     2012.955810546875
247     -110.6024932861328      -5.216867446899414     69.15840148925781     1008.850402832031
248     -110.8157730102539      -5.480966567993164     75.09759521484375     3146.7333984375
249     -111.2129135131836      -3.601233243942261     82.04799652099609     2363.48681640625
250     -110.4397964477539      -3.978933811187744     84.35200500488281     1334.982299804688
251     -110.434211730957      -1.435399651527405     100.8127899169922     1519.510986328125
252     -111.5022430419922      -3.804835796356201     69.36319732666016     576.4266357421875
253     -110.9864273071289      -3.572767972946167     91.53280639648438     2030.956420898438
254     -110.6689682006836      3.386000156402588     78.45119476318359     2399.614013671875
255     -110.2401657104492      2.727166414260864     76.37759399414062     3667.607177734375
256     -110.9857482910156      -2.931666374206543     72.627197265625     1594.203735351562
257     -110.4352798461914      -6.145270347595215     80.55039978027344     1967.990112304688
258     -110.1954803466797      -3.412531137466431     92.91519165039062     911.0958862304688
259     -110.6942901611328      -1.622333168983459     81.49759674072266     1562.075927734375
260     -110.3936233520508      2.905866622924805     84.24960327148438     2125.784912109375
261     -110.353874206543      0.3550334274768829     72.47360229492188     1681.226440429688
262     -110.4157791137695      6.528324604034424     77.54239654541016     1944.71337890625
263     -110.2314224243164      -2.349766731262207     88.447998046875     1155.730834960938
264     -111.283073425293      4.987264633178711     72.40959930419922     1334.658081054688
265     -110.6383972167969      -3.345034599304199     74.67520141601562     1708.520751953125
266     -110.8072814941406      -7.130200386047363     80.70400238037109     3048.785400390625
267     -110.6559600830078      -5.489164352416992     67.57119750976562     1629.148803710938
268     -110.6422424316406      1.685967564582825     64.43520355224609     1939.323608398438
269     -110.5157775878906      2.729799509048462     80.19199371337891     716.3284912109375
270     -109.9435272216797      -5.138433933258057     68.54399871826172     1173.21044921875
271     -110.8711013793945      0.8583338856697083     74.36799621582031     765.0509643554688
272     -111.106689453125      3.888266801834106     93.27359008789062     1898.195434570312
273     -110.8749771118164      1.521231651306152     71.38559722900391     1121.207153320312
274     -110.7337341308594      1.81139874458313     81.80480194091797     637.3536987304688
275     -111.0610809326172      9.562702178955078     81.49759674072266     1296.337768554688
276     -111.0542678833008      3.711066007614136     85.01760101318359     1545.111083984375
277     -110.4742889404297      -2.950864315032959     87.30879974365234     4548.361328125
278     -110.2804412841797      -2.056300401687622     79.92319488525391     1271.577392578125
279     -109.9808044433594      0.04820001497864723     78.32319641113281     1569.04833984375
280     -110.994743347168      7.058765411376953     87.43679809570312     1483.12109375
281     -110.4189910888672      -7.397029876708984     68.33920288085938     2026.484252929688
282     -110.4656524658203      3.471101045608521     101.5424041748047     1236.293701171875
283     -110.0094604492188      1.285166025161743     77.76000213623047     951.79052734375
284     -111.0452728271484      -5.387266635894775     101.2351989746094     2229.510986328125
285     -110.5026626586914      7.305366039276123     78.20800018310547     756.2062377929688
286     -111.05419921875      1.695866823196411     84.90240478515625     982.1090087890625
287     -110.2917861938477      0.2322671115398407     72.16639709472656     1586.763427734375
288     -110.6685562133789      4.235932350158691     94.14399719238281     1016.836486816406
289     -110.2573547363281      2.877967119216919     76.69760131835938     1244.712524414062
290     -109.9911499023438      -2.325970649719238     92.77439117431641     1997.9580078125
291     -110.5931167602539      -1.476032853126526     84.92800140380859     4429.39697265625
292     -110.6331939697266      2.279932022094727     81.76639556884766     3486.385986328125
293     -110.4633865356445      4.293502330780029     86.93759918212891     2029.122802734375
294     -110.4865493774414      1.305532813072205     103.5904006958008     1913.291137695312
295     -109.8799285888672      0.8146992325782776     87.89759826660156     1821.835571289062
296     -110.7544708251953      -0.3734005689620972     89.24160003662109     1906.851440429688
297     -110.7013473510742      0.9873003363609314     91.13599395751953     607.8421630859375
298     -110.6061248779297      0.2406328171491623     66.77759552001953     1698.40625
299     -110.8284606933594      -3.014834642410278     66.07360076904297     1830.083618164062
300     -110.8739547729492      4.375665664672852     111.4239959716797     1598.43701171875
301     -111.1542053222656      4.738035202026367     56.81919860839844     894.6210327148438
302     -110.7278137207031      2.290333271026611     82.38079833984375     1403.867797851562
303     -110.3879623413086      0.1363667249679565     86.20800018310547     826.2098388671875
304     -110.6622772216797      1.422333836555481     76.28799438476562     1900.808959960938
305     -111.4686126708984      6.282161235809326     91.87839508056641     4864.451171875
306     -110.741584777832      0.7029663324356079     78.27199554443359     1171.1689453125
307     -110.8316421508789      4.256799697875977     83.34079742431641     1896.999267578125
308     -111.4084854125977      -10.74093341827393     74.06079864501953     4232.3896484375
309     -110.5136260986328      2.9571692943573     80.21759796142578     1326.079345703125
310     -110.6810760498047      0.114666536450386     65.83039855957031     1592.59228515625
311     -110.2136993408203      1.260065078735352     93.31200408935547     2406.134033203125
312     -110.6698226928711      7.494735240936279     96.85759735107422     960.5870361328125
313     -110.7204208374023      -4.780801773071289     68.07040405273438     2001.338012695312
314     -110.3118591308594      4.852828502655029     74.08639526367188     2437.143798828125
315     -111.2880783081055      3.700433969497681     66.11199951171875     2462.91552734375
316     -111.1633071899414      6.881700992584229     83.87839508056641     769.5831298828125
317     -110.7488250732422      2.319434881210327     65.10079956054688     3571.6611328125
318     -109.6728439331055      -0.2333997786045074     77.03040313720703     1818.9521484375
319     -110.5289840698242      -3.693832397460938     83.12319183349609     613.550048828125
320     -110.1197814941406      -1.59820020198822     90.54719543457031     1466.67919921875
321     -111.1161117553711      -2.362967014312744     85.74720001220703     2781.65966796875
322     -110.6093368530273      2.148200750350952     75.8656005859375     4263.7080078125
323     -110.5201110839844      2.238134145736694     86.95040130615234     1647.1259765625
324     -110.7021408081055      2.372167348861694     87.43679809570312     2346.424560546875
325     -109.9495391845703      0.7581661939620972     84.37759399414062     657.9843139648438
326     -111.4366760253906      3.39399790763855     97.01119995117188     2597.17529296875
327     -109.9305648803711      -1.772533297538757     63.01440048217773     1242.947265625
328     -110.824951171875      -0.991767406463623     99.21279144287109     1109.539428710938
329     -110.2230987548828      3.62723183631897     71.16799926757812     1491.62744140625
330     -110.4444427490234      4.665196895599365     70.42559814453125     3138.75
331     -110.6680679321289      4.403534412384033     91.83999633789062     1537.981079101562
332     -110.4527740478516      1.851066708564758     74.50879669189453     1356.86865234375
333     -110.5872573852539      4.746730804443359     82.64959716796875     1559.109252929688
334     -110.7863693237305      -3.355766534805298     77.19680023193359     2083.281494140625
335     -111.2172775268555      -1.501999855041504     85.22240447998047     2931.14599609375
336     -110.5872344970703      2.8048996925354     91.30239868164062     1435.76513671875
337     -111.1998519897461      -12.66197299957275     103.6159973144531     849.8280639648438
338     -110.7145690917969      1.781633853912354     64.10239410400391     2269.3349609375
339     -110.6315841674805      -1.813334465026855     98.96959686279297     1642.148071289062
340     -110.343620300293      3.256797075271606     78.04159545898438     1216.9521484375
341     -110.6007537841797      9.264199256896973     96.72959899902344     1196.699584960938
342     -110.7538070678711      3.723566293716431     98.59839630126953     2015.087524414062
343     -110.6760864257812      7.29696798324585     83.12319183349609     2494.696533203125
344     -110.6616516113281      -2.11580228805542     84.27519226074219     679.5283813476562
345     -111.4912185668945      -4.469366073608398     92.67200469970703     2903.926025390625
346     -110.1664810180664      2.320465803146362     89.65119934082031     780.0
347     -110.7690505981445      -0.7902668714523315     78.98880004882812     1756.603271484375
348     -111.0404815673828      -1.065533876419067     78.47679901123047     1821.664672851562
349     -110.6059494018555      -3.112501621246338     82.48319244384766     2898.74462890625
350     -110.1842346191406      3.827966928482056     61.7599983215332     2380.322265625
351     -110.2424926757812      -0.7493993639945984     104.3839950561523     1864.176147460938
352     -111.2010803222656      4.69906759262085     68.56960296630859     1493.6142578125
353     -110.5847930908203      -4.321700572967529     63.51359939575195     1257.093505859375
354     -110.6084060668945      -6.901031970977783     73.67679595947266     731.4522705078125
355     -110.2211608886719      0.3666659891605377     103.6031951904297     827.8939819335938
356     -110.7803497314453      3.607267379760742     66.06079864501953     2088.1533203125
357     -110.6308822631836      -3.39443564414978     102.7967987060547     956.8377075195312
358     -110.5971298217773      -4.759833812713623     86.50240325927734     3106.402099609375
359     -111.2977066040039      -9.549969673156738     84.85120391845703     3243.685302734375
360     -110.4792404174805      -6.486169338226318     85.31200408935547     1193.237548828125
361     -110.6902160644531      -1.211634039878845     66.91839599609375     995.2705688476562
362     -110.5914916992188      -2.484998464584351     74.44480133056641     1334.416137695312
363     -110.6497344970703      6.226367950439453     99.49439239501953     1949.019897460938
364     -110.4676971435547      5.64736795425415     75.76319885253906     1429.129272460938
365     -110.6012191772461      -1.311333894729614     68.63359832763672     1530.429077148438
366     -110.8107147216797      -3.527599096298218     84.49280548095703     1056.004760742188
367     -110.3960723876953      -4.237099647521973     93.68319702148438     663.8655395507812
368     -110.3706283569336      -3.446401119232178     86.59200286865234     1291.525268554688
369     -110.4503021240234      -2.478299140930176     78.74559783935547     912.6624755859375
370     -110.4892196655273      0.7038993239402771     85.29920196533203     1884.052368164062
371     -111.1508102416992      1.027433753013611     82.85439300537109     2630.740234375
372     -110.6819458007812      0.4819335639476776     85.83679962158203     882.1345825195312
373     -110.5690612792969      -0.7966006398200989     80.37119293212891     1306.918090820312
374     -110.2678680419922      -7.457165718078613     104.3839950561523     1495.060302734375
375     -111.0417098999023      -14.74232864379883     80.23040008544922     3269.707275390625
376     -110.4781341552734      -0.7976672649383545     94.19519805908203     1550.7421875
377     -110.7377319335938      4.937033176422119     89.24160003662109     1215.509033203125
378     -110.2844009399414      0.3049343824386597     99.40479278564453     2029.631591796875
379     -111.0363388061523      5.263233184814453     74.32959747314453     2636.229736328125
380     -111.2269134521484      4.713200092315674     99.35359191894531     2668.247802734375
381     -110.1595993041992      -0.7147306203842163     74.66239929199219     2617.35693359375
382     -110.426872253418      -0.9524657726287842     90.31679534912109     1653.897338867188
383     -110.1362228393555      8.272137641906738     72.93440246582031     1587.199829101562
384     -110.4022827148438      -2.467700719833374     84.71040344238281     1662.481689453125
385     -109.9715118408203      -4.624965667724609     83.03359222412109     935.0206298828125
386     -110.0403213500977      -4.768500804901123     77.29920196533203     1130.015502929688
387     -110.1935806274414      -4.961301803588867     93.08160400390625     1268.185913085938
388     -110.2760543823242      3.306567430496216     72.69119262695312     1912.736206054688
389     -110.3364334106445      -0.1661328673362732     66.76480102539062     2013.483276367188
390     -110.5024032592773      0.924000084400177     94.33599853515625     650.1249389648438
391     -110.8546371459961      -1.289865851402283     98.57279205322266     1843.574584960938
392     -109.9046783447266      -3.438666343688965     84.12160491943359     1273.661987304688
393     -111.1383514404297      -1.872533321380615     85.28639984130859     1721.698852539062
394     -110.3736343383789      0.4967333972454071     92.27519226074219     1140.61083984375
395     -110.3828735351562      2.585100173950195     88.02559661865234     775.1004638671875
396     -110.4878387451172      4.060769081115723     106.1119995117188     1057.328979492188
397     -110.6238784790039      -2.863898992538452     78.32319641113281     2415.25830078125
398     -110.9943389892578      3.601366519927979     87.16799926757812     1597.379272460938
399     -111.1430282592773      7.562197685241699     82.29119873046875     1218.074584960938
400     -111.1181564331055      2.768633127212524     89.25439453125     1305.058959960938
401     -110.5481338500977      3.467335224151611     77.29920196533203     1800.78369140625
402     -111.3554763793945      1.503266096115112     79.07839965820312     1185.606201171875
403     -110.6102600097656      -11.27573585510254     83.66079711914062     1019.754516601562
404     -111.207405090332      5.489796161651611     88.16639709472656     1695.773559570312
405     -110.3618240356445      -5.146066188812256     90.40639495849609     1000.674377441406
406     -110.050651550293      -2.525166988372803     76.92800140380859     1199.342041015625
407     -110.2744903564453      -5.067896842956543     89.06240081787109     1684.867309570312
408     -109.9048919677734      3.705999851226807     87.36000061035156     1416.420776367188
409     -110.1585388183594      2.131733894348145     69.70880126953125     2893.0703125
410     -111.0020523071289      0.770432710647583     79.79519653320312     1143.48095703125
411     -110.9597778320312      6.557631969451904     63.28319931030273     769.9816284179688
412     -110.2487487792969      -6.220568180084229     78.05439758300781     1787.828247070312
413     -110.5219039916992      -3.821166276931763     69.81119537353516     2585.825439453125
414     -110.6461944580078      -1.973665714263916     67.89119720458984     2845.810546875
415     -110.1716232299805      0.4519002139568329     95.28319549560547     793.23046875
416     -109.717041015625      -1.644565582275391     81.85599517822266     2960.258544921875
417     -110.4868850708008      2.66990327835083     91.13599395751953     1927.97265625
418     -111.0681610107422      3.772701025009155     82.84159851074219     1862.807006835938
419     -111.4089584350586      5.934769153594971     100.7359924316406     5026.7255859375
420     -110.7387924194336      -9.382901191711426     88.83200073242188     4622.212890625
421     -110.3150100708008      0.8860002756118774     79.62879943847656     1597.3564453125
422     -111.0547866821289      -2.015667200088501     91.81439208984375     1607.08154296875
423     -110.3718185424805      -1.29403293132782     80.30719757080078     679.2152099609375
424     -110.2877426147461      0.6029328107833862     71.20639801025391     1952.88916015625
425     -110.2641830444336      3.601235151290894     80.627197265625     1837.421264648438
426     -110.8241424560547      -8.111300468444824     68.18560028076172     1541.87353515625
427     -110.1471176147461      -0.6549006700515747     59.48159790039062     1800.455322265625
428     -110.7788009643555      -4.201033592224121     82.61119842529297     1254.14453125
429     -110.8027648925781      6.420235157012939     81.88159942626953     2742.936279296875
430     -110.2029418945312      -2.266300201416016     97.03679656982422     1341.13427734375
431     -110.3827896118164      1.939732313156128     89.90719604492188     1507.906616210938
432     -110.9261627197266      -2.945068359375     97.26719665527344     2110.53857421875
433     -110.8749084472656      3.016067504882812     95.47519683837891     1703.250610351562
434     -110.3867950439453      6.512102603912354     78.83519744873047     1437.578002929688
435     -110.7137680053711      3.101099014282227     80.89599609375     2186.09375
436     -110.4806365966797      -4.873035907745361     83.80160522460938     875.933349609375
437     -111.2156143188477      2.848634243011475     86.64319610595703     584.0166625976562
438     -110.2839431762695      11.13193893432617     83.31519317626953     612.343017578125
439     -111.9662322998047      -6.650068283081055     107.9295959472656     3790.4609375
440     -110.9470291137695      1.607466459274292     85.69599914550781     1693.940307617188
441     -110.5969161987305      0.5431994795799255     75.36639404296875     1884.747924804688
442     -110.8050765991211      -2.473365783691406     82.95679473876953     2533.85009765625
443     -110.9058303833008      -0.2309992164373398     85.78559875488281     2358.3662109375
444     -110.8743667602539      -2.547732830047607     95.71839904785156     2443.54150390625
445     -110.2820510864258      0.670300304889679     70.09279632568359     800.0764770507812
446     -110.2883758544922      5.466434955596924     85.60639953613281     1576.383911132812
447     -110.388557434082      -1.994633674621582     79.42399597167969     885.357421875
448     -110.4643096923828      -4.03330135345459     78.28479766845703     808.0113525390625
449     -110.6015625      10.5372314453125     74.03520202636719     2965.555908203125
450     -111.1980438232422      -1.05886697769165     79.47519683837891     4537.955078125
451     -110.3963775634766      0.8108330368995667     83.80160522460938     1013.193359375
452     -111.8632888793945      -0.6664990186691284     73.88159942626953     3122.4462890625
453     -110.6084442138672      -1.538166403770447     61.92639541625977     1538.908935546875
454     -110.3852615356445      -3.219900131225586     77.83679962158203     2554.434326171875
455     -110.6821670532227      -2.280566453933716     85.45280456542969     532.2380981445312
456     -110.871711730957      2.407666921615601     59.96799850463867     2814.97412109375
457     -109.9455108642578      -3.86160135269165     78.87359619140625     927.6548461914062
458     -110.8925552368164      -1.134600281715393     70.37439727783203     1226.307250976562
459     -110.2818374633789      2.322367668151855     75.76319885253906     385.3993835449219
460     -111.1699447631836      6.176201343536377     89.72799682617188     1862.612182617188
461     -110.586799621582      3.09343147277832     82.87999725341797     1066.194946289062
462     -110.5364074707031      1.445899844169617     79.94879913330078     623.5244750976562
463     -110.2436981201172      2.900765657424927     72.55039978027344     1984.1318359375
464     -111.2976989746094      1.521634697914124     74.06079864501953     3330.873779296875
465     -110.5327835083008      8.875063896179199     83.16159820556641     1133.740600585938
466     -109.937385559082      -3.938069105148315     71.73119354248047     1784.70703125
467     -110.3768463134766      1.137367010116577     75.00799560546875     1770.177490234375
468     -110.4068145751953      4.792900562286377     85.86240386962891     1710.131713867188
469     -110.3060455322266      3.338498830795288     86.32319641113281     978.32177734375
470     -110.0117416381836      5.278165340423584     105.7663955688477     1791.079833984375
471     -110.6930236816406      4.317665100097656     89.39519500732422     3145.476318359375
472     -110.4367980957031      2.886465787887573     74.47039794921875     1376.927368164062
473     -111.1007690429688      3.793967008590698     79.79519653320312     1857.802490234375
474     -112.2275161743164      0.2124329805374146     85.59359741210938     1801.24169921875
475     -110.6743469238281      -2.683633804321289     101.3631896972656     1258.244506835938
476     -111.1328887939453      1.771233677864075     88.88319396972656     896.076171875
477     -110.7148132324219      -4.988730907440186     89.95839691162109     458.8451232910156
478     -111.150764465332      -0.1505333185195923     75.91679382324219     1845.984741210938
479     -110.719970703125      -1.990668177604675     84.91519165039062     1748.321044921875
480     -110.5731964111328      -1.335500955581665     72.99839782714844     4025.6396484375
481     -110.5357131958008      7.660465717315674     82.93119812011719     960.2734985351562
482     -109.9687576293945      2.087100028991699     105.4079971313477     897.1868896484375
483     -110.2436218261719      4.557662963867188     70.04159545898438     1814.023315429688
484     -110.7987365722656      -2.721567392349243     71.21920013427734     636.328369140625
485     -110.8793487548828      -1.017233610153198     72.268798828125     2038.9541015625
486     -110.7524719238281      -3.482768774032593     60.39039993286133     1100.538330078125
487     -110.1786651611328      4.210432529449463     76.09599304199219     1777.916748046875
488     -110.7196578979492      0.5218703746795654     78.75839996337891     3305.581298828125
489     -110.2488021850586      0.6116660833358765     96.43519592285156     1202.14892578125
490     -110.2556533813477      -2.069467306137085     85.05599975585938     2533.913330078125
491     -110.5173110961914      -0.5274341702461243     86.10559844970703     979.6036987304688
492     -110.8656311035156      -1.693634152412415     96.84479522705078     1657.720947265625
493     -110.8074417114258      3.205801963806152     77.49119567871094     5304.8994140625
494     -110.9899826049805      -3.793434143066406     80.92160034179688     1075.290771484375
495     -109.8543395996094      -2.882266283035278     74.49599456787109     1315.084716796875
496     -110.5497360229492      5.066728115081787     92.50559234619141     1358.166748046875
497     -109.6117782592773      -0.707566499710083     72.14080047607422     985.2515869140625
498     -110.1989364624023      -4.24709939956665     91.57119750976562     1504.285888671875
499     -110.0481338500977      -1.981298565864563     86.69439697265625     2343.88037109375
500     -109.9451446533203      1.881134629249573     66.43199920654297     1584.020629882812
501     -110.5464630126953      2.213999271392822     93.36318969726562     1954.7060546875
502     -111.7593078613281      1.74353301525116     88.55039978027344     2907.359375
503     -110.5910339355469      1.102098345756531     90.12479400634766     2026.761352539062
504     -110.7782821655273      -0.8099319934844971     85.77280426025391     1414.027954101562
505     -110.9710922241211      -0.2183330357074738     78.65599822998047     1789.0751953125
506     -110.2368850708008      2.806699514389038     84.97920227050781     1304.574584960938
507     -110.8727798461914      -2.802031755447388     80.49919891357422     1124.109985351562
508     -110.5858917236328      -1.630935192108154     102.3616027832031     1174.0615234375
509     -110.9441833496094      -1.701099514961243     84.36479187011719     664.49853515625
510     -110.2808303833008      2.034666538238525     75.76319885253906     838.5775146484375
511     -110.1858520507812      4.080564975738525     80.99839782714844     2124.363037109375
512     -110.6917114257812      2.130699872970581     75.99359893798828     1293.521118164062
513     -110.9824905395508      5.768834114074707     83.85280609130859     898.973388671875
514     -110.1952896118164      5.537965297698975     70.61759948730469     709.6886596679688
515     -111.2847137451172      1.414667367935181     90.00959777832031     4202.44140625
516     -110.2948913574219      5.853103160858154     93.59359741210938     943.1566162109375
517     -111.1284255981445      -4.49673318862915     82.58559417724609     2558.9501953125
518     -110.800666809082      -6.544934272766113     79.11679840087891     914.8177490234375
519     -110.4530563354492      -4.380831718444824     74.00959777832031     2063.997314453125
520     -110.6823120117188      -3.638835430145264     88.51200103759766     4118.16015625
521     -111.136589050293      5.487501621246338     90.64959716796875     1518.795776367188
522     -110.6624145507812      4.139829635620117     84.18559265136719     1595.966430664062
523     -110.9765396118164      1.489466428756714     83.37919616699219     2930.630859375
524     -110.4434051513672      -3.310699701309204     75.07199859619141     2163.17041015625
525     -109.8225860595703      -1.39913272857666     75.16159820556641     569.5974731445312
526     -110.3566818237305      2.467434167861938     69.03040313720703     2143.725341796875
527     -110.8765335083008      4.765799045562744     98.13759613037109     6784.7451171875
528     -111.036018371582      -3.086432456970215     84.22399139404297     1839.03857421875
529     -110.862419128418      -1.405234336853027     73.91999816894531     1297.497924804688
530     -110.6367263793945      -0.6343331336975098     79.39839935302734     1702.787231445312
531     -110.4927215576172      4.542301654815674     87.34719848632812     1769.943237304688
532     -110.1332778930664      -3.080268144607544     73.93280029296875     2228.299560546875
533     -109.8958969116211      1.312430858612061     84.49280548095703     988.1624145507812
534     -110.0825119018555      -2.345501184463501     78.79679870605469     2126.858642578125
535     -110.3768463134766      -4.579864025115967     65.47200012207031     1626.527221679688
536     -110.7242279052734      -1.143701076507568     69.54239654541016     3173.65087890625
537     -112.2634658813477      2.196097373962402     81.48480224609375     3766.752197265625
538     -109.8801040649414      -4.6260666847229     80.0     2984.917236328125
539     -109.7401275634766      -3.602828979492188     74.76480102539062     1337.308715820312
540     -111.1595306396484      4.61220121383667     95.59040069580078     993.917236328125
541     -110.5350494384766      8.105066299438477     85.77280426025391     1392.17626953125
542     -111.4696273803711      -0.2041340619325638     68.00639343261719     2720.929443359375
543     -110.4721984863281      -9.639830589294434     73.77919769287109     954.249267578125
544     -111.0917587280273      -3.302935123443604     84.76160430908203     2195.175048828125
545     -110.1634368896484      7.089368343353271     73.62560272216797     2014.208740234375
546     -110.7214050292969      -3.227698087692261     77.54239654541016     1566.448608398438
547     -110.417350769043      0.2672323882579803     78.50239562988281     2007.8623046875
548     -110.4237976074219      2.811066865921021     77.79840087890625     1793.360961914062
549     -110.7508697509766      3.033666610717773     83.39199829101562     1143.253784179688
550     -110.7624282836914      1.683366656303406     72.94719696044922     1469.098754882812
551     -111.1066436767578      -1.675700664520264     94.60479736328125     1488.788696289062
552     -111.0191802978516      -4.135369300842285     88.23040008544922     2088.669921875
553     -110.7987670898438      -1.438367009162903     87.552001953125     1000.850158691406
554     -109.8671188354492      0.2628346085548401     81.79199981689453     1156.140991210938
555     -110.7683410644531      6.850006103515625     77.42720031738281     2133.858642578125
556     -110.4593353271484      -4.474299907684326     75.77599334716797     1859.024658203125
557     -110.4923858642578      0.3368330299854279     80.05119323730469     704.7086791992188
558     -109.7685546875      -4.259232044219971     96.89599609375     983.507080078125
559     -110.1855773925781      -7.374400615692139     86.46399688720703     1132.597534179688
560     -110.1439971923828      1.712166905403137     65.22879791259766     1529.765258789062
561     -110.8772735595703      0.3886662721633911     68.91519927978516     861.1865844726562
562     -110.671142578125      2.424166679382324     89.38240051269531     1036.059936523438
563     -111.456184387207      1.301133632659912     82.30399322509766     993.7279663085938
564     -111.1192932128906      2.349833488464355     98.09919738769531     2433.53173828125
565     -109.862663269043      0.5673007965087891     75.89119720458984     1093.426879882812
566     -110.2811889648438      2.163934707641602     79.76959991455078     2519.441162109375
567     -110.7648696899414      -4.922164440155029     68.36479949951172     1434.306274414062
568     -110.4944610595703      0.07486689835786819     67.40480041503906     818.0504760742188
569     -110.5494232177734      -2.610267400741577     72.31999969482422     1254.797241210938
570     -110.8133316040039      3.74886679649353     89.79199981689453     1920.479370117188
571     -111.0048217773438      5.539400100708008     78.47679901123047     2378.3779296875
572     -109.6005783081055      -6.251974105834961     69.52960205078125     1238.136840820312
573     -110.6018142700195      -4.569297790527344     70.80960083007812     1742.29296875
574     -110.6504592895508      -3.963534355163574     92.85120391845703     2162.950439453125
575     -110.438232421875      1.236599683761597     81.58719635009766     674.5630493164062
576     -110.7053680419922      -2.337066411972046     96.81919860839844     868.2642211914062
577     -110.3453826904297      -2.889932155609131     75.78879547119141     2433.3154296875
578     -110.3324890136719      0.4952332675457001     65.80480194091797     1367.997924804688
579     -110.6561431884766      1.297566413879395     74.04799652099609     3148.20556640625
580     -110.5576477050781      -0.4763665795326233     79.01439666748047     1038.22998046875
581     -109.9424057006836      4.391365528106689     94.14399719238281     933.0484619140625
582     -110.7903594970703      1.937200665473938     73.22879791259766     1035.3193359375
583     -110.4754333496094      1.357866525650024     83.63519287109375     1050.135009765625
584     -110.9029998779297      -1.413700103759766     82.84159851074219     2043.932373046875
585     -110.1707153320312      -2.637568473815918     80.716796875     857.3493041992188
586     -109.9343719482422      -3.408466100692749     85.77280426025391     1752.189697265625
587     -111.1972579956055      4.858697414398193     79.71839904785156     1110.698974609375
588     -110.5052261352539      5.424166679382324     80.25599670410156     1118.399291992188
589     -110.4439163208008      0.5690659880638123     87.84639739990234     5057.2734375
590     -110.3040542602539      7.389934062957764     77.18399810791016     2807.428955078125
591     -110.8843002319336      -0.9497002959251404     82.45759582519531     5054.9638671875
592     -110.8569107055664      2.199332475662231     102.5408020019531     686.7770385742188
593     -110.6324996948242      -2.310199499130249     73.98400115966797     1658.810791015625
594     -111.4804611206055      1.943866372108459     64.806396484375     1114.25732421875
595     -111.0373764038086      -7.67043399810791     71.18080139160156     1279.619995117188
596     -111.2674789428711      4.254130363464355     68.05759429931641     3157.405029296875
597     -110.1794738769531      -3.839767456054688     72.69119262695312     2288.776123046875
598     -111.4451293945312      3.598065137863159     73.79199981689453     1752.69580078125
599     -111.0847625732422      4.428099155426025     111.3855972290039     2560.53173828125
600     -111.1554565429688      2.442533016204834     95.07839965820312     1670.795776367188
601     -111.1362686157227      9.948502540588379     75.50719451904297     1324.549194335938
602     -110.1428146362305      9.020669937133789     95.23200225830078     874.3624877929688
603     -110.6843185424805      1.237133502960205     94.32319641113281     1905.7763671875
604     -110.6585464477539      5.385669708251953     82.61119842529297     860.265869140625
605     -110.5666427612305      1.258700132369995     69.68319702148438     722.816162109375
606     -110.4528503417969      0.040166225284338     86.83519744873047     1145.826416015625
607     -110.7085189819336      -0.1610669642686844     89.94559478759766     2105.5068359375
608     -110.200927734375      -4.324034214019775     79.94879913330078     2185.936767578125
609     -110.1593246459961      -0.3258997201919556     79.29599761962891     1436.682373046875
610     -111.0763092041016      3.279433250427246     75.55839538574219     2167.26416015625
611     -110.6009826660156      -2.621133089065552     79.39839935302734     889.60693359375
612     -110.7977828979492      -1.388632655143738     76.5823974609375     2090.577392578125
613     -110.3128814697266      4.998757839202881     81.24160003662109     3187.040283203125
614     -111.2093658447266      -6.744268894195557     61.27359771728516     1566.327392578125
615     -111.1387405395508      -5.020533084869385     65.97119903564453     861.0714111328125
616     -110.7370376586914      -4.046033382415771     75.54560089111328     2538.248779296875
617     -109.9797668457031      -0.751300036907196     85.65760040283203     819.1923217773438
618     -110.8124923706055      1.880732536315918     78.96319580078125     2367.340087890625
619     -110.2063064575195      1.663599133491516     79.69279479980469     1895.859252929688
620     -110.4418640136719      2.603335380554199     81.66400146484375     2396.61865234375
621     -110.0438537597656      3.922829627990723     105.6383972167969     584.147216796875
622     -110.3772735595703      2.880765914916992     70.16960144042969     1308.690551757812
623     -110.4655685424805      -1.743066310882568     88.02559661865234     2625.912109375
624     -110.373893737793      5.674898624420166     77.22239685058594     1064.380249023438
625     -110.2240295410156      2.534000396728516     109.6192016601562     2430.74072265625
626     -110.5686340332031      2.152337551116943     101.0047912597656     4003.03662109375
627     -110.2607116699219      -5.805166244506836     76.19839477539062     960.5641479492188
628     -110.1240921020508      -4.281599044799805     75.57119750976562     2543.116943359375
629     -110.6246871948242      -1.249431729316711     81.29280090332031     1456.569580078125
630     -110.7821197509766      -1.077033877372742     65.76639556884766     2605.269287109375
631     -110.8719024658203      -1.624332547187805     73.49759674072266     1351.90771484375
632     -110.5394058227539      -4.857002258300781     85.32479858398438     1388.0517578125
633     -110.3092575073242      7.306631088256836     77.24800109863281     1611.272338867188
634     -110.6040496826172      1.885569334030151     95.27040100097656     1807.762084960938
635     -110.4505004882812      3.091066837310791     81.80480194091797     3435.279052734375
636     -110.5950469970703      -2.064766645431519     84.60800170898438     1510.046752929688
637     -110.859260559082      -3.50236439704895     74.91839599609375     688.39892578125
638     -110.2265319824219      -0.5671003460884094     77.74720001220703     785.3201293945312
639     -110.6938095092773      2.952967882156372     94.29759979248047     2784.2666015625
640     -110.3925704956055      0.08983281254768372     69.68319702148438     1371.821899414062
641     -110.7700500488281      3.22736644744873     94.45120239257812     1054.1474609375
642     -110.413215637207      -0.3869000673294067     81.24160003662109     857.7114868164062
643     -110.5240936279297      6.798563003540039     76.64639282226562     1620.790771484375
644     -110.5182113647461      -1.075033664703369     94.33599853515625     2112.455078125
645     -111.3416137695312      -0.8400995135307312     100.9920043945312     2497.875732421875
646     -110.4814682006836      -1.681732892990112     89.94559478759766     981.0541381835938
647     -110.4572525024414      -1.154098987579346     77.65760040283203     1730.117309570312
648     -110.2135620117188      5.716066837310791     71.910400390625     1926.3779296875
649     -110.5446701049805      7.403832912445068     79.88479614257812     2250.0166015625
650     -110.7750015258789      -5.895202159881592     74.57279968261719     1077.3544921875
651     -110.7841873168945      -4.65416431427002     79.19359588623047     1172.428955078125
652     -110.6249008178711      -4.364968299865723     66.73919677734375     2150.625732421875
653     -110.4585952758789      3.110534429550171     86.43840026855469     1210.383666992188
654     -110.6721267700195      1.967700958251953     64.67839813232422     989.8981323242188
655     -110.4019622802734      2.311433076858521     87.30879974365234     1403.8984375
656     -110.7385177612305      -1.018633723258972     78.82239532470703     1994.504516601562
657     -110.597282409668      -7.855568408966064     84.03200531005859     1602.617553710938
658     -109.900276184082      1.067066788673401     84.99200439453125     1015.674011230469
659     -109.9184951782227      0.6160000562667847     85.95200347900391     947.2061767578125
660     -110.0593185424805      4.88766622543335     79.15519714355469     925.5386962890625
661     -110.6681518554688      3.500702142715454     82.00959777832031     992.0907592773438
662     -110.8913116455078      -0.5706003308296204     77.00479888916016     1949.80517578125
663     -110.7887725830078      -14.1505651473999     89.25439453125     1564.732055664062
664     -110.4882507324219      -9.326760292053223     77.09439849853516     1032.913696289062
665     -110.6923217773438      -5.522831439971924     76.71040344238281     1244.142944335938
666     -110.144172668457      -2.454667568206787     84.63359069824219     1469.51953125
667     -110.6405487060547      0.8222999572753906     66.57279968261719     2470.6455078125
668     -110.4343490600586      -5.989336013793945     73.06240081787109     1132.5634765625
669     -110.4647369384766      8.280599594116211     70.15679931640625     2105.285400390625
670     -110.2213439941406      2.748999834060669     66.11199951171875     1417.993286132812
671     -109.9787979125977      5.620768547058105     78.83519744873047     1635.037963867188
672     -110.1991577148438      -0.6947334408760071     64.627197265625     903.9517822265625
673     -110.6813278198242      -0.6950331330299377     82.09919738769531     696.882080078125
674     -111.0981140136719      -5.053767204284668     76.64639282226562     2098.3115234375
675     -110.0048065185547      -5.133631706237793     73.65119934082031     3482.3798828125
676     -110.8495712280273      -6.727163791656494     64.98560333251953     1496.972290039062
677     -110.0293273925781      -3.836232900619507     84.12160491943359     1464.213623046875
678     -111.0244064331055      1.119803905487061     60.55679702758789     3072.1357421875
679     -109.947883605957      7.433099269866943     71.28319549560547     3070.40087890625
680     -110.8565521240234      2.473235607147217     90.17599487304688     1824.606079101562
681     -110.4485321044922      -0.6339338421821594     78.38719940185547     1625.456909179688
682     -110.417854309082      -1.969965934753418     78.89920043945312     976.84375
683     -110.6251831054688      4.678862571716309     83.78879547119141     2246.7578125
684     -110.8678207397461      -4.410700798034668     67.13599395751953     3316.599609375
685     -111.0533905029297      2.525166273117065     79.00159454345703     789.8880615234375
686     -110.627685546875      2.202866315841675     83.26399230957031     1104.197509765625
687     -110.4719696044922      2.198766708374023     77.91359710693359     2271.503662109375
688     -111.0558853149414      6.52089786529541     85.45280456542969     1890.98046875
689     -109.9108428955078      0.2525337934494019     66.50879669189453     918.1929931640625
690     -110.3996124267578      5.300201416015625     73.53599548339844     885.4939575195312
691     -110.5873260498047      2.406798601150513     71.02719879150391     1302.379150390625
692     -110.3724060058594      4.919766902923584     97.15200042724609     857.92578125
693     -110.5726089477539      0.5935682654380798     96.40959930419922     1339.830444335938
694     -110.1161651611328      0.3979334235191345     87.65439605712891     675.3635864257812
695     -110.4285430908203      -3.030066728591919     80.21759796142578     3179.0576171875
696     -111.0945053100586      3.410666465759277     69.08159637451172     2988.690673828125
697     -110.4477081298828      2.233201742172241     76.53119659423828     1072.447631835938
698     -110.478401184082      5.1123366355896     83.71200561523438     1061.828002929688
699     -109.8430099487305      5.359564304351807     79.12960052490234     3143.04345703125
700     -111.0447235107422      5.352197647094727     89.15200042724609     3193.921630859375
701     -110.7340850830078      -1.447034120559692     65.76639556884766     1390.24853515625
702     -110.7921981811523      0.1269674748182297     78.78399658203125     2146.300048828125
703     -110.9163284301758      -0.5434999465942383     91.30239868164062     702.7919311523438
704     -110.7428207397461      -3.081400871276855     109.5424041748047     1870.8408203125
705     -110.762809753418      2.763233423233032     86.04160308837891     1680.324096679688
706     -111.9481964111328      8.440967559814453     85.92639923095703     812.573974609375
707     -111.5071563720703      -4.243000984191895     82.75199890136719     1222.271484375
708     -110.4112091064453      1.162099599838257     78.28479766845703     1332.4853515625
709     -110.089241027832      -1.062167048454285     78.19519805908203     1845.431274414062
710     -110.8031463623047      2.305967092514038     71.73119354248047     1540.822509765625
711     -110.5621948242188      5.628130435943604     90.48319244384766     2056.426025390625
712     -110.6184844970703      -1.74009907245636     71.89759826660156     1116.677368164062
713     -110.5778503417969      7.117236137390137     83.11039733886719     2606.42041015625
714     -110.5469741821289      13.0867280960083     61.11999893188477     930.33203125
715     -110.8838577270508      -1.924101829528809     87.80799865722656     2488.541748046875
716     -110.2287139892578      1.093366622924805     91.26399230957031     1568.95556640625
717     -110.6991958618164      2.630967140197754     81.89440155029297     994.730224609375
718     -110.0240249633789      2.650900840759277     77.99040222167969     1139.173706054688
719     -110.5331268310547      4.272300243377686     94.33599853515625     1214.685546875
720     -110.6723403930664      -9.947927474975586     112.6655960083008     1712.709838867188
721     -110.4022445678711      1.507999420166016     87.85919952392578     2361.44921875
722     -110.7969131469727      1.980032324790955     82.22719573974609     2304.9794921875
723     -110.573600769043      1.92943263053894     97.59999847412109     2008.487670898438
724     -110.1178512573242      1.359566330909729     75.59679412841797     2140.62109375
725     -110.375358581543      -0.9715998768806458     62.52799987792969     1495.437377929688
726     -110.7790145874023      -8.192202568054199     102.4255981445312     974.51025390625
727     -110.5111846923828      -1.686068534851074     85.87519836425781     2731.15478515625
728     -110.8555145263672      9.922100067138672     79.20639801025391     3923.522216796875
729     -110.5245513916016      5.517302989959717     87.50080108642578     1058.994506835938
730     -110.4881820678711      -2.209899187088013     79.15519714355469     3044.161865234375
731     -110.7052612304688      6.527997970581055     116.8768005371094     2261.116455078125
732     -110.3778305053711      -3.715401411056519     78.96319580078125     767.7781372070312
733     -110.481575012207      5.7962646484375     90.17599487304688     1402.73046875
734     -111.1576843261719      0.199564665555954     101.030403137207     5860.2744140625
735     -110.1975555419922      5.877102851867676     67.43039703369141     979.6343994140625
736     -110.695068359375      -5.339600086212158     84.05759429931641     1259.50244140625
737     -110.936882019043      -7.918601036071777     59.76319885253906     1727.125732421875
738     -110.3685836791992      0.1161667034029961     66.61119842529297     2807.61962890625
739     -110.9939956665039      -0.3544979989528656     74.86719512939453     3965.76318359375
740     -111.0207901000977      -1.867100954055786     81.75360107421875     2203.043701171875
741     -110.7051849365234      8.25970458984375     79.38559722900391     2168.054931640625
742     -110.2773208618164      2.117266178131104     98.96959686279297     1663.017944335938
743     -110.512580871582      2.509702444076538     88.81919860839844     2462.444580078125
744     -111.0183868408203      1.314200162887573     86.68160247802734     1490.78759765625
745     -111.4720230102539      2.626699209213257     96.95999908447266     2797.82666015625
746     -110.6359634399414      1.323501944541931     79.24479675292969     4719.60546875
747     -110.9907989501953      -4.916467189788818     74.79039764404297     1276.9658203125
748     -110.1412963867188      -1.643034696578979     84.03200531005859     828.2411499023438
749     -111.701057434082      4.893799781799316     79.07839965820312     3068.92529296875
750     -110.9585037231445      -1.790732979774475     89.343994140625     1385.597778320312
751     -110.5132064819336      2.254433155059814     88.48639678955078     1348.171997070312
752     -110.1857452392578      7.44320011138916     80.627197265625     2768.295654296875
753     -110.0936737060547      4.01349925994873     87.25759887695312     1672.639526367188
754     -110.8188934326172      -4.10399866104126     75.14879608154297     3898.81689453125
755     -110.3462677001953      0.3136009573936462     90.47039794921875     2770.20654296875
756     -110.7782974243164      3.391299486160278     86.86080169677734     1340.478393554688
757     -110.2282028198242      2.486634731292725     96.11519622802734     1262.373413085938
758     -111.696159362793      6.904001235961914     78.37439727783203     2274.921630859375
759     -110.454704284668      0.5459332466125488     77.61920166015625     862.5181274414062
760     -110.6299819946289      4.437366008758545     84.56960296630859     1279.190551757812
761     -110.3229370117188      0.2612658441066742     103.3471984863281     3420.716796875
762     -110.8687286376953      3.112533569335938     88.47359466552734     1589.759521484375
763     -110.8878784179688      1.847331881523132     70.50239562988281     1607.021850585938
764     -111.393310546875      4.183000564575195     76.74880218505859     4678.6923828125
765     -110.8786392211914      1.30859911441803     66.02239990234375     2222.8466796875
766     -109.8988265991211      -3.049363374710083     69.03040313720703     2777.19091796875
767     -110.7190170288086      -2.599900722503662     84.87680053710938     1839.020629882812
768     -110.5410079956055      0.1596661508083344     82.11199951171875     2021.63916015625
769     -111.2580947875977      3.605733633041382     81.27999877929688     1211.15380859375
770     -110.2542114257812      -3.653903007507324     74.41919708251953     2059.154541015625
771     -110.1408004760742      -4.062599658966064     73.59999847412109     871.8110961914062
772     -110.8832092285156      1.073635339736938     80.52480316162109     3619.987548828125
773     -110.8538970947266      -1.559599041938782     84.92800140380859     1662.311889648438
774     -110.7452697753906      -0.3263655006885529     104.9983978271484     1482.9560546875
775     -110.2874145507812      -6.276969432830811     67.43039703369141     1350.654663085938
776     -110.217155456543      6.92896842956543     91.49439239501953     2771.425537109375
777     -110.3165893554688      -3.202337741851807     86.38719940185547     2046.405883789062
778     -110.402702331543      2.960766553878784     84.72319030761719     1600.277465820312
779     -111.0167083740234      -4.033166885375977     107.7631912231445     4218.42919921875
780     -110.9794158935547      -5.543832778930664     88.19200134277344     1180.634643554688
781     -110.4936141967773      -1.993033409118652     91.75039672851562     1003.240539550781
782     -110.6851272583008      4.688066482543945     81.03679656982422     3658.414794921875
783     -110.8879776000977      3.318233013153076     83.04639434814453     1839.52294921875
784     -110.9602813720703      6.423966884613037     91.40479278564453     949.9224243164062
785     -110.6291198730469      -4.789701461791992     125.8496017456055     1826.110107421875
786     -111.1526107788086      1.28576648235321     88.07679748535156     936.4129638671875
787     -110.3498764038086      -1.359634757041931     75.18719482421875     1494.03515625
788     -110.3194732666016      1.331568479537964     67.94239807128906     1892.0615234375
789     -111.262580871582      -1.713966846466064     66.43199920654297     1383.537963867188
790     -110.5031509399414      -6.358200073242188     111.1167984008789     1474.009643554688
791     -110.5434265136719      0.07529909908771515     71.10399627685547     1175.212890625
792     -111.1936798095703      6.574029445648193     96.69120025634766     2797.04248046875
793     -111.103645324707      -2.887767553329468     88.85759735107422     517.8160400390625
794     -110.4208297729492      -2.494366645812988     76.90239715576172     1526.853149414062
795     -110.2665252685547      2.499099969863892     76.54399871826172     1733.30615234375
796     -111.7347259521484      0.8147650957107544     106.4575958251953     2186.938720703125
797     -111.1270294189453      3.693432807922363     102.8096008300781     2455.199462890625
798     -110.4018783569336      3.29106616973877     70.78399658203125     4234.158203125
799     -110.0724105834961      0.5905663967132568     93.20960235595703     1106.627685546875
800     -110.8742446899414      -0.9556334018707275     90.58559417724609     1885.1806640625
801     -110.7080993652344      -4.148664951324463     84.74880218505859     983.3778076171875
802     -110.3890533447266      -4.226333141326904     86.13120269775391     1718.1435546875
803     -111.1554260253906      -8.133297920227051     96.02559661865234     2062.095703125
804     -110.5471801757812      1.176602005958557     85.95200347900391     2442.429931640625
805     -111.2330551147461      -3.498631238937378     68.64639282226562     5027.64990234375
806     -110.515983581543      9.354940414428711     80.85759735107422     2334.369873046875
807     -110.6836929321289      2.519765853881836     102.1312026977539     851.5267333984375
808     -110.704345703125      5.777869701385498     81.90719604492188     2536.80908203125
809     -111.2087326049805      -4.448497295379639     86.84799957275391     906.5385131835938
810     -111.7726058959961      0.7957336902618408     102.9631958007812     1323.478881835938
811     -111.3454895019531      5.099133968353271     83.82719421386719     4795.85986328125
812     -110.7110366821289      -0.6798986792564392     66.00959777832031     1412.187866210938
813     -110.857063293457      -3.157532930374146     72.42239379882812     1975.782836914062
814     -110.2378845214844      -3.54403281211853     80.07679748535156     1664.203735351562
815     -110.8724517822266      -4.592898845672607     76.64639282226562     1732.250366210938
816     -110.8295669555664      0.8139984011650085     91.34079742431641     3019.98095703125
817     -110.6342010498047      -3.867097139358521     88.17919921875     2006.24853515625
818     -111.1025848388672      -3.857035636901855     79.53919982910156     1291.12646484375
819     -111.088005065918      6.095897674560547     88.66559600830078     1642.572998046875
820     -111.0701446533203      1.594399452209473     102.7712020874023     1483.561767578125
821     -110.6345825195312      -1.988633871078491     96.37120056152344     785.777099609375
822     -110.8029861450195      1.567667484283447     93.59359741210938     2091.796142578125
823     -109.8110046386719      -0.9420986771583557     79.09119415283203     901.7271118164062
824     -110.4715728759766      0.752866268157959     76.36479949951172     1902.775512695312
825     -110.770751953125      3.425199031829834     76.39040374755859     1559.189208984375
826     -110.6081771850586      -3.298097848892212     73.89440155029297     1905.99658203125
827     -110.1401748657227      1.372098565101624     87.80799865722656     2516.667724609375
828     -110.4221878051758      3.744501113891602     90.07359313964844     1581.959838867188
829     -110.5297470092773      -1.565199851989746     68.97920227050781     1104.528564453125
830     -110.599739074707      0.6005670428276062     63.36000061035156     1126.795654296875
831     -110.4758224487305      0.06183357164263725     94.00319671630859     1098.311645507812
832     -111.200927734375      7.18736457824707     78.14399719238281     2770.379638671875
833     -110.6594009399414      2.340100526809692     73.90719604492188     1508.892944335938
834     -111.7405548095703      0.7846308350563049     96.19200134277344     6575.35009765625
835     -110.0852355957031      -4.051064491271973     76.71040344238281     734.0921630859375
836     -111.7727279663086      2.935200452804565     107.2511978149414     1091.188354492188
837     -110.5722198486328      -2.263769388198853     100.5951919555664     2867.729736328125
838     -110.5641784667969      -0.8577667474746704     73.84320068359375     1736.46044921875
839     -111.8228302001953      2.17173433303833     80.74240112304688     1020.527954101562
840     -111.0045318603516      -2.296201705932617     76.77439880371094     2249.08544921875
841     -111.0597381591797      0.9580662250518799     69.88800048828125     1477.926513671875
842     -110.6407623291016      -0.8230335116386414     89.61280059814453     907.5437622070312
843     -110.175422668457      -2.114999771118164     96.17919921875     845.81787109375
844     -111.0306930541992      -8.145196914672852     84.50559234619141     1428.38330078125
845     -110.8511199951172      2.096733808517456     76.77439880371094     3001.2958984375
846     -111.2012023925781      0.7724999785423279     98.29119873046875     1794.177001953125
847     -111.1578598022461      5.050865650177002     89.90719604492188     1800.50830078125
848     -110.7822265625      -0.04023408517241478     90.87999725341797     2834.410888671875
849     -110.7708129882812      3.288866519927979     104.6527938842773     2184.1845703125
850     -110.1568145751953      -4.969233512878418     73.57440185546875     850.1964111328125
851     -110.1940155029297      0.97430020570755     74.34239959716797     1603.682495117188
852     -110.7419052124023      -3.222400426864624     85.22240447998047     3239.3876953125
853     -110.3492279052734      -0.9277995228767395     99.05919647216797     1408.61669921875
854     -110.3341522216797      0.7434329390525818     94.29759979248047     2258.806640625
855     -110.3338851928711      -5.817966938018799     73.62560272216797     1631.33349609375
856     -110.5333709716797      6.424799919128418     84.26240539550781     2067.700439453125
857     -110.4881057739258      -1.665532112121582     84.74880218505859     2716.265380859375
858     -110.7721710205078      -4.721065998077393     78.56639862060547     1442.170776367188
859     -110.9074401855469      4.185332775115967     84.46719360351562     3434.54052734375
860     -111.3867874145508      4.552802085876465     99.78879547119141     3667.461181640625
861     -110.1665725708008      -1.353666663169861     89.86879730224609     1365.28759765625
862     -111.1192016601562      -4.601334095001221     90.30399322509766     1614.95751953125
863     -110.4981994628906      8.136466026306152     63.11679840087891     2282.0126953125
864     -110.9445343017578      9.573768615722656     99.00799560546875     1982.446533203125
865     -110.8391799926758      -2.203166723251343     75.09759521484375     3300.52978515625
866     -109.5588989257812      -2.770999431610107     84.99200439453125     1815.79150390625
867     -110.4496078491211      -2.101832151412964     81.86879730224609     782.2531127929688
868     -110.8723831176758      0.6966004371643066     74.89279937744141     1265.9755859375
869     -111.2325897216797      -4.435332298278809     90.68799591064453     828.14794921875
870     -109.9443588256836      -1.099400043487549     81.44639587402344     1768.835205078125
871     -111.2255935668945      1.118966460227966     68.64639282226562     1133.279296875
872     -110.8895492553711      8.411595344543457     86.01599884033203     1219.27197265625
873     -110.8029403686523      -1.552865862846375     101.3120040893555     2265.583251953125
874     -110.7413635253906      3.486833810806274     80.48639678955078     1158.726196289062
875     -111.3126983642578      5.653900623321533     79.84639739990234     2270.55712890625
876     -110.2807846069336      9.148802757263184     104.1151962280273     1217.16455078125
877     -110.2322845458984      5.789797306060791     83.90399169921875     1613.017944335938
878     -110.8141326904297      5.151065826416016     75.58399963378906     2051.34814453125
879     -110.4304580688477      -2.086533308029175     73.25440216064453     3420.167724609375
880     -110.3739852905273      3.647433519363403     76.51840209960938     618.1419677734375
881     -111.1859436035156      -0.6842002272605896     85.26080322265625     1489.53271484375
882     -110.0446548461914      -2.626367807388306     76.60800170898438     1360.8974609375
883     -110.829345703125      4.680498123168945     81.26719665527344     1017.349975585938
884     -110.7224197387695      -2.789567232131958     70.04159545898438     1722.626220703125
885     -111.0599212646484      -1.462232828140259     92.68479156494141     4291.7392578125
886     -110.7050018310547      1.305765271186829     75.09759521484375     1961.051513671875
887     -111.3902359008789      -11.17753314971924     94.65599822998047     967.4509887695312
888     -110.1119995117188      1.542399883270264     79.09119415283203     1124.097290039062
889     -110.6742477416992      2.362100601196289     86.63040161132812     689.1328735351562
890     -110.6920013427734      -0.2127000689506531     99.00799560546875     1282.3583984375
891     -110.6185531616211      2.947167634963989     84.39040374755859     1398.208740234375
892     -110.2480392456055      1.821266174316406     66.04799652099609     1329.368286132812
893     -110.2475662231445      -1.809335470199585     90.35519409179688     1882.644165039062
894     -110.338493347168      1.37910008430481     109.6704025268555     2442.165283203125
895     -110.0426864624023      1.017099976539612     70.34880065917969     1771.495727539062
896     -110.5905303955078      2.265833377838135     79.41119384765625     1273.559326171875
897     -110.1445617675781      -3.182867527008057     75.45599365234375     2732.90966796875
898     -110.5221176147461      0.5356678366661072     64.716796875     2065.0537109375
899     -109.553596496582      3.876731872558594     92.78720092773438     2082.284912109375
900     -110.4725646972656      0.4381336867809296     64.52480316162109     1321.932983398438
901     -110.8637771606445      7.860634803771973     77.46559906005859     4346.494140625
902     -110.7782211303711      5.5256667137146     84.74880218505859     1161.88134765625
903     -110.9032974243164      1.008966684341431     103.3216018676758     1935.054565429688
904     -110.8621292114258      -1.45389997959137     72.92160034179688     899.0596923828125
905     -111.2063217163086      -2.178133010864258     81.98399353027344     1409.3544921875
906     -110.4862289428711      4.638331413269043     73.22879791259766     1331.295043945312
907     -109.6999588012695      -0.598332941532135     72.14080047607422     1076.123046875
908     -110.1914443969727      6.186968326568604     91.12319183349609     1339.206665039062
909     -110.6123657226562      2.458465814590454     91.90399169921875     880.750244140625
910     -110.6957321166992      -1.093433499336243     88.16639709472656     1537.300903320312
911     -111.7176742553711      -7.569934844970703     143.6543884277344     1486.544067382812
912     -111.3082733154297      9.259939193725586     74.79039764404297     1315.364868164062
913     -110.1577453613281      2.875933647155762     80.83200073242188     1575.455444335938
914     -110.4170913696289      1.373801112174988     83.78879547119141     3172.312255859375
915     -109.9769515991211      -4.401701927185059     73.19039916992188     772.2759399414062
916     -110.6615447998047      -7.202640533447266     87.39839935302734     4109.904296875
917     -111.0596008300781      -0.9210333824157715     82.36799621582031     2436.60107421875
918     -110.2479705810547      -2.592532634735107     104.0639953613281     818.2283325195312
919     -110.9622497558594      -7.102570056915283     76.00639343261719     2855.8759765625
920     -110.8679656982422      3.913665533065796     84.18559265136719     3056.813232421875
921     -110.1767120361328      -8.927937507629395     78.41279602050781     1951.244262695312
922     -110.0648803710938      -4.337467193603516     86.78399658203125     896.1557006835938
923     -110.1922836303711      0.8419334292411804     80.03839874267578     2632.715576171875
924     -110.6310729980469      0.7178982496261597     74.91839599609375     2166.656005859375
925     -109.8842697143555      0.1109667271375656     81.59999847412109     908.5546875
926     -110.221565246582      5.014366149902344     74.89279937744141     1329.745483398438
927     -110.6206512451172      9.915634155273438     74.02239990234375     1308.038940429688
928     -110.548828125      0.4925662577152252     66.44480133056641     3866.01220703125
929     -110.3406219482422      5.356564521789551     99.49439239501953     2353.04541015625
930     -110.3366622924805      -0.08726584166288376     69.79840087890625     1417.887329101562
931     -110.8174057006836      -6.396098136901855     116.9535903930664     6141.38623046875
932     -111.0043182373047      5.953900814056396     93.20960235595703     1757.010498046875
933     -111.398681640625      -0.6688330769538879     104.7424011230469     2640.664306640625
934     -111.2215347290039      2.943700790405273     86.75839996337891     900.7274780273438
935     -110.5466995239258      -2.232632875442505     109.8239974975586     1909.869262695312
936     -110.3827743530273      -4.653764247894287     76.1343994140625     2535.8330078125
937     -110.7242660522461      0.8006333112716675     68.62080383300781     607.66259765625
938     -110.9007797241211      -4.592530250549316     88.089599609375     624.5188598632812
939     -110.6596908569336      -3.852500677108765     102.0671997070312     1178.036254882812
940     -110.1459350585938      0.2972000539302826     75.64799499511719     330.6191711425781
941     -110.9608612060547      4.409865856170654     98.77759552001953     568.499267578125
942     -111.1825942993164      -1.333866238594055     79.70559692382812     2863.818359375
943     -110.7586441040039      2.817468643188477     85.44000244140625     3883.44384765625
944     -110.9676742553711      -2.203435182571411     103.6287994384766     5221.83740234375
945     -111.1449508666992      10.38995838165283     123.7631912231445     2080.177490234375
946     -110.4574203491211      -4.004533767700195     76.39040374755859     2476.83154296875
947     -110.5705795288086      1.786333560943604     62.61759948730469     2627.499267578125
948     -110.260009765625      3.439599275588989     59.35359954833984     1733.816284179688
949     -111.3964614868164      -3.880731821060181     98.86719512939453     4938.83203125
950     -111.3510818481445      7.995635509490967     111.7695999145508     1073.80322265625
951     -111.0940017700195      -0.5939000248908997     70.52799987792969     1604.990478515625
952     -110.7689743041992      5.790568351745605     77.00479888916016     1808.376586914062
953     -110.8401641845703      -5.036233901977539     86.51519775390625     3515.636474609375
954     -110.8430938720703      -0.2597329616546631     89.08799743652344     2168.43603515625
955     -110.9226379394531      -1.085635542869568     103.910400390625     1967.711669921875
956     -110.9295883178711      -2.200865983963013     73.71520233154297     887.6273193359375
957     -110.3907012939453      -1.909665584564209     62.97600173950195     887.6497802734375
958     -111.0486831665039      -0.7306000590324402     89.94559478759766     1757.621215820312
959     -110.4587097167969      -0.8117324709892273     80.03839874267578     919.4664306640625
960     -110.7961196899414      -10.33943367004395     78.46399688720703     1164.947021484375
961     -110.310173034668      0.3440010845661163     73.58719635009766     1649.559326171875
962     -111.3251724243164      0.02456606365740299     87.47519683837891     1390.6982421875
963     -110.1494827270508      2.207566499710083     62.5663948059082     1104.747314453125
964     -110.9068069458008      -6.920464992523193     79.98719787597656     887.1202392578125
965     -110.8938446044922      1.858799695968628     97.98399353027344     1026.538818359375
966     -110.0518646240234      0.979533314704895     64.76799774169922     1299.212524414062
967     -111.9216613769531      -4.238834381103516     128.3583984375     995.2783813476562
968     -110.0848541259766      -5.278402328491211     80.93440246582031     755.343505859375
969     -110.2749404907227      -0.4668677449226379     101.7343978881836     969.6365356445312
970     -110.2072448730469      -2.951066493988037     68.86399841308594     1307.27490234375
971     -110.9505844116211      9.112998008728027     85.58080291748047     1024.352294921875
972     -110.7790985107422      -2.320199489593506     75.50719451904297     2239.056640625
973     -110.9977111816406      -1.303801298141479     66.23999786376953     854.9468994140625
974     -110.5712814331055      -0.3722670376300812     95.59040069580078     1340.7236328125
975     -110.9631423950195      -4.733497142791748     102.0543975830078     1221.161499023438
976     -110.8616485595703      -2.905698537826538     105.3055953979492     752.5756225585938
977     -110.6350708007812      -2.642200231552124     64.716796875     762.8160400390625
978     -110.6732635498047      -5.772732734680176     78.23359680175781     2029.189697265625
979     -110.2890014648438      2.803432703018188     76.46719360351562     2508.3349609375
980     -110.9320907592773      1.263134956359863     82.61119842529297     2599.864501953125
981     -110.3244934082031      -2.859898328781128     81.57440185546875     1683.370727539062
982     -110.8131408691406      3.099831819534302     71.96159362792969     2081.651611328125
983     -110.5632019042969      -3.47653341293335     83.12319183349609     1772.647338867188
984     -110.739501953125      1.348032236099243     94.46399688720703     3844.092529296875
985     -110.6016311645508      6.811199188232422     81.61280059814453     2367.9990234375
986     -110.5872650146484      4.864700317382812     84.21120452880859     1019.631469726562
987     -109.9881744384766      2.980300903320312     88.79359436035156     836.9534912109375
988     -110.9543533325195      -8.541498184204102     89.42079925537109     2509.185791015625
989     -110.5003433227539      -2.447466850280762     109.747200012207     2522.87744140625
990     -110.5827407836914      5.764260292053223     81.86879730224609     1290.181640625
991     -110.3700561523438      -6.229537487030029     69.04319763183594     2439.77099609375
992     -109.952766418457      3.668233394622803     83.25119781494141     617.4814453125
993     -110.3527450561523      -6.953094482421875     73.79199981689453     3019.475830078125
994     -110.9111633300781      1.208600640296936     73.94560241699219     2440.630859375
995     -110.4757614135742      2.936400175094604     70.70719909667969     2113.001708984375
996     -110.6324996948242      4.717434883117676     73.84320068359375     2427.372314453125
997     -110.5222549438477      2.036766290664673     96.83200073242188     672.54052734375
998     -111.0824813842773      6.078101634979248     83.81439208984375     853.7266235351562
999     -110.1791229248047      -0.197933241724968     89.20319366455078     963.3651733398438
1000     -110.4217376708984      3.428699731826782     96.84479522705078     3286.9375
