# Simulazione modello di Ising 1D
# Mossa 	 Energia 	 Magnetizzazione 	 Calore specifico 	 Suscettività
1     -131.8148651123047      0.09743338823318481     53.6816291809082     274.4155578613281
2     -132.0899353027344      0.07618334889411926     50.75591659545898     419.0247802734375
3     -131.9599151611328      0.02438309602439404     48.11754989624023     345.0382080078125
4     -131.7771453857422      -0.4333667457103729     53.342041015625     349.4900817871094
5     -131.9913482666016      -0.087350033223629     49.86775207519531     361.070068359375
6     -132.0467071533203      -0.2443666309118271     52.11428070068359     275.4955139160156
7     -132.0338745117188      0.1009334400296211     50.54693984985352     337.9922790527344
8     -132.0431671142578      0.2187501937150955     46.31510162353516     313.7376098632812
9     -132.0260772705078      0.3886000514030457     52.29714202880859     368.91015625
10     -131.9236907958984      0.4603833854198456     48.11754989624023     317.8758850097656
11     -131.9453277587891      0.7584329843521118     48.3787727355957     308.8470764160156
12     -131.9899749755859      0.06648337095975876     51.87918472290039     347.0703125
13     -132.210205078125      -0.3993335366249084     51.20000076293945     372.9105224609375
14     -132.015625      0.2136666923761368     49.31918334960938     275.7207641601562
15     -132.2515869140625      0.816517174243927     52.47999954223633     415.3240356445312
16     -132.0297393798828      -0.1629499793052673     48.77061080932617     413.7327880859375
17     -132.2284240722656      -0.1097501963376999     50.93877410888672     326.9775695800781
18     -131.9796905517578      0.3056667745113373     49.73714447021484     397.3016662597656
19     -132.0042572021484      0.1679333746433258     50.93877410888672     328.4671936035156
20     -132.0239868164062      0.2293834239244461     43.83346557617188     305.2755737304688
21     -131.9632263183594      -0.8992001414299011     48.61387634277344     297.0906982421875
22     -132.2195739746094      -0.2132668048143387     47.28163146972656     305.7891540527344
23     -132.1075592041016      0.2502833306789398     49.89387512207031     319.896728515625
24     -132.1704864501953      0.2013165354728699     44.14693832397461     262.7953796386719
25     -132.1458282470703      0.1895666867494583     47.69958877563477     413.3163146972656
26     -132.2100982666016      0.08629996329545975     48.87510299682617     406.3803100585938
27     -132.0659790039062      -0.480549693107605     45.63591766357422     397.5188293457031
28     -131.9217224121094      -0.5085501670837402     49.63265228271484     493.4880065917969
29     -132.1050109863281      -0.417666882276535     47.64734268188477     306.5935668945312
30     -131.9934844970703      -0.245199978351593     54.09959030151367     441.3772277832031
31     -131.9734039306641      0.317116916179657     47.5689811706543     322.5980529785156
32     -132.0035400390625      0.09658339619636536     50.12897872924805     287.0925598144531
33     -132.0396728515625      0.1223665252327919     47.36000061035156     359.110595703125
34     -131.9705047607422      0.2655500769615173     50.96489715576172     302.4009704589844
35     -131.8245391845703      -0.02568330615758896     52.14040374755859     300.840087890625
36     -132.0437927246094      0.1833500117063522     48.4571418762207     294.2123107910156
37     -132.0900115966797      -0.3928666710853577     43.57224655151367     333.4405517578125
38     -131.896728515625      0.6745831966400146     52.34938430786133     396.4615173339844
39     -131.9370422363281      0.06458321958780289     46.83754730224609     319.9654541015625
40     -131.8710479736328      0.1259500682353973     47.67346572875977     311.6164245605469
41     -131.9150543212891      0.2258332669734955     53.7861213684082     271.9775695800781
42     -132.0863647460938      0.1385166794061661     45.37469100952148     382.6112365722656
43     -131.8794555664062      0.3532501459121704     46.00163269042969     342.7724609375
44     -132.0654754638672      0.5150998830795288     47.64734268188477     324.9237365722656
45     -132.0903778076172      0.1077333614230156     43.91183471679688     337.6785278320312
46     -132.0684509277344      0.07659994065761566     46.91591644287109     310.33642578125
47     -131.9929046630859      0.1562000960111618     43.36326599121094     307.3700256347656
48     -132.1495971679688      -0.3223167061805725     54.09959030151367     356.0955505371094
49     -131.8678894042969      -0.1883332580327988     53.7338752746582     303.7557373046875
50     -132.2052001953125      -0.2963169515132904     53.89060974121094     364.398193359375
51     -132.177734375      0.5356998443603516     45.50530624389648     318.7395629882812
52     -131.9899139404297      0.1707166135311127     49.55428695678711     319.2974243164062
53     -132.0946807861328      -0.3213334977626801     57.18204116821289     301.446044921875
54     -132.093505859375      -0.2311501652002335     52.8195915222168     341.2387084960938
55     -131.8641967773438      0.2302832752466202     48.61387634277344     272.9339599609375
56     -131.9935913085938      -0.2454165816307068     55.32734298706055     322.7463073730469
57     -131.9414215087891      0.3825001418590546     46.41958999633789     351.9273071289062
58     -131.9174957275391      -0.3614999651908875     49.60652923583984     323.5621948242188
59     -131.9318237304688      -0.3635001480579376     47.33387756347656     327.2596435546875
60     -131.9955596923828      0.2359663993120193     48.50938415527344     391.5439758300781
61     -132.0985565185547      0.1358833461999893     52.9240837097168     352.5242614746094
62     -132.1087036132812      0.3665334284305573     54.25632476806641     339.0968322753906
63     -131.9449462890625      -0.2899332940578461     45.42693710327148     313.3607177734375
64     -131.9225463867188      0.8329667448997498     53.13306045532227     281.9703979492188
65     -132.0779876708984      0.4364665150642395     48.95346832275391     321.6152648925781
66     -132.0525207519531      0.2095167487859726     51.72244644165039     308.2431335449219
67     -131.9951019287109      0.3348999321460724     48.22204208374023     432.0785522460938
68     -132.1423034667969      0.3699832558631897     52.71510314941406     319.5323791503906
69     -131.9240264892578      0.03230011090636253     47.72571182250977     309.2589111328125
70     -132.0797424316406      -0.1382000893354416     46.08000183105469     376.4396362304688
71     -132.0079956054688      0.1542167216539383     46.05387878417969     334.3187866210938
72     -132.0808410644531      0.3461167216300964     55.19673156738281     297.1172180175781
73     -131.9617462158203      0.4195331633090973     55.30122375488281     304.7323913574219
74     -131.8190460205078      0.05036674439907074     43.1281623840332     296.2483215332031
75     -132.0773010253906      -0.07019998878240585     47.12489700317383     428.6976623535156
76     -131.9473419189453      -0.5943836569786072     47.28163146972656     342.9154357910156
77     -132.0842437744141      -0.510949969291687     45.42693710327148     289.5237121582031
78     -132.1645812988281      0.117416687309742     53.94285583496094     314.9191589355469
79     -132.1092071533203      -0.3423832058906555     53.7599983215332     391.2843017578125
80     -132.0128173828125      -0.673266589641571     53.185302734375     316.9541320800781
81     -131.8851165771484      0.2149001657962799     42.73632431030273     290.0142517089844
82     -132.1020965576172      0.4936332702636719     47.72571182250977     371.4079284667969
83     -131.9678192138672      -0.3141833245754242     51.06938552856445     379.9793701171875
84     -132.0437469482422      -0.4124168157577515     52.8457145690918     364.3910522460938
85     -132.1003265380859      -0.001333323772996664     43.25877380371094     381.4946594238281
86     -131.9917907714844      0.2705334722995758     51.35673522949219     362.0826416015625
87     -131.9041748046875      -0.0377500019967556     48.4832649230957     355.3197937011719
88     -132.086181640625      -0.3648331761360168     52.03591918945312     376.7774658203125
89     -132.1880798339844      0.13148333132267     48.09142684936523     357.4173583984375
90     -131.9931030273438      0.1908664107322693     53.05469131469727     320.6636047363281
91     -132.1118774414062      -0.1561165899038315     48.0130615234375     352.3753051757812
92     -132.2378845214844      0.05203332379460335     49.24081420898438     282.8812561035156
93     -131.9394226074219      0.1902832984924316     47.12489700317383     347.2161865234375
94     -131.9935760498047      -0.6106166839599609     44.51264953613281     302.312744140625
95     -131.9142150878906      -0.2243832945823669     45.92326736450195     292.414306640625
96     -132.0232849121094      -0.1216498836874962     44.87836456298828     373.0497741699219
97     -131.8108673095703      -0.3765832185745239     52.21877288818359     310.6968994140625
98     -131.7372131347656      -0.3523166179656982     49.58040618896484     264.2934875488281
99     -131.9739379882812      -0.3544499278068542     48.4832649230957     328.3895568847656
100     -132.1098022460938      0.4073667526245117     49.31918334960938     331.0469665527344
101     -132.0422668457031      0.1485999226570129     52.06204223632812     271.668212890625
102     -132.0354919433594      0.03350001946091652     55.90204238891602     309.4345397949219
103     -132.2265625      -0.01356668025255203     49.16244506835938     422.9741821289062
104     -132.0892639160156      -0.3549332916736603     46.86367034912109     282.8333740234375
105     -132.1947479248047      -0.08736665546894073     50.75591659545898     337.9328002929688
106     -132.1279449462891      0.378983348608017     44.79999923706055     359.4067993164062
107     -131.8670196533203      -0.1241498067975044     50.99102020263672     308.9586791992188
108     -132.1590270996094      -0.3894836008548737     42.9714241027832     293.6993103027344
109     -132.0951538085938      -0.4702497720718384     54.46530151367188     303.3919677734375
110     -132.1270446777344      -0.08286670595407486     55.32734298706055     323.3314514160156
111     -132.1952514648438      0.0008000065572559834     48.50938415527344     344.5574645996094
112     -131.7027282714844      -0.1631332784891129     47.07265090942383     336.3100280761719
113     -131.9937133789062      0.3746167421340942     57.44326019287109     351.7230224609375
114     -132.1262054443359      -0.1263500154018402     48.16979598999023     302.4752197265625
115     -132.0810699462891      0.5175498723983765     51.12163162231445     319.2363586425781
116     -132.2127532958984      0.04164997115731239     51.64408111572266     350.5597229003906
117     -132.1144866943359      0.5377501845359802     50.23346710205078     408.3257751464844
118     -132.0870056152344      -0.298033207654953     46.41958999633789     390.6382141113281
119     -132.0928497314453      0.3466333746910095     50.46857070922852     321.4485473632812
120     -131.7011260986328      0.5600496530532837     50.78203964233398     323.030029296875
121     -132.0339965820312      -0.5672001838684082     57.46938323974609     424.4295654296875
122     -132.1402587890625      -0.01003355346620083     47.64734268188477     352.0290222167969
123     -132.1171722412109      -0.1749833226203918     47.5951042175293     321.686279296875
124     -131.9071807861328      0.2971664667129517     50.72979354858398     344.7914733886719
125     -131.9902496337891      -0.4209499061107635     43.80734252929688     272.9157104492188
126     -131.9621429443359      -0.1427168250083923     53.02856826782227     374.4496459960938
127     -132.0595245361328      0.337666779756546     44.82612228393555     346.4966735839844
128     -131.9741516113281      -0.6704668402671814     45.63591766357422     301.9488525390625
129     -131.8478698730469      -0.2910333871841431     49.97224426269531     252.3669738769531
130     -132.1871643066406      -0.9468502998352051     55.66693878173828     402.4838562011719
131     -132.1511077880859      -0.2441666275262833     54.09959030151367     285.1663208007812
132     -132.0118255615234      -0.2903498709201813     51.90530395507812     380.6505737304688
133     -132.0390472412109      0.1684334576129913     44.25142669677734     291.3804931640625
134     -131.7479248046875      0.3809331655502319     48.0130615234375     290.4208068847656
135     -132.160400390625      -0.1169833391904831     49.00571441650391     381.0990295410156
136     -131.8617248535156      -0.3325832784175873     51.51346588134766     359.3241271972656
137     -131.9883270263672      -0.9127835631370544     46.62857055664062     348.8209838867188
138     -131.8954162597656      0.09184997528791428     50.12897872924805     300.4678344726562
139     -132.0463714599609      0.2632999122142792     52.42775344848633     319.3477172851562
140     -131.9666748046875      -0.0882166400551796     53.94285583496094     343.6492919921875
141     -132.0021820068359      0.1904500126838684     42.86693954467773     358.6043090820312
142     -132.0661468505859      -0.1545166671276093     50.88652801513672     319.3213195800781
143     -132.2499694824219      -0.1388665735721588     53.289794921875     361.7942199707031
144     -132.1526336669922      -0.3836164772510529     49.58040618896484     342.8999633789062
145     -132.1190490722656      0.1297666430473328     43.96408081054688     340.5387878417969
146     -132.0035095214844      0.2414000928401947     48.74448776245117     334.3588562011719
147     -132.1072540283203      -0.723183274269104     51.25224685668945     409.3525695800781
148     -131.8665161132812      0.1058833301067352     55.43183517456055     331.6338806152344
149     -132.0611572265625      -0.696449875831604     48.0130615234375     362.8270263671875
150     -132.0464324951172      -0.001116611645556986     42.9714241027832     308.0245971679688
151     -131.8581237792969      0.1711499392986298     55.11836242675781     347.0185546875
152     -131.9559020996094      0.4111334681510925     44.95673370361328     332.8423461914062
153     -132.0746459960938      -0.4729500114917755     51.04326629638672     363.1569519042969
154     -131.8912658691406      0.6256831884384155     41.45632171630859     280.0307312011719
155     -131.8770446777344      -0.3807333111763     49.50204086303711     273.6981506347656
156     -132.1416625976562      0.3929666876792908     49.31918334960938     499.5783996582031
157     -132.0154418945312      -0.2066666632890701     49.21469116210938     365.3328247070312
158     -132.0677947998047      -0.0849166139960289     52.06204223632812     265.6171569824219
159     -131.9517211914062      0.1005998551845551     53.7338752746582     368.9506530761719
160     -132.0998077392578      -0.171683132648468     48.69224548339844     318.5949096679688
161     -132.1269378662109      -0.1705499291419983     46.47183609008789     344.4219970703125
162     -131.9610595703125      -0.3655003011226654     54.38694000244141     355.9071350097656
163     -132.2134552001953      -0.1816667169332504     50.57306289672852     322.9646911621094
164     -132.0379028320312      -0.04871656373143196     48.66612243652344     327.1081237792969
165     -131.8708190917969      0.710349977016449     50.25959014892578     370.3224182128906
166     -131.9993133544922      -0.2881999909877777     43.67673492431641     305.935302734375
167     -131.7783813476562      -0.5007832050323486     54.70040512084961     350.0526123046875
168     -131.7545471191406      0.6817992329597473     47.67346572875977     346.3299255371094
169     -132.2104949951172      0.6163504123687744     53.7077522277832     383.9756164550781
170     -131.9244079589844      -0.2917500734329224     53.7077522277832     320.8346557617188
171     -132.1052398681641      0.5115832090377808     53.57714462280273     340.5190734863281
172     -132.0960998535156      -0.1906333118677139     42.710205078125     350.023193359375
173     -132.1127624511719      -0.698966920375824     57.18204116821289     312.434814453125
174     -132.0586242675781      -0.01153335720300674     56.92081451416016     317.6317443847656
175     -132.2312164306641      0.01415000949054956     46.28897857666016     404.0714416503906
176     -132.1579132080078      0.08890001475811005     42.78857040405273     421.0091857910156
177     -132.0665893554688      -0.449316680431366     51.56571197509766     308.00048828125
178     -132.2067413330078      0.2080499827861786     46.62857055664062     295.2450561523438
179     -131.9657287597656      -0.05335014685988426     52.24489593505859     328.6029357910156
180     -132.1630096435547      -0.2131335288286209     50.33795928955078     355.033447265625
181     -132.0512084960938      -0.2950664162635803     52.55836486816406     365.0906982421875
182     -132.1959381103516      -0.2283335328102112     43.88571166992188     317.5599365234375
183     -131.9693298339844      0.1219999119639397     45.19183731079102     386.6248168945312
184     -132.0336151123047      0.1635333001613617     44.38204193115234     334.5726623535156
185     -131.8755798339844      -0.1021833866834641     46.44571304321289     311.7313232421875
186     -131.9308929443359      0.06981682032346725     50.93877410888672     446.9017944335938
187     -131.885009765625      -0.2091667950153351     49.91999816894531     309.6097412109375
188     -132.2402648925781      0.05981664732098579     53.91673278808594     381.9911804199219
189     -132.1775970458984      0.1405833214521408     44.79999923706055     319.4042663574219
190     -132.0518798828125      0.4202331900596619     49.97224426269531     337.2738952636719
191     -132.1360778808594      -0.4306166470050812     51.53958892822266     365.5747375488281
192     -131.9431610107422      0.2026334702968597     50.36408233642578     274.2552185058594
193     -132.0409698486328      0.04628331959247589     53.44652938842773     330.9607543945312
194     -131.9626922607422      0.6658167243003845     47.83020401000977     400.1038818359375
195     -131.9841461181641      -0.0230670589953661     48.95346832275391     313.271484375
196     -132.1162261962891      0.09958335757255554     55.17060852050781     408.4181213378906
197     -131.8383636474609      0.100566565990448     45.89714431762695     249.7221221923828
198     -132.0266571044922      -0.1921500563621521     47.5167350769043     293.5126953125
199     -131.9163513183594      -0.2389166057109833     51.74856948852539     283.8533020019531
200     -131.9376831054688      0.3095667064189911     53.10693740844727     272.5836181640625
201     -132.1439971923828      0.361466646194458     50.75591659545898     293.5206909179688
202     -131.9809722900391      0.6284169554710388     48.22204208374023     330.4881591796875
203     -132.1734008789062      0.1105999574065208     51.53958892822266     289.1182861328125
204     -131.9233703613281      -0.5637332201004028     48.09142684936523     300.9719848632812
205     -132.0920257568359      0.1741668283939362     49.65877532958984     372.1412353515625
206     -132.0866546630859      0.2482998967170715     50.05060958862305     328.840087890625
207     -131.9916076660156      -0.1159166991710663     48.4832649230957     385.1885070800781
208     -132.1021270751953      -0.2291666567325592     46.41958999633789     308.0483093261719
209     -131.9276580810547      -0.1677496731281281     43.49387741088867     307.3831481933594
210     -132.2112731933594      0.1560999751091003     54.04734420776367     295.649169921875
211     -131.9162902832031      -0.02183344215154648     50.67754745483398     315.0541076660156
212     -131.9518890380859      -0.1125332564115524     53.55102157592773     390.2663269042969
213     -132.1634521484375      -0.4582498967647552     52.8718376159668     316.011962890625
214     -132.009765625      -0.2195833921432495     57.99183654785156     310.8831481933594
215     -132.2042694091797      0.615266740322113     55.71918487548828     337.6622619628906
216     -131.9078369140625      0.01290005724877119     47.83020401000977     357.6129760742188
217     -132.1417541503906      -0.6341338157653809     45.32244491577148     321.014892578125
218     -132.0704956054688      0.3176165819168091     48.90122604370117     443.6364135742188
219     -132.0958557128906      0.1621501296758652     42.657958984375     330.1215515136719
220     -131.9765167236328      -0.2040166854858398     46.28897857666016     247.1409912109375
221     -131.9761962890625      0.1859501004219055     52.03591918945312     377.206787109375
222     -132.0269165039062      0.007866749539971352     47.02040481567383     351.3608093261719
223     -131.9938049316406      -0.6257173418998718     49.52816390991211     420.5614318847656
224     -132.0803833007812      -0.1128833219408989     53.02856826782227     299.9306945800781
225     -132.3281555175781      0.1735000014305115     48.3004035949707     291.6846008300781
226     -131.9006195068359      0.03896678611636162     45.84489822387695     363.5290222167969
227     -131.8268585205078      -0.02471666969358921     50.28571319580078     308.7122802734375
228     -131.8620147705078      -0.4011000692844391     50.46857070922852     350.6718444824219
229     -131.9281311035156      -0.3516500890254974     49.65877532958984     370.5973815917969
230     -132.0077972412109      -0.0907500684261322     48.06530380249023     372.9895324707031
231     -131.9198303222656      -0.1883666664361954     53.52489852905273     314.4478759765625
232     -132.2943115234375      0.1476667374372482     53.6816291809082     308.4869384765625
233     -132.0829162597656      0.07680000364780426     49.91999816894531     303.4920654296875
234     -131.9797515869141      0.2300833165645599     56.55510330200195     347.6214904785156
235     -132.1703338623047      0.3766666352748871     52.11428070068359     353.1489562988281
236     -132.0005493164062      -0.3782167136669159     50.72979354858398     334.3179016113281
237     -131.9464111328125      0.2091999500989914     48.06530380249023     266.2125854492188
238     -131.7781524658203      0.09566665440797806     42.1355094909668     345.1948547363281
239     -132.2201385498047      0.2586666941642761     51.74856948852539     389.3439025878906
240     -131.8848266601562      -0.595166802406311     41.87428665161133     377.2124938964844
241     -132.2001495361328      0.03321661427617073     52.27101898193359     257.6894836425781
242     -131.8125457763672      -0.219449982047081     52.03591918945312     302.1785583496094
243     -132.0819091796875      0.3819164335727692     47.4906120300293     328.1224975585938
244     -132.1205444335938      0.5724999904632568     46.49795913696289     295.7477416992188
245     -132.1436920166016      0.5667165517807007     47.07265090942383     420.6336975097656
246     -132.0012359619141      0.04578330367803574     49.89387512207031     332.5845336914062
247     -131.8855895996094      -0.1802167743444443     52.8718376159668     275.3905029296875
248     -131.9751892089844      0.7889500260353088     50.75591659545898     317.2141418457031
249     -132.0990600585938      -0.1182333827018738     46.68081665039062     329.0921020507812
250     -132.0427856445312      -0.1253500133752823     50.52081680297852     329.7344665527344
251     -131.95556640625      -0.0505833737552166     47.04652786254883     349.1288146972656
252     -131.9526519775391      -0.0640333965420723     46.70693969726562     375.8395385742188
253     -132.0022888183594      -0.5602333545684814     44.14693832397461     356.897216796875
254     -131.9011688232422      -0.1499499678611755     48.56163024902344     388.8663330078125
255     -132.2638702392578      0.3867501318454742     44.98285675048828     301.4389343261719
256     -131.8413543701172      -0.1886834651231766     48.97959136962891     360.7581176757812
257     -132.1156311035156      0.1258500069379807     52.68898010253906     265.0238342285156
258     -132.0451202392578      0.08088333904743195     51.72244644165039     358.129638671875
259     -131.8772888183594      0.2453999519348145     52.00979614257812     344.9691772460938
260     -131.9821929931641      0.1470832973718643     46.55020523071289     407.4723510742188
261     -132.0070343017578      0.1798667758703232     44.87836456298828     373.0747985839844
262     -132.1130065917969      0.07336673140525818     51.35673522949219     352.5993347167969
263     -131.9557800292969      -0.1719500571489334     46.18448638916016     340.2982482910156
264     -131.9778747558594      0.1936166137456894     49.16244506835938     357.6260986328125
265     -131.8966979980469      0.3366334140300751     47.04652786254883     370.9262390136719
266     -132.1522216796875      -0.2023166865110397     49.71102142333984     297.0249328613281
267     -132.0736694335938      0.0908166915178299     52.74122619628906     369.4093627929688
268     -132.1483764648438      0.1805499792098999     46.36734390258789     263.1605529785156
269     -132.0080108642578      0.1119832322001457     46.68081665039062     289.2153930664062
270     -131.8367309570312      0.2092831283807755     48.14367294311523     277.9846801757812
271     -132.0042572021484      0.4038501381874084     46.31510162353516     293.7080078125
272     -131.9260101318359      -0.1122333109378815     51.56571197509766     318.5831909179688
273     -132.0738067626953      -0.06011661142110825     53.3681640625     326.2403259277344
274     -132.0200805664062      0.252583384513855     50.72979354858398     316.8104858398438
275     -131.8211059570312      0.6305666565895081     45.58367156982422     358.9214172363281
276     -132.1012268066406      -0.1824834644794464     54.20408248901367     350.8316650390625
277     -132.0263214111328      0.1555498689413071     49.39754867553711     306.0862731933594
278     -131.8515014648438      -0.07921656966209412     55.27510070800781     298.6197204589844
279     -131.9493103027344      -0.3782500326633453     50.96489715576172     348.0463562011719
280     -131.9955444335938      0.2759500741958618     51.09550857543945     303.0008850097656
281     -132.0794372558594      -0.08786669373512268     49.39754867553711     341.5193481445312
282     -132.0031433105469      0.08616672456264496     46.75918579101562     315.8999633789062
283     -131.9988403320312      -0.01143331918865442     53.185302734375     408.6593627929688
284     -132.1362457275391      0.481499969959259     54.51754760742188     332.9117126464844
285     -131.8721771240234      -0.4902335405349731     48.63999938964844     244.0729827880859
286     -132.0585479736328      0.2917500734329224     43.59836578369141     442.8535461425781
287     -132.1140289306641      0.02626655250787735     43.28489685058594     368.8970947265625
288     -132.1104736328125      -0.1723666191101074     46.60244750976562     479.5814514160156
289     -132.1304931640625      -0.08703333139419556     45.53142547607422     376.5796203613281
290     -131.9552459716797      -0.07041671872138977     45.21796035766602     369.6640625
291     -132.0344085693359      -0.3925500512123108     47.69958877563477     287.7278747558594
292     -132.1111297607422      0.1303501576185226     44.51264953613281     299.7920227050781
293     -132.0185546875      -0.08266661316156387     56.42448806762695     315.6617431640625
294     -132.2212677001953      0.06855001300573349     44.87836456298828     373.8493347167969
295     -131.9464874267578      -0.2708834111690521     46.47183609008789     361.7552795410156
296     -132.151611328125      -0.5365501642227173     49.31918334960938     326.4822692871094
297     -131.8021850585938      0.09576661139726639     48.84897994995117     318.7245483398438
298     -131.9648590087891      -0.1515167057514191     50.25959014892578     309.9376220703125
299     -132.0608215332031      -0.2640000581741333     52.9502067565918     369.7463989257812
300     -131.9397735595703      0.3662333190441132     46.47183609008789     324.7188720703125
301     -132.1070861816406      0.1460667550563812     45.68816375732422     296.8350830078125
302     -132.061767578125      0.0488000214099884     43.1542854309082     350.5118103027344
303     -131.9592590332031      -0.09835000336170197     46.21060943603516     375.124755859375
304     -131.8217468261719      -0.3955667912960052     51.40898132324219     431.1591796875
305     -132.0397796630859      0.1651999652385712     46.47183609008789     378.1113586425781
306     -132.1001892089844      -0.1615666002035141     42.2661247253418     307.2994079589844
307     -131.8255920410156      -0.3370167911052704     51.30448913574219     397.8038940429688
308     -131.9409637451172      -0.2039666771888733     47.75183486938477     338.6336975097656
309     -132.0033111572266      0.260216623544693     47.25550842285156     318.0653991699219
310     -132.1573791503906      -0.2648831307888031     53.237548828125     421.2132568359375
311     -132.1771240234375      -0.1703333407640457     51.77469253540039     403.2839965820312
312     -132.2709350585938      0.1649499386548996     48.53550720214844     328.0157165527344
313     -131.9712982177734      -0.4156670272350311     53.7077522277832     415.9067077636719
314     -131.9638061523438      0.1460999846458435     50.15510177612305     291.2100219726562
315     -132.0911865234375      -0.2950666844844818     48.56163024902344     245.6971130371094
316     -131.9157562255859      -0.7921164631843567     52.06204223632812     315.4884643554688
317     -131.9781799316406      0.07030011713504791     49.39754867553711     367.8977355957031
318     -132.0441741943359      -0.7787494659423828     51.64408111572266     313.4156494140625
319     -132.07080078125      1.010550141334534     43.0497932434082     302.192626953125
320     -131.9621734619141      -0.1906499415636063     50.25959014892578     349.1199951171875
321     -132.1274871826172      0.2537332773208618     50.72979354858398     318.9096069335938
322     -132.0117492675781      -0.006950006354600191     48.66612243652344     377.0711669921875
323     -132.1822357177734      -0.477833479642868     49.31918334960938     330.2704772949219
324     -132.0098571777344      -0.4632999002933502     46.08000183105469     355.9937438964844
325     -132.1334686279297      -0.6127165555953979     51.74856948852539     268.9666137695312
326     -131.8212432861328      0.1421999484300613     47.5428581237793     392.8862609863281
327     -132.09814453125      -0.385700136423111     50.99102020263672     332.7580871582031
328     -131.9812164306641      0.09391660988330841     51.20000076293945     313.573974609375
329     -131.929443359375      0.2261331379413605     45.21796035766602     303.4382934570312
330     -131.8414001464844      -0.2612164914608002     44.66938400268555     352.2860412597656
331     -131.7990875244141      0.2889000177383423     47.20326614379883     347.4299621582031
332     -131.9507293701172      -0.02671663835644722     47.77795791625977     378.933349609375
333     -132.0226440429688      -0.1519498825073242     49.68489837646484     390.5893249511719
334     -132.0914001464844      -0.2331668436527252     43.25877380371094     339.0704345703125
335     -132.1572723388672      -0.4919169247150421     49.24081420898438     317.226318359375
336     -132.0046234130859      0.2657333612442017     49.21469116210938     320.614013671875
337     -132.0853729248047      0.09006674587726593     51.48734283447266     405.9188232421875
338     -132.0782928466797      -0.09343338012695312     45.81877517700195     397.0773010253906
339     -131.9679412841797      0.1496833264827728     46.62857055664062     335.013671875
340     -131.7486267089844      -0.04253342002630234     55.74530410766602     395.0867309570312
341     -131.9823608398438      -0.499533474445343     46.47183609008789     281.2245788574219
342     -132.1399536132812      0.3966669738292694     51.01714324951172     353.2388916015625
343     -132.050537109375      -0.5544498562812805     46.96816253662109     383.1159057617188
344     -132.123779296875      -0.6235835552215576     54.28244781494141     337.8768005371094
345     -132.0181121826172      0.2444498389959335     47.83020401000977     330.8385620117188
346     -132.0328369140625      0.2030999809503555     46.75918579101562     288.5773010253906
347     -132.1446075439453      -0.3279002010822296     49.76326751708984     383.555908203125
348     -131.9707641601562      0.06358339637517929     49.42367172241211     350.4913024902344
349     -131.8848571777344      0.3679333925247192     51.04326629638672     369.8009033203125
350     -131.9889373779297      -0.875966489315033     49.08408355712891     405.1217956542969
351     -131.9168243408203      -0.3479831218719482     49.18856811523438     320.6112060546875
352     -131.8595275878906      -0.310716450214386     50.25959014892578     348.7279663085938
353     -131.9991455078125      0.3650333285331726     49.37142562866211     265.6369018554688
354     -132.0797576904297      0.3759333491325378     47.83020401000977     322.3316650390625
355     -131.9837036132812      -0.1269665658473969     50.15510177612305     304.7239379882812
356     -131.8064727783203      -0.1779166013002396     47.4383659362793     314.5008544921875
357     -132.1250152587891      -0.06048330664634705     48.79673385620117     405.0733947753906
358     -131.9891967773438      -0.2198500484228134     50.93877410888672     371.4157409667969
359     -132.0647125244141      -0.0166833009570837     47.5689811706543     363.6828002929688
360     -132.0582427978516      -0.1582832783460617     53.6555061340332     297.1675109863281
361     -132.0875244140625      0.0959666520357132     47.5428581237793     312.8664245605469
362     -132.0244140625      -0.03928323462605476     50.02448654174805     398.6978759765625
363     -132.0933380126953      0.2123832553625107     49.00571441650391     289.7270812988281
364     -131.8187408447266      -0.2089333683252335     51.93142700195312     321.8609008789062
365     -132.0435028076172      0.3974000811576843     48.4310188293457     325.8869018554688
366     -132.1885681152344      -0.04708330705761909     47.4644889831543     290.0786437988281
367     -132.0616760253906      0.2937500178813934     50.54693984985352     412.5239562988281
368     -132.2906951904297      -0.4622668325901031     48.4310188293457     352.9997253417969
369     -132.0405426025391      -0.427100270986557     47.02040481567383     342.7383117675781
370     -131.9994201660156      0.2224831581115723     50.07673263549805     442.8576049804688
371     -131.8361053466797      -0.02353332564234734     50.49469375610352     301.9426879882812
372     -132.0217742919922      -0.2783332169055939     45.21796035766602     374.9477233886719
373     -132.0314636230469      0.08736654371023178     51.17387771606445     294.7439575195312
374     -132.0108795166016      0.3216332197189331     47.25550842285156     375.7572631835938
375     -132.1838226318359      0.4573665857315063     52.37550735473633     361.1637878417969
376     -132.0263214111328      -0.6443502306938171     56.13714218139648     431.1329040527344
377     -132.0602874755859      0.5314499735832214     52.61061096191406     308.2695617675781
378     -132.0063629150391      0.1436666250228882     49.97224426269531     384.3179016113281
379     -131.9930572509766      -0.0710500180721283     49.42367172241211     373.3210144042969
380     -132.1024169921875      0.0321333259344101     47.30775451660156     293.1575927734375
381     -132.2217712402344      -0.1626334935426712     51.61795806884766     367.7348022460938
382     -131.9599761962891      -0.1416666358709335     48.61387634277344     315.4306335449219
383     -132.0101623535156      0.2500999867916107     46.31510162353516     330.8340759277344
384     -131.9162139892578      -0.02501667663455009     50.41632461547852     364.2966003417969
385     -132.1111450195312      0.08781671524047852     46.57632446289062     323.6774291992188
386     -131.9024047851562      -0.6678663492202759     48.3004035949707     292.3591003417969
387     -132.037353515625      0.6905664801597595     45.29632186889648     336.9053955078125
388     -132.2412261962891      -0.2168499529361725     50.02448654174805     365.6573791503906
389     -132.0628662109375      0.2464500069618225     45.03510284423828     290.1175231933594
390     -132.0702667236328      -0.2865833044052124     47.25550842285156     314.8878784179688
391     -132.1676940917969      -0.07776650786399841     44.43428802490234     259.0144653320312
392     -132.1017608642578      0.2106665968894958     56.13714218139648     331.6775512695312
393     -131.8489379882812      -0.2188667058944702     49.65877532958984     408.2096557617188
394     -132.1573181152344      -0.1806999742984772     42.73632431030273     341.4376831054688
395     -131.9019775390625      -0.01646667905151844     46.75918579101562     372.7836303710938
396     -131.9270935058594      0.2601166665554047     49.21469116210938     294.927734375
397     -132.1438140869141      -0.3443167805671692     49.16244506835938     341.5944519042969
398     -131.9063262939453      0.352366715669632     50.57306289672852     383.6626892089844
399     -131.9351959228516      0.0007667326717637479     46.78530120849609     287.9918212890625
400     -132.0768280029297      -0.1263500452041626     42.81469345092773     405.7682800292969
401     -131.9081878662109      -0.3605999052524567     50.10285568237305     332.3538208007812
402     -131.9657897949219      0.386800080537796     50.12897872924805     335.4361572265625
403     -132.0913238525391      0.2033500224351883     53.57714462280273     268.1927795410156
404     -131.9966278076172      0.2744000554084778     48.74448776245117     363.1799926757812
405     -131.9006500244141      -0.5394828915596008     48.50938415527344     309.1340026855469
406     -131.8486480712891      0.2353832870721817     50.88652801513672     286.8270263671875
407     -132.1210021972656      -0.1739500015974045     46.10612487792969     432.6288146972656
408     -131.9913635253906      0.0148665988817811     47.17714309692383     354.8566284179688
409     -132.0624389648438      -0.08669997006654739     50.02448654174805     362.4367980957031
410     -132.1434631347656      0.2860333323478699     43.99020385742188     363.3041381835938
411     -132.0634613037109      -0.1810333132743835     49.21469116210938     310.7124328613281
412     -132.0079650878906      0.2151833474636078     52.50612258911133     275.7116088867188
413     -132.0150451660156      -0.2477168440818787     58.46203994750977     374.2911987304688
414     -131.9903259277344      0.7019167542457581     50.62530136108398     395.5448303222656
415     -132.0016021728516      0.07511658221483231     53.15918350219727     345.1510620117188
416     -131.8211364746094      -0.3018671870231628     49.52816390991211     332.9932861328125
417     -132.0884246826172      0.5335496664047241     48.3787727355957     364.9416809082031
418     -132.0337219238281      0.346883237361908     41.84816360473633     442.3179626464844
419     -131.9203491210938      0.3922832906246185     53.05469131469727     285.7200622558594
420     -132.2079315185547      0.1809666603803635     54.20408248901367     336.4399719238281
421     -132.0901794433594      0.1601499319076538     46.70693969726562     444.883544921875
422     -131.9828186035156      -0.8503332734107971     45.92326736450195     392.0884094238281
423     -131.8400726318359      -0.5090500712394714     49.29306030273438     315.3206787109375
424     -132.0506286621094      -0.778450071811676     49.34530258178711     425.0367431640625
425     -131.9966278076172      0.2183332890272141     50.39020538330078     285.7931518554688
426     -132.0332641601562      0.2296333760023117     43.99020385742188     260.3747863769531
427     -132.0781707763672      0.1533331871032715     50.02448654174805     359.1174621582031
428     -131.8606719970703      -0.02891673520207405     49.63265228271484     407.5323486328125
429     -131.9176025390625      -0.2868000268936157     51.85306167602539     363.7310485839844
430     -132.0300598144531      -0.009566440246999264     48.61387634277344     396.1685791015625
431     -131.8727264404297      0.4316333532333374     52.27101898193359     331.0199890136719
432     -131.9418640136719      -0.2071166634559631     49.81550598144531     350.7405395507812
433     -132.1539154052734      0.4699333608150482     45.34856796264648     331.9898071289062
434     -132.0955200195312      -0.665799617767334     42.57958984375     340.822509765625
435     -132.0015716552734      -0.1912668198347092     51.12163162231445     340.7293090820312
436     -132.1265716552734      0.1947999894618988     49.44979476928711     334.6497192382812
437     -132.0174713134766      0.05896651372313499     46.91591644287109     394.7129211425781
438     -132.1645965576172      -0.003616725094616413     50.57306289672852     316.5318908691406
439     -132.0041961669922      -0.1636166423559189     56.18938446044922     333.9816284179688
440     -131.9409332275391      -0.004900204017758369     53.05469131469727     366.0666809082031
441     -132.0885314941406      0.2399332374334335     51.51346588134766     389.7942199707031
442     -131.8917083740234      0.1355833411216736     56.03264999389648     334.8067932128906
443     -131.9730072021484      -0.1616999953985214     52.8979606628418     357.2078247070312
444     -131.9474334716797      0.8192499279975891     46.60244750976562     317.6392211914062
445     -131.9992523193359      -0.113233357667923     53.15918350219727     298.4817504882812
446     -131.9689788818359      -0.1614165455102921     45.08734512329102     352.5552368164062
447     -132.0818328857422      -0.2247667759656906     51.22612380981445     353.8228759765625
448     -131.9593811035156      -0.3601835370063782     46.55020523071289     465.5940246582031
449     -132.0192413330078      0.09361658990383148     63.73877334594727     290.2366943359375
450     -132.0506439208984      -0.2643166780471802     53.289794921875     391.2076416015625
451     -131.8271942138672      -0.09778317809104919     48.66612243652344     375.1286010742188
452     -132.2114868164062      -0.07808326184749603     56.08489608764648     433.2762145996094
453     -132.0911560058594      -0.1463999301195145     48.90122604370117     359.6567687988281
454     -131.9514923095703      0.1139833182096481     50.54693984985352     312.9031372070312
455     -132.2090148925781      0.3600334525108337     46.10612487792969     295.4689025878906
456     -131.8589172363281      0.2548169493675232     47.9869384765625     295.4194030761719
457     -132.0161743164062      0.2171501219272614     48.92734527587891     426.849609375
458     -132.0826721191406      -0.01139985118061304     51.61795806884766     429.2113647460938
459     -132.0497131347656      -0.5535666942596436     44.01632308959961     353.3558349609375
460     -132.0432739257812      0.08009991049766541     45.13959121704102     291.9743041992188
461     -131.9614868164062      -0.1049998849630356     50.10285568237305     314.1334838867188
462     -132.0599060058594      0.1584833562374115     46.39346694946289     333.1248168945312
463     -132.218994140625      -0.2468833029270172     49.00571441650391     316.2006530761719
464     -131.9738159179688      0.2560000419616699     45.13959121704102     380.0885620117188
465     -132.0588836669922      0.4764168262481689     42.31836318969727     368.3099975585938
466     -131.8686676025391      0.8576335906982422     50.80816268920898     304.295654296875
467     -132.1027679443359      -0.120733454823494     54.23020553588867     301.0735168457031
468     -132.1115570068359      -0.5750998854637146     55.27510070800781     290.2034912109375
469     -132.1535186767578      0.09066664427518845     49.52816390991211     281.2850646972656
470     -132.0993194580078      0.08615010976791382     46.60244750976562     364.3354797363281
471     -131.9686584472656      -0.493383377790451     53.89060974121094     386.9320068359375
472     -132.0292510986328      -0.2713333964347839     49.18856811523438     289.6663208007812
473     -131.9304656982422      -0.2684332132339478     50.18122482299805     375.3420715332031
474     -131.9043884277344      0.2252166569232941     44.30367279052734     333.5848083496094
475     -131.9429626464844      -0.3122833073139191     48.77061080932617     277.0863342285156
476     -131.8325958251953      -0.1130166351795197     50.96489715576172     316.991943359375
477     -131.9921112060547      -0.2093333452939987     56.58122634887695     491.240234375
478     -131.9927368164062      0.4544332921504974     50.78203964233398     321.9244079589844
479     -132.1610107421875      0.6839166283607483     49.16244506835938     337.9590759277344
480     -132.1374359130859      -0.3452333509922028     47.77795791625977     332.9640502929688
481     -131.9355621337891      -0.73956698179245     54.88326644897461     323.1349487304688
482     -131.9949035644531      0.2295831441879272     44.61714172363281     364.1880798339844
483     -132.1940765380859      0.1276334077119827     53.47265243530273     352.1465759277344
484     -132.0621185302734      -0.280599981546402     53.55102157592773     275.2755126953125
485     -132.0496520996094      0.177333265542984     46.68081665039062     275.9028930664062
486     -131.9771423339844      0.3080002069473267     49.81550598144531     312.747802734375
487     -131.9487457275391      0.08463332802057266     53.7077522277832     332.6138305664062
488     -132.0559234619141      -0.0004166224680375308     47.07265090942383     407.0916748046875
489     -131.9392700195312      -0.1076166853308678     48.97959136962891     335.5940551757812
490     -131.84326171875      -0.1332833766937256     48.4310188293457     290.7594604492188
491     -132.0918884277344      -0.02436674199998379     51.53958892822266     323.5411682128906
492     -132.0011138916016      0.3233667314052582     48.97959136962891     381.1520385742188
493     -131.9737548828125      -0.0368666760623455     50.86040496826172     303.7619018554688
494     -132.2086944580078      0.3549333512783051     52.74122619628906     307.4083251953125
495     -131.9553985595703      -0.5783999562263489     51.25224685668945     335.2430114746094
496     -132.0646820068359      -0.1182167083024979     44.98285675048828     318.7678833007812
497     -132.0067901611328      -0.1918835788965225     49.39754867553711     359.5252380371094
498     -131.9978637695312      -0.5531666874885559     50.65142440795898     324.37646484375
499     -131.9838256835938      0.5651502013206482     47.30775451660156     296.171142578125
500     -132.0495758056641      -0.4637165367603302     54.28244781494141     427.7197570800781
501     -132.2567596435547      -0.1168834492564201     46.68081665039062     331.8118896484375
502     -132.1023101806641      -0.487099826335907     50.31183624267578     318.5992126464844
503     -132.0959320068359      -0.1488500237464905     48.58775329589844     355.9523010253906
504     -131.8558654785156      -0.3092001378536224     46.39346694946289     306.3228454589844
505     -131.8379058837891      -0.1501667499542236     51.90530395507812     313.1140747070312
506     -132.0037231445312      -0.3375499248504639     56.26775360107422     294.948974609375
507     -131.8870849609375      -0.01046662125736475     51.38285827636719     327.6544799804688
508     -132.2108917236328      0.1368834525346756     46.36734390258789     412.2787475585938
509     -132.0901794433594      0.2725999355316162     54.04734420776367     405.3702087402344
510     -131.9543151855469      -1.091899752616882     52.61061096191406     312.9381103515625
511     -131.9535980224609      0.07438316196203232     48.4832649230957     358.4762573242188
512     -132.0923614501953      -0.07665009796619415     51.74856948852539     335.6591796875
513     -131.8662261962891      0.1483669877052307     55.04000091552734     420.1530456542969
514     -132.1268920898438      0.2870333790779114     50.99102020263672     385.1602783203125
515     -131.8535766601562      0.2971998751163483     45.45306015014648     395.1326293945312
516     -132.2674407958984      0.5359331369400024     47.28163146972656     344.0651245117188
517     -132.0663604736328      -0.5864333510398865     43.31101989746094     371.9565734863281
518     -132.0879058837891      0.219200000166893     52.50612258911133     440.7408447265625
519     -131.9162139892578      0.1024999618530273     45.00897979736328     359.6675109863281
520     -131.9559478759766      -0.2194331735372543     48.4048957824707     379.613525390625
521     -131.9108734130859      -0.3366833031177521     49.65877532958984     251.1989593505859
522     -132.1272583007812      -0.1962165236473083     58.48816299438477     317.2889709472656
523     -131.8884429931641      -0.2202666252851486     47.5428581237793     301.9737854003906
524     -131.9838256835938      0.522849977016449     51.98367309570312     370.4382019042969
525     -132.1926727294922      -0.2789334356784821     46.75918579101562     334.485107421875
526     -132.12060546875      0.4422999620437622     56.08489608764648     280.0553588867188
527     -131.9596252441406      0.162600189447403     46.91591644287109     320.1514587402344
528     -132.1690521240234      0.3679165244102478     52.71510314941406     275.0959167480469
529     -132.0755615234375      -0.1890666037797928     47.07265090942383     323.5480041503906
530     -131.911376953125      0.2740333378314972     49.86775207519531     359.1029968261719
531     -131.9724578857422      -0.3110330700874329     52.97632217407227     367.9766540527344
532     -132.1238861083984      -0.3619500398635864     53.7338752746582     325.9811706542969
533     -132.0149078369141      0.6210666298866272     52.97632217407227     413.7279663085938
534     -131.8561553955078      -0.7392666339874268     47.83020401000977     306.4634704589844
535     -131.8852081298828      0.5521498322486877     43.36326599121094     216.7220764160156
536     -131.9496459960938      -0.1983834207057953     50.20734405517578     355.6296081542969
537     -132.0655212402344      -0.0744834840297699     54.07346725463867     316.5953369140625
538     -131.9875793457031      -0.07538333535194397     50.88652801513672     290.5654907226562
539     -132.1461181640625      0.3040497899055481     46.13224792480469     352.0848083496094
540     -132.1960601806641      -0.5824168920516968     50.96489715576172     431.6982421875
541     -132.1092224121094      0.4894331693649292     46.60244750976562     379.9964599609375
542     -132.0246124267578      -0.7054167985916138     49.05796051025391     359.1222229003906
543     -131.9656219482422      -0.2219498604536057     47.9346923828125     301.6853942871094
544     -131.9505615234375      -0.1493000537157059     47.72571182250977     384.0972900390625
545     -132.0876007080078      -0.3422335684299469     45.34856796264648     313.7855529785156
546     -131.9764556884766      -0.109533354640007     43.59836578369141     360.0171203613281
547     -131.9850616455078      -0.1545832008123398     44.56489562988281     299.0105285644531
548     -131.9707183837891      0.03143332898616791     49.31918334960938     324.5156555175781
549     -131.82666015625      0.3655666708946228     52.47999954223633     320.6054382324219
550     -131.9461975097656      0.07129993289709091     50.05060958862305     384.5333862304688
551     -131.9352111816406      -0.650866687297821     48.74448776245117     304.6463317871094
552     -131.9210510253906      0.2818999290466309     53.94285583496094     357.9208984375
553     -131.9048004150391      -0.2794999480247498     48.4048957824707     387.3891906738281
554     -132.0858917236328      0.284183144569397     54.93550872802734     366.3810424804688
555     -131.9906005859375      0.1274999678134918     46.18448638916016     311.3689575195312
556     -132.0117034912109      -0.3946833908557892     49.13632202148438     323.8272399902344
557     -131.9336395263672      -0.2737999856472015     49.63265228271484     350.5665283203125
558     -132.1077880859375      -0.2537499964237213     43.54612350463867     426.2116394042969
559     -131.8933258056641      0.2588667869567871     50.52081680297852     330.4622192382812
560     -132.0908813476562      -0.07058316469192505     44.85224533081055     369.7101440429688
561     -132.1156921386719      -0.3488666415214539     57.62612152099609     331.5109252929688
562     -131.9938812255859      -0.2342334538698196     51.87918472290039     354.2225036621094
563     -131.9146118164062      0.2086166590452194     50.72979354858398     299.4366455078125
564     -131.9166870117188      -0.22161665558815     55.90204238891602     290.877197265625
565     -132.0926971435547      -0.01816665939986706     43.25877380371094     321.7933654785156
566     -132.0282287597656      0.5060334205627441     48.61387634277344     386.0102844238281
567     -131.9895477294922      -0.1763663440942764     51.90530395507812     370.6263732910156
568     -132.0658416748047      0.5694668889045715     51.04326629638672     391.8189392089844
569     -131.9939575195312      0.412749856710434     54.88326644897461     303.7628479003906
570     -131.9052581787109      0.4731668531894684     51.40898132324219     300.5919189453125
571     -131.9453735351562      -0.01203324552625418     53.263671875     306.2909851074219
572     -131.8828125      0.2939001321792603     48.53550720214844     312.6513366699219
573     -132.2018737792969      -0.2198999971151352     49.60652923583984     246.1673889160156
574     -132.1733245849609      0.8235005140304565     49.39754867553711     386.7553100585938
575     -131.9525451660156      0.297233372926712     57.73060989379883     306.3758850097656
576     -131.9995880126953      -0.2518000304698944     42.34448623657227     423.2523498535156
577     -131.8499450683594      0.9077165722846985     46.05387878417969     340.4642944335938
578     -132.0841522216797      0.2681499719619751     47.28163146972656     424.6770629882812
579     -131.9874114990234      0.1547167748212814     49.71102142333984     376.5726623535156
580     -132.0317077636719      0.2151497006416321     44.04244613647461     324.0594482421875
581     -132.1048126220703      -0.204733282327652     50.46857070922852     281.2646789550781
582     -132.0222930908203      -0.3374999761581421     53.83836364746094     388.0749206542969
583     -132.0012969970703      -0.41363325715065     45.66204071044922     339.4357299804688
584     -131.8086395263672      1.194616675376892     46.44571304321289     353.1496887207031
585     -132.0955505371094      0.4518834054470062     43.88571166992188     304.7804870605469
586     -132.1039886474609      -0.1096333190798759     47.5689811706543     340.2923889160156
587     -132.0605621337891      -0.1199162602424622     47.9085693359375     401.8035583496094
588     -131.8907165527344      0.227149710059166     45.13959121704102     297.0460815429688
589     -131.9083709716797      0.1622666120529175     43.44163131713867     369.2533569335938
590     -132.0975341796875      -0.4329332709312439     53.89060974121094     314.2450866699219
591     -132.0158996582031      -0.1392832547426224     52.14040374755859     336.9940490722656
592     -132.0549468994141      -0.4246164262294769     45.19183731079102     359.0191345214844
593     -132.0043487548828      -0.01951667852699757     48.24816513061523     432.5665283203125
594     -131.9452819824219      -0.4233501851558685     51.59183502197266     355.4061584472656
595     -132.0568389892578      0.0878666490316391     51.72244644165039     293.8304748535156
596     -132.1387786865234      0.1666499674320221     46.02775573730469     342.5744934082031
597     -132.1157989501953      -0.1648001074790955     45.11346817016602     373.4062805175781
598     -132.1216888427734      0.4858165085315704     50.36408233642578     370.7435607910156
599     -132.0421295166016      0.3330833315849304     51.04326629638672     390.5420227050781
600     -131.9160308837891      0.141449972987175     52.7673454284668     308.1925964355469
601     -132.2333831787109      -0.4928834438323975     48.06530380249023     290.1342468261719
602     -132.0990905761719      -0.01764998026192188     48.06530380249023     370.3006896972656
603     -131.9911193847656      -0.2639167308807373     48.77061080932617     361.2424926757812
604     -132.1236724853516      -0.3184833824634552     49.89387512207031     314.8164978027344
605     -132.1715698242188      -0.07095026224851608     51.98367309570312     333.2187805175781
606     -132.2467803955078      0.08774988353252411     40.35918045043945     301.0503234863281
607     -131.8049468994141      -0.3351501226425171     51.69632339477539     319.8595886230469
608     -132.1043395996094      0.3226166069507599     50.88652801513672     396.3528137207031
609     -131.9959869384766      -0.4328833818435669     50.78203964233398     333.296630859375
610     -132.197021484375      0.04298331588506699     45.47918319702148     395.8085632324219
611     -131.8670349121094      -0.023233313113451     57.12979507446289     314.8383483886719
612     -131.8485260009766      0.1523332297801971     46.28897857666016     271.7236633300781
613     -131.9157104492188      0.04721680283546448     48.3526496887207     295.213623046875
614     -131.9158935546875      0.3785501420497894     52.9240837097168     367.3140869140625
615     -132.0818481445312      0.05878324061632156     46.94203948974609     267.8892517089844
616     -132.0518646240234      -0.18461674451828     44.27754974365234     384.6930541992188
617     -132.0912170410156      -0.1552334725856781     44.17306137084961     293.3513488769531
618     -132.0341949462891      0.3067999482154846     45.11346817016602     318.6017150878906
619     -132.1510772705078      -0.3059664964675903     58.85387802124023     373.099365234375
620     -131.9692993164062      0.5188337564468384     51.33061218261719     366.2254638671875
621     -132.1125183105469      0.04794980958104134     48.11754989624023     418.7105712890625
622     -131.885986328125      -0.1514000296592712     49.03183746337891     356.7763366699219
623     -132.1601409912109      -0.2004665583372116     45.45306015014648     350.2279663085938
624     -131.8914184570312      -0.008899924345314503     47.04652786254883     302.7444152832031
625     -131.9388732910156      -0.5312663912773132     48.71836471557617     371.9915161132812
626     -132.0309143066406      0.09958338737487793     49.63265228271484     461.7277221679688
627     -132.1432342529297      0.3350500166416168     51.98367309570312     514.5663452148438
628     -132.0854034423828      0.5336999297142029     54.28244781494141     313.5659790039062
629     -132.1505126953125      -0.472283273935318     48.14367294311523     417.1148376464844
630     -132.1467437744141      0.574733555316925     55.06612396240234     413.3580322265625
631     -132.1520538330078      -0.1349667012691498     51.77469253540039     323.5736389160156
632     -132.1528472900391      -0.3706666529178619     49.97224426269531     314.1067504882812
633     -131.9266357421875      -0.3543167114257812     47.5167350769043     288.1172790527344
634     -131.9943084716797      -0.1066833287477493     47.4906120300293     324.9244689941406
635     -131.99560546875      0.01261661760509014     46.83754730224609     315.7745971679688
636     -132.0968780517578      -0.04576664417982101     48.74448776245117     282.9080200195312
637     -132.0339660644531      0.04518328979611397     50.49469375610352     309.8562622070312
638     -132.1200561523438      -0.4158667325973511     43.1542854309082     337.3899230957031
639     -132.1047821044922      -0.04785005003213882     49.71102142333984     357.7808532714844
640     -132.1231231689453      -0.09325004369020462     53.3681640625     378.2038269042969
641     -132.0023651123047      -0.09416654706001282     48.92734527587891     333.0151672363281
642     -131.9172210693359      -0.7747002243995667     47.83020401000977     351.6966552734375
643     -132.0392303466797      0.4961000680923462     56.60734558105469     276.1850280761719
644     -132.1224822998047      0.4322003126144409     47.75183486938477     271.3734130859375
645     -131.8553924560547      0.4240497946739197     49.68489837646484     386.8673706054688
646     -132.0564880371094      0.02684994041919708     41.50856781005859     328.1137390136719
647     -131.9272613525391      -0.3117500245571136     47.69958877563477     353.6069641113281
648     -131.9857940673828      0.1375832110643387     44.19918441772461     334.1108093261719
649     -132.0028686523438      0.07539988309144974     52.58448791503906     381.3059387207031
650     -131.8528747558594      0.3310167193412781     54.23020553588867     259.4496154785156
651     -132.0247497558594      0.3117334246635437     51.46122741699219     277.7328796386719
652     -132.169921875      0.5309165716171265     53.39428329467773     373.2924194335938
653     -131.8145751953125      -0.2121501415967941     48.27428817749023     304.6670837402344
654     -131.9307861328125      -0.1188834011554718     51.38285827636719     469.2262878417969
655     -132.1605834960938      0.326399952173233     44.98285675048828     267.0605773925781
656     -132.0307464599609      -0.03583334386348724     48.19591903686523     354.3045959472656
657     -131.8870697021484      0.6777499318122864     51.95755004882812     321.8726196289062
658     -132.0292053222656      -0.2216500043869019     48.4310188293457     278.8646240234375
659     -131.9347839355469      -0.4023997783660889     46.02775573730469     284.806884765625
660     -132.1229400634766      0.004783276468515396     48.4571418762207     371.9757385253906
661     -132.098876953125      0.02546669542789459     49.44979476928711     362.6611022949219
662     -132.0436553955078      0.6013667583465576     50.80816268920898     340.6180419921875
663     -132.0518493652344      -0.04873346164822578     56.47673416137695     355.9183959960938
664     -131.9685821533203      -0.05738339945673943     48.24816513061523     298.9781188964844
665     -131.8217163085938      -0.01519991829991341     44.22530746459961     405.815185546875
666     -132.1328735351562      -0.2000666409730911     46.13224792480469     296.3895568847656
667     -132.1861572265625      -0.1248666942119598     44.19918441772461     343.3121337890625
668     -131.9873962402344      -0.4253832697868347     48.84897994995117     479.8992309570312
669     -132.0099945068359      -0.1789499670267105     49.29306030273438     354.7316284179688
670     -132.1126098632812      -0.1241667196154594     56.60734558105469     371.1049194335938
671     -132.2370452880859      0.7242499589920044     54.28244781494141     260.5448913574219
672     -132.0044250488281      -0.4015331566333771     52.9240837097168     295.3643493652344
673     -132.1451568603516      -0.04436664283275604     45.06122589111328     393.4651489257812
674     -132.1780548095703      0.1775167882442474     46.96816253662109     386.5294799804688
675     -131.9535522460938      -0.3255165219306946     49.39754867553711     326.6419677734375
676     -132.0984344482422      -0.1796332597732544     52.00979614257812     336.1803894042969
677     -132.0589904785156      0.1339997798204422     50.41632461547852     331.0440673828125
678     -131.9054718017578      0.0388333834707737     54.04734420776367     287.3194580078125
679     -131.9428405761719      -0.05851667374372482     43.44163131713867     302.6459655761719
680     -131.9468688964844      0.1481999754905701     44.87836456298828     352.2875671386719
681     -132.0346984863281      0.5933169722557068     49.08408355712891     278.491455078125
682     -131.8518981933594      0.1514499634504318     53.15918350219727     375.1604614257812
683     -131.8945922851562      -0.2085165977478027     48.4571418762207     339.9223022460938
684     -132.0687255859375      0.6790667772293091     50.23346710205078     300.7442626953125
685     -132.0036773681641      -0.2908335626125336     48.95346832275391     320.9403991699219
686     -132.0567932128906      0.08553344756364822     50.39020538330078     372.2960815429688
687     -131.9052429199219      0.3765834867954254     42.94530868530273     374.4386596679688
688     -132.1286773681641      0.2822999060153961     51.17387771606445     421.7784423828125
689     -131.9936218261719      -0.05921661481261253     47.9869384765625     330.9626159667969
690     -131.9359130859375      0.1424666196107864     53.42040634155273     274.1167602539062
691     -131.99462890625      0.7014162540435791     51.61795806884766     377.6085205078125
692     -132.1204528808594      -0.01216679904609919     46.70693969726562     308.2283935546875
693     -131.9192657470703      0.2583331167697906     49.08408355712891     292.7110595703125
694     -132.2084350585938      -0.2225833386182785     51.01714324951172     388.8169555664062
695     -132.0634002685547      0.5377669334411621     51.64408111572266     307.8455810546875
696     -131.9605102539062      0.4420334100723267     48.77061080932617     230.7700805664062
697     -132.0396728515625      -0.2610999345779419     53.13306045532227     328.5343627929688
698     -131.8979949951172      0.0247332900762558     47.67346572875977     322.4435424804688
699     -132.0026550292969      -0.04846669733524323     54.59591674804688     356.4422607421875
700     -132.0151214599609      -0.57399982213974     46.31510162353516     348.7408447265625
701     -132.2779388427734      -0.3833000957965851     50.65142440795898     362.6730346679688
702     -132.1502532958984      -0.3160834014415741     51.01714324951172     337.7210083007812
703     -132.1074829101562      -0.1456499993801117     47.9608154296875     389.9833068847656
704     -132.3527221679688      -0.2333332300186157     48.58775329589844     460.7237243652344
705     -132.0155792236328      0.03595003113150597     51.85306167602539     417.4415283203125
706     -132.0664672851562      0.1580166518688202     42.1616325378418     374.7723083496094
707     -131.7990875244141      0.9513832330703735     46.02775573730469     337.0880737304688
708     -131.8697509765625      0.5330831408500671     49.34530258178711     387.6404418945312
709     -132.0228729248047      -0.08033330738544464     48.19591903686523     282.7630004882812
710     -132.0982971191406      0.1772000938653946     52.8195915222168     314.1181335449219
711     -132.0892028808594      -0.3712501227855682     50.25959014892578     400.3472595214844
712     -132.2985382080078      0.3200832605361938     50.10285568237305     314.511962890625
713     -132.1280212402344      0.7284162640571594     48.61387634277344     284.5469665527344
714     -132.0272216796875      0.2147498577833176     49.34530258178711     281.2400207519531
715     -132.1770629882812      -0.4924999475479126     43.1542854309082     363.5082092285156
716     -132.0778350830078      0.7066004276275635     49.78938293457031     454.7415161132812
717     -132.0421905517578      0.07338337600231171     49.71102142333984     460.2917175292969
718     -131.9255218505859      0.2724998295307159     47.41224670410156     274.8863525390625
719     -132.0349731445312      -0.4732831120491028     47.9346923828125     330.9905395507812
720     -132.1124877929688      0.009733215905725956     49.16244506835938     330.0612182617188
721     -132.1593322753906      0.1568831503391266     45.24408340454102     330.7586364746094
722     -132.1607208251953      -0.01244993600994349     55.14448547363281     368.0816345214844
723     -131.9884338378906      -0.3379499912261963     52.9502067565918     302.5977478027344
724     -131.9502105712891      -0.258333295583725     45.76652908325195     344.6853942871094
725     -132.0613250732422      0.05248327180743217     46.13224792480469     333.3258666992188
726     -131.9644622802734      -0.02165001071989536     53.00244522094727     286.5722351074219
727     -131.8222961425781      0.3344666659832001     49.11020660400391     424.9185791015625
728     -131.9888458251953      -0.1043832674622536     52.8979606628418     285.2306213378906
729     -132.2201690673828      -0.258083313703537     54.77877426147461     299.41064453125
730     -132.0504760742188      0.6689000129699707     47.09877395629883     290.9563598632812
731     -132.2817535400391      0.04914991930127144     53.96897888183594     296.6405029296875
732     -131.8658294677734      -0.3525330424308777     50.83428573608398     337.7883911132812
733     -131.9376220703125      0.5850831270217896     49.86775207519531     370.2454833984375
734     -131.9034729003906      0.653350293636322     52.68898010253906     375.0977478027344
735     -132.2507934570312      0.0922999307513237     53.08081436157227     373.5758056640625
736     -132.0283050537109      0.07958339899778366     52.14040374755859     308.926025390625
737     -132.1962738037109      -0.374083548784256     60.65632247924805     352.3133544921875
738     -131.8280639648438      -0.103466622531414     52.61061096191406     355.9890747070312
739     -131.8825988769531      0.2390664219856262     48.90122604370117     372.1268005371094
740     -131.8908081054688      -0.3509164452552795     44.74775314331055     326.5586547851562
741     -131.9825592041016      -0.1568500250577927     51.72244644165039     268.5982666015625
742     -131.9276733398438      -0.5202835202217102     46.55020523071289     425.3135070800781
743     -132.0148010253906      -0.2821500599384308     45.19183731079102     259.4393615722656
744     -132.1232299804688      -0.3714165389537811     46.41958999633789     329.6392211914062
745     -132.0448150634766      -0.02311671525239944     49.65877532958984     376.62890625
746     -132.2518615722656      0.26846644282341     53.57714462280273     340.5268249511719
747     -131.8909759521484      -0.07326658815145493     51.43510437011719     418.9698181152344
748     -131.91162109375      0.1053000241518021     53.185302734375     427.3585815429688
749     -131.8230895996094      0.1187334135174751     50.70367050170898     350.7800903320312
750     -132.0768432617188      0.2695335447788239     49.13632202148438     443.884033203125
751     -132.0086669921875      -0.2230333387851715     48.50938415527344     338.1967163085938
752     -132.0850067138672      0.6690831780433655     46.44571304321289     326.3323364257812
753     -132.0930633544922      -0.148583322763443     46.18448638916016     339.9106140136719
754     -132.1291961669922      -0.3060000538825989     48.50938415527344     396.1848754882812
755     -132.0021820068359      -0.2510500848293304     50.86040496826172     296.0718078613281
756     -131.8559265136719      -0.04136668145656586     47.36000061035156     329.4957275390625
757     -131.6995086669922      0.2460665553808212     53.08081436157227     503.4633178710938
758     -131.9033050537109      -0.628716766834259     44.79999923706055     386.2816467285156
759     -132.0458526611328      0.4327165186405182     51.01714324951172     395.3629760742188
760     -131.8898010253906      -0.3708000183105469     49.08408355712891     327.6256103515625
761     -131.8873291015625      0.01951670460402966     53.342041015625     392.7000122070312
762     -132.1316986083984      0.313566654920578     47.20326614379883     325.3665771484375
763     -132.1990661621094      -0.02425003051757812     49.76326751708984     277.5108337402344
764     -131.7186889648438      0.1975499391555786     52.58448791503906     304.2567138671875
765     -131.9924163818359      -0.1195000633597374     51.27836608886719     303.5408020019531
766     -132.1542510986328      0.3652336001396179     51.67020416259766     391.8383178710938
767     -132.1917724609375      -0.07326668500900269     52.8979606628418     342.8858642578125
768     -132.1142425537109      0.03739999234676361     53.00244522094727     295.0570068359375
769     -132.2252655029297      -0.1276166886091232     53.3681640625     406.947021484375
770     -132.0569000244141      -0.1441332697868347     55.61469268798828     311.306396484375
771     -131.9553985595703      -0.2346337884664536     50.80816268920898     282.6615905761719
772     -132.3009338378906      0.2653665244579315     47.8563232421875     299.7733459472656
773     -131.8924407958984      -0.06458333879709244     46.13224792480469     387.9764099121094
774     -132.0983276367188      0.3767666220664978     47.72571182250977     292.8067321777344
775     -131.8874969482422      0.298383355140686     46.13224792480469     354.8873291015625
776     -132.2484741210938      0.1887666136026382     47.15102005004883     417.9966735839844
777     -131.9707946777344      0.2410332560539246     51.67020416259766     308.453369140625
778     -132.0837249755859      -0.2732832729816437     53.13306045532227     334.738525390625
779     -132.0313262939453      0.1755167841911316     49.29306030273438     344.6571960449219
780     -131.7948303222656      0.3211833536624908     57.57387542724609     410.7052307128906
781     -132.2006683349609      0.1705496907234192     50.44244766235352     370.6444091796875
782     -131.9926300048828      -0.1173834875226021     45.68816375732422     405.4966430664062
783     -132.0915222167969      0.2604166269302368     55.27510070800781     414.8345336914062
784     -131.9643859863281      -0.4058997631072998     42.9714241027832     237.1360015869141
785     -132.1856384277344      0.5505832433700562     55.30122375488281     392.3435668945312
786     -131.9638824462891      0.02076661586761475     53.7861213684082     370.4949951171875
787     -131.8334503173828      -0.1785334050655365     46.26285552978516     380.5257568359375
788     -132.0953521728516      -0.03568331897258759     46.75918579101562     259.2227783203125
789     -131.9675140380859      0.4423502087593079     51.33061218261719     351.7836303710938
790     -131.9442749023438      0.2292000353336334     47.9608154296875     409.8062133789062
791     -132.0093841552734      -0.2519667148590088     50.20734405517578     300.3775939941406
792     -131.8941955566406      0.1565167307853699     46.88979339599609     335.2081909179688
793     -131.9799346923828      -0.3583666980266571     49.16244506835938     340.0354309082031
794     -131.916015625      -0.2891001105308533     54.20408248901367     277.3298950195312
795     -131.9405212402344      -0.2375165820121765     48.3265266418457     331.9606323242188
796     -131.9594573974609      -0.5902996063232422     55.30122375488281     302.8851928710938
797     -132.1420288085938      0.2522333860397339     45.00897979736328     347.4049682617188
798     -131.9554748535156      0.3535166084766388     43.70285797119141     313.7699584960938
799     -131.8680419921875      -0.2733664810657501     43.44163131713867     312.9180603027344
800     -131.8328247070312      -0.7669999003410339     53.91673278808594     367.5581359863281
801     -131.8465881347656      0.1574001014232635     46.39346694946289     292.294921875
802     -132.0295715332031      -0.02289995923638344     44.56489562988281     281.8223876953125
803     -132.0554351806641      0.1158000826835632     52.45387649536133     356.876708984375
804     -132.1669769287109      0.07338335365056992     49.73714447021484     355.2035217285156
805     -132.0550842285156      0.3849334418773651     48.24816513061523     398.1246337890625
806     -132.1530303955078      0.1640166491270065     48.66612243652344     283.4111633300781
807     -132.2272796630859      -0.3735832273960114     49.16244506835938     351.5614013671875
808     -132.1365966796875      0.4193664193153381     53.289794921875     423.4948120117188
809     -132.0439910888672      -0.03716656565666199     49.44979476928711     323.1200256347656
810     -131.8439331054688      0.7517332434654236     49.39754867553711     318.1292724609375
811     -132.0045013427734      -0.4370501041412354     51.77469253540039     368.0658874511719
812     -132.0222320556641      0.2671167254447937     50.39020538330078     293.3589172363281
813     -132.0578460693359      -0.527733325958252     50.80816268920898     388.7965698242188
814     -132.0653533935547      -0.09778332710266113     49.76326751708984     373.6121520996094
815     -132.2107849121094      0.6458666920661926     51.82693862915039     383.9782104492188
816     -131.988525390625      0.4580501317977905     49.18856811523438     325.3985290527344
817     -131.8367919921875      0.3055165708065033     51.17387771606445     303.5823974609375
818     -132.0035705566406      -0.6437667012214661     50.78203964233398     342.5901489257812
819     -131.6956787109375      -0.4122998714447021     52.03591918945312     317.3053283691406
820     -132.1430816650391      -0.2256500124931335     45.71428680419922     451.5063781738281
821     -132.0643157958984      -0.5973501801490784     44.14693832397461     385.6896362304688
822     -132.1477203369141      -0.3167999982833862     53.00244522094727     255.9486083984375
823     -132.0945281982422      -0.1911999136209488     51.43510437011719     420.6830749511719
824     -131.9345550537109      -0.3183001279830933     49.91999816894531     323.7684936523438
825     -132.1137084960938      0.3078332841396332     47.36000061035156     341.5562438964844
826     -131.7609100341797      -0.3425335288047791     44.40816497802734     371.5407409667969
827     -131.9620361328125      0.1503166705369949     50.28571319580078     383.3692932128906
828     -131.8847503662109      -0.009683359414339066     44.85224533081055     355.8167724609375
829     -132.1198577880859      0.1592833399772644     53.3681640625     352.3755187988281
830     -131.9788513183594      -0.2112999856472015     52.9502067565918     356.195068359375
831     -131.8329467773438      0.01626666821539402     49.81550598144531     288.5765380859375
832     -132.1382904052734      -0.1378999799489975     48.84897994995117     326.4960021972656
833     -132.0252685546875      0.1514498591423035     47.4906120300293     260.8510437011719
834     -131.9004516601562      -0.289549857378006     52.68898010253906     342.8970336914062
835     -132.2539825439453      0.1582833528518677     57.39102172851562     390.9852600097656
836     -131.7967071533203      -0.515716552734375     49.08408355712891     316.9396362304688
837     -132.1309509277344      0.4146168231964111     54.17795944213867     428.6812438964844
838     -132.0652008056641      0.4081333875656128     53.57714462280273     386.8266906738281
839     -132.1612548828125      -0.2975665926933289     46.31510162353516     318.4230346679688
840     -131.7421875      -0.2008833438158035     50.99102020263672     327.0786743164062
841     -131.9642486572266      -0.2818999886512756     50.86040496826172     208.9281005859375
842     -131.7868957519531      0.3359331786632538     48.14367294311523     250.6948852539062
843     -131.9397583007812      -0.2098499536514282     48.69224548339844     395.1841735839844
844     -132.33056640625      0.04178336262702942     49.47591781616211     296.3601989746094
845     -132.1672973632812      0.08650000393390656     48.84897994995117     299.8519287109375
846     -131.7846832275391      0.0958000123500824     50.99102020263672     341.4056396484375
847     -131.8484802246094      -0.1364666074514389     48.77061080932617     295.1644897460938
848     -132.0799865722656      -0.5064666271209717     46.13224792480469     352.6501159667969
849     -131.944091796875      0.03983337059617043     46.65469360351562     301.4100341796875
850     -131.9162750244141      0.1604165285825729     51.87918472290039     269.9331665039062
851     -132.1641540527344      0.1767833083868027     49.42367172241211     321.2391357421875
852     -132.1567840576172      -0.3488002121448517     45.94938659667969     258.9240112304688
853     -132.2384643554688      -0.3184332847595215     44.87836456298828     359.2597351074219
854     -132.3847808837891      -0.04483331739902496     53.05469131469727     296.0763549804688
855     -132.0274658203125      -0.3649167716503143     50.25959014892578     342.7565612792969
856     -131.9320678710938      0.3398163914680481     48.79673385620117     326.0037841796875
857     -132.1033782958984      0.4435667097568512     44.19918441772461     372.9365234375
858     -132.0045928955078      0.0002333372831344604     46.23673248291016     361.0615539550781
859     -131.9236755371094      0.179216742515564     45.16571426391602     324.5096740722656
860     -132.2626953125      -0.5575664639472961     49.31918334960938     304.8656921386719
861     -132.1457214355469      0.1157500073313713     50.31183624267578     351.7100830078125
862     -131.9987640380859      0.01171662472188473     41.79591751098633     390.9176635742188
863     -131.9447021484375      0.3433500230312347     52.42775344848633     282.1085815429688
864     -131.9741363525391      -0.1668332666158676     49.73714447021484     303.3412475585938
865     -132.0006561279297      -0.3193665742874146     48.53550720214844     317.4014587402344
866     -132.1811370849609      0.366883397102356     50.80816268920898     342.4675903320312
867     -132.0239105224609      0.2343665361404419     49.11020660400391     336.0151062011719
868     -132.1338653564453      -0.0963665172457695     48.66612243652344     431.5312194824219
869     -131.9999542236328      0.08465001732110977     47.5951042175293     285.1170043945312
870     -132.2277069091797      -0.1347333341836929     42.81469345092773     332.3805847167969
871     -131.9509429931641      0.255166620016098     44.48652648925781     276.9850463867188
872     -131.8676147460938      0.5599331855773926     48.53550720214844     387.7123718261719
873     -132.0109405517578      -0.3395498394966125     50.57306289672852     379.9076538085938
874     -132.2049255371094      -0.3077333569526672     50.10285568237305     343.7692260742188
875     -132.0940551757812      -0.1104833111166954     45.84489822387695     317.0119934082031
876     -132.0250244140625      -0.04658326134085655     46.08000183105469     319.0825500488281
877     -132.2614593505859      0.7126168608665466     46.47183609008789     328.8803100585938
878     -132.0845031738281      0.1523833572864532     49.16244506835938     362.5021057128906
879     -131.9238433837891      -0.2371501326560974     45.66204071044922     304.9383850097656
880     -132.0232086181641      0.1365166455507278     46.36734390258789     285.3690795898438
881     -131.9669189453125      0.128199964761734     49.05796051025391     438.5268249511719
882     -131.8707580566406      0.05316666513681412     44.48652648925781     392.7414855957031
883     -131.8845672607422      0.5393834710121155     48.14367294311523     310.3105773925781
884     -132.0145263671875      0.3818500936031342     48.97959136962891     428.3514709472656
885     -132.0871887207031      0.1303666979074478     49.50204086303711     408.282958984375
886     -132.0929260253906      -0.5009996294975281     48.24816513061523     324.7788696289062
887     -131.9990844726562      0.250083327293396     48.3526496887207     277.942626953125
888     -132.23828125      0.3258830010890961     53.44652938842773     329.6408996582031
889     -131.9607543945312      0.4977335333824158     51.87918472290039     382.2361755371094
890     -131.8238677978516      0.1765498667955399     49.71102142333984     421.9730834960938
891     -131.9343414306641      0.2263166010379791     52.00979614257812     421.0121765136719
892     -132.1594390869141      -0.2598502039909363     49.31918334960938     355.5682067871094
893     -132.1240539550781      0.07528328150510788     51.56571197509766     370.8014831542969
894     -132.0184936523438      -0.1464333385229111     50.91265106201172     428.4981384277344
895     -132.0032806396484      0.379033625125885     45.53142547607422     469.8313293457031
896     -131.8214721679688      -0.2672833502292633     48.50938415527344     377.6774291992188
897     -131.9648895263672      0.05393347889184952     43.75510406494141     379.275146484375
898     -132.2195281982422      -0.6263331174850464     48.4048957824707     369.8922119140625
899     -131.8955078125      -0.7863335609436035     45.40081405639648     274.4801025390625
900     -132.3703002929688      -0.1151666939258575     49.76326751708984     378.4788208007812
901     -131.8847503662109      -0.1480830609798431     45.37469100952148     319.0240478515625
902     -132.2574920654297      0.2395831495523453     46.96816253662109     333.1674194335938
903     -132.1182403564453      0.07979999482631683     44.72163009643555     361.7058715820312
904     -132.1708526611328      -0.1913499385118484     48.71836471557617     326.3198852539062
905     -131.9447784423828      -0.2164001315832138     50.57306289672852     394.2441711425781
906     -131.8438415527344      0.06539995223283768     51.01714324951172     299.9386596679688
907     -132.1173858642578      -0.3499500155448914     46.83754730224609     301.9371337890625
908     -132.1172790527344      0.004999912809580564     45.34856796264648     398.1200866699219
909     -132.0674591064453      -0.4236500859260559     49.37142562866211     350.6344909667969
910     -132.2087554931641      -0.06251673400402069     45.32244491577148     250.3964385986328
911     -132.2146606445312      -0.1552498787641525     53.31591796875     317.2936706542969
912     -131.9461364746094      -0.3988834321498871     48.4048957824707     435.4519958496094
913     -132.0107421875      -0.3268668055534363     50.12897872924805     378.1693420410156
914     -131.9819641113281      0.2647499442100525     47.5951042175293     441.0988159179688
915     -132.1143646240234      0.6038330793380737     50.52081680297852     300.6255493164062
916     -131.9613037109375      0.3654834032058716     47.09877395629883     362.1622619628906
917     -132.0399627685547      0.03784982860088348     43.65061187744141     331.8001098632812
918     -132.0004730224609      -0.5269167423248291     48.16979598999023     327.642822265625
919     -132.1067352294922      0.2283332198858261     46.94203948974609     325.7880554199219
920     -131.8142395019531      1.033149838447571     51.51346588134766     335.6183471679688
921     -132.1397094726562      0.1837833076715469     49.47591781616211     321.4558715820312
922     -132.0620727539062      0.4620833694934845     50.65142440795898     400.2084045410156
923     -132.0665740966797      -0.05045005306601524     46.60244750976562     401.8896789550781
924     -132.0663299560547      0.1427833735942841     51.51346588134766     338.9966125488281
925     -131.9227142333984      -0.08056667447090149     50.83428573608398     297.6270751953125
926     -131.9730834960938      0.6446000933647156     53.3681640625     331.7856140136719
927     -132.2084045410156      0.2189500033855438     51.38285827636719     295.4967651367188
928     -132.0345001220703      -0.5745332837104797     49.16244506835938     343.2453002929688
929     -131.9838714599609      0.5635666847229004     46.02775573730469     396.9037170410156
930     -131.9913177490234      -0.004233350977301598     46.00163269042969     391.9341430664062
931     -132.1139678955078      0.1083500310778618     46.41958999633789     349.3955993652344
932     -131.9654693603516      0.3147000670433044     50.70367050170898     302.4451599121094
933     -132.1907501220703      -0.04799981415271759     53.02856826782227     337.2065124511719
934     -132.1356964111328      -0.2951000928878784     49.63265228271484     323.4330749511719
935     -132.0135803222656      0.08679997175931931     52.19264984130859     342.5906677246094
936     -132.1599884033203      0.5769166350364685     46.05387878417969     316.4350280761719
937     -132.1186065673828      -0.2654832601547241     48.4832649230957     274.6045837402344
938     -132.0603942871094      -0.7401496767997742     50.78203964233398     290.1463012695312
939     -132.0726470947266      -0.2763997912406921     46.00163269042969     433.7423400878906
940     -131.9634246826172      -0.06410006433725357     48.4832649230957     336.353759765625
941     -131.9595184326172      -0.3435831367969513     57.59999847412109     398.8193359375
942     -132.1988525390625      -0.2963331937789917     49.44979476928711     373.3182067871094
943     -132.1568603515625      -0.00728333368897438     47.5689811706543     402.3568420410156
944     -131.8959045410156      -0.1092500314116478     45.16571426391602     293.1052551269531
945     -131.9390869140625      0.6033167839050293     51.56571197509766     360.8606567382812
946     -131.9660797119141      -0.2860167026519775     50.39020538330078     360.2976684570312
947     -131.8441619873047      -0.2120000422000885     47.41224670410156     346.8243713378906
948     -131.9659118652344      -0.273683100938797     47.09877395629883     296.8763427734375
949     -131.9897308349609      0.3995500206947327     50.75591659545898     328.1454162597656
950     -131.9473419189453      -0.03156664967536926     47.83020401000977     271.2722778320312
951     -131.9396362304688      -0.4123828411102295     44.79999923706055     410.806884765625
952     -131.9720764160156      -0.004483247641474009     54.90938568115234     416.7247009277344
953     -131.9021301269531      0.2693998217582703     47.5951042175293     309.8180847167969
954     -132.1159973144531      -0.1262166053056717     45.92326736450195     394.1222534179688
955     -131.9836578369141      -0.05045010522007942     48.71836471557617     398.110107421875
956     -132.1997680664062      0.08113329112529755     47.17714309692383     324.8818969726562
957     -132.0788879394531      0.07798323780298233     52.7934684753418     392.3188781738281
958     -131.954833984375      -0.5652501583099365     47.8824462890625     334.4249267578125
959     -131.9430694580078      -0.4479833543300629     46.52408218383789     398.1376953125
960     -132.1760864257812      0.1694832593202591     52.06204223632812     324.9249572753906
961     -131.8969116210938      -0.3238665759563446     57.07754898071289     342.8343811035156
962     -132.0227966308594      0.116150014102459     48.3004035949707     378.2206115722656
963     -131.9555816650391      0.6503999829292297     46.28897857666016     342.4639892578125
964     -131.9636383056641      -0.4449167251586914     55.45795822143555     397.9808959960938
965     -131.8198852539062      -0.2804498970508575     42.710205078125     403.1110534667969
966     -131.90966796875      0.1701668202877045     43.1542854309082     335.7328186035156
967     -132.0744018554688      0.655966579914093     46.73306274414062     394.4170227050781
968     -132.1367950439453      0.1308333277702332     46.15836334228516     328.7469787597656
969     -131.9134368896484      -0.1119833961129189     50.70367050170898     382.4334411621094
970     -132.0556640625      -0.570366382598877     49.13632202148438     329.5335083007812
971     -131.8790740966797      -0.3066667020320892     47.20326614379883     439.5202026367188
972     -131.9493408203125      0.3151165246963501     52.50612258911133     361.0924682617188
973     -131.9083099365234      0.6126830577850342     49.44979476928711     272.5415344238281
974     -132.081298828125      0.4093500375747681     48.74448776245117     359.8764038085938
975     -131.9465942382812      0.7291500568389893     57.23428344726562     412.8184509277344
976     -131.9367218017578      0.0376833863556385     50.44244766235352     351.7818603515625
977     -132.1229400634766      0.0365833006799221     47.80408096313477     425.6153869628906
978     -132.0449371337891      -0.1124833673238754     46.26285552978516     430.6698303222656
979     -132.1068725585938      -0.5579497814178467     52.7934684753418     344.749267578125
980     -131.9016876220703      -0.08960006386041641     45.29632186889648     306.1519470214844
981     -132.0692138671875      0.08136668056249619     46.68081665039062     347.662353515625
982     -131.8468627929688      -0.05091680213809013     49.86775207519531     299.1351318359375
983     -132.0026702880859      0.04878345504403114     48.4832649230957     333.6205444335938
984     -131.8646697998047      0.1592666506767273     49.99836349487305     331.5030822753906
985     -132.1940002441406      0.4176500737667084     51.61795806884766     398.8373413085938
986     -132.1245269775391      0.398699939250946     49.16244506835938     308.4374389648438
987     -132.1034545898438      -0.05316634103655815     54.28244781494141     317.9726867675781
988     -131.80322265625      0.02513335272669792     42.78857040405273     355.4834289550781
989     -132.0280303955078      -0.4593168199062347     53.10693740844727     293.2511901855469
990     -131.9934539794922      -0.1378168016672134     50.88652801513672     314.1791076660156
991     -131.9943695068359      -0.1456000357866287     49.21469116210938     401.8953247070312
992     -131.8877410888672      0.2307665944099426     48.24816513061523     301.8871154785156
993     -132.1466827392578      -0.1469832509756088     48.06530380249023     388.8600769042969
994     -131.9418029785156      -0.1656666696071625     47.64734268188477     384.5937194824219
995     -132.0823974609375      -0.2858332693576813     46.05387878417969     336.2038269042969
996     -131.9342651367188      0.2454166263341904     49.13632202148438     317.9106750488281
997     -132.0296783447266      -0.06271663308143616     48.3526496887207     375.4987487792969
998     -131.9057464599609      0.09346659481525421     43.72898101806641     340.4850769042969
999     -132.0830993652344      0.04209956154227257     47.36000061035156     402.0210571289062
1000     -132.0495147705078      0.3261665999889374     50.91265106201172     338.3837890625
