1.0
0.7160119869752106
0.5252814320870598
0.396546819072357
0.30051928493633046
0.23268976764291394
0.18191014895797586
0.14386629082182242
0.10992320553168529
0.09010538416464312
0.07791982994550901
0.06690274658010646
0.058101911131397
0.05148963943108099
0.046865945848328344
0.04088050387863463
0.036052979999180355
0.029478164543445883
0.02516856679926125
0.020989488490528504
0.017597638924856454
0.012494344410250881
0.005923466494560201
0.005602657249918003
0.00624414756755341
0.003972091388888414
0.001051150866105983
-0.004648711580510348
-0.005898445587380051
-0.004924133319614366
-0.0015365263222259524
-0.004220445633639318
-0.001524660379317104
0.0022151676744983197
0.003827703638328895
0.008258367732486874
0.008677386905268302
0.005813406806761951
0.0049365226615747755
0.0036371917942389907
0.0021551325067235122
-0.0005404750202460453
-0.0026555615014130615
-0.003169136612561445
-0.005428416495182148
-0.007286488901064311
-0.0087155540752371
-0.010652105359077228
-0.010151202887284218
-0.00886861835555693
-0.0073589717242330665
-0.0075729533074878185
-0.007210499243165429
-0.002508401497263184
-0.0014467603926623669
0.00013596190609744155
-0.00019925194388070196
-0.0009628167981524132
-0.0017150730393540768
-0.0003371386613562044
0.001430191713978169
0.001039173742171648
0.00042551922544863417
0.0006819451340924161
-0.0001416966165167467
-0.00020236845994442564
0.0002534243580362596
-0.0015870148331193275
-0.00328090942797726
-0.002795995365594615
-0.0003983348233451569
0.0023913302993818874
0.001988359191758482
7.605394347432975e-05
-0.001471352312276236
-0.003042482423105134
-0.003193868679759745
-0.002527799707259956
-0.007630611624812997
-0.009106446968461981
-0.007329104952600392
-0.007944535213720908
-0.006608490969768581
-0.006205462253800072
-0.0030878008446192364
-0.0008288735401116626
-0.002216799035856221
-0.0009220056755641346
0.000417235031852066
0.0013319215260117515
0.00216743646397883
0.0033774164544602392
0.0022624526070367575
-0.0006844756312367724
-0.0009135152670197125
0.00022780473228200493
-0.0012000379135280995
-0.004215123747861416
-0.005160148377120355
-0.003918596877872728
-0.002537793466141437
3.5388597956894036e-05
0.0005212884853355566
0.0020698282912888716
0.0024867946831531504
0.0022840659107985608
0.0037609184138491327
0.005943760303473279
0.00819243466014929
0.007355631072412703
0.007179862446868572
0.0069260653741139615
0.007031425587567881
0.0048119192787168166
0.0037121512028317244
0.004409222225474084
0.00536911191468513
0.0032688788062043136
0.0017849180886300485
0.0017895777719937674
0.002593288076136971
0.0024829424250224154
0.0014964904775194904
0.0009001158690555702
0.004046183912496267
0.0031732580902765605
0.003921933736089168
0.003871189369720691
0.0034031465707774922
0.004846977636546622
0.005948899726982356
0.007601280175427319
0.009182798768218117
0.008420550499927546
0.007397369583876256
0.007400666236288052
0.007921463526515151
0.0069968115796360565
0.005128434453070462
0.006595489576817543
0.004914870522223473
0.001915676136649188
-0.0005346789163339845
-0.00264641033760637
-0.0018587001146322304
-0.0030411682595749964
-0.0031508184955047268
-0.0024126255777170906
-0.0017439087976786724
0.001465951112524428
0.0033875129534664513
0.0035115720242116693
0.0017580990298300754
-0.0005857273056555966
-0.0007559368240727367
-0.0024161993189708996
-0.002216592188801308
-0.00044599818407445383
-0.004482912059995026
-0.0037856720775265723
-0.002766978139846991
-0.003996074062596398
-0.004974925339639358
-0.004764347978071296
-0.001994207400371761
0.00011743074924678135
0.0002074652435159712
-0.00025653194776280015
3.1468994437472625e-08
0.00203491438897979
0.004842506109623573
0.005258896057273699
0.005090377457650771
0.002513574705815666
0.001086494723515586
-0.00040723768658676744
-0.0019450547309693264
0.0012865807632441812
0.002977423017133159
0.005765859276238525
0.0070559988850766205
0.009180130733151612
0.0058941366253192256
0.006284136477191991
0.006936399960707661
0.00921124269901686
0.008367420542727143
0.008932401334102473
0.008591007213576751
0.008693909282627739
0.008576670878701828
0.007509580737994741
0.006159638299205005
0.005988461094357616
0.008445032924794189
0.010731695739339771
0.013417445867213388
0.013575376070445797
0.010204395153517965
0.008266087775011987
0.004599398016128731
0.00408399709392424
0.0034119806247809845
0.004002879753910286
0.004045400950300178
0.004126025640195773
0.005356542922779496
0.002414691627973207
0.001264566687405472
0.00085341542243371
-0.0004198382168863395
0.0008770419371178174
0.0005356534295461808
0.003484926261346002
0.003826107535101992
0.008520443413091206
0.011825329064657485
0.014168513509286568
0.012966411439623708
0.011660745453243712
0.010798331616099215
0.012044308146810977
0.008992047278040309
0.007984186325741827
0.008413685741989606
0.007448070802257057
0.005304601012630179
0.003926178206495096
0.00012252353300567292
-0.005127108854967012
-0.009432950354040525
-0.011040570330281014
-0.010595713407212562
-0.009431793467567657
-0.007111816829070447
-0.006761149221863051
-0.007031530190695428
-0.005719227909598051
-0.005095727517990388
-0.004255872191376824
-0.0035035699159293664
-0.003955897774406986
-0.007515754599644309
-0.009457936501459508
-0.01123973179159292
-0.010478451918789811
-0.01093742220867119
-0.007045386623587178
-0.0026399569640747937
-0.0031562128945229768
0.00010993322588681425
0.002933973592864693
0.0028400015418846166
0.0007728101920801114
0.0006047230495023839
0.0016764586344464216
0.0021418047280014445
-0.0018515289268672068
-0.006394044838647237
-0.0059253679294869405
-0.005334029362017503
-0.003100946109457938
-0.0058994742586755055
-0.004658825333131417
-0.0033775636917353674
-0.0032764494688467087
-0.0007205607134938634
0.0002226880958942753
-0.0007495846831258786
-0.000980184393603528
0.0008519934140308955
8.232663366113039e-05
0.0004453506078298143
0.00016754143711287202
-0.000922017347317118
-0.0008463429842214952
-0.0011433200044131547
0.00030781596342101356
-0.0014328534042034517
0.0002610905593760425
0.0030441167196682433
0.001339779895456723
-0.0005407559441744868
0.0038142218821253186
0.0063577427151765625
0.009288875916623167
0.012245914406690215
0.014360483434100397
0.016562020353533862
0.016716625098130922
0.014650720535825707
0.01648887020133503
0.015146668314791226
0.01453160832946288
0.01222171554863992
0.01313670681803834
0.01605241255101257
0.018746081922399755
0.018807596876496767
0.01957027647382692
0.01806846322606973
0.018463711023605365
0.018302595735494042
0.01880373393443272
0.018146600006144188
0.014710714368967205
0.01095013472683435
0.00959099400125349
0.008749559899437315
0.010652558899840105
0.012632739470409295
0.013983423365737198
0.015002068584764279
0.015017752092428102
0.016652052208558202
0.016397996985202307
0.014283056176849161
0.012078432753450209
0.011269763158802773
0.01000941146087806
0.0062843468810837065
0.004870782523909806
0.00364140855101441
0.0020816337171591396
0.0016180954985371072
-0.0016273411579878618
-0.0026000159693922694
-0.004215801177964372
-0.004499842782190797
-0.0027477940007552015
-0.00411078218705589
-0.002937250823081904
-0.001239820278665443
-0.005128594383957528
-0.005685201054731012
-0.0024565188783577494
-0.0030988519340851284
-0.0037231859814006217
-0.0018269149414569506
0.0016821718366105225
-0.000781676896262382
-0.0024489373583985933
-0.0017666085352093421
-0.0038947373104961983
-0.0073250106930417645
-0.007146257425207637
-0.005676803856491969
-0.0049626427845256855
-0.004922796434623589
-0.002116945099122526
-0.0023289665688611223
-0.0018794225876206366
-0.0017685475158005163
-0.002035533796626411
-0.0023824899435982206
0.0002543710334919455
0.0015990924107952796
0.0007185573188239437
-0.002344226759922229
-0.0026315381132809954
-0.001933475095968682
-0.006370485022368037
-0.009659131947534559
-0.008463337437424721
-0.005033191893753545
-0.0038665340717755595
-0.0013176500519646887
0.00023119442490508507
-0.001924862798307144
-0.00016646990742498306
0.002218871857655454
0.004434661394611071
0.004870066767063126
0.005554656539404906
0.0071938673031501366
0.00940139629609248
0.011771098201366579
0.010399324671654607
0.00919078637082419
0.003883943222834654
0.003202831734329328
0.005770441126753902
0.006730653079215917
0.0050237758024005265
0.004056739573943097
0.0026474976887053323
0.0052347473234626175
0.005837472309336684
0.004063147422377038
0.0013606350415432897
0.0003395921344144729
0.0007239477328637689
0.002509008811870369
0.0011423671802675778
0.002797846148548529
0.0018715932721991722
-0.0006792954120315012
-0.002555110263137338
-0.003972990918062142
-0.0046312397925719045
-0.006883406024357746
-0.01040652469035931
-0.009198245170208777
-0.004692815697352668
-0.00238287040053493
-0.0025803692585213826
-0.0027482864670795126
-0.0017098622447741017
0.000645217705615188
0.0035216003893217157
0.0059064133702595185
0.010073429404600417
0.011063338428620409
0.008929154568019728
0.00827347654732409
0.007728859521632732
0.008169849617247715
0.005864730933625901
0.0038724072338188714
0.0016709459443308625
0.0011362315901542793
0.002911227914723612
0.0039590378648375595
0.0037191362514925313
0.004749333161210297
0.0036764267193818713
0.004676629674564048
0.0061591101939331575
0.006808767636705637
0.003455505460004566
0.002266706766016979
0.003828872334708051
0.001380588902868394
0.0017587024862691697
0.00040752350322786614
0.0007621159782757361
0.00395553293195637
0.0022652976319566835
0.0019210268968112478
0.0009252180265343351
0.0008761941581495532
0.0005609649085716832
-0.002741045396824469
-0.0066857299557721486
-0.00834868995449458
-0.009347021796923887
-0.008754406539500931
-0.009194526387806384
-0.006852647618033494
-0.008254600400221971
-0.005914617109293828
-0.00248818667116238
0.0013306973444745147
0.0015328827919200215
0.003107812906923603
0.00487286831642597
0.004175807402585744
0.0020218250652013366
-0.0015871758351012862
-0.002412904644392406
-0.0023159369614748787
-0.0009346360837756122
0.0010561766584850562
0.001209839214920174
0.0018583954853151293
0.0016933798477323115
0.0037417937744109345
0.003969820942589754
0.0027751308122494975
0.0022842873444316593
0.004772854347130627
0.006658738353837001
0.002863481440702958
-0.00033471628932646544
-0.002023439491261151
0.0004501583101215557
0.0009953342708562693
0.0004735473811972091
-0.0033634048310771064
-0.004548298101100897
-0.006814025100010294
-0.006586087236876648
-0.0071453638248076285
-0.006163374874398032
-0.005149540988923278
-0.003960345264856541
-0.006592712344483578
-0.00845869665225882
-0.005261884907724633
-0.0032476109511328775
-0.0020150529988138635
0.001167842234445433
0.002342918479600471
0.003029063703053179
0.004646029424211455
0.005626453138522979
0.005205910711738083
0.004518203277634091
0.001700745568933869
0.0006280847152917585
0.003003857550623751
0.002678278850998461
0.0023879740733543436
-0.002128761642355633
-0.004575037142388694
-0.007321442727946382
-0.006624419599525793
-0.00553877022627999
-0.005528309018366452
-0.003444313674811875
-0.0001664671424020896
0.0008803576847394234
0.0017633981840318113
0.003507553001251193
0.003385222095838309
0.004646457252269109
0.0027149587485092897
0.002739881062532013
0.0053222572452891435
0.004508778792713532
0.004921978952682158
0.0027512942606631634
0.0035144674396179174
0.001740288917428497
0.0031109793380789193
0.0044108760017537
0.004915130445908875
0.0020873213651044016
-1.6253925387821752e-05
-0.0008960276345213958
-0.0005782140317215091
-0.0022545158242291375
-0.0054446388808883014
-0.007671632144603604
-0.008545974272618318
-0.011786628981645269
-0.01046955340427345
-0.007032579089395989
-0.000731569167164658
0.005233400570114554
0.011018693421372877
0.014099841708112903
0.01540364052600104
0.01515320108080774
0.014728037753033772
0.012026739284923763
0.011018725696671838
0.007988303145833844
0.004311631254914849
0.002711222012760591
0.0018091546274773347
0.001089829099791
-0.002787991668871866
-0.0071680000804651475
-0.007379868340862
-0.007954381111945184
-0.006386245399115895
-0.005798512464940983
-0.006635150667004576
-0.0060725426978539224
-0.0028605763524494703
-0.0011192976246322808
0.00035532605385693025
0.0005436686294093086
0.0006092248096506427
0.0010736755491853652
0.0016225294443245788
-0.00040698977247358143
-0.002432848842495024
-0.002860229779136436
-0.004429413596116095
-0.006328733659799644
-0.006270281380127913
-0.00529023671904549
-0.003351676839947798
0.0012803264900598335
0.0033886545909430875
0.005447065048603332
0.006096850109538913
0.00711774898592032
0.007342928199652418
0.008272991093675755
0.010027361675204963
0.008710009948490761
0.008377085846149407
0.007426105409122714
0.007290347113682471
0.007348429726265602
0.008149201666961673
0.00425625254513872
0.003542070158431229
0.005202617690497403
0.006100151813776029
0.00440252621964889
0.003063403551729951
0.0028133638830311284
0.0028708130822830244
0.0017425041284017744
0.0040754182931494205
0.004454980954061247
0.005511127695732481
0.006653285341831577
0.005302008371061843
0.003295953278369241
0.004420162458172026
0.0073929326793062845
0.008417456285258992
0.011050025700987691
0.009972089218149061
0.009586608547138659
0.01113724100173309
0.009078113804281125
0.008313858911856912
0.006449314419086764
0.003987703674277602
0.006871077135220718
0.008607929909198965
0.005913788500734049
0.003551040695249199
-0.0017261921037109481
-0.004392961659176317
-0.004551365992821892
-0.005896194494823392
-0.006692728724610304
-0.005456468255595127
-0.001747788318913374
0.00069168747331719
0.0010681438527174192
0.0012122384092061813
0.002662295231500521
0.005488294742977852
0.006527160568582969
0.0066631602254809625
0.009365304502533155
0.005427415632333979
0.005160929044874908
0.00616837374503865
0.007748693283449127
0.00801134524602062
0.010269726103471759
0.00893498228160008
0.006225729658670555
0.005633968605846474
0.00521225437532099
0.004751544150775253
0.002590360048840451
0.0036114304449835592
0.004675442423645202
0.005422609261924479
0.005486189428043051
0.0036747423720547736
0.0030575140379009427
0.0010391143481536527
0.0020501456677728294
0.001262794259297074
3.147964941565058e-06
-0.0007177565753045417
-0.0006129243798480911
-0.0013052050944663755
-0.0009083335761348779
-0.0013072533381613307
-0.004113905323323196
-0.0032454491380639536
-0.00029621011854863015
0.0016837168161352664
0.0019536645840775267
0.005108999947730919
0.007119362223172154
0.00457467902831223
0.0014067825942095313
0.0003314495763522263
-0.0012990127202161912
-0.0016790802523777742
-0.0009931433055054414
-0.0009566298354523453
-0.0015085618973386206
-0.005323978397339619
-0.006526582750665632
-0.007314438127701716
-0.006491669529807489
-0.007589877913195131
-0.0074455019965095045
-0.0035528645139407708
-0.0012044218719650319
0.0007337192152763299
0.0031974392987843005
0.004221353398029007
0.004522975360157928
0.0022994186762500795
0.0011712879948700032
-0.0027830792111852762
-0.0032615717287783523
-2.346903835725342e-05
0.00022185153874381327
-0.0011246915702639768
-0.0017789579718996283
0.0005876992045732558
-0.0005799324274769436
0.00011198679028810623
0.0012463017379067888
0.002804122254877986
0.005588009929568569
0.009282449750611588
0.00808724564580979
0.006537623394556934
0.004845866646285072
0.0053833738350782204
0.0066175291533169854
0.007871653882633589
0.008688193546292265
0.01051276291106699
0.012186376518214666
0.011534965602057076
0.012679534172118881
0.009378352771962141
0.005091211252806773
0.0046453304637889626
0.0029843656426437114
0.003226233078246583
0.0033703221891055904
0.003793945789327921
0.001550170247692823
0.00023375240371516492
-1.7365916900950236e-05
0.0015316521038879385
0.000478806940916055
-0.0001619523146125526
-0.0019235532323544774
-0.002154423943307096
-0.003028857436757572
-0.002795251857282035
-0.003315549481678432
-0.0029444218896794425
-0.003984826788064137
-0.0032060379327168292
-0.0007751061199679504
0.0012880301587439634
0.0007993911188580534
-0.0014231476194200593
-0.0019492354723626027
-0.0042245732771498115
-0.005268544182982442
-0.005328376467066608
-0.003584576951654752
-0.004647746579822853
-0.004669420075571118
-0.003502823227892904
-0.0038177082333902307
-0.005425586391708242
-0.008447707795183355
-0.007384450530239145
-0.006350943014645336
-0.009881733357860452
-0.013726401394787906
-0.014430780092976107
-0.014817703682207299
-0.014275957029223465
-0.012157316257298934
-0.010450802067290984
-0.00600660752178274
-0.0034028288219762003
-0.002903252739362776
-0.0046626431740323625
-0.0037333963187936507
-0.0034633719027370624
-0.0033761904955416817
-0.0038623666894285215
-0.003566204469390699
-0.0026534838308514023
-0.0006066008229205393
-0.0011666895842703843
-0.00361971288755298
-0.007399231038115515
-0.009945309901114181
-0.010834232306783091
-0.010806653564444942
-0.01105075073316207
-0.01097533341283507
-0.008613545360957302
-0.0031715399941812865
0.0014972023965862352
0.003844256078972642
0.0012125761809625413
-0.00330144158424499
-0.006684446529056821
-0.0065992120858582625
-0.004572737128511849
-1.0881694105373892e-05
0.0036910752247528034
0.0028238418263067332
0.0022596101354711022
7.948511939963631e-05
0.00023094815412113973
0.0007044346599099546
0.0029478683681214827
0.0045838846748119735
0.0062891980763909675
0.006547211546879001
0.005624883560886072
0.0036166630788200755
0.005319332503078129
0.004719626067283213
0.004000758779127169
0.006522414502068109
0.004487015122056403
0.0035067987686585992
0.0012217636132580843
0.0013445794230427192
-0.00027473363874988994
-0.0027071332446133157
-0.000636110990392546
-0.0008835562355117683
-0.001040472185139399
-0.0032072139736184766
-0.007089283151018067
-0.008323703216274063
-0.01158625269943455
-0.013150095546267379
-0.013075833200673726
-0.009928069944185266
-0.007477743270722291
-0.006534523720385722
-0.005433933374385321
-0.004283048208988253
-0.002568143331842136
-0.0022992300238334484
-0.004407699508658748
-0.0046959864413236825
-0.0041060103087046124
-0.0036490169520794332
-0.004229457304709525
-0.004257740042866849
-0.003695364859347758
-0.0012464235779181291
0.0013879861548700158
0.002143658850559365
0.0022077035312699747
0.0004504370900449627
-0.0005904830541594221
-0.00013124596544204266
0.00037099465963029584
-0.0024745277742215807
-0.007127630964386532
-0.009368803278061007
-0.011334161249617029
-0.01069804947427233
-0.006100433570087618
-0.0022842246062189475
0.00029133744331833546
-0.0013997563659128558
-0.0006687494144341701
0.0004120294313566628
-2.024098870535065e-05
-0.0011601759552570061
-0.003122810895211572
-0.00016600867203009118
0.0010525621200127644
-0.00010146056220698055
0.00010045870663566823
-0.00028464642196027027
-0.0010825531381702788
-0.0004310764643906722
-0.0027901938805030032
-0.0032513000800007364
-0.003799293316224761
-0.0034725940509510002
-0.005020125050828078
-0.006673955895334546
-0.006153195912352504
-0.003572907008286395
-0.0017880914298218867
0.0031239972406685206
0.003975748194861359
0.005265230942042212
0.005850080735069794
0.00621846566689996
0.002334042872918455
0.0013965961445185204
-0.0011679160354463444
0.0002325591354460955
0.0036163530907902773
0.005603786020489997
0.007094201221769318
0.006335408299688773
0.004765975262594447
0.003450471383332206
0.00474564197921661
0.004508383116492242
0.005569919645415875
0.0048422490750567124
0.0017822141215080428
0.001416831679316204
0.0029501358687358827
0.001812365584579881
0.0023381389293641646
0.0007380507881978866
0.000353860522324597
-0.0001579884467847094
0.003239420800936589
0.004587511661447418
0.003432645917779188
0.001189456041592711
-0.00041849384805515055
0.002473767672354849
0.0010313595737199508
0.002353419313343742
-0.0013531677419052965
-0.0013217412434730965
-0.003047027374253711
-0.0025074412184605713
-0.0019896266412639143
-0.0031517219163440906
-0.001833991668646141
-0.0015757363272430247
0.0010989373255858843
0.0018975546940846718
0.0032616051487239493
0.0034132916700629896
0.00039345110611688276
0.00014351373605742595
0.0020488366277369575
0.0017852661515092385
0.0015968698719495999
-0.00023066379540597628
0.002036444324130288
0.004349136986105702
0.006886581238454851
0.007573877619344964
0.008629926121111296
0.0075294934036481504
0.007501126046617634
0.007327968764402081
0.008418218964163037
0.007614770098462082
0.008097081808362614
0.008591348073190895
0.009038849603536963
0.010303334159611103
0.009565469261348443
0.007768533170220404
0.007183480006598008
0.0054276172735062194
0.004720050104157798
0.002444577405090971
0.0003771958724458425
-0.0008906400572068005
0.00038854592566003697
-0.002115627109516184
-0.0025560888341702027
-0.003021923157670697
-0.0026836779463784485
2.438617276022835e-05
0.0010156142373159093
0.003909272783252216
0.00539363814689329
0.003520875985923535
0.003731193572959877
0.004417069597283635
0.001181772305931183
0.0017468425367951636
-0.002305357137331871
-0.005000110005897324
-0.004107608863929153
-0.004136435136407772
-0.0056031308204624
-0.0069618371947563155
-0.008585328305664875
-0.006815221801703918
-0.005184472395179307
-0.007280472042005453
-0.005552703351283818
-0.0032314664292632054
-0.002743067049406979
-0.004976305087570851
-0.006394103669637557
-0.005848287309113014
-0.004496624418091474
-0.004093093384215057
-0.005507481873763625
-0.0050143678271686335
-0.0027788100920893384
-0.003853494364533182
-0.002654466322146956
-0.0021241031251650598
-0.003572400673110521
-0.002519874173391658
-0.0019173924631157367
-0.0017881285680634881
-5.212428305491241e-05
-0.001845566403519624
-0.004118525863092207
-0.0029021113967063693
-0.004038395899562025
-0.0022347168990372967
-3.876340086683991e-05
-0.001856229694931339
-0.003159532927420986
-0.003382601199557317
-0.0010236211988060115
-0.0017449804845292185
-0.001456812742051573
-0.0016825071795768523
-0.003504264832734932
-0.004287567763006554
-0.004964758488094411
-0.005119291244759789
-0.004579267729816292
-0.005201764338545228
-0.004430244552392403
-0.004560826429572306
-0.0021126286994011157
-0.00021988659533554177
0.0002984187888040409
-0.0005277988800493251
0.0007263658736664987
0.0022611818418640122
0.002951430527378256
0.004834824770146634
0.0063533252406629435
0.0071649612049762565
0.005738906961138242
0.002810840548815719
0.0011485654815836278
0.0010144228087940231
0.0012763065201743988
0.0005599682327140885
0.0005311118830924677
0.0008110319289232047
-0.0021388819100069223
-0.005866009769590715
-0.004512802526764909
-0.004302454168102243
-0.004740009268732689
-0.004667938827291088
-0.002735679867061087
-0.002771353677642745
-0.0029654385868635963
-0.004905793446736069
-0.004455909675383611
-0.00859758851331052
-0.010329973208778633
-0.012796272759406353
-0.01393790841331896
-0.01563380696221415
-0.012817923653925672
-0.010715397522834904
-0.009783433965519905
-0.0074651186938848165
-0.0027642159993479546
-0.0013889830612965146
-0.00242814409211312
-0.0010650212203938494
0.0018460622251010145
-0.00016648770372898838
-0.0005205590393359772
-0.0025418588253781024
-0.0006446664074039746
-0.0008161100242065307
-0.003059429350378731
-0.002671853973903395
-0.0042834078100966325
-0.008357863467056383
-0.008491931192369786
-0.008524308633373652
-0.00660939583715755
-0.0064111303971477115
-0.005797541193593192
-0.003484635556913329
-0.0024596439997122722
-0.0014523489903257014
-0.00037000073350982747
0.0027319001937067882
0.0033883204171826034
0.0011786173697325715
-0.0008980698079449724
-0.002241735391233554
-0.004801470828307442
-0.0058754021251716535
-0.0037845957431253004
-0.00344553160365516
-0.0030926280847362805
-0.006096528612222649
-0.004582426784456282
-0.007678005481607103
-0.00895091758542608
-0.009580296402659387
-0.00982570921798956
-0.010024217412200246
-0.004972644546794161
-0.00039794169780056843
0.0032381914932358823
0.005681627779632178
0.006064490439363622
0.0036712667312571914
0.002011437972699401
0.00361279362109113
0.004069354844513843
0.002110007983303871
6.807116344754233e-05
0.0005689874416232293
0.0015361597654316617
0.0025403899927625363
0.0010598813450259739
0.002172417705391629
0.0014839885451954414
0.0008704195524327434
0.002916596635965586
0.002721085667260264
0.0016713688199070853
-9.803210960294022e-05
0.0020648401346473064
0.0005562993639604688
0.0008350711727258934
0.001688226351928784
-3.575989556613833e-05
-0.0012182651840288454
-0.002253295424645497
-0.0022843810105821366
-0.0010584128310846652
0.00032187604876748107
-0.0001994326047213075
0.0013260039650113016
0.003817173255931394
0.005938864984707207
0.008666959506542123
0.009028353879649254
0.008912870861560137
0.008083273510175112
0.008340878934485464
0.0062068502056454216
0.003615741633852117
0.003331330524078713
-8.151703875639882e-05
-0.0051873075136356335
-0.0064907068136561925
-0.0067145316115448765
-0.005440627017280482
-0.002635785055734327
0.0020019142237145226
0.007278417831415624
0.009327501402267489
0.008420997291860712
0.010494338319184046
0.011608448233852929
0.008636127887580737
0.007428365238810773
0.007636170747454315
0.010358425170555567
0.011657494299582774
0.015223197965014562
0.014985228591745213
0.01295635160743227
0.011556706834165516
0.010646487409539858
0.008654491040444084
0.00796741428518125
0.007557723083971863
0.00808487860595496
0.0074398369779758436
0.009427597388272436
0.011651858913224511
0.012069673360679404
0.014776926302148325
0.01397053380962675
0.01161290275501149
0.007684742706713209
0.007993405704221945
0.00486420342285778
-0.0019206503938543622
-0.005606559436811391
-0.009349122106691586
-0.013407873805481519
-0.016127964451325052
-0.015687696897250265
-0.014918351519213021
-0.013087378759433594
-0.00958901547212452
-0.004766097513529097
-0.0026402749395295555
-0.000984554925777984
-0.0006616040046620373
-0.0011419898747537635
0.0020237397464695074
0.006408146899876759
0.008708855469369009
0.006784075609180624
0.009743720213212561
0.01329588687710222
0.013245067811883456
0.0151986702841517
0.017614152168833927
0.017324781290454942
0.017067779753945713
0.018693134278516203
0.0207875093512979
0.023057969981184465
0.02102170958490258
0.01915924970945641
0.016743974130965525
0.015134640311375963
0.014043522311175383
0.012931470690605195
0.009001292768399161
0.005768715202962522
0.0032685587467658045
0.00034023113315402673
-0.0021053809505296697
-0.003740933373127564
-0.005433445029339656
-0.0086962946014864
-0.007294653287900468
-0.0066184040587689815
-0.00595037765448332
-0.005097396034037485
-0.006249202234875782
-0.005192419346590269
-0.006048712194525469
-0.0065964312305237804
-0.006802487024023727
-0.010962180447287202
-0.011986938813954236
-0.006859800345312873
3.1027084087454284e-05
0.004616067445424455
0.005477053130930229
0.0053026074858697194
0.006948600161201402
0.009259863547985558
0.010959195909590153
0.012696876377383233
0.00984013083025056
0.010444869384549674
0.010087803039142494
0.010795107333157935
0.013859761116874095
0.014459417735658255
0.012987243698492277
0.012664439307770323
0.01098886290184894
0.009463877646697715
0.008821089716055412
0.007457764212367832
0.005603601838289446
0.005642332912678788
0.007086104744679237
0.008775667358804721
0.011383460304713504
0.014118844593135869
0.014391071094576208
0.013429661231993307
0.011233603037291727
0.008273516497158549
0.005404682374012975
0.0021292886151438573
-0.001743635612028739
-0.004452310952403415
-0.0059348778202937885
-0.006411607770742164
-0.00846278935689321
-0.0100486760403277
-0.010566356358170718
-0.00829296554798349
-0.006410131688986487
-0.005857409004106012
-0.006918535569320569
-0.005951878601186149
-0.00493409002558308
-0.002843353927967628
-0.0021482850148243767
-0.004353125667605867
-0.008039686194747485
-0.008282331521273688
-0.007834860102482452
-0.007889835473278376
-0.005622882160405502
-0.0060256203672896845
-0.008746820046734069
-0.011566121289161848
-0.013746045591362513
-0.01393563971059947
-0.013538889016880197
-0.011919993223532845
-0.011202700601416173
-0.007772910668603699
-0.003424724308533093
-0.0023854280172754204
0.0024983456928663844
0.0015731181070485557
0.0012123894172704828
-0.0004072140546464841
-0.0019983517549596926
-0.003086195242481347
-0.0048249042788797835
-0.00486159412950293
-0.003485336284178946
-0.004258873549864553
-0.003167230866261887
-0.0014620267505337419
0.001148582176516617
0.003918327522344676
0.0022130708680417883
0.0019088101742491723
0.002245108098263735
0.0036296795577435968
0.003588014292771671
0.003349684661469103
0.006303103983375756
0.008851808086394167
0.009867694570480664
0.00834459634670429
0.008367376090674759
0.007588127194729911
0.005638961704517307
0.003912695854231054
0.0022618951157755487
-0.0011385649610628184
-0.0031641787526088096
-0.005604567001834181
-0.0071753493200606795
-0.011308070068577215
-0.008379923003086726
-0.006256530591534491
-0.004180877047246048
-0.0019405576516316042
-0.0051860292081602035
-0.006316543380717382
-0.006754849024110374
-0.0067959580661965625
-0.008272273634241436
-0.008214534185675663
-0.00899851792070852
-0.010057168700768641
-0.007740581448556541
-0.005171664799916746
-0.003547327529556965
-0.0031478516889638184
-0.00013459015083610822
0.0022651910758969295
0.0019510613504116169
-0.0005589226171487447
0.0007058274103984999
0.002307305703105093
0.001386885318664231
-7.070198924606057e-05
-0.0034631636675879797
-0.005493145656868573
-0.005072718487566576
-0.00458444406084432
-0.004742000427993822
-0.007012527576224656
-0.006395748594306268
-0.005888449680311237
-0.005035398783016118
-0.003812711821765
-0.001813230428295219
-0.0004313823808361828
9.529796385627763e-05
-0.0002501584748719256
-0.0014278410145679378
-0.002669194092396955
-0.005518749090982536
-0.004739664046630335
-0.005958872266127946
-0.005241772254921037
-0.0027277422337969592
-0.0007535051482670771
0.002032830944131695
0.0011761064289984924
-0.0014712042378803962
-0.0040675353864098405
-0.006736616804335702
-0.009078240883655114
-0.009303353448469127
-0.010261212580528272
-0.007381912742294894
-0.008203205016505613
-0.00594089073656001
-0.007460961657569963
-0.010411047412955394
-0.009220253737730614
-0.0074798055972818125
-0.008590019929531442
-0.008847449227703233
-0.009018958806801078
-0.011155203122402807
-0.015818907005193856
-0.01769019071137232
-0.01802411849239954
-0.01725281173652902
-0.01682519154144784
-0.013524591423306141
-0.011648836449015482
-0.010520601998372204
-0.00716773414973426
-0.003145809190124554
-0.004250906215963409
-0.004490021252996966
-0.007304875595990928
-0.011181884822728728
-0.014408822459661016
-0.01436028902919679
-0.011760039596793238
-0.010217552420322283
-0.010241679545955333
-0.011051458712084303
-0.009896825918951538
-0.012327446327883858
-0.01489640587303293
-0.015740526253312744
-0.016656333994592924
-0.013059378794730089
-0.012708412130489677
-0.012177971505288277
-0.012722923845487065
-0.010239177454586358
-0.0075177243450537615
-0.0016163234744817363
0.0011388474952090328
0.0009040622128739347
-0.0008681087399914522
0.00012710132543482854
0.0003288904422382702
-0.00043134597669856515
-0.0023606898362406254
-0.004730389632857871
-0.0074158172787978345
-0.009292476070821312
-0.007578480346396721
-0.00710473264959431
-0.009243854911384096
-0.011120334901491726
-0.012183271986638284
-0.014398622563934062
-0.014265598879825698
-0.01466499264664393
-0.013626831312889996
-0.011969405262017573
-0.008800090136606898
-0.004010156726072527
-0.001396873180121997
0.0028032607586566927
0.005155237638996833
0.008912510416833436
0.008480861929069761
0.008060117467702419
0.007916147911520934
0.005272913254164841
0.004520009539561295
0.005198916974517661
0.004398849892499387
0.004021258347345753
0.004452120311325147
0.003312564663924292
-0.0002242385916779043
-0.002230246918590365
-0.0021743012972087416
0.0010296046755713087
0.003070726163789899
0.004310897806489559
0.005057722028465489
0.004727640138367207
0.0009050230760191658
9.171075744297266e-05
-0.0005532777129194537
-0.0034250168387053638
-0.00458388568984178
-0.004318927504550111
-0.003932144877397104
-0.004402624245729046
-0.0062177155486836345
-0.007502456816154727
-0.008297261743051757
-0.006990477774655102
-0.0027386259559719944
-0.0031335349489549046
-0.003567104273670199
-0.0030309286843606276
-0.0015263158824069915
-0.0018652535569317749
-0.00395014434558589
-0.004983301273165889
-0.003894306161123399
-1.3607015050954986e-05
-0.00029266209390252173
-0.0024779833726812474
-0.0036432482009347727
-0.0007680911379952307
0.002611589325304766
0.003053089075081815
0.004389309485825987
0.005372839910030792
0.005042603913953511
0.005917164532703242
0.003651027745768258
0.0009981347067097252
-0.0020864934847265315
-0.0008964824734137775
-0.0003232192266676553
0.0015750892317807311
0.00036048582982809243
-0.0018723182501589174
-0.0023055667812548458
-0.0006929633169867658
0.0002737939786169593
-0.00012565682671711542
0.00267702233325346
0.004684956237846849
0.004509452180471354
0.005021860021753466
0.0044401008013431635
0.0035548722742303205
0.0020093347189876353
0.0024462232430393525
-0.0006814063490838141
-0.00392143884893043
-0.0037537557323193637
-0.005662986085090403
-0.008007302372257477
-0.008903150315828709
-0.007753580257928003
-0.006560903216416479
-0.006242171038888391
-0.0053227336778474904
-0.004488266985495904
-0.004232685365460427
-0.003909654040327506
-0.000980831893882736
0.0004478201748452949
5.563526876977351e-05
0.00109921948771432
-0.0022051897090383603
-0.003658169481926903
-0.0004342554289756394
0.0020430518974296286
0.0040198008774029745
0.0019186785148840818
0.0006392412041407483
-0.0025622250780302177
-0.004134710979717436
-0.0034053538616966384
-0.003570678538072919
-0.006130941988147798
-0.00735549877102415
-0.008785949400848378
-0.005491584950868198
-0.006198598390977824
-0.009325605539191251
-0.008074057606174944
-0.004008733580241453
-0.0008415448833695175
0.0005431221119657527
0.002177394071657023
0.001916160738004804
0.003434751657030994
0.005091425458988875
0.004681326562044969
0.004314504588779785
0.002529019215170337
0.0047929724860117295
0.0026998253656942317
0.00172453658454674
0.0010837727988565653
-0.0004104708553132711
-0.0030921601228042165
-0.0025159781343753558
-0.00036733144172947975
-1.6392599992370442e-05
-0.0016907737057464019
-0.002021372221262837
-0.00047798098640695213
-0.0005781992903555754
-0.0021816239034383473
-0.005233095160740745
-0.008536967687801263
-0.007722315452641125
-0.006035452564932264
-0.006832998003066345
-0.002777805076186499
-0.0008722326244172533
0.0003894171695411794
0.0014311284418547874
0.002009552356912799
0.003942414204306391
0.0019485170504695904
0.0005373611634641167
5.38350096392325e-05
-0.0020115272809840307
-0.002239706332516862
-0.001315727861025754
-0.0004986440591655013
-0.001395262239170453
-0.0004085697724320081
0.0017248240318120292
0.003125098427866642
0.00728791402845764
0.006341252301245177
0.004455062885451213
0.0033726687707675896
0.0033739257004536615
0.0036994877857395255
0.0008006335523668458
-0.0023209976936168974
-0.0031406843224114018
-0.006210320516387364
-0.008333135156980462
-0.005272836211117457
-0.006878250931660005
-0.005208505305944317
-0.006578891272631026
-0.007476526498380873
-0.008013474043247292
-0.007439988204065181
-0.00850523804128622
-0.007961596469109036
-0.006717546613225447
-0.005501607874453874
-0.0012530429006487823
-0.0002795863177069354
-0.0006229082881245901
0.0005692920974075308
-0.0016824488295567588
0.0018348926331531886
0.0052380041502281365
0.0042631859521941465
0.0018665511014167794
-5.115276002106015e-05
-0.0024101132558385346
-0.0024374884733146204
-6.398517061318893e-05
-9.420641425474106e-05
0.0002742349761142713
-0.0020150160677885297
-0.0030165430488677436
-0.004581864078478858
-0.0055356126533239345
-0.007005277299045366
-0.00810726763952867
-0.007187525265963521
-0.0064964164847100105
-0.005071021850953868
-0.0051735790018522685
-0.006315158267873949
-0.009880667057325938
-0.010703028743105136
-0.009852802942275547
-0.01188008599109491
-0.012336187483164354
-0.01164304361743416
-0.013388968226470241
-0.010853091314391713
-0.007302816239165921
-0.005629402175704378
-0.0053572322848077876
-0.0031777378564953993
-0.001390868569138288
0.0019081654724242975
0.003680261586662853
0.0024005247297213626
0.0025750000610887487
0.001288619118489781
-0.0015720159798226446
6.209081122947502e-05
0.003887873979076615
0.005408499280084173
0.00394925985228681
0.004128515704232001
0.004221939151221699
0.004268950900573726
0.0076187292434463155
0.0090242981649811
0.007462509614379964
0.007134266205639256
0.0036621409026669893
0.003198813762123416
0.0022200984547075977
-0.00023973168711826354
-0.005588706664786117
-0.00942495240328828
-0.010613522094227326
-0.008530868012454533
-0.00891769827732336
-0.006652607493499727
-0.006640679077946208
-0.006172377283208877
-0.00403512134050196
-0.003719173245508799
-0.004771619551083335
-0.006803169767853769
-0.009281390096155931
-0.008748377767917915
-0.010642059091299899
-0.011149511622781386
-0.010585843320495902
-0.00723476689208512
-0.0063870520997993075
-0.00985392581970653
-0.012303904683895825
-0.011593689687613097
-0.01311033300952643
-0.01515000392474475
-0.015546625426438575
-0.01485631511821314
-0.014049984744463508
-0.010603323693128875
-0.006244719572017587
-0.004616277131935617
-0.0011151920810917701
0.0004392452853449244
-0.00026671099094344717
-0.0026370231720902414
-0.004341741838555504
-0.004501497425313196
-0.006101091475340517
-0.00893063713205554
-0.009439660807660037
-0.007414012646904453
-0.009213134544226223
-0.008843266562462098
-0.009934081508889952
-0.009177205157349402
-0.007234355946742393
-0.004420358987997937
-0.0054331219117391165
-0.006093807576728998
-0.005389859793192328
-0.004490361513846625
-0.004341657965209592
-0.001859335867231182
-0.000845776964728284
-0.00043728936672094516
-0.00038564303671647396
-0.0005856059838174535
-0.00041258100229590405
-0.00368496615453061
-0.005747154316909029
-0.007038571154544547
-0.009497069904262462
-0.012270863992238852
-0.010063470934222104
-0.0053855190366152075
-0.003046694855623924
-0.002746130919615389
-0.005815927781893548
-0.006408321530644634
-0.005695139901547128
-0.004722997338966365
-0.001889005565786506
-0.0022378587282003795
-0.00030306455783552796
-0.0013816295891947294
-0.007200692192033493
-0.009254507123626667
-0.008798181529812571
-0.010128870895739701
-0.009856031613556946
-0.00979720445043202
-0.006060882301120104
-0.004140500420722634
-0.005687521700143794
-0.0070314867153634655
-0.005307473680062844
-0.0037463907946615584
-0.0014128866644410748
-0.0006180630884303072
-0.0018891950232919413
-0.005380543804065556
-0.005266539291941023
-0.0027118832267611376
-0.0021816182250103686
-0.00018648205506644082
-0.0003151352361393081
-0.0014236846340525784
-0.002563605662368106
-0.0002616712492383771
0.003489134052068036
0.004577111123706719
0.00650354385271339
0.004242289204073199
0.0037958953399385635
0.003171104189299525
-0.00015545417962663894
-9.190922511203964e-05
0.001883204652107083
0.003854091827166328
0.005572533948435827
0.006503142879034134
0.007950960416406073
0.007557126995393466
0.009163479090384001
0.011447848436277323
0.008997194689732466
0.008350576449608807
0.009119861671053482
0.007606228844110661
0.004095143575212911
0.002159835047855668
-0.00022744897165595656
-0.0002215639285220648
-0.0007033383808919719
-0.0039833165248079816
-0.0050917358476465354
-0.003708154076733437
-0.0015688572958055887
9.2117081292192e-05
0.0013559169672766004
0.0021288302766114663
0.001554551345530049
0.002841197279412434
0.004153977273337687
0.0062138643334535846
0.0060874691341542275
0.002937507091365151
0.0018515794239434963
0.004874543778440389
0.006912539934922252
0.00774089190115039
0.00930686743789385
0.010905855072401336
0.012231365602337087
0.01306740624670825
0.011217174414722895
0.007534618623665642
0.005797287141036316
0.006317105363329238
0.006965305817474357
0.008510156284304505
0.011261919476164913
0.011558323264040233
0.013197323214899536
0.01383394381735151
0.011916872339134714
0.007877292859185037
0.005713237995733832
0.0038355624186429084
-0.000379729414901541
-0.006939926112722583
-0.010959566646568643
-0.010851784869851337
-0.009412182029577373
-0.010380991200460429
-0.014731604322490129
-0.015441969087360403
-0.01374114766910126
-0.009422912297116951
-0.006852504108498549
-0.005063103286484443
-0.004346418234602224
-0.0026025330340551764
-0.002617131645030371
-0.002200777257551512
-0.002413134294816393
-0.0019032664293569315
-0.002006375492586419
0.000184892262158844
0.0009420212586253336
0.0008410714286615991
-0.0005059982732907119
-0.001608372172263647
-0.0013516422085088227
-0.002281875839347736
-0.0020985203978434873
-0.004306449254979767
-0.005294415339231245
-0.007564138834992063
-0.009018688041582764
-0.009971933874957432
-0.00807334539985741
-0.006524126368126406
-0.004187509761688646
-0.0029460060557548492
-0.0027691857164203544
-0.0025661164421618113
-0.00027636310015703513
0.0003555188527351687
0.00037857024333969714
-0.0014799466358808883
-0.002719513991990475
-0.0018345226749812205
-0.002730691797957503
-0.0009733028287916589
-0.002413799928684714
-0.006013282432163372
-0.004284541678862851
-0.004016125814529429
-0.0016601230046951654
-0.0008082138343293717
-0.0013351080856897034
-0.002696680846853237
-0.005355462066278267
-0.00659215017079354
-0.003586850086175125
-0.0021722057564323577
-0.0005371439035527928
-0.00043810721191761884
-0.00037199993179370326
0.0013692399436547645
0.0011737388647546341
0.0016587933968466133
0.0013604547210851244
0.0019586260008227063
0.0032995017616205204
0.003677105390726181
0.0017785967789098165
0.0008591199858397036
-0.00027544317252511735
-2.6979936545027542e-05
0.0014098131009623563
0.0011581112172829274
0.0014484084853758996
0.0010957303542862631
0.002068952875375024
0.003099285918897363
0.000939200804774199
0.001491176361139587
0.0022736639809259654
0.00047948289985107927
0.0016214446690293004
0.0015366618437881187
0.0026719366354310266
0.003977326155882272
0.0021385649874722224
6.683184264294648e-05
-0.0009427701021537917
-0.0018402284473893634
-0.0031907973962853947
0.0008255008056582212
0.0022019638863147936
-0.0005405831414873197
-0.0017430588784741097
-0.0024081085223456545
-0.003783748474183143
-0.004168779587162674
-0.003233895755952978
-0.0012914662498163814
0.0015246576843240215
0.0021318505638820945
0.0016766741515671384
0.0026737246669805495
0.001503578879245534
-0.002615705874280145
-0.005851043225691377
-0.008823340219737094
-0.010554395930565227
-0.010358633332364638
-0.009311467983704745
-0.00854340210515454
-0.00788256953523403
-0.00704910939295638
-0.007436151916317582
-0.008090295414414776
-0.008052233834895537
-0.005538048624023284
-0.006437648213714983
-0.006324308759004434
-0.004968142640512867
-0.004977928455340314
-0.008476009205272835
-0.00873373599710932
-0.007509131786071807
-0.007378662174033883
-0.005690599902408118
-0.005089369975829439
-0.004279125929456498
-0.0028582231632979403
-0.0030326818866372083
-0.004328880939648384
-0.0019806610671783795
-0.0009412987186938598
0.0014013620795888032
-0.0014995586587137869
-0.0032933360175877897
-0.0047704113736275425
-0.005629291762756492
-0.006604463165641771
-0.00857157821110536
-0.01067527434655851
-0.011468141913232059
-0.01207263534277519
-0.010813174231587005
-0.010603843562323044
-0.009796009851330327
-0.01250677064355915
-0.011431705345770128
-0.011130710954301168
-0.010819258685497758
-0.009661509909053121
-0.00734342541609051
-0.006820803564729635
-0.006157310651203903
-0.00579557956770378
-0.0035818752720222385
-0.0032283438488031786
0.0004931220113239442
0.0005522826787938475
0.0001813955336508434
0.0018183322061651652
0.00040481985655300734
0.0006751395506783314
0.004360037645492817
0.004885677936498309
