1.0
0.45061550540319184
0.19658114744159633
0.09518577353222535
0.04872816298311356
0.02645724641237881
0.007985977670319248
0.004419028981839795
0.005431035248639782
0.00442621574405746
0.0007281980253352916
0.00027077273139583855
-0.00023787674023673382
0.0006520078704658996
0.0052515787540756064
0.007647009243355826
0.004376695117340414
0.0039902286254646785
0.002078140578433827
-0.0012354951790326302
0.00021703010594454884
-0.0007744363156979298
-0.0039039165117138964
-0.008070457401844748
-0.0028019474070921646
-0.004728815229213334
-0.004785645822159054
-0.004502152135715726
-0.0035684883295883053
-0.0018271465205826208
-0.0033448693675017555
-0.0019427949320801755
0.003032173019130784
0.0012709593909118542
-0.0014420815343875366
0.0003121507505303351
0.0006453648664485925
0.0009605676606152174
0.0024785612206573424
0.007509730068935408
0.009039337892527055
0.007638654195772254
0.005172339262884551
-0.004123293063196662
-0.006907268229495386
-0.007313119164425275
-0.0053240885859857975
-0.008756758989259946
-0.007003803889737331
6.956821568811842e-05
-0.0010006634279373001
-0.0013909065448183258
0.006248614548463987
0.006409105010078351
0.004124557128428152
0.004922083659557562
0.0015013497449482575
0.003988988814788351
0.00037552931532035147
-0.0010941726603252585
-0.0005041057541012844
-0.0005078091404687809
0.009132319361761518
0.011296287670415368
0.013557297816170688
0.005566640197047811
0.004566419985163177
-0.00036226996192372803
-0.0026439384885345537
-0.0008466451970130726
0.004892014152764574
-0.0019380497184892662
0.0019053668398415977
0.0057806743259075435
0.008576727315515134
0.003181017838847241
-0.005995865752424412
-0.003094082648344388
-0.0061318643841963855
-0.0021969076214232775
-0.00626433326046934
-0.002602662436705527
-0.0005692356404377385
0.0006993563699912343
0.0006739802321716944
0.003412489563409707
0.004324180415044973
0.0029719359645027444
0.006435342489429362
0.0025467004993968605
0.004500450005045861
0.00985296888426309
0.006023383464164139
0.002179340697512118
0.006592571496954859
0.0068098493326134235
0.0010710950204084098
-0.0011435345287528077
-0.000587126487548713
-0.000380981156781227
0.0015327547026886413
0.005300614622176907
0.004297237017805058
-0.0007613234958000721
-0.0036691643828924312
-0.0004535000005718198
0.004945803266491749
0.0022547684885551103
-0.0031678249583824694
-0.008358126570531622
-0.009609870922575441
-0.009754833538209681
-0.006612370015251271
-0.00817643849875194
-0.007765915299082151
-0.005411538017176423
-0.011808785954001037
-0.00582549181754059
-0.0036102385594434265
0.002209258296950935
0.001538513129690225
0.006056341582313535
0.006623182529709111
0.005566769472026582
0.003475947765578836
0.0022308307619090303
0.001836973080615329
0.008240671247869737
0.00806926558941857
0.00024405236992066233
-0.004762373024468503
-0.0034062127659662015
0.0010900497224265618
-0.0007834327238179724
-0.00378241352686627
-0.0059071379146532115
-0.011289343128659615
-0.006757977869926655
-0.008192111222055657
-0.0066075430645829636
-0.006000644098258477
0.0008490496973181243
0.0056285930720014156
0.0041636535547033855
-0.0032988636686075916
-0.006244860192688796
-0.006497807173917206
-0.004922202668989167
-0.002866625927458117
0.0001765705597269574
-0.004003076932754593
-0.006672609602606173
-0.004117920935019631
-0.003935805774362053
-0.006518953905134275
-0.008293151210296976
-0.0037403010361414485
-0.005290409639072069
-0.004417985841079159
-0.007412135156276204
0.0018014059724406806
0.0006949043265883774
0.0020257624721044015
0.00220722000820889
0.0009242704642968623
-0.000934272904641297
-0.0009047626502481701
0.0005892182318708726
-0.0025915925697337317
-0.0005589849204312745
0.003019388554016585
0.002809789306142124
0.0005054115966293406
0.0022266840661735307
-0.0024527919923290342
-0.0067576199792907824
-0.008188918513257825
-0.008157850030765421
-0.01398040023063879
-0.010155541223567944
-0.01476036435236491
-0.013947357139310466
-0.015825380865395176
-0.011133237512808437
-0.005189358471054794
-0.005761982452829923
-0.006691207390461874
-0.00985571424997236
-0.0034155578385123542
0.0048477458694361035
0.008326350128602073
0.005609161300730127
0.007449841072011753
0.006134668679779031
0.001291620215583149
0.001102103511118183
0.0031069879369995056
-0.0016082965678073323
-0.0022092230645277787
-0.0044201277369578995
-0.00805982189329767
-0.01289877807997945
-0.010358095196710477
0.000684081134303004
0.002364115780131994
-0.0012255134971870475
0.0020297517508551344
0.0028408951318010366
0.00027043094144033785
0.0018117615839084087
0.001762884842059069
0.00454775329470165
0.0022227437017253776
-0.001334045886510913
-0.002728120957072375
-0.0019751746547321835
0.0012011281851834973
0.006086370537158682
0.0007440713369041932
-0.00037378871502473436
-0.005167739791779775
-0.0012045831232194303
-0.0028978337365599973
-0.0051848065758381655
-0.000676291811115904
-0.003650279270717276
0.0032441690010451157
0.005311409053519609
0.00326211814770364
0.00014876490586657583
0.00048330236916197336
-0.0025649340536168315
0.0006538683464911356
-0.0011630975563365665
-0.005248346579393823
-0.005555936357141665
-0.0022416707591440595
0.0021591245569928417
0.0051554568218272565
0.0022645604996169182
-8.666650485510557e-05
-0.004624021493501331
-0.00700543740542043
-0.003925055624174208
-0.0008244828142125015
0.002477038422932228
-0.0007598134092959628
-0.001049354758476343
0.0022855029498690016
0.003245631759779399
-0.002042376368519201
-0.004625908456148782
0.0005248660927655657
0.002799513498968219
0.00914119578449266
0.01700116813967696
0.014063423798401916
0.007022256308781142
0.00139313355075225
0.0038214260905251813
-0.008035994417000645
-0.0076439909791829975
-0.01134233165966799
-0.006729761458507649
-0.005565466903483605
-0.005055223893772268
0.001175376418487436
-0.002169341540649456
0.0002561969100474809
0.004684433985365293
0.007089762123140739
0.008092482436307202
0.006872044618513342
0.0036922401643132464
0.003506134335944697
0.00472984280933202
-0.0006243414112591264
-0.006430440652240492
-0.0028676350405337455
0.0054903113509183815
0.00021796792286910127
-0.0052953978826836
0.0008307482003465349
0.0025887633977689506
0.0032388780617522914
-0.0011497038895523781
-0.003735587504517848
-0.005567878470051184
-0.006965803754497915
-0.002389828808920712
-0.0020257350544621426
0.004866415525928338
0.00673332566198918
0.0038913593485475333
0.006953702550708178
0.005555525646963283
0.00864904279339533
0.00797309874441643
0.0005805429895031116
-0.004296933418320693
-0.0014751779655464204
-0.0002468266636937634
-0.0021296455828155995
-0.005539595089360459
-0.002033783975511858
-0.0007852236523912491
0.0035011048189462946
0.00630095462284136
-0.0026983774634743436
0.005190421698870526
0.003966368443518721
0.006476787988317261
0.0027575085845850705
0.0009773830022341563
-0.0019738631850347455
-0.00798118891431989
-0.008203271841529306
-0.003724851891875273
0.0011218076564703896
0.0010840352466762865
0.004740691127803858
0.006495575628529387
0.002324220010938177
-0.0009223811845250181
0.0012771317879694919
-0.0004183121335956814
-0.0009661235284092256
0.0033191980812228034
0.003714356078381852
-0.0025507336136460237
-0.004472012559634353
-0.004149282002139472
-0.0016865529128418633
-0.0043313375235619605
-0.007309543726252127
-0.009523281920614362
-0.008738623553948043
-0.0045832531165664134
-0.0055500673789591745
-0.004015701525335001
-0.0008491318647402516
-0.0014455678333956568
0.0016233313623561648
0.0007939108987516174
0.002937897701382462
-0.004636208931465731
0.00034351198714551037
0.005881181380733931
0.001880426533741782
-0.003943788215804705
-0.005464746215410422
-0.003135493061939063
0.0036200126580897217
0.006443968493643532
0.004981822036685997
0.0021271985641622138
-0.005857497069843865
-0.011753392058178828
-0.00836675220021134
-0.008127538237618609
-0.012774139591628476
-0.007743970781165531
-0.0079631268489823
-0.004008671543445149
-0.0022132112168192675
0.0014345451326810818
-0.0016170374749933825
0.001054595952953216
0.001372884020718886
-0.003350052473663692
-0.0017986691615662338
-0.0010955737235494546
-0.0030274135814887153
-0.002028031881806988
-0.002847342017295817
-0.0015973914066013703
-0.0008346479401764971
-0.007695696159239914
-0.006971649206686794
-0.005557517260970812
0.0035587390187915647
0.008188501420544439
0.006972836208831271
0.0025807458017691473
0.00012758923003527848
-0.002765901068134362
-0.0021080280624468607
-8.116138966203258e-05
0.003210324419616457
0.005981258863297075
0.004502269057526362
0.0013700448743356468
0.005213449212280044
0.007063495422085382
0.004518606270735574
1.299669677290635e-05
-0.004439767035927872
-0.008687563476296874
-0.008294164859626526
0.0009541869043476829
0.0059473856059142705
0.0027332961501144648
0.002806604530696226
-0.0011110201238905628
0.003445857032678067
0.007038093590204634
-0.0025397060137730843
0.0005733487124417862
-0.0036359739682570004
-0.00016442082941629083
-0.003042608508939018
-0.006268954546304851
-0.007320103521687816
-0.0003172567170123621
0.001837049957037261
0.004169255021215248
0.005061551843469227
0.0011270739106912806
0.0008299414123299339
0.0029248219224085204
0.0030907655822378205
0.0009840255187545312
0.0032996135900451094
0.00013342492891349765
0.005553158012822342
-0.0009447591235495907
-0.0002037501860474417
-0.0012252877117166462
-0.002997726666334581
-0.003276079267454556
-0.00900262583893438
-0.008874171836136577
-0.002291095441110904
-0.0022116700302267753
-0.004461143123957034
0.0005826683970918708
0.0030511352263926793
0.001631315792289444
0.0033161953291762094
0.0014123719618775693
0.0029630447496392506
0.007297267290609668
0.0025492955637598158
-0.00018099289196726198
-0.0002604242613383865
-0.0019455631593585964
0.004375870165452373
0.006869452596292274
0.009389724963713231
0.007012528441931192
0.004460858597136386
0.0005630417269694105
0.0004543954095298962
-0.0033714538454349685
-0.002418590537855855
0.006842742145889858
0.0061341667719929
0.0014814780546285402
-0.007289071119921037
-0.005429129468810316
-0.0008864961732284247
0.005039324211950056
0.01012453078108121
0.006802682661683077
0.008252321279270124
0.0068826900667953005
0.00791530872117285
-0.0016144500087766065
0.0014813242171058264
0.006740331255613178
0.0062069315003518985
0.001691708075912243
0.006193874253074228
0.003427480770922514
0.000989230446150374
0.001989270204446018
0.0018877031371228089
0.004016838752418622
-0.00043430046295699266
0.0006611868886469271
-0.0038643631499671064
-0.0018763732763519782
-0.0056389592668802755
-0.007096260110996923
-0.00195445723169458
0.00010979851609482394
0.004553198364951254
0.009168747944903063
0.007377578212660721
0.004716907134010413
0.0039988397600589825
0.006830371574892573
0.006030656186356645
-0.00013020107065135926
0.0018661487601314226
0.007533986678583278
0.010877829046331307
0.005777176181873207
0.000868352488489856
0.0058661740346572025
0.010056444472386147
0.012755328556002274
0.002441994603557702
0.0036006526794470106
0.00444463234876478
0.007147313744143722
0.007939683673556915
0.0038674976277931488
0.002741647665857084
-0.0017983694490853943
-0.0077748366587561245
0.001350290956640841
-0.0013912645019998695
0.002872563187554935
0.001295802246794693
-0.0011885474359122053
0.0020770848086880452
-0.0003904508048880245
0.0036955090273714047
-0.0013381945664360014
-0.0014991168271161887
-0.005471076198191177
-0.007286388347675513
-0.007133161962890569
-0.012593277560553388
-0.010940832724156776
-0.005001886840306468
0.0014562417730999964
0.0009072825740196031
0.004600839664912944
0.009246818167338718
0.007633989882311017
-0.0007127713968347538
0.0022800431169405578
-0.0015685000417786955
-0.005220995649548523
-0.0014440845728485123
0.005512627366443407
0.007725689891812356
0.005547810848871861
0.007332277144475001
0.005997040022358816
0.0031634146709086193
0.0016482840605399132
-0.004765477763846203
-0.00046026369892684254
0.003343338092876639
0.0077234191263191405
0.0034344314025361892
0.0008464327505776962
0.008023524743981067
0.00856919001423783
0.004158652780445658
0.002480552007936414
-8.703240891104804e-06
0.002494008452096764
-0.0028572615710500426
-0.007963769998819694
-0.0011889419388476797
0.0031718681549545496
-0.0033010480362802228
-0.003361205591024755
0.0017220246563904125
0.0073478065130572374
0.0072245025818978145
0.011550410883574409
0.007108910541052374
0.005417976124388817
0.003503402812147899
0.0009550385410842107
-0.0010469716029189247
-0.002613250830883115
-0.0020764364298198217
-0.0009299731085467113
-0.0008837558331968741
-0.0024048664523743653
-0.0010244070191837847
-0.007770334326335489
-0.007772817160804923
-0.006151123951270943
-0.009484316939037094
-0.012746932271332598
-0.010826682469836755
-0.009048592815680207
-0.008236929674953652
-0.0046781904190888336
-0.0016347208202119054
-0.004797541152704865
-0.006741574536849258
-0.005630587653588026
-0.004569451496466435
-0.0037735712531438374
-0.007344097361818304
-0.008033153517066717
-0.003862543055671803
-0.003814888654436508
-0.0013274624222198634
0.0024859020818664658
0.006774168051714452
0.005126331712926548
0.006256073780864979
0.0052102332252628395
0.003829360748012636
-0.0017619349833271768
-0.0003684480435093996
-0.0022958357576767638
-0.005371289341287173
-0.0025700177060003237
0.000829846926492065
-0.000640231206094396
-0.0025954525243018106
-0.0028358102765030364
0.000747852847855057
-0.004226386405651992
0.004879973294165217
-2.0608439155204684e-05
-0.004202595863681939
1.2253059290585995e-05
-0.0038892593348074794
-0.004466826542839088
-0.0037295449036560575
-0.006679878915829801
-0.004159183096558102
-0.009022053829592636
-0.004270576790941407
0.004248326598822571
0.006130525201633391
0.008737174624670423
0.009567309513859314
0.009132350676179263
0.0016152304300495444
-0.0017172553682342094
-0.00671410115612203
-0.001432532030477676
-0.002717983673796489
-0.0025649958685237534
-0.0019112651799767053
-0.005166624525042856
-0.00574983731981352
-0.006490489271446301
-0.008843764405781036
-0.01091656073760733
-0.010495250589163506
-0.010582646127616441
-0.010514657613840803
-0.0054480136002798265
-0.002768171711650119
0.0018244688958202328
0.004491571722029455
-0.0043396674102410835
-0.004678319219232931
-0.00761904316962867
-0.01255543232030727
-0.015540647192070567
-0.012955041924434176
-0.007397978491382834
-0.004242037306964819
0.004837450576492315
0.003914290579454881
0.0013736318277313628
-0.0014416881634166355
-0.0026473237942332274
-0.001358187816015116
-0.006524602889797141
-0.003533697531168848
-0.006081955260755187
-0.005300436596335028
-0.009678315630702051
-0.001342139616951857
0.0037196440524009523
0.002084875554968427
0.004854321499746419
0.005545581460300122
-8.519902481901114e-05
0.001068353212071058
-0.0017897742209709627
-0.003053280975623618
-0.006708704367853498
-0.005122690305455978
-0.004497499926788176
-0.0035070008412000256
0.006350450611109732
0.005763649080111192
0.004452461283038899
0.0004285323776116843
-0.0014483845312126867
-0.004253388931025962
-0.003177726166727013
0.000973727254343523
0.005750927731329414
0.001647023846183224
-0.0038229675772613594
0.0009438918451051343
0.003182258007610848
0.00729487162625533
0.006723809492092803
0.001951960318032971
0.004993818138607655
0.005640275254285556
0.011821377556479017
0.009516838055412194
0.0071043288337192135
0.005990736576436406
0.003909832462985356
0.0006443606231122233
-0.005194089958551602
-0.0052793388885981046
-0.007357591360825084
-0.005278502992080496
-0.003650484909090081
-0.0017615476290277236
-0.003007350224978525
-0.006892070611831387
-0.005005116542544748
0.001143037422955974
0.0029404382741655055
-0.0004912880305342495
-0.002515497254557266
-0.00039389215934907535
0.0008212014161038838
0.0031313394887050225
1.8089101219653176e-05
-0.0010250314806294646
0.002931802645637429
-0.0019389051598214175
-0.00018817780745653407
-0.00040526707731978155
0.003167332832500303
-0.00539646612193644
-0.010068993438632925
-0.0029750602728840295
0.0004036485163827074
0.0019686095940008594
-0.0039124204625309335
-0.005267088492958
-0.003942985353913877
0.004214381233011722
-0.003803152788961284
-0.0017613689552429634
-0.0052708827581402565
-0.004336678981375989
0.002214873207718433
0.005018723701054354
0.0038077531177964047
0.0076834602433391175
0.008161815937912629
0.01394713914405343
0.009549295443950391
0.007041787028303988
0.006849105919351184
0.007042413515710945
0.0092743651732811
0.0016363253238060808
-0.007546150130583781
-0.006850092542708265
-0.001836164501921473
0.0034418489316872954
0.0001201682054128035
-0.003274214217223033
-0.003898618416387264
0.005262299724193159
0.0076147276387860865
0.0020595367677819993
0.008665645156936099
0.011471366576857904
0.010016143955320267
0.005229220077373354
0.0027926211939126168
0.002534993290951212
-0.003508922966559397
-0.00444788432752772
-0.010331400843341151
-0.0079628597813165
-0.004490267648501418
0.0007739089119392297
0.004037300930141566
0.003734036959415642
0.01130953373597653
0.008426949648500708
0.002404241024949798
0.002709341715825429
0.0010471792643627085
0.004776095742288497
0.0032731277667917553
-0.007194714005431308
-0.009867310377073864
-0.012040313916261909
-0.008147219408301551
-0.007178630749358456
0.0036409773677655356
0.008243459600740561
0.01005943497665726
0.008570141629754792
0.005320425610595298
0.0027007446949004273
0.0003646705595350652
-0.007000419836914031
-0.0009159219954788862
-0.0006043913419409997
0.003920969405894631
0.002197553406765155
0.0017828482064039923
0.002368731569824968
-0.0008961199355007462
0.003671903907619083
0.005090813558107911
0.005185459598933586
-2.587436622188687e-05
0.0010179132909387122
0.0029081343389812434
-4.444300315113462e-05
0.0045497712357800615
0.0017873264514938507
-0.006486927841790659
-0.015242089856029007
-0.007371736994001454
-0.00742021918119963
-0.011668536764425702
-0.00958497791186723
-0.008078206854334132
-0.004274214375407908
0.0030043653908871817
0.0050789927651479945
0.007087273536737393
0.005413384312436153
0.0033266443629897694
-0.0017306856316622187
0.0010180584776618268
-0.002982356059757939
-0.00267929413789554
-0.0007159251157187807
0.0015459757610472758
0.0013694751966652453
0.0030636805951130414
0.0035931695260794207
0.0023046292386955836
-0.0021037052402081784
-0.00132822991721986
-0.006720932413300751
-0.0002502331125417835
-0.0001572226173518481
0.0016902546808833282
0.003687607260271096
0.009431233726269934
0.002226198814589932
0.0030876331339859276
0.001927461386831577
-0.0002958414531612983
-0.005858820718293715
-0.004016645478465469
-0.0065525405971073045
-0.003034156530463088
-0.0001012404346066358
0.0019760086862161794
0.00910532938138201
0.008056996959954932
0.001567760831475955
-0.0029963560175099713
-0.0010405723775438343
0.0021211225807368146
0.002990422420831482
0.0011577959883512746
-0.004249424382938173
-0.007418000040248327
-0.002360660171650146
0.0051844873224997385
0.004908719660959947
0.005088159920616935
0.0024634147129589837
-0.0031149354740678255
-0.009450467533219329
-0.014566219782954753
-0.011070565322677636
-0.0061147617197031415
0.006813124402965065
0.010163344736535527
0.0082250368212212
0.0014391978809244778
0.007633146359742089
0.004711960413968572
0.0009963256350559542
0.002442003781664648
-9.943742155971527e-05
0.00191682171350269
0.00411860090329681
0.007662214325042413
0.003551507053207526
0.006436057661261125
-0.0003227049707531904
-0.005504691252555426
-0.002579382860061834
0.002370700678286127
-7.551418683348578e-05
-0.0026908972431054835
-0.0010980406539475977
0.006340159814334185
0.013328379533133514
0.0135955677328937
0.00580036636187449
-0.0008946803232364187
-0.0015203389916362711
-0.007228989296180213
-0.011597440968119783
-0.012127191503125277
-0.004446006187377335
-0.005977437078796004
-0.0060287545293996655
-0.0030573732499721575
0.0023539906817676075
-3.512727728030945e-05
-0.0020754472700885975
0.004297611345496939
0.005371196922046794
0.002931321667049774
0.0014547966079194196
0.0010006181207610546
0.0007531684225342158
0.007269686944322674
0.008869050591780088
0.005668483693230381
0.0028119238867109907
0.0010673001713515456
0.0008712533638968758
0.003009138743421747
-0.0008395413692819851
0.0007793947212490625
0.0034235151276526344
0.003647975377453986
0.00353354884336581
0.0004927305738360331
0.003520644993218897
-0.0016510303038331229
0.006333671929480312
0.007725033323525558
0.0028982102776696265
-0.006251716864395617
-0.007908037992047277
-0.00043762967533452797
0.004148940123857841
0.0018156828546349597
0.007293964416933024
0.0062688531830372585
0.00447393432556452
-0.0010415088565356712
-0.005923473811503718
-0.0029031210971477515
-0.0027640562176107406
-0.0023510665554270036
0.00021292156826755728
0.003090134176300621
0.0012463203224756152
0.001444795604775674
-0.003025490006059947
-0.003501182082805794
0.0028214245308898506
-0.00019778920758015223
-0.0038466224365651613
-0.0009265472116403153
0.0006649157121487828
-0.0007421499078657859
-0.0013844737309803012
0.002593523790860964
0.006421648678649721
0.007610036387059161
0.0025958364647119974
0.001765749553506763
-0.0015436690447886221
-0.003229271481097392
-0.0033763979807589902
-0.0022538131784802995
-0.0008304241120212414
0.00041036359820466296
0.0005453534322875744
-0.0003935353265278686
-0.008558796652415655
-0.0058546075420565355
0.0005114966105500372
0.005016366187463963
0.006602333651685457
0.005053228389561241
0.0021502580767836558
0.005911667861841312
0.010698567069959173
0.005722925959462629
0.002910297226888034
0.0016998907414425301
0.006331307131513118
0.006717317894375861
0.0022713884650558723
-0.0020483079754683633
0.0002579585296225294
0.006081647210452733
0.0009571449722148872
-0.0029704819932034584
0.00036913694666118276
-0.00014825540915569196
0.0033091835202415914
-0.0003660505465340772
0.006362636903415052
0.005850882850786229
0.005315795830655629
0.0029441858754174553
0.0029243087738405
-0.0012030731617207102
-0.0027710872961622403
-0.005565280417980286
-0.0020240025254269637
-0.009969448461514156
-0.003890942878899819
0.002125738817152873
-0.00028299351128763386
-0.0008554026284457876
-0.0033986218667616053
0.00014893581328293015
0.003250206338226909
0.0006692918605579265
-0.006567138723883303
-0.002085533587087945
-0.004547722872456968
0.0019322320921284248
-0.00010749113056013778
0.004384300832763179
0.008903540898542532
0.0030761906552646576
0.004079607636024445
0.0005184991440366012
-0.002158046214982977
0.005544691551303906
0.014351131101990504
0.008486998777637667
0.0038990310070141808
0.004394689252691869
0.0030633269430303946
0.0074758658356823635
0.00912941790492288
0.006299959832878415
0.0007461045541366507
-0.00611013500086434
-0.00836935502468039
-0.0030884591901054444
0.0031212103939186856
0.0019100697881916998
0.00283471511399096
-0.0004229688669751022
0.00018857228169547825
0.006622865661107406
0.0052936461488223875
0.0031462735093317914
0.005065512673945599
0.004823053188724308
-0.00011983062349035789
-0.003370206190111331
-0.003626875251122564
-0.004220982394459899
-0.008872130685827453
-0.013397491747948584
-0.011099208435881053
-0.010732075806947393
-0.005901810338458843
-0.00031839152009937964
0.004540318060651547
0.0045930991573798
0.006698228182339505
0.006437534124033782
0.006702238723636419
0.0014103192955544869
0.00501912196099876
0.008390873586991202
0.006207298633094173
0.00758896706813904
0.007214224766001196
0.005111179242440155
-0.00160459404508841
-0.004314843029693705
-0.010353600902036587
-0.010627962038549137
-0.005726598524208194
-0.005194408608505909
-0.004254854455809857
0.0003657551339564797
0.005918624443683989
0.00835428200996605
-0.0002850099388477251
-0.0037379836340381252
-0.0044624503980772254
0.002000561479807134
-0.0007272400656829982
0.0012131010317673093
0.0034802684643430917
-0.0041978693596438545
-0.0017284908981766065
0.0024614133136066584
0.0054149149278324635
0.007375841100507503
0.008692430142412604
0.0043602224467361545
-0.0027957251328498078
-0.0035117469663358764
0.005164152822384195
0.0025327512168958825
0.0026438965831358497
0.0020551001386137353
0.002178389891244193
0.0017041264921115156
0.002661892352916425
2.4955232183718548e-05
-0.0020650558953119015
-0.0014162113195970352
-0.0037901546097751696
-0.005855357605841231
-0.009198401654489935
-0.012668349424161028
-0.01059082681057433
-0.010737726658605146
-0.007875680954725057
-0.0016115010552233417
-0.004982186636907858
-0.005792676065630752
0.0006156767309693452
-0.00207435758537943
-0.0030029311342418554
0.0030077982102293707
-0.003997799131793122
-0.006289052653108963
-0.0029676796665675203
-0.008487761164724083
-0.0003568958686881279
0.0058290752106396814
0.0021923997380132584
0.002416367511793484
0.003241293002226681
0.0019575874152603433
0.0035293262953717177
0.0033653578550570185
-0.0042733411151820305
-0.007464317215893245
-0.011581447366097905
-0.012257539551383454
-0.011191703310059463
-0.004038846435596279
-0.000910244857420874
0.005467806519690486
-0.002237709292010732
-0.006314313296581003
-0.0003223353009486061
0.003310950345518636
0.0018834886092584067
0.0001427480294141224
-0.00744463512413426
-0.0006423222607363953
-0.003466592300415629
-0.0011401740383271115
-0.00038605207430520485
0.001850409056407695
0.001157677507293674
0.005781841450130631
0.0024122571455556883
0.00197694800712795
-3.173922999633313e-05
-0.0026180652873780343
0.002226987421599755
0.005098889394817055
0.0076546993942588635
0.012446953236680922
0.007979288485636345
0.014120417074352165
0.013164692627148766
0.004944771917630898
0.00017530910305824546
-0.004577540671935337
-0.007850618815372475
-0.0061561960496881105
-0.006775019666842561
-0.0016652243120994512
0.0008127153953538225
0.0030037643877195604
0.0055464967177260745
0.005435773417335725
0.0020891916949413183
0.0013462594700767699
-0.0003531818846644594
0.0027077597210464132
0.004162138137801566
0.003492477263915197
0.0031353566024708117
0.006622687493640924
0.0027497987523009085
0.002222359216218748
0.0028000433849767912
0.0011148552115731996
0.0036968159939845314
0.0027507617075236503
0.0026553359383395788
0.0004156499293990152
-0.005880756492060991
-0.008353915356634755
-0.00863367504446322
-0.0034023069637705563
-0.0013407657772382365
-0.0007530304984074442
0.0015578775126309898
0.003619482451430111
0.004775398680651211
-0.0018730744890406055
-0.0036522012748905807
0.0013811679975602184
-0.0010693384613322898
0.005181354962161077
0.007427366181071345
0.005627209541359401
0.0033337086848544487
0.0028869664105249646
0.003545793099083902
0.004152957592338895
0.006389470239758064
0.0012568414771042108
0.0004495454939642842
-0.006996669183645008
-0.006677951876619717
0.00118865130850901
0.005862209929094685
0.003309786189425162
0.0007434106807381586
-0.0053446518843289345
0.0003961404467881593
0.00422107100958637
0.009523053232046053
0.013512221745608302
0.003831615246702159
-0.0012182419787692574
-0.004091675352786946
0.001248774929606445
0.0009725807755879897
-0.0028561265727302756
-0.004703659508032403
-0.006108804853304131
0.0001032411427992434
-0.00042564867435980144
-0.005016114674487477
-0.00823963933526314
-0.00930864317850156
-0.007208482557149953
-0.003913988781796063
-0.007204824718920096
-0.011823011763975592
-0.006501950578222613
-0.0021778655863666833
-0.0006176136812177805
0.001189666672611084
-0.0008067805124583072
-0.0005247634581453366
-0.0003707085984743351
0.0005715335415282973
0.00045085802760106726
0.005420857455394193
0.005051201533083328
0.005562562039362096
0.009669813125791005
0.0010873321642057001
0.0002835552749435726
0.0004872153153141098
-0.000993109960122119
-0.007588620698368697
-0.0068081732218170515
-0.002341100744173426
-0.0035278344490222713
-0.00043567204569194476
0.0004733160829684241
0.006029565655615958
-0.0008880631884530244
-0.004088690874374299
-0.004536893784892664
-0.003387039959066138
-0.0036815361823695986
0.0030302561870081484
-0.00010593303204255489
-0.0038093649301284664
-0.0049639004851822
-0.002907171565434377
0.0017075750283093818
0.0003883535554083496
-0.00421938133548161
-0.007322632579592375
-0.0038314673542127926
0.000328772314630508
0.0018856436152536874
0.0051640475980913505
0.005970513004720069
0.00658503971549301
0.007049163826790493
0.0019783106215090127
-0.001713154916337963
-0.003617073538981911
-0.000507586549018547
-0.007506358088508435
-0.0056687533340528075
-0.005576502147644267
-0.0019130637803643528
-0.004824118155501606
-0.0028447152955330857
-0.0026749452424848935
-0.00243342347777607
0.002267345830268265
-0.001211518304641829
-0.0011925011546038563
0.005971170453653146
0.0035266773188647863
-0.003190795723749531
-0.011826266204033743
-0.00941352175977207
-0.004006852283861032
0.008493980332205745
0.0070963572002363225
-0.0013839134823910566
-0.0008571241308908054
0.0035079755015792044
0.003990685002971084
0.004704182124150071
0.003257880912901031
0.0036679201027143035
0.009313349567407368
0.005032901247593917
-0.005507393914386757
-0.010367958681367015
-0.008448981633097643
-0.004098336609586765
-0.006002779836494925
-0.0057150739701414335
-0.005457221505269122
-0.007658576433688198
-0.006938156406285716
-0.002916212300197063
-0.005015682666941704
-0.009750073466043972
-0.010482148161951518
-0.00640217467867925
-0.006296242386380946
-0.005985378675407283
-0.003699681481098752
-0.0021152736090251584
-0.0009606405633935
0.00013147029179602
-0.0036734693952523638
-0.00541189979990825
-0.0009554042666642506
0.005733821321491655
0.009944880500155332
0.008070577915022713
0.002523088879605156
0.002959343898923323
-0.004214752974953535
-0.0033957133605205117
0.0003510516262266027
0.008785993509497485
0.009704929657975536
0.0065065824468843155
0.002039401270155871
0.0005716862959462374
-0.00229114573078244
0.0034674049944121454
0.0030538806984236264
0.005562144515787855
-0.0010064797783347918
-0.0027007576878222642
-0.00021755072469424502
-0.000667946030825617
-0.0017632985680913903
-0.0024217048716466405
-0.002977238961533956
0.000201944038988446
-0.0016009206246769994
0.0007146440586661057
0.004794914041818559
-0.0019941542659579984
-0.0014383905875186235
0.003167231562960946
0.0037444621863261494
0.004543951271753065
0.004799119742575183
-0.0015678955779609145
-0.0046626224867741175
-0.0011881749698131059
-0.003487845677573676
-0.005789413822937835
-0.006981834335784018
-0.006847076370560669
-0.00596903944384103
-0.00981662225280357
-0.015311728888973348
-0.01564420700818736
-0.00900896126844734
-0.004221215780863552
0.0007121977493056171
-0.0004738993638608526
0.0005571817812434905
-0.002603230999374652
-0.003970073459670217
-0.002054577789986267
0.001234709703867159
0.00172076190301014
-0.0022914585225843826
-0.0005527584506804875
-0.0007498804871220158
-0.0012323126047551222
-0.005867582338353198
-0.0008854849493750356
0.003364423446069095
0.003741508911880574
0.00042954845458511936
0.0036279677965730104
0.009441584220155348
0.01036852707853217
0.010457244212669605
0.0023665832894499486
0.004234659041996154
0.004755101626927105
0.0026295333413142103
-0.0019208334134994344
-0.0006572736236673928
-0.004700462380003312
-0.004924877606118482
-0.004522610657899844
-0.01113940761390279
-0.005850845512987416
-0.0033011976312583464
-0.0013560154825799965
0.0006505122283637652
-0.0006191214856595636
0.0027261864728674984
-0.0008776554469509058
-0.007433662584438551
-0.0057736643327682465
0.00165731473032147
0.005572979089447471
0.00944928173460871
0.009613531258091602
0.00431185945143685
0.005843697951709721
0.0026632928338143876
0.0030524416697242317
0.0023888824180647245
-0.002230314522029647
-0.0005150092054207027
-0.004509010006999449
-0.00032093803994586015
0.00040648866869288155
0.0004748409765725012
0.002282511429417278
0.0061336611745349
0.003251453214202331
0.0024264905379862336
0.0027617412495168393
0.0015616738692191283
0.0011893561458393546
0.002698923009358432
-2.335902254056209e-05
-0.003916020314156818
-0.008580844781185069
-0.012759083580021247
-0.009896262325020382
-0.007879134331277488
-0.004674762755935083
-0.001809925076952589
0.00023297477109199575
-0.002640271839575273
0.00413094122780706
-0.0031883427870045052
-0.0019749609397312438
0.003035639466333422
0.007579839933663313
0.008123215035925087
0.004998145396490361
0.002436686436161829
0.003582612475188149
0.0010382917041090163
0.0019341538472199753
0.004029940802377901
0.0034288125348818886
0.001990773272480742
0.0009913495522012893
0.0011170443382591494
-0.002867142449003924
-0.008332371962534975
-0.008832551872425997
-0.003991385375685608
-0.000680601078992359
-0.004134717453779182
-0.0006223009264067127
0.0013927419360847024
-0.0022592914498240865
-0.00467602432811249
-0.006945212177375752
-0.010406880745700413
-0.008967808593290223
-0.0018497401458257893
-0.0027458411638787037
-0.001625974830574425
-0.004411719592500842
-0.0022519437806900254
-0.0037153543974674935
-0.0017530952174199907
-0.0071002092134353325
-0.005259364717945019
-0.0088339733465563
-0.003387651521008541
0.00493549875931229
0.0066505350213475894
0.0028638848505726133
-0.0010682827420634981
-0.006483225121912122
-0.005107001063617377
-0.007963856965788128
-0.0029781053207604178
0.0043387414687596935
0.0012554480824600043
-0.0005555471997629977
-0.001974322375145205
0.00046022181692578903
0.0023460834327353928
0.001577133192839655
0.0035597364567492105
0.011724960736620651
0.006439921429405396
0.009054073848772565
0.008014371438269692
0.004939737592415294
0.009039917884570016
0.012678130192617307
0.013165841834552076
0.010671409160168108
0.004566566082571026
0.0050144175143388104
0.002926921778937007
0.002779846752076675
-0.0014261124311510034
-0.0010216035980883306
-0.010517642230987754
-0.0066424176312023415
-0.0026094845755101283
-0.002035307901210182
0.00043310077894179817
-0.0018182832955371687
0.00035975281978887027
0.0017325659502371016
0.007238037131441695
0.01084130220902263
0.013540716439978439
0.009280296107134907
0.00362502054251498
-0.0022538692761712932
-0.003795306072610329
-0.006106158692566818
-0.0029554332568892394
0.0015449565575971853
0.002560808976794377
-0.000695191787267963
-0.003941092468908156
-0.0033993986121604062
-0.004605967904169127
-0.00031801505981487007
0.0016113178950767093
0.0017932095189845598
0.005151216768812039
0.009841509929019481
0.002529359950232815
-0.004775789937093845
-0.006048758163613107
0.004175085488103522
0.003990283435527905
0.00371856762610814
-0.0009081846959356829
-0.0009036687189686409
0.0010436053056092451
0.002885850329721846
0.002478925804466441
-0.0002977858072521881
0.002951638753945563
0.007598786208948779
0.0038157253886244163
0.00042447587531182303
0.0047526131347337104
0.004280552274646117
0.005460417751860543
0.007505171830890964
0.013643719479476481
0.013882949766093923
0.011160671202208466
0.007958554421122966
0.0008511314069384673
-0.0033634880775022294
0.0029701664735451287
0.009069044444365919
0.007860985976711938
0.010542538285936758
0.00799727312663408
0.0026685630191158488
0.00104257348700615
-0.002361343445740091
-0.004072228726828997
-0.008599599913424003
-0.005283919767654434
-0.0030539887848340824
-0.004739400684198696
-0.008367636268913105
-0.007840222385430138
-0.002707235302724707
0.000348312908684489
-0.005407004949189038
-0.003912798744288135
0.0005812352265792494
0.013501665831292317
0.013594319409876812
0.012516243502421531
0.009492468676004423
0.003550252846163224
-0.0022377960976041945
-0.006967878171380236
-0.004323421408987886
0.0020069085936595043
0.0032776248815018947
0.0029127847696185294
0.002517841710228523
0.006276026562177261
0.008463499671883305
0.002953506253807881
0.0048087057519812515
0.0004764170256644122
-0.0014375424742274206
-0.0017921585766558163
-0.0029971603016338733
-0.006519246269135631
-0.0025455934303709182
0.004854741351627755
-0.007595875112450128
-0.003720883832901192
-0.0008684856229455046
0.0020420081783407516
0.01136831478639353
0.009598747071959202
0.005418601032970481
0.002315919807894959
-0.00041205412873225144
0.004244484412740045
-0.0021465809167395106
-0.0020518629304779545
-0.0064351974452942825
-0.003998348833203185
-0.0006330399182205702
-0.0004243768007473602
-0.0014109379882405904
-0.004524621795491989
-0.006584080492367583
-0.001489073970564695
-0.003918040955805827
-0.00880261614490038
-0.008710064280479423
-0.0061150804814500475
0.0011584576930073235
-0.0003085251747015629
-0.004796881397898912
-0.0028843555188212498
-0.0017390888488837306
-0.001985768111197932
-0.005112820151505582
-0.004447557759395544
-0.004072600876165197
0.0026322505456456064
0.007620294346195501
0.004329202659227763
-0.003501711622701179
-0.008358910231106062
-0.008649519806494105
-0.0009828201955270467
0.003042088345996201
0.008021925272498965
0.007341727817637682
0.005327487481624891
-0.0011484761144554866
-0.006619832802305923
-0.0014453235125472953
-0.0020282400555560955
-0.004595525414059094
-0.003836576495618375
-0.006329730074395364
-0.0030630303229619836
-0.003966173326759724
0.0037580416886406854
0.004713860604202533
0.007642359241067587
-0.00140353221272723
0.0008953954855714887
0.005135255139232421
0.0018197186753729495
-0.0028853775012928837
-0.006862735821478255
-0.005255577091777309
-0.0033957251429580127
-0.0044418300328298264
-0.002192033931814549
-0.008627166227623797
-0.007687894519426304
-0.005034834224129886
-0.00217984236141215
0.003271638501788113
0.004323497120069184
-4.796347170972392e-05
-0.001195615030832939
-0.0008570987905126131
-0.0002862405123380387
-0.003996308053333924
-0.00447331631192641
-0.0051937408067661926
0.0015460335558937384
0.0005688300919531242
-0.0005779384041888123
0.006027774195881604
0.00852906310333526
0.011611022195047619
0.012475697779009438
0.007435247726614474
0.0024689711699264795
0.0033955909096729927
0.0011542824474585415
0.0035472965977042135
0.0007144175643501156
-0.008034876525632268
-0.005120756071158654
-0.0007926436855382792
0.002349724628181959
0.0040316013622010574
0.004362976494006052
0.005533986125966073
0.006729897076967995
0.008990734476767747
0.008690744358580159
0.005844981711775983
0.006678033276839762
0.0028751757619970373
-0.005693716968676945
-0.009997549545328333
-0.009196837286468643
-0.005955326715338291
0.0049212859622508
0.002380900229351108
0.0028077360683658333
0.0012075581296093487
-0.00046242012966700414
-0.006974684743659065
-0.010958789710645449
-0.004702889178613484
-0.007658199012758088
-0.004914822282507348
-0.0028822481951046104
0.00041671822356308916
0.0010010040491801526
-0.0037091532308651076
-0.005750097826124329
-0.003128090736099611
-0.0014072098938164098
0.0013816336833057969
0.00661933285551818
0.006484039664839162
-0.00012808990204696586
-0.0012997652895189312
0.0029508476962726965
0.003782650574864612
0.006367815294984798
0.004339485919860906
0.0009756409277145089
0.0069257566734201356
0.004568413103605233
-0.003842672068933203
-0.00549358446505439
0.0006755356631506571
0.0015572320281897812
0.0031919397806073673
-0.004941010164894915
-0.0033587830900812846
-0.0017529270375503487
-0.0021179678501796646
0.005167388794194999
0.010882918770164276
0.007968298607799813
0.006244012229245782
0.004064716648631957
-0.0009347964889399838
-0.0028781780848687838
0.00026058184947008576
-0.002082845610172675
-0.006764520060934059
-0.0008533174053241214
-0.002327149798684431
-0.002910044033031209
-0.001407114265209758
-0.004740028863049343
-0.0076007642900648665
-0.0050233027388876215
-0.0037247346904283026
-0.001275646914326379
0.0051134421476990944
0.004917859071838869
0.010071570714622325
0.011550996302083078
0.000915199231178314
-0.00841230896542401
-0.009625555752030035
-0.009533450225149193
-0.005395892067253775
-0.004093871879977744
-0.005583268690981563
0.0033214212628107343
0.001310038319839016
-0.004062505201447526
-0.004451992119404598
-0.0010152708795028687
0.0019457283770168538
0.006217653137577761
-0.0003572849381730046
-0.0017704919712848734
-0.0011411739222338627
-0.00955462419167889
-0.006907400132718487
-0.00715904482245963
0.0030295150684893665
0.0018196346619794137
-0.002496517348727503
-0.004292362234803472
0.0018624747545378884
0.0018595750384500483
0.0003923688339381225
-0.006401083812836035
-0.0019823545331201773
0.0010543092545553243
5.433981050082201e-05
0.0001083845658919763
-0.00467247288502144
0.0010827517972826525
0.009458019212524978
0.0007836960552574599
-0.005017664770595649
-0.005560717471296289
0.0013570072446805026
0.004645490778949204
0.007859426679546477
0.0039477412752675495
0.0013690529022068183
-0.004184921584227231
-0.004089889721682626
0.0023440757422709415
-0.00010729034974605071
-5.685803814903514e-05
0.005094086899304355
-0.00017725537286618782
-0.004880804057788813
-0.005897208025743808
-0.007222687008475918
-0.004421592540922113
-0.00426431230871367
-0.003337634084887842
0.007286870836581515
0.007234731644281885
0.006623622623379711
0.0011955293906489273
0.002302681739685184
0.00025194008704145025
-0.002706002512926347
-0.0028220268918093742
-0.0009679612318451995
0.0038902273985631504
0.003678249435248375
0.002677168979422943
-0.004420955046056016
-0.007548962249239727
-0.008332994826402835
-0.005867845563815092
-0.0042178728568778145
-0.0032823162365913827
-0.009888164228474607
-0.0076615895758056305
-0.006976107008320284
-0.005756761418766663
-0.0020982909083123976
-0.0015688728300772073
-0.004302748820459577
0.00797078292616201
0.0066867597123380475
0.0030352144605345966
0.002332049825789759
0.004955803133369883
0.00201008069669697
-0.0015094162663989326
-0.004703826462209236
0.0014640888844239387
0.008253294548039624
0.010053554308492396
0.008445628125425509
0.004946918793252265
0.009006246922827133
0.003223015822123703
-0.0007108130275167363
0.0030028683012618654
0.0023527755257806765
-0.0004899361366470248
-0.0023892960025412597
-0.005641556920606172
-0.009368450690835993
-0.001543313796538895
0.005673953439502532
0.005168942349164098
0.005112746590702784
5.953328412733842e-05
0.007004335181050089
0.00758421070212678
0.014555834988285579
0.014013463377022481
0.01396959557896144
0.006339722449070504
0.0034292849396413334
-0.0006050201256209147
-0.004301836154289022
-0.0005763495082383389
-0.0003644401020011438
0.0009453775123070946
0.0027745589893245965
0.006235042230226032
0.006205427663325861
0.006435480084819142
0.006323714510379069
0.009453374681605295
0.004339149550762561
0.0036357466142149836
0.0027910647585895013
-0.0017888902821605681
-0.005540042662812654
-0.003310609730228421
-0.00019564544639253303
-0.001642386310885809
-0.0008933693337413514
0.0037666905873183507
-0.0002065106297188936
-0.00531959808778717
-0.01044912101959733
-0.005503427826802373
0.006829166740331904
0.003874440822429167
0.013062918503864799
0.008136560716433218
0.003989663491652435
-0.0017884152162624492
-0.006998892472827724
0.0024015277209723514
-0.0031123036183444246
-0.005297263375440395
-0.007382521889390791
-0.000451476247929895
-0.006955239406292316
-0.002102240266851856
-0.001395386796772849
-0.001215459794172894
-0.0023624770872025715
-0.002187634931023273
0.00561612710465357
0.008164934019318877
0.0015379025701995172
-0.0004601267061641988
0.0002756370865118537
0.004503163039399793
0.005684710449090147
0.007705199343921915
0.007757929963178077
0.006237939375359378
0.0024825530304145227
0.0048468178627335545
-0.0004499602062763957
-0.003695892485033006
0.009404394734955626
0.010830910195455663
0.00789649362533169
0.009412628608033519
0.004347097360275878
0.001313246538973849
0.0016926677228448206
0.00340644479530612
0.004135303006170586
0.0079686481673581
0.0044946620101579265
0.0019270006430827085
-0.003097998579176535
-0.003274262571083064
0.0011323536832488984
-0.002845324321548654
-0.010664185890183288
-0.004274681712442679
-0.004644233782973766
-0.0037022362696061436
-0.00015954381500140957
-0.005083106375194782
-0.0032434008715214796
-0.005595132504031785
-0.005920405643686181
