1.0
0.03363492865810399
0.00929559441206436
0.0035259112525838987
0.010342121353513072
-0.009074237213715017
0.004015171143557465
0.00471514595216255
0.0017010207780885052
0.003140129674523657
0.0016065337322875189
-0.0013322059470880652
-0.002503518247354032
0.00042649168684311356
0.006620407273753195
-0.0038615138194007066
0.003050414751984241
-0.004706671782234456
0.007846698721653772
0.0012270683878653316
0.006742737023001901
0.00939505171478439
-0.003400863847424309
0.003107887264711347
-0.00633171648961273
0.0003872239697549216
0.00467337806094849
-0.0024185295217526354
-0.0010619350048834619
0.0009348698605248546
0.004936985021754081
-0.011626075918157433
-0.00418238927240339
0.0029335700267149106
0.003079481594970288
-0.0004523629220937902
0.00696506150612398
0.005041098129811386
0.0005537434793104241
-0.0032779373787993026
-0.0030276675627460264
0.0034905044442519327
0.004698311448272726
0.0007527558791902325
-0.0009842956694009882
-0.0005672716445804893
0.0012749648780843827
0.003592130191050359
-0.002845607357656839
0.0016626576765236423
-0.0022092171967841006
-0.006978504624327424
0.0028590975795654084
-5.962498394550689e-05
0.0008528718893603078
-0.0038857557464973855
-0.0051169433809968665
-0.0007640270289705825
-0.003330256947165137
-0.004320738122330812
0.000978529598691733
-0.007472901588541365
-0.0010551516692093288
0.003145374058959
-0.00195107004103177
0.009273514716489534
-0.0031047652968956515
0.0033004170264649343
0.000731734243259691
0.002204594875671343
0.004868291648333129
-0.005189196517565861
-0.0007883734159088116
0.004256554812695647
0.004727682761137916
-0.002452103291077818
-0.0016173598870049626
0.005785383586924983
0.0002189477397562608
-0.0035415877878072354
0.0012820076560778693
-0.0009973472917958318
0.0034305550991310762
0.0023970280837020616
0.009067137549264833
-0.006523571123199601
0.0031304404817793616
0.005028620727404806
-0.0014455626642267507
-0.005827091634302229
-0.0028060970837496422
-0.0054608822571238615
-0.0015209983538941587
0.004805529091012333
0.006872900118080948
0.0027089272681222834
-0.000357681567820957
0.0025572917181459587
0.005657484377344839
8.246554401027254e-05
0.006321978937833463
0.0008599917353829528
-0.005723157139320079
-0.007327358973564849
-0.005456467779785381
0.001194701069162167
-0.0008219315265949605
-0.008545855179791282
-0.0038199449261610715
-0.002732530627911995
0.002138512517874517
0.0007599051562720054
-0.006687910787839677
0.0064792068313145705
0.0016686093064877635
-0.0022696671704107766
-0.0030946891791570836
-0.0019618410358087732
-0.0026189702219848567
-0.006612075162973353
-0.0009235446628869702
-0.0011339881555158078
0.005800873497814456
-0.003963830393804838
-0.003527337014989187
-0.0001686123743616891
0.0135413189786458
0.003929260645225231
0.0038894043709262202
0.0014383566385624575
0.008714016932066172
-0.002376132610262848
-0.005133375416616323
0.0011939835385785537
0.007852790220867526
0.008131599350754354
-0.0008674411878062598
0.0021157858677133814
-1.1325806069637964e-05
-0.003517154707774462
-0.00304589666058685
-0.004865866907510302
-0.0008711525234518852
-0.0069318507191884855
-0.0030586294645323702
-0.00014498582675373398
-0.007245101377699733
0.0015921730834620208
-0.0014260675270906249
0.0001676253786688914
0.0026433068963498123
0.0027539223540136207
0.0006511511848386078
0.005532325931549566
-0.00040550599908919675
-0.010499817689377518
-0.008791805889181156
-0.004066590312194985
-0.008445125862454474
0.005362384385188164
-0.0018175780544757685
0.002952494788377871
-0.003135290627239946
0.0036776783147460094
0.0010222809834423091
0.0012203310084373286
-0.004056198695274043
-0.003909939207917573
-0.005893909835310834
-0.007306987477828459
-0.0012462336159357787
0.0004956263597662878
-0.0008493141102456772
-0.001956631931029506
-0.005183053949490928
0.002344742556501257
0.0036089002741771727
-0.004661634843953273
-0.004440811060602223
-0.008796221613449591
-0.0017988693389207058
-0.004193847442324447
0.008115739986753167
-0.009369972581873212
0.0007064763113923607
-0.005374988150397645
-0.0009224555921233877
0.0021553652533292137
-0.01376721121844128
-0.0003500953905508875
-0.006024605104956127
0.0010492642325257533
-0.004152051267455695
0.003959042165565815
-0.0031693092196145556
0.00041171681755296485
-0.006981070978050639
0.00881279717896641
-0.0002053106997052128
0.004626681441559384
0.0032520540018885023
0.00758065027075337
0.0015571046823109895
-0.003924511153453715
0.003844944648506393
0.005561183994812864
0.0053389621115803995
0.00027323946630682924
-0.009180200462488568
-0.011602989631954328
0.0008556641983604851
-0.0015361510981738696
0.001814788094545861
0.003289015838197874
0.0036202918220957824
0.00778193045240938
0.0012247680469066244
0.00038010338013058246
-0.00014067327764961905
-0.006847476451718706
-0.0025054408012851474
0.0029516458499782034
0.007888963281243017
0.0008146005780394117
0.00828433543552499
0.0026001344002992747
-0.0043795379697637565
-0.0034139727374805835
0.0033729479205709383
-0.0020988055422540113
0.004664848506246307
0.0012808921148053031
0.0032594653785331814
0.004000008375834381
-0.00040293118580612844
0.0015936679383018889
-0.0006412288743864429
-0.0005138996292658449
0.0019386154028104218
0.0001348115347417211
0.0035084581810835044
0.007090786179895555
0.0019055567863520213
-0.0012533471743591746
-0.005524876349577819
0.0006270967259080125
-0.006814750366785565
0.0016048468492165296
0.0006164757020900285
-0.006547471955875754
9.925204743017314e-05
0.007738013508563191
0.0010393734528965973
0.0039029220121787065
-0.0012549709213483026
-0.0039052437472994724
0.005155115006340461
-0.0019076432130389228
-0.0021274327545934466
-0.0047658624180143315
0.007235239084376954
-0.0056435791069792225
-0.0038951451328993383
0.0008343647153904311
-0.006091038755173539
-0.006251801157013679
0.00037302505657579833
0.004240365613366613
0.0032665077909062746
-0.0001516283391831215
0.0015795113774592965
-0.0005809983984156882
-0.009961233095754932
-0.007974400641959103
-0.0029710873838341848
0.0051423938290338185
-0.0004313816887876365
0.005727585836004696
-0.002508298082200946
-0.001824199790087726
0.003076205978194373
-0.0018351444778211803
0.0052263853078997795
0.0020350990287561883
-0.0013979637181733785
0.001692288192136434
-0.004674109467784342
-0.004506649272812591
0.004020118294061098
0.006258364156127452
0.002688802322247888
0.0017981675741478033
-0.003189633304720215
-0.0009599647965686168
-0.00877330432921649
-0.005613225479950141
-0.0037804633657154466
-0.0010714300275737815
-0.0052937100255556375
0.005741907333406505
-0.003397187406783338
0.0038462759121137453
0.0033942216727059593
0.000407218063892871
-0.0016023538005595515
0.007470639148790681
-0.00038052243136273655
-0.0072249416460046165
0.0020289914209865602
-0.00457298823172815
0.002979140059639514
0.005640154595546763
0.002907597345113508
-0.002496190155586533
-0.0015677527371836227
-0.004235182149854121
-0.00019089784842238764
0.0006751642671167924
-0.002283755706554343
-0.0008904113878358812
-0.0014035800317886604
0.0027631059615432925
-0.004450219502720476
-0.0006615743897722281
0.00419627325512073
0.0003308974488932868
-0.0024864905021080093
-0.006338844269705454
-0.0028764658588116016
0.006460076823529027
-0.0009987766755808164
-0.0006882745492010615
0.0043627868619770796
-0.00248000667239872
0.00836355298671575
-8.081795747579537e-06
0.010419216882540695
0.007390084824534573
-0.006093412918309567
-0.00043921217993124153
0.0036251220523145834
-0.0011352932764319592
-0.001371164098042503
0.003255222379711741
-0.00312345834124418
0.002620919881331605
-0.00451411448002807
-0.005561013885361491
0.005613521565255247
-0.0095801501085537
0.01027215884255994
-0.0044653271457792566
-0.00046580419858348933
-0.0008789781159277312
0.006732690539510642
0.0031765998625573185
0.0007796761024902267
0.003103621280813645
0.00502384347180588
-0.0030467407724933545
0.002576915650882829
-0.0005671735928636226
-0.0008662066762585719
0.004262822033676049
-0.00011907679904637309
0.0010255973170333601
-0.007823363783056179
-0.004830327587681656
-0.005134621087674892
0.004523662080396912
-0.004550126077376907
-0.0025795549832267626
0.0006334091620307464
0.005586366941251829
0.005675231454177794
-0.006238499839380811
0.0059903177345744804
0.0027114893601449053
0.003112406668199643
-0.0026646609347507006
0.009517416125762969
0.0007283312154469135
0.0010593277545992747
-0.005825035469653571
-0.002994081122886857
0.008021330566158285
0.00792781986616723
-0.004477939498025999
-0.0034591932100037663
0.008000515428605968
-0.003983856636460242
-0.008125211906861655
-0.0013231230047397447
0.003064072125990348
-0.0013713817699665697
-0.003409749748753814
-0.0003109522848179438
0.00344154746222792
0.0019085276148166055
0.0020941618063148753
0.0019916387925434107
-0.0015044575838840846
7.303956311135334e-06
0.00027366174189577183
-0.007083592637803352
-0.0028752270207976463
-0.002022684230571936
0.0030310113996190337
-0.00321471777702199
-0.002912353694890257
-0.0001407485031639943
-0.006381511417159771
-0.009112032525926368
-0.004913774993443509
-0.008464816003379408
0.009672268848016297
-0.0005072483608007641
0.0020966404977874305
-0.005131274716902816
-0.004627495641138148
0.003343805869932464
-0.0015501428423002322
-0.0032762125891221063
-0.004110954529250863
0.006551601672544336
0.0015322574143544682
0.0020734773485509557
-0.006795939252996381
0.0010741138026984117
-0.0014361247120303273
-0.007196177244310892
0.0010661167829302883
-0.0037622642250736624
6.918267962248618e-05
-0.000456118572902618
-0.0013639379249751036
-0.002235142495581631
-0.003361002083505999
-0.003903636702822066
0.0021636264584211163
-0.008697293681326655
-0.0022243508403983567
-0.0013421223178273233
0.0011125805640379272
-0.006253634466717762
0.0041291144092098836
0.0017863258328628057
0.003293208031655249
0.002949258424268968
-0.00034687737545363443
0.004326616642432978
0.0066821575164953215
0.00295622020218129
-0.0025420211032202234
-0.00028902412273835776
-0.0005431614123933883
-0.006459683794301984
-0.0004259915763502567
0.004893456957760677
-0.0010150139390075702
0.0026144779536599566
-0.0005070727462687661
0.002925833138821968
-0.0028006930727409902
0.0028712087837848336
0.0028035583678439387
0.0006452741874022469
0.004885870435911495
-0.0006742693929778989
0.004351284462363761
-0.008784058020044842
-1.313274614166969e-05
0.006034057625882901
0.006332734997991581
0.0015120794758307506
0.009404953409337292
0.00047505654761834055
-0.011179509297790175
-0.0028769083635174406
-0.0021664266219313753
0.0005315883758828173
0.003437653996700001
-0.00615781248780282
0.00518874574882765
-0.00021461500659386546
0.0027190402041211465
0.002145551366265773
0.00964788846706913
-0.01145931380102497
-0.0041150498659557515
-0.01167705265950263
-0.009985948458585813
0.0051613365553632735
0.006627419256962188
-0.0009361011424349525
0.00384067519237138
0.009485242748983201
-0.003919276899968626
-0.006142163352420472
-0.012132742948429188
0.003917619157013096
-0.004732465868651481
0.0028540666638840815
-0.005788567533381053
-0.013681258240781608
-0.0038922813683217442
-0.005297568225423959
0.005095432429853173
0.011355193206538888
-0.004316396247962684
0.0022344803695893093
-0.0007228158777894962
-0.0038125446541697975
0.0014212875207275963
-0.009556820535304267
0.008885346798884355
-0.00035540593398225275
-0.0028688904457790923
-0.004357466757232582
0.0006021246520498916
0.0012068866397046878
0.000293534649974113
-0.002708587578539089
-0.012250236243906063
-0.010361648551049122
0.0008309524718854531
-0.0030280975902679474
0.0015273986153371934
-0.0130024529520598
-0.0062218079782102925
-0.0017212253700082973
0.005935507289490571
0.004836289913407838
0.0066369361885759955
-0.0028995298119979954
-0.0012939525799789521
0.004060555129504025
-0.0010094504104429267
-0.00594057552501834
-0.0007128354898792783
0.0004703551694405989
-0.004274195770075363
-0.001437531113519846
0.002023190808372421
0.0019023271428652872
-0.0011386275870986474
0.0036434720703122413
0.001135527433010585
0.0019904101471778456
-0.0019311842477305063
-0.00486720606685696
-0.0002092616568089907
0.003199356026240181
0.007904554017821818
-0.0007417475218407899
0.0009482251565202662
0.002384346921207491
0.00710492841325015
0.0033788190109567086
-0.0034951642444684943
0.00042706962331067594
-0.0009634660796524736
0.0088891848874166
0.008346334954270018
0.009026083283540565
0.0018528554215969904
-0.009213173052060717
-0.0023233883658681275
-0.0030115023293820994
0.0012069603260510945
0.00040009357955267903
0.000550254332150416
-0.007263765938546485
0.004028077061518699
-0.006278683495007526
-0.0043020521345862135
-0.005297486762949289
0.0038373236019856997
-0.007961980640900793
0.003077134372690566
-0.0015582637698797418
0.0008980072720281596
-0.004233164567506371
-0.005967920352256693
0.004201835916061995
0.005229451212751208
-0.0006772284710042858
-0.0023970218699497347
0.001155070881145205
0.000651637328077024
-0.0009489542203479686
-0.0014035612314040405
-0.0010599775128693552
0.0026914967948435766
0.0018735153973536449
-0.004314756684286369
-0.004190463686954555
0.0017243255537163565
-0.00198788898042779
0.0043051573649748555
0.002858578292652665
-0.0033214597153759244
0.002883430697672439
0.007251957954087972
0.0021518938952162976
-0.006173420589138209
0.0037573867694544964
-0.001402979753592861
-0.0008902449261250001
0.0036014905385387684
0.002867927241132883
-0.0022934163829970745
-0.0008058606561532121
-0.0020121806139709337
0.00032726052967959045
-0.004852731297345817
0.0010107811027803843
-0.003880126588240413
0.004458906792680596
-0.005806428693806816
0.0037003701590134857
-0.005979965617582108
-0.0003101914031752216
0.0012007966563279456
-0.004397606539096891
0.00648561977172321
0.002036266735835352
-0.0010114882068180129
-0.002982779193492147
0.00046719446062323
0.003586334505093651
-0.0010677027232613289
0.006900360445350627
0.0019211599158019696
-0.0006451143003635971
0.0005357532133100469
-0.0026485304520719407
0.0012856711041134233
0.0013568862446318082
-0.003559208923814919
0.0035115501985743245
-0.0009364540049853427
-0.0024850350919223517
-0.005167976123338249
-0.00012064838382754332
0.002218219916630441
-0.00037935213865006274
0.006050525445382804
0.0099893235321698
0.0020433189557368643
0.0020435864552323445
-0.007695579451058563
0.007103202110195312
-0.003429192042411174
-0.007843179665089952
0.0017099880405462482
0.012661032003608663
0.00880500731238508
0.003917483222405703
-0.0012376615705041469
0.0018178137241415884
0.004653203303008875
-0.0071038967294719335
0.004555675517186133
-0.002115301705078791
-0.002242271500327994
0.001904977423927849
-0.0017297771595485563
-0.001764213783631162
-0.004029991869044422
0.0027105328026371285
-0.0006562295594844222
0.00016674268339945586
0.003005176725655943
0.005624073760821945
0.001981172744573025
-0.0031272261388581102
0.010579874701664188
0.003230130070022151
-0.002636758005789401
-0.004226430048498811
-0.00026287588423105907
0.0032406775593035353
0.0005089342335254781
0.0020236659523956324
0.008464372470753967
0.0064135220409564375
-0.007104582197169239
4.519084116400041e-06
-0.0013107939035365151
0.003179324396698049
0.0016498656151868443
0.01136325780947307
-0.004757516662813622
-0.0013872468939835775
0.006463698243487528
-0.00031587208044465894
0.002647876652655904
0.005202241544686679
0.005476295311337064
-0.004728146222272429
-0.0035541803185823438
0.009062027695836182
0.005531332305764948
-0.0023557266515605232
0.00858760551642653
-0.004295264386026094
0.006520080746623316
0.005713991172974478
0.0032961086980445252
0.013627628729589631
-0.00656040735647267
0.003754520829293212
0.010395327543889133
0.004320064174102841
0.00041013291629567227
-0.005485784724391437
-0.0006886920197616335
0.0035574740005421264
-0.0003796299297903951
0.0033293593128116855
0.009391446758921746
-0.004832702915442056
0.0029411981634356473
0.0015472468436683849
-0.00678928388040173
0.007118241476975277
0.00780581981203086
-0.0030762920031656505
-0.010705839726832813
0.0035126489509432267
0.0024448011311276065
0.002843849655974373
0.0065668659497671355
0.0031565753665916915
-0.0006026863388760045
-0.0028241840732804364
0.0019662650871789494
0.0007742600315462532
-0.002679676230536829
0.0025141201862764087
-0.005555486037578955
0.001501703147750555
0.0018944867731364638
-0.00022869611623238797
-0.00044681927830282316
-0.002145998765737371
-0.003925785271463157
0.004659040517467581
0.0041532025507910126
-0.0039013068068957974
-0.010403504700475496
-0.008953601448205563
0.003506072805933186
0.007640779982421017
0.0035611331968763123
0.00493685533968512
-0.004980050887772649
-0.0018426484892165571
-0.0013187760225654432
0.000382893533427978
0.0038010884399481333
0.0019142941955422447
-0.0011876883658566947
0.0002599068842327488
-0.003299334733698697
-0.004094492571077561
-0.0008220800984854486
0.00474288588867475
0.0025127748148456855
-1.2743932454361107e-05
0.004728685346915116
-0.0026623281193788022
-0.0033054177065017717
-0.0006020380553439423
0.003244238643129653
-0.005290506691401717
0.005337008559802535
0.0008040166113834983
-0.0026789841355188784
-0.007207444395981229
-0.0051898814136285346
-0.0010842580016132833
-0.001094000312510872
0.0015690662749732384
0.0027905036132729473
0.003185041418373996
0.0005601458474798236
-0.002886617863913512
-0.0018179256832246914
-0.0051357236146778295
7.655595086770044e-05
-0.00726845856160706
0.001898118068137254
-0.0072041008453012645
-0.013486767436474496
-0.0033398291293045817
-0.0015606066092643278
0.0012172628677049662
0.0007807198460854199
-0.011816701191529234
-0.0019040340988499568
-0.0012755852121698974
-0.0021484444967155673
-0.00048449646010009214
-0.005656037853209863
-0.002166886280157582
-0.008714137178712795
0.0043574302321032635
0.0031729049564889916
-0.0024977359088315873
-0.008606953494281155
-0.0013676118036657792
-0.003316802900745677
0.0035237416743857117
0.004325518660016568
-0.007500634232910056
-0.0030947280502919188
-0.006035530940339528
-0.007822581843401715
-0.0021086511319147404
0.003642133067698991
0.001188890154407251
0.00771868389001766
0.0016401506741327665
-0.0005875757934092628
-0.0002626572328582548
-0.004687108685931117
-0.0011772574063514292
-0.0013232082370025983
-0.002749286566089063
-0.0005179919376088687
0.003493746658433287
0.0023433105529911554
-0.000662873879613929
-0.004698017099695595
-0.005009636523973884
-0.0010404773813487546
0.00031138443652583246
-0.0011323414720397294
0.0018978373109893492
-0.00721218392551159
0.004436958048509633
-0.002119923561655852
-0.0004113561363720036
-0.0024332446147530894
-0.001920650381099797
0.0003561716352657141
0.0027039045905197434
0.0016705433144888033
-0.0009286446548313877
0.0011435662885010132
-0.0013795917885256576
-0.0021538260704306836
-0.001293145698737709
0.0012731611489013514
0.005006379742357756
-0.008097585299120996
-0.0019234359550707515
0.0011399601066399495
-0.003416743627597613
0.004113787591086147
-0.003793440111445476
-0.004071960171185404
-0.004752480381462795
-0.0007866435573974943
0.0018044928879113113
0.0076240116446621735
0.0078064735864405675
0.0019274643676016033
-0.0012696274437306045
-0.009603063159792865
0.007522389358160219
-0.006734010883937948
-0.0009243726956633233
-0.0019369809979086908
0.00069663348976932
-0.004334042851470837
0.001772237368694205
-0.004102157753496785
0.0013608932624777593
0.007605952633408548
-0.0011772699636298798
-4.06567664549021e-05
-0.003079024832011806
0.0004400440667049247
-0.0034712157354898267
0.010235709204307284
0.0013196980048272432
0.002812326392547528
0.0004963179319552021
-0.008983263327698804
-0.0026069688064693677
-0.0014023880365500454
-0.0016327958752185693
0.0020271849457133995
0.007214678549414051
0.0037781737489691147
-0.0004166790968167311
-0.0029968708490895955
-0.006698746917845501
-0.003687329969397545
0.004920002709098211
-0.003960862698480769
-0.009493973988842469
-0.0007785012170084784
-0.004450949654538845
0.00658008324975602
0.0034624240979627087
0.004137136209020181
-0.0041410145431049275
0.0019790375152457583
-0.007785554352480574
-0.002182394521834872
-0.005303548409711088
0.0071852685259903215
0.0014836934807509546
0.005623361978783392
-0.005229863177731707
0.0031838052503770442
0.0018635550765457817
0.0021417787728535104
-0.0006216506783140836
0.008302968059944871
0.0013622226656957034
-0.00074748280714982
-0.0025473162891243603
0.002221966667471956
0.0064671528629812545
-0.007381338144271637
-0.008731597811111887
0.0018100720007891596
-0.0009663418270748083
0.0014936304414834064
0.004253027355866953
0.006201515157910045
0.0021009640334314844
0.012212785360517106
0.00125900248330926
-0.002248104637686023
0.001330300416461445
-0.005191649626802592
0.0038364618971106
0.0022887183331411496
-0.000947917737528516
0.00043127265110740683
0.004427545267678964
-0.001425717119758168
-0.00767442420971883
0.000935143237826371
0.006262700056978298
0.00611261133122514
-0.0029842535092070347
-0.005304512615708174
-0.005107424472410637
-0.0006802842228774697
-0.0003249201970147866
-0.0020688997537057574
0.0075293752028623715
0.0045004461667148
-0.0016774476693235255
0.0018009615709202596
-0.0019150058970919966
-0.005919758175911138
0.0011232816174014206
0.0090219679268403
-0.005452767404679005
0.0013729904886167186
0.008066038855423244
-0.003626822110753063
0.000992481884452927
-0.010796267905156835
-0.0038479503957922876
-0.0038459187097095154
0.0026922205155902016
0.008550970496081058
-0.006032760919135204
0.0032131446959279106
0.003136642671662883
0.009176383613958877
-0.0019390074635250814
-0.003295292379011577
-0.00032306345399543744
-0.000703203364202464
0.0016638713153711722
-0.004170070013825677
-0.0014543107199397349
-0.0015805640084682227
-0.0023655743840912853
0.0014477764889555044
0.0011212403899801258
0.0013122883079609005
0.0024329561722023184
0.004383567701593981
0.0017626498949649975
-0.002635761552220068
0.004451423955202003
-0.010223463954365165
-0.0020366516472440917
-0.0015633216926351486
0.007189094444105214
-0.007369558490794272
0.003117257251066178
-0.004877976490126749
-0.00016287159100150466
-0.004002422904131376
0.001455653616487741
-0.003867555052943766
-0.004785175373601848
0.007600040166931949
-0.00017089014191121996
-0.0019988646903252895
-0.001026004286914048
-0.0010726490595484636
0.004174456505354965
0.0036825108719340366
-0.0029790892962761484
-0.0005854126990238159
-0.003248753917353186
0.012884751446704965
-0.0001695401063756227
0.00016982682947123186
0.0036764166796198774
0.006209133593460368
0.004644751630951888
-0.0019229516511756893
-0.008415823381732215
-0.0022956058419698697
0.0035464006012320103
-0.007641033703215702
-0.004115972370030499
0.008152197378648779
-0.0011849088305419617
0.001003052813645748
-0.0016953848542921577
-0.001951437432786367
0.004698217946047597
-0.0017377339248403542
0.004840226845692803
-0.00600795435130593
0.002503814637328893
0.0033219889652224767
-0.0044951717329903456
-0.01065893042888688
0.004593085088840572
0.008092120638521638
-0.009586649411230472
0.008171626400551581
0.004208307947895256
0.0005972824655089156
-0.005424554314732716
-0.008179425161736932
-0.0007982162259106223
-0.0021735868220990975
0.005718211033865181
-0.00040935594693383915
-0.00045104273658511855
0.0016152563938998726
-0.00558950191613776
0.0011279649564946064
0.012750702047691216
0.008792673924290307
0.0017336909416416162
-0.009705188880130059
-0.006854924962752614
0.004067410075066005
0.0033961321394416428
-0.0034000346179393127
0.0025216675121053902
-0.005511232232657869
-0.004138229547365395
-0.0013560192312307244
-0.0014683124448289279
-0.0010509236437645103
-0.005280412008738315
-0.006499927400552574
-0.0024911259176012986
0.0011535908024414103
-0.004842715944585892
-0.0039553819715052825
0.002831111843278183
0.0031990114036656537
0.0023979850850018663
0.003841992458285311
0.005249880292210684
-0.0029877580852960984
0.006849045185035659
0.011360561053737216
0.002987488473932347
0.0066700236666139235
0.002503907999318925
-0.0022999937448030645
-0.006225054156814285
0.0009201102874407998
0.0015716282848166165
-0.006476803353580674
-0.00035832180694714017
-0.009911480750557151
0.0028532805626661586
-0.003968746561520241
-0.002235648321544817
0.0011312182382177943
0.0002847508592066095
0.00883247708091351
-0.005850744573153717
-0.0007768137205606744
0.001252480324567292
0.002227201225911649
-0.009160298726144784
0.0023225416240130873
-0.0007755095442785326
-0.0053312146748649815
-0.002027843603865452
-0.01244192297508467
-0.0033925371501903187
-0.00039105326810476884
0.0035089005187403334
0.0031341287283003496
0.0015953192516682947
0.0005409660013070832
0.003433334331866627
-0.005784752578586242
-0.0016151889106463457
-0.0019631622455891624
0.005253865730300403
0.0030814234689800013
-0.010330718989324769
0.0036242335178623183
0.0017804937033425068
-0.010238607165632022
-0.004505616150572515
-0.0034917601773714973
0.0018099364622448366
0.007123543269859503
0.00473647923328842
0.003734464775087898
0.0009992464964401464
-0.007594469827622293
-0.008530761129738424
-0.0023001441659537248
0.0017412346646199367
0.0003450916629229463
0.003251519552480474
-0.005307198904866696
-0.0014629825445646935
0.0015113578792239307
0.0001590147921256066
-0.005842621170181106
-0.003025484862886722
0.0002445240068445088
-0.000709225338687614
-0.004363346910832656
0.0009229626250101566
-0.001796128077510885
-0.0023859096040830057
0.003542543162415263
0.0013537032370920378
0.0084476460675212
-0.0007594069262624599
-0.002788260453946468
0.005507120944051071
-0.0004434279127336165
0.0008469044597119704
-0.0024372840319273827
-0.005833845869475064
-0.0012551034415560576
-0.004970580006373547
0.002665754998959983
-0.0013128228732114595
0.0003424338605970387
-0.0021550267657054092
-0.007167123432053509
-0.001713701475243163
-0.003732658280034244
-0.0039385447720903
0.0031748270020702757
0.000782322365741339
0.0018435674580710218
0.005562550207842409
-0.013878649050078117
-0.007005757725725425
-0.0006372608246641642
0.00047962961060766553
-0.0004955624865161586
-0.0064084093577095914
0.0035364229766668745
0.00020331511659297963
-0.0026767749869535755
0.0017339052686251922
-0.006381661646170942
-0.0069981205960266855
0.004992780923194557
-0.004471353963993504
-0.005295537669400641
0.000598765157927099
0.009851793141917323
-0.004482895083982785
0.006195959073722632
0.0017878829454318207
0.011307766211298916
0.004033958835686771
-0.003622948476720413
-0.0005683107412919302
-0.007444300523868728
0.0027780265569006674
-0.0016710808285821902
-0.00046001446775795343
-0.0027131413719649333
0.002751497813510548
0.0001600051259877414
0.006656019822650366
0.003540450740357356
0.006018591683542387
-0.003927580114431652
-0.0072603731148075485
0.0005055505595046819
0.003712064857874017
-0.005540377165736258
0.004423540265507217
-0.0009799679545854688
5.4927149246875646e-05
0.004591728228885551
0.00560721526629415
0.0017017346205098359
-0.0002370167390267904
-0.001210458882607872
-0.006723759444601946
-0.011004256663491387
-0.0019562205957877055
0.010977129585381494
0.0003846512562840049
0.006903022070938128
0.003369368421709541
-0.0031960494498709455
-0.0019588629805423643
0.0013851437877509367
0.002490048020242717
0.007488600023633189
0.0013950311496401864
-0.006504455871731907
0.0007139928762935478
0.013431814198571748
0.002151770365821492
-0.0010357199379062737
0.004207733315277651
0.0018987064247605822
0.003890892582602384
-0.0022011413784410873
-0.0008754266485411968
0.0013807614037148709
0.0033287236644552226
-0.012157875973520827
0.0058462949889415815
0.0017559838956818306
0.004337982276294487
-0.005091896043469425
-0.0032941236479438803
-0.0043840865096903036
-0.004332284891669081
0.0015897364811393944
-0.005475489042475218
0.0005053034407668821
0.003730206710267637
-0.0008934557488384146
-0.002979726859167234
0.003415164229865654
-0.00047549747901731146
0.0016490194021478236
-0.006087910750281379
0.0029836609588605014
-0.003166744456899126
-0.006527267555884374
-0.009602399971783873
0.006562346003860708
0.001298759097762772
0.0011874957479542096
0.006595791754872397
0.00018519236900708662
-0.0029502827537704287
-0.0014721173751052756
-0.0022792969319904693
0.001958766297386423
0.0020056312062781407
0.00994047787732711
0.0036414844839258343
0.001234446936560618
0.0007415309273678798
-0.0024867079102324436
0.004494833680155877
-0.0004575362518997578
0.0021591665044977176
-0.0011736748883392973
-0.004003268809311734
-0.0034553533986395706
0.007586769983871737
5.1649343933403004e-05
0.003161733105597075
0.002276515802955932
0.006918717144705811
0.0009207633485811642
-0.003363448817054458
0.00605558005404699
0.003921219991401765
0.0026422100016467755
0.004169795551332178
-0.000337253816089848
-2.0064580474394e-05
-0.0007364648355476161
-0.0009640872657315763
0.00032361846135266936
-0.0018171959803066134
-0.006814313189046204
-0.0011582466280420241
0.0017698476929207164
-0.007372334616624788
0.0025715746865277154
0.006950029825445274
0.0025827094207786887
0.0047158671957489694
0.0006274604341751579
-0.0013619580953933457
-0.0014632567458124368
-0.0003407613743357086
0.007423021833386012
0.0009197134532402047
-0.004546152998422998
-0.0020366942939424085
-0.0004173521961570405
-0.0013323728063774267
0.000645684912009437
0.006429582805552422
-0.007998099671370431
-0.0013946996011910584
-0.003912691179744893
-0.0025038832056180414
-0.0030114317832614103
-0.009463917391519982
-0.001631537447004555
-0.0033907835486054823
0.004187192683042956
0.004764440315955959
0.008178042285824024
-0.0016416647051008578
0.0028226640422074306
0.003389294917297131
-0.0025385770991371574
-0.003508615160182068
0.001100837430005485
0.002725357150794531
-0.005666080944011347
-0.0016050946904262403
-0.00576568993224615
-0.00156183985929558
-0.00391544783440073
0.0048365815948906024
0.007775518913184841
0.0055152787575553355
0.0026717874260792874
0.010802590309650788
0.007062215307690032
-0.005381110189979128
0.0013492223768153024
0.005635099086761812
0.0006282932882794708
0.00375459389697851
0.0020296298126245265
-0.0047387354696138174
0.0033078391456068004
0.0040955409308583825
-0.003698356588002345
-0.0008675662573994481
0.003898286322681467
-0.00020455122876617316
0.0015070627701145973
0.0018301145414052142
0.003787256554574269
-0.004357612381182847
-0.000512097193251028
-0.008469683485668003
0.004332331115590802
0.0064526043625440675
0.002655790294643168
0.0042643778913882425
0.0008557941729034046
0.0011701139864858676
-0.008014122889218489
-0.0003142723114538095
1.1367668839945176e-06
0.006101873533966346
0.0019730581444748147
0.006084734584658169
0.003583845823359911
-0.004054969098156405
-0.005559446050207814
-0.0025883019222104836
0.004927705851878132
-0.0036285224358199963
0.0019492902661228245
-0.006738504958023557
0.0010516582356969474
0.0013732158279116365
-0.0025888557795415174
0.005503928642823565
0.0038984175035216497
0.0015891797876623514
0.0010633976339259937
0.0007267327149118413
0.0027314984971118176
-0.0029320974152688634
-0.00013919446845882933
-0.000737715332901359
-0.002299038090359173
0.002183462151780852
-0.0029376415019361423
-0.003951708943816256
0.0004471348096574135
-0.0016375728792582655
0.005582698466039772
0.004812967492563948
0.0016259325302492903
-0.0033474599718518
-0.004814547469001222
0.0031878044946899386
0.006558686717977759
0.0021237247268965924
0.00022051971968227256
-0.002752658994749435
0.0064388105536364836
-0.0018549777092440251
-0.0049436877671285295
-0.0031997111623251846
-0.0016133045388640101
-0.006145978743160116
0.0022878327941031028
-0.006111451092715766
-0.0039608439489769755
0.0003220428936199555
-0.007096224454361509
0.0008897127791243309
-0.002532304395828777
-0.007326979644961531
-0.0062385829479449295
-0.0058242823982721705
0.002479521410911602
-0.0038490898113321685
-0.004142563112911599
-0.0010456175634750468
-0.0034296097354580193
-0.0012176962897821474
-0.002544811496271662
-0.001953501693666271
0.003346142970752691
0.0037899079207205665
0.0017404472265399006
-0.0034463946549060844
-0.0037544296533122885
-0.008478153784493165
-0.004540037477204975
-0.004096703996759306
-0.009143987893712676
-0.0015502747841243188
0.002363688739799215
0.006080743640722049
-0.008684630845048606
-0.003027414510038975
-0.0069536000837680705
-0.008011909171642469
0.0020564697772792588
-0.0019310255280458079
0.004820589112441742
0.001893837159733621
0.005779274308661281
-0.0077561254785975175
0.0006214233307710254
0.002871792152762111
-0.0032905967258863595
-0.006667973443395566
0.0026823056854461645
-0.0030514009049758886
0.001326169110852336
0.004697904171959463
0.00833209002840972
0.005930741562573995
0.00027894394354219455
0.00022317881582011305
-0.0003913871804363616
-0.0045578643098905846
-0.004698277827005502
-0.0037624276010618514
-0.002168107195427003
-0.0005748602905090092
-0.002333661311768478
-0.0006249714218354075
-0.00918319449085586
-0.012703157610229172
-0.001692233748030971
0.0021764518722594147
-0.00358149147957172
-0.00436589126188559
-0.009252252118294958
0.0017711562849747052
0.0016412009310986372
-0.005026917639424473
-0.00011136648638602894
-0.002734011521427915
0.0017158618637464756
-0.0023507697662426205
-0.0008155510697076922
0.0014088672262140003
0.0031013492357097917
0.0035825146968793712
0.003170893356588858
-0.004638319154572652
0.0029244675158270695
0.003867418910165964
-0.0032339986528580125
-0.0018658166969081214
-0.002941153345106144
-0.0036838980259012596
0.0031605414128671955
-0.00316544836077806
-0.002849090307042675
-0.0004841648536810579
-0.002648435658594166
0.00412445646220586
0.005268495406464108
-0.00014364476776136605
-0.0037725461049770946
-0.0021659978195636316
-0.009915168674400687
-0.002668034230619037
0.004886703826784576
0.00843467301481085
0.007545943002950963
-0.0037981236157641576
0.00037577709024616546
0.0038420874711427785
0.002143356789536407
-0.0030005312781358783
0.001992594243558432
0.008015676808565632
0.00163556349089145
-0.0043343975997930904
-0.002138494934339414
0.0021158652343644287
0.008654375461620005
-0.0024490974984576926
0.002400292197477571
-0.0003922772612780649
0.007195928432249992
0.001255584985962099
0.004874485977909443
0.007857148159427549
0.002490066518129005
0.003606735675218017
0.004752384230531168
0.0016089029094927627
-0.0034237267057938966
0.004203400320472907
-0.0010799760702891275
-0.00044235980003264037
0.0037888619406698134
-0.005645771253541788
0.004791436115250969
-0.0033514328687941097
0.002332801209995349
0.0014905882354036692
0.006082799871759208
0.0017962052218011286
-0.00029632643376080204
0.007483501705261317
-0.003836327212580249
0.004787091404426877
9.683911844810519e-05
0.004852586130212087
-0.0026405433761055542
-0.005803698751476556
0.0017739787327158754
0.005820269038151561
0.010372322339314061
0.00473771293617345
0.0004776199768737771
-0.009154414924097609
0.004224340251635135
0.006400631741252538
-0.006714575706642357
0.002937741625001973
0.0015657555794613737
-0.007068709460567855
-0.011613867481290072
-0.0034124586361278845
-0.0006306462267762814
0.0018105575753127805
0.009916808098391594
-0.003976190956659468
0.0002374289464823062
-0.006292573687180468
0.002788167196804245
0.0012846821576708485
-0.007217727421253897
0.003994567653340493
-0.0015941549421569718
8.621265797971248e-05
0.003205871026495452
-0.00010014654995209394
0.0029754038417353465
0.00363640208363729
-0.0009221436485755969
0.005130672508987576
0.004954393535659481
-4.730520878515562e-05
0.0005025325795088841
-0.0011669699891590285
-0.004907667347390289
0.007940645722298094
0.0030244414253036097
0.002771600490290069
0.0003916971005806756
-0.0026760728315574434
-0.003960304910682316
-0.0010401151032231645
0.0017157098810728787
-0.0026987529640575426
0.005707599885803346
-0.008068356337333842
0.0002082434830267163
-0.002376507744447508
-0.002631536196095532
0.0016647754877130779
-0.005667688878555353
0.00019647071807562852
-0.0003008062038588012
-0.004328086019114676
-0.0007264360598314313
-0.0034630694341529146
0.004519078495982035
0.005333210499267545
-0.0007765136529300114
0.005642711058510589
0.005120599997869376
0.009806897252053857
-0.0028941941825094517
-0.0012041767311825368
-0.0010097513636424806
0.0053518183771361924
0.00030907267829197876
0.0025963777470759913
0.0028824860227894982
-0.006443114106177419
0.0029165520977062535
-0.005951579743324584
0.007053860052773318
0.0004097529161851182
-0.003475490589704026
-0.0015696936410714817
0.0011089285950720439
-0.002275060876385536
0.0038184294866470017
0.003948868743044146
-0.00015151842033337323
0.003438407243290926
0.0015659441464572859
-0.0011111305911789668
0.006223662632780844
0.008747694485491089
0.0034616261911478564
0.0014706148136619111
0.004373703411573909
-0.0028635079008960816
0.000991596603278453
0.0011535525160417095
0.003497519873379802
-0.007917858797244482
0.003134636385146979
0.0013205583747535775
0.0011599012440392858
-0.005823079767631412
0.0020210749014960513
3.92110263264864e-05
-0.004165131679663218
0.0009223236645585741
0.0018084000701934166
-0.0022252998183271444
0.0005483445069032543
0.005330182881156858
0.0015245513473455708
0.001644706760551919
-0.00599724205464165
-0.0014123236595650968
-0.008876874988448153
-0.010211509191734844
-0.0009379529510292059
0.006991207543575714
0.001159588038931534
-0.00889406799711358
0.007412128682411767
-0.006321011095326701
-0.003733924055841361
0.00425438844048645
0.0019918364601350705
0.005384555484018376
0.004936172472653856
0.005761161357465544
0.0017957338124127953
0.001477442558240117
-0.005038531219560148
-0.000563241412004631
-0.0013290592546773205
0.00656325133153491
0.0036884068830451405
-0.005415044658100882
-0.0023555194396766605
0.006920513052752939
0.00427656160789862
-0.002306456982730924
-0.00025928850816378377
-0.003897807058537059
-0.004296412011255724
0.009801867928042109
0.005145513356085846
-0.009785612485393865
-0.0004995480003856032
-0.0065521045128573594
-0.00013431823894483337
-0.013065148332044927
-0.0020345137087804483
0.010343254348327193
-0.004159351820120973
0.0009227013937056428
0.00041287136821025806
-0.008633302170385227
0.0006445718349602253
-0.004039631995038495
-0.0021464261845353465
-0.0066944392190515165
-0.0023360135075701483
0.007838242098851114
-0.0008270107283289366
-0.0029375324798052807
-0.0016259341669040812
-0.0031597722188300504
0.009002351234291934
-0.006351984247181711
-0.00600660749641546
-0.002860723289571221
0.010277277037080881
-0.0006411085321527998
-0.002555877849409151
-0.00042811683317740086
-0.0006946464449805972
0.001090517728443644
0.0007596022626227078
-0.004604977383042873
-0.015320632676787531
0.008387383380367756
-0.0018494277240054598
-0.004514857330770539
-0.0008642277052909272
0.004704801306673905
-0.0032381709840320428
0.00353160434042328
0.004019669573888565
0.0026940811739163033
0.003383143445723163
0.004806050530626087
-0.0035600759228736206
0.0009353931867949302
0.005522487936786408
-0.0026832626161895764
-0.00612749304660369
-0.0013430429577195398
-0.004743783600353239
0.00822562874670108
-0.0046369799710278825
-0.0016509297311933931
0.00110649646624412
0.0004946242358607097
-0.0017998274453334415
0.0007747957793408283
-0.008399396964865179
0.003592296474707025
-0.0015958499336857115
-0.002348122884168934
-0.005928460274163852
0.004968476464810167
-0.004366749643062028
0.0010237102485087955
-0.004404516901078774
0.0009452269856886087
-0.007589369920709024
-0.0005346105460131682
0.009694984630422471
0.004811305904547422
0.0013037834267613816
0.0017135467990856718
-0.006430818443960097
-0.002469200814289972
0.0008664196665229065
0.0020222339277888588
0.0033629324393682288
-0.007168133278640529
0.009082155899077508
0.00019649851107509135
0.004184204970771047
-0.006371228063016673
-0.003310852296839128
-0.004281333128271361
-0.0032129205948827847
-0.0039118311213735095
0.003573228999200432
0.003959807443257153
-0.007982139466628482
-0.000573723914039004
-3.0521153721738893e-06
0.006698661416431491
0.0009513942187487324
-0.004634489937953417
-0.004390078425467068
-0.003946572745188995
-0.0025824109934129112
-0.002418423405809542
-0.0009549919728742524
0.0030298192543977676
-0.005859162183525371
-0.00281298372991992
0.008563347765248383
-0.002168644578764009
-0.004888640127564276
0.00030672720000499685
-0.004517377535595607
-0.004166701926832668
0.0022981078148297455
-0.0006915660361566594
-0.0039788188849819465
-0.004594024434567867
-0.0022646739827800726
0.0005555145924064373
-0.0003100922637684416
0.00534376109833979
-0.00889515945158947
0.0021166706124433085
-0.004549847099896113
-0.003916999357310965
-0.003861289766194293
0.0043694426117414035
-0.005747130516851197
-0.0008406521606124851
-0.0031920660525892
0.005997569352741798
-0.003943867019044188
-0.00557067146690027
-0.0014467639851700994
-0.0013547682481027407
-0.001100847810845043
-0.008289244717127253
-0.0034903207894447313
0.0020828238508151867
-0.005018718261478638
-0.0028359075196647487
-0.004357817240792166
0.001667774505017593
0.006150379658465017
-0.0008378051408821216
-0.0027177887826531117
0.0005023090879634396
0.0004745456482495573
0.0005098131121987625
-0.0024199063794214486
0.007308223491745254
-0.005717216826415517
0.0025136205198243687
-0.00047606195462820413
0.0040622458735523346
-0.0031310193002857425
0.009431225332203452
-0.01237510744629457
0.003056038726367907
0.00946859545517989
0.0016899920583769675
-0.004739841488889466
0.00908725285656272
-0.0008231472167376949
-0.003019760269072178
-0.00020526041848698215
-0.005207715274645494
0.0026173668320049037
-0.0042327318944548895
-0.0014942560225982343
-0.003038098803681642
-0.004683914943267853
0.007721896077759731
0.008729738579306678
0.0008593566132748072
-0.0015428530548302003
-0.0022145849336335996
-0.0007974000250131437
0.0008460401023276696
-0.003911952054351982
-0.0021620050659526082
0.006152251069363788
-0.001373383958936613
-0.006254214858172644
0.0013802158385461292
0.0011748379693572362
-0.003798256982234344
0.004030388833584956
-0.001017377160689573
0.0017142281708662646
0.0037430346254958956
0.0028933326821286263
0.006295014500844661
0.00201028163073177
4.432105737974646e-05
-0.00252831154619508
-0.004448925069432391
-0.002446420504504066
-0.00022749085327613446
-0.0028957332712834564
0.0014800178525566552
-0.00807593280887677
-0.004580936216674927
0.0014362545151962063
-0.0009847157847856498
-0.002655493726382818
-0.0037078405511680283
0.0012729016560292241
0.007638345937017077
0.007821694214359421
0.0032802337729382893
-0.0029406996047640498
0.0011367615634040053
0.002514085266697128
-0.0006882147517724294
-0.0013511316852843048
0.0022687569794359306
0.0017795068458380775
-0.0035826208396459486
-0.0011539706925285506
0.004765652655159106
-0.005952419959368303
0.005310446546233539
0.001500693821154791
0.005254837104940533
-0.000333912525727976
-0.0037723103545596478
-0.007721117589247225
-0.005566196127542324
0.005062422147639825
0.006028474565544908
-0.00167677422541026
0.005940847541961687
-0.0041428182150322545
-0.002653168563559715
-0.010674643806019018
-0.0017546161380188727
0.005323197892310317
0.0046281430398520795
-0.00556580470058152
-0.0033155318656481725
0.0018394519061687993
-0.008497321423252862
-0.004612185134405157
-0.006678710555060725
-0.0016490702409798661
0.005505136891877793
0.003565524186644486
-0.0030600796365217106
0.0018160819318945377
-0.0010212112102335046
0.0010383458784191278
-0.006275875518022988
-0.007327845142445937
-0.0020508521525355455
0.004400878134662857
0.0021564009298581585
0.005343334569416918
0.005629947916497891
0.002931547168558332
0.0005025643521448114
-0.003397359087567827
-0.0028309644196874593
0.0006334715760794488
0.0017159257005177973
-0.0011875470892670089
-0.004659082593994534
0.00604971995197409
-8.391360007879456e-05
-0.0015340102399312007
-0.00023805907106860696
0.005688470738014806
-0.0010777071428236936
-0.00393142503574088
-0.0018570621454156258
-0.003798870869820433
0.002500649158423706
-0.002735192368529982
0.015297841497710369
-0.002967319890529916
0.001565413226594724
0.0024296684297712887
