1.0
0.037572403520184115
0.007152840416724691
-0.0025218698418249135
-0.001160581418388051
0.002150188297547302
0.0006965311589284236
0.004600478078361813
0.0007337627026867241
0.0039004472156686275
0.0031959011321982225
0.0026488599552632625
0.007079699671661138
-0.0009855032668745687
-0.00033187054364360285
0.003137355208940998
0.0074114423382199745
0.00909855630071074
-0.008324807487721925
0.005399595423915667
-0.003539219134036408
0.005593115920085626
-0.0008461039584550833
8.638505399465024e-05
0.003991551268483002
0.0012064812584616465
-0.0021622061996068326
-0.004859840838491839
0.004251991383849041
0.0007128821979954332
0.005553129269962333
0.0013890615863604374
0.0005322759715948775
0.0010404822064753619
0.006366154880594945
0.0010983491062996804
-0.002527890420286672
0.004063585443905104
0.010175397558184049
0.004753840383820952
0.006527119367603316
0.006867668198181025
0.0017022843626678678
0.0004922487535699882
0.007992352179313437
-0.0004599552306043144
-0.006487675686865584
0.00021229533833754446
-0.002417722586083324
-0.0017801947176954121
0.0004412195315606431
-0.0024008356021676873
-0.001871549705101821
-0.007220019465321982
-0.004364479896339267
0.003673175665039146
-0.002516608415828001
-0.0032927200697227084
-0.000472182991584827
-0.003855402538994609
-0.003797724312498353
0.002695145340149946
-0.0034028214108539983
0.009069471895997699
0.009125487010013618
0.005631151524690254
-0.0008537310311692743
0.00046825598158582287
0.004069213608749815
0.0038419025147491226
0.002429157753949006
-0.0005189856857272932
-0.0016108501422746463
0.0004889286131726556
-0.005099565013472383
0.002689100421510478
-0.0019939211333635546
-1.1152151137600071e-05
0.0017768472328057313
0.0023726391087005917
-0.003534373380593491
0.0035833751594965867
-1.4663134571482672e-05
-0.0012919327012899655
0.003245680824574392
-0.005855523404168073
0.008033759057073655
-0.0023976824384063194
0.0002624387869315305
0.004662518133376465
-0.0033826635098165294
0.0033559707352492515
-9.433188422055526e-05
0.005283050675154452
0.004108035480958061
-0.002466755080662879
-0.007516139574094271
-0.0006689146806269153
0.00682840513752278
0.005243599175780543
0.007672751068087984
-0.0003874484709065792
-0.0005850560318781299
-0.001680093871733641
0.0010444971739571667
-0.005325537171099028
-0.0009321511624820313
0.0012348362628022982
0.0003984471255482535
-0.0015982585831041988
-0.001280015009299863
-0.003018154287220253
0.0006024035931717149
0.004851336590168702
-0.0067699204663186335
0.0023051039330216805
-0.00014875533475488016
0.0028885868990209335
-0.0032502934630415227
0.0013111975275715046
0.0025779723474610725
-0.0028973786438483634
-0.00033283363496416
2.421942245916703e-05
-0.0029873609770118556
-0.0005763568790738407
-0.00026433526905642285
-0.002989467083310728
0.0001086533023107982
0.0010170575616184707
0.004292651302073548
0.0029850106634038117
-0.0049095111710241125
-0.002033269238943816
-0.007391816737875085
-0.0030549897756946263
0.0005698796828028285
0.001937927993437822
-0.0008518291320380839
-0.00040635095312190343
-0.0012647979071097573
0.001956576592432365
0.005926948220050715
0.003813750186651823
0.005939411387045079
0.004359605473565893
-0.0035153165558526357
-0.0020388619442424844
0.004820820235298999
-0.0014672296021987013
-0.002448664826679204
-0.003943911970754499
-0.00932294455635377
-0.003163315717026284
0.00031890243784403303
-0.007896865800769242
0.0010086210631459435
-0.0014366452258909761
-0.0030969693562322804
0.002718165563950448
-0.0019649039675501004
0.003190394444325312
-0.0009265101437918531
-0.005874238386562365
-0.0008203346577316116
0.0057987018381540885
0.007520573317284884
-0.0035333857223821055
-0.00267311393340988
-0.006948461084714004
0.006220610579715046
0.0019433862836944749
0.0006324240184556743
-0.0026937518386641614
-0.0001661062382725346
0.0029789099840977083
0.004255056363503827
0.005863174290928555
0.003920614251239707
0.0006283680251259601
0.0054868611958822705
0.005470700425871894
-0.001954852030861423
-0.002057147537854633
0.0030748855457605404
-0.0003611185123454624
0.00011814067941353454
-0.0015774658180027405
-0.006393969022701246
-0.0012187535689531345
0.0019534905502059923
-0.012820586687544896
-0.0016157152854895712
-0.0067053293142968085
-0.004337871421421059
0.014755838617914754
0.0032069417889777456
0.001505555889215572
-0.0017016900863554977
0.006426720263937908
0.0015513395795542814
-0.00800807891495877
-0.004495357932279796
0.004257815790483504
-0.0028230850378633907
-0.009280101737523206
0.008582262854530391
0.009959257038066932
0.002828685714265779
-0.001830172305691119
-0.006737533992744304
0.006586064681932367
0.0024882704721336923
0.0038920338476871215
0.00535074703259148
0.004702478117961446
0.006557667812399693
-0.004124938677402985
0.00029900090281930716
-0.000968679064406
0.0015576264131640452
-0.00040266531837650633
0.0033210486734687257
-0.003694949282705154
0.007236706466182735
0.0010318268476238127
3.245363626809066e-05
-0.004787264481156909
-0.0045131310691237285
0.0007751378255093093
0.0036232502349980915
-0.0013679300481297192
0.0026458490845900563
0.0030956218956887166
-0.0035022350787097412
0.0033798975171470584
-0.0017989190905581384
0.006245664537606632
-0.00016795668310829275
-0.002366967576729291
0.003984289034410922
0.0018366599852538954
-0.002587894194066218
0.0038055629322146615
0.0029601806443385844
0.00023064940068163412
-0.00489972112928542
0.004596231166086298
-0.006051326665789586
0.0038397969188050086
-0.0034123029118514553
-0.003912452618248957
-0.0003373262231249379
0.004864537056518583
0.0056713076172701495
-0.003020167801807026
-0.005589020238590138
0.0013647227878507472
0.0060806148577287784
-0.0003545877462935201
0.004237468042190834
-0.0037924375903054513
0.0037885513461974867
-0.0020307052619420694
0.0020911731274033695
0.00020655919268636877
-0.0058713407377689215
-0.0043974990566461696
-0.002499264434867743
0.008624932236719757
0.00047459783067263256
-0.009847389338428552
-0.004309313622350938
8.579418059461089e-05
0.009320740877934051
-0.0006760368363673086
0.0031028250610600056
0.0029939220033385117
0.001194968722278138
0.0015429670188295585
-0.0015787467167331624
-0.000982303078290141
0.0028420043241708035
9.773521153980356e-05
-0.0004994855873625253
0.0012849990292126447
0.002957356655529168
-0.0029595926408642792
-0.0023502527870886557
0.006288479522453601
0.007311360384486739
-0.006286167746158685
0.0026086262294867245
0.001938918900210018
0.008900272514248669
0.0071465384352085845
-0.006178371765476457
0.0018983161004459017
-0.0062786585422833704
-0.00029747524238834134
0.002885108314789957
0.007803219613283603
0.0011583933290925242
-0.004699920960244137
-0.009501247938673407
-0.004737419848988479
0.004396723704779722
0.0013288267082063525
0.010211216813155722
0.006898638070040513
0.0005400524516313526
-0.004278051880933639
0.006415965941988603
-0.008095256071785333
-0.0021344365926803757
-0.004011913748694762
-0.0022224547092093046
0.0024405490461145425
-0.002527625859515982
-0.0010334305351342263
-0.006842692679406012
-0.006852049862060455
-0.0009096801925915914
0.0012665462013383179
-0.007175083647090988
0.011722314653540072
0.0014077224917291482
-4.602567827012622e-06
0.00042704170192669225
0.005380932110090536
-0.0042945756603305655
-0.005155763172871866
0.00043758011323673755
-0.0021122678594122247
-0.0005952362696820474
-0.006387547189322638
-0.006085878424522649
0.004094877472837065
-0.005586164803339747
0.005106354959691313
-0.004412801569793254
-0.0018591320607616987
0.002252467115365124
-0.0020872904276977716
-0.0017524429143626519
-0.0021204487562081695
-0.0049596244347970405
-0.0048142315906421615
0.007458595733454907
-0.000516239163946393
-0.00799003792021186
-0.002870347371996691
-0.0009805164881515815
0.0038611405798516757
-0.00586158272212862
-0.008768724545938262
-0.006783768413524422
0.0011769032079440576
0.0059200129600378674
-0.002384185145544754
0.0027548619073034116
-0.0015816902903058002
0.0003988703798944712
0.00596906613909969
-0.00406483448329995
0.002558908343470408
-0.0024053767198184634
-0.005812809008234855
0.0012011507421229393
0.0003276700557041035
-0.0026251287769944913
0.004231016528040323
-0.0010568300646204576
-0.008399007350610157
-0.0020217571498545727
-0.007212102077410259
-0.0011741510833164928
-0.003151591996625963
-0.005478180983295175
0.0005889344864547212
0.004328400539402123
0.001537211443180287
0.006848229962436295
0.00268525965416064
-0.00810046630121202
0.0031309811619422844
-0.00605502730502913
0.0024271280767284953
0.005448902516727568
0.004131008948449947
0.006175455857013379
0.00826740001374278
-0.0006680284412692818
-0.002559187505090111
-0.0005229135078562353
0.0015913087857256866
5.546252950635654e-07
-0.0005852973592117342
0.003189510780053653
-0.005366132185184325
-0.004141105236474326
-0.004246444274916433
-0.0010371109820446719
-2.1834893850994382e-05
-0.0012920385419427753
-0.004619739404919034
0.004714354483454721
0.001976105252061876
-0.0031791689181757997
0.004044075841592408
0.008712289003727629
0.0035259493845358056
0.007749410117703401
0.002212712115226231
0.007403599089852473
-0.0007793014661099752
-0.00241060604756387
0.0010179666363638994
0.008188417973091175
0.004772742171123637
0.0028886485039407083
0.004333584653878211
0.002482257339408771
-0.004077724588886251
0.002329387048251285
0.005040701132561714
0.004047755239337888
0.0012826638240469568
0.001126298621656083
-0.009335708056921665
-0.000332270802858348
-0.006730914605223852
0.0062144179847373115
-0.0011659411869109828
0.002614003584705933
0.0009138238856044973
-0.001856952861232638
-0.004357119562399066
0.005661373845405054
-0.004968606417735519
-0.0020775869376764918
-0.0053766730477597694
-0.00169951532322842
-0.0023752212068675624
-0.007821194901099133
-0.002732303829715816
0.0010119910584011778
0.0024310950809292246
0.0014733711550880687
-0.002226313623323004
-0.0013324111986440128
-0.012627144870691342
-0.00037646781053009076
-0.0033622063682674976
0.0029549558942209083
0.0013789629984457073
-0.001216146878449838
-0.004579413105243513
-0.002205626615815923
-0.002593741472009113
0.0014579339682712984
0.0003155766923569548
-0.0026606600513532103
0.0005103696062354206
0.0007606813627482892
-0.0001629116544319959
0.0033595615656015713
-0.0008889621470297174
0.004301342807609642
0.0005994662623464288
-0.00826925765944913
-0.00533870125832935
-0.006363635242627939
-0.0026566899935182406
-0.004476404950367778
-0.006489615744202538
-0.0021347949622299127
-0.0017437409401595528
-0.000883657388886244
-0.006868069873134619
0.0021842664225663966
0.001244929539547883
0.0072204690056365504
-0.004822043258830949
0.002564449660767316
-0.003321741974794545
-0.007165834047862983
0.006625180063267368
-0.0036549065986080176
0.0032578752658051586
-0.0068322634180651085
-0.0011427720342384218
0.007216523749559009
0.0005662578078785691
-0.001860846935484268
-0.0013316378001655533
0.0007474641143405602
-0.006583324596702768
-0.001072383292418104
-0.0068558604898194325
-0.0007047619678694882
0.0030157180726130732
-0.0007417853339359223
-0.003708450866056733
-0.003909669544348773
-0.008962956600277964
-0.004016795952698216
0.00932660727856839
-0.00435310168320099
-0.0004886592448941276
-0.0009237387544984108
-0.002817882430988881
0.004121920599670757
0.005304953793043758
-0.0030066105459600973
0.004859231295466235
-0.001214312825958332
0.0020303036218079357
-0.0020916858150251574
0.00040673012856446106
0.001180424573642508
-0.0031140772332692124
0.005141977720954396
0.0016723105524983775
0.003883585222122788
-0.010989288946315146
0.0008909919477704979
-0.006699425513080496
0.003961842136774384
-0.0010575149540070394
0.0010161708936098717
-0.0006804081600915148
0.003409826317886616
-0.0035590022170691733
0.0015353011548241923
0.006334700081860802
0.004546228653070031
0.0009229853872075366
0.005879239700619058
-0.004100239204981239
0.0064141572076957904
0.0005752912022607042
-0.0010787485396974346
0.000944559880856929
-0.0020930122146786
0.004458212667709567
-0.005418611077620004
-0.0035988741832540597
0.000726852753032798
-0.0016964665103048643
-0.001339041194035513
-0.008887920646967785
0.0018193652540028377
0.005854435154881585
-0.0005114111767958135
0.004681053460871027
0.002050237538137356
-0.00034841358591182134
0.00011346151718980834
0.004940323085524554
-0.0005924601358098588
0.0021901412906496086
0.0003797513813168568
0.0002484126574711343
0.008666532809876896
0.0009566734558325028
6.881769724020634e-05
0.0017392073935650447
0.0054745987986901225
0.0023966542601675353
-0.0013864480315429722
0.0022588885744561095
0.0024001246331443087
0.0004003704313489225
-0.006068295532956652
-0.0027610032510196427
-0.0026559583976982614
0.007097232252487133
0.003720046829551279
0.00020005819634636595
0.0003958043220224384
0.004318626274518363
0.0035459450324304715
-0.0017165746385292915
-0.002338369381569103
0.005416870683761858
0.0006927722463205082
-0.0010300003909753854
0.005150517111954106
-0.003238811442914345
-0.000718032022483277
0.0021374759805093476
0.004263909624330361
-0.0002790344324699017
0.0022437535721894575
0.001222574063599626
-0.0012251704176166225
-0.00787608972641261
-0.005555896462400639
-0.004544332463532473
0.0028870948966504477
-0.00253832540693617
-0.001755192404475468
-0.000700713820950772
-0.00477297446848522
-0.0031669956665843946
-0.006232132631300975
0.0030863962897833526
-0.00437616830179785
-0.004522137946087629
-0.009366114897585317
0.001487453335025404
-0.007662047514804333
-0.0022306614934927216
-0.00886391518821158
-0.004071076721227559
-0.006997620371165026
0.007037249045678732
-0.003378706634439833
0.0013822247089361507
0.004015093906415152
0.0024056737207295733
0.014891595966202818
0.0017096678805885936
0.0015058543699248725
-0.0019135334952224486
-0.0066362076246970466
0.0019477768715265003
-0.0031968438424063304
0.0043824982875719475
-0.0015961734037445022
0.005957162572847889
-0.005448431438520438
0.0017070412780788163
0.001451810184326555
-0.003978657141078205
0.002809881875052117
0.0014307860093205804
0.0048821864015856685
-0.003394417362851453
1.6390475903775213e-05
-0.0009729313503907086
0.0023219087400103665
0.00957912835554009
-0.000560827404621256
0.002126051280934924
-0.001104078623652729
0.003831980029873411
-0.0020148582298472103
-0.004434576959175748
0.0018173383838770152
0.002306146856472231
0.003520336967048586
0.0025822117718897874
-0.0005234262924375395
-0.011709146878045917
0.008362534209789585
-0.000904410924588592
-0.007157727718462862
0.0057685202001168095
-0.0058654415067036485
0.006276632219377587
0.007401961618437393
0.006734803907223618
0.0016267760371741938
0.0002158576785336005
-0.0010966713092344952
-0.0017687350164921443
-0.0032898071921587902
-0.005088272939447629
-0.008270790247008034
-0.002836215877833284
0.009528286027033423
-0.0012325129817205953
-0.0002852665484836641
0.003908949356485287
0.0006647365874075398
-0.011917444649549715
-0.005620512520670347
0.004509239902619311
0.00825756608350017
-0.005464258509460875
-0.0033201092618189093
0.004056806487814485
0.0018916250125007045
0.006524235390095735
0.0008697466430387755
-0.000500034913968077
-0.007768094232581553
0.004406781142580126
-0.00899453339157541
0.0048728637618955664
0.005211048221530726
0.0016596904037686235
-0.000699407361823168
-0.003699716128706081
-0.0024159159016259083
0.006367010229267979
-0.00506324063660946
0.0021215383213735433
0.00616589603944742
0.00491659291300547
-0.002711753693211674
-0.002562078986000086
-0.0015297913951919228
0.0020684677814708243
0.0028996766542299275
0.0007577317948190652
-0.0027262014862460744
-0.006535013324598413
-0.0015152186382502513
0.0019189498358942992
0.000771886199497735
-0.002958773987101967
-0.0006390429719324603
-0.006314432401163216
0.007370948953464013
-0.00016176357364089172
-0.005373052112740234
0.001948937226476153
0.005265122665903493
0.0019198820975051337
-0.007887190879954615
0.005398625093919266
0.008747878460021735
-0.00045692264976326637
-0.0015618234664623604
0.0033741221497900742
0.0017719034594931066
0.0035350730859339333
0.0060063170150759515
0.0019275470700406373
0.006310536354376377
0.0029945400080562813
-0.009933081648144245
0.006556940991161936
0.001525576362446199
-0.0004420931019217163
0.0027838324291982494
0.0049715866673536654
-0.001814984962332461
0.00016130697264038919
0.006002464142690403
0.0029855458748425383
-0.005209783864267669
-0.0026149224219164527
-0.00013147559252815215
0.004703083611741095
0.003959639040603816
0.0038476215288670693
-0.003714774697020794
-0.0008482856857615225
0.0019515302357809982
0.005641948463339283
-0.0037185116550807603
-0.004508235481369977
0.004134485106925914
-0.004641180731992072
0.00012505314984905994
0.0001541751817665034
-0.002056549212218597
-0.005221707828993713
0.006159083486128573
-0.01019994616618782
0.005281661516512353
0.001875978637820293
-0.0027634336763576696
-0.0031111988265427157
-0.00018855471770538268
-0.004389747793963723
-0.006346726362294168
0.00020719515097837883
0.0034340508694302376
0.0031463416689423095
-0.0073392993278206965
0.003714653827184337
0.002622316798849796
0.0019576496708036055
0.0021823649385875024
0.007004943195380063
0.004721597003201402
0.005093768699141005
0.0028518072386312576
-0.002857552030265801
0.004112767216520132
0.00827911257039681
-0.0022187076163118617
-0.0034036865522227237
-0.0004841122731311008
0.0035341912634590496
0.001277951252792267
0.0047829985424629766
-0.0007152170546689165
0.00016954221680952846
-0.001087390839006776
0.004339127002180347
-0.011540451208879293
-0.003806933280763082
0.00042991796769906014
0.004690834134500728
0.002982638431896602
0.0006049132175342851
-0.0007346435421244037
-0.002357236693733013
0.0029288425742455848
-0.003031153202916737
0.0012250084792654354
0.005434703071260881
-0.0015356286249589195
-0.0008353845066852299
0.007318281489276
-0.008341681704672796
-0.004727161641706191
-0.0018415433580317453
-0.0007414087279156111
-0.003155716472012351
0.0017714538054999884
0.004931143153672404
-0.002290613963420643
0.0009399288361314611
0.00031940744023819373
0.004140036928718721
0.0005575690152424254
0.008893592380784243
0.003923095725761918
0.0020359953722725466
-0.0016680556552203939
0.007214325866541826
0.0005224132343982529
-0.0068128800491501955
-0.009226696231688026
0.001692479305065021
0.003252352580818576
-0.0052178102978269695
-0.005849285430564539
-0.001578456259230373
-0.0014468715659622406
0.002241199892106653
-0.009436432684492624
-0.0024168227385106553
0.002455503257067422
-0.0025205226692072277
0.009512929280669463
-0.0001428234118587891
-0.0021637529760334937
0.003618857496213486
0.0029081256657642637
0.0006661191973765224
0.005929241191625416
-0.00016798745126368883
0.0030847113167854464
-0.004692622392054964
0.0024249076836214403
-0.00012312997260169504
0.0019170352960427353
-0.008339570567205053
0.0014009646235173625
0.0011022829260230935
-0.006454120640891386
-0.003545417006678799
0.0028367170827848743
-0.0024695413606658436
0.00683885185276377
0.0006426249735408109
0.005439859659329021
-0.0034102478624029524
-0.003932701544868517
0.002209261995403358
-0.0021429668654208388
-0.005465949819809768
0.002309027829906982
0.0033690215743439364
0.0034215482758767775
0.0026468647112468575
-0.004037555844285529
-0.00014191929821913353
-0.0005978609422516236
-0.0008539867371739966
0.009959070439075374
0.00029900044890966075
0.0012868636187591753
0.006492419392259947
-0.005532574919784708
0.006271093065341714
-0.0038587963958285273
0.0017008036459426282
0.007329148997421805
0.004776108305776154
-0.0009470497464374713
0.0030085130167904787
-0.00614822627488304
-0.0013810671713503535
-0.005730618999467456
0.0008855809402784183
0.0016706288748269
0.0005804709937802465
-0.0024131749420773594
-0.004851958207853926
-0.0038880131661640682
0.0017738171463215016
-0.0010376335082113346
-0.005636758100890176
-0.0014385225973801688
0.004083682663363141
-0.004507059971966708
0.006561470835661119
-0.004105875611938749
-0.0021457352194781286
0.0025358521313041987
0.002325232957236248
0.005287488474016562
0.011019907126471244
0.00018031628922471403
-0.002446878435399025
-0.005655875559765284
0.003393236479064393
-0.00709629071627302
0.000634333055849449
0.0005032281587940342
-0.000504305848290515
-0.0003565333938945318
-0.007845607989861371
-0.00220558992052647
0.0034470696019936503
0.004462066796809136
0.003594211349921025
-0.0030214597382943412
-0.0035627947777132547
-0.0038199534135952354
0.00014095075849945523
-0.0006108135269100993
-0.003591833544182923
-0.003910694616582772
-0.0067633252967591135
-0.006184030385495971
-0.0024461228278896815
-0.0016712274685538211
-0.0013113920611762383
-0.003727190081741158
-0.0015692241731970647
-0.003834670418111508
-0.00020047601899598704
-0.0030516211562469503
0.0005474990439128878
-0.0016319735542494095
-0.0018566877139688954
-0.001743771961245573
-0.002467338437348965
0.0015753063719819455
-0.0010897272992931683
-0.004606115611029896
0.0017331021233204231
0.004414049284166966
0.002741485843184656
-0.0004916424156960681
0.004692170243934639
-0.0018760028898324847
0.00556468696471708
0.0028238327646854687
0.00037277828603385463
-0.002850945874781378
0.0001871370279196955
-0.012775198251271103
0.004405676135197869
-0.0022593340249390786
0.009697400592682292
-0.005297446753925503
0.0003248996641516677
0.0032103900136669365
-0.005407009309685598
-0.000141385121198936
0.00906187097498923
-0.0032753654578844167
0.008455393702846682
0.005791374230985622
0.005167373259689431
0.0010460763022252274
-0.0018509708927332991
-0.004380625501200677
-0.004577929708704346
0.004008570524210456
0.008128187030691477
0.0054266382246655675
0.0017290365687266096
0.0011276461026669424
-0.0046419799306717646
-0.004803470624923762
-0.006871729591042168
0.006446007853610896
-0.0024269080261715434
0.0025041877434030034
0.0028125319929488838
0.0014255388437817208
-0.0009054360231947793
0.0012366694932225205
-0.002243143766047757
-0.007567112972086327
-0.004618575715777061
0.007402155096732063
0.0016394275122792146
0.00044520921203855025
0.0006854159710768048
0.001758532853241268
-0.002372046653840529
-0.0018536200421461675
0.002574591309499955
0.002817229562813283
0.001074781470042396
0.00027529640396868285
-0.0071121464223343036
0.008978907614331904
0.007043641875373574
0.001398309488106161
-0.0028181012958108
0.0016051079936366696
-0.005809545635169373
-0.0029320546986109693
-0.00623222762885007
-0.0008410713664820229
-0.0008872914493277714
-8.661358489736503e-05
0.00142710882305565
0.00875620600359396
-0.0107470412669644
-0.0004171562436060427
-0.011222237279271161
0.00042081535568987437
0.012774359368295293
-0.00050131098458902
-0.0005419781236282158
-0.002658885333200128
-0.000308592230592183
-0.003996921826504716
-0.001622908671923792
0.004787804979647667
-0.008278396104938995
-0.0016593825791455844
-0.009569870898098022
-0.0009100616845726437
0.001818757596961382
-0.005338425456722774
0.00466738596076899
0.003486298163923941
0.0004303286032651493
-0.0005055738880960195
0.001726265747826564
-0.005389658976769203
0.0026332671582586643
-0.004951182555180388
-0.0023220311976946545
0.006614140646360861
0.0007710809815020971
0.0012641384920594144
0.0023984134051726813
0.001361463005399332
-6.66532635016303e-05
-0.00302618878362961
0.0012935224269659195
0.0004211327950251644
0.0051916142232879894
-0.0005121086235835714
0.004045348693450443
-0.003183742820698217
-0.006796692031058547
-0.006909579270343947
0.0017447378019162765
-0.003202701097171432
-4.606998275620775e-05
-0.00030196369235484135
0.00011427558645373484
-0.008505228620188592
-0.0012078036426787584
0.002583065797719571
-0.0023881282622822855
-0.004068648869422906
-0.005035304391970583
0.004729452652904096
0.0025811635149272437
-0.0073598783870615905
-0.0018162926079038583
-0.0010502273780190869
0.0067262395253475955
-0.005023006662102734
-0.0008007383861919137
-0.002019445874271451
-0.0006411821575635113
-0.002239325264486202
0.0002997904798747827
0.0035741298245733463
0.004961485280547997
0.0005628230208155361
-0.005964770765987549
-0.003575415616668916
0.00269423434370399
0.00484422439334879
-0.0027258744676590314
-0.005467014762130501
-0.009767448209829417
-0.008817112777864832
-0.0003676912858295637
-0.009175078555671349
0.0007445047093677358
-0.00018359429702122145
-0.0015865786109862715
-0.0028395064603172963
-0.0032727436323011596
0.006141747070183139
0.003089013632454534
0.0013626857513970901
0.0017103263258263215
0.0008885499899618239
0.0021951692045985498
0.0047637607060233835
0.0026384347523827835
0.0035345204778812834
0.001502040176728921
0.004746884724899665
0.0020266879292785635
0.00352883885729638
-0.0005954849174857515
9.138805140277947e-05
-0.006407775193590154
0.0026377152071296204
0.0013222748806553763
-0.0021900076464678713
0.00021151035555983975
-0.004642292919596255
-0.0008592117930179238
-0.002391542008615806
-0.00961155057393884
-0.0008776029324006148
-0.010729748390931921
0.0017288214147809227
-0.001126322857980014
-0.0014799292179743118
-0.007113755689550896
0.0027524104401485897
-0.0012099049132500964
0.0006184700182445941
0.005644682931127268
0.0026027228892059797
0.0011652182427688408
-0.0012241675152402417
-1.5475318224602436e-06
-0.0013947290488827448
-0.004383169409421307
0.0071873145404453345
-0.007366377737135407
0.0009874434131566178
0.006170832348714466
-0.006131477199963583
0.001436846385561197
-0.006619601045626943
3.1112593493233985e-05
-0.0016042700401216736
0.00046399293784410856
0.0021026397293790735
0.0019885220047982104
-0.0008633344355701446
-0.006601827456055677
-0.0014059181351388345
0.003520460653269749
0.000714654201088375
-0.004363616852804647
0.00670412238253932
0.0019327683516865916
-0.0029750347967742465
0.0023030154875161146
0.001540556535153376
-0.005763083228797182
-0.001406423191645124
0.0004316737818058898
-0.0007673360757054537
-0.0024284186059403846
0.0002690743591451687
-0.00011400248384765715
-0.0017776196703942883
0.0028760931558131043
-0.000855735960564183
0.006565804744741578
0.0010589877543201037
0.007009672743399102
-0.007901720565324016
-0.005052943118134207
-0.012197008744712324
0.0031991138385749573
0.002779337355295424
-0.00027505486777507104
0.006792383466671744
0.006182346311630314
0.005805350327039758
-0.0078042606108701725
-0.003564688309367518
0.010434932884959338
0.00038197072712570527
-0.0004851922663487616
-0.006865599525053203
0.003141575660532021
0.006279429949612651
-0.005050825391499201
0.0018719877532983992
-0.00029465531161310436
-0.005896187338445057
-0.0018000862004622017
-0.0023468854581835453
0.0008699803142987952
0.011083176989507072
0.0009275986883011064
-0.004634210627840417
-0.0037012903651895634
0.0010620085976760377
0.002955565553553802
0.0020453319726665984
-0.0028627468280778626
0.00045634999685022177
-0.0017320442076105861
0.007061060590506294
-0.002941222124938194
-0.0026859787874651594
0.003677908121443911
-8.446696511326616e-05
-0.0046225413530701365
0.0015898616286232924
-0.001791706081157327
-0.003626475556393698
0.005136986802892686
0.001979068819836297
-0.0014034536673291804
-0.005826891884464888
-0.0034228145893894306
-0.0036299778706233863
-0.0027813891453098145
0.004510701035316321
-0.003006048011702282
-0.003177961020928536
-0.0032122501988926773
0.003796363438326841
0.000520366365962045
4.780713412116613e-05
-0.0024843139487064968
0.0038864667723028127
0.0029969021949109256
0.006377772651208908
-0.0037223363123872703
-0.009915055244238932
0.0017950459492759676
0.0029050583640085085
0.003076639274923725
-0.00235995256831769
0.010054302076519446
0.0009542503968432957
-0.002065883403695166
0.007377863694992
0.006614208466631427
-0.0019807793040894713
0.0001510212436343553
-0.008366825362478176
0.003206402612757953
0.003601067912440146
-0.0005735174121006098
0.002903982139265785
0.005134761970551592
-0.0006649603652306124
-0.00030965097032755346
0.008804164899446739
0.004835651134475821
0.006099980424452132
0.0015632501085094557
-0.0028807237440758885
-0.0016099101638850906
-0.003849975014838736
0.0009991156047103893
0.007078988840018139
-0.004460348070710117
0.0028340884889313076
0.0004421945830675278
0.0053208972804805335
0.008580588474341344
0.006747323877737659
0.0010991274407769153
-0.0034600323938834333
-0.002791033875819975
-0.004116791629932159
0.002514995677774882
0.0007287462633215751
0.00822280703503954
0.0020809263770595007
0.006064214103073358
0.0061655709847632635
0.0013258892108596134
0.012616827212919455
-0.0016193800288099487
0.0111973769116018
-0.0072895647962637035
-0.004118431196537537
0.0011041980751991913
0.0007319784253860769
0.00042798153948965506
-0.0019270729300154723
-0.0013009445557528466
0.003139748975904249
-0.0048418573973737136
-0.0015825479546714063
0.0012508302117597478
-0.004927197981149548
-0.00552218899443353
0.0014487241493666293
3.59158692480961e-05
-0.0036904168313855097
-0.0005642309281469046
0.009415758221106352
0.001046331640256482
-0.00036552489764015626
-0.004904965624164262
0.0016825597270091843
-0.005514636374580034
-0.0064374339309932384
0.006489794669655175
-0.0011650387458325621
-0.007812764439028437
-0.002550711557162967
0.005096763736792391
0.00243175656237185
0.005461081473273153
0.006603353838205852
-0.007009930370576007
-0.004450421630290276
-0.0060077572270826355
0.004013244399019313
0.0004487491418433379
-0.0021081270739528248
0.003564111936482129
-0.0015977381411890156
0.00110203231982131
0.005740480750454226
0.006695440783928592
0.003329377629436801
-0.009121840340417192
0.005257074702598629
-0.0033395304065310244
0.012053888543677293
-0.004673757478273932
0.006563635242052121
-0.006648033572669436
0.00023098334461683136
-0.00029624407976816037
-0.0006714248155261132
-0.0029174214815322853
-0.004422072328874028
-0.0026597371459708176
-0.00033389154274514516
-0.000137518946342021
-0.011544338051337756
-0.006560367014744931
-0.005054240422377917
0.0010013333418955005
0.0023753553586498386
0.004128474130587501
-0.0021983851049000333
-0.004561214673892134
-0.004758313827667332
-0.001096103781316352
0.0011028368059075538
-0.00027667834085997765
0.007124903275678734
-0.003663009057757074
-0.004555459916455069
-0.0033620342027528183
-0.005810857461692959
0.003918875459653394
-0.00903652100162278
0.0008119535724277649
0.001552122038902475
-0.0015224617297808739
0.0005382302243310485
0.005867310050262842
0.005983935227724781
-0.0013726912775719059
0.001193920769087431
-0.0012650434671149621
0.0005557512524874218
-0.007301929845359025
0.0019964458535285255
0.002272294405057192
0.00699605950192242
0.00476087442118905
-0.0022574369956945353
-0.0043150812526851915
-0.007552952846331515
0.0032604897196847876
-0.00013678773599422325
-0.006591135983195309
0.004340305189290357
-0.00019783679953765387
0.0005019767611642843
0.014746430319714387
0.0029823363143082825
-0.00183569587276947
0.0009044061097158448
0.004768585222432544
-0.0003116589501984
0.0007904295630186161
0.006333322783538026
-0.0020472241670078176
0.0021813862157269953
0.003041506386516862
0.00678550249532034
0.004903639729884258
0.003310211629708768
5.218149000517302e-05
-0.001640549777156454
-0.003144556328555481
-0.0030084277019667817
0.0026890688987644146
0.00026507224275737885
0.0062380968919307535
-0.006021776409457483
-0.003030434991147604
-0.007424445139435083
-0.003669367259779519
-0.006133511367871571
0.006403316919309166
0.008716786847017368
-0.0013304950177148854
-0.0035626413677025
0.002071608779076219
0.003461685530963555
-0.0005269820121264338
-0.010601791893272131
5.726706974063518e-05
-0.005207347067643525
0.0049964009508773576
0.004066976003853588
-0.0020631592004670745
0.0010364937150400648
-0.0044955938404538
0.0024030104819190213
-0.00589870189892194
0.007347861414106368
-0.003650122419509456
0.002213123783724556
0.0021212948201669597
0.0029763902396357984
-0.008992524049204505
0.008285764483617203
-0.005132749804350989
-0.0054502793448613284
-0.002345451715863217
0.0028478553743351664
-0.00557207507097255
0.0035687438567799934
-0.0015771888812907413
0.005447673878772834
0.002682052820765702
0.003356427395752247
-0.004876458247604977
-0.0023850722027585355
-0.0030233299815382226
0.0012025965458623655
0.004437180322781041
-0.0077263532957531356
-0.006820667127050071
0.0022734553374552835
0.003189610046459826
0.0014721713240988474
-0.0015728486529250955
0.0012397869596452718
0.007555263775437113
0.0005014420882262029
-0.0018077176323786424
-0.004798464628635352
0.005505579361983619
0.004619290744623167
0.0034054878144680156
-0.0008790491105431689
0.004930052992177788
-0.00878874673434364
-0.005802995522612701
-0.004006734788509461
0.005653211462635674
0.0010434788359339941
-0.003572889941772799
-0.002114670816746251
0.007454979362177916
0.00046714672460823625
-0.005048014552486922
-0.006892827977400014
0.0007642984630584374
0.0005599352277253495
0.002415548235323713
-0.0013854011751052863
-0.001592001600561221
-0.005389426744281042
-0.0007859215602508906
0.004412722978017569
0.002375599753348107
0.005687241959197711
0.002232460445428073
0.000499786434056032
0.006097186386534432
0.0020622333612814988
0.0006157286497410809
0.00587670262485901
-0.0025487721752692097
0.0037327196226579974
-0.0014354051927855378
-0.006656141806839709
0.005729367469539692
0.004527447760335651
-0.004341933813085194
-0.0033519921431057597
-0.007184493690220498
0.005466548704087375
-0.0008296081691615832
0.006189048795599509
-0.004012075363129754
0.0038849438374511315
-0.0010918598216560662
0.0016430774019768146
-0.010367878400775406
-0.00018231173740240178
0.0010059092999714653
-0.0012701563108380505
-0.002216877434683826
0.007615659007717274
0.001850618685565988
0.009086769509163843
0.009031522102761333
0.0035998642929925793
0.0002539633079359612
0.003978731428089734
-0.0008957592884142175
0.0006996018664773379
-0.005863140166121587
-0.003941641041822765
0.007462053743237605
0.004747250625462218
-0.0021445592717683547
-0.0038810976888057716
0.0005543701358745592
-0.007120877215064037
-0.001783718343459481
0.0033004372138163373
0.004637465121615484
-0.007007892347808362
-0.003808899999437006
8.070968065644775e-05
0.001125936682867723
-0.00029479591467171894
-0.0008188497859055075
-0.004679357042423511
-0.00471871265248639
0.008389112612496774
-0.005694308901186071
-0.004057974906548698
-0.0017866771320279554
-0.00085524385902668
-0.003746973273697892
0.003992349933852119
0.00476775315466619
-0.011123933645782883
-0.002951298682691983
-0.0022030047242650136
0.0025529933208164033
0.0010741968684573992
0.00793294886512411
0.0010907650885142678
-0.002191833207859
-0.0037191342340301774
-0.0017791367783936956
0.0033946519671990633
-0.004624538697196698
-0.006758049369839127
0.004735906374071322
0.0007203567571515597
0.00407332475837193
0.002636800714370782
0.000542658816573359
0.00042787447879878715
-0.0024985628272142252
0.002225077111039652
0.0014026491087417259
0.006276487751516469
-0.004140854736556996
0.0010046480909861276
-0.0012380223834959124
0.0014171330678312613
0.0011400762891611018
-0.0021734007436331783
0.0015449332582025176
-0.00283084437998124
0.002767624417462231
-0.008755152766400024
-0.002827823635187911
-0.00140797130440567
0.0007832186353037328
0.0019039283219952502
-0.003101329029688201
-0.0029076389069658077
0.007378925948007233
-0.00030427243452432236
0.0009611504961273855
-1.087828117749741e-05
0.009026231057168974
0.001837100837084059
-0.006330367687095558
0.0015909267144314377
0.0015460443655735605
0.002398347914839312
0.0047979135182989255
0.0015199955178651695
0.0004524991232328605
-0.00037380846485056613
0.0035982779491817505
0.0030977549609371292
0.0018366854959727301
-0.012001216805732354
-0.0015584541335399524
-0.003414988618843539
-0.00704402782380632
-0.005874934424268348
-0.0034174448951403303
7.407407409024634e-05
0.010017840359848667
0.002888376897400233
0.003281108847335095
-0.001746486393572101
0.003140449033786213
0.0017969374699708738
0.0016415572075997387
0.000988962091368204
-0.005567493232872447
-0.00044974939817785743
0.004344994441986835
-0.0027173646193929158
-0.005713460289856549
-0.0060640766286478714
-0.0021724383069870673
-0.005421683914947104
-0.008195836206933439
-0.0014025793808691346
0.0035742032092101576
-0.002379431633841566
0.0008248813423449699
-0.0035308782303595395
-0.00033319282273157525
0.0003849312291883431
0.0011161765692050362
0.009123560940031373
0.0013498957080493854
-0.004579989799498833
0.0020307802549980524
0.00012269053438546256
-0.003611348964049539
-0.0036892258485445527
-0.002087889606080811
0.0006128106751831052
0.004326007594176139
0.0002328904737311488
-0.008544188656726468
-0.0029885212598616956
-0.004284172688707883
-0.0034399020752970836
0.002663230074759569
-0.007749693281401032
0.0034133932647931586
-0.0073843938619342925
-0.000567118297657916
0.0075500040293915915
-0.000246819745048972
0.008376066490584384
0.001602608908466132
-0.004562251134516775
-0.0024189778506053883
0.011944101856585607
-0.0022847543223534963
-0.007265831659076877
-0.0016268260216840147
-0.002444470245124336
-0.0003405325044865576
-0.003012134297721622
0.004867388103888798
-0.001780066897870441
-0.0033322234978854287
-0.011262562384624418
-0.00014046974175191396
0.003297055668708299
0.0009756145195106247
-0.0003415315759004303
0.005316102530049433
0.0002963507295038156
0.0024862749851477053
0.0018222450486425827
-0.005536622799802774
0.004213052359562339
0.005948325857138257
0.01056320563488624
0.003532107411976187
-0.0027227451640316033
-0.004306896523862685
-0.0076846652267827
0.0058106213426575145
-0.00019964558240008053
-0.005502447219705113
0.00011750153684062194
-0.00653635935217779
-0.0045408269689072595
0.003306337197779045
-0.0020715412827778737
-0.0009138063721871423
-0.000522605713351089
0.001817201761459572
-0.006049394974849459
-0.00172476021455723
-0.002034127408669484
-0.0023813615068548136
-0.008665127602837032
-0.0015502946071731464
-0.0062722320715334805
-0.005764184400612201
0.0011451153665835321
-0.0015993052808422497
-0.00022384180120609202
0.00730882048033363
0.00625346289194819
-0.0021723970110409533
-0.0007880697300221955
0.0015831606474302796
-0.003841717480625173
-0.009886327218051952
-0.00012241883243259503
-0.0001936853715806056
0.011659528672106158
0.006841690846567879
-0.0020737329604137702
-0.0023784841686717516
0.00024066524378869319
-0.0031324772540242984
0.0004202120104932752
-0.0022229143143385533
-0.006616137148263756
0.0006100452052896702
-0.004196965518279786
-0.0030525750199717557
-0.003495966969435278
0.0033581968868599886
0.008023822393634937
0.0032818921517448773
-0.0032357122375240564
-0.014060199296739469
-0.006969019566671152
0.0006289066071282479
0.007237542197833814
-0.0024537037189083307
6.879865706751848e-05
-0.001973444723679839
0.001168781189078248
-0.0044384172343307805
0.008102417111509047
0.005667867371976684
0.0031703758420332773
-0.012887418082762437
-0.004274774239609922
-0.00011143141007573923
-0.001097948684270112
0.008720235409055498
-0.0024882708598782492
-0.0029854282142621623
-0.005453542740945885
0.00827879094485834
-0.0015429378391311668
0.008443261323344211
-0.000657837839758457
0.0002553308414899357
0.010171813717555335
0.008413948952017152
0.003239640430495102
0.0002585870556785267
0.005003587649256844
-0.005789020289636583
-0.009698156762301754
0.004370726889573614
-0.008296662770973438
-0.0013159771110715177
0.00592022445120729
0.0024109477508863133
-0.004852682520539913
0.0009917628160106245
0.0030577617790781705
-0.002966903937394909
-0.002579617105567005
-6.123601935399529e-05
-0.0006331616319349616
-0.006426280006604559
0.005172315111952835
0.002892753807708694
0.008581661379675117
-0.002243695443888559
0.0070098759504622745
0.0010574877607346278
0.0038327297722384377
0.002536467614230675
-0.0007086564206653476
0.005631902024990074
-0.000125040775618625
0.011345319299555389
-0.003010068126597071
0.004755844310669788
-0.0013478504276305953
-0.005003795560536196
0.005145181748262774
0.0015702876655658046
0.00402663673018205
0.0005001059362090193
-0.0067225273425106195
0.0017296391656431746
0.004719137612688783
0.008292526305427154
0.0036721580410878267
0.003485097274169872
-0.0030393156708910887
-0.009271981801471239
-0.0012375263995269494
0.0023031319749054714
0.0020130226364162562
0.009615539727019864
0.001850226912375726
0.006961555577272186
-0.0029581418672740734
0.0018098844351255973
0.0021260275308337424
-0.004854898249275353
0.003847161397706693
0.005215619493265504
-0.009412387733810779
0.0010725752054459355
0.0033771975973562024
-0.00534060381087076
0.003978943299364055
0.005189479928009564
0.00259086287446959
-0.004011730919838033
-0.005445361635538125
0.0011676577797295892
0.0028833347161954575
-0.0035428726550924576
-0.0021263795113865024
-0.00574126198217372
-0.004321940249506896
-0.0015332260770225636
-0.005071621319722945
-0.0029002313467499353
-0.005436609421100755
-0.004141835457719384
0.0018073679463602875
0.007187894723956912
0.00410481991695158
-0.006642458479554644
-0.007634788297143698
-0.005221056305769592
0.0007931135940042858
0.0001709744806428466
0.003404507156363369
-0.00032230980433997744
-0.0009259078747271467
0.0022242253957116516
0.00037985407750231506
-0.0009710208367495228
-0.0011790129702178318
0.0005431756149793997
0.0036250878148569336
-0.002729639412310739
-7.581455324562262e-05
0.00501776755349753
0.0029177813464614033
-0.003061958819756856
0.004594778128031427
-0.00105164492713851
0.004383094301363507
0.0044968302135778015
-0.00037683113828911887
0.0032347329388343485
-0.0012073794840075883
0.00118067515263016
0.0038984339862489182
-0.006962177803629467
0.001980621359506879
0.005698144486084821
-0.004155340361647422
-0.0023549981412667423
-0.001718524530536089
0.0007138389616383944
-0.0003344804894144016
0.0031824147842806475
-0.0015303291156150182
0.0020208390968641196
-0.003353135816048665
-0.003490419316030928
0.0029928338743309317
-0.0035193788699427577
-0.004738641365831709
-0.005951546126442028
-0.004380464931904266
0.0022669245355896534
-0.007887995114948844
-0.00027829768636073316
0.004440302227597278
-0.007107975478195362
-0.00040379120513831353
0.003368748791445026
-0.0008637915538745318
0.0052007472225799965
-0.0014174504808982592
-0.010574327944369775
0.0017051948089043065
0.0007397039627867116
-0.0010616647624113235
0.004859334393296459
0.008027959348651588
0.001974082842606059
-0.0019319889465761902
-0.005964465205573754
0.002691623084516216
0.00036197247027477063
-0.0005146015395897872
0.0044136006766617554
-0.01035836858318798
0.010304660548150924
-0.0043919416587566455
0.0015781456802670929
0.0034893731482201124
-0.00041179649714912186
0.0013608870449088705
-0.0039241819248715
-1.996612236185845e-05
0.007032750059291375
0.00497687703902614
0.007078728015770203
0.00030082817931348073
0.0011225598307742447
-0.005913157833742527
0.006179545153972574
-0.000654409903726813
0.0018619567577372145
0.0014368377044567753
-0.0039737219528505514
0.010481726174665695
0.00048460058939987473
-0.00044731251225634433
-0.0025632180499120987
-0.006038785478095833
-0.004231982250914148
-0.0016074199851594001
-0.0015834067006889937
-0.0019993632055258634
0.0017105128573942697
-0.0061351148185424444
0.002094004515981977
-0.0077176017203276735
-0.000917467857598053
-0.0061669358458241366
0.006182318312747782
0.0060560394653845825
0.0021250045080652255
0.0015643399272314545
-0.0010078432356955445
-0.006758439187960799
0.004066304385575841
-0.006349098070793826
-0.005937981853536782
0.003338438511826195
0.001961687514298257
-0.009520763676854567
-0.007951138583297681
0.0035855161182357493
0.007504713421631595
-0.0006262920839937976
-0.0093545121359831
-0.003109079383472654
-0.0016113770060537545
-0.004323394322714948
0.0015766401060564208
-0.002563942742567623
-0.0025706367847675477
0.0005332220481969103
0.0032993399078093295
-0.009841404655358123
0.0005998829414589263
-0.0007662247386586019
-0.0006377019115643368
0.0033923795728788954
0.00016120498918366575
0.0017694259483104597
0.0031255691354792237
-0.005611080022620216
0.0016551314765740597
0.0004626677814176826
0.007255737913082385
-0.0032839735045126087
0.0012366153237114742
