1.0
0.4269613317998121
0.15948075780315507
0.06430481842659343
0.02717210665048572
0.016754588919629408
0.009845930598323907
0.006694434606259168
0.0008399014271844224
0.008199363382583381
0.0009076166277271737
0.003978742242635069
0.00810961984104412
0.010013297841536836
0.003531923153632202
-0.004771495264974758
-0.002732732144409774
0.0016010027173293043
0.005029411001140872
0.0034664211971442583
-0.0005926040755320532
-0.0010283491929900714
-0.001139692427519063
-0.0011318852786988505
-0.0037443220084112418
-0.008286663988475758
0.003222350228621942
0.003974630802925514
0.005503299387858069
0.00546474584407843
0.0038678272149374137
-0.0008807532136785015
-0.0004105242254046003
0.0030623383039829685
0.006364897587565405
0.007526798876991797
-0.0006246929149417284
0.0017014615767735094
0.0038811283215590647
-0.006519968469567653
-0.004924774441570783
0.0012554016795679745
0.012050901633695378
0.007874682881937357
0.0008689844936256918
-0.0010776006881415088
-8.778915042567365e-05
-0.0015427868207764902
-0.002057719871719473
-0.004955368352662838
0.001079662398590914
0.010504382954953692
0.009924173685710894
0.008765394764566899
0.005868553225665643
-0.006087955460512358
-0.010791066913251818
-0.004190801308765132
-0.007327095900658327
-0.0007957840443106395
0.001406951276254732
0.00796909103422574
0.002351446443259456
0.0030853043618687087
0.00403718212605178
0.009090149919083926
0.00688608219472428
0.0071774579786322195
0.007084987167300164
0.008524268478481912
0.006983899248709555
0.008834991204545867
0.0018084414753702731
0.0010445427537662526
0.007551956178848745
0.012916970147438532
0.00964929589400374
0.0005306186340622665
-5.3398181501759266e-05
0.0035749848153204217
0.0056368954164642
0.0059739482600952255
0.007420047442717465
0.0015281866291551418
-0.0049468925846044036
-0.0035890642633946506
0.008759124645618644
0.009543339770802718
0.007690079891806326
0.006011339770282001
0.006974666092381273
0.0061829206404450734
0.007303832414783139
0.007772241413079613
0.007850727751342188
0.008743466438420777
0.007673630426426121
0.006794614593677373
0.004362777399406234
0.0006011894991513739
-0.0020610497122788758
-0.002003286559640226
-0.00014139519098197107
-0.0016854753699354508
-0.007093261757087598
-0.006275567357878388
-0.0034301343828216785
-0.00022813523840856735
0.0018498605712317395
-0.0031092520534262277
-0.00533810292949044
-0.008399216072645807
-0.003183772623075403
-0.001635201437438794
-0.0063734685704133955
-0.007049530393221054
-0.0060158767234358345
0.0018492452324788875
0.000665506443466247
0.0007758245618364726
0.0048559639459539
0.010394400520951965
0.0014030549422103032
0.00669675304274325
0.003370961947369468
0.004710144174463407
0.0004826813470969943
-0.0006232082866688522
-0.005012811851733563
-0.0033857079097835965
-0.0040997797423429645
-0.006890710998220978
-0.0038883941668753077
0.0015790694321329885
0.002673086367173227
-0.00014725986650403845
0.005990854068676953
0.0076617923232801515
0.0028731217876855624
-0.00016825733766534675
0.003629112832574674
-0.0005324666688754064
-0.002769699056262733
-0.002838551334037333
-0.004313447661490233
-0.001974274034269772
-0.002413220491450306
0.0009728817601099747
0.0003821178710744767
0.004768826768068581
0.0011299831166078338
-0.005252248284918354
-0.0051227131555907565
-0.00018865398394694969
0.007272325533240197
0.008349757161538683
0.0008871507847256722
-0.0021941245342775176
-0.006011987497282387
-0.0061959317096105335
-0.007299056983344345
-0.00010830510676308095
0.007148517706276274
0.008607152029752664
0.008377958818279817
0.0004576587632822618
-0.0018376136785962281
0.0011647350146244413
-0.004744271088343771
-0.009028387648571017
-0.006276647289118175
-0.000546818628723035
0.0012334495232529513
0.008936729231364737
0.011622487413243909
0.010660490059363127
0.005199384906481143
0.0025237289396290424
-0.0014456806115079371
-0.0027603511869583337
-0.0031374618179836823
-0.007413833535872926
-0.009039677863969742
-0.0039170405231620745
-0.0026200990389403313
-0.007196946467765689
-0.008957197358079816
-0.009584925887707527
-0.002728577318494577
0.0014758523080832533
0.0057771112921596954
-0.0014726598189822625
-0.002861865444628246
-0.00410972231650314
-0.0003869612039044861
0.0014038289366138461
-0.0021943560372016746
-0.005261488419455562
-0.00037456797189965935
0.0027624277316515393
0.0015803623611065135
-0.0030562162525117433
-0.0071161684364599315
-0.00844040730453459
-0.007717906970276613
-0.005945165695199363
-0.004466585492536428
-0.005370060571458162
-6.0284448747845246e-05
-0.0012914902123823022
0.003097339621144565
0.0016286142029945127
0.005309920906905985
0.002927221224694017
-0.004320661373892635
5.80487669109233e-05
0.0031372381606636123
0.010291913475102712
0.017630521145652875
0.012035832800468958
0.005207162291000934
-0.0034378062459971734
-0.002398113880822635
0.0013828573495001438
0.0005429859281764053
-0.0007866681904445343
-0.0008282580386120491
0.0026041456658529184
0.004581152418201652
0.001580878672777393
-0.004384737822083077
-0.01336876605518614
-0.01587725925443334
-0.013713161675787481
-0.011918710886869861
-0.011676104922401348
-0.001010203261516646
-0.0014120639695644598
-0.0011689343906164564
-0.0004064648192821485
-0.00333992414281216
0.008516179067432605
0.006931930786830805
0.006961801819419082
-0.0018177837067972346
-0.002028916899383116
-0.0007893778894161065
-0.0011155311261156807
-0.0063098154649785096
-0.0013540672778404922
0.0008396037419885322
0.0032171399462732997
-0.005940689660517935
-0.0076696040824343024
-0.00259932076887202
-0.0011834963998976157
-0.0016265941522582063
-0.005140029058940646
-0.010328976968203
-0.011904763128555944
-0.0032620661615289353
-0.004515792564013447
-0.010164514644773644
-0.009816519585086836
-0.0128049242242916
-0.009697257994973209
-0.006543596158569742
-0.002275420936964729
-0.005282693590040911
0.00023310643386171138
0.0062023321448334895
0.00895159822890795
-0.002703246699936124
-0.006660073502713209
-0.003543164257938313
-0.0032718149947666146
-0.00624764841174224
-0.010789018513177259
-0.014595105668434116
-0.007661420884725552
-0.004508375813639198
0.002998206817904467
0.005971264023661425
0.0008529741373823946
-8.465902854218449e-05
-0.0031095417830632323
-0.004657451993514788
-0.002558985532119824
-0.0018330107488889631
-0.00016980035302134052
0.001304348939938572
-0.0012732973842008615
-0.0017535074634507702
0.0032604088841249315
-0.0006517923271399517
-0.003624783495620515
-0.00020881818414423832
-0.0001368498588483391
-0.003069498136068092
-0.004602953470731214
-0.006844389870620099
-0.0035676115550774723
0.0010719207093590336
-0.005171504576019044
-0.00930058826404471
-0.010484510923989304
-0.011339581978070314
-0.007559117502783021
-0.004529008583387752
0.0006568801499022318
0.006344412268151304
0.008683851584115774
0.0072779111045711085
0.005357819161668507
0.00045334991162961454
-0.005136597142624315
-0.0021277629709127973
-0.005068464877303618
0.00018981731220270282
0.004730935867906756
0.0048973622346020085
0.005541036125091701
0.005033472742822598
0.0030396649268332443
0.0025732232054206552
0.005972535472130312
0.012390519669368905
0.010470099267970113
0.009127462472058867
0.0056238446363673835
-0.0034843193453924703
-0.0015021473020583214
-8.003915706660587e-05
-0.004776063667506648
-0.002983297101071155
3.0431072313504994e-05
0.001253806596730985
-0.000258537417170445
-0.004231542193071306
-0.005773247370097158
-0.007848974143905141
-0.007666922638393731
-0.003630991423725275
-0.004431750957101886
-0.004029049884982184
-0.0028275895233533634
-0.002438553059727545
0.003576786579038514
0.007075567251032457
0.0029377044817386574
-0.001026288220956555
0.000577869536395694
0.0010114663399446472
0.004977866578500815
0.005884144570149364
0.0019256743246936117
0.0039561627140513875
0.0034045655040261034
0.00298165112244127
0.005525148696044734
0.005570900212403242
0.004827596136933164
-0.0005870238719754427
0.0011453409800536909
0.004088417638131884
0.0011069664946800133
-0.0032615094173282966
0.0002448782880948068
0.001654062520459031
0.004880901971248763
0.0005515548210818007
-0.0051034180070890795
-0.006260199712351578
-0.000510803197281573
0.0031068783000860133
0.00029917086120038783
0.0016068405666792894
-0.000516375717256524
0.00016602130476955692
0.0007860779724177375
0.004936243145381038
0.009705056757132322
0.00561839552662298
0.003454343122335315
0.002937722505657983
0.0008840488041565123
-0.003219163602017869
-0.004189217974039857
-0.005111874863070089
-0.0020369127738652775
0.004070118964018793
0.0009430527377758236
-0.0032746215869350987
-4.010975324295674e-06
-0.0005126621950492696
-0.002839461426269094
-0.0005489984112319019
0.0015019898731594365
0.007060682259701935
0.009512569832977229
0.006058416507111702
0.0024405453635220485
-0.0020640371188504446
0.0035731410665990927
0.004430168824296732
0.001470534824343132
-0.0041276962668350195
-0.002765310785126972
0.006281511128172918
-0.0037506292695554003
-0.004948859666435035
-0.003622569487676998
-0.0024498759707861167
-0.00732170757609172
-0.005553798209124155
-0.004323485165393432
-0.008876324690375347
-0.008411350867843571
-0.0007027494840605178
-0.0022690606429985826
0.0025752336633713692
0.0014372577459113105
6.577108788489028e-06
0.001071236007684143
0.006935590168099057
-0.001659626365841238
-0.007504761533658826
-0.005132310472484384
-0.004179216171268768
-0.006620674019840215
-0.006802987352176839
-0.0024259442587752918
0.0034706841486112777
0.0034443740749853322
0.000640275220803166
-0.0033171968829532276
-0.0048048413310175534
-0.002869167769686774
0.0018997648862215495
0.0028868854183789227
0.0009127110692800868
-0.0007693907654176664
-0.0012359353796038625
-0.003719843451411319
0.0023245627304181575
0.007894924273374761
0.009673216286761087
0.0005349734340103896
-0.007395469044479344
-0.0019776931020263453
-9.782005641214299e-05
-0.0006928822491209122
0.0019689195056384417
0.00026386226689571735
-0.007774646648520471
-0.007211172162552773
-0.003668520414559336
-0.0006909741197195954
0.008718899721628572
0.009078759073221098
0.011103198669349196
0.011656954434035553
0.0052564553830094975
0.005008872272582697
0.009790790605902574
0.0035406574805231126
0.006240065348311245
0.0038675914446006927
0.0031674246011318915
0.001788070344853047
-0.006078997048984331
-0.00692979274811014
-0.008752589132244725
-0.008404836802239374
-0.00023856986685231137
-0.002772542828071921
-0.0037714641455574532
-0.0056875593882351186
-0.001880815747371674
0.0009298414869727171
0.0074809035900857326
0.004004094138519742
-0.0011914628084294583
-0.008527607898671291
-0.000814947885760791
-0.0020660120887357543
-0.0010314976550084866
-0.00028195944289732507
0.0039028443217338673
0.009470654651591885
0.009547315729617029
0.0028988859642171093
0.003714356654246616
0.005082113471086972
0.003886507761622583
0.0033125846187148237
0.006803411017744296
0.0021274818301289466
-0.0002925072582782316
0.0035176223278827337
0.00784773248063524
0.013302591716621326
0.0017239661539498335
-0.0038563993207187766
-0.009618403824495888
-0.003977148822546924
-0.0006109164661055745
0.0030541927204200867
0.00961218333534381
0.004734419474173702
-0.0007803270787699153
0.0008186700787139748
0.003276041635023772
0.0015167216674945745
-0.003849902518683773
-0.002792670964500798
-0.005527719124712265
-0.011044297010756769
-0.010712058227122949
-0.01009342325827866
-0.002783091122615571
0.0006599478239207268
-0.0029405275506053713
-0.006955061092206187
-0.004557069408387794
-0.004849172907392757
-0.0030071991584651073
0.0013051966131194636
0.00283434338072028
-0.005564757773576336
-0.010194985119878751
-0.00710421298319813
-0.0004055062742440104
0.0016353902419111346
-0.005225670240647263
0.0019295064827160146
0.00883204118026325
0.00640612476321923
0.0039320861306380885
0.005257149786635689
0.002263041251716604
0.001987209010954012
-1.2247957488185123e-05
0.0009469070877047416
-0.0038158762625157857
-0.013255055432513678
-0.01601711134607052
-0.010740789698127267
-0.00730294502114016
-0.0007979245523783697
0.0023841761382097115
-0.0025908490630010294
-0.008344426020174676
-0.0028237392591982905
0.002064861803291593
0.001275946154429524
0.0018523603016638642
-0.003931780487503712
-0.005508643426434182
0.0011135773462881391
0.0020893805755008796
0.002776779336396212
0.001384063849723529
0.005912178815518717
0.007940438284865148
0.003244904929762231
0.008753355681963691
0.006474789718753603
0.00438841545468894
0.0034838567453461624
0.007660577662975544
0.004572608367115887
0.002748809585076926
-0.005325748758231239
-0.0026439971192822828
0.0010814312974879304
0.007771707227095993
0.006732084696152323
0.006715910280950312
0.012254009378125628
0.009725214034159732
0.006546518817102809
0.004772569152374818
0.004168146529992457
0.0002167801834861864
0.00479484517045157
0.003708781611130835
0.0006814238813699751
-0.002997633870141802
0.0016456292058275518
0.004145703750914599
-0.004418058106906594
-0.004514350111876269
-0.013198413786913095
-0.009477725924937942
-0.009478024378633787
-0.0032038929064778124
-0.0027769272886414014
0.006239673493549851
0.0013232882791872247
-0.0017162056876366138
-0.0029554650627985723
-0.005252850057816053
0.0014859175361556023
0.005172364679492527
0.0001278335808395075
-0.0037216965864724956
0.0008193772782774661
0.01109997550267442
0.0026408658099165584
-0.0017447170890061271
-0.001057356425204574
0.0045644639368454375
0.005960041165206281
-0.0012576700077835893
-0.0007398989888890641
-0.000488602541210373
-0.002835476694706606
-0.003667219769898041
0.0002509149391361523
-5.531305020259037e-05
0.0023831733812692585
0.0026751973734979967
0.009829818296203009
0.008548471143319651
0.005247141076735446
0.004078237434069765
0.009954874395832362
0.010311231973932423
0.0060750510175162226
0.010550337349037073
0.007915719211569673
0.007276200287305294
-0.0007082657514292296
-0.0010413939265839806
-0.004217467873590716
-0.003359049766030844
0.00024127962962923049
0.0034050113136738064
0.002860268754278731
-0.001506730963179639
0.005419069551437402
0.007609932819751707
0.012064496480616348
0.009084758171727263
-0.0002658103087546508
-0.0028021853494978616
-0.0033289853534425665
-0.0025147514239294263
-0.005470212570670211
-0.0015455583056772774
-0.0005748614218388704
-0.006580302012763239
-0.008503743056229833
-0.009644720141527424
-0.004325584782050747
-0.006831877029198343
-0.006110514975325288
0.004937183997991745
-0.0009408873458324175
0.005319793606209474
0.007672835310110153
0.008495768835161718
0.007047505429004517
0.002597216846050411
-0.0034065259644152513
-0.008882287069453055
-0.012001798938173455
-0.010294666989335437
-0.00729889677086785
0.0015159665471688273
0.0013785155928198055
0.0017080235492075869
0.0003774846546643652
0.006163129432348533
0.00450930577839455
0.002357463758802464
-0.001337080482334116
-0.004418596882892748
-0.0033170295173610134
-0.008023951183867416
-0.005427461787681058
-0.004412378718203364
-0.0038098549301703545
-0.00032080277007074434
0.00029420933987078237
0.0008753201209009325
0.0017041954473064958
0.0012040159376198955
-0.00177467196572865
-0.006636238134482858
-0.00454476732182162
-0.003157327570760859
-0.0016341664120199156
0.005387005112869186
0.01300926307456795
0.014541558732885136
0.008921776101767961
0.005770720987721619
-0.0013496382309330303
0.003929163846207791
0.009036195852762491
0.014878304262051584
0.010411296295067147
0.0026816638089101038
0.002293314123166669
0.002462826655643972
0.0014397473469764527
-0.0003673043331634188
0.007096558720977242
0.0008981933678743473
0.0013400707459549986
0.007019376265642188
0.009551228082144826
0.006363288642212307
0.0021069003342708277
0.007332378113813722
0.00643512969966187
-0.004498085960365903
-0.00601261242141078
-0.0006784126093670321
-0.003784896940336576
-0.012750380910549072
-0.014301291544134207
-0.007940233204961917
-0.0020245945416242465
-0.004404129864620074
-0.007248497718823144
-0.0010475777179336054
0.006979909698369999
0.007678471662495301
0.009806789424326714
-0.0013901491762796537
-0.0035126342023989944
7.113808205895472e-05
0.0016595755541357752
-0.0008919872223368598
-0.0010107890381981194
0.0023809931121999274
0.006504770653579787
-0.0023519065152947678
-0.0054045831236152
-0.0001504963133339668
0.0026504156359911666
-0.001420119918377371
-0.0015838699017885853
-0.000369616300870327
0.001809530767994928
-0.004706999738889111
-0.003918560835959177
0.0023503881142538123
-0.00046780028474561385
-0.004016485233310533
-0.009105249665772806
-0.008015115864319963
-0.005372212125125326
-0.005373180992882224
0.0012153348391381405
-0.0010056756514999668
0.0008861448692664305
0.0032072311832753767
0.007454602097027493
0.0017227239383537246
0.000277071462574837
-0.006033973799864112
-0.0071586356329168994
-0.003772069059293388
-0.003571889533116718
0.00693697031496232
0.006660346428845312
0.008602777974497502
0.005008617747234505
0.0005849172898456125
0.003256264065501984
0.003762446459441676
-0.003427237663695832
-0.0018276270565905387
0.004349628157105119
0.004061168887528099
0.0062331206812333015
0.0063017507603582035
0.0005448535499610911
0.0044071265772538835
0.009423253386860304
0.002850528333865425
-0.0007954812739950527
-0.003346093956537131
-0.0005466478028959655
0.004521095751891271
0.0037307048564356087
-0.00024557880109220764
0.0062714315656221655
0.011371769892881411
0.014128229781510564
0.010016228648240795
0.003599590396091193
-0.0006860560896432766
-0.0007918289358260724
-0.00034447231562696854
-0.0029121885893813567
-0.003590697578814687
-0.005637407860828276
-0.005646703487079092
-0.008633645369916728
-0.0033288866620815195
-0.006008650588718051
-0.0060368070584262265
-0.008684947073404751
0.00046119480214474223
0.011726918244364863
0.01462312365480785
0.007053889544286959
0.008744686892312527
0.004585059404631965
-0.0007038696642556084
-0.00849542228460086
-0.00962384208660388
-0.006288829081226091
-0.0022149060114676476
-0.002765754361279297
-0.006136059544554957
-0.0009429335883615389
0.0026363441916596488
0.0045828563661160105
0.004205118028334033
-0.004162564402892664
0.00201772452168538
0.00046574383936547764
0.004386833755254634
0.00018816225178482952
-0.0008320782156178094
-0.0041480846778498915
-0.0069971100282284916
-0.004187653400947013
0.003506348637624984
0.01112411904768474
0.008572178426551362
0.004454686813358575
0.005658780993003262
0.002492118083617674
-0.0004260328713652084
-0.006245380335690288
-0.009811328313008039
-0.004848080512570632
0.004800884624058011
0.007313587218364185
0.003930563478582851
0.0062854641736919134
0.0031059275352807642
-0.002657357800247355
-0.006015243320150166
-0.00942908201480264
-0.006177071775111199
-0.0012721027799079937
-0.003651092783571462
-0.011503419989138178
-0.011716556585183011
-0.009106222312211806
-0.003040630339299431
0.00572544706416173
0.006500948107651029
0.004710255100471974
-0.0012162139622395878
7.523963918951152e-05
0.001924732951640876
-0.0006767424122125315
-0.005414194799523006
-0.008236390616627745
-0.004069842463246072
-0.00012854993725319963
0.0035755514558844788
0.00036952138083064896
0.004426314507324664
0.0027343058787298036
-0.0010997372758645176
0.00048257419773615546
-5.5401069129928514e-05
0.004199430489400879
0.005002085401047039
0.006565271546203566
0.0030496038673929644
0.004817046747132206
0.011218249004764652
0.001067184243259918
-0.0012047584194565125
0.0038141988497471507
0.0011812608384709387
0.0007835352208821787
0.001959634151444324
0.002879903727974128
0.004107249512432904
0.002435820078376009
0.007190053013263401
0.0030993192734422785
-0.002028376635259
-0.006113547201238403
-0.008976275794760092
-0.002130209468229628
0.007007333805831219
0.00617209953767667
-0.0011030870411384355
0.0013998862332079702
0.0036659938426788345
0.0001454454301933209
0.00020526066030149767
0.0035184797225079217
0.005557009064449369
0.0006274268050540174
-0.003559128238063578
-0.007440495911590827
-0.00226441247076312
0.0036679249878215775
0.005624057450834903
0.0005813095037261757
0.0017622207976427896
-0.004769717003324295
-0.004935407946348896
-0.010691041380564927
-0.011236593741233753
-0.009181859681728938
-0.0054815248440273755
-0.0040262331255210655
-0.006187702529293209
-0.0003943767599042891
0.0031954882251461225
0.0032766272414220285
0.0036828088648703165
-0.0015696033899011968
-0.006533722826477497
-0.00406960634167787
0.008411765747396271
0.006195223659210448
0.008941472455220681
0.01052016383842951
0.005222759202491922
0.008651065417808659
0.001363669661075933
-0.0013185686671687651
-0.0037040745636489508
-0.005937088356997081
-0.0009684501589172762
-0.0009125362511493815
0.002746268445085651
0.004389811889016719
-0.0003755752036971132
-0.0015197659138048692
-0.0014403161094166022
0.0030098862804541077
0.004936922910605772
0.0031181842998672135
-0.00042916484891778654
-0.0007869358028796803
0.00026651330600552595
-0.0015480556967772895
0.001254286847284303
0.0030111328798782563
-0.004026010959076114
0.0037447031954118207
0.0015058816792682132
-0.0009854289932671573
-0.0020112735105223415
-0.004825870288878422
-0.005615139526271536
-0.0020310154272684578
-0.004085458204502506
-0.005461922480030303
-0.0049933472623815535
-0.004281701805472499
-0.0004879662989874792
0.0008612964041031882
0.0008106197514665258
-0.0026499144847049634
0.0006291043876989946
0.0046979057952489505
-0.0023502737453333874
-0.007892726086777668
-0.006699355575363883
0.002179343134497035
0.0016038390505693652
-0.004824991139478076
0.0006711862871663297
0.005762161537255458
0.0043942238104827756
0.0037459432257580237
0.005443367572842029
0.0016391896362886317
0.009545952647595505
0.00887565278055668
0.0013826900064216616
-0.004587024683157045
-0.001839075369062673
-0.002600419767072859
-0.0016101445771944522
-0.0029502105696942627
-0.0018940509205809387
0.0034040117896115725
2.037343281141372e-05
0.0019357830500360607
-0.0014168694809521176
0.000607016726766701
0.0006596748244402158
0.0005815928965366973
-0.004009251514350159
-0.010112134921999251
-0.0038128311012306524
-0.003585579523500881
-0.005932348671619225
-0.0027832910474289902
-0.0052964225537912805
-0.0026064853476680757
-0.0011520055363818487
0.00045258931359942707
-0.0017583627271038828
-0.00019816297610376644
0.0020714306135505038
0.0028759388856540815
0.0012309242905079731
0.006645977502483992
0.005190992658820338
-2.0784131541877457e-05
-0.00855428023397847
-0.0013560586462424459
0.009578000422019561
0.011657594872221351
0.013622974579561615
0.005048186594761301
-0.0029031984765828613
0.007284798831276656
0.006341963267124991
0.0024121691672853852
-0.004666321825676434
0.004248938672981909
0.008180608032124715
0.005955246456587853
0.0037440874483417375
0.0005972159926200519
-0.002615119458404269
-0.005288188832222406
-0.00814151610184895
-0.006643413132846177
-0.00436711003883884
0.00043588825509352226
-0.0009882989592734203
-0.001911206666444061
-0.0004052994281594602
-0.004118572386243948
-0.0034595052897808333
-0.0008985907393385027
0.005804379406262193
0.0026523408685051
-0.0017053986209102034
-0.011936988855919798
-0.007483553034875619
-0.0036207980809770945
-0.0007740583087345062
0.007677549793054121
0.01264475193638591
0.008942665270436282
0.0036006643946913347
-0.002181772879464208
-0.003273269242891094
-0.002259051499616527
-0.004091603956164669
-0.004018074284427729
-9.58896694125455e-05
0.0002642109232302955
0.003417314268547527
0.006701270788749211
0.0018250084568465195
-0.00233672398124847
-0.0023042889328184018
0.00014468929767434655
-0.0044639476016804
-0.003386246180751972
-0.008092668643952493
-0.011539492637034998
-0.010900480933911869
-0.010137906797807957
-0.0024199928010646163
-0.0008179775210905167
-0.0022619718166844724
0.0002935121905803025
-0.001504856845616097
0.0006136383303586995
0.0021849672115718546
0.004366100519222073
0.001898204623583679
-0.005892641999500418
-0.0022624942131414675
-0.005536512941723539
-0.005218009473166106
-0.005151685561996202
0.0017789698992446026
0.009565410280290617
0.008694680087712597
0.008732469350950324
0.0035311390041299355
0.00464102746957686
0.0023159772846919795
0.00031707563642604435
-0.002330641551430434
-0.005502328071430736
-0.0040435708344438
-0.0014732168289460414
0.003004628875273767
0.003232301756121004
-0.005238280765169961
-0.005169212520462854
-0.0056998823537232285
0.0007819223402742056
0.00946024372809828
0.0036565984739247415
-0.00029232597505688426
-0.002228230131401806
0.0012208784792842374
0.006083793457623791
0.0027749999991787096
-0.009267689567767407
-0.010798376776132235
-0.0062591191287190715
-0.0044154595745421465
-0.0006053069125702572
0.005290580276041984
0.001505547959302979
-0.005918050825560961
-0.004872906150079514
-0.0024002928241093303
0.0024665394032728095
0.0065298169195103575
0.005543677742734815
0.007605910865752697
0.009033538191372792
0.0122824116088179
0.006698313134543075
0.005143053451986085
0.0037469716802248673
-0.003956775312256708
-0.009230085889747938
-0.005682072163987631
-0.006085750844567946
-0.007090446375809643
-0.0007285507460597758
-0.005642298384536691
-0.010871400500356626
-0.01060427798557211
-0.008778741995056611
-0.010694720941386866
-0.008030817331000506
-0.00615817569964823
-0.004247872428204791
0.0006018409338403961
0.005915528172894608
0.003148569321439131
-0.00038634759498548253
0.0016509987262125002
0.0002500557199492938
0.0007646120254466232
-0.0016315601359673231
0.0012142066692929982
0.0028283628935741652
0.003208044980033783
0.0028111011401761687
0.0068326710150438475
0.007283157165838901
0.002839381260960041
0.00022838780321264002
-0.0008886977770720185
-0.005252095512095985
-0.004204292609397788
-0.0002684576737121609
0.0033550730919925014
0.0008330572755483447
-0.01181985165860368
-0.011235204244106864
-0.011929521137970097
-0.014022217784515957
-0.01015647267004681
-0.0017394443402365398
0.00025079014884835273
-0.004587427712756065
0.0008146268206583101
-0.0017225503702283295
-0.01412562906180019
-0.014321482316860371
-0.0056079393836450785
-0.003714002221462949
0.0028713245836270176
0.00037699675476850843
-0.00666175320426286
-0.0007464067665410572
0.0010557884175592977
-0.0016475659526852047
-0.002002071522853248
-0.003418939129025496
0.0012379385997842668
0.0038909754173242126
0.005773584975333329
0.0024437385424358987
-0.0010687849035349616
0.005078660593795644
0.006889465879167183
0.0062724342288458185
-0.00016167358199954248
-0.007156916826481885
-0.001978354493024988
9.998007764681887e-06
0.00029306086400790595
-0.0005561889690129879
-0.0007341625925188334
-0.0010345347381791505
-0.004169967552580822
-0.0019752287447853422
-0.0031558862688583892
-0.0008490883959502608
0.0005367566988507841
-0.002469736391298055
0.0007117285118420538
-0.0053662533746916
-0.0036439961354246095
-0.002204186140326845
-0.0004312148814475233
0.0028164224626309005
0.0018482185862740684
-0.0028366174491238193
0.0005492957389452363
-0.004560371202989496
-0.008841802423425128
0.0007347213980945333
0.0015795391334493176
0.0028290542960064417
0.0021125541222468507
0.0011670347841545958
0.0036119379053324097
-0.00015591053298311404
-0.005768519946331516
-0.005509200588901987
-0.005717254697186935
-0.008166674816300797
-0.00580390539849799
-0.0038256363075057213
-0.003905440401309815
-0.0077341899081524584
0.0005307910230525218
0.0012161432758528653
-0.005897690394639411
-0.013034016873186767
-0.017659667035948325
-0.009788866775996613
-0.002161438473381231
-0.0008413253177358846
0.005199609852213027
0.009056568812341669
0.007878502760839604
0.0024092045149827807
0.0017176397603871187
0.006402552184372354
0.004707731574985464
0.005959510206034748
-0.00013428585531142522
-0.0020821224392391165
-0.001057712903544508
0.004764686530669539
-0.0014552324068806345
-0.00684398466035776
-0.006268032438423561
-0.0010805906047106223
0.006093258799624266
0.004991162901509234
0.00531552155852891
0.005021526469294616
0.006704306873819307
0.0018290612722896796
-0.0058494726143635215
-0.00125162736934713
-0.002951528313547382
0.003563297648734422
0.002819349434997234
0.0028974315478191275
-0.002909727118336689
-0.00832709491634446
-0.00968610256235909
-0.0027910765091138765
0.00020235920855737812
0.0035843306702499494
0.0061782757672604474
0.007348260618838705
0.003409749195499521
7.095176519372207e-05
0.0018986209966623468
-0.003234486758597698
0.0022585086483859506
0.005906981520991938
0.0026973468058846305
0.0011701932666208757
0.0004541164036463539
-0.0003674449039992075
-0.0036561787420709667
0.0007945049060829965
-0.0008240134552433427
-0.005193248123286206
-0.005899965912281226
-0.004241774064114116
0.0008471255518426719
0.0031432414347642907
0.006972070469688597
0.0015421393251398394
0.003259083752081167
-0.003956203280220983
-0.0028896977442746546
-0.010680587052889214
-0.007545856202067139
0.002284632986804836
0.0035156958385329272
0.006743505374399269
0.0070074294979464175
0.0065995700145988845
-0.001344329450180574
-0.009927579095264092
-0.0047674829396896065
-0.001461092461933885
0.003194129820666835
0.006138057618054293
0.00061167571513661
0.0067858157428126115
0.007408229847719637
0.005037141781310596
0.0023205528847135863
-0.0030851131975725673
0.00234254141096405
0.004862845033845649
0.005010394534925972
0.0026984277957999942
-0.004051150451412031
0.00258283010856522
0.002461645729170769
0.0022941946757051583
-0.010192103046774013
-0.005108569391973477
9.507718396190043e-05
0.004204322957662006
0.0027243596380863004
0.005690519640397708
0.007666333429859993
0.011219973350231217
0.011603191788144031
0.004839394000814845
0.0010485754962075722
0.0025528610655884782
0.007239758054328306
0.007088149517850009
0.002798472148314726
0.002175230665480858
-0.0006651555584324794
-0.0035022190047978865
0.0007286260776976817
0.0052248963086435
0.0030885491843001423
0.001021644346809541
0.0022337749837755163
0.0025188130948642774
-0.002162918764086485
0.0010837213039492763
0.0015417410959592086
0.001244937280917961
-0.003817824119320719
-0.006785246082843917
-0.003585635209195072
0.0021289738863428903
0.003935227873836348
0.0025003967194408604
0.005370751501681554
-4.814905634436378e-05
-0.004357077954235071
-0.0026860430640112897
-0.0021982663151741363
-0.0025240865831594114
-0.0038557722901262103
-0.006009499763784336
-0.004192230126667552
8.78537465766258e-05
0.0004920492189276081
0.003880300963297832
0.005825175469983423
0.001939097218189831
-0.00288008179070844
-0.004747206783560652
-0.006354464282117822
0.001464049015112491
0.0029332998258090252
0.0036841450356952816
0.008667247226811252
0.009787838835128904
0.009074283549623582
0.002361082442986112
0.0012505872573413403
-0.0048235177498481725
-0.006538326523969604
-0.00801441726222797
-0.003239260134579608
-0.004062799972165255
-0.0018784592729262659
-0.003754936911323046
-0.008214140285264382
-0.007949874566396741
-0.0003703818418976539
0.00618539340094273
0.008105044579160028
0.0028404677590091396
-0.0036119053390093916
0.0009388293612330535
0.0037036187585700107
0.004199884062020122
0.0011608804105961237
0.003646551745543839
0.004427753124889955
0.011796888171931627
0.009343733222423463
0.0013351502910905557
0.0014362550383999661
0.0027775813119657465
-0.0018145023444677117
0.0016832282867056854
-0.0017370584823377356
-0.004088097993194635
-0.0028074748629589715
0.008551393556901835
0.013160328620220669
0.0014890806894321932
-0.0007951826185386858
-0.0025634447012911157
-0.002206650163696353
0.0016783160014655258
0.007227896337951615
0.005429662477494452
0.00022081280941339433
-0.00021967918303362425
0.00483834564702
0.007071652149856624
0.007851977368938022
7.518348794438457e-05
-0.0007278058693834769
0.00043934536187176216
-0.00463684471032194
-0.00938618507379931
-0.007373698528744929
-0.004746996898726421
-0.0029974248544781855
-0.0021368461216226984
-0.004846439674469376
0.0014296348946126562
0.0009190062232271352
-0.005785703075452129
-0.0036312177084817164
0.00043791808248578543
0.00604466328282999
0.004549458979626453
-0.0009919381914419386
-0.005965703946875759
-0.009629193871482
-0.012378845653194354
-0.006016063157678246
-0.004477017346674372
0.0009956808628537417
-0.0060439388803339615
-0.008983560800334982
-0.004777564345062072
0.0013432109035133289
0.005191284110671537
0.013672895589753686
0.002845724910312012
0.004185964799654967
0.0046863538676280465
-0.003705043101430487
0.0008670531239744345
0.0053045970705082575
0.009975768620929549
0.003765605482706048
0.009095996805453355
0.00801724625470911
0.004029228613807329
0.004026167976908281
0.0066634286562407856
0.004797570446829702
-0.0020784328050632746
-0.004399116219697756
-0.004345331717842578
-0.005171566117009704
0.0009440899617111882
-0.002139578459976622
0.003363878419710282
0.0015932135932791556
-0.00316637354091767
-0.004971441685967128
-0.0007249913807269122
0.0016946668805446574
-0.0010954484654158382
0.004398378496519391
0.007790202941860542
0.005897068754063628
0.006930311852877032
0.0043130608259594975
0.006530127149182669
0.0031239493473534125
-0.0011086291431749629
-0.004096302963248133
-0.0039436736515076655
-0.00011743144995696121
0.005700877002477474
0.011151884106593441
0.006405650551388883
0.004983221269721732
0.004161566120772224
0.0012184426553381602
-0.0025588891123894094
-0.010649681360428131
-0.01461228187145042
-0.008010504705905279
-0.006571253176864792
-0.005251469081175042
0.0024787680701051783
0.002141067143396777
-0.0014251578058422395
-0.005528860621688091
0.00022208698940459187
0.0051922071105338615
0.0035582204736728023
0.00401972796374034
0.0003574120112560264
-0.009475049164123523
-0.012689889129637064
-0.00922794835240784
-0.005500291158143383
-0.0030359668882910906
-0.000531626527807829
-0.003446770988877369
-0.0028242128861771156
-0.005761490896848791
0.00037900218355095886
0.0008337350742244767
0.0012161361315527646
0.002276085981278755
-0.0021344681744525883
-4.8216306600473004e-05
0.002984432292340246
-0.004868206546480787
-0.003667919054059944
-0.008870224160638727
-0.005213487977218189
-0.002175989250973275
0.0050365256727261986
-0.0014169052404399197
0.001699815507953071
3.061651905874941e-05
0.00032538229772757283
-0.0006551351079415393
0.0020579118540803034
0.0029941392582107876
0.005477775189943355
0.0036752936999207664
0.003239924366623827
0.0001395091573661094
-0.0006336753015723484
0.004317542940174658
0.0018498734931892231
0.0006331944125463577
-0.003949954726727868
-0.006766127829346233
-0.009353952639685916
-0.007928862106860108
-0.011873932071619514
-0.013203663746533461
-0.006747087895685038
-0.0023722976267985096
0.0011825968635484632
0.006777161793249448
0.006234870529937435
0.0007086365737782979
-0.0003323602380301296
-0.009251795637541247
-0.013112929932078455
-0.011800289226655856
-8.469820270720788e-05
-0.0023269101420384034
-0.005186903986449056
-0.007390896371477165
-0.0035839306979319014
-0.008199297383392923
-0.0027357124153612354
-0.003195373250931805
-0.003459479802411377
-0.0012596819591739654
-0.00035235388799012904
0.003591562095361868
-0.003984376855717285
-0.004053969495684056
0.006046899379506468
0.00532117253431047
0.005144476266748575
0.008382353730867898
0.012104868041635384
0.007360020601775695
0.004227850793244315
0.006796445644641495
0.003898722445540928
0.0022593897408717937
-0.003930755012222562
-0.0014782626788496767
0.0007721473666948632
-0.003787195505677974
-0.009276708640512079
-0.004708169184172716
-0.0009336964486808633
-0.008145043547949815
-0.009536135045472812
-0.0008509308095061771
-0.008580652469806398
-0.0035958393577208893
-0.0005697678158339276
0.003230113825798802
0.00470780735375398
-0.0015514870457130501
-0.0022326433596876727
-0.004154652266005231
0.0011047343746363317
0.003044460639803315
0.002137689171646934
-0.005792481904974197
-0.004708166923355086
0.004471606634975383
0.0014769591543787454
0.002792492438422537
0.0001930349188980468
0.006506237269066908
0.0035268391204143447
-0.0020941162616582307
-0.0045318907594564415
-6.640018906268097e-05
-0.005261222994427991
-0.0038256971754886794
0.001355228464616191
0.006282311077370943
0.0040895342104952485
-0.0003861036319065987
0.0032802244897216265
0.007974727741886456
0.005475225784293043
-0.00024537903804229555
-0.005149496790614727
-0.0003042720053724468
-0.0027646696554021787
-0.00047506151117122057
0.0053988414203785745
0.0012665925019194509
-0.006645377841882336
-0.007209808702692629
-0.0037929494043295376
-0.0027076967672592734
-0.0053710538861443235
-0.007893990801655615
-0.008188327618161089
-0.0019883594702446257
0.0017972114757590601
0.0024509720033884107
-0.0006705067492982319
-0.002330500463999432
0.0032463174839344913
0.0057052076354631
0.006776783248172445
-0.002161724085224586
-0.0060513135143461004
-0.006815194393385935
-0.0012437019132692344
-0.005416214119290463
-0.006636947534362948
-0.0014634958514583166
-0.0015965530007074663
-0.003062176547306113
-0.0042976566900376845
-0.006252391158654758
-0.0025180498097350954
-0.002451117584146058
-0.002787072975786319
-0.005696666990127972
-0.005063250652684595
-0.007036106258707756
-0.005019925421625563
-0.005725390138153243
-0.008964059523648295
-0.007794949809266878
-0.004265472260108184
-0.0024158997773412916
-0.0029651858241865263
0.0012115690378380704
0.002413339964477912
-0.0008928016369406261
-0.003692588893583925
-0.007219432288266056
-0.004193628565691518
-0.0014501593009849756
-0.002432231950196925
-0.005419300624147073
-0.0017296650489154687
-0.0070219449121616505
-0.008241471177281212
-0.007895926577044497
-0.003999132805215555
-0.002480813951329588
-0.008011156331418525
-0.001002184302346295
0.002287920984952081
0.0009093593233649069
0.006916213257490168
0.007164604593587032
0.002124985646595983
0.007386865033678192
0.006940009557515524
0.004593179572817549
0.004645641993819144
0.007348044131303886
0.011658351297406513
0.006767579492595897
0.0021082571138036263
-0.001528412818123421
-0.007081426971277167
-0.0030015369278272347
-0.004771127582724153
-0.0025568852331090196
-0.0019905180234878013
-0.002755926045369634
-0.0027334140763901112
-0.002072108677755515
0.0004870057331754405
-0.004633339648875222
-0.0062579307925155255
-0.0006830216051441777
0.004303799576439064
0.0058130126976514256
0.0045734891136472895
0.0016354723164980975
0.0026780903141266845
0.008105339610176784
0.011079462006486246
0.014827036105750455
0.015838466433587446
0.008592365627669976
0.0015062159570462983
-0.002965735354770415
-0.002415942320860163
0.0013897498412259839
0.004709320340760216
0.005635072808827723
0.0061586291024281195
0.01238012497481151
0.014292433474953695
0.0011508008470836675
-0.005695143909337792
-0.0008110796162916618
-0.00021423101763301322
-0.008864971960544464
-0.011888437732950135
-0.0054861249479037115
-0.0012084599307233411
0.0013840507869257597
0.00638581757001189
0.0035976688979593397
-0.0013436769229344112
0.0003670424248523054
-0.0016730495503638164
0.00020314984307481606
0.006075824491440749
0.003021016260369424
0.004458211988050739
0.0031869382056897164
0.00021944029527245614
0.0029947206349988363
0.0002448702805422694
-0.0007640160663934937
0.0033739942378770206
0.006556987707587595
0.0028154159922932375
0.011037728355011597
0.016162234201434384
0.007683308525463138
-0.0014158957871190662
-0.0037317553878360474
-0.0030311254611510964
-0.004168289522201088
-0.0012943589557178352
-0.004229764240177075
0.004632640388916197
0.006942652116136467
0.009439440874464793
0.0008293884762533383
0.004559506637863944
0.0032074155549097734
0.0028228879785802178
0.0018897435965824147
-0.001005443394550729
0.002083633541453901
-0.00045821022775381344
-0.006981454388397499
-0.006338526390118638
-0.006805871400658126
-0.010604142382565147
-0.016723822300187468
-0.01126480896009419
-0.00861629228332591
-0.0035107711590517386
-0.0015015465454472547
-0.004335025942663167
-0.010428976091973956
-0.00944765656311378
-0.009958533253304952
-0.004107596012738576
0.00575658883294162
0.002927863245881225
0.0016810489876132515
-0.0019547105758634486
0.002596015788688198
0.0029800977336674654
-0.008020462773680492
-0.0030688866770255565
-0.0007868472072876314
-0.0016912031784512202
0.0038760830936065247
0.0014329396900630456
0.008380586912197802
0.008064769086159072
0.008467947166842347
0.005077115370528058
0.004012652001385578
0.016038460635525137
0.00980426739083731
0.010083021775831051
0.009782764710123149
0.007656848907922932
0.00692258375322233
0.007326211615907755
0.003999984639146198
0.005183159222110909
0.005489879847169461
-0.00048497970762014685
-0.0026326636988357817
0.001642187221459019
0.0011272083853156572
-0.0021512290229331625
-0.0018812258083075893
-0.004573044794134932
-0.012216822165964581
-0.01191571009309811
-0.007245315717089532
-0.005979776317438982
0.0010087884095381493
0.0015791478507043996
-0.000626972234383525
-0.002617802828503249
-0.00024039769764996554
-0.00013748378669410055
0.0024027163713518417
-0.0006840992326348925
-0.002108632420108893
-0.0006774848835937022
0.005179594376989913
0.0034310453836539083
0.0058103137384821445
-0.0005189795445647049
0.0007042516525033898
0.004146574472362233
0.0013583944154397563
0.0012358144855602869
0.0027808609673696983
-0.0012242583918509425
0.003225688103698576
0.0074213744961097545
0.006010512567779791
0.0021207846208751127
0.0021603168217177106
0.007788918910853958
0.007388593054899895
0.006655261628582384
0.006428722143786862
0.008229685472849213
0.010248956167028467
0.003608500100010659
0.004816958080817941
0.007266914613418647
0.00788893392353719
0.0007854969793125079
-0.0011554320949477915
0.0004976180168006966
0.0018600400540283544
0.002738020871246511
0.004909400431032172
0.009238019935603702
0.008888255558912995
0.00893974473109147
0.0027125912198112047
-0.003975107462945444
-0.005278678174628904
-0.0064378801800520705
0.00039721788316894103
0.00826714013748201
0.00992422965108827
0.00865926445413751
0.008063127964330542
0.006783718592530945
0.010921680036183361
0.00620920246520615
-0.001405768210508462
-0.005049824408119229
-0.008554362376562822
-0.012203970390922485
-0.00815973047563498
-0.0003543154084357616
0.0017869099770914112
0.0002530814019243867
0.002351336448463726
0.0008526208115814249
-0.004463579520470681
-0.0028021536942412196
-0.004527912102878088
0.002086052842256388
0.0023718302382441437
0.005526174846207676
0.0040415717055608735
-0.0031134281591828714
0.0014476475074338302
0.009356479497537666
0.005481584129748697
0.0023858500356674557
-0.0023776474115547014
-0.0011469002486227517
-0.0027425294543238117
-0.005549482282820954
-0.006161892704456118
-0.0023844809320733443
0.002048092367831954
0.0028688878621400647
0.0004055831780826518
9.308595172733814e-05
-0.0022031740021509726
0.0017300795497911402
0.004509811600922598
0.0008489537669026335
0.0018106751147456415
-0.0038274718286416204
-0.011620937631623706
-0.010108128457497213
-0.010399688844292319
-0.011682077910366339
-0.010362930704372716
-0.0034510045887998306
0.007092952668846707
0.00489212824408522
0.0006493877304676756
0.00549098637600407
0.006448809088519483
0.009929200108668025
0.005202644185243781
0.002634741762983969
0.0037990434233932217
-0.004013411803063388
-0.0032163556842147024
0.002912951705423287
0.0021758261885985964
-0.00083021310670345
-9.452403268657973e-05
-0.009678179363178031
-0.005183592920998266
-0.0026486603448697232
-0.0017684701349121549
-0.002718854709057187
-0.0024641448559241707
-0.0037397857399041915
-0.004282648231760752
-0.006567684623919536
-0.0009703897249232501
-0.004351816912988367
-0.0059684916160181916
-0.006268319047331803
-0.002264619337080438
0.0042475555183900775
0.009146824112451575
-0.0010697423026907178
-0.011639536724957895
-0.007549340389301804
-0.007552518801550039
-0.006498799342394653
-0.003148093676694812
-0.005868263443208907
-0.007388827880091404
-0.008492425567811997
-0.00390540584810679
-0.0027483091871006913
-0.001651916484542639
0.0034659699037999604
-0.0017442358729022151
-0.0019193364821213867
-0.003010650701639032
-0.004470387206296849
