1.0
0.9859651532251672
0.9725180947498467
0.9592793047932046
0.9462361470530983
0.933345430463166
0.9211486877166657
0.9088477739105556
0.8967585432075621
0.8848567028164578
0.8731825008200048
0.8616766052021644
0.8503392597394855
0.8391677784347036
0.8281576360529529
0.8171981760370984
0.8064808224375379
0.7959175238550128
0.785512370879193
0.7752269506551894
0.7651385178164293
0.7552259018630505
0.7454962194951292
0.7358413716361515
0.7263022254149828
0.7169073229972603
0.707646747969991
0.698524535933494
0.6895641075415992
0.6807628937136776
0.6721304807900786
0.663604903153705
0.6552046317791961
0.6469511721346394
0.6387865853787363
0.6306979387348568
0.622773945339635
0.6149337386578363
0.607232088113688
0.5996534410504889
0.5922372065096053
0.5849528420873454
0.5777454553333738
0.5706350251383105
0.5636003102485069
0.5565600338388638
0.5496491978070385
0.5427972645160314
0.5360404705500285
0.5294110990124509
0.5229349202848768
0.5165353461618121
0.5102467238819336
0.5040516979633691
0.4980039614324656
0.4920558373378083
0.48620176816577493
0.4804723889528044
0.47482758314076273
0.4692606953871857
0.46374486884195953
0.4583220802268593
0.4529509635821832
0.44763577537266813
0.44242962190329216
0.4372706288259527
0.4321381794786172
0.4270678836137271
0.4220417698882176
0.41709888431980363
0.4122175986806704
0.40742814861097604
0.40266004139020695
0.3979806519669235
0.39337258468663217
0.38882368341689716
0.3842965282225834
0.3797955638109506
0.37534270103307615
0.37096018870133096
0.366627952071739
0.36232679153310493
0.35806666627004824
0.35386752138389876
0.3497327008329393
0.34563482363869136
0.3415785018614938
0.3375591777266837
0.33359671837295357
0.32964360923154973
0.32578682555814803
0.3219823525900679
0.31825917385899
0.31457514938488323
0.3109832751808491
0.3074273817089909
0.3039172044978094
0.30045305964797175
0.29699695525469083
0.2935934210230601
0.2901994432937223
0.28684234905859274
0.2835286472957016
0.28027139338381335
0.27705362602901473
0.27387250247547346
0.2706880679209268
0.2675548362048548
0.2644644045057718
0.2613882878578119
0.25838258846550866
0.25539579573083043
0.25242906601369247
0.24952133527563358
0.24662233877614248
0.243757455121687
0.2409273005414014
0.2381172706809946
0.2353744876419008
0.23264051027319796
0.22991442536791723
0.2272348391942262
0.22460718931483883
0.22206952951108266
0.2195482007357905
0.21703973360122408
0.21456176577317831
0.21210073021141235
0.20962529883188138
0.20718641186143033
0.2047958919745965
0.2024346390844517
0.20012949199750096
0.19783857800980884
0.19554135854834193
0.19327639305780098
0.19104291640921792
0.18885564511417025
0.186736873633233
0.18465032719822594
0.18260000686513775
0.18060627509824584
0.17866090873396348
0.17675004802368643
0.17482531503115575
0.1729344467042027
0.17103920956299937
0.16921853739933326
0.16743558124817323
0.16566111922579801
0.16387574216415376
0.1621065204267871
0.16034512920403343
0.15858739691710924
0.15683787889603756
0.1551092218573228
0.15345582264986546
0.1518368770434744
0.15020492872799976
0.14858060635923467
0.14696267133353966
0.1454059630641924
0.14390086959378912
0.1424290090411043
0.1409881648643608
0.13957016039157366
0.13817344332540488
0.13678743788890668
0.1354138343266107
0.13403789198008492
0.13264771688746851
0.13125128948364237
0.12987348742663812
0.128495159730919
0.12712606183026293
0.125779075570605
0.12439939380243085
0.12303272288007776
0.12170883909291096
0.1204213368180866
0.11910977780415738
0.11780853825606749
0.1165200666147214
0.11524917894104196
0.11401755939607895
0.11283105581373676
0.11168762247491731
0.11055264093332674
0.10941304133499133
0.10830446450146136
0.10719301012298443
0.10608073927463885
0.10494813043260304
0.10386397402899229
0.10278442964614828
0.10170258202318491
0.10062211126394961
0.0995571886243032
0.098486396251668
0.09743801131646002
0.09637211653583225
0.09532370061707372
0.09427850537697177
0.09326490595075175
0.09226245569820496
0.09126506536762727
0.09026939916481298
0.08928846437374352
0.08830540669114087
0.0873372933153818
0.08639916336162842
0.08551516279608845
0.0845580471158505
0.08363126739166862
0.08269747036833694
0.08174537632729975
0.08078341188231325
0.07984329764873432
0.07885095795092407
0.07789542280889972
0.0769330901749263
0.07598195938172783
0.07506905737245576
0.07414632214889387
0.07321484566414364
0.07229255908446697
0.0714172144510325
0.07050852961132414
0.06962089511831684
0.06876550438316273
0.06791850713871135
0.06705380900970151
0.06620215487700234
0.06533383588963512
0.0644931213587192
0.06367249488788411
0.06285852064024859
0.0620646403696486
0.061296900542899165
0.06052012644399399
0.05974479062447603
0.05899470492704806
0.058295040282882925
0.05762815537670244
0.056973706345869915
0.05636819843154403
0.0557662356236238
0.05521982823988214
0.05467760254470483
0.05412323198193023
0.05357697056124222
0.052980439124400355
0.05235784061757483
0.05178176466788567
0.05117636447570322
0.05060964273641932
0.050069245363206394
0.0495278818503953
0.0489834075447417
0.04844197224209785
0.04791881724562783
0.04738011723261503
0.04683067808594672
0.046311412875783144
0.045758405550130776
0.04524842947636083
0.04474532215196737
0.04421132504770215
0.04370889769937906
0.04321285009160154
0.04267165285919886
0.04214099657493492
0.04163697861910328
0.041145453881995815
0.04066521455889531
0.04016106207454557
0.03969327331762377
0.039196073833892404
0.038718822240814924
0.0382475158982699
0.037770751630619555
0.03729055816930917
0.03682444134144501
0.03636123303817779
0.03590761996435764
0.03544673153841066
0.03498268990569183
0.03454011599194689
0.03409038499391924
0.03364578876760487
0.033203914535036044
0.03276796472334749
0.03234855092727841
0.03194362873105989
0.03154342463015254
0.031163298456028787
0.03079551330312071
0.030452230923690086
0.030131044503372253
0.029759429803677653
0.02938568410333737
0.029018543668492474
0.028635379626730784
0.028287651878744564
0.02794807755098881
0.027629753545167373
0.027296714909962026
0.02695248616757891
0.026628795395257327
0.026313483788891857
0.025983582422903623
0.02566822817791318
0.025344583799849864
0.025008652838846648
0.024651805687364043
0.02429211607149286
0.02393607928746291
0.023583403551489152
0.02324947764345283
0.022902767900034357
0.022611818164190313
0.02233907991189672
0.02205359834395642
0.021821586628722994
0.02161302447277289
0.021420228094821844
0.02122628001207133
0.021069281684689453
0.020894056610569492
0.02071977740422875
0.020539180886187832
0.020386069655334328
0.02026644652119541
0.020150187785714695
0.02005641313267062
0.019941676633843868
0.01984701327766463
0.01976922496936685
0.019690891156590156
0.019600792780422836
0.019498790328568532
0.019352961398851024
0.019227117456848207
0.019110168805238435
0.01903251273178087
0.018948935004574514
0.018845846081457725
0.01874513715273804
0.01860787044015299
0.01847351421969675
0.018317958887772285
0.018204095348062724
0.018119710253282222
0.018043172781476012
0.017979017185550745
0.017932815281170654
0.017861243624457797
0.017797334907044927
0.017731175262237133
0.017662206450865952
0.017606878840725773
0.017570500253429867
0.017542844928742658
0.017529253163539642
0.017526039131695998
0.017512500043968877
0.017474931073091924
0.017410503522307618
0.01732965291951375
0.017256584359988655
0.017189844071583794
0.017130027544810283
0.017106635808218695
0.017128215391675722
0.017144449709934194
0.017147827070657
0.017192608047269287
0.0172955687325566
0.017386115230571587
0.01744586417368356
0.01750879974066827
0.017554969957632848
0.01761192491928753
0.017661584015967322
0.017692491818343502
0.01771447446595909
0.01772725224475849
0.017701207285845583
0.01767698478150507
0.017657775918457824
0.0176444431218142
0.01762499978187472
0.017631324980825907
0.017634830714108218
0.017650046626778902
0.017677570031783663
0.017713326431671225
0.01770674453722396
0.017695356771760967
0.017679155748447997
0.01765734807018796
0.017620425823235066
0.017564948651316487
0.01750470816920685
0.017423599513239192
0.017355800429470058
0.017299797050339415
0.01727302965711126
0.01721160373084887
0.017140715873780618
0.01708015036517556
0.0170256467613371
0.01695886488151674
0.016861698123089318
0.01676089094630259
0.016624370126453732
0.016534873248094415
0.016444399495866097
0.01639449211063522
0.016340748343977602
0.016256765617951488
0.01618231764808368
0.016058535712683866
0.015926795177070727
0.015781653810460226
0.015609800946730144
0.015449512838916707
0.015281529455164852
0.01511383247561492
0.014947775050017539
0.014789409011197687
0.014652255385572126
0.014535710543503132
0.014420263565264192
0.014297139493915851
0.014178534737728963
0.01408798825778167
0.013983088134835479
0.013897590730050492
0.013798149350334127
0.013709009272602359
0.013627034290933976
0.013527625061939308
0.01344653409353906
0.013403753828185486
0.013370736409676098
0.013344429033082807
0.013302593677192024
0.013250636377479407
0.01318307788768019
0.01311840356114387
0.01303152342738179
0.012953573211107858
0.012824274337008496
0.01272253020195417
0.012633174531246258
0.012534879770550867
0.01240472747042204
0.01228584762204801
0.012173820500928287
0.01206341619554622
0.011958976603874698
0.011838899392557263
0.011739735091384372
0.011667181488371559
0.011585783904672405
0.011488232279549053
0.011357504344913281
0.011257105086750407
0.011157752915235438
0.01108756542602425
0.011013552646178709
0.010913171362474664
0.01080468923268251
0.010675550407834435
0.010567877261974884
0.010423617405299831
0.01027441802625496
0.010128801628403942
0.009958417256380634
0.00977881498430653
0.009620955984100293
0.009465077194331062
0.009305408009906573
0.009129606464929644
0.008938624374602867
0.008769187258444985
0.008598648912762422
0.008423587753869565
0.008266470178729857
0.008120518606843583
0.007986692933841615
0.007847654575506707
0.007728116172661366
0.0075824213919557775
0.007451553967909774
0.007354459078774012
0.007262887559181797
0.0071753807913578485
0.007073276775046531
0.007014062039469883
0.006930112947661064
0.006851017744142852
0.006761436694710472
0.006656934143641009
0.006568346948963139
0.006490343860877038
0.006438365224841397
0.0063770074839493195
0.006297208213239928
0.006183252800137653
0.006085519978453616
0.005973805634719586
0.005878664273562415
0.00576058584979343
0.005628023417693033
0.00550802744215629
0.005421117565611239
0.005325363580881995
0.0052129843352077335
0.005095214501552158
0.004990978409750851
0.004893456570394837
0.004785728860462389
0.004687269649821671
0.004578181682853559
0.004443186173844549
0.004273671594346783
0.004073231537721787
0.0038756620272227117
0.0036909103679008013
0.003538349309999357
0.003375254540528922
0.0031946933977364954
0.0030441404290225626
0.0029561996626914617
0.0028678193424921078
0.002777693331768196
0.002734900362500465
0.0027127358365902823
0.002710231017639039
0.0026956000461170015
0.002693344499913432
0.0026825628891457287
0.0026916823010654464
0.002695248439583734
0.0027373284423575913
0.002751286485766926
0.0027752713931777813
0.0028126082295233737
0.0028723594129208495
0.002898941769835189
0.0029203739958570756
0.0029291230490935145
0.002900628193862565
0.0028503666835850384
0.002828244905209928
0.0027883511015653947
0.0027569661332000205
0.0027470222547406405
0.0027351685232016552
0.0027789599344937217
0.0028412572256038666
0.0029027095024517363
0.0029933322745073878
0.003047848211450861
0.00309775424340988
0.003160128573386581
0.0032101655491166415
0.0032240549353134314
0.0032634661660457583
0.0032959321735102423
0.0033627968576056886
0.003438562049603843
0.0035321515723602793
0.0036213425933296606
0.0037192184366230084
0.0038086147882555313
0.0039150384943474805
0.004009331748452993
0.0040830561937261175
0.004154941327499827
0.00417337132591879
0.004185636991307579
0.00415885786198162
0.004139799620255507
0.004154939650860378
0.004168164822221845
0.004152430895448668
0.004160611082919799
0.0041780814224154795
0.004177747810151422
0.004227630505475756
0.004277827379692127
0.004297092138448507
0.004280861561118773
0.004296327658532169
0.004320146091012601
0.004304485855650675
0.004284554599769241
0.004271740528729347
0.00421221333989268
0.004178680195039892
0.0041628433819899885
0.004170530892044916
0.004220669968305186
0.0042494749614147035
0.004305119411721614
0.0043788438943385185
0.004445957279647629
0.004500041852294254
0.004540850903528895
0.004548063997307047
0.004567813167362314
0.004603526056740308
0.004629743552155772
0.004687237561033676
0.004733274202391813
0.004753315918504245
0.004790757797607646
0.0048357861425313235
0.004852640840245312
0.004855182131140914
0.004849723216060315
0.004809996840374091
0.004740654504715208
0.0046812960122196625
0.004625831211259426
0.004546222716870956
0.004453160844755912
0.004366378305014893
0.0042763601962893995
0.00419485813323828
0.004139066766373083
0.004101872089678815
0.0040670636663155575
0.004051716747031399
0.004047313608963761
0.004034284298321069
0.004038605669406152
0.004052015421991288
0.004050039857000677
0.0040214434989081565
0.0040364201087716815
0.004055297855621098
0.0040379316598612
0.004018822356720716
0.004016268664333707
0.003999639025414503
0.003987422664052685
0.004007152296660194
0.004045898709044862
0.0040726938934303805
0.004106312195649995
0.0041141113809022144
0.004106605981292474
0.004109479160025445
0.004105708181166673
0.004091448761883364
0.004079376441476295
0.004085641298766134
0.004076923496238513
0.004039137034247471
0.004016809141909922
0.003992542312790328
0.003968400584897968
0.003920740757401307
0.003909731378034049
0.0039411836673474854
0.004003972092398218
0.004064885203718058
0.004117700959087326
0.004182888982336856
0.004232513300388014
0.004285101848552325
0.004282638761797499
0.004310382829133474
0.004337480289511844
0.004357966860446989
0.004377863627923118
0.0044072056075962875
0.004479117917955759
0.004585389916687941
0.004662461539130433
0.004757466120221338
0.0048611713291070065
0.004901502635137527
0.004930400785482026
0.004931485676119908
0.004918842561990791
0.004902188016842581
0.004908148429289977
0.004917595662127354
0.004916100587659788
0.00491719784702961
0.004947882014498088
0.004986247283707449
0.005010312671098478
0.005025453538560498
0.005034725714438237
0.005080780087441516
0.005120732219479261
0.005111677525537945
0.005120702585333028
0.005156540746555261
0.005204868928124169
0.005234479223693622
0.005296202398834472
0.005334968344067272
0.005387659739105182
0.005449733523078477
0.00548357486406301
0.005521135949855582
0.0055419846348048534
0.005574377292079528
0.005579056404780862
0.005570698041289001
0.00557437562139036
0.005561796032570181
0.005566873731724279
0.0055561965440590645
0.0055484154925698
0.0055313968220363835
0.005534173067819579
0.005522285181251176
0.005513665192002379
0.005538379053601762
0.0055505346298968476
0.005552175128913139
0.005543948512510877
0.0055332552521029305
0.005502744077559958
0.00545422163161746
0.00538719507859823
0.005345952875518539
0.005296578773002473
0.005257529458661094
0.005199595605091208
0.005128674664432947
0.005073704943595471
0.005013914464256604
0.004937412478893027
0.0048456722698908584
0.004763297943690278
0.004671093316546102
0.004619542750350657
0.004584407690292175
0.004573571496578314
0.004560255950158586
0.004525597865131353
0.004510762528895476
0.004470364017875068
0.004452202071887306
0.004439127547299944
0.0043842945340266115
0.004308703506759303
0.004216810918366619
0.004116971794256833
0.0040174513179350975
0.00392385706832022
0.0038393848402063528
0.003756894222309894
0.003697468502973215
0.0036695544837487912
0.0036644858888256124
0.003646821872172002
0.0036491264821642212
0.0036504462701214373
0.0036859652045286243
0.0037113021679915396
0.0037335846883394573
0.003767166264129792
0.0038112263870610013
0.003852679350921494
0.003885411307055407
0.003917618581944274
0.003942721796729673
0.003950612529387739
0.003972978470227212
0.00398825657760186
0.003946133427520473
0.0038875276274589754
0.003830688295215524
0.003794692878383963
0.003775693516722901
0.0037503458707803957
0.003760599106523319
0.003752143123143143
0.003723696601363044
0.003713224289479383
0.0036994283498986416
0.003674696761344317
0.003690692166118571
0.003726384157378651
0.003722919384842591
0.003729200337375487
0.0037216449622136383
0.003734927531666299
0.0037310586424644915
0.0037222212574321836
0.0037267130423689105
0.003700399885999555
0.0036448031164753765
0.0035765247700198775
0.003544721140168197
0.0035271222680826487
0.003493915965928486
0.003467620392268517
0.0034184571046168653
0.003356333729793681
0.00329158488014726
0.0032330682132314806
0.003150414377315754
0.00306668544288462
0.002976080249248605
0.002929211666265186
0.0028974018299088014
0.0028638075574067405
0.0028388022429890187
0.0028082035813916896
0.0027893764532826095
0.002766889990578783
0.0027362048488345507
0.002682729233838512
0.0026242471993571446
0.002547159218922443
0.0025157295791538342
0.002478006064884669
0.0024473533632538933
0.00235882505037631
0.0022960862462993743
0.0022295486598265025
0.0021855535767655596
0.002184288108840525
0.0021788406068997054
0.0021602199065758115
0.0021409748047649456
0.002121495710044232
0.0021411308280147754
0.002176636469593117
0.0022367691914894315
0.002277112414932793
0.00229967241163423
0.002309807664973704
0.0023092891909615365
0.002283860380207895
0.002255139071803001
0.0022347078174384943
0.002221653606665488
0.0022168457073001614
0.002236508026222735
0.002234967131838255
0.002240982925507665
0.002262148382465643
0.0022095729257832586
0.002171185077069223
0.0021367450832492844
0.002081976964575969
0.0020327237799895917
0.0019690793081263563
0.0019217996712927751
0.0018778738171935268
0.001838794515558026
0.0018169949938419189
0.0017764119879447313
0.0017546292566312208
0.001755081052502066
0.0017607308554368328
0.0017274717435681929
0.0016737785574734907
0.0016080528078660614
0.001513849941217564
0.0014364340056136518
0.0013600079450221912
0.0012707464112144409
0.00120880423184488
0.0011395716217733687
0.0010495782344322696
0.0009417869558148689
0.0008477250010181457
0.0007587595802800284
0.0007047055542314539
0.0006076122004904989
0.000516755485596548
0.00040138647779707534
0.0002834605424884485
0.00015919241542471836
7.648680901435154e-05
-4.2603878727755184e-05
-0.0001960131688002389
-0.00034864633697734895
-0.0005103404945924378
-0.0006410772056929563
-0.0007576657739945436
-0.0008788678600515789
-0.0010327979315815235
-0.001174888340465426
-0.0013176628270026927
-0.001428014433602206
-0.0015125113914858544
-0.0015719798469257906
-0.0016167722631979743
-0.0016661247916923926
-0.0017451745551822025
-0.0017894693760342703
-0.0018470916732770337
-0.0019196207969595883
-0.002022372777194604
-0.002110995239697038
-0.0021570515321093922
-0.002213168440897174
-0.0022837519594610537
-0.0023217452230982153
-0.0023749377205393735
-0.002438197186440686
-0.0025029313810555555
-0.0025713805284579613
-0.0026516131061707767
-0.0027247887043722724
-0.0027500778672487495
-0.0027320274326368224
-0.0027000675489027106
-0.0027002212314023695
-0.0027203777258254353
-0.002769171967178953
-0.002798684636120294
-0.0028126344950105873
-0.002852409560537867
-0.0028936355562847603
-0.0029383354072880998
-0.002996816543904854
-0.0030323102387135336
-0.003069567501883298
-0.003097002589763989
-0.003141340839904112
-0.003187345469774235
-0.0032203928004396537
-0.0032620019113699106
-0.0033106246849135684
-0.0033698079212666665
-0.003436602979216713
-0.0035027877660529744
-0.003549198626209315
-0.003593591532110102
-0.0036145007901874334
-0.003622201061063163
-0.00364368428813201
-0.003653764284721955
-0.003677468903025967
-0.00369749739747232
-0.003712863861363792
-0.0037161022185808155
-0.0037244385158361486
-0.003760220606716103
-0.003796532911320094
-0.0038405257190715185
-0.003886709939875778
-0.003949877225648669
-0.004031953404684042
-0.004103545457299961
-0.004173184554662828
-0.004239883301293585
-0.004278680390669711
-0.004305601914483884
-0.004352053503104968
-0.004415022913805472
-0.004472943321381406
-0.004536159377466284
-0.004592944511768799
-0.004620918442700842
-0.0046604340062769145
-0.004725229347328315
-0.0047879484626488725
-0.004844059694884102
-0.004907015817183021
-0.004986520458473033
-0.005086242177873664
-0.005208215966928902
-0.00532803190833145
-0.00543943611434393
-0.005541885960997065
-0.005632888757180359
-0.005730101442204478
-0.005823048810608828
-0.005892367359414019
-0.005959645716834496
-0.006022012729697693
-0.006104497318209223
-0.006169258883831943
-0.006200980084833193
-0.0062573828433935275
-0.00632775803552472
-0.006388236711377767
-0.006480049622069536
-0.006566393066850204
-0.0066495225718490175
-0.006733300336807768
-0.006804729665151745
-0.006858257404175046
-0.006907681274418181
-0.006965321723592422
-0.0070077939357425555
-0.007046216344691429
-0.007080404492073059
-0.007106755653946726
-0.007150603562951315
-0.007181169275024138
-0.007190248912112294
-0.0071922844947476024
-0.007207584760288272
-0.007205822112952916
-0.007213265821446711
-0.0072285037061235406
-0.007191070878540652
-0.007184680918075352
-0.007165949445318623
-0.007160305630967945
-0.0071368044183711754
-0.007134329375749964
-0.0071462188196107475
-0.007187323609878894
-0.0072534729407634155
-0.007301428714926226
-0.007343367716435899
-0.007347679841656248
-0.0073465187798426165
-0.007354213784221688
-0.007350422419988729
-0.007365502723366706
-0.00736812621257289
-0.0073241976861275595
-0.007271548541730288
-0.007246089278473318
-0.0072008210594348195
-0.007160524778870662
-0.007087791781932726
-0.006994736272351569
-0.006867132873764325
-0.006751570548075254
-0.0066120840163122144
-0.006472244465762249
-0.006359480423472065
-0.006244166672855169
-0.006126562204041569
-0.006040440327253234
-0.005945306310891796
-0.005860160462178043
-0.005792449601638173
-0.005762311387910281
-0.005744822106253674
-0.005734456388898452
-0.005729318409646301
-0.005687517063110894
-0.005645566374960885
-0.005617982239155677
-0.0056189921343122295
-0.005604323857138421
-0.005603909663502223
-0.005590705369170204
-0.005552074175614611
-0.0055399639575535115
-0.00556601245003422
-0.005580139890801445
-0.005586312934505421
-0.005571631529003629
-0.00557542425069356
-0.005548509780224286
-0.0055529332112837495
-0.005537188171373529
-0.00545728870643729
-0.0053866499204611
-0.005298995776950174
-0.0052255011266162145
-0.005151222145859986
-0.005091275904078066
-0.005043138732914309
-0.005027432633452716
-0.005004705564976414
-0.004970217586265878
-0.004934410585723641
-0.004888054002375885
-0.004819316687849226
-0.004764711152924783
-0.004696632430988254
-0.004593996444266791
-0.004480279423091726
-0.004370710085484437
-0.004262775355920928
-0.0041578325438648076
-0.004080655039733472
-0.004004271384763609
-0.003944355790415654
-0.0038859838730381964
-0.0038449949241176873
-0.0038211681800410725
-0.0037924231642702706
-0.003736208263530191
-0.0036610961785399007
-0.003583605678105339
-0.0034946202104228987
-0.003402733170385743
-0.0033186378859959694
-0.0032558612017588723
-0.003220362612928817
-0.003228855908655306
-0.0032075944367929497
-0.003151348032770322
-0.003093064277386894
-0.0030681413873369086
-0.003004325408563665
-0.0029374754008781
-0.0028560081078571006
-0.00274965976552932
-0.002636091115091544
-0.002520835396080303
-0.002406354781574867
-0.0022829121573662505
-0.002168832245765164
-0.0020275369054025354
-0.0018809325090625463
-0.0017621582304823652
-0.0016297020921703243
-0.0015262760443786542
-0.001418318565963357
-0.0013119378645537903
-0.0012503964826980993
-0.0011833621364793236
-0.0010953189174504577
-0.001006499801895615
-0.0009166362459668045
-0.0008073424466558291
-0.0006955885101652136
-0.0005720215866432379
-0.00045981519854403747
-0.00034795313220158043
-0.00023749825376727314
-0.00011652423772819428
-2.0367933947693e-05
8.145215242290784e-05
0.00015613970597327804
0.0001690063361627795
0.00018659213814977555
0.00019748722365619037
0.0001719447191317521
0.00014536396323230655
0.00013522793162285134
0.00014257939267507932
0.00011551147091736679
5.975509591277164e-05
1.7081651230788626e-05
-1.5762001608883785e-05
-5.605604676213058e-06
3.275883551756612e-05
6.686828554635938e-05
6.280577220996495e-05
4.4570542094688246e-05
1.59134828684744e-05
-3.815474056175579e-05
-9.926052155299165e-05
-0.0001554202969309925
-0.0001947502135715648
-0.00023849110683741702
-0.00027704407916683286
-0.0002745546314114352
-0.000262366129082365
-0.0002524148948164924
-0.00023385834502418537
-0.0002536682893359425
-0.00029001286549168134
-0.000357863001529415
-0.00038840720416329495
-0.00043020458629271273
-0.0004162620233263371
-0.00044120189088640914
-0.0004857274184873952
-0.0005369744496335546
-0.0005762409951441032
-0.0005962672929587009
-0.000667306897291253
-0.0007245831981490008
-0.0007560188432176815
-0.0007709033810310089
-0.0008113817350428455
-0.0008400027741512916
-0.0008767827930054576
-0.0008964009808406046
-0.0009195344784421916
-0.0009281598107733957
-0.0009650765422252845
-0.0010049511605642657
-0.0010482551227600449
-0.001117256527822604
-0.0011260481587821542
-0.0011290601000472212
-0.0011374390106178268
-0.0011219710571645188
-0.0011498757075274234
-0.0011579716944608613
-0.0012083584098756075
-0.0012601975789255225
-0.0013031604925126073
-0.001330896016016157
-0.0013660388910074221
-0.0014079846939443954
-0.001428733901457158
-0.0014950180519077896
-0.0015772445808118066
-0.001668224841987733
-0.001751158231657825
-0.0018361754111491382
-0.0018923476511635761
-0.0019315774914884093
-0.001989722245456148
-0.00204650162877071
-0.0020991668573876934
-0.002183260226719044
-0.002285443570995076
-0.0023862819610875508
-0.002435212796827537
-0.0024822491115596393
-0.00254219840395855
-0.002602478114573319
-0.002672882876261412
-0.002732153776651453
-0.00281079136253679
-0.0028979708308446268
-0.0029625667525760243
-0.0030307678730307585
-0.003129140401341636
-0.0032000587524969133
-0.003262554527978475
-0.0033414675082218803
-0.0034044737075571503
-0.003484465152872547
-0.003552744470148363
-0.0036352183611192794
-0.0037397686272542395
-0.0038195504095570364
-0.0039000114823033007
-0.003998698300883568
-0.004098765789817331
-0.00417410297878583
-0.004272748728507687
-0.0042928142810060976
-0.004329474222741617
-0.004311812550852918
-0.0043106774151319095
-0.00426006647774499
-0.0042426653254870545
-0.004227009561776041
-0.004237176519911263
-0.004237822676996874
-0.004265212574070578
-0.0043123923332812454
-0.004366851463101721
-0.004431216434153589
-0.004468636893916505
-0.004507996159876787
-0.004515984788725068
-0.004517562442102801
-0.004495879006803477
-0.004431636507543838
-0.004347078783047317
-0.004263156505822272
-0.004167819446905342
-0.004072071545902366
-0.003980269471149466
-0.00388310002860761
-0.0037519719945524237
-0.0036545476724781805
-0.0035593566298004553
-0.0034636380653877254
-0.0033704388557065806
-0.003270729058372874
-0.003163649925287948
-0.0030469517573023484
-0.002940607019223664
-0.0028265945748809185
-0.0027209241822131725
-0.0026269205944118696
-0.0025367154768658954
-0.0024156377762683955
-0.0022782500628253637
-0.0021312417643045427
-0.0020181501372535625
-0.0019490620465827822
-0.0019023480472125124
-0.0018954594611463394
-0.0018847899855064807
-0.001859527863218264
-0.0018330498448295724
-0.0017956333999251913
-0.0017621414927464735
-0.0017359051897702892
-0.0017037711382092578
-0.0016705777917674542
-0.0016424019658184041
-0.001638223091988658
-0.0016757527451934347
-0.001696814139590764
-0.0017312750027359066
-0.0017738414487117
-0.0018011337230303738
-0.0018128204759909053
-0.0018417655736218154
-0.0018541955863960134
-0.0018508921424277263
-0.0018943853899751825
-0.0019165929604693344
-0.001943785167407164
-0.0019863416307509545
-0.0020691657888060283
-0.002187345895205081
-0.0022902513593611906
-0.0023782138209739864
-0.0024947838628367764
-0.002575149895975979
-0.0025933484754721617
-0.002603765929668515
-0.0026172425969571405
-0.002603881599369119
-0.002573867504413577
-0.002545500033646861
-0.0025623986633391844
-0.0025456456968623105
-0.0025303136748480457
-0.0025112347026128175
-0.002504722941733525
-0.0025203631186760207
-0.0025436178268605342
-0.0025519161062708086
-0.0025620435187688646
-0.0025567439382610316
-0.0024949764083419808
-0.0024251116738506044
-0.002362527891263553
-0.0022986560147844784
-0.002221538000641684
-0.002133286125341817
-0.0020488116268495226
-0.0019667901861128868
-0.0018779583324151031
-0.0018207866225911718
-0.0017610853695211757
-0.001678191281858144
-0.001588370369933816
-0.0015123452990459792
-0.0014083992370010423
-0.0012619366863400238
-0.0011365323236916483
-0.0010153542581416534
-0.0009081330646458885
-0.0007939640355628698
-0.0006593550994598395
-0.0005382463673517793
-0.00039186732976929017
-0.0002463920893738859
-8.449731585377818e-05
8.149043847688996e-05
0.0002121337867397868
0.00032012100589527416
0.000399401184922482
0.0005208838768462311
0.0006662385282459367
0.0008201861716062711
0.000940845717435933
0.0010544076727780785
0.001184902061948193
0.00129788287214431
0.0013895762747922074
0.0014840619981384814
0.0015712887313954185
0.001639846482317368
0.0016992897791640931
0.0017738140440954348
0.0018372235599232408
0.0019139392108140187
0.0019631850240434947
0.002022319844203928
0.002112709737916591
0.0022176641631454345
0.0023261694013094612
0.002451481156244689
0.0026024348435818973
0.0027096078870386276
0.0027710748881925587
0.002850224864075541
0.0029324205650520588
0.003018925008961434
0.0030655069005177497
0.003143275845331308
0.003194597218940368
0.003261037560591156
0.0033229486872666395
0.003375990477304635
0.0034291683058160424
0.0034785407266678787
0.003530443082463202
0.0036186838430676046
0.003688665075027306
0.0037390253867000435
0.0038127401098622927
0.003892658203883258
0.003949161756246064
0.004035128856894854
0.004117882080291936
0.004212193201303475
0.0043318943224608
0.004397942742373125
0.004490070537235973
0.004591563674281706
0.004676920421579436
0.004747846002166062
0.004822157427364842
0.004913376076270758
0.004981154013223094
0.005056421112518443
0.005116891611947991
0.005187250011772923
0.00523300956035153
0.005255811682779719
0.00525784360157578
0.005270060301411706
0.005261333788746377
0.005266920450214903
0.005259344103346072
0.005250398522648316
0.005252525006881234
0.0052330092160095525
0.005167167640750401
0.0051208521547587175
0.005063688926430944
0.004974149182558986
0.004859562096121508
0.004743279207595141
0.0046178824236433845
0.004534923203779217
0.004449431850294152
0.004350014585634676
0.0042382280277593245
0.004128078481170556
0.004023722385936207
0.00394617056990617
0.003863157628447718
0.003801488722803045
0.0037042297290846276
0.003570363107642926
0.003461979737931557
0.0033657072595823685
0.003251303676742916
0.003095674342033107
0.0029614864489399717
0.0028469584072854806
0.002716681762160022
0.002586077324046963
0.0024680051173713202
0.002368640384216529
0.002247432073870345
0.0021712030495571444
0.0020908600610719144
0.0019893444147159743
0.0019389167556138303
0.0018900063756421524
0.0018318631514113554
0.0018147071807412475
0.0017849484842971817
0.001740546750301392
0.0016972187795429147
0.00163930667620721
0.001574511217738714
0.0015384413329987538
0.0014732131269230874
0.0013920079866811858
0.001339422701077361
0.0013320725256564683
0.001347805078286952
0.0013819286613807526
0.0014152692998232268
0.0014478360794682567
0.0014442473150105438
0.0014180967157492704
0.0013960024010775732
0.001341926773028416
0.0012754615842729055
0.0011903507091792366
0.0010890408713589012
0.0009603632434295982
0.0008651013146552943
0.000763808063880766
0.0006561214528374864
0.000567490879458203
0.00049687264416078
0.0004525057451113184
0.0004200358135585266
0.0003875645785521927
0.00032037899546475253
0.0002452949867799372
0.0001624876086844196
0.00010716951070496271
3.61300736132206e-05
-1.3362755813697448e-05
-7.176380686933729e-05
-0.00013979279101233768
-0.00020018268045298929
-0.00025357461888697916
-0.00031401413948819995
-0.0003710832320272629
-0.00043416181618220393
-0.0004894527313307267
-0.0005378116582568949
-0.0005887986775387045
-0.0006539211022478245
-0.0007027261706734991
-0.0007428547189754302
-0.0007617162006153308
-0.0008103041215242356
-0.0008158113536614046
-0.0007891549629027133
-0.0007494539530342966
-0.0006907523199748089
-0.0006261763826409393
-0.0006052441746146229
-0.0005545901066538668
-0.0004844510175300575
-0.0004253273892346959
-0.00040484769016457925
-0.0003688852841095285
-0.00034485709313030567
-0.00036197783027885314
-0.0004154833067164851
-0.0004795511944906598
-0.0005665217989184707
-0.0006186806113267009
-0.0006167384999612039
-0.0005945125839954995
-0.0005677142463582428
-0.0005068952503603728
-0.0005033854009556331
-0.0004629703916229485
-0.00045007855661079453
-0.0004482001782340639
-0.00041665948425612527
-0.0004359246994421842
-0.00044236295834551256
-0.0004244829990299933
-0.00041353902567416786
-0.0004226905863725448
-0.0004403526461413041
-0.00047456352652510596
-0.00046777823169462276
-0.00045058107603574435
-0.00042845033252774235
-0.0003962938705954754
-0.00036565527225681474
-0.00030526280679029017
-0.00024902685383531306
-0.00018832257863209955
-0.00011986964205909456
-6.729620673956744e-05
3.6755431283499275e-06
7.771666588458746e-05
0.00012640107496216066
0.00017520340825619065
0.00019210508060091267
0.0002120982473474101
0.00020872087787987775
0.00021647960946746003
0.0002449487190113018
0.00031286534480256324
0.0004021213033573788
0.0005092478417507844
0.0006076637218301785
0.0007216577954119394
0.0008236196704679058
0.0009203315272008771
0.0010202453093418964
0.0011259117943116593
0.0012535805781098744
0.0013868926278918
0.0015091456111690422
0.0016380054446026426
0.0017444103605315244
0.0018596567832053171
0.0019541182875908504
0.002037619219478608
0.0020857562441949445
0.002168201799771169
0.0022382013275035573
0.002302905864055092
0.0023772827483966763
0.0024370004570818888
0.0024755701758252743
0.002555250742753126
0.002641866106465083
0.0026988952230076603
0.0027860159618697472
0.0028730447939396488
0.0029269467424211815
0.002968201238976622
0.003010933585910271
0.003028193084919835
0.003019578046625204
0.003003551773165682
0.002964878542129682
0.002950041003268626
0.00293766773788304
0.002939305140788988
0.00289300237697731
0.0028401639121591804
0.002733904144271349
0.0026366042009288216
0.002574881762601683
0.002509662920227878
0.002419464593215353
0.0023260077469249773
0.002242214775265855
0.0021728969088722285
0.002090039509396514
0.00202438229547556
0.0019380801051958304
0.0018716325048500325
0.0017954947130918335
0.0017214090175419665
0.0016530694520721276
0.0016017336285089258
0.0015586512145077766
0.0015532063949685601
0.0015078383209747664
0.0014595723483147934
0.001451508106588583
0.0014568405033152042
0.001461300581573875
0.0014432198291548912
0.0014263234660334856
0.001407595862481083
0.0013794737378036966
0.0013543957030223148
0.0013513167769950607
0.001362678690177023
0.001387439551751678
0.0013927771574918472
0.0014330937743972864
0.001457785726947066
0.0014537146105541808
0.0014298671433959755
0.001383176497058705
0.0013139188528978028
0.001265865719777807
0.0012437612469119153
0.001203305174044518
0.001205037109154103
0.0012033068725742062
0.0011836956909352448
0.0011965591128310661
0.0011771174612519469
0.0011330749185783854
0.0011055957210810276
0.0010836860588666277
0.001057477430965911
0.0010557765515931173
0.0010688593740889774
0.0010603891595107361
0.0010416098943291975
0.0010338909297611376
0.0010182060213902685
0.0009824177404607706
0.0009462777536368683
0.0009052662214550768
0.0008301564822963013
0.0007242771634368968
0.0005955050327703653
0.00047677733914039616
0.0003553511017229642
0.0002184799645760082
8.984972330114435e-05
-2.2000575572609698e-05
-0.00013986183726396188
-0.0002360099017611282
-0.0003267685444983523
-0.00043135400936359633
-0.0005197734440972434
-0.0006136637160066878
-0.0006887677761239644
-0.0007875322511688002
-0.0008749940429013815
-0.00095957909425366
-0.0010407127904413162
-0.0011484388592148606
-0.001273592544634498
-0.0013825152003607486
-0.001501156962468599
-0.0016167322600242125
-0.0017244101008459646
-0.001843404973737926
-0.001936063673012845
-0.0020311754772250547
-0.0021267227267077493
-0.002248095856049626
-0.0023699395576425655
-0.0024973668123422104
-0.002638824001483097
-0.002754434349394612
-0.0028179153873529616
-0.0028900814153624914
-0.0029898975624444045
-0.003096740844249218
-0.003236556517933348
-0.003342135143543655
-0.0034294198951498873
-0.0035084503342229295
-0.003580880686654515
-0.0036344669747451694
-0.0036560355124337844
-0.0036608285835572937
-0.003642280365468261
-0.0035903897912243844
-0.003586932688572744
-0.0036024677889727385
-0.0035927134013394395
-0.0035967496891263014
-0.003587173595164381
-0.00354425528431515
-0.003531070612444072
-0.00352935310642599
-0.0035456258517449794
-0.003568847120235049
-0.0036017887453405396
-0.0036123589431222864
-0.0036274472306412862
-0.003607929243239985
-0.0036210073425413333
-0.0036888704869735152
-0.0037054405418166353
-0.003748886904590225
-0.003788054820715444
-0.0037848448291957276
-0.0037796546782297765
-0.0038035808134398697
-0.0038481301110583213
-0.0038981161082079986
-0.003923939386988259
-0.003926851385141112
-0.003904742227131269
-0.0038680423176373595
-0.0037955983613551765
-0.003735031739156624
-0.0036654537634282745
-0.003598362411769035
-0.0035062973028406157
-0.0033832810120897555
-0.0032470797194524225
-0.0031070139398339737
-0.0029810683357334475
-0.0028357121233574794
-0.0027016439926327712
-0.0025632179882624207
-0.0024227102966750576
-0.002338829593660346
-0.0022437836878518706
-0.0021337835714930285
-0.0020297098335014863
-0.0019213503845128552
-0.0018364503553319619
-0.001744387000309473
-0.0016421570486233354
-0.0015781742382876473
-0.0014916391688088071
-0.0013990094339373408
-0.0012848162559412845
-0.0011769820889917704
-0.0010555295554762385
-0.0009010672913350116
-0.0007415943597622507
-0.00056582812528614
-0.0003842837626853733
-0.00020275431369269089
-1.5369729298695014e-05
0.00018194560514003455
0.0003803134376816832
0.000586858511886962
0.0007737902915363267
0.0010043933429436044
0.0012218888931536294
0.0014352691915918189
0.001624354232465698
0.001831538186290275
0.0020000547408747676
0.00216656894458922
0.0023243265122947407
0.0024613980572652586
0.002592936592379047
0.0027214431643558705
0.0028438613236888384
0.00296028360003818
0.003059821257515689
0.0031415934391336143
0.0032187577563264477
0.0032995295224362187
0.0033696422327719956
0.0034767405437438953
0.0035875661776050317
0.0037071703740907697
0.0038188138782089616
0.00392027751530864
0.0040377291759048336
0.004149580461606763
0.004316172577944808
0.004447560652900705
0.004591057151906504
0.004733692207769247
0.0049114669621410706
0.005073276064454333
0.005237037482257733
0.005363467561155974
0.005481276076710097
0.005604289939108685
0.005744248111585216
0.005861957504444742
0.00598749443251664
0.006087915921831914
0.006189131936184669
0.006252348447037973
0.006310543891764124
0.006356172592552337
0.00638623105139811
0.006441195146444784
0.006490430478191584
0.00651356973907894
0.006497001189102388
0.006473849951853424
0.006438851681063455
0.006413162157926077
0.00637271724588549
0.00633782722489598
0.0063162226579590655
0.006304074599472008
0.006257193517516661
0.006243590244002717
0.006213654750795927
0.006147668481830543
0.006079007946156127
0.0060104149701911466
0.005942865398617982
0.005867013340306596
0.005805818293953159
0.005747935458925291
0.00570766041648586
0.005704033402751778
0.005714309019317574
0.005709054396135821
0.0057053137089781505
0.005738078376134478
0.005766069077517418
0.005793150327939248
0.005843299106179674
0.005900102944057973
0.005970998866570037
0.006056520672546877
0.006149228754218318
0.006233048068784812
0.006250253921792038
0.006254353402201498
0.0063015882729629815
0.006314867209690743
0.006303241783217492
0.006260681075173015
0.006206902824300384
0.006162693888742421
0.0061570492309174045
0.0061804804937933625
0.006204173850004059
0.006224576942630986
0.0062643306708809006
0.0062857987483955855
0.0062694533072725845
0.006215764961928906
0.006137182208335393
0.006017770243224617
0.005850734470436221
0.005674165441279394
0.005482358827605376
0.005308985623484911
0.005149133854219532
0.004964334578344227
0.004805763685685573
0.004674101140245312
0.004535030601374062
0.004400239104257471
0.004257209692954839
0.0041226597591868044
0.004012218606461469
0.003903526164743362
0.0038223299309624423
0.003730347882785658
0.0036225731005734584
0.003515666934271696
0.0034219301626657044
0.0033209940299843014
0.0031927915173364874
0.0030398305772707007
0.0029030404159444932
0.00278198517549292
0.0026325995890675883
0.0024954216159535606
0.002364978257615229
0.00224024769118327
0.0020820997545372023
0.0019431007962449776
0.0017870075617111313
0.001611398214772559
0.0014257753480285689
0.0012264801189303318
0.001012288990545284
0.0007772536547936945
0.000558507429822462
0.00035397963517638255
0.00015146156116758316
-6.949519237425715e-05
-0.0002955683552422966
-0.0005016161963377372
-0.0007085749051125567
-0.0008829999417907728
-0.0010578336423076615
-0.0012113176902288462
-0.0013880022772522942
-0.0015691227927788422
-0.0017445896784421774
-0.0019215973285641307
-0.0021109717800878707
-0.0023108070586985874
-0.0025034481528313224
-0.0026941131518771304
-0.00287613122109484
-0.0030382364531698555
-0.0031785109228421446
-0.0032941054370889803
-0.003407520692841845
-0.003550238617094945
-0.0037013038970920525
-0.003804427459094868
-0.003896886628533624
-0.004014726267775843
-0.0041339690516415265
-0.004244060531783965
-0.004357070668257695
-0.004422405293629762
-0.004501885512386334
-0.004544880285273449
-0.004604189487480295
-0.004631667477765524
-0.004665663341136073
-0.004711742354760184
-0.004753761443443197
-0.004756422109106018
-0.004768265592981623
-0.004779369254794452
-0.0047668694244263985
-0.004729646093316512
-0.004679159363591666
-0.004654357273126445
-0.0046283135141664865
-0.004647363210182138
-0.004686277583137935
-0.004722526170829315
-0.004779500967656357
-0.004819447104429777
-0.0048645764942417185
-0.004926453294509895
-0.004983781248770302
-0.005040573268784786
-0.0051108397071121525
-0.00515358030380618
-0.005153171415967658
-0.005126660399747579
-0.0050979831220755376
-0.005045046249392237
-0.004984021031846185
-0.00493187155806824
-0.004881938451654901
-0.00483974190188877
-0.004784717350280036
-0.004737401533888366
-0.004717329279911585
-0.004702433346463142
-0.004680959688290556
-0.004667226148881382
-0.004649110587157836
-0.004645017013491182
-0.004635982488445845
-0.004610756458018972
-0.004586544189726206
-0.00457928326082531
-0.004556368218474758
-0.004524881076462664
-0.0044864124844708015
-0.004439909927304984
-0.004387401527240189
-0.004331439549611086
-0.004278022483592476
-0.004232244940964962
