1.0
0.8813401151254362
0.7787482616965088
0.6897001264240462
0.612136725760198
0.5431299729484
0.48314738843136595
0.43054896788547814
0.38313094973463685
0.3419796774961772
0.3066718326295087
0.27526840506056915
0.2483932881983657
0.22535167085645166
0.20509889488063995
0.1869880051127501
0.1702137656890497
0.15459261705125305
0.13987364713652062
0.12771558828723725
0.1170600261268053
0.10860031803765956
0.10045987116785443
0.09272880088072458
0.08572805606663664
0.0787482355965794
0.07278854780756654
0.06779190148201092
0.06413281229012695
0.06011871794460786
0.05608566557614232
0.05225574548136891
0.04880120508074681
0.0452751244422563
0.041553013860561185
0.03728179343105042
0.033219133576694766
0.02969188786680839
0.025691478998679126
0.022054952681886633
0.019226493101923408
0.017677064914361114
0.01635997400238062
0.014617858040747205
0.013996389498585966
0.013404109130213112
0.013116864124608415
0.013457727921642872
0.012298970813878957
0.011481070782440211
0.010920858151420828
0.009985682764415594
0.009131042898673765
0.008145690790444417
0.007814783002951428
0.00745455962331806
0.00690868376706134
0.0064137193765588085
0.005975007223885751
0.005213537997429293
0.004963287459134232
0.0044880652576859215
0.0036410135343657286
0.0025773753652987017
0.00253215693342464
0.0018327964334245083
0.000943272876486889
-0.0008859948589549914
-0.0014437343758143572
-0.0019698781496959423
-0.0010169201853974744
0.0004348589468373322
0.002424078205453625
0.004399324600729137
0.005702949458491495
0.007049813057506532
0.008098361338822585
0.009429938204482728
0.010792529239744142
0.011668907016929318
0.012664286240189
0.012384862882449933
0.011000039769665513
0.010138089366038291
0.00972876153785478
0.009225089534385124
0.008914128402984636
0.009268973094953403
0.009642966607923005
0.009199783313491224
0.008581582207689092
0.007807021640333294
0.006377379692993731
0.005291579822327368
0.004584184807458255
0.004739966617293965
0.005058332555839876
0.006124684772139627
0.007007048987823403
0.007812330320265528
0.008128931082056869
0.007954493390515297
0.00806441979884523
0.007928745385177672
0.008266820475293556
0.00823430036974057
0.008770000247457293
0.009637906848291725
0.009436370704454558
0.009159381200473963
0.007947435020012225
0.006771655130407345
0.00598152919195067
0.005768091561027567
0.005815552956924989
0.004583694262370053
0.0028284919518838706
0.0011613472638348523
0.00020931142840331762
-0.00012601909948509153
0.00048732065054526026
0.0007761018515839129
-0.0002668691323527512
-0.0011634099236637022
-0.0017773162631282825
-0.002800123143366582
-0.003781947765182571
-0.003924038566559823
-0.0031242718991147523
-0.0029974024216162234
-0.0026851841007532453
-0.0026693603918473466
-0.002763420905543957
-0.0033030286010092063
-0.003754213577369999
-0.004215520865018773
-0.004145991576436038
-0.004020258435400568
-0.0035845322048961986
-0.0035653243478086295
-0.003329861353302617
-0.003018204137204846
-0.0033202814627799884
-0.003964919299474568
-0.00444442667304118
-0.00540472385716991
-0.006140551947164214
-0.00714388068595252
-0.0079270486742896
-0.008320758923715695
-0.00906229726778167
-0.00966722226600488
-0.009604084125335165
-0.00973978964949136
-0.00942173856987917
-0.008495925057210835
-0.007713666065458805
-0.006916580404438721
-0.006025128332205991
-0.0059023892515252556
-0.006111630153472486
-0.00639772369484177
-0.007202245989084541
-0.007637918141170782
-0.008232881837227259
-0.007246270650663054
-0.00711375255347882
-0.007152850430556013
-0.006358322915091356
-0.005107085282279795
-0.003819149777256255
-0.0019808290555407924
9.421197764882e-07
0.0011408626025999962
0.002683064572302346
0.004561510836118928
0.006415915234794757
0.007656669391395477
0.009068900364150834
0.010188214675871695
0.01139642842277441
0.012444916549899687
0.01227027844369427
0.011982718480800621
0.011393188797176405
0.01116301911338199
0.010376511491138446
0.010259441714373124
0.01001048571194912
0.010276525338156725
0.009138463307198629
0.007435201522493062
0.006142777348770276
0.005454847575239887
0.004855474306180793
0.004258537058947209
0.004232306015347978
0.003507239288024385
0.003769542644769437
0.003248354160893318
0.0031037333936726687
0.003380569107351451
0.003207085253524987
0.0031898153989261286
0.0030180977119991575
0.0024726627482276452
0.00192551577263192
0.0016965194653197119
0.0015493084259663925
0.0017307072845009765
0.001957112020686677
0.0024185090343740575
0.0030113017683491296
0.003711054974039629
0.0036832195836929466
0.002925862778247657
0.0018315852886726341
0.0001547472276839956
-0.0007390106694341247
-0.001281069594531978
-0.001404117548706461
-0.001787415041228403
-0.0019615820126945866
-0.0018778991969751258
-0.001876682525854342
-0.002219728229807892
-0.0016485961205848438
-0.0012963115510867078
-0.0003886895798938657
0.001325956133357614
0.0016642591710719148
0.0026176444218136354
0.0035620065447763433
0.005023856554466011
0.00523701161426637
0.005471219963866465
0.005996155494365154
0.006803842976612304
0.007258819175568295
0.007371775001474958
0.006969117145470641
0.0062936620571584665
0.005192885663404769
0.004528569827918897
0.0034790499861302756
0.002122299484741447
0.0010209972530399966
2.9590012248647456e-05
0.0001563331585986102
-0.0004983600153001699
-0.0017286912918173351
-0.0023646361406898537
-0.003313525059139021
-0.004269798657594328
-0.0050688005289304325
-0.005317517896097113
-0.004326801515147107
-0.0027764926404012626
-0.0015128053444210955
-0.0007010760363354432
0.00018754660543653516
1.2768302150422897e-05
-8.69219797457334e-05
0.0004516807658978855
0.0009923740958359749
0.0010169979016122622
0.001117081213897001
0.0010928852350825945
0.0006335509452914379
0.0012886246214790543
0.00114685633650212
0.0011836388313158884
0.001081422927249897
0.0011896764326764205
0.0009191710578265435
0.00010918321425724796
0.0012425978488367765
0.001770193019783827
0.0018934996917272162
0.0014368101571723153
0.0010429719541109974
0.0006289201950738815
-0.00022596719641870122
-8.426496359866667e-05
3.883068653764892e-05
-0.00016397965012236084
9.06949683251629e-05
0.0009735281204014475
0.002348112573018947
0.003566041792997492
0.005061339539622908
0.0056139583689350766
0.005979546951933183
0.006658357099100552
0.00758676762927509
0.008533454777154184
0.009433790748816008
0.009838906607749519
0.009629875693784908
0.008147419989371582
0.00638300041094322
0.004871225699763152
0.0031265497479516452
0.0017643669359424174
0.0012203171571144502
0.0007475542890961864
0.00023982658767776407
-0.0005869869708092244
-0.0012508124850772583
-0.0015291755339455519
-0.0019648157275907467
-0.0017908620528940533
-0.002367564708724063
-0.003538746379958443
-0.004015044176784804
-0.004430568263092069
-0.004407257567804713
-0.004610626458750304
-0.0041546726138863566
-0.003165332936499054
-0.002451854886887385
-0.0016403106550177177
-0.0006685924033087528
-0.0003063806171786534
-0.0006776140399015737
-0.0010300623583514566
-0.0019728379383837005
-0.0033073576553474585
-0.0038976896595102834
-0.003964043494779274
-0.004251168829086864
-0.0046940616869889625
-0.00589079027277559
-0.006666279072207628
-0.008128513207808385
-0.00952202019859844
-0.010390041851879424
-0.011317436960157133
-0.011971839478908246
-0.011824797136444121
-0.011760594047162632
-0.01070754119997533
-0.00992068691197322
-0.009149474932987543
-0.007972010968244281
-0.007477524970915843
-0.007601573423129095
-0.008055478005456801
-0.00762062057389582
-0.006659336786472388
-0.0058760421108357795
-0.004910300493662651
-0.0035991667575672654
-0.0023298866755720416
-0.000982617261534664
0.0006045127049926626
0.00029194229373228253
0.0008810137616492431
0.000677016006362631
9.780639832786816e-05
-0.0008605301067974844
-0.0017298953330577703
-0.0023186054195194115
-0.0029186436666334375
-0.003358399871222435
-0.0035334388111310823
-0.0024281804608874322
-0.0016631501088647182
-0.0006176210697492597
-0.0005294327738924207
-0.0007809349591067996
-8.288736875427062e-05
0.00048475035724650304
0.001801244598609154
0.0017598050574432233
0.0020122527174559236
0.0025972408373887033
0.003712279879850441
0.005230865563576491
0.006428445616703235
0.007427043643551052
0.007837519074499248
0.008137453759557108
0.008221401185895446
0.007878929908348533
0.007207062313473133
0.006270602021499399
0.0058976123736982754
0.0050818761438521
0.004411535352202899
0.004533309155319688
0.003672473642747111
0.002265844100768518
0.0011878003724827106
-0.00023645130050388633
-0.0012283239735173602
-0.001448357781585589
-0.0017701940378247892
-0.002501196545878829
-0.004215469216185567
-0.005190264760128662
-0.006142946908345242
-0.006546936568546133
-0.007093033999867281
-0.006644718272879449
-0.00637481780381907
-0.005875895622567555
-0.005963532970232795
-0.006644078501459924
-0.006422545183819118
-0.006567157639839204
-0.005925335497469505
-0.005588258578153907
-0.0049985246389470835
-0.005024014203093467
-0.005749553621990773
-0.006762844113096813
-0.006757049164848217
-0.006786694947312874
-0.007222433821814637
-0.007361609768231012
-0.007406411474563135
-0.007173286665378072
-0.00631789714613452
-0.005261902593931339
-0.004130667185071268
-0.0035225490431950433
-0.0034090170942958978
-0.002969730631141628
-0.0029040365891691037
-0.0032141628919361916
-0.003302723140881971
-0.0019927596488377745
-0.0015655107510939637
-0.0012470749659419587
-0.0005038977624530815
0.00015583139344683676
0.0006527402771534485
0.0017900843142664644
0.0021359435715816288
0.0033881459103402623
0.004718115260161962
0.0055797266578198204
0.005404428174510241
0.005348396174474348
0.005178580444068701
0.004407871723788032
0.003944337561684225
0.0036689944918724972
0.0032725514348982128
0.002554359034373806
0.002062440715739438
0.0015465057834588417
0.0012628028506833557
0.0011756771051204117
0.0012741048400821803
0.0017019948117210537
0.0011608630468922145
0.0006446654591961023
-7.161515359544083e-05
0.00014047051382487592
-0.000438950329592526
-0.0024570973358793956
-0.0050043346621896625
-0.006844310690077834
-0.00784861798565474
-0.008813228364243513
-0.009480862171274427
-0.009130108194208517
-0.008492571100809587
-0.00839743594375901
-0.008208539107969124
-0.0073959677035803926
-0.006358263185562552
-0.005283242908920735
-0.003900096173438846
-0.0036826885527841834
-0.0029594372979416424
-0.003113209131711817
-0.0036938766770838
-0.0048246456750513905
-0.005313340557870203
-0.006271275182215481
-0.006924582304723556
-0.007399573702405935
-0.0074711422200179865
-0.007560668126479262
-0.00690737006891677
-0.005593695500622835
-0.003629251638492087
-0.001860881665462079
-0.0012771409704264687
-0.0014584244362011527
-0.00108487821288646
0.00013759848788649583
0.0013573842244886344
0.0031912138954105266
0.005381093133598196
0.007320774143818869
0.009845573425258354
0.010885903751576293
0.01160737986812828
0.012502138835838108
0.012797778385266396
0.013373260676948455
0.013519256089549642
0.013609269726264141
0.014460626507311343
0.014694948548204754
0.01496798326875528
0.014530844124585005
0.014369009509710198
0.013564118368632572
0.012726227678802219
0.011649716287068316
0.010258056488515266
0.008183504527634113
0.006103399410716082
0.005129289569263096
0.004448420767303358
0.0033956601795883377
0.002733237875319584
0.0020856317768708043
0.0015088335417425087
0.0016711544431483088
0.002707625464825259
0.0032138867598878935
0.003222365310337389
0.0032091749002750394
0.0037158459214595356
0.004545616826620541
0.005716299995330364
0.006936602765827931
0.008478437263893886
0.009240675433966401
0.00996227781584106
0.011104925946039625
0.012606133599258256
0.012633309376178781
0.012288771881570354
0.012106914365831221
0.011905615075019546
0.011843997535824892
0.012241096071433982
0.012900880321156834
0.01399609188254347
0.01441638752589211
0.01479539963184198
0.01483179458158984
0.014424503823593011
0.01391660423271659
0.013790685544301665
0.013175402273397717
0.012041395114274557
0.011460945419080881
0.011401607441221588
0.01279025067243283
0.013841623514597728
0.01501627461475461
0.01590748842384234
0.01609167774598415
0.016130098126016974
0.015883254186418845
0.015729857753682082
0.015637353407061516
0.01491712900329954
0.014111594848082528
0.012952727346319992
0.012007879693697255
0.011103225629830035
0.010195653425452526
0.009154662901988535
0.008138804686961404
0.006702257306827076
0.005691509452431198
0.004771214825903028
0.003911831541833232
0.003377283382201085
0.00327145136421113
0.0032855517491720216
0.0030933401408494285
0.0026231286117131426
0.002125247483225115
0.001326501168530074
0.0002871645271831789
-0.0009714341226139282
-0.0012813766198913092
-0.0018897128899084928
-0.001978356450373763
-0.0011391553414245152
-0.0019515542558817148
-0.002380505769339701
-0.002934824696680968
-0.0031475268470704185
-0.0030602225102677994
-0.0022327467702785517
-0.0008324752857276792
-0.0001333428291049996
0.00029414176536022565
0.00021575214230947417
0.00019873118082362724
0.000839828388446702
0.002242834676431881
0.0030589104148935394
0.0036764361948578277
0.004411628237635112
0.004393762694345873
0.004586803327354223
0.0047395477729969115
0.005218386591173149
0.004932020831244344
0.004741110076204453
0.004391498796702197
0.0033071370420221452
0.0022162155439760262
0.0014035718267283988
0.0002104222801144561
-0.0015462839882925531
-0.001954798634076482
-0.00244169439398046
-0.002965681842788193
-0.002815182461173693
-0.0023128577705912403
-0.0024759260893970907
-0.0023975360335986226
-0.0023459921632185752
-0.002494568251551742
-0.0017047780417294173
-0.0015138193795045229
-0.0017699318330953522
-0.001686609142390381
-0.00153451379940814
-0.0008448386584341413
0.00011704325375239962
0.0017460890896440853
0.003449165169220073
0.004789014830107464
0.006080770399360446
0.007039303445827892
0.008014445581678237
0.00857933592346041
0.008781909953617769
0.009259113949264947
0.009520865112958885
0.009588636318817033
0.009095925583200213
0.008987949561106085
0.008830424822693554
0.008544170385037898
0.00823984684588005
0.007877359916198173
0.007978150243405927
0.008217578659975452
0.008204769153039942
0.007341507585622157
0.006485042158945205
0.005679733392655816
0.004519149533166338
0.0034542733351979535
0.002177514099350184
0.0013188043254522776
0.0002943725329977048
0.00039226518880636967
0.0005137353235171504
0.0010815043986640758
0.0010794277321154564
0.0016253756026740605
0.001623701219219671
0.0019440428790811234
0.0022626479062810814
0.002879761996352007
0.003459306665695174
0.003869013724052655
0.0037337923214482865
0.0032583250686172337
0.0034759805661092854
0.0038398512859295127
0.0031716014339608074
0.0028775783230903
0.0027071160705250683
0.0022914478510084116
0.001887084725312563
0.0010447177040302528
-0.00018891013307786446
-0.0015787796354002654
-0.002181240415957308
-0.0031729489147084115
-0.003845993680710043
-0.003825806856633635
-0.0032612979195024987
-0.0024386164733784473
-0.0016376308268056651
-0.00039507832368225975
0.0011956930750388558
0.0023053492732121412
0.0032588493171370678
0.00342018503305938
0.0025134708981819484
0.001765316282168075
0.0011049220969891365
0.0008137862271546649
0.00014203926266454119
-0.0004290844891178758
-0.00044941707246385027
-0.0004075504758466779
-0.0008732535030952597
-0.0013729513075238038
-0.0016842735208353183
-0.0021442897171979856
-0.0030739532725290062
-0.003271474402461807
-0.0032188336321156683
-0.0031748813876754343
-0.0018942629995275498
-0.00011042513335129725
0.001211048060462882
0.002877356840712311
0.004674557280639019
0.006046346137440201
0.006998089941988968
0.006898586359843616
0.006383366670543601
0.005627548806481444
0.004672537032588527
0.003332527976674365
0.002334264787703083
0.001894798143522731
0.000972859824392484
0.0007218362504717946
0.0006813221351064845
0.0005398752341764618
-0.00020742047391445677
-0.001101863379368932
-0.0023995253695571236
-0.003351418918879611
-0.003425742625514693
-0.0029004863873036404
-0.0021944527084637295
-0.002519677466896577
-0.0024637658059822164
-0.0026634566890838865
-0.002565690787714633
-0.003579041484881313
-0.0036469401884357162
-0.004345195442569391
-0.004847139529873096
-0.004824570180175502
-0.0051887695444439025
-0.005512055669695186
-0.00550599018645806
-0.005600884260639311
-0.005627059134954835
-0.00584647979420565
-0.006674510810983346
-0.0064374226133870754
-0.006655168151348154
-0.006811937835846088
-0.0077172369362561374
-0.007679947023751188
-0.008223595003911288
-0.008489189046371902
-0.008344453542570468
-0.008281645912308445
-0.007133925725748761
-0.006290433503598257
-0.005635366071820516
-0.00526593587573465
-0.004694192936176356
-0.0035986311961340644
-0.0025224135011277992
-0.001954421205210577
-0.001695620116779163
-0.001907964085404369
-0.0007726330278064857
0.0002574901906078078
0.001227997216352607
0.0022116313476208105
0.002863052157465535
0.0039794108248232055
0.004734734588697182
0.005043622846835686
0.005573820777219815
0.0061030063223597615
0.007101789422350225
0.007282973722854067
0.006673202390673699
0.006245988205631211
0.006737942078758418
0.007821363495302866
0.008508617568332976
0.00870964584658588
0.008916126295070388
0.008837703524191793
0.008943659210991618
0.008714821492672034
0.00840700055447587
0.008211548309269562
0.00691743778111378
0.0048713164377090406
0.0036051204236500173
0.0028642689864641782
0.0021204191328717224
0.001975703688302983
0.001528565430390945
0.0006895436327573316
-6.322756166041439e-06
-0.0005388879079461674
-0.0011740320805717205
-0.001988322664088692
-0.0013416520804238282
-0.002208785860008666
-0.003177534968299322
-0.003967965851069319
-0.004541016758484036
-0.005589288403535907
-0.0060050130982802685
-0.006036385617120728
-0.005329352707799006
-0.004721736321103875
-0.004506836996570197
-0.004360810961755832
-0.00466651321751156
-0.005042814019532809
-0.005160248617082328
-0.005050845814563917
-0.004166132898375286
-0.0036804680510146835
-0.003375781122918635
-0.003679491470066615
-0.0033426448609264574
-0.002868699883172789
-0.0019992834474463067
-0.00045249308958374395
0.00124831259004495
0.001914969719880028
0.002268215007339602
0.002555914536697038
0.004183716565012107
0.005992145656577975
0.007020841697332378
0.007998556523611627
0.008407346215044133
0.00867972380874773
0.008014885943957707
0.006685196170890808
0.0051816488361130335
0.002644492879974915
0.0016276249121658626
0.001181731123098131
0.00026044986668277915
-0.0005907221467338048
-0.000557109039854498
-0.0006933241506128165
-0.0006415387234393611
-0.0008787023198748788
-0.0008972461623703131
-0.0004161662385182794
-0.0006262334661903701
-0.0005614805391703168
-0.0008847159313752295
-0.0015544227963664734
-0.0018304972730596488
-0.0018533653843079017
-0.002076024804287057
-0.002865827446136081
-0.004066972743831082
-0.004696842837688716
-0.00568232373406033
-0.006253853146091203
-0.006759047359756973
-0.007676507267595523
-0.009207298894890113
-0.010984178097971233
-0.01225313451755172
-0.01290687218119873
-0.013267593344186198
-0.013786978796784076
-0.013798286631580142
-0.01381727721008905
-0.013041132666688788
-0.012154532312033733
-0.01102755770499584
-0.010373180842052122
-0.009794941490903084
-0.008966147148727368
-0.0078170835022405
-0.007633852245460746
-0.0071991747699983255
-0.006605510951772066
-0.005936308691731628
-0.0038881224291589882
-0.002730119677732547
-0.000973322977510209
4.1137732893718014e-05
0.0012960148683942012
0.002303359561481748
0.0035198712350688758
0.004129050466772319
0.005951335651993688
0.008153572030596388
0.009789602854830952
0.010633704562039492
0.010945014135800511
0.010842637249568703
0.0111407860468177
0.011430917872417363
0.011263104819182126
0.010513870847478618
0.010491439093706777
0.009888364093498043
0.009252084800709813
0.008314023380770067
0.0074971068747604645
0.007525634122526076
0.007706429532294883
0.007048416827164822
0.006084958697948875
0.005021806376453634
0.004601989520267165
0.0036596744903359332
0.002779472043623811
0.002639802767109908
0.0017769834412745926
0.0018890830438753384
0.0013178361840496013
0.0005942130301624979
8.794336231802542e-05
0.0002846197932318969
0.0007138305441148714
0.0014999634050456578
0.0010753898754842994
0.0010217125469457547
0.0008359791120204304
0.0006565738408907625
0.0004724296594011877
0.001295469579801004
0.00161626113722109
0.0018399099064319293
0.001481288561163317
0.0009858894586236833
0.0005379327056857365
0.00048529537553912194
0.0006493397193724143
0.0011341696276506226
0.0008829103334726515
0.00042378179105117625
0.0005138105973236218
0.000864799359213246
0.001596091435801129
0.00199756114884957
0.0028745109133631376
0.003285750851287083
0.003660321130149633
0.003143263004059619
0.0034433461795498875
0.0031911567138768887
0.002683232525083505
0.0017554895201576336
0.0016340323287556302
0.0013644203387573395
0.001268929188290088
0.000525263796605438
-4.0589371916350324e-05
-0.0009411383211297956
-0.0013727109546850934
-0.001726426112127669
-0.0024231203276939826
-0.004073042582185461
-0.0052491435463723705
-0.005837777883601761
-0.006837452172968258
-0.006869570988944146
-0.006607871981027834
-0.007308313325423026
-0.007992510752571482
-0.00891408287030785
-0.010061807787731532
-0.011444002284048153
-0.012146312783694482
-0.013157825874371346
-0.014219266654466134
-0.01577186987583787
-0.016030268768124252
-0.015826971264627912
-0.01495867509665795
-0.013941996874719724
-0.012596396301046893
-0.011570928519758498
-0.01144882439419805
-0.011202864800679356
-0.009950365173074932
-0.00837585302867497
-0.0072854935356579725
-0.006682243898093681
-0.006261224359401384
-0.005657039114051903
-0.005369912778343519
-0.005122835134349575
-0.005108073583869965
-0.0046832310889556444
-0.00435347160391224
-0.00468958507806462
-0.003825946594830692
-0.0029518694381896384
-0.003047871683600699
-0.002958607006577861
-0.0029242114468451654
-0.0027490863430484295
-0.0024305074886339494
-0.0017387473654046587
-0.0020485095357528006
-0.001956812965845786
-0.001368576853893842
-0.002003400110121474
-0.0014488336181826007
-0.0003895862128223009
0.00022201027167172428
0.00015341499783424347
-9.364383886083496e-05
0.00039374688396300603
0.0008329514627190902
0.001984566305019298
0.0028056401399294954
0.003908997475901248
0.005551237350515384
0.006665037044201868
0.007387581685882185
0.008068133221688258
0.008080263414005594
0.007135167749659349
0.005946724706937994
0.005176115844432141
0.005007029036351821
0.0045976474611232445
0.003976796654010424
0.0037185827040377207
0.0036643961308077157
0.0038697941234374844
0.0022928926545972223
0.0008290597921342296
-1.685696350034286e-05
-0.0005064000955751607
-0.0015817958204509775
-0.0028887722199874145
-0.0027038298343004673
-0.002107534215383827
-0.0011755161469419876
-0.00034765225392359704
0.00047442707731887984
0.0011727823507584926
0.0008743669335086084
-0.00021413156437199047
-0.0009652490631284894
-0.0015288695438682531
-0.0016364478015811962
-0.002205137447617116
-0.002838151808430559
-0.0031140819121498018
-0.0031059286247173807
-0.0024125761526166585
-0.0018699316104252444
-0.0027499348682384133
-0.0033001860996711477
-0.0030439845003532883
-0.002354228685930534
-0.001836189558115237
-0.0012242302234749677
-0.0015973979722879344
-0.0010599717750123627
-0.0005684934109081118
0.00010848923876701817
-0.00028305448403881985
7.662311353268587e-05
-7.691087108189053e-05
-0.00042101568260498394
-0.0006433592807594723
-0.0016742116953239624
-0.002316596194693736
-0.003791551319250505
-0.005164011328149328
-0.005797905058069298
-0.005379013815834215
-0.0053297929346445925
-0.005383580150263589
-0.005887157586266532
-0.005317815618650459
-0.004700367572295443
-0.00485307130971475
-0.0047511205778454305
-0.003961025795272388
-0.0030992813400556145
-0.003179318945437144
-0.0033321863775465574
-0.003438839580312906
-0.0033254171998424588
-0.003532030618833251
-0.004403702461874561
-0.004843275706130578
-0.004159916242599449
-0.0036718475288540537
-0.003164396637693335
-0.0020622779921754463
-0.0010247410921496608
-0.0012999630015119376
-0.0017726073146018021
-0.0025234937545401477
-0.0028297603178737197
-0.0038600655543557494
-0.0051540120726257625
-0.0065759648482005785
-0.00819451472197737
-0.009256910818594014
-0.010126926973752302
-0.011123151982525665
-0.010746169364718667
-0.010669553765300805
-0.010654969786517124
-0.010468655051152563
-0.009392412232736385
-0.008955987974711933
-0.008012332962741694
-0.007587501938213978
-0.00781006162080452
-0.007805074331215998
-0.007619698833651463
-0.006691031536699527
-0.006755245656517705
-0.006613587357405016
-0.006026236361515803
-0.00420681495003268
-0.0023818559205761414
-0.000873141742107057
-0.0004023351080906937
-0.0008489039672684753
-0.0013688782863431925
-0.0013905782992769402
-0.0016102637345006782
-0.001410607859447628
-0.0011883046322973452
-0.0011357707780433252
-0.0018206079333973261
-0.002290372300410989
-0.0022837377819293777
-0.002700554399709071
-0.003171205569804798
-0.0035541145890648686
-0.003913587192317726
-0.0035879259732311923
-0.003731712744524034
-0.0037192886525937337
-0.00292096316246706
-0.0026562959460688473
-0.002420765413636849
-0.0017846668234839625
-0.0004166103318940943
0.0013634763795645861
0.0025349241804093867
0.0036661758870943535
0.00485324236405497
0.006239352149239028
0.007997350708225956
0.009916154656966821
0.01167030597874929
0.01252936513405769
0.013780227117060298
0.014474507672191488
0.015157866266844984
0.01641351352330292
0.018041449463155848
0.018235352118859793
0.018123943037900717
0.017495354344274357
0.017620117708053336
0.01700252084196039
0.015760031894812256
0.014665913570969063
0.013415641765596387
0.012303389680870604
0.0113491252486738
0.010133010400339336
0.009147019417307226
0.007548164530666297
0.006246298066845519
0.005349933484466027
0.00398285115585244
0.002800419671845848
0.0017603703852730114
0.001428805477083002
0.00028924100686738424
-0.0007430277305036049
-0.001782593355185693
-0.0026826429882489664
-0.0027631669020841986
-0.002489012145086014
-0.002528255251595471
-0.0036576232842606797
-0.0041257539178915555
-0.004027031701439848
-0.003875896288983766
-0.003887242303223472
-0.003768338835215554
-0.003900584323308756
-0.0041009172357421185
-0.004284808249845879
-0.005231512479754139
-0.005160645041963797
-0.004544432642276617
-0.004504893618756623
-0.003929475100244121
-0.003296333211009139
-0.002866623996492989
-0.0022026537111278126
-0.00150197131069431
-0.00043650329103291855
0.000673798841498337
0.0009397397979979942
0.0013117678233735858
0.0014499001471732177
0.0013186268001805287
0.0018568382662208802
0.002144684092359702
0.002714978939954092
0.0034773209930445215
0.0037897838559228536
0.003815799282659793
0.0034235424922344914
0.002226512900333795
0.0005361851910971451
-0.0006227442899328653
-0.0011118756337594358
-0.0010197464998762393
-0.0019454475223603372
-0.002520273455301456
-0.002831305026651502
-0.0031028645973549445
-0.0030926696722671904
-0.003606537193675592
-0.0034780260440248874
-0.0026258124890925277
-0.0018205723117025404
-0.0014219280702334862
-0.0009071225374109947
0.0003682360782992212
0.0010994775182122092
0.002255870753199853
0.0033456333404675892
0.002905667141367584
0.0029869909021077736
0.002814872990911741
0.0030565608723935288
0.0027851734173398946
0.002172333833438157
0.0025116892904597284
0.003080492197247235
0.004015542743529623
0.004052047292685375
0.0047970662028349615
0.004928029173765494
0.0045632861458922746
0.0033985023367334574
0.0015527993295706495
-0.0003141451008355512
-0.0012755602514311116
-0.0021017248072077587
-0.002575434519747134
-0.0028579043844978104
-0.0033138431468587148
-0.004114158781009356
-0.004108624690216227
-0.003936211528082883
-0.004104022220853672
-0.004000012305782587
-0.0033450824450428035
-0.002028819382222554
-0.0016259856241254722
-0.001712056776933151
-0.001689898316731021
-0.0013771844804355078
-0.0008161589358880623
-0.0009267060860343995
-0.0007012456794221116
0.0001292542600717617
0.0006400064215639146
0.0003790709448906723
-0.00018270533755246237
-0.0018519814187699002
-0.0021767070535947492
-0.0026512915347037124
-0.003673951666392875
-0.0038205159605035604
-0.003374519040788671
-0.003227879001460331
-0.0021192074102966986
-0.0012826071914556509
-0.0015098510879768044
-0.001365550641423674
-0.001495945093409776
-0.0019478694307316204
-0.0015723815312620843
-0.001722800179755639
-0.002533380627016301
-0.0027196373772918163
-0.002228991985994364
-0.002320513654756886
-0.0020751665965693077
-0.0014810260078925387
-0.0012176902704015649
-0.0009720390452323432
-0.001471763929608274
-0.0022952816233381655
-0.0022680073890944848
-0.003252091020737503
-0.0036366880275957966
-0.003058370127780154
-0.0023484472452170923
-0.002461616036543602
-0.002822104891344095
-0.0028751198265469743
-0.0018544524785896245
-0.0006396035250687113
0.00023870046443477458
0.0004404131880822872
0.0008844110899891977
0.0004268054647613393
-0.0001336845874837968
0.0003285005548441881
5.099820671952198e-05
0.0005777051866323528
0.0011841462299538364
0.0017734320064374232
0.002375537212430922
0.001884838577128385
0.0019031193735955395
0.002176328501825465
0.002347481560091942
0.002674726267001915
0.002835516177124907
0.0033796846536362645
0.004390900997572274
0.0052138158165762494
0.006241766479593454
0.006773089701696976
0.006609267692911555
0.007124135702004623
0.007928223198135027
0.008160004412744788
0.007667647091165486
0.006580212644915886
0.0063254035256694995
0.006245554244523523
0.006653303391289726
0.006918570703548169
0.006870870592880183
0.006534490245956432
0.0062364942495177255
0.0060685821103445906
0.005926907525687238
0.005879952173625786
0.0060854678571683665
0.005705401154019937
0.005874153771677714
0.005858595906462701
0.005801135928591893
0.006005457171327819
0.006057803487463309
0.005845145212233127
0.004770109900148548
0.0041611331175068515
0.0033117961754764768
0.004023000217207343
0.004228389979667573
0.0041760565278327255
0.004108451850791193
0.00445133512162783
0.005089691548436006
0.005456791685964465
0.005604937698634887
0.006054082365122068
0.0063994907525377395
0.0059857379087023144
0.005513318066722811
0.005107548168017907
0.004247723382407894
0.0033072123390231315
0.0027080133869281597
0.0019604451953031685
0.001266865866320476
0.00034627805130580086
-0.0002655975562423745
-0.0003792581972214783
-0.0005508713905139185
8.860694144015809e-05
0.0001056612115335745
0.0005206605507233171
0.0015166359220639717
0.0015742078510354162
0.002042418430032381
0.002175446609185427
0.0029273368747249743
0.0036979598271566915
0.003729300108421296
0.00440665711515727
0.004812740409952764
0.005198468759319392
0.0066068413936451326
0.00764552820534894
0.008348363724462462
0.008722363927995554
0.00861697956380618
0.008424714790828285
0.009246798024473467
0.009892058583357571
0.01094385775761966
0.011581666307131843
0.012466511426825127
0.01290643954263064
0.013124202628724352
0.0129675068197315
0.01325256134624218
0.01320018829414857
0.013578635609754577
0.014394822636029455
0.015363129940266571
0.01577311601528267
0.01619699173929934
0.016298596824244865
0.015831326679727344
0.015574079237160608
0.01558215210941082
0.01536798016196894
0.01475115887844347
0.013532519824144463
0.012294033413390746
0.011509944071472092
0.011183672461834089
0.010680621967356035
0.009528057553774479
0.008343329478785863
0.007236389404572494
0.006661579004522117
0.005802558225930011
0.005283526980243004
0.0046667568403050705
0.003890702198599108
0.0038271997897070193
0.003706107231399995
0.0031431429540529888
0.0027007187472236076
0.0018750549344706902
0.0011308347057979301
-0.0001275156366599577
0.0001160453927541685
0.0009611589216549273
0.001148262256300517
0.0013167120884438842
0.0015622009645554688
0.0018140296470962746
0.0016149061876028698
0.0018392078039582555
0.0016407050327184242
0.001027649800070253
0.0004778815656592309
-0.00020176237738136983
-0.0010499313685369005
-0.0014205152384952336
-0.0018765315870920647
-0.0019637617408050268
-0.0016962558390284893
-0.0016435650580616799
-0.0021793074798844543
-0.0022209993734804622
-0.0016348606128422415
-0.0011101432670239707
-0.0005683321094429011
-0.00018496834511925564
-0.0010464186831540582
-0.0018897458887213714
-0.002250833884669542
-0.0027160603756188175
-0.0032842678379306355
-0.0037685471719762385
-0.0041308811676492065
-0.004714034854979016
-0.004554793391741549
-0.00465099568100056
-0.004387155609591464
-0.0038583996965783044
-0.003444466129562882
-0.003318013234230476
-0.00309652908669139
-0.0022004779258882833
-0.001033991757436905
-0.00048711072340576543
0.0001622802555003256
0.000553401720193868
0.001359552602660386
0.0021398099338543366
0.002975229713011334
0.004445231102530699
0.004554770772911773
0.00496576490629758
0.004533989694029898
0.0032489261931117194
0.0028580750346950843
0.0019898584570705647
0.0013408504447693372
0.0001510988116748537
-0.00020770515394265016
-0.0011606328825031526
-0.0023793311253819636
-0.003414832213928126
-0.004252656616811857
-0.005147497702972832
-0.005956083959829507
-0.00672802137295941
-0.007353830726480132
-0.007256780087692087
-0.007554344280793899
-0.007610340764192003
-0.006967414080800309
-0.006875386352853347
-0.006391831335811873
-0.006457123295169243
-0.006601555606698281
-0.006395655236826974
-0.006373337541404438
-0.006129745628182923
-0.005532952045658291
-0.004502453167667627
-0.0038375874061725504
-0.0036493818427301566
-0.0037559015919353955
-0.002874936188305731
-0.0017966927898824215
-0.001531909943548441
-0.0014438401228013373
-0.0010590404631620586
-0.0008820676645781193
-0.00046325988026696104
-0.00013388205161747138
0.000536289961544786
0.0013095634939968744
0.001973316832455932
0.00149375721993683
0.0006404610112321258
-0.0001817302227286293
-0.0008011681981140305
-0.0013522421118541898
-0.0015567636092583942
-0.0023774589386279716
-0.0035480717851493755
-0.004593961759256625
-0.00550362853555924
-0.006650091515598446
-0.008006034754813294
-0.010077417738098438
-0.011655975669917771
-0.012369043204984305
-0.012183862777719021
-0.012086575969137769
-0.012017280894204365
-0.012155594760601017
-0.012514097399911262
-0.012304505219101468
-0.011889857441240426
-0.011457223381692774
-0.011035329092016415
-0.010114904641377237
-0.009756389924353162
-0.00958156647718322
-0.010151331908622815
-0.009965411574774994
-0.009272377321462843
-0.00855464134347242
-0.008202161620352675
-0.007714414307945043
-0.00766330826174432
-0.007993035530184506
-0.008192851604602645
-0.008729217934275876
-0.008986132387212986
-0.009164725797685125
-0.009587978702798008
-0.008928558375606641
-0.008033474484287432
-0.007254587530321136
-0.006283013248351909
-0.0047745747077028045
-0.003130461908245942
-0.0018536067377000367
-0.00021231402421713677
0.0014335272660617009
0.0023045783423563775
0.0027842982993514535
0.0026808176157252423
0.0031523313600725655
0.0028093485774005372
0.002637448548143276
0.0017649876379505875
0.0009767230678760601
-0.0002082915065083606
-0.0022377278947976575
-0.004467740426843725
-0.006507497159646466
-0.0074320539548770985
-0.008003255224603318
-0.00831962883905652
-0.008631750610081384
-0.008561393312801353
-0.008518105300681596
-0.007830865434178599
-0.007679125224598598
-0.006805008212616803
-0.006129607112202419
-0.005900365422846753
-0.005284694817446864
-0.005037289257220757
-0.004977480866422179
-0.004163858639506368
-0.0032469648975203542
-0.0015214555972693094
-0.00023202105347501606
1.4711366824613305e-05
0.0003132236525145266
0.0004462516474788437
0.0008842492972770179
0.0021370283401070857
0.0028227170955305325
0.0032837685148752235
0.0034773808229322917
0.0038413463526234867
0.0049368200436220025
0.006265564310643434
0.0069219370898432435
0.008229144307591356
0.009261213869066844
0.009661351956367652
0.009897673750442577
0.010828479947155545
0.011963807820327488
0.012361135236823164
0.012084419196954847
0.011758102964767566
0.011744555619446604
0.011239757473457028
0.010239206583312663
0.008865263108747707
0.008135593739905259
0.0074927430954604135
0.00758344148685562
0.007533642827987888
0.008166560480021427
0.008829976842786823
0.009000664505008901
0.009291711465372707
0.00911326702946305
0.009582416478498432
0.009931811644629123
0.010287626824635411
0.011418874278461662
0.01236063289976999
0.012622653020237498
0.012573445117073699
0.011822849903411743
0.01146403325024634
0.011263609784859956
0.010346930887003671
0.009349993668190304
0.008497500287370674
0.0068868656195629156
0.006116687211346798
0.005759558125920916
0.005513573552795565
0.005465008449621245
0.00538319180078915
0.005098541857326302
0.004230494193773739
0.004008356407382033
0.004054784579363811
0.004344592804397387
0.0048077653840488165
0.005415274861194941
0.005301446247243993
0.005090992525220626
0.0042361207449396945
0.003523006894943604
0.002745487446939216
0.0006464010274890229
-0.00012596757521638892
-0.0009367627713404381
-0.0015493419632617732
-0.0012350312134597132
-0.00013608911556100726
0.0012481568713184215
0.0020722207252895446
0.0023468029924624025
0.002645788712905095
0.0039773506084304485
0.003994454761577292
0.003384888706017319
0.002495738429678431
0.0015289869500806099
-0.0004488789279454161
-0.0025493482665427413
-0.0040610679356010045
-0.005686406341552332
-0.007002676831134026
-0.0073777002409685715
-0.007972945223552528
-0.008200271220814261
-0.008437541751409462
-0.008338880119110662
-0.00837203434077372
-0.007680832538774523
-0.005943841951935209
-0.004276953488004038
-0.002886849024761912
-0.0020285601398241228
-0.0006278711016709131
0.0013217140011580343
0.002031186946208531
0.0025275370325948876
0.003762701193388517
0.0055991709598666485
0.007560300247696402
0.008899811307795165
0.009532909826052278
0.010571613460849111
0.010489421932418891
0.01069766149105048
0.010201101438147573
0.009664577797372254
0.008988185449662086
0.00866029134091189
0.008300183759090394
0.007804098517923155
0.007358988309559417
0.006831060234745998
0.006528989444593714
0.006050516988950765
0.005139892396523633
0.004023972965768256
0.0028847586939497512
0.002295137736260265
0.002340007145476582
0.0018621317351193033
0.0013686273248355552
0.001524853836315797
0.0009130205347704371
0.0006962290273069329
-1.7767663001556706e-05
0.0003468417980240385
0.0005291183106992394
5.017552295012932e-05
-0.00038022116192083213
-0.000396897166800113
-0.001246844879938703
-0.0017005550949729348
-0.002151761635816997
-0.0034361147746507226
-0.004313333625138801
-0.004252931558626185
-0.0036935156697717815
-0.0034316548192138098
-0.002831977481817163
-0.0018663482725726076
-0.0014702377299657067
-0.00039252053340257985
0.0008268979466017266
0.001886780292698067
0.002221538462669834
0.0025884038565649283
0.002268475672170284
0.002231643707762417
0.002132745332449914
0.0016738543129153798
0.0013383251322371548
0.0013059846903113888
0.00120445562396346
0.001065681133379604
0.0008271781570793987
0.0005658333933948088
0.0006908052595597905
0.001722634156612854
0.002289500154425135
0.0027034264326293834
0.003270665028410433
0.002358560821850166
0.0016327835246569824
0.001471169249423971
0.0018116404647027348
0.0020297898946801947
0.002429777222811025
0.0030140267392355924
0.0030346551539252556
0.0037958279435897193
0.004218097448435336
0.004469885710727462
0.004640173339747535
0.005029401994243234
0.0054771401632453835
0.0057915681232120365
0.006985520246607728
0.008923718075432512
0.009874225179264546
0.010305545271603645
0.009786318196475215
0.009738148342541296
0.009776411660964636
0.010492345878739217
0.011351024376946774
0.011824502515812619
0.011560568460199892
0.010930771039122326
0.01036310506003811
0.009509654930409362
0.008705026580377404
0.00844122857906123
0.00834961570966773
0.008504967966268822
0.009158101355579156
0.009645469546611319
0.008967874701847794
0.007734824161073073
0.007871933174252664
0.007360361672022885
0.0074812664118969726
0.006939080768999417
0.006786915252202123
0.007511460519781048
0.008264635249118664
0.00916643662799785
0.00989069802551238
0.009319480787024572
0.008059025006021776
0.006909781663526888
0.005332985123918503
0.005044347051466539
0.004178471365901882
0.0036493198078531297
0.002779440303144459
0.0016148379728126276
0.0011261851634992478
0.000541663685176905
0.0007623573023782539
0.0004802069891766523
0.0008629834111991468
0.0008617243082466766
0.0006549579449539472
-0.00014903557317605664
-0.00029386058441635923
0.000603168898110344
0.0022899449393061614
0.00407383606829123
0.0052661844620410765
0.005271610798290295
0.005067609769527232
0.004191396867806563
0.0037825171334177968
0.003148235265818934
0.001917768876545455
0.0003188954712528513
-0.00111085937430037
-0.0019453595848503745
-0.0023887750979463837
-0.002802755477808874
-0.0039657194131448486
-0.004821867600193554
-0.005309753899338164
-0.005397163452343639
-0.005197734242068361
-0.005140347495825217
-0.004857092690829172
-0.005293338399680502
-0.005360086653711932
-0.003995476936085033
-0.002437148431767911
-0.0011205792067798864
0.0003111697611286122
0.0016371020149127573
0.0025312324949937092
0.0034230121562696244
0.0035946517341195784
0.0038808019927709715
0.00374817172311599
0.002858944210070823
0.002656757941347441
0.0028242972389934938
0.002538782275368678
0.002177314416576276
0.0016728421278630011
0.0014168235673022533
0.0019542936552640416
0.0025109827140784424
0.003752268063000814
0.0051540347596326355
0.005747054255605514
0.006342485716469259
0.00519077670770457
0.0037568546325764157
0.001974449930049376
0.000613674830400863
0.00031228161948246253
0.0005052528316410067
0.0008670382105329836
0.00023037910753527735
-0.0005193861549835425
-9.524399368551891e-05
0.0008909424359544889
0.002164457339159242
0.0029997875555005807
0.0042596950882758874
0.004927271993044831
0.004350447384295684
0.0040927317318822124
0.0027251814818501866
0.0010677293655734538
-6.046609391541099e-05
-0.0008246011756682668
-0.0009351873597007691
-0.00036417110895052215
7.593459381269359e-05
-6.112439444270026e-05
0.00021429331797204477
0.0005427253307823995
0.0009877155409753404
0.0019308233197171806
0.0028005580401486486
0.0036453653956682285
0.004796853336271927
0.005454660126813226
0.005894152287037218
0.006605208498588661
0.0064143959355775475
0.00675239089370967
0.006744973413873807
0.00704384560652512
0.007505575431562157
0.006824098420326524
0.006661272110987623
0.0073778947711264035
0.007731332810242008
0.007468618951882925
0.00724153922547677
0.006345338958875387
0.006187607931532957
0.006047096967155813
0.00578099183795395
0.0047916729752120095
0.004073022938949161
0.002886660011528767
0.002037301061703395
0.0008661216174488753
-0.00011361035520076071
-0.0006881816605517476
-0.0009621810508798176
-0.001095675651796324
-0.0015568080521662165
-0.0009367653417152613
-0.0006480559553917703
-0.0008456874627365458
-0.001303613890701489
-0.0020830744849331204
-0.003046488968379005
-0.0038162761126713752
-0.0034080716784776104
-0.0025750630551890584
-0.0018544620329245577
-0.0012077005738788476
-0.0012200658959801906
-0.0005977353058087111
-0.0001588479491876696
0.0007775833060417041
0.0008915973775282712
0.0012624279115942903
0.001832194505323588
0.0016599417978104029
0.0010239589325687483
0.0006890261419967189
0.00014976128423041665
-0.0012062153643070765
-0.0020040134966289127
-0.002318076656772656
-0.0025179876784873416
-0.002718902230738603
-0.0028541329747873057
-0.0033127288447598927
-0.003678696572048643
-0.004033289052153135
-0.0040744924523737815
-0.004682159396460515
-0.005240485642305833
-0.005145969349553889
-0.005124802749498007
-0.0050875839342481195
-0.005447399497312857
-0.005461778636940451
-0.006333561809908993
-0.0068513515975723235
-0.007110997439287777
