1.0
0.3621000421482373
0.09733135686561446
0.027627036205566877
0.00514353351898596
0.0019274911119952886
-0.005173743067552763
-0.004548426145165963
-0.0029392216108588003
-0.006730914212674083
-0.00461938086451339
-0.007288728107476195
-0.012322397532899876
-0.009609935012222036
-0.01129667125314202
-0.006911463759029428
-0.004358884949650955
0.000432620913802807
0.008609824169492184
0.0007044356907428432
0.0008556981593344917
-0.0019906726314571125
-0.009391372859367964
-0.01181661712753605
-0.0054419607609943925
-0.0038688197970724284
-0.00824339549251531
-0.012510497812034579
-0.004032046669929515
0.003474448786669903
0.003777784778410446
0.003864994533339575
0.007498093702743771
0.011411637707390242
0.00480088286739816
0.002533764310489789
-0.005455077903156015
-0.004697398175358769
0.0013993527526808165
-0.0015932935118302869
-0.004010846190960605
0.00378561682805626
0.006034848682238372
0.010265047330561454
-0.0008757316677129324
-0.0012655469891135053
-6.025238236540207e-05
-0.005240925866294157
-0.00212440658432576
-0.005453759960898712
0.0028369533198540973
0.003793714152443759
0.005489951216483576
0.007614974363420763
0.006193667598944395
-0.003879103050155017
-0.004998302976162355
-0.0016734139307155345
0.0020981724157026595
-0.002911080095217778
-0.0033348426809502708
0.00018306707844761445
0.006854681864814009
0.004699184965976908
0.003654163842410315
-0.004267263029229202
-0.0012129630075219584
-0.005633321618106551
-0.0018122696998644707
0.0020030258856290053
-0.0008860661493208955
-0.003068955532244005
-0.0012727273022000293
0.002393043540734082
-0.0005309230863925427
0.0026153831148376504
-0.002272306423785493
-0.005533447967353781
-0.009503830736620656
-0.0033373699376871204
0.003698582449643341
0.007148770376874677
0.005796780516099946
-0.00404174306491574
-0.008104240149678886
-0.014237599638510061
-0.009275155918727396
-0.006378612258734572
-0.007306624969589545
-0.0042110262603511335
-0.004751866570276173
-0.005071935233968589
0.0015693443613536736
0.0015580005788201888
-0.0014148512139722225
-0.0003189428932304513
-0.005728746673898856
-0.002516508718801383
-0.003917797433321574
-0.002396264273409679
-0.007918101643289205
-0.00410919214344532
-0.007612599198939768
-0.006010817144588011
-0.012671171951581609
-0.007569945220387469
-0.005438761676383622
1.1657442319702285e-06
0.0033581465679282277
0.00021358884590821453
0.0004026300041491268
0.004914464504546925
0.005207583972870146
0.006974268123126826
0.005642316059359799
-0.0027815860724111226
0.0007223080701377839
0.004456297995463106
-0.000997900377722278
8.98948916088471e-05
0.0012201874011031604
0.006261681240435893
0.0014057925504681861
-0.0006679194853073563
0.004110968506233113
-0.0009037527327236511
-0.0003149048190975638
-0.005875766365479819
-0.008727551549532945
-0.007575320151387126
-0.009748105052455503
-0.002181291857567617
-0.0005113659185111091
-0.002811000210057754
-0.001460616416903263
0.003394712401160227
0.008425616715251884
0.011536869990026823
0.002813954372591391
-0.009329410508601818
-0.00539433656346063
-0.002673738294912667
-0.0007048598055494552
0.004004274088637351
-0.003190906889597984
-0.0029850958772558883
0.0031826765379427604
-0.005399805005556813
-0.006966929916383655
-0.006140965872435093
-0.012639275200430573
-0.0015584660680936716
-0.005255728440386411
0.004804803594312841
0.004857603739086589
-0.0048313885340957674
-0.009417268843399327
-0.007284140413197142
0.0048122934335062435
0.00028836964566759195
0.0019632420954215114
0.004686806073976699
-0.002789913824201031
-0.008564899678029307
-0.004404219865787337
-0.0023481576928047875
0.0002789352367961432
0.0002224589222722603
-0.0016090023445185083
0.007090036817125922
0.012708955825826934
0.014933112705318765
0.0046256561354317775
-0.004003690186727012
-0.01064613634847738
-0.0012758125695504603
-9.972169768387712e-05
-0.0001385392077165447
-0.0015170510913543535
-0.0037656125848791132
0.0008629026436632824
0.0072648696857755615
0.009631553115912923
-0.0001316638740679373
-0.007315624728635889
-0.0017404118604845804
0.0015337355029467288
-0.0017800110987129057
-0.001230430184512937
-0.005278359648290461
-0.009908551450766597
-0.006977539860651356
-0.0021149515415785046
0.004487965353892602
0.004563393576518897
-0.0015216802758004232
-0.002410976527617205
0.001907761467982783
-0.0023953912368339025
-0.0072505884199721635
-0.008732359603725388
-0.0057302790501413525
-0.0076579694253736405
-0.009246317409011981
-0.001991442845281405
-0.004947495290838899
-1.3002443436410138e-05
0.0032783411395385094
-0.008100912706632315
-0.008158170131916605
-0.006752103507663325
-0.002407033814837406
-0.0037792316278122836
0.006593711487611572
-0.0004785213784015355
0.000404003396568476
-0.0044945300369045715
-0.0021075728828170402
-0.002037746466251537
0.0010080671374663498
0.001884635345452255
-0.003956338646833776
-0.009088755932844559
-0.0010267322135569148
0.0030938341038868693
0.004093940198181835
0.0054730070274827585
0.0026565673106113056
0.001475284417065892
0.005136803967836866
0.004024751024761936
0.006567347796457874
0.007941499938749154
0.005951341986309304
-0.005422427485350785
-0.007857431230147904
-0.00022818690927318565
0.001068374110439441
-0.0010264570101979128
-0.006979883056582955
-0.0073116749217347265
-0.004483640995353192
-0.00035466354714013893
0.007905509732029706
0.014720191404802765
0.010768726075083019
0.017867100193044022
0.013943007071984252
0.004828249521190077
0.0007983087865454204
-0.0022207115460353578
-0.0032129524515775026
-0.002615591147798949
0.0034454941576710757
0.004417277414649798
0.002173540075607586
0.00539251928995233
0.005516907842513389
0.0053337916848203645
0.006229828170818952
0.00901169233988088
0.005125097585301085
0.000526289508335879
0.0014585569606054881
0.004662722939262895
0.0029718821845832696
0.0023045721933019764
0.0006380052211682597
-0.001341280147829569
-0.0026634510801246624
-0.0055845164316643305
-0.007913550420565104
-0.0025919158141711383
0.0005726438891985042
-0.0018777893228751627
0.0005126278546466729
0.0013639124416441198
-0.005463481686493111
-0.002674034051125847
0.00369799040915773
-0.002900040477334668
-0.005738011083631192
0.00258524342488421
0.0009777994355470272
-0.0025859186247711116
-0.0024343769974202304
-0.005607193302506884
-0.007080308021369862
-0.0002753189128678327
0.002933840713262502
0.0036744482809191225
0.004679403753589552
0.006854874045121347
0.008884920957467693
0.0023136602310870084
0.0009166968610795447
-0.008878868452994211
-0.005704837485527655
0.004948356516226722
0.00018415534661449627
-0.004822745067186935
0.005396298137592321
0.0023472791642551757
0.0013376709096682522
0.0008431017384489929
0.004633357825060786
0.003104101603622163
-0.0008322367981523256
0.002046320013229082
-0.0012761446316498547
-0.001541338492154259
0.000437845691706281
0.0021333742446206358
-0.002295278949170118
0.0016243325718073647
4.4423452294871604e-05
-0.006016660832996207
-0.0042597217941077615
-0.0018033373823387881
-0.00436466587419767
0.002389093472167738
0.0022438718934257636
-0.0016379797804751803
-0.0014493824289220356
-0.002738247407820968
-0.0057561593590097155
-0.005957598714308888
-0.0034510513450896423
-0.00374125877203764
-0.0019567949200947083
0.0022394061526178786
-0.004948239267999922
0.0015887492260708124
-0.0026039639386840796
0.003075535849592901
-0.005149347596038201
-0.0020181454413942365
0.006091872824186672
0.005237749683061378
0.00644174196707192
0.0030481868725449877
-0.004651531049741415
0.003819954655571051
0.008453741341036
0.008084072737927253
0.010684698991895005
0.0037732247585344912
-0.0007358600684616934
-0.0015067729087439774
0.0008141125739022928
-0.0034863154941416983
-0.004903156421025591
-0.0034153039307134344
0.0017694442116083435
0.0034368098653193633
0.0025004615602852785
0.008145560010494445
0.0006706614151535424
2.3278074968902535e-05
0.006600545594649899
0.001881933029350006
0.0039906363505151565
0.0006669954577540532
-0.006752844201241588
-0.0017927814706698965
-0.004085546007395693
-0.0014145412129272779
-0.004029961239894688
-0.008197342290955553
-0.0042282529307860915
-0.0011937950727446028
-0.0014889784173003405
0.006850091119140637
0.0047452119726452465
0.00863302585036576
0.003770005571102128
-0.0037055481611843787
-0.002135650560350674
-0.0007642045885212824
-0.003607618494200331
-0.0013421870924296732
0.00572154345959197
0.010439141183127321
0.0059684584310749755
-0.000549601264972965
0.005432900520563567
0.005508159287400073
0.001164993320209024
0.0006894172428763836
-0.0016085292937518172
-0.0024967739726331098
-0.005255767638303392
-0.0042112456987617244
-0.003281208461073287
-0.00850929001907627
-0.004566075677094369
-0.0025015897290820185
0.0021533988420386315
0.007906742899497301
0.0019891536568855056
-0.0060081525845645445
-0.008732896395499618
-0.0054867961151100035
0.002061427168429185
0.010269192440728126
0.005415116252031761
0.003730139380322368
0.0027935515201846913
0.008849356981417339
0.004836349084706428
0.00503029171949083
0.004082172982116987
-0.0040298316830008315
0.002257129342506547
-0.0011225197728821845
0.002100850236633758
-0.0002532215515860601
0.005768236414391512
-0.004047929661602706
-0.00733230765472666
-0.008688223207434063
-0.010398479362322209
-0.0066150692147438055
-0.004022197290346118
-0.0030694808518916088
-0.0002265020927286191
0.003989368477259691
0.009152153040298075
0.007671900752144014
0.0033303269111784727
-7.902389108353933e-05
-0.0026526986087245046
-0.0026326961035716247
-0.0035617054967852176
-0.009134371874074959
-0.005054184297324824
-0.010214049050369448
-0.007654141834081715
8.374008944816924e-05
0.009512282666508658
0.012481660956011581
0.008594820842562956
0.007052154830259997
0.004386638959178092
0.0010328805486468848
-0.0031641676201642783
0.0038651519991894138
-0.0003940738894320342
0.0024634244677472993
-0.00036884229205278905
-0.00479447866316872
-0.006101461578944752
-0.0007535068544819965
-0.003710716877007595
0.00020094584499504204
-0.0005223903287606933
-0.0008715366936205669
-0.006277302530515786
-0.0031093339986621032
-0.0005338638028037359
-0.00413883992098616
-0.01287999339897315
-0.011283956043357746
-0.007172030403881804
-0.005278343505282728
0.0014066134179426036
-0.00076146614370852
-0.007835523742736768
-0.010878097102541454
-0.0036705653441312233
-0.0016172268197412365
-0.003095561439289399
0.0019500594070778615
-0.0005996577689885551
0.005693499910606512
0.0076002831165136306
0.00727816921329713
0.0035908839499237486
0.004118632680641408
0.004768113779862152
0.004185332464216869
0.0008998226675146061
-0.009578775563878357
-0.008715304396808779
-0.0078077610440340705
-0.0032667537954292024
0.002966789762602939
0.006212074869100263
0.00602181940314611
0.007443902483604892
0.01035528179279935
0.0026328843401433252
0.00011593122653803591
0.0037380089336819322
0.0027493064688456827
0.0009999156825920429
0.0015189508119356604
-0.0008773767855511929
-0.0037911576659722824
-0.0025605276644694664
-0.0062275730852775985
-0.010003848354145022
-0.005355808238219622
-0.002414396416656914
-0.007704680951307689
-0.0018704179852217255
0.0023750773050337315
0.0014079195789615836
0.005100223117703189
-0.0006344526114504506
0.0017132474339971687
-0.0018125187212576837
0.0019179233609121203
0.002617207465758575
0.0030795835659300735
0.002449619752561201
-0.003178631486807322
0.00507510791687787
0.0045611940458056615
0.0033658458727786086
0.0005696567782897083
0.0062483405564492285
0.007730827241098466
0.00974527378696398
0.004197112480437951
0.004086274740037857
-0.007388358852077132
-0.005633628270467699
-0.003313588740474691
-0.0036830216713704474
0.0009485782248992779
-0.004434744229250265
-0.00643330957395752
-0.008469573058628855
-0.005319053069106904
0.0001695407605120208
0.002386262719130133
0.00047769338039331007
0.0017855587651443702
0.006006363980102288
0.0023729899424596774
0.001240886920349396
0.00042355520188999836
-0.002899588414322296
-0.0033858043844483647
-0.008898554309230255
-0.009683664309033477
-0.008078295770672324
-0.006608644089122119
-0.010973379077606054
-0.007003317689927934
-0.0013653284910049854
0.001469423391290279
0.0004005172439743079
-0.007483722635499488
-0.01083679437764265
-0.0014732114739772289
0.0020147978225435537
0.0036250641476538886
0.003875064642950727
-0.0005071456171207924
-0.004001186896944433
-0.0023436832153748244
-0.0023306185752283324
-0.007518161602123716
-0.005566697778909093
-0.0036689175325602666
0.001146273824066026
0.011411027462101377
0.006148135356681499
-0.0007601670309406826
0.00550299898427005
-0.0023232941930763406
-0.0003860207642343226
0.0016196280790188374
0.0010210910259406273
0.0016472363156618684
0.003170347644956835
-0.0010908112614554431
0.001761234102749822
0.0009835028461975444
-0.009697447460959489
-0.00677115533119638
-0.005506886096193881
0.003381037960082788
0.008276807960979338
0.0005553390798658759
-0.002169522728824874
-0.008240580190491375
-0.0003686142218438221
0.0012362852668634631
-0.0034147892966206166
0.0008513299384598076
0.005440732367655311
0.0004298480213995036
0.0032982812194183478
0.004614998384462645
0.003764519720862826
-0.0052525643391492845
-0.01530174315907343
-0.0038460319226583774
0.0023510245879514243
0.002346054955352173
0.0021069881090572348
-0.0017175885881309672
-0.0036936696206141127
-0.0034785116258358624
-0.0008112236922600197
0.007112771798445736
0.009781282445807568
0.002358354003375037
-0.0015878657217843943
-0.0031508727974141875
-0.0037021029465806447
-0.0029639920112193062
-0.004116019161564061
0.0010803562630127335
0.0013948500403168022
-0.0015230906514404937
0.004605265057642957
0.002867551165677883
0.002188982385442736
-0.003092522279708279
-0.0043302747276733914
0.003157392302986905
0.003076495498604578
-0.01111759460826749
-0.006566234554398665
-0.004476012746313191
0.0007551998094442062
0.008270551764349227
0.013220336631668167
-0.0005340523577872827
0.00022442360517545528
0.005470939252439046
0.014770732252329154
0.006938160357334951
0.004110364912441619
0.00376589568910791
-0.005233817323237853
-0.007241411945976446
0.0029516244950340198
0.006689501524874579
0.010295614543431673
0.004370930248022313
-0.002769911253631856
-0.003020420371815686
-0.0012944761254609022
-0.0007702483010446873
0.005913205502627442
0.005170380243590628
0.0044960421596315515
0.005209507024685437
0.0007015113217850092
0.009008704227393435
0.004472177642708501
-0.0003669657701389501
0.0061421743007208755
0.00855154472745799
0.005312721817445146
-0.0014199415300207362
0.002219122571298983
-0.002415782979031601
-0.00647852401834123
-7.670519710116496e-05
-0.003559343734448
-0.004074233390919174
0.004363207725431279
0.003332221521249642
-0.0012454823884487643
0.0016996814003312692
-0.0024883316862104304
-0.010356121612241453
-0.004170295426457977
-0.000693769795681401
-0.00010576250950688556
0.0004848694800399038
-0.0060722447831875965
0.0017066876701329692
0.005137231907841637
0.006744097855938013
0.003597594998191963
0.0037706773901487896
0.0036032663747191584
-4.695649782214366e-05
0.003901875919489612
0.0035816469986419213
-0.0018281649015285714
0.0036390337106428886
0.003285398874625284
0.0044489259021332364
-0.002861737003505643
6.972910643733584e-05
0.009211416671281912
0.008249999760582626
0.008389383626970823
0.0055147620344991165
-0.0025130044714294403
0.0008024712482661758
-0.0001366858579883964
0.0021282689108822967
-0.0028998997033589232
-0.0006676117766700775
-0.001127970762856582
-0.002695298179519481
-0.0026038727048627746
-0.0026834929271103724
-0.003910282243028146
-0.004515504953236621
-0.00807504541481855
-0.002029836070897982
-0.00041575103125053776
-0.00652587120387365
-0.008721875569432493
-0.013454077089795239
-0.018766602872573406
-0.007160046720724834
0.0029903090622884427
1.5601147220373552e-05
0.004080740555983651
0.004307735488617597
0.003727252094680069
0.005094711661319125
-6.41308829827078e-05
-0.0013751575456666448
-0.003801090713154888
0.0006433323364815959
0.005802909080493948
0.006813737345991647
0.002618505142047621
0.002492303808107372
-0.0021960858548742347
-0.00022371388566127276
0.005732356670101049
0.006920374738705389
0.0038371946343601594
0.0028454941509601837
0.0012294650689057952
0.0017674271753347556
-0.006436914720841868
-0.00374885895937855
-0.0050351344728507
-0.0028675362578559076
0.0002398168680792686
-0.0026447651627177016
-0.0049210340241087405
-0.0049436715304197985
-0.00745740253350892
-0.005812679829532868
0.001028190699493078
0.005216584352189073
0.00350089345720715
0.0033257322569208688
0.002276128594352175
0.0022647319920222307
-0.0007927971105832863
0.004638341889755798
0.00874667153353539
-0.0005488989775380669
-0.004207100876899641
-0.0006935703084527018
0.008456573845969281
0.011200533650117655
0.01238082398111238
0.00020454926993334377
-0.0021966313443360238
0.003030795472844607
-0.002137972887538322
-0.0032229050512966734
0.0025992124254507008
0.0029215102494973434
0.001649026636395504
-0.0013978102131104882
-0.011216743876482912
-0.00734720688021287
0.001699636885409339
0.002673264429200804
0.002772157428055134
0.006131621279979343
0.0025593562674814416
0.0030609718072727005
0.004462233265738824
0.0011472359399813657
0.0053159065325391166
0.003939981412241024
-0.002049869653204718
-0.0033666346372455574
-0.007008575297038569
-0.006264424488381021
-0.005497156127673397
-0.013311884080130263
-0.004185484590678352
0.004575245265039829
0.0015493102204075396
0.0011281967810430646
-0.008844245638207099
-0.006771149152272631
-0.005726843184393167
-0.004068429260454027
-0.003391475647324599
0.005465063952512559
0.006802390581736138
0.0025083160672664247
-0.0025697003397488014
0.0017165351439741758
0.0028282847184283475
0.002808940999662197
-1.8272327215285883e-05
-0.009520475906002126
-0.0014044009072177314
0.0072240097262632075
0.007321728000095198
0.004961378496121476
0.0026229314376176407
0.0029051637009322668
0.007628046600842389
0.016813050449549786
0.017807133835311517
0.015053474461989121
0.007770090786701827
0.0017792606483336192
0.0031373087185132924
0.0027564943182046744
0.005702687815902781
0.0036347126490847577
-0.0003800848473618748
-0.006093144222513487
-0.009030566682699834
-0.007131021918168649
-0.004034142412252171
-0.002395105170586784
0.002169677176067355
0.002541252794383658
-0.005786451969877959
-0.003010709369764814
-0.0036930563333887048
-0.005643215072825219
-0.0049701575809409535
-0.003223905883255224
-0.005195593151297886
-0.002183090430685116
-4.2798694372126095e-05
-0.0027884638100691716
-0.004743398899966506
0.0017259803315595203
0.0034237776377649275
-0.0010184397410114598
-0.004523989348995492
-0.001622871593273909
-0.00018545915974018195
0.0029519813097137453
-0.0014846866177909105
0.0005792719862941655
2.8505992381657863e-05
0.0017722325432030952
0.00023753828784200826
0.0010178481109933974
0.0031098157720218355
0.0006797926923215625
-0.007941928891997168
-0.006798622216623972
0.0032264683746273423
0.003546655827691423
0.0010827863536948942
-0.00032822611495536466
0.005448197113473129
-0.0010964875725781125
0.009863112954468373
0.0024279611177219465
0.004950531295778293
0.003440167596741138
0.0004740855870651547
-0.004592727310603006
-0.003854586893772526
0.0020469409563678444
-0.00794922744322455
-0.011281592526129891
-0.004993222931417968
-0.006956698150969548
-0.0037609837114362978
0.006656703080712094
0.004263196425867749
-1.71598589599156e-05
-0.003409631410268036
-0.006808587488504119
-0.004137968695259539
-0.005430805769888894
-0.0017328453458269652
-0.0029925681462629147
-0.008616796784107478
-0.00452891035584977
-0.003842483973260491
-0.0070188662281026595
-0.0041289309488917484
-0.0009767530087459715
0.0016219552824789968
-8.468224582724648e-05
-0.0026737257863712442
0.00266269668506396
0.007080560711592644
0.002429669381515903
-0.00018290686984226537
-0.00041550781992774724
-0.0009787222182991659
-0.003609271488475795
0.0016399003688546605
0.004169625374281804
0.00439762200110836
-0.0035240673419875542
-0.0025656414607119617
0.005146233441797581
0.0071015654754098285
0.009277604467681251
-0.0003521727025318723
-0.001343295857019327
-0.0032159531384955554
-0.005495682359387264
-0.00813046672244552
-0.007122507892453526
-0.005682731432705879
0.00504002359138906
0.006900634472978097
0.003677983392644925
0.006579213370257392
-0.0019856643435020565
-0.005702113358686805
-0.0080938222520486
-0.00939582311085818
-0.0025016965857332873
0.003075477776631492
0.0006774485430459797
0.004638204351443407
0.0033534571358624144
0.0024846076993553087
0.0029746222908123006
0.0005677173876906874
0.0006017780666968789
0.0035981115036637134
0.006167662993755718
0.0010858503587001956
0.004005380924313259
0.0053617356533381365
0.006077354666432231
0.000411278105211364
-0.004379256613144392
-0.005135852989715712
-0.0031430607150284874
-0.003043169669215857
-0.006365130009786693
-0.008488610111792968
-0.004029453317513759
3.240957061158568e-05
-0.005185502873764104
-0.0046656682789510484
-0.006404180390796248
-0.000441995538643245
-0.004846732796253725
-0.0027241621360161047
-0.0003685105278733897
-0.002769964710409638
0.002579194454309336
-0.006821875080940848
-0.004035200812126806
-0.005796466212869592
-0.004547735371471911
-0.0011772512745033825
-0.008858475348876535
-0.006410359098435642
-0.0015260652541231262
-0.003154671414962
0.003093227509457795
0.008570790347002059
0.00437372705946048
0.0008882692279617754
0.0003342400971124467
0.004067364959241416
-0.0017323403498400618
-0.0028299007223897563
-0.00025113138919457097
-0.0005847288928966133
0.00042101195331222847
0.004804430260048204
0.012686211014565948
0.011482497185971245
0.0063224626569910606
0.0010976412578283562
0.0029926157092689423
-0.00041688154384220203
-0.0008838371284688891
-0.0016363453398373358
-0.0015372650810844745
0.0032099835334921095
0.005767412173170187
0.010626237042022644
0.0038232012174373316
-0.007665889197798447
-0.010365923175508012
-0.005539018814798196
-0.0016286411486261467
0.0034263135269306712
0.004123620648403615
0.0015494026216338625
-0.004296892632074046
-0.0033824310517918854
-0.009419179860507854
-0.01587714807179484
-0.006278953425006987
-0.005631434913476436
-0.0005165895327926764
0.0059647833541710445
0.003667428270858094
0.0028836690592280766
0.00046242121944541884
-0.00521410797671953
-0.00371491011859273
-0.005194654315229272
-0.0006261671847916938
0.0011564502168718643
-0.002358933244650193
0.0007194203338323808
-0.008200913892206086
-0.006388148285279006
0.0010006385972823034
0.008152149895015923
0.006598600604731267
0.011542639458840395
0.005823205519819148
0.01385286258126961
0.009111146632143404
0.004159094333257834
0.0010521912041258788
0.0004526769988422075
-0.0036448881468695736
-0.004229469793833216
-0.004241689037128511
-0.004181109596300965
-0.002300533852932649
0.003051313665844361
-0.0012799603222201996
-0.0006694953649624662
-0.0013521460088408877
-0.0016549188529759343
0.00620451645487155
0.009868885571145597
0.00849547766310926
0.0017526238510831068
0.0032022481708645473
-9.140626323065395e-05
-0.0015774117882874448
-0.007619831464229284
-0.0008550587476781088
-0.004534211016340433
-0.00964318648345969
-0.008719637636359004
0.0017791886516319957
0.0006935066970167173
0.005014920431102802
0.010262845742308697
0.0007414411894170489
-0.0012496471194056301
-0.00034601815998719013
-0.00086469141678924
-5.696061673572124e-05
0.008924184421891796
0.008157891899231433
0.00633995458262163
0.0013732663600991226
0.005363885037653386
0.008888980109834306
-0.002197981173332948
-0.006455822127893756
-0.007627566721875515
-0.010061483402953732
-0.005588676893695637
-0.0003554814313162354
0.0016200433977770024
-0.0049421627387220965
-0.008928210575599399
-0.013779201439568149
-0.0024990467232538743
0.006026672857666098
0.00523422783161269
0.0025664562706374425
-0.00225699172648275
-0.008276592235849872
-0.0034303131173664177
-0.004966979321725987
-0.006745198409285136
-0.002434034273410494
0.0037880583484626766
-0.003793760581935139
-0.006434235583545754
-0.004093477056801647
-0.00040935820914120573
0.0019281156055837702
-0.004984003081059118
-0.0008997993115327703
-0.00332262774646083
-0.003521013038770537
-0.004046707483599817
-0.001280943519994746
-0.00714288033526784
-0.0026780989927557715
0.004879042248250078
0.007169358765657566
0.006714955624038587
0.004310124812652728
0.0036757137577313683
0.009336591450157666
0.013485330626632768
0.006000085804700393
0.005881825975581628
-0.0010450807502832358
-0.0019696063168960576
-0.003229632563821801
-0.0021044991495416778
-0.006398943491174457
-0.004101225123746628
-0.0006852781290983531
-0.0005528513805991869
-0.002608882644618692
-0.008373997615187482
-0.007257644102878823
-0.0053164044687679145
-0.003353906481812905
-0.0013610912598774672
0.0025323308830930624
0.004004521145650152
0.0043715040029983
-0.0009337829112276445
-0.0031945368874235496
0.0022950685760393767
0.0017911548665889593
-0.001131047758592335
0.006900293903450102
0.013591721910475916
0.01737659380424406
0.007823242836938197
0.00851658588366429
0.010354632419108167
0.0024972922515957936
0.0021907705650931475
0.0011307425170163487
0.007033735724010695
0.0073026302089255705
0.00015288116991123488
-0.004488975384012778
-0.001869789160916871
0.003954550539377733
0.0077698202610020075
0.007755893597861779
-0.0030550508265955612
-0.006655128572907628
-0.0011918003415361273
-0.0012454170547514748
0.001429104018012536
-0.007117407033977928
-0.004113361399791148
0.00039980644280562474
-0.0032042653977123543
-0.0014033313477960216
0.00016433627032969264
0.002278362702542764
-0.0008314830564664271
0.001122658720403441
-0.0003127315663465606
0.0031467386335217048
-2.892515052464817e-05
-0.0003624474417230461
0.00220241527803232
0.005983116414505325
0.009814539763055201
0.00878665704789362
-0.0021767043024755253
-0.005129957561116372
0.00291518874565172
-0.0005837343325480328
-0.00041507685075443387
-0.00032739086503851846
0.005229724614991499
0.00041710013924954804
-0.009224343337427724
-0.0013916803348735462
0.0018351289820758585
0.004693225148985152
0.005511051670626881
-0.0007807596929051305
-0.0005487154272951782
-0.0005539438179120738
0.0020737762083729992
-0.003294988043161135
-0.0032472688887519065
0.00028727241089700667
-0.00042436971436837285
0.0018988080447958201
0.0034938261049792013
0.0035140193793389983
0.006560803715638156
0.005274301898985158
0.004180114043516253
-0.0028965528102350433
0.007933994553176157
0.00904991189595248
0.0015974532460856059
-0.0011820720230825788
-2.0617270628929632e-05
-0.0031247178417770356
-0.0008851572537388975
-0.0013897463772948799
0.0042201268051012914
0.0029104654741304663
0.004448843052316533
0.0054574014431460136
0.003924839168528317
0.010438519621607533
0.007556519157416735
0.006669318042782472
0.0029564488281109344
0.002823366121573437
-0.004611861742621805
0.000905160774499464
-0.0023044128565460945
0.0006852693603198315
-0.00015698084428369575
-0.0021919420635946522
0.0008235709776284557
-0.001773497668501273
-0.007570149509172237
-0.00950861960381964
-0.0028888821816816694
-0.004772693409651857
0.0033315433257693084
-0.002331817965188931
-0.003726721006576264
-0.002516775135412086
0.0011443976856650698
0.005798351522635137
-0.0019515351911316647
0.0012988743304856087
0.002261602137082612
0.007618077008964685
0.007169157363859417
-0.004291794277545073
-0.007732421128519797
-0.005195917747269996
0.0030110770489089524
0.009684000798318578
0.005739607848738993
-0.0019219279899788946
-0.004149933143661272
0.001630488397299581
0.009641673935763236
0.015616264147349493
0.009777595464241317
0.0014966713023689018
-0.0016522327552283798
-0.0036080176204550604
-0.008034642899794036
-0.006915433597818852
-0.0008824378455409313
-0.001768088361159667
-0.0032872069911132917
-0.00634495565460762
-0.008562908440050997
-0.010416780441023834
-0.007276700496094766
-0.004320825292757746
-0.010096985764577847
-0.009448735726104733
-0.0018912011225714661
0.004108725194048602
0.004876188886079809
0.0006939399004323641
-0.005064419561170873
-0.0047492740451007
-0.0067639573533457035
-0.00645437727282196
-0.008740112231525998
-0.014405187143005808
-0.01594205761849563
-0.008400650844853723
-0.005540093793999371
-0.005417581799922224
-0.005432492639559353
-0.0005856300323128137
-0.00389224645420065
0.0011641520020244263
0.0027915563338994824
-0.0019476222649919656
-0.00011328062414515346
0.0028301156738730145
0.0074577856893603585
0.005879309094342088
0.0037586462062494936
0.0062567267305078
-0.003969249653421921
-0.0029251498122886766
-0.0016703042764855069
-0.0027430875661242876
-0.005121518917356744
-0.006738535537044569
-0.003405035203200976
-0.0032749510078197894
0.002009635931767928
0.0015299037097218353
-0.0010630744721769096
-0.00034781200232432305
0.003041258511974591
0.005712624243137478
0.0067589012405618095
0.006299222344090866
0.00802367832117961
0.0030905912264554904
-0.0036966426860926224
-0.00788714800249175
-0.0031960135449031163
-0.007250312620773171
-0.002242918049125102
-0.0016848759573798034
-0.005513772486142157
-0.006810632175221101
-0.0026811050304115136
0.00048423172743534526
0.0031476458150391383
0.006054109867392851
-0.003205238054320853
0.001435601375676879
-0.0030714703215807644
0.0028672567616116434
0.006643376724943266
0.01120719529237424
0.009188192198740567
-0.0004208020661536273
0.0010680461470256085
-0.006657626595496221
-0.0069690828432671425
-0.008959320308031603
-0.00022900082023690342
0.007838127792371903
0.002385110051536761
-0.00048557143944754803
0.0021460219028587683
-0.0003261702117870124
0.004823752250516047
-0.002056059436689854
3.6969476363690584e-05
-0.001160458066154289
0.002318831272420112
-0.004857150036726096
-0.003035952577984756
-0.0029265545957024696
0.0017617418634027536
-0.002329664342843529
-0.0012308109680384883
-0.00433439515808462
-0.0022669233578360456
0.0016417651129980275
0.0017653832898491674
0.004474459755583332
0.006243255672790551
-0.0010944128616731826
-0.002083426468477617
8.46866793181361e-05
-0.0021143649219757667
0.002872822726005472
0.002639647508805344
0.007804961291384693
0.0020643661250632217
0.00279984591898543
0.013049930217479211
0.007195317528840483
-0.003919778175688799
-0.0014640609135040464
-0.0001055021712522303
0.006755384763968143
0.0010792833939993747
0.0032769405134484993
2.4152634089246423e-05
0.0025871827128663436
0.0025322965313413345
0.0008330366078848693
0.002090364608390074
-0.002540796933758312
-7.647210560042922e-05
0.0018684863626107241
0.0058701613034214525
0.008513573741328351
-0.00046081353754016854
-0.004830760370889568
0.0006051288890544715
0.0030679921581289824
-0.009028446222475365
-0.006012012692326451
-0.004081676216603428
-0.00484194926718206
8.782995563234798e-05
0.007033893931507929
0.003337023317073004
-0.004172972280488943
0.0017504667564722807
0.003843186060505763
-0.002407774809645886
0.004338313781431929
0.0031719395886472346
-0.002406210205395627
-0.0031308825200643646
0.0026277587100142106
0.005930331593065249
0.012552130002557562
0.009830236417593698
0.0008949888345729597
-0.0031656646317270633
-0.00797609765259446
0.0008086119315411613
0.0007296647729837597
-0.000926850680219386
0.0003209576341014106
0.005545594294651468
0.0017494151289969408
-0.0025017238648012805
0.0037277426051347674
0.00397891415536334
0.007045688260499144
0.005603296847717432
0.005913607675547603
-0.00323926512810923
-0.0012334653641036043
-0.0003054041829264701
0.005936302713992819
0.007334672098816722
0.009917660367226246
0.0064215370795069815
0.003751566907429743
0.004716234042519694
0.005257816953341483
0.005388052333977649
0.0064722599132751015
-0.0027472213433512955
-0.003866238141090257
0.0008939976943143966
-0.004476191398530679
-0.0009020998145832976
0.001286483293280267
0.004867734251582667
-0.001312578099500933
-0.0027939120981141327
-0.0015962905552971407
-0.004932274835403633
0.0019371494674846614
-0.0010250155419562826
-0.00289205105673205
-0.003814042252782955
-0.0021732201191482876
0.002269621894925616
0.0030751617877099054
0.00534101503284425
0.005468851984915658
0.0037938249736377775
0.00017950429925441797
-0.0012649019831816593
-0.008752075789162709
0.002331360893495161
0.0075822962270761405
-0.0005507322187699553
-0.002649473263648391
0.007346023317527861
0.00881681713417502
0.0037842586631317704
-0.0022984727494052715
0.0036418186363342893
0.009260905333954602
0.006426125270004099
0.0066164152918403475
0.003922246383894477
-0.001188486742153919
-0.0022344196503383137
-0.006610049531427753
-0.001566170757887371
-0.0014614330015807143
0.002263789923758115
0.0017520722452765301
-0.004877408951372807
-0.0029762173859918333
-0.00018653719648323305
0.00019986427088553095
-0.004102229255208532
-0.0002746008785484544
0.0022039629679930814
0.00507421446474332
0.0035737088860100107
-0.0005085518428456724
-0.004474234833080387
0.00163701790147717
-0.007057019443696541
-0.004251509837987641
-0.0017993976664134584
0.0017082611440447115
0.002776571288854396
-0.003472842803066254
0.0015585088204011124
0.008390962739451955
0.008534839962097654
0.004511469277596138
0.0029025225251063393
-0.0029818381547391253
-0.0012314253057077306
0.004810625383394585
0.006564804037633001
0.0024631201497232976
0.00043225659201209457
-0.000886550507648881
0.00432594509122118
0.007671728078503019
0.0020580258623462055
-0.00782628692701642
-0.009250925055891592
-0.012056520605371514
-0.007148702396891209
-0.0055433965115779076
-0.006369779215717469
-0.007075080574323914
-0.004407263924182005
0.0006591321942894963
0.0024666443976152056
-0.002089914660294408
-0.013926512751633768
-0.017825648318046353
-0.013093215457920917
-0.013115512611129457
-0.008378663835975459
-0.00858288769972041
-0.0030330184153405655
0.005881175422663207
-0.003257794790892406
-0.0008597220278853921
-0.0018564584340784855
-0.002596273897726879
-0.0022414516467138103
-0.007194031761154499
-0.0022021660112097777
-0.008892001379871424
-0.008658272538417347
-0.012393676768774082
-0.005575688721257509
0.006834540739694237
0.003195846259830921
-0.005439695370258543
-0.0021493394231203193
-0.0034366060249908844
-0.006855388265436395
-0.00851062451228678
-0.005577421789019056
0.00035106048742968303
-0.002978309836534988
-0.0015533998958598696
0.0011134518144319315
-0.0036225489305103213
-0.005228316786803831
-0.012391478848720374
-0.008275943925212895
-0.004129502823503915
-0.0004816147778644245
0.000883592324141088
0.0009791416199799298
-0.0079333187560306
-0.010620636582749386
-0.0046933855120675355
0.00036077735282979143
-0.0005363936082540245
-0.008847347148029558
-0.00043185813820535425
0.0048954000646537835
0.004517060653619768
0.001365141191856677
0.0037033088242614323
0.008459334218954716
0.0018095676725396984
-0.00725519796187515
-0.005976818242366575
-0.00323235348794389
-0.0014621583536978977
-0.005251885174246744
-0.006218458925741296
-0.0069474046782747306
-0.0014021832886624253
0.000978039953294751
0.0007208898774868798
-0.0018559580039913585
-0.005271061095644412
-0.007582209625674314
-0.00446094102704139
-0.0060800309063381705
-0.009930210404017698
-0.006196078155847916
-0.0068813462311710285
0.0010918279366101762
0.008503805850272198
8.282444889443104e-05
-0.004901077489745027
-0.00024589508430936184
0.006327297315911953
-0.0006827383280381558
-0.003938374333584356
0.003526344548955504
0.008179117172237264
0.009282807712747155
0.002291435375495049
-0.0034515745722039476
-0.007312593077426793
-0.00799873533576596
-0.005056812616720742
0.0024809891120231835
0.003351825495357264
0.0060508916142312874
0.0015600529586511178
0.002351985580598042
-0.0027324481463773705
-0.0034036873825631295
-0.003972908159353682
-0.0030355901884180116
0.002621945347497068
0.0054053830841027375
0.0032728899838953738
0.0009087502879926626
-0.001962800324835636
0.001297245629142484
-0.0014908235616182544
-0.0003655708563889941
0.009075884053240063
0.0076599289637186985
0.004483999413126225
0.004549972777431927
0.002578801933839387
0.006909370324877401
0.007346696124124136
0.004176184149335353
0.0003431805098652545
-0.00017993995097343167
0.0009907155266364218
-0.0008008331860876503
0.004674678386540037
0.0066730385851149834
0.003565273004709595
-0.0028060188066237344
-0.007040806681543473
-0.009129701765667492
-0.00896457896700474
-0.008323137442981339
0.0006074738994607066
0.0038195201867047587
0.0031104081539332184
0.00555534362450378
0.0030619929266371376
0.006245154481957354
0.0005942810457400397
-0.0074724378138551015
-0.007403630750098806
0.0018428608303508861
0.00540685787966115
0.0024525193255905565
0.0027228060596841725
0.002762251652689559
0.0004653329285373883
-0.005238301081900255
-0.01024744734241297
0.0004387832678412858
0.0013158573841743758
0.0012132531090875286
0.009245583463242791
0.012549858851246994
0.004891483930120655
0.0016768924032790147
-0.001619540577078952
0.0036623834995258638
-0.003968695044298061
-0.01002682387528071
-0.006639385508581455
-0.005956153027740809
0.00025863948694293055
0.005513023370728181
-0.0021203020322621206
-0.0009518809695901103
0.00018788765331896175
-0.0019236285327584603
-0.0008698177614534537
0.0019578709954523104
-0.0009503350455540604
0.002710113175772122
0.0003189043423830892
0.0008461710138008737
0.002692917465687466
0.0009157964278440734
-0.0003344274753908277
-0.0054303239397824965
-0.005500890990815153
0.0003055372235927132
-0.004553954042320125
-0.011510278256564602
-0.0021533151274657943
-0.001589514557790297
-0.0015929286555175092
0.0031605570410477243
0.003700741354315174
-0.0036136287936564373
-0.000973064056494122
0.004790467095403394
0.0013757741014999985
-0.0016002484175451333
-0.003973983134771746
-0.0011351469001766566
0.0016009643940097307
-0.0013959515826322052
0.001304942447227869
-0.003392906802647881
-0.00474966680185746
0.003965875374041902
0.006729443193921534
-0.0048261616385958835
-0.0019968992242974915
0.007581531899772639
0.005516544729899545
0.003012952162402074
0.007085613555295704
0.008788017826790215
-0.0017997378915207177
-0.009032063134992703
-0.0030317289736232346
-0.014136611935954687
-0.015364559948799067
-0.009905098366346104
0.0003792013134410868
0.0036512034344332255
-0.001907830143428165
0.0008836898264197709
0.0007185084116039143
0.0018066524465731205
-0.001540196840349742
-0.0021410795021962513
0.00432895836108184
0.005368497990346243
0.004024957768628145
0.002874194168073446
0.008093760250483997
0.006352314733720223
0.005471886798647961
0.0021917592575212324
6.0176693505024825e-05
0.005915464025440442
0.004906124579651441
-0.000402995297253601
0.0019144511473482401
0.004198714435028333
0.0023498316907551624
-0.004468008629900446
-0.005738547844510014
-0.0057466612603603575
5.1011229781125955e-06
0.007505133814050096
0.0056118503520879
-0.004466474920268935
-0.009844648929607666
-0.005949257378470612
0.0020137086845763903
0.009078213267739004
0.001035649390284033
-0.002272581617844347
-0.006153885356659838
-0.004476372249366206
-0.0037968876367420637
-0.005013700728200316
-0.0017744776123274286
-0.0052356670457506535
8.897024567451716e-05
0.0007388358692871209
0.0008461287570809803
0.001717755913398717
-0.0034087261233010893
-0.00020342663362125284
-0.001195820924455082
0.001728452611968983
0.008659604735594711
0.004935126360873487
0.0007029118551887982
0.0017357154875134002
-0.006114997959798105
-0.006374736824486401
-0.005838698410794795
0.0011627723651074027
0.008331610697635803
0.004909584244793603
-0.004819539392239089
-0.005067224417237055
-0.0016572140825272894
0.000578891935273491
-0.0012392976331911003
0.0002909129115846208
-0.0009002081061583024
-0.005679625628264232
-0.011969466733217882
-0.008504111454396328
0.0023215811808475
0.008226674228850064
0.004246083650877425
0.001711424143135486
0.0022005740586921187
0.0026149412480977025
3.4208327682859513e-06
-0.0002716575301953789
-0.0034493173796273703
0.0018331053152696394
0.0005835405535610169
0.0016235490975483285
0.006527580013539005
0.007535913630983167
0.002738816663101623
-0.004250017195918116
-0.0038732714424814354
-0.004526499748504769
-0.01116233203229761
-0.01614171255108892
-0.005812594932422569
-0.002727979578639754
-0.006184270023860781
-0.009081268390787711
-0.007173371260757988
-0.00026330054961662094
0.006826387113944708
-5.343769025297644e-05
0.011800409110034755
0.008758267368364556
0.00659303306341065
-0.00199124218560354
-0.001955550351906709
0.0032131951517074125
-0.003444002083225839
-0.007605257093070143
-0.0022919388706902737
-0.0004651327882491444
0.0018507148534090774
-0.0037478201188185538
-0.011221229674557428
-0.006252054215568817
-0.009822217343390387
-0.006529131691056441
-0.006836010631710213
0.0014469276521792464
0.011030434700397685
0.00312401604330924
-0.00577626316074403
0.002871218197165651
-0.0013871309419141564
-0.0070773481920511335
-0.011011842293929621
-0.0018027128083591968
0.007120065927058673
0.008166588321182944
0.0020169245165468828
-0.004023450466845678
0.0015627721849444944
-0.001667179596841802
0.002465882716124994
0.008746020405111202
0.008822848131662191
-5.670158554593324e-05
-0.002081840416036898
0.00540015100038131
0.004950722397268464
0.003635348691880752
0.005116415497714965
-0.004266857651383465
-0.00828962203622331
-0.007536661209981168
-0.00736607335526425
-0.006124372216573364
-0.00044379250693351137
0.002311377986591438
0.002383041571100469
-0.006324596534807011
-0.004696743292827384
0.0013568722092782409
0.003808071421421011
0.003785594580998851
0.0012314818726756834
0.0030861146684720807
-0.005601707933983722
-0.005936702729593904
-0.005427714109238421
-0.0029002443249141097
0.0010765661271998916
0.0015362869036559194
-0.0031001208806646224
-0.002248134937035225
0.003804340331302007
0.001895735183212295
0.0021598135207567867
0.0020508338823028373
0.006756279405733488
0.00613587194682575
-0.00369078409033534
-0.0029123443035844153
-0.0023145535487634865
-0.004075444636046392
-0.005854156470667018
-0.010493809620129711
0.0009819300554526056
0.004868174927588413
8.871569652554389e-05
-0.0015872951234993174
0.00530185060884873
0.005197498360858065
-0.002961658670291989
-0.004789367379700108
-0.006733083221405008
-0.00170498642306423
-0.0032578290293084323
-0.0026296400207161184
-0.0018229680576441908
0.0005171940926961545
-0.003439356238116341
-0.004442049806345382
-0.0025753855362959164
-0.0028606306672003933
0.0007562751121013766
0.0003621267898018333
-0.003210755383354301
0.001760822517134114
0.00608313597843257
0.0036862329543075343
-0.0022891303998614845
-0.000607289324309983
0.0004011227252229559
-0.0007542784942238953
0.000682163626338628
-0.00730021293636942
-0.002685919864884734
-0.0027943974731532125
-0.0027374637024768986
-0.003521713214756581
-0.0035651278498912563
-0.005922950863365746
-0.006126389389511839
3.5448699454928245e-05
0.0014212559345963206
-0.0011692257923404726
-0.0011644758052771426
-0.006598918764685706
-0.0025301624173962025
0.0031476182531835943
0.00475948422156109
-0.0032713549936807724
-0.003593688746721191
-0.005996929311614844
-0.004129785667643828
-0.0036774412584873765
0.001892568030423219
0.0008668220739166516
-0.0024509037016741783
-0.0006705961951072142
0.0026329278823328268
0.006234572305882378
0.0016560427823238556
-0.003539697554692484
-0.003432094810715307
-0.0008785320677471881
-0.00027252006753458833
0.0067646248000617715
0.0016130526382577121
-0.004913858984363759
-0.0017377829501351908
0.0005738834838565117
-0.0004565640388869275
0.002549514816825913
0.006518479977617282
0.00400178310216242
0.0033630672081359936
-0.003601591047320509
-0.0030992295663030745
-0.0030473102177387525
0.0006660324111933956
0.007678038386546754
0.004156857476952328
-0.0009161348777264732
0.0012004020406921694
0.0036422313455339787
-0.0002900172406554411
-0.003360049398542076
-0.004589487196261359
-0.0003474836820370149
-0.002232870149528397
0.000642866509092563
-8.88861855775377e-05
-0.0017088420500463587
0.006152583709680488
0.003913627881104936
0.007626338477969319
0.008711563095284905
-0.002624469181937085
-0.00821409208195781
-0.005815531025399172
0.004366465484202856
