1.0
0.45962689277450713
0.20658327058587178
0.10922098727817892
0.062244059614076065
0.039948385816728466
0.02600964256064598
0.01507397503134111
0.005951659964365109
-0.004264860995464189
-0.0007396566887782283
0.00020818353169987927
0.002046801726262674
0.0028734906565919304
0.00522682834625841
0.0036061381499235675
0.007360737135297659
0.005259858623276067
0.0040502350811536655
0.002888666494001719
0.003500374672252261
0.0027940172683775144
-0.007004541601215043
-0.006102096478468188
-0.002218248139064907
-0.0026358730955609224
-0.0023447829632314105
0.006639678006721539
0.0032275117781350097
0.001138311684276706
0.0012620278733323984
-0.005432730586147107
-0.0019434657182592012
-0.00011183620208154352
-0.00017334107783685128
0.00020032693834906885
-0.0050015750891439885
-0.0035188776012474244
-0.0018489148432884832
-0.004800350044538087
-0.007815325360256175
-0.011296501645520025
-0.007271381442990272
-0.0029816898220552364
0.0008561781752509147
-0.0018161271650467396
-0.0016147223123794585
-0.0015648552029426791
-0.012141306865838893
-0.016976355059497367
-0.007669399726472426
-0.0009768812726417635
-0.0048177045649721315
-0.0038849174342980132
-0.004930775960091922
-0.0031455097279494523
0.0003609353136546367
0.006708735165178486
0.004089148004005045
-0.0013151935349550213
-0.0038570436131861357
-0.006323020610424046
-0.0040085089136068655
-0.002877792704204128
-0.0020098791360595464
0.002292951663664364
-0.0011440860726318947
-0.004044404886914722
-0.0007866761106986405
-0.0056814732206562375
-0.009149464114154396
-0.006332929404949696
-0.006221444854373656
-0.0016298518049839457
-6.765135820292005e-05
0.0045875803879257835
0.002930218237910327
-0.00396136642624927
-0.004553626070270676
-0.005430390915473203
-0.007246191293725523
-0.007494153749283625
-0.010286104367937591
-0.0019060980498988925
0.007644040078671903
0.0023812325792448574
0.005233962191040643
0.008071491739435574
0.0034928030061163067
0.002462363183833766
0.0016368985379190556
0.009111546009651302
0.006238298489543865
0.008681745902936891
0.00644450330356551
-0.002119091086699545
-0.0026059557596463012
-0.0018612426370737895
-0.0003635747448160503
-0.002752076728269963
-0.0062727217118262
-0.007936711480349773
-0.0034852964244860684
-0.0011108867672830322
0.0016709817027543371
0.00476412871131407
3.401261910833753e-05
-0.0023230728314862685
-0.0038210317787822
-0.0012590338303944825
0.001229008679812964
0.0010418891523775737
-8.197636662147245e-05
0.0001861095605511523
0.002666699224522245
0.0020553354311905556
0.013556755675056386
0.010116878304398886
0.005527986351940565
0.006317312946114924
0.0017962564669702925
0.0066046077514020285
-0.002545235406578375
-0.005377198386031348
-0.0073688737728286255
-0.00874205160063353
-0.005696851653622675
-0.007831809465385765
-0.005389184045031498
-8.331480900101143e-05
0.002740534673589423
0.007511880526455626
0.00172363205795735
0.0017735421609677018
0.003928447518376011
-0.0023549472520002714
-0.0034321664642917834
0.0005363138759359253
0.005721047573854043
0.001897490194016268
5.7891959102815876e-05
0.0004056589159713197
0.005073094184303111
-8.036318621944515e-05
0.004014590158564129
-0.0010837522952233658
-0.0033458488226458154
0.0066107358089233645
0.008000655740964575
0.013373911263578647
0.007739926444556031
0.010807582624966547
0.014604785042525489
0.012377315180777726
0.015799870946299303
0.010370171550596219
0.007739486555891978
0.008805705482962306
0.0050337062703351455
0.0015171232173659124
0.008651121624420012
0.00834895126927999
0.0015237281358160197
-0.0025253142457073827
-0.0002630687431696867
0.0018261511134661235
0.0022216329846117423
-0.00040911841007039836
-0.0011947351491422523
-0.005551752789520195
-0.008245700025280333
-0.004194678021011333
-0.007662950650325484
-0.007827147597793589
-0.007473680094742705
-0.006138402742621701
-0.00511676522054683
-0.007268751848092647
-0.011237984487870308
-0.008316589253721163
-0.0009825349629694552
0.003153723142854803
-0.0017858974269288014
-0.0006361822475358758
-0.0027809185841686196
-0.003957397599468675
0.005058390697893801
0.010470635803457647
0.010137524321626738
0.00502778564236692
-0.004206215386731204
-0.005262659876593234
0.002336370290671544
0.004967620071379348
0.004879521127045829
0.000582791837668074
0.0004064357972535849
0.0007795993546209489
-0.001986712343946029
-0.0030794185028798003
-0.0010198587831945463
-0.0008060039477563083
-0.00763896842626957
-0.002883487327031842
0.000522783488291166
0.0008008312093205697
-0.005722357342192899
-0.0032393637074094443
0.0019468067360932277
-0.0004277851962471217
-0.0011720847976869338
-0.0010278384857623152
-0.005383189736435387
-0.0037305689969720102
-0.0011578109965636844
-0.0005391827000342523
-0.008488863696524115
-0.003778659579507719
0.002806171874508393
0.004177233077242645
0.0004549086424070966
-0.002129870413683349
-0.00414230140582314
-0.0006656477095226835
0.003879372063938982
0.0004069400305696119
-0.006080207041517632
-0.006324108790121218
-0.0091869180903059
-0.010720902975452449
-0.014380248073527849
-0.009488491142931522
-0.0038750123206975945
-0.00813524178183931
-0.0066776594757232575
-0.0055736533251329184
-0.0014677499488070201
0.0018883990222561208
0.0079625908357825
0.008039361986834734
0.005240371719498105
0.007543629495290118
0.007275813976833834
0.00469028936694751
0.0020898878785287774
-0.0005034959717949873
-0.004006233165317997
-0.004613782138723527
-0.0026854438868478773
-0.0023485750055677805
-0.002642223188938014
-0.0002232223210482001
0.0026808502161610186
-0.0010386572453608275
-0.002619280602469501
-0.0035638202187376657
-0.0021062246730306077
-0.0023604197603398405
-0.0005301618526563758
0.001769800913687467
0.0019650985443377
0.000618428454329314
0.006143807248129983
0.005472576955439367
0.005761839616251156
0.006558186013295847
0.005486972155677966
0.0016775347211370009
-0.0006873801903538942
-0.002024698573570284
0.0015529751309770676
0.0017802003382480518
-0.0003678265542802024
0.0015730261372804818
-0.00623404353747451
-0.005664175501912398
0.002400206805835518
0.007038416312441802
0.010581263946178362
0.005414875287452868
0.00379340445883843
0.0003617395520379232
0.0025858445272916074
0.004758191282062236
0.007933542756231189
0.005556380781104995
0.006335881839491451
0.008096391030181959
0.002054735909237217
-0.0031611237434325265
0.0031041071866152584
0.006828789553916294
0.007781550893586193
0.007753900489716497
0.005030813014921052
0.004391641427715845
0.0033581440403651136
0.005381537336203034
0.010004382001751015
0.004151685880064799
-0.0006858169898236966
-0.00048364868428072224
-0.0013581997602710152
-0.0009465332892643469
0.0016653250138789154
0.0012474339744263008
-2.893730754837149e-05
-0.0010456247910772805
-0.0005609472116409194
0.0008781183388975661
-0.0006677306744275871
-0.0001413100581676471
-0.004313986849716479
0.00012576248216210106
0.010671499856424278
0.010499603193948348
0.011086952322288427
0.006939200625016432
0.0027892069911384714
0.005033232200672767
0.0027599546651172016
-0.0018184228699425662
0.0022268098189022574
0.009686907268479455
0.008571140731879997
0.006624134178778366
0.0002900515228330885
0.004884302151935371
0.00358176124018834
0.0038888011392546173
0.00520553381420697
0.007545006289853322
0.0050669603849052836
-0.0018496638910283749
-0.004682489057756155
-0.004074559603863168
0.005439603107983827
0.005000423597899706
0.003561187898977051
-0.005197421916162255
-0.012349602565358343
-0.01299151164076046
-0.0133872010476068
-0.007869480080618562
-0.00816096309913188
0.0008783869335659041
0.001708395339022553
0.001205849221667818
-0.0017428701172486239
-0.002748333264730327
-0.007797596162233812
-0.008863342622372861
-0.007380866099072749
-0.006223374503606496
-0.003954575390680852
-0.0016944227256319425
0.004519690838151748
9.665138737204604e-05
-0.004491921572070155
0.001655231559563393
0.006243775202943069
0.0027660400568018297
0.004096464274708007
0.007976987793938049
0.006350492836723263
0.0016904793306205801
0.0017596730636325994
0.0050305936090313435
0.0013144992297884233
-0.003890250127156248
-0.0033587389910006427
-0.005352843963202877
-0.003218809354636175
0.001606727712214562
0.0006222315956947205
0.001564946366864804
0.0014981033022997087
0.0015406946533455383
0.0006275662711164052
0.0012602620489965905
-0.00012554388448617523
-7.461211548613333e-05
0.00613158993933328
0.0068968557686573465
0.010252486906669774
0.008524206870192777
0.010770885401550785
0.0092159968112974
0.008590091413022744
0.003395414830442028
0.0018052733279428305
0.002418144004260126
0.004947600970626558
0.011588067587329965
0.006366515933115973
0.0017846997930243802
-0.004122102531861585
-0.004426429686619639
-0.004045948387524408
-0.0028655881487738883
-0.003452319072447296
8.769393139656827e-05
0.002459426353357745
-0.0026978265780254586
-0.01151620548301308
-0.0031702007724909434
-0.0031012857261191796
0.0007536006587006247
-0.0021558944682435605
-0.0037145037466480083
-0.003986081471279298
-0.000343929800085263
0.0027921448292830605
0.00029572377236133885
-0.005726026670920055
-0.009367312886886959
-0.010283026596913387
-0.006126778744431017
-0.004653862758795687
-0.006059855603722165
-0.0056061498531949465
-0.007198120616801894
-0.008299690584815401
-0.005957668437919708
-0.005768906460856786
-0.008336554391009452
-0.011879624728915933
-0.009721597449191603
-0.009977442649912531
-0.007779737785503425
-0.005602317807150153
-0.005811439253396069
-0.0017820730725502632
0.0018281322529730376
0.002237606028003277
0.007229025313461368
0.005837119369150891
0.002099785197617157
0.0012757966342710266
0.009199356315027685
0.009582374303935177
0.010189050535471386
0.0036232221197850163
0.0038923039304507375
0.0029905594399040245
0.00566794895606551
0.0065441714338111915
0.002787904576334367
0.004454669547985978
0.0036492770326053644
-0.008049480833664439
-0.0021764852137498305
-0.006031224254556738
-0.010035608332154163
-0.008393125317286174
-0.007924763569176726
-0.0035133450476010106
0.0064611246378678735
0.004688080598045967
0.003048707331414672
0.0022818304569920825
0.005159002180671671
0.006356955727345911
0.006291011027803024
0.0033884883029507993
0.0040913065910118855
0.002585472467562639
0.006762714654300348
0.0004910672006919735
-0.005558249854048355
-0.007071129249313288
-0.008996993608939442
-0.006024465618956909
-0.007761363814483062
-0.0035186179354520044
-0.005695585946081129
0.0017318457869030988
0.00710560844085865
0.004646256811383711
0.0003941228964183911
0.003289877795586695
-0.001520207099582029
-0.007854419303550752
-0.004822981335159781
-0.0030749885999806037
0.0015688510888038705
0.001473465046139312
-0.0030847740646783614
-0.007074355606570936
-0.0025462861647178306
-0.00036297006932280775
-0.006306402356725918
-0.0029452912886014206
0.0011103259624263442
-0.0002178698134392623
0.0015503737575252997
-0.0005684157530489643
0.0031016457746589356
-0.002033653746149219
0.0012314858648396281
0.005537450532154529
0.0072146448733660775
0.00532847605913861
0.001754328157439989
0.004824655766402238
0.006842608076317036
0.00396313022619849
0.0008890824642256702
0.002242671869068469
0.006878927996213998
0.0048276405478387754
-0.0017685038472310367
-0.0028039103855857957
-0.0010749382855156052
-6.957749441452765e-06
0.002600261538296246
0.007398457906621995
0.007108548236497265
0.005213753503438927
0.0038842947677629703
0.005489067923843602
0.004146782299319982
0.0034299806895553985
0.0009626597455483951
0.005151010566947807
0.00622025799812048
0.004109926080968082
-0.003718745901326545
-0.0011910304693472493
-0.00474867224872493
-0.002091656838988424
0.003856056432207399
0.007432494569142616
0.008354489892662048
0.00405038305190217
0.003012915652170508
0.0007214611472454864
0.0020272582824948384
-0.0022426967083432584
-0.00553743376070965
-0.006271822301959301
-0.013560255177144034
-0.007624069459250817
-0.004795050782674375
-0.005939285099250355
-0.00272881060755083
-0.0025184608798458105
-0.003983169538654917
-0.000898556023706162
0.005656653846343033
0.0072578764424789406
0.003085287931990725
0.0019204556463678607
-0.0005102496301969122
-2.9150929860741178e-05
-0.0033865624817579093
-0.007567928222784881
-0.0030412121425537494
-0.006625166522997633
-0.013297573917269195
-0.013452188838907166
-0.008524765698967379
-0.0012796577180465907
-4.4415300615157774e-05
0.0056155974172721725
0.0064094518600974395
0.003044407822295696
0.012959092747936288
0.00898964603398517
0.0024992534813165256
-0.0007893634546661301
0.004123986861567435
0.002421662170839915
-0.0007697723654178847
-0.00489276296586109
-0.008608145847203914
-0.004492912742266898
-0.006737887284797419
-0.0032190449545179737
-0.009268084477890494
-0.01213022323615476
-0.002023610566913284
0.0005478953697125366
-0.0008953988820284897
-0.0004943886956812281
-0.009071970004561869
-0.003235870080005092
-0.004304266134694759
-0.002659178451274326
-0.002533647032284248
0.0004307341359888349
0.008763928350009576
0.007127653419890729
0.008021312273287312
0.012486282035482568
0.01194073698679142
0.011276317427510806
0.004067856281441188
0.0043627857880362405
0.005096651602438968
-0.005352434919958523
-0.00726760097612429
-0.004598790669075389
-0.002004817796117776
0.002244025990232856
-0.0008812813498777793
0.0013857463537334746
0.0028341022233811567
0.0035602326608473508
-0.0008997284246846872
-0.0052025173028280676
-0.009347578928334627
-0.008852724848507087
-0.007848321614885474
-0.00575052647623183
-0.007774549980099082
-0.010993710755112896
-0.008016394585916277
0.0015349514530662786
0.009578460924729004
0.0059006122145472
0.0023105853535390895
0.005162126196834928
0.0004981337602399047
0.004432399331671511
1.372505869523157e-05
0.0005844659601285978
-0.0009090820780869109
-0.0013085716645601796
-0.0016410775808721374
-0.004896093533413866
0.0006447553243003978
-0.0011044653334171001
-0.004483817443468056
-0.004742952014606448
-0.008482740984415496
-0.006216421704581465
-0.0006140681002500019
0.0005805195323283405
0.0018394625006121093
0.0037227890837751333
0.012735140648119187
0.01378917624121041
0.014592360342696988
0.009163907935991185
0.008674012479703399
0.004925859927425184
0.005779455988045263
0.002757040605015868
0.0007631014353825211
0.0003765209609440047
-0.003570622062774377
0.0014151295801819164
0.0037303887489116613
0.00040797202944227315
0.004695989817376918
0.005721100560589314
0.007519136815197899
0.008624480191261233
0.007069415304377935
0.0038503835393121173
0.0064074261790717174
0.0020159321222725417
0.0016407640515230441
0.0006780961634256257
-0.000400801914461494
0.0034814408738381795
0.005627543333652782
0.002383876858832937
-0.0008153848205611544
0.0043748386937493815
-1.0166867373160931e-05
-0.0006809092101337386
-0.0010454207542121671
-0.0007234303331617189
-0.0002855921802363025
-0.0058577986149835224
-0.0123741686307484
-0.008715651770933374
-0.006354867791969046
-0.005600431129234127
0.0030917130300281755
0.002641556753022433
0.0037124273648516445
-0.0016485283336281245
0.0013587888774349367
-0.005497085884187252
-0.0058422478700804505
-0.005317534324230552
-0.013344841734261006
-0.019040551150803383
-0.021488727020582053
-0.01491658666595953
-0.0062758576119972
-0.005530618718171332
-0.006120538122993206
-0.008276937643528085
-0.008165070934402925
-0.010980988649243845
-0.009348686179137772
-0.004409448900796688
-0.0009658346920203886
0.0016668677964024575
-0.0016770647443944413
-0.0008106864681517009
-0.0015925461863838194
-0.0020447029179707513
-0.0070389841533687264
-0.007008076073804446
-0.005372160318097331
-0.0030985745745142844
0.00016090274794577393
-0.0009684775025402023
0.0009999069609501155
0.0006505283608633106
3.7814878274587186e-05
0.00223288182473719
0.0016141593560770032
-0.0018899731759235343
-0.002793761746496792
-0.006717203798318799
-0.007994995199468937
-0.00283624845165096
-0.0009921238032805705
-0.005791969583563292
-0.011014382606810539
-0.005192260024226961
-0.009673259552504698
-0.008235482898847558
-0.007638058393325828
0.00036375027150891293
-0.0031312560735939163
-0.005916095469747299
-0.002539348927446237
0.0017010970119129198
-0.000556358770313687
-0.0030200009274500375
-0.009480757783777922
-0.0004253638107451391
0.0037252918266518905
0.007736761998504138
0.008839240653416734
0.009143295027524036
0.006236372672753411
0.0014392347679298377
-0.008645597678757885
-0.010480440926130487
-0.0006587988775582191
0.0038072883185180585
0.004950164059154093
0.003047622209942689
-0.0012542321633409444
-0.002615087448610056
-0.0018868481432868381
0.006109735149305472
0.00826781551702109
0.004880398731160572
0.003960487850419182
0.005080391679963886
0.0031919889005959413
0.005470372339135102
0.002109867686444186
0.000646659578206389
-0.0012688934389541704
0.002193592205291659
0.002954958333042889
0.0008669253181077593
0.0028369931170108987
0.00854450546078572
0.00497032500405495
0.002340958741292807
0.00016624028531739854
0.00016026057458593242
0.0008584839639252373
-0.0024668911054917296
-0.006937309711346013
-0.006637977020599639
0.0007220816627016316
0.0014438772711649207
0.0012127927391359316
0.0004946620124507916
-0.0026687693531481506
0.0012263613719607146
-0.0038870607169716027
-0.007098492113367242
-0.001601521060839904
-0.004287314824644911
-0.009893226425490674
-0.014147414591209136
-0.008257800936006116
-0.00212998397817558
-0.002245884411728121
0.007770931795321074
0.010147940282591061
0.010804175769688045
0.012336875877165391
0.009512067769749465
0.006004899860588749
0.0038084046166930127
0.0058588031711522505
0.0030018137693773725
0.00042840273259962705
-0.003246844199350924
-0.006582675598353625
-0.008583338479066038
-0.007641970879326756
-0.0028670020581918025
0.0015182063464912556
0.003117974919073068
0.0021292662030139207
-0.00163509700212714
-0.004221111119182768
-0.004644006624491342
-0.0006856707716113875
0.002457133675747769
-0.0003054985110141781
-0.0028691898028957805
-0.0020206424396456354
-0.0076121710047935155
-0.006556380511887871
-0.009698581267331249
-0.011350643226691394
-0.00978658235017078
-0.00756734702584699
-0.0027697817850481418
-0.0017772199701308056
-0.0016715940302919154
0.0016430579741662356
0.0054840606876328185
0.007598004100673943
0.00284335297841403
0.006859355401597257
0.010987850134663944
0.006408034822382238
-0.0009416522119354205
-0.004648780424495081
-0.00399931982238733
-0.010405331174133333
-0.007709672112354503
-0.0005794435322135386
0.0011420970772234235
-0.0013832802496369456
-0.005690598546755517
-0.015371987096731253
-0.009988241249902892
-0.012302727512627332
-0.01274503892070172
-0.006749238670975088
-0.004069873105745018
-0.0016377294632548495
-0.006325521066480144
-0.0041073426791140245
-0.0033963305291979592
0.00370892356207368
0.008528827869976276
0.0016371711116553397
-0.0011989092836243395
0.0030203584969294515
0.006772216459806961
0.008003311038625794
0.011012940547119475
0.008692069395635287
0.006273135290190561
0.005082902618830342
0.002313791937991462
-0.005949895669264186
-0.003195108074447026
-0.0020911971815546597
-0.001643634169937406
0.004939576545673257
0.005317002258350471
0.009758849341325005
0.009838880101719323
0.002479872777367664
0.008699379385285701
0.015087024974474606
0.0119457389523086
0.00975047053107605
0.008852057920863918
0.002151095412201139
-0.004135183471075908
-0.0011461146745512763
0.0011658042822347168
-0.002131721162956449
-0.005048136336273079
-0.0026194912779627577
-0.003592038670204175
-0.002030504580461761
-0.0010342721623121931
-0.004577351007069235
-0.006534066249084009
0.0009223185157252714
0.006865126235474945
0.0023520194651050715
0.003221480427813533
0.005658156840388331
0.013382331389950961
0.014719441396479162
0.016625042082818033
0.0146238418526915
0.008094611921986211
0.012716792951689874
0.013795800586263158
0.010700309988617353
0.005155437839269507
0.002129653439772381
0.00030413654911217884
-0.004154205003792576
0.0008669068074562807
0.004287544188232254
0.0061552411880442725
0.0018094027813733628
-0.0005926607028375448
0.0003561848987767857
-0.0009994392111061761
-0.00403409988028754
0.0035188912248286363
0.0015625675858100122
0.0025600164521612386
-0.0003018110191833676
-0.0012940109739587428
-0.0003842918650458053
0.003906601192764177
0.004327275222152607
0.0063173182025006115
0.005511459641507754
0.005014858458945919
0.0060065235584091685
0.00496627530795847
0.005099374135073351
0.003685821296701759
0.00027507249960382805
0.0004640306101818343
-0.0008566441251101869
-0.002460968572736414
3.4785323824508745e-05
-0.0008552484697795936
-0.002754866395599812
0.005168027277011248
0.00371425050620719
-0.0006123260254639089
0.00677026248956382
0.0020155073752962053
0.002128204226490511
0.003496980568016715
0.004560216333869057
0.009165381409994445
0.007370297614263301
0.01223509167680051
0.003158441630781301
0.0038773288750387548
0.0006762322317931819
-0.005941500353550829
-0.010422476189755092
-0.008774466180416109
-0.0051632189849037426
-0.003112101999442247
-0.0038502521614652745
-0.005360659361986464
-0.0024330850402187088
-0.0035967037005793837
-0.005112758787183937
-0.005207367606766031
-0.0014651017378440453
0.0007868684320714585
-0.0013243297272434156
2.8327902983380687e-05
-0.003895813180998045
-0.005647947606177206
0.0012597983534288703
0.00901734691141092
0.010932181822004259
0.011642802836071496
0.012745674707105982
0.010761980729798545
0.007077337756207078
0.0010988838709135803
0.0027301152986586637
0.0022195478482055315
-0.00391244724029562
-0.00013575882841155453
0.00500735998427835
0.004029891555390808
-0.0039054317849526276
-0.0022060534316382845
0.0017292643397304002
0.0036919364635251027
0.0032179017491464476
0.00607828731671958
0.006982711885870032
0.007172618360908455
0.005108602867411832
0.00047725474643710915
0.00024658491282544446
-0.0036678161908319656
-0.0016284939762351348
-0.003568976986604915
-0.0033527466436895437
0.000781496014448005
-0.007272164869104346
-0.004251661776382354
-0.0001853204918599648
-0.0029375837272306482
0.0020282151986862006
0.005527943502913624
0.005594783752732671
0.005741092649954559
0.002403302334572441
-0.0029492950520094764
-0.004882338528985543
-0.00495728937275008
0.006140099263940273
0.0066195936287341915
0.007660044164736706
0.005633613706061857
0.0038758179412010456
0.00841635239622904
0.004729556285356712
-0.0024512381661198263
0.0007867385029927622
0.002018221509184277
0.0005413553035396723
-0.004232604259258577
-0.0029544015306115132
-0.00723799865562532
-0.00457637943235745
-0.00479112451277021
-0.00884781463451488
-0.008847035611080878
-0.005672012302891553
-0.009418399865951515
-0.013207215345631842
-0.008619912071943105
-0.007333552028137014
-0.0023420260418282055
0.001351901430608157
0.0012336272423592578
0.0049469115225692075
0.0036804133083778432
0.0027893334149001964
0.005680849975445507
0.005019272321693688
0.003948662796423662
0.006823661853373965
0.0043089402969440785
-0.0003505184026202749
-0.0008844779927747798
0.0009923159922134539
0.0064485144113365775
0.007204194772981985
0.007068043782709553
0.007648210957919813
0.00837181610885999
0.0015710934212621608
-0.006398905433079579
-0.004948096738670582
-0.008218283337294624
-0.010715164476607425
-0.0035280215705604063
-0.006047963235387353
-0.003820451915170815
-0.0031754777713606584
-0.00043525493878631685
-0.0013521002977911032
-0.002902917257302325
-0.005400491258272042
-0.008635436191650055
-0.007972651499780154
0.0012918680086273786
0.0024098162579827406
0.0023418110416758165
-0.0021074227067006293
-0.0015130321694374297
0.0032530409080844635
0.001987230661631516
-0.0044217721164159516
-0.0027795784742443478
-0.005619824657477579
-0.009266254151515644
-0.011368856206882572
-0.007330397532934522
-0.007529600400364195
-0.008999125080490054
-0.008461737491137695
-0.005296826911126479
0.0006896851121152945
0.0005952599437984759
0.006050673225116147
0.004685942989377989
0.005554843469463582
0.005771450900545283
0.0076506293436511665
0.005015317857369729
0.0010538891490095145
-0.0026567226568256917
0.001301323768449724
0.007215745535802219
0.011803496829575657
0.0074734789238630975
0.008158370394197888
0.009255901801341754
0.008994732210389062
0.005843135928389721
0.005160644336314343
0.008121030350264267
0.002667601246378579
0.0052376264868057125
0.008446142631996638
0.0014681237212056852
0.0012832527895491027
-0.0012140482507591666
-0.004492729952656081
-0.006338871922071772
-0.003906312936452059
0.0010395600669929426
0.004624092607672546
0.005894034225672712
0.0009136477244591913
0.0027488464640953946
-0.0036071861291479077
0.0005019647998390284
0.0019062661211895382
0.0031618138321665313
0.002269344432337776
0.0025196824859898084
0.0030740319590637495
-0.002815718490082379
0.0014440903446403322
0.0005536638546463095
-0.010069205520206537
-0.009072966172012054
-0.00913939711309543
-0.008196853818622134
-0.00716003595153269
-0.00011779685797158834
0.0005173352747918636
-0.0009038942263347056
-0.004233923344373835
-0.0006029161305813962
0.0015732289432980053
-0.002368957715085451
-0.0030565470222258576
-0.005045513979713144
-0.0005095213477669206
-0.004840404914887341
-0.005453832914468589
-0.004148557289526485
-0.000804593287824947
-0.005278379053908952
-0.003209268314624451
-0.0028102879261915465
-0.0030176027387475357
-0.0008022440782962293
-0.0036685560966699766
-0.005435300807965328
0.005511424890271743
0.005539874529034499
0.0024083686016955564
0.00357438633356934
0.0012585065982662822
-0.0008790752755113375
0.0030621330520116214
-0.0002906409062220673
-0.004234830306251951
-0.006051175571988566
-0.003872318190987242
-0.004064630000737002
-0.002353967061477648
-0.002648514559695547
-0.005112237883801337
-0.005507972619468699
-0.0034954406909783083
-0.0062001818145330624
-0.0040983965729841166
-0.003996615535769137
0.006603793753552994
0.0037785475698089567
0.0018884958501560866
0.0032660907993670536
-0.0036775946616494936
-0.007861839705671874
-0.0038511951175336893
-0.0014379026792430338
-0.007267075563180268
-0.002945141631842412
0.0018785705033290128
0.010134092093278143
0.010119328116426844
0.006250131848489362
0.0105733631584897
0.009772292311275665
0.00955253302266178
0.007692489407971651
0.006441472974775945
0.0022443956686110924
0.00865957568977899
0.011884758480483558
0.010905339219800221
0.007627664721036375
0.003727222944341548
0.003240626920971284
0.002741643968345537
0.0038644253589886733
0.005164137596849071
-0.0002460574109257802
0.0038625936902378683
0.008682740020441906
0.0028916044939358127
-0.00187943974257174
-0.0053295928591912105
-0.005043661527431247
0.00020289954812167534
-0.005416230838675051
-0.00666561504420928
-0.002357534287820248
-9.345482958879857e-05
-0.004980350351959661
-0.005996549773174137
0.000249719142027595
-0.0026298133690968975
-0.00593061396141477
-0.014333015263357887
-0.014111171731787619
-0.0072026843920168
-0.00904653602396156
-0.00155132929844473
0.004851802303580952
0.0035101112564641635
0.0042741628004052965
0.005073593012284382
0.004985830202827893
0.008689672538302653
0.006584707188915257
0.011406430728076941
0.011373429518384204
0.007019297708957478
0.005573316088790987
0.00542222991547567
0.010920728205404535
0.010202996011149011
0.0012135494560407414
0.000667885532174971
-0.0011154824617450288
-0.002255784655134276
-0.003666628446754299
-0.002816776933895885
0.002098535413562498
-0.002177039168172312
0.0064783947336525035
0.009509421809653924
0.006557821903264769
0.002362119061429556
0.00436928591017814
0.004471430183418462
0.0014380630593565837
0.0018490235373418704
0.006691717184890116
0.00474542993422839
0.0065463750938086354
0.003394250452902188
0.00637612965892745
0.007525138470480528
0.004632967009012077
0.00192625628889169
0.0038976879749063275
0.0027282496047068344
0.00011697079806075312
-0.0021655208702565897
-0.005497040833086535
-0.00882723219224653
-0.015772677245584576
-0.015325878417525017
-0.011915579581618967
-0.00948284911563377
-0.006580960183493977
-0.0020281890984805125
0.0006525803860630209
0.0017619878727749567
-0.00247410203716402
6.589208872669133e-05
0.0039044616669578315
0.004983626490123513
0.00040771065403440393
-0.0034988009706905143
-0.0025573749576027678
-0.002705177845155631
-0.00890545467953286
-0.011243244177097406
-0.006356327079123932
0.000593153550232489
0.0009272376073509382
-0.00038212173913324866
-0.0020881723817349133
-0.0006934061553961544
-0.004203494345054974
-0.008121737621948578
-0.0013484724484442896
0.003912746977792633
0.0023978469565985334
0.003943828605155022
0.00039178193913271464
0.006828117881181405
0.0020515549011007094
0.0019805413738070176
0.0068903273531631445
0.005222989419940681
0.004369199982830745
0.001223775114515791
-5.338585236874785e-05
0.00436189735821033
0.004157191813528977
0.000891812213063275
0.001462834802619584
0.002181193736885881
0.0039749265905002235
-0.00041803393186948907
-0.0032584817702502327
-0.00407898557514289
-0.005286949372669928
-0.003970330691447266
0.00047592337241233345
-0.003139633927413761
-0.01040926536414124
-0.007264780401618354
-0.0073035255390928155
-0.004742872819683529
-0.0023341926329255983
-0.0019976069242452345
0.0012165785412645701
0.0009474879487183596
0.0008241923383886214
-0.0007819197016602865
-0.003197685704341283
-0.0024332367295577264
-0.0009832703404134026
0.0074030998870678625
0.007861254445286023
0.00657454945060354
-0.002285185810990422
-0.010506719192113123
-0.01210766075144196
-0.002320938975283098
-0.001110302172276391
0.0005165377973265952
-0.0028690702009524314
-0.0018925661091727234
0.00715032554138956
0.003110993759314013
-0.001557265839505204
-0.0027277500654876515
-0.0017309448868117862
-0.0027654831604518298
-0.005290552801462484
-0.003638498832278177
-0.0002835918936814013
-0.0047740256285579204
-0.0042562068894286265
-0.0014675077916198448
-0.0033095243670173973
-0.003787710865569172
-0.002027314350201215
-0.00422685468865516
-0.004153385318975203
0.005649909769841958
0.0015945756506913979
0.002040476699741828
0.0015823532605058178
0.005298900488204564
0.005569989716759235
0.004429426905914763
0.00345315923739458
0.004842847893357096
0.006991556703576791
-0.0031404738425228314
-0.007164377419163738
-0.0002997783672679127
-0.0026114404738605637
-0.0028955809947729207
-0.0037042346254954265
0.002779465480356673
0.002657809682228736
0.004130603255454814
0.006037912611755289
0.008096661218042785
0.00368057116198258
4.5173313914930314e-05
0.0020603517404540195
0.0026332139557964165
-0.0024103361931964015
-0.000193792247672231
-0.005522268391680014
-0.004861296199011594
-0.0007067767610471413
0.0031880582831644373
0.0020120065969914244
-0.0003332908922056155
0.0022448811693195183
-0.0015131929473599425
-0.0028399342371711474
0.0007970946819403426
-0.0003117433784787321
-0.003895146887183298
-0.008307918277675084
-0.0013735037791148994
0.0025417618184489362
0.007251986111704905
0.004577539383615272
-0.004162865690490881
-0.0033446659733426774
-0.0002305603583705574
0.004930733024239171
0.004246939629298222
-0.002683925637385278
-0.0034062013222673064
-0.003529866734365765
-0.005441456678973498
0.0009743692702202662
0.005141678171439099
0.0034717597296187266
0.003155075160266473
-0.00038417686535960403
-0.005435692636586297
-0.008477920994547727
-0.0010730193235617925
-0.0008803517143562667
-0.0041861892583461785
-0.004365643415518211
-0.001783692380653337
-0.0020219272700217734
0.008567555694384003
0.01055011994804487
0.009676010576478692
0.0037543151579120795
0.006673780790276854
0.008656291158616452
0.004601764304890448
0.008432161331011032
0.002920387299478046
0.0022965576640906968
-0.0025510604768715648
-0.003035455557036244
-0.004765850866180168
-0.00018767814611598657
0.0006453742623394481
0.006228838437224624
0.0012558924639883692
0.0008340537727361401
0.005154036361351105
0.004417626689971133
0.003153967322349637
0.003517708961660868
0.0028918530555660208
0.010055560017678515
0.006083666245055968
0.0016548757817529346
-0.00220197627498355
0.00020593832995425662
0.00283078331885832
0.002998120861694877
0.004370605651011706
0.005456444817934606
0.0014182605466902074
0.001289224462656258
-0.0007655379644065695
-0.00625785553977233
-0.004179967794473284
-0.0036960290691820104
-0.005845512874484942
-0.0007506452323370826
-0.0017295938482082736
0.0012267993838420603
0.0027403475491694146
0.006066061979348018
0.004679682830053751
0.002078895641204255
0.0032961618520645267
0.002038992247409637
-0.0009493692440455462
-0.0063229816750399685
-0.00011380559796949109
0.00040270551399436503
-0.0027232869008431185
-0.003250147671258431
0.0012952220433625485
0.004930782131572744
0.002737072611892133
-0.0016775280618418686
-0.005701023459827836
-0.002483591423400108
-0.0031736937250997663
-0.0033708882221246544
0.0049356122053412985
0.0039813731283985234
-0.002110368510685373
-0.002307773395577732
0.002104276886252696
-0.001110967206750007
0.0055895567747018945
0.008635679348923828
0.005335332907448947
0.00044997935412937934
4.952820298202768e-05
0.003334329576372114
0.004576220388749943
0.0037699945573887723
-0.006063320939486273
-0.01086404535686631
-0.00676013097986216
-0.008171032041175738
-0.008848932264304282
-0.014063646475899007
-0.009819774803617957
-0.0037384881160351957
-0.007675345668689315
-0.00924713247182952
-0.002011864559869934
-0.0011160382027002914
0.004506302356533733
0.0019980113225532745
0.001743498142036821
0.004777051346530047
0.0093669375757148
0.007842792652892684
-0.0006186389493227156
-0.005023648051278959
-0.0028952293597765506
-0.0068367144906756935
-0.005726988953680283
-0.009924997897007319
-0.009832104581311903
-0.0038092806739631296
-0.004113722996678252
-0.0018317965118065645
-0.004154847645278057
-0.0035077006390748164
-0.007410078988199165
-0.01090120048664712
-0.00039952586205256905
0.004322808605142619
0.008363231611077191
0.012366366639459815
0.013156721904265603
0.009022796515957547
0.0026943024320822415
-0.0010849486637944524
0.001632765958147874
-0.00469049176671807
-0.004134698999314489
-0.005145439955958618
-0.0065630157395165775
-0.00857859002290511
-0.004806629276435778
0.004808456911821932
-0.0021655429290264954
-0.0040400184893722236
-0.002283922459730183
-0.005860324898049729
-0.007688516766480701
-0.0016272915076005136
0.0010172168850794885
0.0014581232689513956
-0.0003484935103642455
0.004154877788142427
0.011545601926184321
0.012014639357525104
0.006746971940463877
0.0003402285395151592
-0.0002684542832304453
0.00555748163614769
0.0065198886030218344
-0.0009270282009820022
-0.004126671452545264
-0.0012696829174387283
-0.007649397630615886
0.0006111271416346774
0.00889926779825824
0.003139875805780022
0.0060912688973672685
0.002261570945962979
0.0010165831014165073
-0.0008419140234102361
-0.00255503342543239
0.003328845848303402
0.0025668802187766627
0.0004950041050459411
-0.003701814813252683
-0.004658317301881757
0.0023012235858368034
0.0032596623190362457
0.004179367970953114
0.0063854010478086075
0.0031197675879930317
0.006336867998493704
0.008111726681258598
0.00482827923165704
0.00046273391304082584
0.008591514771534704
0.006942007837152328
0.004080613154199356
-0.005798153598852407
-0.0084999397757868
-0.008837205245698952
-0.008665195665521938
-0.009841113164115945
-0.010598590408056663
-0.008687834209033816
-0.006752028852900731
-0.009920024288433178
-0.00830848101764675
0.0016871939705772698
0.0011967762648622318
-0.004740318390502029
0.0002184895548005001
0.0031248791339206104
-0.00014712690189866935
0.00023574278558849654
0.0024021536811869924
0.0039529409221797105
-0.00136024455324753
-0.0021022968488221337
0.0037732217681074568
0.005779668882121428
0.002652690566802487
0.0015257790852317014
0.003333884180628128
0.0006448905765350542
-0.0017453435500550596
-0.0014376716929913416
0.0021761145883588033
0.0016792829210560526
0.002002862845721289
0.0012136287251936142
-0.000511178621006205
0.009604774630195066
0.00619882592102152
0.007494735593746402
0.007534890123495382
0.005620057631918056
0.004224231529873647
0.004596657258251943
0.0010122619353721538
-0.00220336208756899
-0.004386574314713665
-0.007007183908022862
-0.010681582005285455
-0.012002770007813423
-0.009123968495177041
-0.00586031796311322
-0.008827238026818746
-0.011506709376703794
-0.010903454113553666
-0.001160055132675338
-0.002246247881693994
-0.004889738751809844
-0.0022693173986934735
-0.0017388655408574801
-0.0001821389287720055
-0.0038791897830540443
-0.007216143402118887
-0.003857066028797896
0.0019055334286197918
-0.0012033139641145696
0.005069911604619423
-0.0006306962154036328
-0.006206973967219486
-0.009789160849546046
-0.0033716416961465643
-0.0016376216059087857
-0.0007558626559822318
0.009882144236381266
0.01028046849341031
0.010522014303240236
0.007071717126335589
0.0019841420694208718
0.0006656679776019526
-0.0032547412450917084
-0.007831304280532223
-0.011262991075508261
-0.012301027207904614
-0.011669840010515787
-0.014136625132142335
-0.009705291701276316
-0.007286578708521081
-0.0045371772006450005
0.0007079707323698123
9.548041400551933e-05
-0.0008886314924302631
0.0002169759927088018
0.0037511398393119968
0.0017112272363479964
0.01228247688889259
0.010377896912358877
0.008296569339251547
0.007664731853591367
0.001300425958501258
0.0019417390771890469
0.001346831947139044
-0.005955109680410378
-0.004418155549043828
-0.0006874299854457232
-0.00020745115671693776
0.011210588256534856
0.013904457332066706
0.01783554940934087
0.01820663636087682
0.01188043441788123
0.00915904227953776
0.00549461707638388
0.008447008950101127
0.011655700774724968
-5.724567032181779e-05
-0.00013648731689998512
0.003529069319879782
-0.0021331789346952065
-0.0036238423784324242
-0.002639816443001523
-0.005347230629389898
-0.01352711430238651
-0.017691845107175214
-0.0141601314503534
-0.009754413615838
-0.007370808219126385
-0.006276141398125234
-0.002387963632608006
-0.001348005465602445
-0.0036917564335076005
0.00410420785802888
0.00808817834705922
0.010346338159432427
0.006119062832618435
-0.002936479648259984
0.001917986609882424
-0.003783631784927837
-0.007455435950933573
-0.0016733696287682563
0.002408533317352038
0.0094474564582233
0.0044527880089350715
0.00587149884858959
0.005790603770263976
0.008009327353896324
0.004393000567045244
-0.0012000157072587733
0.0015324233026336837
0.00185520962886848
0.009909729910875043
0.007880855985060099
0.005093644421899804
0.0005807642403600141
0.003876164563046288
0.005326225818805565
-0.0005418092379295863
-0.00010030088459478608
0.001980733811232927
-2.7001927811997578e-05
0.005798681486209757
0.0020143188402476286
-0.0009899916843273617
0.002810818517011158
0.0013135487757609148
-0.0015681659558670416
-0.0014457611858189354
-0.0039277193453954575
-0.0006423194255583642
-0.0015769281476861543
-0.003877903529346054
-0.00010324576076624964
0.0044900285365481185
0.004348976560766592
0.004522531001905858
0.006206917672543102
0.0033871523737504777
-0.0004978184158644898
9.960603242557804e-06
0.0021285047174154433
-0.0005668367037509931
-0.004322421057156428
-0.003518559801413613
-0.0010912869694059328
-6.651633879332305e-05
0.0037856029498611133
0.0037726392399219893
0.0054009807650744765
0.003507616115492893
0.0008684092459386776
0.005120102672897267
0.008761892243160579
0.006856311679987474
0.0001992361049616134
-0.004882827294833626
-0.0013421460393141195
-0.0017520539770296054
-0.003862931867844966
-0.0032495275849174564
0.0029167479601414662
-0.0032942822834703725
-0.0034729974119896653
-0.004615863529146292
0.001905398108391965
0.0031724188057065316
-0.0025798702040405754
-0.0018093152971535706
0.005765226607129265
0.004922467252269114
0.006295541274558377
-0.00280610031194114
-0.004683012921165174
-0.004823807472235527
-3.359741428864159e-05
0.0025258536473901838
0.004516296638040941
0.004668780647359898
-0.0030910172225304656
-0.0009093789422610261
0.0007101030375705004
0.004836590176650817
0.004190038948496398
0.006016599371554222
0.0017669481721751543
0.0012298731376438768
0.009362479980640324
0.015496596613444632
0.01763601798741664
0.014327824798760217
0.012158861353942466
0.005629739728653343
-0.003144611603471428
-0.0015804872561822859
0.0063971498402484355
0.002989977567192286
0.002567128327200595
0.0034211463095340333
0.006514789923823433
-0.0005080151905717211
0.006156443358903049
0.0063955359038504024
0.0005930298315227944
-0.00889440101282469
-0.008146457906610583
-0.0033429751775137543
-0.005921810092105718
-0.007545416998196611
-0.005378600761190561
0.0013550112309403382
0.0045768302722020825
0.008677881184339379
0.009236731169997067
0.009597932973222137
0.007177892334938117
-0.0022563923782134886
-0.006034766032987842
-0.01123792568710752
-0.012589242014594606
-0.003982570967749934
0.0017535480481941888
0.0006363334769426745
-0.002677845657516769
-0.001462619208505273
0.0016506695557173235
0.0061754200817969234
0.0024365124025308945
-0.008328980093562262
-0.008001214725903347
-0.006312744907752692
-0.011294775295744353
-0.008748352064743862
-0.006567076572674245
-0.007676437347711254
-0.004548590987432503
0.0014921672517439223
0.003282242479405257
-0.0026683890662455648
-0.011761044234369395
-0.0014645678723461664
0.009570324669598477
0.010284786506087952
0.004515412620066844
-0.0014806978823739762
-0.0038252085376050005
-0.0033227455069261597
0.0002262200384299839
-0.002590319055722756
-5.675201532454053e-05
0.0021735516323934927
-0.0032735492355958746
-0.0006936821675568482
-0.001636920638267519
0.0025198826005294775
0.007655572506204339
3.754095653701312e-05
-0.0073126010718123245
-0.004227346254819086
0.0034908810679938115
0.0041992403006210705
0.004900318852078469
0.005597138535867013
0.0034438924623881088
0.005480935493573488
0.009996144364401004
0.011837606227178851
0.0023142910649714766
-0.0032066698663464886
-0.007236843943632605
0.00027716071208954904
0.001110499514137729
-0.007445012975055161
-0.007964765751422583
-0.008899811140732256
-0.007110782814310015
-0.0037615644996111448
-0.004944856403191085
-0.003996268831622809
-0.0005208076383104962
-0.0028342832243802647
-0.0055505355793303264
-0.0023523771637225933
0.0020381253298401825
0.004652849849005612
0.006665255670098184
0.005511582642498174
0.005716527687252303
-0.00402520018071932
-0.009102579469494766
-0.004018701421375785
-8.214814806462957e-05
-0.006417609736689281
-0.0069924339300604
-0.00508142146820248
-0.005780817002812182
-0.005480959354773858
-0.0034456288976543355
-0.001484582994887039
0.001693326432123867
0.008348728158863103
0.006064632415480941
0.003965353908350265
0.0019691262500243136
0.0014941787817522023
-0.0021990738005026648
-0.0009860878263662607
-0.006687207214162874
-0.003681037301635738
-0.004170849317340732
-0.004450709638460763
-0.0015583686670835796
-0.0005784069680152713
-0.0006236030075467947
0.0007448325818035773
0.000516154535967385
0.0036556831821935847
0.00627805733890769
0.009324722149002563
0.0011772527229154902
-0.002261728454832559
0.005455687536172865
-0.001075285115009055
-0.007395458020918441
-0.0037756547786072276
-1.055326082064447e-05
0.0005904997108780268
0.003058510359628828
-0.00041465633652246106
0.0008121665853078308
0.0025638799484714527
0.0064288026941329325
0.008449067664067828
0.009338756243627728
0.009162409746470488
0.002632272636577976
-0.0023247937595403416
-0.007522675739383325
-0.003163035936764059
6.583842181513647e-05
7.555694442398072e-05
0.003994610642554652
0.004813585598754392
0.0028864250962049418
-0.008118413597637843
-0.005445115365791169
0.0013613761906083497
-0.004024835949254397
-0.003311788741002721
-0.0050709897758686616
-0.012133944986026515
-0.005384273675608861
-0.0071964484689559785
0.0014547817354209668
0.001103450288568101
-0.0025014035307780466
-0.0031365303161721434
-0.0010991027469212612
0.0021178936478474745
0.0036944243726400473
-0.0031437550421423107
-0.006672386511685672
-0.018086435744388094
-0.015584765048999505
-0.007284512800118755
-0.00230588268992239
0.0029149078168246275
