1.0
0.9669209516396003
0.9362142310581703
0.90632801244434
0.8776126273320534
0.8501056452981965
0.8236119171385574
0.7978898183988898
0.773087515036831
0.7492570865423366
0.7262370200034203
0.7040843801245824
0.6827293224875581
0.6622778530840397
0.6425636444434522
0.6234939185834132
0.6049696929457925
0.5869868120066857
0.5696155322702111
0.5526635057682522
0.5364461372370072
0.5207072697424198
0.5055899011804739
0.49108057504901687
0.47703195778131535
0.4633947656484287
0.4501922343823748
0.4373717337280397
0.42482800304860974
0.41271149859417183
0.4010431520468911
0.389664609482279
0.3787853143646206
0.36821174093228165
0.35792164814126787
0.348024373894162
0.33844944774884295
0.329174732301017
0.3201824109140569
0.3115741007750803
0.3032197241366819
0.29529552057261893
0.2876631790669041
0.28024876724763975
0.27321831520629125
0.2663739961965871
0.25980010265559816
0.2532648334166595
0.2469183057196895
0.2407321298246759
0.23478637466193503
0.22897856126731825
0.2234631015314449
0.21811333012128947
0.212812906384368
0.20778752881461887
0.20299757569028107
0.19834916743121517
0.193764833330075
0.18949373199913172
0.18526031902913648
0.18122059662826623
0.17730263714325428
0.17351204873472467
0.16990818729889762
0.1663973587453485
0.16292285074722
0.15957897571877752
0.15624910683869359
0.15303618062037433
0.14991432424519927
0.14698997541446732
0.14423905950876126
0.14159240752332125
0.1390910022280799
0.13665973232739384
0.13430491218888713
0.13209466460605235
0.1299410623565124
0.12777400855612242
0.12566971828341583
0.12362280391532925
0.12159469757440353
0.11953450206919287
0.11758635019427133
0.1156761698778363
0.11381052652948559
0.1120086699151041
0.11031496484486612
0.10857577108971826
0.10692464436161206
0.10531432730304328
0.1037219922317513
0.10216022085176736
0.10073317859929781
0.09932564268359535
0.09776176526985098
0.09619613591760791
0.09451396460456193
0.09288023798854708
0.0912332084455833
0.08961408282043945
0.08803348279859564
0.08642314436365389
0.08472339819695736
0.08299743624680699
0.08144720931589378
0.07997960422052115
0.07848021917442462
0.07709908550258496
0.07575828722069046
0.07440601809305332
0.0730156148248896
0.07162631780023518
0.07023901380732837
0.06887327418063066
0.06755971109927893
0.06609517515315133
0.06455149597906318
0.06295147368792472
0.06145630165108618
0.06004443831931383
0.0586693241845169
0.05729769516873334
0.05584407557448844
0.05450197795978173
0.05321834946552386
0.052019969785102774
0.050857184861139035
0.0497861762822228
0.048719560014592926
0.04756239895002615
0.04643864483053855
0.04536316636711405
0.04443430380159432
0.04362580732089042
0.04277396564455605
0.04196293352494278
0.04119019653735085
0.040452499447621075
0.03964595899677525
0.03891996488356945
0.03828454825835099
0.03771088315538272
0.037151013631785114
0.036648455989381844
0.03619645221679113
0.03572887724028774
0.03525505292417701
0.034829928684860234
0.03452841622917054
0.034098640575276694
0.033603382958545834
0.03313283480395821
0.032757483305230144
0.03248692254416543
0.03220765581602442
0.031964905264772955
0.031813472870951605
0.031750396361879485
0.03166310661059467
0.03159666738103499
0.03159350413444562
0.031600886372560116
0.03152802714110934
0.03136659055558637
0.031056327049671963
0.03070050959459904
0.03026422403860693
0.029702308179338992
0.029163016178191652
0.028553588233416503
0.027943646363772813
0.027348287807898993
0.026821511036877615
0.026257169264778904
0.02570590176180375
0.025211847509478136
0.024620258873202436
0.023935845839709438
0.02339904937338544
0.02286762088818955
0.02237691155981814
0.021975150031536352
0.021727966211233306
0.021474247425451603
0.02125910299557964
0.021058523659334746
0.02080955789665692
0.020492651095917885
0.020158317388702652
0.019804404629633385
0.019401433756794813
0.01888087530641983
0.018428811338075737
0.01800363626402314
0.01763840642477184
0.017340564789198626
0.016902299661764517
0.016485687684002548
0.016027559829597252
0.015577034683616188
0.015060906668188578
0.014636099088635262
0.014278509813717699
0.013853989792751849
0.013440473922177636
0.012962950354370693
0.012513356147792098
0.011990319915081291
0.011624339161799379
0.0112649820759164
0.010945906729390135
0.010647947280773807
0.010354645309912298
0.009972277475927492
0.009658661443451604
0.009318155280032228
0.009056239707830758
0.00891922955650359
0.008718239030520252
0.00846550536872593
0.008370151627035092
0.008279008993579322
0.008195274520356073
0.008273446262939408
0.008424151330723453
0.008314573613068567
0.008298393245182972
0.008272811365849788
0.008174356042201052
0.008166347767006565
0.008093184652755173
0.008021269134850732
0.007892123905390439
0.007724625088943776
0.007530231634263555
0.007395028452270617
0.007416780377702389
0.007502102832266742
0.007625007821778265
0.007793388840973694
0.007873932909328942
0.007999276493908943
0.008086635283997681
0.008124413006732967
0.008251703212396065
0.008444875687272422
0.008639446062703284
0.00889824492184379
0.009146564434394431
0.009398740998535951
0.009556095729948698
0.00982518564220599
0.00999563185925359
0.009968791620097962
0.010039409453259197
0.009866689468720498
0.009754339691819524
0.009550230739044461
0.009226128066716839
0.008871926171685474
0.008605320049816245
0.008349676152210378
0.008141604062917742
0.007893234336363405
0.007631945769559501
0.0074424147318585925
0.0072890592551952006
0.007087332669067761
0.006812891584554738
0.006669972182001057
0.0065440141497726595
0.006394074588971309
0.006214994047624862
0.0060114329996187755
0.005763799516278661
0.005591274385604798
0.0053904810973260855
0.005237637412095446
0.005203204070585039
0.005209702033750402
0.005300349810495148
0.005334360431599917
0.0053601458722023305
0.005313589558672078
0.0051709192064759504
0.005177676904851472
0.00522684841139808
0.005106797125000325
0.004978966332350309
0.004820306156541622
0.004716425156807354
0.0046175377321578176
0.004627008684401542
0.004581657524761902
0.004684499380704394
0.0048505344158803415
0.005018244118461148
0.005084790001608123
0.005171473651102758
0.005344166487359267
0.005467007446333354
0.005543744540638274
0.005548948747230299
0.005621504281927215
0.00566395176996532
0.005663996906538434
0.00569055126528158
0.005808712196160716
0.005921585765317116
0.006127172494349561
0.006350215082486889
0.006564105983143463
0.006709733950001173
0.006855199794058071
0.006961893227843594
0.007172686793720964
0.007327224875415139
0.0075892424581881605
0.007800998379714544
0.007993963073275042
0.00819075819828753
0.008400748467360669
0.008626617296795593
0.008761616444944375
0.008872362646248789
0.008879789815692226
0.008929786018966155
0.008889617716123888
0.008870597177445655
0.00891331061523356
0.008956298767152624
0.008950549743446222
0.008782903922643838
0.00851807495266689
0.008332633516811681
0.008122132967517808
0.007860959387124031
0.007525062785627591
0.007300535636429069
0.007212716060784891
0.006898927432189522
0.006607574694175769
0.006415164239697783
0.006183157123456449
0.005921326746048503
0.005751175274471095
0.005553532569933099
0.0053444229993106895
0.005081921235120462
0.0048431546640221755
0.0047071964668060715
0.004551170733005318
0.0045478550026480154
0.004482181179289391
0.004378508513324429
0.004400196248849381
0.004420616193601627
0.00442439339379043
0.004473358238115542
0.004603251918195584
0.004682001625490863
0.0048542646773031455
0.004972098312759953
0.0051284032998797635
0.005365916186239322
0.00552335773879742
0.005628702658858486
0.005595290615442765
0.005470456772739435
0.005253586008863585
0.005073664823386517
0.00484913580636967
0.004593955602215955
0.004357640876934523
0.004240915021816082
0.004227034723887018
0.004172360760561838
0.004096435695086689
0.00389537169249167
0.003728945861185591
0.003570540693893797
0.003474505249783474
0.003401344664843155
0.00343250954913666
0.003432603469301254
0.0036267075920557385
0.0037122631918033782
0.0037668211045644626
0.003816994013636329
0.003875731921323451
0.0040040840333405705
0.004154914049179419
0.004232311867140346
0.004247603186538083
0.004249591903721919
0.004288965896065129
0.004386866904019296
0.004314332752200656
0.004185715481563895
0.0042393706663259225
0.004327558274988465
0.004388391377544891
0.0044805683466225535
0.004606208730705165
0.004658367315976249
0.004634781412017249
0.00453887161860939
0.004500499577909856
0.004481585574555002
0.004462066502460529
0.00440637963048437
0.004284053523283944
0.003959254701545265
0.003657397072037711
0.0035714804186037304
0.0035102221370858573
0.003491654069652275
0.0035298079434539324
0.0035480636868388633
0.003593608785911974
0.0036932715778421766
0.0037408614824507433
0.003761914928082517
0.003760086610071271
0.0036508255300658245
0.0034520018823517656
0.003249247789289586
0.003011457066211745
0.002862520007814764
0.002742782662629366
0.002613885413931184
0.0025198681524723735
0.0024029412184840447
0.002311908345016399
0.0022252746751019246
0.0022143880281183226
0.0022804741321553815
0.002333600380150985
0.0024318002782373976
0.0024842352185332245
0.002574263848139757
0.0026712725771692886
0.0026047993064066298
0.002438498531064342
0.002342980669207894
0.0022383151308177094
0.0020501491769385166
0.0018165686465552162
0.001604890088152797
0.0013819441679573828
0.0011631324603947465
0.0009804672892637443
0.000767461413152938
0.0007856339008652593
0.0007596977230459979
0.0008297235862097067
0.0008309249438454619
0.0008181382516512606
0.0007422645106320222
0.0007590018864298795
0.0006997263261629493
0.0007242481856646954
0.000660488869151551
0.000614287460518197
0.0005524434094505224
0.0004495765846512825
0.0004770554968781997
0.00045895510755195604
0.0003985085868179165
0.000257185363735689
0.00022950999074118907
0.0001505115705220994
7.260199363452545e-05
4.176009731660323e-05
6.115048197503709e-05
-6.196046589678316e-05
-0.00018556154991269567
-0.0001498743105779951
-0.00023381367412061993
-0.000366350746251569
-0.0003475821429872085
-0.0001910232426585207
5.977157374520319e-05
0.00018644008274606435
0.00034888018304944467
0.0004510823741943436
0.0005355448269824886
0.0006199884072068838
0.0007256361592792908
0.0008616877743490837
0.001030823913691099
0.001169893500402637
0.0011749082912919
0.001047051374348826
0.0008870191976267168
0.0007033203151851244
0.000521701002934719
0.00038374814958077854
0.0002019319122116474
-6.507352566815968e-05
-0.00033320333174181903
-0.000611126036974162
-0.0008565463163588538
-0.0011098700012652223
-0.001388084910965545
-0.0015403820530769153
-0.0016818557043894958
-0.0017755472749408662
-0.0019783896210250123
-0.002155073870578496
-0.0023137542383988847
-0.0024445701044643747
-0.002610246974329784
-0.0028099436196129383
-0.0030442464457806013
-0.0032450638683682
-0.0034509143492434603
-0.003620936743728659
-0.0037074112610713697
-0.003697221317373591
-0.0036089887000692496
-0.0035111118719361226
-0.003436842239378574
-0.0033876421622632473
-0.0033548340026538373
-0.0032107924197903003
-0.0030635793660726083
-0.002947878424868073
-0.002861835645475184
-0.0026964057118339015
-0.0025040351220059196
-0.00230989226006747
-0.002205321484502713
-0.0020127553661335095
-0.0018174217460680982
-0.001638795818440029
-0.0013819821898799556
-0.0011990682047619903
-0.0011151374738539274
-0.0011280598973943735
-0.0011625154865359628
-0.001176829372411329
-0.0012080037779949608
-0.0012711872591089014
-0.0012185314789209922
-0.001321500412862979
-0.0014478636818049395
-0.0015488437685487663
-0.001646406198905346
-0.0015379406105549623
-0.0013854675729843497
-0.001254461404532808
-0.001326434030999768
-0.0014584300566877068
-0.0014558894111964878
-0.0013306992812452919
-0.0012858824643048983
-0.0012996070551974464
-0.0013689609923366337
-0.001490966135850719
-0.001646054441078408
-0.0017890518738345462
-0.001955201626740225
-0.0019053737623115688
-0.00185516043082767
-0.0017476826022296272
-0.001591716375032075
-0.0016023081135808869
-0.0016007288355831513
-0.0016133457093022957
-0.001706246988672612
-0.0016653616366167222
-0.0015436898560791685
-0.0014853769733461908
-0.0012954537787029945
-0.0011628100327366155
-0.0010534183636252547
-0.000985660360666997
-0.0008986706623663304
-0.0006972822868011805
-0.00048391599277933646
-0.00027848548043397757
-0.000110391816212561
0.00017184221472649625
0.0002733623769803196
0.0004760940468685902
0.0005672325150077791
0.0007604680873870886
0.0008478905246575121
0.0009674141965490669
0.0010547845664947918
0.0010874148472868207
0.0010651179295425124
0.0009284933720992444
0.0008288069431170639
0.0007131233955147786
0.0007156034434309563
0.0007436665352932952
0.0007627734800357951
0.0008910907833673033
0.0010020251389915033
0.0010917387189069798
0.0011354686801433958
0.0012036185015493138
0.0012576943317879048
0.0012843483808003264
0.0012781803085725701
0.0012176504240465598
0.0010603785453938014
0.0008033916176453346
0.0005814053245443496
0.00030828259546157924
2.6585491078896457e-05
-0.00033501109683537335
-0.0005839725958037676
-0.0008203801770916277
-0.0010645678014780814
-0.0012612295400383506
-0.0013995884584935324
-0.0015573382723430413
-0.0017570889424178662
-0.001962853292095532
-0.0021553492432042987
-0.002325683698371394
-0.0025341233526707117
-0.002764368696636935
-0.002917780669364913
-0.0032520970980400624
-0.003608411681654779
-0.003829082806426301
-0.004199088533123137
-0.004506945302939037
-0.00478595286258244
-0.0050029410005502425
-0.005093887045982461
-0.0050959196607688025
-0.005093955524243345
-0.005152724369127867
-0.005149416259328694
-0.005141506894961131
-0.005207985494729338
-0.005246990161907576
-0.005131515192558911
-0.004996187543755262
-0.004773277182486733
-0.00459089976312145
-0.004382639649150314
-0.004183011712375977
-0.003965023016267517
-0.0038108962388432306
-0.003752498052288246
-0.0036668103157316704
-0.003566518911532859
-0.0035420326244186345
-0.0035571119148023003
-0.0035981712644590764
-0.0036235073519658993
-0.003690829728613927
-0.0038787249256249413
-0.004093555946805831
-0.004309967909096982
-0.004500464020223171
-0.004789943473865154
-0.005048083552209508
-0.005311887239139516
-0.0055757268372075815
-0.005915463501342835
-0.006261850984142569
-0.006511291537351106
-0.006694922159911795
-0.006925917015716248
-0.007208433112470073
-0.007520990534951699
-0.007800180896927848
-0.008096277198020042
-0.008338350180211788
-0.008565910374901594
-0.00873598539605629
-0.008830893155045861
-0.008869223069446866
-0.008953655882463047
-0.009148449010308783
-0.009251441404414848
-0.009400149399149299
-0.009485935536834677
-0.009462339244311392
-0.009347815836893467
-0.009191007973715729
-0.009146953914851687
-0.00909495855132827
-0.009062250461234612
-0.009052230620513527
-0.009000279009160063
-0.00888370636387492
-0.008796551052274653
-0.008694752583776446
-0.008553321745237232
-0.008280939604571689
-0.008069950278520342
-0.007762463310845733
-0.007529341186337476
-0.007167213716100849
-0.0068622144453345645
-0.006596621348364344
-0.006463347894201815
-0.006315010412741815
-0.006279064982992373
-0.006120045299798483
-0.006020530503873611
-0.005844886188174762
-0.005644324785610353
-0.005477635624717716
-0.005321448809744886
-0.005240822984563677
-0.005166876775450015
-0.004996580403072134
-0.004956117488140032
-0.004855746072327733
-0.004811101739193939
-0.004811415359873074
-0.004704297263427028
-0.004603282838631206
-0.004495360999929644
-0.004417534228442744
-0.00424192678950071
-0.004082099026028582
-0.003943864361612749
-0.0038366523883345007
-0.003706590675040109
-0.003647133347819809
-0.0035311757406772744
-0.003366925448465499
-0.003093821506681738
-0.0027761482955176286
-0.0024615145514331133
-0.0021579039876020514
-0.001757458644832254
-0.0013589030899984545
-0.0008652948903963165
-0.0005013806339777255
-0.0002543902825906142
0.00010658683429870568
0.0003841817174352429
0.000718411653476488
0.0009811203374284483
0.0012667864435162261
0.0013645705582191181
0.0013803599692157682
0.0013527274865375515
0.0012954285595793665
0.0011040706107365902
0.0007327192906074998
0.00046255099421542293
0.00015548892836834093
-0.00010701528228918715
-0.00032661162092300754
-0.0005397559696948216
-0.0007644467526198559
-0.0008461899975047596
-0.000968497746914519
-0.001189943675859795
-0.0014506060623093381
-0.0016650812121157717
-0.0018584038622018848
-0.0020072364261658803
-0.0020710561546801905
-0.001966279345130632
-0.0018864850312798368
-0.001864529581327324
-0.001899157464782214
-0.001876313801887989
-0.0018282347490733617
-0.0016780846177662059
-0.0016513723199281063
-0.0015366075721016679
-0.0014569800903785279
-0.0012957338057180156
-0.0011082771656308024
-0.0009440679663622363
-0.0007637151711175446
-0.0006652905912081478
-0.0006927541625062057
-0.0006365342519723092
-0.0006130977294436166
-0.0005201166661835725
-0.00043062420649788287
-0.0004420567628135834
-0.0004060697084646977
-0.0003079554582323501
-0.00016662500878981076
-0.00012175392937813596
-0.00013667601114390255
-0.0002781639922419604
-0.000446910146152594
-0.0006388186800961352
-0.0008924614781458405
-0.0011849850538984135
-0.0016183553224734207
-0.002037189823463269
-0.0024468767970179384
-0.0027496916903296843
-0.0030195162572319396
-0.003298513397928478
-0.003527356123565222
-0.0036595935675096825
-0.0037375149107788785
-0.003768255603513999
-0.0037443642743995513
-0.0037228101997216706
-0.0037351982372206497
-0.003608909722137731
-0.003407632148609201
-0.003249620038962403
-0.003096830495558049
-0.0030621964039943225
-0.002940307515002045
-0.0026728720281992057
-0.00239876214029856
-0.0020531866061483375
-0.001694976732384894
-0.0014049975936702343
-0.001169353364061558
-0.000920310637000668
-0.0006870596375333499
-0.0005092021030820757
-0.00034299676159139366
-0.00010938993547266021
0.00018925613983721774
0.0005447176130046601
0.000890458569243377
0.0013381646643665802
0.0017823122600925702
0.0022282885762861457
0.002577225987890821
0.0028938446342097832
0.003152002738566249
0.003411147947629081
0.003610116392722917
0.003867871072056726
0.004118671596084922
0.004498639949016439
0.004709978097165185
0.004993462045196982
0.005324454656014955
0.005624049890197246
0.005935342832490759
0.0061289609413686975
0.006172540160223365
0.006216194159435641
0.006368829335663706
0.0065031124553170455
0.0065734552121634445
0.006642252811610196
0.006716750709453633
0.006798893360356838
0.006957058466423771
0.007118344347418441
0.007195910557384477
0.007232344064996899
0.007242184809722781
0.007307717820544225
0.007324682837132405
0.007221310114244579
0.007110192539996929
0.007084427737710606
0.0070614130047500995
0.007124294619012047
0.007084547695827727
0.007000424027099324
0.006898472897409227
0.0068298631816789725
0.006708850807958726
0.006621764713602408
0.006527990394632608
0.00645698391219206
0.006384786862410754
0.006272936025691798
0.0061200950148688005
0.006016687493729469
0.005931164796933204
0.005838706474442225
0.005614764755743146
0.005484042432992714
0.005357961282232973
0.005371911505026004
0.005312660506412382
0.005207074769152656
0.005048964237354122
0.004916975313660326
0.004724960436322417
0.004562288525472876
0.00445815878271959
0.004209470654727473
0.00410934674780169
0.004043490728934222
0.003921630523763157
0.0038209474387440275
0.0036814962349021184
0.0034828437636310132
0.0033642001433185718
0.003099283488256743
0.0028977557127096683
0.0027801518338835015
0.0026053653637976284
0.0023674872064735424
0.0019929603993227556
0.0015770087133734712
0.0012660588283895124
0.0010296440822327522
0.0007867551467775521
0.0004972617945292843
0.0001871221467861994
-1.2807517332150425e-05
-0.0001786425722456672
-0.00023682899907767518
-0.0001580989760458002
-6.532388369906855e-05
1.921493710660905e-05
0.00017407241409734528
0.00026614031284408933
0.00035339988329640256
0.00048335849005315043
0.0005722035936615521
0.0007212215447157841
0.0008938219793697973
0.0010255013331872485
0.001123101957434749
0.001303084689536843
0.0014101381907180887
0.001581172906976769
0.0017265127962353764
0.0018767300091937942
0.0020007822291782103
0.0021622976401986494
0.0022484953062779658
0.002264410665306933
0.002276563411920284
0.0024301922982891103
0.0025088102800433013
0.0024844107536055567
0.002679365417134682
0.002733393698598997
0.0028397091879415054
0.002929855760634827
0.002903506994758216
0.002931514468706823
0.0031332884467503543
0.0033299160960775366
0.0034900038072924857
0.0037590134947257615
0.0039456387370156
0.004123678563086342
0.004172960078718283
0.00413044706664218
0.0041160638084167065
0.004062853230529527
0.003948052031388723
0.0037579381615405853
0.00350124064799602
0.0031227458834268244
0.002876292491040076
0.0026339719911620063
0.0024795260976899452
0.0022878209976682066
0.0021442307505248905
0.0018605422418336674
0.0016547248240705637
0.0015587970255558508
0.0014889109952274182
0.0013803201168169975
0.0012921873443404272
0.001215707642882881
0.0012008376435018692
0.0011808657208380185
0.0012936593897749354
0.001360187410141589
0.0013451050561258148
0.0012142914061428352
0.001070406532100906
0.0008356760883656077
0.000495391764495947
0.00024581112484700325
-5.803311280885209e-06
-0.00020368789124768975
-0.0004978734010292641
-0.0006827600096335956
-0.0009159948324625037
-0.0010184885446735544
-0.001091939424371767
-0.0012127852122821197
-0.0012044424236515676
-0.0011797407423893124
-0.0010830548203100943
-0.0009625428685794046
-0.0007414443349555928
-0.0004667064028625747
-0.00021880016073373053
-1.9559347569512816e-06
0.00029240094486149
0.0006050283890051651
0.000876875933277812
0.0011672210456503656
0.0014230863346649163
0.0015712207456511028
0.00167328313165001
0.001777837983437125
0.001765174668955416
0.001811059905142398
0.0018769171395121402
0.0019058943930121677
0.0018295745056637427
0.0017767525183009737
0.001801817112981167
0.0017629738621501585
0.001777095773729062
0.0019034352761365528
0.0019424822954732606
0.002115955043499558
0.002183147554279646
0.002157771344108588
0.0021294845326887226
0.0022833141746144343
0.002506871799545228
0.002599361481869232
0.002592170101657232
0.002554022422536992
0.002569338616082959
0.002644683746609055
0.002660647088435888
0.002795978097429092
0.002972807934562475
0.0030941217867263946
0.0032560994826204798
0.0035284328478387486
0.003672812381600334
0.003844178133319458
0.003940807510285328
0.004084127776828245
0.004185797020068236
0.004276360687361517
0.0043261756444048964
0.004392628754517383
0.004500292808043415
0.004655489751258547
0.004847582874774291
0.0049152174625860055
0.005089290616622723
0.005134805579309437
0.005276532105313161
0.005386452906255137
0.005515116032217973
0.005671360470967946
0.0059188560040051574
0.006271472106803797
0.006614698043468457
0.006858556667883953
0.0070876288485001
0.00716725351753878
0.007272937971280038
0.007343822684159811
0.007480146288893828
0.0074709868952149185
0.007521166071534571
0.007555460953083766
0.007640977327804325
0.007670421562226184
0.0076176157114616425
0.007536023279390935
0.007435585987411107
0.007381525746117845
0.007370302985621754
0.007293498519408564
0.007181460695797838
0.007107063195774561
0.006994339140254174
0.006948396086310258
0.006872222696438256
0.006795750963605117
0.006746477639104365
0.006614092135147608
0.006500633850356835
0.006471036293522751
0.006573268156433395
0.006638547554997686
0.006605878016045929
0.006534281241871067
0.0065735758298973625
0.00647799401753843
0.0063108701450938645
0.0061481502965621895
0.0058754462302083345
0.005640783573532456
0.005299433566381271
0.004934994978832573
0.004509098670018937
0.00414975247746089
0.00398451256710759
0.0037697501207527994
0.0035666586785944375
0.00343224420354978
0.0033437410666919388
0.0032851834716069797
0.0033078102276130556
0.00334122894809648
0.003281184437365787
0.003132172166225644
0.0029709396285104678
0.0028327375938378926
0.0027202411650980576
0.0026349094131978097
0.002504071796999431
0.002331035924521171
0.0021418341814479582
0.001922889969492639
0.001785169035935832
0.0017229685440332341
0.0016211253622295096
0.001595604756646225
0.0016192274100952334
0.00144809010609636
0.001262720072385221
0.001096633291219574
0.001004401152635109
0.001010004093961256
0.0011867696653085264
0.0014141805564103435
0.00160839146285391
0.001857489152759349
0.0021128878371310745
0.0023081132053210376
0.0025764497233081714
0.0027699617249289186
0.002990547702830056
0.0033178894523787795
0.0035394790241793667
0.003910463319248184
0.004247667799901358
0.004488677324662545
0.00471454708384771
0.004923357524655563
0.00520321734749156
0.005413825084025705
0.005570204067329453
0.005714530473039344
0.005895410439393447
0.006004985582629803
0.00612360361462079
0.006166632060655997
0.0062325345939172536
0.006114636503187658
0.006008226817188299
0.005840406086166546
0.005766746372410467
0.005750157500281183
0.0056456823464369746
0.005531080164854235
0.005282859677692948
0.005083973428498905
0.005056040021720069
0.005149222204944035
0.005162364853075262
0.005110168429821515
0.0050139452468704855
0.005035690923152739
0.005117855890326288
0.005187238836345014
0.005284828305184172
0.005352927913514862
0.005456885124436343
0.005610611674611946
0.005950054758413406
0.006404114756449954
0.006791983439918972
0.007128801890833796
0.007444736423646784
0.007757546414875587
0.008067311723558842
0.008394365309942394
0.008639565633416025
0.008777454811718455
0.008739827490571676
0.00871466610214737
0.008633331232547779
0.008480646437249101
0.008314090003660063
0.008029602353378395
0.007785153013263571
0.007549254543868195
0.007429284678772551
0.007104482263638914
0.006719271191556528
0.006255422704227385
0.005895739558760443
0.0054498386985626195
0.005027513280820235
0.004648091702419811
0.004265832191045934
0.0038594259266715395
0.0034804645091272043
0.0030828374872495625
0.0027567079517252097
0.0025182884623843947
0.0022271364291395587
0.001966365188122236
0.0017104983690088456
0.0014511481068916823
0.0012736017067248278
0.0010584860876629843
0.0007698558141961184
0.0005286918384246464
0.0002338022674277701
3.9206855676115376e-05
-0.00023066487283002914
-0.000417101894087448
-0.0006623048879539087
-0.0008440088936908068
-0.0010020542991227436
-0.0012401337147066604
-0.0014596945733696437
-0.0015963012989014204
-0.001803932303561116
-0.0019594059380273823
-0.002069297106836593
-0.00211080841041311
-0.002225491576489877
-0.0022935658145426647
-0.0023846793129044573
-0.0024595770034922565
-0.002362735857121346
-0.0023124511721525224
-0.0022695272400499976
-0.002176302638468357
-0.001992537699503572
-0.0018106807417123663
-0.0016420318990835047
-0.0015619252273210602
-0.0014640333711639201
-0.001485468108937985
-0.0014727015102302648
-0.0016256261809555748
-0.0017357363453324155
-0.0018661046315976476
-0.0021555692754273875
-0.0024175081216703735
-0.0027236065035789324
-0.0030790914053505365
-0.003396340183441087
-0.0036911308671480616
-0.00412394899864769
-0.004442883075742167
-0.004787953207907574
-0.005182895257283327
-0.005621752501698858
-0.005895295031089901
-0.006188334523354738
-0.006532842606304362
-0.006937174022064839
-0.007404074137480912
-0.007940202729998845
-0.008464955187327943
-0.008936637858618552
-0.009378705409143939
-0.009828977367442279
-0.010195725447525008
-0.01051605884168156
-0.010781431073431103
-0.010979326164420626
-0.01112575005360209
-0.011336689611732256
-0.011508904965434748
-0.011638070958609898
-0.011772868435143273
-0.012005322114827478
-0.012159860704482916
-0.012261406813938553
-0.012311719912173877
-0.01227168484465035
-0.012222930234279809
-0.01217568287490104
-0.01208487660190321
-0.012086979166838902
-0.01202504746387697
-0.01199078747601935
-0.011851901928626665
-0.011776008775449648
-0.011574740624688934
-0.01142726144436617
-0.011292206712745619
-0.01116386739687835
-0.011000954812371976
-0.010870524331065277
-0.010785477685201156
-0.01074390645489373
-0.010645543289786072
-0.01055194211576179
-0.010372922338436065
-0.010177410826923406
-0.009901018255026112
-0.00960608103209717
-0.00928189608554683
-0.00895819427747766
-0.008600625196061388
-0.008292245037675592
-0.007982141495408681
-0.007745184278735504
-0.0074483942822186205
-0.007152231072070601
-0.006801619039220125
-0.006431771802824141
-0.00602836230438921
-0.005669201089099547
-0.0053091757365275934
-0.004889174403091846
-0.004466574860036729
-0.00408763415071908
-0.003652673502716092
-0.003273083693397795
-0.0029641642174786744
-0.0027190672497664587
-0.002529097182216155
-0.00230460646706334
-0.002200601572719642
-0.002164944731037302
-0.002047238641741907
-0.00200957928376176
-0.001976945994594843
-0.001919978062135729
-0.00174269528517693
-0.0015819341948468313
-0.0013705270846797286
-0.001187006753765807
-0.0010508966486294116
-0.0009331546578711745
-0.0007100120038203018
-0.0004417563941203706
-0.00031941531935687713
-0.000192167514920517
-6.147152287264145e-05
-6.135712195711863e-05
-1.594839450443585e-05
-5.183831050102103e-05
5.0146449289680666e-05
0.00020576524507502235
0.00032890040766723295
0.0004140281720608371
0.00034260004074577885
0.0003441758661796643
0.00031989281576826794
0.0002536905062580101
0.0002877616771917515
0.00022340067835318554
5.666272904487052e-05
-0.00024646725477912157
-0.0004166756526764978
-0.0005983732199888232
-0.0008197786074373148
-0.001041177861262962
-0.0014170192062902636
-0.001791796558808037
-0.0021032593687551667
-0.002369811671840389
-0.00278443292341314
-0.0033394328325713494
-0.003888050225453072
-0.004430296582252463
-0.005005459355038424
-0.005508927227359936
-0.00581415191251826
-0.0061738552857667
-0.006644664162862313
-0.0070087629437559995
-0.007346383498483253
-0.007641378915555584
-0.007830801471697808
-0.008067174209627874
-0.008356301421303183
-0.008640868289515796
-0.008872740038481257
-0.009005993594597025
-0.009079002595814432
-0.009204449011724163
-0.009222073383781724
-0.009323562037661434
-0.009356438583695505
-0.009318386895620027
-0.009162367444795257
-0.009015274340063648
-0.008914665098770676
-0.008763756038255322
-0.008578982336315433
-0.008604865086916512
-0.008668325814408377
-0.008768804940950281
-0.008866035482160296
-0.008916643294390757
-0.008843080810129631
-0.0087052557835871
-0.008528953189193915
-0.00837328905283871
-0.008170578238621861
-0.007875235641326058
-0.007546841454789357
-0.007139035803115508
-0.006770910233511667
-0.006445025614378561
-0.00618905914516627
-0.0059244724727427305
-0.005694020474795569
-0.005414666177761251
-0.005034889690164306
-0.004675261061656669
-0.004335458425912244
-0.003972460358008475
-0.003575537277580424
-0.003167596014720222
-0.002733739506798741
-0.0023230756012366104
-0.001988481797887864
-0.001811847211080386
-0.0016117299786772947
-0.0012901851534753012
-0.0010019295365050046
-0.0007256043624212513
-0.00043427063880953576
-0.00017354744052478635
0.000154456362022026
0.0005523507069643618
0.0009431640677441013
0.0011991159722039974
0.0013950887800233207
0.0016632384441774505
0.0019128145781946286
0.002252600498022852
0.0025669593473214617
0.0027910455019887425
0.002904775293120672
0.003049141501653835
0.0032079008176906228
0.003301989255884642
0.0033861017078303246
0.003471646155517423
0.003480936818747666
0.0034943875005544398
0.00361842612254652
0.0037448527100621245
0.003799413200222747
0.0037879365419280124
0.0037953222283332324
0.003829557903235271
0.0037848257536277218
0.0037236356978781753
0.003702546949193939
0.003715169625442259
0.003703383550296174
0.003733163471309075
0.0036903702962425527
0.0036505091089221934
0.00360552155619447
0.0035450293163506986
0.003491798861769444
0.0033564267688236255
0.003179012296084047
0.0029975303927247568
0.002837723236854844
0.0026181415935464724
0.0023557422859406857
0.0022292567961366317
0.001983632058962447
0.0018412678203218727
0.0016905228013176432
0.0016392194174111216
0.0014868970792628333
0.0013456989210558765
0.0011967439710174404
0.0010643675476408822
0.0010071475304453048
0.0010629328055774844
0.001152459029960563
0.001158287154638993
0.001267084609454254
0.0012652603866961654
0.0012087248997231844
0.0010779820962450763
0.0009963402951787945
0.0010506663078657613
0.0010721838795444336
0.0010549437862314365
0.0009384965652575172
0.0008485396257474302
0.0006611617155188879
0.0004398581162653237
0.0002822656579201359
4.8382579536008015e-05
-0.0002871486961021614
-0.0006941723332842217
-0.0010395463996950448
-0.0012362079937107524
-0.0013785683545106937
-0.0015479480899279912
-0.001555896444350794
-0.0014617448325504759
-0.001334264662509204
-0.0012090351591134
-0.0011483208999313707
-0.0011802000020049146
-0.0011949361257755239
-0.0011654204014498407
-0.0012084872514296677
-0.0012033308848680526
-0.0011386429982595018
-0.000999524736914952
-0.0008850053871627465
-0.0008614752708124566
-0.0007992724243583296
-0.0007464497151326132
-0.0006221387759199946
-0.0004104768254837366
-8.199950069833974e-05
0.0002877227702933601
0.0006939894826805469
0.0009599769379573414
0.0011948648618511114
0.001123827532972741
0.0010014060211556172
0.0010058939267259268
0.0009140780590985669
0.0007834510311430713
0.0006883548533677997
0.0006746107476215116
0.0006453100334497692
0.000581514340142503
0.0004963154330240065
0.000520018750880132
0.0004585007889244499
0.00042975918661676527
0.0004194618212027034
0.000313212245569715
0.00017824133720480235
7.71680515363598e-05
-3.480161762826342e-05
-9.689196113853828e-05
-0.00017930417365762583
-0.00035512178639938123
-0.00042895773496694586
-0.0005665842337576985
-0.0007285602044289463
-0.0008265164411663281
-0.0009615200722723035
-0.001036661742078514
-0.0011261749111134472
-0.0012145335504164763
-0.0013740477282780286
-0.0015897114883206957
-0.0017069284557031175
-0.0017399338440943855
-0.0018487738479587375
-0.001890182133600181
-0.0018962300099231771
-0.0019817244749838208
-0.002035999760532379
-0.002250899927187948
-0.002391509405080856
-0.002519750291004513
-0.0026271654915388173
-0.00256797666782112
-0.0025196150372672915
-0.0024509450510458264
-0.0024658619904756444
-0.0024683226400133234
-0.0024475917753125505
-0.0025146757765609497
-0.002537868970409901
-0.002671459506165505
-0.002706685639229987
-0.002823000954803694
-0.002786005827105119
-0.002683898493924671
-0.0026517075943160062
-0.0025988615829972152
-0.0024667828950440526
-0.002276271379447821
-0.002039028241525768
-0.0018968784101871734
-0.0016745884190792258
-0.001570491236563422
-0.00142825942239354
-0.00138858097597825
-0.0012509331516890668
-0.001168422308676316
-0.0009618050116788848
-0.0008188332135228122
-0.000673580650224429
-0.0005772291582947103
-0.0005448501898401774
-0.0006219198676580865
-0.0006497259281104393
-0.0007209842121556261
-0.0007516532708980578
-0.0008423297774128488
-0.0009101688728330896
-0.0008276538410132921
-0.0006950920341147092
-0.0007054067642570675
-0.0005823200114959811
-0.00037937078147769253
-0.00016741644431981478
-2.599905630983423e-06
9.677119466608795e-05
0.00026345598588330664
0.00047616304490523056
0.000612931184527269
0.0008401167849996088
0.0009920641612466575
0.0011054197759229457
0.0012882553983909698
0.0014703609112395376
0.0015299385447215248
0.0014925016675712446
0.0014309264512017404
0.001368266378896054
0.0012269871507390878
0.0009544388538623849
0.0007687359145789521
0.0005859138584139911
0.0003029308469120515
-4.670687275003564e-05
-0.00033906029158572943
-0.0005172258273648668
-0.0007029336778815892
-0.0008174922977729486
-0.0009951509853437057
-0.0012019642997916186
-0.001271881161119071
-0.001288269075792021
-0.0012747214594007782
-0.0012440512001429013
-0.0011149232151001396
-0.0009133137996628631
-0.0006731423181903376
-0.0003225938237331376
0.00011229887893212599
0.0006152798459706905
0.0011578206537551606
0.0016759185563095778
0.0021810349572637163
0.002651252307425617
0.0031202613966392653
0.0034937585236704807
0.003909085331553842
0.004374969235285856
0.0048226886365850515
0.005184597742279429
0.00556717589113998
0.005800571750774024
0.005935019464766485
0.006012240917957513
0.006208162757924553
0.0063892510973335035
0.0066001080674359365
0.006843681001294693
0.0071396927042642515
0.00748293307557853
0.007759845417587841
0.008114481036578044
0.008348956886457416
0.008620054384779018
0.008921792382828133
0.009147910604187966
0.00922588187134824
0.009267143168323786
0.009290710022301843
0.009409786028845906
0.009567059687604594
0.009701870963823862
0.009726754837437212
0.009801989726292861
0.009856985874858058
0.009842651305923608
0.009957651308990328
0.010067897864040274
0.01022326628027689
0.010477178209510335
0.010655519277573081
0.010919583964153637
0.011212265941199381
0.011383771116643602
0.01153826187070254
0.01165039606965876
0.011731620317196241
0.01171648471199891
0.011631780064193093
0.011611151205385781
0.011644616091062899
0.011733591941988898
0.01187512175056716
0.011912520710808106
0.011841726199931816
0.011889124003384257
0.011849826330459657
0.01162473633796817
0.011509811586341125
0.011357986043346016
0.011273230464487513
0.011171052724375819
0.011083781708107596
0.011079560925868957
0.011167262214758809
0.011318762200892578
0.01157382635646144
0.011780053723398408
0.012100783633312042
0.01215675069000001
0.012176446118668836
0.012160054655584143
0.012099895785542688
0.012020612790246535
0.011945438557661385
0.011972645489544657
0.012075537823637602
0.012078731475716573
0.012057687740091968
0.011987333987219934
0.011862540069379554
0.011912571720363769
0.01190780563821742
0.011893621191733405
0.011814904135033914
0.011802031886041795
0.011914565253972373
0.01199310417519336
0.01207101376144712
0.012171715136074887
0.012318707879147149
0.012497426374878697
0.012642366795879484
0.01270766792481391
0.012772757781591457
0.012763374620188485
0.012753543577977056
0.012850357944684617
0.012910832963549149
0.012905115127827832
0.012967604881064583
0.013022457021960013
0.013118456603331807
0.013119341362571871
0.013149664383964577
0.013182620984737083
0.013093030538578163
0.013060042883380977
0.012996886973738807
0.012801355059676023
0.012668207577957155
0.012544972072551237
0.012383225638237863
0.012187106522185645
0.011932831888299179
0.011579713858996695
0.011281029723739181
0.011004599272923644
0.010799450679368579
0.010712209328365335
0.010596546858020549
0.010494967344273718
0.010474461663244809
0.010345042120843653
0.010102741546933112
0.009903586459608331
0.009672496165135318
0.009357876460956744
0.00900638630338111
0.008628442453904695
0.00824397609622045
0.0077933584877158315
0.00732797578890741
0.006890448276610015
0.006614115144692887
0.0062850748873440835
0.006053778435658561
0.005891182503495831
0.005762728857702953
0.005628996964643588
0.005488717592266929
0.005293836700903829
0.005155578852192091
0.00502165988669457
0.005008088689343321
0.004887430610275138
0.004824058793784922
0.004792341438623476
0.0047324810403891445
0.004620722433765388
0.004522300639748761
0.004350818609752129
0.004171728808111279
0.003969702400887851
0.0037547710727008155
0.0035935261279871726
0.0033330383459627528
0.003152681640348224
0.002959666547880557
0.0027142930318645748
0.002466578198988094
0.0022548941560039367
0.00206903113682338
0.0018880654581455681
0.0017336670400684836
0.0016418506385337066
0.001469615731920303
0.0013152550964329781
0.001115946933636429
0.0008369946667816056
0.0005680735336607878
0.0004076177348803516
0.00024355313410955333
7.601639821917865e-05
-0.0001296140092950791
-0.00028775733578094117
-0.00040823909940515465
-0.0003501438035446477
-0.0003297530379158311
-0.0003803552448757831
-0.00030147531003726436
-0.00022592473518395247
-0.000170574697740004
-5.0069039905342544e-05
9.899180913451803e-05
0.00012269265285763914
0.00023845688310355503
0.0004471854622334437
0.0005221673231876278
0.0005729314803571508
0.000632736716546907
0.0005824521577641596
0.0005761583828432406
0.0004921865703848777
0.00030920812350571385
0.00015459513665761976
0.00010702739198645609
1.3210667739807211e-05
-0.00010017254863776407
-0.0001669410111705496
-0.00023730120216456244
-0.00035418905480956285
-0.0004588802932668192
-0.00044082113404428624
-0.0005747342771101375
-0.0005665348852100739
-0.0005922644235979755
-0.0005473100423422349
-0.0004806841202967012
-0.00038035983338863917
-0.0002559954674260324
-0.0002923399946139739
-0.0004045052750782445
-0.0005548252695016142
-0.0005655167354583957
-0.00047442435165389956
-0.0003877124711366803
-0.000338675627622133
-0.00019739065559987287
-7.306859972533707e-05
-1.2613520610787032e-05
3.39368789722518e-05
8.73312480419254e-05
0.00015019439888454357
0.000316773107199352
0.0004117306817833119
0.000527337039549995
0.0006660312816158363
0.000755493244720616
0.0008947413772833526
0.0011279043961997036
0.001310662537513358
0.001393805432205863
0.0014971286503460055
0.001504502769247961
0.0014729260150920845
0.0014248177066218907
0.001456380852686352
0.001485667768442224
0.0014831655366484527
0.0014143227593417058
0.001287172408214356
0.0011393162590852867
0.001109743465272004
0.0011927375850218334
0.0013303945395878195
0.0014509542721271097
0.0015845846571645077
0.0018158441738953392
0.002125091096249714
0.002368320456798374
0.0026271047471298106
0.002761719521545061
0.0028218609377781007
0.0028638103587415513
0.0029516858558791487
0.0031176962343346343
0.0031879828702273093
0.003284283961748162
0.0033479228590506446
0.0034592614241326725
0.003469223587637787
0.003442466637008916
0.003475657047743776
0.003446363419924413
0.0033908154832960613
0.0033026053881526746
0.003255920478202128
0.00319670073134943
0.0031005058882204914
0.0030383625293231133
0.0029984161733253353
0.002942178239719206
0.0028181964938767097
0.0026571685404027877
0.00242431987660093
0.0020491030781374644
0.0017496572451644735
0.0014873925071139788
0.001280249743061093
0.0009864182910186215
0.0006288510975633768
0.0002444337094367751
-0.00016781491820911542
-0.0005851699916413628
-0.0011284764496952136
-0.0016829918051155905
-0.0022244514803277894
-0.002726352939867385
-0.0031618160764528727
-0.0035663494325062486
-0.003988438893018926
-0.004398363453470429
-0.004833103082081679
-0.0053002119381515425
-0.005610666371550701
-0.00601239704736643
-0.006373276632697509
-0.006771145511316942
-0.007009707106066509
-0.007295015753464929
-0.0075465819150426295
-0.00774924231552459
-0.007907535117071117
-0.008104646310742144
-0.008301236467747644
-0.008493870278061276
-0.008575035068992033
-0.008748367732637718
-0.008845182590700437
-0.00900403766175514
-0.00919358851780465
-0.009417490885301484
-0.009613351636520766
-0.009793498763145083
-0.010034681288918332
-0.010227104091559911
-0.010385755331756816
-0.01065091521342771
-0.01081097472451849
-0.010942896808597755
-0.010944261230167021
-0.010951815972338436
-0.01096991844254998
-0.010937772420446726
-0.011033684651802367
-0.011143594986958985
-0.011151422691405859
-0.011263157370084735
-0.011229184106378296
-0.011071625586570743
-0.010859774120360342
-0.010608959191155965
-0.010455038177691278
-0.010167044217010375
-0.0099676427973191
-0.009786353430264396
-0.009545165013195547
-0.00922866315985049
-0.008848888592835188
-0.008446903840289597
-0.00786545470285267
-0.00727811704279495
-0.00666063487195807
-0.005969862535017237
-0.005347746788160076
-0.004737559237851155
-0.0042015881612914785
-0.0037755864162234603
-0.003388479273771744
-0.0031094544549410364
-0.0028607600927001904
-0.0026411166237118974
-0.002374167475704076
-0.0020260284482866413
-0.0017305083236405345
