1.0
0.44808375024243896
0.18998197826455565
0.09101278146098907
0.0444930506595289
0.02843106119253868
0.01576724492753279
0.010865971773424266
0.010649719488416101
0.013535253220020468
0.008796960857445562
0.008916973903281446
0.010699369452234833
0.013601039990330872
0.01728535850945342
0.010031978109900077
0.0032604775667222094
-0.001924197831440333
0.003863363827803017
0.0019927786846391372
-0.0007721339864221251
-0.00906330571747346
-0.012246397578602491
-0.005674605003574652
0.0002939791614602417
-0.005544044742212079
-0.006379717162146332
-0.01106529602032315
-0.008337219150860322
0.0012298303479193356
0.005581102447793101
0.0026619480648005607
-0.0016060331569380357
-0.00109533788190259
-0.004592893238182583
-0.009025407426206803
-0.0049607625001571705
-0.003680089874166987
0.004213873790418116
0.007814323407052426
0.006665068088155453
-1.7459337684057244e-05
-0.0004907368989256832
-0.0017552994477021636
-0.009247938813862922
-0.007082801430082135
-0.007229952391314021
-0.014308803341469485
-0.011633586154062462
-0.0048618836813556525
0.004153203702120227
0.010705940593918826
0.006652143908783125
0.008105347354013925
0.009013700231072865
0.008126144775154052
0.005953134409889124
0.002986373825031082
0.00011476785764957383
0.000697487595054123
-0.0024881257782952545
0.0016003725915627299
0.005355932438034939
-0.001284154051209258
-0.0024906772688982485
-0.0011481843781196099
-0.005257345893065402
-0.005714437131745851
-0.0011739623370861157
-0.0014930488133056408
-0.0010950084104851534
-0.003675307589459434
-0.002812223893148806
-0.003855417752180074
-0.001384209616287991
-0.002739116853700905
-0.004779568118523951
-0.0016225281342098026
0.0006390982287886348
0.0015905680622413751
0.004327876915566244
0.004400052927515646
0.005391723410249927
0.005955696107550501
0.006549390934761892
0.005410470947557476
0.0034305592470809136
0.0028439113838292993
6.673460290353484e-05
-0.006348365758104422
-0.01007001513042528
-0.005467049154900884
-0.004913221218210623
-0.007685124144991777
-0.0056176879758419035
0.002087101139155127
0.00021296856337728635
-0.00443622774571712
-0.0015906571561015604
-0.0015326259044273342
0.0017660462123594797
0.010052346918581697
0.004072477452347736
0.003266066898948247
-0.00031572387975834854
-0.004360639513879685
-0.006228809250383013
-0.008658206205409774
-0.0047065836471910025
-0.004988496454122727
-0.0025747093292703485
-0.002739386571289341
0.0013813389530431086
0.004195611628839257
0.00016630103764251076
-0.004291425016143127
0.002511823973328717
0.008205325235040783
0.006571292133741219
0.0020336145909427214
-0.001416184704576714
-0.0038260421328049103
-0.0015950428824374953
-0.003108095842772683
-0.006873512039922535
-0.001961508140573135
-0.004024778927212427
-0.0021583215177252255
-0.0003813448638606006
0.0020890715443688344
-0.0015035430753966024
-0.0027156581393273727
-0.0025549057786848992
-0.0006150644147775826
0.005577000754646764
0.006460782268801942
0.004949059346371119
0.005819703988664083
0.003451479363195314
0.002867651587834105
0.0021772043225959116
-0.0020810009983204094
-0.010006239784719996
-0.009904895575913607
-0.010579355127378958
-0.005935083651546455
0.005357968361742776
0.0024372213360683314
-0.003377130794065003
-0.00928445930961511
-0.00952300953676017
-0.005853020883231323
-0.004240439658137643
-0.005657380909989895
-0.006527745501549075
-0.006194541121577841
-0.0007783508191013598
0.0008438778213012984
-0.0010141588559640646
-0.00884339756293777
-0.013017465006589901
-0.01967519544414326
-0.018806354241662753
-0.01340838399138763
-0.0012243569073779657
0.00033715959655844003
0.005036639315900256
-0.0014729409436247682
0.005147232760084543
0.0063450086023054235
0.00877020645418557
0.0031787736672030617
-0.006485640338595453
-0.007410599976840406
-0.00887210344485056
-0.0016460733069749438
0.00507185026548653
0.00041009166765497754
0.00038907692008765285
0.002150698619598281
-0.0008575692334815125
-0.00292121727367062
0.0011426866383223982
0.003068954831624459
0.005325882371183116
0.0014766796743001791
-0.001441647348235623
-0.001629382468567993
0.0073271331720543235
0.007407357603431111
0.008982660207189486
0.011276451158495501
0.006284751876508338
0.0031534277711913234
0.005714460992690192
0.00010814284477894411
-0.0010830196009845984
0.0014078966322542182
0.003112952599886654
0.002241499166483642
-0.006957135253946995
-0.006877839990237707
-0.003828768594269422
0.0012267189639984634
0.003901907175925892
0.00399371954309077
-0.0010522836992461016
-0.002892270089305386
-0.001221306639334254
-0.004641911585088701
-0.0075612206565125305
-0.010763427455372251
-0.005225179751744874
0.002473050382298687
0.004180249014846975
0.004261090528379465
0.005946521478389536
0.00198096824957579
0.007739266309698872
0.011310886066178177
0.007613383339482264
0.005899626810560109
0.0024223457703396356
-0.0018638649755697676
-0.008484973098574853
-0.007827485958948253
-0.0077208856584259885
-0.005402499977579113
-0.003558225066703166
-0.005995211139556409
-0.0010870694428458895
0.0027285847693823274
0.003726813068551727
0.006097307409607019
0.007208508617112784
0.004628516068313376
0.004171500273855107
0.0027050518465547217
0.0017048887062261048
0.0011623945968383086
0.0008774918642264336
-0.001543676360641582
0.00047080008967262556
-0.0032015801599686
-0.0007854386186320433
1.1880432058331095e-05
0.0024342322723364357
0.0018503671781300258
0.00113794491577206
0.003508299241983798
0.012488430029967943
0.01405466993078602
0.01003908640927894
0.004657511788629533
0.0032848214639145477
0.004795935998976831
0.004268842134264875
0.0015011352167690287
0.003168603011458249
0.005222142261929563
0.002914706905517403
0.000303780070753399
0.000605511863593492
-0.0010729431381881213
-0.0026409547608993076
0.001543981924194107
-0.0032471120148133176
-0.002125803618874901
-0.004647220711530675
0.002197358602899653
0.0015184988227803689
-0.0013144836698534925
-0.0020184558244301016
-0.0025632867819275515
-0.0007130117426675613
-0.0004743509832096405
0.002412003321781316
0.004308433283793493
0.000715931224159144
-0.005449803592162338
-0.012060272748106766
-0.00891748677639522
-0.0033590747979964494
0.004379294859603965
0.0010929225391544204
-0.0014938735678363844
0.0008080305926741404
0.004032755023890635
0.0018645008454555559
-0.0044996504978182476
-0.004392555514688741
-0.010268964540666442
-0.007292318448340812
-0.00017688229105007714
0.00028551077048974654
0.0009243213373715922
-0.005774528472187063
-0.006565096884717412
-0.009019650988010892
-0.0019450578876800372
-0.003244017976442533
-0.0013866781379995674
0.002653863918158678
0.006464652871767616
0.003964220097434249
-0.0011591291506730177
-0.0051708438759460115
-0.0027506708280712697
-0.003442353684933031
-0.0029682979298135018
-0.005036563496506602
0.002604766569562942
0.005133305623979443
0.000818476613081459
-0.0023955168919699834
-0.003130442183960566
0.0018267281377711212
0.002883622714316447
0.006364309676255563
0.003238328443890451
0.002433525612440099
0.006538361870465925
0.008598005016383026
0.005881250335990338
0.003340917146291817
0.0012004727896812288
-0.0007970521353992092
-0.0025808528845695424
-0.0070349895651233
-0.00021668613538564546
-0.0018590627920993653
-0.0045644988924440485
-0.0015229908977748565
-0.00025357528528633435
5.880217595315307e-05
0.0007850018375532624
-0.0010077422797138144
-0.0015488734191357345
-0.0010664235021602816
-0.0010757999820699732
0.003923408889307899
-0.00660359904951651
-0.005846782134783982
-0.003311398972376551
0.004972722642733982
0.00870322264589946
0.005618661926393968
0.002449842889154454
-0.002803423123809492
-0.002298402831894471
-0.0004978875714413041
-0.003319976180066214
-0.005967485979625642
-0.010118202476958318
-0.0025919242331814327
0.0016474006346853802
0.002276769308589871
-0.0022505358960884926
-0.0010626286233954988
0.004414740828148037
0.0019539060956468134
-0.0008224614776764334
-0.003958747237124623
-0.004483225580681491
-0.005376155688873781
-0.0009315028832362938
-0.00204435424742327
-0.0047491193359197196
-0.010013225555760192
-0.008564996662990182
-0.008207391281754755
-0.008112132219667997
-0.010356039936809351
-0.006035356853539122
-0.00044578183208666153
0.0031060983219103836
0.0021836882420291364
0.00527559955371822
0.0005226568595991662
0.0007666555607149774
-0.006099398995979068
-0.00377839496097872
-0.01048140460869711
-0.011517917843748237
-0.014184265528586938
-0.014242933859654987
-0.0058037609085181885
-0.0029942492670453776
-0.003321853845517644
-0.002403023690841836
-0.00782898328934624
-0.013926255755292978
-0.010563237366390874
-0.009844935083233664
-0.0054077922301868555
-0.0034970195231740636
-0.0009141192178122505
-0.0013303007694266602
0.0019705694841685166
-0.007848208966767125
-0.00807229287692812
0.0008291023885106671
-0.000528543155204061
-0.0020879392923084787
-0.0023927824499536563
0.001211906372819396
0.0005583188012112696
-0.005646997575078322
-0.008296651306022822
-0.010965235865331345
-0.009782478009568748
-0.011056249318648946
-0.011018157284623964
-0.0089970887249235
-0.007934603011544524
-0.002444643175496671
0.0007836327374052218
0.0033608481623026085
0.0013701445624764315
-0.0024289497394310296
-0.0051742685759333905
0.0025947852313680997
0.004743698290787541
-0.006437102939313338
-0.010240077922068472
-0.010590394703427382
-0.005036424246487653
-0.0015518940314481278
0.0009420244390036908
0.0013176648978430454
0.004849109854606358
0.006001883665586765
0.003424283773150152
0.0009778604051492662
-0.005077801429455677
-0.005062461148689414
-0.002585971343384889
-0.00922470173237535
-0.0033331732425242195
0.0003355390822854225
0.007429171923664585
0.00905680734206354
0.0027155408469767914
0.00039763830415288735
9.479949228555647e-06
-0.002339231959044546
-0.0026385476334988933
0.0042424926335144645
0.006720730071150658
0.008560762647077487
0.0020160109545477325
0.0002215703356267569
-0.003932807076642918
-0.004719639176934658
0.0031825289523438834
0.0006780880491154898
-0.003680274262353833
-0.003662250486235419
-0.0030815369310759756
0.001316233012565456
-0.00035524811360252047
-0.0022790828308041555
-0.0033998749156833085
0.00011303739071617382
0.0036091981906043943
0.0006321688651560238
0.0006453988787913278
-0.00521319046454271
-0.0055022461123096795
-0.003372113086071774
-0.005545288583360114
-0.01046521873294334
-0.004682998794491221
-0.004340392599626311
-0.000524765319033091
-0.002312218573931545
-0.006525148614425415
-0.00394644186322524
-0.0030622201304319682
0.00037004580682470633
0.001813554820790375
-0.0013875678618799883
0.003393145408578641
0.010798284353727268
0.015699962984205184
0.012349203002677037
0.0057977589175999015
0.0014923455863344866
-0.005927296371352868
-0.004097183190744533
-0.0042860407505592255
-0.012005981647275829
-0.012257583424605065
-0.007562003712944845
-0.00039154080206925493
-0.00032788992292767785
-0.003932749675407451
0.0010519713524852036
0.007643266618574501
0.008759310841066712
0.003940229657918299
-0.0033111493976151654
-0.0026040917789675443
-0.0008529834700796368
-0.0027916875459784744
-0.0050263511494214675
-0.0037285169506375538
-0.007911146048486105
-0.0033943859762928155
0.0001642618796978322
-0.0009107037069192775
-0.009691845175531254
-0.009918047671666541
-0.004067801861348362
0.004365269029072112
0.005417458008623722
-0.003932505523737166
-0.007275989035418206
-0.01147468854773072
-0.011197238662479136
-0.0003835003411815651
-0.002129455006425974
0.00020885369964617357
0.0018919693042978257
0.002860801995349847
-0.00040280289535019005
-0.0031738497263974377
-0.0024983198172827997
-0.0006870251808312477
0.0032073738034735172
-0.002039267621608174
-0.0016438599059203092
0.0018622493568693404
-0.0001448050186413213
-0.0030608826242402853
0.0006871338328456979
-0.0008822964964485747
0.0025586015480751696
0.0019613189253602113
0.001048909924296956
-0.004092262829032288
0.001903093530654647
0.0040819741933477965
0.005853524580187637
0.005038075045189013
0.005507360083742089
0.012185619828256259
0.013824929633111363
0.007427898954110654
0.009760775812120304
0.014702705469897522
0.011624698786535272
0.009378037651772135
0.008873515470176141
0.0041309586408176825
-0.0003619225456120922
-0.0032525342267809127
-0.007796023813478348
-0.00953398149852899
-0.007255056595413273
-0.00021108029271843596
0.0034130487136481724
0.006339445822294957
0.0058965242859380295
0.013677075020113037
0.012220731616913318
0.0026736570498673657
-0.003600883260213721
0.005310205969601559
0.00985191554993235
0.003896757684077054
-0.004015228893519677
-0.004497039715640761
0.004325264099777866
0.0068991761950732075
0.004883739193601898
0.006464092760645609
0.005498532369637741
0.0059124508847991555
0.0026007976004214176
0.005531593614870996
0.0016369131550304369
0.002932814496449121
0.0008689188193374909
0.001604457921015359
-0.0007950097532583047
0.001692451802189752
-0.0007882627436223826
0.004120947174210221
0.00987278675704833
0.007701127028011219
0.002523468973798555
0.003601856823236631
0.0021791489236199293
0.004339533695223204
0.004512596024505352
0.0021736585574965396
-0.004834568922909453
-0.004715556050817945
0.0002223683350056354
0.000647433108145237
-0.0013514110943887775
-0.0023611092285330203
-0.0028055992093014345
-0.003442240865290641
-0.0018248180652665372
-0.0041922884292445875
-0.0071273459309249615
-0.006548224984656887
-0.0035471216234557457
0.001520432231220938
0.0018274921342181887
-0.0015620404250101419
-0.003151699763629544
0.004776526911170615
0.002308503070096966
0.005056039056472367
0.004907315036586738
-5.90766199684196e-05
0.0007128283865401733
-0.00012614875632466585
-0.008829925440318244
-0.011530411217366757
-0.0047216429571555075
-0.0005978151404867643
0.0008160584776904569
0.00014234448694290977
0.004351882895252315
0.005106095907173934
0.007064270026106294
0.009163224662209157
0.008424573360810378
0.010100173879606489
0.015884853212078005
0.012843902447453332
0.007236070683072072
0.0028229315189062065
-0.0017071201317309308
0.0023320419340728334
0.0010871032801075386
0.0077869202703330104
0.005614171404798608
-0.00044612360383780136
0.0033790167028620597
0.0016906513552531798
-0.0056228970042948795
-0.012218574935876983
-0.004199161835752617
-0.0030966901364390268
0.005162638471875724
0.0029968414738904222
-0.0031817003163427523
-0.0034699219283812303
0.0015118964613460462
0.005075035876977263
0.003413484139823077
0.0040079507812595195
0.004457528241295378
0.002293090334894986
0.003441995407181761
0.007605301672293233
-0.0020250674334647265
-0.0006393764963476589
0.005570670789907514
0.004231602424177832
0.0015961523814968523
-0.0024280125244030017
-0.004615000068202511
0.0014266657825666872
0.00507309905936143
0.00638442661010241
0.0014368836124073515
-0.003436606378484162
-0.002687016614479781
-0.003402547284874547
-0.003941065738649918
0.003364662176550346
0.0028963657080722134
0.0016753083301162767
0.005190478721786599
0.0069265902617753495
0.009100796316677125
0.007159944812748739
0.002829301310134469
-0.004681811492823488
-0.009569951631631733
-0.008912419559476772
-0.011685642731279311
-0.006415037784028099
-0.0028088326768775443
-0.008070067362835885
0.0004495175301099032
0.0015646965886473713
-0.0005803711773026645
-0.004993307534544232
-0.008666921359383035
-0.00723517320185045
-0.003113235283965038
-0.0014767744277852043
-0.0010004438288345977
0.0012143301973778194
-0.003876643277955252
-0.003044032054116549
-0.0017571084179630744
-0.0014378024171938322
-2.378847426558615e-06
-0.0024648142467995618
-0.008348232800686957
-0.009915008353879876
-0.006433780003284836
-0.006619643637778665
-0.005981952848457404
-0.0029444714423555096
0.0002945934245199507
0.0035612789229154287
-0.0001448228345556446
-0.005017393392156742
0.0012083932623129772
0.0022671434207474886
-0.006998940325290651
-0.005559263372228119
0.0004274055899957653
0.0026814001745217903
0.006314831009784563
0.007711944758969127
0.0075425469802923644
0.00521947896134534
-0.0014356688573787725
-0.002559646154054912
-0.006614326732369548
-0.0007659456200474059
0.002085406905328793
-0.0008792891215296693
-0.009101947274211751
-0.006674696981231401
-0.0030860102405455858
0.0006452892507131621
-0.0008665323883496213
0.004465724941889509
0.006807355306514878
0.006540541996919577
0.002530870029731316
0.0051574672951929445
0.007673415289101357
0.008603959801345814
0.005859780912842781
0.001026115914720183
-0.0009068182032934785
0.007270153628357767
0.006394866486038995
0.002119360749727293
0.0013976669896289863
0.005352120240366318
0.005163372975751481
0.0010765420237450038
0.004022455785701965
0.0032982656637744368
0.002705859030973142
0.004496385988133475
0.00729806187080914
0.014022093459809946
0.009365172100328207
0.0030545356640208827
0.004759888597349241
0.0058718179858460095
0.0024611620042514297
0.004255965506863115
0.0046296715282918635
0.0024388660731340392
-0.002450365306259786
-0.0067956480636880146
-0.0029962795739940807
-0.005719528574353321
-0.009894665854701248
-0.010179188846200726
-0.006025970793916449
-0.0035603216390133483
0.0012778332867635633
0.002341296901097682
-0.004139583340234219
-0.0016781028113468013
0.0015798786706285666
0.0029600877995094718
0.00036592753353215167
0.0039484239049334706
0.006906249557549896
-0.002114213041439393
-0.005157740085209836
-0.00411469358708425
0.0022889296268703576
0.0038496499754256063
0.006541568233206414
0.004386668969999337
0.0054516773784604455
0.0006331266329385536
-0.0010852996545436893
-0.008537091472113678
-2.4738808130599046e-05
0.0007841645739598588
0.005258008490298273
3.380385536161425e-05
0.0016455272859264183
0.0014040580484263655
-0.0006415828539102629
0.0006861291043304033
0.002032026191965732
0.002252095684716747
0.0012415213195420092
0.0028907770499190604
0.007018722593439148
0.002204401817075579
0.00444917129285819
0.003955999138712185
0.0031174915954514425
0.007986338670403945
0.002993606237235032
-0.006892817206195996
-0.004796711253078262
-0.00156459018341381
-0.0005765810073936345
-0.0015135490837708074
-0.0055242854446756195
-0.0010235929052895395
-0.0006745479455718452
0.00461882815997296
0.006278432058583777
0.002507099691907406
0.0037929339208531395
0.006528627173241748
0.006786050284163574
0.0022682487151058626
-0.0016952191725989035
-0.008251001438027157
-0.012130584274264684
-0.010369368156743008
-0.011672545275399394
-0.008535412605836104
-0.004143031829336918
-0.003570786050739515
0.001992388079966551
0.005253136434375141
-0.00410209145641099
-0.005855445652959259
-0.0002065561030071867
0.007015684751623016
0.0054991783519684175
0.013122791031312727
0.0044269905590782616
-0.0021650280797055714
-0.0049225915382024804
0.0010906309529825624
0.005995561238260612
0.006682411239887562
0.001578789518104909
-0.0022982142998296037
9.305827918993609e-05
-0.0020154362323987515
-0.0007467716342271582
0.004929878720614363
0.012115286736207079
0.013103362122751525
0.006657185525799798
0.005165380965307443
0.004820457030976495
0.003761233620277688
0.0014564829160124803
-0.005191408817824888
-0.008634202982838204
-0.005920905641578747
-0.00802068511408199
0.00011379358772868922
0.0022832953617297827
0.0036970555116794465
0.0012349190675890172
0.003322006723162479
0.004511000369831778
0.0049238157775581895
0.006132300553519776
0.009058635109708977
0.0049085085240462
0.009770969744715939
0.002660680073847389
-0.00040308021889823395
0.00355116038820067
0.0009690383479665155
-0.0019287604807652165
-0.0017135897307357752
-0.0027037349350178034
-0.0015918080696119483
0.006868307542683647
0.00462002834085452
-0.0001860491702072149
0.004310693779584497
0.0014278728370221625
0.0018472957570188366
0.001334895420511377
0.0028803944060721825
-0.0010696902848860153
0.005863722008076127
0.006971825838706331
0.006206402280287839
0.008098693470124724
-0.0012008633045675387
0.0027634569626847297
0.005202853787986892
0.0023224657561610753
-0.0028115512562655117
0.0034948300548927917
0.006353191294888798
0.005241961610458635
-0.0031646123607652924
-0.009561778381282138
-0.004805469325277868
-0.003648415515839693
0.0010398288394991586
-0.00026793455771993284
-0.0002589040198925636
0.0056794081028650745
0.007150269851396306
0.002985676298812675
-0.002651295696993318
-0.00312751738943848
-0.0010773529228051174
0.004571029371178492
0.007899443450216434
0.003017858234408139
0.0020196174730966504
6.968758954408804e-07
-0.000413883863837525
-0.002844282397329441
0.00485775371113179
0.00986170013608044
0.007869957593181869
0.001283812960675287
-0.00241422173908902
0.00011534928403362263
-0.0013744235352466704
-0.00324448782648276
-0.007902418279830629
-0.006037905624679926
-0.007148204152049027
-0.009805923089751376
-0.0028178901142871765
-0.002673426610782024
-0.005909865593814467
-0.009126675390051896
-0.0010402046512551525
-0.003992409793988562
-0.0007501602723772072
-0.0070527110117329424
-0.002501345635268343
-0.005547422745612126
-0.0029229273652980944
0.00041487038118579085
0.001955463239152053
0.00017342231760680255
-0.001456268851047641
-0.004204897960044831
0.0006832272257762343
-0.0031214178591504422
-0.008575217013411606
-0.007705513179721706
-0.004195111595356112
0.0010295997469838229
0.002656297394259103
0.008890680705477598
0.0045588398796955155
0.005085382698416882
0.004099094649626462
-0.002396493704676836
-0.005916644337203014
-0.0006656130270395308
0.005928488293634788
0.00313417875686901
0.0005357133596138746
0.0007303423866886316
0.01025941502058981
0.008330215052799838
0.005215498111452002
0.00614075214113344
0.0002511409603676906
0.003636479492753082
-0.0016349708137242552
-0.0010387902476552313
0.0026304537928354796
3.774697725465444e-05
-0.0033776461209508233
0.0009798908022704235
-4.529574570774219e-06
-0.0010817760261059722
0.0019532877344711204
0.00494034547122476
0.006091953166623091
0.0009946956861182801
0.003012126840211443
-0.0015696868119993745
-0.0015066050726174455
-0.0003968954028466675
-0.003810868277563708
-0.005185951948933829
-0.0010783535423914573
0.0003041633554308407
-0.003903382758156823
-0.002011884791068905
-0.0058985486289539965
-0.002253329049833746
-0.005688942542902118
-0.0031268140130166202
0.00022000572364111118
0.006770863452971073
0.0017171033266673535
0.0003298379147835273
0.01041829477663743
0.012919555526029079
0.009348009422294377
0.011031294972286217
0.0039173684855034595
0.010235464629614955
0.014553480507273744
0.010243626403926792
0.002911008387508539
-0.0004056581126522715
-0.008033024173089074
-0.00482217609331498
-0.008564820139308801
-0.017506967696277832
-0.01244955016712869
-0.007803850460416595
-0.009584885029570023
-0.008360932548930918
-0.0010736987578652245
-0.0016346247380245064
-0.002999530654355131
-0.0008592148693754291
-0.002198665131474321
-0.003826543736292817
-0.005453878025422775
0.0029451761524414807
0.0064245120913959805
0.010167227205061998
0.012480732507859898
0.014580243232080315
0.012079579205178631
0.006277607859955593
0.0005772948552123995
-0.0032936707018168055
-0.00446235630889422
0.01099987633492884
0.015040006889961993
0.011669065537003784
0.004321762472839667
0.0018944630181077012
-0.004452124035241453
-0.0072062971222304545
-0.0010155725571070525
-0.003380990022364522
-0.00876716429084975
-0.006483326724470916
-0.005633466103730027
-0.005626949687264283
-0.0011516271741931125
-0.005866652094002774
0.0019323450088206758
0.004186693394914181
0.008553389333173277
0.0030192702315427616
-0.0007691108707138718
-0.0011659896654164514
-0.002634135464814895
0.0005697013330311501
0.0073349032267990355
0.008955266439330119
0.008075265163563257
0.006512321096062037
0.010705562251155279
-0.00017553842316279881
-0.0025825213159439858
-0.0029297029574779695
-0.002881041509862416
-0.002969521113939101
0.0014403815625492554
0.0006445729255655207
-0.006256455013757634
-0.004794520575482044
-0.005352527622908018
-0.001009423293910827
-0.0013738176155525693
0.000496831144374177
-0.0020428639717164614
-0.006183200379187377
-0.009374882855510762
-0.0074420742830408355
0.0022080917795142805
0.0019486277122190028
0.0064969441041009225
0.0013536645013118899
0.003403934392480968
0.00460689323575452
0.007471383057208954
0.004314385577331925
-0.0012367012406047117
0.002352172633990211
0.008655327363504002
0.008776936963807113
-0.002146560530957224
-0.004840195735209812
-0.0042208119405550545
0.00013078002650089335
-0.00035008695629584427
-0.0012206294523141733
-0.0009385251067323952
0.002014621432752462
0.001996388115545923
0.008761060581734625
0.004914439834628358
0.008446347287260042
0.007688885861919416
0.003194904439670777
0.00918223681666537
0.007323151288556818
0.00494220985892715
0.0058219198069969875
0.003473776447438819
-0.0010651024909626692
-0.001151889975535015
0.0018629109593088855
0.0005150300689957742
0.0032142269049599322
-0.003799400432947871
-0.0006088776562530234
-0.001033274092209987
-0.0064158544110664755
-0.008676587097657439
-0.008836151967984453
-0.012170130506905132
-0.012297846746252315
-0.010991097275911185
-0.006986797709581381
-0.012148459038182284
-0.014981470437942315
-0.010515260188098273
-0.010171368036722073
-0.01019125949888519
-0.010569215437279657
-0.008049459410048055
-0.011267446459613799
-0.013809522181397306
-0.008121085195668681
-0.006614388824503513
0.0030350938633089057
-0.0016214677109775604
-0.0017639907928650497
-0.005444353229397272
-0.004032831334888289
-0.0014839175999607726
0.0037817898140769016
0.007985513396464418
0.006498296115893113
0.00736334975690074
0.0025314682698989893
-0.006114437909204794
-0.0027029107020198184
-0.004893632112395617
-0.0011495376191148889
0.001920966415432369
0.0037430397037994316
-0.0037704890862439093
-0.007031444645173459
-0.0052383146687764144
0.0027784220453310987
0.004142072907655918
-0.003584668609406497
-0.006753639483928571
-0.00540142345074373
-0.0016886823570773154
0.006632256285224691
0.0011123033187958207
0.0016396185375735573
0.0013090926316810987
0.0007636764547638676
9.646774543906846e-05
-0.003434307512479623
-0.0033238681695436857
0.006489221791519214
0.0031120900833719895
0.004610218202111404
0.006873200827944319
0.0053915074383404284
0.0075526008831766096
0.00625187317662274
-0.0005911069704631694
-0.006548606335936509
-0.008297352608864416
-0.004268841956043944
0.004339053733124266
0.005491083406064903
0.005647831216519551
1.6200361852312546e-06
-0.00047012233709554707
-0.0021356227933999414
-0.005554792250068058
-0.00033100185271049356
-0.0018023097492496658
-0.0019863551444494285
-0.005203631069906551
-0.005469758846412921
-0.002720589730309932
0.0008346703728426615
0.0011427621761926304
0.00044834144303773795
0.0009539006086274975
0.002836464017679828
0.0029032743440119
0.0015650734314973792
0.009266122879724658
0.0035072595192189642
-0.0022430921439814673
-0.008672817392068256
-0.006427952078993372
-0.004533085163789298
-0.0015143158435112149
0.002499348322362645
0.0010313493667781664
0.00034754824874847027
-0.0010595700540795303
0.0018555509532755636
-0.003175630813095731
0.0002387752925700262
-0.00048790100922987934
-0.0027554952827861974
-0.00037067873751328844
-0.00047079945344513934
-0.0007148395865830591
0.001899265171263167
0.0057598729859452
0.007026424246874444
0.002564751864763706
0.002602273772538531
-0.0033562923170396843
0.0018911233198502754
0.002613977348995893
0.00801902861192464
0.006214609199911856
0.00776122653765197
0.005665919110080004
0.005195386950959279
0.0005593495580923115
-0.0020689875462521854
-0.002140448033793061
0.0005883162152665752
1.0360693902059948e-05
0.003324995658876522
0.0003405537723012284
0.0014592761942999887
-0.004733125503936216
-0.012088689369530867
-0.008770009444558401
-0.005733917286838084
-0.0007166848612007908
0.003308065307563817
-0.0004904973838959526
0.001757241867016207
-0.005010471192503552
0.0008768312959703226
0.004432043910678552
0.0035739915797227085
0.008028195027861828
0.006275026211590488
0.006540079367819957
0.00023227587274296814
-0.0009055948509875634
0.0034457557155268474
0.004458631504166839
0.007933022909784926
0.008788556208359454
0.009356047621533343
0.00499789568490944
0.0004394581832809702
-0.004774141211409904
-0.0031558509315243893
0.0006219148373504487
5.2007955341424566e-05
0.0021422031906008776
0.006381670537123908
0.005555383173909273
0.006267413473215179
0.010022143024860663
0.01489297268719025
0.007974380370280145
-0.0009852259526371028
-0.0044736598948271365
-0.0029091534545906982
-0.0048586120281588685
-0.007836508651772121
-0.008712109733834116
-0.006233365284679839
-0.0033139223923139122
0.00300536793379734
0.010851266604477295
0.00544439348106775
0.0009613097980383773
-0.0013176184874132656
0.004107370840231701
0.0051827727479901485
0.0033966620161157133
0.0011969954500273686
-0.002193549270282152
-0.0034136753977220637
-0.004614657218050609
5.349327252870492e-05
0.003281692073886917
0.005540618925206185
0.007775657077604637
0.01012998873093615
0.0061371395213656735
-8.97122843078291e-05
-0.005017009170033338
-0.007696745501549047
-0.004889450952408823
-0.006110685998097082
-0.00943367257974862
-0.0033706182140799635
-0.005260008295207594
-0.001770499181279142
0.002857152180699867
0.0018274120056625289
0.0016687466818345843
0.00548671033418747
0.004054823255852283
0.0028184008566664097
-0.0010647211784938903
0.0014390589952492723
-0.00042973091958813174
0.0062391863819317795
0.006100445449818308
0.005240962397523961
0.005498613191382074
-0.003037384509717736
0.001211903394618259
0.007632695713373207
0.007241993892421935
5.005636952436107e-05
-0.0015873779608575498
-0.0020548124189066755
-0.0016659928286045437
-0.00034859193968054766
-6.997353083687728e-05
0.0011192923010952959
-0.0003570645370898248
6.193622328183598e-05
-0.004700832193195425
-0.003148695661565234
0.003272296602152313
0.006510477167079921
0.004008055704536797
0.00773154843757953
0.004128473249712917
0.0001955792765599788
-0.0009619988074974639
0.007280432120896257
0.006915201318442972
0.006221082362176801
-0.00032328252972215946
0.0024916043645301926
-3.325153189574457e-05
0.0025283423498695845
0.00615277652009497
0.0051947298544391925
-0.005857101761215525
-0.004721476074203159
-0.003903508372440159
-0.0012388155649168354
0.003817890954818411
0.0034445563098966865
0.0005681587192625137
-0.0018152478978219078
-0.005155072564863706
-0.005171370044572992
-0.008762016033996664
-0.013650013860784297
-0.010521718460709154
-0.0033086973934890454
-0.0026297276927621143
-0.0033770678129503564
0.0002671538496331986
0.0006042282581310256
0.005230849497911768
0.0031600709025463736
0.005244102143867592
0.005311755561405134
0.008481567067761058
0.004424468710883461
-0.00014443104509038603
-0.005665640787297593
-0.007171385924417918
-0.0033543348924114057
-0.004536101955454266
-0.006949300399963809
-0.007750909601333125
-0.006235253376924669
-0.006219705679046715
-0.006042978027576469
-0.0033854142256920807
-0.0015493734562875656
0.006597730757701308
0.0045621849064305465
0.006234409603343497
0.009262152716908377
0.007805537370579098
0.002526468826751466
-0.00019026342985656989
-0.00247369732177038
-0.00673289695000817
-0.0021734783749761204
0.0016962686946186457
0.0014743815470532615
0.0016519570709930187
0.0019297982784350464
-0.002805192535588597
-0.009475629872428391
-0.008500462388259421
0.0004033161281883358
-0.003088608207421629
-0.005334277410820573
-0.0030696450872784455
0.0004470000677333486
0.003599995853591589
-0.0021013864153392064
-0.003374767074564047
0.000871798420468294
0.00467811731834643
0.0036339653223469103
0.0040888536452720215
0.0010652836999429716
-0.0007506252604422898
0.0037889442039374583
0.0030547703566586653
0.012628677921043842
0.006777285956467194
-0.0012894414302565302
0.0061044004825850096
0.011061387545506047
0.009260776943612561
0.008752667627842025
0.01249160915773098
0.004613699511091041
3.990893463462846e-05
-0.006694783201799754
-0.008864636902862582
-0.013790436728900554
-0.01247974437049688
-0.00886402155058914
-0.0016327618069837727
-0.0007609143282594416
0.0032941905000591957
0.006466330941360937
0.007961071083472417
-0.00041941013732723167
-0.00012920770641168208
0.0012963849220011098
0.008270910377233811
0.003757582052574795
0.000609718951732964
0.001098941287088234
0.002309378650997583
0.002204610697027767
-0.0015762304730970076
-0.0036299208726825174
-0.0019105765492932628
-0.003707440911482291
-0.0009917354420433428
-0.0025383579642168424
0.002015725190317342
0.0017840775863277737
0.0049625235073615295
0.003377389148765698
0.005700873472307064
0.005078700621057594
0.006991812065360532
0.009129734501947298
0.00837222495077629
0.0019953106626568154
0.009475465397679142
0.005603509272685523
0.0031477611824119412
-0.0023784507044477235
-0.010289023387426521
-0.003985237130593305
-0.0026388752070468425
-0.0010964944944279263
-0.00608656171002734
-0.008995367240672614
-0.006667972050330504
-0.001801165786162523
0.004976156480454155
0.006211496827762676
0.008654184933927844
0.01066304829012621
0.009037983291980576
0.0021059069068213076
0.0017606627029111872
0.004328120543965971
0.005193928318832641
0.004224196359522463
-0.0015415297756375891
-0.002599388222922093
0.00037038009233127356
-0.004686186451757438
0.0012867173420460496
0.007355122239725626
0.012576518357230044
0.00681729026729812
0.008679193757196668
0.006870660057629651
0.007474509277298302
0.001982465714749737
0.005045510288067179
0.008566657866086645
0.0023302679462830467
0.0023559433208565064
0.0032231612314820883
-0.0025079185054829767
-0.004139542935058171
0.0002467654843420231
-0.004088975527728764
-0.0037071248386874624
-0.009328045464953815
-0.007285795670951827
-0.0006030254699718499
-0.0008388914969907604
0.00023154243703426807
-0.003014892094753889
0.006539242864417027
0.012013997516764375
0.009841916535812541
-0.0019659270391730065
-0.005133213469855395
-0.005754904325974303
-0.0024775004908013597
-0.004628698951180197
-0.005038095826753703
0.0036642423716089743
0.006885718022730895
0.00367981752033762
0.004746640174824011
0.004907978296886433
0.001800970751061083
0.002420201530398714
0.00296751203922427
0.007825756918361572
0.011268570113624464
0.006088809379703929
0.004787149801853649
0.005386004222352705
0.0036514743620449527
0.0015059583681347815
0.005319049196264333
0.006843956640230854
0.009387520929657939
0.007784938744751052
0.0032622730344787553
0.007816486559458777
0.0024599629548700433
-0.004341648382928387
-0.010146063169949277
-0.011178515395077937
-0.0047805739331635575
-0.00024181339389746102
0.003050903150124396
0.0016338452527689313
0.00065035942497916
0.0050662331427666595
0.004353533021232411
-0.005021590706722112
-0.0016614558873111434
-0.0024378204785398113
-0.0011481320518361969
0.001883114704899784
0.0026278047713586407
0.00350365984334976
0.0008420769864493938
-0.00563499190197724
-0.006235797211436001
-0.0021660569205667816
-0.004032794326722914
-0.006849175166913351
6.478576242255589e-05
-0.0003341644227256117
-0.004466690042024864
-0.0052709489677141294
-0.0021786015957466313
0.0031261999434318553
0.006661671811606883
0.0018425045840491762
-0.004964803172232933
-0.00701097071780873
-0.006580097375209458
-0.006024930963601172
-0.002415394215015071
-0.004773895632620546
-0.004568256665533629
1.66937716184054e-05
-0.0007986246700100402
0.000363074325704865
-0.0009938886895752299
-0.003199023230055049
-0.006392003858762404
-0.012363292788842543
-0.007011983188218124
-0.002446791391521476
-0.005995176193192884
-0.004395934354163147
-0.006362229926611089
-0.0020585203442002515
-0.0044369264098076296
-0.0021709811069813172
-0.002258314191668677
-0.004503223605252424
-0.005109527548702475
0.0014811625630965924
0.005315574386459494
0.005410026920629637
0.007852763911077863
0.004024949323028708
0.0007792959505757323
-0.00803285012538495
-0.0028502154787286784
-0.0034087889277225002
0.003798686387406209
0.0028857350980864655
-0.0029218888979964217
0.004182128757547356
0.005633218625912648
0.007135849492241951
0.0025617648302016594
0.0045952515782305
0.0003844947137670367
-0.0021819115046553123
-0.0029269274607349838
0.0017397234040070846
0.0026656605931372457
0.004483433645605995
0.006622190491934193
0.009540813649111865
0.00897249524292916
0.005218050377113306
0.003668762010411082
0.004194643272841117
0.0074707432707106225
0.013906357283042188
0.0025204159358964856
-0.0018092270656879467
-0.0020471481912877573
0.0021829033192008033
-0.0019400431268006538
-0.0033627779072700073
0.004665498737475693
0.004536984167602396
0.002317744822319712
0.0026771823958296626
0.002048066788889991
0.0009549871059875248
0.0015581801293159205
0.00400693914615213
0.005756549762407524
0.009047004354555988
0.007435299695887992
0.005539876312567671
-0.0017167588310129823
-0.004968995691052604
-0.0036060221149954914
0.0064316218561254945
0.009323596012180593
0.005188997963811277
-0.0017920158306565178
-0.002319287839450782
-0.0040186823585198934
-0.001052687377379813
0.0013113291012437764
0.0009492397253925694
0.0036594695306799104
0.003943623436863671
0.004477181764226189
0.004731160550197658
0.0032193446072534917
0.000147264912181359
-0.0022209479076471268
-0.0015190411766870379
0.005710505454996366
0.0037720725477480466
0.006990263965360769
0.005569151406648396
-0.00462077105737479
-0.00843897693417898
-0.009203158076830713
-0.010834106233081871
-0.005579070237761514
-0.0017804306481211509
-0.0012164410675249962
-0.0015360457685065518
-0.000319729380715261
-0.005269993075595879
-0.004685062118846671
-0.006369631457928394
-0.00837647778261003
-0.012021457650329274
-0.01771135527321829
-0.010576058183608603
-0.000960865171376829
0.006126712691857785
0.004190540839971714
0.000962675900869493
0.0010510817701388487
-0.002786696592750933
-0.0076243367160711145
-0.004422477317693171
-0.0046109749285733175
-0.0013759700969082302
0.0010618791213497902
0.0028612341216377292
0.0016566238890042793
-0.007170993876792978
-0.015494848970058374
-0.009978675882679627
-0.005541633652050906
-0.0031819663619621122
0.0010249677088935703
0.0004966578479784439
0.0004834189582456248
0.004859137801146965
0.0033101225830274726
-0.0031211892327824417
-0.005646727536190178
-0.007271082313496439
-0.003011486451469248
0.003254051159357404
0.0023008916140241564
-0.0012207773366835022
-0.0005435650835695158
-0.0008253925427562176
-0.0021253932434573174
-0.0014084350286135254
-0.0013933625212249072
-1.7983476948099647e-05
0.001432397600786315
0.004146532401817362
-0.0012932449026299626
0.0007140226305214238
0.003619755144756119
-1.8223834424119263e-05
-0.0012189671206138688
0.002667726021774074
-0.0005011249106402744
-0.005017713798249672
-0.006495641232627495
-0.0011627455350924686
-0.002803388527902079
-0.0013187986341767501
0.005069317987795086
0.0044825046300924435
0.007224313207430204
0.0070134694086746545
0.005483915503852454
0.00301821744825375
-0.0009883533586776561
0.001311970072727869
0.002072540104986724
0.0047404345841589495
0.005906940188359523
0.0024483105322611032
0.001360690277834387
0.00044008001908901935
0.00385041796475528
-0.002684095409284778
-0.003163438938511196
-0.004584341997070262
-0.0036091314763115325
-0.0056878178168626205
-0.00512913621827132
-0.0027273020714370646
-0.0008202883292577207
0.008200140410264711
0.004879350795110521
0.0017963189348884601
5.675066592698175e-05
-0.004923122577879777
-0.00605117383880374
-0.0056052202233649205
-0.004931421328397248
-0.0009017420813142008
-0.000999775704821958
-0.000611434998797269
0.0047481929564540115
-0.0009306391535449087
-0.007791381277151852
-0.005408008039515613
-0.0011026578623723796
0.0009784596731284444
-0.00019271927490443678
-7.02257466664133e-05
-0.0004002705985429583
5.386901457965416e-05
-0.005688009925124536
-0.010454085415388116
-0.009698740941718464
-0.01032535328641566
-0.002690430144861274
-0.0019103729408574937
0.0015701406493812706
0.0006065765577561641
-0.00294231925352933
0.00296695275046732
0.007739032200189165
0.006317521178091402
0.0019224246237291636
0.0032533803797949565
0.002893951969698606
0.0037835312007593234
0.012894492552174173
0.013312886221189098
0.005821391550887351
0.003684264592133259
-0.0031342511960507145
-0.005718262151667111
0.002004451152372212
0.0019020217622988302
-0.003140094214863424
0.008654476169714615
0.0056848656800057296
0.006440831455592992
0.008106863236959881
0.0020022680797701586
0.0023631661323007995
0.006348629990040997
0.0028059157020643307
-6.812271785405114e-05
-0.00024859093395681426
0.005383532852967997
0.010694631012579706
0.009491267115994245
0.0004942875439574555
-0.0026635284000044767
-0.0017761369030948179
-0.006301612203600543
-0.005936560623244151
-0.005654584125403473
-0.00627457217243083
-0.0009398143386084336
-0.0035127932824288413
-0.008257738751131396
-0.0011686086258686512
-0.0010234426212130184
-0.0010181641665354532
-0.002248907959483284
-0.005043783564931876
-0.014744434429124952
-0.01500321828311991
-0.014525585905192116
-0.008895537791228649
-0.01128563432604173
-0.01190586431908639
-0.002899653054751598
-0.0004659047368174399
0.004563487422234466
0.00422172880171001
0.003332288027459589
0.004314139697131001
-0.0027380846426683612
-0.006837874585634732
0.0023125243075952733
0.002148301673189267
-0.0017661222530328603
-0.003647236361552469
0.0015240629464955626
0.0007524831464597279
-0.003947882264296706
-0.0010941406282467335
-0.001594783669071055
-0.004513895065870004
-0.004348389616700032
-0.011944307631974117
-0.011208728155628227
-0.013081395049608558
-0.0033493627189973107
0.006810808163864746
0.008768206763777887
0.0017839577598802187
-0.005773411239729512
-0.011118411973265683
-0.013573706372711743
-0.006511815215851037
0.00297252951377318
0.012522430119898415
0.014659498575845626
0.0034901869951026484
0.0003248850249514712
0.0012357435263077705
0.0026227072306217424
0.002410589264003376
0.009153916053966394
0.013452769854554621
0.016460916226416128
0.014236472197370807
0.014887404980906078
0.011144745717586555
0.00030077745508641436
-0.00040380185669020165
0.002888355336400123
0.0009419788306646477
0.0026221485105112105
0.0026154634180708307
-0.00019579344173788812
-0.0020480613248640717
-0.0037807802044706744
-0.0013978086370380629
-0.0003834123290046508
-0.0030364008887009703
-0.007353776859567127
-0.009812493667036905
-0.005802927444718624
-0.006714073089538374
-0.005425342433899799
-0.004578782321734075
-0.00430703729970338
-7.630496092677671e-05
-0.0010748763575947878
-0.0021142337104333325
0.0018626066908027188
-0.0017875069299069023
0.00031737158421222254
-0.003221070797849976
-0.005484409785028152
-0.004819729659027424
-0.003354618861495532
-0.0033747041876767184
-0.00040424922096428373
0.001302359136327956
0.0004576259202049745
-0.0004694738482795904
-0.005250336601882537
-0.00221025821829144
-0.004982273089057427
-0.004257150321933712
-0.004098434828044612
0.0025269370480879463
-0.0015332581345898707
0.0069779558677512425
0.007171478644485142
0.0001065362083748536
-0.002224760683423515
0.0013805274137006446
7.779108715598943e-05
-0.0012276166079939156
0.0011422631125943606
0.0003365184315994032
0.004019700410739354
-0.004374253051236324
-0.005834790751217078
-0.005922866489670859
-0.0032735124574006843
0.002936078032001066
0.004783952704091452
0.007036768237246566
0.005584058871799879
0.011324707339242972
0.005408817150959925
0.0034034718840618267
0.004050947377122236
9.222892374006019e-05
-0.005336722826951063
-0.01046144720440311
-0.01083859016996411
-0.01066792335553086
-0.015273553028436894
-0.008314581084019466
-0.00019472434302735938
0.0016264130409982239
-0.0013978498831156891
-0.004327120135618742
0.0009631230483048901
0.002775952810542707
2.920621951074211e-05
-0.005965074337809863
-0.0059578650562885395
-0.0051696466257657525
-0.00371080466608989
-0.003465103603076112
0.004157370830732525
0.005155720729676712
-0.0018371989001868235
-0.0025698562632412414
-0.004814178879097629
-0.004602756969099066
0.0038720419971677313
0.009070387522177205
0.0041176470821275265
0.002130139587201108
0.003779000956749795
0.0029284162747598287
0.00489623956842601
