1.0
0.20160794189432552
0.07615071800058863
0.04939328550359784
0.030688747181728707
0.011388514913171369
0.0034245721099054154
0.01356999268368078
0.009390302044132258
0.010718535924794772
-0.004393047133602934
0.017727092835558546
0.00617687223845911
0.0026117854289444127
-0.0009689062460201381
0.001696285840831285
-0.016853587007636738
-0.015735607427365853
-0.014106330241441712
-0.0073575284336259246
-0.000635665311783657
-0.00040433319868778524
0.0010775408923513427
-0.014263537251547925
-0.01665072355701255
-0.012310571214545265
-0.005909826338389177
-0.005526508431740334
-0.006720566336934507
0.005858705062482898
0.010397135561559905
-0.0011741032400953391
0.012423160813761987
0.007157848908350859
0.012647481013977585
0.017279196415374568
0.008211115855228672
-0.005509711804550549
0.007347745073311556
0.00803678703557656
-0.005443132366758086
-0.01096034458113078
-0.002041045230302082
-0.0038659032455191193
-0.005156204241330567
-0.004027841729736909
-0.005415554379014315
-0.005940981457641865
-0.00993324888908098
-0.010800631261021158
0.0021607712593708396
-0.0003334959497078739
-0.007266471637540665
-0.0036077617393362386
0.0013010864964535438
0.007492930790319162
-0.001486043151126289
0.009947975289818611
0.00617767787789856
0.0055525345667332875
-0.0024439567413437687
0.006969038215610283
0.005983940784324695
0.014993246749034609
0.014142665349248356
0.006540835729783254
0.003890031166005541
-0.010103283834289623
-0.0009026505490153767
0.006768450844609399
0.002972707368060131
0.014412018520904549
-0.0036891431192760276
0.000256077073932006
-0.005619429179822018
-0.0048958989180523035
-0.009738047277698945
-0.019494695032069465
-0.02268154920469581
-0.011251250888398972
-0.0012702325368183392
-0.002142783365186612
-0.009543167587133326
-0.0023024065177019797
-0.007530597434836363
0.00327976577272754
-0.0047929304921333505
0.003839079119715848
0.00913841350188048
0.0103258421599134
0.006551496097191342
0.004845065005588407
-0.0033173120036050596
0.00309170369307999
0.0038130078437312374
0.005384502136312662
0.00974117602517869
0.006806736402339629
-0.002811536842395728
-0.002316881994622802
0.006364635664510043
0.008827795286245919
-0.015671795528781726
-0.00976701492734792
0.005449412941000997
0.0030195748692917945
-0.00320596772975073
-0.01368202691826496
-0.0042679561679922545
0.008268764198437603
-0.00033783586109247134
-0.008480877225760887
-0.0014174707646965954
-0.004991758282342056
0.005811350209260859
0.008951435373053757
0.0004556422632252562
-0.006752011368323891
0.004866750609000863
0.008513390640639211
-0.006166268779139716
0.00045826707789905526
0.01162032351412335
0.0056185780023760845
-0.00529478504350814
0.016096888728022323
0.004672332715095993
-0.0016058125449127671
-0.005101920170660119
-0.011354958554140263
0.008285648847460008
0.007723514670234856
0.020589743334445285
-0.005709633056752927
0.012502573279046093
-0.0075476696586175345
0.004135974227009575
-0.003434419316189835
-0.0006554115963511538
-0.002577394630022567
-0.006605907782326463
-0.003327653490161218
-0.004239494790702324
-0.010366739512310338
-0.00029813271357531754
0.0072237645264040876
0.007915901681591033
-0.0014493396098614849
0.0032528697613695315
-0.0008628749347195456
-0.006288826534037614
-0.004181309166375925
0.0035633513956130603
0.013741857124465328
-0.006404491608140665
-0.007137094514114381
-0.00037086125510552264
0.009270053124577016
0.005873947073661838
-0.003207079656870058
0.002560495179081961
0.011649234784736248
-0.0047372528383549705
-0.0023688635044638575
-0.001281219917805178
-0.0013915904399191576
-0.000679604090076978
0.006407465374289696
0.0019513838552912644
-0.0019936804510988543
0.0036451389494692745
-0.004459329957792463
0.002116742078980548
0.0044633519249620305
0.00619634358535436
0.01065307142286764
-0.0006787282354806044
-0.005960241430703538
-0.008912379286702302
0.0045293625134790825
-0.00409241182529765
-9.87307265572632e-05
0.003792395533775519
0.007958922266971867
0.007483009840671134
0.001939234852022909
0.0013700971139068892
0.005036150212713815
0.0025098993114575003
-0.006440005753352228
0.004764427982761508
-0.01798447874390712
-0.00888330099571878
-0.003152569202961582
0.011943887225089028
-0.005858074264257794
-0.007008532886827501
-0.009878391544605247
-0.021373598114186747
-0.0033871762654464083
-0.0004569168274051372
-0.01191682172311775
-0.0026616177150680883
0.0009863562346819085
-0.002364626941537684
0.0009672797360093056
0.005676665370620783
-0.0029130252372374724
-0.004415994225998301
0.002391322248231848
0.009960738889017428
0.00701042811199712
0.0055693541605085
0.0012930864141311679
-0.008511625377360799
-0.001791271647532682
0.004836651338253716
-0.0045411036428997
0.0010015370405082888
0.003726121433239005
-0.00710317582179618
0.006085526401096176
0.005538796674977558
0.0010403473615584597
0.00023176447401685764
-0.002998447675513181
-3.373137703528711e-05
-0.0005285252245008952
0.0013948006934530622
-0.0056896202649929116
-2.1434938073934925e-05
0.006871698260646195
0.01645633475481792
-0.0014548637213024245
-0.008393119159076519
-0.006714597971392739
0.001905308886496496
-0.009641379441198146
-0.005040935635273607
-0.002089190252686605
0.008324295763262466
0.0015346719599108475
-0.001485018052825628
-0.014403146445525747
-0.0002532123225230432
0.0022266227083789177
-0.0008829519555793164
0.0037741758260070083
-0.0010332020697899852
0.010868817481061251
-0.0018645935905611253
-0.0035455427079462377
-0.003697194983772094
-0.007124243829651667
0.0030668243564527893
-0.008190651793316187
0.007043554205742817
0.004246794334846489
-0.00501438561089237
-0.00788541733855288
-0.0010785549135143486
0.0009037864969853366
0.003731118372461965
-0.00108840396216866
-0.0034897748485119657
0.0010829219426027083
0.009273732623375726
-0.0020426406509228374
0.0033684102549587846
-0.0004317119407431813
-0.0028744395754382933
0.00645593545136702
-0.0008062096779942509
0.012269117891311401
0.021128762506767963
0.004583483178483927
0.0032273244308815814
0.006747858411589101
-0.0010813243290375876
-0.0037531790129436394
-0.0029806366574630424
-0.0033755928351837912
0.00997848095619445
-0.001046971573646366
0.009267044526618726
0.010985482121594902
0.0023252519675413213
0.006322637276102603
0.0018932290548440568
0.0030213322937718903
-0.010491722726674332
-0.01342628284034651
-0.008551630341757524
-0.002493416203702244
-0.004924493029237343
-0.008155838203724593
0.006620762365437352
0.00015091216058502437
-0.008694904914543939
-0.0010768350859592724
-0.0069143177875303965
-0.003420057275648096
-0.022507517172943848
-0.008505829246343449
-0.020544730442289664
-0.009238671915254843
-0.009049670701179142
-0.0066652576011068795
-0.0006635480897461365
0.0023636332499105865
-0.0005234674308919256
-0.011460900874116471
-0.015386547327076939
-0.01694072271812291
-0.0011331030965254145
-0.0071634815459953
-0.0025659802292366967
5.765697466299089e-05
0.011449263154565573
0.006993552663153581
0.005581063049971903
0.002262269768351719
-0.002260431460404703
-0.009275601161994027
-0.006124779105503401
-0.009159452864501807
0.0028352010986074936
-0.0015499163729291562
-0.0019963094471511815
-0.0004897585560992689
0.012159004584208212
0.011007796238530385
0.009648689885511073
8.40783720538032e-05
0.005045732961777513
0.004966134895989111
0.0010995406229057313
0.008337656923555982
-0.00202693517643269
0.007817245724305883
0.00976474800846961
0.013716494721287735
0.0018630003865623551
-0.007622280697025919
-2.2504703429956746e-05
-0.004460553415937364
-0.005569879979636132
-0.0060023395545342455
0.003890631218809819
-0.006586355699456202
0.0005739937903243454
-0.0006538238892934937
0.004411295266393212
0.008821317646988024
0.00501420749613362
7.611871143694925e-05
-0.004605497531760887
-0.0018412680688175496
-0.0015833819103527984
-0.012286827820305185
-0.00696492293864338
-0.005905210367043777
-0.009328119531118251
-0.00767885863920198
0.00887078798321262
0.002969028555242382
0.0071549455414833965
-0.008843738116318977
-0.008920766154282393
-0.0006668136249441088
-0.016353181272155022
-0.002839201690336865
0.010605072339189054
0.006329570285312251
0.0015009403909273839
-0.0010974464573773077
0.00382996452452284
0.002144620120666465
-0.007201069044436056
-0.007932658815563239
-0.003612041356404025
0.0036008949232138516
0.011086372025704424
0.010759173339046428
0.013194194485163725
0.016392571375742
0.0128124444662544
0.014437131409074964
0.01255004754798076
-0.0032326314932154907
0.0009374515361852546
-0.0029813004908892118
-0.013999397079085632
0.009076038147246853
-0.00617551035306038
0.0014282789922194857
0.0024115150814264987
0.0044799096041907285
-0.007795746900808632
-0.020712777347018183
-0.015433225694541084
-0.006603920681313912
0.004269052066522121
0.005997767926228776
0.01118300848571384
0.023319577269135687
0.024023152895407553
0.01752909224879514
0.006212260403012422
0.0037914071859662026
6.2545993515910055e-06
0.004367623567533493
-0.0006703704281072077
-0.005803116425305279
-0.0009342089039941308
0.014320557957280844
0.016352632698013368
0.0064649039806068025
0.004453675938484736
0.009483739918155815
-0.005782914912791379
0.0066617971859624266
0.016081223190611473
0.015351040195920493
0.0002788042336790637
0.011781932789963801
0.015223499824186772
0.012122611679809134
0.009501393394765419
-0.0001807931722340285
-0.0007398005337586911
-0.007921808929329938
-0.008222534507073522
-0.004746862502780965
-0.0028581483811368344
-0.0014744971607602013
-0.0014870809370939567
0.001126602497050211
0.008219901314732839
-0.007059242977290346
-0.010744306312946523
-0.0004378570105065148
-0.010141398087595234
-0.013629518156572677
-0.014035022296340011
-0.005573209609267109
-0.012017118972142509
-0.0014698137857768836
0.004370956102130244
-0.006045240372649021
-0.0066064616028558495
-0.004673178545474098
-0.009578444629387724
-0.014382078978066197
0.0007666539218687664
0.005364858537645289
-0.0060391406824857365
0.00595824674961776
-0.002001920725726198
-0.011539326375845151
-0.004321284063459368
0.005298072534998434
0.002489839550217126
-0.0028552781898779204
1.0022288158960126e-06
-0.002693568087537818
-0.001742170261279236
-0.0062238413511785575
-0.0030639522983076867
-0.005194122672795738
-0.001027807656071587
-0.0064268276048754045
-0.009235207212141083
-0.0008665707803865978
0.0008456499783087118
0.0005234342125487021
-0.009642029969497055
-0.003217905444581289
0.005313923351813052
-0.006020570660851586
-0.011080650148832074
-0.011510758261352002
-0.00997980891433226
-0.01110469616991971
-0.00912615101450578
-0.014244942469928601
-0.0025919956021703775
-0.0005995146213212753
-0.0034986341765351273
-0.013858048521816832
0.0024644744986453827
-0.012395375400939258
-0.004187979783216363
0.0015513497550601071
-0.0074784906455572925
-0.0016019488800116115
-0.006401790104981883
0.003687395463604927
0.0011302832902753456
-0.0014110862307088543
-0.0048923796007302196
0.004313146657660677
0.004322469443440632
-0.001971165376765836
-0.0006785759321224353
0.0007246574482638638
-0.009157335737911759
-0.002696847211220383
-0.004113240663918428
0.006137566062258518
-0.004978578074095367
-0.00807504701296013
-0.00047060072749137384
0.004501453131053185
-0.0024548152907526723
-0.004738939477002717
0.0028175646842844237
0.009882518749458112
0.011798524494767634
0.006152339978174744
0.010884935165369827
0.01201472927333353
-0.0012445350762470399
-0.009441900857006792
-0.0034649002905611423
-0.010155500373364906
0.0003914126289755221
0.005467489964650291
-0.004147535846583858
0.00951564115190996
0.00036433175214551424
-0.009033021723399653
-0.013135497937315669
-0.003817483313095004
-0.014073994995779108
-0.006917598790322069
0.004981399406186466
-0.0053381728250368465
0.004643716459092041
0.0005002526250018896
-0.0017954183370450768
-0.00010816383452152839
-0.006936531028359847
-0.010145830138994541
-0.009396452821241694
-0.013153503765783536
-0.008648412279471395
-0.0019800247432504594
0.012870510494780923
0.0036607837147324606
0.010700682530602777
3.7445372888957726e-05
0.0005105996142186005
0.005729282931735398
0.003426220169734397
0.0035777012313588665
9.194572272945651e-05
0.0032519256329039607
0.005459988954244329
0.00902251751443614
0.016037992772356215
0.011091131665276827
0.009941329166630073
0.0028750393078790276
0.010458010688820994
0.006671332068645817
0.009578096376946652
0.008915028026654882
0.010986111612747314
-0.0004497704979557736
0.00012909570281365368
-0.002957036075081455
-0.00032585090842081793
-0.006275648228307596
0.00011521831191589408
0.00509046634880842
0.004710614364852968
0.007128497283477302
-0.0003460876384615331
-0.004582885931812805
-0.004800147447720117
-0.009916022764111689
0.008679283197241707
0.0017510068621961286
0.0008107187181215006
0.003686213082570323
-0.0056969590315337
-0.0007466509389478238
0.013164429423509432
0.0010648042348509698
0.00516829059884287
-0.0009887618121381754
0.013200706451839768
0.00038241255699794315
0.007331659101929193
0.017831785820902144
-0.0013815542841405053
-0.0020346759224188415
-0.0045932954960543225
-0.011306562558704374
-0.006628115724178579
-0.024239974158751575
-0.008303986659088452
0.00024131603969387334
-0.008313877282198276
-0.0048682432120110706
-0.0018981109109089814
-0.0011056001759433551
0.002781807525206458
0.008319818133336156
0.005274512607596243
0.010239996701170713
0.0030896419243945515
-0.012279107442907906
-0.0032753630192077785
-0.006757243482487537
-0.004472507038530251
-0.006606134062551799
-0.0037062363176141896
-0.008458502102264495
-0.010852221247543266
0.0063552062298559584
-0.0029194613203785648
-0.0006205812101174689
0.0012347273710602781
0.001525387445787299
-0.00047684588516439517
0.00791878250829915
0.007451899543565223
0.013254483119910477
0.0035430704631226745
-0.009256899796944017
-0.012079536440809481
-0.01654006821190206
0.00026084632829903186
-0.0010859468279534646
-0.004843680940755073
0.00533763946285067
-0.003099762106687678
-0.0049663076130943415
0.012744164017488166
0.011722494701590216
-0.0033118777855738577
-0.0005346689960688763
-0.0017155012722417852
0.0028968986776088793
-0.003755217963993739
-0.002953314443002423
0.004624855788969246
0.008638294876127179
0.002748756287991354
0.0017421526968315535
-0.008276505960380704
-0.01320417610986847
0.00038204098529252167
0.0054914274080480815
-0.0052787893595362175
-0.007749836065115673
0.002042388188264842
0.011299099351506033
0.0009717925169003851
-0.008109020527597197
0.0003644747365997978
-0.00041563490438605185
0.00029653573189467335
-0.011052150418323511
0.003510661588123248
0.004058347870642241
0.01329088185044886
0.01229748638046579
0.003433199958173254
-0.007840450352974404
-0.0010676625574179341
-0.006034921253373107
-0.0068120104110263304
-0.011310590839528917
-0.009526871895509773
-0.006489200215760137
-0.004735968425251777
-0.00385472354163741
0.003443266130289862
0.010991889469572004
0.005742223606700979
-0.009340689491104432
-0.003618149631295571
-0.010671308822856931
-0.006458545418700767
-0.00661306442422023
-0.01445780877475245
-0.014631512694671158
-0.00210333864395136
-0.00857242834467131
0.010302705249038719
0.001960002212415333
0.0027453939790473736
0.004713035975293716
0.013377007307099615
0.0009514673607412556
-0.002120650391621181
-0.00744919811503178
0.004005409578640856
0.006181700619309285
-0.008172797433429963
0.0009266025471680345
-0.003456536998794362
-0.007510761440062993
-0.003569949367102625
0.005630272760475868
-0.0004947571890286142
-0.008438353873125196
0.0037005719092560135
0.00784741608644501
0.00038893781108297667
-0.008366587249111868
-0.010940479848453227
-0.01274643426702846
-0.00023043354154865552
-0.007151574137357331
-0.012059989377968958
-0.015421655936992405
0.002510178915871793
0.000470276513906461
0.002876613082624481
0.0026674063212895616
0.008674441596165747
0.00908490490645192
-2.1664366015313572e-05
-0.00353413355974722
0.0005522722617317712
0.0011372711855344299
0.010051736873862472
0.005818793760396895
0.006857188029212116
0.010011619284864971
5.565976450189499e-06
0.007254258139685372
0.01633365452096837
0.014136779840466062
-0.0001713825578580131
-0.013246139758010802
-0.00309820021600922
0.006525217495356331
0.0039827563785500035
-0.0002115802796396741
-0.0010156809380127666
2.473053633181755e-05
-0.0003762665608273566
-0.007265550293029514
0.0053014952789880885
0.009571258616494356
0.002433342013685855
-0.009852165957523024
-0.010451302006587861
-0.009390270979218391
-0.00935323907897727
-0.0073931242378624945
-0.004836968111033579
0.005091670789782946
0.011660477879335267
0.013069509754156085
-0.0064445136534858555
-0.0031803215152606504
0.0075959353989541465
0.006357359395996301
-0.003149326114253843
-0.012307213020150228
-0.006014276002367457
-0.001323267108900591
-0.008177852735961354
-0.0007687389987040466
-0.008199074538827067
0.009894816085594255
0.006288760741399474
0.002242377354055723
-0.014852561892422496
-0.003041975366591026
-0.0022742661907548013
0.0025714795173227075
0.006226645552841539
0.010656626689540032
0.005630522840691539
0.0010848093753593846
-0.016438751724824296
-0.0029726638510065755
-0.006031919781447425
0.0001955947380202353
-0.0038461989158380884
0.0013362389336650025
-0.0008477092510897446
-0.005185941016594237
-0.0015834094646409867
0.002368833193913304
0.002430572623295507
-0.00605637992150955
0.009231715434445278
0.007772425831592741
0.0005547499086455416
-0.002633309213333645
-0.0004561471901875339
0.006959177203308168
0.004951997850941713
0.015240994683904871
0.0019198307201787701
-0.011512191332910036
-0.0035020525419044795
0.0017070613990762564
-0.006020438148876135
-0.006053207603863169
-0.0030379047160936047
-0.012085089957534116
-0.009718201485989779
0.005676644196643383
0.007833791915651839
0.00273273782565335
0.0023134975920428543
-0.00020056194577708827
0.007267359940058243
0.0016074219127597833
-0.007300564977204094
-0.0027629490111409174
0.0015986085614862991
0.005898854464108042
-0.005285968821616641
-0.0024302454192242414
0.003800240867517425
-0.00025330326149858334
0.0026690077394373375
-0.012820752831071392
-0.0037434705732139126
0.0033393649333946073
-0.00046367590199671016
-0.009341428109773868
-0.010293519536041875
0.012191051190408683
0.013059372459529926
0.0019250796386931985
0.0012926055628879978
0.002068369124192953
0.01095582929670234
0.0017839907882314502
0.0055205178155799065
0.003936010677035184
0.008431986041162997
0.0019395803364555598
0.0025531180297650607
-0.007428356772356702
-0.010743235035377151
-0.0061781253395892235
-0.0023959505015533366
0.0043233978584114865
-0.0008930229002785774
0.013220972205812706
0.0008122736962565833
0.0018377431914479911
0.0031428172263350644
-0.01022852972535365
-0.011058355453585581
-0.010260905269510276
-0.0048074519043752265
0.0002375216618472259
0.003301715653365994
0.0006770774410945138
0.004664231445326499
-0.004529423644426671
-0.0003540601123345214
-0.010101116441895907
-0.0025018829187094666
0.0004247800762759927
0.009993972383413713
-0.013106663681761735
-0.01353965083686864
-0.004282331059685154
-0.007934604284628893
0.0013445832199528581
-0.0016462432649312045
-0.01147315999728726
0.008103010064425153
-0.0043337016096191
-0.007965939378454788
-0.014968482994959863
0.004252142536585128
-0.0037359821111967923
0.0021752156017842373
-0.0016046803778406555
9.301679569981342e-05
0.004551202272899109
-0.005644454392416849
0.00045948943306440307
-0.0069697543235314515
-0.006355871850468576
-0.011716024855257405
-0.008698050219315875
-0.016794640956197447
-0.004080788332628827
0.015171127350513307
0.006931155389519489
0.014331017459545228
-0.002441543041188692
-0.0016734110517442704
-0.007424713375952093
-0.0018300097559509456
-0.0007098731635214942
-0.0020681204674729003
-0.00522260011299194
-0.007316254412593551
0.001130711488963789
-0.010256537617987515
-0.0031151605608460845
0.0012520547222356108
0.009677026420981673
0.01622672244226109
0.005523515118407787
-0.005913284202626841
0.009098061381438708
0.006876472336659384
0.0069770212279586874
0.01116813224171571
0.013556056396614256
-0.011100219766510636
0.00031279737405397065
-0.01171094576022605
0.004592907136830171
0.0031391814397534238
0.005567806702168201
0.011530412216240512
0.016914994812216408
0.013170525113036489
-0.009556255979318484
0.006170401830390641
0.003449149780630606
0.008924748845978821
-0.002866369733552283
0.004004438601115662
0.014757575371623801
0.005213989667997278
-0.002199861333624537
0.005014237094819067
0.005043335511982765
-0.015496719636711877
0.00022221193951259656
0.008331495969874415
0.00344629607030146
0.0068544465255759475
0.00600700171328586
0.0005061212109536942
0.003259458913875573
-0.002577833592132872
0.004623877666817967
0.00915069238208529
0.0019650833562725174
0.0017538482674280926
0.013287162263949904
0.012013971016068482
-0.005958597353729172
-0.005184907032004375
0.006812753259927719
-0.0025055722190604575
0.0036678472821007027
0.0048948307078610954
0.009175203976521365
0.007016386792959594
-0.0010757611594696332
-0.005191839821581474
0.004380986417713992
-0.007394014855506798
0.005165200431924749
0.007874712640331493
0.0038860335716581797
0.00966567605812913
0.012289866946821321
-0.002544354070669219
0.0028192017657495128
0.011471393230680195
0.004294403859400208
-0.002187205238173879
-0.0031190744340486598
0.003589583606551999
0.0032720761297726254
0.022731888775340624
0.022133122628333605
0.0033639138217189564
-0.00401809865782883
0.0035955581080588345
0.0009814361801235567
0.004594872767619326
0.009402511562413365
0.01012001571456368
0.0010401849226420964
-0.002456998132379562
0.005384977932022361
0.018601014973140102
-0.0007708723638793597
-0.00386638023740169
-0.008991193012890005
0.002773125016873968
0.0011638911906685834
0.005760605448394335
-0.002361934909986821
0.007235469230194607
0.014951551083768317
0.013513541013969312
0.0019594663876669866
0.0014636620515233903
-0.004129003665513785
-0.0014511194516855631
0.00040289883004680706
-0.0033650479415250896
-0.0017581524755125586
0.0006964162124732733
-0.0011067149720725145
0.015460528050970946
0.011515499231131343
-0.009746853915141239
-0.005562312393223128
0.0018562408084829682
-0.004168645992370451
0.008028354464993953
-0.011213906513209585
-0.009190714077626392
0.004489339569546659
0.0038198070235100977
0.0018765452528409828
0.011054501635923893
0.00941320103518226
-0.0006737894567503688
0.005487641015454435
0.010305289081361899
-0.001121626426971855
-0.0022667720508297304
0.0002166758104908683
0.0032040783351915338
0.006353499288098263
0.010125652658790273
0.008806043466899489
-0.005873045819567408
-0.006433976338072073
0.0021983088660367162
-0.0021933383851845826
-0.011274061021024335
-0.004129917703211723
-0.0034254213315416055
0.009694399967180757
-0.0067224831634899096
-0.012326225823746676
0.001410632907402274
0.0028304564301995963
-0.0035494321617254476
-0.005466791336947599
0.0032072948590065853
0.00393670807457464
-0.010487497078375383
-0.0038166029540868444
-0.0025591108883980486
-0.002083914652892328
-0.005771912332912484
0.002619578429716958
0.004877412490302049
-0.004985864319435725
-0.005548322272242298
-0.0057648795798450544
0.00406273929509432
-0.003562353439790735
-0.0041526848811219005
-0.0032308645849187323
0.010933650175861684
0.004065946014119883
0.01786841362071778
0.0076012594182713064
0.010891583408445524
0.007192386092074005
0.007031984263702892
-0.005206996111780372
0.012176365892190396
0.011463743070892405
0.01431909143780484
0.015410177044077596
0.004398037907063449
-0.0014895451126866136
-0.011673165884366362
-0.0052962779462441675
-0.009135808308155389
-0.002853366033687789
0.0019562707236149847
0.0023284903737486548
-0.008338696388917792
0.0017901239109984898
0.008420885250042209
0.00032310410748808696
0.008507042908931358
0.004487974712985576
-0.0018400922811070346
-0.002888468006816479
-0.019407359164325864
-0.005008231903718201
0.004989030039384157
-0.0045109301908873665
-0.009060012923520815
-0.0006450219675216642
-0.007661559563297921
-0.007361461600491296
0.003613820452759411
-0.0029933336360992826
-0.006698753906650058
-0.002706214970876893
0.0027267581198937335
-0.006818581544105313
-0.0008470442166115797
-0.007964711275063532
0.0004242216625769052
0.0031067320773381355
0.0032297507915256558
0.00040847187816713166
0.0009710142184985175
0.0010874530937000572
0.0007836546040394745
0.013353115735858257
-3.0533313452386314e-05
-0.0013076264478760313
0.0072689525670988075
0.0029764996344479613
-0.002266480895317867
-0.009055023397004855
-0.009441327520971867
-0.006747204458800039
-0.009905702027968477
-0.0010198509991185217
-0.010640158733911578
-0.011268239189394883
-0.007864149416422484
-0.005105795642302408
-0.0018878230573664367
-0.000797424255067946
0.004515217186364456
-0.00040577330063847316
-0.0018600023458767727
9.091757608477928e-05
0.005295786527719649
-0.010598189905893075
-0.00031219145716691947
-0.0028120300223500963
-0.015418297144631186
-0.009182476324706043
-0.0021877051201909374
-0.004488725356118728
-0.010120803155664214
-0.0008344000370728333
0.0002462469173096826
0.0010196440152879104
0.010177428749258968
0.0031829335287338932
0.0021305706611199717
0.013572869679019033
-0.00043486070797780406
0.007167361998295529
0.0021932370212495783
0.0011236761730751578
0.004154513268592058
-0.003316054303599452
-0.00019699923702676248
0.003051674702466773
-0.010085868480019813
-0.008743042296314072
-0.007758484476739913
0.003874130373449902
0.00139818099917814
-0.000346953721175321
-0.003829845153730094
0.000747231838651149
-0.0013313300652380965
-0.016595224676479562
-0.014840767798625035
-0.005480277883379072
0.0064553591989847765
-0.004855791713034414
-0.005142852758529335
-0.004882549341851855
-0.00340621864747501
-0.00465651576079481
-0.006975435489336959
-0.008087541349325978
0.0047500870176470965
-0.00020360447347521484
0.01030488437395709
0.012732687756628641
0.005521304766599141
-0.00023524951230013323
0.00026740173968367153
0.00241140758713404
-0.008084944464670637
-0.008315708417092648
-0.0048789824408620045
-0.011884871618422773
-0.006934950788127139
-0.0037819670855360446
0.0005808904000280325
-0.0056800584688075405
0.0034501770267630376
0.015471525894190104
0.015764031770905018
-0.004276600002640554
0.0036208885327394893
0.016493736135465335
0.010496224394798291
-0.0018178990723938786
-0.0011559887848911668
0.014496324914245634
0.00929888754385502
-0.006014701466900447
-0.0074926032832685965
-0.010252143316363031
-0.003670866613859576
0.0016427934057906515
-0.018768682203207376
-0.010062078407452773
-0.005678411651719171
-0.006156395631697348
0.005452985569047748
0.0006078359911214945
0.011851311668965319
0.001192654452287781
0.0031971240098526373
0.007680542524970861
-0.011995825271735858
-0.010042556490471985
-0.0006277139989416641
0.008611763646357193
0.018537576458570543
0.007693624805606195
-0.007509372344511519
-0.0006128998277132152
-0.002438030377355574
-0.0020816759635591633
0.0026069901996545945
-0.010502286261038702
0.001173047761249458
0.0008444964385563435
-0.0027957694843416467
-0.0029985284050279308
-0.009745951997359665
-0.005789344156699573
0.003753347937072953
-0.0034952302481050567
-0.009913464241715604
0.0040077209571591065
0.003571209730305848
-0.0037136907445642535
0.006984992098350906
-0.004976262414113673
0.0031409608099049174
0.004915929302180055
0.0032092917376979613
0.004241292345692342
-0.007080471688699104
0.005252870816498715
-0.0010607723564388613
0.002199223067407751
-0.005526837864825956
0.001489578371020825
0.005273929702577511
0.0028776873720962578
0.005981491752127096
0.008306617332500345
0.0035306376148730523
0.015522061292135436
-0.002795652862031218
-0.00849328587025989
-0.0028280011532484032
-0.0017344750270428676
-0.011848953120036546
-0.013886965944317495
-0.0004874932122239907
-0.011148970587505672
-0.005627353893186257
0.0015163554035634572
0.004894910492659104
-0.006182426279825712
-0.00030475029561406855
-0.003125996380779013
0.005018119823520299
-0.0034022109394582743
-0.0006571267214087978
0.0022431445506664004
-0.009657220019856838
-0.010461140509258707
0.004771325536891633
0.005482602514386188
-0.008468181731870583
0.009644665604449256
0.009925307303749853
0.011274889251967318
-0.004555015713958991
-0.010238175421207028
-0.006702747977524826
-0.0076273017037394985
-0.014828298644451511
-0.0111084727318798
-0.008475176181139644
-0.008055193471662106
0.0038333486962121147
0.007863813883040555
-0.003365860330818662
-0.010821964259032263
0.012161327631433363
-0.011132861902066393
-0.01550003386262984
-9.780737196372497e-05
-0.0020500395048092595
0.006636551492230017
0.0016549836296437081
0.002226125200146968
0.0033649520127436426
0.0024104629818448233
0.006512016092208875
0.00035957361950441085
-0.006982318382824013
0.00912594033566769
0.006454344852961324
-0.0037577889174586774
-0.0037027089919774905
-0.0025726904138642917
-0.009761665500318779
-0.007473867521743663
-0.015044660647434776
-0.0010436023353489867
-0.004723586053668021
0.01305357403596837
-0.003304346502801521
-0.010371226772506978
-0.004641690087197052
-0.009258273892159307
0.011284731994432983
0.010840833888485411
0.01196111603628236
0.0009718961515191836
-0.0033470550997733457
0.00032785475259470865
-0.006846661687871829
0.007397270318686545
0.013263698943053837
0.003382105213657853
0.010304175524771754
0.009369331865214492
0.00508437740035648
-0.008819346110879074
-0.005833679202434612
-0.006461682005933035
-0.011328695128207384
0.01078731368084427
0.003525412134127698
0.002043180570205787
-0.00627255602446491
0.0030538907380240686
-0.0022573639076746794
-0.006902806951547713
-0.002185737490881187
0.003413065362801698
-0.007072409653208238
-0.004687330902930041
-0.00015075700039289221
-0.010496556435183118
-0.005697516884688912
-0.00708205919544655
2.5346588541888402e-05
-0.012872323668695888
-0.003838555174436501
-0.010110592522821113
0.00619441773814038
0.0072086771372458745
0.0035236844896547044
-0.001777076167321321
-0.002479499842818364
0.002535414624196434
0.00010376998998838828
0.010154544335919691
-0.0022044886209906128
-0.0030714625260992905
-0.007606718377910159
-5.6259028566321784e-05
-0.00369643817295203
0.003526736281845928
-0.00046628878165899283
0.0012304367565375012
-0.004142786240459555
-0.0031968380526091983
0.0012023666338113039
-0.001356176022756233
0.005973638583458249
0.008782562398044683
0.01720102888161107
0.002823523097087309
-0.0048619386660601225
-0.007119089276201215
-0.0059491548191500515
-0.0007155649445784914
-0.021099771379090877
-0.009493653531265751
-0.005626121536993172
0.002914780888470961
-0.00990423785029836
-0.005482185184226484
-0.0020142969526728885
-0.014868997468670065
-0.010324329823259055
-0.01241044678260506
-0.007057302277530653
-0.002767792698523476
0.004900623355091532
0.0030351255367707343
-0.008855811185245692
-0.004740558561489726
-0.014138971520114929
-0.010419177383598563
-0.016974599581749086
0.0023020279923584436
-0.005975303996548157
-0.016706141205932043
-0.018040835878653707
-0.009558348229481184
0.0018557563359012457
-0.0029099113182752038
0.0030024680572335693
0.003597213251439573
-0.007130628746835475
-0.005614656267197132
-0.004265214272385257
-0.0008805554381640926
0.015332486026500286
0.006177904306777055
0.007873789597839916
-0.00017662786818608547
0.007465652723583647
-0.008869968696580993
-0.0010612083446056029
-0.006350829901827545
-0.007337569221535458
-0.007818424537444262
0.0004902589647098886
0.0002887911171159195
0.00486675766660153
0.010152406956943156
-0.0022589179791662486
-0.0037613288703277244
0.004320095932556875
0.007932158403317485
0.0044543268522898175
0.010296512630056235
0.004530152098288852
-0.0009153735483906849
-0.011277870717719393
-0.0007571087680275762
-0.005370294876580056
-0.006165649619933136
0.006375376789301844
0.009989724445130677
0.0046358074817835606
-0.003912066614920518
-0.0025555275112929617
0.003926319964206242
0.0007328214780801621
0.004747098144089976
-0.012632291562534119
-0.0007059692054602567
0.009390835243896377
-0.012999081994404938
-0.012078302694617862
0.009787168222821642
0.0016516310138746867
-0.0021521892957768562
0.0048068738390692044
0.008481727943034655
0.011535136043698381
0.004701297102113103
0.00656983452352358
0.0011409917478532867
0.002986854912849859
0.0003206327167034462
0.0024232957095701533
-0.008301226601518854
-0.002553559079031538
0.0030804119240924366
0.0023237219917329834
-0.0026811421017473593
0.0038314688204988856
0.01466843420008352
0.009279851817011695
0.0009207541917367454
-0.007436237219478907
0.0041630597578627936
0.01191878944811704
0.011140248942493838
0.0013730003904395608
0.015261999555000686
0.00853953867169761
0.0033644283439219864
8.181500295546557e-05
0.0034869694061112687
-0.007321853045730953
0.0018045280034497927
-0.0045086268638768676
-0.008331584044389622
0.0033338446841532153
0.010840734744321985
0.0036792934769407544
-0.005463925699179176
-0.012271896891498681
-0.007891324097975855
-0.007334310050429585
-0.0011251055254663668
-0.013539077896788616
0.0025532945338374957
9.156683678124537e-05
-0.0005756136452402415
-0.008410100497394348
-0.011357618877297266
0.006048337276045475
0.017441475157691254
0.010890891732677849
-0.001957265095064987
0.0021981546057869778
0.00017288739232754097
-0.004961478883379806
-0.002999142064108637
-0.0029793300728575543
0.0011801121849443477
0.00409985947162094
0.01245820500642138
-0.003582649570445476
0.011234535403758832
0.01259304663745317
0.007535836467810346
3.265154430978423e-05
-0.003766173547113193
-0.007697485386546884
-0.009872603480332752
-0.0007307226858829131
0.005771330711307128
0.015363590092720918
0.009829063563443503
0.00410963908056615
0.01894133630957099
0.011176171339737934
0.006990128487992642
0.0060348402970513354
0.00218635172210702
-0.0014682419123654739
0.005877549476802824
-0.0025266831330236564
-0.008491043387234196
0.0009150862917006743
-0.0022071384853272085
0.002988469660317729
-0.00499321627724034
-0.0029323446987624784
-0.012591365189766826
0.007775812982543871
-0.01366652037920816
-0.0012195780411419228
0.0048350166426744685
0.004193352310529681
-0.004383760880980401
0.0026174952592354665
-0.00947882114623918
0.00020837520870886124
0.010130114964859698
0.005190511922250016
-0.005581456824088469
-0.004823562620645696
-0.0015742088664518824
-0.011007815648268408
-0.00802070033810005
-0.008452425577839132
-0.004121000774718964
-0.008591145397218319
0.004725589725013555
-0.0004876382289523135
-0.0049474343930266135
0.008048163983921495
0.002062922439498742
0.008099035784332112
0.014094566706175884
-0.002995184211672742
-0.0031374626324864895
0.009552794549628114
0.008169358864377136
0.005526258272647361
0.003797303631247082
-0.00102557013500112
-0.0013603168696669687
0.008261253993211554
0.00594730217812455
0.0030340280057610225
-0.0028910517492691744
0.00389431015867758
0.01004002289508315
0.0015892704373339389
0.0008337564766212596
0.0019051871629936117
0.003708888036074646
0.015995497408256495
-0.00838312111728298
-0.02339718525869743
-0.002577684414844416
-0.005710538133057161
0.003146535498890588
-0.009669066541215498
-0.011488328394108521
0.01379629938792869
-0.0024829506766794246
0.0026209104091081243
-0.0007616703214001926
-0.0010943556687002477
0.005621840218457021
0.008766177210692503
0.0066367531043184476
0.013477326953128456
0.007369514456962998
0.011628291864096444
0.008586903189079323
0.011662910218214188
-0.006169650486479948
0.005586967502526861
-0.0016165708697946969
0.004978126774073647
0.002652967068705492
0.006899134426121748
0.008442577388433847
0.007829558082586887
0.0065888354613297265
-2.9639268689231924e-05
0.011679010755315382
0.0028669670472998353
0.004211646650976211
0.009397493665082572
-0.009510662110349769
-0.025748500268681036
-0.01947422554068291
-0.00943357929237216
0.011449317095816642
0.007658699600692155
0.007055471933563139
0.006783906407406649
0.01650974507694895
-0.005823465212673447
-0.008405074955559684
-0.0020463623596594935
0.01306786939058802
0.013066592847674242
0.00836806880107138
0.006908447461464193
0.007861162531532956
-0.011288174402874532
-0.011823138796458339
-0.0026603787847205435
-0.005723596614670557
0.0054781136981172564
-0.003683977776359648
-0.009240177228518715
-0.008617176877366189
0.0031139066291321483
0.014364525130788463
-0.003230635644649231
-0.015810316874026866
-0.01615733079393686
-0.0037931373240665807
-0.007729829058014475
-0.005247005453401414
-0.002435953789682382
-0.011806629678421332
-0.00031438550388822605
0.004412094032296071
-0.0009582468890470117
0.0019124510009905541
0.001966977592408949
-0.01278971864481179
-0.004095223784318337
0.0038042820601477375
-0.009763547996659594
-0.0007885520594858887
-0.00853308599082834
-0.003862209903041673
-0.005880929531323301
-0.0010114336524405158
0.005481219912979973
-0.007633291344946147
0.005270511212726776
0.009621862556408916
0.0010197769081176776
-0.008211833345588629
-0.009579946746233423
-0.0045148024967916
-0.00882402161457584
-0.00392522198766911
0.00033728130703245484
0.004147004089034198
0.0031695493493405272
0.001551134541627535
-0.0028354666115759167
-0.0019636391118093887
0.004896432676981946
-0.003788884932113879
0.00904054603323305
-0.003886836447440693
-0.005206102703905026
-0.0029184185724963323
0.004032830674202493
-0.012063804425602965
-0.004265216613239132
-0.012021240741415862
-0.012884652448379308
-0.013983239166135855
0.012754054938228563
0.010936886755690637
-0.005341038712578615
-0.00795776684707176
0.0018592620926073523
0.0020483314027752225
0.0040956726741279955
-0.0006429613931475806
-0.006847907349461719
-0.0179384394240356
-0.0028032351478509557
-0.0035867174788045205
0.0013213928415779976
0.0029227454260706423
-0.01471987306376891
-0.020481621185669135
-0.011345388403200027
-0.00018818897579672258
0.0007392253934304313
-0.0017094714657050274
-0.0070598676801370145
-0.0023227450491864056
-0.00823485908992599
-0.010460876992201875
-0.0012966523150958525
0.0009190175658102557
-0.0020756924724128194
0.0027316964944074577
0.0011230464605441045
-0.015233834242917403
-0.0004919943839417673
0.0008261695800656369
-0.006047687959649655
-0.008137582174435908
0.0026651204129974674
-0.0075626921362139275
0.00445690295532212
0.004790012572695195
0.005939295259927502
0.002792810986963042
-0.003516094527918409
-0.007597214668048845
-0.0059013478072915135
-0.01441964060320989
-0.011301650872088367
0.011906201629806417
0.01544204496898121
0.011396061768414116
0.004530166986771189
0.008213814930184115
0.011739255369574734
0.0012133371862062912
0.003694725070419948
0.020300019181133715
0.0031783926710131547
-0.007062759071857712
0.004459378311867627
0.01169874365463325
0.003285145428268084
-0.005344677215424613
0.001680750911962834
0.012033952540568625
0.008778239519571148
0.005719694225007284
-0.0031562817888256918
-0.0027607795839124072
0.0003673080963631112
-0.0037254710408229984
-0.0117659708998868
-0.009071873885602101
-0.009659364437816443
-0.012147098760811588
-0.013067616183394876
0.0014600724959004702
-0.004430593804655049
0.011831736205145315
-0.00011894860647642767
-0.011548868053261656
-0.0060636142837720425
0.006410295754769942
-0.005552304400237686
0.008020000802294676
0.0033573321540285067
0.011838725698406102
-0.011571324484050224
0.0006900038645234294
0.000976583852561437
-0.0011432459770707231
0.0017758402676274392
0.0021125010873336283
-0.006876338242705977
-0.004385559975184705
0.006529438884751132
-0.005220208572480664
0.00310365693906696
0.0027045247826618813
0.015055534540096728
0.003331822539570504
-0.01116000181536861
-0.0019783638810926445
0.001624040934401862
0.008909242785593803
-0.002915344704965529
-0.016764409877617757
-0.010054453902540955
-0.006120259756250019
0.007380948506338353
0.00030334734080486375
-0.022618885242314632
-0.010780670409068018
-0.009906834547694176
-0.0006288807602356844
0.004250625344743731
-0.00846274355097716
-0.0009572844543971623
-0.0079763779336026
-0.003454330243501784
0.009186036668358622
-0.011243765410794502
-0.00469051827484673
0.009426341341637954
-0.00041586753584666966
-0.0018767052135779312
-0.003765173839934585
-0.003981262320186466
0.00796129002820218
-0.0015912719280345498
-0.016912382650291616
-0.011333762932495139
-0.012861608611276814
-0.02313023704396245
-0.008777775798544796
0.001766208601025578
0.0007155930225965967
-0.004277041091289213
0.007603014183104646
0.019721426634889207
0.003230077878272569
-0.00530958262193183
-0.002420849885972042
0.0023842424943843737
0.0059562590662951016
0.005166538082048806
0.002312825584155464
0.009664683912277339
0.016507879475717607
0.012847015549551115
0.003782265208211292
0.014397809744337832
0.022990564345350052
0.02317076892846182
0.008428682161362453
0.010699477743314829
0.006817687867071378
0.012967332093625923
0.0023430568904793114
0.002283526141512317
0.00845124494305696
0.002426024786132991
-0.00042521711276302025
-0.007393843654209612
0.002084456498704528
0.01185214134101867
0.00015750232811148317
0.00028944954907670115
0.0012011933724429178
0.0053121893107422906
0.004686097029487265
-0.005709459492673773
-0.014775343681055571
0.010089481082302922
0.005627191335176842
0.006360234549870657
0.006103393025075288
0.010779389316683256
0.00545845556429475
-0.004072590234020038
0.005829925059986372
0.010335317872407969
0.009728990933218763
0.017295822602641623
0.011732934159580417
0.007392386399687137
0.016189528676595833
0.008510004241789852
0.006721023548368542
0.0016094211095226873
0.006998124639288229
0.012078311631575004
0.00354954927879638
0.0063063741832579045
0.006352960197100185
0.015492280244998628
0.0001388959622472551
0.0004900743582746622
0.008775986222980035
-0.0007588659774870379
-0.012975943896178253
-0.018951202040008698
-0.008269070589810653
0.006433266269620373
0.008895639142243023
0.0056018636089566354
0.00415338355798853
-0.0015554291535884715
0.00029796827675118394
0.0002374102657419659
0.018458993729052377
0.0026715112927931336
0.008639553190865337
0.006371324338426103
0.004339590685804037
0.002854068091411157
0.0037891091389937537
-0.0007298508572011574
0.010139849750454021
0.01150518337458029
0.008310860762784365
-0.009596942055514545
-0.012660263184670381
-0.003706026499071506
0.002618960009552063
-0.00812077143339708
-0.005761457325467315
-0.020118869981475697
-0.018524716769545972
-0.012542024250242156
-0.0070405599778192995
-0.014538633371179086
-0.004106512627556081
-0.003289411570760925
-0.0014268569330876978
0.0025367261518480437
-0.0027913684411875013
-0.001544858992739749
-0.009149663658306646
0.005290614354393916
0.0059572810190587295
0.007790165805351404
0.0032777752633190715
0.0064797872676752915
0.005856291346253037
0.001248363937670798
-0.0006703806820566665
-0.006178143082981182
-0.001398572191070096
0.002063826847241784
0.00756179822541037
-0.008576414959955932
0.004861317624576095
-0.002623860807415609
-0.00693123263037595
0.002913350637398574
-0.003581673637121159
0.0008944119989412058
-0.0010314316155488198
0.009462554883395344
0.013603310804894861
0.004183884568973491
0.001803893235392285
0.005571445368287383
-0.0016938247130232828
0.013567217739461335
0.004035911592412592
0.006531629393524745
-0.013938673251398822
0.0017962638966073949
0.010754357505966016
0.0014669008365880243
0.008288394161308043
0.018670507951046095
0.011449003109267563
0.02204892981053703
0.009977148730658959
0.011899961171505602
0.006070782224957721
0.008650811486962761
-0.0014399123799135815
-0.005708564540459161
0.01083385587545553
-0.01095526855626487
-0.0038332730207001286
-0.003976756168848823
-0.0038122318949806435
0.0035078160830142972
0.005037233704224815
0.016237241982685297
0.012383155867421313
-0.0001792628838339569
0.007991994126627358
