1.0
0.3045203207124905
0.06533379084581505
0.017734817561346206
-0.00299488716932927
-0.0007796171077733041
-0.0037526829679501795
-0.00876267765001736
-0.009358783324691883
-0.005337460229594903
-0.002024691137507368
-0.0006024753581407485
-0.002397215648761809
0.0035090660452776158
-0.00028629099694306345
-0.003858388305221799
-0.010198624385740894
-0.009131070930268216
-0.005502158494312039
-0.003577170863553891
-0.005598341580326986
-0.002594595458052399
-0.003908858652316296
-0.002882197075791301
-0.0034470100077412
-0.010144577297057816
-0.004677261658370545
0.003430849921709872
0.005288959934140618
0.0034687721196973555
0.006380852038569658
0.008322576701034038
-0.0021981116977388125
-0.00490321188790075
-0.0027634601906945193
-0.003534103499773568
-0.0033716296731494677
0.006147627034335049
0.001512440602775752
0.0029568828119267043
-0.005421179876505463
-0.0040675328104556865
-0.002399745401887223
-0.0022995929362826474
0.0010577961620290386
-0.0027087102280074823
-0.004132144384230736
0.003081645300685226
0.0012347141530521352
-0.003392092309268402
0.001955897923970013
0.0017372985223972673
0.009972673809663468
0.0010700623603172937
0.000582500036723557
-0.002493474337518423
0.0005403790310244549
0.0018091723189363879
-0.003010800638496462
0.005440048180549918
-0.00482244634811829
-0.01059691520267491
-0.009736639312455954
-0.005365243433167984
-0.0017362528300207062
0.001132375729957909
-0.0017066778456286823
0.0028685939884278786
0.00959407181662835
0.0057621044863716865
0.007222739800573154
0.006102893180417954
0.0016221134898676758
-0.00059703222411661
0.004099699649235073
0.005741943325541925
0.0014698148233259285
-0.0008490314032395901
-0.0013451088079024912
-0.0024765011061575093
-0.0013547579439585503
-0.006400033344063846
-0.0005940684483210519
-0.007271825060805029
-0.003627755571231217
-0.010967262849838772
-0.005167606728422692
-0.005612528918580724
-0.004477830954904098
-0.0029914199366624294
0.002413282541314547
0.003151422049889638
-0.0005167705154764315
0.0009954714325705288
0.010233453836919164
0.0043118860628008964
0.005568544639371051
-0.001709335370714367
0.0011011380674485413
0.003040603567788371
0.0012066306385885427
0.003482867830865942
-0.0022750981678033603
-0.0058822328833165625
-0.0071383546513109145
-0.0008744966702794917
-0.0010473670244195816
0.003068457425408808
-0.0012604618283531264
-0.011205915428127312
-0.007596709531563953
-0.0002102780126761727
0.0017453957437586613
0.0006868703632059454
0.005978319123245214
0.00297197415326035
0.0031565766071121586
0.009788899776942734
0.00336944356317904
-0.006113554892798165
-0.0014897023643321177
0.0013249803680613075
0.0015549536226909053
0.005216005055822759
0.009356613405407607
0.005241435799828535
-0.005003944230969716
-0.005741506308703794
-0.004970893509642056
-0.004790050538659245
-0.008245465376936817
-0.008571199110176668
-0.008731161966534716
-0.005277814497287871
-0.001442361206952562
-0.006831040859321384
-0.010984639607714407
-0.005736770463695207
-0.0059184914051307064
-0.006284069786272017
-0.0018864019057381427
0.0007642820882959536
-0.0006074032180333785
-0.0021537237811193053
-1.2740635295276663e-05
0.01084814962139126
0.00854102252674046
0.007017153517444375
-0.00466339906951732
-0.008547140374341405
-0.005609371173374798
0.005235595453380035
-0.002016393681161856
0.0006511443527820674
0.005281040553881941
-7.487251122546918e-05
0.0023297825914800193
0.0011252342511764725
0.0022222102033331225
0.0054995869337299205
0.00433881494430363
0.001902660674556036
0.002723106028276358
-0.001996451635208796
-0.0024881853061123832
-0.003403974824335791
-0.0017587787459131643
-0.0010644279114344977
0.0014823902387682663
-0.0010104427160850368
-0.007839867778197092
-0.008528764257452614
-0.005164935597893123
-0.0008531525705118842
-0.005810037255304526
-0.008998241251930448
-0.006278521475166397
0.002862822722702352
0.0009696248457618066
-0.0018431136874140703
-0.003118841697104628
-0.008584171793490922
-0.004642995471182904
-0.0042393442895629395
0.0016221636421814547
0.0014572283045106399
0.0012341326537467518
0.0011329383216469313
-0.0016343701858311393
-0.0029811096162330603
-0.001836023719411518
-0.0002069525802010963
0.0009034320879138323
0.007561476907349124
0.000680993192649774
-0.00414475644357619
0.007075492745936548
0.0026700167475946735
-0.00163421306825222
-0.005564678648679244
-0.006268520739231165
-0.0005964592845275777
0.004490588765079633
0.009979042009907587
0.00014367148437763184
-4.033953119450356e-05
-0.0040098807920330975
-0.001287152555674853
-0.004988501414513896
-0.005661463333738374
-0.004435325552096856
-0.010376983160695923
-0.0058906836244287325
-0.00015370296598228459
-0.006076927429881924
0.0018182895673871783
-0.0007083903148952229
0.0007062508571116455
0.004648590295856485
0.0016403624447193037
-0.000966951213161304
0.006742104983644908
0.00811460609678648
0.004484499403660229
-0.0018908518978062664
0.00042143732958929724
0.0023365476506703358
0.0017773204985115584
-0.0022738869644741947
-0.006688410444380389
-0.0009106558855220729
-0.002247872191368324
-0.0013908857966776584
-0.004554637504582605
-0.009255755639968525
-0.007191745968688269
-0.002887311939495163
-0.0031493182102294037
-0.004241926669349289
-0.0021261943263521615
0.0008767921713456041
0.00541360321065522
0.00691364578164902
0.0023132265059396025
0.004603050747375051
-0.0003195622747838636
0.0006019939624655353
0.0027621325682920333
0.0021572924689504773
-0.00044551381557320416
5.7365694177905924e-05
0.006017549530059879
0.006711928490310977
0.0009869665538515414
0.0023752351150233934
0.006324055180861691
-0.005547769930548936
-0.004772908975451351
0.0016322603370420982
0.0012610630254025342
-0.0059544037678570414
-0.011064694628661218
-0.0011558838161213748
0.002838653826436574
-0.0014800497212181854
-0.0004978492659475976
0.00532824318940644
-0.0028993251236575884
-0.004893650164915639
0.0017699844542585345
-0.003633592410621844
-0.0048571966894970205
-0.0012832887343686478
0.0006818858012570651
-0.0033329770991705897
-0.003880085065303076
-0.0013994124385621055
-0.005867867024727555
-0.0037913852922480604
6.476921810574382e-05
0.0027657575492537347
0.003523902861539549
0.004608004307209567
-0.00026033228131561284
0.0003769923505044304
0.004447823285514203
-0.003111291576771491
0.0021086333301121147
-0.002287971267308276
-0.008748653972154066
-0.00523349546039395
-0.004878013885008393
0.0018368280347179201
-0.0012764828865704555
-0.001866985315473935
0.005442617557884547
0.0033594135232108253
0.004593107413521454
0.0036937559399241498
0.005744107894137114
0.007838798097821915
0.00687377310500835
-0.003080478316781421
-0.0032234382496126868
-0.0006843019215488129
-0.005929910253878693
-0.004055264997257383
-0.005583499198516688
-0.0004099502318316664
0.0009022201984211697
-0.0037523158219626854
-0.004423918312680762
-0.0076035123990560475
-0.003832982166068693
0.002138556088501996
0.0022334702364208087
0.0010997544915318015
0.00818472806247026
0.004847119747827957
0.008095419627738704
0.004097533909310278
0.005935290517306053
-0.0020744975763674
0.0033241450798752654
0.009710529162624004
0.009079962458052475
0.004470147067343773
0.0027963770824164912
-0.007918124648787045
-0.0019276341772278811
-0.006747643411223793
-0.0113567740870029
-0.01495928496850019
-0.0021001121151571437
-0.004570670698883603
-0.003072184506112671
0.004664310460983973
-0.0015596651608774325
-0.0029940886067067315
-0.006888409464495943
-0.00509831348883154
0.0005765699276139521
0.001434117001052982
7.330312361993662e-06
0.0032031826685271743
-0.0045771809834882085
0.0036253865051210955
0.004682707169708617
0.0034073469575143286
0.005304589040520395
-0.0008016598605997236
0.00020775049131485993
-0.004712966411587905
-0.00021199922955003655
0.005294662784513835
-4.1992492127779155e-05
0.001424471011645687
0.0029052140629573743
-0.00036624175569305593
-0.0009747764642638956
0.0066937167823546305
0.0026936255958280287
-0.002957943149388812
-0.00486486940437495
0.0038052222296760087
-0.004628250476072566
-0.0023523261604879
5.836710475060663e-05
0.0021125833585049405
-0.000765453133733185
-0.005827527722254216
-0.004862662258988227
0.005072925883023796
0.0040817287500114425
0.002063413859574659
0.006456020210021936
0.004576856837079858
-0.004074213298262264
-0.0034102957486080634
-0.003718057071678401
-0.006218777274932078
0.004476460409162857
0.006947090908368554
0.015770388289380488
0.0072939217225171
-0.0018564708371459095
-0.005049229628650437
-0.0020782361347152123
-0.003807140472506727
-0.0006103566251360934
0.00866418972002323
0.010836629920471104
0.010626516628619874
0.008072606542026343
0.0009366417912444592
0.006171702626227126
0.013653995281830882
0.006413475453312311
0.0037398420973367885
-0.0015864440220883266
-0.003504421945180236
-0.006723684591883202
-0.004457859923741499
-0.004258721525924766
-0.0019245635332004048
-0.0035919435339252736
-0.0041014638379643035
-0.00045165942160652663
0.00020364537610982852
-0.003267484276606144
0.0042121234836124365
0.00742926765943151
0.003949568926658444
0.00722818504853534
0.005173291308826434
0.008982757411214641
0.008030920764981714
-0.0006847386057016119
-0.004040397019469365
0.00524372191639591
0.002212369835589739
0.005236186247081877
0.0029758887298724983
-0.00463037843541936
-0.004152428513876289
-0.009618686407274663
-0.006416550276699269
-0.0023819419126949663
0.004677536567349779
0.009606246124455564
0.009382230480923006
-0.00033422380746156915
-0.0028130547159290952
-0.0038949939148703035
-0.006380255894178728
-0.001624986345534412
-0.0014444084901063785
-0.0023177533621812764
0.006137540028934696
0.007241768694599681
0.006326922082847176
2.8817168791694718e-05
-0.002060570079219739
0.0025074404123026912
0.002589577863222442
-0.0008824196061126531
0.006746231543191956
0.003836959717241786
0.0033610121455398957
0.005410726771690222
0.006233966307927238
-0.004644813118286399
0.003964461079580579
0.004257939881737541
0.0018062759673680886
0.004764368423161465
-0.005725913076892303
0.0028044775335979823
0.001367933475222967
-0.0029288613502084495
-0.003562675985434618
-0.003597001536161164
-0.00135475321705446
0.0006727492986426929
0.007732374368161792
0.006838966643772699
0.012802917045948861
0.002372569861934687
-0.003315383111635133
-0.003868323723936875
0.0009806229723219799
-0.0015202491918879725
-0.002998457818617711
-0.005149874704198288
-0.002634790021613541
-0.01075496840364237
-0.010812305091817903
3.2494547693165496e-05
0.0011468731794575593
-0.0013614154140987294
-0.0006889551982165968
-0.002585889297776687
0.0017017638406939357
-0.002009961175615464
-0.0005437946697410785
-0.0067029764131965154
-0.001610048469171979
0.004923334408715404
0.006008976915221135
0.0024123960458002293
0.004842296704607698
0.003938023983238735
-0.00041585372611472183
-0.0031880901489329777
0.0016742187497161942
-0.0018276201017904182
0.0037380519037041177
0.004201260025302226
0.007513008043727757
0.002785006687900902
-0.00849387630910349
-0.0049418730562507006
0.00040335627686609635
0.0018873189251316597
-0.008738832768471988
0.0025374746272096922
0.004427163671955025
0.0012612181884551286
0.003942502447626511
-0.0010905384701921685
0.001232494005213691
-0.0051598157508402276
-0.00975732023173826
-0.00547114411910791
0.0007351355333019318
-0.0018183729466484777
0.00017850266829200635
-0.0031534209619823897
0.0010455549012787849
-0.0006971776548126056
0.0057529589527367435
0.0037534534741097306
0.0024924676802208006
0.002376415156826474
-0.004834844192764743
-0.008035043096652669
0.0035054335165174474
0.0006026765565261402
-0.0027058454954075987
-0.005274056435262478
0.0037678001617064893
0.010954865039847042
0.00688003935106014
0.0038405852804028182
0.0021611559991570168
-0.005448453621009399
0.0008131913995729365
0.008438329870008183
0.0034480910895199387
0.0007882021844501049
0.006703858119428243
0.0070883084017741614
0.0033523746293376592
0.004877197087071102
0.004066954748898732
-0.005828045214287938
0.0008725075169564745
0.005445824547450534
0.006305804659616626
0.009778160964736863
0.011309097035264212
0.006620852775648982
0.0017266678606480314
-0.003330662940002115
0.002590311080901046
0.00458707175305937
0.000956969024433323
0.0015620792919881336
-0.005322907970186827
-0.004600739942783672
-0.0039290065681112825
0.002932265733071345
0.001404547790137655
0.000411724976389239
-0.004968798527728782
-0.002223699552392563
-0.001170506694922084
-0.004185555503316281
0.002068256718364997
0.0032326452260698596
-0.0044816033154678175
-0.011607813073879609
-0.008797103858849627
-0.008671104044032445
-0.00013318116732183324
-0.0014532306397368575
-0.002924947639964353
0.001115464558273278
0.0030212064396160773
0.00313122950574357
-0.004491354003721429
-0.0036649855965929156
-0.009336333669980811
-0.0013303514410563746
-0.001204660399812831
-0.004980575526098414
-0.011357597725782329
-0.0029828934195349818
0.005992377157799966
0.0056605296662163756
-0.0024436266526081836
-0.003306742511162632
-0.002152812361928875
-0.00432589743130691
0.003989993209441241
0.007014980153480724
0.0003024573762719191
0.00010198463303661769
0.0006996876062298291
0.002503574567160717
0.005141790346669726
0.002547375751611808
-0.0007354247200266581
-0.006077812456036025
-0.008432301112766735
-0.01333440133956199
-0.005869193309457769
-0.006010187744279302
-0.007207022581097043
-0.007413606968738039
-0.003273168371843777
-0.0026134416523841747
-0.0020509688290586358
-0.010112129359965834
0.0006284017824981745
0.004818718685215096
0.002152379794757058
0.006573739778028588
0.003815443307265104
0.005598563848783396
0.00529952140427177
0.0023575397069783275
0.0044407242518363565
0.005455678693911412
0.006686166544195438
-0.000528532071701909
-0.004692989170299111
0.004273078006945981
0.002212254476950914
0.006321357220646296
0.010427925435795562
0.009931431862575328
0.0031973981231121504
0.0039134995849720786
0.0012655859379368365
-0.0004928625276821712
-0.001277279626354613
0.0014612582051068913
-0.003520555229249515
-0.005738760628936109
-0.003065304282349973
4.1767479017381264e-05
0.0044553451969035745
0.007100393099421049
0.0009345418051893191
0.0027843469313021414
-0.0037083533405731935
-0.008280108843152686
-0.006126716825549641
-0.007013255041416099
-0.00901309587378858
-0.010045871076969371
-0.005726141922814961
-0.006019489452884725
-0.008623328531297414
-0.004969321689275033
0.0020511508148661124
0.0011275733894686151
-0.006149202666721498
-0.002015635082364808
-0.000494040545649483
-0.0010007423049022037
-0.000557686063599287
0.0041583259297210936
0.005212111119563075
0.0015159767082372339
0.002587500070051315
-0.004954418065639894
0.0006807522245053353
-0.005107085818833571
-0.00754088383085632
-0.0028673190342719938
0.005679433948793284
0.00550229655179382
0.007324267351687563
0.0015586174515960468
-0.0029517520139816346
-0.006130203014349454
-0.005329900031668588
-0.004690882669156222
-0.0033894572404426183
0.0018593878567904512
0.004704677840713132
0.005757930456786348
0.0039721879597891035
-0.005040479768770195
-0.00647945648467033
-0.002568437200535272
-0.0004358236968428258
-0.00787372838037952
-0.009250592197275266
-0.005892858090412545
0.004536701828418486
0.00624963137897758
0.005810518706427294
-0.0022420637480569613
0.0046022571126539905
0.005682984630030868
-0.003156143450810066
-0.0019642250239647837
-0.006160945343054392
-0.0022403547435071547
0.0021989390584353907
0.012597056983584787
-4.28712319152979e-05
0.004461001304987664
0.0018756806634763613
-0.0006967534394288073
0.0016936093766626273
-0.001355901820093679
-0.004888596494520008
0.0035538445275457914
0.006684244163590905
0.010034007185349622
0.00907826485490623
0.006318657770277851
0.003013674395185972
0.0018317107105287913
-0.004665067923106137
0.00035905853183341443
0.004594091836349397
-0.00013307007121382252
-0.0055083600469286705
0.0018999718354634893
0.004614204328087484
-0.0025643194432876295
0.0036102134479528095
-0.0020997079787193128
-0.005558145623646016
0.0003586807121915229
-0.0013624282191440466
0.0009400802189063157
0.0016178283849671593
-0.0008365117611069513
-0.0007471501521698504
0.00040180366907698994
0.0077771758195797555
0.012802014526091058
-0.0012587059290334152
-0.0023252709902470007
-0.007343510266346647
-0.0010412106338367512
0.007299760169886831
0.005968298876701456
0.005236300136360486
0.0004140142049506568
0.0010377179784658002
0.0037122523710770216
0.003408036350831403
0.0006005857816961261
-0.0055379018182350635
-0.0030685600103170785
-0.00024167862168871163
0.0035673882790940863
0.00471055670241974
0.0009536572805734641
0.0010055229931211487
-0.0017393690034220376
-0.0038992565219252524
0.0030397552825706066
-0.0033129368625280176
-0.004470952775770002
0.0013960133925264087
0.0034589141404242165
0.0006980786983792484
0.0031053462473079533
-0.0009905048772152357
0.0034690179117791062
0.010048374679641512
0.006758978492577594
0.0030538330841788277
-0.0006938723498001073
-0.012207210600603525
-0.011089217820943548
-0.006094148324679579
0.0026510193755033416
-0.005168765908083087
0.004762780841826846
0.006365857952248029
0.00033293512310480036
-0.0013726866753163663
-0.002054417077868727
-0.001972108612826507
-0.008124936087236096
-0.005155901340570745
-0.0071312608574270455
-0.009946849880112034
-0.009730348066487662
0.0017144377656492283
0.0014104827301155165
0.0009293855706782503
0.004952661279159298
0.0031775542193319913
-0.0024026046798338524
-0.007720394410946887
-0.013592722690527238
-0.009499993589122466
-0.002227877934610994
0.001307887841285142
0.0025108594471820777
-0.0020935378579355983
0.0002813695620359051
0.006233544656992873
0.006686410936226418
0.00504318950466015
0.00538471780671577
0.00970748361554625
0.004303931951579761
-0.0035844757670736634
-0.0024727812059120594
-0.00041580130738211936
-0.005863902496799015
-0.0012167711300869375
0.0034232951576439784
0.0005378904685016928
-0.002130174275632022
0.00040388824764269794
0.006052264149351101
0.00685505993629271
0.007471215197453821
0.0030515984229427806
0.00042147820829945053
-0.001381062388955256
0.0011523103805932797
0.007746475409226633
0.01017270141992473
0.0016889586297895547
-0.0018097279380953298
-0.010220789809352496
-0.012738972845880485
-0.003410315966172919
0.0022294234243201874
-0.004904372419095305
-0.007482421203829801
-0.002384491633871237
-0.0022697474648539257
-0.002842317093935218
0.00062544606739097
-0.0010875668485675338
-0.0034076459168706783
-0.0024326007814775216
0.001469331729569334
0.00022100238772482933
-0.004544064237984061
-0.0009449958664748885
-0.003063379919495337
0.0009937348012762884
0.004145226271505176
-0.003274020226497914
-0.00853864262756422
-0.0023081825250042616
0.0013267597286278597
-0.0011819605726631388
-0.001981275535355912
-0.0006818307903512518
0.0018075096962665994
0.010306613067202123
0.00861869281071183
0.010293176890842077
0.00718427350958729
0.011559440578109374
0.007898751349201647
0.0055632774265780265
0.0034834176141696873
0.00805144610535476
0.004011774790420255
0.002442384890745097
-0.0062075337790777636
-0.009158634651624543
-0.003948834052484126
6.257063936631567e-05
0.001218516016135975
0.002518217303117172
0.004229599846090245
0.006435876307243765
0.008144142510472841
0.002526955664560631
-0.0015764283846226041
-0.0026274981967858778
0.0027886723396444244
0.0010195882081343137
0.005016467109853396
0.0018550124555461102
0.003269019695653104
-0.0002047562124329362
-0.0066423062387884965
-0.006818076354521537
-0.0023660426034472124
0.00041013568311134966
-0.00032644566598815896
-0.0027622220606463056
-0.008452728463447657
-0.0010647192120972703
0.0022620840720962323
-0.006460817636471641
-0.005547961889985424
-0.010351704731124588
-0.009271560944817193
-0.0008920091013920302
0.006875581734953161
0.002472360171831747
-0.006422693235111826
-0.008553979754048672
-0.0020841624456672783
-0.006604462845638999
-0.006056862775522181
0.0007630357589404982
0.0023056747776273616
-0.0035191332489697778
-0.0015675164238144095
0.003138966401166773
-0.000794630670048737
0.001677977442457529
-0.007653242458908638
-0.005149211398955986
0.0008634828104754988
0.0050641396356853816
0.005574987693814841
0.0017525205466878378
8.185500800393914e-06
-0.007971949566046934
-0.004807970107308546
7.940431616145467e-05
0.003274098442205625
0.0066425483990553745
-0.0011878174216902887
0.0032565076983521535
0.007124295098879335
0.0016265441792556066
0.0034958324049752325
0.004003582261642226
0.008272243995564657
0.006692223184626264
0.0014680962124871643
-0.005412067673782206
-0.007914452038375331
-0.005314515934173842
-0.005783099453676332
-0.0007137985030976265
0.0013875795421257754
0.0021529826898878473
0.009224031938051188
0.0026819154949338803
-0.005920383753953094
-0.004957015249923511
0.009140877620552693
0.0025791730878825998
-0.00539643528906572
-0.0028504217937856346
-0.007102332758870006
0.004092261629996887
-0.00021168965891778883
-0.0025209942830298304
-0.0015439446699955575
0.006504256055292108
0.003859861532904533
0.0011462644831262958
0.00012196956767371129
0.009298367515943855
0.0066130581939754214
0.010731796461352033
0.0033572224992008083
0.0018940857794365793
-0.00021416053367040664
-0.001950222859752952
0.00401809397502548
0.008190859016487093
0.009248072008853143
0.011882692180742878
0.004397654365192267
0.0008025612922992535
-0.0023594932213851683
-0.001218236061429208
-0.00115325361281857
0.0025085528358120696
0.0011811387983077582
0.006174838656784204
-0.0004420521553856722
0.0036600210304186696
-0.0008980381012165329
0.0016497644094356735
0.0022196572246129774
0.00037647697240875583
0.006568028686762463
0.0006459620163343359
0.0015505845216750365
0.005510650529991027
0.00790258674670481
0.011691895320078128
0.006390663927062445
0.0011047834392487086
-0.006012639753001225
-0.007337792881782994
0.006550136349793764
0.003751890234251893
-0.0008348812217788547
0.0021420103395099494
-0.005186557670117395
-0.0009564876287581098
-0.001608573127551199
-0.007208721715982004
-0.005266818214358912
-0.0027156240460577546
-0.0052896902962701236
-0.007894983888815628
-0.0057688040966539025
0.0010718772281120784
-0.0013621850469592842
-0.004326661990716154
-0.003733809292423803
-0.0037687713394996564
-0.0001636104876460944
0.00047936747988027275
0.00021179986786491457
-0.01168589134096296
-0.005021385827830344
0.0006400691263962338
0.002264563783802978
0.0033079990290063757
-0.005381224818659488
-0.0030036697571290344
0.006532485992887389
0.0017484079529937837
-6.722228033121783e-05
-1.0797766819055655e-05
-0.0012716492528671325
-0.00740432473608642
-0.0015132295175236663
-0.00010445899405427568
0.0019226108782306715
-0.005173508718690809
-0.0015998454189693043
-0.0003603119584759497
-0.001027648161807594
0.008135415259333277
-0.0024106705525336622
-0.002695098747270374
-0.007458980396343761
-0.004567332555056472
-0.0018293115225342465
3.044549021757883e-06
-0.005317517837094621
-0.0006445340754424026
0.0017063669789098292
-0.002834258976962208
-0.005271289186395777
-0.004147155881084733
-0.0013218464722351097
-0.010206421635828054
-0.008881081288375775
-0.0022109559575840218
0.002854627109654058
0.0026961804736269435
0.006924206073519621
-0.00035318217219773953
0.003045006464089202
0.006624652153034026
0.0024432513488991145
-0.0014628686724199652
-0.007638064945143093
0.0019906158562526645
0.004667451308547418
0.0016527257039531313
0.0011445248715259574
0.0019039452835174894
0.010352853174752085
0.006385636843769585
0.006267892795667264
0.005088805640077358
-0.0018478594228803359
-0.0005643735447287784
-0.007640571320192999
0.0076323950791343425
-0.001972370290632855
-0.0054198621514916
-0.003488143291482819
-5.585509484289223e-07
0.013920388376005857
0.004701161474581341
0.005680998006502562
-0.0004669005267870685
-0.0022142204947814773
-0.0007779980322272682
-0.000310756489113146
-0.00036922719068990746
0.007452115649379939
0.014349281350224985
0.009169096919148299
0.007488386057763753
0.0029553717343565257
-0.0016674231250610122
0.0007946724775054418
0.0025005115471720962
-0.005396792981245034
0.0005119153611907034
-0.00941556801166146
-0.006731103973811859
-0.0018532140695371418
0.0030613665009359267
0.001246912816218021
-0.0013751472922712516
0.00014537565112823748
0.003729311123361058
0.0023879706283507483
0.008759332630693369
-0.001085228943983497
-0.007749177146806734
-0.007553511831373926
-0.00010399866845008083
0.004173250900665028
0.0003464564738407497
0.002703059033962982
0.005623510424736193
0.007325865849259634
0.004046248039572262
-0.0018595121286237928
0.0001343698312197648
-0.006110371371409963
-0.00164358174364257
0.0007832671648918952
-0.001203215533554639
-0.010955050096062893
-0.00456736615627499
-0.0012459905500995828
0.004366193283689717
-0.0005206459114598078
0.014571714444288569
0.013055731581372696
0.004985370838610072
0.006152435550295815
-0.004960820872089473
0.001755885561786462
0.004262856548154943
0.008409633757091622
0.003823725730392182
0.00476068755106401
0.009377855058885831
0.007861139844659406
0.005816253792622981
0.0050025529131880655
0.0024414372365772707
0.002085272297796279
0.002220817152815369
0.005560106256132771
0.001797159183290574
-0.005901458636957278
-0.004315323707266034
0.0017009723545656438
-0.00035165200680664535
-0.0005215731470653908
0.004175502681333777
0.005796178859672672
0.0047968991989010825
-0.001292552946564791
-0.0036398552397180393
-0.005438054674593809
-0.004926664276994905
-0.007222693411762193
-0.003056203903817886
0.0019805639422238795
0.005075595689742982
0.0007864441850542363
0.003749182411302597
0.000709850803502124
-0.002681841292242985
-9.623943459303178e-05
0.006294552444634238
-0.0002432024868513336
-0.0002538224264295613
-0.0027993031885291597
0.002603689238325404
0.0013695034866134969
0.005413994545638719
-0.0005060639321620853
-0.0021153097771780993
0.008568001671452084
0.002569019358280374
-0.010162974497879514
-0.004865880726198163
-0.005384316172348873
-0.0029569815778846026
0.0009301959436300702
-0.0012396467675726333
0.0018713013531793709
0.001967879911951631
0.0004772092808230001
-0.0011810505951091465
-0.00029995510434110625
0.001443553197703812
0.0013724233825999704
-0.000241156562162622
-0.0037823037728157236
-0.004855201769628251
0.008080431654510048
0.004510209055800166
0.0027901451306776605
-0.0005859878265715294
0.004615304109554251
0.008705445723066642
0.012370974428463832
0.001483926912316165
0.0004434826953817607
0.007720486710333647
0.010821613107582742
0.003977581745489015
-0.0001883155617717329
-0.0006924469179100519
0.0013371395802915893
0.009815352447116675
0.0036964688224628687
0.0018080614895442247
-0.00041789872898782636
-0.00034505116941327223
-0.005163261303512941
-0.003292206040445931
0.0033396217470636033
0.0019465761502805126
0.002698906296238883
0.002825406954961305
0.008016182388923291
-0.0009740327184807267
-0.0006567879574424342
-0.0006941855938328944
-0.0022546158339404017
-0.007041679835582634
-0.003257432729917413
-0.004241806750149039
-0.0066400075148332315
-0.0056351191189826216
-0.007112336045392783
-0.011911530426536535
-0.005954097586456612
-0.0005052353862740122
-0.00028517264054526666
-0.003839224749876255
-0.0034908887425293385
-0.006292770159209144
-0.005977414711239586
-0.005057873639147589
0.002597004661261622
0.0003552338357084258
-0.00537930798974143
0.000751987999887377
-0.0016482090292688014
-0.0040184275960348445
-0.006499597857653789
-0.0023243395336962694
0.0005081439432354245
-0.0008683248860691179
-0.004771655528015982
0.00046268981171294666
-0.0015599807614313202
0.0017440885607112517
0.006116677331773246
0.0011792535259796167
0.0003016041423598436
-0.0008328465113582048
0.0009797428948621891
0.00561796386715951
0.00942996061676496
-0.0003153562034424991
3.986173267944121e-05
0.005992375397340085
0.004848049159750086
-0.006877643053269417
-0.011897583744534736
-0.0029671052549118493
-0.012344821320638404
-0.014287553631525457
-0.0034253321483453405
0.005665136762001529
0.0056870628601025175
-0.0029892100743454954
-0.008008519162508264
-0.008625907507990055
-0.007363566811501425
-0.004565110826962701
-0.002130661742814542
-0.0027342796116943697
0.0029144757453588065
0.0023188205196926874
0.0015526866285991672
-8.448955700889162e-05
-0.001590585275237532
-0.00489287360111067
-0.004341567617394229
0.0023198340802109457
-0.00035913516728579916
-0.005304905056930948
0.002985974792664411
0.005273152335149349
0.00014386090015751983
-0.011846645780482522
-0.011945302021530798
-0.007048354584567236
-0.006249101549862802
-0.0018157058360666687
0.0009078295919399093
-3.0416893140926998e-05
0.0002771914709171395
-0.003391593821884264
-0.0044480324267618925
0.0014243588481722366
0.0026963806531635063
-0.006301673068203934
0.0011011264165309816
-0.004888091034605789
0.00016315392554471628
0.0002248703260120164
-0.0017171133319832225
0.009425571027877404
0.0022375769110883335
0.004312523245313701
-0.000322006250541211
-0.002854316145901983
-0.005142217694840399
0.0026623042490958072
0.0002714981159377697
0.008835017081264095
0.006645205619179505
-0.002861231163005639
0.0014431183918369494
0.0019020586388623542
0.0008000313173836182
0.003400500404279593
0.0061996503704205945
-0.005534495917495341
-0.005642786067314799
-0.002322662071874491
-0.003528390197536175
0.0013910126398913776
-0.0050461094630251235
-0.0007795819678851256
0.004858981040343551
0.006354721144421077
0.002414563275878073
0.004112839125726649
0.0002378808592137155
0.006207787929878477
0.0027588079328755644
0.004166120033159489
0.002092938123315462
-0.001132201000849234
-0.005005627168237581
-0.0011762425157978778
0.0018116107083525376
0.0033913494090604514
0.0012924473952123114
-0.0036560465981705626
0.0019921147214987853
0.0033311175822318905
0.0032453035286764435
0.011501709186511356
0.004095366346547102
0.004633520904823799
0.005495094552005761
0.00391243665533676
0.007660561238179126
0.003463056079736919
-0.004694640280670228
-0.0030598218568019518
-0.0072014159322322914
-0.0013792941248307103
-0.00597566417647085
-0.0032825876154045706
0.002583086617922142
0.0004957700450019215
-0.002425982852375224
-0.0005807318488393999
0.0032414969292473197
0.004219986702428528
-3.5664470568426764e-05
-0.0002789471553775738
0.003941457344380225
0.0016313812021907478
0.00018590395352479852
-0.0023653274062240843
0.005204529103023745
0.01083561520248513
0.007512263036512705
0.0029470828238654764
0.004809086384423018
-0.003646801986685222
-0.003123143415478905
0.0023587889265376033
0.005938347042999758
-0.00209160849787004
0.0016907772472252672
0.00250703692044269
-0.0016942282961369016
-0.005768592051340503
-0.0059034229636374036
-0.004837652306479708
-0.005773340760181922
0.0009624678693886606
0.0013429847298845683
0.006044856896575168
0.003131324750781706
0.005081292863672724
0.0011219257302057663
0.0046326164512325045
0.004792196151121462
7.592604943110697e-05
0.004640483974165077
5.892803994391394e-05
-0.0007440501625237256
-0.000745522010948521
-0.004305900887337922
0.003479977245843395
0.013346728287578035
0.010862677608631997
0.0029263625576117325
0.002483203391784269
0.003130296947172677
0.002245930993249707
0.00168163861681096
-0.0003587525444994287
0.004345033914383573
0.00737121445715341
-0.000889545670473713
0.0013453667291369665
0.001908240535320628
-0.0029629746338313747
0.0025361432413043895
0.00839764783926452
0.013497301641057769
0.00022095012147300397
-0.0030135551690801637
-0.005777722447792847
-0.005241545766192606
-0.0017558566389554227
0.0013664708657470754
0.00013761752622229464
-0.0022198319537216522
-0.0033283214521198164
-0.004034088460001926
-0.004119985151207621
-0.004754732012319351
-0.004465877349139855
-0.0011830835797246374
0.0010599821749662443
-0.005812408671004804
-0.001095275819215693
-0.00840732471989107
-0.007305308834470616
-0.0001214628671204429
-0.0010015205598576094
0.005121261727959971
0.0072027956753367706
0.0012953240975531973
-0.0010410240250893507
-0.006085747874500076
-0.005993171541063023
0.0029715407405133147
-0.0029791082367240968
-0.00564781313674577
-0.008116351558103904
-0.010303514685535102
-0.0028034243211467317
0.004907824930436211
0.002270768219692486
0.0012462720504069543
0.0022792572334797098
0.0014638818933219472
0.003202285069639905
-0.0026581573125721825
-0.005313627567304533
-0.010176955751432048
-0.002953933445564583
-0.0006671186548483802
-0.006764451644521989
-0.0077634012537205884
0.00015654485418937946
0.0028692140445770366
0.004155032074628767
0.0068949121042688605
0.0019627193871859703
0.004238464267550705
0.0019039596097795931
0.005228994498160606
0.008629875938040299
0.002579416641269305
-0.008899800958317274
-0.008680951668474629
-0.005839046362739875
-0.006397490865724489
-0.013205097231650195
-0.010463100339105313
-0.007925954765412616
-0.0012892282141151003
0.0020366791484796817
-0.0025311043684750818
-0.004155257967969106
-0.0002434508295206287
-0.002447422072423968
0.006564328712982202
0.007368886041032276
0.0048828006378037
-0.0005522850627862407
0.005324141858497059
0.00521173340388535
0.007101232526891852
0.0025420057529131255
0.004182280687528259
0.0027256565049255696
-0.004444987538123858
-0.004262432208014145
-0.0035939007286635983
-0.0036631022372054325
0.003848343647891816
0.0022424113071955417
0.005942285649196189
0.0013331530535454802
0.0007378403066356862
-0.001726000930521802
0.0012158594267277863
0.005022617629926308
-0.005085961637932217
-0.0003776071945833892
0.0038392954593711656
0.0009280741597547483
-0.0007731015279271666
-0.004128117235219417
0.0009897403593916584
0.004634994139437477
0.010102388887924288
0.0079109673605214
-0.00042983196470643674
-0.0012834782610436463
-0.00029732083950487475
0.006214443715799164
0.004998054640161155
-0.001139823362415997
-0.0003636154614429004
-0.0023060509962210935
-0.005898671378454053
-0.017690995833575873
-0.004231395549823725
0.0010250451901853913
0.0011665372945396215
-0.0019490902256096624
-0.003960706995917279
-0.0031495549920834164
0.0027848266081031397
0.004535554098678263
0.00625886440192386
-0.006350474700328502
-0.006015445447816591
-0.008285818291784984
-0.002650994188451341
-0.001385891469028099
0.001095682748824123
0.003566139218946532
0.00042857534982947116
-0.0020224754185424044
0.008851954444987667
0.009988219190234725
0.0002961517555249125
0.003494706064129471
0.002872275983338329
-0.0005728940250036415
0.0001124040396001175
0.008369723639489226
0.011366582142683426
-0.007835604575080923
-0.011035146009581746
-0.003362294002916417
-0.005431832142008436
0.004171265101919107
-0.005013177364811106
-0.003277162148357743
0.0038693005712425728
-0.0005716129716166724
-0.0018041465109373005
-0.0017894895110972416
0.0004656315540362129
0.0015942378136342234
0.005379663616499308
0.0046254144375825566
0.00424803574930555
0.0013849563737315506
0.004862551114363605
0.005700615254538497
0.006237464591225053
0.004801953541598322
0.00046645831867157166
-0.0005619581244624165
-0.004985488962695719
-0.00388009347253865
0.0021007750114737244
-0.00042891777313824083
-0.00892700707066562
-0.0053969297634330424
0.004145130153168044
-0.004260471014120894
-0.004685090021467178
-0.0027724678609141254
0.0017595974775839473
0.005759855997901534
0.003927391969955338
-0.0019487809530080245
0.0002695226789537477
0.0047354621917340516
0.0015786540286999685
0.003183604455570178
0.007424077172193148
0.008026800505663137
0.006573944019098577
0.00436662672416053
-0.0018294735402908664
-0.0029855692492448634
-0.003346460807947427
-0.004979747250517173
-0.01049083953811231
-0.008359537840407199
0.002073039742312209
0.00019623496975418762
0.0005390555117410617
-0.0026633110242194847
-0.00019044322308791781
0.001516768014160971
-0.0032657889676024994
-0.008136968581009658
-0.006365232621650172
0.0010875094534168422
-0.0006831849721327322
-0.003930682290266014
-0.0038910764688471675
0.00020668501802294137
0.0037694511750443844
0.0014267760427603686
0.0003552591752412031
-0.001888981090359117
-0.006679860008563769
0.006085639654733997
0.00898754881467365
0.0080093179746448
0.004429961458562814
-0.007249130528896869
-0.012431694367052742
-0.010437190451981259
-0.004368463978905772
-0.005409981168413951
-0.0032329087821621433
-0.002996473475370117
-0.005828428273723806
-0.0022511807608556417
-0.0017594446987762313
0.0010576172882156042
0.0016669161888556337
0.002818471581673905
0.0028861313709403072
0.004781277869040937
0.005020883590805278
-0.002484909478406477
0.0006982196044791834
0.0023194711898233216
0.0066142709775599134
0.006746083837835551
-1.6006329960449465e-05
-0.00036391604957118764
0.004814791792314724
0.005225008678370827
0.006086080351903612
-0.002188019438682594
0.004682012196981289
0.00872493586451297
0.0009194712151032484
0.005142880854532868
0.0054248575950232095
0.001667331075188251
0.0006632642804194112
-0.0017050307621362698
-0.010737271290584978
-0.004685950830901498
0.004299013074191092
0.002748830713634728
0.005731348635394197
0.006894299117683004
0.005716837802240883
0.003572756933189553
0.007031839724284193
0.0064151576766929026
-0.0055819043812761005
-0.0035223628334145538
-0.00306503019122218
-0.0074503161197651425
0.0016741771987044327
-0.006967709712527023
-0.009564154894093664
-0.011285506810478498
-0.0012443605375232617
0.003047911978366016
0.0026612908965058814
0.0021271846474138
-0.0020324032062876804
-0.000347587950516322
0.0026543292757319863
-0.0013808502951252455
-0.004667919881975465
0.0006058830124094071
0.010776852728941374
0.011026894907392474
0.006292583855423297
0.009669289315612022
0.008451825569318856
0.005484299425876527
0.002083541280567014
-0.006271656866821464
-0.0043987616736646685
-0.005602528168783603
-0.007255813054401105
-0.010053257633945283
-0.0052377501453794335
-0.009655911151256719
-0.004255444201134866
0.003057159577088399
-0.0033688998998992123
-0.005323689385652885
-0.006846722315124319
-0.010129048121034599
-0.0023072828884193345
-8.00438829191379e-06
0.00046428555076914095
0.002919946339784713
0.0028084550085306866
0.00685262090229873
0.006205855222166767
0.003191708157364599
0.005248585547226657
0.008569880172247532
0.007526539076993053
0.00460324782877946
0.00436274882610622
0.004838081318077041
0.005654372132027716
0.0036259871892806166
-0.00131574464897765
-0.005555742186982546
-0.0023521548067491544
-0.004495664933320832
-0.0022441683709139145
-0.002717276320827533
-0.00810319645926362
-0.005928033783849957
-0.00037902470440397953
-0.0016222774829434536
0.0019923008797347987
0.006495329685050477
0.006343544698523023
0.0014378459877665587
-0.006285604006265593
-0.006896532635313223
-0.005102871589770632
-0.004308494578425555
-0.006354421810793729
-0.005056137451433791
-0.00011076040078707863
-0.0007601600130699414
0.002509289837786324
0.003978737182439426
0.0038869469983034656
-0.0013888076292355332
0.0017871696269686809
4.250332352391824e-05
-0.008163127767273338
-0.009361027869454664
-0.00796154057669289
-0.0011793452154432685
0.00786099777416081
-0.00040871560191038176
-0.001802848892593182
-0.006979708868457954
-0.014079456766263512
-0.006001559709609024
-0.00262581067123281
-0.0017987406653941088
0.00372291144276741
0.0014742054657170358
-0.003754962493189418
-0.004113413340609453
-0.0016875395535755266
0.005612349365534737
-0.007516894716357695
-0.010535574480187678
-0.003789105344221213
7.054398395819952e-05
-0.00081326349525673
0.0038813481190274023
0.0026084339549428404
-0.0031126415791934902
0.0018371577882603013
0.0064973506167536315
0.0011197359953514102
-0.0042789905253186634
-0.004756023032404386
-0.007560332726252441
-0.0038154711627307034
0.00027011620344768924
-1.2071334786057726e-05
-0.0005750554261572334
-0.005316312767651262
-0.01296593230408869
-0.010556648848391529
-0.005513282036311382
-0.0024785940642350138
-0.0009876789717659594
-0.003944185329446822
0.0003434030254863643
-0.002214211165730296
0.003179660027380439
-0.0003209435219032803
-0.004190210131518225
-0.0076255455802482315
-0.0016057341780645357
-0.005010013090655543
-0.0007732969043192506
-0.003860067375022682
-0.006687745815327705
0.005425859920480573
0.010467982503281422
0.002919102698299706
0.002502097631422722
0.001073759575581677
0.0050393408759841
0.006858087878771652
0.00908132382029237
-0.003276707575437412
-0.00014726811084573603
-0.0028804292483162537
0.004413673725328215
0.00047056800829991624
0.002343761481580509
0.0049482532539596
0.006475684131037555
0.006631086155664412
-0.0005111473085854749
-0.004622515403738769
-0.0016029879646141305
0.005537023993332207
0.007884929257856632
-0.004602489243844301
-0.0064761318007372495
-0.0033905229147319247
-0.006170774863869768
-0.0015272882521038045
-0.0013131781271921202
0.008723195878641633
0.006491758113946429
0.0013767919430021749
0.002200612964682685
-0.0036056822044233214
-0.00702758698689409
0.000689885753744554
-0.00509583512172801
-0.0020378970886868178
-0.0035187385178235163
-0.0016661105150841266
0.006898722189963024
0.002155303149284794
-0.0024086156869266564
-0.007758123069242557
-0.010690706073225392
-0.006972078051139007
-0.005702409738425761
-0.004991443988550491
-0.006429692234468945
-0.00015152317703316258
0.004579646098626018
-0.004606245975128367
-0.008078203702428193
-0.006214564411265187
-0.003202280848694757
-0.008650299525218405
0.0008474585917475171
0.0056268657018579155
0.00914391874568791
0.004694092091483698
0.004477714563554555
0.001572558020504872
0.006806798356425931
0.007286501702941557
0.0037672578568917667
0.0071348494370686855
0.0034952944735864347
0.004095084465037788
0.005417111834922102
0.0049799918574074285
-0.005507405454885486
-0.002765976574028159
-0.001857795333692465
0.000240740975804619
-0.0026716965936613305
0.007009720439969555
0.006604589404683997
-0.006670273389626323
0.0004981887713287691
-0.003116307355694012
0.0006313865313315292
0.009153723765614782
0.004195645904879396
-0.0040134074436863985
-0.00027050316500526277
0.005266782797232957
0.010181992316256867
0.013435655270852827
0.007951668818702254
0.0034233549231776597
0.007035392373909991
0.004639182065566366
0.008734822884443204
0.004595029080238713
-0.0013884078038451275
-0.0028268946960416414
-0.0005909652704404966
0.00910185986204359
0.00710820256876321
0.002202285512464875
-0.0005766753611403766
0.0015251537568764274
-0.004053731186189527
-0.0030088689496335806
0.003524577367188023
-0.005061715011124838
-0.00367685610726458
-0.00603167759487699
-0.00904160479575841
-0.006601832427476918
0.006893506661222495
0.006908921844002936
0.0055485677169057
0.0026706651166517625
-0.0010871456204207778
-0.006925522724237101
0.00649419181111321
0.014182759657996712
0.0023944006872737623
-0.0035922602572921567
0.0006690021389928627
-0.0029595543444510494
-0.007095345576773112
0.0017126415628877503
0.00526086022205993
0.007898283974826982
0.00220799979196543
0.0018610431326591612
-0.008847920323446267
-0.0015264494900036653
-0.0004958503815786233
0.006457272312854088
0.0014857801498192253
-0.0025308180788851204
0.007108930699128615
0.013186918424886979
0.0017068216557943267
0.0027604742150840033
0.0060027595323274615
0.004042460354690444
0.004061729932692688
0.0017956087518180134
-0.0044449486485947515
0.0017913308966853538
0.004757318765531624
-0.000701944903930332
0.0016788485928609144
-0.000744997283008832
0.00985717765397008
0.010540227354860685
-0.0001608111207829789
0.0019228251483772278
-0.005026662473638715
-0.009400711650136277
-0.00813168219029344
-0.008315749706924438
-0.0046381751518238005
-0.0036793225600746616
-0.003138726139978664
-0.004378351809756501
-0.0033355354424417115
0.002548997453985777
-0.0010751673058396994
-0.004947396284268486
0.0034375029837694043
0.00011795540725222376
0.0014669779600535338
-0.000706159708261658
-0.001251889469959325
-0.002889188312490677
0.0048215371606919605
0.0013840565985277354
-0.008383211839518045
-0.006304620486970674
-0.0019062903408361613
-0.002336694094594858
7.176946503285781e-05
0.002466013249586978
-0.0007323406161051301
-0.0030862636869788303
-0.0010384034973849477
0.002416681906173687
