1.0
-0.5684579352558804
0.3332286686052558
-0.2069295204815715
0.14490613167718014
-0.10100842733395489
0.07572944369973862
-0.05935860036827409
0.03508522413081988
-0.0221230797613644
0.012487015157483615
0.0043547969451518675
-0.014586176893305268
0.017803012345185235
-0.009016266098574503
0.020169254310765345
-0.030429357396592235
0.025453276038292744
-0.02623566854570578
0.028653335556873084
-0.01726487743479396
0.008339191940868062
0.007180097752443216
-0.00826065508727414
0.009645426679037129
-0.017892015883768847
-0.010911618631962163
-0.0004517457023895963
-0.0009031377563328681
0.0005653002626705624
-0.012465974549314477
0.009355775446369235
0.0005427918089166013
0.009052732720370417
-0.00762899587417724
-0.014081329910555319
0.03277237633583485
-0.03449124852375974
0.024938041811681185
-0.03273205906425649
0.01955851082301915
-0.02569938625271298
0.02666966442937825
-0.027632348070950906
0.012007696166177449
-0.016975084629912675
0.012068806408898658
-0.022579410633075052
0.023620742760970474
-0.0330586347145408
0.03387322553361601
-0.023260091391025223
0.02712516765636399
-0.032246913380054934
0.04482631727953052
-0.04927520597532326
0.043053326385155896
-0.0416140550842856
0.026451975502749768
-0.006528903746662767
0.004713087002517558
-0.004354101138895279
-0.001709991275830921
0.010686134532864941
-0.027024613620965122
0.030052875831330827
-0.02115194876820701
0.017237045730570773
-0.026982229442391016
0.04336298454749597
-0.03388642066492043
0.030466183973190248
-0.030189793684185198
0.03110222922104826
-0.02478238992383507
0.0033254584773331464
0.0035852717469466644
-0.020526770240858788
0.02949885242737674
-0.028576018687065444
0.03324059762071748
-0.03498565116822344
0.0278560091933658
-0.01932841870751913
0.02640856865701966
-0.03297900250785971
0.01379987052823387
-0.016710971700160338
0.0065491597468540766
-0.0005187094556213603
-0.006344389885976281
0.0101334583808096
-0.002909886406740565
-0.011599847046550678
0.009477012181293291
0.005968632102197649
-0.02384244603841071
0.02418141563565807
-0.02982074055915987
0.017369708120558807
0.003204903135616917
-0.0023053584010844477
0.01169428188102363
-0.01500449161611093
0.02183100011889799
-0.008262627571330344
0.022229225359626882
-0.0189818793971698
0.02735010750912291
-0.008083208000506091
7.38573290064905e-05
0.0034111314798087496
-0.010475031677698643
0.025107538166872816
-0.005015201238481842
0.0049123898009300945
0.0021424576520729594
-0.011978443175642613
0.01265276906164247
-0.009048661633994658
-0.007971411121345464
0.020272103483870648
-0.012142285245584328
0.008305021499595883
0.016171265187096554
-0.007681567992587337
0.0015058389606596564
0.009681814752784278
-0.012719924973468816
0.009722959379758728
0.0015274481478524174
-0.019553618870384128
0.03601143263781396
-0.033631038665410014
0.02409145012977478
-0.016712705474589563
0.020543576270457012
-0.02111851198669197
0.03207550429047572
-0.039200325474383846
0.029541732973160026
-0.03557848058962805
0.03268419139555619
-0.02577728444698029
0.0068849715353316325
0.0032574107640923828
-0.02923305105612835
0.022966286556332875
-0.02872750523977414
0.03552789115697162
-0.041568688287758046
0.033174865692443524
-0.02031907995024241
0.010011731612169127
-0.002624504608814845
0.008373092519270044
-0.008901561999984776
0.014067738383935212
-0.01286064239690117
-0.018910565354394813
0.030258398959612555
-0.024965855909051156
0.012781029443426677
-0.018236232389237623
0.015481052673310954
-0.0169276976826606
0.01310646635095851
-0.003106728207602211
0.006470447398521861
-0.010725158180030187
-0.013700612329742956
0.010458662905116175
-0.009169981105409928
0.008211828344207323
-0.0031662983860434243
0.006475229799153461
-0.002402467867376515
0.0017215867198693117
0.003223426907439313
-0.001967861909220386
-0.005309742146067303
0.005437908738514766
0.020359392501711416
-0.022115362071693123
0.011028933950865797
-0.005213238106300535
0.00716936850625617
0.013633125576109763
-0.028105960020269452
0.01038704909283903
-0.005221555429586948
-0.015516467554263677
0.019217060665784828
-0.016681476108278484
-0.004348355563594265
0.00587405539676903
0.0042600226360713115
-0.002164345711754302
0.00631530345610834
-0.019809976817579213
0.013529189313639466
-0.026173649859672098
0.005575899230016214
-0.0011205980382652113
0.00023320202302731533
0.008342666897290156
-0.015711344033294827
0.010869010283509185
0.0027011994637106953
0.003071157345716704
0.004227449820439668
-0.0081343481755118
-0.01125287680298154
0.02462560837891167
-0.02306790104909204
0.0186165871885431
-0.015204682990154223
0.01187189404431486
-0.0024072387377206167
-0.0026636102248361704
0.016558390741669024
-0.006540413583391409
-0.009207092658486524
0.007551613334736547
-0.010549354099519483
0.00931953582056206
0.001176768815238519
-0.0006504930839415957
-0.011090709892271329
0.009772286130382966
-0.002474854090858172
-0.011513736431741799
0.02121031527688128
-0.01416768503978029
0.012945148688080875
0.0041915562353498905
-0.018051180472508768
0.030478445959551227
-0.013628909445036736
-0.008353543066438561
0.019102022398091268
-0.031165872509451156
0.005252099657725785
0.005401796035179442
-0.0027362942357336737
-0.006286197345217846
0.002391360563353222
-0.012340423536177019
0.022419651138636938
-0.02370501653697362
0.003189218814591472
-0.01115841968484033
0.01119151993645549
-0.01044219630673039
0.024737209736393546
-0.017306917295733013
0.014206260560614793
-0.0013651764428777343
-0.005853764463907741
0.007476152870541203
0.00017910919872264752
-0.003113083901043491
0.004978448300575451
-0.007451554824150957
0.002992303799185895
0.009635722108998726
-0.016702707779761027
0.013107581423923502
-0.01945165369433808
0.04200865935736237
-0.03524508769638901
0.024236227519259943
-0.01793774460828796
0.015867066405404737
-0.01624456610492959
0.014233391052036453
0.001338660280768985
-0.025885150231512385
0.02694196998004574
-0.028067237513187182
0.004856485345966048
0.008142072864052696
-0.002245671259627444
0.022879559540573382
-0.033357908948002495
0.02594067139779947
-0.01739579959281895
0.03038092473781131
-0.017911132777464513
0.009224222246540804
-0.011073357549420125
0.009359597491909417
0.001094384736337547
-0.009427911754019086
0.02535368937157039
-0.050513948516430825
0.04526284824647268
-0.05536189221669249
0.04717178291567538
-0.06619199270048597
0.07168625871420106
-0.07841300755796173
0.0643086304687618
-0.05231328182217627
0.044146862514598116
-0.03134901101959371
0.02733745607249465
-0.02441151614298131
0.011620825252098014
0.008240678462396312
-0.0058020757334892445
0.016694008827250632
-0.040628448677830935
0.054025949500600905
-0.05333998379842741
0.0387421734340064
-0.027015220176774074
0.026144838051353574
-0.022716533751450215
0.009724666668859206
-0.010021272015546473
0.010849531849408107
-0.010782793872074873
0.02434300370374318
-0.021303708263195748
0.010136837200322065
-0.009038060428461349
0.014724304531865075
-0.02655735462595752
0.03226350818995356
-0.023524995052597506
0.013638702656565605
0.009013321922986742
-0.027089184246598393
0.03542544259657565
-0.04589928449552772
0.048409102313798795
-0.029566407599861153
0.015593206397534176
-0.006533365114804016
0.010267465868853654
-0.010963960061346404
0.01504514073994356
-0.016215811855100033
0.012312213920642755
-0.016991215016658866
-0.0028821787488115666
0.031817596930617316
-0.030680867904367384
0.025300018533122148
-0.026208342301963984
0.02998058518887862
-0.03625830481824726
0.038058840538664665
-0.05354746898306518
0.027632651737100316
-0.017519380425345045
0.0032673285242076277
0.011134416019076289
0.0031983104043643786
-0.007071124622403014
0.003157433983507525
-0.0030105037323951414
0.0018850932762326453
-0.00577170157625301
0.010306384678831102
-0.019846357514825733
0.014014739077714267
-0.03694734427751538
0.040131658584254555
-0.03346206754368441
0.048431810508429436
-0.05281971234347694
0.04489422291929507
-0.030605341111094798
0.030953729964733265
-0.03289341730530809
0.02224879287323125
-0.012833858413985605
0.012646209020454761
-0.0003547860835709938
-0.00905516234988777
0.012706681825975803
-0.016307081944899562
0.014774767615882924
-0.005817355902237076
0.00011011534435400981
0.0060005984459433155
-0.009317513730026676
0.004923953446014674
-0.002277511927929882
0.012043141276402979
-0.0057054333991136755
0.00834495102813201
-0.00608666838330724
0.008127939902115936
-0.013523026472254332
0.022901021104414138
-0.01490685558398471
0.0007573599227430973
-0.01047680158910751
0.02669022683077632
-0.031892950826057816
0.027910820397131896
-0.03892345035776357
0.03911487254003754
-0.02658502438618671
0.01570220570485763
-0.01446543735760954
0.017873548129975502
-0.020306998384677782
0.02798519535217107
-0.02258318274524773
0.006071833955659669
-0.008252121643614262
-0.011677263202288055
0.008499903274220401
0.00989394097188139
-0.015100388964653419
-0.00303081986111798
-0.014889947501821958
0.02731999854349569
-0.035755493545491714
0.0419846847251457
-0.05156453059061212
0.05582193957725406
-0.06324718660996102
0.04780280115753334
-0.037192953193909056
0.028181740256120507
-0.004495955768090395
-0.006195423887130158
0.006720238912989358
-0.003207792975678423
-0.005827582749085415
0.012391380616084009
-0.013105008552969657
0.018466061592934513
-0.00755439237733091
-0.012847466412491956
0.009244560221391668
0.004891548704293817
-0.005081971304198119
0.013067188255520215
-0.004727833526526781
0.0014380716469118658
-0.020605672537867905
0.014406631411953775
-0.0020351146132188075
-0.0024671057755859525
0.00016281429014401055
-0.005776131448754651
0.0057236223261086265
-0.01734165521917764
0.011788154394515572
-0.014489808670711457
0.0010694758389540036
-0.01179056975379883
0.037544112305819395
-0.030925961519947177
0.018418595955690047
-0.015140747328264512
0.00941872092963381
-0.0041307727526466
0.014552490321946467
-0.029368675444169823
0.019266170154708034
-0.014516589259236738
0.02272594039094189
-0.025437913272389277
0.020400446341576256
-0.01909039238779366
0.037301002418495974
-0.05037171062699462
0.0350275250951502
-0.0377378868869481
0.010081922537697144
-0.006796376889396758
-0.012059346857200478
0.01714001326893958
-0.009586002257356093
0.003338283734279225
-0.007227847528611847
-0.008648850531670693
0.004449886501839521
-0.004021165563357509
-0.010433174613378074
0.007410248328045049
-0.010330774880212243
0.021359462546186214
-0.012591621075789823
0.006599382001649038
-0.02151208908967406
0.0008431663999869595
0.00968321488067743
-0.00750968949352702
-0.011604909873365092
0.017766125756603655
-0.027404904879172885
0.03916421524873367
-0.039405897618623044
0.025831202502051422
0.0024035866257413148
-0.0017553807421578328
0.006115103634467712
-0.01645760935149507
-0.001639446982536765
-0.012424191243371178
0.021198144227553922
-0.013967766982293954
0.004267683849247147
0.001735939093829549
-0.009156189926386426
0.008186153426893468
-0.002722959590745888
-0.0073590573096722015
0.005860014656357852
-0.012264998142065482
0.022948187806820664
-0.012523923121330717
-0.0009594343230895771
0.017502955549311073
-0.008921457372420425
0.02028701311455178
-0.005376862530945898
0.0037399904242600957
-0.009588309384451084
0.005642167304131921
-0.01712025763822876
0.022499971066919665
-0.026256326282602927
0.0272489403364419
-0.0376413793149989
0.031235394572697587
-0.023662113076045727
0.033962112077403836
-0.029953691547401875
0.01572505850604049
-0.007319313622399085
0.009584300142676807
-0.0012685134618441285
0.0067013758407812
-0.0054720218030490375
0.0179236656485527
-0.024725239265871318
0.02994574388479461
-0.010628290651634
0.002524364802905199
-0.004424860808571777
-0.010410778640716496
0.01949400910401174
-0.012871200558785946
0.001717856366592282
-0.005840035799248189
-0.003848469753192502
0.003637860118993896
0.01974156176279683
-0.012755171725616668
0.010588900832873392
-0.012639913983345876
-0.014800516573397916
0.03293377400235689
-0.03366501691076652
0.03129156197859593
-0.03402269640706899
0.04941037150885667
-0.06269815814762793
0.050734036054891796
-0.044000440717718484
0.04723355283820787
-0.054900710985629195
0.03464338526635527
-0.013712470448833126
0.01895178211355216
-0.01863933430535913
0.016544451925255246
-0.01008698356807334
0.005390713265443751
0.0013674662029849402
0.0004477934089021394
-0.007030129494630606
0.00666841086303061
-0.005020364733046928
0.000978619205910844
-0.0009050167522610867
0.010700299724687478
-0.028224087184532058
0.019164826263511646
-0.0009827917383604511
-0.010893565867870849
0.009249096942624095
-0.005335107755947681
-0.0011734114969188015
0.00028662483933227076
0.016521188533983936
-0.0038262077213316024
0.006496886637086816
-0.01391339016971001
0.025998972900463206
-0.02526436047492912
0.0075351067576769504
0.00923513833170107
-0.004079807991597022
0.012527343388661518
-0.010519851220751025
0.021694993765632997
-0.025666779205492665
0.01793770506798143
-0.008198866837778531
0.006697123335822472
-0.015275944066038183
-0.0003995040784654071
0.0039042377044570618
0.0023838634640668565
0.004269373078552347
0.008160426631717739
-0.012942702892036428
0.017769935079398804
-0.0042346307416853985
0.0010761659536274342
-0.008305012662921314
0.020882418042661492
-0.027992591873277555
0.02874593235792741
-0.025264985940456536
0.0204837254590591
-0.006115108362308248
0.00251776634239435
-0.018100472517854245
0.015271792202114476
-0.020408860840459005
0.008625628698496526
-0.00026737051711722215
-0.01960403784696767
0.03385666773280382
-0.029810781862407803
0.02812256515322939
-0.0249326981748374
0.019042542983015682
-0.003317329505788193
0.014254023498548419
-0.02233482918563703
0.015637638951815375
-0.016468271387731256
0.02065597785522011
-0.026534755384700275
0.02982437620201085
-0.022168301519015277
0.020016330335261127
-0.014316388622929782
-0.0027998389226146585
0.009824719533931173
-0.022364205849061864
0.044900020066638936
-0.0413977155268985
0.026874270052677413
-0.009317325895342152
0.011415419143114234
-0.001713251324900803
0.0004906574891111767
0.0011185966812115593
-0.003083316239398963
0.008563231177224986
0.014104986780795189
-0.01405575861004949
0.008979845585126316
-0.006027832298649273
0.0193277459596816
-0.01183514354068493
-0.0021339782438447963
0.006553996393898507
0.0019886439700008184
-0.005321888940603364
0.00919262153953213
-0.015479383829296223
0.04119964253787779
-0.033612178471711225
0.0193674451809782
-0.01049511490470526
0.0045075662967274084
-0.003041709002488173
-0.0007045070278017232
-0.002037797124420949
-0.003131124260762618
0.01673431983354032
-0.01952615562784896
0.0019818342097216294
0.00595324930444032
-0.004489264244963409
-0.012565156289971041
0.0184237345910429
-0.02887735378270988
0.04177446516222646
-0.05697358356695175
0.04857898624825719
-0.04114194024302694
0.043410843901066413
-0.03480334821222729
0.035154415911590534
-0.03513948016110225
0.025679409547676224
-0.03092799128406336
0.025778729998263146
-0.027595227995693073
0.02527281407997414
-0.007758221830495749
-0.005816088900119617
0.011695958486924509
-0.02718439090137162
0.01823649970155208
0.00135111238223813
-0.0012170053913756083
7.108788163216824e-06
-0.00792221373622693
-0.0007908448032239667
0.006971037722047979
0.004504352969925297
-0.0016819209008639396
0.014370064658803644
-0.01897146416837584
0.013956889028803137
-0.0036496527757247984
-0.01922037967991485
0.026652562960165115
-0.022595067878517214
0.022696411342008664
-0.022862502296192678
0.025960053182485628
-0.01751834691467888
0.027030561053942536
-0.030028874107046334
0.028684852692491155
-0.01838024261759023
0.028006106943935474
-0.026531612174908216
0.0009120843835456702
0.0007199930077950103
-0.0015115193511412352
-0.0024385938142705943
-0.00565969603702819
0.008307663211782336
-0.01311919305096427
0.03196995427259019
-0.027316833615252376
0.020919804990915666
-0.01647734112789506
0.013030953575469335
-0.006107734349589052
0.011465844517681493
-0.054699289491397594
0.05629517948666982
-0.05179458897296474
0.043681683416865895
-0.04587689992005762
0.04599780899012804
-0.036405878139685405
0.0387893798444868
-0.03602866299636355
0.02638619050657576
-0.02461244201145654
0.034882869637101147
-0.016608577165789458
-0.006588432630065307
0.011330027725456032
-0.012342408402208216
-0.002370405228436432
0.004945045602182416
-0.008076890383599813
0.0011433186455869003
0.007833654139479618
-0.005284004524025402
0.024046883267619546
-0.028718829422473554
0.022225382567239972
-0.017115249919426017
0.028331150839365275
-0.01801220857971295
0.00697579805225257
0.008424398036243551
-0.023640263200824952
0.015288934075438552
-0.00734327214640681
-0.013748686927830614
0.02352835087280502
-0.03253737430027487
0.016709382923647043
-0.013790536076853816
0.019648642203198195
-0.00969341926666012
0.016298100789982863
-0.02330158935242483
0.0064345203683482685
-0.002392944395673323
-0.013708921548628492
0.01919767312814519
-0.01225914229265333
-0.0011943476984071764
-0.003628847132929791
0.01161259365851814
0.00039756057766436256
0.004628647464882812
-0.0096097862143219
0.034057087129769036
-0.04569244081471815
0.03303780304024041
-0.019889365988217122
0.006937346669630362
0.006236916654139654
-0.0183797297028922
0.01607423761992762
0.008142034824390888
-0.010345766718772409
0.013307732621860385
-0.029469102085341824
0.02718997149294037
-0.019023703136501393
0.013092335174674442
-0.010061454899305334
0.010719360223184602
0.0058970151363098335
-0.005068787128808446
-0.005416776306014247
0.0008887701742966918
0.009216837194233255
-0.019428764948173992
0.02294211090487455
-0.015909360512083952
0.007926175785237318
0.00889554315184277
-0.006381556285034709
0.006639492140963041
0.00809938206641192
-0.02185254725441894
0.023972424944898884
-0.0015534880076396806
-0.00017447485565070907
-0.006475593708894542
0.01308967382827424
-0.005520534600806177
0.002657107043523541
-0.0021252169514610645
-0.020625233727167798
0.03372064415725693
-0.03411738695261758
0.02310779619363028
-0.03922708724245446
0.044592169836833076
-0.04675943447996424
0.040946074871208965
-0.027123991851108812
0.02642312109776471
-0.017053509218416245
0.023942695191283683
-0.031033825293207615
0.02083136467166256
-0.007755416596899547
-0.012211784629489722
0.01820007586744446
-0.014636608173336172
0.007629734480762135
0.0019110431316092138
-0.001264869357720602
-0.03491774724922628
0.038153794308604196
-0.046672877456164906
0.04132650355482282
-0.02256208266855706
0.008486931023776786
0.004105874912647012
-0.0038331130730480663
-0.008605569850379363
0.01633905876284903
-0.007339260834656327
-0.0014250667639115358
-0.001441480645009689
-0.009196134338669249
-0.004114131173521865
0.004019788243815948
0.0067281033526504904
-0.02708423069230576
0.015179922423438918
-0.01823651277082223
0.026823467014882692
-0.03647797654037406
0.03948732644590151
-0.031309603564749204
0.016240412600412396
0.0011077795418046649
-0.004498544781727249
-0.006530711202163633
0.008359015442480178
-0.0005389382288265631
0.005334148738896856
-0.020647169248761633
0.007954164582420466
-0.0033315071538566414
0.015142297749328286
-0.0031261384761290443
-0.009628618156890869
0.013165034759250929
-0.02328179461482418
0.028389752348936266
-0.03475238384960047
0.018683739849221823
-0.005801440964588464
0.004788024252276366
-0.01333046383804584
0.03435170195053416
-0.033939289233705136
0.03590879750173399
-0.043750936378979415
0.05237160327935764
-0.029586623123123653
0.014551845261755835
-0.001156418025408074
0.006721110623933925
-0.004363909737280435
0.005686079964649758
-0.006031523074882489
0.008358987373830135
0.004011446231690275
-0.01268837963037073
0.017440798132585
-0.014357103994800635
0.029173762826383332
-0.01644072456934259
0.03012752418326388
-0.02693200501113554
0.027244921983192547
-0.015068830245245118
0.013020821256084765
-0.010278981569147114
0.020023607967540276
-0.028432172139408785
0.01761869390564313
0.0010123313767752963
-0.01841166196558585
0.018645140767625197
-0.004876078934068129
-0.009509250346850934
0.007897073150898395
-0.007319384649694402
0.017398280221170292
-0.013767526549976483
0.017675027358485387
-0.03226805678740533
0.029036489091700486
-0.00962141155816513
-0.003491275847234396
0.013898434505476398
-0.01281309049046958
0.013782549284394804
0.014375994828225122
-0.006924285395892614
0.0034987075973008054
0.0032090009080176364
-0.014164077767041991
0.025467818613163967
-0.03132802052820663
0.013729946108150086
-0.01710880843321373
0.03721466612375565
-0.035661111143947564
0.023582415465370776
-0.018460414674291496
0.02759372646715943
-0.009171949777630327
-0.0001155111269929198
0.004598142832419154
-0.021094528505274667
0.0163878425932379
-0.011139634829520495
0.015673968746624748
-0.021824647799838243
0.017668119151326104
-0.007489537527623291
0.013330671115806445
-0.026682311692519466
0.03433312147418496
-0.017166357902710632
0.010614309176878643
-0.0036149227254891197
0.006468353554126973
-0.012985654004990643
0.013308549552328951
0.010822204329417441
-0.0037562403697668587
-0.012387207957865633
-0.0019229633262675867
0.005381783418994468
0.0005818086258480674
-0.01687423499368862
0.018318260616163366
-0.016006161458498792
0.0024702612134619964
-0.015514211646267763
0.010964550486988902
-0.0029233496364121313
-0.008554566339781895
0.0010118695847134665
-0.010466747003732265
0.008219702856234969
-0.006394733880853543
-0.0031826414020130066
0.007526134971866516
-0.01229167844906391
0.010671552974063093
-0.011285302601212976
0.015608856800475818
-0.01994569464480881
0.01191589740363492
-0.024078786853639726
0.019281137567450292
-0.02429105468283715
0.006085210134540389
0.021690397628733864
-0.04261234989583983
0.04483143900969512
-0.03448150308122092
0.030684152126361417
-0.016648812400010888
0.0062301915286447004
-0.01691426033650009
0.025095834726982652
-0.027832135505017584
0.032610845724131025
-0.027390738631772073
0.027676344607233384
-0.01788612355395959
0.014676556283714462
-0.007773379026423843
0.01285982480087547
0.004174174439892053
-0.012104028837872463
0.006698329184261119
-0.005606136876003003
0.019195097386287375
-0.015151253179869732
0.02106726516859589
-0.007353864723380219
-0.014643125716965254
0.019297538234431866
-0.013734772053245187
0.016659054485103773
0.0032548488805188157
-0.016242619183930263
0.025238288588249735
-0.014538093263956947
0.0019401352668412919
-0.011531332919399223
0.013786830424980322
-0.019594080283183407
0.024615380203327004
-0.03890668464339657
0.027536199935211586
-0.026797646754630745
0.025314918344591764
-0.022168085451791716
0.026293599619832245
-0.0392880420316001
0.03689753197024256
-0.02304501882226122
0.009296000267980829
-0.0026128397522011673
-0.0075081079233276365
-0.0003216782062474231
-0.008736915210701282
0.035353903720964336
-0.04446587490694113
0.03535675549624656
-0.04979567257149346
0.0408934477020402
-0.030544168988165494
0.029172222557721523
-0.032144215131369086
0.031824490811324276
-0.019827892231878547
0.006130640959600264
-0.002417582924589947
0.0058744248129353254
-0.006637133419334346
0.0005833372409478092
-0.006010817752025033
0.011300272442731775
-0.008539420848253517
-0.010553989729271953
0.025369841502892322
-0.03983596337939492
0.02434976847752708
-0.010529520980513211
0.014053256980771202
-0.025999978789822815
0.033573785877384375
-0.021932347885719117
0.01380800895235491
0.00026192790610515517
-0.00899792875220108
0.008152368204548783
0.002485004025684461
-0.007569702755275575
0.01416258587376928
-0.037699680284845306
0.04173900580919433
0.00012029320271830396
-0.008143792734903293
-0.003980932041693638
0.012678059207618586
-0.013123933347342524
0.015515931657883118
-0.005268010199704495
0.0007758998669047287
0.009182821370561492
0.00965098172652561
-0.028369851383955657
0.01924608097176975
-0.011120521312594023
0.006864718793936595
0.011260264084346664
-0.023673725313057187
0.01728752878205763
-0.005502727677566922
0.0005271029327560809
0.0021908182815337154
-0.017083298586750693
0.01635159395425289
-0.0035807180591888982
0.005555322778909071
-0.0037436676454462455
0.0006039068220461036
-0.006359973585729732
0.0008264408169141461
-0.001223371741142461
-0.02645006554457636
0.0333841122620689
-0.01934345204690014
0.00869707827267901
-0.00021478266702609273
-0.010012683559116374
0.007612955587751895
0.011059616284111017
-0.004419249292363971
-0.006344608558688398
0.018167914036370924
-0.029087739050892188
0.02851700657141502
-0.0183680301205551
0.005016522512824221
-0.00023217749075104022
0.012563311397703957
-0.025418276662890683
0.01235824907007799
-0.017210111049735025
0.01693087693514575
-0.009847221447063898
-0.020111518056955775
0.024411209262880807
-0.032549504445670695
0.045203277799061824
-0.04317216369386548
0.04299307786888541
-0.02756075226993293
0.016090494334150718
-0.001611444862090368
-0.019109513742723145
0.0060559700032266515
-0.020025104624656287
0.004392884938454017
-0.008218191445637802
-0.009154924576256
0.0010795903363134186
0.0008838688174023648
-0.0003789505388890171
0.020986583015014836
-0.05259259161093943
0.05222247610550789
-0.046362079522643984
0.044810550036677305
-0.037453804417146616
0.04005542861371629
-0.04348604270459979
0.044682488357831986
-0.02020358598634621
0.014530058405947269
-0.038282172303706716
0.03965522415162806
-0.04038958958825538
0.045827646343014464
-0.0421350155179141
0.02998452492299093
-0.0025960612022863285
-0.005597891643431869
0.014152509198037531
-0.02012458873698062
0.007515754900542732
-0.007960480459467385
0.017558881505496504
-0.012885265050043523
0.006038877815069374
0.005537740547341656
0.01640025337990125
-0.029508114244225097
0.021534116999012375
-0.025260452131460824
0.027719818900258368
-0.027209309626378027
0.04652479953191537
-0.05048366357600401
0.04491418307552772
-0.04364641425388681
0.05104735906490529
-0.028168670024233684
0.014992881376273207
-0.00748690031203756
0.008267264851180995
0.005423938252802772
-0.014560460552226767
0.011051549842734943
-0.003225067501990247
0.007223205941678056
-0.00529855234595006
0.006755596071306911
-0.0013014469999964176
-0.0034186758664806953
-0.011503062810248236
0.019295013253732604
-0.01977210820020528
0.0055372629008032725
0.010931049489851269
-0.003145295362030258
-0.005661451064182012
-0.0027988407666031485
0.014245051341798234
-0.017393890573205683
0.01457478688744647
-0.01530296436876542
0.009768593849497487
-0.0049943536499951905
0.002128481822292221
-0.013892095820227997
0.02648913085327324
0.0013445294811723575
0.001791832639238503
0.0030575471616209955
0.0007277050009693339
0.01314187033718582
-0.025312550697290277
0.02718370432768988
-0.002896340146012088
0.002949222344342625
-0.0014669523304568959
-0.010191651741526014
0.021786658905448352
-0.029845913050751984
0.013586579373180733
-0.008233385405599421
0.007446524657181806
-0.03241530952826931
0.028671626260885933
-0.04210681305096512
0.040326652067706435
-0.025198492055747326
0.01855192220118775
-0.029182419468685238
0.04042359908666712
-0.036462990513187146
0.027158976346181713
-0.038056827603301
0.007357757733367663
0.0048098562779976374
-0.008792582709264802
-0.0056657620341715
0.026249101552136105
-0.03677394760502363
0.027871234892586874
-0.031140448871368943
0.03214866374846942
-0.021456718694581586
0.018705186722857613
-0.031054100316271153
0.031097519193002077
-0.045479982028959184
0.03288469853432819
-0.03084671260659895
0.03201184384381037
-0.012074849445465025
0.009300988614591563
-0.012801498597274072
0.01184454906717917
-0.011292889078640395
0.019104944556128205
-0.004253347065908051
-0.013910546758878697
0.005262350970853133
-5.1674846248086654e-05
-0.018986535491819376
0.030333968206354336
-0.027859093187281133
0.02108589528923264
-0.0068878458593960275
0.0054984960374983675
-0.010696786810721014
0.025486029602813414
-0.043755198432841126
0.030410687967359257
-0.02215631650722951
0.018754304463060995
-0.015542961119135989
0.010937643509601006
-0.002989629598160954
0.008232698740332323
-0.008855286819386386
0.0025822315048176915
0.009039799550241508
0.004441936507500001
-0.020936731419198263
0.014109431063386359
-0.017787639222608283
0.01733518196234811
-0.003483813228507763
0.0038667688013668136
-0.0026896711703462794
0.009502600251122775
-0.0028190608740035553
0.013150422747738208
-0.03695717921627611
0.018261313335312203
-0.029423425483096486
0.017173337752612036
0.000303490305270463
-0.01625387229579622
0.016655770481941362
-0.014297811775540086
0.01297291884958052
-0.009200968535684471
0.004269106633620048
-0.013734965814338817
0.022935348871399187
-0.015663686601610532
0.018404538642980396
-0.022190261144427435
0.02283364598140874
-0.014186204550591944
0.011799586882425947
-0.009299360786667063
0.015022240156384552
-0.003473933581921747
-0.00794368104358149
0.011738949284270689
-0.0002735608895294408
0.010927799556702688
-0.013979503538575386
0.01385682616854515
0.001094281891537607
0.004373373622853259
0.014580318902480264
-0.012071268576424647
0.02635103422674585
-0.030900845186832962
0.03790735807098726
-0.004709869239829975
-0.01906626004965304
0.012278506105489197
-0.007197920744267847
0.00984490303970496
0.0044468211599136415
0.001180266313142776
-0.004059786945719829
0.010391228955034333
-0.016225163549808665
0.005382364401947423
0.0027784879338947285
-0.005048700307563434
-0.009190549353045498
0.01643029881918607
-0.0315279045050368
0.006060548256541407
0.013007859654413626
-0.018531350533910022
0.00473792434046303
-0.017124347686902637
0.015440787438953838
-0.02665778292621196
0.031077382553781736
-0.05126139421341961
0.043844499365853586
-0.04438374825653765
0.047806658482487545
-0.06633947190158274
0.05251854745606106
-0.05039409147117292
0.040053372688216377
-0.03989191900759528
0.024637936979856064
-0.032898093204130355
0.04163541622465488
-0.01597688283844376
0.01885793797176285
-0.03573846187222395
0.03006826277753898
-0.01722986285445784
0.014354086901052077
-0.019292167406475068
-0.0070065089364900225
0.009487480615567744
-0.023785321510936284
0.020567097230532138
-0.008304181715351225
0.016835346984469375
-0.005416592750099067
0.018932169772688173
-0.03640775635467437
0.0430364955792801
-0.03435513419561594
0.04315792057985935
-0.021359090564968666
0.024648214619615697
-0.012777635494587667
0.01172259414646903
-0.020701133095437894
0.02433366622566538
-0.029712843189904095
0.012072754286798937
0.010940578512617401
-0.03134977490964519
0.04822211711911345
-0.03816349949159758
0.022386658479724663
-0.022203056897783017
0.0236877029022821
-0.00586767605132598
-0.010613746357514588
0.01611847193239586
-0.03504132538869728
0.03575744610737359
-0.019582007234963925
-0.005773944566678781
0.021222599516805964
-0.03973295843452043
0.031021848571376978
-0.03495492610605395
0.014561458984523445
-0.0069543937392594225
0.022940948750804893
-0.02036823878122214
0.03185033995882314
-0.04617156937261902
0.044176664934404135
-0.03329482563772681
0.020650274317366334
-0.029415988750230562
0.034685154809526636
-0.029616729991325204
0.010684557868253633
0.014008117187412595
-0.030271842862340758
0.040014378076435
-0.04925428801140928
0.05443651212257453
-0.03348753576476983
0.02342593245141436
-0.007553464760022834
0.006223235890456432
0.004665268798119121
-0.003204466954078234
0.008733569693535143
-0.005041454094848501
0.009610528864013004
0.006135326093156993
0.0014481610834117655
-0.014993387371351337
0.01621875213404278
-0.008450184369186037
0.007813353338014677
-0.001824103033178551
0.011793406289028405
-0.014513965190306868
0.013016823157584931
-0.013398846733797157
0.017688588870470437
-0.022570186210180525
0.02342051941802085
-0.02557419248150416
0.021017047750569545
-0.016286654095144775
0.03129093688042524
-0.016174290020458473
0.01148698545013512
-0.036462665969969346
0.03532180360150187
-0.03156018821502352
0.026548659303132736
-0.03151784835453811
0.010176793628230589
-0.023049684540773257
0.019151009874554058
-0.0020022609956723875
-0.00525557317602961
-0.0009430973404184592
-0.008848072341065405
0.027198450526242757
-0.04417911161227821
0.0434718392675157
-0.04389097453065156
0.04231524952724655
-0.01703666760722473
-0.009050601127604392
-0.004667329775676948
0.014411055432684915
-0.008975969572235166
0.00708647739741442
-0.02361570639758295
0.00385772815033369
0.0013474731176749653
-0.015249391526946305
0.02220193554274717
-0.02347372303799367
0.021737992997975162
-0.010893671382198515
0.014999208607722596
-0.0020721496443912918
0.011454788166651473
-0.007875091271665057
-0.005861345875810669
0.0044499453275243395
-0.008857466337232821
0.010352416538175166
-0.01556384430073179
0.005107867893298206
0.0070200564368687
-0.0014659847695748527
0.026503943660402336
-0.03464996539643157
0.01956892551574473
-0.007923642109918307
-0.016120361013543496
0.0016233479532036612
0.00662749446351771
-0.005367456388519771
-0.007661521575948096
0.006863451708333302
0.016653062960763996
-0.01736171139281145
0.01849706030899185
-0.021743432858106967
0.027787212796366076
-0.014657772086282557
-0.00436927860633492
0.008530926506706454
-0.02300677264113091
0.021605265576480858
0.0013373562844967747
-0.002474790169377299
-0.01396255221020175
0.01674438689020928
-0.020332812176418382
0.00047711750516579217
0.004774823993092661
-0.008952801453047714
-0.001587984496800537
0.0016110337418210555
0.008689558384959993
-0.025541829818080827
0.028840702775324682
-0.034805081985593476
0.031944614694827796
-0.020636731270606425
0.021667728386052708
-0.01964426923131416
0.01063724442091331
-0.009775615359569554
0.01889353186476488
-0.005096914202406592
0.011934433316889804
-0.0019205722888074564
-0.01997345714514311
0.04558590108465248
-0.04699777578227482
0.03451714262333008
-0.025082294799132012
0.02651229882435895
-0.017951363727633264
0.02299353152365478
-0.006902279871869616
0.00196786797988817
-0.006975333834502249
-0.00012057851595255081
0.005510734334568838
-0.010056160285654996
0.014545283475034296
0.00277276267255846
-0.004025128139608459
0.012658487369636822
0.004878468909798168
-0.020547807909992104
0.018720147911964823
0.0061768779950934
0.0025276403532634023
-0.01032888256761825
0.014431371452043236
-0.012777314892752446
-0.0001993746882436031
0.006794858439366708
-0.01783347232527943
0.010913629823338343
-0.022581494095909527
0.012681514016199496
-0.016844611526811555
0.009443080054204024
-0.03065873853547494
0.03465303777288782
-0.012574525502095318
0.00772113643627765
-0.019642580786686344
0.02820616462603869
-0.0161260580461235
0.011292970292927017
-0.02444392615552187
0.028144280101591635
-0.01736377345231448
0.027390906927627596
-0.024029956997140247
0.013028114052426877
-0.0190452509678104
0.0005142549485643074
0.017551633602522584
-0.025383276746166902
0.013068236051531729
-0.0069657162641409715
0.016827781505049478
-0.018862866730755098
0.019414699135221522
-0.024539788832005978
0.03574938253958658
-0.02596634492845822
0.019589675105478235
-0.037972261308193936
0.03735982715228051
-0.04095172214429632
0.0517980900821624
-0.03313639940599224
0.013097027571793181
-0.0014246949787249438
-0.000965673006805817
-0.013236915841856598
0.021254357592734526
-0.013866620958518835
0.024629274071561198
-0.033531099635187855
0.05184336478883649
-0.03008449927202571
0.00950307261872852
-0.004342832187624257
-0.00465844716957918
0.004339369834683438
-0.008965573273190825
-0.017860333502474866
0.012265487158323077
0.0075752149778748985
-0.021539115771710103
0.027071820610891126
-0.04795661326564915
0.047218006117515005
-0.05763652695968153
0.03818280867638485
-0.026935056095493116
0.007534464276249923
-0.01989640761222222
0.0338627433097411
-0.026984287006728756
0.012656599449696779
0.017948022117357777
-0.014927010074997643
-0.004457687345926226
-0.004041652630704387
0.0010709513161256926
-0.01571120225372626
0.04134544807100379
-0.0396991068614336
0.011494866100881103
-0.004197142998782556
0.036818960334330866
-0.035910211735608114
0.03481063642315363
-0.041551123733970755
0.048403304686242474
-0.029344402655571384
0.027080267083664837
-0.033365426094579285
0.030269235647195646
-0.027392559709763648
0.0071199765653535505
0.01634167929388768
-0.012516486595440444
0.020070342405554015
0.005328885874577745
0.006579064789293281
-0.023195991844572446
0.03729025272443725
-0.016264562028309677
0.002689156701325279
0.002124367047159598
0.002166327977208759
0.008401920225203956
-0.011615972471100236
0.013009024940821987
-0.0021713797748115563
-0.007882696232582568
0.021648469461167764
-0.02180910206302234
0.015363898759826002
-0.029250476458410682
0.024074879552410982
-0.01669484118508365
0.007019283666071839
-0.01980303706410203
0.03083580748162462
-0.03581535213963606
0.06040328765787924
-0.03258641594406973
0.007998079582204252
0.01030186203536504
-0.009814067125099548
0.011013313735075888
-0.02545443614726925
0.03459378004279428
-0.047685227790881274
0.04922856377518249
-0.03433935235490561
0.014368656467539173
-0.008303210080455703
-0.006251397560242988
0.014816547637507524
-0.01992776556273307
0.03317729777862229
-0.040191071470089795
0.03792577563471928
-0.02645947513208923
0.02152484853009731
-0.002573382293786668
0.004920464099589481
-0.0022835952169105835
0.003740411658261423
0.00037954932485717254
0.017789782552246135
-0.04337757694499914
0.05556937861592974
-0.04321773628538839
0.03612252835051276
-0.021354373556771444
0.042741468942252406
-0.04501648354784977
0.05303066959486818
-0.04381873038778457
0.058547824859155696
-0.047472450931718625
0.036674302849219416
-0.012368796666974593
-0.005104546257728665
-0.009176096403733255
0.0010004927948745763
0.009156427493957267
-0.02333821000818432
0.026112259937058204
-0.037243371449261715
0.028100339260678012
-0.022642551568369685
0.008439881934192506
0.014639628139258707
-0.04489565066332782
0.04365477177297057
-0.021662426166019655
0.028212369165659255
-0.026927243759181214
0.04272791063036888
-0.048898351536495965
0.05067085725806262
-0.04713580525000419
0.057885553908049434
-0.06232726185531541
0.040222275562248035
-0.04335096447025823
0.030656414568735038
-0.01698393835449562
0.01826091942080755
-0.008337768641273653
0.0010903439005883213
0.017251472272417315
-0.024212200816206515
0.01845291724963236
-0.01845058337470494
0.02104741980532792
-0.04028373100566563
0.03224822859469554
-0.005262168044433668
0.000839285077861437
-0.012476252344254287
0.019638387947011202
-0.0027006858947675955
-0.00963951751146897
0.029284522649642573
-0.038118672442002864
0.03554664277634342
-0.017732659508290522
0.007317928898455298
0.0032232135139802615
-0.01444711438564621
0.028135807843035862
-0.02058607591608621
0.022560831103374042
-0.02661546033349885
0.017034632369566354
-0.01627504870024614
0.02653369878301952
-0.04947527309525004
0.06267338911346515
-0.047948138726609524
0.020127672948590677
0.005280365140342637
-0.004749110331855474
-0.003510155826467515
-0.005971203466438684
0.010836851323671058
-0.010378809819673658
0.009651210103613585
0.004186544471988697
0.0026764743851248906
-0.018672931302359932
0.02023874816724822
-0.0494766782932559
0.04797739509328924
-0.040000648483064546
0.05095550772875077
-0.04898997850967693
0.053329699034497566
-0.05160395946380827
0.05251192595212892
-0.050555436801755414
0.04667033935836586
-0.03341427608041901
0.005726500063473051
-0.013147236236930065
0.005504294511102479
0.003483966526910971
-0.008616234870596217
0.03385974967140737
-0.0252054328964297
0.01461313975242217
-0.032907777881083386
0.028594063884070837
-0.0136506738479108
0.003824352563377245
-0.006944670107940746
0.0028653846638328592
0.020408574423482945
-0.019472495772844753
-0.006425227943946159
0.02710527568697777
-0.018867457537406877
0.012508578058757743
0.0002435247767703794
-0.008023234965226002
0.016967808618657366
-0.0016074324809554998
-0.008175679291063765
0.00679621730887743
0.007156785423699833
0.027800747540586326
-0.033416027497275735
0.036132069273095306
-0.03372637413249137
0.020320744077055163
-0.009297879913471713
0.01282343317642572
-0.0021147474571979285
0.005046640962963765
0.015783953240350028
-0.014012100227120667
0.03666359976294135
-0.020402713422398862
0.022027789521059056
-0.0022310111949597933
-0.03571955884306055
0.023277686913484637
-0.0037703266588157143
-0.004974460376389935
0.009176633478878158
-0.03129835967902848
0.02381063495411696
-0.03138594481310863
0.02598786280442425
-0.03900005857865327
0.01808645730174772
-0.029955646050311795
0.017198297465837127
-0.023677837696242748
0.005042074625460126
-0.006234717014586704
0.002623169966274654
-0.00954587827578745
-0.0013660797128724658
0.006244825283498913
0.0014299173175300241
0.011659176293327161
-0.008185322963760091
0.027872944354445896
-0.03200086953504234
0.014193219441533084
-0.012911102323828581
0.0041891868269574445
-0.003154735356970156
-0.009522497774925896
-0.0011926250823838021
-0.006033680585939941
0.006766862610262474
-0.0037057445628624398
0.017022377694646377
-0.04088266363997366
0.04349657824269223
-0.03008123271735057
0.009337715860901265
-0.016820536676541084
0.025304559971077625
-0.02940364797660838
0.015283862832051298
-0.027587745359180384
0.023832140110706782
0.0024634261498504236
-0.0015911269099929126
0.004353091882281258
-0.008876986030489144
-0.0016805522689291481
0.013844878783985291
-0.004312099304628862
-0.007082073866944712
0.0158989398295765
0.004568454398464823
-0.004315350753500611
0.005877739857084196
0.006672673600569237
-0.011179314597709046
0.01896228406712465
-0.022874353447501012
0.019822574368918506
-0.03886993753660555
0.033367344163896404
0.0006490419409881798
-0.0036809526634511668
-0.014431353918265798
0.019939352627868192
0.0003667971348790764
-0.011067765142777176
0.02287576004591414
-0.0454161910075734
0.04769111434865684
-0.029359176883065233
0.006995993292066932
-0.009061771035588898
0.023865666015757295
-0.019182224498829132
0.023260714690713367
-0.04492804850750035
0.05710100667392387
-0.058877166406237934
0.03720691980484489
-0.044995003978815035
0.034964141800422656
-0.033361076295379134
0.06386907503123782
-0.07479307129587148
0.07607071165270925
-0.06074222615315826
0.049171252220863805
-0.03713386633730596
0.032340534705153925
-0.013400717553923065
0.002726217583187034
0.013127876987153982
-0.012018294153578826
0.013649341788578916
0.009254898234612015
-0.00207061479432641
-0.005003162992807204
-0.016232001448565656
-0.0026539130395318495
-0.000966936440555329
-0.005864231597603523
0.019988757734870764
-0.010657273969061947
0.035191290103724106
-0.044799589616552456
0.054376535888033095
-0.03168375524574982
0.013490723218458045
0.009405153078110955
-0.05142612571126414
0.03348106515586369
-0.04619634741492823
0.04203925662423832
-0.02966004283391784
0.01985260845772301
