1.0
0.4198996213525163
0.1646691224915348
0.07667124153929966
0.04101736123574042
0.018750054105717385
0.007509588592632271
0.003737741786982685
-0.004535722934088198
-0.0034894092645480056
-0.005877226579483536
0.003849709350867862
0.005601932738807103
-0.001598335981828252
-0.0011740609483246005
0.0003014650754150826
0.002162470740209423
0.0069895179687388155
0.0100540308541597
0.002578512056501936
0.004938383333061412
0.00861513913493483
0.008114136124425866
0.005781666835044059
0.012113330051047259
0.009204185823148001
0.0009276235931573095
0.0008810519139835702
0.001132559644602371
0.0011306732340532256
0.004800631346003171
-0.0007963921989865778
0.0009228708769403697
0.0014809316481569188
-0.0005409153453369453
-0.003858696218167801
-0.006311887968396181
-0.002158482599246257
-0.0010099223975323641
0.007001027173407985
0.01195054603592023
0.0055793114986834825
0.0033913357950843544
0.0033670738663818933
0.005113510165543236
0.0050392936864002875
0.005361792126110662
0.00782646443994073
0.007114119866466156
-0.004839174476029818
-0.00734587165458199
-0.0005144891109141687
0.003658136699673744
0.0010137703533628995
-0.003339586005476484
-0.003613674046642667
-0.002978822968430829
-0.003934199159691333
-0.005251534720416022
-0.006422579958539479
-0.00169212084538324
-0.0029600786675280334
-0.005981530104593484
-0.006061724684145481
-0.006205844506236958
-0.003035602522553429
-0.004291908267337928
-0.004789489172033248
8.792571283554941e-05
0.002356522316876797
0.0012810081574641747
-0.0019310120562796515
-0.0007948271747326799
0.0019222939169551226
-0.0020878395321025766
-0.001440299367904815
0.004297927801810293
0.006943541067487143
0.010225870611993938
0.011931654064422694
0.01083260658151968
0.0039286769658943895
0.007764319044474467
0.007990472513182812
-0.0006267202234358861
0.002305363391901731
-0.0003930771007169501
0.0013094285700293556
0.0012096696091227293
0.002190325572307284
0.0061734362426613745
0.00734620792630012
0.0008858283405598398
-0.002943124998803464
-0.0020026357417158957
-0.004243774152265395
-0.0038102595352842703
-0.003817937065618885
0.0028437159292295233
0.003213154006743001
0.002842913324231924
-0.003847130581627639
-0.00034625251382897396
0.0004920639358769009
0.0003634695966965994
-0.0033907591631156223
-0.0009821086794487897
0.00239249616239364
0.002192308102775526
0.006177175717667933
0.004165771860710433
0.005539697861756496
0.008560344459817858
0.006039854818888101
0.006019817718550106
-0.002404851181714551
0.0001504566736660873
-0.0014754040439782904
-0.006280146783155846
-0.0040349268232706985
-0.004400118759424833
-0.005141456805870017
0.005575479306947122
0.0004508790607821154
-0.0015192224691056553
0.003957095680522191
0.0027518891298084114
-0.0006175183217157452
0.005042093374198265
0.007893316424828847
0.003738134757361876
0.0034137368981245393
-0.0037625246487222137
-0.004549052440749337
-0.005271830494176365
-0.006325419572298984
-0.005022880866542467
-0.001851098765068729
0.0034555279363684913
0.008365040138531477
0.0016493606832839044
-0.0012770699394257967
0.0052933003651320235
0.00407632575550785
0.002257089606571302
-0.000432656914558128
-0.00045141159671721246
0.0003335545192339039
0.0017228196922285403
-0.0036992868464708396
-0.007896496411538143
-0.01081604902043705
-0.012610343921638291
-0.003911428273807074
-0.0013370768100272137
-5.6884158636355855e-05
0.004917250033707146
0.0034764577314361934
0.002185613447635985
0.003215780983814491
0.00576481244931809
0.0073145195435623265
0.0035796292253214477
-0.003148128202904868
-0.00928516959696637
-0.008150946851159059
-0.003487331794823229
-0.0032238195210107863
-0.005261730610803019
-0.008751430072948888
-0.010510394294100696
-0.007848792313482022
-0.004599881867215474
-0.003656078845704903
-0.011783137630751318
-0.005976947453958686
-0.001628211047028591
-0.0009356065014814779
-0.00497064446018114
-0.004219221950711707
-0.009174541083722077
-0.007304554517876094
-0.007315834116884342
-0.0045302761209747595
0.0025033752218492607
2.8762773100875328e-06
0.002789819593898628
-0.0021207127150045546
-0.005854973204589263
-0.004617130136621681
-0.006366226526722439
-0.005887771776141959
0.00026589940437786946
-0.005475452029164846
-0.0012846279100436101
0.003938271053116111
0.009317724322777946
0.007030781561824784
-0.0015327855752149673
-0.009150099069018912
-0.015129031861097327
-0.00973636278266547
-0.010789650684008749
-0.00981634533299201
-0.003357921779722538
-0.0036686699654102316
-0.0012048240058336588
-0.0035984571825809835
-0.005328217869286496
-0.0019572159576328498
0.0037912971111827218
0.007210025909188569
-2.5086452239437332e-05
-0.0004788280167435711
-0.004944859294887482
-0.006470151801752977
-0.005189631238866144
-0.0024897402273789423
-0.005973265020736023
-0.006517717337512869
-0.005492614754657756
-0.0006226128270202829
-0.004425999050114719
-0.005018570285698848
-0.003028078857463305
0.0015291947959683346
-0.00235331227399135
-0.00502964174367798
-0.004465079372057768
0.00441394645542531
0.007162080645965454
0.008827054224937686
0.008183189222603032
-0.0005440828814748055
0.0008686439159382233
-0.004319102671791271
-0.005508467976119316
0.002951216068181954
0.011943631613386074
0.011033007061055967
0.010082892825138806
0.005860194559891439
0.005929172444362234
0.002844222913586825
0.0026107183776601945
0.001659255324152566
-0.009986036699351268
-0.012244319509053228
-0.01014686939783846
-0.012517451211854843
-0.011465005829977705
-0.009293150441639076
-0.0042963880722873184
0.0009802358986605768
-0.005783299415295064
0.0028634354753524095
0.006414517222624311
0.004529427091076652
-0.0017692378523029495
-0.00018481813238378883
-0.0009402204391408302
9.907401695778127e-05
0.003717066421497091
-0.0008249622861387792
-0.0037301793258241395
-0.0067493075293772065
-0.014563504834549025
-0.01356790678027204
-0.004626389544357451
0.0026227700209520174
0.0028225944525776224
0.001945273362460578
0.0039024161681717883
0.004572333716453286
0.010860114482690766
0.0036216200659603993
-0.0018311686207661052
-0.0031991546987583386
0.0003745723672249676
-0.00030921926453401444
-0.0031004057368052827
-0.004695437411816215
-0.008565422452012153
-0.009681808997480692
-0.007080568449304904
-0.0010761820229048555
0.0032599487660594628
0.0011807579402169982
0.004883360092382549
-0.0013489806422115596
-0.0030748313956800353
-0.002738723300409554
-0.0009854980167142433
0.005363061169127815
0.004957631035608621
0.005286328179976646
0.007729285957437485
0.005685258414394751
0.004160928645007702
0.007201622961014282
0.0067014536897730455
0.01161771459699851
0.005466656817797435
0.003213425999629965
0.00484780960765469
0.0035283721216013844
0.00036526167362260217
-0.0020515949240265214
0.0009483278139907229
0.0004177069710704176
0.0027886241388180117
0.006865065493145424
0.007638996638738702
-0.0028546332582726156
-2.213961423275385e-06
0.007373529176738266
-0.003715132670206622
0.0004907013517716202
-0.000287647547546152
8.91789933331847e-05
-0.008167765147804335
-0.004966344749448609
-0.010459748579498834
-0.009169502060452904
0.00010201657357373595
0.001207234395733481
0.00258051890692494
-0.000550695175285981
-0.0007815592261875253
0.0022097236877905505
0.0011061355924509826
0.0063206517997453845
0.001941780668152563
-0.0032486609691965112
-0.0029863790512635064
-0.0013726710692539119
-0.0025157329819368328
8.298590862628309e-05
0.008772316804691255
0.0040422675416401516
0.0018650330482030842
-0.0031149726465072784
-0.007462873693860316
-0.010739465888710895
-0.00477977763221434
-0.009961013690739859
-0.008574989183403957
-0.011557287166757788
-0.009555723310732199
-0.008518728927354625
-0.0031470650931715565
-0.006941281904024189
-0.0007693069037469368
0.005430825316318734
0.010645988662752825
0.007392203352121239
0.00842914780118316
0.008738868410173838
0.00106863008369312
-0.0036287558841860725
-0.0044481737085416695
-0.002043773842031552
-0.0019449863160687971
0.0016311493781541394
-0.0013104211755378418
-2.5561599102582917e-05
0.004253872818365404
0.007846719081616327
0.002568618086564135
-0.006252103115209113
-0.0144421167652079
-0.012197989787886268
-0.012263524292495904
-0.007810656630240299
-0.009916891095549926
-0.00171924880754102
-0.004712923001839007
-0.008174998211282793
-0.0038351602076903634
-0.00716777072684471
-0.007809666461221411
-0.006191129118433267
-0.0024459381980752736
-0.00596615639867767
-0.007886834232720063
0.0016447374895368664
0.0033193427148045943
0.007687621585984911
0.005238987726802498
0.002639214080315309
0.006134971615824922
0.005775201683974667
0.0025537726894421624
0.004679520935507681
0.009595457872806766
0.00563417168694681
0.004141034595690735
-0.0004209648732291909
-0.0053134220109746
-0.004436334412200447
-0.002538879902040665
0.0025857090145308885
-0.00011647327460859138
0.002403348205345753
-0.0008910494904708706
-0.002722217782692417
-0.006449563379860249
-0.013965937876921249
-0.008058029383818596
-0.004269765419153408
-0.0019090381683823658
-0.001106004518283619
0.00516972122871177
0.0041359224152933945
0.010867534526259453
0.008110995731475737
0.0048398798686265475
0.0032627765942982944
0.00030102323904880314
-0.001829843762165683
-0.0030247400923511716
0.0007997802603100229
-0.0017380614693192173
-0.004705265451755322
-0.0032211157237780367
-0.0013698905373739352
0.001426500128482977
0.0028047346407527383
0.001438130971390759
-0.0029784160077069564
-0.00241107275285508
0.0031318522914201004
0.005125045990258454
0.001989678735617085
0.0005964888604998442
0.0030573923985634907
0.001143504060247135
0.0003671225758208264
0.0037202439388521746
-0.0010976052980208322
-0.0038301237489151616
-0.004333261210829156
-0.008306376055638312
-0.005113007697467229
-0.006994550845817037
-0.00735247498538216
-0.007147676105074685
-0.007493372493426059
-0.007148566169885962
-0.0027895972441935608
-0.0010488386252465035
-0.0033236169204371095
-0.0014193552479540169
0.0014870983891319752
0.002003713911976486
-0.0016825552862854596
-0.0003564696418050985
-0.008462868202949936
-0.008986002820052975
-0.005864558701066666
-0.009338232160139525
-0.00894012847403869
-0.0070504578949791286
0.001717214837804116
0.0035373871943348736
0.005115847685626296
0.0018132052368309939
0.008270618595584658
-0.00014614052962286432
0.001523391631720543
0.00495341773267922
0.0011047091466843445
0.002726461557240734
-0.0039197210323624904
-0.0011191078449246917
-0.0043386833036439965
0.0032785241654325874
0.0043916581887103
0.0028175092670073894
0.00559361186670699
0.0020163091608895655
-0.002411629414655767
-0.0031510864500505793
0.0029684946123495577
0.007344288567768083
0.002930126169345496
-0.001665921773515688
-0.005105883681003522
-0.010512928440457538
-0.010552843350052857
-0.009060366156607323
-0.005005830858361141
-0.007553375852999576
-0.007269633428913424
-0.008662984996094959
-0.0038985413182921922
0.0006795878531550036
-0.0019588491600257473
-0.0051424592623563565
-0.005546849384086993
-0.0028187362004079854
0.0014055622372275373
0.00010195260671513328
-0.0014751515797712706
-0.0007267692313828496
-0.001942254730038955
-2.7525539043570076e-05
0.002905789560808873
-0.0031437085243019073
-0.007107986865551849
-0.010623769954452546
-0.009613017174744935
-0.013298334184765065
-0.00910394896512553
-0.009048657236517554
-0.010950521914949003
-0.01337376369403992
-0.00924705724113756
0.0003070959812693013
-0.0009748733317653022
0.00407043819503042
0.006702017406887811
0.004062980465577277
0.004940546547595238
0.002988245344325288
0.0033924551573174502
0.0028096080309975686
0.0018517539855639033
0.00185247902297153
0.0023642352996862256
0.0011063705717558254
-0.005792621098453868
5.299362540185119e-05
-0.0056634312866230005
-0.006439869105304268
-0.0022404022602415382
-0.0035992525697065686
-0.0009641406886261139
-0.0021826488049701675
0.003634697864465748
0.0027699657982871865
0.0029694361381445247
0.000730865274343867
0.003553125117545871
0.00161408283573169
-0.00108970875593647
0.005291268728325624
0.007326514393485091
0.005644256884840612
0.01292616345256301
0.012271954675461537
0.009686741832296276
0.005512919594111978
0.00038215401021986055
-0.003506227551008808
-0.004350774147919663
-0.00046737600314593705
-0.0005451173841100495
0.0025859956586359086
0.005341344899099351
0.002833172671710372
-0.0012878900006248564
-0.006322196364176412
-0.0009791453720793895
0.002409503821127991
0.00318205300712223
0.0007648452741995064
0.0007571159596320629
-0.0027760522115525678
-0.009636591026578809
-0.007101655168185092
-0.006141553999052223
-0.010073698386124442
-0.007820642775340192
-0.009146048545289363
-0.0034174548131055567
-0.003501904509815641
-0.007250494123885759
-0.006165084892326247
-0.003994703688871096
-0.005930463736330055
0.0011888809561981344
0.006823796035744801
0.002058460259346981
-0.0007862775451149105
-0.004647851933343184
-0.006523598689067045
-0.0004635972655534307
0.0033122767609342647
0.00709827584926829
0.01034574949977647
0.004262588189252485
0.00460530611555793
0.0011448450821807698
-0.004322841224036141
-0.006255471650633662
-0.0021355614233126785
0.004096101733908092
0.002216658343473164
-0.0010356741747011074
0.0004669523094820878
-0.002416553044001268
-0.0029936280137359867
-0.0002842125239070114
-0.004919659845047518
-0.008485581574564315
-0.006139019919973871
-0.00762532281332893
-0.00992328355961515
-0.008033453377959512
-0.006863705342723296
-0.002873225034395769
0.003515853729104771
0.0004629385917085183
0.00294541064254896
0.001786707843862623
-0.004056240674800328
-0.006842515116103334
-0.004123374930717063
-0.0037429213958299176
-0.0022055294819199973
-0.00306466129889815
0.0004632410693577051
0.00292680909156484
0.0016860191808412057
-0.0016343848133738453
0.0038799170426967087
0.009791677229763967
0.006105343963281226
0.003428372142478819
0.0032740054031902195
-0.0032839141261273314
-0.006107948490734875
-0.003993139308055056
-0.004965376558882256
-0.007196717762571535
-0.0010845073264833646
-0.0011402916935870525
-0.004060588982279002
-0.0006713313968050216
-0.0033462522417275625
-0.0001380514186731937
-0.0011563733189668857
-0.0035001994763843307
-0.00753747002165158
-0.0014871526426428242
-0.0001940519185203242
-0.0003675713909652357
0.0005686437481753535
0.0076061731808499886
0.009388769424153363
0.009008819138257795
0.006984177444628433
0.004995853399234216
0.00123344270507221
-0.00365118208093444
-0.0033942852229700035
0.0001671773615413974
-0.005043712551172267
-0.006905516081259405
-0.0031328381688256884
-0.001538620347501456
0.005347583238825519
0.01043431431371199
0.003869380215657588
-0.00018571454556435524
0.00324736373943851
0.007290306561852896
0.001963316616172258
0.009375087600489359
0.01045032145403257
0.0015474565494376657
0.003274419973939187
0.004102577380028137
0.0023734965648314907
-0.001178924899186593
-0.0006199799658366365
-0.00827538801901371
-0.003283243366371061
0.0012541858078690428
0.0008730685593711374
-0.0056206794301280815
-0.012254443184934741
-0.006796253541480644
-0.004936179265652381
-0.008192040490387338
-0.004538838505110858
0.0007247655571699565
0.007665511425571219
0.013062276865438463
0.005391311170968902
0.0026602913555077504
-0.0030308393446965014
-0.003931687597014057
0.0012441537718551408
0.0028842057486521936
-0.0012603276689083002
0.0006797680278317545
-0.0013617775688091098
-0.004091482288771674
-0.0012880052740999693
0.0003438641697490688
0.0032646480089191937
-0.006573263812894744
-0.007315715399050274
0.00036307267116004826
0.0022261439467977863
0.002840137452206401
-0.0010433781629555956
-0.00022636662755970142
-0.0030976428670779835
-0.007364289122920913
-0.010162930217936
-0.005547835639664232
-0.0007739782732606547
-0.0037543184263425684
-0.011430963301763407
-0.007302822620657074
-0.004872832708053364
0.0005927895803142612
0.005925261956414181
0.004067574954699106
0.0047400990777423
0.0010988690222403826
0.005108798952636424
0.0019944027285034144
0.0061250481579208605
0.004734374508357675
-0.0011245033817083693
-0.00031584452291514084
-0.0006421309812716392
-0.0027142660235087266
-0.003481732636390248
-0.006868145982093228
-0.009725242895984034
-0.0029601021554289684
-0.006575088846896013
-0.008857295638985404
-0.009705865670928826
-0.0007229712240017842
-0.0009082108318275994
-0.001889242651422477
0.0016887936270021373
-8.123235160688495e-05
-0.003116531316220248
-0.00046215488683605435
-0.003654806325934037
0.0032657107228548548
0.0038779299075505013
0.003110651708243106
-0.0037278691301921483
-0.0014337944753505722
0.003789351780868055
0.0020789735472820942
0.0001567042526158726
0.0010835672327373274
-0.0005847558283100349
-0.0032144992767709885
-0.0033270899397236722
-0.009484665876922715
-0.0042687726482297465
-0.005921987237630032
-0.007503292235774597
-0.007849864165380697
-0.006927734195152073
-0.00341248007857265
-0.0058191925405427876
-0.007566347277343403
-0.003592639417681943
0.0024145840537162944
0.0009680484832249992
-0.0004429079064595517
0.0026358148165646603
0.0013908126175240696
0.0033217820031521215
0.005543828260138971
0.007811821504301436
0.009078747651869517
0.00938410716750974
0.009777830293245773
0.006904004724261405
0.001361594592106462
-0.0021936859883052054
-0.007156497063353549
-0.006231687801491375
-0.008864075438342044
-0.007474153476455789
-0.0008615130675077524
-0.001966969367961733
-0.003776002853759241
-0.00422093625997741
-0.00030550328930181324
0.0006440149475848904
-0.0031153421061403093
-0.007933508839524867
-0.0049608526483496986
-0.0028081700883682698
-0.005038211921527989
-0.002658045284987388
0.0026945958060300063
-0.00304558375356796
-0.005487802011856525
-0.012556022853623918
-0.011160536099101098
-0.015409940041296867
-0.01684853103113546
-0.014297758435564046
-0.010250819274585767
0.0009865053319570703
-0.002007785817744542
-0.0021778208123399523
0.0025467714925018745
0.0029155276732944326
-0.0006438796611847163
-0.0054733132741080085
-0.00544494232916317
-0.002588716396777645
-0.004233854823734171
0.0032858229997042997
0.0029002182167230635
0.007638283909751623
0.0020110861957800064
-0.003183843493352613
-0.0032948411012142906
0.0038006280441559804
0.006767335924663751
0.0008743563878301421
-0.003059382662134049
-0.001345562244359528
-0.006207526800821498
-0.010219807418620334
-0.009519285440535402
-0.004540069746049108
-0.006259549703049829
-0.0059961951425117664
-0.001466315740818892
-0.0020139364213809245
-0.0037621479333746067
0.00732287144520518
0.0034552157834299943
-0.0049068116631114005
-0.0028329662527464433
-0.006846991586729276
-0.005565631215402267
-0.0037775342601025943
-0.006093750421495548
-0.00562336425694758
-0.000982782756588248
-0.004198039963585966
-0.007421270894276577
-0.009773366383569642
-0.00647233802612696
-0.0031382133090267516
-0.003183172170224713
-0.010212286924013141
-0.009274818711353416
-0.0028095952371128144
-0.0018631436781242476
0.0009317987897180446
0.0032017726275841646
0.003206984827170338
0.008309753516853546
0.0078061870931591965
0.006090229346814672
0.005899052697011245
-0.0008440509675320002
-0.0008182698572086356
0.0015930320088079987
0.005338236369968088
0.006204865548902732
0.0032106880947556523
-0.002167332974111164
-0.0014299666894790348
0.0011031295353923615
-0.00577039601469766
-0.004571856563858117
-0.006720461902270815
-0.004968073275720706
-0.00425521588293391
-0.005952740626630964
-0.006321115292381763
-0.0031456613002931962
-0.004975243913193208
-0.004894138301586552
-0.003075308693511912
-0.003904434503114173
0.0003845970999925107
-0.0008934361187207216
-0.0020303022832914536
-0.006474314517519021
-0.007263111918115187
-0.003230990842074899
-0.00285355904642029
-0.0003600777381132527
-0.0059000323855958525
-0.00210336071913364
-0.0003442600971943748
-0.00488739915941589
-0.0056233865314356275
-0.003912058611534606
0.002717352850971514
0.0071583673860006304
0.004437971587249715
0.003383736107968177
-0.0016118794692862913
-0.004419700336871771
-0.0031886160468314693
-0.004358615434973242
-0.003605690634542556
-0.010582134793280554
-0.010397112196755183
-0.00539623138235635
0.0005477880956917107
-0.00042824579073635135
0.004052685400411251
0.0009184521835393246
0.0027613891353521058
0.003182855717494858
0.006493436391805089
0.0020451614364770873
-0.0008912320697377166
0.001058620553806926
-0.0016631982796734466
0.0015052330147021097
0.0011665310931309127
-0.005025585175995892
-0.005846088855369887
-0.0018768729850741292
0.0026028683212022245
-0.001124841563396521
-0.002171182210010833
0.0013198741619385025
0.0016784302647597142
0.000784395492009886
-0.0023101358779497117
-0.0033492567936172957
-0.0025262146595741767
0.0007815506488785873
0.002148135280345645
0.0015160580835643321
0.004231194647687085
0.0034316890140429048
0.0051472552266795465
0.00031925204575433073
-0.0003959129945773954
0.00031185992851124684
0.001484391893546712
0.00645114349299795
0.016334942859359672
0.010571338720570962
0.006837122535115887
-0.0010284031836029488
-0.007300437058754768
-0.003582766984695879
-0.00013369100916832478
0.001994385306968482
0.00020212078622595307
-0.0048108439154870355
-0.005587882243067135
0.0006339709606864661
0.002908021436698209
0.0019599857772611014
0.0056798935330711914
0.0035830354216899183
0.0044637337547925185
0.006042824899428606
0.005552772557489163
0.000986495845867875
-0.00069778195932252
-0.0039657460041074045
0.00402252446918962
0.005662796798899705
0.005438861343080048
0.005877032106578568
0.011951522204067092
0.009385593537190495
0.0060252768065464386
0.007550862667143029
0.01276060453061169
0.005786314313760536
0.0020584633366584745
0.007319496255521527
0.007866606272845003
0.005948509725741556
0.0027599996426194884
0.010450774804519242
0.00956301906723526
-0.0010194354869516732
0.0023178249624695797
0.00018634985151243265
0.0027838496280659314
0.0033319322123719587
5.499208513816601e-05
0.00298738228499545
0.00549472577664004
0.0032842409141436504
-0.00042735806161122743
0.007184397923182792
-0.0022741068613160646
-0.0023101468216633137
0.0034211605069451984
0.0008971544374234695
0.0018062840307507767
0.00021731518668836614
0.0028667921278820604
-0.0009738667255117789
0.0006394691150080732
0.003603903858597674
0.007088788913212417
-0.000401837806626031
0.0026961899698700067
-0.0031651904441517857
-0.001722546359397381
0.0031679358101064214
-0.0029992430558989764
-0.0057150445457754915
-0.0022471617365418866
0.0031860937298692853
0.0010153381968369326
0.0017268377344419284
-0.00027219802490653785
-0.0016725001949314336
-0.006292085651559514
0.00028148153877389083
-0.004695687765462233
-0.00495155376960181
-0.006983574573413966
-0.0058044393811628224
0.006170569513702927
0.003432103265619062
0.005315337126885487
0.008446749537345801
0.010603964878067623
0.009156733538140142
0.007153147325968108
0.010793860781584185
0.00459129702403899
-0.004225821318760607
-0.008236226662670175
-0.0070082881129627074
-0.008591511153238777
-0.0037079452653421725
0.002224954698214945
0.0021844199108050377
0.004895236693249168
0.0029445027605701844
0.007095885733673888
0.0026175174460053674
0.0006147143250340352
0.001073775025565393
0.00523484844960237
0.005187326178114361
0.006141350607074258
0.00475370526122187
0.006783683841478602
0.008729407402076873
0.012834979251351832
0.0010913789780196339
0.005045523644570237
-0.0008107414008309957
-0.0064766825115194875
-0.004504176432388598
0.0005888770154952466
-0.00041687294532940974
5.6782743260136224e-05
-0.002844088446833704
-0.0016655156584207082
-0.0027601832415910165
-0.00038275286035725515
0.0027476744113639796
0.008103491304223874
0.0029839920136028415
0.004865277760815042
0.00836653368935918
0.00462062414578097
-0.002375283556948838
-0.006286832350061055
-0.013972705727704557
-0.012696711794871774
-0.01015365347294754
-0.004677317714451378
-0.0020288251093153694
-0.0016954531144004023
0.0009666092763620289
0.007414247030123712
0.006845403252332897
0.004645608926127487
0.008673842971897402
0.007064566553925435
0.0032197057947662105
0.008368952657596547
0.0073609028791579816
0.0011190257274141808
-0.004081264090689146
-0.0020975255069591056
-0.0022304849295182562
0.005527531248022136
0.006908761662882931
0.004809793897642311
0.007187983755492146
0.0070258211001097024
-0.0012649915613792448
-0.003290174807581939
-0.00272521223672602
-0.0007629651123464028
-0.005695947322007859
-0.004208886259281393
-0.006185379206024005
-0.002860734383799408
-0.002512331952792532
0.002360572112213205
0.0005283407138267231
-0.00635741815720386
-0.0008733246422541793
0.0003960935594389064
-0.003352206459720608
-0.001472970002451304
0.0004509252083017173
0.0016553127181293413
0.005815190716470834
0.006704389898667352
0.014751265034744766
0.006602650972142023
0.0037008171490685447
0.0007513478809513109
0.0021455674818802663
-0.003026928407615642
0.003213475868267184
0.006430608505591262
0.0028073002954877285
-0.0021965493445515903
0.0002036239386515603
0.005996725122575409
-0.0013489842167590897
0.0005343336629462883
0.0018724772661723506
-0.0041392466324671915
0.0009647776618819527
0.0044895013247167334
0.004622689265890141
0.0035374571190605335
0.0030695117242821378
-0.0016701377556604402
-0.007015525397601264
-0.006697771084227034
0.005595495582433902
0.013824539718577736
0.006750232999029925
0.0009436905194444356
-0.0038140368674700275
-0.005912849919843546
-0.000465807785030532
0.004010783680455424
-0.0057036276734547375
-0.004024743111674423
-0.00015110514449572166
0.0014967412541345962
0.0027074216185541985
0.0051860740367413605
-0.002046448841899416
-0.005863427947422132
-0.006144992810630311
-0.008219804378946139
-0.006786853012453272
-0.0034206695400113623
-0.0007905380415552074
-0.008424811848094857
-0.007628665027498591
-0.0006164056697944635
0.0015891682001310493
0.00595634548757778
0.00015645083566518883
0.0005688490906580567
0.009314563771780337
0.0058725612955491755
0.004075506521738913
0.007137677620391274
0.0021335438540853453
-0.0027795326591183328
0.0013348366626933586
0.0010788776764307838
0.0012491971076018194
5.3118579829960116e-05
-0.005943446401083334
0.0026057572041874606
0.005779893139863575
0.006847836465945881
-0.0019622865853215496
-0.00458293952355087
-0.008490273028497601
-0.01133245465824365
-0.013589985943728233
-0.0049085126577634456
0.003146175158980615
0.006329866457901381
0.002499612287679257
9.76844475495282e-05
-0.000404230225410238
-0.0019042025865277663
-0.006216714923937525
-0.0068515298356311045
-0.001738895003818044
-0.006111402735246617
-0.00876151417381473
-0.005653116932315373
-0.0030996283154998932
-0.006422233359497061
-0.00926697419697687
-0.013050812904969143
-0.004781660762270447
0.00351786786432271
0.0023328343413086816
0.006819599504423365
0.002675995310091458
0.00426184488272541
0.011396815618057797
0.011383796959896934
0.015250894194401588
0.007559994111801862
0.004206323348779848
-0.0005825458665535768
-0.005117122776342148
-0.0038569108315021335
-6.274812197737264e-05
-0.005901652894729656
-0.006587126835232392
-0.0006237191852154127
0.0016261160635371592
0.005052749940223805
0.007863071114622611
0.00975296280819583
0.004181043630775101
0.004254735962129872
0.004822521686156951
0.003238674903083444
0.0002721455725365944
-0.0030036311578801865
-0.004950442204727195
-0.0016058949644298486
0.0006751433611835974
-0.002545730180135546
-0.005322651061139795
-0.004289440471844955
-0.006982404665199873
-0.0044399851057354695
-0.0043008469156570125
-0.0077757154918433845
-0.01057153170627591
-0.005251782272925063
-0.00436863200921441
0.009057024000420594
0.009326110984998958
0.0015809257968326534
0.0025612960062156233
-0.0005017737489447468
-0.0011263864648295393
-0.004861838978431602
-0.002717723598839037
0.003287037200377787
0.0026247556201346336
0.0050546342401103575
0.002396307578410622
-0.0014832021202856262
-0.003660578574623934
0.001424301721038761
0.00676516595996913
0.005818704579514829
0.005486315111922733
0.00317766970992741
-0.00013466899633606934
-0.002583090387700261
-0.0009358043519875642
-0.003112882373818073
-0.0023219205163091234
-0.004253413370552941
-0.005638830329320912
-0.0016821447491473262
-0.0022761808273909718
-0.0020174636943815177
0.0018801536169746
-0.004587097201087627
-0.0061039284235126145
-0.0053541974479021336
0.0015676327443567447
-0.003419775721713107
-0.0016309899076514648
-0.0008537197097362404
-0.008208450133285815
-0.008595740347949255
-0.005544174419826695
-0.0014030364602868172
-0.00776970901090909
-0.0077169342725670114
-0.009865046542285172
-0.005875915040627105
-0.0028817931161995588
-0.005374459550010414
-0.0007942020118613247
0.00023846355359237253
0.005643128900344661
0.002677478978486266
0.0001811635078954074
-0.0001485396554933784
0.00137864675223433
-0.0014760329973410621
-0.0059085498668644
0.00044781965751983623
0.005161332889874743
0.006628298686834578
0.000310881887233717
0.00023468994105116682
0.00016465306107017226
7.562322722069384e-05
0.0006632753327495597
0.006600810854844443
0.004737752451062377
0.0035152129495982475
0.0017714205728111823
0.001721533093614731
-0.006057624275498791
-0.006551451099202789
-0.002302585961626141
-0.006952477693464113
-0.0029074690526309827
0.0017146817739096573
-0.003046915117520812
-0.009809154642072427
-0.008843185914440783
-0.00010220973623711076
0.005124237757982871
0.007388927368392283
0.0016627019188283298
0.003451065095566977
0.004342512868522349
-0.0004655737592058863
-0.0023864358932977297
-0.0051839419682367955
-0.0005789319946068137
0.0006058508136186978
0.002541831139410362
0.0018126158788909397
0.0008653784261932171
-0.0009096583980111074
0.003734014415272206
-0.0010008285482660088
-0.0068040266651766814
-0.006957048510818407
-0.005562590777956256
-0.011020127729598404
-0.005354535260320526
-0.003627619740173236
0.002082602775372586
0.0016277553603986066
-0.002427275273146541
-0.0029630487136927605
-0.002662036565676878
0.003742631142941277
0.008167057422746959
0.0008877654327898573
0.004024753059188908
0.003486412312994148
0.0031092361275588116
-0.0009024016915787976
-0.007277091678727202
-0.004595773730330126
0.0004012612773909681
0.00317512188477939
0.002510322939451183
0.0023911099553351905
0.0005619476230935249
-0.002043551637321915
-0.0057107387296788
-0.001626869386825529
-0.0004592211042849668
0.0046660538543300935
0.0024861257403381467
-0.003183917454863819
-0.0031533797208630225
-0.003327239851944209
-0.0022288842113971693
-0.002993006986104335
0.000604034245874953
0.004166440075833728
0.003241882797781207
0.007151549878244476
0.007766509635257957
0.012351462112627668
0.015837703347116178
0.008026671442618778
0.0034090634231166597
-0.0036563919324784817
-0.007116591282044723
-0.006074636921387667
-0.006823948322675047
-0.005837354830397824
-0.007372701950467674
-0.00840050385634552
-0.004895674176565127
-0.005085244250637805
0.00043912637790184385
0.0004558619278595571
-0.0028180022877764797
0.002534989680905713
0.0025465511120831403
-0.003129060387354739
-0.0015336447040359064
-0.0063175125613108936
-0.008614211525450268
-0.006880073660832033
-0.0056838536977133975
-0.0037784918719582926
0.0042289060779368524
0.013435834663483867
0.007124736367998982
0.006898704390679788
0.0057331010666071425
0.0034351859530800787
0.002365673110285616
0.0043235108598175
0.0032177452422425504
-0.0030870171244040136
-0.00370090772248702
-0.008540419252255339
-0.0027628063704421336
-0.00929198641974674
-0.00648102865317178
-0.003914342860553083
-0.0022474645374529123
0.0008489230647421742
-0.0009001095698976811
-0.0014537499583729247
-0.00011148930515697639
0.0008285628385066362
0.0011985876475974159
0.003946008803781318
0.0037430329636546082
0.0011522514958107381
0.0014359616934243639
0.0021459283573342833
0.0020663403190142125
-0.00023664156686982406
-0.0024660215873345275
-0.0033962399773019036
-0.0025875283250477122
0.0049131760513348045
0.0039676495947864095
0.00336818563691433
0.006293036951161443
-0.0003805961587824684
0.0007609244343929944
-0.003639637366632948
-0.008714035717499966
-0.008502847058107893
-0.0023186110641731437
-0.0035480911458651704
-0.002266959733599213
-0.0034703355681493238
-0.002103033111851234
0.001969881391724933
0.0033164441309926672
0.005443019572661064
0.003502089253321513
0.000548768325424967
0.005127526202759812
0.005337781182161497
0.005492916942646252
0.0019679477999827726
0.0007958889880407435
0.002594907536948266
0.008328217453611925
0.010784698608434168
0.008061286742669918
0.007912741059884888
0.0011179070982727996
0.007634443927069701
0.009322525271398421
0.011812261316399541
0.005916167303996574
-0.0013452542209081567
-0.004056681157710839
-0.0041424323373528155
0.0022362974213482397
0.0015191583033831151
-0.001230988561829827
0.0031244355945054445
0.0043521387227850265
0.0009118187156078573
0.00017925519921393072
0.0065055770394713015
0.000543869375741756
-0.001205057004727979
-0.0007381224957271047
0.005384894591235261
0.005482934987022837
0.007809997837026229
0.006349740555958887
0.0026345724839585472
-0.005858612294273843
-0.0035874648696425466
0.0008882067856729507
0.004579319535636409
0.004449590831907245
0.0019166756364592647
-0.005587043200418204
-0.011942069978263848
-0.01058693157765716
-0.00484118618024406
0.0011997490069606863
0.0027423379111625127
0.006135772524409003
0.006270025091672292
0.006474492188592769
0.009147357612670872
0.005499922269099064
0.0045717390745739625
0.003558991970776104
0.001994553982103116
0.0004875413543548312
0.0005305074125049905
-0.005339761726301553
-0.004074538552970615
-0.00715627076269444
-0.0033982318507687374
0.0008156225024758128
0.0056497017981812035
0.004802658641785059
0.00865362299845395
0.0163125826960675
0.009312510799819573
0.005418694974477662
0.007477518528815298
-0.002409094580897662
0.0003205517582511291
-0.002613259962760087
-0.001459557306179531
-0.0023037535396780787
-0.0037165534453414135
0.00045309637668190957
0.008558632048407478
0.010597526399084152
0.002220612704831372
0.013542428770628674
0.014618720914718317
0.006589934074285203
-0.003635932375293499
-0.00280976907703344
0.008672192714343994
0.00392649218355063
0.0003958666657944573
0.0016719398741231878
0.0009411632668088504
0.004079971911287829
-0.003067836273944147
-0.002505989002863525
0.000941220078426151
0.0007750561864457948
-0.0003262405952402646
-0.0016264668834349045
-0.005378158579038209
-0.006480690516793113
-0.01114098760627664
-0.011630602114348463
-0.006287612205557551
0.001065699330756658
-0.002864103979171283
-0.009750205636733069
-0.008680899306581925
-0.0022824312141954245
-0.003668798519758166
-0.009931672308015378
-0.0007529464664788973
0.0071077999352664985
0.005470184379061846
0.0043743702959693105
0.008216669671307724
0.009893670669252033
0.009266432955042724
0.012094549824726507
0.009429780882148318
-0.002198621213691358
-0.003839902772576331
-0.0005544110827571367
-0.004690538801585872
-0.004056669802427619
-0.0035012783436592122
-0.0026227349497219754
-0.004035031875393399
-0.00970675538667421
-0.005923969807858363
-0.011646761743244274
-0.005294930172208912
7.519388778933974e-06
0.001252555142096149
0.0036074482663678467
0.0015877435559497762
-0.005355153535820049
-0.001032076981038485
0.00517858337521698
0.005502418642812927
0.002012747063308628
0.00204883655788167
0.005340914206796376
0.0004535599789601295
-0.0019658581405208684
-0.008881746269754387
-0.007295559500177041
-0.014544480224310034
-0.009582909382735764
-0.007395373428599864
-0.005271144745514311
-0.0014115049806697959
8.74837879456104e-05
0.004064530100479963
0.0022844582185387826
0.006315487888755143
0.009433049309771483
0.006427434889232958
0.011816922650510058
0.009236380459691152
0.005554214077650221
-0.0006746674967594266
0.0007731776376001845
0.004607337611254748
0.012447335202884496
0.009465308238822459
0.007426124115806895
0.009619000035075348
0.006491544008455043
-0.0041007367828919394
0.00023631821616460025
0.00518145780296546
0.004140214598784612
-0.00046487185866497875
-0.0020792103155877453
-0.0019588089795798663
-0.001588750686805351
0.002038385639822288
0.0034360486713315964
0.007923656528750137
0.00796874609221704
0.0071499032683712575
-0.00017672994952932096
-0.001240485417830989
-0.0068991918841108165
-0.00512358617376432
0.007901002171990242
0.008735710080915633
0.010057389757623403
0.003768448001647979
0.000871922315152885
-0.001942597442231109
-0.004452180847525379
-0.005494101498611616
0.005950041377350432
0.009593087701474762
0.005024288010011499
0.002028936519306096
-0.00020208698588377872
-0.00262596522532412
-0.008015285520282491
-0.00834170894538864
-0.0032933768910335275
0.0052598381661302426
0.002894687331213273
0.006783957804578914
0.0003838551069325361
0.010847255728050549
0.01654000743605961
0.01123924390875549
0.010150705128260808
0.0111629651265901
0.013280778532259525
0.00886073306181763
0.0049567098862305
0.0038483951753245163
0.0029210178423908235
-0.005104059229053886
-0.003108294264012622
-0.0010759220365106628
-0.0022328457415082526
0.004494610306414307
0.004485916120936791
-0.00024590464651518153
-0.004370352825026234
-0.001838520351727704
0.0028685136733061153
-7.716384101515081e-05
0.0007144855345877385
0.0029853578510891233
0.009632686254584785
0.009806877437878782
0.010109826380362126
0.007129062148981
0.003817066229223324
0.007090209552291765
0.005082037083571252
0.004276303700975463
-0.0005312645464886416
-0.00929252806259617
-0.00420325234614982
0.0008846619154488824
0.005170607731344195
0.005419855091868338
-0.00140033072904513
0.004091245438774343
0.004240252060927561
-0.0014951028117150412
0.0007212945104968248
0.003366545277019736
-0.0008541320765749854
-0.004597577584598214
-0.0015646324106809789
-0.0003190167834556918
0.0053087255486289195
0.011845298531153695
0.0063401513342748374
0.009270527546563672
0.006880871131952633
0.002294132722298611
0.0011562228079322384
0.0014080636636981676
0.00042807852400539455
0.0032225117431082546
0.005215113819281555
0.0059871945409393865
0.004298719721236442
0.00015078007241104774
0.0006842733501482474
0.0009122134460852818
-3.985493086028263e-05
-0.00117512780306206
-0.005602890388467268
-0.004974806339931318
0.0024711518742171873
0.004146260658023578
0.006694664019831532
0.010733005624640225
0.008832904168409202
0.00732275152590784
0.009238696643362661
0.00421226929075679
0.0007187357813317973
0.0030006817201021357
0.013350715379540114
0.009000745627066526
0.004442857373968895
-0.00047441778627295287
0.0015725010976548716
-0.00024293149680314397
0.0006304544377166665
-0.002333628258695161
-0.007402224505223617
0.0005707742293113966
0.004815526968155493
0.003454881846394808
-0.0020280263323977725
-0.0028862883767119475
-0.0022469623681934635
0.0011010590796723153
-0.002136568486623088
-0.0038450676976456654
-0.009894710921074187
-0.010835070798591974
-0.009796275398998838
-0.0020500168821849882
-0.005777390278639161
-0.0015729182841503556
0.0037928039148441934
0.010498135317083532
0.007262819394279113
0.00369132538633347
-0.0016780295595003687
-0.0038498503231384983
-0.005426927823735334
-0.005668202268911665
-0.002706942236486029
-0.001031670703080798
0.0038739430390625582
0.006902257716951508
0.0024259383526101836
0.004462694769731106
0.00030674947236329614
-0.0028376363626742675
-0.0008690719036916479
0.002576363548400751
-0.00023869353224381586
-0.005879130941757158
-0.006135758118024709
-0.00221199435498624
-0.0076057991613786196
-0.013571230260455577
-0.011525327196607201
-0.005761974238972146
3.1644540122342025e-05
0.0009918193667687288
0.003219150325196735
0.004958069813229121
-0.0011591793048213227
-0.0046769457205603285
-0.005590969359911238
-0.0023148242812771782
0.0018160148783277952
0.0035549765829137256
0.002036382587319526
0.00047371507106294024
-0.0008342722599832189
0.0027830770394209
0.005914733927961401
0.011039003888504869
0.007728629335396011
0.004308406704444885
0.00040794692414652456
-0.005237181728689732
-0.0016679197751157146
-0.0011833455055926833
0.0033617181810677767
0.009782937351347462
0.011981271989177401
0.009933547375332509
0.006151463656205382
-0.0014648051230588478
-0.0013013355669974959
0.004329829553793933
0.0004029253219170287
0.0029106866273420273
-0.0030675902385155127
0.0003535985430211545
-0.00032752700848901037
0.0019575835127817616
0.0018228234511881898
-0.0025906270481804365
-0.006168526800518075
-0.0013841604844342258
0.009917229200283068
0.0038225551417307487
0.00034278650254058714
-0.0024562953190758775
-0.0034299278031619932
-0.0066324469865398075
-0.0008431071805423136
-0.00036277916577932606
-0.004206289669660864
-0.006501342597889487
-0.010180356454375273
-0.011851070567899842
-0.008763600056652358
-0.004401386286796549
-0.006431217507631077
-0.004741394372843722
0.0034424093245067483
-0.0006741883971263042
0.0017371913117912962
0.005341427837704583
-0.0004634307897701335
-0.003540068852068315
-0.007690743711187067
-0.0026641095640996754
0.006821483043306139
0.009933913422442594
0.006527067255630041
0.011027551260054481
0.0007014707113007616
-0.006243399245540396
-0.0058107936242903875
0.0003769339612988288
0.00019172601357698196
0.0036347371775042134
0.006119970148722811
0.007498545568386553
0.007826928234149317
0.0031966547841615874
-0.003078101959566666
-0.0030683925074254377
-0.007627603210965021
-0.009482639953987734
-0.010452594086616047
-0.0049843346223014786
0.0026103748851239177
0.002143591899243065
0.0008946082107427634
-0.007884307786042174
-0.005976802116243655
-0.0036241311543611537
-0.002469889037659712
-0.007902922306701182
-0.0036818894993868962
-0.005529796372120496
-0.0030758325428010018
-0.0016075263285758106
0.0010866828785053985
-0.00011008185097256609
0.0014441729115175573
-0.00013145908865524195
0.0022607421304926744
0.001315996692007481
0.0068605246241032775
0.006221830368306705
0.0061078030646485705
0.003405125523247883
0.0018093007455957698
0.0009372896352946921
-0.0072591133472337515
-0.006882963035034053
-0.004520176034496061
-0.001981440524461924
0.003751327002863305
-0.00039682056675510973
-0.0035166948325606228
-0.00019225386518694802
-0.0020950601480573213
-0.004510424322041063
-0.005531997839935944
0.003834039572512187
-0.008454822620878015
-0.007542476764757503
-0.001029768745994117
0.001770621413937678
-0.001467828009517884
-0.0014302916533822346
-0.004466201570273476
-0.005986717586954179
-0.001128614756583716
-0.001053792411470008
-0.0068931342454793855
-0.009407057569051407
-0.004023025168113117
-0.005033299846710611
0.0022297057802173176
0.00468042304997511
-0.002121487219562667
-0.0008219613642651382
0.004054202738299317
0.004064301801822429
0.00436877203724961
-0.002727633296628505
-0.00497127580523198
-0.005649823489932756
0.0023219387481701556
-0.002001950573987976
0.0013837139728605872
0.004153423225315581
-0.004432511803089913
-0.0006077510058069812
-0.000334687909501858
-0.007109012294251663
-0.003167849499271683
0.00038306138868936907
0.006531213233211485
0.005842693920071892
0.014090163457308232
0.009313221169513343
0.004153866277088467
0.004584685634119016
-0.0023279023487187
0.002705694995140768
0.011597136651209757
0.0057613884995557285
0.009084408642789763
0.009438384259964435
0.007955129190009333
0.0043079555071746396
0.005351328436579989
0.0032648692354747743
-0.0018216301231643766
0.0037588391166254163
0.0033835379927546335
0.001952312142170689
-0.0002524508762405418
-0.004675886657314482
-0.010478491032427378
-0.008787175995846441
-0.00021575822912278517
-0.00288593481573007
0.004171460638649932
0.003034101087697618
-0.004765605213133954
-0.006334319052206766
-0.004338404191059801
-0.003968381886422847
-0.007523575407275781
-0.00012950089857420512
0.0010245554525927932
0.006144798483457307
0.00558115162614014
0.004575706103018942
0.004476940490008073
-0.003791076718319118
0.0022815858820363585
0.008421746762746372
0.011473558005955493
0.007187143888002334
0.004456568949887555
0.005453569227059098
-0.0024027226256474574
-0.002624889851387645
-0.006762199777288789
-0.009569456924546695
-0.0044754228094162326
-0.011685433393077992
-0.011779214820439384
