# Simulazione modello di Ising 1D
# Mossa 	 Energia 	 Magnetizzazione 	 Calore specifico 	 Suscettività
1     -0.6129168272018433      -0.0002217592264059931     0.32265305519104     2.952865123748779
2     -0.6131769418716431      -0.0001540799275971949     0.3155102133750916     2.970231056213379
3     -0.6134312748908997      -0.0003505610511638224     0.3275510370731354     2.897448539733887
4     -0.613457202911377      0.0001194000506075099     0.3357142806053162     3.107247114181519
5     -0.6134514808654785      0.0009272007155232131     0.3326530456542969     3.031544923782349
6     -0.6135913133621216      -0.001245841151103377     0.3253061175346375     2.924240112304688
7     -0.6131715774536133      0.0001138403677032329     0.3124489784240723     2.956525802612305
8     -0.6133623719215393      0.0001280403084820136     0.3371428549289703     2.926641225814819
9     -0.6131415963172913      0.0008855999913066626     0.3151020407676697     2.864137649536133
10     -0.6136494278907776      0.000472519634058699     0.3344897925853729     3.142736911773682
11     -0.6136582493782043      -0.0001623999560251832     0.3295918405056     3.050450325012207
12     -0.6134506464004517      0.0006818392430432141     0.3314285576343536     2.941269159317017
13     -0.6129105687141418      -0.0003395983949303627     0.3289795815944672     2.774363279342651
14     -0.6131137013435364      1.30000416902476e-05     0.3438775539398193     3.070672273635864
15     -0.6131025552749634      -0.001010760082863271     0.3155102133750916     2.808825254440308
16     -0.6134202480316162      -0.0007416813168674707     0.3340816497802734     3.003077268600464
17     -0.6132708787918091      0.0008079202380031347     0.3355101943016052     2.916897058486938
18     -0.6132973432540894      0.0001205604785354808     0.3261224329471588     3.113216400146484
19     -0.6133216023445129      0.000582957873120904     0.3489795923233032     3.194452285766602
20     -0.6134191155433655      -0.0004344807239249349     0.3279591798782349     2.718586444854736
21     -0.6128320693969727      -0.002441880293190479     0.3244898021221161     2.877500534057617
22     -0.6135039925575256      0.001619759714230895     0.3273469209671021     2.937589168548584
23     -0.6136295199394226      -0.0002145196485798806     0.3187755048274994     3.361927270889282
24     -0.613042414188385      -0.000452600244898349     0.3257142901420593     3.342505931854248
25     -0.6133780479431152      0.0001681600697338581     0.3348979353904724     2.714109182357788
26     -0.6132452487945557      0.0002510787744540721     0.3393877446651459     2.957573413848877
27     -0.6129178404808044      -0.000742801814340055     0.3236734569072723     3.035347700119019
28     -0.6131556630134583      0.0003307973092887551     0.3212244808673859     2.839850664138794
29     -0.6132857799530029      -0.000498199719004333     0.3230612277984619     3.12004542350769
30     -0.6133467555046082      -0.0001404021750204265     0.3214285671710968     2.723749399185181
31     -0.613400399684906      0.0004635214281734079     0.3224489688873291     3.010601282119751
32     -0.6133946180343628      -0.0003409199416637421     0.3310204148292542     3.114924907684326
33     -0.6132684350013733      -0.0002908403694164008     0.3204081654548645     3.014877557754517
34     -0.6133610010147095      -0.001152160461060703     0.3302040696144104     2.675749778747559
35     -0.6134164333343506      0.0005185994668863714     0.3232653141021729     2.80321478843689
36     -0.613278329372406      -0.0002886402944568545     0.3134693801403046     3.287701845169067
37     -0.6133994460105896      0.000376160693122074     0.3261224329471588     3.095058441162109
38     -0.6138801574707031      -8.640314263175242e-06     0.3224489688873291     2.844194650650024
39     -0.6131619215011597      -0.0005200403393246233     0.3265306055545807     2.894305944442749
40     -0.6134583353996277      -0.0005321999778971076     0.3238775432109833     3.013760089874268
41     -0.6133919954299927      -0.0002868425217457116     0.3385714292526245     3.094432830810547
42     -0.6135557889938354      -0.0002901203988585621     0.3318367302417755     3.176572322845459
43     -0.6132252216339111      -0.0005320000927895308     0.3273469209671021     3.207087516784668
44     -0.6131204962730408      0.0006755593349225819     0.3216326534748077     2.807995319366455
45     -0.6133162379264832      0.0008128410554490983     0.3297959268093109     2.868019342422485
46     -0.613503634929657      -0.0009833202930167317     0.3259183466434479     2.777546644210815
47     -0.6135605573654175      0.00184268259909004     0.3187755048274994     3.141412019729614
48     -0.6133614182472229      -0.001231199014000595     0.3285714387893677     3.048596143722534
49     -0.6134518980979919      -5.596005939878523e-05     0.3097959160804749     3.066474914550781
50     -0.6128136515617371      0.0002242804475827143     0.3318367302417755     2.945642232894897
51     -0.6133401393890381      0.0001870802516350523     0.3295918405056     2.925668478012085
52     -0.6133432388305664      0.0017517174128443     0.3308163285255432     3.133413076400757
53     -0.6131751537322998      -0.001165397930890322     0.3132652938365936     3.050291061401367
54     -0.6135397553443909      -0.001065802411176264     0.3289795815944672     2.929311990737915
55     -0.6133429408073425      -0.00149871944449842     0.3214285671710968     2.85597562789917
56     -0.6133388876914978      -0.001248797867447138     0.3267346918582916     2.906464099884033
57     -0.6131922602653503      -0.001672040787525475     0.315918356180191     3.010605812072754
58     -0.6134690642356873      0.001805759384296834     0.3257142901420593     3.055090427398682
59     -0.6134672164916992      0.0005125199677422643     0.3375510275363922     3.043145656585693
60     -0.6133795976638794      0.0005754382000304759     0.3077551126480103     2.949208498001099
61     -0.6135600805282593      -1.880349941529857e-06     0.3144897818565369     3.056401968002319
62     -0.613391637802124      2.223954288638197e-05     0.3469387590885162     2.95651912689209
63     -0.6130752563476562      -0.001057844143360853     0.3334693908691406     2.848433017730713
64     -0.6130572557449341      -0.001270958338864148     0.3269387781620026     2.931480169296265
65     -0.6134493350982666      0.0008941198466345668     0.3273469209671021     2.80827260017395
66     -0.6136549115180969      8.071969932643697e-05     0.3261224329471588     2.99636435508728
67     -0.6135509014129639      -0.001549200969748199     0.3310204148292542     2.771750450134277
68     -0.6134926080703735      0.0005116412648931146     0.3097959160804749     2.936587810516357
69     -0.6136718392372131      0.001195918302983046     0.329387754201889     2.977605819702148
70     -0.6135714650154114      -0.0003559980250429362     0.3177551031112671     3.221421718597412
71     -0.6130396127700806      0.0009457588894292712     0.3216326534748077     3.111332893371582
72     -0.6132870316505432      0.0003753998025786132     0.3332653045654297     3.16092586517334
73     -0.6131941080093384      -0.0004542798851616681     0.3283673226833344     2.713910102844238
74     -0.6130709648132324      -0.0004482402873691171     0.3202040791511536     2.858304500579834
75     -0.6132203340530396      0.001934641855768859     0.3308163285255432     3.147658109664917
76     -0.6130785942077637      -0.0005411606980487704     0.3277550935745239     2.667580604553223
77     -0.6134281158447266      0.0001566400896990672     0.3251020312309265     3.085394620895386
78     -0.6132724285125732      -0.0006916405400261283     0.3369387686252594     2.913029909133911
79     -0.61341792345047      -0.001214041141793132     0.3202040791511536     2.799943208694458
80     -0.6131587028503418      0.000218439512536861     0.3051020205020905     2.759133338928223
81     -0.6130930185317993      0.0007249994087032974     0.3244898021221161     2.971132755279541
82     -0.6135972738265991      0.001405041897669435     0.3238775432109833     2.962690114974976
83     -0.6130003333091736      -0.001018599490635097     0.3297959268093109     2.895426273345947
84     -0.6133164167404175      -0.0008094398654066026     0.3361224234104156     2.890384674072266
85     -0.6134074330329895      -0.00199028174392879     0.3048979640007019     2.615766286849976
86     -0.6135509014129639      -0.002777562942355871     0.3183673322200775     3.181367874145508
87     -0.612992525100708      -4.447988249012269e-05     0.3314285576343536     2.819603204727173
88     -0.6134189367294312      4.419984179548919e-05     0.3244898021221161     3.022308588027954
89     -0.6134393215179443      -0.001615440589375794     0.3234693706035614     3.188342332839966
90     -0.6132466197013855      -0.001183237414807081     0.3230612277984619     2.943202972412109
91     -0.6136254668235779      -0.0005355601897463202     0.3187755048274994     3.080826759338379
92     -0.613595724105835      0.0007281618309207261     0.3081632554531097     3.006718397140503
93     -0.6134762763977051      0.001057319925166667     0.3148979544639587     2.882886171340942
94     -0.6136624217033386      0.0009775601793080568     0.3224489688873291     3.068605899810791
95     -0.6137590408325195      0.0004477582115214318     0.341020405292511     3.002676248550415
96     -0.6134315133094788      0.0007275600801222026     0.3177551031112671     2.935082674026489
97     -0.6136452555656433      0.001153681543655694     0.3202040791511536     2.960819244384766
98     -0.6133469939231873      -0.000368679960956797     0.3291836678981781     2.924972057342529
99     -0.6133569478988647      -0.001394878956489265     0.3055101931095123     2.780178785324097
100     -0.6132740378379822      -6.401590439963911e-07     0.334285706281662     3.247643232345581
101     -0.6132511496543884      -0.0008569997735321522     0.3214285671710968     2.996790170669556
102     -0.6128646731376648      -0.001528361695818603     0.336326539516449     2.893874883651733
103     -0.6132525205612183      0.001573923509567976     0.3369387686252594     3.138627529144287
104     -0.6137354969978333      0.001265799277462065     0.3169387578964233     2.945037603378296
105     -0.6131987571716309      -0.0001956404885277152     0.3357142806053162     2.913712978363037
106     -0.6133824586868286      8.775919559411705e-05     0.3157142698764801     2.953566312789917
107     -0.613408625125885      -0.0008907612063921988     0.3263265490531921     2.893584012985229
108     -0.613486111164093      -0.0008703581988811493     0.3248979449272156     2.761439800262451
109     -0.6133626103401184      0.001184079912491143     0.3259183466434479     3.198945045471191
110     -0.6135571599006653      -0.0009784010471776128     0.3220408260822296     3.222622156143188
111     -0.6131888628005981      0.0009218808263540268     0.3255102038383484     3.043355941772461
112     -0.6128770709037781      -0.0008289586985483766     0.3189795911312103     2.881173133850098
113     -0.6128849387168884      -0.0001943207316799089     0.3383673429489136     3.100728988647461
114     -0.6132962703704834      0.000286720838630572     0.3302040696144104     2.832640409469604
115     -0.6128938794136047      -0.0005972791113890707     0.3426530659198761     2.973741292953491
116     -0.6130958199501038      -0.0006650412688031793     0.3236734569072723     2.991571187973022
117     -0.6135712265968323      -0.0009570798720233142     0.3332653045654297     2.980465173721313
118     -0.6132357716560364      0.0008167201885953546     0.32265305519104     2.946886777877808
119     -0.6131352782249451      0.00152792118024081     0.3306122422218323     3.228662014007568
120     -0.6134457588195801      0.00122891936916858     0.3312245011329651     2.786336898803711
121     -0.6136451363563538      -6.716008647345006e-05     0.3267346918582916     3.021624088287354
122     -0.6135272979736328      0.0009699597139842808     0.3320408165454865     2.766286134719849
123     -0.6134430170059204      -0.001917318557389081     0.3375510275363922     2.991144418716431
124     -0.6135655641555786      -0.001535163726657629     0.3230612277984619     2.989931344985962
125     -0.6131402850151062      -8.336034079547971e-05     0.3440816402435303     2.985664367675781
126     -0.6134009957313538      0.0002774003078229725     0.3428571224212646     2.983131170272827
127     -0.6131711006164551      -0.0004077190533280373     0.309387743473053     2.83958625793457
128     -0.6134198904037476      0.00117876217700541     0.3022449016571045     3.235581159591675
129     -0.6134169697761536      0.001488160225562751     0.3244898021221161     3.076397657394409
130     -0.6132267117500305      -0.0002015609788941219     0.3148979544639587     2.804207563400269
131     -0.6134599447250366      -0.0005253986455500126     0.3559183478355408     2.924753904342651
132     -0.6134467124938965      0.002012802055105567     0.341020405292511     2.691259860992432
133     -0.6130155324935913      -0.002425603102892637     0.3375510275363922     2.922163963317871
134     -0.6134911775588989      -0.001627680612728     0.3199999928474426     3.062368154525757
135     -0.6133338809013367      -0.001079399138689041     0.3236734569072723     2.907678365707397
136     -0.6131696701049805      0.001070880913175642     0.3265306055545807     2.997286796569824
137     -0.6132614612579346      -7.976042979862541e-05     0.3181632459163666     2.785967826843262
138     -0.6134214997291565      -0.001256320625543594     0.3277550935745239     3.043446779251099
139     -0.6131420135498047      4.180034738965333e-05     0.3220408260822296     2.837628364562988
140     -0.6137088537216187      0.0002348392445128411     0.3271428346633911     2.904288768768311
141     -0.6134254336357117      0.0006018804269842803     0.3165306150913239     2.813534498214722
142     -0.613176703453064      0.0005853192415088415     0.3240816295146942     2.977299213409424
143     -0.6130221486091614      0.000613320735283196     0.3104081451892853     2.964621782302856
144     -0.6134936809539795      0.000127680046716705     0.3400000035762787     3.063982009887695
145     -0.6130658984184265      -0.0001338795555057004     0.3306122422218323     3.138504981994629
146     -0.6135424971580505      -0.0006457604467868805     0.3295918405056     3.043822765350342
147     -0.6134642362594604      -0.001778519595973194     0.3377551138401031     2.809502840042114
148     -0.6136156320571899      -0.001332000363618135     0.3136734664440155     2.790131330490112
149     -0.6134034991264343      -6.391989882104099e-05     0.3087755143642426     2.910921335220337
150     -0.6131938695907593      -0.0009983994532376528     0.3344897925853729     3.15355110168457
151     -0.6134681105613708      -0.0005784803652204573     0.3087755143642426     2.938835859298706
152     -0.6133178472518921      -0.0004900797503069043     0.3197959363460541     2.773583173751831
153     -0.6135597825050354      0.001374637358821929     0.3222448825836182     2.864741325378418
154     -0.6135463118553162      1.259946566278813e-05     0.3397959172725677     2.850878715515137
155     -0.6131358742713928      0.0002640006423462182     0.3304081559181213     3.033047199249268
156     -0.6136558055877686      0.001623080112040043     0.3253061175346375     3.079667806625366
157     -0.6131393313407898      5.472046905197203e-05     0.3289795815944672     2.937907457351685
158     -0.6132168173789978      -0.0005249190144240856     0.322857141494751     2.780032157897949
159     -0.6132736206054688      -0.001382119720801711     0.3308163285255432     2.952009439468384
160     -0.6133843064308167      0.000955960014835     0.3387755155563354     2.787214756011963
161     -0.6134901642799377      0.0001598008966539055     0.3322449028491974     2.950362920761108
162     -0.6130014657974243      -0.0007462787907570601     0.3208163380622864     2.826359272003174
163     -0.6133041381835938      0.000574681325815618     0.3275510370731354     3.108458042144775
164     -0.6134610176086426      0.0003991606936324388     0.3438775539398193     2.987881898880005
165     -0.6133694052696228      0.002939560450613499     0.3095918595790863     2.864472150802612
166     -0.6132472157478333      -0.00102208077441901     0.3557142913341522     2.989473104476929
167     -0.6134274005889893      -0.0003718022489920259     0.3340816497802734     2.916712284088135
168     -0.6132909655570984      2.375944313826039e-05     0.3218367397785187     2.963818788528442
169     -0.6130693554878235      -0.001185519387945533     0.3265306055545807     3.039394617080688
170     -0.6131920218467712      -0.001629962702281773     0.3275510370731354     3.02472996711731
171     -0.6134028434753418      0.001015242538414896     0.3126530647277832     2.968178749084473
172     -0.6132585406303406      -0.001459961174987257     0.3220408260822296     2.859253644943237
173     -0.6134414076805115      -0.0001356408320134506     0.3336734473705292     3.082353115081787
174     -0.6135014891624451      -0.00022523982624989     0.3283673226833344     3.305562019348145
175     -0.612881064414978      -0.001078159315511584     0.3097959160804749     3.206681966781616
176     -0.6134423613548279      -0.0004694809904322028     0.3375510275363922     3.102977514266968
177     -0.6133058667182922      -0.001070120953954756     0.3151020407676697     2.959336996078491
178     -0.6132577657699585      -0.0003835597890429199     0.3234693706035614     2.997653245925903
179     -0.6132822632789612      -0.001648680306971073     0.3236734569072723     2.895704507827759
180     -0.6134219765663147      0.001494918367825449     0.3361224234104156     3.052290916442871
181     -0.61334228515625      0.001277397503145039     0.3379591703414917     2.931339740753174
182     -0.6135395765304565      0.001167919719591737     0.3306122422218323     2.828739166259766
183     -0.6132089495658875      -0.0003330409235786647     0.3234693706035614     2.933031320571899
184     -0.6134583950042725      0.0001446806272724643     0.3379591703414917     2.978941917419434
185     -0.613292396068573      0.001493840361945331     0.3106122314929962     2.935752868652344
186     -0.6130727529525757      8.567950135329738e-05     0.3353061378002167     2.765120983123779
187     -0.6132743358612061      0.001548361149616539     0.3236734569072723     2.810997247695923
188     -0.6130239963531494      -0.0005652005202136934     0.3334693908691406     2.903917789459229
189     -0.6131112575531006      -0.0007310390938073397     0.3206122219562531     2.959769487380981
190     -0.6131914854049683      0.0008045201539061964     0.3248979449272156     2.742503643035889
191     -0.6134042739868164      -0.001368197146803141     0.3281632661819458     2.818054676055908
192     -0.6131769418716431      -0.0005303598009049892     0.3279591798782349     2.893751859664917
193     -0.6132548451423645      0.0008032408659346402     0.3183673322200775     2.853512763977051
194     -0.6133721470832825      0.0008539203554391861     0.3181632459163666     3.043652296066284
195     -0.6136153340339661      -2.108001172018703e-05     0.3257142901420593     3.025168418884277
196     -0.6136185526847839      -0.0004003997892141342     0.3173469305038452     3.008598566055298
197     -0.6132441163063049      -0.0005262807244434953     0.317959189414978     2.74208927154541
198     -0.6133824586868286      -0.0007264802698045969     0.311224490404129     2.958738327026367
199     -0.6134927868843079      0.0005570395733229816     0.3171428442001343     2.807350158691406
200     -0.6133856773376465      -0.0007152389152906835     0.3104081451892853     3.059274911880493
201     -0.6130194067955017      -0.0008800797513686121     0.3273469209671021     3.107289552688599
202     -0.6133434176445007      3.639876376837492e-05     0.3344897925853729     3.126614570617676
203     -0.6134153604507446      0.00115216092672199     0.3359183669090271     2.766149044036865
204     -0.6134028434753418      0.00096711958758533     0.3385714292526245     2.820595026016235
205     -0.6133745312690735      0.0008256402797996998     0.3379591703414917     3.086653232574463
206     -0.6131873726844788      0.001498679048381746     0.3263265490531921     3.011282205581665
207     -0.6132528781890869      -0.0001343208859907463     0.3236734569072723     3.089200973510742
208     -0.6135385632514954      0.0001661200221860781     0.3220408260822296     2.878957033157349
209     -0.6130536198616028      0.0001112402896978892     0.3020408153533936     2.917840719223022
210     -0.6135503649711609      0.0005873205373063684     0.3316326439380646     3.031459093093872
211     -0.6134154796600342      -0.002643442247062922     0.3355101943016052     3.080721855163574
212     -0.6130707263946533      0.0007251215865835547     0.336326539516449     2.992114543914795
213     -0.6130858063697815      0.002235563704743981     0.3432652950286865     3.089808702468872
214     -0.6136789917945862      -0.0003829997731372714     0.3287755250930786     3.049682855606079
215     -0.6131987571716309      0.0005977188120596111     0.3300000131130219     2.854157447814941
216     -0.6134219765663147      0.0012149210087955     0.3402040898799896     2.971872568130493
217     -0.6134251952171326      0.0002383999089943245     0.3124489784240723     3.128528356552124
218     -0.6132720112800598      0.001696476945653558     0.3279591798782349     2.948976993560791
219     -0.6134412884712219      -0.0005887207225896418     0.3240816295146942     2.943034648895264
220     -0.6135864853858948      -0.0009293998591601849     0.3273469209671021     3.006631135940552
221     -0.6134282946586609      0.0003271610767114908     0.317959189414978     3.199690341949463
222     -0.6135150194168091      0.001064479001797736     0.3197959363460541     2.889310836791992
223     -0.6131138205528259      0.0004215603694319725     0.3181632459163666     2.722193717956543
224     -0.6137053370475769      0.001895718043670058     0.3167347013950348     3.091546058654785
225     -0.6132079362869263      0.001558717689476907     0.3467347025871277     3.172918319702148
226     -0.6134656667709351      -0.001121360575780272     0.3191836774349213     2.969998121261597
227     -0.6131055951118469      -0.001157160964794457     0.3132652938365936     2.791064977645874
228     -0.6131566762924194      0.0006947602960281074     0.3202040791511536     3.000665903091431
229     -0.6134625673294067      0.001035758526995778     0.3367346823215485     2.822081089019775
230     -0.6133037805557251      0.001243079896084964     0.3097959160804749     2.94391131401062
231     -0.6132440567016602      0.001376279164105654     0.3442857265472412     2.877551317214966
232     -0.6134673357009888      0.001605922938324511     0.3185714483261108     2.730282545089722
233     -0.6132627725601196      0.0005642802570946515     0.3334693908691406     2.888391971588135
234     -0.6133729815483093      0.00114655785728246     0.3212244808673859     2.785055637359619
235     -0.6134198307991028      0.001439557876437902     0.3195918500423431     2.960155963897705
236     -0.6134207248687744      0.000643841689452529     0.3346938788890839     2.927187204360962
237     -0.6136766672134399      -0.0001818814344005659     0.3124489784240723     2.646187782287598
238     -0.6135228276252747      -0.0003427988849580288     0.3189795911312103     3.170107364654541
239     -0.6134379506111145      -0.0002316798490937799     0.3087755143642426     3.022907495498657
240     -0.6136199831962585      0.0008576812688261271     0.3283673226833344     2.888349056243896
241     -0.6135166883468628      0.00249667651951313     0.3353061378002167     2.887892961502075
242     -0.6134797334671021      -0.0004224795266054571     0.3232653141021729     2.863409996032715
243     -0.6131393313407898      0.0005648405640386045     0.3302040696144104     3.095918416976929
244     -0.6132883429527283      0.001410080585628748     0.3273469209671021     2.961349487304688
245     -0.6133742928504944      0.0006006800686009228     0.3283673226833344     3.102257490158081
246     -0.6135727763175964      -0.0007066805264912546     0.3083673417568207     2.777403593063354
247     -0.6133956909179688      -0.0005020797252655029     0.3377551138401031     3.171987295150757
248     -0.6134575009346008      -0.0008678818703629076     0.3195918500423431     3.019971609115601
249     -0.613050639629364      0.0007529607973992825     0.317959189414978     2.91723895072937
250     -0.6134162545204163      0.001742762513458729     0.3189795911312103     3.097886800765991
251     -0.6134455800056458      -0.0007595203933306038     0.3218367397785187     3.081365346908569
252     -0.6137129068374634      -0.001223799423314631     0.3273469209671021     2.945533514022827
253     -0.6130645275115967      -2.075951852020808e-05     0.3304081559181213     2.89009952545166
254     -0.6131462454795837      -0.0004027600807603449     0.3389796018600464     2.76140284538269
255     -0.613438606262207      0.0004922402440570295     0.31142857670784     2.827583789825439
256     -0.6133721470832825      0.002004640642553568     0.3169387578964233     2.981204271316528
257     -0.6137106418609619      7.443978392984718e-05     0.3218367397785187     3.100149631500244
258     -0.6131795644760132      -0.001185240689665079     0.3285714387893677     2.983509302139282
259     -0.613343358039856      -6.343977292999625e-05     0.3324489891529083     3.079453468322754
260     -0.6134297847747803      0.00215895869769156     0.3214285671710968     3.056425809860229
261     -0.6130238771438599      -0.0001997205399675295     0.3351020216941833     3.05330753326416
262     -0.612998366355896      0.0004977998905815184     0.3191836774349213     2.830312490463257
263     -0.6131354570388794      -0.0001238802797161043     0.3287755250930786     2.711137771606445
264     -0.6131933927536011      0.0002014407364185899     0.3244898021221161     2.89483380317688
265     -0.6131742000579834      -0.000860239437315613     0.3212244808673859     3.168442010879517
266     -0.6131929755210876      -0.0008782007498666644     0.3071428537368774     2.73520565032959
267     -0.6134260892868042      0.001507279928773642     0.3461224436759949     3.139416694641113
268     -0.6133067607879639      -0.001856720307841897     0.3236734569072723     2.816350221633911
269     -0.6135903596878052      0.0002007604343816638     0.3306122422218323     2.892086267471313
270     -0.6134973168373108      -0.0003959601453971118     0.3324489891529083     3.043205738067627
271     -0.6135222315788269      0.001679676817730069     0.3197959363460541     2.85477352142334
272     -0.6131981015205383      -0.001279599615372717     0.3132652938365936     3.357700109481812
273     -0.6135664582252502      -0.0004612792399711907     0.3095918595790863     3.0209641456604
274     -0.6131892800331116      -0.0003061604511458427     0.3199999928474426     3.01579213142395
275     -0.6129254102706909      0.001932121813297272     0.3240816295146942     2.974917650222778
276     -0.6131547689437866      -0.0002145595353795215     0.3173469305038452     3.070951223373413
277     -0.6134214401245117      0.00118211901281029     0.3189795911312103     2.949510812759399
278     -0.6133157014846802      0.001886158715933561     0.3253061175346375     2.87561821937561
279     -0.6132009029388428      -0.001355517655611038     0.3261224329471588     2.761756181716919
280     -0.6131189465522766      -0.0001509195863036439     0.3199999928474426     3.009526491165161
281     -0.6131960153579712      0.001001599943265319     0.3316326439380646     2.804817676544189
282     -0.6135689616203308      0.000532560283318162     0.3259183466434479     2.750699520111084
283     -0.6134728193283081      -0.001516440534032881     0.3412244915962219     2.917630672454834
284     -0.6134190559387207      0.0009280390804633498     0.3242857158184052     3.173811197280884
285     -0.6131442189216614      0.0007188401068560779     0.3387755155563354     2.990963459014893
286     -0.6133560538291931      -2.640366346895462e-06     0.3202040791511536     3.040805101394653
287     -0.613715648651123      3.268099317210726e-05     0.3224489688873291     2.879813194274902
288     -0.613411009311676      0.001436920021660626     0.3285714387893677     3.368315696716309
289     -0.613228976726532      0.0008940399275161326     0.3128571212291718     2.987246513366699
290     -0.6135677099227905      0.0007269600173458457     0.3420408070087433     3.236275911331177
291     -0.6134539246559143      0.0001875997113529593     0.3346938788890839     2.83277153968811
292     -0.6136642694473267      4.14021014876198e-05     0.3204081654548645     3.047569274902344
293     -0.6132428646087646      0.001527358777821064     0.3291836678981781     2.966313600540161
294     -0.6136059165000916      -0.0002996393304783851     0.3387755155563354     3.298989772796631
295     -0.6131423115730286      -0.000262599962297827     0.3218367397785187     2.945366859436035
296     -0.6132587790489197      0.001182360341772437     0.3189795911312103     3.040246963500977
297     -0.6134230494499207      0.001316601643338799     0.3218367397785187     2.714992046356201
298     -0.6130577921867371      -0.0004378800513222814     0.3214285671710968     2.81978964805603
299     -0.6132857203483582      0.0002302018838236108     0.3189795911312103     2.895427703857422
300     -0.6130006313323975      -0.0002546404430177063     0.3253061175346375     2.960576772689819
301     -0.6130039691925049      -0.001117041101679206     0.3104081451892853     2.822411298751831
302     -0.6135023236274719      -0.001954760402441025     0.3255102038383484     2.855957508087158
303     -0.6130970120429993      -0.001449959236197174     0.3038775324821472     2.898579120635986
304     -0.6130622625350952      -0.0002367193519603461     0.3344897925853729     3.117620944976807
305     -0.6133300065994263      0.0001187601665151305     0.3251020312309265     2.912101984024048
306     -0.6134995222091675      -0.0006437991396524012     0.3277550935745239     2.799083948135376
307     -0.6134543418884277      -0.000701319717336446     0.3148979544639587     2.927239418029785
308     -0.6136433482170105      -1.579935087647755e-05     0.3216326534748077     3.21961784362793
309     -0.6133168339729309      0.00123671954497695     0.3253061175346375     3.058774709701538
310     -0.6129834651947021      -0.001160959480330348     0.3338775336742401     2.803706169128418
311     -0.6132497787475586      -0.0004389566893223673     0.311224490404129     2.856385469436646
312     -0.6133104562759399      -0.0005239589954726398     0.3181632459163666     2.815842866897583
313     -0.6131051182746887      0.0008276826702058315     0.3253061175346375     2.7000412940979
314     -0.6133526563644409      -8.915898797567934e-05     0.3181632459163666     2.953063488006592
315     -0.6131628155708313      0.002795519772917032     0.3151020407676697     3.03649115562439
316     -0.6132478713989258      0.0008109593181870878     0.3353061378002167     2.974191904067993
317     -0.613372802734375      0.0002053592907031998     0.3471428453922272     3.009562969207764
318     -0.6133992671966553      0.0001450801064493135     0.3444897830486298     3.12730860710144
319     -0.6131758093833923      0.001449841656722128     0.3173469305038452     3.059823989868164
320     -0.6130746603012085      0.00143831898458302     0.3381632566452026     2.958100557327271
321     -0.6132343411445618      0.001820600125938654     0.3338775336742401     2.960312843322754
322     -0.6133116483688354      -0.0001563195692142472     0.3351020216941833     3.084096193313599
323     -0.6131384968757629      0.0003306398575659841     0.3236734569072723     2.988239526748657
324     -0.6133511662483215      -0.0005166794871911407     0.3204081654548645     2.880894899368286
325     -0.6133755445480347      -0.0008724406943656504     0.3314285576343536     2.946380138397217
326     -0.6134049296379089      -0.0006874401005916297     0.3175510168075562     2.843446016311646
327     -0.6134028434753418      -0.0002588801726233214     0.3195918500423431     2.771881341934204
328     -0.6135613918304443      0.0007072798907756805     0.3183673322200775     2.981895685195923
329     -0.6132338643074036      0.0008505590376444161     0.3197959363460541     2.819039106369019
330     -0.6137128472328186      -0.002511202823370695     0.3373469114303589     3.064498662948608
331     -0.6132649183273315      0.000149160623550415     0.3383673429489136     2.782913446426392
332     -0.6137039661407471      0.001701840199530125     0.3187755048274994     3.115665197372437
333     -0.6133543252944946      -0.001503358245827258     0.3116326332092285     2.860235691070557
334     -0.6133936643600464      0.0005339999916031957     0.3387755155563354     2.92022180557251
335     -0.6131696701049805      0.001945597701705992     0.3355101943016052     2.801103353500366
336     -0.6135852336883545      -0.0002427206054562703     0.3195918500423431     2.75025486946106
337     -0.6134482622146606      0.001474160235375166     0.3379591703414917     3.082360029220581
338     -0.6132326722145081      -8.848013385431841e-05     0.334285706281662     2.866966009140015
339     -0.6132824420928955      0.002296722028404474     0.3414285778999329     3.180460214614868
340     -0.6131941080093384      -0.001885001547634602     0.3187755048274994     3.101091861724854
341     -0.6133300065994263      -0.001172119285911322     0.3271428346633911     3.046554327011108
342     -0.6134344935417175      0.001061560469679534     0.3083673417568207     3.041836023330688
343     -0.6130207180976868      -0.0005467193550430238     0.3208163380622864     3.132232427597046
344     -0.6136423349380493      0.0006917594000697136     0.311224490404129     2.946943998336792
345     -0.6131783127784729      0.000233441824093461     0.3224489688873291     3.055871725082397
346     -0.6132395267486572      -0.001176919671706855     0.3173469305038452     2.961148262023926
347     -0.6131601929664612      0.0003092403349000961     0.3391836583614349     3.086495399475098
348     -0.6133320927619934      -0.0002351597358938307     0.3297959268093109     3.188304662704468
349     -0.613548219203949      -8.536075620213524e-05     0.336326539516449     2.807968616485596
350     -0.6135688424110413      7.019985059741884e-05     0.3175510168075562     2.741211414337158
351     -0.6132869720458984      0.0005757604376412928     0.3351020216941833     3.081919193267822
352     -0.6133422255516052      0.0006045188056305051     0.3304081559181213     2.951758146286011
353     -0.6130945682525635      -0.0008020808454602957     0.3377551138401031     3.062392234802246
354     -0.6137083768844604      -0.002755200490355492     0.3234693706035614     2.892258405685425
355     -0.6139413118362427      -0.00118215789552778     0.3467347025871277     3.257518529891968
356     -0.613298237323761      0.0004765195481013507     0.3269387781620026     2.745192289352417
357     -0.6131821274757385      -0.001208639121614397     0.3377551138401031     2.962903261184692
358     -0.613273561000824      -0.0006924003246240318     0.3304081559181213     3.118578195571899
359     -0.613537609577179      -0.0007946810219436884     0.3204081654548645     2.926765203475952
360     -0.6130480766296387      -0.001607239479199052     0.3297959268093109     2.924955368041992
361     -0.6135671138763428      0.0001196797820739448     0.3222448825836182     3.279201984405518
362     -0.6137945055961609      -0.002052959520369768     0.3267346918582916     2.783576488494873
363     -0.6130124926567078      -0.0009319998789578676     0.3328571319580078     2.782090902328491
364     -0.6131017804145813      -2.815949846990407e-05     0.3224489688873291     2.832501649856567
365     -0.6133941411972046      0.001321917166933417     0.3177551031112671     2.920456409454346
366     -0.6137091517448425      -0.0004930808208882809     0.329387754201889     2.957220792770386
367     -0.613476574420929      0.0006862402660772204     0.3348979353904724     3.17772388458252
368     -0.6132705211639404      -0.000978120369836688     0.3324489891529083     3.100314378738403
369     -0.6133865714073181      -2.936026430688798e-05     0.345714271068573     3.145961999893188
370     -0.6130930185317993      -0.0001937204651767388     0.3208163380622864     2.790351629257202
371     -0.6133061647415161      -0.00105575961060822     0.3216326534748077     2.78065013885498
372     -0.6129109859466553      -0.0005177598795853555     0.32265305519104     3.078279256820679
373     -0.6135059595108032      0.0007770379306748509     0.3273469209671021     2.991298675537109
374     -0.6136477589607239      -0.0004818393790628761     0.3381632566452026     2.831578731536865
375     -0.6135023236274719      0.001175559824332595     0.3267346918582916     2.888439178466797
376     -0.6133637428283691      -0.001954922219738364     0.3308163285255432     3.187302589416504
377     -0.6134512424468994      -0.0007055585156194866     0.3281632661819458     3.133940458297729
378     -0.6131690144538879      0.0005730396369472146     0.3295918405056     2.918255090713501
379     -0.6134598851203918      -0.0005858400254510343     0.3279591798782349     2.850789546966553
380     -0.6134918332099915      0.0003031200321856886     0.3204081654548645     2.994472980499268
381     -0.6134307980537415      0.001380158355459571     0.3279591798782349     3.00559139251709
382     -0.6132166385650635      -0.0004648802278097719     0.3185714483261108     2.987086296081543
383     -0.6134862303733826      1.044049076881493e-05     0.3236734569072723     2.865793943405151
384     -0.6130477786064148      -0.0008343193912878633     0.3414285778999329     2.977078676223755
385     -0.6135644316673279      0.0005329200066626072     0.3285714387893677     2.812738180160522
386     -0.6131607294082642      0.0002099206176353619     0.3242857158184052     2.766558408737183
387     -0.6134651899337769      -0.0007535998593084514     0.3189795911312103     2.932023048400879
388     -0.6133508086204529      -0.0003499601734802127     0.3326530456542969     3.273739337921143
389     -0.6136195659637451      -0.0005089993355795741     0.3126530647277832     3.084717273712158
390     -0.6133521795272827      0.0003439997672103345     0.3136734664440155     3.069174528121948
391     -0.6134109497070312      -0.0006389198242686689     0.3381632566452026     3.061302423477173
392     -0.6132454872131348      0.0002833998878486454     0.3232653141021729     2.948699712753296
393     -0.6134377121925354      0.0003491596726235002     0.3118367493152618     3.041236877441406
394     -0.6134240627288818      -0.0009495974518358707     0.3253061175346375     3.100816965103149
395     -0.6133769750595093      0.0009282406535930932     0.3391836583614349     2.976219654083252
396     -0.6135008931159973      0.001536521245725453     0.3157142698764801     2.849799394607544
397     -0.6134449243545532      0.0007461999193765223     0.3210204243659973     2.905702829360962
398     -0.6129753589630127      0.00191404193174094     0.3404081463813782     2.951065540313721
399     -0.613378643989563      -0.0001059595451806672     0.3336734473705292     3.015458822250366
400     -0.6134231686592102      0.0007159204687923193     0.3175510168075562     2.90306282043457
401     -0.6137842535972595      0.0006525586359202862     0.3210204243659973     3.160481691360474
402     -0.6134634613990784      -0.001423759502358735     0.3251020312309265     2.975482702255249
403     -0.6132741570472717      -0.0001451200078008696     0.3328571319580078     3.213948488235474
404     -0.6132103204727173      -0.0001093998798751272     0.336326539516449     3.04212498664856
405     -0.6133366823196411      -0.00125104165636003     0.329387754201889     2.767730951309204
406     -0.6135479807853699      -0.0006625192472711205     0.3308163285255432     3.108773946762085
407     -0.6129932403564453      -0.001317797694355249     0.3191836774349213     2.980474233627319
408     -0.6132333278656006      -0.001472158823162317     0.3169387578964233     2.942801713943481
409     -0.6134166717529297      -0.0008182395249605179     0.3340816497802734     3.030096292495728
410     -0.6133798956871033      0.0007488816045224667     0.3097959160804749     3.196571588516235
411     -0.6130629777908325      -0.0002433992631267756     0.3177551031112671     2.901491641998291
412     -0.6132908463478088      -0.001445483067072928     0.3338775336742401     2.981169939041138
413     -0.613294243812561      -0.0008374812314286828     0.3236734569072723     2.818062782287598
414     -0.6135427355766296      -0.001107321353629231     0.3351020216941833     3.088740825653076
415     -0.6134275197982788      -0.0001210405971505679     0.3340816497802734     3.197102069854736
416     -0.6133514046669006      0.0009382395073771477     0.3461224436759949     3.004412412643433
417     -0.6126312017440796      -0.0006755971116945148     0.3163265287876129     2.877809762954712
418     -0.6134687066078186      -0.0007252406794577837     0.31142857670784     2.93080472946167
419     -0.6134803295135498      -0.001162681030109525     0.3267346918582916     3.179927349090576
420     -0.61329185962677      0.0006016802508383989     0.3308163285255432     3.067606925964355
421     -0.6132397055625916      0.001275720540434122     0.3232653141021729     2.871128797531128
422     -0.6136736273765564      0.0004666791355703026     0.3222448825836182     2.986161231994629
423     -0.6133173108100891      -0.0007271195645444095     0.3212244808673859     3.039830446243286
424     -0.6136586666107178      0.0008418801589868963     0.329387754201889     2.991570234298706
425     -0.6134209632873535      -0.0003094013954978436     0.3216326534748077     2.932327032089233
426     -0.6130911111831665      0.0005836415803059936     0.3379591703414917     3.024077653884888
427     -0.6131451725959778      -2.000000677071512e-06     0.3183673322200775     2.880488872528076
428     -0.6131157279014587      -0.002073875162750483     0.3175510168075562     2.725563764572144
429     -0.6131191253662109      0.0003824799205176532     0.336326539516449     2.929090261459351
430     -0.6131664514541626      -0.0004752799577545375     0.3263265490531921     2.669173717498779
431     -0.6132208108901978      -0.00155659718438983     0.3283673226833344     2.820001840591431
432     -0.6136360168457031      0.000998159172013402     0.3206122219562531     3.178118705749512
433     -0.6133416295051575      0.0008066002046689391     0.3300000131130219     2.617237329483032
434     -0.6136348843574524      -0.001240719691850245     0.3116326332092285     3.127344846725464
435     -0.6134650111198425      0.0003396796237211674     0.3322449028491974     2.990251064300537
436     -0.6136243939399719      -0.0005553194787353277     0.3295918405056     3.090752601623535
437     -0.613359272480011      0.001350282225757837     0.3281632661819458     2.889219045639038
438     -0.6131983995437622      -0.000547519710380584     0.3100000023841858     3.05690598487854
439     -0.6131507158279419      -2.599801973701688e-06     0.3422448933124542     2.836106538772583
440     -0.613002598285675      -0.001152757438831031     0.3157142698764801     2.702197313308716
441     -0.6136701107025146      0.0009659590432420373     0.317959189414978     2.997921943664551
442     -0.6134073138237      -0.001227080589160323     0.3322449028491974     2.726146221160889
443     -0.6133686900138855      -0.0006190396961756051     0.3167347013950348     2.972706317901611
444     -0.6133402585983276      -4.428037937032059e-05     0.3289795815944672     2.971662521362305
445     -0.6134508848190308      0.0007106009288690984     0.3255102038383484     3.234881162643433
446     -0.6133098602294922      0.0002887602313421667     0.3240816295146942     2.688306331634521
447     -0.6131457686424255      0.001281201257370412     0.3244898021221161     3.010930776596069
448     -0.6134214401245117      -0.0006599606131203473     0.31142857670784     2.974091529846191
449     -0.6131540536880493      0.0009386802557855844     0.3153061270713806     3.273014545440674
450     -0.6130257844924927      0.001679518725723028     0.3212244808673859     3.021719694137573
451     -0.6132947206497192      0.001004639081656933     0.3155102133750916     3.175046920776367
452     -0.6135398149490356      0.0007791595999151468     0.3177551031112671     3.210950374603271
453     -0.6136020421981812      -0.001549121225252748     0.336326539516449     3.070543050765991
454     -0.6132725477218628      0.0006224399548955262     0.3308163285255432     3.164578437805176
455     -0.6132515668869019      -0.0006197196198627353     0.3202040791511536     3.073562383651733
456     -0.6133745312690735      -0.001417274819687009     0.3346938788890839     3.09203577041626
457     -0.6133603453636169      -8.67201597429812e-05     0.3387755155563354     2.950542688369751
458     -0.6133012771606445      0.0002077603276120499     0.3261224329471588     3.021026611328125
459     -0.6130439639091492      -0.001241599326021969     0.3238775432109833     3.217246055603027
460     -0.6133860349655151      2.504014628357254e-05     0.3136734664440155     2.813554048538208
461     -0.6131631135940552      -0.0001843997306423262     0.3351020216941833     3.016152143478394
462     -0.6129064559936523      0.0008172803791239858     0.316122442483902     2.934904098510742
463     -0.6135192513465881      -1.100080498872558e-05     0.3300000131130219     3.180649995803833
464     -0.6135636568069458      6.863978342153132e-05     0.3326530456542969     3.097048044204712
465     -0.6135852336883545      0.001019120449200273     0.3297959268093109     3.116864204406738
466     -0.6133326888084412      -0.0004837615415453911     0.3246938586235046     3.109482049942017
467     -0.6135136485099792      -3.999221917183604e-06     0.3271428346633911     2.927372932434082
468     -0.613208532333374      -0.0005266799125820398     0.3246938586235046     3.064850091934204
469     -0.6130907535552979      0.001079680165275931     0.3320408165454865     2.901487588882446
470     -0.6132144331932068      -0.0003909572551492602     0.3263265490531921     2.9459068775177
471     -0.6132762432098389      -0.001003239303827286     0.3328571319580078     2.980031728744507
472     -0.6130734086036682      0.001198640442453325     0.3281632661819458     2.80738091468811
473     -0.6133458614349365      -0.001206719549372792     0.3128571212291718     2.728535652160645
474     -0.6134399771690369      0.0002127997577190399     0.3389796018600464     3.145079851150513
475     -0.6133792996406555      0.00161080074030906     0.3199999928474426     2.835844039916992
476     -0.6134960055351257      0.001456999219954014     0.3528571426868439     2.963454008102417
477     -0.6136263608932495      -0.001440080697648227     0.3216326534748077     3.188478231430054
478     -0.6132144331932068      0.0001540799421491101     0.336326539516449     2.894356727600098
479     -0.6134147047996521      0.0001481607177993283     0.3348979353904724     3.128050327301025
480     -0.6134815216064453      0.0006839602719992399     0.3246938586235046     2.706484794616699
481     -0.6134338974952698      -0.000200360533199273     0.3202040791511536     3.10804557800293
482     -0.6133769750595093      0.0004776002024300396     0.3291836678981781     2.912732839584351
483     -0.6132888197898865      -0.0007488398696295917     0.3434693813323975     2.987062215805054
484     -0.6131401658058167      0.0009868016932159662     0.3355101943016052     3.209453582763672
485     -0.6135889291763306      -0.0001149200325016864     0.3318367302417755     3.081783294677734
486     -0.6133067011833191      -0.001077679684385657     0.3189795911312103     3.033087015151978
487     -0.613231360912323      0.001629680045880377     0.3148979544639587     3.0718834400177
488     -0.6135940551757812      -0.001362039241939783     0.3261224329471588     3.044174909591675
489     -0.6134328842163086      0.001517242286354303     0.3324489891529083     3.016129016876221
490     -0.6134098768234253      -0.0004281595174688846     0.3336734473705292     2.869129180908203
491     -0.6131265163421631      -0.0006248409044928849     0.317959189414978     2.782460451126099
492     -0.613284170627594      0.001636918867006898     0.3244898021221161     3.004180192947388
493     -0.6132891178131104      0.002092641778290272     0.3357142806053162     2.826745271682739
494     -0.6130844950675964      6.900018343003467e-05     0.3077551126480103     3.042204141616821
495     -0.6132217645645142      0.001316400710493326     0.3197959363460541     2.933437585830688
496     -0.6132684350013733      0.000294720201054588     0.3155102133750916     3.217058897018433
497     -0.6131405830383301      5.288037209538743e-05     0.3285714387893677     3.023422479629517
498     -0.6135378479957581      0.0007126391283236444     0.3487755060195923     3.048797845840454
499     -0.6130053400993347      -0.002758520189672709     0.3218367397785187     2.845084428787231
500     -0.6132779717445374      -0.0002905210421886295     0.3318367302417755     2.87999415397644
501     -0.6130826473236084      0.001147320261225104     0.3257142901420593     2.919903039932251
502     -0.6133217215538025      0.0002786392287816852     0.3304081559181213     3.104830026626587
503     -0.6132900714874268      -0.0004373204719740897     0.3230612277984619     3.147874116897583
504     -0.6135683655738831      0.0004313992976676673     0.3357142806053162     2.953455448150635
505     -0.6135550737380981      0.0009831991046667099     0.3291836678981781     3.080322027206421
506     -0.613598644733429      0.0006244001560844481     0.3379591703414917     2.844563007354736
507     -0.6134895086288452      -0.0005180819425731897     0.3273469209671021     2.901289463043213
508     -0.6133669018745422      -0.0008204011246562004     0.3289795815944672     3.121170520782471
509     -0.6130243539810181      -0.0008064798312261701     0.3193877339363098     3.159252405166626
510     -0.6134119629859924      -0.0004392801783978939     0.3220408260822296     3.160515546798706
511     -0.6133615374565125      -0.002482921117916703     0.3312245011329651     3.351820707321167
512     -0.613094687461853      0.0006109622190706432     0.3318367302417755     2.971999168395996
513     -0.6130059361457825      -0.0002155205729650334     0.3379591703414917     3.020859003067017
514     -0.6132625341415405      0.0004102400271221995     0.3242857158184052     2.758973836898804
515     -0.6136914491653442      -0.0001101996094803326     0.3326530456542969     3.030127048492432
516     -0.6132228374481201      0.0002242780028609559     0.3181632459163666     2.949478387832642
517     -0.6129441857337952      0.001529795932583511     0.317959189414978     3.008520603179932
518     -0.6132832765579224      0.0009066786733455956     0.3193877339363098     3.052032470703125
519     -0.613656759262085      -0.0004986391868442297     0.3199999928474426     3.17658257484436
520     -0.6134275794029236      0.001102801179513335     0.3208163380622864     2.857754468917847
521     -0.6135863065719604      0.0002423998812446371     0.3195918500423431     3.08399772644043
522     -0.6138026714324951      -0.000822559290099889     0.3285714387893677     3.131525993347168
523     -0.6132143139839172      0.0003780801198445261     0.3177551031112671     2.892189502716064
524     -0.6131205558776855      -0.0003654001047834754     0.3118367493152618     2.75765323638916
525     -0.6135717034339905      0.001351080369204283     0.3230612277984619     2.970643520355225
526     -0.6134282946586609      -0.001698401290923357     0.3248979449272156     3.040899991989136
527     -0.6133447885513306      0.0004396405711304396     0.3289795815944672     3.094677448272705
528     -0.6132509708404541      8.219965820899233e-05     0.3218367397785187     3.111839532852173
529     -0.6135767698287964      0.0003000796714331955     0.3234693706035614     2.747383117675781
530     -0.6136005520820618      -0.0006842792499810457     0.3351020216941833     3.106931447982788
531     -0.6134816408157349      0.001411560690030456     0.322857141494751     2.831439971923828
532     -0.6135039329528809      -0.0004008391406387091     0.3267346918582916     3.128859996795654
533     -0.6132711172103882      -0.0005888800951652229     0.3418367505073547     2.963959455490112
534     -0.6131730675697327      0.00142840133048594     0.3106122314929962     2.897187471389771
535     -0.6133265495300293      0.001600520685315132     0.3318367302417755     3.16791844367981
536     -0.613813579082489      -0.001533559872768819     0.3295918405056     3.009857892990112
537     -0.6131904125213623      0.001494639553129673     0.3193877339363098     2.992732048034668
538     -0.6132744550704956      0.001496761571615934     0.329387754201889     2.944170236587524
539     -0.6134739518165588      -0.0009450005600228906     0.3148979544639587     2.894633293151855
540     -0.6136964559555054      0.0004586797731462866     0.3261224329471588     2.953758239746094
541     -0.6134498119354248      -0.0005801601218990982     0.3216326534748077     3.160062551498413
542     -0.6131672263145447      -7.147984433686361e-05     0.32265305519104     3.082589149475098
543     -0.6131349802017212      -0.0005039984825998545     0.3422448933124542     2.934742212295532
544     -0.6133167743682861      9.991910337703303e-05     0.309387743473053     3.13045072555542
545     -0.6132932901382446      0.0005557992262765765     0.3208163380622864     2.833547353744507
546     -0.6134326457977295      -0.000862680550199002     0.3248979449272156     3.041164636611938
547     -0.6133894324302673      -0.0005385991535149515     0.3389796018600464     2.768574714660645
548     -0.6138054132461548      -0.001245678286068141     0.3124489784240723     2.944557666778564
549     -0.6132500767707825      0.0003756408405024558     0.3165306150913239     2.8577721118927
550     -0.6136224865913391      -0.001611239276826382     0.3171428442001343     3.119150161743164
551     -0.6133330464363098      0.0005485205911099911     0.3204081654548645     2.860540151596069
552     -0.6134227514266968      -0.001023120246827602     0.3075510263442993     3.171040296554565
553     -0.6134977340698242      9.312003385275602e-05     0.3187755048274994     3.034038305282593
554     -0.6134191155433655      -6.747961742803454e-05     0.322857141494751     2.885755777359009
555     -0.6136673092842102      0.0004006793897133321     0.3128571212291718     3.093605041503906
556     -0.6134663820266724      -0.001885483157821     0.3351020216941833     2.801092863082886
557     -0.613503098487854      -0.0001569206215208396     0.3108163475990295     2.941316366195679
558     -0.61325603723526      0.00200544111430645     0.3165306150913239     2.965937614440918
559     -0.6132697463035583      -0.001141162822023034     0.3285714387893677     2.831326723098755
560     -0.613589346408844      -0.0008081626729108393     0.3340816497802734     2.919347524642944
561     -0.6137117147445679      -0.0001878399780252948     0.3244898021221161     2.985595703125
562     -0.6132811307907104      -9.960371244233102e-06     0.3351020216941833     2.931783676147461
563     -0.6137905120849609      -0.00186660117469728     0.3238775432109833     2.943630695343018
564     -0.6130063533782959      -9.096011490328237e-05     0.3355101943016052     3.064993143081665
565     -0.613060474395752      -0.0005215613055042922     0.3173469305038452     2.962657928466797
566     -0.6132689118385315      2.93187713396037e-05     0.3181632459163666     2.898488759994507
567     -0.6132558584213257      -0.001362879294902086     0.3257142901420593     2.881219625473022
568     -0.6130268573760986      -0.0005510820192284882     0.3273469209671021     3.032894611358643
569     -0.6135030388832092      0.0003254810289945453     0.3281632661819458     3.0150465965271
570     -0.6131930947303772      -0.0001957599888555706     0.3285714387893677     2.947884082794189
571     -0.6135463714599609      0.0003974798310082406     0.3204081654548645     2.806549310684204
572     -0.6134275794029236      -2.419895645289216e-05     0.329387754201889     2.937264680862427
573     -0.6133116483688354      0.002894516801461577     0.3171428442001343     2.845617294311523
574     -0.6133980751037598      0.002176961628720164     0.3240816295146942     2.918155670166016
575     -0.6133544445037842      0.0006616003811359406     0.3365306258201599     3.119117259979248
576     -0.6130375862121582      0.001294120564125478     0.3242857158184052     2.864236354827881
577     -0.6134270429611206      -0.002899998566135764     0.3197959363460541     2.788725614547729
578     -0.6130998730659485      0.001521560014225543     0.334285706281662     2.891450166702271
579     -0.6133904457092285      8.512002386851236e-05     0.3359183669090271     2.614021301269531
580     -0.6131954789161682      0.0005366397090256214     0.3232653141021729     3.017925024032593
581     -0.6132410764694214      0.0001613987260498106     0.3126530647277832     3.041910171508789
582     -0.6135429739952087      0.00107672018930316     0.3202040791511536     2.859604835510254
583     -0.6132864356040955      0.002271877136081457     0.3097959160804749     2.713190317153931
584     -0.6133759021759033      0.0001085602780221961     0.3328571319580078     3.097380876541138
585     -0.613319456577301      0.001013641245663166     0.3261224329471588     2.900888442993164
586     -0.6134401559829712      0.001617763307876885     0.3291836678981781     3.094346761703491
587     -0.6133143901824951      -0.001224040752276778     0.3230612277984619     2.849775314331055
588     -0.6132194995880127      0.0009280392550863326     0.3124489784240723     3.026021957397461
589     -0.6134771704673767      4.37588787463028e-05     0.3287755250930786     2.851426362991333
590     -0.6133304834365845      0.0009941203752532601     0.3214285671710968     2.870674133300781
591     -0.6133896708488464      -0.001817162148654461     0.3300000131130219     3.097948551177979
592     -0.6136053204536438      0.0008586382609792054     0.3340816497802734     2.993886709213257
593     -0.6132811307907104      0.0006441192235797644     0.3316326439380646     3.07092547416687
594     -0.6132044792175293      0.0002028393500950187     0.3240816295146942     2.833992719650269
595     -0.6136139035224915      -0.0002925203007180244     0.3359183669090271     3.057225704193115
596     -0.6133602261543274      -0.001531482208520174     0.322857141494751     2.739238739013672
597     -0.6130325794219971      0.0001358398876618594     0.2989795804023743     2.942164659500122
598     -0.6138929724693298      -0.0006891223601996899     0.3248979449272156     2.966441869735718
599     -0.6133699417114258      0.0001817194279283285     0.3132652938365936     3.054507732391357
600     -0.6131954789161682      -0.0009519175509922206     0.3400000035762787     2.937576770782471
601     -0.6131885051727295      0.0007520813960582018     0.3195918500423431     2.789620399475098
602     -0.6130991578102112      -0.002734360983595252     0.3222448825836182     3.02095103263855
603     -0.6132789254188538      -0.0003881996090058237     0.3387755155563354     3.019349336624146
604     -0.6126213669776917      0.001769318245351315     0.3373469114303589     2.966028928756714
605     -0.6133586764335632      0.0001517597411293536     0.3244898021221161     3.030905246734619
606     -0.6135498285293579      -0.0007915592286735773     0.3173469305038452     3.047855377197266
607     -0.6133732199668884      -0.0009202005458064377     0.3287755250930786     3.027512311935425
608     -0.6134288311004639      0.000830440316349268     0.3318367302417755     3.023133754730225
609     -0.613328218460083      -8.124001033138484e-05     0.3351020216941833     2.995079755783081
610     -0.6136175990104675      -8.567926852265373e-05     0.3369387686252594     2.928271532058716
611     -0.6132244467735291      0.0004275604151189327     0.3130612373352051     3.016223907470703
612     -0.6133999824523926      -0.0007203595014289021     0.336326539516449     2.911712408065796
613     -0.6131793260574341      0.0007116785272955894     0.3304081559181213     2.88511061668396
614     -0.6131531000137329      0.0003134002326987684     0.3177551031112671     3.238657236099243
615     -0.6136502027511597      -0.001380120986141264     0.3071428537368774     2.868117570877075
616     -0.6136673092842102      -0.001778840203769505     0.3336734473705292     2.874238967895508
617     -0.6133995056152344      0.001328719197772443     0.3246938586235046     3.031202793121338
618     -0.6136105060577393      -0.0004207998281344771     0.3314285576343536     2.840259075164795
619     -0.6134912967681885      -0.001011195708997548     0.3369387686252594     3.090618371963501
620     -0.6133162379264832      -0.001027441932819784     0.3146938681602478     2.811940431594849
621     -0.6137948632240295      -0.0007544010877609253     0.3253061175346375     3.066240072250366
622     -0.612861692905426      -0.0002780399809125811     0.3330612182617188     2.960726976394653
623     -0.613503634929657      0.001842159312218428     0.3202040791511536     2.998306512832642
624     -0.6133866906166077      0.0007532403105869889     0.3240816295146942     3.128740072250366
625     -0.6133632063865662      9.73997448454611e-05     0.3381632566452026     3.078696489334106
626     -0.6133158802986145      -0.0003093191771768034     0.3214285671710968     3.001857042312622
627     -0.6134478449821472      -0.001617039320990443     0.3061224222183228     2.692499160766602
628     -0.6130326390266418      -5.796029654447921e-05     0.3191836774349213     3.026653528213501
629     -0.6135309934616089      -0.0001239606208400801     0.3151020407676697     2.926640510559082
630     -0.6132060885429382      -0.0003008797648362815     0.3255102038383484     2.92554783821106
631     -0.6135545969009399      0.00101872009690851     0.3351020216941833     3.111427545547485
632     -0.6131228804588318      -0.0007727204356342554     0.30448979139328     3.015600681304932
633     -0.6132792234420776      -0.0006142799975350499     0.3208163380622864     2.932167768478394
634     -0.6134172677993774      0.0005326398531906307     0.3222448825836182     3.137047529220581
635     -0.6133294701576233      -0.001550879096612334     0.3442857265472412     3.065320253372192
636     -0.6134545207023621      -0.0009686005651019514     0.3324489891529083     3.16072416305542
637     -0.6133246421813965      -0.001234160270541906     0.3383673429489136     2.974857091903687
638     -0.613700807094574      0.001703559886664152     0.3169387578964233     2.942717790603638
639     -0.6131850481033325      -0.00110375857912004     0.3289795815944672     3.033747673034668
640     -0.6134666800498962      -0.0001077995402738452     0.3373469114303589     2.893908500671387
641     -0.6134885549545288      0.0005738391191698611     0.3279591798782349     2.872491121292114
642     -0.6131102442741394      -0.001967923482879996     0.3426530659198761     2.980706930160522
643     -0.6134098172187805      0.0001976790954358876     0.3197959363460541     3.002476215362549
644     -0.6136524081230164      -0.001452279044315219     0.3318367302417755     2.936602830886841
645     -0.613481342792511      -0.0001744774781400338     0.3281632661819458     3.203460216522217
646     -0.6134380102157593      0.001938155037350953     0.3204081654548645     2.968051910400391
647     -0.6132153868675232      0.0003338401147630066     0.3416326344013214     2.912066221237183
648     -0.613446056842804      -0.000726879748981446     0.3255102038383484     2.811161994934082
649     -0.6135534048080444      -0.0009693196043372154     0.341020405292511     3.066614866256714
650     -0.613422691822052      -0.0002090005436912179     0.3334693908691406     3.023561716079712
651     -0.6134591102600098      0.0002417989308014512     0.3381632566452026     3.015179395675659
652     -0.613080620765686      -0.0005946410237811506     0.3173469305038452     3.129490613937378
653     -0.6132758855819702      -0.001069079386070371     0.297755092382431     2.828560829162598
654     -0.6134403944015503      -0.001026159734465182     0.3318367302417755     2.8322434425354
655     -0.6132503151893616      0.001198717160150409     0.3238775432109833     3.031633377075195
656     -0.6134401559829712      0.0001264799211639911     0.317959189414978     2.860212802886963
657     -0.6136626601219177      1.763990621839184e-05     0.3344897925853729     3.007558345794678
658     -0.6133899688720703      -0.0004054794844705611     0.3312245011329651     2.923282384872437
659     -0.6133428812026978      0.0009471225785091519     0.3163265287876129     3.035927295684814
660     -0.6132048964500427      0.0003235600597690791     0.3163265287876129     3.100046873092651
661     -0.6133067607879639      0.0003833990485873073     0.3251020312309265     2.900516986846924
662     -0.6132020354270935      -0.001402960158884525     0.3206122219562531     2.919396877288818
663     -0.6134831309318542      0.0003456400299910456     0.3300000131130219     2.97386646270752
664     -0.6134421825408936      -0.001269320491701365     0.3289795815944672     3.024197816848755
665     -0.6134698987007141      -0.0003650805447250605     0.3234693706035614     3.109954357147217
666     -0.6136784553527832      -0.001251159235835075     0.345714271068573     3.079524993896484
667     -0.6133111119270325      0.000358280201908201     0.3304081559181213     2.750030994415283
668     -0.6131348609924316      -0.0004150399181526154     0.3283673226833344     2.848087310791016
669     -0.6133731603622437      -0.001376598724164069     0.3218367397785187     3.062005758285522
670     -0.6137698292732239      0.0001236807584064081     0.3324489891529083     3.054938077926636
671     -0.6132965087890625      -0.0005625587655231357     0.3397959172725677     3.001918315887451
672     -0.6135499477386475      0.0011840402148664     0.3116326332092285     2.919193744659424
673     -0.6135403513908386      0.0009342411067336798     0.3134693801403046     2.932559728622437
674     -0.6132910847663879      -0.001090160221792758     0.3165306150913239     2.834351539611816
675     -0.6131332516670227      0.0001694004895398393     0.2971428334712982     3.112366914749146
676     -0.6131520867347717      0.001075161970220506     0.3144897818565369     3.113203525543213
677     -0.6131579875946045      0.0005965593154542148     0.322857141494751     2.946885824203491
678     -0.6134594082832336      -0.0005498392856679857     0.3324489891529083     3.042214632034302
679     -0.613189160823822      0.0008797599584795535     0.3491836786270142     2.941372156143188
680     -0.6135051846504211      0.002719358773902059     0.32265305519104     2.9884352684021
681     -0.6133487224578857      0.0001369202218484133     0.309387743473053     2.838171720504761
682     -0.6133186221122742      0.000353318580891937     0.3281632661819458     2.782301664352417
683     -0.6133750677108765      -0.0009311183821409941     0.3444897830486298     3.43584132194519
684     -0.6136655807495117      -0.0001049195780069567     0.3173469305038452     2.855692863464355
685     -0.6133742928504944      0.0003951203834731132     0.3244898021221161     3.130889892578125
686     -0.6134616136550903      0.0002297605533385649     0.3318367302417755     3.07002329826355
687     -0.6133880019187927      0.001037759357132018     0.3257142901420593     3.259141683578491
688     -0.6129181981086731      0.001334200496785343     0.32265305519104     2.787058591842651
689     -0.6133732795715332      0.0009208799456246197     0.3348979353904724     2.822113037109375
690     -0.6132746934890747      0.002457404974848032     0.3218367397785187     2.996956348419189
691     -0.6134682297706604      0.0006307190633378923     0.3185714483261108     3.155690908432007
692     -0.6135990023612976      -0.0005042400443926454     0.3251020312309265     2.85891580581665
693     -0.613060474395752      0.0001019193296087906     0.3330612182617188     3.008885860443115
694     -0.6131799221038818      -0.001574360416270792     0.3218367397785187     3.24787425994873
695     -0.6133462190628052      -0.0009533207048662007     0.3185714483261108     3.054729700088501
696     -0.6132193207740784      0.000291799136903137     0.329387754201889     2.959280967712402
697     -0.6133856177330017      -0.0004857994499616325     0.3275510370731354     3.068410158157349
698     -0.6132922172546387      -0.0004927997943013906     0.3281632661819458     2.997276306152344
699     -0.6132857203483582      -0.0002817992062773556     0.3212244808673859     3.175431728363037
700     -0.6132925152778625      -0.0001538394717499614     0.3208163380622864     3.062564849853516
701     -0.6130712628364563      -0.00131904031150043     0.3438775539398193     2.977758884429932
702     -0.6134588122367859      0.002898761304095387     0.3389796018600464     2.963975667953491
703     -0.6131106615066528      0.001274518552236259     0.3361224234104156     2.870540857315063
704     -0.6129389405250549      0.000361839949619025     0.329387754201889     2.902294635772705
705     -0.6129929423332214      0.0003922002506442368     0.317959189414978     2.86205792427063
706     -0.6135087609291077      -6.724055856466293e-05     0.3267346918582916     2.826642513275146
707     -0.6130868792533875      -0.002100232988595963     0.3118367493152618     2.861907482147217
708     -0.6138488054275513      -0.001011839718557894     0.3155102133750916     3.0773024559021
709     -0.6132684350013733      0.0002177990390919149     0.347551017999649     3.169933319091797
710     -0.6131755113601685      -7.603959966218099e-05     0.3326530456542969     2.734281063079834
711     -0.6135387420654297      -0.0003260392695665359     0.3218367397785187     2.673765659332275
712     -0.613520085811615      1.776085628080182e-05     0.3242857158184052     2.934950113296509
713     -0.6132994294166565      0.0002854789199773222     0.3291836678981781     2.980074167251587
714     -0.6131862998008728      0.001665723626501858     0.3397959172725677     2.949097394943237
715     -0.6135447025299072      0.001210518414154649     0.3128571212291718     2.835523843765259
716     -0.6134376525878906      0.0002752800355665386     0.3234693706035614     2.994238376617432
717     -0.6135765910148621      -0.0004770403320435435     0.3277550935745239     2.882204532623291
718     -0.6128491163253784      0.000169839448062703     0.3391836583614349     3.178105115890503
719     -0.6132981777191162      0.001345838885754347     0.3214285671710968     2.931350231170654
720     -0.6136237382888794      -0.001130479853600264     0.334285706281662     3.187376022338867
721     -0.6133446097373962      -0.0004064811218995601     0.3355101943016052     3.033525705337524
722     -0.6137021780014038      -0.0007088801939971745     0.3340816497802734     2.784537076950073
723     -0.6132332682609558      -0.001782319042831659     0.3344897925853729     2.920888423919678
724     -0.6134290099143982      -8.159753633663058e-06     0.3165306150913239     2.941239356994629
725     -0.6133071780204773      -0.002284239046275616     0.3310204148292542     2.857211828231812
726     -0.6132873296737671      0.0004968011635355651     0.3259183466434479     2.908021926879883
727     -0.6135361790657043      0.0003011594235431403     0.3261224329471588     3.126078605651855
728     -0.6135846972465515      0.0002472008345648646     0.3246938586235046     2.99489951133728
729     -0.6135521531105042      0.0006223182426765561     0.3322449028491974     2.729729652404785
730     -0.6132749319076538      0.0002071599301416427     0.34775510430336     2.918481349945068
731     -0.6135600805282593      0.001023199991323054     0.3242857158184052     3.006108999252319
732     -0.6132166981697083      -0.001812282716855407     0.2995918393135071     2.955971002578735
733     -0.6137211322784424      -9.997199867939344e-07     0.3189795911312103     3.141725540161133
734     -0.613472044467926      -0.000109319320472423     0.311224490404129     2.731096744537354
735     -0.6133835911750793      0.001023481599986553     0.3234693706035614     3.003050804138184
736     -0.6130568385124207      -0.000705642276443541     0.3255102038383484     2.933507919311523
737     -0.6131836175918579      0.001015601097606122     0.3255102038383484     3.083426713943481
738     -0.6135363578796387      -0.001332720508798957     0.3214285671710968     3.031753063201904
739     -0.6133697032928467      0.001130000920966268     0.3255102038383484     3.015097379684448
740     -0.6132906675338745      9.699977817945182e-05     0.3151020407676697     3.035582542419434
741     -0.6131903529167175      0.002485958393663168     0.3275510370731354     3.025407791137695
742     -0.6131693124771118      0.0003266795829404145     0.3144897818565369     2.902068853378296
743     -0.6133637428283691      0.001679362845607102     0.3332653045654297     3.108991861343384
744     -0.613258957862854      -0.0004619996179826558     0.3124489784240723     2.785221338272095
745     -0.613645076751709      0.0006083992193453014     0.3240816295146942     2.898675680160522
746     -0.6134215593338013      -0.002256199950352311     0.3281632661819458     2.940785646438599
747     -0.6134443283081055      -0.001547398744150996     0.316122442483902     3.075751781463623
748     -0.6134317517280579      0.002384955296292901     0.3340816497802734     3.02430272102356
749     -0.6135884523391724      0.0005887204897589982     0.3285714387893677     3.19522500038147
750     -0.6133552193641663      -0.001173081342130899     0.3230612277984619     2.74776291847229
751     -0.6132352948188782      0.0001156396174337715     0.3118367493152618     3.382108211517334
752     -0.6130961179733276      0.0007619595271535218     0.3324489891529083     3.061060428619385
753     -0.6136208772659302      -0.001305838581174612     0.3387755155563354     3.06016206741333
754     -0.6133630275726318      5.1760292990366e-05     0.3277550935745239     3.164310932159424
755     -0.6131100654602051      0.0009397613466717303     0.3175510168075562     2.83248233795166
756     -0.6136978268623352      -0.0004738796269521117     0.3040816485881805     2.759122371673584
757     -0.6135203242301941      0.0004611600888893008     0.3122448921203613     3.063045263290405
758     -0.6134036779403687      8.480017277179286e-05     0.3283673226833344     2.74219274520874
759     -0.6136037111282349      -0.001406797557137907     0.3267346918582916     3.046998023986816
760     -0.6134732961654663      -0.000201279777684249     0.3222448825836182     2.875925540924072
761     -0.6138047575950623      5.54387916054111e-05     0.3351020216941833     3.17740797996521
762     -0.6132933497428894      9.080096788238734e-05     0.2983673214912415     3.175333261489868
763     -0.6133637428283691      2.78803490800783e-05     0.3220408260822296     2.860747337341309
764     -0.6134516000747681      0.0008520812843926251     0.3359183669090271     2.937584638595581
765     -0.6132023334503174      -0.001706439070403576     0.3265306055545807     3.071961402893066
766     -0.6133169531822205      -0.0001754803961375728     0.3075510263442993     2.982865571975708
767     -0.61310213804245      -0.003747241571545601     0.3281632661819458     2.961421966552734
768     -0.6134334206581116      -0.000554158235900104     0.3336734473705292     3.047408580780029
769     -0.6130819320678711      -0.001117082545533776     0.3424489796161652     2.897542715072632
770     -0.6132751703262329      -0.0001837997842812911     0.3020408153533936     2.925890684127808
771     -0.6130633354187012      0.001930999802425504     0.3397959172725677     2.99566650390625
772     -0.6135544180870056      -0.0006076784338802099     0.3138775527477264     2.967760801315308
773     -0.6131467819213867      -0.001536483177915215     0.3191836774349213     2.979145526885986
774     -0.6134718060493469      -0.0002053595235338435     0.3267346918582916     2.960782766342163
775     -0.6136453151702881      0.0008938403334468603     0.3275510370731354     2.924549102783203
776     -0.613330602645874      0.0003018801508005708     0.3381632566452026     3.0506911277771
777     -0.6135095953941345      -0.00101692124735564     0.336326539516449     3.055861949920654
778     -0.6132858991622925      0.001491162809543312     0.329387754201889     2.985384702682495
779     -0.6131540536880493      0.0009212810546159744     0.3177551031112671     3.031712055206299
780     -0.6132262349128723      0.0009493206162005663     0.3275510370731354     2.909861326217651
781     -0.6132781505584717      0.0006937602302059531     0.3163265287876129     2.993595361709595
782     -0.6130277514457703      -0.0003606807149481028     0.3269387781620026     2.962999820709229
783     -0.6133591532707214      0.002007684204727411     0.3283673226833344     2.702033758163452
784     -0.6131536960601807      0.0002311990538146347     0.3177551031112671     3.033440589904785
785     -0.6136049032211304      0.0003275194030720741     0.3312245011329651     3.089849948883057
786     -0.6134563684463501      0.0008530407212674618     0.3236734569072723     2.991685390472412
787     -0.6134095788002014      -3.452027885941789e-05     0.3130612373352051     2.751855373382568
788     -0.6136586666107178      0.0007304766331799328     0.3275510370731354     2.907166004180908
789     -0.6131299734115601      -0.0007361608440987766     0.3120408058166504     2.846096277236938
790     -0.6134780645370483      0.0007826396031305194     0.3269387781620026     2.931639671325684
791     -0.6134061813354492      -0.001811997964978218     0.3122448921203613     3.08004355430603
792     -0.6131350994110107      0.001306639518588781     0.3140816390514374     3.055444478988647
793     -0.6133543252944946      0.0007650798070244491     0.3326530456542969     3.253348827362061
794     -0.6135202646255493      0.001122399000450969     0.3218367397785187     2.771768808364868
795     -0.613666296005249      -0.00104735919740051     0.3255102038383484     3.145792007446289
796     -0.6134196519851685      -0.0003481601597741246     0.3334693908691406     2.893728971481323
797     -0.6132558584213257      -0.001271280809305608     0.3279591798782349     3.114858388900757
798     -0.6131435036659241      -0.001448799972422421     0.3185714483261108     2.674062490463257
799     -0.613353431224823      0.0006206398247741163     0.3100000023841858     2.94425630569458
800     -0.6132181882858276      0.0009085192577913404     0.3199999928474426     2.941487789154053
801     -0.613605260848999      -2.108034277625848e-05     0.3336734473705292     2.888208150863647
802     -0.6135212182998657      0.0003513211268000305     0.3155102133750916     2.918277740478516
803     -0.6134035587310791      -0.001376518979668617     0.3220408260822296     2.952251195907593
804     -0.6131089925765991      -0.001242680940777063     0.3530612289905548     2.872928619384766
805     -0.6136468052864075      -0.0005106409662403166     0.3191836774349213     2.718704462051392
806     -0.6132422685623169      0.0003011196386069059     0.3334693908691406     2.915819406509399
807     -0.6136635541915894      0.0005433193291537464     0.3271428346633911     2.959410667419434
808     -0.6132462620735168      0.000197999514057301     0.3169387578964233     3.034631967544556
809     -0.6133742928504944      -0.0007400802569463849     0.3340816497802734     3.06919264793396
810     -0.6133048534393311      0.002238681074231863     0.3153061270713806     3.027504920959473
811     -0.6132445335388184      -0.001154803321696818     0.3242857158184052     2.999936103820801
812     -0.6133694052696228      -0.0002656802826095372     0.3338775336742401     2.898980855941772
813     -0.6133370995521545      -0.0008990800124593079     0.3326530456542969     2.824899673461914
814     -0.613746166229248      0.0003361597191542387     0.3240816295146942     2.8408522605896
815     -0.6132649183273315      -0.0001722801098367199     0.3244898021221161     2.828057289123535
816     -0.6137076616287231      -0.0007029600674286485     0.3251020312309265     2.755177021026611
817     -0.613274097442627      0.001116999192163348     0.3169387578964233     2.958834409713745
818     -0.6136844158172607      -0.0002263601345475763     0.3316326439380646     2.994960069656372
819     -0.6135787963867188      -0.000500720227137208     0.3253061175346375     3.110674381256104
820     -0.6131961941719055      -0.0005697596934624016     0.3518367409706116     2.944116830825806
821     -0.613778293132782      -0.001628721598535776     0.3332653045654297     2.817044973373413
822     -0.6132842898368835      -0.0005784397944808006     0.3406122326850891     3.213085651397705
823     -0.6132927536964417      -0.0002043205458903685     0.3236734569072723     2.840361833572388
824     -0.6135674118995667      -0.0004060406645294279     0.3146938681602478     2.658899784088135
825     -0.6132704019546509      -0.0009383196011185646     0.322857141494751     3.191269636154175
826     -0.6133819818496704      -0.000594720127992332     0.3146938681602478     2.860160112380981
827     -0.6134695410728455      0.0004519595240708441     0.3393877446651459     2.998784780502319
828     -0.6132408976554871      -0.0005881193210370839     0.3324489891529083     3.055663108825684
829     -0.6131117343902588      -0.001150800497271121     0.3330612182617188     3.099618911743164
830     -0.6133224368095398      0.0006576817249879241     0.3189795911312103     3.258824110031128
831     -0.6133424043655396      -0.000460440875031054     0.3216326534748077     2.98546838760376
832     -0.6132127642631531      -0.0009375603403896093     0.3291836678981781     2.825149774551392
833     -0.6132106184959412      0.0007202794076874852     0.3365306258201599     3.232952117919922
834     -0.6134794354438782      0.0004454010922927409     0.3195918500423431     2.879089593887329
835     -0.6133118271827698      -0.0005501990090124309     0.3351020216941833     2.946907997131348
836     -0.6132230758666992      0.0002794403117150068     0.3397959172725677     3.085567951202393
837     -0.6134016513824463      -0.0001015204761642963     0.3185714483261108     3.07274317741394
838     -0.6131552457809448      -0.001174479024484754     0.3222448825836182     3.111204385757446
839     -0.6133341193199158      -0.0002759602211881429     0.336326539516449     3.113449096679688
840     -0.6134005784988403      0.0005486793234013021     0.3304081559181213     3.044762372970581
841     -0.6131847500801086      -0.0005746785900555551     0.3126530647277832     3.031677722930908
842     -0.613286554813385      0.002009278628975153     0.3110204041004181     3.028930902481079
843     -0.6133286356925964      0.0002632004034239799     0.3467347025871277     2.851526021957397
844     -0.6132531762123108      0.0002023597917286679     0.3191836774349213     3.262713193893433
845     -0.6134900450706482      -0.0002130405482603237     0.3197959363460541     2.995762825012207
846     -0.6130802631378174      0.001043121097609401     0.32265305519104     3.177375316619873
847     -0.6131112575531006      0.0004060404899064451     0.3304081559181213     3.145476102828979
848     -0.6132557392120361      -0.0007447190582752228     0.3255102038383484     2.889350652694702
849     -0.6136265397071838      0.001557357958517969     0.3344897925853729     3.094435453414917
850     -0.6136066317558289      -0.001032397500239313     0.3285714387893677     3.076977491378784
851     -0.6136068105697632      1.279976640944369e-05     0.3289795815944672     2.993977069854736
852     -0.6132449507713318      -0.0007730805082246661     0.3277550935745239     2.9774489402771
853     -0.6133599877357483      -0.0002257589512737468     0.3230612277984619     2.995604515075684
854     -0.6136622428894043      0.0003518425219226629     0.3167347013950348     2.799964189529419
855     -0.6131151914596558      -0.0003616793255787343     0.3222448825836182     2.781584501266479
856     -0.6135965585708618      -0.001254000118933618     0.3148979544639587     3.079872846603394
857     -0.613456666469574      -0.0005305201048031449     0.3263265490531921     2.888292074203491
858     -0.6130049824714661      2.548031443438958e-05     0.3248979449272156     2.909544706344604
859     -0.6133180260658264      -0.001888800412416458     0.3361224234104156     2.881103277206421
860     -0.613284707069397      0.0005997188854962587     0.3269387781620026     3.009567975997925
861     -0.6133251190185547      0.002194438129663467     0.3202040791511536     3.118557214736938
862     -0.6131157875061035      -0.0007957599009387195     0.3277550935745239     3.058677434921265
863     -0.6133095622062683      0.0003899204602930695     0.3318367302417755     3.086122751235962
864     -0.613115131855011      -0.00199656211771071     0.3230612277984619     2.77725887298584
865     -0.6133732199668884      -0.0002892403281293809     0.3230612277984619     3.043874979019165
866     -0.6131449341773987      -0.0008192388340830803     0.3144897818565369     2.838117837905884
867     -0.6134855151176453      -0.001181880827061832     0.322857141494751     3.074948310852051
868     -0.6137323975563049      0.0009010813664644957     0.317959189414978     3.067192077636719
869     -0.6133782267570496      7.115931657608598e-05     0.3263265490531921     2.972615718841553
870     -0.6131643652915955      0.0003783191787078977     0.3130612373352051     3.099430322647095
871     -0.6133890151977539      0.001016959198750556     0.3367346823215485     3.089176416397095
872     -0.6134801506996155      -0.001197720412164927     0.3212244808673859     2.980289936065674
873     -0.6133236289024353      0.001125998329371214     0.3232653141021729     2.99315619468689
874     -0.613201379776001      -0.0005724811344407499     0.3236734569072723     2.921828746795654
875     -0.6133842468261719      0.002132600406184793     0.3324489891529083     2.911152839660645
876     -0.6134580373764038      -0.001519680023193359     0.3130612373352051     3.018547296524048
877     -0.6130026578903198      -0.0001782802137313411     0.3418367505073547     2.759881496429443
878     -0.613181471824646      -5.763996159657836e-05     0.3214285671710968     2.970677375793457
879     -0.61359041929245      -0.0004987181746400893     0.3199999928474426     2.890014886856079
880     -0.6128597855567932      0.0005477201193571091     0.3555102050304413     2.832384586334229
881     -0.6135028004646301      -7.271880895132199e-05     0.3134693801403046     3.138485431671143
882     -0.6131518483161926      0.0006903988542035222     0.3289795815944672     2.893243074417114
883     -0.6132453083992004      -0.0007469994598068297     0.3365306258201599     2.936962604522705
884     -0.6133596301078796      0.001245842897333205     0.3295918405056     3.081279277801514
885     -0.6133468151092529      0.0007768806535750628     0.3314285576343536     3.074328660964966
886     -0.6132394671440125      -0.001530561130493879     0.3381632566452026     3.233942985534668
887     -0.6132249236106873      0.0006750001921318471     0.3463265299797058     3.168610572814941
888     -0.6129834055900574      8.4838924522046e-05     0.3232653141021729     2.891459941864014
889     -0.612933337688446      0.0001651596976444125     0.316122442483902     2.747012615203857
890     -0.6134812235832214      -0.0002609203802421689     0.3134693801403046     2.882173538208008
891     -0.6135795116424561      -0.001067357836291194     0.3289795815944672     3.155749320983887
892     -0.61295485496521      0.001001799711957574     0.3202040791511536     2.852998018264771
893     -0.6133195757865906      -0.000830761156976223     0.3232653141021729     2.764347076416016
894     -0.6131681799888611      0.0001260400749742985     0.3438775539398193     2.950229167938232
895     -0.6133856177330017      0.0008207613718695939     0.3453061282634735     2.884536266326904
896     -0.6134050488471985      -0.0003868407511617988     0.3300000131130219     2.920677185058594
897     -0.6129804253578186      -0.0006254397449083626     0.3397959172725677     3.205356597900391
898     -0.6135303974151611      0.001805041334591806     0.3224489688873291     2.727206945419312
899     -0.6134079098701477      -7.079992064973339e-05     0.3279591798782349     2.899797916412354
900     -0.6134281158447266      -0.001974397571757436     0.334285706281662     3.019629001617432
901     -0.6133294701576233      0.001289919251576066     0.3171428442001343     2.986932516098022
902     -0.6134822964668274      -0.001144319074228406     0.3083673417568207     2.977702617645264
903     -0.6129642724990845      7.752079545753077e-05     0.3255102038383484     3.072934627532959
904     -0.6132233142852783      -0.0003403999435249716     0.3326530456542969     3.209019184112549
905     -0.6136999726295471      -0.0001004400837700814     0.3316326439380646     3.041794061660767
906     -0.6131291389465332      -0.001368239405564964     0.3246938586235046     2.728131294250488
907     -0.6131078004837036      0.001829725806601346     0.3275510370731354     2.941306352615356
908     -0.6134331822395325      0.0009919573785737157     0.3491836786270142     3.229773044586182
909     -0.6132233142852783      -3.536125950631686e-05     0.3124489784240723     2.985495805740356
910     -0.6132493019104004      -9.567989036440849e-05     0.3314285576343536     3.214795827865601
911     -0.613412082195282      0.0009473983664065599     0.3220408260822296     3.053547382354736
912     -0.6133753657341003      -0.0004793994303327054     0.3289795815944672     2.67365026473999
913     -0.6131002306938171      0.001090840203687549     0.3210204243659973     3.13870906829834
914     -0.6131120920181274      -0.0009478788124397397     0.3304081559181213     2.95963191986084
915     -0.61348557472229      2.18003897316521e-05     0.3204081654548645     2.896564245223999
916     -0.6134209632873535      4.663975778385065e-05     0.3318367302417755     2.760559797286987
917     -0.6133819818496704      -0.001153203309513628     0.3128571212291718     3.056860446929932
918     -0.6132522821426392      -4.767972495756112e-05     0.3424489796161652     3.038487195968628
919     -0.6136672496795654      0.001671196892857552     0.3273469209671021     2.918050765991211
920     -0.6133571863174438      -0.0005076403031125665     0.3281632661819458     3.118595600128174
921     -0.6137146353721619      -0.001432836870662868     0.3261224329471588     2.861977577209473
922     -0.6133031249046326      -0.001312519190832973     0.3320408165454865     2.994393110275269
923     -0.6128248572349548      -0.001986999763175845     0.3153061270713806     3.088927268981934
924     -0.6132587790489197      -0.001216040924191475     0.3348979353904724     3.216835498809814
925     -0.613320529460907      -0.0001270809152629226     0.3224489688873291     2.763901472091675
926     -0.6136723160743713      0.0005945620941929519     0.3234693706035614     2.788227558135986
927     -0.6132841110229492      -0.0004611594777088612     0.3204081654548645     2.964983701705933
928     -0.6132132411003113      0.00116199953481555     0.3267346918582916     2.881658792495728
929     -0.6131298542022705      -0.0001318395807174966     0.3267346918582916     3.266607284545898
930     -0.6132285594940186      -0.001750878291204572     0.3314285576343536     3.015081882476807
931     -0.6134191155433655      -0.001192840049043298     0.3181632459163666     3.003731489181519
932     -0.6133133172988892      0.002112519927322865     0.329387754201889     2.803239345550537
933     -0.6132769584655762      -0.002239477820694447     0.3277550935745239     2.8974289894104
934     -0.6135368943214417      0.00177847733721137     0.3144897818565369     2.916722536087036
935     -0.6135323047637939      0.0007825993816368282     0.3334693908691406     2.990075349807739
936     -0.6134204864501953      0.001793155097402632     0.3157142698764801     2.907991886138916
937     -0.6132526397705078      0.0002879986714106053     0.3165306150913239     3.04659104347229
938     -0.6133464574813843      -2.972048241645098e-05     0.3375510275363922     2.988252401351929
939     -0.6134669184684753      0.002082678489387035     0.3169387578964233     2.957666397094727
940     -0.6133847236633301      0.00174743973184377     0.3248979449272156     2.736080408096313
941     -0.6130313277244568      0.000258960179053247     0.3326530456542969     3.035915613174438
942     -0.613777756690979      -0.0007396022556349635     0.3193877339363098     3.120374917984009
943     -0.6133517622947693      -0.0002937595709227026     0.3218367397785187     3.130512714385986
944     -0.6136692762374878      -0.000577480997890234     0.3177551031112671     3.09112548828125
945     -0.6135966777801514      -0.0004103607789147645     0.3157142698764801     2.777204275131226
946     -0.6131008863449097      -0.002071602735668421     0.3206122219562531     2.893313407897949
947     -0.6132333278656006      -0.000229558689170517     0.3265306055545807     3.218279600143433
948     -0.6135730743408203      -0.0009681193623691797     0.3208163380622864     2.941199064254761
949     -0.6130114197731018      0.001278840703889728     0.3371428549289703     2.958034992218018
950     -0.6133967638015747      -0.0001672391517786309     0.3191836774349213     2.980091571807861
951     -0.6130372285842896      0.000848399824462831     0.3438775539398193     3.257058143615723
952     -0.6134123802185059      -0.0002829599543474615     0.336326539516449     3.066996574401855
953     -0.6131253838539124      0.0001522437087260187     0.3130612373352051     3.071978330612183
954     -0.6134476065635681      0.001117120729759336     0.3336734473705292     2.983744621276855
955     -0.6131845116615295      -0.001173840835690498     0.3130612373352051     2.909596920013428
956     -0.6135385036468506      -0.0002411195746390149     0.3432652950286865     2.946907520294189
957     -0.6133090853691101      -0.0004941209335811436     0.3214285671710968     2.773261547088623
958     -0.613660991191864      0.0002509989426471293     0.3216326534748077     2.840716600418091
959     -0.613256573677063      -0.001184760360047221     0.3308163285255432     2.989094257354736
960     -0.6134974360466003      -0.0008302392088808119     0.3297959268093109     3.075474977493286
961     -0.6130831837654114      0.0002016799699049443     0.3187755048274994     2.934345722198486
962     -0.6134091019630432      -0.0002286009985255077     0.3208163380622864     3.225462198257446
963     -0.6135696172714233      0.0009502804023213685     0.3551020324230194     2.921670198440552
964     -0.6133437752723694      0.0009040799341164529     0.3077551126480103     2.939543962478638
965     -0.6135815978050232      -0.001485836808569729     0.3189795911312103     2.934058666229248
966     -0.6135512590408325      0.0005429215379990637     0.3332653045654297     3.369856595993042
967     -0.61332106590271      0.0003523202612996101     0.3273469209671021     3.077394962310791
968     -0.6135460138320923      0.0004253207298461348     0.3359183669090271     3.112592220306396
969     -0.6131963729858398      0.0005136004183441401     0.3248979449272156     2.850531578063965
970     -0.6132652759552002      -0.0002449197636451572     0.3259183466434479     2.78609824180603
971     -0.6131585836410522      -0.001242159749381244     0.3177551031112671     2.748450517654419
972     -0.6131531596183777      -0.0001552803587401286     0.3238775432109833     3.013324737548828
973     -0.6132276654243469      -0.0005285197403281927     0.3324489891529083     2.95650839805603
974     -0.6131765842437744      -0.0002984396705869585     0.3148979544639587     3.053553819656372
975     -0.6130785942077637      0.001537317060865462     0.3291836678981781     2.765798568725586
976     -0.6132093667984009      -0.0007060407660901546     0.3273469209671021     2.774011611938477
977     -0.6130788922309875      0.002480878261849284     0.3265306055545807     3.056280374526978
978     -0.6137526631355286      0.001200119033455849     0.3291836678981781     3.177285671234131
979     -0.6128903031349182      0.0002241988840978593     0.3173469305038452     3.015273332595825
980     -0.6133241057395935      -0.0004688398912549019     0.3191836774349213     2.794011116027832
981     -0.6130939722061157      0.0002315595338586718     0.3263265490531921     2.904288053512573
982     -0.6136507987976074      -0.0008171612862497568     0.3320408165454865     2.956079959869385
983     -0.613064706325531      -0.0008387604611925781     0.3297959268093109     2.933420419692993
984     -0.613456130027771      9.763924026628956e-05     0.3418367505073547     3.066790103912354
985     -0.6132428646087646      0.00124444009270519     0.3277550935745239     2.924670219421387
986     -0.6130408048629761      -0.001339198788627982     0.3263265490531921     3.000521183013916
987     -0.6132298111915588      0.001228599809110165     0.3275510370731354     3.051304578781128
988     -0.6132049560546875      -0.0006815600208938122     0.3265306055545807     3.29870867729187
989     -0.6132714152336121      -0.001201159437187016     0.3273469209671021     2.922887325286865
990     -0.6131585240364075      -0.0005336007452569902     0.3006122410297394     3.142903566360474
991     -0.6135225892066956      0.0005263599450699985     0.316122442483902     3.132100820541382
992     -0.6135202646255493      0.002053197473287582     0.3220408260822296     3.097639799118042
993     -0.6130499243736267      -0.001609081984497607     0.3587755262851715     2.974182844161987
994     -0.6133880615234375      0.0003127606178168207     0.3224489688873291     3.08555006980896
995     -0.6133782267570496      0.001393281738273799     0.3122448921203613     2.717941999435425
996     -0.6131643056869507      0.0005509197362698615     0.3324489891529083     2.948874235153198
997     -0.6130619049072266      0.0006571587291546166     0.3189795911312103     2.84375524520874
998     -0.6135972142219543      0.000166479338076897     0.3377551138401031     2.892342805862427
999     -0.6134275794029236      -5.243945633992553e-05     0.3279591798782349     3.1395103931427
1000     -0.6136435270309448      0.0006064001354388893     0.3087755143642426     3.063820600509644
