# Simulazione modello di Ising 1D
# Mossa 	 Energia 	 Magnetizzazione 	 Calore specifico 	 Suscettività
1     -0.6815522313117981      -0.002909332513809204     0.3795138895511627     4.849673748016357
2     -0.683660089969635      -0.002773997606709599     0.3409722149372101     4.38605260848999
3     -0.6818519830703735      0.002889331895858049     0.3124999701976776     2.994718790054321
4     -0.682935893535614      -0.002204665914177895     0.3483796119689941     3.233536243438721
5     -0.6826373338699341      -0.00468066893517971     0.3479166626930237     4.229268074035645
6     -0.6805549263954163      0.002856662729755044     0.4395833313465118     4.487491607666016
7     -0.6827855110168457      0.004847332835197449     0.3893518447875977     3.679470062255859
8     -0.6806561946868896      -0.006086666136980057     0.3506944179534912     5.751008033752441
9     -0.6837427020072937      0.001380667206831276     0.3717592358589172     4.33495044708252
10     -0.6809363961219788      -0.01228999998420477     0.3449074029922485     3.049341678619385
11     -0.682329535484314      0.0005546670872718096     0.3538194298744202     3.215285539627075
12     -0.6827764511108398      0.002365332096815109     0.3641203641891479     3.876579999923706
13     -0.6817319989204407      0.003112000413239002     0.3856481611728668     4.272651672363281
14     -0.6822231411933899      -0.004037333652377129     0.3553240597248077     2.832077264785767
15     -0.6825587153434753      -0.0002293312136316672     0.4085648059844971     2.36691689491272
16     -0.6814134120941162      0.001726667280308902     0.3564814925193787     5.152972221374512
17     -0.6815563440322876      -0.006115330848842859     0.3883101940155029     2.638510465621948
18     -0.6807308197021484      -0.01035933196544647     0.3900462687015533     3.538055896759033
19     -0.6821935772895813      -0.009453998878598213     0.2954860925674438     4.281063079833984
20     -0.6831814646720886      -0.003440664615482092     0.3708333373069763     3.655192613601685
21     -0.6827882528305054      -0.002849332755431533     0.3537037074565887     3.192066192626953
22     -0.6820414066314697      -3.066688441322185e-05     0.3481481671333313     2.767308712005615
23     -0.684126615524292      -0.004100670106709003     0.340277761220932     3.748677015304565
24     -0.6828895807266235      -0.006902662105858326     0.3270833194255829     4.605992317199707
25     -0.6790081262588501      -0.002286001574248075     0.3040509223937988     5.127589225769043
26     -0.6826427578926086      0.001655332744121552     0.3810185194015503     3.885083436965942
27     -0.6832950711250305      0.0006173322908580303     0.3604166805744171     2.875434875488281
28     -0.6829524636268616      0.004180001560598612     0.3965277373790741     3.243206739425659
29     -0.6813920736312866      0.01155133824795485     0.3812499940395355     4.648200988769531
30     -0.6817734241485596      0.004207332618534565     0.2831018567085266     3.592180013656616
31     -0.6822376847267151      -0.00581066682934761     0.3888888657093048     3.612331390380859
32     -0.6817001700401306      0.002706000115722418     0.349189817905426     3.068299531936646
33     -0.683144211769104      0.001586000784300268     0.340277761220932     4.475879669189453
34     -0.6817920207977295      -0.004039331339299679     0.3024305403232574     3.8252854347229
35     -0.6816906929016113      0.002412001835182309     0.4386574029922485     3.020059823989868
36     -0.6808428764343262      -0.005598000250756741     0.324999988079071     4.076629161834717
37     -0.6817000508308411      0.009251334704458714     0.3734953701496124     2.676939249038696
38     -0.6812839508056641      -0.001370001351460814     0.3659722208976746     4.706421375274658
39     -0.6821640729904175      0.002649333095178008     0.362500011920929     2.823115825653076
40     -0.6819881200790405      0.01353000476956367     0.3219907283782959     3.916744232177734
41     -0.6829092502593994      -0.001670666504651308     0.3381944298744202     3.170627355575562
42     -0.6821629405021667      7.60000548325479e-05     0.2949073910713196     2.921627998352051
43     -0.6836681365966797      -0.004109333269298077     0.3972222208976746     4.695562839508057
44     -0.6823891997337341      -0.002881334396079183     0.3873842358589172     3.682153940200806
45     -0.6822891235351562      0.01139400340616703     0.4018518328666687     4.590574741363525
46     -0.6815348863601685      -0.0100066689774394     0.371180534362793     3.4776291847229
47     -0.6813478469848633      0.006678668316453695     0.3880786895751953     2.617722034454346
48     -0.6831201314926147      0.0001440000633010641     0.3587962687015533     1.929795026779175
49     -0.6822444200515747      0.001607333309948444     0.3307870328426361     3.030303955078125
50     -0.6820802092552185      0.003352669300511479     0.3827545940876007     3.76441216468811
51     -0.6811349391937256      0.007175998762249947     0.3107638657093048     2.808789491653442
52     -0.6820777058601379      0.0114126680418849     0.3395833075046539     3.199763774871826
53     -0.6811577081680298      -0.0006980000180192292     0.3456018567085266     2.988208055496216
54     -0.6818335652351379      0.004885999485850334     0.3651620149612427     3.591065168380737
55     -0.682722806930542      -0.003315332811325788     0.3682870268821716     3.55137300491333
56     -0.6816629767417908      -0.003377333981916308     0.3878472149372101     3.795825481414795
57     -0.6815226674079895      0.002338000340387225     0.3649305403232574     3.606874942779541
58     -0.6811413764953613      -0.0005320002092048526     0.3445601761341095     4.852792739868164
59     -0.6825588941574097      -0.00028266865410842     0.3283564746379852     3.797869443893433
60     -0.6809803247451782      -0.002610668074339628     0.3945601880550385     3.522405385971069
61     -0.6830978989601135      0.00505867088213563     0.3270833194255829     3.479150295257568
62     -0.6810586452484131      -0.0002133312227670103     0.3439814746379852     3.221507787704468
63     -0.6825852990150452      -0.007786669302731752     0.4131944179534912     4.494770050048828
64     -0.6830480694770813      0.00662066787481308     0.3291666507720947     3.26549220085144
65     -0.683149516582489      -0.004673332907259464     0.366435170173645     3.185609817504883
66     -0.6828042268753052      -0.01186800096184015     0.3347222208976746     3.933377504348755
67     -0.6818284392356873      -0.002827999647706747     0.3268518447875977     3.59181022644043
68     -0.6837080121040344      0.002092666691169143     0.362500011920929     3.063072681427002
69     -0.6814855933189392      -0.0002353344025323167     0.4094907343387604     3.353542327880859
70     -0.6817653179168701      0.0005113337538205087     0.3710648119449615     3.302331686019897
71     -0.6824547648429871      0.003443331923335791     0.3267360925674438     3.842386960983276
72     -0.6807361841201782      -0.002093333983793855     0.2851851880550385     2.458772420883179
73     -0.6813201308250427      -0.003824668005108833     0.4072916805744171     3.739860773086548
74     -0.6825963258743286      0.0060686687938869     0.3200231194496155     3.601027011871338
75     -0.6808306574821472      0.001019331277348101     0.3480323851108551     3.593422889709473
76     -0.6811364889144897      -0.005477998871356249     0.3181712925434113     3.798077821731567
77     -0.6820030808448792      0.0009233340388163924     0.3291666507720947     2.291016340255737
78     -0.6825668811798096      0.006802001502364874     0.3561342358589172     3.733825922012329
79     -0.6827601194381714      5.335003152140416e-06     0.396064817905426     3.370398759841919
80     -0.6838870644569397      0.001451334450393915     0.4115740656852722     3.702874898910522
81     -0.6828837990760803      0.01115133240818977     0.3456018567085266     3.686962127685547
82     -0.6810867786407471      0.005859336815774441     0.3319444358348846     4.898156642913818
83     -0.6813148856163025      -0.001825334853492677     0.3675925731658936     3.782817125320435
84     -0.6834161877632141      0.005396004766225815     0.3486110866069794     4.446157932281494
85     -0.6803882122039795      0.0110859964042902     0.3135416507720947     3.554104089736938
86     -0.6834253072738647      -0.01163133513182402     0.3918981552124023     4.109773635864258
87     -0.6814789175987244      0.002182668074965477     0.3663194179534912     4.649151802062988
88     -0.6816133856773376      -0.001387999975122511     0.3527777493000031     3.730417966842651
89     -0.6818135380744934      -0.007296668365597725     0.3153935074806213     2.839655160903931
90     -0.6832188367843628      0.002461333991959691     0.3472222089767456     3.428532600402832
91     -0.6830228567123413      -0.001362667419016361     0.293055534362793     3.065147161483765
92     -0.6830559968948364      0.003510001115500927     0.3581018447875977     3.858049869537354
93     -0.6812363266944885      -0.002925333334133029     0.3745370209217072     2.928224325180054
94     -0.6821563839912415      -0.008827337063848972     0.3541666567325592     4.236026287078857
95     -0.6822336316108704      0.001555332448333502     0.3234953582286835     4.010988235473633
96     -0.6815456748008728      0.005475332029163837     0.3981481492519379     2.77078104019165
97     -0.6842373609542847      0.001152000855654478     0.4004629254341125     4.140820503234863
98     -0.682295024394989      0.007352002896368504     0.3502314984798431     3.925488710403442
99     -0.6819999814033508      -0.001336664892733097     0.4427083432674408     4.044685840606689
100     -0.6826976537704468      -0.0004853339924011379     0.3706018328666687     4.048017024993896
101     -0.6817628741264343      0.008618001826107502     0.3802083432674408     4.734869003295898
102     -0.6800946593284607      0.01049399748444557     0.4407407343387604     3.643256425857544
103     -0.6818004250526428      -0.005259333178400993     0.3741898238658905     2.622429847717285
104     -0.6817507147789001      -0.002578003099188209     0.345370352268219     3.948634147644043
105     -0.6830439567565918      -0.007139332592487335     0.3680555522441864     5.077909469604492
106     -0.6824174523353577      -0.001310666440986097     0.3706018328666687     3.271331310272217
107     -0.6822152733802795      0.002066000597551465     0.3430555462837219     3.371967554092407
108     -0.6830456256866455      -0.00235399859957397     0.3502314984798431     4.851381301879883
109     -0.6824898719787598      0.005851336289197206     0.3329861164093018     2.403445720672607
110     -0.6823294758796692      -0.004871999844908714     0.3466435074806213     3.841475248336792
111     -0.6826866865158081      -0.006676666438579559     0.4277777373790741     2.87627124786377
112     -0.68233323097229      -0.003587332321330905     0.3800925612449646     4.799378871917725
113     -0.6821231842041016      -0.000432667089626193     0.3252314627170563     3.602139949798584
114     -0.6822973489761353      0.007243333850055933     0.366087943315506     3.041535139083862
115     -0.6807097792625427      -0.00349933304823935     0.3657407164573669     3.606536149978638
116     -0.6834481358528137      0.004933999851346016     0.3546296060085297     3.196516036987305
117     -0.6814332008361816      0.006268666591495275     0.4120370149612427     3.726868152618408
118     -0.6836333274841309      0.001267334213480353     0.3342592418193817     3.322537422180176
119     -0.6829066276550293      -0.001258666394278407     0.4268518388271332     2.891091585159302
120     -0.6815924644470215      -0.007687331642955542     0.3560185134410858     2.588931322097778
121     -0.6827284097671509      -0.0009600011399015784     0.4071758985519409     3.688694953918457
122     -0.6819735169410706      -0.00565399881452322     0.3771990537643433     3.588903903961182
123     -0.6834014654159546      0.000711333064828068     0.3775462508201599     3.897218704223633
124     -0.6829681992530823      0.00397399952635169     0.4597222208976746     3.356436252593994
125     -0.6811079382896423      0.007894664071500301     0.416898101568222     3.685498476028442
126     -0.6811816096305847      -0.004080666694790125     0.449305534362793     4.41154956817627
127     -0.6805697083473206      -0.0007920013158582151     0.3585648238658905     3.793189764022827
128     -0.6802521347999573      0.009012000635266304     0.402430534362793     2.927285432815552
129     -0.6808511018753052      0.0004479996860027313     0.356249988079071     3.318166255950928
130     -0.682123064994812      0.001614667940884829     0.3339120149612427     2.801107168197632
131     -0.6826510429382324      0.004495997913181782     0.3949073851108551     3.738546848297119
132     -0.6834987998008728      -0.003826666623353958     0.3754629194736481     3.014472723007202
133     -0.6814683079719543      0.002750003477558494     0.3521990478038788     3.088899850845337
134     -0.6837962865829468      -0.00397533318027854     0.3870370388031006     3.859358072280884
135     -0.6832478642463684      -0.001785997883416712     0.40625     5.136435508728027
136     -0.6823532581329346      -0.000418666866607964     0.3798610866069794     3.234975576400757
137     -0.6817269325256348      -0.003901999676600099     0.3410879373550415     3.574418306350708
138     -0.6823524832725525      -0.007016664370894432     0.4042823910713196     3.245965719223022
139     -0.6833375096321106      0.009598001837730408     0.3583333194255829     3.995510816574097
140     -0.6821881532669067      -0.005239999387413263     0.3996527493000031     3.042909860610962
141     -0.6826654672622681      -0.00789267010986805     0.4192129373550415     3.50766396522522
142     -0.6826655864715576      0.00490466644987464     0.345370352268219     3.16657543182373
143     -0.6826522350311279      0.002218000125139952     0.3706018328666687     3.4270920753479
144     -0.682634711265564      0.001087332260794938     0.3659722208976746     3.337384700775146
145     -0.6834548115730286      0.006786669604480267     0.4224537014961243     4.191277980804443
146     -0.683726966381073      -0.003954000771045685     0.3759258985519409     3.705063104629517
147     -0.6826826930046082      0.01694600656628609     0.3916666805744171     3.295110464096069
148     -0.6822216510772705      0.0005653345724567771     0.3263888657093048     3.837250232696533
149     -0.6828734278678894      -0.001506666652858257     0.3699073791503906     4.286994934082031
150     -0.6838414072990417      0.01026666071265936     0.4124999940395355     3.636923789978027
151     -0.6825678944587708      -0.006296665873378515     0.4104166626930237     3.256330013275146
152     -0.6836825609207153      0.0004720014694612473     0.4662036895751953     3.338437795639038
153     -0.683072030544281      -0.006521997042000294     0.3599537014961243     3.108824491500854
154     -0.6812776327133179      0.00559266097843647     0.3854166567325592     4.101465225219727
155     -0.682472288608551      -8.066699228947982e-05     0.3623842298984528     3.701740264892578
156     -0.6818533539772034      -0.003007333492860198     0.334837943315506     3.688523530960083
157     -0.6819867491722107      -0.0054439976811409     0.4068287014961243     2.787396192550659
158     -0.6820309162139893      0.004835330415517092     0.3673610985279083     3.427203893661499
159     -0.6819425821304321      0.005692664999514818     0.439120352268219     3.206567764282227
160     -0.6829508543014526      -0.001262666657567024     0.3842592239379883     3.542182207107544
161     -0.6815612316131592      -0.009727333672344685     0.4136573970317841     2.814638376235962
162     -0.6825693249702454      -0.00206266762688756     0.3299768567085266     3.629204988479614
163     -0.6818670034408569      0.004063333384692669     0.4293981194496155     3.618246793746948
164     -0.6824841499328613      -0.0004340001323726028     0.4282407164573669     2.611732959747314
165     -0.6811391711235046      0.0003693336620926857     0.3814814984798431     3.373812437057495
166     -0.6833977103233337      0.005761334206908941     0.3256944417953491     3.143381595611572
167     -0.6815453171730042      -0.006994001567363739     0.3556712567806244     3.305817365646362
168     -0.6800547242164612      0.0008766668615862727     0.3374999761581421     4.338600158691406
169     -0.6806761622428894      -0.006818666588515043     0.3129629492759705     4.218398094177246
170     -0.6804783940315247      -6.333469355013222e-05     0.3400462865829468     3.339202165603638
171     -0.6828492283821106      -0.003540668170899153     0.4138888716697693     3.832019090652466
172     -0.6825041770935059      -0.00324466428719461     0.3027777671813965     2.833989143371582
173     -0.6824056506156921      0.001108666998334229     0.3207176029682159     3.272386074066162
174     -0.6818497180938721      0.001470667077228427     0.3359953761100769     3.33161449432373
175     -0.6830778121948242      0.00174400070682168     0.3754629194736481     3.130125284194946
176     -0.6815654039382935      -0.001221333746798337     0.4185185134410858     2.708656787872314
177     -0.6825215816497803      0.002234666142612696     0.3407407104969025     3.143941402435303
178     -0.6812589168548584      -0.008177333511412144     0.3532407283782959     3.09606409072876
179     -0.6824803948402405      0.007383998949080706     0.3244212865829468     3.430824279785156
180     -0.6824815273284912      -0.004405333660542965     0.3484953641891479     3.699659585952759
181     -0.6813028454780579      0.004119999706745148     0.3743055462837219     3.750623464584351
182     -0.6829667091369629      -0.005524002481251955     0.303935170173645     4.048837661743164
183     -0.6808547973632812      0.004721333272755146     0.3606481552124023     3.960638999938965
184     -0.6824987530708313      0.001242666505277157     0.3756944239139557     3.83370304107666
185     -0.6824039220809937      -0.001318000606261194     0.3587962687015533     3.463531970977783
186     -0.6814196109771729      0.007478669285774231     0.3317129611968994     3.066222667694092
187     -0.6822173595428467      -0.004309998359531164     0.3677083253860474     2.052696704864502
188     -0.6817374229431152      -0.01176733057945967     0.3071759343147278     3.099187850952148
189     -0.6814069151878357      -0.004587994888424873     0.3575231432914734     3.282291650772095
190     -0.6822957992553711      0.006609334144741297     0.3335647881031036     2.75573205947876
191     -0.6826400756835938      0.005484667606651783     0.3069444298744202     3.141083002090454
192     -0.6822016835212708      -0.004452668130397797     0.4300925731658936     4.110313415527344
193     -0.6837217807769775      0.002088666893541813     0.3719907104969025     4.252437591552734
194     -0.6819506883621216      0.002380662830546498     0.4190972149372101     2.558336496353149
195     -0.6827759742736816      -0.002016002079471946     0.3849537074565887     3.141876697540283
196     -0.6831812262535095      0.007408664561808109     0.4645833373069763     4.263491630554199
197     -0.6834295392036438      0.009265336208045483     0.3368055522441864     3.969020128250122
198     -0.6817333102226257      0.00389933492988348     0.3160879611968994     3.528850555419922
199     -0.6824991703033447      -0.006157999858260155     0.3503472208976746     2.798766613006592
200     -0.6822881102561951      -0.003181999549269676     0.3978008925914764     3.073657989501953
201     -0.6826320290565491      -0.004047997295856476     0.4553240537643433     3.457281827926636
202     -0.6822068095207214      0.007010001689195633     0.3850694298744202     2.425653696060181
203     -0.681186854839325      -0.00225333240814507     0.3230323791503906     3.681966781616211
204     -0.6817562580108643      0.007251333445310593     0.3295138776302338     2.664108037948608
205     -0.6827042698860168      -0.001202667481265962     0.42314812541008     3.67911171913147
206     -0.6818107962608337      -0.002632001647725701     0.3542823791503906     3.489378213882446
207     -0.6826387643814087      0.005406665150076151     0.3393518328666687     3.938152551651001
208     -0.6824375987052917      0.00558933150023222     0.3730323910713196     2.317001104354858
209     -0.6831976175308228      -0.006944663822650909     0.3372685015201569     3.701687812805176
210     -0.6806030869483948      -0.001685333088971674     0.324652761220932     3.537138938903809
211     -0.6830561757087708      -0.0004126685380470008     0.3143518567085266     4.361259937286377
212     -0.683015763759613      0.005821334198117256     0.3717592358589172     4.051419734954834
213     -0.6821838617324829      -0.00231733382679522     0.3509258925914764     3.932878971099854
214     -0.6806002259254456      -0.007361326832324266     0.3896990418434143     4.090840339660645
215     -0.6829376816749573      -0.004575331695377827     0.371527761220932     3.275178670883179
216     -0.6817869544029236      0.008610669523477554     0.383564829826355     4.650527477264404
217     -0.6808829307556152      0.001745333080179989     0.3843750059604645     3.230181932449341
218     -0.6807923316955566      0.003581998869776726     0.3891203701496124     3.685473680496216
219     -0.6828617453575134      -0.003033997258171439     0.3756944239139557     4.321603298187256
220     -0.6843440532684326      -0.02311467938125134     0.3520833253860474     3.743802785873413
221     -0.6821665167808533      -0.001081333728507161     0.3997685015201569     4.384679794311523
222     -0.6820708513259888      -0.009974661283195019     0.378125011920929     2.984634160995483
223     -0.6836140155792236      -0.00778733566403389     0.3518518507480621     3.769283294677734
224     -0.6813588738441467      -0.006399330217391253     0.3347222208976746     2.598077058792114
225     -0.6815829277038574      -0.002439332893118262     0.3430555462837219     3.280632734298706
226     -0.6824082732200623      -0.00480333436280489     0.3813657164573669     4.316243171691895
227     -0.683030903339386      -0.0007426675292663276     0.2972221970558167     4.112383365631104
228     -0.6822656989097595      -0.004716000985354185     0.3847222030162811     4.552073001861572
229     -0.6825600862503052      -1.533771683170926e-05     0.3209490478038788     3.455958366394043
230     -0.6821852326393127      0.005968000274151564     0.3805555403232574     4.069501399993896
231     -0.6818930506706238      -0.004577334504574537     0.4035879373550415     4.92036771774292
232     -0.682502806186676      0.00438733259215951     0.394212931394577     3.968033790588379
233     -0.680762767791748      -0.001132665784098208     0.3687500059604645     2.472671985626221
234     -0.6835906505584717      -0.007752665318548679     0.3759258985519409     3.733688592910767
235     -0.6828014254570007      0.01459399703890085     0.3703703582286835     2.721508502960205
236     -0.6816866993904114      -0.004411332309246063     0.3693287074565887     3.395086050033569
237     -0.6823014616966248      0.002298666397109628     0.2994212806224823     3.504969358444214
238     -0.6830560564994812      -0.008072004653513432     0.3662036955356598     4.236150741577148
239     -0.6839107275009155      0.001297332928515971     0.4203703701496124     3.817184209823608
240     -0.6836695075035095      0.008468667045235634     0.397685170173645     3.75571346282959
241     -0.6829308271408081      0.01343467552214861     0.3337962925434113     4.334522247314453
242     -0.6828003525733948      -0.003911333158612251     0.3583333194255829     3.180833339691162
243     -0.6840121150016785      -0.00289799808524549     0.3962962627410889     4.049350738525391
244     -0.6829906702041626      0.001005333731882274     0.4053240418434143     3.206628799438477
245     -0.6831466555595398      0.002671334659680724     0.3581018447875977     2.930599689483643
246     -0.6812371015548706      0.0003173335280735046     0.3759258985519409     3.532973289489746
247     -0.6828359961509705      0.003873331937938929     0.355555534362793     2.963418960571289
248     -0.6819013357162476      0.0002106665342580527     0.3446758985519409     2.883146047592163
249     -0.6827989816665649      -0.002806001110002398     0.375     5.111526012420654
250     -0.681216299533844      0.01129466667771339     0.353935182094574     3.484820365905762
251     -0.6813589930534363      -0.004742664750665426     0.3365740478038788     3.522175550460815
252     -0.681879997253418      -0.01147999800741673     0.3890045881271362     3.489814758300781
253     -0.6816909909248352      -0.003400664310902357     0.3391203582286835     3.441385507583618
254     -0.6815334558486938      0.005309331696480513     0.4554397761821747     3.179635047912598
255     -0.6834332942962646      -0.006929999217391014     0.3381944298744202     3.339990854263306
256     -0.6807839274406433      0.003482665633782744     0.324999988079071     3.999088525772095
257     -0.6821680665016174      -0.003488000947982073     0.3649305403232574     3.141342163085938
258     -0.6828921437263489      -0.007000000681728125     0.371527761220932     3.74581241607666
259     -0.6823110580444336      0.002654000418260694     0.376620352268219     4.129536628723145
260     -0.6826522946357727      0.004406664054840803     0.3939814865589142     3.100490570068359
261     -0.6836185455322266      -0.004425332881510258     0.3344907164573669     2.753974914550781
262     -0.6827319860458374      0.003690666751936078     0.3530092239379883     3.354632377624512
263     -0.6828563809394836      -0.004382000770419836     0.3722222149372101     2.668893814086914
264     -0.6826427578926086      0.002313999691978097     0.3307870328426361     3.498599290847778
265     -0.6809990406036377      -0.005575334653258324     0.4267360866069794     3.772173404693604
266     -0.681913435459137      -0.002230001147836447     0.3651620149612427     4.597358703613281
267     -0.6820723414421082      -0.01144066732376814     0.3798610866069794     3.501133441925049
268     -0.6824082136154175      -0.0009073324035853148     0.3074073791503906     3.008826494216919
269     -0.6831498146057129      -0.00996866449713707     0.3620370328426361     3.382128238677979
270     -0.6820975542068481      -0.0004406669177114964     0.3587962687015533     3.729212999343872
271     -0.683516263961792      -0.002041999949142337     0.4513888657093048     3.44414234161377
272     -0.6827390193939209      0.003369999350979924     0.4004629254341125     3.832351207733154
273     -0.6801239252090454      0.004290671087801456     0.3765046000480652     2.852951765060425
274     -0.6827517747879028      0.001853332854807377     0.3592592477798462     3.273137807846069
275     -0.6822347640991211      0.004294000566005707     0.3932870328426361     3.236222982406616
276     -0.6833055019378662      0.004569331649690866     0.4219907224178314     6.018848896026611
277     -0.6824602484703064      0.004387333523482084     0.3754629194736481     3.868825912475586
278     -0.6824800968170166      0.005359333008527756     0.3849537074565887     3.263088464736938
279     -0.6827202439308167      -0.008430670946836472     0.3458333313465118     3.913592100143433
280     -0.6816335320472717      0.00408066576346755     0.3818286955356598     3.861571550369263
281     -0.6811322569847107      -0.007350665517151356     0.267245352268219     2.98279857635498
282     -0.6813786029815674      -0.01099199056625366     0.356249988079071     3.290308952331543
283     -0.6812124252319336      0.0003059993323404342     0.3909721970558167     4.090343952178955
284     -0.6819655299186707      -0.001773333759047091     0.3266203701496124     2.578846454620361
285     -0.6818628907203674      -0.0008966683526523411     0.385185182094574     3.65017557144165
286     -0.682381272315979      -0.002628665883094072     0.3670138716697693     2.814036846160889
287     -0.6813490986824036      0.002591333817690611     0.3855323791503906     4.468059062957764
288     -0.6815306544303894      0.0008493339992128313     0.3449074029922485     3.357435941696167
289     -0.6812506914138794      0.0007260006386786699     0.3656249940395355     3.370117425918579
290     -0.682436466217041      0.004362667910754681     0.3896990418434143     2.756780624389648
291     -0.6811657547950745      0.0034866645000875     0.3670138716697693     2.756359100341797
292     -0.6833251118659973      -0.000901999301277101     0.3837962746620178     2.766309976577759
293     -0.682749330997467      -0.003617999609559774     0.3761574029922485     3.68925952911377
294     -0.6828624606132507      0.006506669335067272     0.3115740418434143     3.437226295471191
295     -0.6824881434440613      -0.001306665712036192     0.3577545881271362     3.784701824188232
296     -0.6828615069389343      -0.008314003236591816     0.3914351761341095     5.143031120300293
297     -0.6823017001152039      0.006372664589434862     0.3687500059604645     3.191203117370605
298     -0.6835107207298279      0.004127333872020245     0.3053240478038788     4.019395351409912
299     -0.6833241581916809      -0.002844666130840778     0.296527773141861     2.885797500610352
300     -0.6815801858901978      -0.004321332555264235     0.3368055522441864     3.802779912948608
301     -0.6828014254570007      -0.00523666525259614     0.3532407283782959     4.200917720794678
302     -0.6834680438041687      0.003050667233765125     0.4101851880550385     3.733598947525024
303     -0.6846324801445007      0.009571332484483719     0.3493055403232574     2.962475299835205
304     -0.6827417612075806      0.003623335855081677     0.3789351880550385     2.705994367599487
305     -0.6827839612960815      0.0002033360215136781     0.3951388895511627     4.252144336700439
306     -0.6802679300308228      0.0007886673556640744     0.4124999940395355     3.52955150604248
307     -0.6825064420700073      0.007954001426696777     0.3763888776302338     3.03427529335022
308     -0.6835230588912964      -0.003698668908327818     0.3094907104969025     3.069055557250977
309     -0.6816282272338867      -0.003317334456369281     0.3505786955356598     5.066862106323242
310     -0.6822853088378906      -0.002551334444433451     0.371874988079071     3.146222591400146
311     -0.6835932731628418      0.00483533414080739     0.3696759045124054     3.863831281661987
312     -0.681197464466095      0.004674665629863739     0.4342592358589172     3.592286109924316
313     -0.68147873878479      0.003853334346786141     0.3362268507480621     3.276151418685913
314     -0.6813521385192871      0.008393337018787861     0.353935182094574     3.205830335617065
315     -0.6815852522850037      0.01354800444096327     0.3496527373790741     2.972944021224976
316     -0.6823505163192749      0.00355600006878376     0.3481481671333313     3.723374605178833
317     -0.6823135018348694      0.0007686655735597014     0.4192129373550415     2.312906980514526
318     -0.681990921497345      -0.003561999881640077     0.3446758985519409     3.545280694961548
319     -0.6820106506347656      -0.002733334200456738     0.3003472089767456     3.039437770843506
320     -0.6822494864463806      0.0008193341782316566     0.3576388657093048     3.722573280334473
321     -0.682049572467804      -0.003048666520044208     0.3519675731658936     3.251309633255005
322     -0.6834918856620789      0.004153339192271233     0.4261573851108551     3.897291421890259
323     -0.6828135848045349      -0.006431998685002327     0.3444444239139557     3.691710233688354
324     -0.6828747391700745      0.004769336897879839     0.3224537074565887     3.403217554092407
325     -0.6831722855567932      -0.002061333041638136     0.3564814925193787     3.934288024902344
326     -0.6810789704322815      -0.01473932899534702     0.4251157343387604     3.634847640991211
327     -0.6824057102203369      0.004201330244541168     0.3717592358589172     3.840113639831543
328     -0.6823602914810181      0.0008559987763874233     0.394212931394577     2.714447021484375
329     -0.6825788617134094      -0.005852003581821918     0.312152773141861     3.729061603546143
330     -0.6821242570877075      0.005283331498503685     0.3420138657093048     2.895171880722046
331     -0.6825482845306396      -0.001857332070358098     0.3771990537643433     2.964466571807861
332     -0.6835641264915466      -0.001246001455001533     0.355555534362793     3.885010004043579
333     -0.6806817650794983      -0.00472732912749052     0.3395833075046539     3.817935228347778
334     -0.6840991973876953      0.00254466850310564     0.4312500059604645     4.227631568908691
335     -0.6814152002334595      0.009401997551321983     0.3561342358589172     4.68925952911377
336     -0.6830976605415344      8.400045044254512e-05     0.3819444179534912     4.30220365524292
337     -0.6811324954032898      0.00870133750140667     0.3841435015201569     4.119247913360596
338     -0.6825252175331116      0.005204665474593639     0.3341435194015503     3.036854267120361
339     -0.6811928153038025      -0.0003313336637802422     0.4156250059604645     2.944882154464722
340     -0.6814334988594055      0.007601337973028421     0.3172453641891479     3.12909984588623
341     -0.6820642352104187      0.002604668028652668     0.4174768328666687     3.598457098007202
342     -0.6816669702529907      -0.0004133333859499544     0.3662036955356598     2.546787023544312
343     -0.6812348365783691      -0.007301332429051399     0.3567129373550415     2.849445104598999
344     -0.6815494298934937      0.00270733330398798     0.4000000059604645     2.997202157974243
345     -0.6832150220870972      -0.007961997762322426     0.3418981432914734     3.429253339767456
346     -0.6805510520935059      -0.008814666420221329     0.3432870209217072     2.935370206832886
347     -0.6819085478782654      0.005948670674115419     0.3454860746860504     2.597687244415283
348     -0.6824213266372681      -0.001396667445078492     0.3502314984798431     3.678449630737305
349     -0.6810362339019775      -0.003934001084417105     0.3284721970558167     4.467028141021729
350     -0.6833655834197998      0.002036001766100526     0.314120352268219     3.699434995651245
351     -0.6837285161018372      -0.005481337662786245     0.4365740418434143     4.715242862701416
352     -0.6818265914916992      -0.005573335569351912     0.3331018388271332     2.941473722457886
353     -0.6827455163002014      0.003524000756442547     0.3534722030162811     4.773320198059082
354     -0.681261420249939      -0.003767999121919274     0.4324073791503906     4.719504833221436
355     -0.6836511492729187      0.004314666613936424     0.3701388835906982     3.008225917816162
356     -0.6809642910957336      0.002305998234078288     0.3435185253620148     3.069956064224243
357     -0.683409571647644      0.005892663262784481     0.3736110925674438     4.25180721282959
358     -0.6822882294654846      -0.01430399995297194     0.2968749701976776     3.397275924682617
359     -0.6839717626571655      0.009969337843358517     0.423842579126358     3.90074348449707
360     -0.6831254959106445      -0.006999331992119551     0.383564829826355     3.593407154083252
361     -0.6825709342956543      -0.00993132870644331     0.3712962567806244     4.023722648620605
362     -0.6812946200370789      0.009625999256968498     0.3748842477798462     3.617962837219238
363     -0.6824108958244324      0.003863332094624639     0.3760416805744171     4.347548484802246
364     -0.6815028786659241      -0.0005859991069883108     0.3560185134410858     4.066946506500244
365     -0.6822534799575806      0.000140666903462261     0.4016203582286835     4.135307788848877
366     -0.6829985976219177      0.004008001182228327     0.3692129254341125     4.266719341278076
367     -0.6805615425109863      0.00192733237054199     0.4310185015201569     4.508605003356934
368     -0.6826937794685364      0.01064933836460114     0.4034722149372101     3.470228910446167
369     -0.6829743385314941      -0.001274000038392842     0.3717592358589172     5.323844909667969
370     -0.6833111047744751      -0.0002313327131560072     0.3111110925674438     4.308259010314941
371     -0.6825255751609802      -0.004321335814893246     0.3011573851108551     2.4265456199646
372     -0.6822654008865356      0.002503998344764113     0.3431712687015533     3.575804948806763
373     -0.68277907371521      0.0009826630121096969     0.3872685134410858     4.703524112701416
374     -0.6831467151641846      0.003186000278219581     0.3831018507480621     3.52707314491272
375     -0.6811280250549316      -0.001215334283187985     0.3274305462837219     2.740152359008789
376     -0.6822906732559204      0.008270001038908958     0.3837962746620178     3.500515937805176
377     -0.6825124025344849      -0.006210668012499809     0.3498842418193817     3.87302041053772
378     -0.6820241212844849      0.003035999834537506     0.3934027552604675     3.314708948135376
379     -0.6820307374000549      -0.01019333209842443     0.4065971970558167     5.114888191223145
380     -0.6831656694412231      -0.007038665004074574     0.3608796000480652     4.050684452056885
381     -0.6841799020767212      -0.005969335325062275     0.3643518388271332     4.323429584503174
382     -0.6817843317985535      0.0001093322061933577     0.3172453641891479     2.952035188674927
383     -0.6820358633995056      0.008843334391713142     0.3505786955356598     4.633575916290283
384     -0.6819151043891907      0.004519999027252197     0.3425925672054291     3.58646035194397
385     -0.6821904182434082      0.001820000354200602     0.3456018567085266     4.212626934051514
386     -0.6835013031959534      -0.007915996946394444     0.396064817905426     2.896694898605347
387     -0.6823933720588684      0.009568670764565468     0.3993055522441864     2.951781511306763
388     -0.6815962195396423      0.007230001036077738     0.3472222089767456     3.122643947601318
389     -0.6808972358703613      0.00668666698038578     0.3674768507480621     3.918600559234619
390     -0.6826682090759277      0.006600665859878063     0.3791666626930237     3.723642349243164
391     -0.6819854974746704      0.006054664496332407     0.4053240418434143     3.716397047042847
392     -0.6816177368164062      0.0001373347622575238     0.3443287014961243     3.124179601669312
393     -0.6815137267112732      0.009938668459653854     0.3396990597248077     3.159809827804565
394     -0.6817120313644409      0.009887328371405602     0.3920138776302338     2.719506502151489
395     -0.6823254227638245      0.005670667160302401     0.3390046060085297     3.276635408401489
396     -0.6811653971672058      -0.005829333793371916     0.3738425672054291     3.554090738296509
397     -0.6832642555236816      -0.005724004935473204     0.309027761220932     3.212106466293335
398     -0.6815267205238342      0.009231996722519398     0.359375     4.146434783935547
399     -0.6838521957397461      0.004022669047117233     0.3590277433395386     3.467871427536011
400     -0.6816590428352356      -0.005341996438801289     0.3403935134410858     3.390363931655884
401     -0.6820879578590393      0.00103533489163965     0.3369212746620178     4.007194519042969
402     -0.6822322010993958      -0.001988671254366636     0.3682870268821716     4.575896263122559
403     -0.6821922063827515      0.001741333049722016     0.3592592477798462     3.610758066177368
404     -0.6811310648918152      0.002940666163340211     0.3314814567565918     2.757587671279907
405     -0.6829172372817993      0.003942668437957764     0.3706018328666687     3.264679670333862
406     -0.682105541229248      0.005824665073305368     0.3545138835906982     3.820914030075073
407     -0.6818068623542786      0.0009906671475619078     0.3993055522441864     4.042377471923828
408     -0.6820403933525085      -0.01069999672472477     0.355902761220932     3.101002216339111
409     -0.6822575926780701      -0.01245533395558596     0.3373842239379883     3.831764221191406
410     -0.6829293370246887      -0.001194666489027441     0.4263888895511627     3.294134140014648
411     -0.6828829050064087      -0.010684659704566     0.3775462508201599     4.097394943237305
412     -0.6819136738777161      -0.006299330852925777     0.3545138835906982     2.703022956848145
413     -0.6810226440429688      -0.005918005481362343     0.3685185015201569     2.28451943397522
414     -0.6815070509910583      0.007143998518586159     0.3201388716697693     3.526608943939209
415     -0.681113600730896      -0.001783998333849013     0.3487268388271332     4.293599128723145
416     -0.6830865144729614      0.004966669250279665     0.3560185134410858     3.58058762550354
417     -0.6814494729042053      -0.003735999809578061     0.432060182094574     3.775296926498413
418     -0.6808692812919617      0.003450668416917324     0.3826388716697693     4.144349098205566
419     -0.6812401413917542      0.005250666756182909     0.3315972089767456     3.713383197784424
420     -0.6818263530731201      0.001727998605929315     0.3435185253620148     3.419714450836182
421     -0.6815758943557739      0.00214200047776103     0.385185182094574     3.894791126251221
422     -0.6814708709716797      -0.001837334129959345     0.4028935134410858     3.152466535568237
423     -0.6827243566513062      -0.0002039998798863962     0.3333333134651184     4.115087985992432
424     -0.681556224822998      -0.0002199998125433922     0.4171296060085297     4.465020656585693
425     -0.6817188262939453      -0.007201330736279488     0.3646990656852722     4.378202438354492
426     -0.6838697195053101      0.004271996673196554     0.3666666746139526     3.369726657867432
427     -0.6844466924667358      -0.001129333046264946     0.4018518328666687     3.00599193572998
428     -0.6815361976623535      0.0006900003063492477     0.3844907283782959     4.93319845199585
429     -0.6822253465652466      -0.002154664834961295     0.3460648059844971     3.686583757400513
430     -0.6836867928504944      0.003423332236707211     0.2888888716697693     2.369266033172607
431     -0.6826068162918091      0.00598399993032217     0.3763888776302338     3.00633716583252
432     -0.6829203963279724      -0.01294866856187582     0.3747685253620148     3.799539089202881
433     -0.6822817325592041      0.001686664763838053     0.3459490537643433     3.831060886383057
434     -0.6818509697914124      -0.0004819997120648623     0.3443287014961243     3.159254550933838
435     -0.6817031502723694      0.005135998129844666     0.4126157164573669     3.519469022750854
436     -0.6821455955505371      0.01197666581720114     0.3553240597248077     2.988420009613037
437     -0.6811431050300598      -0.0005060014082118869     0.3847222030162811     2.633661985397339
438     -0.6836190819740295      -0.006442001555114985     0.3317129611968994     4.229723930358887
439     -0.6829199194908142      0.0005460015963762999     0.3900462687015533     3.931502819061279
440     -0.6827393174171448      -0.001587997539900243     0.385185182094574     2.928480863571167
441     -0.6829828023910522      0.009511335752904415     0.3509258925914764     4.953725337982178
442     -0.6829063296318054      -0.007046672981232405     0.3662036955356598     3.852981090545654
443     -0.6823387742042542      -0.01272599957883358     0.3638888895511627     3.083848714828491
444     -0.6821151375770569      0.0001139995292760432     0.3501157164573669     3.165478229522705
445     -0.6821976900100708      -0.004636000376194715     0.4313657283782959     3.207156896591187
446     -0.6822042465209961      -0.002024665242061019     0.3434027433395386     3.37201976776123
447     -0.6815228462219238      0.008099333383142948     0.3927083313465118     3.943134069442749
448     -0.6813749074935913      0.001670666038990021     0.3061342537403107     2.954446315765381
449     -0.6816989183425903      -0.001166666392236948     0.3833333253860474     3.96953296661377
450     -0.6809253692626953      0.00326400063931942     0.322685182094574     2.641974449157715
451     -0.6829640865325928      0.005570667330175638     0.3229166567325592     2.37277626991272
452     -0.6812999844551086      0.008937331847846508     0.3947916626930237     4.016655445098877
453     -0.6819813847541809      -0.01062799990177155     0.3665508925914764     3.831628561019897
454     -0.6813164949417114      -0.00351800094358623     0.3519675731658936     3.305256605148315
455     -0.6820789575576782      -0.01037999894469976     0.4003472030162811     3.292104482650757
456     -0.6811679005622864      -0.004066667053848505     0.3607638776302338     2.72165322303772
457     -0.6822413206100464      -0.01051132008433342     0.3898148238658905     3.285056352615356
458     -0.6834786534309387      -0.0001500001962995157     0.4101851880550385     3.700765371322632
459     -0.6828071475028992      -0.00186800048686564     0.3620370328426361     4.168289661407471
460     -0.6816150546073914      0.003059332258999348     0.3424768447875977     2.207012414932251
461     -0.682029128074646      0.01036466937512159     0.366087943315506     4.272304534912109
462     -0.6818881034851074      0.0009513342520222068     0.3524305522441864     4.399004936218262
463     -0.6823774576187134      -0.0004186664882581681     0.3666666746139526     3.450686454772949
464     -0.6831709742546082      0.008856000378727913     0.3761574029922485     3.956716775894165
465     -0.6808452010154724      -0.005730662029236555     0.3965277373790741     4.080864429473877
466     -0.6819651126861572      0.00384199945256114     0.4269675612449646     4.281696796417236
467     -0.6822083592414856      0.002507334342226386     0.3116897940635681     2.711253881454468
468     -0.6822096109390259      -0.01779201067984104     0.3584490418434143     3.337924718856812
469     -0.6834440231323242      0.008785330690443516     0.3164351880550385     3.327574491500854
470     -0.6813907027244568      -0.006582002621144056     0.3752314746379852     3.371370553970337
471     -0.6823640465736389      0.00358199723996222     0.3798610866069794     3.636133670806885
472     -0.6822961568832397      -0.01420800294727087     0.3612268567085266     2.461753129959106
473     -0.6829890012741089      -0.004108001012355089     0.387499988079071     3.448314189910889
474     -0.6832855343818665      -4.600173269864172e-05     0.3622685074806213     3.207948684692383
475     -0.6838175654411316      -0.001889998326078057     0.4828703701496124     4.85567045211792
476     -0.6818559169769287      0.002153333276510239     0.3645833432674408     2.765852212905884
477     -0.6812652349472046      0.007884661667048931     0.3967592418193817     3.465756893157959
478     -0.6826719045639038      0.003122001653537154     0.3252314627170563     3.94301700592041
479     -0.6828507781028748      0.001531333313323557     0.3877314925193787     3.266652345657349
480     -0.6820998787879944      0.001277332892641425     0.3061342537403107     3.678699254989624
481     -0.6815001964569092      6.266775017138571e-05     0.3321759104728699     3.21284008026123
482     -0.6810535788536072      0.006365332752466202     0.3932870328426361     3.649155855178833
483     -0.679861843585968      0.007267335895448923     0.3803240656852722     2.101699829101562
484     -0.6829336881637573      0.01202599424868822     0.3377314507961273     3.964061498641968
485     -0.6826295256614685      -0.008768667466938496     0.3530092239379883     2.996719837188721
486     -0.6821027994155884      0.0006540001486428082     0.3799768388271332     4.077208995819092
487     -0.6806280016899109      0.01246465928852558     0.3471064865589142     3.461821317672729
488     -0.6811709403991699      -0.001565996441058815     0.3598379194736481     5.146927356719971
489     -0.6818191409111023      -0.0006000004359520972     0.3385416567325592     4.143896579742432
490     -0.6820895671844482      0.003297335235401988     0.3483796119689941     3.24083423614502
491     -0.6825824975967407      0.006214665714651346     0.3253472149372101     3.072764873504639
492     -0.6824724674224854      0.003746669040992856     0.3499999940395355     3.4028000831604
493     -0.6833623051643372      0.003723334288224578     0.3666666746139526     2.82045578956604
494     -0.6818361282348633      0.004446667619049549     0.3368055522441864     2.607917308807373
495     -0.6826505661010742      0.008690668269991875     0.3900462687015533     2.733487844467163
496     -0.6832816600799561      0.000545999500900507     0.3490740656852722     3.542222261428833
497     -0.6833010911941528      0.004597330465912819     0.3773148059844971     3.132648229598999
498     -0.6850679516792297      -0.001620666706003249     0.3803240656852722     3.220434188842773
499     -0.6821150183677673      0.000689336156938225     0.3603008985519409     3.583404302597046
500     -0.681105375289917      0.0007599990931339562     0.350810170173645     3.362312078475952
501     -0.6829186081886292      0.005612668581306934     0.4182870388031006     3.262660503387451
502     -0.6816601157188416      -0.004444001242518425     0.4137731492519379     3.745295524597168
503     -0.6813616752624512      -0.009432666935026646     0.3927083313465118     3.738591432571411
504     -0.6842482686042786      0.001347334356978536     0.3518518507480621     3.24826455116272
505     -0.6838546395301819      0.006398665718734264     0.3895833194255829     2.760367870330811
506     -0.6816788911819458      -0.006099334917962551     0.3217592537403107     3.206423282623291
507     -0.6817795634269714      0.001458664308302104     0.3916666805744171     3.565924882888794
508     -0.683693528175354      -0.002093333518132567     0.3914351761341095     2.550700664520264
509     -0.6831919550895691      0.004935332573950291     0.4293981194496155     3.040002822875977
510     -0.6817057132720947      0.001106666750274599     0.3565972149372101     3.77573561668396
511     -0.6828538179397583      0.004971332848072052     0.3094907104969025     3.065500736236572
512     -0.6826519966125488      0.001482665655203164     0.3819444179534912     4.258843898773193
513     -0.6814151406288147      -0.002639332553371787     0.4351851940155029     3.490082263946533
514     -0.6835456490516663      -0.0064026671461761     0.3199073970317841     3.099021911621094
515     -0.6841004490852356      -0.003521324368193746     0.4069444239139557     5.366626739501953
516     -0.6812975406646729      -0.002294666599482298     0.3901620209217072     3.292150735855103
517     -0.683541476726532      0.01136199664324522     0.3527777493000031     2.782195329666138
518     -0.6822975873947144      0.005837999284267426     0.3442129194736481     3.325932502746582
519     -0.6828495860099792      -0.002891332376748323     0.3692129254341125     3.394460201263428
520     -0.681502640247345      0.003658666973933578     0.3947916626930237     2.973590850830078
521     -0.6822296380996704      -0.003648001002147794     0.3827545940876007     3.832580327987671
522     -0.6818013191223145      0.01133199967443943     0.3439814746379852     3.818293571472168
523     -0.6832456588745117      -0.002660001395270228     0.3194444477558136     3.136036157608032
524     -0.6831735968589783      -0.001294665853492916     0.3495370149612427     3.042008399963379
525     -0.681833803653717      -0.005968662910163403     0.3494212627410889     3.207819700241089
526     -0.6826922297477722      0.006051998119801283     0.3979166746139526     3.90665602684021
527     -0.6824454665184021      0.00485599972307682     0.3432870209217072     2.953296899795532
528     -0.682496190071106      0.004086666274815798     0.3408564627170563     4.267816543579102
529     -0.683241605758667      0.009083336219191551     0.3435185253620148     3.44914984703064
530     -0.6812467575073242      0.0003533335984684527     0.3692129254341125     3.836534261703491
531     -0.6817071437835693      -0.003271329216659069     0.3652777373790741     3.774049043655396
532     -0.6834388971328735      -0.01827465929090977     0.385185182094574     3.42078685760498
533     -0.6843005418777466      0.00201133475638926     0.340277761220932     4.796152591705322
534     -0.6818560361862183      -0.005854667630046606     0.3310185074806213     3.406050205230713
535     -0.6806240081787109      -0.004877332597970963     0.3493055403232574     4.073878765106201
536     -0.6830719113349915      -0.00486933346837759     0.3122685253620148     2.833043575286865
537     -0.6829176545143127      -0.00732866395264864     0.3201388716697693     3.544552326202393
538     -0.6820749640464783      -0.002159332856535912     0.4010416567325592     3.689139366149902
539     -0.6820003390312195      0.0001980010274564847     0.4214120209217072     3.695587158203125
540     -0.6820907592773438      -0.01205000933259726     0.3681712746620178     2.00627326965332
541     -0.6814679503440857      -0.003483334323391318     0.3612268567085266     2.704165935516357
542     -0.6821240186691284      -0.001517999335192144     0.3815972208976746     3.951703548431396
543     -0.6813269853591919      0.001583331730216742     0.4061342477798462     3.420218467712402
544     -0.6817187666893005      -4.066597466589883e-05     0.3546296060085297     3.073362588882446
545     -0.6819731593132019      0.001463333144783974     0.3982638716697693     3.378248691558838
546     -0.6815782189369202      0.00220866734161973     0.3763888776302338     3.339038848876953
547     -0.6815868616104126      0.0010406639194116     0.322685182094574     3.894134521484375
548     -0.6811439990997314      -0.006804004777222872     0.385185182094574     4.502742767333984
549     -0.6830388307571411      -0.002671335823833942     0.330092579126358     5.178386211395264
550     -0.6816336512565613      -0.002641331870108843     0.3716435134410858     4.027152538299561
551     -0.6828945875167847      -0.002579332562163472     0.3930555284023285     2.732686519622803
552     -0.6823962330818176      0.005302000790834427     0.3798610866069794     3.046456336975098
553     -0.6833803653717041      -0.00297533068805933     0.3560185134410858     4.595182418823242
554     -0.6817681789398193      0.001001334167085588     0.4251157343387604     2.811273336410522
555     -0.6821494698524475      0.003809335408732295     0.3671295940876007     3.39246654510498
556     -0.6828680634498596      0.0037480010651052     0.4124999940395355     3.625876665115356
557     -0.6824080944061279      0.0003860018623527139     0.4456018507480621     4.102102279663086
558     -0.6822335124015808      0.002775999484583735     0.4560185074806213     2.164539575576782
559     -0.6823334693908691      -0.001940001035109162     0.3239583075046539     3.9051833152771
560     -0.6830202341079712      0.01132866647094488     0.3256944417953491     4.517166137695312
561     -0.6828764677047729      -0.009439331479370594     0.3583333194255829     3.119953870773315
562     -0.6829549074172974      -0.005731996614485979     0.3534722030162811     2.88231635093689
563     -0.6810683012008667      -0.001081332447938621     0.3599537014961243     4.492998123168945
564     -0.6826682090759277      0.001680669491179287     0.4099536836147308     3.292857646942139
565     -0.6814187169075012      -0.004169332329183817     0.3214120268821716     3.660062074661255
566     -0.680784285068512      -0.005669999402016401     0.3445601761341095     3.333787441253662
567     -0.6815323233604431      0.004352664574980736     0.4081018567085266     4.615487098693848
568     -0.6805963516235352      0.004616666585206985     0.3489583432674408     2.908160448074341
569     -0.6831772327423096      -0.007732662837952375     0.3763888776302338     4.854292869567871
570     -0.6826950907707214      -0.006656667217612267     0.3372685015201569     4.999805927276611
571     -0.6827681660652161      -0.004518000409007072     0.3854166567325592     3.339195966720581
572     -0.6811721324920654      0.005103999748826027     0.3774305284023285     4.04737663269043
573     -0.6812041997909546      0.004802670329809189     0.4005787074565887     2.951833009719849
574     -0.6822934150695801      -0.002092662267386913     0.3891203701496124     3.319577217102051
575     -0.6829909682273865      -0.006319999229162931     0.3928240537643433     4.135396480560303
576     -0.6822199821472168      -0.004597333259880543     0.3358796238899231     4.000333786010742
577     -0.6823521852493286      -0.003342666197568178     0.3256944417953491     4.950525283813477
578     -0.6834747791290283      -0.0008459996315650642     0.4224537014961243     3.261439800262451
579     -0.682112455368042      -0.008379992097616196     0.3620370328426361     4.779074668884277
580     -0.6818870306015015      -0.000922669074498117     0.4054398238658905     3.406854867935181
581     -0.6827751398086548      -0.0003393332590349019     0.3710648119449615     3.406696557998657
582     -0.6832426190376282      0.002858000341802835     0.3981481492519379     4.094071388244629
583     -0.6813637018203735      -0.00914266612380743     0.3712962567806244     3.604886770248413
584     -0.681591808795929      -0.003414667211472988     0.3505786955356598     3.948613166809082
585     -0.6809481382369995      0.0004800011229235679     0.3320601880550385     3.393116235733032
586     -0.6814237833023071      -0.00121866655535996     0.3997685015201569     2.835205078125
587     -0.6823359131813049      0.007709330413490534     0.3704860806465149     3.50027322769165
588     -0.6826719045639038      -0.006473332643508911     0.3594907224178314     2.628724813461304
589     -0.6825841665267944      0.003021999262273312     0.3424768447875977     3.372947216033936
590     -0.6843758225440979      0.0002226659416919574     0.3185185194015503     3.481938362121582
591     -0.6824455857276917      0.002792666433379054     0.3511573970317841     3.567984104156494
592     -0.6822854280471802      -0.003034666646271944     0.3493055403232574     3.793151617050171
593     -0.6823159456253052      0.009440667927265167     0.3271990418434143     3.372185468673706
594     -0.682041347026825      0.005443334579467773     0.3537037074565887     4.07589054107666
595     -0.6816135048866272      -0.004078665748238564     0.4357638657093048     2.852873086929321
596     -0.683100163936615      0.004136001225560904     0.3967592418193817     3.546313524246216
597     -0.6828092336654663      -0.002110000001266599     0.4159722030162811     3.437566757202148
598     -0.6819935441017151      0.001228666980750859     0.3315972089767456     2.348800659179688
599     -0.6822147369384766      -0.00510866753757     0.3822916746139526     2.829389095306396
600     -0.6820641756057739      0.003569333348423243     0.3673610985279083     2.514036893844604
601     -0.682625412940979      0.004114667885005474     0.3537037074565887     2.825595140457153
602     -0.6825962066650391      -0.001954664941877127     0.3677083253860474     3.687723398208618
603     -0.6829696297645569      0.004260662943124771     0.3284721970558167     3.682056427001953
604     -0.6811346411705017      -0.008648001588881016     0.3611110746860504     3.914218425750732
605     -0.6831879019737244      0.004059332422912121     0.394212931394577     4.02837085723877
606     -0.68229740858078      0.002402667421847582     0.3811342418193817     3.21200704574585
607     -0.6816949248313904      0.002668000757694244     0.340277761220932     3.705864906311035
608     -0.6816387176513672      -0.0004160008102189749     0.3909721970558167     2.57065486907959
609     -0.6817027926445007      -0.009438002482056618     0.3130787014961243     2.696187734603882
610     -0.6834304928779602      -0.01331733819097281     0.3601851761341095     3.479631423950195
611     -0.6845080852508545      -0.008857337757945061     0.3506944179534912     4.094796657562256
612     -0.6826213598251343      0.00135599949862808     0.3863425552845001     3.191111087799072
613     -0.6831292510032654      0.004371996968984604     0.3497685194015503     3.099465608596802
614     -0.6813774704933167      -0.002777333837002516     0.4061342477798462     4.436685085296631
615     -0.6818530559539795      -0.004173335153609514     0.3839120268821716     3.951536178588867
616     -0.6826133131980896      -0.009320002049207687     0.3953703641891479     3.538954734802246
617     -0.6814601421356201      0.001968668540939689     0.3776620328426361     3.890013694763184
618     -0.6827083230018616      -0.002014001132920384     0.3641203641891479     3.264155626296997
619     -0.6831600666046143      0.005656001623719931     0.394212931394577     4.292973518371582
620     -0.682085394859314      -0.001846667495556176     0.340277761220932     4.214685440063477
621     -0.6828000545501709      -0.008598002605140209     0.4432870149612427     2.313953399658203
622     -0.6831173300743103      -0.005325330421328545     0.3923610746860504     2.509912490844727
623     -0.6814429759979248      0.008472668007016182     0.408217579126358     4.62629222869873
624     -0.6829838156700134      -0.001924664131365716     0.3756944239139557     3.64868688583374
625     -0.6822242140769958      0.001478663412854075     0.3460648059844971     4.415738582611084
626     -0.6810001134872437      0.002407331252470613     0.3829860985279083     3.181193590164185
627     -0.68143230676651      0.004397999495267868     0.3314814567565918     2.568174839019775
628     -0.6827788949012756      0.004878668114542961     0.3861110806465149     4.129893779754639
629     -0.6843705773353577      -0.006298000458627939     0.3405092358589172     3.91279125213623
630     -0.6827389597892761      0.008118666708469391     0.3895833194255829     3.77502703666687
631     -0.6811424493789673      -0.01970266737043858     0.432523101568222     3.346761465072632
632     -0.6827734112739563      -0.006924000568687916     0.3856481611728668     3.561021089553833
633     -0.6807201504707336      0.009193340316414833     0.3988425731658936     4.505722522735596
634     -0.6826175451278687      0.005802659783512354     0.387499988079071     3.222949981689453
635     -0.6829549670219421      -0.005853999406099319     0.3594907224178314     3.218796253204346
636     -0.6839147210121155      -0.00323133310303092     0.4472222030162811     3.525360345840454
637     -0.6826707124710083      0.0001573324843775481     0.3777777552604675     3.065957069396973
638     -0.6808685064315796      -0.00140666903462261     0.3405092358589172     4.342014789581299
639     -0.6825511455535889      -0.001346000703051686     0.359375     2.458982467651367
640     -0.6836721897125244      0.001394664286635816     0.3791666626930237     3.745354413986206
641     -0.6829707026481628      0.00272200140170753     0.3374999761581421     3.762359619140625
642     -0.6817709803581238      0.004491332452744246     0.3405092358589172     4.272903442382812
643     -0.6819669604301453      0.0007846676744520664     0.3128471970558167     3.267719507217407
644     -0.6834384202957153      -0.005371327046304941     0.4115740656852722     4.199603080749512
645     -0.6820799708366394      -0.002206666395068169     0.4510416686534882     3.223066806793213
646     -0.6830506324768066      -0.009457999840378761     0.4006944298744202     3.559237003326416
647     -0.6816479563713074      -0.008518002927303314     0.3342592418193817     4.128032684326172
648     -0.6822496056556702      0.004238666500896215     0.3921296000480652     2.407957553863525
649     -0.6826984882354736      0.0004399998288135976     0.3861110806465149     5.390991687774658
650     -0.6823506951332092      -0.002600668463855982     0.3486110866069794     3.281749963760376
651     -0.6828517913818359      0.0001153345219790936     0.3497685194015503     4.704364776611328
652     -0.6832400560379028      0.004431998357176781     0.3465277552604675     3.484448909759521
653     -0.6826572418212891      0.00783133041113615     0.361342579126358     3.917672872543335
654     -0.6819212436676025      0.002212666906416416     0.3415509164333344     2.597354412078857
655     -0.6813799738883972      -0.01021733321249485     0.3499999940395355     3.007134199142456
656     -0.6839066743850708      -0.001751332310959697     0.3833333253860474     3.25159215927124
657     -0.6823788285255432      -0.008332661353051662     0.3416666686534882     3.159626722335815
658     -0.6819799542427063      -0.007049332838505507     0.3892360925674438     4.439498901367188
659     -0.6832588911056519      -0.005473334807902575     0.4263888895511627     2.895676374435425
660     -0.6825296878814697      -0.009285330772399902     0.3704860806465149     3.585759878158569
661     -0.6843629479408264      0.00470399996265769     0.3166666328907013     3.261434555053711
662     -0.6830655932426453      -0.006799332797527313     0.361342579126358     2.736928462982178
663     -0.6813547611236572      0.009464663453400135     0.3944444060325623     4.013099193572998
664     -0.681797206401825      0.004825335461646318     0.3506944179534912     4.357559680938721
665     -0.6820602416992188      -0.009291998110711575     0.3358796238899231     4.583936214447021
666     -0.6823040246963501      0.01007999572902918     0.3479166626930237     3.681180953979492
667     -0.682415246963501      0.005779332481324673     0.3394675552845001     3.804656982421875
668     -0.6836358904838562      -0.001534666400402784     0.3537037074565887     3.705179929733276
669     -0.6838110089302063      -0.01016600523144007     0.4023148119449615     2.68913197517395
670     -0.6818762421607971      0.003308003768324852     0.4260416626930237     3.267651081085205
671     -0.681147038936615      -0.008852000348269939     0.3436342477798462     3.398983478546143
672     -0.6839174032211304      0.008098670281469822     0.3685185015201569     4.807931423187256
673     -0.6825069785118103      -0.001516000251285732     0.3984953761100769     4.170997619628906
674     -0.6824389100074768      -0.007755340076982975     0.3217592537403107     3.828340530395508
675     -0.6830030083656311      0.005500670522451401     0.3317129611968994     3.677295207977295
676     -0.682797372341156      0.002418000716716051     0.371527761220932     3.370329856872559
677     -0.6807749271392822      -0.0008253325358964503     0.3611110746860504     3.152115821838379
678     -0.6809483170509338      0.007815332151949406     0.3789351880550385     2.951706171035767
679     -0.6823375821113586      0.0009719994850456715     0.4101851880550385     3.093635320663452
680     -0.6814525127410889      -0.002301332773640752     0.3513888716697693     3.876796960830688
681     -0.6817723512649536      0.0054066670127213     0.3787036836147308     4.089748859405518
682     -0.6838855147361755      0.00385200185701251     0.3516203761100769     3.410037994384766
683     -0.6825427412986755      0.004860667511820793     0.3359953761100769     2.481702566146851
684     -0.6832230687141418      -0.006302666384726763     0.4120370149612427     4.107264995574951
685     -0.6830323338508606      -0.00176333193667233     0.3233796060085297     2.612184524536133
686     -0.681946873664856      -0.006642664782702923     0.3701388835906982     3.799314498901367
687     -0.6830130219459534      -0.001121997949667275     0.3537037074565887     4.90361213684082
688     -0.6827988028526306      -0.008002673275768757     0.4009259045124054     3.723706722259521
689     -0.6811150908470154      -0.001375999883748591     0.3190972208976746     3.667060613632202
690     -0.6828626990318298      0.004576004575937986     0.319212943315506     3.279131174087524
691     -0.6819108724594116      -0.006806670688092709     0.3456018567085266     2.683894634246826
692     -0.682485818862915      -0.0002793328312691301     0.2913194298744202     3.728272438049316
693     -0.6833603382110596      0.006308666430413723     0.4425925612449646     2.931398868560791
694     -0.6806893348693848      -0.0002299991028849036     0.3589120209217072     3.228101491928101
695     -0.6803758144378662      0.0008073326898738742     0.3305555284023285     3.816468000411987
696     -0.6833854913711548      -0.007347999140620232     0.3597221970558167     3.592211961746216
697     -0.6823014616966248      -0.006567333824932575     0.4064814746379852     3.71767258644104
698     -0.6811628341674805      -0.002133999019861221     0.4436342418193817     3.713122606277466
699     -0.6813706755638123      0.005882667377591133     0.3898148238658905     4.9960036277771
700     -0.6825546622276306      -0.001835334114730358     0.3988425731658936     4.317252159118652
701     -0.6826172471046448      0.003001997014507651     0.4226851761341095     3.07088828086853
702     -0.6828213930130005      -0.00425999891012907     0.3946759104728699     3.102722644805908
703     -0.6810213923454285      0.006349334493279457     0.423495352268219     3.16281270980835
704     -0.6813175678253174      -0.005221334751695395     0.3878472149372101     3.221653699874878
705     -0.682061493396759      0.002422667108476162     0.376967579126358     3.39206337928772
706     -0.6811733841896057      -0.003035331610590219     0.3760416805744171     2.587045669555664
707     -0.6812005043029785      0.003700666828081012     0.4621527493000031     3.52999472618103
708     -0.6823669075965881      -0.009730671532452106     0.3721064925193787     3.431933641433716
709     -0.682016134262085      0.00457600224763155     0.3956018388271332     3.934218168258667
710     -0.6830934882164001      0.002026000758633018     0.3055555522441864     4.936326026916504
711     -0.6830297708511353      -0.000875999394338578     0.3622685074806213     4.845443248748779
712     -0.6816841959953308      -0.00140533410012722     0.3789351880550385     4.0311279296875
713     -0.6812719106674194      -0.0005979984416626394     0.3953703641891479     3.827879190444946
714     -0.6827225685119629      0.005375329870730639     0.4013888835906982     3.597147464752197
715     -0.6828238964080811      -0.0008440006640739739     0.3724536895751953     4.224423408508301
716     -0.6824053525924683      -0.0009593336726538837     0.3193286955356598     3.782059907913208
717     -0.6821190118789673      0.002504667500033975     0.3642360866069794     3.64488673210144
718     -0.6827079057693481      -0.005618664901703596     0.3673610985279083     3.127513885498047
719     -0.6819376349449158      -0.005038001108914614     0.3870370388031006     3.140753269195557
720     -0.6822747588157654      0.001545333187095821     0.3462962508201599     3.226949214935303
721     -0.6819045543670654      -0.005410665646195412     0.3366898000240326     3.117504835128784
722     -0.6817017197608948      -0.0146059999242425     0.3572916686534882     4.467185497283936
723     -0.6824801564216614      0.009089330211281776     0.3530092239379883     3.71126389503479
724     -0.6829960942268372      -0.002305332105606794     0.3983795940876007     5.637712001800537
725     -0.6836507320404053      -0.003597337519749999     0.327777773141861     3.337604761123657
726     -0.68283611536026      0.004854665603488684     0.3812499940395355     3.286223411560059
727     -0.6825894713401794      -0.0005740007036365569     0.3997685015201569     2.699768304824829
728     -0.6816738843917847      -0.003454665187746286     0.4271990656852722     2.800055742263794
729     -0.6817121505737305      0.003911332227289677     0.3807870149612427     3.01291298866272
730     -0.6817038655281067      -0.0002733321744017303     0.3631944060325623     4.652884960174561
731     -0.6824508309364319      0.007905999198555946     0.3469907343387604     3.583925247192383
732     -0.6806344985961914      -0.004605333786457777     0.3451388776302338     3.030526399612427
733     -0.6825469732284546      0.005526670254766941     0.3957175612449646     3.257811784744263
734     -0.6816384196281433      0.0005633335676975548     0.3520833253860474     3.632675886154175
735     -0.6820105314254761      -0.007064666599035263     0.4163194298744202     2.576921224594116
736     -0.6813176870346069      0.005534001626074314     0.4461805522441864     4.638801574707031
737     -0.6822828650474548      0.009831996634602547     0.3681712746620178     2.58724570274353
738     -0.6827024221420288      -0.005364000331610441     0.4025462567806244     3.213157653808594
739     -0.6820522546768188      4.933358650305308e-05     0.4594907164573669     4.830329418182373
740     -0.6813508272171021      0.007245998829603195     0.3206018507480621     3.492218494415283
741     -0.6832295656204224      -0.002123330486938357     0.3499999940395355     2.642186164855957
742     -0.6816189289093018      0.002739334478974342     0.3997685015201569     4.086348056793213
743     -0.6826375126838684      -0.001638000831007957     0.293749988079071     2.93972635269165
744     -0.681125819683075      -0.0003633339947555214     0.3767360746860504     3.595467805862427
745     -0.6832468509674072      0.007073997519910336     0.425462931394577     2.168470621109009
746     -0.681330680847168      0.002054001670330763     0.356249988079071     3.075768947601318
747     -0.6829644441604614      3.333301356178708e-05     0.3317129611968994     3.845236301422119
748     -0.683228611946106      -0.0004273324448149651     0.3682870268821716     3.756427764892578
749     -0.6813244819641113      0.004984000697731972     0.3709490597248077     4.534425258636475
750     -0.6838749051094055      0.007852669805288315     0.3759258985519409     4.119529247283936
751     -0.6823588013648987      -0.008695997297763824     0.3188657164573669     4.017827033996582
752     -0.6832602620124817      -0.007747331634163857     0.3861110806465149     3.767197370529175
753     -0.6818389296531677      -0.002803330775350332     0.355902761220932     4.3244309425354
754     -0.6809003353118896      -0.0008546674507670105     0.3934027552604675     3.304192304611206
755     -0.6823000311851501      -0.004204663448035717     0.350462943315506     4.837023258209229
756     -0.6829216480255127      0.001571332802996039     0.3793981671333313     3.827067375183105
757     -0.680814802646637      0.00155733316205442     0.3997685015201569     4.131918430328369
758     -0.6811763048171997      -0.009121996350586414     0.3469907343387604     3.426460981369019
759     -0.6820976734161377      0.00365733215585351     0.3513888716697693     5.126469135284424
760     -0.6815522313117981      1.99978921955335e-06     0.4194444119930267     4.843624591827393
761     -0.6821773052215576      0.001611334504559636     0.3287037014961243     3.559288501739502
762     -0.6833736300468445      -0.000215332125662826     0.3527777493000031     3.326584577560425
763     -0.6838268041610718      0.006813997868448496     0.3643518388271332     3.932459592819214
764     -0.6826779246330261      0.003855334594845772     0.3502314984798431     3.283900737762451
765     -0.6818119883537292      0.007687329780310392     0.3685185015201569     4.006637573242188
766     -0.6816214919090271      -0.0016013317508623     0.3578703701496124     3.818867444992065
767     -0.6829227805137634      0.009229330345988274     0.322685182094574     3.004194259643555
768     -0.6821415424346924      -0.0054426658898592     0.3665508925914764     4.316835403442383
769     -0.6818444132804871      0.005458672996610403     0.3451388776302338     3.492986440658569
770     -0.6815747618675232      2.133250745828263e-05     0.3024305403232574     3.040095090866089
771     -0.6833869814872742      -0.002302666893228889     0.3842592239379883     3.12015175819397
772     -0.6817198991775513      -0.0004313348908908665     0.3693287074565887     2.833507776260376
773     -0.6822133660316467      -0.008429328911006451     0.4089120328426361     4.27765941619873
774     -0.6819413900375366      0.006267330143600702     0.3423610925674438     4.786478996276855
775     -0.682864248752594      0.01102333981543779     0.3759258985519409     3.309039115905762
776     -0.6801535487174988      -0.005879335571080446     0.402430534362793     3.771488904953003
777     -0.6823003888130188      -0.0008079996332526207     0.3152777850627899     3.336177110671997
778     -0.6816774606704712      0.005005999468266964     0.3355323970317841     2.671326875686646
779     -0.6829882264137268      -0.0003519994497764856     0.3842592239379883     2.841259002685547
780     -0.6820586919784546      -0.001097334199585021     0.380439817905426     3.993658304214478
781     -0.6819522380828857      0.01343533303588629     0.3517360985279083     2.426349401473999
782     -0.683585524559021      0.001050664694048464     0.4071758985519409     3.73564887046814
783     -0.6837148666381836      0.003304667770862579     0.3513888716697693     3.507843017578125
784     -0.6814417839050293      0.003270000452175736     0.2939814627170563     2.722352266311646
785     -0.6827266216278076      -0.0007913325680419803     0.3546296060085297     4.535425662994385
786     -0.6815358996391296      -0.002651998307555914     0.3298611044883728     3.11190390586853
787     -0.6820880770683289      -0.0003020003496203572     0.4039351940155029     3.88595724105835
788     -0.6824429631233215      -0.003603999502956867     0.3939814865589142     3.337417602539062
789     -0.682088315486908      0.00544333690777421     0.3557870388031006     4.067570209503174
790     -0.682609498500824      0.002992666326463223     0.4277777373790741     4.230283737182617
791     -0.6821463108062744      0.01098333019763231     0.3883101940155029     3.849129199981689
792     -0.6830829381942749      -0.004160664975643158     0.2840277850627899     2.586491107940674
793     -0.6802268624305725      -0.004191335290670395     0.3836805522441864     3.483298540115356
794     -0.6815641522407532      -0.001985332695767283     0.3844907283782959     3.623595714569092
795     -0.681562602519989      -0.004185330122709274     0.3971064984798431     4.207772254943848
796     -0.6808120608329773      0.009262667037546635     0.3965277373790741     3.286482810974121
797     -0.6836456656455994      0.0007399977766908705     0.3518518507480621     3.302528381347656
798     -0.6825909018516541      5.400035661295988e-05     0.3467592298984528     4.862778186798096
799     -0.6821279525756836      -0.004813998006284237     0.3863425552845001     2.984635353088379
800     -0.6829511523246765      0.008179336786270142     0.3796296119689941     2.928588151931763
801     -0.6823216676712036      -0.00206666742451489     0.34375     4.54108715057373
802     -0.6827906370162964      0.004379335790872574     0.3442129194736481     5.385207176208496
803     -0.6827720403671265      -0.006212001666426659     0.3673610985279083     3.704258680343628
804     -0.6839790940284729      -0.005264668259769678     0.3724536895751953     3.593071699142456
805     -0.682114839553833      -0.0006840011919848621     0.3449074029922485     3.597316980361938
806     -0.6829134821891785      0.003133333520963788     0.3969907164573669     3.086499691009521
807     -0.6818212270736694      0.001034665037877858     0.3554398119449615     2.843899965286255
808     -0.6826833486557007      0.003249333705753088     0.3416666686534882     2.90245532989502
809     -0.6836162209510803      -0.003261998761445284     0.3349536955356598     3.433424472808838
810     -0.6825297474861145      0.0012660016072914     0.3449074029922485     3.519295215606689
811     -0.682054877281189      0.002883333945646882     0.3825231492519379     4.710150241851807
812     -0.6829640865325928      0.005220668856054544     0.3793981671333313     3.495622158050537
813     -0.6826987862586975      0.005334002897143364     0.4358795881271362     3.923610925674438
814     -0.6829894781112671      -0.004333333112299442     0.3689814805984497     2.603025436401367
815     -0.6830519437789917      -0.001747333095408976     0.3675925731658936     3.47083568572998
816     -0.6829601526260376      -0.003137332620099187     0.4453703761100769     3.830486536026001
817     -0.6830598711967468      0.000632665294688195     0.3381944298744202     3.514014959335327
818     -0.6817830204963684      0.0006860006833449006     0.40625     2.532977342605591
819     -0.6826214790344238      -0.008774003013968468     0.3597221970558167     3.026902675628662
820     -0.6809132695198059      -0.007813330739736557     0.3767360746860504     3.195736408233643
821     -0.6816467046737671      0.004757999442517757     0.3237268328666687     2.804425716400146
822     -0.6820511221885681      0.01213266793638468     0.3907407224178314     4.073915481567383
823     -0.6813204884529114      -0.001935999724082649     0.3806712627410889     3.667733669281006
824     -0.6815134286880493      0.005889331921935081     0.4012731611728668     3.446902990341187
825     -0.6813228130340576      0.00617467425763607     0.3296296298503876     4.005477428436279
826     -0.68145751953125      0.007112663704901934     0.3362268507480621     4.218555927276611
827     -0.6836534738540649      0.00185266463086009     0.4243055284023285     3.960540294647217
828     -0.6815147995948792      0.0002393337053945288     0.3717592358589172     3.912048101425171
829     -0.6825800538063049      0.001394664286635816     0.3732638657093048     4.097548961639404
830     -0.6813857555389404      0.008607335388660431     0.3701388835906982     2.95165228843689
831     -0.683495044708252      0.002507996512576938     0.3585648238658905     2.673455715179443
832     -0.6823842525482178      -0.001301332493312657     0.4267360866069794     2.775265693664551
833     -0.6815773248672485      -0.002318666782230139     0.3343749940395355     3.109970092773438
834     -0.6819627285003662      0.002348000183701515     0.3575231432914734     3.325859785079956
835     -0.6826320290565491      -0.00774800218641758     0.3696759045124054     3.944490909576416
836     -0.6817494034767151      0.002288669347763062     0.3199073970317841     3.222565174102783
837     -0.6828813552856445      0.004341994877904654     0.2962962985038757     3.301041126251221
838     -0.6821798086166382      0.003343334188684821     0.3673610985279083     2.764469385147095
839     -0.6825050711631775      0.007381998468190432     0.3913194239139557     3.637629508972168
840     -0.6817227602005005      -0.001408000360243022     0.3665508925914764     4.372849464416504
841     -0.6810550689697266      0.006785331759601831     0.4004629254341125     3.672591686248779
842     -0.6810026168823242      -0.003241333412006497     0.3408564627170563     3.533670663833618
843     -0.6820535659790039      -0.008596000261604786     0.3857638835906982     2.682135581970215
844     -0.6822655200958252      0.0006480011506937444     0.3490740656852722     4.24727725982666
845     -0.6813188195228577      0.01250999607145786     0.3276620209217072     3.80730152130127
846     -0.6827201247215271      0.007468665484338999     0.3981481492519379     3.38603949546814
847     -0.6816292405128479      0.0005433326005004346     0.4075231552124023     4.906822681427002
848     -0.6810239553451538      -0.005529998335987329     0.381712943315506     2.699814558029175
849     -0.6823598742485046      -0.0073979995213449     0.3579860925674438     3.128718376159668
850     -0.681628406047821      -0.005969332531094551     0.3421295881271362     2.823306083679199
851     -0.6828867793083191      0.003673999803140759     0.3831018507480621     2.896632432937622
852     -0.6833495497703552      -0.001668667187914252     0.3543981611728668     3.348123073577881
853     -0.6824216842651367      0.004938667174428701     0.3635416626930237     2.966384410858154
854     -0.6817575097084045      0.004584002774208784     0.3451388776302338     3.376310586929321
855     -0.6808293461799622      -0.002049333415925503     0.418402761220932     4.871359825134277
856     -0.6813430190086365      -0.001241999678313732     0.3172453641891479     3.75704288482666
857     -0.6812344789505005      -0.005453995894640684     0.4002314805984497     3.590129137039185
858     -0.6823309659957886      -0.008777332492172718     0.345370352268219     2.929586887359619
859     -0.6836510300636292      -0.00200200080871582     0.3421295881271362     4.182854652404785
860     -0.6814975142478943      -0.0004499986825976521     0.3901620209217072     3.212653875350952
861     -0.68230801820755      -0.001889999606646597     0.3289351761341095     4.868742942810059
862     -0.68283611536026      0.01023199688643217     0.3365740478038788     2.651863098144531
863     -0.6818666458129883      0.004731324966996908     0.3655092418193817     4.877047061920166
864     -0.6819056868553162      0.000623332045506686     0.3520833253860474     3.875401258468628
865     -0.6828173995018005      0.001428666641004384     0.3780092298984528     2.918673753738403
866     -0.6828519701957703      -0.0002286678354721516     0.3282407224178314     3.534462213516235
867     -0.6810199618339539      0.002370667178183794     0.3994212746620178     3.95705771446228
868     -0.6832858324050903      -0.003253332572057843     0.3791666626930237     2.55425238609314
869     -0.6813321709632874      -0.001973998732864857     0.334837943315506     4.12055492401123
870     -0.6824043989181519      -0.001770664821378887     0.3182870149612427     2.758797168731689
871     -0.6825936436653137      -0.001021332922391593     0.355555534362793     3.390018224716187
872     -0.6818147897720337      0.002169334096834064     0.3634259104728699     2.548457145690918
873     -0.6813293695449829      -0.008821330033242702     0.3528935015201569     3.165966749191284
874     -0.6825200319290161      0.007897339761257172     0.3296296298503876     2.819506168365479
875     -0.681850790977478      -0.0005819997750222683     0.3987268507480621     3.479584693908691
876     -0.6823051571846008      -0.008668000809848309     0.3349536955356598     3.647402286529541
877     -0.6822530627250671      -0.002383334329351783     0.371874988079071     3.245662450790405
878     -0.6822002530097961      -0.001551335793919861     0.3396990597248077     3.351482629776001
879     -0.6827642321586609      -0.003049331018701196     0.386805534362793     4.355676174163818
880     -0.6817978024482727      -0.008357333019375801     0.3714120388031006     2.939764976501465
881     -0.6818631291389465      -0.007645335048437119     0.4126157164573669     3.820788383483887
882     -0.6836336255073547      -0.005706666968762875     0.3335647881031036     3.095179319381714
883     -0.6819842457771301      0.002841334091499448     0.3957175612449646     3.34094500541687
884     -0.6820067763328552      0.006797999609261751     0.3760416805744171     3.294410705566406
885     -0.681997537612915      0.01137266401201487     0.3219907283782959     3.212173461914062
886     -0.6820071339607239      -0.001381999463774264     0.4240740537643433     3.558399438858032
887     -0.6818199753761292      -0.0001839958567870781     0.3638888895511627     4.267866611480713
888     -0.6818549633026123      -0.008369998075067997     0.3091435134410858     4.310012340545654
889     -0.6814911961555481      -0.002660664729773998     0.3877314925193787     4.119839668273926
890     -0.6843670010566711      0.006855999585241079     0.3578703701496124     3.056979179382324
891     -0.6799972057342529      -0.007175331003963947     0.3510416746139526     3.317375898361206
892     -0.6828358769416809      -0.00388466427102685     0.3719907104969025     4.204434394836426
893     -0.683735191822052      -0.0002440007956465706     0.4006944298744202     2.956882476806641
894     -0.6829337477684021      -0.01143266819417477     0.3564814925193787     4.758942127227783
895     -0.6804226636886597      0.000903333246242255     0.3478009104728699     3.582378625869751
896     -0.6822788119316101      0.008896668441593647     0.3440971970558167     3.139775276184082
897     -0.6815493702888489      -0.007188003044575453     0.3462962508201599     3.896919250488281
898     -0.683078944683075      0.001434666803106666     0.392592579126358     2.967989683151245
899     -0.6826123595237732      0.006407334003597498     0.2943286895751953     4.292262554168701
900     -0.682672381401062      0.008052665740251541     0.4046295881271362     3.687808275222778
901     -0.6835640668869019      -0.0002586671034805477     0.3092592656612396     4.489407062530518
902     -0.6825668811798096      0.00364200072363019     0.3234953582286835     4.05481481552124
903     -0.6811774373054504      0.002812001155689359     0.3651620149612427     3.308809518814087
904     -0.682944118976593      3.066600766032934e-05     0.3939814865589142     2.774932622909546
905     -0.6829361915588379      0.0037153335288167     0.3592592477798462     2.639704465866089
906     -0.6820612549781799      -0.005296003539115191     0.3678240478038788     3.266883134841919
907     -0.680296003818512      -0.003683332120999694     0.3538194298744202     3.510339736938477
908     -0.6808028221130371      -0.0001519985962659121     0.4136573970317841     3.20676064491272
909     -0.6823944449424744      -0.004472668748348951     0.3554398119449615     3.090633153915405
910     -0.6828161478042603      -0.002683330792933702     0.4011573791503906     4.34014368057251
911     -0.6826453804969788      0.003578667063266039     0.3703703582286835     4.60470724105835
912     -0.6820493936538696      -0.002042667474597692     0.3885416686534882     4.601364135742188
913     -0.6819095611572266      -0.0003899980511050671     0.3560185134410858     4.09505558013916
914     -0.6825000643730164      0.007052666507661343     0.4114583432674408     2.812695264816284
915     -0.6823617219924927      0.006821996532380581     0.386805534362793     3.334491968154907
916     -0.6817857623100281      0.009706664830446243     0.3752314746379852     1.982725620269775
917     -0.6821266412734985      -0.004642666783183813     0.3946759104728699     2.914865493774414
918     -0.6818830370903015      0.000865333538968116     0.3585648238658905     3.254552125930786
919     -0.6822205185890198      0.005063333082944155     0.3630786836147308     3.891710996627808
920     -0.6831391453742981      -0.003316000569611788     0.3909721970558167     3.762299537658691
921     -0.6816478967666626      0.0008766658138483763     0.3689814805984497     4.203701972961426
922     -0.6834170818328857      0.001253335387445986     0.3469907343387604     3.420287847518921
923     -0.6820493340492249      -0.00674266554415226     0.4128472208976746     3.903141260147095
924     -0.6823385953903198      0.003945333883166313     0.3775462508201599     2.735989809036255
925     -0.6830790042877197      0.005374668631702662     0.3495370149612427     2.7475905418396
926     -0.6836801767349243      -0.005805334076285362     0.3326388895511627     4.113877773284912
927     -0.6825920939445496      -0.005212668795138597     0.4050925672054291     3.570607423782349
928     -0.6807986497879028      0.0017499994719401     0.3328703641891479     3.171140670776367
929     -0.6834911108016968      0.001063333475030959     0.3363425731658936     3.491364002227783
930     -0.6825629472732544      0.000117335221148096     0.3546296060085297     3.464961290359497
931     -0.682725191116333      0.003292666748166084     0.3775462508201599     3.944155931472778
932     -0.6825319528579712      -0.002910000504925847     0.4089120328426361     3.783509016036987
933     -0.6820827126502991      0.01086133159697056     0.3460648059844971     3.400243520736694
934     -0.682397723197937      0.0008580016437917948     0.4074074029922485     3.687458992004395
935     -0.6809240579605103      0.01062600407749414     0.3362268507480621     2.915196657180786
936     -0.6832462549209595      0.003449330572038889     0.3673610985279083     3.872175216674805
937     -0.6834064722061157      -0.0008106674067676067     0.3576388657093048     3.762645721435547
938     -0.6830798387527466      -0.0005699993926100433     0.3655092418193817     3.170483112335205
939     -0.6836665868759155      -0.002438669791445136     0.3407407104969025     4.432034969329834
940     -0.6823136210441589      0.003188000759109855     0.3122685253620148     3.699880123138428
941     -0.6812135577201843      -0.001517333672381938     0.3687500059604645     3.023340463638306
942     -0.6819522976875305      0.004327330738306046     0.3579860925674438     3.463664054870605
943     -0.6826377511024475      -0.008881999179720879     0.3305555284023285     2.496121168136597
944     -0.6839414834976196      0.002362667350098491     0.4081018567085266     3.784489870071411
945     -0.6822612881660461      -0.001025333069264889     0.3328703641891479     3.033250331878662
946     -0.6813672184944153      0.00240800017490983     0.380439817905426     3.075451135635376
947     -0.681237518787384      -0.0009313339251093566     0.3671295940876007     3.573287487030029
948     -0.6831908226013184      8.533237269148231e-05     0.3819444179534912     4.209287166595459
949     -0.6821269989013672      0.006579994689673185     0.385185182094574     4.006639957427979
950     -0.683252215385437      -0.005514665506780148     0.3525462746620178     3.761530160903931
951     -0.6816001534461975      0.006113335490226746     0.346875011920929     5.063129425048828
952     -0.6818881630897522      0.004875334445387125     0.3560185134410858     3.392948627471924
953     -0.6829749345779419      -0.01196133065968752     0.3333333134651184     3.00338077545166
954     -0.6823334693908691      0.002323999535292387     0.3600694239139557     4.399413585662842
955     -0.6819786429405212      0.01256600208580494     0.3162036836147308     3.693809509277344
956     -0.6808281540870667      -0.004028003197163343     0.3694444298744202     2.783633708953857
957     -0.6818550825119019      0.004365999717265368     0.3770833313465118     3.601758480072021
958     -0.6823695302009583      -0.006032667588442564     0.3687500059604645     3.772550344467163
959     -0.6812160611152649      -0.002160665579140186     0.4004629254341125     3.715607166290283
960     -0.6824934482574463      0.01332000177353621     0.3753471970558167     3.165868520736694
961     -0.6819251775741577      0.004418003838509321     0.4298610985279083     3.290246963500977
962     -0.6815999150276184      -0.0001766668574418873     0.4331018328666687     3.034050703048706
963     -0.6806706786155701      -0.004019333980977535     0.3528935015201569     4.535172939300537
964     -0.6829071640968323      0.001240000943653286     0.3421295881271362     4.428548336029053
965     -0.6811919808387756      -0.006957329344004393     0.3398148119449615     3.23721170425415
966     -0.683606743812561      0.003715331433340907     0.3682870268821716     3.596190214157104
967     -0.6825693845748901      0.006832665763795376     0.3869212567806244     3.222479581832886
968     -0.6841678619384766      -0.003396667074412107     0.3645833432674408     2.990079164505005
969     -0.682029128074646      -0.001375333988107741     0.3812499940395355     2.457904100418091
970     -0.6835376024246216      0.006269334815442562     0.3238425850868225     3.557849168777466
971     -0.6833558678627014      0.00172799953725189     0.4087962508201599     4.443690299987793
972     -0.6815694570541382      -0.003806664841249585     0.3880786895751953     3.826010465621948
973     -0.6812761425971985      -0.006280669011175632     0.3864583373069763     3.943664789199829
974     -0.6814845204353333      -5.733365833293647e-05     0.3880786895751953     3.015441417694092
975     -0.6830840706825256      0.001759332371875644     0.3601851761341095     2.520953893661499
976     -0.6826652884483337      -0.0001353365805698559     0.3891203701496124     3.936285734176636
977     -0.6814002394676208      -0.001113999169319868     0.3343749940395355     3.617553472518921
978     -0.6829466223716736      -0.003034000750631094     0.3956018388271332     3.308932065963745
979     -0.6822800040245056      -0.008889330551028252     0.3872685134410858     5.155986785888672
980     -0.6825681924819946      0.01127533335238695     0.3513888716697693     4.571980953216553
981     -0.6837092041969299      0.003028664970770478     0.3824073970317841     4.110715866088867
982     -0.6827346086502075      -0.004121331032365561     0.3675925731658936     3.484604120254517
983     -0.6836333870887756      0.002406002255156636     0.3530092239379883     3.794250726699829
984     -0.680809497833252      -0.00440133223310113     0.3861110806465149     3.566301107406616
985     -0.6818949580192566      0.002439332427456975     0.4725694060325623     3.322477579116821
986     -0.6818281412124634      0.0003606683458201587     0.3259259164333344     3.990810632705688
987     -0.6805788278579712      0.001874666893854737     0.40625     2.186681270599365
988     -0.6804066300392151      -0.002939998870715499     0.3603008985519409     3.081365823745728
989     -0.6815758347511292      0.002033330965787172     0.3418981432914734     3.799609661102295
990     -0.6816824674606323      -0.003403998911380768     0.4306712746620178     3.962401390075684
991     -0.6824358105659485      0.001768667018041015     0.3431712687015533     4.006506443023682
992     -0.6804628372192383      -0.001539999153465033     0.3549768328666687     4.315567493438721
993     -0.6817746162414551      -0.001482667401432991     0.3777777552604675     4.985708713531494
994     -0.6825904846191406      -0.004963996354490519     0.3607638776302338     3.948816061019897
995     -0.6821479201316833      -9.99973199213855e-05     0.3126157224178314     3.834020614624023
996     -0.6825200319290161      0.003372665960341692     0.3653935194015503     3.813058614730835
997     -0.6821014285087585      0.002449999563395977     0.3988425731658936     2.994564533233643
998     -0.6836897134780884      -0.002100666053593159     0.34375     3.412087917327881
999     -0.6820586323738098      -0.00015466490003746     0.3478009104728699     4.446747303009033
1000     -0.6822333931922913      -0.004819335881620646     0.3935185074806213     3.984432697296143
