# Simulazione modello di Ising 1D
# Mossa 	 Energia 	 Magnetizzazione 	 Calore specifico 	 Suscettività
1     -0.5826253294944763      -0.001501881750300527     0.308266669511795     2.625158309936523
2     -0.5825910568237305      -0.0001850399421527982     0.2888889014720917     2.493021011352539
3     -0.5828198194503784      0.0007852792041376233     0.2871111035346985     2.541019916534424
4     -0.5827063918113708      0.0007161999819800258     0.3009777963161469     2.370949029922485
5     -0.5823695063591003      0.0004614398931153119     0.3004444539546967     2.48293662071228
6     -0.5824836492538452      -0.001647360390052199     0.2912000119686127     2.480259895324707
7     -0.5828185081481934      -0.001343843061476946     0.2913777828216553     2.44439435005188
8     -0.5823177099227905      0.0005357195623219013     0.2776888906955719     2.431258201599121
9     -0.5827429890632629      -0.001120800385251641     0.2853333353996277     2.518751382827759
10     -0.5825067162513733      -0.0009964396012946963     0.3011555671691895     2.588640213012695
11     -0.5826806426048279      -0.0003907597274519503     0.3055999875068665     2.563710689544678
12     -0.5832246541976929      -0.001132761710323393     0.2952888906002045     2.582303047180176
13     -0.5826441645622253      0.0002550806384533644     0.2929777801036835     2.522036552429199
14     -0.5828401446342468      -0.002006479306146502     0.2920888960361481     2.507011651992798
15     -0.5827091932296753      -0.0003451202064752579     0.2974222302436829     2.596803903579712
16     -0.5827286839485168      -0.0003067995421588421     0.2709333300590515     2.533653497695923
17     -0.5829786062240601      3.979954271926545e-05     0.2837333381175995     2.678203821182251
18     -0.5828942656517029      0.0009765212889760733     0.3007999956607819     2.632144451141357
19     -0.5826202034950256      -0.0003742003173101693     0.2917333245277405     2.630731582641602
20     -0.5829769372940063      -0.0003790806513279676     0.2835555672645569     2.33063817024231
21     -0.5827524065971375      -0.0006096791476011276     0.3011555671691895     2.496558666229248
22     -0.5828052163124084      0.001087158685550094     0.2853333353996277     2.542101144790649
23     -0.5828871726989746      -0.0003262383106630296     0.2977777719497681     2.368602275848389
24     -0.5826752185821533      -0.0009182394715026021     0.2919110953807831     2.552924633026123
25     -0.5830657482147217      0.0009015607065521181     0.2963555753231049     2.59049916267395
26     -0.5829623341560364      8.543993317289278e-05     0.2977777719497681     2.593968391418457
27     -0.5827599763870239      0.0003666395787149668     0.2863999903202057     2.570663928985596
28     -0.582940399646759      0.0008234005654230714     0.3002666831016541     2.522045373916626
29     -0.5831181406974792      -9.695936751086265e-05     0.3055999875068665     2.543179750442505
30     -0.5827855467796326      0.0006522799376398325     0.2897777855396271     2.583404779434204
31     -0.5828289389610291      0.0007541993982158601     0.2972444593906403     2.544344186782837
32     -0.5827385187149048      0.0005076800589449704     0.3052444458007812     2.405896902084351
33     -0.5824132561683655      0.001027200720272958     0.2945777773857117     2.409084320068359
34     -0.5829018950462341      -0.0003670397854875773     0.2977777719497681     2.537735462188721
35     -0.5824421644210815      -0.0001172791598946787     0.2915555536746979     2.434380531311035
36     -0.5830515027046204      -0.0005312407738529146     0.3023999929428101     2.608956813812256
37     -0.5828320384025574      6.199986091814935e-05     0.2933333218097687     2.597734928131104
38     -0.5827717185020447      0.002244360512122512     0.2944000065326691     2.489773988723755
39     -0.5827679634094238      -0.0003096784057561308     0.2840888798236847     2.393291473388672
40     -0.582988977432251      -0.001136960345320404     0.3023999929428101     2.49503231048584
41     -0.5828117728233337      0.0002183207107009366     0.2785777747631073     2.489484310150146
42     -0.5830796360969543      -4.139928205404431e-05     0.2933333218097687     2.474439382553101
43     -0.5829428434371948      -0.0003967997326981276     0.3086222112178802     2.484080076217651
44     -0.5826568007469177      0.001474360818974674     0.2890666723251343     2.368757009506226
45     -0.5831207633018494      -0.0009812414646148682     0.2879999876022339     2.409221172332764
46     -0.5826629996299744      -0.001732719596475363     0.3070222139358521     2.5688796043396
47     -0.5830119848251343      0.001243921695277095     0.2858666777610779     2.537583112716675
48     -0.5826539397239685      -0.0002900800609495491     0.2794666886329651     2.599024534225464
49     -0.5827744007110596      -0.001384480623528361     0.2908444702625275     2.634125471115112
50     -0.5829124450683594      0.0002999202988576144     0.2906666696071625     2.555923938751221
51     -0.5828506350517273      -0.0003694796469062567     0.2904888987541199     2.501633882522583
52     -0.5828610062599182      0.0004084798856638372     0.3052444458007812     2.571160078048706
53     -0.5828221440315247      -0.0001837200106820092     0.3096888959407806     2.497727632522583
54     -0.5826960206031799      -0.0001202399143949151     0.2949333190917969     2.364403009414673
55     -0.5829603672027588      -0.00129224022384733     0.2929777801036835     2.473775386810303
56     -0.5828715562820435      -0.0004460398340597749     0.2951111197471619     2.385563135147095
57     -0.5824856758117676      -9.096020221477374e-05     0.2976000010967255     2.332516431808472
58     -0.5829654932022095      -0.0001442804787075147     0.2881777882575989     2.58237624168396
59     -0.5828884243965149      -0.0004757199203595519     0.2995555698871613     2.483599901199341
60     -0.5827353596687317      -0.0004013992438558489     0.3016888797283173     2.331204414367676
61     -0.582591712474823      -0.001454922719858587     0.2890666723251343     2.56933331489563
62     -0.5829495787620544      8.560962669434957e-06     0.2819555699825287     2.534888982772827
63     -0.582612156867981      0.0004714002716355026     0.2826666831970215     2.676980972290039
64     -0.5825381875038147      -0.0007976795313879848     0.302577793598175     2.570436716079712
65     -0.582739531993866      -0.0009706402779556811     0.2899555563926697     2.801385641098022
66     -0.5827165246009827      -0.001268957857973874     0.2949333190917969     2.512030363082886
67     -0.5828014016151428      0.001393917598761618     0.2942222058773041     2.867377281188965
68     -0.582831859588623      0.0001721608568914235     0.2972444593906403     2.339555740356445
69     -0.5827285647392273      -0.0004953201278112829     0.2805333137512207     2.446784734725952
70     -0.5830209851264954      -0.0002476796798873693     0.3038222193717957     2.411931276321411
71     -0.5829347372055054      -0.001125198788940907     0.302577793598175     2.57417106628418
72     -0.5827068090438843      -0.0001161610271083191     0.2931555807590485     2.472193717956543
73     -0.5828233957290649      -6.219948409125209e-05     0.2986666858196259     2.627888202667236
74     -0.5827788710594177      0.001641639741137624     0.3016888797283173     2.497680187225342
75     -0.5829061269760132      0.0003425611357670277     0.2961777746677399     2.417798042297363
76     -0.5829629302024841      -0.0002244388597318903     0.2917333245277405     2.491898536682129
77     -0.5828176140785217      0.001389999291859567     0.2956444621086121     2.50850510597229
78     -0.582580029964447      0.0004059603670611978     0.3104000091552734     2.385296821594238
79     -0.582830011844635      -0.002133117988705635     0.3114666640758514     2.395037174224854
80     -0.5827502608299255      -0.0009965605568140745     0.3016888797283173     2.620415687561035
81     -0.5828707218170166      -0.0004635996883735061     0.2922666668891907     2.513700723648071
82     -0.5828248858451843      -0.001113715581595898     0.2944000065326691     2.42537260055542
83     -0.5830457806587219      -5.111975769978017e-05     0.2856888771057129     2.830124139785767
84     -0.5829574465751648      -0.001094680977985263     0.2912000119686127     2.440014123916626
85     -0.5827711820602417      -0.001079238834790885     0.3079110980033875     2.531243562698364
86     -0.5829097628593445      -0.0008555199601687491     0.3123555779457092     2.533818483352661
87     -0.5826906561851501      0.0005718797910958529     0.2963555753231049     2.507238388061523
88     -0.5825575590133667      0.0007778806029818952     0.2949333190917969     2.605660438537598
89     -0.5824534296989441      0.0006430393550544977     0.304888904094696     2.538499116897583
90     -0.5827900171279907      -0.0007267996552400291     0.3000888824462891     2.50756049156189
91     -0.5827349424362183      -0.0006801597191952169     0.3004444539546967     2.581873893737793
92     -0.582868754863739      0.001015482470393181     0.3088000118732452     2.480926513671875
93     -0.5825720429420471      -0.0006852812366560102     0.305955559015274     2.499426126480103
94     -0.5829399228096008      -0.0003164784575346857     0.2986666858196259     2.505465507507324
95     -0.5826125144958496      0.0005199594888836145     0.2961777746677399     2.538007736206055
96     -0.5826375484466553      -9.16029057407286e-06     0.3018666803836823     2.520519495010376
97     -0.5829930305480957      -0.001072520390152931     0.3077333271503448     2.519240379333496
98     -0.5828301310539246      0.00139672146178782     0.2817777693271637     2.564566373825073
99     -0.5824099779129028      2.643988409545273e-05     0.2910222113132477     2.508537530899048
100     -0.5828551054000854      -0.0007865196093916893     0.2885333299636841     2.262046575546265
101     -0.5830661654472351      0.001239201985299587     0.2892444431781769     2.500591039657593
102     -0.582956075668335      -0.0008409592555835843     0.3015111088752747     2.691387891769409
103     -0.5829416513442993      8.395959594054148e-05     0.3047111034393311     2.542736053466797
104     -0.582521378993988      0.000913319003302604     0.2922666668891907     2.446097612380981
105     -0.5824698209762573      0.0002485206932760775     0.2945777773857117     2.375698089599609
106     -0.582895815372467      0.001387879136018455     0.2965333163738251     2.673237800598145
107     -0.5831135511398315      0.001072880113497376     0.3016888797283173     2.557796001434326
108     -0.5827471017837524      -0.0005280001787468791     0.2970666885375977     2.528252363204956
109     -0.5828114748001099      -0.000364639941835776     0.2904888987541199     2.703369379043579
110     -0.5829163789749146      -0.001227362197823822     0.2936888933181763     2.517030954360962
111     -0.5826741456985474      0.001521200290881097     0.2999111115932465     2.583682537078857
112     -0.5828961730003357      0.0002078801917377859     0.2869333326816559     2.545536994934082
113     -0.5828258991241455      -0.001234759809449315     0.2874666750431061     2.464845418930054
114     -0.5826324224472046      0.001011599902994931     0.2812444567680359     2.554901599884033
115     -0.5828596353530884      0.0009428809862583876     0.2839111089706421     2.608288288116455
116     -0.5828991532325745      -0.0001767197827575728     0.2933333218097687     2.511645793914795
117     -0.5829203128814697      -0.001248998683877289     0.2933333218097687     2.416512966156006
118     -0.5831184983253479      -0.0002453597262501717     0.2938666641712189     2.690841197967529
119     -0.5827376246452332      0.000448599923402071     0.2981333136558533     2.619137525558472
120     -0.5825222134590149      -0.0003712398174684495     0.3095110952854156     2.661214828491211
121     -0.582842230796814      -5.115996100357734e-05     0.2856888771057129     2.644710063934326
122     -0.5829681158065796      -7.384058699244633e-05     0.2879999876022339     2.698631763458252
123     -0.5828021168708801      -0.000172200336237438     0.3073777854442596     2.611594915390015
124     -0.5825146436691284      -0.001057595945894718     0.3022222220897675     2.50087308883667
125     -0.5826514363288879      8.660001185489818e-05     0.3098666667938232     2.504634857177734
126     -0.5828478932380676      -0.001300158211961389     0.2995555698871613     2.75189995765686
127     -0.5828845500946045      -0.0001346810167888179     0.2856888771057129     2.550186634063721
128     -0.5828396677970886      -0.0002042397973127663     0.2931555807590485     2.437423944473267
129     -0.5828381776809692      -0.001035000430420041     0.3018666803836823     2.341996669769287
130     -0.5827277302742004      -0.000323760265018791     0.2988444566726685     2.690372943878174
131     -0.5830491781234741      -0.002033518860116601     0.3043555617332458     2.203021764755249
132     -0.582977294921875      0.0002551989164203405     0.3000888824462891     2.725225687026978
133     -0.5826448202133179      -0.0001120393644669093     0.2949333190917969     2.54338264465332
134     -0.5826408267021179      -0.0007157590589486063     0.3036444485187531     2.464575290679932
135     -0.5826892852783203      -9.263972606277093e-05     0.2940444648265839     2.516492605209351
136     -0.5827339291572571      0.0006212398293428123     0.3034666776657104     2.759891986846924
137     -0.5828235745429993      0.001145880087278783     0.3011555671691895     2.648716926574707
138     -0.5832099318504333      0.0006325588910840452     0.2952888906002045     2.599206686019897
139     -0.5828855633735657      0.0008148398483172059     0.2769777774810791     2.478065967559814
140     -0.5826197266578674      0.0002145201433449984     0.2945777773857117     2.550183296203613
141     -0.5828983783721924      0.001148279523476958     0.2999111115932465     2.502977132797241
142     -0.5824586153030396      0.0004260397399775684     0.2935111224651337     2.614113092422485
143     -0.5827966332435608      0.002137117786332965     0.2991999983787537     2.378540515899658
144     -0.5830212235450745      -0.0003250002046115696     0.2913777828216553     2.501309156417847
145     -0.5828129649162292      8.236017310991883e-05     0.2942222058773041     2.535015344619751
146     -0.5829096436500549      -0.0004628404567483813     0.2904888987541199     2.440634250640869
147     -0.5828458070755005      -0.0002048803289653733     0.3057777881622314     2.588842868804932
148     -0.5827689170837402      -6.751984619768336e-05     0.2878222167491913     2.425513982772827
149     -0.5827765464782715      0.0002019999956246465     0.3038222193717957     2.53938627243042
150     -0.5827623605728149      0.0001990403106901795     0.2928000092506409     2.397272348403931
151     -0.5827958583831787      0.00149316294118762     0.2908444702625275     2.375219821929932
152     -0.5830026865005493      -0.001252159359864891     0.2894222140312195     2.549758434295654
153     -0.5829132199287415      -0.0001989596057683229     0.2890666723251343     2.561195135116577
154     -0.5826160907745361      0.001973916776478291     0.2960000038146973     2.572671890258789
155     -0.5824926495552063      -0.001063438947312534     0.2817777693271637     2.349088191986084
156     -0.5827906727790833      -0.0004465210367925465     0.2947555780410767     2.473418474197388
157     -0.5829982161521912      0.0005262407357804477     0.310755580663681     2.402635812759399
158     -0.5827012658119202      0.000746280187740922     0.3034666776657104     2.497878074645996
159     -0.5827595591545105      0.0005172787932679057     0.2890666723251343     2.482870101928711
160     -0.582708477973938      -0.0006626397371292114     0.2936888933181763     2.433954477310181
161     -0.5827844738960266      0.0003496003337204456     0.3052444458007812     2.656210660934448
162     -0.5826252102851868      -0.0008193198009394109     0.2903110980987549     2.58043098449707
163     -0.5823611617088318      -0.001704879803583026     0.3043555617332458     2.376977920532227
164     -0.5827924609184265      0.0009962397161871195     0.2990222275257111     2.406179189682007
165     -0.582822322845459      0.0003153204452246428     0.3104000091552734     2.430885553359985
166     -0.5825850367546082      -0.000201880480744876     0.2938666641712189     2.696692705154419
167     -0.5827606916427612      0.001119880471378565     0.2924444675445557     2.563014507293701
168     -0.5831112265586853      0.0009307214641012251     0.3006222248077393     2.615637063980103
169     -0.5826874971389771      0.001379557885229588     0.2988444566726685     2.622733592987061
170     -0.5832504034042358      0.0001795600692275912     0.2919110953807831     2.38641619682312
171     -0.5828045606613159      2.680037869140506e-05     0.2922666668891907     2.533760786056519
172     -0.5828638076782227      0.0005970395286567509     0.2881777882575989     2.516589403152466
173     -0.5826184153556824      0.0006771197658963501     0.2961777746677399     2.640561580657959
174     -0.5829901695251465      4.384140265756287e-05     0.2876444458961487     2.640926599502563
175     -0.5826784372329712      -5.25194154761266e-05     0.2855111062526703     2.580126285552979
176     -0.5831472873687744      0.0007586395950056612     0.304888904094696     2.498780965805054
177     -0.5829178690910339      0.001231479225680232     0.2922666668891907     2.394650459289551
178     -0.5828370451927185      0.0006443599122576416     0.2922666668891907     2.451086759567261
179     -0.5829527378082275      0.0003472405078355223     0.3052444458007812     2.572332620620728
180     -0.5828307867050171      -6.275918713072315e-05     0.2961777746677399     2.437699556350708
181     -0.5824772119522095      0.0002914803335443139     0.2931555807590485     2.46773099899292
182     -0.5827764272689819      0.0003955600841436535     0.2933333218097687     2.502105951309204
183     -0.5828890800476074      0.0004545192350633442     0.2935111224651337     2.436056852340698
184     -0.5828097462654114      0.0001151998367276974     0.2723555564880371     2.56095552444458
185     -0.5828312635421753      -0.0002922005078289658     0.2919110953807831     2.596102237701416
186     -0.5826912522315979      -0.0007269992493093014     0.2890666723251343     2.529847383499146
187     -0.5826376080513      -0.0007801636820659041     0.2935111224651337     2.6283860206604
188     -0.5827368497848511      0.0009202005458064377     0.3095110952854156     2.570698261260986
189     -0.582518458366394      0.0005125997704453766     0.2890666723251343     2.42729640007019
190     -0.5826393365859985      -0.001129159238189459     0.2945777773857117     2.462959289550781
191     -0.582750678062439      0.0009072391549125314     0.2945777773857117     2.584229230880737
192     -0.5831082463264465      0.0003331186308059841     0.2963555753231049     2.535197257995605
193     -0.5830320119857788      -0.0002848405274562538     0.2917333245277405     2.611840963363647
194     -0.5826280117034912      8.888040611054748e-05     0.2936888933181763     2.775491714477539
195     -0.5829456448554993      4.691986396210268e-05     0.2840888798236847     2.463997602462769
196     -0.5828760266304016      0.0007871193811297417     0.2979555726051331     2.512362480163574
197     -0.5826873779296875      0.001047240570187569     0.2896000146865845     2.452103614807129
198     -0.5827629566192627      0.0009892780799418688     0.2967111170291901     2.452686786651611
199     -0.5824878215789795      0.000249840464675799     0.2940444648265839     2.674431085586548
200     -0.5826713442802429      0.001457323436625302     0.2944000065326691     2.39331841468811
201     -0.5825045704841614      -0.001701565342955291     0.3061333298683167     2.583945751190186
202     -0.582795262336731      -0.000457240006653592     0.2995555698871613     2.225314378738403
203     -0.5826271772384644      0.0009392402716912329     0.3007999956607819     2.594799041748047
204     -0.5828870534896851      0.0007374001434072852     0.3061333298683167     2.56032919883728
205     -0.5827776789665222      0.000359439552994445     0.304888904094696     2.557171821594238
206     -0.5831676125526428      -0.0005742398789152503     0.2958222031593323     2.54202938079834
207     -0.5827488899230957      0.001818240969441831     0.2887111008167267     2.607434988021851
208     -0.5826588869094849      0.0001992001489270478     0.2938666641712189     2.384743452072144
209     -0.5828846096992493      -0.0007433206192217767     0.2974222302436829     2.389354705810547
210     -0.5830471515655518      0.0002038400416495278     0.2920888960361481     2.530951261520386
211     -0.5827512741088867      -3.391924474271946e-05     0.2945777773857117     2.684146642684937
212     -0.5827676057815552      -0.0004894386511296034     0.2968888878822327     2.356221675872803
213     -0.5826569795608521      0.0003722000692505389     0.2831999957561493     2.566352844238281
214     -0.5829996466636658      -0.0002124002203345299     0.2915555536746979     2.586727619171143
215     -0.5826725363731384      -0.0002687200321815908     0.2940444648265839     2.551397562026978
216     -0.5827289819717407      0.0002639197336975485     0.2890666723251343     2.319094181060791
217     -0.5826889872550964      0.000593201199080795     0.2803555727005005     2.641293525695801
218     -0.5828326940536499      -0.0005389199941419065     0.2847999930381775     2.528876543045044
219     -0.5826106667518616      -0.001177358324639499     0.2931555807590485     2.613365411758423
220     -0.5826841592788696      0.00123955775052309     0.2988444566726685     2.5538010597229
221     -0.5836135745048523      -0.0001181999905384146     0.3102222084999084     2.550881147384644
222     -0.5827032923698425      -4.002493767529813e-07     0.305955559015274     2.629925489425659
223     -0.5827770233154297      -0.0006059606675989926     0.2970666885375977     2.549442052841187
224     -0.5824556946754456      0.0007024401566013694     0.3016888797283173     2.591377258300781
225     -0.5826258063316345      0.0004974394687451422     0.2990222275257111     2.44594669342041
226     -0.5825204849243164      -0.0002952002687379718     0.2991999983787537     2.614503622055054
227     -0.5826830863952637      0.0001099599103326909     0.2890666723251343     2.542755365371704
228     -0.5827421545982361      0.0003173203149344772     0.3039999902248383     2.591192483901978
229     -0.5826401114463806      0.000819679640699178     0.302577793598175     2.525806665420532
230     -0.5829952955245972      0.0002569195639807731     0.2892444431781769     2.50715970993042
231     -0.582834780216217      -0.0002946408931165934     0.2919110953807831     2.359482049942017
232     -0.5828961133956909      -0.0006192398141138256     0.2897777855396271     2.624447584152222
233     -0.5823867917060852      -0.001535241492092609     0.2823111116886139     2.364893436431885
234     -0.5827095508575439      -2.211983337474521e-05     0.2949333190917969     2.569104671478271
235     -0.5828237533569336      -0.0006328780436888337     0.3006222248077393     2.493531703948975
236     -0.5829166173934937      -0.001407359493896365     0.3047111034393311     2.521604299545288
237     -0.5830576419830322      0.0002551206562202424     0.3034666776657104     2.494653224945068
238     -0.5828864574432373      -6.316033250186592e-05     0.2858666777610779     2.503494262695312
239     -0.582589328289032      0.0006133611896075308     0.3043555617332458     2.523394346237183
240     -0.5824927091598511      1.603944656380918e-05     0.2999111115932465     2.554968357086182
241     -0.5826901197433472      -9.551935363560915e-05     0.2860444486141205     2.461512088775635
242     -0.5826905965805054      -0.0003359200491104275     0.3114666640758514     2.381277799606323
243     -0.5829715728759766      -0.0003486806817818433     0.2863999903202057     2.472894430160522
244     -0.5828436017036438      0.0008743599173612893     0.2874666750431061     2.525620222091675
245     -0.5826406478881836      0.0002857192885130644     0.2983111143112183     2.535453081130981
246     -0.5828835368156433      0.0008526783785782754     0.3009777963161469     2.459030866622925
247     -0.5827718377113342      0.0007010006811469793     0.2956444621086121     2.483211755752563
248     -0.5828765630722046      0.001153882127255201     0.308266669511795     2.512439727783203
249     -0.5829997062683105      -0.00159315939527005     0.2840888798236847     2.476178646087646
250     -0.5826610922813416      -0.001633600797504187     0.3009777963161469     2.463153600692749
251     -0.5829796195030212      1.252013589692069e-05     0.2938666641712189     2.813504695892334
252     -0.5830180048942566      0.0006843209848739207     0.2906666696071625     2.51522159576416
253     -0.5826916694641113      -0.0001859605254139751     0.2997333109378815     2.644814014434814
254     -0.5830678939819336      3.976047082687728e-05     0.2883555591106415     2.51705002784729
255     -0.582913875579834      -0.001788919442333281     0.2908444702625275     2.406728029251099
256     -0.5825397372245789      0.0002452398766763508     0.3036444485187531     2.524589538574219
257     -0.5827566385269165      -0.0001373996783513576     0.2938666641712189     2.466574192047119
258     -0.5828846096992493      0.001675280393101275     0.3096888959407806     2.256775856018066
259     -0.582663893699646      0.0004603204724844545     0.3038222193717957     2.486328125
260     -0.582459568977356      1.240431856786017e-06     0.2944000065326691     2.680530548095703
261     -0.5828821063041687      0.0001584005512995645     0.3009777963161469     2.402228593826294
262     -0.5827484130859375      -0.001457878155633807     0.2922666668891907     2.559936761856079
263     -0.5827816128730774      -0.0002453202614560723     0.2929777801036835     2.560395002365112
264     -0.5825620293617249      -6.195851892698556e-05     0.3000888824462891     2.584867477416992
265     -0.5827118754386902      0.0002879605744965374     0.2954666614532471     2.566176176071167
266     -0.5830437541007996      0.0003293994523119181     0.2919110953807831     2.513313770294189
267     -0.5829058885574341      -0.0001080399306374602     0.2800000011920929     2.58844256401062
268     -0.583047091960907      0.0007290000794455409     0.2855111062526703     2.409735202789307
269     -0.5829503536224365      -0.0004192397464066744     0.2881777882575989     2.636374711990356
270     -0.5827172994613647      -0.001027520513162017     0.2938666641712189     2.667461395263672
271     -0.5832196474075317      -0.001778558013029397     0.2885333299636841     2.356455326080322
272     -0.5827452540397644      3.299935633549467e-05     0.2920888960361481     2.588333368301392
273     -0.582902729511261      0.0008446004940196872     0.2855111062526703     2.351116180419922
274     -0.5827922224998474      0.0007824403000995517     0.3004444539546967     2.675513982772827
275     -0.5823165774345398      0.0002463191631250083     0.2856888771057129     2.408850431442261
276     -0.5829324722290039      -0.0004794393898919225     0.3022222220897675     2.68359637260437
277     -0.5826300978660583      -0.001866923179477453     0.2960000038146973     2.617441415786743
278     -0.5829260945320129      -3.500087404972874e-05     0.3011555671691895     2.622417688369751
279     -0.5828003287315369      -0.001140521257184446     0.2929777801036835     2.650018692016602
280     -0.5828996896743774      0.0006860016146674752     0.3047111034393311     2.493592262268066
281     -0.5828402638435364      -0.001011119456961751     0.2874666750431061     2.536277294158936
282     -0.5824797749519348      -0.0007374415290541947     0.2974222302436829     2.472066879272461
283     -0.5829123854637146      0.0009066828060895205     0.2874666750431061     2.421204566955566
284     -0.5824863910675049      -0.0007165200659073889     0.2954666614532471     2.622243642807007
285     -0.5825756788253784      -2.039935498032719e-05     0.2892444431781769     2.496211051940918
286     -0.583069384098053      0.0006129985558800399     0.2846222221851349     2.449352264404297
287     -0.5829322338104248      0.0009022401063703001     0.2917333245277405     2.515245914459229
288     -0.5827164649963379      0.0005060798139311373     0.2936888933181763     2.433799982070923
289     -0.5827553272247314      0.001788358320482075     0.2947555780410767     2.489541292190552
290     -0.5829015374183655      0.002554317703470588     0.2965333163738251     2.550089359283447
291     -0.5832244157791138      0.00147000199649483     0.2835555672645569     2.497013092041016
292     -0.583126962184906      -0.000177160429302603     0.3064889013767242     2.444809198379517
293     -0.5830119848251343      -0.0007228805334307253     0.2810666859149933     2.704162836074829
294     -0.5830116868019104      0.0004924808163195848     0.2945777773857117     2.625900030136108
295     -0.5824838876724243      -0.0007796798599883914     0.2929777801036835     2.45991849899292
296     -0.5830103754997253      -0.0004401599289849401     0.3054222166538239     2.548437595367432
297     -0.5830485820770264      -0.0001389998506056145     0.2903110980987549     2.397268533706665
298     -0.5827845335006714      -0.001361078349873424     0.2936888933181763     2.476380825042725
299     -0.5828616619110107      -0.0002221985632786527     0.3027555644512177     2.507908344268799
300     -0.5829246044158936      0.0003231595037505031     0.2972444593906403     2.60256290435791
301     -0.5826066136360168      0.0007322827586904168     0.2885333299636841     2.419439554214478
302     -0.5827746391296387      0.0001338787842541933     0.2837333381175995     2.465303659439087
303     -0.5827816128730774      0.0001655205414863303     0.3098666667938232     2.371085643768311
304     -0.5828598737716675      -7.183969864854589e-05     0.3034666776657104     2.352146863937378
305     -0.5828149318695068      -7.987968274392188e-05     0.2944000065326691     2.538668632507324
306     -0.5827142596244812      0.00246663554571569     0.2974222302436829     2.325511693954468
307     -0.5828577280044556      0.0009239596547558904     0.2855111062526703     2.384932518005371
308     -0.5827417969703674      0.0002801206719595939     0.2928000092506409     2.455178737640381
309     -0.5828526616096497      6.923928594915196e-05     0.3088000118732452     2.616647720336914
310     -0.5829055905342102      0.0002096398093272001     0.2890666723251343     2.376456260681152
311     -0.5826414823532104      -0.0001750395313138142     0.2906666696071625     2.762802839279175
312     -0.5829139351844788      0.0007327995263040066     0.2986666858196259     2.706004619598389
313     -0.5830003619194031      -0.0002867209259420633     0.3002666831016541     2.844626426696777
314     -0.5828903913497925      -0.0008239991148002446     0.3052444458007812     2.32087254524231
315     -0.5829399824142456      0.0003904795739799738     0.2901333272457123     2.411091327667236
316     -0.5829752683639526      0.0001101205125451088     0.3038222193717957     2.664745807647705
317     -0.5829455852508545      -0.0001238414988620207     0.2785777747631073     2.585299253463745
318     -0.5825583934783936      -0.0002834402548614889     0.3075555562973022     2.560659646987915
319     -0.5827462077140808      -0.0004666398162953556     0.2938666641712189     2.554445743560791
320     -0.5824683308601379      -2.756015055638272e-05     0.2974222302436829     2.501157522201538
321     -0.5830084681510925      -0.0002123595913872123     0.2935111224651337     2.49613356590271
322     -0.5825806856155396      0.001152519485913217     0.2874666750431061     2.660357475280762
323     -0.5828973054885864      -0.0009233579621650279     0.2897777855396271     2.524266958236694
324     -0.5827203989028931      -0.0009007210028357804     0.3007999956607819     2.421612977981567
325     -0.5826701521873474      -0.0003440801228862256     0.2958222031593323     2.483235836029053
326     -0.5828922390937805      -0.001189161092042923     0.3023999929428101     2.590630292892456
327     -0.5827012062072754      0.0004343199834693223     0.2972444593906403     2.442226409912109
328     -0.5828554034233093      7.975941844051704e-05     0.2883555591106415     2.51094913482666
329     -0.5825113654136658      -0.000356479809852317     0.2970666885375977     2.686105966567993
330     -0.5828281044960022      -0.0003467598289716989     0.2974222302436829     2.630588293075562
331     -0.5831028819084167      0.0001140001913881861     0.2912000119686127     2.587103843688965
332     -0.5829644203186035      -0.0001760401064530015     0.2951111197471619     2.546241521835327
333     -0.5826430916786194      -0.001395641942508519     0.2896000146865845     2.485884189605713
334     -0.5823943614959717      0.000117159856017679     0.3011555671691895     2.467982530593872
335     -0.5827672481536865      -0.000589999312069267     0.3006222248077393     2.590489864349365
336     -0.5826377868652344      0.001497880555689335     0.2881777882575989     2.458198070526123
337     -0.5827063918113708      0.000475639448268339     0.2942222058773041     2.422284364700317
338     -0.5830868482589722      -9.244043030776083e-05     0.2831999957561493     2.567736625671387
339     -0.5826775431632996      0.001090839970856905     0.2942222058773041     2.466365337371826
340     -0.5826714038848877      -0.0002936004020739347     0.2734222114086151     2.443802356719971
341     -0.5826900005340576      0.001139678992331028     0.2928000092506409     2.579323053359985
342     -0.5826634168624878      -0.0002389197325101122     0.2940444648265839     2.479000091552734
343     -0.5829436779022217      -0.002264678478240967     0.2874666750431061     2.532118082046509
344     -0.5825079083442688      -0.000196600885828957     0.2958222031593323     2.616353034973145
345     -0.5829336047172546      -0.0006792008643969893     0.2817777693271637     2.479755163192749
346     -0.5825561881065369      0.0003080790629610419     0.3077333271503448     2.562976360321045
347     -0.5825890898704529      -0.002291917568072677     0.2974222302436829     2.508659362792969
348     -0.5827322006225586      0.0007435601437464356     0.3023999929428101     2.485781669616699
349     -0.5828332304954529      0.0007850005058571696     0.2876444458961487     2.400473117828369
350     -0.5829899311065674      -0.001317998277954757     0.2958222031593323     2.517544984817505
351     -0.582894504070282      -0.001152959885075688     0.2910222113132477     2.658041000366211
352     -0.5830035805702209      -0.0001162802582257427     0.2949333190917969     2.616331577301025
353     -0.5829587578773499      0.002112442394718528     0.2942222058773041     2.744267225265503
354     -0.5827952027320862      0.0003285998536739498     0.2920888960361481     2.495153665542603
355     -0.5827223062515259      -2.843988477252424e-05     0.2794666886329651     2.532330989837646
356     -0.5827499628067017      0.0001782799372449517     0.3077333271503448     2.442387104034424
357     -0.5829088091850281      0.001315240282565355     0.2899555563926697     2.53267502784729
358     -0.5828462839126587      0.0001373999111820012     0.2999111115932465     2.583141326904297
359     -0.5826084613800049      -0.001248720684088767     0.2924444675445557     2.442341089248657
360     -0.5828808546066284      0.001567879226058722     0.3112888932228088     2.50001072883606
361     -0.5825113654136658      0.0001718398998491466     0.2823111116886139     2.763535499572754
362     -0.5829394459724426      0.0002725594968069345     0.2956444621086121     2.538897514343262
363     -0.583134651184082      -0.002038959180936217     0.2853333353996277     2.500923156738281
364     -0.5829581022262573      2.483993557689246e-05     0.2924444675445557     2.710558176040649
365     -0.5825071930885315      -0.000228599805268459     0.2956444621086121     2.424375534057617
366     -0.5828843116760254      -0.0004234008665662259     0.3114666640758514     2.463520765304565
367     -0.5826969742774963      -0.001193760079331696     0.3109333217144012     2.494293451309204
368     -0.582893967628479      -0.0008494780631735921     0.2936888933181763     2.332240343093872
369     -0.5830286741256714      0.001390681718476117     0.2940444648265839     2.568625688552856
370     -0.5827956795692444      -0.0001489591813879088     0.2789333164691925     2.599717855453491
371     -0.5823007822036743      0.0003077199216932058     0.2901333272457123     2.519078016281128
372     -0.5827886462211609      4.959536909154849e-06     0.2896000146865845     2.372658252716064
373     -0.5825054049491882      0.0002073994692182168     0.2865777909755707     2.362188816070557
374     -0.5826757550239563      -0.0004838797904085368     0.2949333190917969     2.588517904281616
375     -0.5827606916427612      -0.001163078937679529     0.2855111062526703     2.438128709793091
376     -0.5825793743133545      0.0002915204095188528     0.2956444621086121     2.438464164733887
377     -0.5828975439071655      -0.00176807539537549     0.2960000038146973     2.52411961555481
378     -0.5829326510429382      0.002459521871060133     0.2903110980987549     2.301423072814941
379     -0.582862377166748      0.001144840731285512     0.2970666885375977     2.56353759765625
380     -0.582908034324646      0.0006064394256100059     0.2967111170291901     2.423687219619751
381     -0.5826590061187744      0.0002683601342141628     0.2915555536746979     2.652137041091919
382     -0.5830329656600952      0.001638125744648278     0.2995555698871613     2.637734889984131
383     -0.5827271938323975      -0.0005457195802591741     0.302577793598175     2.513387441635132
384     -0.5830122828483582      -0.0004702002042904496     0.2935111224651337     2.307801246643066
385     -0.5824205279350281      0.0003502802865114063     0.2974222302436829     2.786069631576538
386     -0.5827075242996216      0.0003488400252535939     0.2952888906002045     2.489313125610352
387     -0.5827908515930176      4.64006770926062e-05     0.3006222248077393     2.282058477401733
388     -0.5826801061630249      -0.001382681541144848     0.2881777882575989     2.628001928329468
389     -0.5830622315406799      -0.0002972398651763797     0.3022222220897675     2.558674335479736
390     -0.5828293561935425      -0.0006476800190284848     0.3079110980033875     2.482207536697388
391     -0.5826318264007568      0.0009317979565821588     0.2888889014720917     2.820177793502808
392     -0.5826706290245056      -0.0008867592550814152     0.2933333218097687     2.605381011962891
393     -0.5828511714935303      -5.187988426769152e-05     0.3057777881622314     2.387104272842407
394     -0.5825866460800171      -0.001302882330492139     0.2899555563926697     2.571537494659424
395     -0.5826302766799927      0.002289960626512766     0.2910222113132477     2.590033531188965
396     -0.5825617909431458      0.0001125998824136332     0.2876444458961487     2.459728956222534
397     -0.5828526616096497      -0.0007197597878985107     0.3020444512367249     2.643130779266357
398     -0.582862377166748      0.0004821606271434575     0.3016888797283173     2.650412797927856
399     -0.5826273560523987      0.001861357479356229     0.2863999903202057     2.513251066207886
400     -0.5827732682228088      0.0001949596189660951     0.3061333298683167     2.521305561065674
401     -0.5824992656707764      0.0002892000775318593     0.3015111088752747     2.369714021682739
402     -0.5825344920158386      -0.0002014801721088588     0.3027555644512177     2.648112058639526
403     -0.5826092958450317      0.0006463617901317775     0.2928000092506409     2.645292043685913
404     -0.5824956893920898      -0.0005200398154556751     0.2896000146865845     2.407759189605713
405     -0.5829398632049561      0.0005928007885813713     0.3009777963161469     2.333590507507324
406     -0.5825793743133545      0.0003759994870051742     0.2954666614532471     2.645946502685547
407     -0.5829474329948425      0.001172799384221435     0.2858666777610779     2.464259386062622
408     -0.5827943086624146      0.001338159083388746     0.2983111143112183     2.585624694824219
409     -0.5826374292373657      0.0003967198717873544     0.3148444592952728     2.4203782081604
410     -0.5829485058784485      0.001689404714852571     0.2896000146865845     2.557356119155884
411     -0.5830067992210388      -0.0008199226576834917     0.3057777881622314     2.547197341918945
412     -0.5825163125991821      1.292002798436442e-05     0.2913777828216553     2.474811315536499
413     -0.5827694535255432      0.0009155211737379432     0.2915555536746979     2.451993703842163
414     -0.583014965057373      -0.0008665994391776621     0.3091555535793304     2.640188932418823
415     -0.5831002593040466      -0.001152479671873152     0.3116444647312164     2.693935871124268
416     -0.582880973815918      -0.0003687196003738791     0.2775111198425293     2.555988788604736
417     -0.5827008485794067      -0.0003116798470728099     0.2956444621086121     2.61871337890625
418     -0.5825033187866211      -3.227981505915523e-05     0.2940444648265839     2.418010711669922
419     -0.5825638175010681      0.0001027600155794062     0.2780444622039795     2.597330808639526
420     -0.5826421976089478      0.001581119257025421     0.2961777746677399     2.438376665115356
421     -0.5829393267631531      0.0007033983711153269     0.2945777773857117     2.479919910430908
422     -0.582425057888031      -0.0002196404966525733     0.3002666831016541     2.452577829360962
423     -0.5826816558837891      -0.0004666810855269432     0.3039999902248383     2.348085641860962
424     -0.5831875205039978      0.0001829212560551241     0.2871111035346985     2.530489444732666
425     -0.5826495885848999      0.000623678439296782     0.2983111143112183     2.55558180809021
426     -0.5830541253089905      0.0004452794673852623     0.3052444458007812     2.597803592681885
427     -0.5826165676116943      -0.0007385198259726167     0.2986666858196259     2.52485203742981
428     -0.5827795267105103      -0.0008183610043488443     0.2842666804790497     2.726717948913574
429     -0.5826292634010315      -0.0006250799051485956     0.3077333271503448     2.496780157089233
430     -0.5825739502906799      -0.001082599861547351     0.2999111115932465     2.589058876037598
431     -0.5826594233512878      0.0004820805916097015     0.2936888933181763     2.481654405593872
432     -0.5828673839569092      0.0002696395968087018     0.2819555699825287     2.534848213195801
433     -0.5831118226051331      0.0001566391147207469     0.2791111171245575     2.48528790473938
434     -0.582747757434845      0.0002789200807455927     0.2883555591106415     2.529419183731079
435     -0.5831362009048462      0.0009289197041653097     0.2872889041900635     2.451067686080933
436     -0.5827890634536743      -0.0001722802262520418     0.3031111061573029     2.458193778991699
437     -0.5824929475784302      0.001378240529447794     0.2840888798236847     2.48537802696228
438     -0.5831159353256226      0.000101720514066983     0.2988444566726685     2.590323925018311
439     -0.5822964906692505      0.0006003195303492248     0.3027555644512177     2.352880477905273
440     -0.5826579332351685      -0.0004384794156067073     0.2855111062526703     2.401339530944824
441     -0.5830841064453125      -0.002085281070321798     0.2931555807590485     2.653522729873657
442     -0.5826044678688049      0.001058199792169034     0.2903110980987549     2.571422576904297
443     -0.5829048156738281      0.0009429205092601478     0.2888889014720917     2.504845142364502
444     -0.5829333662986755      -0.001518161385320127     0.3070222139358521     2.670137166976929
445     -0.5828142166137695      -0.00188099779188633     0.2965333163738251     2.448771953582764
446     -0.5826501846313477      -5.264093852019869e-05     0.2718222141265869     2.714122772216797
447     -0.5827565789222717      0.0002504810108803213     0.3027555644512177     2.601459741592407
448     -0.5824713706970215      -0.0007959203794598579     0.2906666696071625     2.503399133682251
449     -0.5826970934867859      0.000226400516112335     0.3002666831016541     2.409497261047363
450     -0.5825788378715515      0.001916798064485192     0.2910222113132477     2.441244602203369
451     -0.5826179385185242      0.0008868818986229599     0.3036444485187531     2.347646951675415
452     -0.5822784304618835      0.0001240003039129078     0.2785777747631073     2.458215475082397
453     -0.5823333859443665      -0.0007864406798034906     0.2896000146865845     2.560166835784912
454     -0.5825446248054504      0.0007603192934766412     0.2965333163738251     2.389324903488159
455     -0.5825779438018799      0.002292238874360919     0.2933333218097687     2.541657447814941
456     -0.5827000737190247      0.0006602007197216153     0.3096888959407806     2.501666307449341
457     -0.5825153589248657      8.167958003468812e-05     0.2847999930381775     2.616289377212524
458     -0.5827450156211853      0.0008513600332662463     0.2910222113132477     2.569487333297729
459     -0.5825534462928772      -0.000461160292616114     0.2844444513320923     2.484303951263428
460     -0.5830705761909485      -0.0008666407666169107     0.2954666614532471     2.565557479858398
461     -0.5828921794891357      0.0004091589944437146     0.3006222248077393     2.664108514785767
462     -0.5831073522567749      0.0003497185825835913     0.2926222085952759     2.400686740875244
463     -0.5828169584274292      -0.0006286808056756854     0.2933333218097687     2.398872375488281
464     -0.5827810764312744      -2.801615721637063e-07     0.2974222302436829     2.417985677719116
465     -0.5829432606697083      0.0007497598417103291     0.3002666831016541     2.57357382774353
466     -0.5828232169151306      -0.0002326404064660892     0.2910222113132477     2.744464635848999
467     -0.5828971266746521      -0.0005017192452214658     0.2995555698871613     2.451317071914673
468     -0.5827889442443848      -5.599886935669929e-05     0.3009777963161469     2.55274772644043
469     -0.5829721093177795      0.0006494391709566116     0.2961777746677399     2.586064100265503
470     -0.5827311277389526      0.001479882397688925     0.2997333109378815     2.546860456466675
471     -0.5828104615211487      0.0002973198133986443     0.2897777855396271     2.424388885498047
472     -0.5826320052146912      0.000525999057572335     0.2947555780410767     2.6625816822052
473     -0.5824761986732483      0.0001538400683784857     0.2960000038146973     2.32597017288208
474     -0.5827966928482056      6.000063513056375e-05     0.2853333353996277     2.610532522201538
475     -0.5824350118637085      0.000824676884803921     0.2833777964115143     2.615090370178223
476     -0.5825852751731873      0.001355840940959752     0.2876444458961487     2.661920309066772
477     -0.5829077363014221      -0.0006746422732248902     0.2945777773857117     2.511749982833862
478     -0.5826568007469177      -0.0004044799425173551     0.2926222085952759     2.457201957702637
479     -0.5827724933624268      0.0007225196459330618     0.2913777828216553     2.263485193252563
480     -0.5827969908714294      0.0003816801181528717     0.3004444539546967     2.556206226348877
481     -0.5827866792678833      -0.0002671600668691099     0.2952888906002045     2.583938837051392
482     -0.5830122828483582      -0.001014758017845452     0.3052444458007812     2.350721836090088
483     -0.5827984213829041      -0.001071557751856744     0.2837333381175995     2.511174917221069
484     -0.582493007183075      -0.0002559591666795313     0.3013333380222321     2.395687818527222
485     -0.5825191140174866      0.0001795581047190353     0.2999111115932465     2.43047308921814
486     -0.5825821161270142      0.0007192807388491929     0.2871111035346985     2.521335124969482
487     -0.5828542113304138      0.001900160452350974     0.2936888933181763     2.680145978927612
488     -0.5830662250518799      -0.0007868006941862404     0.2913777828216553     2.54187536239624
489     -0.5827324390411377      -0.001072359038516879     0.2988444566726685     2.632041692733765
490     -0.5829262733459473      0.0001640801638131961     0.3034666776657104     2.585061311721802
491     -0.5828045010566711      -0.0004077607300132513     0.2860444486141205     2.387936592102051
492     -0.5827010273933411      0.0001264000020455569     0.3011555671691895     2.542917251586914
493     -0.5827352404594421      0.0003162401844747365     0.2892444431781769     2.484745979309082
494     -0.5829735994338989      0.0003835998068097979     0.2967111170291901     2.447563648223877
495     -0.5826303362846375      0.0001162405824288726     0.2991999983787537     2.492647647857666
496     -0.5828335881233215      0.0008921224507503211     0.2887111008167267     2.552875280380249
497     -0.5828008651733398      0.0003539995814207941     0.308266669511795     2.429385662078857
498     -0.5827962160110474      -0.0002594795369077474     0.2940444648265839     2.499128818511963
499     -0.5825966000556946      -0.0002850393648259342     0.2865777909755707     2.590134143829346
500     -0.5826325416564941      4.983920734957792e-05     0.3063111007213593     2.532679796218872
501     -0.5828127264976501      0.0009499185835011303     0.2826666831970215     2.505204439163208
502     -0.5829678177833557      0.0004031203279737383     0.2906666696071625     2.503685235977173
503     -0.5824910402297974      0.000147679922520183     0.2922666668891907     2.317064046859741
504     -0.5826933979988098      -7.335887494264171e-05     0.2924444675445557     2.670325517654419
505     -0.5827532410621643      -0.001134200720116496     0.2949333190917969     2.72531533241272
506     -0.5827577710151672      0.0004127597785554826     0.2924444675445557     2.593839645385742
507     -0.5829194784164429      -0.0004087207198608667     0.2968888878822327     2.487751960754395
508     -0.5829132199287415      -0.0008341189241036773     0.2915555536746979     2.386721134185791
509     -0.5825328230857849      -0.0005492402706295252     0.2894222140312195     2.595207452774048
510     -0.5829490423202515      0.00110011815559119     0.2929777801036835     2.535392999649048
511     -0.5829097628593445      -0.001176199875771999     0.2928000092506409     2.60333251953125
512     -0.5829741954803467      0.001336118439212441     0.2821333110332489     2.518906593322754
513     -0.582733154296875      0.001205239910632372     0.3000888824462891     2.709659814834595
514     -0.5824272632598877      0.001008640392683446     0.2963555753231049     2.54533052444458
515     -0.5829733610153198      -0.0004308805509936064     0.2821333110332489     2.50805139541626
516     -0.5825923681259155      0.0001333594846073538     0.2773333191871643     2.49509072303772
517     -0.5830442905426025      -0.0007844802457839251     0.2926222085952759     2.418457508087158
518     -0.5829444527626038      0.001420801971107721     0.2935111224651337     2.508970975875854
519     -0.5827617049217224      -0.0003265601699240506     0.2999111115932465     2.575553894042969
520     -0.5829886794090271      7.379982707789168e-05     0.2901333272457123     2.437491893768311
521     -0.5826701521873474      0.001656763488426805     0.3055999875068665     2.696581125259399
522     -0.5823523998260498      -0.001151518779806793     0.2945777773857117     2.355498313903809
523     -0.5829093456268311      -0.0002165595360565931     0.3015111088752747     2.564812421798706
524     -0.5831827521324158      -0.0003467599453870207     0.2901333272457123     2.533826589584351
525     -0.5830439925193787      0.0007971605518832803     0.2908444702625275     2.454685926437378
526     -0.5824486613273621      0.0001571200118632987     0.2983111143112183     2.265005826950073
527     -0.5826220512390137      0.0004642409912776202     0.2878222167491913     2.518975496292114
528     -0.582594633102417      0.001943715265952051     0.2924444675445557     2.777168035507202
529     -0.5826462507247925      -0.0005330806015990674     0.2885333299636841     2.628951072692871
530     -0.5828613042831421      0.0004539208894129843     0.3043555617332458     2.510300874710083
531     -0.5825672149658203      0.0003645201795734465     0.2954666614532471     2.528759241104126
532     -0.5828660130500793      -0.0008015196654014289     0.2913777828216553     2.531243085861206
533     -0.5830557346343994      6.351888441713527e-05     0.2869333326816559     2.293347358703613
534     -0.5824869871139526      0.0003372807404957712     0.2888889014720917     2.77960205078125
535     -0.5825928449630737      0.0003848808410111815     0.2826666831970215     2.432437896728516
536     -0.5829135775566101      0.0002690368855837733     0.3018666803836823     2.475977420806885
537     -0.5826743245124817      -0.001133040757849813     0.2961777746677399     2.383830785751343
538     -0.5825134515762329      -0.0006188801489770412     0.2926222085952759     2.552428483963013
539     -0.5828447937965393      -0.0003359600086696446     0.2849777936935425     2.363593339920044
540     -0.5826401114463806      -0.001476121367886662     0.3079110980033875     2.354371070861816
541     -0.5826348662376404      -9.98801551759243e-05     0.2970666885375977     2.497486591339111
542     -0.5827274918556213      -0.001099642599001527     0.2787555754184723     2.247944116592407
543     -0.5831742286682129      -0.0003017193230334669     0.2956444621086121     2.480871200561523
544     -0.5826867818832397      8.056001388467848e-05     0.2968888878822327     2.657710075378418
545     -0.5829342007637024      8.803916716715321e-05     0.3034666776657104     2.712842464447021
546     -0.5827044248580933      -6.180060881888494e-05     0.3089777827262878     2.700858592987061
547     -0.5828920006752014      0.001024000928737223     0.317511111497879     2.550837516784668
548     -0.5828272700309753      -0.0001453197910450399     0.2944000065326691     2.434804201126099
549     -0.5827689170837402      -0.000566360424272716     0.2858666777610779     2.495098352432251
550     -0.5827496647834778      0.0001259992423001677     0.2938666641712189     2.341615915298462
551     -0.5827968716621399      -0.001601716037839651     0.2840888798236847     2.697630167007446
552     -0.5827160477638245      0.000959961034823209     0.2984888851642609     2.520023822784424
553     -0.5828272700309753      -0.0006191590800881386     0.2906666696071625     2.390588045120239
554     -0.5825780034065247      0.001063000527210534     0.2968888878822327     2.442119359970093
555     -0.5826258659362793      -0.001837279880419374     0.304888904094696     2.38160228729248
556     -0.5825262069702148      -0.000456321140518412     0.2963555753231049     2.463036298751831
557     -0.5826458334922791      0.000631720176897943     0.3031111061573029     2.756654977798462
558     -0.5828088521957397      -0.001356319757178426     0.2922666668891907     2.449392795562744
559     -0.5828108191490173      -0.0002398390497546643     0.2931555807590485     2.502068519592285
560     -0.5828589200973511      -0.0004991191672161222     0.2901333272457123     2.402071952819824
561     -0.5828354358673096      -0.0002987203479278833     0.3045333325862885     2.767424821853638
562     -0.5827400684356689      -0.0003994806902483106     0.3139555752277374     2.591722249984741
563     -0.582801342010498      0.0002385596744716167     0.2743110954761505     2.71116828918457
564     -0.5825945138931274      -0.0005671201506629586     0.2956444621086121     2.37602710723877
565     -0.5825706124305725      0.0004118403885513544     0.3068444728851318     2.537874698638916
566     -0.5826857089996338      -9.972050611395389e-05     0.2897777855396271     2.520937919616699
567     -0.5830976366996765      0.0005357603076845407     0.2970666885375977     2.561753988265991
568     -0.5828199982643127      -0.0001705601753201336     0.3043555617332458     2.523505449295044
569     -0.5825809836387634      0.001191281015053391     0.3009777963161469     2.594009160995483
570     -0.5826983451843262      0.001698480569757521     0.2869333326816559     2.577876567840576
571     -0.5829014778137207      0.0007173186750151217     0.2988444566726685     2.486020088195801
572     -0.582731306552887      -0.0001110804587369785     0.3098666667938232     2.591250896453857
573     -0.5829331874847412      -0.0004790393868461251     0.302577793598175     2.7405686378479
574     -0.582421600818634      0.0001453209551982582     0.2879999876022339     2.440698862075806
575     -0.5828070044517517      -0.0007478792686015368     0.2979555726051331     2.619262218475342
576     -0.5832474827766418      -0.0009001601138152182     0.2931555807590485     2.533822536468506
577     -0.5827528834342957      -0.000394920411054045     0.2839111089706421     2.633536338806152
578     -0.5827398300170898      -0.001819119090214372     0.2974222302436829     2.494275331497192
579     -0.5827130079269409      -0.0001760396407917142     0.302577793598175     2.711376905441284
580     -0.5830682516098022      -0.0003157208557240665     0.2991999983787537     2.786504745483398
581     -0.5825134515762329      0.0008195187547244132     0.2960000038146973     2.614892959594727
582     -0.5829187035560608      -0.0002491995692253113     0.3043555617332458     2.542854785919189
583     -0.5826048851013184      -0.001524159801192582     0.2803555727005005     2.537580013275146
584     -0.582801342010498      -0.0004605998983606696     0.3134222030639648     2.516149997711182
585     -0.5826223492622375      -0.001223480910994112     0.2947555780410767     2.612179756164551
586     -0.5827286839485168      0.0002264400536660105     0.2807111144065857     2.35363245010376
587     -0.5827042460441589      0.0004402006161399186     0.2782222032546997     2.421834468841553
588     -0.582610011100769      -0.0008729990804567933     0.2952888906002045     2.578773021697998
589     -0.5828102827072144      -0.0006127186352387071     0.2960000038146973     2.459741115570068
590     -0.5831014513969421      -0.0001927196281030774     0.2977777719497681     2.514846801757812
591     -0.5829215049743652      0.0002925595617853105     0.3091555535793304     2.772394418716431
592     -0.5826478004455566      0.0004691584035754204     0.2876444458961487     2.609426259994507
593     -0.5827113389968872      0.0007806814392097294     0.2858666777610779     2.459462404251099
594     -0.5826665759086609      -0.0007929598796181381     0.2936888933181763     2.681442499160767
595     -0.5827905535697937      -0.0005976383690722287     0.3009777963161469     2.639099597930908
596     -0.5824866890907288      0.0002972001675516367     0.2924444675445557     2.496930360794067
597     -0.5826091766357422      -0.001109322300180793     0.2901333272457123     2.502980947494507
598     -0.582852840423584      -0.0003070406964980066     0.3039999902248383     2.339390516281128
599     -0.5826719999313354      0.001769438968040049     0.2960000038146973     2.715204477310181
600     -0.5827522277832031      0.0001509197609266266     0.2947555780410767     2.577141284942627
601     -0.5830954909324646      0.0004252803337294608     0.2958222031593323     2.366702318191528
602     -0.5823548436164856      -0.0003887203347403556     0.2931555807590485     2.611609220504761
603     -0.5827054977416992      -2.088000292133074e-05     0.2970666885375977     2.823988914489746
604     -0.5827152132987976      -0.0005501206615008414     0.2949333190917969     2.540657520294189
605     -0.5826395750045776      0.00104007963091135     0.2856888771057129     2.472142696380615
606     -0.5826238393783569      -0.0003046401834581047     0.3100444674491882     2.530097484588623
607     -0.5826646685600281      -0.0007846404332667589     0.3077333271503448     2.540322303771973
608     -0.5828093290328979      -0.001020719995722175     0.2931555807590485     2.498222589492798
609     -0.5827129483222961      -0.0001017206668620929     0.3016888797283173     2.753058433532715
610     -0.5830946564674377      0.0001059202695614658     0.2901333272457123     2.333839893341064
611     -0.5828933119773865      -0.002333917189389467     0.2837333381175995     2.513019323348999
612     -0.5825113654136658      -6.479369858425343e-06     0.2944000065326691     2.686035633087158
613     -0.5829843878746033      -0.000482280069263652     0.2981333136558533     2.444264888763428
614     -0.5825831294059753      0.001267958199605346     0.2887111008167267     2.387205839157104
615     -0.5828561782836914      -0.0001289191422984004     0.2926222085952759     2.652287006378174
616     -0.5826088190078735      -2.264037175336853e-05     0.2926222085952759     2.48144268989563
617     -0.5826480984687805      -0.000749360304325819     0.2974222302436829     2.600378036499023
618     -0.5826126933097839      0.0005626802449114621     0.2872889041900635     2.598227262496948
619     -0.5824905037879944      0.0008322795038111508     0.3043555617332458     2.524635076522827
620     -0.5830106735229492      -0.0009263601386919618     0.3011555671691895     2.567328453063965
621     -0.5828442573547363      -0.0001066000113496557     0.2974222302436829     2.668958425521851
622     -0.5829601287841797      -0.0009449193021282554     0.3000888824462891     2.417334079742432
623     -0.5827928781509399      0.0008619209402240813     0.2869333326816559     2.566996574401855
624     -0.5829077363014221      -0.0002348409179830924     0.2960000038146973     2.527875900268555
625     -0.582573413848877      -0.0001611608458915725     0.307200014591217     2.445632696151733
626     -0.5828980207443237      -0.0005029193125665188     0.3039999902248383     2.443644523620605
627     -0.5825226306915283      8.46396287670359e-05     0.2976000010967255     2.387002229690552
628     -0.5827600359916687      0.0002133602829417214     0.2858666777610779     2.570529699325562
629     -0.5827004313468933      -0.0005460406537167728     0.2849777936935425     2.615795850753784
630     -0.5823950171470642      0.0002262803318444639     0.2810666859149933     2.564618825912476
631     -0.5825777053833008      0.0005594408721663058     0.3016888797283173     2.456023931503296
632     -0.5826902389526367      -0.0004514797183219343     0.3031111061573029     2.556464433670044
633     -0.5831571817398071      -0.0008058398962020874     0.2965333163738251     2.582545042037964
634     -0.5828799605369568      -0.0008136798860505223     0.3031111061573029     2.504834890365601
635     -0.5829543471336365      0.00182124157436192     0.2791111171245575     2.604317665100098
636     -0.5829859972000122      -0.0008043597335927188     0.2922666668891907     2.48130202293396
637     -0.5827022790908813      -0.0004094800387974828     0.2929777801036835     2.528101444244385
638     -0.582675576210022      -0.0002949600748252124     0.2867555618286133     2.350899219512939
639     -0.5827654004096985      0.000806919764727354     0.2849777936935425     2.627010107040405
640     -0.5830777883529663      0.001119518070481718     0.2944000065326691     2.25571608543396
641     -0.582589864730835      -0.0005392813473008573     0.3039999902248383     2.516913175582886
642     -0.582679271697998      -0.0003452805103734136     0.3023999929428101     2.494502067565918
643     -0.582965612411499      0.000640239508356899     0.3002666831016541     2.500145673751831
644     -0.5830416679382324      -0.00132659962400794     0.2928000092506409     2.505553007125854
645     -0.582832396030426      0.0004211205523461103     0.3080888986587524     2.767818450927734
646     -0.5827497243881226      -0.0002665203937795013     0.2954666614532471     2.602449893951416
647     -0.5829053521156311      -0.0009289210429415107     0.2922666668891907     2.448485136032104
648     -0.583016037940979      -0.0008592783706262708     0.2874666750431061     2.443185091018677
649     -0.582420289516449      0.001281759585253894     0.2947555780410767     2.718733310699463
650     -0.5826559662818909      -0.001783436397090554     0.2805333137512207     2.486856937408447
651     -0.5829463601112366      -0.0006270797457545996     0.2952888906002045     2.542889356613159
652     -0.5826376676559448      0.001749119372107089     0.2849777936935425     2.674783229827881
653     -0.5827916264533997      -0.0004545199044514447     0.2904888987541199     2.447539091110229
654     -0.5827897787094116      -0.001399680273607373     0.2888889014720917     2.369400024414062
655     -0.5828925967216492      0.001184878870844841     0.2929777801036835     2.475491762161255
656     -0.5827487707138062      0.0006162397912703454     0.3018666803836823     2.504635095596313
657     -0.5826941132545471      0.003275961382314563     0.2913777828216553     2.54141902923584
658     -0.5827285051345825      0.00113312026951462     0.3009777963161469     2.520411491394043
659     -0.5828405022621155      0.0003465989429969341     0.2929777801036835     2.552201271057129
660     -0.5827205777168274      3.391946665942669e-05     0.2865777909755707     2.44575047492981
661     -0.5822195410728455      0.0005609600339084864     0.2888889014720917     2.57853889465332
662     -0.5828830003738403      -8.236002031480893e-05     0.2906666696071625     2.600439548492432
663     -0.5827609896659851      -0.001096521620638669     0.2945777773857117     2.484264612197876
664     -0.5825527906417847      4.135966810281388e-05     0.2940444648265839     2.399070739746094
665     -0.5829693078994751      -0.0005218007718212903     0.2917333245277405     2.553403615951538
666     -0.5828142762184143      0.0008930810145102441     0.2988444566726685     2.354982852935791
667     -0.5826836228370667      8.536050154361874e-05     0.2890666723251343     2.614003658294678
668     -0.5827393531799316      0.001749479095451534     0.2974222302436829     2.451681137084961
669     -0.5829548835754395      0.0006822397699579597     0.2967111170291901     2.451526641845703
670     -0.5825908780097961      0.0005081601557321846     0.307200014591217     2.497414350509644
671     -0.582711398601532      -0.000837119179777801     0.2931555807590485     2.594773530960083
672     -0.5830355882644653      -0.0004479592898860574     0.3104000091552734     2.64846134185791
673     -0.5827950835227966      -0.001748759415932     0.2988444566726685     2.278101921081543
674     -0.5831989645957947      0.0002969203924294561     0.2878222167491913     2.491694450378418
675     -0.5827931761741638      0.001102841226384044     0.3032888770103455     2.602394580841064
676     -0.5827489495277405      0.0005295593291521072     0.2919110953807831     2.416201114654541
677     -0.58294677734375      -0.0006812004139646888     0.3038222193717957     2.597175359725952
678     -0.5828705430030823      0.002275678096339107     0.2879999876022339     2.649202108383179
679     -0.582929790019989      -4.491922663873993e-05     0.2908444702625275     2.579944610595703
680     -0.5829544067382812      0.000100880119134672     0.3029333353042603     2.46161675453186
681     -0.5829920172691345      -0.0003983199130743742     0.2896000146865845     2.466153621673584
682     -0.5828580856323242      -0.001663319184444845     0.2945777773857117     2.608256101608276
683     -0.5826917886734009      0.0002327602123841643     0.2961777746677399     2.526312828063965
684     -0.5827130079269409      1.648012766963802e-05     0.3068444728851318     2.539210557937622
685     -0.583122193813324      -0.001087562181055546     0.3016888797283173     2.362018346786499
686     -0.5825176239013672      -0.0008133588708005846     0.2892444431781769     2.454107046127319
687     -0.5826687812805176      0.000243319824221544     0.2970666885375977     2.575557708740234
688     -0.582410991191864      0.0004779204318765551     0.3068444728851318     2.54020619392395
689     -0.5827563405036926      -0.001865757745690644     0.2976000010967255     2.582991123199463
690     -0.5826965570449829      0.0007342000608332455     0.3004444539546967     2.485176563262939
691     -0.5830747485160828      0.0001970401644939557     0.2878222167491913     2.498238801956177
692     -0.5826957225799561      -8.543940930394456e-05     0.2912000119686127     2.485729455947876
693     -0.5826964378356934      0.002150756539776921     0.2899555563926697     2.407181978225708
694     -0.5829423069953918      0.001477800775319338     0.2974222302436829     2.489062786102295
695     -0.5826385021209717      0.0001324796612607315     0.2995555698871613     2.641975402832031
696     -0.5826156735420227      -0.0005526805762201548     0.2929777801036835     2.641425609588623
697     -0.5827964544296265      0.002044321969151497     0.2974222302436829     2.496450424194336
698     -0.5826755166053772      0.002093643415719271     0.2872889041900635     2.568716764450073
699     -0.5829328894615173      -0.0004960802034474909     0.2785777747631073     2.37394380569458
700     -0.582649290561676      0.001002160250209272     0.2929777801036835     2.565274238586426
701     -0.5828729271888733      0.0007606003200635314     0.2904888987541199     2.393536329269409
702     -0.5825344920158386      2.260012661281507e-05     0.2750222086906433     2.555107593536377
703     -0.5827376246452332      -0.001335760811343789     0.2897777855396271     2.322763204574585
704     -0.5829270482063293      0.002291241195052862     0.2831999957561493     2.502466201782227
705     -0.5825045704841614      -0.0005679207388311625     0.2878222167491913     2.417486429214478
706     -0.5831074714660645      -0.0009312402689829469     0.2924444675445557     2.611570596694946
707     -0.5828794240951538      0.0005545199383050203     0.2803555727005005     2.733075618743896
708     -0.5827683210372925      -0.0004706387117039412     0.3118222057819366     2.691910266876221
709     -0.5829203724861145      0.001089882454834878     0.3095110952854156     2.655234813690186
710     -0.5830066204071045      -0.001133801531977952     0.2999111115932465     2.588593482971191
711     -0.5828165411949158      0.001020360039547086     0.2851555645465851     2.628304719924927
712     -0.5830031633377075      0.0007049990817904472     0.2995555698871613     2.614887237548828
713     -0.5828955173492432      0.0005852411268278956     0.3016888797283173     2.597512483596802
714     -0.5827122330665588      -0.0001671998033998534     0.2933333218097687     2.551429986953735
715     -0.5827411413192749      -0.0007085594115778804     0.3091555535793304     2.441686391830444
716     -0.5826956033706665      -0.001501720515079796     0.3111111223697662     2.455821752548218
717     -0.5830036401748657      -0.001128600910305977     0.2915555536746979     2.546578168869019
718     -0.5825207829475403      -0.0004785210476256907     0.2935111224651337     2.582950353622437
719     -0.5827908515930176      -0.0001560798555146903     0.2935111224651337     2.575477838516235
720     -0.5826587677001953      -9.128072269959375e-05     0.3047111034393311     2.430002450942993
721     -0.5827279090881348      -0.000489800120703876     0.3031111061573029     2.450748920440674
722     -0.5829247832298279      -0.0007668001926504076     0.3000888824462891     2.636464595794678
723     -0.5829540491104126      -0.0008888401207514107     0.2988444566726685     2.497995853424072
724     -0.5829286575317383      -9.968012454919517e-05     0.2808888852596283     2.555970668792725
725     -0.583099901676178      0.0002813202736433595     0.2855111062526703     2.612638235092163
726     -0.5828533172607422      -0.0008368411799892783     0.3114666640758514     2.631410837173462
727     -0.5830137729644775      2.724066325754393e-05     0.2929777801036835     2.748342752456665
728     -0.5825473070144653      -0.0008923604036681354     0.2974222302436829     2.527233600616455
729     -0.5826525092124939      -0.000230719379032962     0.3023999929428101     2.593036651611328
730     -0.5825245976448059      0.000584478781092912     0.3034666776657104     2.659906625747681
731     -0.5824132561683655      0.0001143201225204393     0.2990222275257111     2.632124900817871
732     -0.5828279256820679      0.0004568803415168077     0.2840888798236847     2.46285080909729
733     -0.5827807188034058      0.0004601994587574154     0.2920888960361481     2.486829519271851
734     -0.5825676321983337      -0.0001026401514536701     0.3009777963161469     2.560019969940186
735     -0.5828065276145935      -0.0001736800040816888     0.2766222059726715     2.632572650909424
736     -0.5828332901000977      -0.0001954404870048165     0.3029333353042603     2.591569185256958
737     -0.5826593041419983      -0.0007711200159974396     0.2812444567680359     2.51422119140625
738     -0.5826112031936646      -0.001347200246527791     0.2977777719497681     2.524360656738281
739     -0.5830823183059692      -0.0005966792814433575     0.3032888770103455     2.474533319473267
740     -0.5827361941337585      0.0005133594386279583     0.3073777854442596     2.490172624588013
741     -0.5831850171089172      -0.001183081301860511     0.2764444649219513     2.637355327606201
742     -0.5827510952949524      0.0001413204008713365     0.2860444486141205     2.668999910354614
743     -0.5826796293258667      0.0006774793728254735     0.2821333110332489     2.387949228286743
744     -0.5824246406555176      -0.0006142399506643414     0.2897777855396271     2.45970344543457
745     -0.5826754570007324      0.0009090399835258722     0.3054222166538239     2.40338134765625
746     -0.5827956795692444      9.243963722838089e-05     0.2899555563926697     2.572809219360352
747     -0.5828870534896851      -0.0005999604472890496     0.3057777881622314     2.432459354400635
748     -0.5827352404594421      -0.0003827587934210896     0.2878222167491913     2.606026649475098
749     -0.5826263427734375      -0.001196115161292255     0.2915555536746979     2.577221632003784
750     -0.5825114846229553      -0.0009661593358032405     0.2936888933181763     2.490526914596558
751     -0.5829693078994751      -7.799945706210565e-06     0.2807111144065857     2.480733633041382
752     -0.5827246904373169      -0.0001039605413097888     0.2945777773857117     2.418479204177856
753     -0.5829604864120483      -0.0008906408329494298     0.2944000065326691     2.520216703414917
754     -0.5826809406280518      -0.0006683610263280571     0.2926222085952759     2.563213586807251
755     -0.5829653143882751      -0.0003658408531919122     0.2940444648265839     2.517754554748535
756     -0.582909882068634      0.0001585999998496845     0.2888889014720917     2.425987005233765
757     -0.5825904011726379      0.0006861594738438725     0.2995555698871613     2.650878190994263
758     -0.5825822949409485      0.000285200891084969     0.3029333353042603     2.54502534866333
759     -0.5828315019607544      0.0006400002166628838     0.2917333245277405     2.799980878829956
760     -0.582797646522522      -0.001611320534721017     0.3013333380222321     2.479063749313354
761     -0.5829721689224243      0.001611197716556489     0.2863999903202057     2.410325765609741
762     -0.5827913284301758      0.0002166002814192325     0.2844444513320923     2.543126583099365
763     -0.5829574465751648      0.0001481997314840555     0.2949333190917969     2.687213182449341
764     -0.5827505588531494      1.960802819667151e-06     0.2910222113132477     2.51226019859314
765     -0.5830276608467102      -0.0001597598602529615     0.3006222248077393     2.47495436668396
766     -0.5827290415763855      0.001326318131759763     0.3006222248077393     2.628470420837402
767     -0.5826693177223206      -0.0004856798041146249     0.2878222167491913     2.432006597518921
768     -0.5823554396629333      -8.575963147450238e-05     0.3143111169338226     2.689342737197876
769     -0.582897424697876      -0.0008620810694992542     0.2908444702625275     2.691249132156372
770     -0.5829120874404907      -0.001422318280674517     0.2979555726051331     2.315970420837402
771     -0.5827242136001587      -0.0005032399203628302     0.3029333353042603     2.284547567367554
772     -0.582588255405426      0.0009880390716716647     0.2887111008167267     2.527199745178223
773     -0.5827674865722656      0.001201640698127449     0.2757333219051361     2.564789533615112
774     -0.5828729271888733      0.0007720807334408164     0.2995555698871613     2.452689409255981
775     -0.5827272534370422      0.0005499200779013336     0.2956444621086121     2.607850551605225
776     -0.5826976299285889      7.976054621394724e-05     0.2904888987541199     2.591624021530151
777     -0.5829012989997864      0.0005972415674477816     0.2942222058773041     2.482912302017212
778     -0.5826438665390015      -6.088069130782969e-05     0.3000888824462891     2.656464099884033
779     -0.5826014876365662      -0.0006411997601389885     0.3000888824462891     2.452840566635132
780     -0.5825356841087341      0.0007989593432284892     0.3057777881622314     2.53955864906311
781     -0.5826998353004456      -0.0001536401105113328     0.3009777963161469     2.429187059402466
782     -0.5824464559555054      -0.0002785196120385081     0.2815999984741211     2.652007579803467
783     -0.5827857255935669      -0.0008832385065034032     0.3183999955654144     2.465946912765503
784     -0.5830262899398804      -0.001317480113357306     0.2901333272457123     2.44721794128418
785     -0.5831810832023621      0.00192159868311137     0.2883555591106415     2.57223916053772
786     -0.5826490521430969      0.0004123995895497501     0.3000888824462891     2.684424638748169
787     -0.5828789472579956      -0.000325199740473181     0.2817777693271637     2.679331541061401
788     -0.5826573967933655      1.400284077135439e-06     0.2814222276210785     2.671353578567505
789     -0.5825058221817017      0.0007255608798004687     0.2935111224651337     2.642229795455933
790     -0.5823417901992798      -7.888065010774881e-05     0.2897777855396271     2.77653431892395
791     -0.5829498767852783      -0.0001154408091679215     0.3041777908802032     2.459994316101074
792     -0.5825188755989075      -0.001001480617560446     0.2974222302436829     2.456132411956787
793     -0.5828594565391541      0.0006824005395174026     0.2968888878822327     2.449283599853516
794     -0.5828667283058167      0.000427279039286077     0.3070222139358521     2.313591480255127
795     -0.5826114416122437      -0.0003280387609265745     0.2865777909755707     2.639442920684814
796     -0.5827459096908569      0.0009073197143152356     0.2890666723251343     2.452821016311646
797     -0.5829018354415894      6.73203612677753e-05     0.2840888798236847     2.557098150253296
798     -0.582460880279541      -0.0003829617926385254     0.2874666750431061     2.570974111557007
799     -0.5825352072715759      -0.00125576090067625     0.2908444702625275     2.493503093719482
800     -0.5824940800666809      -0.0009641581564210355     0.2871111035346985     2.56209135055542
801     -0.5827606916427612      -0.001090041128918529     0.2944000065326691     2.480082511901855
802     -0.5825429558753967      0.0003463585453573614     0.2938666641712189     2.584782600402832
803     -0.5829450488090515      -0.0008989999769255519     0.3034666776657104     2.420663833618164
804     -0.582557737827301      6.019946158630773e-05     0.3061333298683167     2.556024312973022
805     -0.5828724503517151      -0.0008579195127822459     0.2912000119686127     2.633747577667236
806     -0.5827556848526001      0.0003400804998818785     0.2892444431781769     2.298103094100952
807     -0.5828958749771118      -0.001721719512715936     0.2990222275257111     2.478050470352173
808     -0.5824553966522217      -0.001551159308291972     0.3095110952854156     2.607420682907104
809     -0.5828119516372681      0.001174319768324494     0.2833777964115143     2.543828725814819
810     -0.5828739404678345      0.0004964387626387179     0.2997333109378815     2.413660049438477
811     -0.5829576849937439      0.001022800104692578     0.2874666750431061     2.528003215789795
812     -0.5825072526931763      -0.0009679192444309592     0.3018666803836823     2.597823143005371
813     -0.582714319229126      0.0008525619632564485     0.3109333217144012     2.602991104125977
814     -0.5826314687728882      0.001277838717214763     0.2997333109378815     2.407967567443848
815     -0.5827808380126953      0.001371641759760678     0.2892444431781769     2.445353031158447
816     -0.5827838182449341      -0.0004877600586041808     0.2965333163738251     2.619469881057739
817     -0.5828235745429993      -0.001128440489992499     0.2924444675445557     2.379350662231445
818     -0.5825544595718384      -0.0007659606053493917     0.2970666885375977     2.549339532852173
819     -0.5825065970420837      0.001082320930436254     0.2922666668891907     2.633433103561401
820     -0.5830733180046082      0.0009028002968989313     0.2874666750431061     2.397863864898682
821     -0.5825178027153015      -0.0002087196335196495     0.2784000039100647     2.713873863220215
822     -0.5826957821846008      -0.001253921655006707     0.302577793598175     2.602734327316284
823     -0.5825600028038025      -0.002502996940165758     0.2762666642665863     2.508064031600952
824     -0.5828124284744263      -0.0008056400110945106     0.3023999929428101     2.63627815246582
825     -0.5827370285987854      -0.0002454396162647754     0.3020444512367249     2.577692747116089
826     -0.5825220346450806      0.001143837696872652     0.3070222139358521     2.475851535797119
827     -0.5828630328178406      -0.0006572801503352821     0.2910222113132477     2.703257083892822
828     -0.5829598903656006      0.0002970392815768719     0.2935111224651337     2.446464538574219
829     -0.5824992656707764      -0.0003515998832881451     0.2947555780410767     2.711506605148315
830     -0.5828577876091003      5.26793701283168e-05     0.2863999903202057     2.717795372009277
831     -0.582801342010498      0.0007623602286912501     0.2876444458961487     2.460533380508423
832     -0.582784116268158      -0.0004848396347369999     0.2908444702625275     2.38821005821228
833     -0.5828933119773865      -0.000191520681255497     0.2840888798236847     2.594507694244385
834     -0.5828582644462585      -0.001626600045710802     0.2823111116886139     2.645910501480103
835     -0.5828641653060913      -0.0005190006922930479     0.2945777773857117     2.85088038444519
836     -0.5826711058616638      0.0003929609665647149     0.2912000119686127     2.486478805541992
837     -0.5830205082893372      0.001461481559090316     0.3011555671691895     2.654686450958252
838     -0.5826835632324219      -0.0007593216723762453     0.2933333218097687     2.539507627487183
839     -0.5827125906944275      -6.703943654429168e-05     0.2986666858196259     2.592954635620117
840     -0.5825905203819275      -0.0006201206124387681     0.2958222031593323     2.596635580062866
841     -0.5827149748802185      0.001019639195874333     0.3047111034393311     2.473910808563232
842     -0.5828093886375427      0.0001525200495962054     0.3095110952854156     2.58441162109375
843     -0.5828077793121338      -0.0005311603308655322     0.2872889041900635     2.365943431854248
844     -0.5824977159500122      -0.00110084074549377     0.2879999876022339     2.5152747631073
845     -0.5827268362045288      0.0001182401174446568     0.2986666858196259     2.764431953430176
846     -0.5827361345291138      -0.0007994811167009175     0.3091555535793304     2.577496528625488
847     -0.5833221673965454      -0.001071680570021272     0.2867555618286133     2.702803611755371
848     -0.5828879475593567      -0.0009940405143424869     0.3066666722297668     2.583601474761963
849     -0.5823355317115784      0.0001282404118683189     0.2888889014720917     2.492729187011719
850     -0.5827422738075256      0.0005881607066839933     0.3004444539546967     2.403782367706299
851     -0.5831106901168823      0.0006612390279769897     0.3050666749477386     2.484763145446777
852     -0.5828960537910461      0.001247401465661824     0.2853333353996277     2.523088693618774
853     -0.5827217698097229      -0.000168480139109306     0.2904888987541199     2.439971446990967
854     -0.5826422572135925      0.0003762401756830513     0.3027555644512177     2.471957683563232
855     -0.5825323462486267      0.0002721598430071026     0.3050666749477386     2.567734956741333
856     -0.5827289819717407      -0.0003902000898960978     0.2892444431781769     2.665405035018921
857     -0.5830314159393311      0.002315558260306716     0.2837333381175995     2.38978099822998
858     -0.582939088344574      0.0002761607756838202     0.3047111034393311     2.545141935348511
859     -0.5827392339706421      -0.001031119958497584     0.2887111008167267     2.557291746139526
860     -0.5827131271362305      0.0006269995938055217     0.2887111008167267     2.393207788467407
861     -0.5827793478965759      -0.0007754797115921974     0.3013333380222321     2.523692846298218
862     -0.5828283429145813      0.0001907202968141064     0.2995555698871613     2.560113191604614
863     -0.5828181505203247      0.0007802395848557353     0.2860444486141205     2.394319534301758
864     -0.5825986266136169      0.0003770407929550856     0.3075555562973022     2.558513879776001
865     -0.5826130509376526      -0.0002718799805734307     0.3077333271503448     2.506005048751831
866     -0.5826335549354553      -0.001065079006366432     0.2862222194671631     2.539617776870728
867     -0.5827314853668213      4.89980993734207e-05     0.3068444728851318     2.527569532394409
868     -0.5825466513633728      -0.0001213596115121618     0.2869333326816559     2.612145900726318
869     -0.582749605178833      -0.0004859998298343271     0.2951111197471619     2.496751070022583
870     -0.5830076932907104      0.0007828000816516578     0.2903110980987549     2.525003671646118
871     -0.5825585722923279      0.001383438240736723     0.2988444566726685     2.488327264785767
872     -0.582800030708313      -0.0004251599893905222     0.2991999983787537     2.529551267623901
873     -0.5829229354858398      -0.001008239225484431     0.2976000010967255     2.54500150680542
874     -0.5824956893920898      -0.001875036279670894     0.2931555807590485     2.472731828689575
875     -0.5828704833984375      0.001244241488166153     0.2876444458961487     2.463006973266602
876     -0.5828759074211121      9.684009273769334e-05     0.2963555753231049     2.419368028640747
877     -0.5831300020217896      -0.0006156797171570361     0.2890666723251343     2.418487548828125
878     -0.5828266739845276      -0.002198518486693501     0.2871111035346985     2.383573293685913
879     -0.5827134251594543      0.0001925595424836501     0.2840888798236847     2.556011438369751
880     -0.582611620426178      -0.0004597615334205329     0.3079110980033875     2.641075372695923
881     -0.5831785202026367      7.903898949734867e-05     0.2847999930381775     2.581238269805908
882     -0.5830047726631165      -0.001181040308438241     0.2823111116886139     2.546880960464478
883     -0.5824589133262634      0.001100641209632158     0.2876444458961487     2.353927850723267
884     -0.5827215313911438      0.002020081272348762     0.3171555697917938     2.42710542678833
885     -0.5826457738876343      -0.001389840384945273     0.2858666777610779     2.783636808395386
886     -0.5828408002853394      0.000224959832848981     0.3023999929428101     2.416873216629028
887     -0.5827102065086365      -0.001026801182888448     0.2903110980987549     2.56261682510376
888     -0.5826457738876343      -0.0006158798933029175     0.3052444458007812     2.522662878036499
889     -0.5828028917312622      -0.002071959199383855     0.2933333218097687     2.552555322647095
890     -0.5824926495552063      -0.0006390813505277038     0.2963555753231049     2.436799764633179
891     -0.58253014087677      0.0002556000254116952     0.3063111007213593     2.419520139694214
892     -0.5830551981925964      -0.0004055601020809263     0.2906666696071625     2.646409749984741
893     -0.582893967628479      0.001347640994936228     0.3075555562973022     2.540960073471069
894     -0.5827950239181519      3.375966844032519e-05     0.2846222221851349     2.717040538787842
895     -0.5829175114631653      -2.279105046909535e-06     0.2936888933181763     2.538515567779541
896     -0.582810640335083      -0.0003330788749735802     0.2931555807590485     2.640493631362915
897     -0.5827963948249817      -3.640010982053354e-05     0.2991999983787537     2.778521776199341
898     -0.5828347206115723      -0.001543120248243213     0.2910222113132477     2.555770397186279
899     -0.5828725695610046      -0.001125839655287564     0.2928000092506409     2.702378511428833
900     -0.5826099514961243      0.0002293618163093925     0.3045333325862885     2.758914709091187
901     -0.5823619961738586      -0.0008589579374529421     0.3015111088752747     2.422355175018311
902     -0.5827092528343201      0.0007010003901086748     0.2990222275257111     2.515043020248413
903     -0.5830807685852051      -0.001444120542146266     0.2951111197471619     2.441806316375732
904     -0.5827630758285522      -0.0003596794267650694     0.2876444458961487     2.455805778503418
905     -0.5829522013664246      1.559974589326885e-05     0.2881777882575989     2.482157707214355
906     -0.582724928855896      0.001342679024673998     0.3013333380222321     2.609392642974854
907     -0.5825034379959106      7.099984941305593e-05     0.302577793598175     2.374855995178223
908     -0.5827455520629883      -0.001197641715407372     0.2929777801036835     2.258811712265015
909     -0.5829945802688599      -0.0001024404991767369     0.3057777881622314     2.500468015670776
910     -0.5826730132102966      -0.0003047599457204342     0.2860444486141205     2.58742094039917
911     -0.5830231904983521      -0.0003092000843025744     0.2876444458961487     2.66627025604248
912     -0.5825788974761963      -0.0009397229878231883     0.3006222248077393     2.523893356323242
913     -0.5826985239982605      -0.001938475645147264     0.2997333109378815     2.56615948677063
914     -0.582588255405426      0.001822800608351827     0.3045333325862885     2.43681788444519
915     -0.5827324986457825      0.00111828010994941     0.2807111144065857     2.462799072265625
916     -0.5827049612998962      -0.0002636798599269241     0.2931555807590485     2.363837003707886
917     -0.5828211307525635      -0.0009594791335985065     0.3045333325862885     2.714381217956543
918     -0.5829489827156067      -0.0005876807263121009     0.2961777746677399     2.568101167678833
919     -0.5829439163208008      0.0001618796522961929     0.2920888960361481     2.53631329536438
920     -0.5827614665031433      -0.001344960299320519     0.305955559015274     2.621330976486206
921     -0.5826176404953003      0.002608400536701083     0.30844447016716     2.611981153488159
922     -0.5827327370643616      -0.001131198951043189     0.2823111116886139     2.478567838668823
923     -0.5825517177581787      -0.001150876865722239     0.2899555563926697     2.382257699966431
924     -0.5829374194145203      0.0008554413798265159     0.3063111007213593     2.521084070205688
925     -0.5827838182449341      -0.0004386399232316762     0.3031111061573029     2.451570987701416
926     -0.5829187631607056      -0.001426398172043264     0.2940444648265839     2.437665462493896
927     -0.5824613571166992      0.0001699999265838414     0.2778666615486145     2.557021617889404
928     -0.5829703807830811      -0.0003925207129213959     0.2981333136558533     2.551091909408569
929     -0.583082377910614      0.001119598862715065     0.2999111115932465     2.652560949325562
930     -0.5831280946731567      -0.001027119229547679     0.2952888906002045     2.658857822418213
931     -0.5828174948692322      -5.03198207297828e-05     0.2922666668891907     2.409561395645142
932     -0.5827203392982483      0.0002219999732915312     0.3052444458007812     2.514841079711914
933     -0.5825192332267761      0.00049439980648458     0.2983111143112183     2.54991626739502
934     -0.5829542279243469      -0.001171159325167537     0.2778666615486145     2.526189565658569
935     -0.5826053023338318      0.0004355607088655233     0.2912000119686127     2.725894451141357
936     -0.5827022790908813      -0.0007537991041317582     0.3244444727897644     2.410121440887451
937     -0.5826097726821899      -0.0004652008647099137     0.2885333299636841     2.703267812728882
938     -0.5826616883277893      -0.0003441204025875777     0.2787555754184723     2.491510629653931
939     -0.5830002427101135      0.000623960280790925     0.2995555698871613     2.44001317024231
940     -0.5825390815734863      0.0003907596692442894     0.3004444539546967     2.54354453086853
941     -0.5828699469566345      0.0005353200831450522     0.3080888986587524     2.434727668762207
942     -0.5828559994697571      -0.0001882393262349069     0.3020444512367249     2.578309774398804
943     -0.5829426050186157      0.0001114018887165003     0.3006222248077393     2.571748018264771
944     -0.5827089548110962      -0.001038000802509487     0.3070222139358521     2.505581617355347
945     -0.5828187465667725      0.000358681078068912     0.2879999876022339     2.362517595291138
946     -0.5830460786819458      -0.001562363468110561     0.2942222058773041     2.63988995552063
947     -0.5829113721847534      0.001649641781114042     0.2869333326816559     2.41832709312439
948     -0.5827397108078003      0.001111321966163814     0.2933333218097687     2.759968519210815
949     -0.5827346444129944      -0.001691999030299485     0.3011555671691895     2.686314582824707
950     -0.5829116702079773      0.0006476407288573682     0.2844444513320923     2.633903980255127
951     -0.5825139880180359      0.0007089198916219175     0.2928000092506409     2.652435779571533
952     -0.5826744437217712      -0.000394839677028358     0.3091555535793304     2.426139354705811
953     -0.5827940106391907      0.0001767199137248099     0.2951111197471619     2.663640975952148
954     -0.5827156901359558      0.0001369186793453991     0.3036444485187531     2.55029296875
955     -0.5830782651901245      0.001552602974697948     0.2988444566726685     2.467252254486084
956     -0.5825734734535217      -0.0002807203272823244     0.2951111197471619     2.406459808349609
957     -0.5829310417175293      0.001361320028081536     0.3011555671691895     2.490791320800781
958     -0.5828568339347839      -0.0007774010300636292     0.2833777964115143     2.465475559234619
959     -0.5826756954193115      0.0006978798774071038     0.2942222058773041     2.492738962173462
960     -0.5827031135559082      -0.0009260796359740198     0.2999111115932465     2.7934410572052
961     -0.5828698873519897      0.001240199431777     0.2912000119686127     2.666632652282715
962     -0.5827733874320984      0.001419603126123548     0.2912000119686127     2.418577432632446
963     -0.5829114317893982      -0.001477840938605368     0.2842666804790497     2.275098323822021
964     -0.5824765563011169      -2.848003714461811e-05     0.2952888906002045     2.586209058761597
965     -0.5827969312667847      -0.001780358492396772     0.2991999983787537     2.592581033706665
966     -0.5829830765724182      -0.0009789190953597426     0.2972444593906403     2.65395975112915
967     -0.5825592875480652      0.0004299609281588346     0.2986666858196259     2.540794610977173
968     -0.5829177498817444      -3.220124199287966e-05     0.3000888824462891     2.39629054069519
969     -0.5828349590301514      -0.002204243559390306     0.3009777963161469     2.430459976196289
970     -0.5825577974319458      -0.0005862799589522183     0.2890666723251343     2.451533555984497
971     -0.5830991268157959      0.0001915618486236781     0.3066666722297668     2.631728172302246
972     -0.5827582478523254      -0.0003990787081420422     0.3102222084999084     2.410064935684204
973     -0.5829590559005737      -0.0003090001700911671     0.2780444622039795     2.51376748085022
974     -0.5825644135475159      0.001818640856072307     0.2990222275257111     2.411480188369751
975     -0.5829446911811829      -0.0002899994433391839     0.2995555698871613     2.42335844039917
976     -0.5824196934700012      0.0006051596137695014     0.2858666777610779     2.696959733963013
977     -0.5825814008712769      7.935922621982172e-05     0.3061333298683167     2.387596368789673
978     -0.5828426480293274      -0.0005857592332176864     0.2990222275257111     2.74994969367981
979     -0.5831741094589233      0.0001760396407917142     0.3022222220897675     2.521951913833618
980     -0.5827045440673828      -0.000363558967364952     0.2995555698871613     2.594838380813599
981     -0.582832396030426      0.001113360747694969     0.2894222140312195     2.471508502960205
982     -0.5826517343521118      -0.0004353593685664237     0.2888889014720917     2.536930799484253
983     -0.5825524926185608      0.0007327601779252291     0.3036444485187531     2.497482538223267
984     -0.5826433300971985      0.0007145598065108061     0.2931555807590485     2.348205327987671
985     -0.5827798247337341      0.0005420403904281557     0.2860444486141205     2.467456340789795
986     -0.5828704833984375      -0.001028238912113011     0.3013333380222321     2.638169527053833
987     -0.582818865776062      -0.0004340006271377206     0.2801777720451355     2.59096884727478
988     -0.5832222700119019      -0.0001524401304777712     0.2970666885375977     2.618263006210327
989     -0.5828729867935181      0.001052119652740657     0.3066666722297668     2.62619423866272
990     -0.5827783942222595      0.0009924006881192327     0.3027555644512177     2.473493337631226
991     -0.5832756161689758      0.0001786795328371227     0.2991999983787537     2.674992799758911
992     -0.5827828049659729      0.0003242800885345787     0.2981333136558533     2.382072687149048
993     -0.5824224948883057      -0.0004817213048227131     0.2808888852596283     2.552586793899536
994     -0.582807719707489      0.0002752405998762697     0.307200014591217     2.472257852554321
995     -0.5829436779022217      -0.001373960170894861     0.2963555753231049     2.712692975997925
996     -0.5828750729560852      -0.0007498413324356079     0.2901333272457123     2.581778049468994
997     -0.5829281806945801      -0.0006067595677450299     0.2856888771057129     2.518041133880615
998     -0.5827816128730774      0.0006306003779172897     0.2935111224651337     2.461836814880371
999     -0.5833112597465515      0.0003845600003842264     0.3077333271503448     2.659198045730591
1000     -0.5829789042472839      0.0006935198907740414     0.2869333326816559     2.559903621673584
