# Simulazione modello di Ising 1D
# Mossa 	 Energia 	 Magnetizzazione 	 Calore specifico 	 Suscettività
1 -0.9635332822799683 -0.03419690579175949 0.03840000182390213 64.8625
2 -0.9638350605964661 0.001542336191050708 0.2592000067234039 59.1348
3 -0.9633736610412598 -0.0856400728225708 0.2176000028848648 79.2659
4 -0.9646812677383423 -0.008814159780740738 0.03519999980926514 165.162
5 -0.9637507796287537 0.02876417525112629 0.2655999958515167 45.9836
6 -0.9652121067047119 0.01177089847624302 0.2176000028848648 61.928
7 -0.9640448093414307 0.09418263286352158 0.2207999974489212 97.6476
8 -0.9639691114425659 -0.02558152377605438 0.5023999810218811 103.81
9 -0.9647448062896729 -0.03917201608419418 0.4223999977111816 120.141
10 -0.9638378620147705 0.01773898862302303 0.3007999956607819 176.243
11 -0.9636186361312866 0.04794038087129593 0.1536000072956085 106.826
12 -0.9642438292503357 0.04372081160545349 0.1599999964237213 40.7683
13 -0.9641011953353882 -0.01580366306006908 0.2687999904155731 50.2994
14 -0.9637517333030701 0.02509020268917084 0.03840000182390213 43.2718
15 -0.9640341997146606 0.05371840298175812 0.09920000284910202 221.579
16 -0.9630599617958069 0.03614819422364235 0.323199987411499 261.241
17 -0.9636706113815308 -0.01693115010857582 0.2527999877929688 46.7964
18 -0.9639182686805725 0.0005206796922720969 0.2527999877929688 93.3153
19 -0.9647102355957031 0.02667800337076187 0.438400000333786 72.8106
20 -0.9630325436592102 0.02853547409176826 0.3104000091552734 111.918
21 -0.9646915197372437 -0.0608290359377861 0.1824000030755997 48.358
22 -0.9634751081466675 0.01767408661544323 0.246399998664856 44.4787
23 -0.963388204574585 -0.009519260376691818 0.4000000059604645 60.5499
24 -0.9645496010780334 0.01530515868216753 0.451200008392334 44.2483
25 -0.9639843702316284 0.04672489315271378 0.1472000032663345 65.5977
26 -0.9638960957527161 0.01040177792310715 0.09600000083446503 47.1437
27 -0.9640339612960815 -0.06729549914598465 0.003199999919161201 31.4138
28 -0.964494526386261 0.01495985127985477 0.5279999971389771 80.939
29 -0.9639130830764771 0.08267832547426224 0.1695999950170517 79.1506
30 -0.9655700325965881 0.0433644987642765 0.425599992275238 72.7495
31 -0.9650410413742065 -0.01806236989796162 0.5759999752044678 134.142
32 -0.9643658399581909 -0.01128783449530602 0.2784000039100647 47.3794
33 -0.9636187553405762 -0.003958892542868853 0.3743999898433685 96.6218
34 -0.9649352431297302 0.00840352289378643 0.2624000012874603 36.6275
35 -0.9641515612602234 0.0042120311409235 0.08320000022649765 97.2864
36 -0.963312029838562 -0.03172288089990616 0.4223999977111816 29.4129
37 -0.9629282355308533 0.03875087946653366 0.0544000007212162 69.1052
38 -0.9641286134719849 0.007385944947600365 0.198400005698204 34.0296
39 -0.964120090007782 -0.05654140189290047 0.2655999958515167 128.552
40 -0.9645239114761353 -0.01811281405389309 0.1695999950170517 46.1672
41 -0.9633495211601257 0.03062804229557514 0.1151999980211258 66.9051
42 -0.9636072516441345 -0.06429076194763184 0.3199999928474426 90.4083
43 -0.9639710187911987 0.04192379862070084 0.3583999872207642 60.9829
44 -0.9647804498672485 0.06443007290363312 0.2592000067234039 48.2174
45 -0.9644250869750977 0.03381475433707237 0.07999999821186066 60.0122
46 -0.9636048078536987 0.09566924721002579 0.1568000018596649 55.6911
47 -0.963418185710907 0.01812503486871719 0.1568000018596649 152.71
48 -0.9647328853607178 -0.06421423703432083 0.307200014591217 176.279
49 -0.9642185568809509 -0.006611779797822237 0.323199987411499 73.3922
50 -0.9646926522254944 0.0664970651268959 0.2752000093460083 123.374
51 -0.964496374130249 -0.04889114946126938 0.6272000074386597 112.756
52 -0.9637882113456726 -0.05564083158969879 0.0544000007212162 56.3424
53 -0.9642289280891418 -0.02562913298606873 -0.0544000007212162 100.271
54 -0.9640237092971802 -0.005677338223904371 0.3680000007152557 31.9848
55 -0.96407151222229 -0.006320827174931765 0.1888000071048737 33.4168
56 -0.9634826183319092 -0.03132960200309753 0.2207999974489212 73.7384
57 -0.9639361500740051 0.01010393351316452 0.07680000364780426 43.1782
58 -0.9635618925094604 0.03944189846515656 0.1791999936103821 96.7344
59 -0.9629949927330017 0.04634610936045647 0.4000000059604645 24.3356
60 -0.96365886926651 0.01628291234374046 0.2495999932289124 52.047
61 -0.9650891423225403 -0.03407510370016098 0.1888000071048737 55.2738
62 -0.9645670652389526 0.007773526944220066 0.08640000224113464 204.675
63 -0.9628331065177917 0.04517518356442451 0.1536000072956085 158.961
64 -0.9635899662971497 -0.0164013709872961 0.06719999760389328 58.0358
65 -0.9639585018157959 -0.003162638749927282 0.1343999952077866 100.8
66 -0.9634798765182495 -0.03645870834589005 0.1407999992370605 76.9361
67 -0.9640786051750183 0.0007857221644371748 0.08640000224113464 75.353
68 -0.96429443359375 0.05631813779473305 0.1664000004529953 147.162
69 -0.9638929963111877 -0.06487613171339035 0.02879999950528145 68.8318
70 -0.964698314666748 0.05458879470825195 0.3743999898433685 78.7845
71 -0.9638595581054688 -0.02137576788663864 0.08320000022649765 60.9509
72 -0.964446485042572 -0.04751880094408989 0.1599999964237213 172.735
73 -0.9645717740058899 0.02575710974633694 0.3808000087738037 89.207
74 -0.9633275270462036 0.03846753388643265 0.06400000303983688 83.932
75 -0.963441014289856 -0.0137660400941968 0.1120000034570694 64.1309
76 -0.9649292230606079 -0.01332765072584152 0.3264000117778778 115.358
77 -0.9645252823829651 -0.03328467160463333 0.307200014591217 99.4012
78 -0.9645357131958008 0.01524289511144161 0.2624000012874603 85.8281
79 -0.964532732963562 0.01518174447119236 0.2687999904155731 31.556
80 -0.9640449285507202 0.02017130330204964 0.4160000085830688 102.289
81 -0.9637123942375183 -0.03489730134606361 0.1216000020503998 42.8473
82 -0.9641996026039124 0.01904949173331261 0.2207999974489212 101.334
83 -0.9640717506408691 -0.05003361403942108 0.1536000072956085 101.468
84 -0.963309109210968 0.009607929736375809 -0.07999999821186066 103.447
85 -0.9643304944038391 0.02864349074661732 0.3743999898433685 71.57
86 -0.9647438526153564 0.02764309756457806 0.246399998664856 84.3654
87 -0.9646880030632019 0.06473267078399658 0.2176000028848648 54.1389
88 -0.9639933705329895 0.003888201434165239 0.425599992275238 43.0201
89 -0.9641548991203308 0.01085650268942118 0.2016000002622604 59.216
90 -0.9634438753128052 -0.07294488698244095 -0.01920000091195107 90.7333
91 -0.9630195498466492 0.03068523481488228 0.2560000121593475 135.551
92 -0.9641392827033997 -0.02833389677107334 0.2784000039100647 134.389
93 -0.964155375957489 0.01114532817155123 0.3808000087738037 33.2191
94 -0.9638150334358215 0.02727334946393967 0.198400005698204 147.6
95 -0.9648829102516174 0.06387558579444885 0.07039999961853027 149.553
96 -0.9637642502784729 -0.04136452451348305 0.2592000067234039 70.8651
97 -0.963125467300415 -0.02554158866405487 0.0255999993532896 68.3689
98 -0.9638052582740784 -0.02947593107819557 0.3680000007152557 46.024
99 -0.9640706777572632 -0.03020895086228848 0.1312000006437302 130.449
100 -0.9640839099884033 -0.02767661772668362 0.4192000031471252 148.827
101 -0.9636088609695435 -0.05663156881928444 0.1472000032663345 42.3851
102 -0.9644931554794312 -0.02004578337073326 0.4128000140190125 120.442
103 -0.9634795784950256 0.03375031799077988 0.1599999964237213 58.7891
104 -0.9637371301651001 0.04296408966183662 0.1376000046730042 63.8297
105 -0.9639556407928467 0.03285837918519974 -0.04479999840259552 94.7521
106 -0.9645287394523621 -0.03128171339631081 0.3680000007152557 62.4493
107 -0.9635913968086243 -0.003338845912367105 0.4320000112056732 87.6908
108 -0.9640342593193054 -0.007512561045587063 0.1376000046730042 119.889
109 -0.9640512466430664 0.03662363812327385 0.2784000039100647 28.2864
110 -0.963847279548645 0.02545257657766342 0.2847999930381775 62.9778
111 -0.9638530015945435 -0.08213520795106888 0.2143999934196472 144.748
112 -0.963121771812439 0.0269133634865284 0.246399998664856 44.5366
113 -0.9640313386917114 0.02365957945585251 0.2655999958515167 54.8109
114 -0.9640290141105652 0.02632559277117252 0.2912000119686127 154.786
115 -0.9631812572479248 -0.0513385571539402 0.07999999821186066 42.4599
116 -0.9640762805938721 -0.06315673142671585 0.2655999958515167 81.6023
117 -0.9631038904190063 -0.03323948383331299 0.2368000000715256 74.7829
118 -0.9633305668830872 0.01868312805891037 0.2879999876022339 63.1082
119 -0.963371753692627 0.04575151205062866 0.1376000046730042 64.2592
120 -0.9645621180534363 -0.0004796458233613521 0.438400000333786 75.2492
121 -0.9634398221969604 -0.08623339980840683 0.009600000455975533 89.0892
122 -0.9642965793609619 -0.09493736922740936 0.2527999877929688 45.1522
123 -0.9634726643562317 -0.08076179772615433 0.06719999760389328 74.4968
124 -0.9640824198722839 -0.002057710429653525 0.1503999978303909 171.931
125 -0.9640483260154724 0.04883161187171936 0.2847999930381775 69.7529
126 -0.964346170425415 -0.01174976769834757 0.2687999904155731 37.3586
127 -0.9643661975860596 0.02243508584797382 0.1023999974131584 88.5711
128 -0.9642854332923889 -0.0121180210262537 0.2432000041007996 64.0508
129 -0.9638490080833435 0.02848097309470177 0.2207999974489212 53.4354
130 -0.9641757607460022 0.06220877170562744 0.2879999876022339 55.6684
131 -0.9651322364807129 -0.02655336260795593 0.4480000138282776 98.8784
132 -0.9653506875038147 0.01182626653462648 0.198400005698204 80.08
133 -0.9634459018707275 -0.01311647053807974 0.1791999936103821 91.7354
134 -0.963313102722168 -0.03171418607234955 -0.03840000182390213 103.13
135 -0.9638573527336121 -0.05513512715697289 0.4575999975204468 143.362
136 -0.9642696976661682 0.05011562630534172 0.01920000091195107 38.5049
137 -0.9639791250228882 0.008301997557282448 0.4832000136375427 68.7072
138 -0.9642228484153748 -0.03175034001469612 0.335999995470047 51.1601
139 -0.9648286104202271 0.05898299440741539 0.2784000039100647 61.6169
140 -0.9645359516143799 -0.08082912862300873 0.4352000057697296 154.813
141 -0.9642601609230042 0.01250657625496387 0.08959999680519104 173.494
142 -0.9637134075164795 -0.0211800467222929 0.2720000147819519 67.2574
143 -0.964779794216156 -0.03853132203221321 -0.04479999840259552 67.4263
144 -0.9638535380363464 0.002990714972838759 0.09600000083446503 52.7433
145 -0.9633223414421082 -0.02463420853018761 0.1343999952077866 122.971
146 -0.9639594554901123 0.040450569242239 0.2303999960422516 100.704
147 -0.964311420917511 -0.001384508213959634 0.1951999962329865 300.046
148 -0.9646653532981873 -0.009020271711051464 0.3391999900341034 26.0883
149 -0.9644755125045776 -0.01974121853709221 0.3007999956607819 50.1491
150 -0.9638405442237854 0.02950439788401127 0.08959999680519104 196.179
151 -0.9643383026123047 -0.01973796635866165 0.2207999974489212 62.396
152 -0.9638170003890991 -0.0594039261341095 0.1088000014424324 33.7905
153 -0.9646139740943909 0.01660647802054882 0.3007999956607819 136.306
154 -0.9639003872871399 0.02055853605270386 0.3711999952793121 63.793
155 -0.9640559554100037 0.0363156870007515 0.0255999993532896 31.0854
156 -0.9637799859046936 0.074779212474823 0.4736000001430511 98.4307
157 -0.9644180536270142 -0.08507249504327774 0.1855999976396561 183.636
158 -0.9631754755973816 -0.06533899158239365 0.2527999877929688 108.546
159 -0.9635687470436096 0.04754501953721046 0.1791999936103821 38.7453
160 -0.9626461863517761 -0.01158019527792931 0.1472000032663345 99.2958
161 -0.9637060761451721 -0.01513142976909876 0.246399998664856 50.9972
162 -0.9639281034469604 0.01164417434483767 0.2560000121593475 56.4026
163 -0.9644063711166382 0.02079314179718494 0.4352000057697296 61.5059
164 -0.963981032371521 -0.006517411675304174 0.09600000083446503 88.604
165 -0.9641696214675903 -0.02735715918242931 0.2336000055074692 55.6867
166 -0.9643721580505371 0.07946880161762238 0.3616000115871429 53.355
167 -0.9647444486618042 0.002447089878842235 0.4672000110149384 120.797
168 -0.964594841003418 0.01611427217721939 0.06719999760389328 108.296
169 -0.9639925956726074 0.07389886677265167 0.05119999870657921 51.7219
170 -0.9634422659873962 0.01385573297739029 0.2495999932289124 90.2595
171 -0.9635543823242188 -0.03239251673221588 0.323199987411499 133.01
172 -0.9630033373832703 0.03197197616100311 0.3424000144004822 86.112
173 -0.9640525579452515 -0.06221209093928337 0.2432000041007996 138.77
174 -0.9637110233306885 0.01002136804163456 0.2624000012874603 84.6227
175 -0.9645779132843018 -0.0003431044751778245 0.3296000063419342 73.8647
176 -0.964180052280426 0.03804361820220947 0.1888000071048737 34.7597
177 -0.9642142653465271 0.06259163469076157 0.02239999920129776 28.1039
178 -0.9629753828048706 0.01293561700731516 0.2847999930381775 37.8593
179 -0.9642838835716248 0.06281950324773788 0.1312000006437302 77.005
180 -0.9648544788360596 -0.01222443487495184 0.2687999904155731 52.7399
181 -0.9640758037567139 0.005657256115227938 0.1632000058889389 87.3392
182 -0.9633031487464905 0.005917292553931475 0.2592000067234039 36.4785
183 -0.9641576409339905 -0.008454561233520508 0.04479999840259552 83.1454
184 -0.9642475843429565 0.0771419033408165 0.1599999964237213 68.3572
185 -0.9643933773040771 0.01812993735074997 0.1055999994277954 80.0943
186 -0.9642403125762939 -0.04323523119091988 0.0575999990105629 57.4197
187 -0.9643661975860596 0.01628170348703861 0.1503999978303909 164.854
188 -0.9654277563095093 0.0160558894276619 0.3871999979019165 35.5354
189 -0.9641429781913757 -0.008073514327406883 0.5023999810218811 46.1316
190 -0.964360237121582 -0.04700923338532448 0.1888000071048737 111.82
191 -0.9644839763641357 0.005518689751625061 0.4063999950885773 83.7294
192 -0.9638644456863403 0.0147215910255909 0.3391999900341034 57.7332
193 -0.9638462662696838 -0.0433255173265934 0.07360000163316727 32.9305
194 -0.964242160320282 -0.001966753276064992 0.3903999924659729 129.025
195 -0.9643569588661194 0.05275417491793633 0.3328000009059906 126.201
196 -0.9640068411827087 -0.00791459996253252 0.2303999960422516 64.548
197 -0.9645101428031921 -0.004420682322233915 0.2720000147819519 63.7663
198 -0.9643762707710266 -0.051398865878582 0.07039999961853027 66.0007
199 -0.9647412896156311 -0.06659252196550369 0.2720000147819519 117.659
200 -0.9644933342933655 0.00556245818734169 0.198400005698204 23.059
201 -0.9649756550788879 -0.02953583002090454 0.2912000119686127 124.824
202 -0.9638414978981018 0.03864773735404015 0.1407999992370605 104.534
203 -0.9638090133666992 -0.01296667475253344 0.2752000093460083 68.9893
204 -0.9637247920036316 -0.04390376806259155 0.3104000091552734 95.6478
205 -0.9652156233787537 0.0454903282225132 0.2847999930381775 119.887
206 -0.9638967514038086 0.02285818941891193 0.4095999896526337 62.0397
207 -0.9643545746803284 0.04592074081301689 0.335999995470047 79.4319
208 -0.9637056589126587 -0.01307289302349091 -0.006399999838322401 40.3727
209 -0.9639381766319275 -0.01758953183889389 0.09600000083446503 84.6184
210 -0.9630806446075439 0.01507270615547895 0.07999999821186066 91.5059
211 -0.9631783962249756 0.006920729763805866 0.1312000006437302 46.688
212 -0.9646745920181274 0.008705858141183853 0.4447999894618988 126.347
213 -0.9638554453849792 -0.01404537353664637 0.3903999924659729 36.8499
214 -0.96454256772995 0.05116445571184158 0.04479999840259552 85.547
215 -0.9631695151329041 -0.01028364337980747 0.1664000004529953 121.637
216 -0.9640592932701111 -0.04813171550631523 0.1088000014424324 61.7952
217 -0.9634272456169128 -0.004051891155540943 0.1951999962329865 62.0086
218 -0.9642539024353027 0.05988608300685883 0.1695999950170517 138.927
219 -0.9643646478652954 -0.0673111155629158 0.1280000060796738 121.401
220 -0.9646607637405396 0.002377521013841033 0.4991999864578247 251.253
221 -0.9644498229026794 0.02661622688174248 0.1120000034570694 91.3389
222 -0.963845431804657 -0.07309701293706894 0.3328000009059906 80.4788
223 -0.9636247754096985 0.05781329423189163 0.07680000364780426 53.2671
224 -0.9650825262069702 -0.03459949791431427 0.2655999958515167 306.038
225 -0.9638770222663879 0.005532688461244106 0.1951999962329865 88.5344
226 -0.9634006023406982 -0.04405220970511436 0.003199999919161201 57.7818
227 -0.9644809365272522 -0.01339930761605501 0.307200014591217 71.429
228 -0.9630771279335022 0.01819363236427307 0.335999995470047 59.3176
229 -0.9634706974029541 0.01736431941390038 0.3903999924659729 79.8722
230 -0.9644758701324463 0.02470972575247288 0.2143999934196472 108.964
231 -0.9640932679176331 -0.02016112022101879 0.1824000030755997 145.354
232 -0.9637030959129333 0.05979042500257492 0.198400005698204 52.0966
233 -0.9644501209259033 0.007106164004653692 0.4063999950885773 88.1933
234 -0.9642915725708008 -0.06700033694505692 0.03200000151991844 73.5478
235 -0.963805079460144 -0.0006991448462940753 -0.07039999961853027 175.883
236 -0.9653106331825256 0.01929313875734806 0.1568000018596649 46.6326
237 -0.9642057418823242 0.01175013091415167 0.4032000005245209 67.2528
238 -0.9636366963386536 0.07496543973684311 0.3424000144004822 79.613
239 -0.9643996953964233 0.01635720394551754 0.07680000364780426 24.9367
240 -0.9637755751609802 0.03786208853125572 0.1791999936103821 38.5453
241 -0.9643340706825256 0.04036034271121025 0.1247999966144562 129.557
242 -0.9655287265777588 -0.0862785279750824 0.3551999926567078 38.1998
243 -0.9636865258216858 -0.04399801790714264 0.2495999932289124 47.9727
244 -0.9641648530960083 -0.06482373178005219 0.1503999978303909 59.437
245 -0.964286208152771 0.0505058728158474 0.09920000284910202 158.521
246 -0.9637616276741028 0.05390339344739914 0.2111999988555908 58.8404
247 -0.9628718495368958 -0.003501781029626727 0.5023999810218811 65.4867
248 -0.9639449119567871 0.01089651044458151 0.3583999872207642 29.7817
249 -0.9638102650642395 -0.02597454003989697 0.2143999934196472 114.887
250 -0.9642320275306702 0.04052407667040825 0.1343999952077866 92.2234
251 -0.9628724455833435 0.04745656251907349 0.1920000016689301 110.913
252 -0.9642378091812134 -0.03975526243448257 0.4704000055789948 83.3643
253 -0.964335560798645 -0.02829345315694809 0.1855999976396561 85.6015
254 -0.9649399518966675 0.06091602146625519 0.2624000012874603 79.1725
255 -0.9649507999420166 0.04372261092066765 0.4415999948978424 75.6581
256 -0.9634377956390381 -0.03208031505346298 0.2784000039100647 54.3177
257 -0.9642613530158997 0.04281085357069969 0.1055999994277954 29.1276
258 -0.9638873934745789 0.03250797465443611 0.4223999977111816 95.2682
259 -0.9635909199714661 0.02280626818537712 0.1759999990463257 77.1111
260 -0.9640604257583618 -0.02065308950841427 -0.0575999990105629 138.916
261 -0.96347576379776 -0.007017540745437145 0.1568000018596649 43.5451
262 -0.9646899700164795 -0.02131127752363682 0.3871999979019165 60.2649
263 -0.9650231599807739 0.01231053750962019 0.3136000037193298 53.567
264 -0.9632477760314941 0.01938748545944691 0.1343999952077866 109.082
265 -0.9646143317222595 0.02694925293326378 0.2176000028848648 36.6652
266 -0.9628638625144958 -0.04961204901337624 0.1951999962329865 55.7679
267 -0.9637821316719055 -0.0008472255431115627 0.1407999992370605 55.1989
268 -0.9641848802566528 0.02302197180688381 0.1599999964237213 69.9395
269 -0.9637512564659119 0.006156604271382093 0.09279999881982803 171.287
270 -0.9651488065719604 0.04104296490550041 0.5472000241279602 61.1246
271 -0.9637357592582703 0.02810511738061905 0.2752000093460083 32.2343
272 -0.963284969329834 -0.01586908660829067 0.2527999877929688 50.6933
273 -0.9650470018386841 -0.01578858867287636 0.3199999928474426 81.1807
274 -0.9651654362678528 0.07511521130800247 0.3648000061511993 46.925
275 -0.9640344977378845 0.06475566327571869 0.2815999984741211 35.6224
276 -0.9642210006713867 0.03533404693007469 0.2976000010967255 81.8311
277 -0.964787483215332 -0.008240034803748131 0.4320000112056732 35.2233
278 -0.9635758996009827 0.07344610989093781 0.2176000028848648 79.9693
279 -0.9638869166374207 0.01338483393192291 0.3391999900341034 78.95
280 -0.9643869400024414 -0.03727012127637863 0.3328000009059906 58.8462
281 -0.9638127684593201 -0.07270814478397369 0.2784000039100647 63.8401
282 -0.963897168636322 -0.01361177675426006 -0.04479999840259552 37.6498
283 -0.9644558429718018 0.09325528144836426 0.1599999964237213 64.6115
284 -0.9642068147659302 0.03388005122542381 0.06080000102519989 71.2987
285 -0.963705837726593 -0.003120628651231527 -0.05119999870657921 124.945
286 -0.9644900560379028 -0.00609498517587781 0.3968000113964081 90.739
287 -0.9643109440803528 0.05561284348368645 0.3104000091552734 104.877
288 -0.9640975594520569 0.03846050426363945 0.04479999840259552 95.4709
289 -0.9642421007156372 -0.0946924015879631 0.3648000061511993 70.9456
290 -0.9655123949050903 -0.03164750337600708 0.239999994635582 78.6638
291 -0.9638896584510803 -0.01475779991596937 0.2207999974489212 110.155
292 -0.9643323421478271 0.01802654005587101 0.2815999984741211 40.0861
293 -0.9641242027282715 -0.04254252463579178 0.5440000295639038 42.3527
294 -0.9642578959465027 -0.0291218776255846 0.3808000087738037 55.2892
295 -0.9642515778541565 0.04036456346511841 0.1472000032663345 76.9938
296 -0.9637484550476074 -0.01625272445380688 0.4320000112056732 59.7949
297 -0.9640639424324036 -0.04432662948966026 0.3296000063419342 64.24
298 -0.963755190372467 -0.06257878243923187 0.1023999974131584 24.3449
299 -0.9635770320892334 -0.01123850792646408 0.07680000364780426 81.4521
300 -0.9636965990066528 -0.02793908305466175 0.3935999870300293 126.997
301 -0.964270293712616 -0.01886545494198799 0.3680000007152557 115.002
302 -0.9641449451446533 -0.05015511810779572 0.3039999902248383 53.1604
303 -0.9631248116493225 0.001590950996614993 0.2847999930381775 64.1959
304 -0.9636154174804688 0.02602112665772438 0.2047999948263168 60.3936
305 -0.9642029404640198 0.0809657871723175 0.2176000028848648 40.8848
306 -0.9632744193077087 0.03850432857871056 0.348800003528595 98.1352
307 -0.9634039998054504 0.0425640195608139 0.3328000009059906 122.765
308 -0.9629485607147217 0.07753000408411026 0.09920000284910202 103.742
309 -0.9647763967514038 0.04191704466938972 0.3680000007152557 45.2132
310 -0.9640449285507202 -0.06231376528739929 0.2847999930381775 113.352
311 -0.9634934663772583 -0.06977362185716629 0.3136000037193298 43.2529
312 -0.9645745158195496 -0.0409608967602253 0.4320000112056732 96.0151
313 -0.9632250070571899 -0.01718368194997311 0.1120000034570694 51.4504
314 -0.9644609093666077 0.003586851991713047 0.1376000046730042 47.8104
315 -0.9638590812683105 -0.03338917717337608 0.3328000009059906 80.0456
316 -0.9648440480232239 -0.06786300987005234 0.2432000041007996 93.0745
317 -0.9646187424659729 -0.06160487234592438 0.425599992275238 68.784
318 -0.9640346765518188 0.04485852643847466 0.07039999961853027 65.1365
319 -0.9639530181884766 0.01579396240413189 0.2527999877929688 51.4978
320 -0.9636337161064148 0.06055998057126999 0.1759999990463257 27.3438
321 -0.963554859161377 -0.007496232632547617 0.4000000059604645 27.0919
322 -0.9652270674705505 0.03154544904828072 0.4320000112056732 41.3394
323 -0.9647178649902344 -0.006431640591472387 0.2303999960422516 60.3745
324 -0.963314950466156 -0.03286797180771828 -0.02239999920129776 56.9169
325 -0.963645339012146 0.06787364184856415 0.2143999934196472 37.1997
326 -0.9637512564659119 -0.007624565158039331 0.1791999936103821 36.2051
327 -0.9643505811691284 0.01300544291734695 0.1664000004529953 97.143
328 -0.9644772410392761 0.001728285220451653 0.198400005698204 54.7426
329 -0.9641478657722473 0.0165182463824749 0.2687999904155731 67.6968
330 -0.9639410376548767 -0.01506901998072863 0.1280000060796738 44.7588
331 -0.9637047052383423 0.02953410893678665 0.06719999760389328 94.0056
332 -0.9641976356506348 0.0242184866219759 0.3616000115871429 101.261
333 -0.963623046875 0.03621624782681465 0.2944000065326691 99.7567
334 -0.9639975428581238 -0.00181820010766387 0.5088000297546387 34.8956
335 -0.9636167287826538 -0.03312249481678009 0.2016000002622604 107.636
336 -0.9641948342323303 -0.02446006424725056 0.3680000007152557 142.806
337 -0.9652650356292725 0.05177873000502586 0.07680000364780426 124.286
338 -0.9640076160430908 -0.05760963261127472 0.438400000333786 65.2145
339 -0.9645184278488159 -0.07275211066007614 0.1439999938011169 32.682
340 -0.9632675647735596 -0.004033279605209827 0.3711999952793121 76.6016
341 -0.9637223482131958 -0.01450711861252785 0.0127999996766448 46.1196
342 -0.9648341536521912 0.01822081208229065 0.2784000039100647 113.558
343 -0.9642741084098816 -0.02647362649440765 0.09920000284910202 92.9919
344 -0.9646462798118591 0.003781292354688048 0.2912000119686127 189.608
345 -0.9643629789352417 -0.0440971739590168 0.02879999950528145 86.3286
346 -0.9639185667037964 -0.05130458995699883 0.1536000072956085 122.281
347 -0.963093638420105 0.001644154894165695 0.2111999988555908 72.1024
348 -0.9633041024208069 0.02226591669023037 0.1216000020503998 63.5919
349 -0.9638317227363586 0.002199782291427255 0.2784000039100647 40.9896
350 -0.9634078145027161 0.0268733985722065 0.1664000004529953 52.4391
351 -0.9637882113456726 -0.002288943855091929 0.4128000140190125 126.285
352 -0.9640712141990662 -0.03445163741707802 0.09920000284910202 40.3306
353 -0.9643080830574036 0.03603613376617432 0.1151999980211258 28.0013
354 -0.9640306830406189 0.01355694606900215 0.1568000018596649 69.7971
355 -0.9640857577323914 0.02704289928078651 0.2912000119686127 53.9981
356 -0.9630821347236633 -0.008662732318043709 0.1184000000357628 44.8039
357 -0.9638879895210266 0.007335960399359465 0.2976000010967255 89.4892
358 -0.9643639922142029 0.05029696226119995 0.2847999930381775 63.5534
359 -0.9628389477729797 0.003022257471457124 -0.1920000016689301 62.1259
360 -0.9639424085617065 0.01610079221427441 0.2784000039100647 70.7072
361 -0.9640186429023743 0.01238625682890415 0.003199999919161201 105.286
362 -0.9641940593719482 -0.01805227622389793 0.2047999948263168 169.811
363 -0.9647744297981262 0.001542313024401665 0.2240000069141388 142.283
364 -0.9642876982688904 -0.01266391854733229 0.2560000121593475 63.1086
365 -0.9630011916160583 0.009941727854311466 0.1407999992370605 62.1441
366 -0.9639063477516174 -0.003594884183257818 0.07360000163316727 85.5314
367 -0.9642318487167358 -0.05602670833468437 0.239999994635582 124.318
368 -0.9651966691017151 -0.04590946063399315 0.5983999967575073 98.2913
369 -0.9648107290267944 0.03764527291059494 0.4223999977111816 63.9622
370 -0.964105486869812 0.04125172272324562 0.1536000072956085 123.007
371 -0.9635043740272522 0.08166546374559402 0.1888000071048737 213.318
372 -0.9636560678482056 0.002867771312594414 0.3616000115871429 65.872
373 -0.9634394645690918 0.08628112822771072 0.2495999932289124 36.902
374 -0.9633911848068237 0.03510699793696404 0.2944000065326691 224.447
375 -0.9640967845916748 0.0524071641266346 0.2240000069141388 76.8037
376 -0.9643458127975464 -0.006968686822801828 0.2080000042915344 61.908
377 -0.9631026387214661 0.06664174795150757 0.1951999962329865 46.5946
378 -0.9643591046333313 0.009516939520835876 0.335999995470047 75.6317
379 -0.9648209810256958 0.009046297520399094 0.3551999926567078 92.0357
380 -0.9648789763450623 0.07747925817966461 0.2303999960422516 44.7488
381 -0.963797926902771 -0.001630434649996459 0.3328000009059906 30.9574
382 -0.9636926651000977 0.003979429136961699 0.3743999898433685 36.7939
383 -0.965107798576355 -0.06028532609343529 0.4160000085830688 39.2661
384 -0.9645606279373169 -0.03629441931843758 0.246399998664856 153.325
385 -0.9644522666931152 0.01136270258575678 0.2368000000715256 51.19
386 -0.9636297821998596 0.005667246412485838 0.2495999932289124 29.4765
387 -0.9633747935295105 0.06935890763998032 0.1120000034570694 83.0596
388 -0.9638408422470093 0.01902927458286285 0.2527999877929688 109.677
389 -0.9629572033882141 0.008208815008401871 0.04800000041723251 62.5251
390 -0.9656254649162292 -0.04916435107588768 0.3935999870300293 186.403
391 -0.9642884731292725 0.02275221608579159 0.2847999930381775 27.8973
392 -0.9642106294631958 -0.03914843127131462 0.1503999978303909 105.333
393 -0.9640686511993408 0.006459753960371017 0.1439999938011169 68.579
394 -0.9642864465713501 -0.005063117947429419 0.2912000119686127 42.2929
395 -0.9633698463439941 -0.01044080033898354 0.1568000018596649 44.2493
396 -0.9638714790344238 -0.006580214481800795 0.1791999936103821 61.5814
397 -0.9647447466850281 0.02556046470999718 0.2016000002622604 41.505
398 -0.9636613130569458 0.05381021648645401 0.2272000014781952 41.3685
399 -0.9642025232315063 -0.031424380838871 0.2655999958515167 177.485
400 -0.9638156294822693 0.001282608951441944 0.2272000014781952 87.699
401 -0.9643025398254395 0.002795509528368711 0.1184000000357628 34.0951
402 -0.9645693302154541 0.06548479944467545 0.1088000014424324 40.065
403 -0.9641873836517334 -0.02614015899598598 0.3391999900341034 24.4094
404 -0.9642356634140015 0.003665958298370242 0.08959999680519104 54.4766
405 -0.9642343521118164 -0.0624217577278614 0.1376000046730042 44.775
406 -0.9645333886146545 -0.06378923356533051 0.2303999960422516 36.4928
407 -0.9641391634941101 0.01983503252267838 0.2752000093460083 55.1495
408 -0.9639121294021606 -0.03430800139904022 0.4160000085830688 73.6175
409 -0.9624766707420349 0.009060487151145935 0.1759999990463257 30.9263
410 -0.9644192457199097 0.04131648689508438 0.2879999876022339 113.822
411 -0.965173065662384 -0.04435848072171211 0.2912000119686127 48.4914
412 -0.9633179903030396 -0.02282226458191872 0.3648000061511993 28.7185
413 -0.964426577091217 -0.03507503867149353 0.246399998664856 54.531
414 -0.9644098877906799 -0.02180083841085434 0.03519999980926514 37.3695
415 -0.9636151194572449 -0.04580424353480339 0.1599999964237213 105.024
416 -0.9633908271789551 0.02179173566401005 0.239999994635582 134.605
417 -0.964935839176178 -0.02298701740801334 0.1791999936103821 73.1632
418 -0.9637969732284546 0.02811376564204693 0.1920000016689301 77.2897
419 -0.9647902250289917 0.03665635362267494 0.4447999894618988 79.4355
420 -0.9648600816726685 -0.04044859483838081 0.348800003528595 78.6227
421 -0.9638395309448242 0.01308570988476276 0.4767999947071075 68.0627
422 -0.963449239730835 0.04830636829137802 -0.04800000041723251 111.713
423 -0.9644140601158142 0.08305947482585907 0.06080000102519989 47.0821
424 -0.9641417264938354 0.03759173676371574 0.2784000039100647 44.621
425 -0.9644517302513123 -0.0676678940653801 0.6015999913215637 47.6764
426 -0.96344393491745 0.01468570530414581 0.1184000000357628 48.9555
427 -0.964378833770752 -0.03833400830626488 0.2176000028848648 61.6079
428 -0.9647184610366821 -0.06735670566558838 0.239999994635582 117.777
429 -0.9628261923789978 0.04899627715349197 0.3039999902248383 23.3679
430 -0.963782787322998 -0.05973947793245316 0.2016000002622604 58.3836
431 -0.9644066691398621 0.01245478074997663 0.3648000061511993 53.0587
432 -0.9636334776878357 0.03235453367233276 0.3711999952793121 35.141
433 -0.9639931917190552 0.01521983835846186 0.1120000034570694 83.0253
434 -0.9632390737533569 -0.003509516827762127 0.1951999962329865 47.1748
435 -0.9635768532752991 -0.02689468674361706 0.2272000014781952 92.2765
436 -0.9637511968612671 0.08554942905902863 0.4032000005245209 165.063
437 -0.9640562534332275 -0.00892717856913805 0.1920000016689301 42.187
438 -0.9637633562088013 0.02749922499060631 0.1247999966144562 58.2735
439 -0.9635315537452698 0.0675259530544281 0.2847999930381775 31.4037
440 -0.9633678793907166 -0.03569575399160385 0.438400000333786 84.0363
441 -0.9633896350860596 -0.0128843579441309 0.006399999838322401 96.3858
442 -0.9645138382911682 -0.05771272629499435 0.3136000037193298 225.666
443 -0.96445631980896 -0.06090496107935905 0.2111999988555908 73.0864
444 -0.9631534218788147 -0.02108609862625599 0.2303999960422516 56.0813
445 -0.9642201066017151 0.04060758277773857 0.3136000037193298 58.7578
446 -0.9630593657493591 0.05904741212725639 0.1951999962329865 53.973
447 -0.9635451436042786 -0.03008791245520115 0.348800003528595 90.1972
448 -0.9639117121696472 -0.02392355911433697 0.2655999958515167 160.737
449 -0.9635335803031921 0.07814595103263855 0.2912000119686127 90.3106
450 -0.9640910029411316 0.001154486322775483 0.246399998664856 74.9514
451 -0.9644722938537598 0.01436470821499825 0.307200014591217 39.6227
452 -0.9645678997039795 0.0221957191824913 0.04800000041723251 96.7963
453 -0.9638534188270569 0.0129361217841506 0.3039999902248383 81.982
454 -0.9630339741706848 -0.0207021776586771 0.3039999902248383 233.809
455 -0.964866578578949 0.01628610491752625 0.2912000119686127 48.0292
456 -0.9631054401397705 0.07738099247217178 0.1632000058889389 57.3722
457 -0.964458703994751 0.003141816472634673 0.5152000188827515 87.6807
458 -0.9631043076515198 0.01995147950947285 0.01920000091195107 53.0103
459 -0.9645347595214844 -0.008093751966953278 0.4128000140190125 66.9763
460 -0.9642465710639954 0.003046839963644743 0.2624000012874603 47.4577
461 -0.964352548122406 0.0462120808660984 0.3007999956607819 46.6686
462 -0.9642031192779541 -0.03577255457639694 0.2944000065326691 119.161
463 -0.9645395278930664 -0.02084149420261383 0.2240000069141388 74.8595
464 -0.9638339877128601 -0.02121278457343578 0.09600000083446503 45.6977
465 -0.9634662270545959 0.01056371442973614 0.4000000059604645 58.5265
466 -0.9632757902145386 -0.001675430103205144 -0.1503999978303909 24.7827
467 -0.9640658497810364 0.07047398388385773 0.3104000091552734 62.8034
468 -0.9631783366203308 0.006764070130884647 0.1632000058889389 82.646
469 -0.9650244116783142 -0.01469279639422894 0.1312000006437302 84.863
470 -0.9641789793968201 -0.0184741448611021 0.2272000014781952 57.6778
471 -0.9637554883956909 0.0002397525968262926 -0.1120000034570694 56.0479
472 -0.9633744955062866 0.0241661798208952 -0.1151999980211258 95.9282
473 -0.9641900658607483 0.05339454486966133 0.2016000002622604 117.508
474 -0.9647807478904724 -0.05513513833284378 0.0127999996766448 73.6492
475 -0.9646767377853394 -0.06022738665342331 0.1920000016689301 72.7148
476 -0.9633949398994446 0.01146749313920736 0.2080000042915344 74.1318
477 -0.9639106392860413 -0.03770995885133743 0.2847999930381775 48.6239
478 -0.9632799029350281 -0.004073108080774546 0.1599999964237213 75.8708
479 -0.9643323421478271 -0.02301329560577869 0.2879999876022339 79.9494
480 -0.9648957848548889 0.04066257923841476 0.4223999977111816 136.415
481 -0.9638916254043579 0.01617287658154964 0.239999994635582 48.8574
482 -0.9629616141319275 0.01967746205627918 0.3199999928474426 56.8757
483 -0.964300274848938 -0.009946735575795174 0.1247999966144562 42.4754
484 -0.9649708867073059 -0.03311434388160706 0.2336000055074692 74.6286
485 -0.963883101940155 -0.0224261898547411 0.3167999982833862 54.3781
486 -0.9643864035606384 -0.003848528955131769 0.3104000091552734 66.3079
487 -0.9647179841995239 0.02824605628848076 0.2687999904155731 84.2067
488 -0.9644706249237061 0.04007664322853088 0.1439999938011169 38.37
489 -0.9636346697807312 0.06273516267538071 0.1664000004529953 73.5887
490 -0.9629672765731812 0.01361931022256613 0.2592000067234039 50.7911
491 -0.9642183780670166 -0.01610938087105751 0.5311999917030334 68.7884
492 -0.9629582166671753 -0.02413163706660271 0.1407999992370605 26.867
493 -0.964072048664093 -0.01466293632984161 -0.003199999919161201 32.4278
494 -0.9639765620231628 0.02118391916155815 0.1247999966144562 34.7712
495 -0.9637954235076904 0.03902720659971237 0.01600000075995922 57.918
496 -0.9640099406242371 -0.07005815207958221 -0.0544000007212162 208.682
497 -0.9626504778862 0.00469164177775383 0.003199999919161201 53.7586
498 -0.9645195603370667 0.002852585632354021 0.3968000113964081 89.5853
499 -0.9636565446853638 -0.005549089983105659 0.1376000046730042 53.5882
500 -0.9637627005577087 0.0367143452167511 -0.003199999919161201 32.0952
501 -0.9640882015228271 -0.0100545147433877 0.2879999876022339 75.6982
502 -0.9638930559158325 -0.002456668065860868 0.239999994635582 113.666
503 -0.9644067287445068 -0.03016680665314198 0.1088000014424324 78.6144
504 -0.9635814428329468 0.03627043962478638 -0.1151999980211258 37.0919
505 -0.9634373784065247 -0.05067996680736542 0.2495999932289124 65.1339
506 -0.9638350605964661 -0.03191610798239708 0.1824000030755997 74.6847
507 -0.964242160320282 -0.04291249811649323 0.1791999936103821 46.9227
508 -0.9637810587882996 -0.03253795951604843 0.09600000083446503 89.4107
509 -0.9638952016830444 -0.0260951817035675 0.07360000163316727 71.1211
510 -0.9635469913482666 -0.03315547853708267 0.4736000001430511 33.7239
511 -0.9640019536018372 -0.01495200302451849 0.03519999980926514 54.5462
512 -0.9630177021026611 0.01935531198978424 0.3776000142097473 29.3026
513 -0.964347779750824 0.05065713822841644 0.2847999930381775 59.4725
514 -0.9637625813484192 -0.02928416803479195 0.1536000072956085 104.145
515 -0.9646772742271423 -0.01915894262492657 0.3007999956607819 107.178
516 -0.9640364050865173 -0.004390178713947535 0.1920000016689301 44.9528
517 -0.9638705849647522 0.04629930853843689 0.1343999952077866 77.8272
518 -0.9645035862922668 0.0143127515912056 0.3296000063419342 80.3933
519 -0.9635125994682312 -0.05830943584442139 0.07039999961853027 64.7612
520 -0.9640685319900513 0.01464123371988535 0.246399998664856 77.0662
521 -0.9637672901153564 -0.0189355481415987 -0.07360000163316727 156.697
522 -0.964286208152771 0.008395381271839142 0.4447999894618988 108.673
523 -0.9639929533004761 0.03211980313062668 0.06080000102519989 112.62
524 -0.9640960097312927 -0.02147951722145081 0.2912000119686127 43.428
525 -0.9639087915420532 0.03406736254692078 0.4736000001430511 28.0972
526 -0.9634338617324829 -0.008061165921390057 0.06400000303983688 46.2642
527 -0.9643794894218445 0.00505883852019906 0.2303999960422516 86.5606
528 -0.9635940194129944 -0.0218901913613081 0.2240000069141388 55.6547
529 -0.9645324349403381 0.0412236712872982 0.4128000140190125 36.3635
530 -0.9650932550430298 0.0007976882043294609 0.4672000110149384 125.134
531 -0.9644969701766968 -0.01625977642834187 0.4991999864578247 43.0552
532 -0.964469850063324 0.005132614634931087 -0.01600000075995922 39.0428
533 -0.96370929479599 0.02609379962086678 0.07999999821186066 53.2312
534 -0.9639136791229248 0.02531925588846207 0.09600000083446503 49.8978
535 -0.9640128016471863 -0.02143867127597332 0.3104000091552734 63.396
536 -0.9645281434059143 0.03936103358864784 0.2527999877929688 77.449
537 -0.9633987545967102 -0.005609568208456039 -0.003199999919161201 101.246
538 -0.9634565711021423 -0.04765969887375832 0.1632000058889389 23.5573
539 -0.9642876982688904 -0.02419832162559032 0.1599999964237213 42.1043
540 -0.9641192555427551 0.02022598311305046 0.6047999858856201 54.6833
541 -0.9640969634056091 0.04860280454158783 0.09279999881982803 118.727
542 -0.963703989982605 -0.05922532454133034 0.1920000016689301 71.9596
543 -0.9646264910697937 -0.05944860726594925 0.4320000112056732 50.6925
544 -0.9638858437538147 -0.04095248132944107 0.1888000071048737 56.7585
545 -0.9638825058937073 0.0335339643061161 -0.02879999950528145 129.377
546 -0.9636522531509399 0.001843728590756655 0.07039999961853027 98.1577
547 -0.9646199345588684 -0.03757337853312492 0.1439999938011169 91.0106
548 -0.9630565643310547 0.02143514901399612 0.1888000071048737 60.017
549 -0.9643591046333313 0.00505005894228816 -0.08320000022649765 83.6373
550 -0.9631583690643311 -0.02657614462077618 0.5088000297546387 160.276
551 -0.9632458090782166 -0.03365300595760345 0.1920000016689301 58.9164
552 -0.9631953239440918 0.004495413042604923 0.04800000041723251 113.862
553 -0.9638281464576721 0.06321956962347031 0.08640000224113464 42.2324
554 -0.9645386934280396 0.09513343125581741 0.1216000020503998 81.4761
555 -0.9640794992446899 -0.04486798122525215 0.1728000044822693 67.4419
556 -0.9626461863517761 -0.08391094952821732 -0.1439999938011169 50.3436
557 -0.964053213596344 -0.04876472428441048 0.03200000151991844 84.187
558 -0.9639349579811096 -0.01189928222447634 0.2815999984741211 59.2548
559 -0.9632428884506226 0.009727135300636292 0.2560000121593475 111.223
560 -0.9636816382408142 -0.005211861338466406 0.4991999864578247 88.4848
561 -0.9640995264053345 0.003094916697591543 0.2847999930381775 80.2331
562 -0.9644268751144409 0.02577445656061172 0.4032000005245209 86.5476
563 -0.9650311470031738 -0.002262443071231246 0.4544000029563904 48.0205
564 -0.964560866355896 0.0007516753394156694 0.3104000091552734 76.1977
565 -0.9637216925621033 0.007894320413470268 0.1695999950170517 59.0584
566 -0.963844358921051 0.04947962984442711 0.1824000030755997 61.5574
567 -0.9641443490982056 0.02789709158241749 0.3616000115871429 103.23
568 -0.9638175964355469 -0.008116846904158592 0.3743999898433685 166.617
569 -0.9645061492919922 -0.03414420038461685 0.2495999932289124 217.34
570 -0.9634467959403992 -0.004658517427742481 0.2944000065326691 68.648
571 -0.9629660844802856 -0.05711735785007477 0.2240000069141388 80.1072
572 -0.9636132121086121 -0.06943159550428391 0.1216000020503998 38.9654
573 -0.9643175601959229 -0.002599394414573908 0.2336000055074692 60.0085
574 -0.9636831879615784 0.02993611060082912 0.1472000032663345 93.953
575 -0.9643120169639587 0.008878790773451328 0.2240000069141388 72.646
576 -0.9633879065513611 -0.04847041144967079 0.2176000028848648 104.788
577 -0.9640399217605591 0.02501883916556835 0.3968000113964081 33.4426
578 -0.9642792940139771 0.03534427657723427 0.2016000002622604 72.0328
579 -0.9640346765518188 0.01371366251260042 0.2655999958515167 87.0951
580 -0.9638866186141968 0.01964796520769596 0.1951999962329865 105.055
581 -0.9633455276489258 -0.0006887486670166254 0.3007999956607819 155.228
582 -0.9641633629798889 0.01012634765356779 0.4480000138282776 54.1692
583 -0.9645956754684448 -0.001622673473320901 0.1824000030755997 62.7285
584 -0.9643096923828125 -0.002197008114308119 0.438400000333786 143.223
585 -0.9638983607292175 0.02380923368036747 0.4223999977111816 115.209
586 -0.9634970426559448 -0.0001406177179887891 0.2720000147819519 108.836
587 -0.9638029336929321 0.06157001480460167 0.1151999980211258 97.517
588 -0.9638833999633789 -0.06291335821151733 0.1599999964237213 28.6439
589 -0.9643736481666565 -0.04654117673635483 0.1920000016689301 59.5379
590 -0.9642768502235413 0.01803245209157467 0.2592000067234039 43.3463
591 -0.9649664759635925 0.0143570601940155 0.198400005698204 84.1839
592 -0.9642025232315063 -0.01207811944186687 0.1407999992370605 69.1549
593 -0.9633692502975464 -0.008758190087974072 0.1312000006437302 83.544
594 -0.9635286331176758 -0.081097811460495 0.3711999952793121 24.5544
595 -0.9640814661979675 0.003106933319941163 -0.009600000455975533 106.138
596 -0.9639780521392822 -0.0161637868732214 0.4063999950885773 74.3105
597 -0.9640007019042969 0.02733355760574341 0.0544000007212162 47.4845
598 -0.9635319113731384 0.01109296455979347 0.1407999992370605 162.833
599 -0.9654360413551331 -0.009119792841374874 0.2784000039100647 157.433
600 -0.9642961621284485 -0.05916387215256691 0.2912000119686127 104.152
601 -0.9635116457939148 0.02709150314331055 0.2560000121593475 26.3446
602 -0.9638851284980774 -0.04985103756189346 0.2784000039100647 65.2166
603 -0.964522659778595 0.004788751713931561 0.2527999877929688 68.1615
604 -0.9648337960243225 -0.0573868602514267 0.2560000121593475 118.828
605 -0.9646650552749634 0.07911967486143112 0.3456000089645386 114.444
606 -0.9642049074172974 -0.008348420262336731 0.2784000039100647 53.2375
607 -0.9633092880249023 -0.04153911396861076 0.3199999928474426 45.2521
608 -0.964913010597229 -0.02216659672558308 0.2111999988555908 57.2426
609 -0.963620126247406 0.03571106493473053 0.2207999974489212 26.1836
610 -0.9642685651779175 -0.06017912551760674 0.3391999900341034 41.585
611 -0.9643979668617249 -0.02307220548391342 0.2944000065326691 53.5146
612 -0.9643779993057251 -0.01363862492144108 0.3519999980926514 52.1391
613 -0.9647195339202881 0.03917483240365982 0.2336000055074692 91.17
614 -0.9638519287109375 0.01911997422575951 0.2111999988555908 203.235
615 -0.9644017815589905 0.07705755531787872 0.5631999969482422 246.461
616 -0.9637976288795471 -0.02436746656894684 0.2016000002622604 84.2406
617 -0.9646607637405396 0.003477967111393809 0.438400000333786 24.6398
618 -0.9629966020584106 0.04692046344280243 0.09920000284910202 106.537
619 -0.9641647338867188 0.003541554557159543 0.3968000113964081 40.7712
620 -0.9646658301353455 -0.003231946611776948 0.4320000112056732 38.8269
621 -0.9637156128883362 -0.01741480454802513 0.3616000115871429 143.134
622 -0.9635892510414124 -0.01025112718343735 0.3039999902248383 38.267
623 -0.9641886949539185 0.03534639254212379 0.04160000011324883 28.901
624 -0.9639597535133362 -0.03818698972463608 0.1632000058889389 66.1126
625 -0.9633357524871826 -0.007188340183347464 -0.1023999974131584 40.0364
626 -0.9651665091514587 -0.04339198023080826 0.4000000059604645 60.184
627 -0.9650059342384338 -0.02359540946781635 0.1824000030755997 54.4231
628 -0.964974582195282 0.005784471053630114 0.2655999958515167 133.552
629 -0.9636949300765991 -0.005946027580648661 0.1280000060796738 107.029
630 -0.964547872543335 -0.0827438086271286 0.09279999881982803 132.333
631 -0.964256763458252 -0.04534507170319557 0.5888000130653381 26.1893
632 -0.9631035923957825 0.05088002979755402 0.2080000042915344 81.0617
633 -0.9633885622024536 0.0838109627366066 0.1407999992370605 53.0771
634 -0.9646450281143188 -0.004068228416144848 0.3391999900341034 84.3515
635 -0.9639886021614075 -0.009920650161802769 0.02879999950528145 95.8075
636 -0.9640616178512573 -0.1093318834900856 0.5600000023841858 81.9488
637 -0.9640058875083923 -0.05066291615366936 0.01600000075995922 61.9858
638 -0.9639418721199036 0.005831161979585886 0.2495999932289124 50.386
639 -0.9644533395767212 0.009737914428114891 0.01920000091195107 71.5345
640 -0.9628138542175293 0.001626421115361154 0.2303999960422516 46.6081
641 -0.9652631878852844 -0.009987215511500835 0.335999995470047 22.3163
642 -0.9640383720397949 0.02536406368017197 0.06719999760389328 47.0428
643 -0.9651911854743958 0.03701061010360718 0.0127999996766448 252.005
644 -0.9642549753189087 -0.0307508111000061 0.1888000071048737 127.056
645 -0.9629969596862793 -0.006630677729845047 0.2720000147819519 76.1271
646 -0.9641122221946716 0.05351733416318893 -0.09279999881982803 184.729
647 -0.9644155502319336 -0.01758784241974354 0.3551999926567078 68.1979
648 -0.9632302522659302 0.009962806478142738 0.246399998664856 73.8595
649 -0.9638552665710449 -0.03014069609344006 0.1312000006437302 87.1318
650 -0.9638070464134216 -0.007931133732199669 0.2240000069141388 98.2088
651 -0.9631802439689636 0.006373963318765163 0.3391999900341034 44.4981
652 -0.9633995294570923 -0.004293221514672041 0.0127999996766448 59.8251
653 -0.9636645317077637 0.02660773694515228 0.2815999984741211 123.958
654 -0.964069128036499 0.01954103447496891 0.03519999980926514 24.7945
655 -0.96388840675354 -0.01531458087265491 0.2432000041007996 28.4776
656 -0.9635531306266785 0.05916362255811691 -0.1247999966144562 96.4014
657 -0.9638556838035583 -0.0223819799721241 0.3296000063419342 58.0901
658 -0.963512122631073 -0.01722885482013226 0.2784000039100647 86.1032
659 -0.964023232460022 -0.03300587460398674 0.3551999926567078 54.3381
660 -0.9648903608322144 -0.0003756281221285462 0.4767999947071075 51.7222
661 -0.964755654335022 0.02857290022075176 0.5920000076293945 112.126
662 -0.9639130830764771 0.03019160218536854 0.3968000113964081 42.4674
663 -0.9635592699050903 0.04954005032777786 -0.0255999993532896 62.1339
664 -0.9642651081085205 -0.001604280900210142 0.198400005698204 25.7442
665 -0.9629799723625183 -0.03309887647628784 0.2944000065326691 108.965
666 -0.9633371829986572 -0.01424676366150379 0.1280000060796738 32.8021
667 -0.9642265439033508 0.03327107802033424 0.2687999904155731 47.7917
668 -0.9637417793273926 0.03887098655104637 -0.009600000455975533 116.066
669 -0.9636849761009216 -0.05527825281023979 0.3328000009059906 93.1136
670 -0.9655411839485168 -0.03174657374620438 0.3583999872207642 102.758
671 -0.9638195037841797 -0.05512401834130287 0.1280000060796738 80.3646
672 -0.9635013937950134 -0.03324307128787041 0.07039999961853027 99.6349
673 -0.9639407992362976 0.05799826234579086 0.1343999952077866 147.111
674 -0.964224636554718 0.0860811322927475 0.0255999993532896 102.962
675 -0.9640102386474609 0.007713088765740395 0.3424000144004822 28.9093
676 -0.9640583992004395 0.01225877832621336 0.2912000119686127 39.452
677 -0.9640995860099792 0.02849834598600864 0.2815999984741211 189.651
678 -0.9647155404090881 0.05213548615574837 0.3583999872207642 99.9911
679 -0.9644455909729004 -0.008603841066360474 0.04160000011324883 108.567
680 -0.9635633826255798 0.02306810393929482 -0.04160000011324883 45.6061
681 -0.9642804861068726 0.02270555682480335 0.3104000091552734 216.035
682 -0.9643167853355408 0.0530388318002224 0.1312000006437302 142.025
683 -0.9649919867515564 0.02349197305738926 0.4320000112056732 119.217
684 -0.9662266373634338 -0.0428088866174221 0.3616000115871429 44.8787
685 -0.9630985260009766 -0.01205810159444809 0.1695999950170517 76.8087
686 -0.9640420079231262 0.05483101680874825 0.2879999876022339 82.535
687 -0.9642376899719238 0.0429670512676239 0.1824000030755997 62.4062
688 -0.9640429615974426 0.01649177819490433 0.0575999990105629 98.3828
689 -0.9648357629776001 -0.01035928074270487 0.2495999932289124 104.424
690 -0.9636571407318115 -0.04206280037760735 0.4415999948978424 73.9853
691 -0.9632432460784912 0.009641752578318119 0.2176000028848648 56.2963
692 -0.9638274312019348 -0.02001499570906162 0.3424000144004822 63.4986
693 -0.9640657305717468 -0.05492119863629341 0.4160000085830688 40.4373
694 -0.9638175964355469 -0.03492965176701546 0.2111999988555908 30.4809
695 -0.9629877805709839 0.0006181889330036938 0.2240000069141388 66.6152
696 -0.9650199413299561 -0.01343787088990211 0.3007999956607819 30.377
697 -0.9646187424659729 -0.01729907654225826 0.1632000058889389 85.9802
698 -0.9635338187217712 -0.002301961416378617 0.07360000163316727 42.7082
699 -0.9642927050590515 -0.01778310909867287 0.0127999996766448 55.3093
700 -0.9639983177185059 0.03792417049407959 0.451200008392334 32.8097
701 -0.9647012948989868 0.02051170915365219 0.2047999948263168 34.8542
702 -0.9634308815002441 0.01089201401919127 0.1439999938011169 100.633
703 -0.963415801525116 0.004598028492182493 0.1407999992370605 177.397
704 -0.9640107154846191 -0.00518010975793004 0.3551999926567078 62.0499
705 -0.9633885622024536 -0.04911165311932564 0.2847999930381775 49.4082
706 -0.9643265604972839 0.0177790429443121 0.1888000071048737 64.6719
707 -0.9638400673866272 -0.05742242932319641 0.1920000016689301 83.9009
708 -0.9636517763137817 -0.005159776657819748 0.1855999976396561 96.3108
709 -0.9642855525016785 0.06732563674449921 0.3039999902248383 62.6471
710 -0.9639576077461243 -0.07411357760429382 0.08640000224113464 114.53
711 -0.9636697173118591 -0.009004387073218822 0.08320000022649765 33.1601
712 -0.9638235569000244 -0.02053150162100792 0.1599999964237213 25.3443
713 -0.9646348357200623 0.02429885789752007 0.3424000144004822 88.1234
714 -0.9643452167510986 -0.05501016229391098 0.4352000057697296 123.603
715 -0.9640640616416931 -0.003559676464647055 0.4544000029563904 37.1407
716 -0.9640676975250244 0.0439620241522789 0.2912000119686127 152.752
717 -0.9635024666786194 0.0416128970682621 0.3519999980926514 103.511
718 -0.963611900806427 -0.04403055459260941 0.3456000089645386 60.0737
719 -0.9638314247131348 0.03123689815402031 0.307200014591217 79.7716
720 -0.9644968509674072 -0.009028220549225807 0.4896000027656555 57.063
721 -0.964815616607666 0.02918260730803013 0.3776000142097473 146.2
722 -0.9638988971710205 0.01146677788347006 0.2815999984741211 34.118
723 -0.9641599655151367 -0.05507297813892365 0.4544000029563904 53.3529
724 -0.9632984399795532 0.02010179683566093 -0.006399999838322401 70.5311
725 -0.9633939266204834 -0.0622735284268856 0.1888000071048737 77.4926
726 -0.9633049964904785 0.00376039044931531 0.1184000000357628 60.1832
727 -0.9646326899528503 0.04172663018107414 0.1951999962329865 62.6647
728 -0.964159369468689 0.01342337019741535 0.1376000046730042 62.0616
729 -0.9641263484954834 -0.110521987080574 0.3648000061511993 77.8781
730 -0.9644753932952881 -0.03157627955079079 0.0 131.151
731 -0.9638532400131226 0.007939733564853668 0.2111999988555908 105.856
732 -0.9639130830764771 -0.03655829653143883 0.5824000239372253 75.9505
733 -0.9644807577133179 0.02256332337856293 0.2047999948263168 60.3222
734 -0.9634024500846863 0.004554475657641888 0.2240000069141388 70.4516
735 -0.9645896553993225 -0.006357780657708645 0.4607999920845032 62.6438
736 -0.9645394682884216 -0.0249858982861042 0.4160000085830688 93.47
737 -0.9635120034217834 0.05246786028146744 0.03840000182390213 89.1454
738 -0.9635354280471802 -0.03335120156407356 0.1791999936103821 144.786
739 -0.9635639786720276 -0.001725515932776034 0.2336000055074692 83.7355
740 -0.9639653563499451 0.08815726637840271 0.1728000044822693 49.8498
741 -0.9634528160095215 0.05809799954295158 0.1791999936103821 92.7914
742 -0.9648940563201904 -0.02846752852201462 0.1759999990463257 132.854
743 -0.9643495082855225 -0.006752289365977049 0.198400005698204 82.5359
744 -0.963905394077301 -0.009116032160818577 0.323199987411499 76.5249
745 -0.9645052552223206 0.00839326623827219 0.2944000065326691 43.04
746 -0.9634467959403992 0.0861063078045845 0.0 55.5895
747 -0.9644562602043152 -0.03096113912761211 0.1376000046730042 131.948
748 -0.9634603261947632 -0.01342560257762671 0.1824000030755997 67.8903
749 -0.9635194540023804 0.03367692232131958 0.3583999872207642 59.6242
750 -0.9636124968528748 0.006758804433047771 0.2368000000715256 66.2672
751 -0.9649031162261963 -0.07671888172626495 0.2272000014781952 48.1918
752 -0.9651343822479248 -0.04275567457079887 0.2912000119686127 56.6346
753 -0.9636126160621643 0.003772703930735588 -0.1472000032663345 216.476
754 -0.9645212888717651 0.01217975746840239 0.4799999892711639 65.765
755 -0.9638025164604187 -0.001561454031616449 0.2784000039100647 78.4016
756 -0.9637001156806946 0.01740688644349575 -0.1568000018596649 121.878
757 -0.9643250107765198 0.0637790709733963 0.1343999952077866 85.6983
758 -0.964682400226593 0.03447325155138969 0.1503999978303909 36.3455
759 -0.9635820388793945 0.05734600126743317 0.3328000009059906 106.8
760 -0.9642243981361389 -0.02857833914458752 0.4959999918937683 79.8619
761 -0.9648279547691345 -0.02646669931709766 0.2560000121593475 45.7229
762 -0.9637367129325867 -0.08200253546237946 0.1855999976396561 99.5228
763 -0.963998556137085 0.008378754369914532 0.06400000303983688 73.4882
764 -0.9632280468940735 0.07722754776477814 0.2655999958515167 142.906
765 -0.9635413885116577 -0.01072444580495358 0.1568000018596649 51.4727
766 -0.9642835855484009 -0.08830059319734573 0.3167999982833862 41.6929
767 -0.9647611379623413 -0.003591584740206599 0.4287999868392944 96.9968
768 -0.964619517326355 0.0006762195844203234 0.3871999979019165 60.9958
769 -0.9642966985702515 0.03993823379278183 0.3039999902248383 67.515
770 -0.9639011025428772 0.01257787272334099 0.07039999961853027 154.886
771 -0.9642049074172974 -0.02702103555202484 0.3743999898433685 76.9467
772 -0.9639396667480469 -0.06963042914867401 0.2592000067234039 54.8229
773 -0.9643969535827637 -0.03620665147900581 0.3424000144004822 73.6105
774 -0.9645694494247437 -0.0001058756970451213 0.07039999961853027 136.147
775 -0.9644867181777954 0.01867449097335339 0.307200014591217 73.1515
776 -0.9641598463058472 -0.03311571106314659 0.239999994635582 101.762
777 -0.9634144306182861 0.04177295789122581 0.5120000243186951 141.661
778 -0.9640789031982422 -0.03958798944950104 0.4704000055789948 116.526
779 -0.9638078808784485 0.05130918696522713 0.06080000102519989 51.1192
780 -0.9637460708618164 -0.01855523511767387 0.0575999990105629 120.278
781 -0.9649734497070312 0.03973811492323875 0.3264000117778778 58.2073
782 -0.9642635583877563 -0.01493015326559544 0.1536000072956085 33.6129
783 -0.9643975496292114 -0.00370502844452858 0.5952000021934509 83.8606
784 -0.9637919068336487 -0.02728651463985443 0.3264000117778778 55.0486
785 -0.96331787109375 0.01450666226446629 0.2303999960422516 52.2805
786 -0.9640403389930725 0.009203474968671799 0.2336000055074692 63.5285
787 -0.9642028212547302 0.02328339777886868 0.1791999936103821 26.6568
788 -0.9634096622467041 -0.04384203255176544 0.2976000010967255 151.528
789 -0.9637244343757629 -0.04599739238619804 0.3424000144004822 101.596
790 -0.9641886949539185 0.01208272203803062 0.2912000119686127 71.9863
791 -0.964583694934845 0.009284048341214657 0.2912000119686127 71.8108
792 -0.9643773436546326 -0.02042737044394016 0.5568000078201294 41.795
793 -0.9640837907791138 0.003952332306653261 0.3136000037193298 109.748
794 -0.963523805141449 0.001782984123565257 0.1312000006437302 86.6402
795 -0.9634805917739868 -0.03662729263305664 0.2272000014781952 168.753
796 -0.9652657508850098 -0.01746276952326298 0.2944000065326691 66.6279
797 -0.9639083743095398 -0.03994438424706459 0.239999994635582 79.1762
798 -0.9629350304603577 0.04898085817694664 0.2272000014781952 118.247
799 -0.9644784331321716 -0.02474642917513847 -0.003199999919161201 110.087
800 -0.9647507667541504 -0.07630773633718491 0.4799999892711639 67.4828
801 -0.964867115020752 0.03490649163722992 0.3680000007152557 62.8407
802 -0.9638507962226868 -0.01854120567440987 0.3328000009059906 55.942
803 -0.9642800092697144 0.02485079132020473 0.3840000033378601 58.016
804 -0.9644247889518738 -0.005479410756379366 0.2368000000715256 129.118
805 -0.9646893739700317 0.04235072806477547 0.3551999926567078 43.4591
806 -0.964092493057251 0.01073931623250246 0.2944000065326691 79.0215
807 -0.9633393287658691 -0.009279242716729641 -0.02879999950528145 39.8395
808 -0.9627951383590698 -0.007750237360596657 0.1920000016689301 88.4808
809 -0.9643814563751221 -0.04265517368912697 -0.04800000041723251 100.869
810 -0.9642698168754578 -0.03436339646577835 0.1472000032663345 140.538
811 -0.9645091891288757 -0.04478210955858231 0.07360000163316727 72.1609
812 -0.964612603187561 -0.01652322523295879 0.1759999990463257 64.2517
813 -0.9643475413322449 -0.03173433244228363 0.307200014591217 70.448
814 -0.9645566344261169 -0.04369598627090454 0.4736000001430511 123.569
815 -0.9638144373893738 0.0003313813940621912 0.3648000061511993 56.9077
816 -0.9644091725349426 -0.004466370213776827 0.2527999877929688 95.986
817 -0.9647907018661499 -0.03081026673316956 0.1664000004529953 135.499
818 -0.9633890390396118 -0.02558992803096771 0.2272000014781952 67.5662
819 -0.9634095430374146 0.01949447207152843 -0.0544000007212162 93.7467
820 -0.9637714624404907 0.01325501874089241 0.09279999881982803 88.7144
821 -0.9640733599662781 -0.01908118836581707 0.03200000151991844 317.572
822 -0.9635182619094849 0.05158065259456635 0.1376000046730042 71.6525
823 -0.9644978642463684 -0.0004935237811878324 0.2303999960422516 68.5793
824 -0.9647099375724792 0.0502442829310894 0.2976000010967255 116.971
825 -0.9642255902290344 0.02334574609994888 0.2624000012874603 101.309
826 -0.9644067287445068 -0.008830596692860126 0.1343999952077866 61.5466
827 -0.9633723497390747 0.08352287858724594 0.08320000022649765 50.2892
828 -0.9639520645141602 0.08876501768827438 0.1184000000357628 75.43
829 -0.963797926902771 0.0002818915527313948 0.1439999938011169 54.5113
830 -0.9631441235542297 -0.01440413482487202 0.3136000037193298 114.095
831 -0.9644380807876587 0.04348193481564522 0.4896000027656555 66.4032
832 -0.9643825888633728 0.0103528555482626 0.04479999840259552 117.734
833 -0.9648151397705078 -0.02585382387042046 0.239999994635582 134.496
834 -0.9644233584403992 0.00724911130964756 0.2111999988555908 22.9489
835 -0.9646201133728027 -0.009928451851010323 0.1023999974131584 59.5876
836 -0.9640522599220276 -0.009581160731613636 0.2303999960422516 50.3131
837 -0.9641152620315552 -0.07390948385000229 0.5216000080108643 70.843
838 -0.9627622365951538 0.002097592456266284 0.4607999920845032 74.9043
839 -0.9640324115753174 -0.06396403908729553 0.06400000303983688 71.908
840 -0.963767945766449 -0.02555675990879536 0.1055999994277954 69.9967
841 -0.9641672968864441 -0.0387255847454071 0.348800003528595 154.4
842 -0.9634922742843628 -0.006372886709868908 0.09920000284910202 132.741
843 -0.9643990993499756 0.06012183055281639 0.2687999904155731 108.298
844 -0.9638991355895996 0.07161529362201691 0.0544000007212162 79.1589
845 -0.9646469950675964 0.06194949522614479 0.3167999982833862 44.4464
846 -0.9636452198028564 -0.04583772271871567 0.1120000034570694 59.7955
847 -0.9634397625923157 -0.05703239142894745 0.239999994635582 128.119
848 -0.9643372297286987 -0.03916088119149208 0.2240000069141388 47.5346
849 -0.9639472365379333 0.02364146150648594 0.07680000364780426 29.8079
850 -0.9645227789878845 -0.03675016015768051 0.3007999956607819 90.6445
851 -0.9642742872238159 0.05271939560770988 0.348800003528595 64.1948
852 -0.9643985629081726 -0.01984948292374611 0.1888000071048737 84.5919
853 -0.964440643787384 0.07633163034915924 0.3039999902248383 86.1788
854 -0.9636682868003845 0.002683513099327683 0.09920000284910202 55.5138
855 -0.9638500213623047 0.01030948106199503 0.3007999956607819 120.279
856 -0.9647157192230225 -0.0435100719332695 0.1728000044822693 111.598
857 -0.9640712141990662 0.01530300639569759 0.1343999952077866 119.042
858 -0.9631116390228271 -0.03693075850605965 0.1184000000357628 146.528
859 -0.963884174823761 -0.001624901196919382 0.1855999976396561 95.488
860 -0.9645642638206482 0.01029689237475395 0.4287999868392944 140.007
861 -0.9633100628852844 0.02682521007955074 0.2336000055074692 67.4862
862 -0.9636757969856262 -0.08060341328382492 0.3968000113964081 65.3143
863 -0.9638468623161316 -0.02451323159039021 0.2272000014781952 107.596
864 -0.96404629945755 0.01104725524783134 0.1151999980211258 49.0084
865 -0.9641950130462646 0.003269387874752283 -0.198400005698204 45.4121
866 -0.9635829925537109 0.004419677890837193 0.0575999990105629 79.9313
867 -0.9647296071052551 -0.01930223219096661 0.1824000030755997 107.618
868 -0.9644933342933655 0.0255400687456131 0.3583999872207642 54.9693
869 -0.9631652235984802 -0.02823258936405182 0.1920000016689301 54.7861
870 -0.9641803503036499 0.09674482792615891 0.323199987411499 59.0151
871 -0.9642223715782166 -0.01262315362691879 0.239999994635582 224.406
872 -0.9643556475639343 -0.01408084109425545 0.1791999936103821 115.62
873 -0.9631773233413696 0.04011326283216476 0.2047999948263168 53.9855
874 -0.9636206030845642 -0.05489008128643036 -0.0544000007212162 111.908
875 -0.9631493091583252 0.02901572920382023 0.2624000012874603 106.659
876 -0.9642518758773804 0.02508139424026012 0.03200000151991844 58.4069
877 -0.9636890888214111 0.04542635008692741 0.2272000014781952 85.1281
878 -0.9649078249931335 0.01864864304661751 0.5184000134468079 50.5318
879 -0.9644004106521606 0.0488559864461422 0.451200008392334 52.6554
880 -0.963513970375061 -0.0450628399848938 0.4000000059604645 96.2487
881 -0.9647622108459473 -0.002591353142634034 0.3840000033378601 29.381
882 -0.9639861583709717 0.04818778485059738 0.3680000007152557 55.6941
883 -0.9644222855567932 0.039138313382864 0.02239999920129776 83.4227
884 -0.9638519287109375 -0.03367982432246208 0.07360000163316727 39.582
885 -0.9636882543563843 0.03822455182671547 0.1791999936103821 137.938
886 -0.9650805592536926 0.07645664364099503 0.2207999974489212 71.5715
887 -0.9645936489105225 -0.02837042883038521 0.08959999680519104 70.978
888 -0.9640931487083435 -0.02807829529047012 0.3136000037193298 107.83
889 -0.9642883539199829 0.004112364258617163 0.4128000140190125 136.461
890 -0.9637579321861267 0.03743728995323181 0.2432000041007996 209.395
891 -0.9642370939254761 0.001539522549137473 0.1759999990463257 70.3989
892 -0.9642901420593262 0.05222243070602417 0.09600000083446503 105.776
893 -0.9638838768005371 -0.007819508202373981 0.1216000020503998 60.0232
894 -0.9642514586448669 -0.01851777732372284 0.2847999930381775 101.297
895 -0.9639771580696106 -0.06034102290868759 0.4672000110149384 65.4981
896 -0.9627344608306885 0.001916922745294869 0.009600000455975533 61.111
897 -0.9634621143341064 -0.02154852077364922 0.3808000087738037 33.1108
898 -0.9638026356697083 -0.02255897223949432 0.1216000020503998 155.006
899 -0.9643104672431946 -0.01133970730006695 0.307200014591217 118.967
900 -0.9636892676353455 0.01153681986033916 0.1439999938011169 68.7184
901 -0.9637576937675476 -0.002658045617863536 0.1536000072956085 87.1293
902 -0.9641579389572144 -0.03505980595946312 0.3519999980926514 63.2457
903 -0.9629563689231873 0.01195772085338831 0.1568000018596649 42.6581
904 -0.9635757803916931 0.05924039334058762 0.3007999956607819 73.43
905 -0.9637913107872009 -0.003121331101283431 0.1920000016689301 42.1877
906 -0.9635975360870361 -0.01144855935126543 0.1376000046730042 77.7589
907 -0.9645377993583679 0.0388975590467453 0.438400000333786 87.8378
908 -0.9647820591926575 -0.0536322332918644 0.5472000241279602 71.8829
909 -0.9630792737007141 -0.04533625021576881 -0.04479999840259552 56.7079
910 -0.9635049700737 0.04094766080379486 0.03519999980926514 75.6864
911 -0.9634819626808167 0.01310367695987225 0.04800000041723251 29.3838
912 -0.9631930589675903 -0.01234280504286289 0.3519999980926514 62.1543
913 -0.9633798599243164 0.0132568571716547 0.2784000039100647 58.4259
914 -0.9638817310333252 -0.02933915704488754 0.03840000182390213 29.1712
915 -0.9631755948066711 0.02270228788256645 0.2624000012874603 67.8961
916 -0.9633774161338806 0.03281941637396812 0.335999995470047 31.7649
917 -0.9636857509613037 0.04210830107331276 0.06400000303983688 157.781
918 -0.9637619853019714 -0.03961218893527985 0.3167999982833862 75.2401
919 -0.9638882875442505 0.08764713257551193 0.2368000000715256 66.1987
920 -0.9638417959213257 -0.007263537030667067 0.05119999870657921 153.152
921 -0.9643887877464294 -0.03624175861477852 0.2687999904155731 38.9379
922 -0.964382529258728 -0.0003944526833947748 0.2272000014781952 75.2693
923 -0.964293360710144 -0.04383732005953789 0.1568000018596649 42.8611
924 -0.9639033079147339 -0.03483762219548225 0.2047999948263168 59.0819
925 -0.9642649292945862 -0.01807381957769394 0.3648000061511993 75.9276
926 -0.9653186798095703 -0.00130800053011626 0.2879999876022339 58.1709
927 -0.9640581011772156 0.05951036885380745 0.1247999966144562 68.6602
928 -0.9643598794937134 -0.01747837290167809 0.4000000059604645 63.1001
929 -0.9641187787055969 -0.01686645671725273 0.2720000147819519 137.769
930 -0.964484691619873 0.03233208134770393 0.3519999980926514 273.112
931 -0.9643193483352661 -0.02936586551368237 0.239999994635582 96.6708
932 -0.9647115468978882 -0.0196906104683876 0.1472000032663345 75.1595
933 -0.9643971920013428 -0.06290150433778763 0.009600000455975533 95.4155
934 -0.9640139937400818 -0.009162546135485172 0.307200014591217 49.8602
935 -0.9644991159439087 0.001491197152063251 0.4896000027656555 38.5848
936 -0.9633845686912537 0.04167626053094864 0.07680000364780426 116.79
937 -0.9637483358383179 -0.002921790350228548 0.2016000002622604 189.129
938 -0.9647307395935059 -0.08675952255725861 0.5184000134468079 50.2084
939 -0.9642449021339417 0.0416499525308609 0.1728000044822693 71.2445
940 -0.9633209109306335 0.01147599890828133 0.08640000224113464 32.2264
941 -0.963706910610199 0.02495223842561245 0.1855999976396561 84.8838
942 -0.9642153382301331 0.05535042285919189 0.08320000022649765 103.543
943 -0.9639003872871399 0.008319388143718243 0.08640000224113464 81.0241
944 -0.963557243347168 0.03830394148826599 -0.07999999821186066 54.5701
945 -0.9642149209976196 0.03456496447324753 0.307200014591217 83.044
946 -0.9636048674583435 0.05318412929773331 0.1343999952077866 48.0297
947 -0.9644594788551331 0.0006261781672947109 0.1920000016689301 87.1582
948 -0.9638121128082275 -0.0006083949701860547 0.2080000042915344 160.846
949 -0.9647152423858643 -0.007562013808637857 0.08959999680519104 251.755
950 -0.9635843634605408 0.01549019198864698 0.1216000020503998 49.1312
951 -0.9642636775970459 0.0119287995621562 -0.1184000000357628 55.002
952 -0.9642981290817261 -0.01664474420249462 0.4000000059604645 81.7308
953 -0.9636701941490173 0.03099727444350719 0.2495999932289124 30.2179
954 -0.9640278220176697 -0.04683626443147659 0.2176000028848648 61.9109
955 -0.963624894618988 0.02689473330974579 0.4736000001430511 75.586
956 -0.9643293023109436 0.01610555499792099 0.2752000093460083 103.058
957 -0.9638646245002747 -0.02659126557409763 0.3167999982833862 51.4338
958 -0.9630595445632935 -0.02029595896601677 0.2944000065326691 83.3679
959 -0.9641416072845459 0.01534460298717022 0.0 39.6713
960 -0.9637740254402161 0.01638500392436981 0.1536000072956085 112.916
961 -0.9644610285758972 -0.04506704583764076 0.2912000119686127 66.2587
962 -0.963348925113678 0.01264153514057398 0.1920000016689301 59.6076
963 -0.9637442231178284 -0.04788813367486 0.1632000058889389 178.733
964 -0.9640926718711853 -0.05792510509490967 0.05119999870657921 50.8397
965 -0.9646676778793335 0.03375234827399254 0.4192000031471252 123.467
966 -0.9635370969772339 0.001373613602481782 0.1023999974131584 31.0521
967 -0.9639597535133362 -0.003259046468883753 0.3456000089645386 73.9807
968 -0.9643158316612244 0.002673733746632934 0.1759999990463257 168.331
969 -0.9639028310775757 0.01324404869228601 0.2752000093460083 74.4256
970 -0.9640780091285706 0.03085869364440441 0.3519999980926514 72.2531
971 -0.963468074798584 -0.03701502829790115 0.2527999877929688 59.7837
972 -0.9643059372901917 0.06133568286895752 0.3296000063419342 117.061
973 -0.9639692306518555 -0.006964106112718582 0.0544000007212162 55.7173
974 -0.9642078876495361 0.05108486488461494 0.3840000033378601 76.2899
975 -0.9637842774391174 0.009135770611464977 0.1888000071048737 104.828
976 -0.9637736082077026 -0.06411148607730865 0.3328000009059906 63.4213
977 -0.9643600583076477 -0.007582208141684532 0.3039999902248383 59.7596
978 -0.9647418260574341 0.02233797684311867 0.02239999920129776 122.674
979 -0.9643450975418091 -0.01818880811333656 0.4736000001430511 123.226
980 -0.964117169380188 -0.04279766976833344 0.08320000022649765 72.7387
981 -0.9641883969306946 0.01680535636842251 0.3776000142097473 93.577
982 -0.9639080166816711 0.02615506201982498 -0.02879999950528145 188.77
983 -0.9644278287887573 0.02206320129334927 0.04160000011324883 69.6205
984 -0.9641997814178467 -0.02570426650345325 0.1888000071048737 43.9347
985 -0.9641191363334656 0.004962656181305647 0.3648000061511993 56.7224
986 -0.9645084738731384 -0.05163828283548355 0.1664000004529953 119.288
987 -0.964745819568634 -0.02757244929671288 0.198400005698204 41.7043
988 -0.9637508988380432 -0.01118714548647404 0.3039999902248383 160.654
989 -0.9637414216995239 -0.01246490981429815 0.1951999962329865 66.5491
990 -0.9643197059631348 -0.02133151330053806 0.2336000055074692 71.8626
991 -0.9633218050003052 0.0396454855799675 0.4032000005245209 90.3259
992 -0.9638059735298157 -0.04907272756099701 0.1632000058889389 28.0428
993 -0.9644438624382019 0.04409508779644966 -0.006399999838322401 74.7562
994 -0.9640490412712097 0.07331512123346329 0.2560000121593475 122.544
995 -0.9636485576629639 -0.02035391889512539 0.1855999976396561 131.741
996 -0.9643300771713257 0.001190447714179754 0.2336000055074692 79.7804
997 -0.9637320041656494 -0.03562448173761368 0.1407999992370605 75.263
998 -0.9635854363441467 -0.02014674618840218 0.3743999898433685 71.699
999 -0.9650756120681763 0.002322465879842639 0.307200014591217 68.1786
1000 -0.9635937213897705 0.01743038557469845 0.4639999866485596 114.089
