# Simulazione modello di Ising 1D
# Mossa 	 Energia 	 Magnetizzazione 	 Calore specifico 	 Suscettività
1     -0.6136389970779419      -0.001909600105136633     0.3456473052501678     2.854890108108521
2     -0.613811194896698      -0.00294319842942059     0.3043845593929291     2.981988668441772
3     -0.6134272813796997      -0.002633999334648252     0.3085299730300903     2.989259243011475
4     -0.6132481098175049      -0.001115999650210142     0.316788911819458     3.170950889587402
5     -0.6136669516563416      0.003097199602052569     0.3268654048442841     2.850468158721924
6     -0.614538311958313      -0.001693999045528471     0.3222098052501678     2.830314159393311
7     -0.6115781664848328      0.00115960231050849     0.3083386421203613     2.782314538955688
8     -0.6131007075309753      -0.000369200948625803     0.3203284442424774     2.834125280380249
9     -0.6123173832893372      -0.001167598180472851     0.3207270503044128     3.004178762435913
10     -0.6131885051727295      0.002338403137400746     0.3248884081840515     2.853820085525513
11     -0.6132476329803467      -0.002683998318389058     0.3148596882820129     2.906615495681763
12     -0.6132434010505676      0.0008591969963163137     0.3132174611091614     3.210806846618652
13     -0.6138917803764343      0.001277598435990512     0.3163902759552002     3.201215744018555
14     -0.6128974556922913      0.005581595934927464     0.3269292116165161     3.070499181747437
15     -0.6126419305801392      -0.003495201934129     0.3289540708065033     3.19618558883667
16     -0.6135214567184448      -0.0004479997733142227     0.3104273080825806     3.055314302444458
17     -0.6120378971099854      0.005783206317573786     0.3201849460601807     3.12031364440918
18     -0.61369788646698      0.00105439790058881     0.305580347776413     3.037357568740845
19     -0.6124786138534546      -0.004217993468046188     0.3374681174755096     3.057030439376831
20     -0.6127277612686157      0.002965996041893959     0.3100924789905548     2.775550365447998
21     -0.6134034395217896      -0.005086001008749008     0.3197225630283356     2.862179040908813
22     -0.614327073097229      0.003374397521838546     0.3278061151504517     3.202453374862671
23     -0.6136848926544189      -0.002248801756650209     0.3264508843421936     2.968407154083252
24     -0.613280177116394      0.001840394106693566     0.3286192715167999     2.932228088378906
25     -0.6131720542907715      0.005472390446811914     0.3140943944454193     3.21671986579895
26     -0.6134511232376099      0.0001372036786051467     0.3180325329303741     2.940476655960083
27     -0.6132209300994873      -0.006573211867362261     0.3212531805038452     2.964892625808716
28     -0.6136560440063477      -0.003075601765885949     0.3022959232330322     3.174127578735352
29     -0.6136443018913269      0.00248720170930028     0.3163265287876129     2.963102340698242
30     -0.6137862205505371      0.0006247982382774353     0.3131696581840515     2.936727285385132
31     -0.6127780079841614      7.879816257627681e-05     0.3193399310112     3.199436664581299
32     -0.613475501537323      -0.000953997892793268     0.3131855726242065     2.986359834671021
33     -0.6126753687858582      -0.005198004655539989     0.3138073980808258     3.01221752166748
34     -0.6132482886314392      0.002257195999845862     0.3052614629268646     2.971127033233643
35     -0.6129127144813538      -0.0002779983333311975     0.308992326259613     2.693913221359253
36     -0.6129871010780334      -0.001013998407870531     0.3187340497970581     2.972079992294312
37     -0.6135263442993164      0.01011681370437145     0.3417729437351227     2.554558515548706
38     -0.6128888130187988      0.001909600687213242     0.323437511920929     2.839860677719116
39     -0.6128936409950256      -0.001869201543740928     0.3082429766654968     2.943641662597656
40     -0.6118226051330566      -0.002469595288857818     0.3249362111091614     3.094845056533813
41     -0.6133931279182434      -0.0008095978992059827     0.3059470653533936     3.140909671783447
42     -0.6131613254547119      -0.002205200958997011     0.3166135251522064     2.83781361579895
43     -0.6126067638397217      -0.0001743963366607204     0.3202646672725677     2.731901407241821
44     -0.6141372919082642      -0.001250800676643848     0.3286192715167999     3.034720420837402
45     -0.6141098141670227      0.005551195237785578     0.3158003985881805     2.946033239364624
46     -0.6131539940834045      -0.001392399077303708     0.3123724460601807     2.831117391586304
47     -0.6134685277938843      -0.009248802438378334     0.3159757554531097     3.322563886642456
48     -0.6132535934448242      -0.006032388191670179     0.3080675899982452     3.01429009437561
49     -0.6129099726676941      -0.0008560001733712852     0.3253826498985291     2.713919162750244
50     -0.6135669350624084      -0.003075199434533715     0.3144451677799225     2.969794273376465
51     -0.6128499507904053      0.003909601364284754     0.3323979377746582     3.150418043136597
52     -0.6131320595741272      -0.0041404003277421     0.3057238459587097     2.966840505599976
53     -0.6129670739173889      -0.002388797467574477     0.3296715319156647     3.115652561187744
54     -0.6133314371109009      -0.005868000444024801     0.3102678656578064     3.242159366607666
55     -0.6133002638816833      -0.001947200391441584     0.3036351799964905     2.797339916229248
56     -0.6131797432899475      0.003595595946535468     0.3084024488925934     2.95947265625
57     -0.6128203272819519      -0.000251600198680535     0.3074617385864258     2.965690612792969
58     -0.6134819984436035      0.003609612118452787     0.3028539419174194     2.990589141845703
59     -0.6132696270942688      -0.001337998430244625     0.3220822811126709     2.948752403259277
60     -0.6134970188140869      0.004132801666855812     0.3111926019191742     2.716026544570923
61     -0.6134240031242371      0.001467201858758926     0.3172672092914581     2.951385736465454
62     -0.6137846112251282      0.001623596996068954     0.3148118555545807     3.115348815917969
63     -0.612673819065094      0.001886001206003129     0.3334980905056     2.753062009811401
64     -0.6138765215873718      0.002076000906527042     0.3116390407085419     2.907828569412231
65     -0.6133888959884644      0.0001055973334587179     0.3187340497970581     2.989157676696777
66     -0.6133284568786621      0.003064409596845508     0.3112085461616516     2.89653491973877
67     -0.6124339699745178      0.001286800601519644     0.321396678686142     2.9608154296875
68     -0.6133337616920471      -0.002734801499173045     0.3203125     3.10505199432373
69     -0.613219141960144      0.000120803430036176     0.3209821581840515     2.903554677963257
70     -0.6122390627861023      -0.001368800061754882     0.3053571581840515     2.880209922790527
71     -0.6131707429885864      0.003532813629135489     0.3049266636371613     3.039450407028198
72     -0.6132738590240479      0.001588399754837155     0.3143813908100128     3.095182180404663
73     -0.6132077574729919      -0.005913601722568274     0.3123246133327484     3.042669057846069
74     -0.6128925681114197      -0.001826799591071904     0.3203762769699097     2.74498438835144
75     -0.6136757731437683      -0.001047599012963474     0.3257334232330322     2.981836318969727
76     -0.6135323643684387      0.002596400445327163     0.3271364867687225     2.980092763900757
77     -0.6127422451972961      -0.0007580015226267278     0.3198660612106323     2.907556533813477
78     -0.6129156947135925      -0.007630005944520235     0.322560578584671     2.827844142913818
79     -0.6141590476036072      -0.003488800954073668     0.3181760311126709     3.22246265411377
80     -0.6129338145256042      -0.003109606448560953     0.3219866156578064     2.82858681678772
81     -0.6125549077987671      -0.002806396223604679     0.3128666877746582     3.046085357666016
82     -0.6142435669898987      0.001202798332087696     0.3257493674755096     2.928196907043457
83     -0.6143206357955933      -0.001395203755237162     0.3166773021221161     2.936155319213867
84     -0.6126993894577026      0.004647599533200264     0.3115114867687225     2.874901533126831
85     -0.6136057376861572      0.001652397448197007     0.3215720653533936     2.959701299667358
86     -0.6119721531867981      0.002776394365355372     0.3095663189888     3.080980539321899
87     -0.6136401295661926      -0.004853600636124611     0.3099649250507355     3.011068344116211
88     -0.6132306456565857      0.005308395251631737     0.3060586750507355     2.963837862014771
89     -0.6141536235809326      -0.0006051999516785145     0.3406728208065033     2.973155498504639
90     -0.6135076880455017      0.004188407212495804     0.3176658153533936     2.936089277267456
91     -0.6138622164726257      -0.000660799618344754     0.3253188729286194     2.86566686630249
92     -0.6130200028419495      -0.0001347985817119479     0.3316166996955872     3.07319712638855
93     -0.6128168106079102      -0.001095597865059972     0.3066485822200775     2.826918125152588
94     -0.6130248308181763      0.002574400044977665     0.3198501169681549     3.13615345954895
95     -0.6130620837211609      -0.00255920086055994     0.3198820054531097     2.834367752075195
96     -0.6133756637573242      0.0007291993242688477     0.3205994963645935     2.845422744750977
97     -0.614037036895752      -0.0004852002311963588     0.3208386600017548     3.151387929916382
98     -0.6131854057312012      0.003871208988130093     0.3255580365657806     3.065603494644165
99     -0.6127520203590393      0.001900804112665355     0.3036192655563354     2.854580640792847
100     -0.6139886975288391      -0.005433204118162394     0.3144132792949677     3.158780574798584
101     -0.6136142611503601      -0.001898800604976714     0.3300541937351227     3.042279958724976
102     -0.6126574873924255      0.002536003477871418     0.3119738399982452     2.871596813201904
103     -0.6135366559028625      0.005841602571308613     0.325302928686142     2.918098211288452
104     -0.6148747801780701      0.0001312001841142774     0.3261160552501678     3.003571033477783
105     -0.6132649779319763      -0.003829596331343055     0.3169005215167999     3.208171844482422
106     -0.6127263307571411      -0.002685199957340956     0.3186383843421936     2.834254264831543
107     -0.6131271719932556      0.002832802012562752     0.3023756444454193     3.136003494262695
108     -0.6135218143463135      -0.006449201609939337     0.3099489808082581     3.209820508956909
109     -0.6135196685791016      0.0007535985205322504     0.3166613578796387     2.814355373382568
110     -0.6127482056617737      -0.003414001548662782     0.3155931234359741     3.192543268203735
111     -0.6135405898094177      -0.00132079585455358     0.3243622481822968     3.07718563079834
112     -0.613642692565918      0.003983203787356615     0.3203125     3.08843731880188
113     -0.6116724014282227      -0.003628002246841788     0.3217633962631226     2.989545106887817
114     -0.6138618588447571      -0.004249604884535074     0.3167410492897034     2.874222993850708
115     -0.6129571199417114      -0.001548400497995317     0.3298310041427612     2.861909866333008
116     -0.613068163394928      -0.003172801807522774     0.3237723112106323     3.246397972106934
117     -0.6134390830993652      -0.00436839833855629     0.3289700448513031     3.001691818237305
118     -0.6139451861381531      0.004379197955131531     0.3204241096973419     3.219053983688354
119     -0.6146894693374634      0.0007747996132820845     0.317187488079071     3.062100887298584
120     -0.6140372157096863      -0.003532394533976912     0.3127551078796387     2.828243494033813
121     -0.6134520173072815      -0.001350003527477384     0.2984215319156647     2.841124296188354
122     -0.6136910915374756      0.002135997638106346     0.3263074159622192     2.934195756912231
123     -0.6141030788421631      0.001353202853351831     0.3318239748477936     2.728972196578979
124     -0.6125416159629822      -0.009335601702332497     0.3148756325244904     2.807115316390991
125     -0.6135450005531311      0.004772793501615524     0.3184311091899872     3.119088172912598
126     -0.6136759519577026      0.003726399270817637     0.3160395622253418     2.860443115234375
127     -0.6131917834281921      0.001997998915612698     0.3347576558589935     2.868695020675659
128     -0.61259526014328      0.003762003965675831     0.3256377577781677     2.930124282836914
129     -0.6139931678771973      -0.005053602624684572     0.3229751288890839     3.044385433197021
130     -0.6133978962898254      0.009314008988440037     0.319531261920929     2.612558603286743
131     -0.6135283708572388      -0.007047204300761223     0.316023588180542     3.358510494232178
132     -0.6123225688934326      -0.0003303988487459719     0.3330197632312775     3.072935342788696
133     -0.6131340265274048      0.004063603468239307     0.3171077966690063     3.013572216033936
134     -0.6121610403060913      0.005020001903176308     0.3173628747463226     2.938241958618164
135     -0.6125492453575134      0.0005344003438949585     0.3185905516147614     3.020706415176392
136     -0.613755464553833      -0.00131079915445298     0.3140625059604645     2.723666429519653
137     -0.6147257685661316      -0.004037601407617331     0.3076690137386322     3.127468824386597
138     -0.6140890121459961      -0.001555599388666451     0.3185427188873291     2.93675422668457
139     -0.6132119297981262      0.0008532022475264966     0.3314732015132904     3.069177865982056
140     -0.6121950149536133      0.0009100019815377891     0.3187021911144257     3.094360828399658
141     -0.6128513216972351      -0.005670014303177595     0.3133609592914581     2.889102220535278
142     -0.6132220029830933      0.000333599338773638     0.3185905516147614     3.074381113052368
143     -0.6126539707183838      -0.004100798163563013     0.3223054707050323     2.781184434890747
144     -0.6126856803894043      -0.002310009440407157     0.3314572870731354     2.784795999526978
145     -0.6140617728233337      0.0007872013957239687     0.3147002458572388     2.969225406646729
146     -0.613869845867157      0.005195993464440107     0.3065688908100128     2.80164909362793
147     -0.613427996635437      -0.001941198366694152     0.3266581594944     2.903074741363525
148     -0.6141168475151062      0.003973205108195543     0.3272959291934967     2.63536810874939
149     -0.6126368641853333      -0.0006476004491560161     0.3129464089870453     3.205803155899048
150     -0.6144084334373474      -0.0006523997290059924     0.3136320114135742     2.875389337539673
151     -0.6144765615463257      -0.005261616781353951     0.3197066485881805     2.908657073974609
152     -0.6141643524169922      -0.001058399677276611     0.3045280575752258     2.832196474075317
153     -0.6135786175727844      -0.002069192938506603     0.3155293166637421     2.926944494247437
154     -0.6128392815589905      -0.003787597874179482     0.3237244784832001     2.776781320571899
155     -0.6150994896888733      -0.003368799109011889     0.3236766755580902     2.814264297485352
156     -0.613495409488678      -0.0001616003428352997     0.2981983423233032     3.067907571792603
157     -0.6130473613739014      -0.0030376052018255     0.3144132792949677     2.971487998962402
158     -0.613757312297821      0.002493201987817883     0.3187021911144257     3.071048974990845
159     -0.6138344407081604      0.00592160364612937     0.3293207883834839     2.829066514968872
160     -0.6121850609779358      0.001788398018106818     0.3159757554531097     3.070364475250244
161     -0.6132984757423401      -0.00683201476931572     0.3084661960601807     2.730738162994385
162     -0.6126824021339417      0.00244039623066783     0.3223054707050323     2.851199150085449
163     -0.614283561706543      -0.004295194987207651     0.3192920982837677     3.161341905593872
164     -0.6136070489883423      0.0001580026873853058     0.3175542056560516     3.099989414215088
165     -0.613053560256958      3.079717134824023e-05     0.3154815137386322     3.035257816314697
166     -0.6138094663619995      -0.0007443969370797276     0.3250637948513031     3.087597608566284
167     -0.6130492687225342      0.004470399580895901     0.2931760251522064     3.141603946685791
168     -0.6139493584632874      0.003930801060050726     0.3232142925262451     3.154051780700684
169     -0.6135644912719727      0.001431601238436997     0.3274553418159485     2.815263032913208
170     -0.6131487488746643      -0.00073120032902807     0.3149075210094452     2.911145448684692
171     -0.6137434244155884      0.00298839807510376     0.3269770443439484     2.806062936782837
172     -0.6126241087913513      -0.001875196816399693     0.3095344305038452     2.754332065582275
173     -0.6137306690216064      -0.001188401249237359     0.3287149369716644     3.049272537231445
174     -0.6124711632728577      0.001674401923082769     0.3099330365657806     2.760174036026001
175     -0.6131719350814819      -0.004184005782008171     0.3226084411144257     3.267125129699707
176     -0.6141810417175293      0.001442805165424943     0.3139827847480774     2.90221118927002
177     -0.6130377054214478      0.002052402822300792     0.3107780516147614     3.028545379638672
178     -0.6134364604949951      0.0007240094128064811     0.3167251348495483     3.003761053085327
179     -0.6132163405418396      -0.002686000894755125     0.321396678686142     2.739433526992798
180     -0.6143355965614319      0.001200397848151624     0.3262914419174194     2.970919132232666
181     -0.6144917011260986      0.002988802501931787     0.3113839030265808     3.202520132064819
182     -0.6129462718963623      0.004901999607682228     0.3203603327274323     3.14281964302063
183     -0.612507700920105      0.0001183982094516978     0.3020088970661163     2.885565757751465
184     -0.6124400496482849      -0.005809197202324867     0.308195173740387     2.819276094436646
185     -0.6130743622779846      -0.0003287959552835673     0.3184949159622192     2.86305832862854
186     -0.6127437949180603      0.0006523999036289752     0.3413902819156647     2.859728813171387
187     -0.613193690776825      0.002259603701531887     0.3131696581840515     2.874334096908569
188     -0.6136932969093323      -0.00188480201177299     0.301562488079071     2.983076572418213
189     -0.6124154925346375      0.003128002164885402     0.3154655396938324     2.84752345085144
190     -0.6129194498062134      -0.00305320112966001     0.3042410612106323     3.022614479064941
191     -0.6134976148605347      0.006647602654993534     0.3174425959587097     2.899409294128418
192     -0.613180935382843      -0.001654397463425994     0.3127391636371613     2.681169509887695
193     -0.6135403513908386      -0.005124400835484266     0.3119419515132904     2.930530548095703
194     -0.6135784983634949      0.002765601733699441     0.3120695054531097     2.888162851333618
195     -0.6135414838790894      0.004159206990152597     0.3242027759552002     3.227071046829224
196     -0.614109218120575      -0.001198402489535511     0.3166135251522064     3.102435827255249
197     -0.6140400767326355      0.0006204003584571183     0.308976411819458     2.863842725753784
198     -0.6131979823112488      -0.002904392313212156     0.3203125     2.805123329162598
199     -0.6138921976089478      -0.002374805044382811     0.3240433633327484     2.99189019203186
200     -0.6113717555999756      -0.003718001069501042     0.3187021911144257     2.746517419815063
201     -0.6125087141990662      0.001324395998381078     0.3128666877746582     2.930512428283691
202     -0.6122044324874878      0.0009167950483970344     0.3357621133327484     3.151224851608276
203     -0.6147300601005554      -0.009323603473603725     0.3155452907085419     3.058969736099243
204     -0.6123633980751038      0.00504319416359067     0.3330835700035095     3.017192840576172
205     -0.6134711503982544      -0.0009115972206927836     0.3077327907085419     3.179416179656982
206     -0.6150032877922058      0.0003760007966775447     0.3056919574737549     3.043027877807617
207     -0.6150439381599426      -0.00957198441028595     0.3024234473705292     3.003605604171753
208     -0.6141796112060547      -0.001345199649222195     0.3078762888908386     3.100780963897705
209     -0.6130891442298889      0.001048401929438114     0.3128029108047485     2.935667753219604
210     -0.6126996874809265      -0.003222395898774266     0.3121811151504517     3.104362487792969
211     -0.6120722889900208      -0.006002801470458508     0.323836088180542     2.866137742996216
212     -0.6131830811500549      0.001762000494636595     0.3142538070678711     3.001781225204468
213     -0.6128829121589661      -0.001144798006862402     0.3261798322200775     2.869609594345093
214     -0.6130280494689941      -0.002255600178614259     0.3326211869716644     3.046525955200195
215     -0.6139864921569824      0.003326402744278312     0.3181281685829163     2.990858316421509
216     -0.6125041246414185      -0.005574393551796675     0.3267857134342194     3.200867176055908
217     -0.612549364566803      -0.004535203333944082     0.3067920804023743     2.765387058258057
218     -0.613929808139801      -0.0009720002417452633     0.3199776709079742     2.735186100006104
219     -0.6128104329109192      -0.001820805598981678     0.3058513998985291     2.98042106628418
220     -0.6137901544570923      -0.01064679306000471     0.3190210461616516     3.281479358673096
221     -0.613768458366394      -0.001760804792866111     0.3300223052501678     3.067091464996338
222     -0.6135846376419067      -0.001811199821531773     0.3182079195976257     3.096165657043457
223     -0.6129942536354065      -0.0006767985178157687     0.316007673740387     3.164728164672852
224     -0.6138139367103577      -0.002578795421868563     0.3225765526294708     3.090436220169067
225     -0.6130027174949646      0.00282119819894433     0.3129782974720001     2.993963003158569
226     -0.6136525273323059      -0.004773601889610291     0.3193877637386322     3.279200553894043
227     -0.613167405128479      0.0004532029561232775     0.325302928686142     2.98362135887146
228     -0.613722562789917      -0.002816000254824758     0.3082908093929291     2.876929759979248
229     -0.6140289902687073      0.002941609127447009     0.3191326558589935     3.15046215057373
230     -0.6147212982177734      0.001692008692771196     0.3158003985881805     2.921819686889648
231     -0.6132914423942566      -0.000903198670130223     0.3170759081840515     2.76728892326355
232     -0.6135362386703491      0.001768801244907081     0.3151626288890839     2.983787059783936
233     -0.6130470037460327      -0.003088010242208838     0.3146364688873291     3.017675638198853
234     -0.6134963035583496      -0.0002940034028142691     0.309677928686142     2.928889989852905
235     -0.6132974028587341      -0.005002396181225777     0.310459166765213     3.036352396011353
236     -0.6123919486999512      -0.0009347963496111333     0.3148277997970581     3.024477243423462
237     -0.6132825613021851      -0.001935200649313629     0.3116709291934967     3.149625539779663
238     -0.6124548316001892      -0.005748001392930746     0.3092634081840515     2.913745641708374
239     -0.6132733821868896      0.00109399831853807     0.3199776709079742     2.886406898498535
240     -0.612931489944458      0.002750398358330131     0.3114795982837677     3.021673679351807
241     -0.6132957339286804      0.001544803497381508     0.3228635191917419     2.765285730361938
242     -0.614265501499176      -0.003801602404564619     0.319802314043045     3.212530612945557
243     -0.6138827800750732      -0.0005272020353004336     0.3216517865657806     3.204147100448608
244     -0.6127100586891174      0.00121799879707396     0.3213010132312775     2.766149282455444
245     -0.6132454872131348      -0.0002467999001964927     0.3075414299964905     2.900150060653687
246     -0.6133204698562622      -0.002610411262139678     0.3148277997970581     2.80003809928894
247     -0.6142918467521667      0.001795595395378768     0.3298947811126709     2.926942348480225
248     -0.6134530305862427      -0.002456399844959378     0.3162468075752258     2.855259656906128
249     -0.613587498664856      -0.002128807594999671     0.321205347776413     2.875005960464478
250     -0.6129510402679443      0.002200803253799677     0.3225446343421936     2.908737421035767
251     -0.6137380599975586      0.007647609803825617     0.3166135251522064     2.914005041122437
252     -0.6138068437576294      -0.002241599373519421     0.3088807463645935     2.843000650405884
253     -0.6137540936470032      -0.00261000101454556     0.314158171415329     3.039146184921265
254     -0.61213219165802      1.280014839721844e-05     0.3267219364643097     2.988646507263184
255     -0.6136320829391479      -0.002088000532239676     0.3310108482837677     2.908163785934448
256     -0.6139487028121948      0.001977995969355106     0.315130740404129     3.102838277816772
257     -0.6131900548934937      0.001997592858970165     0.3303093016147614     2.867127418518066
258     -0.6134811043739319      -0.0009240014478564262     0.3268654048442841     2.644071578979492
259     -0.6132325530052185      0.0007340002339333296     0.3304846882820129     2.982614517211914
260     -0.6136775016784668      -0.004470393527299166     0.321093738079071     2.881296396255493
261     -0.6130175590515137      -0.003543599508702755     0.3036032915115356     2.974811315536499
262     -0.6127297282218933      -0.002024402376264334     0.3168686330318451     2.898158311843872
263     -0.6144279837608337      -0.007034399546682835     0.3168526589870453     2.927175998687744
264     -0.6138322353363037      6.400275015039369e-05     0.3205197751522064     2.833121299743652
265     -0.6134944558143616      0.006130400579422712     0.3115433752536774     2.850038290023804
266     -0.6136775016784668      -0.00385200628079474     0.3223851919174194     2.857928514480591
267     -0.6133742928504944      -0.0008111990755423903     0.3213488459587097     2.834903478622437
268     -0.6129863858222961      -0.002947197761386633     0.3172353208065033     2.96817684173584
269     -0.6125624775886536      0.0003320018586236984     0.3204081654548645     2.743158340454102
270     -0.6135295033454895      0.001454000477679074     0.3194355666637421     2.979716539382935
271     -0.6129682660102844      -0.001400406123138964     0.3191804885864258     3.147653818130493
272     -0.6139112114906311      -0.003945599310100079     0.3211575448513031     2.908925771713257
273     -0.6139275431632996      0.0002908022725023329     0.3224011659622192     2.725506782531738
274     -0.6127534508705139      -0.004914000630378723     0.321970671415329     2.996334791183472
275     -0.6132485866546631      0.000318400445394218     0.3302136659622192     2.927341222763062
276     -0.6129728555679321      0.000244399911025539     0.3155293166637421     2.933644771575928
277     -0.6145848631858826      -0.003249599365517497     0.3392378985881805     2.994407892227173
278     -0.612915575504303      -0.001754396827891469     0.3218431174755096     2.738690137863159
279     -0.6130211353302002      -0.004529596772044897     0.3268335461616516     2.863611698150635
280     -0.6135059595108032      -0.00456720357760787     0.3353954255580902     3.036024570465088
281     -0.613312304019928      0.002609598450362682     0.3117506504058838     2.897902965545654
282     -0.6124578714370728      -0.003322794334962964     0.3261320292949677     2.986041307449341
283     -0.6136459112167358      0.00230240379460156     0.315896064043045     2.86961030960083
284     -0.6123188734054565      -0.003782393410801888     0.3063296973705292     2.663142204284668
285     -0.6133574247360229      -0.002451204694807529     0.319036990404129     2.612797737121582
286     -0.6128412485122681      -0.002105201128870249     0.3189413249492645     3.040911436080933
287     -0.6129766702651978      -0.005945603363215923     0.3045121133327484     3.156855583190918
288     -0.6136103272438049      0.0007072032312862575     0.315130740404129     2.77033519744873
289     -0.613070011138916      -0.0004099987854715437     0.3260044455528259     2.894227266311646
290     -0.6143096685409546      0.001074398402124643     0.322943240404129     2.762062549591064
291     -0.6128959059715271      -0.002713997382670641     0.3134725689888     3.14545464515686
292     -0.6142353415489197      0.001378400018438697     0.3058195114135742     2.912786960601807
293     -0.6137161254882812      0.004163598641753197     0.3233099281787872     2.918140888214111
294     -0.6135658025741577      0.005569602362811565     0.3130420744419098     2.79426383972168
295     -0.6130349636077881      0.002855598228052258     0.3165337741374969     3.313703298568726
296     -0.6136938333511353      0.001856401097029448     0.3308354616165161     2.922011375427246
297     -0.6137450933456421      0.0001995976053876802     0.3277104496955872     3.068083524703979
298     -0.613376796245575      -0.00042399947415106     0.3181281685829163     3.028441190719604
299     -0.6136046648025513      0.002964800922200084     0.310841828584671     2.698110342025757
300     -0.6139777302742004      0.005235598888248205     0.3109215497970581     3.065819025039673
301     -0.6134877800941467      -0.00292081106454134     0.3272002637386322     2.735225200653076
302     -0.6124958395957947      0.003979597240686417     0.3280452787876129     2.99437427520752
303     -0.613348126411438      0.00508560985326767     0.3293048441410065     2.971133232116699
304     -0.614149272441864      0.002140003023669124     0.3268973231315613     3.100066661834717
305     -0.612454891204834      0.0004844035429414362     0.3228794634342194     3.012566328048706
306     -0.612957775592804      -0.00244520278647542     0.3134725689888     2.914374589920044
307     -0.6131330728530884      -0.001798398327082396     0.3308832943439484     2.722084999084473
308     -0.6132910251617432      0.007316374685615301     0.3141103088855743     2.738443374633789
309     -0.6128284335136414      0.00138839753344655     0.3210299611091614     2.896376609802246
310     -0.6141908168792725      7.159912638599053e-05     0.3111447691917419     2.83719539642334
311     -0.6139951348304749      0.001389199867844582     0.3229113519191742     2.93338418006897
312     -0.612427294254303      -0.001291998312808573     0.3245057463645935     2.872190237045288
313     -0.6130232810974121      -0.002247198950499296     0.3191486001014709     3.027844190597534
314     -0.6129223108291626      0.002744396449998021     0.3168686330318451     2.931623935699463
315     -0.6142987608909607      -0.002070396672934294     0.3175542056560516     2.95194411277771
316     -0.6138193011283875      0.0001035995155689307     0.3209183514118195     2.912091970443726
317     -0.6128119826316833      -0.001673995400778949     0.3209980726242065     2.681871652603149
318     -0.6132940649986267      -3.839934652205557e-05     0.3067601919174194     3.05967116355896
319     -0.6129566431045532      0.001715198857709765     0.3166135251522064     2.907180547714233
320     -0.6128384470939636      4.119732693652622e-05     0.3241071403026581     2.704094171524048
321     -0.6132866740226746      -0.002118003088980913     0.3233099281787872     2.950838565826416
322     -0.6132278442382812      -0.0007987998542375863     0.3174107074737549     2.74040150642395
323     -0.6122658252716064      -0.007516795769333839     0.3166294693946838     2.892218589782715
324     -0.613792896270752      0.00118120398838073     0.331265926361084     3.19933557510376
325     -0.6141194701194763      -0.002717601368203759     0.3118781745433807     2.890288114547729
326     -0.6141645312309265      0.003065599594265223     0.3200573921203613     3.021512985229492
327     -0.613710343837738      -0.0003012014203704894     0.3223054707050323     2.897410869598389
328     -0.6131178736686707      -0.001160001149401069     0.3310586810112     2.923745632171631
329     -0.6140135526657104      -0.00590400118380785     0.3228954076766968     2.772448778152466
330     -0.6132098436355591      -0.005125604569911957     0.3120376169681549     2.827493906021118
331     -0.6130281090736389      0.003412000369280577     0.3156569004058838     2.930444002151489
332     -0.6125274896621704      -0.0009180025081150234     0.3141262829303741     3.104540348052979
333     -0.612405002117157      0.0008443973492830992     0.3191804885864258     2.742708206176758
334     -0.6129424571990967      0.001801201840862632     0.3147959411144257     2.891938447952271
335     -0.6126514673233032      -0.001001200871542096     0.3213169574737549     3.162487030029297
336     -0.6139441728591919      0.002023997250944376     0.3134566247463226     3.026688575744629
337     -0.614168643951416      0.001815199153497815     0.3162786960601807     3.055212497711182
338     -0.6124444603919983      -0.001081199618056417     0.3115592896938324     2.809876203536987
339     -0.6130278706550598      0.004863199312239885     0.3150829076766968     2.690886497497559
340     -0.6136173605918884      -0.003052406245842576     0.3251275420188904     2.827589750289917
341     -0.6110591292381287      -0.002772797364741564     0.3115433752536774     3.20096492767334
342     -0.6131991147994995      0.004982396960258484     0.3274394273757935     2.780394077301025
343     -0.6134885549545288      0.0007720091962255538     0.3110172152519226     2.812125682830811
344     -0.613390326499939      0.001855600974522531     0.3195790648460388     2.911949157714844
345     -0.6126378178596497      -0.002216400112956762     0.317187488079071     3.088674306869507
346     -0.6125046610832214      0.0004952006274834275     0.3242506384849548     3.044224739074707
347     -0.6136748194694519      0.002933999057859182     0.3244419693946838     2.811564922332764
348     -0.6134684085845947      -0.00290520116686821     0.3241868615150452     3.123927354812622
349     -0.6125109195709229      -0.002842796733602881     0.3110491037368774     2.887766599655151
350     -0.6132424473762512      -0.002971201436594129     0.296109676361084     2.825420141220093
351     -0.6141995787620544      0.002068004570901394     0.3271524310112     2.963685512542725
352     -0.6132525205612183      0.004818004090338945     0.3395886421203613     3.047515869140625
353     -0.6126437187194824      -0.002418402815237641     0.323708564043045     3.16819953918457
354     -0.6131190061569214      0.00290679233148694     0.3200733363628387     3.05368971824646
355     -0.612628698348999      0.001602000324055552     0.3148915767669678     3.449490547180176
356     -0.6130653023719788      -0.001264796708710492     0.3217793405056     2.972158908843994
357     -0.6132950782775879      -0.001265600090846419     0.3295599222183228     2.886558055877686
358     -0.6135214567184448      -8.360247011296451e-05     0.3138552308082581     2.82895565032959
359     -0.6138709187507629      -0.005712402518838644     0.3327327966690063     3.066388130187988
360     -0.6136632561683655      -0.0005307997344061732     0.3312819004058838     2.769501447677612
361     -0.6140186786651611      0.0005820005899295211     0.3247927129268646     3.204023122787476
362     -0.6127774715423584      -0.002031597308814526     0.3222735822200775     3.036021709442139
363     -0.6137139797210693      0.0006584018119610846     0.3281728327274323     3.056905746459961
364     -0.6133830547332764      0.000901595049072057     0.3117665648460388     3.293896436691284
365     -0.6142063140869141      -0.003693205304443836     0.3263871073722839     3.001092910766602
366     -0.6138089895248413      -5.400423833634704e-05     0.3293207883834839     3.023113250732422
367     -0.6144562363624573      -0.001196001539938152     0.314748078584671     2.959118366241455
368     -0.6129898428916931      0.001183200743980706     0.3197704255580902     2.996097326278687
369     -0.613699734210968      0.001407997333444655     0.3143335580825806     2.794050693511963
370     -0.6142494678497314      -0.005579601041972637     0.3176977038383484     2.829313278198242
371     -0.6134383678436279      -0.003701593726873398     0.3243303596973419     3.154383897781372
372     -0.6134138107299805      -0.003194802673533559     0.3197863399982452     2.918590545654297
373     -0.6127187609672546      -0.001450799056328833     0.3069196343421936     3.272540330886841
374     -0.6135079264640808      0.0003192027506884187     0.3169802129268646     2.949546575546265
375     -0.6126080751419067      0.000806802767328918     0.3023756444454193     2.785045862197876
376     -0.6142383217811584      -0.005393608007580042     0.3305644094944     2.955519199371338
377     -0.6130772829055786      0.0009576018201187253     0.3128666877746582     3.008601188659668
378     -0.6134991049766541      0.00173999962862581     0.3360331654548645     2.919844627380371
379     -0.6140010356903076      0.001452797907404602     0.3172034323215485     2.990626811981201
380     -0.6139951348304749      0.003434401005506516     0.3297512829303741     3.043746471405029
381     -0.6130046844482422      -0.001242796191945672     0.3121651709079742     2.90985369682312
382     -0.6124937534332275      0.001261200988665223     0.3275669515132904     2.831086158752441
383     -0.6133353114128113      -0.001200001104734838     0.3162627518177032     2.998919248580933
384     -0.6138656139373779      0.0003555991570465267     0.3132652938365936     3.003799200057983
385     -0.6128847002983093      0.001867202925495803     0.3262436091899872     2.904985427856445
386     -0.6125924587249756      0.004757599905133247     0.3245695233345032     3.148525476455688
387     -0.613823413848877      0.0007124000112526119     0.3147161900997162     3.038007736206055
388     -0.6123642921447754      0.002064400585368276     0.3268016576766968     2.996929407119751
389     -0.6127047538757324      0.005155209451913834     0.3232461810112     2.901084423065186
390     -0.612486720085144      0.001650394289754331     0.3239636421203613     3.190136671066284
391     -0.614348828792572      -0.009529588744044304     0.3194993734359741     2.919710636138916
392     -0.6134024262428284      -0.0004368026566226035     0.3223851919174194     2.768576383590698
393     -0.6132694482803345      -6.080506136640906e-05     0.3129304945468903     3.246012449264526
394     -0.6143461465835571      0.003397598396986723     0.3142856955528259     3.02393364906311
395     -0.6129055619239807      0.004042793530970812     0.3202168345451355     2.806857585906982
396     -0.6139724254608154      -0.002080400008708239     0.3201052248477936     2.799451112747192
397     -0.6138452291488647      0.001959606073796749     0.3222895562648773     3.153989791870117
398     -0.6137654781341553      -0.0009023991879075766     0.3112404048442841     3.077956914901733
399     -0.6130433678627014      0.005085192620754242     0.328125     3.228637456893921
400     -0.6128960847854614      -0.004063195083290339     0.3219228088855743     3.202357292175293
401     -0.612836480140686      -0.002895189914852381     0.3079240918159485     2.960614919662476
402     -0.6139463782310486      -0.001497206976637244     0.3170759081840515     2.929663181304932
403     -0.6121350526809692      -0.001377194072119892     0.3057079017162323     3.138376474380493
404     -0.6129724979400635      0.001457199221476912     0.316007673740387     2.812386274337769
405     -0.6141830086708069      0.003528389381244779     0.3235331773757935     2.952483415603638
406     -0.6128127574920654      -0.0007199971005320549     0.3123246133327484     2.972966909408569
407     -0.6128871440887451      0.0008936042431741953     0.3288902938365936     2.706282377243042
408     -0.6122158169746399      -0.004191601183265448     0.3209183514118195     2.69944167137146
409     -0.6142407059669495      -0.001517594791948795     0.3337850570678711     2.914456844329834
410     -0.6141009330749512      -0.005677597597241402     0.2985012829303741     2.869610071182251
411     -0.6138716340065002      0.002515596337616444     0.3168526589870453     3.16468334197998
412     -0.6137116551399231      -0.001392797916196287     0.3133609592914581     3.070797681808472
413     -0.6126745939254761      0.0006575981387868524     0.3216039538383484     3.030955791473389
414     -0.6131520867347717      0.0001700040593277663     0.3112085461616516     3.177665233612061
415     -0.6125419139862061      0.002117598429322243     0.3321906626224518     3.138612508773804
416     -0.613251268863678      -0.004715196788311005     0.3257652819156647     3.017056226730347
417     -0.6125432252883911      -0.002836007624864578     0.3079400360584259     2.885743618011475
418     -0.6124226450920105      0.002562000881880522     0.3123405575752258     3.072507381439209
419     -0.612673819065094      0.0008220010786317289     0.3074936270713806     3.075936794281006
420     -0.613244891166687      -0.001620001974515617     0.3191167116165161     3.235001802444458
421     -0.6132590174674988      -0.001142000779509544     0.3211256265640259     2.826776742935181
422     -0.61391681432724      -0.0003371948841959238     0.3148118555545807     3.030768871307373
423     -0.6137813925743103      0.002830399433150887     0.3048788011074066     3.272837400436401
424     -0.6127002239227295      0.00127199967391789     0.3076211810112     3.049709558486938
425     -0.6136828064918518      -0.0006543999188579619     0.3301658034324646     3.123194694519043
426     -0.612856924533844      0.0008539978298358619     0.3120216727256775     2.996786832809448
427     -0.6135082244873047      0.005133986473083496     0.3236128985881805     3.006756544113159
428     -0.6138599514961243      5.399690053309314e-05     0.3269770443439484     2.753777265548706
429     -0.6125448346138      0.001298401970416307     0.329017847776413     2.883611917495728
430     -0.6126229763031006      0.0001020014897221699     0.3216358423233032     2.862267971038818
431     -0.6128025650978088      -0.002185598714277148     0.3178730905056     3.018822193145752
432     -0.6128319501876831      -0.001020402181893587     0.3150510191917419     2.778746366500854
433     -0.613270103931427      -0.002437198534607887     0.3124362230300903     3.013850212097168
434     -0.6133731007575989      0.0001699999847915024     0.3238520622253418     2.88235878944397
435     -0.613690197467804      -0.000465601246105507     0.3105548322200775     3.313855648040771
436     -0.6125316023826599      -0.002268793759867549     0.3167729377746582     3.067217350006104
437     -0.6131603717803955      -0.006554802879691124     0.3159916996955872     3.052232265472412
438     -0.6133354902267456      0.001720398548059165     0.3347576558589935     2.907604694366455
439     -0.6140458583831787      0.001117199310101569     0.3068558573722839     2.964598894119263
440     -0.6141259670257568      0.0001512024173280224     0.3138711750507355     2.861771583557129
441     -0.6131707429885864      -0.001289201667532325     0.3150669634342194     2.982662439346313
442     -0.6147286295890808      0.005006399471312761     0.3193239867687225     2.97544264793396
443     -0.61351478099823      -0.001541599980555475     0.3245695233345032     2.777385234832764
444     -0.6130020618438721      -0.0005355981993488967     0.3149712681770325     2.837989568710327
445     -0.613476574420929      -0.001429598894901574     0.3215720653533936     2.943207979202271
446     -0.6137294769287109      -0.0008015945204533637     0.3210140466690063     3.130077123641968
447     -0.6127059459686279      0.005391191691160202     0.3207748830318451     3.017837285995483
448     -0.6143683791160583      0.006190794054418802     0.3055006265640259     3.038383007049561
449     -0.6129970550537109      0.002018801402300596     0.3153699040412903     2.882549047470093
450     -0.6132569313049316      -0.001041198731400073     0.3087372481822968     3.066688776016235
451     -0.6132684946060181      -0.006511601153761148     0.319802314043045     3.039830923080444
452     -0.6135016083717346      0.002243996830657125     0.3236288130283356     3.02578592300415
453     -0.612316906452179      -0.003452801844105124     0.3184630274772644     2.764676570892334
454     -0.6139369606971741      -0.001256006071344018     0.3258131444454193     3.056155443191528
455     -0.6138343214988708      0.0009512010146863759     0.3102359473705292     3.109293699264526
456     -0.6122652292251587      0.00231999927200377     0.3219068944454193     3.138937711715698
457     -0.6127846240997314      0.0005316039314493537     0.3061224222183228     2.802158117294312
458     -0.6134114265441895      0.001378799788653851     0.3240911960601807     2.644493818283081
459     -0.6129183769226074      -0.001001598197035491     0.3319674730300903     2.837548732757568
460     -0.6136198043823242      -0.0003187981492374092     0.3055644333362579     3.124818086624146
461     -0.6139767169952393      -0.0008203999022953212     0.3161192536354065     2.936073303222656
462     -0.6143731474876404      -0.0008755985181778669     0.3232461810112     2.945794582366943
463     -0.6135885119438171      0.001116000581532717     0.3138073980808258     2.990526437759399
464     -0.6135984659194946      -0.001652795355767012     0.3168208003044128     2.900624990463257
465     -0.6133774518966675      -0.0004824012285098433     0.3229591548442841     2.765391826629639
466     -0.6135236620903015      0.003178000915795565     0.3289859592914581     3.070666313171387
467     -0.6144840121269226      0.003236398566514254     0.3106983304023743     2.930138349533081
468     -0.6131073236465454      0.001901601208373904     0.3170121014118195     2.823726892471313
469     -0.6143592000007629      0.00289239757694304     0.3266103267669678     3.111979246139526
470     -0.6129904985427856      -0.0009080026065930724     0.3221141695976257     3.086219787597656
471     -0.6127828359603882      0.005001600831747055     0.3166454136371613     2.659722089767456
472     -0.6138511896133423      -0.001375198131427169     0.3143494725227356     2.901998043060303
473     -0.6129075288772583      -0.002601999323815107     0.317681759595871     3.099151611328125
474     -0.6129881739616394      -0.000710800348315388     0.3219228088855743     3.219428062438965
475     -0.6140952706336975      -0.002514400752261281     0.3285554945468903     2.932137012481689
476     -0.6133755445480347      0.0006512005347758532     0.3239317536354065     2.769565105438232
477     -0.6122804880142212      0.001645997050218284     0.3150031864643097     2.818646669387817
478     -0.6136005520820618      -0.002098001074045897     0.3229910731315613     3.159594774246216
479     -0.6132301092147827      0.001058399793691933     0.3176658153533936     3.270809888839722
480     -0.6124770641326904      0.003073996631428599     0.3095822632312775     3.176131963729858
481     -0.61383056640625      -0.00147400121204555     0.3336096704006195     3.199333190917969
482     -0.6135534644126892      -0.001216403441503644     0.3126275241374969     3.128212690353394
483     -0.6127012968063354      0.001858800067566335     0.3177614808082581     2.978662490844727
484     -0.6128431558609009      -0.002317596459761262     0.3180803656578064     2.827422857284546
485     -0.6138437390327454      0.003323602024465799     0.3088648021221161     3.183717966079712
486     -0.6132170557975769      -0.004606799222528934     0.3189253807067871     2.744399785995483
487     -0.6138375997543335      -0.002314802957698703     0.3257493674755096     2.971820116043091
488     -0.6133739352226257      -0.002797203604131937     0.3185268044471741     2.957622051239014
489     -0.6135085225105286      0.001316798501648009     0.3143973052501678     2.985295295715332
490     -0.6129109859466553      -0.004359198268502951     0.3128507733345032     2.925037860870361
491     -0.6131525039672852      0.004785207100212574     0.3162308633327484     2.952139139175415
492     -0.6122177839279175      -0.00260880240239203     0.3240433633327484     3.218238592147827
493     -0.6141188740730286      -0.00111199845559895     0.3107780516147614     2.837600469589233
494     -0.6141005754470825      0.003122403752058744     0.3206154108047485     2.814470767974854
495     -0.612825334072113      0.001939999987371266     0.3030133843421936     2.938569307327271
496     -0.6124327182769775      -0.002221603877842426     0.3021205365657806     3.008106231689453
497     -0.6132707595825195      0.001918398425914347     0.3274872303009033     2.883368968963623
498     -0.6130931973457336      -0.005046007689088583     0.3172034323215485     2.959663152694702
499     -0.6124393343925476      -0.0002276003651786596     0.3434948921203613     2.805077791213989
500     -0.613366961479187      -0.0007327980129048228     0.3141900300979614     2.759745597839355
501     -0.6131998300552368      0.0008512000204063952     0.322560578584671     3.202593326568604
502     -0.612449049949646      -0.001813199371099472     0.3221300840377808     2.945330381393433
503     -0.6126925945281982      -0.0002651980612426996     0.326466828584671     3.299741268157959
504     -0.6126360893249512      0.0004583994450513273     0.3298788070678711     3.211977243423462
505     -0.6132700443267822      -0.002002003137022257     0.3311224281787872     2.944721698760986
506     -0.6124448776245117      -0.0009860009886324406     0.3168845474720001     2.856217861175537
507     -0.613116443157196      -3.920092422049493e-05     0.328635185956955     2.773511648178101
508     -0.613162636756897      -0.003990409895777702     0.3012276589870453     2.949613571166992
509     -0.6132990717887878      0.0001832006528275087     0.3204400241374969     2.936705827713013
510     -0.6124218106269836      -0.0008620005683042109     0.3207748830318451     3.017129421234131
511     -0.61228346824646      -0.0002359986392548308     0.3186862170696259     3.182732343673706
512     -0.6131777763366699      0.0002736005408223718     0.3263711929321289     2.826642513275146
513     -0.6135913729667664      -0.003761606058105826     0.3061383962631226     2.838592529296875
514     -0.6125530004501343      0.001207599067129195     0.3125     2.78059983253479
515     -0.6141262054443359      0.003346792655065656     0.3159119784832001     2.762184381484985
516     -0.6137310266494751      0.001135203172452748     0.3232142925262451     3.010673761367798
517     -0.613670825958252      -0.002852404490113258     0.3209502696990967     2.95237135887146
518     -0.6136431694030762      0.000858402403537184     0.3126913011074066     2.954166650772095
519     -0.6129404902458191      -0.002327999332919717     0.3166932463645935     2.947274446487427
520     -0.6147962808609009      0.002665600040927529     0.3374202847480774     3.275784969329834
521     -0.6133521199226379      0.002722793957218528     0.3266262710094452     3.144937038421631
522     -0.612434446811676      -0.001878000097349286     0.3224011659622192     2.937253952026367
523     -0.6133400797843933      0.002251997124403715     0.3180325329303741     2.970181941986084
524     -0.6137829422950745      -0.0005468003801070154     0.3403858244419098     2.887638330459595
525     -0.612996518611908      0.001695201848633587     0.3154655396938324     2.906569480895996
526     -0.6138083338737488      -0.0003383990842849016     0.3284916877746582     3.035115957260132
527     -0.613095760345459      -0.004374401178210974     0.3184151649475098     2.852821111679077
528     -0.6143652200698853      -0.001583998440764844     0.3239795863628387     3.209877967834473
529     -0.6133816242218018      0.002273997524753213     0.3144132792949677     2.896904706954956
530     -0.6135112643241882      -0.0006667979760095477     0.3229113519191742     2.790069103240967
531     -0.6135054230690002      0.001685597700998187     0.3085618615150452     2.99001932144165
532     -0.614501953125      0.003495199140161276     0.3191326558589935     3.213034629821777
533     -0.6134634017944336      -0.003896003589034081     0.3138392865657806     3.355607748031616
534     -0.61299729347229      0.001715199905447662     0.3266103267669678     3.001943111419678
535     -0.6123729348182678      0.007829992100596428     0.3055165708065033     2.797043085098267
536     -0.6135941743850708      0.005264394450932741     0.3332748711109161     2.850751399993896
537     -0.6133295893669128      -0.0003480008745100349     0.3095184862613678     3.178876161575317
538     -0.6128841042518616      0.003168001305311918     0.3165178596973419     2.784581899642944
539     -0.6141956448554993      0.003870392451062799     0.3289381265640259     3.139208078384399
540     -0.6132580637931824      0.0002887998416554183     0.3113679885864258     2.93741250038147
541     -0.6124768853187561      0.00312480260618031     0.3139190077781677     3.189104795455933
542     -0.6115558743476868      0.006863190792500973     0.3272002637386322     3.103826284408569
543     -0.6137048006057739      0.0004463983641471714     0.3226402997970581     3.132594108581543
544     -0.6135891675949097      -0.006384393665939569     0.3066326677799225     2.944421052932739
545     -0.6125374436378479      -0.005792794283479452     0.3136320114135742     2.873419761657715
546     -0.6126860380172729      -0.008660781197249889     0.3166294693946838     2.964118719100952
547     -0.6142632961273193      -0.004337203688919544     0.3086894154548645     2.939751386642456
548     -0.6137736439704895      -0.003835599170997739     0.3186383843421936     2.956900119781494
549     -0.613523542881012      0.00182640552520752     0.316788911819458     2.839040040969849
550     -0.6145948171615601      -0.0002748000260908157     0.3203284442424774     2.939645767211914
551     -0.612326979637146      -0.00445599714294076     0.3272959291934967     2.84969162940979
552     -0.6137471795082092      -0.002136400202289224     0.3173788189888     2.973774909973145
553     -0.612993597984314      0.0004755995469167829     0.3283801078796387     3.092509508132935
554     -0.6141769289970398      -7.159989036154002e-05     0.3212850689888     3.072561025619507
555     -0.6131630539894104      0.003341998904943466     0.3283641636371613     3.024313688278198
556     -0.6136414408683777      -0.005341992247849703     0.3132971823215485     3.04982590675354
557     -0.6131538152694702      -0.004859599284827709     0.3107302188873291     2.835228204727173
558     -0.6130157113075256      0.003444802714511752     0.3052614629268646     3.044403076171875
559     -0.6136168837547302      0.005718003492802382     0.3317920863628387     3.072659254074097
560     -0.6130850315093994      -0.005129202269017696     0.318064421415329     2.578326225280762
561     -0.6130604147911072      0.007803196553140879     0.3159757554531097     2.969875574111938
562     -0.6131205558776855      -8.7596861703787e-05     0.3055165708065033     2.928910255432129
563     -0.6137726902961731      -0.0005984010058455169     0.3101243674755096     3.219002723693848
564     -0.6133471131324768      0.0003672000602819026     0.3272640407085419     2.885354518890381
565     -0.6133671998977661      0.006025997921824455     0.3178252577781677     2.836333751678467
566     -0.6132575273513794      -0.0001143980553024448     0.3019770383834839     3.111225605010986
567     -0.6131399273872375      0.001095998915843666     0.3223214149475098     3.01084041595459
568     -0.6128387451171875      0.0002788003184832633     0.3133609592914581     2.730309724807739
569     -0.6130567789077759      0.001610396429896355     0.3360331654548645     2.850040197372437
570     -0.6131318807601929      -0.001527195796370506     0.3180006444454193     2.805227041244507
571     -0.6135427355766296      0.001588000333867967     0.3239795863628387     3.173521041870117
572     -0.6137788891792297      0.0005032040644437075     0.3341039419174194     3.307738542556763
573     -0.612190306186676      0.0002976022369693965     0.3267378807067871     3.081358909606934
574     -0.6133770942687988      -0.002053606323897839     0.3286989629268646     2.604451894760132
575     -0.6135281324386597      -0.004014801234006882     0.3230070173740387     3.020676851272583
576     -0.6138129234313965      0.001637199195101857     0.312898576259613     2.931855440139771
577     -0.6136007308959961      -0.006356796249747276     0.3258131444454193     2.813376426696777
578     -0.6128445267677307      0.006226392928510904     0.3266262710094452     2.838087558746338
579     -0.6131970882415771      0.001936798682436347     0.3102359473705292     3.026113748550415
580     -0.6124786734580994      -0.0006192023283801973     0.3271364867687225     2.828134059906006
581     -0.6128668189048767      -0.002847203519195318     0.3262914419174194     3.035254001617432
582     -0.6142017245292664      0.0007567936554551125     0.3032366037368774     3.03263258934021
583     -0.6141017079353333      -0.003417998785153031     0.3216358423233032     2.824077129364014
584     -0.6144062876701355      -0.00609358586370945     0.3122448921203613     3.275394201278687
585     -0.6143858432769775      0.0004547976423054934     0.3033322691917419     3.029274225234985
586     -0.6130893230438232      -0.003324000863358378     0.319929838180542     2.940809726715088
587     -0.6128097176551819      -0.004260397050529718     0.3177295923233032     2.865301609039307
588     -0.6133054494857788      -6.639878847636282e-05     0.3202646672725677     2.825731992721558
589     -0.6137175559997559      -7.201079370133812e-06     0.3230548501014709     3.092784404754639
590     -0.6127222776412964      -0.002423595637083054     0.3189732134342194     3.001550197601318
591     -0.6130564212799072      0.002305597998201847     0.3171715438365936     3.328906297683716
592     -0.6130091547966003      -0.002401198958978057     0.3101881444454193     2.796990156173706
593     -0.6145655512809753      -0.00470360741019249     0.311607152223587     2.729095935821533
594     -0.6131587028503418      -0.002957201329991221     0.3270089030265808     3.161043643951416
595     -0.6133441925048828      -0.005506800953298807     0.309103935956955     2.994940519332886
596     -0.613577663898468      -0.001599199720658362     0.3212531805038452     3.05055832862854
597     -0.6126782894134521      0.002082401653751731     0.3115114867687225     3.148642301559448
598     -0.6134463548660278      -0.003741201478987932     0.3179687559604645     2.942545175552368
599     -0.6123712658882141      -0.002111205365508795     0.316916435956955     2.801121473312378
600     -0.6134361028671265      0.0007643990102224052     0.3249521851539612     3.152148485183716
601     -0.6131176948547363      -0.0007495992467738688     0.3272002637386322     2.835782766342163
602     -0.6136804223060608      -0.004365193191915751     0.3102200329303741     2.891317367553711
603     -0.6137068867683411      -0.005029208026826382     0.3268016576766968     2.740056037902832
604     -0.613057017326355      0.000805999559815973     0.3158482015132904     2.985638856887817
605     -0.6138601899147034      -0.0008519982802681625     0.3209024369716644     2.704060077667236
606     -0.6139511466026306      -0.001761198858730495     0.3232461810112     2.94109058380127
607     -0.6130066514015198      -9.040097211254761e-05     0.3243941366672516     2.847553014755249
608     -0.6129168272018433      0.005851197522133589     0.3209183514118195     3.152263641357422
609     -0.6144858002662659      0.003667609533295035     0.3257971704006195     3.090667724609375
610     -0.6132634878158569      0.002379598561674356     0.3245854377746582     2.847269296646118
611     -0.614037036895752      0.0007064030505716801     0.3205038011074066     3.41940975189209
612     -0.6132898330688477      -0.001655998989008367     0.3319196403026581     2.768760204315186
613     -0.6140502095222473      0.001033199485391378     0.3298469185829163     2.970451593399048
614     -0.6133124828338623      -0.002555601764470339     0.3127391636371613     3.120572805404663
615     -0.6145397424697876      0.002852000063285232     0.3161670863628387     3.01158595085144
616     -0.6141862869262695      -0.0004220004775561392     0.3095025420188904     2.817134618759155
617     -0.6141191720962524      -0.0007544012041762471     0.3326052129268646     2.98797082901001
618     -0.6131189465522766      -0.0005164003232493997     0.3177774250507355     3.150701999664307
619     -0.613223671913147      -0.002342412248253822     0.3192123770713806     3.231577634811401
620     -0.6121050119400024      -0.002163597149774432     0.3326052129268646     3.257091522216797
621     -0.6136057376861572      0.00479560624808073     0.3186862170696259     2.951119661331177
622     -0.6136347651481628      0.006889199372380972     0.3243462741374969     2.970656633377075
623     -0.6127457618713379      -0.001297202776186168     0.3349489867687225     2.971368551254272
624     -0.6131473183631897      0.00328120612539351     0.3109853267669678     3.2158203125
625     -0.6143355369567871      0.004671611357480288     0.3041613399982452     3.001433849334717
626     -0.6137391328811646      -0.002296797232702374     0.3213329017162323     2.867289543151855
627     -0.6136497855186462      -0.002577206818386912     0.3207748830318451     2.935925245285034
628     -0.6137223243713379      -0.001356002176180482     0.3278539478778839     2.898498296737671
629     -0.6138679981231689      -0.004615600220859051     0.3230548501014709     2.976179599761963
630     -0.6130273342132568      0.005784392356872559     0.3104910552501678     2.794843196868896
631     -0.6137019395828247      -0.002556804567575455     0.3211415708065033     2.913344144821167
632     -0.6137071847915649      0.005673198029398918     0.3229591548442841     3.01381516456604
633     -0.6120592355728149      -0.0002120006392942742     0.3212691247463226     2.782365322113037
634     -0.6124070286750793      -0.006149607244879007     0.3181919455528259     2.715044498443604
635     -0.6141772270202637      -0.0002004012931138277     0.3049107193946838     3.084293603897095
636     -0.6130721569061279      -0.001096403459087014     0.3309630155563354     2.961082935333252
637     -0.6120960712432861      0.002089991234242916     0.3170759081840515     3.108951330184937
638     -0.6143012642860413      0.005102799739688635     0.3200573921203613     3.068511962890625
639     -0.6130586862564087      0.00239079911261797     0.3057557344436646     2.704178810119629
640     -0.6140220165252686      -0.001921199727803469     0.3090880215167999     2.913371562957764
641     -0.6140792965888977      0.0002731950371526182     0.305771678686142     2.814376354217529
642     -0.6132379770278931      -0.004318399354815483     0.3247449100017548     2.858635425567627
643     -0.6128776669502258      1.959901237569284e-05     0.3293845653533936     3.111564159393311
644     -0.612950325012207      0.006333992816507816     0.3162786960601807     3.132943630218506
645     -0.6127104163169861      -0.00278039462864399     0.3037308752536774     2.650577545166016
646     -0.6136752367019653      -0.004863210488110781     0.3106664419174194     2.943799495697021
647     -0.6138933300971985      -0.0002244017377961427     0.3020727038383484     2.999056577682495
648     -0.6137151718139648      0.003024403471499681     0.3058992326259613     2.937429189682007
649     -0.6133877635002136      -0.003437198232859373     0.3101084232330322     2.893194913864136
650     -0.6120646595954895      -0.004430797882378101     0.3132493495941162     2.922863960266113
651     -0.6133731007575989      0.003386791329830885     0.3252391517162323     2.8049635887146
652     -0.6139058470726013      -0.005169596057385206     0.3200573921203613     2.76479172706604
653     -0.6127577424049377      -0.001340000075288117     0.3136957883834839     2.905817031860352
654     -0.6133725047111511      0.0004928014823235571     0.335538923740387     2.8571937084198
655     -0.6136590242385864      -0.005462798289954662     0.3231026530265808     2.954131603240967
656     -0.6141452789306641      0.002726397244259715     0.313584178686142     2.973177433013916
657     -0.6124398708343506      -9.320172830484807e-05     0.3335777819156647     3.076336145401001
658     -0.6139016151428223      0.001968004973605275     0.3161830306053162     3.127678632736206
659     -0.6132073402404785      0.0001016005262499675     0.3279974460601807     2.925751209259033
660     -0.6127205491065979      0.004104793071746826     0.3194674551486969     2.761859178543091
661     -0.6132135987281799      -0.00690239854156971     0.2964604496955872     3.098125696182251
662     -0.6131846904754639      -0.003617997979745269     0.3242665827274323     3.015554189682007
663     -0.6140444278717041      0.00367519841529429     0.3073820173740387     3.050100564956665
664     -0.6130977869033813      -0.001697200699709356     0.3242984712123871     3.18608021736145
665     -0.6145159006118774      -0.001017999835312366     0.3205197751522064     3.06151008605957
666     -0.6139146685600281      -0.00454239035025239     0.3261798322200775     2.983466625213623
667     -0.613249659538269      0.001813203445635736     0.3185905516147614     2.73576831817627
668     -0.6137305498123169      -0.004797600209712982     0.3046715259552002     3.058302879333496
669     -0.6148266196250916      -0.005498000886291265     0.3173469305038452     3.173357725143433
670     -0.6148514151573181      -0.0006168031832203269     0.3219068944454193     3.261453866958618
671     -0.6139540076255798      -0.002495199674740434     0.3235172033309937     3.195435285568237
672     -0.6132906079292297      0.000402799341827631     0.3127710521221161     2.708576679229736
673     -0.6136025190353394      0.00229800003580749     0.3244738578796387     2.789613723754883
674     -0.6136080026626587      0.002816801890730858     0.3275829255580902     2.984705209732056
675     -0.6126462817192078      0.00128559791482985     0.313584178686142     3.242766857147217
676     -0.6134507060050964      -0.003253600327298045     0.3132971823215485     2.922333002090454
677     -0.6141454577445984      0.0001952026068465784     0.3243144154548645     3.00440502166748
678     -0.6136404871940613      -0.003587598213925958     0.3235331773757935     2.840505599975586
679     -0.6135562658309937      -0.001448799157515168     0.3062340319156647     2.885190486907959
680     -0.6127912402153015      0.002588406670838594     0.3200892806053162     3.07730770111084
681     -0.6126502156257629      0.002356798388063908     0.319913923740387     2.942026376724243
682     -0.6130346655845642      -0.003604397410526872     0.3084343075752258     3.190555572509766
683     -0.6135789752006531      -0.006261197384446859     0.3244579136371613     3.009786605834961
684     -0.6133716106414795      -0.0003067995712626725     0.3172831833362579     3.004717350006104
685     -0.6141588687896729      0.001670400029979646     0.3086894154548645     3.141782283782959
686     -0.6133037805557251      0.003356010187417269     0.3187181055545807     3.13402795791626
687     -0.613280177116394      -0.001634001382626593     0.3226562440395355     2.999880790710449
688     -0.6127721667289734      3.240003570681438e-05     0.325876921415329     2.779490947723389
689     -0.6126569509506226      0.004059999715536833     0.3189253807067871     2.897605895996094
690     -0.6125511527061462      -0.002612797543406487     0.324728935956955     2.961235284805298
691     -0.6121052503585815      -0.0003164007794111967     0.3082589209079742     2.956984519958496
692     -0.6145234704017639      -0.005267981439828873     0.3155771791934967     2.866777420043945
693     -0.613024115562439      0.0008128010085783899     0.3033163249492645     3.128330707550049
694     -0.6130426526069641      0.001013599103316665     0.3183673322200775     3.004465103149414
695     -0.6132540702819824      -0.00294560007750988     0.3041135370731354     2.992899417877197
696     -0.6132351160049438      0.001834001392126083     0.3125     3.008486986160278
697     -0.6138143539428711      -0.001326798927038908     0.3076690137386322     2.927322149276733
698     -0.6137362122535706      0.001529200817458332     0.3136957883834839     2.979916334152222
699     -0.613631010055542      0.007550804875791073     0.3107461929321289     2.804113864898682
700     -0.6133677959442139      0.001361599890515208     0.3168845474720001     2.9158775806427
701     -0.6133394241333008      0.004307194612920284     0.3166773021221161     2.960753679275513
702     -0.6140336990356445      0.0003695970517583191     0.3202646672725677     2.84910774230957
703     -0.6131303310394287      -0.0001136020364356227     0.3210299611091614     3.010814189910889
704     -0.6133579015731812      -0.001315199420787394     0.3195631504058838     3.103561878204346
705     -0.6127463579177856      -0.005565195344388485     0.3168686330318451     3.031518459320068
706     -0.6136261820793152      -0.004177603404968977     0.3112563788890839     3.02989673614502
707     -0.6125304698944092      -0.001015199930407107     0.3262117207050323     2.802011251449585
708     -0.6118889451026917      -0.002986405743286014     0.298740416765213     3.345731735229492
709     -0.6139922738075256      -9.679837239673361e-05     0.3183673322200775     3.108545541763306
710     -0.6129356026649475      0.002868798328563571     0.3145408034324646     3.016461372375488
711     -0.6135833263397217      0.002071998082101345     0.3200414478778839     2.994386196136475
712     -0.6127588748931885      -0.002887598471716046     0.3117665648460388     2.98475456237793
713     -0.6135554313659668      -0.001874397974461317     0.312101423740387     2.798349618911743
714     -0.6125598549842834      -0.0009160017943941057     0.3272480666637421     3.075170755386353
715     -0.6130576729774475      0.001510801841504872     0.3227040767669678     3.051496505737305
716     -0.6128185391426086      0.001483599422499537     0.3217633962631226     3.018089532852173
717     -0.6136887669563293      -0.002252803882583976     0.3218750059604645     2.87014365196228
718     -0.6118015050888062      -0.001041599316522479     0.3080516755580902     2.64100980758667
719     -0.6128023862838745      -0.0006343979039229453     0.3293367326259613     2.775654792785645
720     -0.6133801937103271      -0.006266401614993811     0.3189094364643097     2.990062236785889
721     -0.6130310297012329      -0.0003172004944644868     0.3205994963645935     3.21922492980957
722     -0.6137977242469788      0.002800399670377374     0.3110491037368774     2.913798570632935
723     -0.6138850450515747      -0.002675599651411176     0.3224170804023743     2.972711324691772
724     -0.6129067540168762      -0.001311197876930237     0.3194674551486969     3.109233856201172
725     -0.6123731136322021      0.001750804716721177     0.3220981955528259     3.03130578994751
726     -0.6135512590408325      0.00157519755885005     0.3178571462631226     3.065436363220215
727     -0.6144413948059082      0.001490800874307752     0.3243941366672516     3.102009296417236
728     -0.6130684614181519      -0.004284800495952368     0.3079081773757935     3.02857780456543
729     -0.6131213903427124      -0.001925998134538531     0.3157525360584259     3.074179649353027
730     -0.6140815019607544      -0.003113999031484127     0.3136798441410065     2.93965482711792
731     -0.6131194233894348      0.001464001950807869     0.3152104616165161     3.308168888092041
732     -0.6129407286643982      0.002765204990282655     0.3333227038383484     3.014472484588623
733     -0.6128434538841248      -0.002384798135608435     0.3138073980808258     3.051776170730591
734     -0.613236665725708      -0.0026967937592417     0.3070631325244904     2.762056827545166
735     -0.6136780977249146      0.001282803015783429     0.3200892806053162     2.81920862197876
736     -0.6130762696266174      0.002336401958018541     0.3316804766654968     2.921636343002319
737     -0.6130526661872864      0.001997595885768533     0.311224490404129     3.062915802001953
738     -0.6135092377662659      0.007271988783031702     0.3083864748477936     3.01729416847229
739     -0.61339271068573      0.000361599144525826     0.3176179826259613     2.929610967636108
740     -0.6119870543479919      0.00150880147702992     0.3244738578796387     2.726398229598999
741     -0.6137043833732605      -0.004343602806329727     0.3184789419174194     2.91785192489624
742     -0.6133546829223633      0.0007136000203900039     0.317681759595871     3.227593421936035
743     -0.6124308705329895      0.002563994377851486     0.3312340378761292     3.041635036468506
744     -0.6127365827560425      -0.0007840038160793483     0.3039700388908386     3.06117582321167
745     -0.6142316460609436      -0.003030400024726987     0.3245854377746582     2.924153089523315
746     -0.6132456064224243      0.0002231991675216705     0.308976411819458     3.156498908996582
747     -0.6139127612113953      -0.002330392366275191     0.3271683752536774     2.883056879043579
748     -0.6145015954971313      -0.001014799578115344     0.318654328584671     2.9033043384552
749     -0.6141594052314758      0.005119199398905039     0.3122289478778839     2.854182958602905
750     -0.6124855279922485      -0.001303997240029275     0.3206632733345032     3.013853311538696
751     -0.6126703023910522      0.00150960183236748     0.3276626169681549     2.959058284759521
752     -0.6133159995079041      -0.0002087987086270005     0.3322066366672516     2.876314878463745
753     -0.6129883527755737      -0.0002632002870086581     0.3134247362613678     2.837761878967285
754     -0.6140852570533752      -0.002459195675328374     0.3162149488925934     3.124285459518433
755     -0.6142265796661377      -0.0008879990200512111     0.3283482193946838     2.912444591522217
756     -0.6133565902709961      -0.004746400751173496     0.3331473171710968     3.180126190185547
757     -0.6141508817672729      0.001035603694617748     0.3253507614135742     3.219090938568115
758     -0.6129430532455444      -0.004400395322591066     0.3259725570678711     2.945777654647827
759     -0.6133135557174683      -0.0007295988616533577     0.3215561211109161     2.945199251174927
760     -0.6135441064834595      -0.002957605058327317     0.3141262829303741     2.807958126068115
761     -0.6130919456481934      0.00136280432343483     0.3295918405056     2.985918521881104
762     -0.6141310930252075      0.0004635998629964888     0.3164700269699097     2.963186025619507
763     -0.6127994060516357      -0.005135192070156336     0.3146364688873291     2.993998289108276
764     -0.613024890422821      0.00168680096976459     0.3216039538383484     2.991762399673462
765     -0.6131380796432495      -0.006768796127289534     0.3070631325244904     2.844179630279541
766     -0.6129457354545593      -0.005970000755041838     0.3200892806053162     2.845864772796631
767     -0.6137210726737976      -0.002849597949534655     0.3252550959587097     3.048843145370483
768     -0.613709568977356      0.003862002864480019     0.3173788189888     3.103849172592163
769     -0.6126255989074707      0.002419196767732501     0.3188934922218323     2.969921588897705
770     -0.6148296594619751      -0.0004168016894254833     0.3242506384849548     3.043776512145996
771     -0.6133474707603455      0.001868801075033844     0.3260682225227356     3.072699308395386
772     -0.6117790937423706      -0.0003455995465628803     0.3192282915115356     3.216142654418945
773     -0.613584578037262      0.004231998231261969     0.3222416937351227     2.791571855545044
774     -0.6143432259559631      -0.001014801673591137     0.3167410492897034     3.210658550262451
775     -0.6132733821868896      -0.003621992887929082     0.3124840259552002     3.089682340621948
776     -0.614223301410675      -0.0007871982525102794     0.3075095415115356     3.152205944061279
777     -0.6124990582466125      0.002734403824433684     0.3224489688873291     2.784492254257202
778     -0.6128344535827637      -0.001732796896249056     0.3227678537368774     3.114895582199097
779     -0.6129916906356812      0.002731600077822804     0.3214445114135742     3.087094068527222
780     -0.6130123138427734      -0.004588000476360321     0.3278380036354065     3.000465631484985
781     -0.6131012439727783      -0.00397880095988512     0.3355070054531097     2.905814170837402
782     -0.6133447885513306      2.479824070178438e-05     0.3311543166637421     2.948358297348022
783     -0.6131882667541504      0.003837998025119305     0.3200255036354065     3.138570547103882
784     -0.6128419637680054      0.0002368019777350128     0.3156569004058838     2.85187029838562
785     -0.6125857830047607      0.002835203194990754     0.3118303418159485     3.022867918014526
786     -0.6134459972381592      -0.001057598390616477     0.3206472992897034     2.733826398849487
787     -0.6141151189804077      0.002265197690576315     0.3111128807067871     2.981792449951172
788     -0.612918496131897      -0.001065201126039028     0.3245216608047485     2.869431734085083
789     -0.61319500207901      0.005222401116043329     0.3135044574737549     3.195599555969238
790     -0.6128258109092712      0.004185603465884924     0.3075892925262451     3.026817560195923
791     -0.6130579113960266      2.080675403703935e-05     0.3123086988925934     2.941559314727783
792     -0.6132491230964661      0.002340794540941715     0.3215242326259613     2.83812403678894
793     -0.6138314008712769      -0.000354800111381337     0.3118941485881805     2.95380973815918
794     -0.6128833889961243      0.001980802277103066     0.3211096823215485     2.788880825042725
795     -0.6125134229660034      -0.0003368020697962493     0.3084343075752258     2.896925210952759
796     -0.6133861541748047      -0.001394798746332526     0.3138552308082581     2.821291446685791
797     -0.614008367061615      0.00299959909170866     0.3181760311126709     2.856388807296753
798     -0.6146034002304077      0.001987200463190675     0.3204719126224518     3.082098007202148
799     -0.6137166023254395      0.002713605994358659     0.3210777938365936     2.965970039367676
800     -0.6127045154571533      0.003243990940973163     0.3320950269699097     2.804796457290649
801     -0.6133197546005249      -0.002654799725860357     0.3119100630283356     2.73483681678772
802     -0.6134487390518188      0.0004192013875581324     0.3049744963645935     3.018959045410156
803     -0.6124299168586731      -0.0002779989154078066     0.3263871073722839     3.174672603607178
804     -0.6139104962348938      0.004362398758530617     0.3146364688873291     3.059343338012695
805     -0.6134156584739685      0.0001767940411809832     0.3324617445468903     2.896380662918091
806     -0.6143731474876404      -0.0007531981682404876     0.3144929707050323     3.117617130279541
807     -0.6135496497154236      -0.0007271987269632518     0.3245695233345032     2.843328714370728
808     -0.6128475069999695      0.008835599757730961     0.3141262829303741     3.151303052902222
809     -0.6137073636054993      0.002970803529024124     0.3137914538383484     2.983739376068115
810     -0.6137232184410095      0.004576004110276699     0.2990911900997162     3.158871173858643
811     -0.6132197380065918      0.0005536011303775012     0.3195790648460388     2.751469135284424
812     -0.613242506980896      -0.002690002555027604     0.3169324100017548     2.708717346191406
813     -0.6135626435279846      -0.001555601833388209     0.3157206773757935     3.027872800827026
814     -0.6135523915290833      0.003013995476067066     0.2968112230300903     2.90028190612793
815     -0.6136829257011414      -0.006666793487966061     0.3052455484867096     2.938252687454224
816     -0.6128358840942383      0.0003955992578994483     0.323708564043045     3.17929482460022
817     -0.6138237118721008      -0.0005744036752730608     0.3236925899982452     3.051028251647949
818     -0.6131743788719177      0.002738399663940072     0.3329878747463226     2.938941717147827
819     -0.6127593517303467      0.003620002185925841     0.3195631504058838     2.722736835479736
820     -0.6124817132949829      -0.004358005709946156     0.3195631504058838     3.122850894927979
821     -0.6139582991600037      0.001791198737919331     0.3163424730300903     3.000756502151489
822     -0.6138322353363037      -0.002528799697756767     0.3139190077781677     3.029596328735352
823     -0.6126210689544678      0.001029600272886455     0.3184789419174194     2.968220949172974
824     -0.612633228302002      0.002702000085264444     0.3144610822200775     2.804266929626465
825     -0.6129667162895203      -0.002180400537326932     0.3111926019191742     2.921406745910645
826     -0.6133516430854797      -6.440089782699943e-05     0.3324936330318451     2.637773990631104
827     -0.6128329038619995      0.0004176018992438912     0.3205516636371613     2.881259441375732
828     -0.613387405872345      -0.000307199516100809     0.3069834411144257     2.987318515777588
829     -0.6131089925765991      0.001897201873362064     0.3195790648460388     3.058785438537598
830     -0.6143544316291809      0.001995601924136281     0.3162786960601807     2.962972402572632
831     -0.6131021976470947      -0.00880399439483881     0.3285873830318451     3.017104387283325
832     -0.6135901212692261      -0.001706399954855442     0.3271524310112     3.006687641143799
833     -0.6140516400337219      0.003745196387171745     0.3258450329303741     2.966001510620117
834     -0.6126928925514221      0.002616402693092823     0.3225924670696259     2.845441341400146
835     -0.6126446723937988      -0.000803201284725219     0.3130899369716644     3.116998434066772
836     -0.612068772315979      0.002515995409339666     0.3221300840377808     2.914629220962524
837     -0.613513171672821      -0.004191200714558363     0.3198501169681549     2.798710823059082
838     -0.6138167977333069      -0.0002036001096712425     0.3063775300979614     2.713065385818481
839     -0.6136282086372375      -0.0009779991814866662     0.3184311091899872     2.796986103057861
840     -0.6134096384048462      -9.839716949500144e-05     0.3168208003044128     3.195131063461304
841     -0.6126091480255127      -0.004815602675080299     0.3307238519191742     3.154296636581421
842     -0.6133242845535278      -0.008840013295412064     0.3203922212123871     3.194761991500854
843     -0.6137983202934265      0.0006928020156919956     0.3189253807067871     2.84335994720459
844     -0.613358736038208      0.0009475976694375277     0.3139987289905548     2.962782144546509
845     -0.6135117411613464      0.003259599441662431     0.3204400241374969     2.911957263946533
846     -0.6134588718414307      0.002262799069285393     0.3119579255580902     2.80664849281311
847     -0.613616406917572      0.0001796025462681428     0.3198341727256775     2.950441837310791
848     -0.6137587428092957      -0.0009464024915359914     0.3319355845451355     2.982214212417603
849     -0.6140180230140686      -0.000525200623087585     0.3227519094944     3.18010425567627
850     -0.6133949160575867      0.0006636031321249902     0.3151785731315613     3.080161809921265
851     -0.6130995154380798      -0.001475198660045862     0.3317283093929291     3.230145215988159
852     -0.6129794120788574      0.001796398428268731     0.3153699040412903     2.944244384765625
853     -0.6137308478355408      0.006883603055030107     0.3053730726242065     2.740054130554199
854     -0.6146438121795654      0.002958404365926981     0.326849490404129     2.874225378036499
855     -0.6125029921531677      -0.0007396038854494691     0.3155931234359741     2.904399633407593
856     -0.6137590408325195      0.005769203417003155     0.3106505274772644     2.651283025741577
857     -0.6130936741828918      -0.003752398071810603     0.3113998770713806     3.064949989318848
858     -0.6137024760246277      -0.001733998069539666     0.3084661960601807     2.906905889511108
859     -0.6138886213302612      0.002306396141648293     0.3112404048442841     3.112082958221436
860     -0.6130019426345825      0.0007563998224213719     0.3224170804023743     2.925173759460449
861     -0.6138210892677307      -0.005345601122826338     0.3217155337333679     3.099682331085205
862     -0.6136075854301453      0.0007531961309723556     0.3092155456542969     2.980931282043457
863     -0.6143192648887634      0.002344405744224787     0.3168686330318451     2.929795742034912
864     -0.6130172610282898      -0.005342398770153522     0.3257812559604645     2.86063027381897
865     -0.6138677597045898      0.001644799835048616     0.3363520503044128     3.051913022994995
866     -0.6135150194168091      0.002820799360051751     0.3138871192932129     2.962372779846191
867     -0.6124346852302551      0.003954387735575438     0.3255899250507355     3.087054014205933
868     -0.6133561730384827      -0.003723197849467397     0.3306122422218323     2.796361684799194
869     -0.6133933663368225      -0.002998797921463847     0.3127391636371613     3.016744613647461
870     -0.6132280230522156      0.00176879798527807     0.3207907974720001     3.041495800018311
871     -0.6136025786399841      -0.003066403325647116     0.3149234652519226     2.848211526870728
872     -0.6134699583053589      0.001148803625255823     0.3112404048442841     2.758105516433716
873     -0.6131716370582581      -0.001654800376854837     0.3323820233345032     3.061000347137451
874     -0.613175094127655      0.001945998053997755     0.3158003985881805     2.905508995056152
875     -0.6134361028671265      0.004925998393446207     0.3258131444454193     2.689669609069824
876     -0.6134696006774902      -0.0008600038709118962     0.3358577787876129     3.090143203735352
877     -0.613589882850647      -0.004796392284333706     0.3258290588855743     2.951353788375854
878     -0.6131594181060791      -0.0006888008210808039     0.3139508962631226     3.034943580627441
879     -0.6136261224746704      -0.0007052004802972078     0.3275988399982452     2.882688999176025
880     -0.6133543848991394      0.0007628013263456523     0.3243303596973419     2.944421768188477
881     -0.6124575138092041      0.008460396900773048     0.3302774429321289     2.941678762435913
882     -0.6143369674682617      -0.001967999152839184     0.3197225630283356     3.072232007980347
883     -0.6141074895858765      0.0007472005672752857     0.3112404048442841     2.968785762786865
884     -0.6140366196632385      -0.001542800571769476     0.3212212920188904     2.978379726409912
885     -0.6126803755760193      0.004743991885334253     0.3249362111091614     2.815885066986084
886     -0.6130228638648987      0.002001201268285513     0.3248884081840515     2.948480129241943
887     -0.6135105490684509      -0.0006784009747207165     0.3253667056560516     3.192178964614868
888     -0.6133256554603577      -0.001066397759132087     0.3122289478778839     2.87788200378418
889     -0.6125451326370239      -0.001252802088856697     0.3142378926277161     3.032119512557983
890     -0.613861083984375      0.00455919886007905     0.3218590319156647     2.850509881973267
891     -0.6133455038070679      0.005253199487924576     0.3136957883834839     3.095970869064331
892     -0.6127452254295349      0.00039200036553666     0.3213010132312775     3.073682069778442
893     -0.6129957437515259      0.0005668024532496929     0.3237404227256775     3.110844612121582
894     -0.6133386492729187      -0.0005251944530755281     0.3109215497970581     2.815514087677002
895     -0.6131017208099365      -0.001307601109147072     0.315896064043045     2.738397598266602
896     -0.6139888763427734      0.005063192453235388     0.3103156685829163     2.865143299102783
897     -0.6137744188308716      0.0004459985357243568     0.3132015466690063     3.047252416610718
898     -0.6130420565605164      0.004337609745562077     0.3220503926277161     2.797111749649048
899     -0.613555908203125      -0.004657593090087175     0.3180962800979614     2.712335109710693
900     -0.6137150526046753      -0.004348393995314837     0.3126434981822968     3.054893255233765
901     -0.6136704087257385      0.0006524003692902625     0.3068558573722839     2.951667308807373
902     -0.612367570400238      0.003366403747349977     0.3246651589870453     2.938435792922974
903     -0.6132825613021851      9.440051508136094e-05     0.3199776709079742     2.771889686584473
904     -0.6145408749580383      -0.001839600619859993     0.3108737170696259     2.807520151138306
905     -0.614616870880127      0.001828005188144743     0.3078444004058838     2.846628427505493
906     -0.6140603423118591      -0.00251760333776474     0.3095822632312775     3.072064638137817
907     -0.6127123832702637      0.008203199133276939     0.3104273080825806     3.052480936050415
908     -0.6131742596626282      -0.000603199761826545     0.3180006444454193     2.924283742904663
909     -0.6125513911247253      -0.008614399470388889     0.315513402223587     3.150055885314941
910     -0.6134009957313538      0.002093600342050195     0.3138392865657806     3.009968280792236
911     -0.6131823062896729      -0.004131210967898369     0.3184151649475098     2.857660293579102
912     -0.6147724390029907      0.002817602595314384     0.3212212920188904     2.768860101699829
913     -0.6140254735946655      0.00249399384483695     0.3141262829303741     3.014553785324097
914     -0.613398551940918      -0.003415600629523396     0.3190529048442841     3.266520023345947
915     -0.6123460531234741      -0.00126359926071018     0.317681759595871     2.811175584793091
916     -0.6136327981948853      0.005134809762239456     0.3157844245433807     3.011502027511597
917     -0.6127733588218689      -0.004250806290656328     0.3289859592914581     2.838521718978882
918     -0.6140984892845154      0.001262400997802615     0.3270567655563354     2.740699768066406
919     -0.6132453680038452      -0.003693994134664536     0.3178571462631226     2.88611364364624
920     -0.6125029325485229      0.0007379998569376767     0.3167729377746582     2.956267118453979
921     -0.6139620542526245      0.0007644007564522326     0.3066645562648773     2.706093788146973
922     -0.6136645078659058      -0.004320798441767693     0.3182876408100128     2.961655378341675
923     -0.6132300496101379      0.004278794396668673     0.3362085521221161     2.966742515563965
924     -0.6123337745666504      0.003975201863795519     0.3102837800979614     2.995142936706543
925     -0.6141716837882996      0.002988399006426334     0.3179527819156647     2.78237509727478
926     -0.6143725514411926      0.0008579983841627836     0.321093738079071     3.039891242980957
927     -0.6135529279708862      0.003268001135438681     0.300000011920929     3.11828088760376
928     -0.6127713918685913      0.003900801995769143     0.3215401470661163     3.032731771469116
929     -0.6138810515403748      -0.002976398915052414     0.3128029108047485     3.031896829605103
930     -0.6120998859405518      0.0004903975059278309     0.3242984712123871     2.955704927444458
931     -0.6130617260932922      -0.003682400332763791     0.3150031864643097     2.968563318252563
932     -0.6132140755653381      -0.003867608029395342     0.3205038011074066     2.852654933929443
933     -0.613330066204071      -0.002982004079967737     0.3100605905056     2.924646139144897
934     -0.6135709285736084      -0.0009692003950476646     0.3143016695976257     2.711866140365601
935     -0.6129797697067261      -0.00149639998562634     0.3325733244419098     3.270609378814697
936     -0.6123367547988892      0.00144040014129132     0.3133450448513031     2.941426992416382
937     -0.6126784682273865      -0.001886406098492444     0.3301339149475098     2.851922512054443
938     -0.6141638159751892      0.0008559992420487106     0.31640625     3.11053466796875
939     -0.613985002040863      0.0002116003743140027     0.3166135251522064     3.002563238143921
940     -0.6132594347000122      -0.0004496007168199867     0.3263393044471741     3.151003837585449
941     -0.6131690740585327      -0.001463202526792884     0.3186862170696259     2.923734188079834
942     -0.6121749877929688      0.001729599898681045     0.3213329017162323     2.924172639846802
943     -0.6117316484451294      -0.005074399057775736     0.3061543405056     2.982758522033691
944     -0.6131759881973267      0.0002515981323085725     0.3179049789905548     3.241946220397949
945     -0.6137882471084595      0.00115880137309432     0.319802314043045     3.110835552215576
946     -0.6131849884986877      0.002185199176892638     0.3210140466690063     3.058230638504028
947     -0.6128741502761841      -0.0005768020055256784     0.3256058692932129     3.10994291305542
948     -0.6142178773880005      -0.007612400222569704     0.3169483244419098     3.249633550643921
949     -0.6127609610557556      -0.0060287956148386     0.3184311091899872     2.870851516723633
950     -0.613574743270874      -0.005005997605621815     0.3211575448513031     2.789831876754761
951     -0.6132862567901611      0.0006095985881984234     0.3161670863628387     3.021731376647949
952     -0.6134651303291321      -0.0002040004910668358     0.3191007673740387     2.999550819396973
953     -0.6138812303543091      0.003566001541912556     0.3139349222183228     3.118688344955444
954     -0.6137300729751587      0.001612403313629329     0.3198979496955872     3.013113260269165
955     -0.6135395765304565      -0.0008251998806372285     0.3228156864643097     3.327355861663818
956     -0.6134751439094543      -0.005741198547184467     0.3134247362613678     3.123027324676514
957     -0.6141383647918701      -0.002418407471850514     0.3238520622253418     3.141174077987671
958     -0.6137253642082214      -0.001880000927485526     0.3240911960601807     3.139092445373535
959     -0.6130642890930176      0.0006475981790572405     0.3138392865657806     3.044252634048462
960     -0.6132144331932068      -0.0002152002707589418     0.3066645562648773     2.9453284740448
961     -0.6140219569206238      -0.0002012024342548102     0.3143175840377808     3.059108734130859
962     -0.6137043237686157      0.002096400363370776     0.3031090497970581     3.068605661392212
963     -0.6139274835586548      0.003022399730980396     0.3222735822200775     2.550248384475708
964     -0.6135509014129639      -0.0003835995448753238     0.3179687559604645     3.066061973571777
965     -0.6137150526046753      0.003056396963074803     0.3338169455528259     3.067968606948853
966     -0.614071249961853      -0.004747208673506975     0.3120216727256775     2.814515590667725
967     -0.6119500994682312      0.0006400016718544066     0.319802314043045     2.753161668777466
968     -0.6135231852531433      -0.00370399747043848     0.3237563669681549     3.03925895690918
969     -0.6129802465438843      0.00385320046916604     0.3129623830318451     2.949104785919189
970     -0.6134399771690369      -0.0008439966477453709     0.3108578026294708     2.938107967376709
971     -0.6144765615463257      0.002516398672014475     0.319802314043045     3.110353708267212
972     -0.6129441261291504      -0.001186802634038031     0.3152582943439484     3.147164821624756
973     -0.6141709685325623      0.002466000383719802     0.3132015466690063     3.037365674972534
974     -0.6125466227531433      0.00285920244641602     0.3193558752536774     3.06024956703186
975     -0.612877368927002      -0.004114404786378145     0.3264030516147614     2.763503789901733
976     -0.6132415533065796      0.0008608041680417955     0.3093112111091614     3.187552928924561
977     -0.613282322883606      -0.0007939985953271389     0.326466828584671     2.754785060882568
978     -0.6148584485054016      0.0001455983729101717     0.3363520503044128     2.887122869491577
979     -0.6139647364616394      0.002159997588023543     0.3305962681770325     2.770964384078979
980     -0.614551842212677      -0.0002959997509606183     0.3202327787876129     3.113238573074341
981     -0.6122397184371948      -0.0008687999215908349     0.3197385370731354     3.078876256942749
982     -0.6133926510810852      0.002970398403704166     0.3209661841392517     2.990875720977783
983     -0.6139061450958252      0.001884001307189465     0.3313456773757935     2.897234678268433
984     -0.6127463579177856      -0.00135200354270637     0.317187488079071     2.926673650741577
985     -0.6135632395744324      0.002650798531249166     0.3184311091899872     2.888957262039185
986     -0.6136075854301453      0.0003311960026621819     0.3029336929321289     2.710507154464722
987     -0.6143619418144226      0.003516397206112742     0.3335299789905548     3.031217575073242
988     -0.6149235367774963      0.002423603553324938     0.3287308514118195     2.955908298492432
989     -0.6120718121528625      0.004110786598175764     0.3372448980808258     2.922340869903564
990     -0.6121028065681458      0.0005411996971815825     0.3267857134342194     2.734521150588989
991     -0.6126156449317932      -0.001508798450231552     0.3111288249492645     2.9202721118927
992     -0.6138482093811035      0.004734801594167948     0.3139349222183228     3.041470527648926
993     -0.6128180027008057      0.00278000277467072     0.3174585700035095     3.312598466873169
994     -0.6138943433761597      -0.00131360231898725     0.3151785731315613     2.950737237930298
995     -0.6116918921470642      0.005859200842678547     0.3259247541427612     2.866926908493042
996     -0.6140463352203369      -0.0006811932544223964     0.3165816366672516     3.167559862136841
997     -0.6121516823768616      0.0003655999607872218     0.3247449100017548     3.113887310028076
998     -0.6136438250541687      0.0007447965908795595     0.3004942536354065     2.834655284881592
999     -0.6129275560379028      -0.004249192774295807     0.3225765526294708     2.945718288421631
1000     -0.6129602193832397      -0.003262402722612023     0.323325902223587     3.160000085830688
