# Simulazione modello di Ising 1D
# Mossa 	 Energia 	 Magnetizzazione 	 Calore specifico 	 Suscettività
1     -0.7204167246818542      0.0006595975137315691     0.3933883905410767     4.974174022674561
2     -0.7206476926803589      -0.002331953728571534     0.3639669120311737     5.79826545715332
3     -0.7207694053649902      -0.0005973597872070968     0.3765289187431335     5.74274730682373
4     -0.720392644405365      0.0001552402100060135     0.3838016390800476     5.807731151580811
5     -0.7208589315414429      -0.002393680391833186     0.3940495550632477     6.265936851501465
6     -0.7204743623733521      0.002764677861705422     0.4062809646129608     5.230844020843506
7     -0.7207780480384827      -0.001383520429953933     0.3844628036022186     5.548226356506348
8     -0.7208655476570129      -0.001379883149638772     0.3761983215808868     5.472458839416504
9     -0.7205312252044678      -0.001065919757820666     0.4105784595012665     4.973402500152588
10     -0.7204082012176514      0.003207276808097959     0.4247933626174927     5.369712352752686
11     -0.7206749320030212      -0.001099557848647237     0.3804958462715149     5.577927589416504
12     -0.7211334705352783      0.0008387590642087162     0.3791735470294952     5.899231910705566
13     -0.7210208773612976      0.0004779995360877365     0.3623140454292297     5.062052726745605
14     -0.7208289504051208      0.002163120312616229     0.395702451467514     4.838576316833496
15     -0.7208686470985413      0.001065477728843689     0.3993388116359711     5.498921871185303
16     -0.7206259965896606      0.001842958037741482     0.3719007968902588     5.237435817718506
17     -0.7205349802970886      -0.0006731161847710609     0.3623140454292297     5.61532735824585
18     -0.7208369374275208      0.002304079011082649     0.3950413167476654     5.379972457885742
19     -0.7208011746406555      0.0001737202983349562     0.391404926776886     5.401418209075928
20     -0.7208302617073059      0.001374880201183259     0.3689256012439728     5.634823322296143
21     -0.7207140326499939      -0.001414438593201339     0.3930578231811523     5.497802734375
22     -0.7207915782928467      0.001462243031710386     0.3851239383220673     6.297094345092773
23     -0.7210164070129395      0.001611120998859406     0.389090895652771     5.15060567855835
24     -0.7207353115081787      -0.000673040107358247     0.3652892410755157     6.009730339050293
25     -0.7204657793045044      -0.001201641745865345     0.3742148578166962     5.470227241516113
26     -0.72064208984375      -0.0007054787711240351     0.3923966884613037     5.323037624359131
27     -0.7209895253181458      -0.003080240916460752     0.3900826275348663     5.897722244262695
28     -0.7208362221717834      0.005209801252931356     0.395702451467514     5.811028003692627
29     -0.7206413745880127      5.143996531842276e-05     0.3738842904567719     6.289470672607422
30     -0.7206540107727051      0.002418920630589128     0.3851239383220673     4.982910633087158
31     -0.7203519344329834      -0.001251558074727654     0.3854545056819916     5.045066356658936
32     -0.7212156057357788      -0.0002289195108460262     0.4132230877876282     5.32302713394165
33     -0.7210385203361511      0.002395278541371226     0.3880991339683533     6.168015003204346
34     -0.7212625741958618      -0.001334081869572401     0.390743762254715     5.75571870803833
35     -0.7205517292022705      0.001683440175838768     0.3943801522254944     5.450578212738037
36     -0.7207105755805969      0.0003617192851379514     0.3874379992485046     5.172205924987793
37     -0.7206788063049316      0.002028200775384903     0.3328925669193268     5.16631555557251
38     -0.7208663821220398      0.003258522134274244     0.3867768347263336     5.58381986618042
39     -0.7205453515052795      0.002570479642599821     0.3894214630126953     5.986771106719971
40     -0.7204892635345459      0.002377238124608994     0.3966941833496094     5.34382152557373
41     -0.7202961444854736      -0.000273956306045875     0.391404926776886     5.539583683013916
42     -0.7206063270568848      -0.001866323873400688     0.3923966884613037     5.916738510131836
43     -0.7205997109413147      0.00337295769713819     0.4092561900615692     5.028728008270264
44     -0.7206384539604187      -0.00162879831623286     0.3861156702041626     5.827046394348145
45     -0.7207818627357483      0.0009755214559845626     0.3811570107936859     5.610429286956787
46     -0.720911979675293      0.001525482628494501     0.3758677542209625     6.161316394805908
47     -0.7204465866088867      -0.002342441352084279     0.4119007885456085     5.427606582641602
48     -0.720872700214386      -0.003417954547330737     0.391404926776886     5.374448776245117
49     -0.7208386659622192      0.001566718914546072     0.3785123825073242     6.397416114807129
50     -0.720777690410614      0.001498239580541849     0.3966941833496094     5.721523284912109
51     -0.7205296158790588      -0.002715882612392306     0.4049586653709412     5.993659973144531
52     -0.720970094203949      0.0001976813800865784     0.4267768561840057     6.118361473083496
53     -0.720642626285553      -0.002206521574407816     0.3943801522254944     4.865493297576904
54     -0.7203872799873352      -0.0005079213879071176     0.3642975091934204     5.641208648681641
55     -0.7209805846214294      0.00117748009506613     0.4019834399223328     5.943965435028076
56     -0.7209406495094299      0.000674003385938704     0.357685923576355     5.101362705230713
57     -0.7206592559814453      0.001626280369237065     0.392727255821228     5.046613693237305
58     -0.7209125161170959      -0.001760721206665039     0.392727255821228     5.616710662841797
59     -0.7211088538169861      0.0008488398743793368     0.3804958462715149     5.225959777832031
60     -0.7207525968551636      -0.001663922099396586     0.3745454251766205     5.7272629737854
61     -0.7205669283866882      0.001587081700563431     0.3923966884613037     5.388369560241699
62     -0.7206431031227112      -4.739869109471329e-05     0.3719007968902588     5.005082607269287
63     -0.7206527590751648      -4.152005931246094e-05     0.3841322064399719     5.276410102844238
64     -0.7205117344856262      0.002463360317051411     0.4013222754001617     5.678658008575439
65     -0.7206445932388306      -0.002006598981097341     0.3970247805118561     4.914733409881592
66     -0.7212801575660706      -0.002344794804230332     0.3732231259346008     4.992087841033936
67     -0.7208547592163086      -0.002626635599881411     0.4019834399223328     5.603643894195557
68     -0.7205322980880737      -0.0002928001049440354     0.389752060174942     5.830750942230225
69     -0.7210850715637207      -0.0001643601426621899     0.3656198382377625     5.924484252929688
70     -0.720639705657959      -0.002527434378862381     0.3824793100357056     5.389528274536133
71     -0.7204429507255554      -0.001529199071228504     0.3761983215808868     5.429962158203125
72     -0.7205957174301147      -0.003059000940993428     0.4023140370845795     6.244617462158203
73     -0.7206234335899353      -0.0002005609567277133     0.4079338610172272     5.917142391204834
74     -0.7203828096389771      -0.0001654830120969564     0.3695867657661438     5.535484313964844
75     -0.7205312848091125      -2.320068233530037e-05     0.3702479302883148     5.138152122497559
76     -0.7203342914581299      0.00182131992187351     0.3821487426757812     5.16620397567749
77     -0.7208993434906006      0.0006583602516911924     0.3937189877033234     6.203128337860107
78     -0.7206851840019226      -0.002026400063186884     0.361322283744812     5.464035511016846
79     -0.7203774452209473      -0.0002436795912217349     0.3795041143894196     5.180181980133057
80     -0.7203404307365417      0.001966039184480906     0.357685923576355     5.772761821746826
81     -0.7208182811737061      0.0007571197347715497     0.3864462673664093     6.0560622215271
82     -0.7207123041152954      0.001317800139077008     0.3831404745578766     6.029797077178955
83     -0.720864474773407      -5.215904820943251e-05     0.4062809646129608     6.406052112579346
84     -0.7204651832580566      0.00252184085547924     0.3672727048397064     5.562879085540771
85     -0.7207915782928467      0.0007030806154944003     0.4112396538257599     5.484313488006592
86     -0.7206670641899109      0.0002810795267578214     0.3795041143894196     5.110060691833496
87     -0.7207401990890503      -0.001978600164875388     0.3953718841075897     5.167995929718018
88     -0.7207039594650269      0.000255399092566222     0.3530578315258026     5.281948566436768
89     -0.720409095287323      -0.002760513219982386     0.3682644665241241     6.150683403015137
90     -0.7212830185890198      0.002074638847261667     0.3983471095561981     5.667677402496338
91     -0.7210025191307068      0.0006703605758957565     0.3527272343635559     4.831931114196777
92     -0.7205249667167664      0.002240357687696815     0.3702479302883148     5.998111248016357
93     -0.7206935882568359      0.001806922373361886     0.3735536932945251     5.12648344039917
94     -0.7207084894180298      -0.002697954652830958     0.3603305518627167     5.552671909332275
95     -0.7209337949752808      0.00196263543330133     0.3960330188274384     4.917087554931641
96     -0.7206035852432251      -9.123995550908148e-05     0.4267768561840057     5.294164180755615
97     -0.7208588719367981      0.00138856063131243     0.3712396621704102     5.598221778869629
98     -0.7206200957298279      0.001401002751663327     0.3695867657661438     5.872901916503906
99     -0.7203344702720642      0.0001986779680009931     0.3775206208229065     5.996518135070801
100     -0.7205199599266052      0.000203041170607321     0.4003305733203888     5.705528736114502
101     -0.7210459113121033      -8.400083606829867e-05     0.3676033020019531     5.917614459991455
102     -0.7202678918838501      0.001171882729977369     0.4142148494720459     5.309835910797119
103     -0.7211647629737854      0.0007290387875400484     0.3847933709621429     5.398380279541016
104     -0.7206018567085266      0.001988560194149613     0.392066091299057     5.416100025177002
105     -0.7206553816795349      0.001739078317768872     0.3923966884613037     6.49962043762207
106     -0.7205988764762878      -0.002658038632944226     0.3626446127891541     4.984881401062012
107     -0.7207463383674622      0.002389318542554975     0.3818181753158569     5.876616477966309
108     -0.7208694815635681      -0.00136619945988059     0.3943801522254944     5.099847316741943
109     -0.7206519246101379      0.0002216803113697097     0.3960330188274384     5.92402458190918
110     -0.7205258011817932      0.001081921625882387     0.3666115403175354     5.261984348297119
111     -0.7206513285636902      -0.0009312762413173914     0.4056198298931122     5.986153125762939
112     -0.7205927968025208      6.89198641339317e-05     0.3811570107936859     5.219667911529541
113     -0.7206745147705078      0.002453519497066736     0.3917355239391327     5.645331382751465
114     -0.7206534743309021      -0.002373039023950696     0.4175206422805786     5.571898937225342
115     -0.7207335829734802      -0.001235320116393268     0.359669417142868     5.549254894256592
116     -0.7207357883453369      -0.0001988787116715685     0.4016528725624084     5.788042545318604
117     -0.7207993865013123      0.003584518097341061     0.3682644665241241     5.372755527496338
118     -0.7209060788154602      0.001441318308934569     0.3679338693618774     6.515593528747559
119     -0.7205823659896851      0.0002832376048900187     0.3976859450340271     5.384481430053711
120     -0.7209810614585876      0.00226828153245151     0.4026446044445038     5.480214595794678
121     -0.7207382321357727      -0.001469200011342764     0.3871074318885803     5.635360717773438
122     -0.7208455204963684      -0.0001567985746078193     0.4280991554260254     5.42695426940918
123     -0.7205386161804199      -0.0003826399333775043     0.3983471095561981     5.581935405731201
124     -0.720919132232666      -0.000373960385331884     0.3652892410755157     5.471222877502441
125     -0.7203308343887329      -0.0006737608928233385     0.3828098773956299     5.839088439941406
126     -0.7207154035568237      0.0004817183944396675     0.4330578148365021     5.393008232116699
127     -0.7209314107894897      0.0006853208760730922     0.387768566608429     5.643518924713135
128     -0.7208545207977295      0.003330714302137494     0.3970247805118561     5.678544044494629
129     -0.7205906510353088      -0.001784159103408456     0.3685950338840485     5.314450263977051
130     -0.7203933596611023      0.0002063996507786214     0.3953718841075897     6.011972427368164
131     -0.7205547094345093      0.004195233341306448     0.3732231259346008     5.273816585540771
132     -0.7208826541900635      -0.000617759651504457     0.3649586737155914     5.312992572784424
133     -0.7204322218894958      -0.001991878263652325     0.3857851028442383     5.359282970428467
134     -0.7207468748092651      -0.0002563191519584507     0.3557024598121643     5.688200950622559
135     -0.7205440998077393      -0.0001884811063064262     0.392727255821228     4.960236549377441
136     -0.7206970453262329      0.001190358772873878     0.3785123825073242     5.909438133239746
137     -0.7203953266143799      4.639088274416281e-06     0.3871074318885803     5.384881019592285
138     -0.7201235890388489      -0.001172799151390791     0.389090895652771     6.182820796966553
139     -0.7207146286964417      0.001064281794242561     0.3894214630126953     6.019001960754395
140     -0.7206944227218628      -0.001823117258027196     0.3930578231811523     5.752546310424805
141     -0.7204828858375549      -9.135923755820841e-05     0.4158677160739899     5.529751300811768
142     -0.7210680842399597      0.002659242134541273     0.4148760139942169     6.064208507537842
143     -0.7206442952156067      0.000463559350464493     0.3884297311306     4.824894428253174
144     -0.720600426197052      -0.00153951917309314     0.3758677542209625     5.223337650299072
145     -0.7207705974578857      0.004386832006275654     0.3722313940525055     4.797577381134033
146     -0.7209029197692871      0.001170282834209502     0.3699173331260681     5.709264278411865
147     -0.720591127872467      -0.001103400834836066     0.3755371570587158     5.776846408843994
148     -0.72086101770401      -0.0003735189384315163     0.3765289187431335     5.688194751739502
149     -0.7207470536231995      0.002618682105094194     0.4026446044445038     5.535293579101562
150     -0.7204564213752747      0.0004111165180802345     0.3682644665241241     5.188546180725098
151     -0.7206462621688843      0.0004436394083313644     0.3867768347263336     5.250628471374512
152     -0.7208415269851685      -0.0006697211065329611     0.3599999845027924     5.64757776260376
153     -0.7203863859176636      -0.001093761529773474     0.3642975091934204     5.959497451782227
154     -0.7210738658905029      0.000297639548080042     0.4082644283771515     4.904923915863037
155     -0.7206324934959412      -5.036036964156665e-05     0.3871074318885803     5.904308319091797
156     -0.7207991480827332      -0.001155160483904183     0.3629752099514008     6.007474422454834
157     -0.7208050489425659      -0.0004487179394345731     0.3904131948947906     5.288124084472656
158     -0.7207892537117004      -0.001229839981533587     0.3838016390800476     5.008634567260742
159     -0.7209871411323547      -7.539879879914224e-05     0.390743762254715     5.212956428527832
160     -0.7206481695175171      0.0007988810539245605     0.3996694087982178     5.576319217681885
161     -0.7210397124290466      -0.0009665191755630076     0.361983448266983     5.417791843414307
162     -0.7209190726280212      0.001799124758690596     0.416198343038559     5.56128454208374
163     -0.7209267020225525      0.002203122712671757     0.3950413167476654     5.419074058532715
164     -0.7208157181739807      0.00042632149416022     0.390743762254715     5.382312297821045
165     -0.7211158871650696      0.001367438933812082     0.3943801522254944     5.880874633789062
166     -0.7209597229957581      0.0004593189805746078     0.3788429498672485     5.051038265228271
167     -0.7208223342895508      0.0005355602479539812     0.3844628036022186     5.460098743438721
168     -0.7209643125534058      0.0003329580940771848     0.3742148578166962     5.650845527648926
169     -0.7204845547676086      0.002206713194027543     0.389090895652771     5.561857223510742
170     -0.7207956314086914      0.0007508405251428485     0.3940495550632477     5.346484184265137
171     -0.7202901840209961      0.001230801339261234     0.3361983299255371     5.041471481323242
172     -0.7204548120498657      -0.0007241606945171952     0.3712396621704102     5.672756671905518
173     -0.7206657528877258      4.336024358053692e-05     0.3937189877033234     5.916218757629395
174     -0.7210460901260376      -0.001051160506904125     0.3709090948104858     5.746837139129639
175     -0.720644474029541      -0.002457037335261703     0.422809898853302     5.016915798187256
176     -0.7207909226417542      0.001716673839837313     0.3722313940525055     6.107974052429199
177     -0.7205619812011719      0.0003572398272808641     0.4026446044445038     5.872801780700684
178     -0.7209123373031616      0.0004128809960093349     0.3824793100357056     5.696333408355713
179     -0.7205142974853516      -0.0002424791164230555     0.4072726964950562     5.165566444396973
180     -0.7208846211433411      -0.002278839470818639     0.4158677160739899     5.919121265411377
181     -0.7208523154258728      -0.001458959537558258     0.4056198298931122     5.469789028167725
182     -0.7208573818206787      -0.001267039217054844     0.3970247805118561     5.742188453674316
183     -0.7210500836372375      -0.001158803002908826     0.391404926776886     4.861392498016357
184     -0.7203992605209351      -0.002180440817028284     0.3699173331260681     5.758379936218262
185     -0.7204298973083496      0.0008193204994313419     0.3864462673664093     5.185660362243652
186     -0.7206980586051941      -0.0004975220072083175     0.3755371570587158     5.795146465301514
187     -0.720487654209137      0.0002638005826156586     0.3900826275348663     5.093207836151123
188     -0.7207946181297302      -0.002287276554852724     0.3831404745578766     5.46259069442749
189     -0.7206920385360718      -0.001438399194739759     0.3851239383220673     5.893539428710938
190     -0.7205317616462708      -0.001201359555125237     0.3801652491092682     5.900289058685303
191     -0.720388650894165      -0.003178882179781795     0.3722313940525055     5.45319938659668
192     -0.7209248542785645      0.0004925199318677187     0.4323966801166534     5.695242404937744
193     -0.7206476926803589      0.002132921479642391     0.4052892327308655     5.026296615600586
194     -0.7210071682929993      -0.0002217997825937346     0.3844628036022186     5.372111320495605
195     -0.7206660509109497      0.001447440008632839     0.3874379992485046     5.268446922302246
196     -0.7209382057189941      0.002218680689111352     0.4254545271396637     4.785958766937256
197     -0.7208203077316284      0.0008732406422495842     0.3811570107936859     5.145732402801514
198     -0.7207764983177185      1.881588218566321e-06     0.3702479302883148     5.344429492950439
199     -0.720658004283905      0.001118441228754818     0.3755371570587158     5.59662914276123
200     -0.7208794951438904      0.002400761935859919     0.3778512179851532     5.992911815643311
201     -0.720638632774353      0.0002472020569257438     0.3966941833496094     6.406979084014893
202     -0.7207708358764648      -0.0007251616916619241     0.3999999761581421     5.577780246734619
203     -0.7204468250274658      -0.0007272385410033166     0.3824793100357056     5.450669765472412
204     -0.7206504344940186      0.001495962496846914     0.3742148578166962     5.656172275543213
205     -0.7207067012786865      0.0003157195460516959     0.4076032638549805     6.473518848419189
206     -0.7203899621963501      -0.0007090050494298339     0.3900826275348663     5.684661865234375
207     -0.7209829092025757      0.002085159998387098     0.3761983215808868     5.396422863006592
208     -0.7212269902229309      -0.002023558132350445     0.3937189877033234     5.627941608428955
209     -0.7208444476127625      -0.0007172405021265149     0.3986776471138     5.502585411071777
210     -0.720704972743988      -0.001253477181307971     0.3712396621704102     6.133843421936035
211     -0.7208027243614197      -0.0003582792705856264     0.3801652491092682     5.70552396774292
212     -0.7209568619728088      0.0004911210271529853     0.4112396538257599     5.327575206756592
213     -0.720806896686554      -0.002495116088539362     0.4036363661289215     5.196237564086914
214     -0.7208560109138489      0.003663474693894386     0.3980165123939514     5.05797290802002
215     -0.7211474776268005      0.0007581223035231233     0.3943801522254944     6.051740646362305
216     -0.720592737197876      0.0007130800513550639     0.3844628036022186     5.018233776092529
217     -0.7210276126861572      -0.001545199542306364     0.3828098773956299     5.668349742889404
218     -0.7203903198242188      -0.0007011995185166597     0.3983471095561981     5.070121288299561
219     -0.7209622263908386      -0.0001044804012053646     0.3818181753158569     5.246693134307861
220     -0.7209421992301941      0.0005690398975275457     0.3715702295303345     4.98859167098999
221     -0.7206105589866638      0.002669916255399585     0.3894214630126953     5.815461158752441
222     -0.7207105755805969      -0.001073000952601433     0.389090895652771     5.916932106018066
223     -0.7205174565315247      -0.0003810399794019759     0.4072726964950562     5.261953353881836
224     -0.7208347916603088      -0.001096520805731416     0.4125619530677795     5.655114650726318
225     -0.7205712199211121      0.002722520148381591     0.3586776554584503     5.841445922851562
226     -0.7203621864318848      -0.001094042789191008     0.3841322064399719     5.494933128356934
227     -0.720828652381897      -0.0009947599610313773     0.3904131948947906     5.610862731933594
228     -0.7209387421607971      0.001951361889950931     0.3646280765533447     5.714736938476562
229     -0.72097247838974      0.003036001231521368     0.4119007885456085     5.431360721588135
230     -0.7209118008613586      -0.0006199598428793252     0.3709090948104858     5.646403312683105
231     -0.7209798097610474      0.001317757647484541     0.3705784976482391     6.134612083435059
232     -0.7205846905708313      -3.015790571225807e-05     0.3880991339683533     5.84534215927124
233     -0.7210168838500977      4.37991511716973e-05     0.4095867574214935     5.681782722473145
234     -0.7208620309829712      0.002095205010846257     0.4105784595012665     5.481326103210449
235     -0.7209172248840332      -0.0009332398185506463     0.4076032638549805     5.851529121398926
236     -0.7207697033882141      -0.0008581989095546305     0.4026446044445038     5.942730903625488
237     -0.7205300331115723      -0.0006225997349247336     0.3745454251766205     5.550520896911621
238     -0.7207422852516174      -0.001235039439052343     0.3603305518627167     5.309106826782227
239     -0.7206920385360718      0.002793559338897467     0.3884297311306     5.300510883331299
240     -0.7207759022712708      -0.0007520003709942102     0.4033057689666748     5.78192138671875
241     -0.7206391096115112      0.002597961341962218     0.3910743594169617     6.007995128631592
242     -0.7209193706512451      -0.0003957638400606811     0.4036363661289215     6.175734043121338
243     -0.720693826675415      -1.272135068575153e-05     0.4056198298931122     5.538804531097412
244     -0.7207891345024109      0.001760000945068896     0.3788429498672485     5.264843940734863
245     -0.7206789255142212      -0.001241798396222293     0.3963636159896851     5.262377262115479
246     -0.7211064100265503      -0.0001602402044227347     0.3765289187431335     5.84643030166626
247     -0.7210031747817993      0.0008390418952330947     0.4046280682086945     5.911418914794922
248     -0.7205678820610046      0.0007788798538967967     0.424132227897644     5.809356212615967
249     -0.7206249833106995      -0.003968283534049988     0.392066091299057     5.204562664031982
250     -0.7204612493515015      0.0001295200054300949     0.4109090864658356     5.103186130523682
251     -0.7209522724151611      -0.0005144397728145123     0.3778512179851532     5.576148986816406
252     -0.7206984162330627      -0.0004875188751611859     0.3758677542209625     5.654533863067627
253     -0.7202330231666565      -0.0003677161876112223     0.3689256012439728     6.49824047088623
254     -0.7207125425338745      -0.002869521267712116     0.3930578231811523     4.783324241638184
255     -0.7206943035125732      0.002910516457632184     0.3685950338840485     5.387320518493652
256     -0.7204059362411499      0.0006035593105480075     0.4085950255393982     5.531716823577881
257     -0.721036970615387      -0.0003480795421637595     0.4046280682086945     6.165409088134766
258     -0.7208793759346008      0.0004228790639899671     0.3894214630126953     5.541954517364502
259     -0.7204899787902832      0.001123480848036706     0.392727255821228     6.052844047546387
260     -0.7203318476676941      -0.0009860425489023328     0.359008252620697     5.531748294830322
261     -0.7203137278556824      0.003493363270536065     0.4023140370845795     4.668017864227295
262     -0.7205046415328979      0.0002443199045956135     0.3980165123939514     5.77367639541626
263     -0.7204247117042542      0.002172959037125111     0.392066091299057     5.211772441864014
264     -0.7205507159233093      -0.0006625995156355202     0.3943801522254944     5.175752639770508
265     -0.7204750776290894      0.001094398554414511     0.3771900534629822     5.394056797027588
266     -0.7205082774162292      -0.0005665998323820531     0.4181817770004272     6.075413227081299
267     -0.7210964560508728      -0.001520163496024907     0.3679338693618774     6.176338672637939
268     -0.720712423324585      0.001537999720312655     0.3880991339683533     5.590298175811768
269     -0.7208321094512939      0.0004167210136074573     0.3725619614124298     5.318831443786621
270     -0.7208549380302429      0.002248193370178342     0.4198346734046936     5.561886310577393
271     -0.7204776406288147      -0.001227080472745001     0.3943801522254944     5.853441715240479
272     -0.7202182412147522      -0.00373447872698307     0.3940495550632477     5.576425552368164
273     -0.7210144400596619      -0.003793678712099791     0.3966941833496094     5.927674293518066
274     -0.720253586769104      0.0004944013198837638     0.3847933709621429     5.617462635040283
275     -0.720698356628418      0.0005704415962100029     0.3755371570587158     5.535701274871826
276     -0.7203636765480042      0.001908000209368765     0.3702479302883148     5.655697345733643
277     -0.7207085490226746      -0.0006681199301965535     0.3725619614124298     5.321086406707764
278     -0.7209873795509338      0.001079719979315996     0.4023140370845795     5.706355094909668
279     -0.7208035588264465      -0.001131959608756006     0.3917355239391327     4.909005165100098
280     -0.7204225063323975      -7.56801018724218e-05     0.4009917378425598     5.472831726074219
281     -0.720564067363739      -0.001921521150507033     0.3580164909362793     5.827392578125
282     -0.7207030057907104      -0.000801479909569025     0.3824793100357056     5.413872241973877
283     -0.7204135060310364      -0.0004080798244103789     0.3814875781536102     4.898843765258789
284     -0.7203140258789062      0.002773599699139595     0.3765289187431335     6.416779041290283
285     -0.7207515835762024      -0.001125521142967045     0.3795041143894196     5.637433528900146
286     -0.720465362071991      -0.0002720411284826696     0.3732231259346008     6.214457988739014
287     -0.720313549041748      -0.001513676485046744     0.3821487426757812     5.818951606750488
288     -0.7207937240600586      0.0001706009643385187     0.3894214630126953     5.132105350494385
289     -0.7207070589065552      -0.0007316416595131159     0.3712396621704102     5.501731395721436
290     -0.7209113836288452      -0.0001152395998360589     0.3761983215808868     5.602453708648682
291     -0.7205235958099365      0.0006879993015900254     0.4082644283771515     5.988585472106934
292     -0.7210686802864075      0.0002230036770924926     0.3656198382377625     4.631438255310059
293     -0.7212342023849487      0.0007802401087246835     0.3973553478717804     5.141921997070312
294     -0.7212405800819397      -0.0007802371983416378     0.3735536932945251     5.71094799041748
295     -0.7208965420722961      0.00401196675375104     0.3844628036022186     5.761095523834229
296     -0.7209449410438538      0.0005334810120984912     0.392727255821228     5.609641075134277
297     -0.7205131053924561      -0.003590037580579519     0.3778512179851532     5.250185012817383
298     -0.7210988402366638      0.001656759297475219     0.3851239383220673     6.069331645965576
299     -0.7205988168716431      -0.0003692393656820059     0.3804958462715149     5.785070419311523
300     -0.7206392288208008      -0.0006891990778967738     0.3758677542209625     5.551827907562256
301     -0.7205726504325867      0.0003479205188341439     0.3728925287723541     5.444488048553467
302     -0.720999002456665      0.001392001751810312     0.3973553478717804     5.265788078308105
303     -0.7206487655639648      0.0007525586406700313     0.3917355239391327     5.539175510406494
304     -0.7206682562828064      0.001328599057160318     0.3676033020019531     5.093854904174805
305     -0.7204285860061646      0.0009655595640651882     0.4145454168319702     5.564608097076416
306     -0.7203066349029541      0.001305360463447869     0.3844628036022186     5.66477632522583
307     -0.7202983498573303      -0.001152759417891502     0.423801600933075     5.811070919036865
308     -0.7210460305213928      -0.001528798835352063     0.4016528725624084     5.711818695068359
309     -0.7205355763435364      0.002767444122582674     0.3933883905410767     5.680257320404053
310     -0.7209075689315796      0.000997800612822175     0.3755371570587158     5.623720169067383
311     -0.7204594612121582      -0.00126203999388963     0.3808264136314392     5.546177387237549
312     -0.7206783890724182      -0.001176198129542172     0.3781817853450775     6.230096340179443
313     -0.7208958268165588      -0.0001475998578825966     0.4026446044445038     5.360448837280273
314     -0.72043776512146      -0.0004676815588027239     0.3986776471138     5.421219348907471
315     -0.7209457159042358      -0.0007350796950049698     0.4013222754001617     6.08928108215332
316     -0.7206381559371948      -0.004409036599099636     0.3864462673664093     5.917622566223145
317     -0.7207030653953552      0.0008365251705981791     0.3669421374797821     6.249495983123779
318     -0.7204278111457825      0.001961240312084556     0.3636363446712494     5.417953014373779
319     -0.7207286357879639      -0.002725479425862432     0.3970247805118561     6.457250595092773
320     -0.7206083536148071      0.001019279356114566     0.3795041143894196     5.400691509246826
321     -0.7205927968025208      0.002541877096518874     0.390743762254715     5.322015762329102
322     -0.7203963398933411      0.0008148413617163897     0.4026446044445038     5.42979621887207
323     -0.7204825282096863      0.0004075195174664259     0.3953718841075897     5.887646675109863
324     -0.7209693193435669      -1.864071782620158e-05     0.3543801605701447     5.506053447723389
325     -0.7207270264625549      0.003317280672490597     0.4042975008487701     5.419280052185059
326     -0.7205752730369568      0.004550833720713854     0.3871074318885803     5.436712265014648
327     -0.7205522656440735      -0.000464356126030907     0.4089255928993225     5.587450981140137
328     -0.720575213432312      0.002347041619941592     0.3748759925365448     5.582916259765625
329     -0.7208486795425415      0.001575156697072089     0.3950413167476654     5.663981914520264
330     -0.7211715579032898      -0.0005358803900890052     0.4132230877876282     5.857560157775879
331     -0.7209516763687134      -0.002692963695153594     0.3742148578166962     5.468440055847168
332     -0.7205331325531006      0.001841359655372798     0.3976859450340271     4.942286014556885
333     -0.7209070324897766      0.00250116060487926     0.3966941833496094     5.914754867553711
334     -0.7208500504493713      0.002425440354272723     0.4314049184322357     6.41480827331543
335     -0.7207996845245361      -0.002721281489357352     0.3930578231811523     5.921900272369385
336     -0.7204378247261047      0.00280311843380332     0.3834710419178009     5.439635753631592
337     -0.7206153273582458      0.001105599454604089     0.390743762254715     5.762509346008301
338     -0.7204418778419495      -0.001731401076540351     0.3980165123939514     5.567235946655273
339     -0.7205234169960022      -0.0006739587988704443     0.387768566608429     5.559257507324219
340     -0.7207976579666138      -0.0008848820580169559     0.387768566608429     5.528027534484863
341     -0.7205537557601929      0.001776242977939546     0.3874379992485046     5.29833459854126
342     -0.7205426692962646      0.0001420385087840259     0.3742148578166962     5.327237129211426
343     -0.7205525636672974      -0.0003152394783683121     0.3758677542209625     6.047072887420654
344     -0.7206547260284424      0.0008204407640732825     0.4059503972530365     5.550274848937988
345     -0.7204316258430481      0.002831523073837161     0.3851239383220673     5.861149311065674
346     -0.721030056476593      -0.0003656403860077262     0.4330578148365021     5.429880142211914
347     -0.7207299470901489      -0.0005716807208955288     0.3656198382377625     5.745795249938965
348     -0.7210637331008911      0.001902402844280005     0.3963636159896851     4.940413951873779
349     -0.7206709384918213      -0.0001809598470572382     0.3636363446712494     6.61859130859375
350     -0.7207812070846558      0.001716720638796687     0.3808264136314392     5.785809993743896
351     -0.7208805084228516      -0.001356159336864948     0.3765289187431335     6.041615009307861
352     -0.7208732962608337      0.0009946794016286731     0.3940495550632477     5.584208011627197
353     -0.7207937240600586      -0.001167562208138406     0.3775206208229065     6.026683330535889
354     -0.7208184003829956      -0.001034479006193578     0.3633057475090027     5.713191509246826
355     -0.720241904258728      -0.0006479991134256124     0.3923966884613037     5.675009727478027
356     -0.7205231189727783      -0.0001676001265877858     0.3768594861030579     5.700887680053711
357     -0.7208678722381592      -0.0004219180555082858     0.3451239466667175     5.818403244018555
358     -0.7209213972091675      -9.876056719804183e-05     0.3970247805118561     5.734182834625244
359     -0.7207505702972412      -0.001029641483910382     0.3808264136314392     5.048986434936523
360     -0.7205936312675476      0.00100863934494555     0.3768594861030579     5.45588207244873
361     -0.7204670310020447      0.001565397367812693     0.3847933709621429     5.322825908660889
362     -0.7209030389785767      -0.001393361017107964     0.3788429498672485     6.01762866973877
363     -0.7205310463905334      0.0008397997007705271     0.3649586737155914     5.936172008514404
364     -0.7205098271369934      -0.0001640835253056139     0.3752065896987915     6.13105297088623
365     -0.7205584049224854      0.0006020010332576931     0.3695867657661438     5.288312435150146
366     -0.72050541639328      0.001373319653794169     0.3659503757953644     5.500139236450195
367     -0.7206658124923706      -0.002362477127462626     0.3818181753158569     5.544898509979248
368     -0.7205948233604431      0.0008678403683006763     0.3672727048397064     5.53570556640625
369     -0.7206734418869019      0.002203918062150478     0.4042975008487701     5.097344398498535
370     -0.7208871841430664      0.0009831171482801437     0.4006611406803131     6.10711669921875
371     -0.7207950949668884      0.001109200529754162     0.3993388116359711     6.109570026397705
372     -0.7207593321800232      0.002397917443886399     0.3930578231811523     5.346086502075195
373     -0.7208310961723328      -0.001460039289668202     0.3844628036022186     5.412527561187744
374     -0.7206465005874634      0.0006941586616449058     0.4033057689666748     5.637172698974609
375     -0.7207249402999878      -0.002427361905574799     0.3943801522254944     5.954923629760742
376     -0.720579206943512      -0.002161039737984538     0.357685923576355     5.946073055267334
377     -0.7206569910049438      -0.00382179650478065     0.3824793100357056     5.966495990753174
378     -0.7205154299736023      0.0008190795197151601     0.3864462673664093     6.044118404388428
379     -0.7203989624977112      0.001333119696937501     0.4033057689666748     5.09367561340332
380     -0.7204123735427856      0.001873959554359317     0.3765289187431335     5.628545761108398
381     -0.7208542227745056      -0.0003763196291401982     0.389752060174942     5.839002132415771
382     -0.720757007598877      -0.0002904000866692513     0.3676033020019531     5.459805011749268
383     -0.7208163142204285      -0.001612119842320681     0.3834710419178009     5.849447250366211
384     -0.7209141254425049      -0.003246367676183581     0.3702479302883148     6.230920314788818
385     -0.7206927537918091      -0.0009821186540648341     0.3851239383220673     5.62164831161499
386     -0.7208842039108276      -0.002581719309091568     0.3761983215808868     5.39653205871582
387     -0.7205247282981873      -0.001022440381348133     0.419173538684845     5.240548610687256
388     -0.7207938432693481      0.001556714880280197     0.3692561686038971     5.80210018157959
389     -0.7208847403526306      -0.0008914819918572903     0.3477685749530792     5.811328887939453
390     -0.7202854156494141      -0.000305760302580893     0.3910743594169617     5.096814155578613
391     -0.7207955121994019      0.0008409625734202564     0.3834710419178009     5.389851093292236
392     -0.7208393812179565      -0.000138080824399367     0.3695867657661438     4.991367816925049
393     -0.7208253145217896      0.0005000398377887905     0.3781817853450775     5.080803871154785
394     -0.7205250263214111      -0.002093597548082471     0.3801652491092682     5.87658166885376
395     -0.7207762002944946      -2.363924977544229e-05     0.3973553478717804     5.973900318145752
396     -0.7206777930259705      -0.0004987996653653681     0.3976859450340271     5.185134410858154
397     -0.7208315134048462      -0.0009887591004371643     0.4009917378425598     5.621928691864014
398     -0.720954954624176      -0.0005845199921168387     0.4079338610172272     5.639034271240234
399     -0.7206816077232361      0.0006479207659140229     0.4019834399223328     4.954707622528076
400     -0.7207114100456238      0.001865040161646903     0.3963636159896851     5.177217960357666
401     -0.7207283973693848      0.002201597904786468     0.3999999761581421     5.379845142364502
402     -0.7203664183616638      -0.001545400475151837     0.3874379992485046     6.040479183197021
403     -0.7208988070487976      -0.0005674422718584538     0.3904131948947906     5.25361156463623
404     -0.7209087014198303      -0.0006540795438922942     0.3828098773956299     5.356306552886963
405     -0.7205745577812195      0.0005707996897399426     0.392066091299057     5.458103656768799
406     -0.7210824489593506      -0.0008791632717475295     0.3616528809070587     5.712731838226318
407     -0.7207143306732178      0.001821641344577074     0.359669417142868     5.219718933105469
408     -0.720299243927002      -0.001980157801881433     0.3834710419178009     5.824563503265381
409     -0.720598578453064      -0.001915037166327238     0.4062809646129608     5.390830993652344
410     -0.7209736704826355      -0.001103400718420744     0.3725619614124298     5.71067476272583
411     -0.7209426760673523      -0.0004101606900803745     0.3649586737155914     5.978456497192383
412     -0.7208288908004761      -0.002834999468177557     0.357685923576355     6.270670890808105
413     -0.7208031415939331      -0.0006831211503595114     0.3880991339683533     5.331978321075439
414     -0.7209300994873047      -0.002388560213148594     0.3887602984905243     5.961686611175537
415     -0.7207233905792236      -0.0002304787922184914     0.389752060174942     5.986802577972412
416     -0.7206878662109375      -0.001879997784271836     0.3983471095561981     4.671315670013428
417     -0.7211580872535706      0.002316721947863698     0.3821487426757812     5.761268615722656
418     -0.7204106450080872      -0.002786844270303845     0.4042975008487701     5.745535373687744
419     -0.7206240296363831      -0.0007974362815730274     0.3685950338840485     5.878782749176025
420     -0.7207764387130737      0.002866041613742709     0.392727255821228     6.009787559509277
421     -0.7208478450775146      -0.001211476279422641     0.3828098773956299     6.030984878540039
422     -0.7205247282981873      -0.002347839763388038     0.4158677160739899     5.619110584259033
423     -0.7204980254173279      -0.003014279063791037     0.3715702295303345     6.054457187652588
424     -0.7207430005073547      -0.0003658780478872359     0.4125619530677795     5.552960872650146
425     -0.7206475734710693      -0.002158557064831257     0.4033057689666748     6.098763465881348
426     -0.7207226157188416      -0.001833921298384666     0.3639669120311737     5.425583362579346
427     -0.7206597924232483      -0.002130321227014065     0.4105784595012665     5.197590827941895
428     -0.7204859256744385      -0.002807523356750607     0.3828098773956299     5.797098636627197
429     -0.7210686206817627      0.001701163128018379     0.3834710419178009     5.213860034942627
430     -0.7208790183067322      -6.847987970104441e-05     0.4148760139942169     5.574734210968018
431     -0.7204949855804443      1.488000452809501e-05     0.3745454251766205     4.952110767364502
432     -0.7208577394485474      -0.0002942799183074385     0.3649586737155914     4.827293872833252
433     -0.7204769849777222      0.0003284397535026073     0.3722313940525055     5.777229309082031
434     -0.720629870891571      -0.0007260068668983877     0.3795041143894196     5.500598430633545
435     -0.7205520868301392      -0.002362921135500073     0.3904131948947906     5.559109210968018
436     -0.7209862470626831      0.002167558530345559     0.3752065896987915     5.78765869140625
437     -0.7208974957466125      0.002925599459558725     0.4294214844703674     5.427247524261475
438     -0.7203365564346313      0.001818399759940803     0.3771900534629822     5.35930871963501
439     -0.7205118536949158      2.99215353152249e-05     0.3814875781536102     5.267899513244629
440     -0.7206273674964905      -0.001251800335012376     0.4099173247814178     5.792561531066895
441     -0.7209131717681885      -0.002143600722774863     0.4056198298931122     5.985156536102295
442     -0.7206332087516785      -0.0005975200328975916     0.4171900451183319     5.433877944946289
443     -0.7203354239463806      0.00134332082234323     0.3867768347263336     5.410304546356201
444     -0.7209176421165466      -0.002223439514636993     0.392727255821228     5.486876010894775
445     -0.7204476594924927      0.003625080222263932     0.3937189877033234     5.612900257110596
446     -0.7207016348838806      0.0008978815167210996     0.3705784976482391     5.742489337921143
447     -0.7207404971122742      -0.001862482284195721     0.3894214630126953     6.013804912567139
448     -0.720548689365387      -0.002312956843525171     0.3642975091934204     5.357450485229492
449     -0.7206899523735046      0.0001827603409765288     0.4072726964950562     5.027074813842773
450     -0.720590353012085      0.001467720489017665     0.3814875781536102     5.873547077178955
451     -0.7204486131668091      0.00325463991612196     0.3725619614124298     5.005200862884521
452     -0.720284640789032      -0.001373520237393677     0.3857851028442383     5.557167530059814
453     -0.7212242484092712      -0.0007256384124048054     0.3490909039974213     5.59858226776123
454     -0.7202588319778442      0.002999964635819197     0.3953718841075897     5.770845890045166
455     -0.7206776142120361      -0.002298359991982579     0.3980165123939514     5.486475944519043
456     -0.7204170823097229      -0.001221639686264098     0.3976859450340271     5.90600061416626
457     -0.7207989692687988      -0.004791234154254198     0.3791735470294952     5.173470497131348
458     -0.7205681800842285      -0.00183708022814244     0.3874379992485046     5.291349411010742
459     -0.7204867005348206      0.002291761338710785     0.3676033020019531     4.918554306030273
460     -0.7206510305404663      -0.001081597292795777     0.3732231259346008     5.582858562469482
461     -0.7202231287956238      0.001069239689968526     0.3566941916942596     5.485769271850586
462     -0.7206542491912842      -0.0008719599572941661     0.3471074104309082     5.59978723526001
463     -0.7207726836204529      0.001549280132167041     0.4049586653709412     5.974647998809814
464     -0.720714271068573      -0.0002849613374564797     0.3950413167476654     6.055911540985107
465     -0.7209720015525818      -0.002441637916490436     0.390743762254715     5.477844715118408
466     -0.7206017374992371      -0.0004447199462447315     0.4023140370845795     5.587838649749756
467     -0.720853328704834      0.0002594796533230692     0.4066115617752075     5.904956817626953
468     -0.720635712146759      -0.002493121428415179     0.3966941833496094     5.423458099365234
469     -0.7209979295730591      0.0007394801359623671     0.3801652491092682     5.662698268890381
470     -0.720562756061554      -0.0009038387215696275     0.3791735470294952     6.106553077697754
471     -0.7205044031143188      0.0002114001545123756     0.3771900534629822     6.160229206085205
472     -0.7208466529846191      -0.0006698394427075982     0.4013222754001617     5.779467582702637
473     -0.7206739783287048      -0.0008516800589859486     0.3702479302883148     5.610018253326416
474     -0.7209342122077942      0.0007199208484962583     0.4039669334888458     5.575619697570801
475     -0.7204814553260803      -0.001598485163412988     0.3973553478717804     5.456799507141113
476     -0.7208936810493469      -0.000568439660128206     0.3722313940525055     5.908888339996338
477     -0.7207159996032715      -0.0007194803329184651     0.361983448266983     4.893006324768066
478     -0.7206622362136841      -0.001582599594257772     0.4003305733203888     5.512959003448486
479     -0.7204200029373169      0.00232984172180295     0.3966941833496094     5.228283405303955
480     -0.7203356027603149      0.0006341992411762476     0.3768594861030579     6.276172161102295
481     -0.720665454864502      0.002198843518272042     0.4052892327308655     6.103463649749756
482     -0.7209330797195435      -0.0003221195656806231     0.3864462673664093     5.882835388183594
483     -0.7206340432167053      -0.0007933580200187862     0.4135537147521973     5.640403747558594
484     -0.7203125357627869      -0.002327361376956105     0.3887602984905243     5.168341159820557
485     -0.7205250263214111      0.0005357980262488127     0.392727255821228     4.805402755737305
486     -0.7207539677619934      0.000520601577591151     0.391404926776886     5.739025115966797
487     -0.7207604050636292      0.002524962415918708     0.3986776471138     5.262259483337402
488     -0.7209768295288086      0.002606837777420878     0.3999999761581421     5.77027416229248
489     -0.720680832862854      -0.001786721753887832     0.3960330188274384     5.805649280548096
490     -0.721068263053894      -0.0004118798242416233     0.389090895652771     5.009881973266602
491     -0.720432460308075      0.00353032466955483     0.3728925287723541     5.705045700073242
492     -0.7209485173225403      -0.003130239900201559     0.391404926776886     5.81929874420166
493     -0.7203963994979858      -0.004419957753270864     0.3894214630126953     5.669766426086426
494     -0.720472514629364      -0.0007664006552658975     0.3867768347263336     5.078577518463135
495     -0.720262348651886      -0.000661600090097636     0.387768566608429     5.27293872833252
496     -0.7208648324012756      0.001387718715704978     0.3933883905410767     5.676833629608154
497     -0.7204580307006836      0.001988198142498732     0.3900826275348663     5.51273775100708
498     -0.7210934162139893      -0.0009809192270040512     0.3808264136314392     5.861197948455811
499     -0.7204042673110962      -0.002311759861186147     0.3656198382377625     5.540935039520264
500     -0.7205910086631775      0.0004197590460535139     0.3808264136314392     5.647049427032471
501     -0.7209720015525818      0.002216999651864171     0.3874379992485046     5.240797519683838
502     -0.7209405303001404      -6.995888543315232e-05     0.3970247805118561     5.518319129943848
503     -0.720595121383667      0.003697755746543407     0.3702479302883148     5.555822849273682
504     -0.7202110886573792      -0.0004052410658914596     0.3996694087982178     5.028306484222412
505     -0.7205557823181152      -0.001329399179667234     0.3765289187431335     5.349673748016357
506     -0.7207215428352356      0.0002893612836487591     0.3861156702041626     5.620783805847168
507     -0.7207435369491577      0.0006579601904377341     0.3933883905410767     5.68012523651123
508     -0.7208707928657532      0.001642560353502631     0.4039669334888458     5.094275951385498
509     -0.7206282019615173      -0.0002200000017182902     0.3904131948947906     5.664804458618164
510     -0.7201875448226929      -0.0006163990474306047     0.3841322064399719     5.339550971984863
511     -0.7204556465148926      -0.0001104798284359276     0.4092561900615692     5.176957607269287
512     -0.7211326956748962      0.001356079475954175     0.3758677542209625     4.846766471862793
513     -0.7211006879806519      -0.0008076003869064152     0.3986776471138     5.641756534576416
514     -0.7204917073249817      0.001072640065103769     0.3861156702041626     6.427988052368164
515     -0.7207565307617188      -0.001760480925440788     0.3910743594169617     6.032228469848633
516     -0.7206662893295288      -0.001689159777015448     0.3824793100357056     5.337689876556396
517     -0.7205908894538879      -0.0008096402161754668     0.395702451467514     5.036391258239746
518     -0.7209547162055969      0.0001282417360926047     0.4033057689666748     6.020517349243164
519     -0.7208811640739441      -0.0006257594795897603     0.3702479302883148     5.723056793212891
520     -0.7207618355751038      -0.0009276798227801919     0.3930578231811523     5.197457313537598
521     -0.7207624316215515      -0.003040238982066512     0.3900826275348663     6.319667816162109
522     -0.7207205295562744      0.0007918821065686643     0.4059503972530365     5.180384159088135
523     -0.7206065654754639      -0.0009204811067320406     0.4092561900615692     5.731154918670654
524     -0.7208616137504578      0.0009003598242998123     0.3900826275348663     5.98778772354126
525     -0.7203799486160278      0.0001724377798382193     0.3950413167476654     5.638195037841797
526     -0.7204641699790955      -0.0002941199927590787     0.4036363661289215     5.887158870697021
527     -0.7208396792411804      -0.0008726762607693672     0.3923966884613037     5.475846290588379
528     -0.720453679561615      0.000908799353055656     0.3986776471138     5.443630218505859
529     -0.720461905002594      0.001627480145543814     0.3937189877033234     5.991947174072266
530     -0.7206276655197144      -0.001996286911889911     0.3735536932945251     5.073670864105225
531     -0.7210246324539185      -0.002544475719332695     0.3758677542209625     5.938617706298828
532     -0.7205493450164795      -0.001893759705126286     0.3715702295303345     5.515695571899414
533     -0.7208226919174194      0.002235717140138149     0.3669421374797821     5.535861015319824
534     -0.7205312848091125      0.0003941603063140064     0.3874379992485046     6.097229480743408
535     -0.720954418182373      3.559977994882502e-05     0.395702451467514     5.706962585449219
536     -0.7207035422325134      0.0003333175554871559     0.3715702295303345     5.418261528015137
537     -0.7202653288841248      -0.001092839636839926     0.3838016390800476     6.017211437225342
538     -0.7209057211875916      -0.0003108390665147454     0.3894214630126953     5.078958034515381
539     -0.7203593850135803      0.002764321863651276     0.4092561900615692     6.057392597198486
540     -0.7208134531974792      0.0004196009540464729     0.3910743594169617     5.050643444061279
541     -0.7207580804824829      -0.001986240036785603     0.3768594861030579     5.799575805664062
542     -0.7203114032745361      0.001768360380083323     0.3973553478717804     5.349141120910645
543     -0.7205046415328979      -0.0002724418300203979     0.3940495550632477     5.752766132354736
544     -0.7206569910049438      -0.001953564351424575     0.3725619614124298     5.585558414459229
545     -0.7206699252128601      0.00196784408763051     0.3990082442760468     5.084700584411621
546     -0.7203757762908936      -0.001379482680931687     0.4211569726467133     5.946436882019043
547     -0.7207567691802979      0.0001588025043020025     0.4033057689666748     5.302410125732422
548     -0.7207163572311401      -0.001603288110345602     0.3814875781536102     5.793265819549561
549     -0.7210142016410828      -0.00150879705324769     0.4003305733203888     6.063636302947998
550     -0.7208744883537292      0.000314279634039849     0.3960330188274384     5.517824649810791
551     -0.720678448677063      0.002140201395377517     0.361983448266983     5.62497615814209
552     -0.7205784320831299      0.0002617589489091188     0.3742148578166962     5.2458176612854
553     -0.7207069993019104      -0.0004591992474161088     0.4062809646129608     5.110824108123779
554     -0.7206683754920959      -0.003859801450744271     0.392066091299057     5.511787891387939
555     -0.7207192182540894      -0.005287797190248966     0.392066091299057     5.934331893920898
556     -0.7210367918014526      0.0008525176090188324     0.3894214630126953     5.991568565368652
557     -0.721071720123291      -0.0009406791650690138     0.3953718841075897     6.178080081939697
558     -0.7201558351516724      -0.0002981998259201646     0.3725619614124298     5.976416110992432
559     -0.7205437421798706      0.001804075203835964     0.3844628036022186     5.801353454589844
560     -0.7204768657684326      -0.0009700410882942379     0.3785123825073242     5.550146102905273
561     -0.7202478647232056      -8.175905531970784e-05     0.3821487426757812     5.697492122650146
562     -0.720384418964386      0.0008645202615298331     0.3804958462715149     5.256438732147217
563     -0.7203883528709412      -0.0008056792430579662     0.3692561686038971     4.940868377685547
564     -0.7207667231559753      0.002495041815564036     0.387768566608429     5.372800827026367
565     -0.7207399010658264      0.00354048004373908     0.3828098773956299     4.941085815429688
566     -0.7209801077842712      -0.001112641068175435     0.4188429713249207     5.647552013397217
567     -0.7204756140708923      0.001438879873603582     0.3973553478717804     5.781261920928955
568     -0.720947265625      0.001163599663414061     0.4264462292194366     5.385729312896729
569     -0.7205547690391541      0.00170723779592663     0.3986776471138     5.976696491241455
570     -0.7205670475959778      0.0003000403812620789     0.3758677542209625     5.193929195404053
571     -0.7204964756965637      0.0003618799964897335     0.3937189877033234     5.759679317474365
572     -0.7207716107368469      -0.001088080462068319     0.4023140370845795     6.565850734710693
573     -0.7203942537307739      0.002381798578426242     0.3847933709621429     5.025308609008789
574     -0.7202847599983215      -0.0008220407762564719     0.4079338610172272     5.220626354217529
575     -0.7207910418510437      -0.001678360742516816     0.4125619530677795     5.419743537902832
576     -0.7204225659370422      -0.002409883076325059     0.3761983215808868     5.044200420379639
577     -0.7208526134490967      0.002242323709651828     0.3603305518627167     5.116318225860596
578     -0.7205009460449219      -0.0005091596976853907     0.4122313857078552     4.729856014251709
579     -0.7206592559814453      0.001930921571329236     0.3847933709621429     5.05877161026001
580     -0.7209256291389465      -7.699857815168798e-05     0.3894214630126953     5.907522201538086
581     -0.7202766537666321      0.001794639974832535     0.3828098773956299     5.84660530090332
582     -0.7205142378807068      -0.001486160792410374     0.3682644665241241     5.175580024719238
583     -0.7207326292991638      -5.976073225610889e-05     0.3966941833496094     5.35292911529541
584     -0.7203865647315979      0.001771318493410945     0.3771900534629822     5.565182209014893
585     -0.7209300994873047      0.0003046825295314193     0.3626446127891541     5.946956634521484
586     -0.7208038568496704      0.0007524798274971545     0.4066115617752075     5.53577709197998
587     -0.7209133505821228      0.001294518006034195     0.3636363446712494     5.31696081161499
588     -0.7205740213394165      -0.0003296805953141302     0.3761983215808868     5.984858512878418
589     -0.7204712629318237      -0.003309436840936542     0.4046280682086945     5.987983703613281
590     -0.7205981016159058      -0.0009390003397129476     0.3828098773956299     5.492542266845703
591     -0.7207081317901611      -0.002138000214472413     0.3844628036022186     5.756476879119873
592     -0.7208818793296814      -0.0009059184812940657     0.4082644283771515     5.501132965087891
593     -0.7209044098854065      0.002889316296204925     0.3937189877033234     5.419707298278809
594     -0.720378041267395      0.0006115204305388033     0.3748759925365448     5.94917631149292
595     -0.7207710146903992      -0.002843202324584126     0.391404926776886     4.838289260864258
596     -0.720575213432312      0.00154640048276633     0.3709090948104858     5.603951454162598
597     -0.7209045886993408      -0.001779876882210374     0.4056198298931122     5.744927406311035
598     -0.7207509875297546      -0.0001318395661655813     0.3900826275348663     4.986248016357422
599     -0.7209330797195435      0.00308615923859179     0.3894214630126953     5.747017860412598
600     -0.7202557325363159      -0.0004149211454205215     0.395702451467514     5.89812183380127
601     -0.7205055952072144      0.003795600030571222     0.3629752099514008     6.306641101837158
602     -0.7207291126251221      -0.001664442592300475     0.390743762254715     5.89011287689209
603     -0.7208473086357117      -0.003423678688704967     0.3788429498672485     5.969634532928467
604     -0.7206594944000244      0.0005784407258033752     0.3768594861030579     5.309360027313232
605     -0.7210823893547058      -0.001160358660854399     0.4006611406803131     5.767395973205566
606     -0.720628559589386      -0.001970523735508323     0.391404926776886     5.7321457862854
607     -0.7206035256385803      0.0008817992056719959     0.3838016390800476     6.320198059082031
608     -0.7207363843917847      0.0002228410739917308     0.3847933709621429     6.221113204956055
609     -0.7205563187599182      0.0002889598836190999     0.3775206208229065     4.694244861602783
610     -0.7204864025115967      7.959906361065805e-05     0.3685950338840485     5.104424953460693
611     -0.7204475998878479      0.0001851188135333359     0.4066115617752075     6.144968509674072
612     -0.7205911874771118      -0.0005118815461173654     0.390743762254715     6.140519142150879
613     -0.7209300994873047      0.0009944383054971695     0.3689256012439728     6.059569358825684
614     -0.7205767631530762      -0.0002754404267761856     0.3834710419178009     5.11183500289917
615     -0.7205914855003357      -0.005068316124379635     0.4323966801166534     5.623360633850098
616     -0.7213417291641235      -0.0008489609463140368     0.3970247805118561     5.898370742797852
617     -0.7209903597831726      -0.0008095650700852275     0.392066091299057     5.710247039794922
618     -0.7206688523292542      -0.0008829587022773921     0.3682644665241241     5.843087673187256
619     -0.7206650376319885      0.002760760253295302     0.3804958462715149     5.11621618270874
620     -0.7208222150802612      0.0001953596074599773     0.389752060174942     5.762172222137451
621     -0.7207933664321899      0.003041553776711226     0.3527272343635559     5.544017314910889
622     -0.7203764319419861      0.002210598438978195     0.4049586653709412     6.050796508789062
623     -0.7206241488456726      -0.0003284007543697953     0.4119007885456085     6.491848468780518
624     -0.7207737565040588      -0.00328252068720758     0.3761983215808868     5.975196361541748
625     -0.7212985157966614      0.0003093986015301198     0.3804958462715149     6.391753673553467
626     -0.7205698490142822      -0.001165280933491886     0.387768566608429     5.920469284057617
627     -0.7207868695259094      0.001959038432687521     0.3923966884613037     5.613941669464111
628     -0.7208349108695984      -0.000257199804764241     0.3943801522254944     5.900638103485107
629     -0.7203269600868225      -0.002417564857751131     0.419173538684845     6.172661781311035
630     -0.7205416560173035      0.001676641870290041     0.3933883905410767     5.254983901977539
631     -0.7205725312232971      -0.0004689999623224139     0.3689256012439728     5.657692432403564
632     -0.7208902835845947      -0.001633280189707875     0.3593388199806213     6.142454147338867
633     -0.7206400632858276      -0.0009407615871168673     0.3854545056819916     5.520950794219971
634     -0.7203718423843384      0.001148079405538738     0.3900826275348663     4.815365791320801
635     -0.7206395268440247      0.002306922571733594     0.3679338693618774     6.002639293670654
636     -0.7207779288291931      -0.0009097631555050611     0.3801652491092682     4.979597091674805
637     -0.7210632562637329      -0.001185080036520958     0.359008252620697     5.729739189147949
638     -0.7211641073226929      -0.003003963036462665     0.3990082442760468     5.24458646774292
639     -0.7208542227745056      -0.0007943580858409405     0.3990082442760468     5.38455867767334
640     -0.7205284237861633      -0.0006156408926472068     0.4168594777584076     5.331635475158691
641     -0.7208540439605713      -0.002638600068166852     0.4188429713249207     5.572723865509033
642     -0.7213122844696045      -0.0008963991422206163     0.390743762254715     5.371762275695801
643     -0.7210580110549927      -0.0002420792152406648     0.4188429713249207     5.920297145843506
644     -0.7207028865814209      0.0009438408887945116     0.4082644283771515     5.441079139709473
645     -0.720756471157074      0.001654879772104323     0.3960330188274384     5.885034084320068
646     -0.720600962638855      0.0004785993078257889     0.3768594861030579     5.822519302368164
647     -0.7203583717346191      -0.00164875912014395     0.3646280765533447     5.733060359954834
648     -0.7207078337669373      0.0001389204990118742     0.3828098773956299     5.311470508575439
649     -0.7210848927497864      0.001430638367310166     0.3864462673664093     5.535731792449951
650     -0.7203027606010437      0.002677925396710634     0.3950413167476654     5.96476411819458
651     -0.7206918597221375      0.001567277475260198     0.3947107195854187     6.740235805511475
652     -0.7208312749862671      0.004244155250489712     0.3828098773956299     5.676467418670654
653     -0.7206547260284424      7.184005517046899e-05     0.390743762254715     5.606674671173096
654     -0.7206578254699707      -0.0008448379230685532     0.3980165123939514     5.543567180633545
655     -0.7208737730979919      -0.001882237265817821     0.3775206208229065     5.185267925262451
656     -0.7203716635704041      -0.0002965211751870811     0.4142148494720459     5.753828525543213
657     -0.720622718334198      0.002352804876863956     0.3636363446712494     5.463337421417236
658     -0.7206185460090637      -0.0005660386523231864     0.4099173247814178     5.71168327331543
659     -0.7209470272064209      0.002798997331410646     0.3841322064399719     5.861851692199707
660     -0.7205011248588562      -0.0009978802409023046     0.4059503972530365     5.330575942993164
661     -0.720791220664978      -0.002699519507586956     0.3990082442760468     5.386113166809082
662     -0.720432460308075      -0.0008219208684749901     0.3970247805118561     5.381778717041016
663     -0.7208812236785889      0.000740639865398407     0.3719007968902588     6.031322479248047
664     -0.7210509777069092      0.001122671877965331     0.3748759925365448     5.317972660064697
665     -0.7204998135566711      -0.001470479648560286     0.3980165123939514     5.975943088531494
666     -0.7206125259399414      0.00175716052763164     0.3970247805118561     5.839213848114014
667     -0.7205161452293396      0.001305796089582145     0.3966941833496094     5.458874225616455
668     -0.7207525968551636      0.002298399107530713     0.3963636159896851     5.243152141571045
669     -0.7206284403800964      -0.001649958197958767     0.4095867574214935     5.465702056884766
670     -0.7205982804298401      0.001967198215425014     0.3758677542209625     5.41063117980957
671     -0.7206518054008484      -5.73604047531262e-05     0.3973553478717804     5.850606441497803
672     -0.7212451696395874      -0.002419685479253531     0.3867768347263336     5.667490005493164
673     -0.7203106880187988      0.0004195995279587805     0.3804958462715149     5.368576049804688
674     -0.7204428911209106      0.0005757606704719365     0.3986776471138     5.365509033203125
675     -0.720649242401123      -0.002020201180130243     0.4218181669712067     5.723648071289062
676     -0.7204377055168152      0.001567038823850453     0.3642975091934204     5.194614887237549
677     -0.7208265662193298      0.001085920259356499     0.3689256012439728     5.56269359588623
678     -0.7204673290252686      -0.004740840755403042     0.3904131948947906     5.433290004730225
679     -0.7203426957130432      -0.001597598311491311     0.3821487426757812     6.345786571502686
680     -0.7204191088676453      -0.0007072422304190695     0.3768594861030579     5.15699291229248
681     -0.7206616401672363      0.0006429199129343033     0.3692561686038971     6.001415252685547
682     -0.720477283000946      -0.001223759027197957     0.3649586737155914     6.384434223175049
683     -0.7207747101783752      -0.00354735879227519     0.3659503757953644     6.512011051177979
684     -0.7204854488372803      0.001096321735531092     0.395702451467514     5.308032989501953
685     -0.7207493185997009      0.0007051595603115857     0.3752065896987915     5.389275550842285
686     -0.720830500125885      0.001165757072158158     0.3755371570587158     5.746336936950684
687     -0.7206810116767883      -0.002911916701123118     0.3917355239391327     5.633598804473877
688     -0.7206699252128601      -0.0007082420052029192     0.3702479302883148     5.767448902130127
689     -0.7208290100097656      -0.0002079991099890321     0.3791735470294952     5.507035732269287
690     -0.7207536697387695      -0.0005106389289721847     0.3828098773956299     5.507515430450439
691     -0.7211167216300964      -0.0004970011650584638     0.3672727048397064     5.112102508544922
692     -0.7206172347068787      0.003010124200955033     0.395702451467514     5.071797370910645
693     -0.7206528782844543      0.000687719730194658     0.3626446127891541     5.049381256103516
694     -0.7209727764129639      0.001549237058497965     0.3778512179851532     6.233184337615967
695     -0.7205343842506409      0.0006705190171487629     0.395702451467514     5.672701358795166
696     -0.7205951809883118      0.004057637881487608     0.3705784976482391     4.604762077331543
697     -0.7207451462745667      0.0001357586879748851     0.3993388116359711     5.86472225189209
698     -0.7207980751991272      -0.001720601227134466     0.3801652491092682     5.494229793548584
699     -0.7209821343421936      0.0001748810173012316     0.4175206422805786     5.643163204193115
700     -0.7208755612373352      -0.001433638040907681     0.395702451467514     5.317142009735107
701     -0.7207576036453247      0.0005005611455999315     0.4168594777584076     5.543882369995117
702     -0.7207612991333008      -0.001365681295283139     0.4052892327308655     5.06749963760376
703     -0.7207053899765015      -0.002274757251143456     0.3940495550632477     5.009301662445068
704     -0.7206202149391174      0.001953800674527884     0.3851239383220673     5.116682052612305
705     -0.7204165458679199      -0.004202438518404961     0.3831404745578766     5.263012409210205
706     -0.7211626172065735      0.001896639820188284     0.3861156702041626     5.719689846038818
707     -0.720528781414032      -0.001131881261244416     0.4122313857078552     5.068216323852539
708     -0.7205090522766113      -0.002309602685272694     0.3943801522254944     5.601090431213379
709     -0.7205576300621033      0.001206517685204744     0.3894214630126953     5.954763412475586
710     -0.7207410931587219      0.002071080962195992     0.3999999761581421     5.779835224151611
711     -0.7204533219337463      -0.0007609192980453372     0.3732231259346008     5.114628791809082
712     -0.7209087014198303      -0.0008549596532247961     0.3960330188274384     5.350286960601807
713     -0.7207940220832825      -8.220072777476162e-05     0.3887602984905243     5.478960514068604
714     -0.7211880087852478      -0.0009075201814994216     0.4033057689666748     5.552658081054688
715     -0.7208216190338135      -0.0001931194128701463     0.4145454168319702     5.259070873260498
716     -0.7205017805099487      -0.002131122397258878     0.3755371570587158     5.5911865234375
717     -0.7208272814750671      -0.0002119604614563286     0.3841322064399719     5.412792205810547
718     -0.720952570438385      6.996111187618226e-05     0.4079338610172272     5.453333854675293
719     -0.7204645276069641      -0.0002005620772251859     0.3963636159896851     5.410857677459717
720     -0.7201718091964722      0.0002931604976765811     0.3761983215808868     6.08815336227417
721     -0.7210012078285217      -0.0007614432252012193     0.3785123825073242     6.048999309539795
722     -0.7203810811042786      -2.160007352358662e-05     0.3851239383220673     5.355554580688477
723     -0.7207279801368713      0.0005241212784312665     0.3629752099514008     5.836759090423584
724     -0.7207298874855042      -0.001299119554460049     0.3900826275348663     5.304010391235352
725     -0.7205426096916199      -0.001240159850567579     0.3752065896987915     5.711104869842529
726     -0.7203263640403748      -0.001513720140792429     0.4042975008487701     5.783331871032715
727     -0.7203556895256042      -0.0009309211745858192     0.3844628036022186     4.713904857635498
728     -0.7205889821052551      0.003425846574828029     0.3874379992485046     6.131019592285156
729     -0.7205204367637634      -0.003718994790688157     0.3976859450340271     5.481307029724121
730     -0.7207405567169189      0.003825966734439135     0.4211569726467133     5.263707637786865
731     -0.7206590175628662      -0.0009268795838579535     0.3682644665241241     5.694535732269287
732     -0.7202825546264648      -0.000993640162050724     0.3900826275348663     4.834833145141602
733     -0.7209268808364868      -0.0003062388277612627     0.3586776554584503     5.510863304138184
734     -0.7210792899131775      -0.001513957162387669     0.4039669334888458     6.116439342498779
735     -0.7209585309028625      -0.0009438404231332242     0.3573553562164307     5.525613307952881
736     -0.7205122709274292      0.001196118886582553     0.425785094499588     5.950414657592773
737     -0.7206820249557495      0.0001143591434811242     0.4112396538257599     5.455856800079346
738     -0.720634400844574      0.004158280789852142     0.3966941833496094     5.60694408416748
739     -0.7206017374992371      0.0008537214016541839     0.3814875781536102     6.273425579071045
740     -0.720344066619873      0.0004748385399580002     0.3801652491092682     6.455362319946289
741     -0.7206495404243469      -0.002172679407522082     0.3689256012439728     5.666947841644287
742     -0.7206430435180664      -0.00114831852260977     0.4181817770004272     6.017374038696289
743     -0.7209910750389099      0.000371360860299319     0.3788429498672485     6.233305931091309
744     -0.7206257581710815      0.001279403339140117     0.3788429498672485     5.6683349609375
745     -0.7202284336090088      0.001376517699100077     0.3973553478717804     6.063406467437744
746     -0.7207064032554626      0.003422195091843605     0.395702451467514     5.371156215667725
747     -0.7204847931861877      -0.0004625615547411144     0.3738842904567719     5.791730880737305
748     -0.7202278971672058      -0.00301967840641737     0.4066115617752075     5.511809349060059
749     -0.7207319736480713      -0.001118559623137116     0.3950413167476654     5.618770122528076
750     -0.7207387685775757      -0.002288078889250755     0.4178512096405029     5.927913665771484
751     -0.7207130789756775      -0.0004129607114009559     0.3732231259346008     5.93329906463623
752     -0.7206791043281555      0.001164121204055846     0.3781817853450775     6.424120903015137
753     -0.7208332419395447      -0.001119680469855666     0.3788429498672485     5.581830501556396
754     -0.7211331725120544      0.001798560377210379     0.3656198382377625     5.667995929718018
755     -0.7207221388816833      0.00148331664968282     0.4046280682086945     6.34109354019165
756     -0.7203955054283142      -0.0008051589247770607     0.3917355239391327     4.602213382720947
757     -0.720511257648468      0.0006449606153182685     0.3960330188274384     5.692958831787109
758     -0.7205731868743896      -0.001607597572728992     0.3887602984905243     5.806100845336914
759     -0.7203869223594666      -0.002600081963464618     0.3996694087982178     5.670742034912109
760     -0.720542848110199      -0.001116920844651759     0.3861156702041626     5.449255466461182
761     -0.7207688689231873      0.0003107582160737365     0.4016528725624084     5.419962882995605
762     -0.7207531332969666      9.899982251226902e-05     0.3758677542209625     5.383950710296631
763     -0.7205690145492554      0.001051241066306829     0.3685950338840485     4.485639572143555
764     -0.7201855778694153      -6.447302439482883e-05     0.3983471095561981     5.506890773773193
765     -0.720705509185791      0.000499239657074213     0.4264462292194366     5.736854076385498
766     -0.720583975315094      0.0004024387744721025     0.4079338610172272     5.782520294189453
767     -0.7205116152763367      0.001928039360791445     0.4009917378425598     5.282500743865967
768     -0.7204770445823669      -0.0002446789585519582     0.3904131948947906     5.593236446380615
769     -0.720771312713623      0.002479760441929102     0.4009917378425598     5.246519565582275
770     -0.7211000919342041      -0.002760360715910792     0.3900826275348663     5.081914901733398
771     -0.7206374406814575      0.0007278796401806176     0.3894214630126953     6.981173992156982
772     -0.7205442190170288      -0.002508041216060519     0.4016528725624084     5.431809902191162
773     -0.7204327583312988      -0.0009387181489728391     0.3884297311306     5.683150768280029
774     -0.7206529378890991      0.0007560804369859397     0.4175206422805786     5.121156692504883
775     -0.7203022241592407      9.960066381609067e-05     0.3586776554584503     5.045025825500488
776     -0.7207127213478088      0.0002378025528742     0.4105784595012665     5.56214427947998
777     -0.7206562161445618      -0.001230240915901959     0.3963636159896851     5.626350879669189
778     -0.7208537459373474      -0.0009689995786175132     0.3818181753158569     6.482119083404541
779     -0.7207666635513306      -0.001699197920970619     0.3857851028442383     5.305805206298828
780     -0.7207717895507812      0.0007211206830106676     0.3742148578166962     5.246538639068604
781     -0.7205410599708557      -0.0004020424385089427     0.3841322064399719     5.443238258361816
782     -0.7205610871315002      -0.00261984090320766     0.3894214630126953     5.721931457519531
783     -0.7204862833023071      -1.208017783937976e-05     0.3937189877033234     5.97769021987915
784     -0.720921516418457      0.002983075799420476     0.3986776471138     5.675747871398926
785     -0.7207197546958923      -0.0001816802250687033     0.3682644665241241     6.266609668731689
786     -0.7209556102752686      0.001814237213693559     0.3953718841075897     5.499275207519531
787     -0.720618724822998      0.001883317600004375     0.3864462673664093     6.227522850036621
788     -0.7209784388542175      0.001153638586401939     0.419173538684845     5.455043792724609
789     -0.7209497094154358      -0.002976363524794579     0.4119007885456085     5.442513465881348
790     -0.7203245162963867      -0.0003983603673987091     0.3745454251766205     5.480795860290527
791     -0.7207319140434265      0.0004283230809960514     0.3996694087982178     5.888991832733154
792     -0.7203899025917053      0.000219160079723224     0.391404926776886     5.842451572418213
793     -0.7205363512039185      -0.001794797368347645     0.4419834613800049     5.72990083694458
794     -0.7207348346710205      0.002511001424863935     0.3814875781536102     5.46923303604126
795     -0.7204203009605408      -0.0009878805140033364     0.3818181753158569     5.347115993499756
796     -0.7208639979362488      0.001326200203038752     0.3699173331260681     5.661464691162109
797     -0.7206276059150696      0.001785559696145356     0.3871074318885803     5.990590572357178
798     -0.7211282849311829      0.001793197239749134     0.3894214630126953     4.847185134887695
799     -0.7205463647842407      -0.0003104401403106749     0.3841322064399719     5.465340614318848
800     -0.7208355069160461      -0.00278495904058218     0.3871074318885803     5.719258785247803
801     -0.720754861831665      -5.063886783318594e-05     0.3580164909362793     5.634739398956299
802     -0.7208625078201294      -0.002387079177424312     0.4089255928993225     5.115360736846924
803     -0.7206928730010986      0.0005355189787223935     0.359669417142868     6.047194480895996
804     -0.7206006050109863      -0.0007248801994137466     0.3623140454292297     5.953267574310303
805     -0.7207374572753906      -0.0005685598589479923     0.4072726964950562     5.678522109985352
806     -0.72048020362854      -0.001183799700811505     0.3788429498672485     5.003664970397949
807     -0.7207543253898621      -0.002229120582342148     0.3702479302883148     6.382555961608887
808     -0.7206214666366577      2.892440897994675e-05     0.3904131948947906     5.237148284912109
809     -0.720328688621521      -0.0008431193418800831     0.3752065896987915     5.551791191101074
810     -0.7207033038139343      0.001061398070305586     0.3871074318885803     5.150367259979248
811     -0.7205426692962646      0.003171401098370552     0.3778512179851532     6.298111438751221
812     -0.7205727696418762      0.001478837337344885     0.3844628036022186     5.60975170135498
813     -0.7209802269935608      0.0001442000502720475     0.3676033020019531     6.110245704650879
814     -0.7208161950111389      0.002987156622111797     0.3732231259346008     5.677352905273438
815     -0.7211966514587402      -0.001007558079436421     0.3771900534629822     5.422212600708008
816     -0.7205811142921448      0.001603600685484707     0.4009917378425598     5.950048446655273
817     -0.7206457257270813      -0.003451656782999635     0.3996694087982178     5.567843437194824
818     -0.7204726338386536      0.001494524767622352     0.3778512179851532     6.235320091247559
819     -0.7205849885940552      -0.000755520595703274     0.3768594861030579     5.464869976043701
820     -0.7205828428268433      -0.001558560761623085     0.395702451467514     5.392756938934326
821     -0.7205932140350342      -0.0007192391203716397     0.3788429498672485     5.84095573425293
822     -0.720686137676239      0.001084160176105797     0.4168594777584076     5.752707958221436
823     -0.7205336689949036      -8.424094994552433e-05     0.3705784976482391     5.206696510314941
824     -0.7208647727966309      -0.0009499980951659381     0.4013222754001617     4.813143730163574
825     -0.7207486033439636      -0.003351887222379446     0.3970247805118561     5.39670991897583
826     -0.720991849899292      0.0005331998108886182     0.4019834399223328     5.375691890716553
827     -0.7207457423210144      -0.0001591569889569655     0.3887602984905243     5.447263240814209
828     -0.7203109264373779      -0.001393479644320905     0.3933883905410767     5.317556381225586
829     -0.7205967903137207      -0.00130719889421016     0.3758677542209625     5.48161506652832
830     -0.7205363512039185      -0.00057588005438447     0.3824793100357056     5.776791572570801
831     -0.7208084464073181      -0.001408081618137658     0.3993388116359711     5.277865886688232
832     -0.7206892371177673      0.0003338010283187032     0.3685950338840485     6.595775127410889
833     -0.7205647230148315      -0.0003344010037835687     0.3599999845027924     5.75442361831665
834     -0.7209938168525696      -0.00302768056280911     0.3748759925365448     5.283652305603027
835     -0.7202426195144653      0.003462838008999825     0.4042975008487701     5.578858852386475
836     -0.7201917767524719      0.001648800331167877     0.391404926776886     5.409160137176514
837     -0.720723569393158      0.0004278371343389153     0.3570247888565063     4.87459659576416
838     -0.7204799056053162      -0.001646879711188376     0.392066091299057     5.779727458953857
839     -0.7208417057991028      -0.001980392728000879     0.3973553478717804     5.541576385498047
840     -0.7204945683479309      -0.0030142015311867     0.3752065896987915     5.504518985748291
841     -0.720764696598053      0.002775192726403475     0.4026446044445038     5.585224151611328
842     -0.721000075340271      -0.000284241046756506     0.4115702211856842     6.006945133209229
843     -0.7205501794815063      0.001891402993351221     0.3950413167476654     5.946730136871338
844     -0.7207899689674377      -0.0007669213810004294     0.416198343038559     6.224664688110352
845     -0.7210490703582764      0.001736839883960783     0.3804958462715149     5.062984943389893
846     -0.720845103263855      0.0008444011909887195     0.3996694087982178     5.410521030426025
847     -0.7206768393516541      -0.001644117408432066     0.3983471095561981     5.025562763214111
848     -0.7210341095924377      0.001715922495350242     0.3672727048397064     5.254248142242432
849     -0.7205005288124084      -1.67204507306451e-05     0.3973553478717804     5.170354843139648
850     -0.7206860184669495      0.002062676474452019     0.3781817853450775     5.548153877258301
851     -0.720786452293396      0.001685080002062023     0.3851239383220673     5.34894847869873
852     -0.7203447222709656      -0.0009136400185525417     0.3838016390800476     5.553684711456299
853     -0.7208777070045471      -0.002901201602071524     0.3719007968902588     5.983008861541748
854     -0.7207673788070679      0.001344041200354695     0.3775206208229065     6.286449909210205
855     -0.7205926775932312      0.001106040086597204     0.392066091299057     5.425562858581543
856     -0.7202911376953125      0.0002752006112132221     0.4158677160739899     5.247085094451904
857     -0.7208810448646545      0.002137962961569428     0.416198343038559     5.543030738830566
858     -0.7210648655891418      -0.001530044944956899     0.3761983215808868     5.592491626739502
859     -0.7204627394676208      -5.843943290528841e-05     0.422809898853302     5.468199729919434
860     -0.720786988735199      0.0006325985887087882     0.3990082442760468     5.552392482757568
861     -0.7206563353538513      -0.001454398850910366     0.4016528725624084     5.633402347564697
862     -0.7210981249809265      -0.001146319089457393     0.3900826275348663     5.70649528503418
863     -0.7208046317100525      -0.001832561916671693     0.3841322064399719     5.670549392700195
864     -0.7207134962081909      0.0002600427251309156     0.3973553478717804     5.106993198394775
865     -0.7206493020057678      -0.0008017217624001205     0.358347088098526     5.749058246612549
866     -0.720494270324707      -0.002690163441002369     0.3771900534629822     5.355978965759277
867     -0.7205714583396912      -0.00127272040117532     0.4009917378425598     5.581167697906494
868     -0.721469521522522      0.0006222410011105239     0.395702451467514     5.148901462554932
869     -0.7209213376045227      -0.0002543609007261693     0.3983471095561981     5.113048076629639
870     -0.7205367088317871      0.0001878381008282304     0.4115702211856842     5.525975227355957
871     -0.7206150889396667      0.00279983994551003     0.4175206422805786     5.249992370605469
872     -0.7204993367195129      -0.0008252428960986435     0.4062809646129608     5.412067890167236
873     -0.7209146022796631      0.0005434404010884464     0.4016528725624084     4.91411304473877
874     -0.7205873727798462      -0.0001410792610840872     0.3553718626499176     5.505147457122803
875     -0.7208274006843567      0.000415043265093118     0.3963636159896851     6.117411136627197
876     -0.7210227251052856      0.002656482858583331     0.4079338610172272     5.616170406341553
877     -0.72014981508255      -0.0001612404303159565     0.3616528809070587     5.17327356338501
878     -0.7209674119949341      0.001883794437162578     0.3834710419178009     5.989177227020264
879     -0.7210243940353394      0.002221120521426201     0.3947107195854187     5.318316459655762
880     -0.7210219502449036      -0.0004269620403647423     0.4052892327308655     5.603922367095947
881     -0.7204993367195129      0.000229920246056281     0.3755371570587158     5.078823566436768
882     -0.7205684781074524      -0.0003577610186766833     0.3659503757953644     5.359639644622803
883     -0.720741331577301      0.0007666812161915004     0.3861156702041626     5.504461288452148
884     -0.7210791707038879      -0.0006896395934745669     0.3966941833496094     5.294843673706055
885     -0.7207989096641541      0.00256651802919805     0.3993388116359711     5.769888877868652
886     -0.720888614654541      0.0009094008710235357     0.4023140370845795     6.316065788269043
887     -0.720407247543335      -0.001352521823719144     0.3758677542209625     5.265433788299561
888     -0.7209511995315552      -0.002382118720561266     0.3999999761581421     5.418291568756104
889     -0.7209769487380981      0.0005053198547102511     0.392066091299057     5.319746971130371
890     -0.7207988500595093      0.001484840060584247     0.3930578231811523     5.302402496337891
891     -0.7208012938499451      0.0006399191333912313     0.4006611406803131     5.364418029785156
892     -0.7205580472946167      0.004089766182005405     0.3940495550632477     5.959077835083008
893     -0.7204640507698059      -0.001463199849240482     0.3801652491092682     5.419249057769775
894     -0.7210766077041626      -0.0002227996883448213     0.3980165123939514     4.933931827545166
895     -0.7210267186164856      -0.001164439483545721     0.3639669120311737     5.428353309631348
896     -0.7210348844528198      0.0001810003450373188     0.3841322064399719     5.371208190917969
897     -0.7210636734962463      -0.002570998854935169     0.359669417142868     5.275952816009521
898     -0.7207024693489075      0.0008717206073924899     0.3788429498672485     5.529881477355957
899     -0.7208483815193176      0.0005505197332240641     0.3722313940525055     5.47328519821167
900     -0.7205552458763123      0.004064085893332958     0.3993388116359711     5.446818828582764
901     -0.7210161089897156      -0.001530601177364588     0.3804958462715149     5.111313343048096
902     -0.720517635345459      4.420088953338563e-05     0.3768594861030579     5.744987964630127
903     -0.7207479476928711      -0.0007069185376167297     0.3821487426757812     5.547890186309814
904     -0.7206099033355713      -0.001314121065661311     0.4013222754001617     5.82259464263916
905     -0.7207192182540894      0.002077398356050253     0.3656198382377625     5.71318244934082
906     -0.7204917073249817      6.291997124208137e-05     0.4049586653709412     5.395550727844238
907     -0.7207701802253723      -0.000805759453214705     0.391404926776886     5.981194496154785
908     -0.7204474210739136      0.0008724802755750716     0.3682644665241241     6.173054218292236
909     -0.7205992937088013      -0.0001520817168056965     0.4059503972530365     5.179165840148926
910     -0.7207892537117004      0.0002394796174485236     0.4013222754001617     5.809273242950439
911     -0.7207328677177429      -0.000515640014782548     0.4165289103984833     5.786572933197021
912     -0.7204152941703796      -0.0009347213781438768     0.3735536932945251     5.134101390838623
913     -0.7207240462303162      0.003952240105718374     0.3719007968902588     5.972259998321533
914     -0.7208004593849182      0.002050401642918587     0.4152065813541412     5.260066032409668
915     -0.7208256125450134      0.001413881196640432     0.4095867574214935     5.564934730529785
916     -0.7201970219612122      -0.0003821616701316088     0.3709090948104858     5.959855556488037
917     -0.7207086682319641      0.002954873954877257     0.3801652491092682     5.146512508392334
918     -0.7204254269599915      -0.003627232275903225     0.3781817853450775     5.244518756866455
919     -0.7206193804740906      0.002849320881068707     0.422809898853302     6.251148223876953
920     -0.7203068137168884      0.002275916747748852     0.3824793100357056     5.95172119140625
921     -0.7206838130950928      0.0003180791682098061     0.3963636159896851     5.338359355926514
922     -0.7207775115966797      0.002490240382030606     0.3818181753158569     5.78484582901001
923     -0.7206538915634155      -7.384223863482475e-05     0.4036363661289215     5.646115779876709
924     -0.7209295630455017      -0.0003127625968772918     0.3923966884613037     5.531835079193115
925     -0.7201355695724487      -0.0004843201022595167     0.395702451467514     5.906620502471924
926     -0.7207067012786865      -0.00215616007335484     0.3861156702041626     5.674929141998291
927     -0.7208653688430786      0.0002488830941729248     0.3986776471138     5.965932369232178
928     -0.7202784419059753      -0.0002260401961393654     0.3765289187431335     5.492739677429199
929     -0.720512330532074      0.001557797542773187     0.3933883905410767     5.129090785980225
930     -0.7208053469657898      -0.002406632760539651     0.3841322064399719     5.698487281799316
931     -0.7204784750938416      -0.002886837581172585     0.3705784976482391     5.400611877441406
932     -0.7208642959594727      0.00108876044396311     0.3930578231811523     5.860964298248291
933     -0.7210898995399475      -0.001562479417771101     0.3791735470294952     5.28664493560791
934     -0.7205697298049927      -0.0007956374320201576     0.3851239383220673     5.466720104217529
935     -0.7210140824317932      0.0001566395221743733     0.3824793100357056     5.929316520690918
936     -0.7209541797637939      0.002513597486540675     0.3662809729576111     5.554236888885498
937     -0.7206723093986511      0.00133336428552866     0.3834710419178009     5.548497676849365
938     -0.7208288311958313      0.00258307927288115     0.3894214630126953     5.548514842987061
939     -0.7209293842315674      -1.463981243432499e-05     0.3798346817493439     5.558471202850342
940     -0.720552921295166      0.0008650788222439587     0.4019834399223328     6.166913509368896
941     -0.7206457257270813      -0.0001449188130209222     0.4175206422805786     5.251893997192383
942     -0.7209506630897522      -0.004794966895133257     0.392727255821228     5.943049430847168
943     -0.7207514047622681      7.383965566987172e-05     0.3818181753158569     5.495117664337158
944     -0.7206358313560486      0.002646962180733681     0.3543801605701447     5.678479194641113
945     -0.7204497456550598      0.000111359688162338     0.3719007968902588     6.392011642456055
946     -0.7210678458213806      0.001183881191536784     0.3801652491092682     6.045890331268311
947     -0.7206681966781616      0.000907320121768862     0.3910743594169617     5.938097476959229
948     -0.7205491662025452      0.001737679122015834     0.4019834399223328     6.076872825622559
949     -0.720775842666626      0.0005709987599402666     0.3761983215808868     5.602870941162109
950     -0.7206789255142212      -0.0009147190139628947     0.3821487426757812     5.400448322296143
951     -0.7204123735427856      -0.001308638253249228     0.4148760139942169     5.411468982696533
952     -0.7208487987518311      -0.002852636622264981     0.3649586737155914     5.115795135498047
953     -0.7205314040184021      -0.0006226789555512369     0.3871074318885803     5.564386367797852
954     -0.7208184003829956      0.0009706796845421195     0.4138842821121216     5.061065196990967
955     -0.7208415269851685      0.001167680136859417     0.3976859450340271     5.356027603149414
956     -0.7206509113311768      0.0004549626901280135     0.3795041143894196     5.509289264678955
957     -0.7203705906867981      0.0001834413269534707     0.4148760139942169     5.824375152587891
958     -0.7205928564071655      -0.002469717292115092     0.3775206208229065     5.4765305519104
959     -0.721172571182251      0.002955118427053094     0.423801600933075     6.08883810043335
960     -0.7203882932662964      0.003722322406247258     0.4013222754001617     5.089925765991211
961     -0.7207736968994141      -0.0009883989114314318     0.3808264136314392     5.652839660644531
962     -0.7207459807395935      0.00212848256342113     0.3695867657661438     5.495448112487793
963     -0.7205628752708435      -0.0002297210448887199     0.4231404662132263     4.953843593597412
964     -0.7210142612457275      0.003384482581168413     0.3629752099514008     5.706302165985107
965     -0.7206305265426636      -0.002342397579923272     0.3791735470294952     5.454263210296631
966     -0.7205392122268677      -0.001566880266182125     0.387768566608429     6.002164363861084
967     -0.7207849025726318      -0.0008769200067035854     0.3666115403175354     5.676479816436768
968     -0.7205202579498291      0.00088168412912637     0.3636363446712494     5.512770652770996
969     -0.7209187746047974      -0.003568923566490412     0.4145454168319702     5.916988849639893
970     -0.7206673622131348      0.0003428416966926306     0.3874379992485046     5.554017066955566
971     -0.7207913398742676      -0.003075039945542812     0.3752065896987915     5.5303635597229
972     -0.7206575274467468      0.0016464798245579     0.4003305733203888     5.618008136749268
973     -0.7209531664848328      4.908192568109371e-05     0.3904131948947906     5.482025623321533
974     -0.7209685444831848      -3.838822067336878e-06     0.3758677542209625     5.258601665496826
975     -0.7206969857215881      0.0006696396158076823     0.4033057689666748     5.206173896789551
976     -0.7204592823982239      -0.0003138789033982903     0.4082644283771515     5.917546272277832
977     -0.720604419708252      -0.0009736015344969928     0.3646280765533447     5.421100616455078
978     -0.7207913994789124      0.0001063174131559208     0.3854545056819916     6.122417449951172
979     -0.7201374769210815      -0.00201252126134932     0.424132227897644     5.398862361907959
980     -0.7205926179885864      0.0005140801658853889     0.390743762254715     5.15323543548584
981     -0.7208435535430908      -0.0004529991128947586     0.3795041143894196     5.303664684295654
982     -0.7207531929016113      0.001316600129939616     0.3685950338840485     6.063695907592773
983     -0.7209514379501343      -0.00195036199875176     0.392066091299057     5.61977481842041
984     -0.7208446264266968      -0.0007238382822833955     0.3861156702041626     6.125640869140625
985     -0.720721423625946      0.001988120144233108     0.3953718841075897     5.336040496826172
986     -0.7211664319038391      -0.000719560484867543     0.4023140370845795     5.375648021697998
987     -0.7205713987350464      -0.00163351884111762     0.3814875781536102     5.99969482421875
988     -0.7204267978668213      0.001459120074287057     0.389090895652771     6.124304294586182
989     -0.7208535671234131      0.00392996659502387     0.3752065896987915     5.49443244934082
990     -0.720496654510498      -0.002474440261721611     0.4119007885456085     4.949189186096191
991     -0.7203634977340698      0.001963724615052342     0.3923966884613037     6.084066390991211
992     -0.7204992771148682      0.0003708386793732643     0.4138842821121216     5.606976985931396
993     -0.7211352586746216      0.00116452225483954     0.3996694087982178     5.315225601196289
994     -0.7207245230674744      -0.001896157977171242     0.3943801522254944     5.566946506500244
995     -0.7207518815994263      -0.001555117312818766     0.3814875781536102     5.522284030914307
996     -0.7204453945159912      -0.0001544384431326762     0.3808264136314392     4.894796371459961
997     -0.720515251159668      -0.002796038286760449     0.3811570107936859     4.886870861053467
998     -0.7206060290336609      -0.0007748401840217412     0.3728925287723541     5.616899013519287
999     -0.7207463979721069      3.795992233790457e-05     0.3685950338840485     5.016021251678467
1000     -0.7210488319396973      0.002249318640679121     0.4132230877876282     5.566731452941895
