# Simulazione modello di Ising 1D
# Mossa 	 Energia 	 Magnetizzazione 	 Calore specifico 	 Suscettività
1 -0.5549265146255493 0.001305599231272936 0.2649999856948853 2.19144
2 -0.5539113283157349 0.000584800262004137 0.2552343606948853 2.26864
3 -0.5538532137870789 -0.001983199967071414 0.2464843541383743 2.09799
4 -0.5548376441001892 -0.0004535999323707074 0.2423437237739563 2.40242
5 -0.5551239252090454 -0.00199839984998107 0.2949218451976776 2.25023
6 -0.5545399188995361 -0.002084000967442989 0.2697656154632568 2.22865
7 -0.5549482107162476 -0.001879598828963935 0.2578906118869781 2.28107
8 -0.5537766814231873 -0.003030000254511833 0.283515602350235 2.17685
9 -0.5544866919517517 -0.0002016001963056624 0.2872655987739563 2.31507
10 -0.5533240437507629 -0.0003699999942909926 0.3013280928134918 2.37676
11 -0.5543359518051147 -0.002428400097414851 0.3203124701976776 2.03407
12 -0.5551259517669678 -9.20000638870988e-06 0.3051562309265137 2.31695
13 -0.5552966594696045 0.002493199426680803 0.2727343440055847 1.85952
14 -0.5548791885375977 0.001354800304397941 0.2479687184095383 2.06918
15 -0.5554434061050415 0.000237200190895237 0.236640602350235 1.91972
16 -0.5550114512443542 0.0008947997121140361 0.2789843380451202 1.43357
17 -0.5539543628692627 -0.002094798954203725 0.271796852350235 2.11318
18 -0.5555279850959778 -0.001043600030243397 0.2844530940055847 2.61151
19 -0.5548856258392334 0.001412400626577437 0.2332030981779099 2.4629
20 -0.5541313886642456 0.001078399014659226 0.2587499618530273 2.24861
21 -0.5540581345558167 -0.002365197986364365 0.2559374868869781 2.19494
22 -0.5541032552719116 0.002999199787154794 0.240781232714653 1.62194
23 -0.554911196231842 -0.004536804277449846 0.275703102350235 2.60028
24 -0.5550751686096191 -0.002850397489964962 0.2679687142372131 2.44686
25 -0.5549532175064087 -3.919911250704899e-05 0.2253905981779099 2.82248
26 -0.5544451475143433 0.004893596284091473 0.2629687190055847 1.9997
27 -0.5541017055511475 -0.005171997006982565 0.2899218499660492 1.95317
28 -0.5546783208847046 0.001375199761241674 0.2358593493700027 2.36979
29 -0.5552029609680176 0.00253720092587173 0.238593727350235 2.04386
30 -0.5531641244888306 -0.0008007988799363375 0.3110156059265137 2.78481
31 -0.5544643998146057 -0.0009135990985669196 0.2660937309265137 2.26889
32 -0.55448317527771 0.001107599935494363 0.2899999618530273 2.49351
33 -0.5542930364608765 0.001368800294585526 0.2985155880451202 2.28799
34 -0.5544623732566833 -0.0009263991378247738 0.2785156071186066 2.00832
35 -0.5546098947525024 -0.002323999302461743 0.278437465429306 2.03159
36 -0.5550703406333923 0.0009423993178643286 0.2389843463897705 2.49379
37 -0.5534169673919678 0.0008051995537243783 0.273749977350235 2.40398
38 -0.5537726879119873 0.001858800882473588 0.2804687321186066 2.32783
39 -0.5548614263534546 -0.003655598731711507 0.2264062315225601 1.83755
40 -0.5546697378158569 0.0009888005442917347 0.2509374618530273 2.2561
41 -0.5542363524436951 -0.002692800248041749 0.2524218559265137 1.97115
42 -0.5540062785148621 -0.002270800760015845 0.2733593583106995 2.14596
43 -0.5537328124046326 -0.000577999628148973 0.2710937261581421 1.80471
44 -0.5544512867927551 -0.0002079984406009316 0.2326562255620956 2.10633
45 -0.5536505579948425 -0.003664398565888405 0.2649999856948853 1.95984
46 -0.5554553270339966 0.003091199556365609 0.2656249701976776 1.68864
47 -0.5548840761184692 -0.0004204009019304067 0.251093715429306 1.90742
48 -0.5541534423828125 0.002406399929895997 0.2596874833106995 2.10362
49 -0.5547982454299927 0.001742799766361713 0.2793749868869781 2.13317
50 -0.55466228723526 -0.0004959998186677694 0.2497656047344208 1.69219
51 -0.5541853308677673 -0.002288399962708354 0.2478906065225601 2.42183
52 -0.555525004863739 0.001054400112479925 0.2948437333106995 2.12617
53 -0.5542129874229431 0.001335600041784346 0.2257812321186066 2.12176
54 -0.5546250939369202 -0.001003999728709459 0.2709374725818634 1.84287
55 -0.5540304183959961 -0.002088000532239676 0.2625780999660492 2.20252
56 -0.5545897483825684 -0.0006071973475627601 0.2753905951976776 2.6412
57 -0.5555180907249451 0.001125999609939754 0.2549218535423279 2.25202
58 -0.555060863494873 -0.006006801035255194 0.2825781106948853 2.18239
59 -0.5553866624832153 0.003653201274573803 0.280078113079071 2.16937
60 -0.5543360114097595 -0.001526801381260157 0.2488280981779099 1.87337
61 -0.5533087849617004 0.001280799508094788 0.2798437178134918 1.48579
62 -0.5542227625846863 -0.0003264005063101649 0.2541406154632568 1.83956
63 -0.5547106862068176 0.002954796655103564 0.2696874737739563 2.26673
64 -0.5549610257148743 -0.002383997896686196 0.2664843499660492 2.55596
65 -0.5546360015869141 -0.001475599128752947 0.2470312267541885 2.29961
66 -0.5547239184379578 0.002600000472739339 0.2780468463897705 2.0489
67 -0.5545941591262817 -0.001321201445534825 0.2704687118530273 2.02783
68 -0.5544137954711914 -0.0004240000271238387 0.2788281142711639 1.96847
69 -0.5543741583824158 0.001396401552483439 0.2875781059265137 2.33477
70 -0.5555861592292786 0.004191196989268064 0.3008593618869781 2.1537
71 -0.5539969801902771 0.001299599651247263 0.2278124690055847 1.83998
72 -0.5549775362014771 -0.0003323994169477373 0.2579687237739563 1.93182
73 -0.5543161630630493 0.001091600628569722 0.2626562118530273 2.15687
74 -0.5547827482223511 0.003084000200033188 0.244218721985817 2.17181
75 -0.5553618669509888 0.0007251997594721615 0.2864843606948853 2.60184
76 -0.5546222925186157 0.001758000231347978 0.2983593642711639 1.81805
77 -0.5545048117637634 -0.003263999242335558 0.2760156095027924 1.96953
78 -0.5540308356285095 0.002381999511271715 0.2539062201976776 1.97303
79 -0.5536438822746277 0.0009851991198956966 0.2685155868530273 2.69893
80 -0.5542395114898682 0.002819597022607923 0.262031227350235 2.09094
81 -0.5548471808433533 -0.001590800355188549 0.2632812261581421 2.0644
82 -0.5549591779708862 0.0004863991634920239 0.264765590429306 1.60486
83 -0.5548151135444641 -0.003083599964156747 0.2679687142372131 2.42029
84 -0.555060863494873 0.0001951984595507383 0.2667968571186066 2.16897
85 -0.5557095408439636 -0.00452519953250885 0.2633593380451202 2.16067
86 -0.5547255873680115 -0.0001068003912223503 0.2779687345027924 2.10739
87 -0.554298460483551 6.639932689722627e-05 0.2478124797344208 2.17105
88 -0.5546973943710327 0.001934800180606544 0.276171863079071 2.27941
89 -0.5539558529853821 -0.003117200918495655 0.2739062309265137 1.8486
90 -0.554661750793457 -0.001081999158486724 0.2808593511581421 2.00139
91 -0.5542705655097961 0.0007380007300525904 0.2649999856948853 1.94777
92 -0.5550727248191833 -0.0005008007865399122 0.2939062118530273 2.34392
93 -0.554831326007843 0.0004791995452251285 0.2599999904632568 2.07064
94 -0.5546131134033203 -0.0004183997516520321 0.224921852350235 1.72607
95 -0.5534167885780334 0.003680400783196092 0.2665624618530273 1.98962
96 -0.5548480749130249 -0.00188599934335798 0.2942187190055847 1.96363
97 -0.5540408492088318 0.0003195999597664922 0.2582030892372131 2.46417
98 -0.555156946182251 -0.002911201445385814 0.2408593446016312 1.72159
99 -0.5545094013214111 0.0001224002917297184 0.2482030987739563 1.7489
100 -0.5552539825439453 -0.00122479978017509 0.2721093595027924 1.94571
101 -0.5538628697395325 -0.0009964021155610681 0.2710156142711639 2.27099
102 -0.5546907782554626 -0.001204799977131188 0.2632031142711639 2.00157
103 -0.5546799898147583 0.00302280206233263 0.2378124743700027 2.13278
104 -0.5543258190155029 0.0008196004782803357 0.2353906035423279 1.67788
105 -0.5544723272323608 -0.001950800302438438 0.2912499904632568 2.37267
106 -0.5542400479316711 -0.0006191998836584389 0.2844530940055847 1.8597
107 -0.5547496676445007 -0.0002152002125512809 0.3102343380451202 2.10645
108 -0.554510235786438 -0.00159439945127815 0.2961718440055847 1.698
109 -0.5551936626434326 0.003039597533643246 0.2586718499660492 1.8029
110 -0.5539832711219788 0.003737604944035411 0.294062465429306 2.3536
111 -0.5557632446289062 0.001178399892523885 0.2490624785423279 1.90599
112 -0.5555224418640137 0.001031599822454154 0.2783593535423279 1.90066
113 -0.555349588394165 0.003972799517214298 0.2674999833106995 1.91301
114 -0.5549957752227783 -0.0006707994034513831 0.2649999856948853 2.13349
115 -0.5539343953132629 0.0005192006356082857 0.2436718493700027 2.16132
116 -0.5546107888221741 0.0002592001692391932 0.2753124833106995 1.71066
117 -0.5554089546203613 -0.0005736008752137423 0.2817187309265137 1.86421
118 -0.5547774434089661 -0.0007815978024154902 0.2685937285423279 2.20962
119 -0.5557361841201782 -0.001977199222892523 0.2617187201976776 2.11581
120 -0.5556334853172302 0.0003571989946067333 0.2628906071186066 1.98735
121 -0.5551530122756958 0.0008683998021297157 0.2729687392711639 2.10385
122 -0.5552303194999695 -0.0007019998738542199 0.258593738079071 2.29719
123 -0.5548698306083679 0.001032800297252834 0.2648437321186066 2.02003
124 -0.5557791590690613 0.00117759732529521 0.2766405940055847 2.46006
125 -0.5544015169143677 0.003050002735108137 0.2558593451976776 2.11111
126 -0.5544397234916687 0.001867199316620827 0.2496874779462814 2.13332
127 -0.5542024970054626 -0.0009472007513977587 0.2714843451976776 2.1939
128 -0.5543991327285767 -0.000512400409206748 0.2918749749660492 2.19294
129 -0.5552111864089966 -0.001819199416786432 0.2570312321186066 2.47973
130 -0.5552327632904053 0.0001096001360565424 0.256171852350235 2.12635
131 -0.5548840165138245 0.002466401783749461 0.2807030975818634 2.06131
132 -0.5544137954711914 -0.00354359857738018 0.2840624749660492 2.14045
133 -0.5550262928009033 -0.002497199922800064 0.2727343440055847 2.5831
134 -0.5555949807167053 -0.006907598115503788 0.2757812142372131 2.02771
135 -0.5548117756843567 -0.001327600562945008 0.2843749821186066 2.02307
136 -0.5559645295143127 0.001420000218786299 0.268671840429306 2.30109
137 -0.5550441145896912 -0.0009059998556040227 0.2759374678134918 1.96949
138 -0.5546273589134216 0.00137679826002568 0.2586718499660492 2.43988
139 -0.5553930401802063 0.003035201225429773 0.2723437249660492 1.90905
140 -0.5549564361572266 -0.0003316000511404127 0.283984363079071 2.68587
141 -0.5534219741821289 0.002113599563017488 0.2638280987739563 2.37803
142 -0.5547398328781128 0.0002923996653407812 0.2868749797344208 1.77643
143 -0.553857684135437 -0.001789999776519835 0.3051562309265137 1.79219
144 -0.5551450252532959 0.003028802340850234 0.2472656071186066 2.31674
145 -0.5550271272659302 0.004616797436028719 0.2689062356948853 2.11904
146 -0.5543345212936401 0.001963200280442834 0.2752343416213989 1.80266
147 -0.5543813705444336 -2.840009983628988e-05 0.2579687237739563 1.94433
148 -0.5540514588356018 -0.001931199803948402 0.2697656154632568 1.90317
149 -0.55350661277771 -0.001740400562994182 0.240546852350235 2.29927
150 -0.5545687079429626 -0.001770799048244953 0.2455468475818634 2.21601
151 -0.5546151399612427 -0.0007283999584615231 0.301562488079071 2.35253
152 -0.5539506077766418 -0.001838397933170199 0.2500781118869781 1.69355
153 -0.5546761751174927 0.002302800305187702 0.2719531059265137 2.74135
154 -0.5544625520706177 0.001966799609363079 0.2528124749660492 1.87267
155 -0.5547448992729187 0.0001919991918839514 0.2841405868530273 2.48704
156 -0.5539106130599976 -0.001705999602563679 0.2735937237739563 2.47204
157 -0.555086076259613 0.001985600451007485 0.3007812201976776 2.25468
158 -0.5550030469894409 -4.279929999029264e-05 0.3144530951976776 2.23788
159 -0.554579496383667 -0.003929999191313982 0.2618749737739563 2.14143
160 -0.5545868277549744 0.002205599099397659 0.262812465429306 1.85351
161 -0.5549769997596741 -0.00227559800259769 0.2684374749660492 2.32089
162 -0.5548112392425537 -0.0024483990855515 0.3021093606948853 1.96472
163 -0.5549554824829102 0.001527999760583043 0.293749988079071 1.53947
164 -0.5540202856063843 0.001956800697371364 0.2521093487739563 2.4682
165 -0.5540617704391479 0.001134000369347632 0.2655468583106995 2.07816
166 -0.5542054772377014 0.002310801297426224 0.234687477350235 2.30502
167 -0.5543606877326965 0.001966398907825351 0.274531215429306 2.4741
168 -0.5545802712440491 0.002851599594578147 0.2962499856948853 2.85882
169 -0.5546322464942932 -0.001217200420796871 0.2437499761581421 1.99219
170 -0.5547407269477844 0.0002812002785503864 0.2575781047344208 1.67234
171 -0.5538225769996643 -0.00230680126696825 0.2536718547344208 2.26526
172 -0.5537272691726685 0.001686799572780728 0.2750780880451202 2.87625
173 -0.5553376078605652 -0.002127600135281682 0.2932031154632568 1.75274
174 -0.5543757081031799 0.002549999859184027 0.2881249785423279 1.84678
175 -0.553652822971344 0.001905199838802218 0.2524218559265137 1.99621
176 -0.5534273982048035 0.001718398998491466 0.2389062196016312 1.69809
177 -0.5542235970497131 0.0008696013246662915 0.2892968654632568 2.24678
178 -0.5546297430992126 0.005321600940078497 0.2511718571186066 1.89248
179 -0.5552850365638733 0.000459999602753669 0.2440624684095383 2.20191
180 -0.5546582341194153 -0.00253679882735014 0.2626562118530273 2.5294
181 -0.5553929805755615 -0.0008360008359886706 0.2440624684095383 2.18568
182 -0.5553451180458069 -0.001417599734850228 0.2754687368869781 1.75862
183 -0.554080069065094 -0.00363640021532774 0.2369530946016312 1.98639
184 -0.5549128651618958 0.003066800069063902 0.3029687404632568 2.43344
185 -0.5547389984130859 -0.001049600192345679 0.2689843475818634 2.02739
186 -0.5549720525741577 0.003317198948934674 0.2994531095027924 1.69255
187 -0.5532634258270264 -0.003504801541566849 0.2399999797344208 2.22546
188 -0.554739236831665 0.000889200484380126 0.2882812321186066 2.32381
189 -0.5540105700492859 -0.0004288003838155419 0.2653906047344208 2.43769
190 -0.5539292693138123 0.001462800311855972 0.2822656035423279 2.27263
191 -0.5544682741165161 -0.001147600123658776 0.2458593547344208 1.98069
192 -0.554108202457428 0.002347200177609921 0.2432031035423279 2.5651
193 -0.555386483669281 -0.002300000749528408 0.2723437249660492 2.32266
194 -0.5547865629196167 -0.002199599053710699 0.2649218440055847 2.2897
195 -0.5543938279151917 0.002992002060636878 0.279609352350235 2.07809
196 -0.5548572540283203 -0.0002692007983569056 0.269843727350235 1.94811
197 -0.5549072027206421 0.0033179996535182 0.254687488079071 2.16416
198 -0.5550063848495483 -0.0008256001747213304 0.2734374701976776 1.98245
199 -0.5548840165138245 0.001552399597130716 0.2953124642372131 2.11517
200 -0.5555366277694702 0.001855599228292704 0.3003124892711639 2.09728
201 -0.5547824501991272 0.002646400826051831 0.2674999833106995 2.03683
202 -0.5547537803649902 0.00264679966494441 0.2694531083106995 2.0729
203 -0.5555928945541382 -0.0001256002724403515 0.2958593368530273 1.76991
204 -0.5539263486862183 0.0004720000724773854 0.2521093487739563 2.54084
205 -0.5538521409034729 0.0005248005036264658 0.3027343451976776 2.15447
206 -0.5539121627807617 -0.001330399536527693 0.2814843654632568 1.88348
207 -0.5531952381134033 0.002708000363782048 0.2487499713897705 1.84393
208 -0.5547978281974792 -0.001617599278688431 0.2648437321186066 2.64755
209 -0.553970992565155 0.001772801042534411 0.2472656071186066 2.17643
210 -0.5545350909233093 0.002800799673423171 0.2863281071186066 1.69378
211 -0.5546407103538513 -0.002815598854795098 0.258906215429306 1.77967
212 -0.5553039312362671 -0.002939600264653563 0.2824999690055847 2.44194
213 -0.5547580718994141 -0.002892001066356897 0.3120312392711639 2.25049
214 -0.5547159910202026 0.002983201760798693 0.2948437333106995 1.66578
215 -0.5544162392616272 -0.00156040012370795 0.2965624630451202 2.1303
216 -0.5543110370635986 0.0002043994900304824 0.2532030940055847 2.17064
217 -0.5538200736045837 0.0001239997218362987 0.2767968475818634 1.7705
218 -0.5549712181091309 -0.003488800022751093 0.2371093481779099 2.02986
219 -0.5537497997283936 -0.002080401871353388 0.252734363079071 2.85818
220 -0.5534026026725769 -0.005599597003310919 0.266406238079071 2.01567
221 -0.5552355051040649 -0.001372399623505771 0.2546093463897705 2.06694
222 -0.5552807450294495 0.00051800039364025 0.2748437225818634 2.34141
223 -0.5542619824409485 0.001878400449641049 0.2849218547344208 1.91692
224 -0.5550633668899536 -0.001377600710839033 0.2384374737739563 2.27617
225 -0.5548338294029236 0.001588799525052309 0.2539062201976776 1.44555
226 -0.5557066798210144 -0.001212800270877779 0.2643749713897705 2.33822
227 -0.5548784136772156 0.002033601747825742 0.2349999696016312 2.05685
228 -0.5543361902236938 0.002373199677094817 0.2568749785423279 1.93505
229 -0.5548064708709717 -0.001921599148772657 0.2775781154632568 1.91662
230 -0.5554631948471069 0.001809999463148415 0.2792968451976776 1.5548
231 -0.5547497272491455 -0.002558800857514143 0.2512499690055847 2.19001
232 -0.5548617243766785 9.360031981486827e-05 0.2719531059265137 1.87533
233 -0.5550932288169861 -0.0004160002572461963 0.2743749618530273 2.18653
234 -0.5550535917282104 -0.001202400191687047 0.2629687190055847 1.96158
235 -0.5547042489051819 0.001129600452259183 0.2307031005620956 2.43614
236 -0.5542712211608887 0.00108279986307025 0.2649218440055847 2.11745
237 -0.554344654083252 -0.001031599822454154 0.2707031071186066 2.1807
238 -0.5547105669975281 -0.001505600521340966 0.2511718571186066 2.58739
239 -0.5553328394889832 0.0007079996867105365 0.2824218571186066 2.26987
240 -0.5535966157913208 -0.001129597891122103 0.2649218440055847 2.01985
241 -0.5545701384544373 0.0006519992020912468 0.2814843654632568 2.05071
242 -0.5558118224143982 -0.001801599515601993 0.2645312249660492 2.35818
243 -0.5545696020126343 0.004017200320959091 0.2851562201976776 2.02536
244 -0.55391526222229 0.0001480005739722401 0.2421874701976776 3.12848
245 -0.5535879135131836 8.360100036952645e-05 0.276171863079071 2.44305
246 -0.5541781783103943 0.001513600116595626 0.2758593559265137 2.70266
247 -0.5554506778717041 0.002401200123131275 0.2616406083106995 2.46856
248 -0.555207371711731 0.002431599190458655 0.2571874856948853 1.87458
249 -0.5548681616783142 -0.002649199450388551 0.2428905963897705 2.14634
250 -0.5555350780487061 0.003249599365517497 0.2738280892372131 2.1079
251 -0.5540302395820618 -0.002443200210109353 0.319453090429306 1.8745
252 -0.5537129640579224 0.0009320007520727813 0.2756249904632568 2.47552
253 -0.5537934303283691 0.0001135998973040842 0.2894530892372131 2.04835
254 -0.5544970035552979 -0.001410399796441197 0.2798437178134918 2.06611
255 -0.554738461971283 -0.002195599488914013 0.2611718475818634 1.88048
256 -0.5548328757286072 -0.00014040048699826 0.2850781083106995 2.09708
257 -0.5553300976753235 0.003848400199785829 0.2982031106948853 2.06771
258 -0.5549287796020508 -0.001206800225190818 0.2738280892372131 1.98363
259 -0.5546217560768127 -0.003242799313738942 0.2694531083106995 2.15644
260 -0.5545757412910461 -0.003637599293142557 0.2540624737739563 1.85757
261 -0.5546358823776245 0.004089999478310347 0.2635937333106995 2.06538
262 -0.5554337501525879 -0.001168799703009427 0.2874999642372131 2.29761
263 -0.5548706650733948 0.001830799505114555 0.2628906071186066 2.43402
264 -0.5545145869255066 0.0007308004423975945 0.2371874749660492 2.1996
265 -0.5544134974479675 -0.0004367999208625406 0.2846874892711639 2.15121
266 -0.5554548501968384 0.00139080046210438 0.2655468583106995 2.24978
267 -0.5539206266403198 -0.0008659997256472707 0.299609363079071 1.96766
268 -0.5547777414321899 0.0002643996849656105 0.2809374630451202 1.73974
269 -0.5539442300796509 0.003307198407128453 0.2525781095027924 2.47474
270 -0.553778350353241 0.00310240057297051 0.2486718446016312 2.03153
271 -0.5554819703102112 0.001127199735492468 0.2567187249660492 1.99031
272 -0.553830623626709 0.001450799289159477 0.2892187237739563 2.36413
273 -0.5556992888450623 0.000165200253832154 0.2914843559265137 2.12366
274 -0.5550463199615479 0.0008704001666046679 0.2328124791383743 2.16835
275 -0.5547500252723694 -0.003642399562522769 0.2547655999660492 1.98869
276 -0.5545334815979004 -0.001083999872207642 0.2516405880451202 2.15848
277 -0.5546289086341858 -0.00204599997960031 0.2666406035423279 1.64988
278 -0.5547844171524048 -0.001813599723391235 0.2572655975818634 2.32844
279 -0.5538381934165955 0.001439599669538438 0.2630468606948853 1.75895
280 -0.5549513101577759 -0.0006771987536922097 0.2592968642711639 2.00412
281 -0.5549090504646301 -0.0004559990484267473 0.2206249684095383 2.06076
282 -0.5551274418830872 0.001469998271204531 0.2666406035423279 2.0006
283 -0.5540640950202942 -0.003868800355121493 0.2740624845027924 2.68131
284 -0.5552524328231812 0.004204798489809036 0.2674218416213989 2.20554
285 -0.5547992587089539 -0.0008211994427256286 0.2629687190055847 2.62549
286 -0.5539302229881287 -0.001064799842424691 0.2684374749660492 2.01226
287 -0.554434597492218 -0.0001351998507743701 0.2468749731779099 2.0185
288 -0.5538625717163086 -0.001607599202543497 0.2333593517541885 1.8113
289 -0.5541014075279236 0.000913999741896987 0.2421874701976776 2.32529
290 -0.554115355014801 -0.00369760044850409 0.278124988079071 2.34812
291 -0.5551497340202332 0.001464399858377874 0.2357030957937241 2.07569
292 -0.5560609102249146 0.001831200555898249 0.2342968434095383 2.06629
293 -0.5546625852584839 0.002647999441251159 0.2744531035423279 2.32639
294 -0.5545514225959778 -0.001302799326367676 0.2932031154632568 2.17654
295 -0.5561162829399109 4.600016109179705e-05 0.2447655946016312 1.91584
296 -0.5540397167205811 -4.919963612337597e-05 0.2778124809265137 2.21564
297 -0.555036187171936 2.400008452241309e-05 0.3003124892711639 2.87959
298 -0.5547487735748291 0.0007116002379916608 0.2539843618869781 2.09393
299 -0.5544664859771729 0.0002860002277884632 0.265937477350235 2.22253
300 -0.5542214512825012 -0.0005780003266409039 0.2602343559265137 1.82467
301 -0.5555602312088013 0.001520000863820314 0.2930468618869781 2.25994
302 -0.5546138882637024 -0.0006003999151289463 0.2664843499660492 1.66505
303 -0.5541312098503113 0.001449599978514016 0.2779687345027924 2.18172
304 -0.5534918308258057 -0.001808799337595701 0.2735937237739563 1.84173
305 -0.554574191570282 -0.001771199051290751 0.2664843499660492 2.14318
306 -0.5540927052497864 0.0008195989648811519 0.2668749690055847 2.2611
307 -0.5553228259086609 -0.0007844000356271863 0.2746093571186066 2.08757
308 -0.5544959306716919 0.0007431991398334503 0.2750780880451202 2.52892
309 -0.5544124245643616 0.0006939996383152902 0.2560937404632568 1.95653
310 -0.5559052228927612 0.003268801607191563 0.2523437142372131 1.96695
311 -0.5549728274345398 0.001526800100691617 0.2539062201976776 1.89121
312 -0.5554423928260803 0.004967598710209131 0.293749988079071 2.22325
313 -0.5553791522979736 5.880051685380749e-05 0.2286718487739563 2.50213
314 -0.5539169907569885 -0.0005147999618202448 0.2801562249660492 2.0521
315 -0.5547448396682739 0.002263600472360849 0.2691406011581421 2.80422
316 -0.5542066693305969 -0.001755200210027397 0.2827343642711639 2.18607
317 -0.5540883541107178 -0.0008323994698002934 0.2295312285423279 1.88249
318 -0.554363489151001 0.001320799463428557 0.2992968559265137 2.33523
319 -0.5551945567131042 -0.0001480003847973421 0.2843749821186066 2.70552
320 -0.5545513033866882 0.002800799906253815 0.2705468535423279 2.23685
321 -0.5533464550971985 0.002135999733582139 0.2731249630451202 1.71774
322 -0.5537145733833313 0.002327999798581004 0.288203090429306 1.83498
323 -0.5550752282142639 0.001991600263863802 0.2587499618530273 2.61846
324 -0.5543752312660217 -0.003788000205531716 0.2721874713897705 2.15451
325 -0.5559400320053101 0.004251199308782816 0.2468749731779099 2.01614
326 -0.5550614595413208 0.0005079997354187071 0.2779687345027924 2.21171
327 -0.5550861954689026 -0.002247199416160583 0.2728124856948853 1.96795
328 -0.5546547770500183 -0.003514801384881139 0.2514062225818634 2.01588
329 -0.5542473793029785 -0.0002196000568801537 0.2553906142711639 2.32246
330 -0.5548790693283081 0.002094400580972433 0.2703905999660492 2.29514
331 -0.5542367100715637 -0.0006003998569212854 0.2496093511581421 2.19086
332 -0.5546938180923462 0.001183200976811349 0.2442968487739563 1.86058
333 -0.5535416603088379 0.001930000260472298 0.2767187356948853 2.42735
334 -0.5545083284378052 0.003862003330141306 0.2639062404632568 2.3784
335 -0.5545482635498047 0.001951198559254408 0.2528905868530273 2.13166
336 -0.555083155632019 0.003219201229512691 0.2337499707937241 2.3822
337 -0.5546839237213135 -0.001921999966725707 0.2860937118530273 2.41101
338 -0.5552529096603394 0.001073199207894504 0.250312477350235 1.84552
339 -0.5551445484161377 2.039989340119064e-05 0.2567968368530273 2.83343
340 -0.5545209646224976 -0.001703999005258083 0.2851562201976776 2.09403
341 -0.5554122924804688 -0.003001600503921509 0.3157030940055847 2.31627
342 -0.5540039539337158 0.0008839997462928295 0.2896874845027924 2.52828
343 -0.5539400577545166 0.0006995997973717749 0.2889843583106995 2.26225
344 -0.5542762875556946 0.002232800703495741 0.2480468451976776 1.98091
345 -0.554591178894043 -0.0009756000363267958 0.2767968475818634 2.07168
346 -0.5542281270027161 -0.002329197246581316 0.277656227350235 1.95991
347 -0.555604100227356 0.001906400313600898 0.2431249767541885 1.71746
348 -0.5538250207901001 -0.001495200209319592 0.2564843595027924 2.00517
349 -0.5550695061683655 0.001417200546711683 0.2754687368869781 2.23336
350 -0.5539664626121521 0.0009659997886046767 0.2780468463897705 1.97375
351 -0.5544079542160034 0.001698799314908683 0.2534374892711639 2.03188
352 -0.5548796653747559 -0.001638398971408606 0.2780468463897705 2.00739
353 -0.5546646118164062 0.002254801103845239 0.3057031035423279 2.17345
354 -0.5539901256561279 -0.0007168003357946873 0.2801562249660492 1.83408
355 -0.5554983615875244 -0.003128800075501204 0.2622655928134918 2.94356
356 -0.5549030900001526 0.0008371999720111489 0.2897655963897705 2.2031
357 -0.5541160702705383 0.001319200033321977 0.2699218392372131 1.96832
358 -0.5550080537796021 -9.279999358113855e-05 0.2876562178134918 2.76918
359 -0.5544559955596924 0.001171199837699533 0.2778905928134918 2.37607
360 -0.5545424222946167 0.001318799681030214 0.2680468559265137 2.13516
361 -0.5527912378311157 -0.002370800590142608 0.2643749713897705 2.62258
362 -0.5548006892204285 -0.002041199011728168 0.276171863079071 2.35428
363 -0.5542832612991333 0.002933599753305316 0.2949218451976776 2.31825
364 -0.554987370967865 -2.840003980963957e-05 0.2361718565225601 2.06614
365 -0.5546046495437622 6.480004958575591e-05 0.2789062261581421 2.39457
366 -0.554681658744812 0.001937999506480992 0.2589843571186066 2.38355
367 -0.5537953972816467 -0.005621599033474922 0.2607812285423279 2.35296
368 -0.555108368396759 -0.0005331997526809573 0.2551562190055847 2.20937
369 -0.5540998578071594 0.002344399923458695 0.2835937142372131 1.94004
370 -0.5549646615982056 0.004218798596411943 0.3002343475818634 2.29124
371 -0.5550898313522339 0.006265199743211269 0.3084374666213989 2.4913
372 -0.5545123219490051 -0.00169520010240376 0.278124988079071 2.68392
373 -0.5548503994941711 -0.0001243998267455027 0.2787499725818634 2.44123
374 -0.5548447966575623 -0.0008464000420644879 0.2866406142711639 2.32684
375 -0.5536145567893982 0.00603959895670414 0.2525781095027924 2.31779
376 -0.5547916293144226 0.002229601144790649 0.2469530999660492 2.14819
377 -0.55585777759552 -0.0009724005940370262 0.2477343529462814 1.74748
378 -0.5546076893806458 -0.004194000270217657 0.2779687345027924 1.68342
379 -0.5544074177742004 0.002327199792489409 0.2653124630451202 2.09476
380 -0.5542169213294983 -0.0002307997492607683 0.2821093499660492 2.03814
381 -0.5539442300796509 6.79999720887281e-05 0.2908593416213989 2.35935
382 -0.5543667674064636 0.001188798807561398 0.2799999713897705 1.70545
383 -0.5540511608123779 -0.002419601660221815 0.2503905892372131 2.41656
384 -0.5545377135276794 0.000251600198680535 0.3224218487739563 1.83528
385 -0.5549402832984924 0.002711599227041006 0.2721874713897705 2.16646
386 -0.5553390383720398 0.005163999740034342 0.2660155892372131 1.99129
387 -0.5546911358833313 -0.001132399775087833 0.3063280880451202 2.57438
388 -0.5539271235466003 -0.002014001365751028 0.2518749833106995 1.93401
389 -0.5542666912078857 0.002032001037150621 0.2673437297344208 2.29293
390 -0.5539392828941345 0.002704799408093095 0.301093727350235 2.08882
391 -0.5539583563804626 -0.001903998549096286 0.248593732714653 1.77042
392 -0.5543369650840759 -0.0008591999066993594 0.2226562201976776 1.87175
393 -0.5550744533538818 0.0001600002433406189 0.2935937345027924 1.85167
394 -0.5541691184043884 -0.0007511994335800409 0.2892968654632568 1.9053
395 -0.5543368458747864 -0.00282199983485043 0.2671093642711639 2.35634
396 -0.554603636264801 0.0004064002132508904 0.2687499821186066 2.01557
397 -0.5541446805000305 -0.0006232009036466479 0.2673437297344208 2.63564
398 -0.5554534792900085 -0.005266000982373953 0.2754687368869781 2.10794
399 -0.5537322759628296 0.0001223998115165159 0.2640624642372131 2.29103
400 -0.5544522404670715 -0.003972399514168501 0.2653906047344208 2.26559
401 -0.5555242896080017 -0.003993200603872538 0.2348437309265137 1.98008
402 -0.5542050004005432 -0.0006115996511653066 0.2505468428134918 2.35964
403 -0.553789496421814 0.0004811995895579457 0.2563281059265137 2.47442
404 -0.5550422668457031 -0.000893601041752845 0.2841405868530273 2.15733
405 -0.5539584159851074 0.002092399867251515 0.2537499666213989 1.56437
406 -0.5558470487594604 -0.001064799842424691 0.3022656142711639 2.61031
407 -0.5544038414955139 -0.002371601294726133 0.2922655940055847 2.51938
408 -0.5538402199745178 -0.0005291999550536275 0.2556249797344208 2.02691
409 -0.5539384484291077 -0.001360400463454425 0.2350780963897705 2.016
410 -0.5548527240753174 0.0006596000166609883 0.2947655916213989 1.90548
411 -0.5542856454849243 -0.001436001504771411 0.3029687404632568 2.20099
412 -0.5550072193145752 -0.001368800993077457 0.2505468428134918 2.14966
413 -0.5541834831237793 0.002046399051323533 0.2821093499660492 2.11766
414 -0.5554171800613403 0.001919199945405126 0.274531215429306 1.91475
415 -0.5539447665214539 0.001436799298971891 0.2718749642372131 1.97546
416 -0.5551714897155762 -0.0007132002501748502 0.254687488079071 2.39073
417 -0.5546687245368958 -0.00199600076302886 0.3228906095027924 2.02777
418 -0.5544115304946899 0.00106159842107445 0.2671874761581421 1.98688
419 -0.5544506311416626 -0.001906399964354932 0.2635937333106995 2.52975
420 -0.5544790625572205 0.001418800791725516 0.2490624785423279 1.94503
421 -0.5538299083709717 -0.003766399342566729 0.2797656059265137 1.73077
422 -0.5556126832962036 0.003054800909012556 0.2801562249660492 2.2766
423 -0.5553553700447083 -0.0004692004295065999 0.2897655963897705 2.04309
424 -0.554071843624115 -0.001023600227199495 0.2333593517541885 1.689
425 -0.5539786815643311 0.002220799680799246 0.2964062392711639 2.16283
426 -0.5548833608627319 0.002030798932537436 0.2791405916213989 2.55139
427 -0.554597795009613 0.00291160074993968 0.2642187178134918 1.77611
428 -0.5554983615875244 -0.001804000232368708 0.2541406154632568 2.14089
429 -0.5540863275527954 -0.007078398950397968 0.3357812166213989 2.54613
430 -0.5542612075805664 -0.0009552002884447575 0.283984363079071 2.33767
431 -0.5538543462753296 -0.0005900004180148244 0.2679687142372131 1.89628
432 -0.5545632243156433 -0.0004432005807757378 0.2500781118869781 2.21972
433 -0.5546115040779114 0.002000001026317477 0.2971093654632568 2.34443
434 -0.5543098449707031 -0.003311999840661883 0.2574218511581421 2.48521
435 -0.5533873438835144 0.001506400876678526 0.2611718475818634 2.19312
436 -0.554038941860199 0.001261999947018921 0.2865624725818634 2.08724
437 -0.5546221137046814 0.001824400387704372 0.2705468535423279 1.98111
438 -0.5543671250343323 0.00195079913828522 0.2703905999660492 2.09637
439 -0.5544289350509644 0.0002059992984868586 0.2597655951976776 1.91278
440 -0.554997444152832 -0.001696799998171628 0.2715624868869781 1.98703
441 -0.5560948848724365 0.003122400026768446 0.2710156142711639 1.90869
442 -0.5549096465110779 0.0005532001960091293 0.2488280981779099 1.64563
443 -0.5541439652442932 2.400121047685388e-06 0.2751562297344208 2.22555
444 -0.5555787086486816 0.006067200563848019 0.2705468535423279 2.12374
445 -0.5541608333587646 -0.0001623995776753873 0.2567968368530273 1.9422
446 -0.5556673407554626 -0.002033199882134795 0.2547655999660492 2.06551
447 -0.5548822283744812 -0.0001096004998544231 0.2908593416213989 1.99791
448 -0.5555506944656372 0.0009072000393643975 0.2743749618530273 2.12148
449 -0.5544816255569458 -0.0007643998833373189 0.2237499803304672 1.97423
450 -0.5548737049102783 -0.0009092001128010452 0.2410155981779099 2.53626
451 -0.553888201713562 -0.002668000524863601 0.3183593451976776 2.44723
452 -0.5545129179954529 7.999956324056257e-07 0.2549218535423279 2.15146
453 -0.5538634061813354 0.001726799993775785 0.2695312201976776 2.04121
454 -0.5561949014663696 0.0006771998014301062 0.2772656083106995 1.98775
455 -0.5553584694862366 -0.002267199335619807 0.2578906118869781 2.39823
456 -0.5538063049316406 0.0008476019720546901 0.2715624868869781 2.53889
457 -0.5541818141937256 0.003304800484329462 0.2652343511581421 2.01817
458 -0.5544326901435852 -0.002019200008362532 0.2804687321186066 1.7872
459 -0.5538496971130371 0.002672400558367372 0.2689062356948853 1.88328
460 -0.5539817214012146 0.001714000478386879 0.2746874690055847 1.97265
461 -0.5550073385238647 0.005017598159611225 0.2394531071186066 2.26268
462 -0.5535826086997986 0.0004823995695915073 0.2930468618869781 2.42945
463 -0.5544463396072388 -0.001703199814073741 0.3089843392372131 1.75832
464 -0.5553390979766846 0.001260800287127495 0.3217187225818634 1.88084
465 -0.5547705292701721 0.001707200077362359 0.2909374833106995 2.24999
466 -0.5547600388526917 -0.004292400553822517 0.2554687261581421 1.95645
467 -0.5541650056838989 0.002255600411444902 0.2728124856948853 2.28035
468 -0.5546666979789734 0.001568001112900674 0.2866406142711639 1.79624
469 -0.5546577572822571 -0.001902001211419702 0.2551562190055847 2.48255
470 -0.554019033908844 0.0009859990095719695 0.2692968547344208 1.8971
471 -0.5539161562919617 0.001199599704705179 0.2714062333106995 2.0687
472 -0.5553579926490784 -0.00113759923260659 0.2750780880451202 2.16966
473 -0.554416835308075 0.001520400401204824 0.2986718416213989 1.88447
474 -0.5535252690315247 0.00246680062264204 0.2806249856948853 1.98997
475 -0.5547312498092651 0.005064800381660461 0.2395312190055847 2.35001
476 -0.5544363856315613 -0.001989999087527394 0.2727343440055847 2.48641
477 -0.5530858635902405 0.001043600495904684 0.2941406071186066 2.15619
478 -0.555289626121521 -0.002697199117392302 0.2844530940055847 2.32372
479 -0.5534788966178894 0.001518000033684075 0.2877343595027924 2.4112
480 -0.5552513599395752 -0.004377599339932203 0.2662499845027924 2.48
481 -0.554863452911377 -6.799993570894003e-05 0.2730468511581421 1.8106
482 -0.5551427602767944 -0.0005811993614770472 0.2613281011581421 2.0342
483 -0.5543233156204224 -0.003228000365197659 0.222734346985817 2.24954
484 -0.5556929111480713 -0.0006331992917694151 0.2621874809265137 2.20499
485 -0.5543949007987976 -0.0002024002315010875 0.2638280987739563 2.09112
486 -0.5553839802742004 0.003945598844438791 0.2492968440055847 1.72994
487 -0.5546488761901855 0.0007616005023010075 0.2621093392372131 2.32724
488 -0.5537272691726685 -0.003895201021805406 0.2710937261581421 2.35011
489 -0.5551964640617371 0.0008752007270231843 0.2695312201976776 1.90767
490 -0.5549625754356384 -0.001594399684108794 0.266718715429306 2.17592
491 -0.5536780953407288 0.001223200582899153 0.2704687118530273 2.19723
492 -0.5541706085205078 -0.0006483997567556798 0.2702343463897705 1.84032
493 -0.5544970035552979 -0.0003444001195020974 0.2356249690055847 1.8473
494 -0.5548920035362244 0.005037200637161732 0.2947655916213989 2.03852
495 -0.5539425015449524 -0.0009248004644177854 0.2741405963897705 2.12119
496 -0.5547348856925964 0.0008283996721729636 0.2535156011581421 2.4607
497 -0.5541086792945862 -0.00109520077239722 0.2689843475818634 1.92783
498 -0.5539987087249756 0.001778001547791064 0.2610155940055847 1.59915
499 -0.5547791719436646 -0.002729600993916392 0.2817187309265137 1.87377
500 -0.5539828538894653 0.002969598863273859 0.2631249725818634 2.09268
501 -0.55344557762146 0.00211440003477037 0.303515613079071 1.81414
502 -0.5545801520347595 0.002548399847000837 0.3128905892372131 2.2218
503 -0.5554006695747375 -0.0002332002914045006 0.2471874803304672 2.41506
504 -0.5543448925018311 -8.359971980098635e-05 0.2675780951976776 2.5789
505 -0.5541954040527344 -0.001359199522994459 0.2603906095027924 2.33682
506 -0.5545375943183899 0.001344000571407378 0.2617968618869781 2.4165
507 -0.5543537735939026 0.0004152001929469407 0.2674218416213989 2.29636
508 -0.5535303950309753 0.002934000454843044 0.2496874779462814 2.02695
509 -0.5544500946998596 0.0004375995195005089 0.2807812392711639 2.05682
510 -0.5541185736656189 -1.480003174947342e-05 0.2348437309265137 1.90717
511 -0.5538714528083801 0.002105600433424115 0.2813281118869781 2.39153
512 -0.5547056794166565 0.0008984000887721777 0.3047656118869781 2.12832
513 -0.5554780960083008 0.0003092006081715226 0.2323437184095383 2.02058
514 -0.5531510710716248 0.001779999583959579 0.2553124725818634 1.64377
515 -0.5542230010032654 -0.0009132004925049841 0.2996874749660492 2.19313
516 -0.5550458431243896 -0.004143998958170414 0.252265602350235 1.94989
517 -0.5552631616592407 0.002097999444231391 0.2473437190055847 2.41636
518 -0.554012656211853 0.003168799448758364 0.2807030975818634 2.56643
519 -0.5540849566459656 0.0004264005110599101 0.2610155940055847 1.86918
520 -0.5540807247161865 0.0008303992217406631 0.2796874642372131 2.30609
521 -0.5546503067016602 0.004056799225509167 0.2484374791383743 1.67935
522 -0.5538775324821472 4.159836680628359e-05 0.2753905951976776 1.82746
523 -0.5548826456069946 0.0002384007384534925 0.2796874642372131 2.36274
524 -0.5546340346336365 0.0001887999969767407 0.2616406083106995 1.96439
525 -0.5551298856735229 -0.002376400632783771 0.2473437190055847 1.93341
526 -0.5559424757957458 -0.0003819999110419303 0.2721093595027924 1.9609
527 -0.554911196231842 -0.002164000645279884 0.2885155975818634 1.68327
528 -0.5553048849105835 0.0003443997993599623 0.2617187201976776 1.8915
529 -0.5540260076522827 0.001050399616360664 0.2728124856948853 2.15747
530 -0.5551668405532837 -0.00331720057874918 0.2401562184095383 2.091
531 -0.5536081194877625 0.002665200037881732 0.2865624725818634 1.97143
532 -0.5551761984825134 -0.00186840002425015 0.265937477350235 2.52829
533 -0.5546666383743286 0.007230801973491907 0.282343715429306 1.85875
534 -0.5545318126678467 0.001678800792433321 0.2518749833106995 1.94558
535 -0.5540505647659302 0.0001040006609400734 0.2786718606948853 2.31018
536 -0.5542342066764832 -0.001308399834670126 0.2837499678134918 2.22704
537 -0.5548821091651917 0.005534800700843334 0.2799218595027924 2.31415
538 -0.5544630885124207 -0.003501200117170811 0.2746874690055847 2.11587
539 -0.5546495318412781 -0.003573200199753046 0.2575781047344208 2.00114
540 -0.5542680621147156 -0.0004000005137640983 0.3075780868530273 1.96075
541 -0.5551714301109314 -0.002958800410851836 0.2857030928134918 2.12203
542 -0.5540334582328796 -0.004507199861109257 0.2868749797344208 2.07132
543 -0.555155336856842 0.0004844008071813732 0.2662499845027924 1.85811
544 -0.5541961789131165 -0.002112000249326229 0.2948437333106995 2.05013
545 -0.5552318096160889 -0.001789597910828888 0.248593732714653 2.02781
546 -0.5551895499229431 -0.002324401866644621 0.2614062130451202 1.85542
547 -0.5543111562728882 -0.0001920009526656941 0.2476562261581421 2.10171
548 -0.5546432733535767 0.002487597987055779 0.2667968571186066 2.06641
549 -0.5550936460494995 -0.001602399977855384 0.2822656035423279 2.27056
550 -0.5540746450424194 -7.160019595175982e-05 0.2727343440055847 2.42576
551 -0.5543159246444702 -0.0007524000247940421 0.246171846985817 2.5185
552 -0.5539846420288086 -0.001515200245194137 0.2835937142372131 2.12188
553 -0.5542469024658203 0.0002612007374409586 0.2645312249660492 1.99899
554 -0.554710865020752 -0.003271599998697639 0.2936718463897705 2.01502
555 -0.5550874471664429 0.004093199968338013 0.2759374678134918 2.46148
556 -0.5536777377128601 -0.00379560049623251 0.271796852350235 2.34055
557 -0.5552463531494141 0.0003464001056272537 0.2492968440055847 2.1686
558 -0.5546632409095764 -0.002027199836447835 0.2328124791383743 1.80756
559 -0.5554168224334717 0.002646800596266985 0.2778905928134918 2.27992
560 -0.5555038452148438 0.0007147998549044132 0.2675780951976776 2.20795
561 -0.5550320148468018 -0.001593600492924452 0.252265602350235 2.01967
562 -0.5562586188316345 -0.001552400062792003 0.2656249701976776 2.06712
563 -0.5551456809043884 -0.001582399941980839 0.271796852350235 2.20153
564 -0.5537170171737671 0.002655199496075511 0.3128905892372131 2.14571
565 -0.5547991394996643 0.001238801516592503 0.2629687190055847 1.68502
566 -0.5536039471626282 -0.00151399988681078 0.2539843618869781 2.13005
567 -0.5555526614189148 0.003955597057938576 0.2846874892711639 2.40415
568 -0.5545152425765991 -0.001584401470609009 0.2622655928134918 2.47554
569 -0.5536880493164062 -0.0005188000504858792 0.2917187213897705 2.25124
570 -0.5550103783607483 -0.0002543996088206768 0.2471093535423279 2.02854
571 -0.554228663444519 -0.000977600459009409 0.3024218380451202 2.00028
572 -0.5547621846199036 -0.002574400044977665 0.253046840429306 2.15917
573 -0.5548216104507446 0.002324800007045269 0.2124999761581421 1.95484
574 -0.5554829835891724 -0.0009423999581485987 0.2507030963897705 2.02705
575 -0.5540770292282104 -0.0006972004193812609 0.2920312285423279 2.19648
576 -0.554552435874939 -0.001355599146336317 0.2912499904632568 2.19387
577 -0.5554919242858887 0.005482798907905817 0.2589843571186066 2.046
578 -0.5547991991043091 0.003362799528986216 0.2723437249660492 2.01955
579 -0.5550190210342407 0.004168400075286627 0.2590624690055847 2.45453
580 -0.5536240339279175 0.0019655991345644 0.2485156059265137 2.02242
581 -0.5540710091590881 -0.003739600768312812 0.2442968487739563 1.68487
582 -0.5544947385787964 -0.001619199756532907 0.246640607714653 1.92009
583 -0.5545177459716797 0.001743200118653476 0.2895312309265137 2.12272
584 -0.5539401769638062 -0.001307599828578532 0.2558593451976776 1.69263
585 -0.5555842518806458 -0.002277199877426028 0.2582812309265137 1.85845
586 -0.5552688241004944 -0.0007616006187163293 0.260546863079071 2.23764
587 -0.5552780032157898 0.002819199347868562 0.2785156071186066 2.65875
588 -0.5546247363090515 -0.001306799473240972 0.2649218440055847 2.08471
589 -0.5551043152809143 0.002218399895355105 0.2544530928134918 1.64846
590 -0.5539215803146362 -0.002016001613810658 0.2959374785423279 2.36605
591 -0.5554233193397522 0.002060799859464169 0.2883593440055847 2.60156
592 -0.5544532537460327 0.005347599741071463 0.2762499749660492 2.37723
593 -0.5553072690963745 -0.001606400473974645 0.2846093475818634 1.93045
594 -0.5543265342712402 0.000159199902554974 0.2864843606948853 1.80642
595 -0.5537513494491577 -0.002077999757602811 0.2619531154632568 2.1648
596 -0.5545204281806946 0.0002763996599242091 0.2550781071186066 1.7374
597 -0.5541593432426453 0.0005347998230718076 0.3249218463897705 1.98872
598 -0.5538806319236755 -0.0009452004451304674 0.2764062285423279 2.01471
599 -0.5543217062950134 -0.001196400495246053 0.2570312321186066 1.76437
600 -0.5551877021789551 0.001175999641418457 0.2839062213897705 2.99007
601 -0.5549800992012024 0.0006800001137889922 0.2399218529462814 1.93128
602 -0.554546594619751 -0.0005499996477738023 0.2634374797344208 1.95409
603 -0.5545026659965515 0.007595599163323641 0.2969531118869781 2.28905
604 -0.5543094873428345 0.004511999431997538 0.2428905963897705 2.0583
605 -0.5549544095993042 0.00144800019916147 0.2812499701976776 2.63013
606 -0.5542601346969604 0.002170000225305557 0.2649999856948853 2.15633
607 -0.5541000962257385 -0.002068399917334318 0.2914062142372131 2.49022
608 -0.5546264052391052 -0.0006172001594677567 0.2680468559265137 1.82737
609 -0.5543794631958008 0.001280399854294956 0.2863281071186066 2.25389
610 -0.5543017983436584 -0.0008356005419045687 0.2549218535423279 1.88895
611 -0.5534378886222839 -0.00655759871006012 0.2579687237739563 2.01563
612 -0.5545743107795715 0.0006759995594620705 0.2432812303304672 2.35598
613 -0.5536779761314392 -0.001252398826181889 0.2700780928134918 2.2327
614 -0.5543343424797058 -0.003148000920191407 0.2334374785423279 1.713
615 -0.5534823536872864 0.001672000274993479 0.2403905987739563 1.89596
616 -0.5551071166992188 -0.00465600099414587 0.2767187356948853 2.06284
617 -0.5554448962211609 0.000323199201375246 0.2529687285423279 2.83778
618 -0.5538592934608459 -0.001441200147382915 0.2658593654632568 2.12182
619 -0.5549482107162476 0.003599599935114384 0.2954687178134918 2.65637
620 -0.5541458129882812 0.001236800337210298 0.2730468511581421 1.91229
621 -0.5547645688056946 0.002264800248667598 0.2531249821186066 2.12204
622 -0.5550811886787415 -0.001178399659693241 0.2573437392711639 2.08171
623 -0.5540663599967957 0.004179596900939941 0.2763280868530273 2.50132
624 -0.5536466836929321 0.0001655994128668681 0.2727343440055847 2.09937
625 -0.5564160943031311 -0.0005371995503082871 0.254687488079071 2.23435
626 -0.5534384250640869 0.002566399518400431 0.2799999713897705 2.19803
627 -0.5539682507514954 -0.001847199047915637 0.2638280987739563 2.07384
628 -0.5544537305831909 -0.0009120003669522703 0.2493749707937241 2.2909
629 -0.5547842979431152 -0.002973999828100204 0.3131249845027924 1.79616
630 -0.5538918972015381 0.002659200923517346 0.2535937130451202 1.94696
631 -0.5537704825401306 -0.0009491993696428835 0.2578124701976776 2.41554
632 -0.5540982484817505 -0.0008064003195613623 0.2513281106948853 2.3678
633 -0.5551837086677551 -0.001801199861802161 0.2539843618869781 2.26198
634 -0.5542017817497253 0.0002835993363987654 0.2560937404632568 2.06256
635 -0.5547527074813843 0.003294399939477444 0.2928124666213989 1.62319
636 -0.554987370967865 -0.003785200417041779 0.2777343392372131 2.52366
637 -0.5549752116203308 -0.004033199977129698 0.248593732714653 1.7582
638 -0.5548496842384338 0.001969600096344948 0.2836718559265137 2.20675
639 -0.5545089840888977 -0.002226000186055899 0.3071874678134918 2.13933
640 -0.5545337796211243 -0.0002448005543556064 0.2840624749660492 2.13804
641 -0.5553078055381775 0.002323599997907877 0.2658593654632568 1.9419
642 -0.553885281085968 0.001920799841172993 0.2877343595027924 1.78951
643 -0.5544176697731018 -0.0006163992220535874 0.2724999785423279 2.77434
644 -0.5542129278182983 -0.000468799436930567 0.2924999892711639 2.06462
645 -0.5543601512908936 -0.000301199674140662 0.2556249797344208 2.08444
646 -0.5542792081832886 -0.002691999543458223 0.3169530928134918 2.51296
647 -0.5540314316749573 0.001874799374490976 0.2367968559265137 2.08538
648 -0.5552583336830139 0.0005611999658867717 0.2479687184095383 1.96312
649 -0.5542618632316589 0.003446399001404643 0.2731249630451202 2.04905
650 -0.5539856553077698 -0.004505200311541557 0.2942187190055847 2.90473
651 -0.5540648698806763 0.00200279988348484 0.2621093392372131 2.00572
652 -0.5552995800971985 -0.003721202490851283 0.2537499666213989 2.64337
653 -0.5546103119850159 0.0001339990412816405 0.2658593654632568 2.77835
654 -0.5546647906303406 -0.0009152006241492927 0.2638280987739563 2.38057
655 -0.5556265115737915 -0.002843600697815418 0.2676562368869781 1.9197
656 -0.5552531480789185 -0.002087999135255814 0.2861718535423279 2.52596
657 -0.5546118021011353 -7.160114910220727e-05 0.260546863079071 1.91167
658 -0.555159330368042 -0.001533199450932443 0.2669531106948853 1.96086
659 -0.5547531843185425 0.002910400740802288 0.2478906065225601 2.06708
660 -0.5549207925796509 0.003044800832867622 0.2414062321186066 2.20713
661 -0.5544121265411377 -0.0004775995330419391 0.2765624821186066 2.11772
662 -0.5544430613517761 0.00560959754511714 0.2837499678134918 1.86493
663 -0.5553656220436096 0.002605201210826635 0.2735937237739563 1.83521
664 -0.5536327362060547 -0.0006360001279972494 0.2782030999660492 2.42069
665 -0.5541990995407104 0.001252799993380904 0.267890602350235 2.1911
666 -0.554716169834137 0.001503199920989573 0.2949218451976776 2.11109
667 -0.5536704659461975 -0.001520000398159027 0.2830468416213989 2.69699
668 -0.5542117357254028 -0.0003080005990341306 0.2942187190055847 2.19987
669 -0.5542000532150269 0.004094399977475405 0.2591406106948853 2.36353
670 -0.5541049838066101 0.0007843991625122726 0.2739062309265137 1.90172
671 -0.5550008416175842 0.002790000289678574 0.262031227350235 2.25623
672 -0.5553109645843506 -0.0009135998552665114 0.256953090429306 2.11366
673 -0.5555547475814819 0.0011019998928532 0.297968715429306 2.38803
674 -0.5550781488418579 -0.00069240020820871 0.2407031059265137 2.48818
675 -0.5556590557098389 -0.003753598080947995 0.2339062243700027 2.02455
676 -0.5543704032897949 -9.199990017805248e-05 0.2649999856948853 2.64577
677 -0.554842472076416 0.00131640094332397 0.2473437190055847 2.09625
678 -0.5548418760299683 -0.0004283998860046268 0.2871874868869781 2.04251
679 -0.5538512468338013 0.001325200195424259 0.2805468440055847 2.25077
680 -0.5543779134750366 -0.0007068007253110409 0.2813281118869781 1.95998
681 -0.5542654991149902 -0.0003691994061227888 0.2670312225818634 2.24208
682 -0.5546808838844299 -0.001110399956814945 0.2675780951976776 2.064
683 -0.5543143153190613 -0.004310800228267908 0.2511718571186066 1.64485
684 -0.5548031330108643 0.004070398863404989 0.2357030957937241 2.82121
685 -0.5548858046531677 0.002832398982718587 0.2692968547344208 1.73651
686 -0.5542636513710022 0.00165279908105731 0.2853124737739563 3.02669
687 -0.5543233156204224 0.003682400798425078 0.2630468606948853 2.47204
688 -0.554619312286377 0.0001200001352117397 0.2847656011581421 2.18572
689 -0.5542473196983337 -0.002079999540001154 0.3059374690055847 1.86426
690 -0.5550406575202942 0.003924400545656681 0.276484340429306 2.10141
691 -0.5537880659103394 -0.002635199343785644 0.2775781154632568 2.38748
692 -0.5539475679397583 0.00148440059274435 0.2778905928134918 1.84722
693 -0.5542231202125549 0.0009496011771261692 0.2899999618530273 2.05658
694 -0.5544043779373169 0.001261600642465055 0.2438281029462814 2.03927
695 -0.5545119047164917 0.004079197533428669 0.2743749618530273 1.86931
696 -0.5543175935745239 0.0004300007421988994 0.2528905868530273 2.06279
697 -0.5532503128051758 -0.0007640000549145043 0.2665624618530273 2.11429
698 -0.5541741847991943 -0.002644799882546067 0.2633593380451202 2.27196
699 -0.5550016164779663 -0.00184119981713593 0.2674218416213989 2.69661
700 -0.5552155375480652 0.001578799681738019 0.2633593380451202 2.14184
701 -0.5559443235397339 -0.001907999743707478 0.2635155916213989 1.91623
702 -0.5546497702598572 0.002208000514656305 0.2476562261581421 2.07807
703 -0.555758535861969 -0.004492801148444414 0.2541406154632568 2.66679
704 -0.5542191863059998 -0.00137959944549948 0.3099218606948853 2.51455
705 -0.5535104274749756 -0.0006019999273121357 0.2416405975818634 2.1178
706 -0.5550922751426697 -0.002582800108939409 0.2724999785423279 2.0929
707 -0.5543332099914551 0.0004852001729886979 0.2397655993700027 2.21212
708 -0.5551881194114685 -0.001464400673285127 0.3006249666213989 1.91832
709 -0.5542080998420715 0.0008647999493405223 0.2260937243700027 2.2255
710 -0.5543993711471558 0.001099597662687302 0.2532812356948853 2.62311
711 -0.5542911887168884 -0.002540399087592959 0.2403905987739563 2.04234
712 -0.5542320609092712 0.001166400499641895 0.2742968499660492 2.36061
713 -0.5544213652610779 -0.002690400229766965 0.2720312178134918 1.78899
714 -0.5545248985290527 -0.006644802633672953 0.2914843559265137 1.85167
715 -0.554554283618927 -0.003362799063324928 0.2861718535423279 2.92834
716 -0.5545119047164917 0.001878800219856203 0.2993749678134918 2.52998
717 -0.5551761984825134 0.001441600848920643 0.2392968535423279 2.8885
718 -0.5549793243408203 -0.00307520292699337 0.2359374761581421 1.92307
719 -0.5542234182357788 0.004849202930927277 0.2866406142711639 2.22857
720 -0.5540816187858582 0.0003487999201752245 0.2517187297344208 1.90688
721 -0.5539188385009766 0.002086000517010689 0.2577343583106995 2.30147
722 -0.5546441674232483 -0.0006784003344364464 0.271796852350235 2.48737
723 -0.5549662709236145 -0.002745999023318291 0.2591406106948853 2.63758
724 -0.5543088316917419 0.003682000329717994 0.272265613079071 2.94233
725 -0.5539799928665161 -0.0007120002992451191 0.2718749642372131 2.02378
726 -0.5547846555709839 -0.00201839953660965 0.2692968547344208 1.88766
727 -0.5545271635055542 0.001970801036804914 0.2874999642372131 2.57683
728 -0.5540416240692139 -0.0008892006590031087 0.3000780940055847 2.36718
729 -0.5540472865104675 -0.0005500009283423424 0.2643749713897705 1.86288
730 -0.5556960105895996 -0.003107600845396519 0.2626562118530273 1.89203
731 -0.555306613445282 0.001600799732841551 0.2999999821186066 1.99128
732 -0.5548584461212158 0.004363600164651871 0.2789843380451202 1.95928
733 -0.5550360083580017 0.001663599745370448 0.2771093547344208 2.39841
734 -0.5537909865379333 -0.003433601465076208 0.2654687166213989 2.41967
735 -0.5552926063537598 -0.000967599858995527 0.2418749779462814 1.98412
736 -0.5553120374679565 -0.003139199921861291 0.301093727350235 2.09986
737 -0.5537424683570862 0.0004983994294889271 0.2801562249660492 2.11508
738 -0.555092990398407 -0.001565199927426875 0.2528905868530273 2.14131
739 -0.554405689239502 -0.001067199511453509 0.2407031059265137 1.69183
740 -0.5547227263450623 -0.004697203170508146 0.2807030975818634 1.98003
741 -0.5552279949188232 -0.0004888004041276872 0.2556249797344208 2.26005
742 -0.5561906695365906 -0.002406800165772438 0.2449999749660492 2.06548
743 -0.5547301769256592 -0.001913199084810913 0.2729687392711639 2.00136
744 -0.5550978779792786 -0.004414001479744911 0.2351562231779099 2.43642
745 -0.5534183382987976 -0.001330000348389149 0.2402343451976776 2.3324
746 -0.5546378493309021 -0.002880800981074572 0.2646874785423279 2.02291
747 -0.5554312467575073 0.004886800423264503 0.2373437285423279 3.0032
748 -0.5540704727172852 -0.005405599251389503 0.2916406095027924 1.92685
749 -0.5548690557479858 0.002295999554917216 0.2469530999660492 1.96093
750 -0.5545408129692078 0.004231198690831661 0.2769531011581421 2.06029
751 -0.5544543266296387 0.001965200994163752 0.2816405892372131 2.24313
752 -0.5543825030326843 0.002979201730340719 0.2603906095027924 2.17785
753 -0.5548087358474731 0.002687599277123809 0.3213281035423279 2.10085
754 -0.5536902546882629 0.002539599314332008 0.2580468654632568 2.05861
755 -0.5553760528564453 8.240024180850014e-05 0.2650780975818634 1.97957
756 -0.5547634363174438 0.001855599926784635 0.2439062297344208 1.98164
757 -0.5540919303894043 -0.00263839983381331 0.2899999618530273 2.05818
758 -0.5554539561271667 -0.007419203873723745 0.283984363079071 1.85192
759 -0.5550848245620728 -0.004355597775429487 0.276171863079071 1.91808
760 -0.5550813674926758 -0.0008732000133022666 0.2460937201976776 2.57671
761 -0.5548523664474487 -0.002655200427398086 0.2332812249660492 2.2534
762 -0.5545746684074402 0.001711599761620164 0.2544530928134918 1.94132
763 -0.5536360740661621 -0.001669198973104358 0.2596874833106995 2.1911
764 -0.5551066398620605 -0.008293595165014267 0.2545312345027924 2.59659
765 -0.5545920133590698 -0.003961998969316483 0.2617187201976776 2.64846
766 -0.554976224899292 0.0008280003676190972 0.2413281053304672 2.0744
767 -0.5558075904846191 0.0005440003587864339 0.2770312130451202 1.88693
768 -0.5546255707740784 0.001615599961951375 0.2663280963897705 2.04389
769 -0.553985595703125 -0.0004103998653590679 0.2685937285423279 1.81534
770 -0.5543398261070251 -0.004083600360900164 0.2479687184095383 1.80993
771 -0.5552096366882324 0.001444399124011397 0.268671840429306 2.09038
772 -0.5549551844596863 -0.001043999567627907 0.2451562285423279 1.81813
773 -0.5543546676635742 -0.004178801085799932 0.2393749803304672 2.32861
774 -0.5541169047355652 -0.0007055998430587351 0.2758593559265137 1.91874
775 -0.5550882816314697 0.001338801113888621 0.252265602350235 2.3449
776 -0.5553897023200989 -0.002297199331223965 0.2321093529462814 2.48064
777 -0.5534344911575317 -0.004074800293892622 0.2923437356948853 1.93279
778 -0.5548050999641418 0.005089998710900545 0.2749218642711639 1.97005
779 -0.5549130439758301 -0.001338799716904759 0.2649999856948853 2.21922
780 -0.5553203821182251 -0.0002991996589116752 0.232499971985817 1.83366
781 -0.5537457466125488 3.680002191686071e-05 0.256640613079071 1.57631
782 -0.5549420118331909 0.001914398977532983 0.2657031118869781 2.00822
783 -0.5539024472236633 0.001968799857422709 0.3032031059265137 2.05269
784 -0.5550795197486877 0.003782798303291202 0.2681249678134918 2.30668
785 -0.554936945438385 0.002162398537620902 0.2876562178134918 1.98824
786 -0.5543786883354187 0.001326000550761819 0.234453096985817 2.15496
787 -0.5548579096794128 0.003246000735089183 0.282031238079071 1.81757
788 -0.5551103949546814 0.001225999090820551 0.2534374892711639 2.5942
789 -0.5540176033973694 0.002126798965036869 0.2665624618530273 2.34026
790 -0.5544878840446472 -0.0002860000531654805 0.2609374821186066 1.83862
791 -0.5534998178482056 0.001229599816724658 0.2713280916213989 3.15721
792 -0.5558185577392578 0.003829603083431721 0.2619531154632568 1.84985
793 -0.5544200539588928 -0.002932800678536296 0.282343715429306 2.11052
794 -0.5550017356872559 -0.0008540005655959249 0.2672655880451202 2.2412
795 -0.555181622505188 0.003931199666112661 0.2492968440055847 2.23168
796 -0.5553249716758728 0.003684801049530506 0.2813281118869781 2.05076
797 -0.5541990995407104 0.002949200104922056 0.266406238079071 2.00525
798 -0.554812490940094 0.0014316001906991 0.2650780975818634 1.71747
799 -0.5547309517860413 -0.002602799795567989 0.2832812368869781 1.94587
800 -0.5543273687362671 0.003103599883615971 0.2283593565225601 2.28495
801 -0.5541783571243286 0.0006888005882501602 0.2998437285423279 2.19576
802 -0.5542376041412354 -0.00035600017872639 0.2816405892372131 2.08011
803 -0.5538305640220642 -0.004083199892193079 0.2801562249660492 1.84151
804 -0.5546679496765137 -6.800329629186308e-06 0.281562477350235 2.18082
805 -0.5553125739097595 -0.0004927998525090516 0.2804687321186066 2.06026
806 -0.5544336438179016 -0.002206800738349557 0.2139062285423279 1.95326
807 -0.5545321106910706 -0.001554400427266955 0.2841405868530273 2.14026
808 -0.5546931028366089 -0.0009503999026492238 0.2626562118530273 1.71589
809 -0.554128885269165 0.0001095996703952551 0.2585155963897705 1.68508
810 -0.5551362037658691 -3.839996861643158e-05 0.2645312249660492 2.11738
811 -0.553907036781311 0.002592399949207902 0.2669531106948853 1.82533
812 -0.5535497665405273 0.0008536006789654493 0.2492187321186066 2.09412
813 -0.5539056062698364 0.001674400176852942 0.2571874856948853 1.69499
814 -0.5552535653114319 0.002364800544455647 0.2615624666213989 2.34941
815 -0.5549546480178833 0.0003996013256255537 0.2649218440055847 2.05856
816 -0.5544965863227844 -0.002415599767118692 0.2544530928134918 2.15021
817 -0.5538780093193054 0.001798398443497717 0.2475780993700027 2.40115
818 -0.5553475618362427 -0.004235598724335432 0.2421093434095383 1.54813
819 -0.5552242398262024 0.002208000514656305 0.2882812321186066 2.15377
820 -0.5552935600280762 0.002609601244330406 0.2777343392372131 2.35113
821 -0.5561938881874084 -0.0004551995371002704 0.2699999809265137 1.94548
822 -0.5556497573852539 0.001656400156207383 0.3003124892711639 1.66752
823 -0.5540825128555298 -0.001057600718922913 0.267890602350235 1.9284
824 -0.5546901226043701 -0.001192400115542114 0.2870312333106995 2.06352
825 -0.5546483397483826 -0.001956798834726214 0.2524218559265137 2.35206
826 -0.5540642738342285 -0.001433601137250662 0.2645312249660492 2.44812
827 -0.5538898110389709 0.0009476000559516251 0.2775781154632568 2.00583
828 -0.5551769733428955 0.004673199728131294 0.232968732714653 2.062
829 -0.5555344820022583 0.0006276004132814705 0.2596874833106995 2.35006
830 -0.55462646484375 0.002233999315649271 0.2814843654632568 2.34797
831 -0.5547191500663757 -0.001834800117649138 0.2363280951976776 2.1656
832 -0.5562658309936523 9.239980136044323e-05 0.2708593606948853 1.85999
833 -0.5550128221511841 0.00282560009509325 0.2313280999660492 2.33077
834 -0.5536307096481323 0.0002667992957867682 0.2771093547344208 2.07379
835 -0.5545069575309753 -0.002701601013541222 0.295703113079071 2.15096
836 -0.5549425482749939 0.001566799823194742 0.2500781118869781 2.37362
837 -0.5535147786140442 -0.002584799658507109 0.2977343499660492 2.34644
838 -0.5538438558578491 -9.719959780341014e-05 0.3085156083106995 1.80061
839 -0.5544090270996094 0.001313999760895967 0.2707031071186066 2.00992
840 -0.5545686483383179 -0.001414797734469175 0.283984363079071 2.0373
841 -0.5547361373901367 -0.002490000333636999 0.2770312130451202 3.05806
842 -0.5551933646202087 -0.002230399753898382 0.2840624749660492 2.16777
843 -0.554509699344635 0.002194399712607265 0.2724218368530273 2.58419
844 -0.5539910197257996 -0.0008588018245063722 0.2738280892372131 2.01747
845 -0.554269015789032 -0.002194400876760483 0.2640624642372131 2.33393
846 -0.5551064014434814 9.599936311133206e-05 0.2821874618530273 2.13704
847 -0.5540664792060852 -0.001052399980835617 0.2501562237739563 2.63215
848 -0.5537161827087402 0.004480400122702122 0.2654687166213989 2.80234
849 -0.5559152960777283 0.00469039985910058 0.2596874833106995 1.8126
850 -0.5549336075782776 -0.0003407996264286339 0.2721874713897705 2.26485
851 -0.55401611328125 0.0005272005801089108 0.2440624684095383 2.47296
852 -0.5551081895828247 0.001809199107810855 0.2677343487739563 1.59636
853 -0.5536489486694336 0.003554398426786065 0.2296874821186066 2.11382
854 -0.5535641312599182 0.0003511999966576695 0.2594530880451202 1.83419
855 -0.5548776388168335 0.003966796677559614 0.2889843583106995 2.05327
856 -0.5552991628646851 0.003737199353054166 0.289843738079071 2.09399
857 -0.5545728802680969 -0.001571600674651563 0.3328905999660492 2.33778
858 -0.5546180605888367 -0.002270800061523914 0.2317187190055847 1.78293
859 -0.5545924305915833 -0.00184720114339143 0.2812499701976776 1.80615
860 -0.5546368956565857 -0.006421999540179968 0.3075780868530273 1.95951
861 -0.5557417273521423 -0.002552798949182034 0.2734374701976776 2.71683
862 -0.5551826357841492 0.00143600080627948 0.2894530892372131 1.88118
863 -0.5541034936904907 -0.003130400087684393 0.2619531154632568 1.59913
864 -0.5549659132957458 -0.0005695991567336023 0.2260937243700027 1.66799
865 -0.5541446805000305 0.003072800580412149 0.2594530880451202 1.85563
866 -0.5551481246948242 0.001504799700342119 0.3048437237739563 1.69152
867 -0.5551545023918152 -0.003167999209836125 0.2807030975818634 2.69721
868 -0.5539952516555786 0.003855196293443441 0.2277343571186066 2.23467
869 -0.5541669130325317 0.001496000913903117 0.2505468428134918 2.02797
870 -0.5546566843986511 0.0001080002766684629 0.2802343368530273 2.11996
871 -0.5547690391540527 0.002645599655807018 0.3028905987739563 2.42169
872 -0.5541208982467651 0.001599599723704159 0.2839062213897705 1.82984
873 -0.5549895763397217 1.879922820080537e-05 0.2729687392711639 2.45631
874 -0.555915355682373 -0.001795601099729538 0.2646874785423279 1.63803
875 -0.5541767477989197 0.0003451996890362352 0.3002343475818634 2.20684
876 -0.5543168187141418 -7.880025077611208e-05 0.2891406118869781 2.28389
877 -0.554259717464447 -0.003923999611288309 0.2502343654632568 1.88689
878 -0.5552713871002197 -0.001398398773744702 0.2758593559265137 1.93352
879 -0.5542160868644714 0.002751600230112672 0.265937477350235 2.19591
880 -0.5546692609786987 0.002358399797230959 0.2439843565225601 1.89479
881 -0.5530064105987549 -0.001595999696291983 0.2714062333106995 2.39216
882 -0.5548083782196045 -0.0009647993138059974 0.262499988079071 2.33624
883 -0.5549184679985046 -0.004897198639810085 0.2546093463897705 2.19809
884 -0.5554490685462952 0.0002316001919098198 0.2758593559265137 1.65221
885 -0.5542007684707642 0.0005591998342424631 0.3060937225818634 1.84672
886 -0.5550320148468018 -0.002919201739132404 0.2840624749660492 2.11841
887 -0.5544016361236572 -0.003037603106349707 0.2666406035423279 1.84503
888 -0.5539135336875916 -0.0009199996711686254 0.2975780963897705 1.6732
889 -0.5534040331840515 -0.000483601150335744 0.3085937201976776 2.21635
890 -0.5547527074813843 -0.00107600016053766 0.2687499821186066 1.92151
891 -0.5536009669303894 -0.00126159971114248 0.2759374678134918 2.44551
892 -0.5540750622749329 -0.003833998925983906 0.2343749701976776 1.80009
893 -0.554632842540741 -0.003211199073120952 0.2903124690055847 2.20235
894 -0.5550603866577148 -0.003303200472146273 0.290156215429306 2.14953
895 -0.5538607239723206 0.0002359994687139988 0.2771093547344208 2.23312
896 -0.5539507269859314 0.0009048001375049353 0.2560937404632568 2.53032
897 -0.5547722578048706 7.55997680244036e-05 0.2632031142711639 1.84976
898 -0.5547078847885132 -0.007209604606032372 0.2534374892711639 1.99636
899 -0.5558905601501465 0.004205202683806419 0.2568749785423279 2.33466
900 -0.553899347782135 0.0008896003710106015 0.2408593446016312 2.2738
901 -0.5541415214538574 -0.002724400255829096 0.2635937333106995 1.94233
902 -0.5546082258224487 -0.004718802869319916 0.2579687237739563 1.86693
903 -0.554341733455658 -0.002276799874380231 0.2573437392711639 1.99402
904 -0.5529536008834839 5.599802898359485e-05 0.2911718487739563 2.77137
905 -0.5542199015617371 -0.00180679967161268 0.2892187237739563 2.31229
906 -0.5535277128219604 0.001183200045488775 0.2817968428134918 2.15231
907 -0.554021954536438 0.003183998400345445 0.2777343392372131 1.88401
908 -0.5552160739898682 0.002222399227321148 0.2591406106948853 1.94621
909 -0.5547447800636292 0.000522799848113209 0.244687482714653 2.70447
910 -0.5556415915489197 -0.002191198756918311 0.2338280975818634 2.69347
911 -0.5549215078353882 0.001549600274302065 0.2697656154632568 2.39556
912 -0.5547345876693726 0.0008576003019697964 0.2492187321186066 2.08797
913 -0.5549309253692627 0.001023200340569019 0.297656238079071 2.16174
914 -0.554115891456604 -0.002800398971885443 0.2866406142711639 1.99614
915 -0.5553261041641235 -0.001800397876650095 0.2553906142711639 2.35841
916 -0.5547939538955688 -0.0004147998697590083 0.2616406083106995 1.77357
917 -0.5546784400939941 -0.002753200940787792 0.2558593451976776 1.9651
918 -0.5551377534866333 0.004751200787723064 0.2570312321186066 1.84078
919 -0.5538004040718079 0.0006488001090474427 0.2651562392711639 2.15119
920 -0.5544499754905701 0.00196399912238121 0.3137499690055847 2.1044
921 -0.5550506711006165 -0.003562400350347161 0.2810937166213989 2.65482
922 -0.5544496774673462 -0.002027998911216855 0.2635155916213989 1.9962
923 -0.5547298192977905 0.000956800184212625 0.2619531154632568 2.02765
924 -0.5542680621147156 -1.239992980117677e-05 0.2864062190055847 2.35685
925 -0.554815948009491 -0.00190719950478524 0.2463281005620956 2.10636
926 -0.5535247325897217 0.0006624003872275352 0.2749218642711639 1.75727
927 -0.5543031692504883 0.002686000661924481 0.2408593446016312 2.53503
928 -0.5546882152557373 0.0003824007872026414 0.2805468440055847 2.36099
929 -0.5545198321342468 -0.001228800392709672 0.2729687392711639 1.96552
930 -0.5556244254112244 0.0002612001553643495 0.2920312285423279 2.15589
931 -0.5552965998649597 -0.004571603611111641 0.2370312213897705 2.01347
932 -0.5547889471054077 -0.0007543996907770634 0.2416405975818634 2.57537
933 -0.5554543733596802 4.640024781110696e-05 0.2982031106948853 2.57297
934 -0.5546282529830933 0.0004928006674163043 0.3029687404632568 2.12333
935 -0.5546489953994751 -0.00167719938326627 0.2727343440055847 2.19805
936 -0.55373615026474 0.002857600105926394 0.2746093571186066 2.01638
937 -0.5546713471412659 0.003527602879330516 0.2652343511581421 1.88686
938 -0.5542219877243042 0.005458401516079903 0.2907812297344208 1.779
939 -0.5545505285263062 -0.0007884005317464471 0.2703905999660492 2.03913
940 -0.5541272163391113 -0.003244800493121147 0.2680468559265137 2.80036
941 -0.5538567304611206 -0.004736804403364658 0.2662499845027924 2.23441
942 -0.554571270942688 -0.001260400284081697 0.258124977350235 2.08069
943 -0.5544750690460205 0.0005180002190172672 0.2607030868530273 2.02281
944 -0.5546496510505676 0.001025200122967362 0.2924218475818634 2.19008
945 -0.555252730846405 0.0009803995490074158 0.2889843583106995 2.19146
946 -0.5550194978713989 -0.0009312009788118303 0.2849999666213989 2.04384
947 -0.5546663999557495 -0.0007355997804552317 0.2517187297344208 1.58591
948 -0.5539872050285339 -0.0003588011313695461 0.2610937356948853 2.19668
949 -0.5549025535583496 0.001077999244444072 0.2707031071186066 2.53661
950 -0.553154468536377 0.001511600916273892 0.2830468416213989 2.10333
951 -0.5547688007354736 0.0008099996484816074 0.2646093368530273 2.27895
952 -0.5535657405853271 0.002222400391474366 0.2435937225818634 2.23424
953 -0.5551638007164001 -0.0001279990974580869 0.3006249666213989 1.72131
954 -0.5555595755577087 0.001554800779558718 0.2990624904632568 2.36113
955 -0.5548633933067322 0.003230000613257289 0.2636718451976776 2.309
956 -0.5552428960800171 -0.001412800629623234 0.2892187237739563 1.91025
957 -0.5550330281257629 -0.002032003831118345 0.2841405868530273 2.5394
958 -0.5544874668121338 -0.001983199967071414 0.289843738079071 1.78734
959 -0.5546162128448486 -0.004444802179932594 0.2529687285423279 1.66159
960 -0.5544289350509644 0.0001544002589071169 0.2756249904632568 2.48713
961 -0.5541719198226929 0.00146199984010309 0.2873437404632568 2.62677
962 -0.5547442436218262 0.0008852003375068307 0.2563281059265137 2.17628
963 -0.5541192889213562 0.001074398402124643 0.2560155987739563 2.30632
964 -0.5549768805503845 0.001387199736200273 0.2684374749660492 1.89141
965 -0.5552748441696167 0.002036802005022764 0.2831249833106995 2.77514
966 -0.5548499226570129 0.0009480004082433879 0.3112499713897705 2.22238
967 -0.5546079277992249 0.0009199996711686254 0.2553124725818634 1.92328
968 -0.5539379119873047 -0.001260800403542817 0.295703113079071 1.75714
969 -0.5550538301467896 -0.00230799987912178 0.2615624666213989 1.65822
970 -0.5544600486755371 -0.002816400257870555 0.2539843618869781 2.17598
971 -0.5539922118186951 -0.00153960008174181 0.2650780975818634 2.04853
972 -0.5547776818275452 -0.0003135992446914315 0.2542968392372131 2.12587
973 -0.5556725859642029 -0.001529199653305113 0.2814062237739563 1.96224
974 -0.5551178455352783 0.0009399994742125273 0.2594530880451202 2.74582
975 -0.5546006560325623 -0.0005927998572587967 0.273749977350235 2.1778
976 -0.5547950267791748 0.0002955997188109905 0.2713280916213989 1.78095
977 -0.5549666285514832 -0.0006032001692801714 0.2646874785423279 2.30352
978 -0.5540241599082947 0.006059601437300444 0.2818749845027924 2.06226
979 -0.5554363131523132 0.006323600187897682 0.2341406047344208 1.87389
980 -0.5541558861732483 0.003028800478205085 0.2634374797344208 2.15363
981 -0.5548820495605469 0.004019600804895163 0.2858593463897705 2.01744
982 -0.5543476343154907 0.0008656001882627606 0.2674999833106995 2.33026
983 -0.5557292699813843 -0.0002104004088323563 0.282031238079071 2.24295
984 -0.5544718503952026 6.760018004570156e-05 0.2729687392711639 2.46733
985 -0.5539001226425171 0.004570000804960728 0.2775781154632568 2.06313
986 -0.5544775724411011 -0.0008475997019559145 0.2488280981779099 1.8413
987 -0.5550674796104431 -0.001949600991792977 0.2651562392711639 2.60619
988 -0.5544154047966003 0.001338799484074116 0.2726562321186066 2.55408
989 -0.5544076561927795 -0.0007420012261718512 0.2546093463897705 1.87021
990 -0.5545058250427246 0.001254000118933618 0.2799218595027924 2.54769
991 -0.5544256567955017 0.001565199228934944 0.2502343654632568 1.97855
992 -0.555579662322998 0.0007720001158304513 0.2420312315225601 1.95676
993 -0.5550026297569275 -0.001499198959209025 0.2528124749660492 2.46501
994 -0.5548130869865417 -0.0007280001882463694 0.2814062237739563 2.13743
995 -0.555168092250824 -0.000258000276517123 0.2476562261581421 1.86511
996 -0.5535935759544373 2.800440825012629e-06 0.2713280916213989 2.73072
997 -0.554178774356842 -0.001611199346370995 0.2138281017541885 2.0284
998 -0.5545778274536133 -0.002643200568854809 0.2818749845027924 1.77607
999 -0.5547974109649658 -0.005888400133699179 0.2361718565225601 2.39854
1000 -0.554645299911499 -0.000459200149634853 0.2525781095027924 2.03665
