# Simulazione modello di Ising 1D
# Mossa 	 Energia 	 Magnetizzazione 	 Calore specifico 	 Suscettività
1     -0.9307811260223389      -0.003800478065386415     0.422222226858139     71.31833648681641
2     -0.9314005970954895      0.0008534023072570562     0.375555545091629     72.46175384521484
3     -0.9313067197799683      -0.01354640815407038     0.3955555558204651     98.36928558349609
4     -0.9311491250991821      -0.02362495101988316     0.5177777409553528     52.78314208984375
5     -0.9307888746261597      0.00279860314913094     0.4688888788223267     54.08913040161133
6     -0.9310919046401978      0.01248622126877308     0.4311110973358154     76.35047912597656
7     -0.9312727451324463      -0.005096942186355591     0.5     57.04673004150391
8     -0.9313340783119202      -0.006661897990852594     0.3177777528762817     63.2646484375
9     -0.9313225746154785      0.007411090657114983     0.3577777445316315     79.04967498779297
10     -0.9309591054916382      -0.002607878530398011     0.4600000083446503     57.04787063598633
11     -0.9318856596946716      -0.004216322675347328     0.5199999809265137     93.83223724365234
12     -0.9315667152404785      -0.0103968782350421     0.4533332884311676     60.99477005004883
13     -0.9309777617454529      0.01982004940509796     0.4466666579246521     103.5146713256836
14     -0.9307114481925964      -0.007402861956506968     0.5600000023841858     95.82939910888672
15     -0.9311807751655579      -0.001206321292556822     0.5155555009841919     66.61312103271484
16     -0.930935263633728      0.003435511374846101     0.4644444286823273     43.74685668945312
17     -0.9302356243133545      0.004682627040892839     0.4177777767181396     81.60270690917969
18     -0.9308156371116638      0.01454255543649197     0.5600000023841858     93.53240966796875
19     -0.9310762882232666      -0.006286319345235825     0.3977777659893036     62.27015686035156
20     -0.9311193227767944      0.0008247252553701401     0.4622222185134888     57.58779525756836
21     -0.9305945038795471      0.02373971231281757     0.4377777874469757     41.1380729675293
22     -0.931113600730896      -0.03398387134075165     0.508888840675354     101.3731536865234
23     -0.9302236437797546      -0.02192295156419277     0.5022222399711609     70.1214599609375
24     -0.9311847686767578      0.02032158896327019     0.4688888788223267     86.72719573974609
25     -0.9302531480789185      0.0134917264804244     0.2711111009120941     59.89149856567383
26     -0.9316160082817078      -0.004183156415820122     0.5066666603088379     46.81650924682617
27     -0.9318480491638184      -0.0004908916889689863     0.3844444453716278     73.19259643554688
28     -0.9313207268714905      -0.0006776695954613388     0.4244444370269775     73.71937561035156
29     -0.9310057759284973      0.01874035410583019     0.5533332824707031     74.97607421875
30     -0.9309372305870056      0.007345071993768215     0.2755555510520935     72.41792297363281
31     -0.9313678741455078      -0.005793173331767321     0.4622222185134888     67.66695404052734
32     -0.9314613342285156      -0.03459679707884789     0.40666663646698     97.79999542236328
33     -0.9307025671005249      -0.03710789233446121     0.3444444239139557     68.8511962890625
34     -0.9301982522010803      -0.006726803723722696     0.3888888657093048     71.35971069335938
35     -0.9314900636672974      -0.01739727705717087     0.5844444632530212     65.96753692626953
36     -0.9308997988700867      0.004499238915741444     0.4644444286823273     76.38338470458984
37     -0.9311404228210449      0.02161120623350143     0.5799999833106995     72.10512542724609
38     -0.9308755993843079      0.001610439270734787     0.4933333098888397     82.32636260986328
39     -0.9308670163154602      0.01022824831306934     0.4155555069446564     58.07878112792969
40     -0.9309848546981812      -0.0006226727273315191     0.4955555200576782     57.61825180053711
41     -0.9306620359420776      0.02602455765008926     0.4399999976158142     67.71056365966797
42     -0.9313290119171143      0.01069746259599924     0.5377777218818665     87.54180908203125
43     -0.9309592843055725      -0.001210614340379834     0.4666666388511658     57.95849227905273
44     -0.9320418834686279      0.01797012612223625     0.4777777791023254     105.8465347290039
45     -0.9312364459037781      -0.02169444225728512     0.4777777791023254     160.4827270507812
46     -0.9317023158073425      0.01859071105718613     0.4044444262981415     70.83401489257812
47     -0.931395411491394      -0.004035684745758772     0.657777726650238     46.09634780883789
48     -0.9310749173164368      -0.02669932320713997     0.3977777659893036     97.69302368164062
49     -0.9314368367195129      -0.01637197658419609     0.4622222185134888     69.96448516845703
50     -0.9306578040122986      -0.01715394109487534     0.2933333218097687     94.64292144775391
51     -0.9303093552589417      0.02185834944248199     0.5     72.73772430419922
52     -0.9317888617515564      0.005703793372958899     0.5066666603088379     120.0416030883789
53     -0.9307393431663513      0.01578832976520061     0.4399999976158142     100.7416000366211
54     -0.93133544921875      -0.01468164194375277     0.4733332991600037     68.02613830566406
55     -0.9310998320579529      0.02303403243422508     0.3666666448116302     75.71532440185547
56     -0.9309002757072449      0.01291489880532026     0.5355555415153503     98.19878387451172
57     -0.9312520623207092      -0.008298068307340145     0.4911110699176788     93.73861694335938
58     -0.9321157932281494      -0.003328924532979727     0.5155555009841919     96.30318450927734
59     -0.9311978220939636      0.001478035585023463     0.4844444394111633     40.82250213623047
60     -0.9314355254173279      -0.01761506870388985     0.426666647195816     89.49796295166016
61     -0.9304599761962891      0.0005228042718954384     0.379999965429306     107.3786773681641
62     -0.931591808795929      -0.007264794781804085     0.4511110782623291     83.28678894042969
63     -0.931519627571106      0.02585728466510773     0.4377777874469757     56.16580581665039
64     -0.9305869340896606      0.002695756265893579     0.4422222077846527     79.30086517333984
65     -0.9303864240646362      0.006144808605313301     0.4711110889911652     80.26065063476562
66     -0.9309726357460022      0.01795528829097748     0.3888888657093048     79.64649963378906
67     -0.9315399527549744      0.01536804810166359     0.5199999809265137     93.32585906982422
68     -0.930676281452179      -0.01275176741182804     0.4333333075046539     72.36361694335938
69     -0.9309580326080322      0.0111868679523468     0.3599999845027924     117.0286712646484
70     -0.9311592578887939      0.006899530068039894     0.4933333098888397     83.60588073730469
71     -0.931039035320282      -0.0122172012925148     0.5400000214576721     76.11618804931641
72     -0.9309410452842712      0.006856073625385761     0.3977777659893036     49.46260452270508
73     -0.9313612580299377      0.01361870858818293     0.5577777624130249     73.77632141113281
74     -0.9309048652648926      -0.003448761301115155     0.5155555009841919     57.6483268737793
75     -0.9311182498931885      0.003517438191920519     0.4911110699176788     106.9581527709961
76     -0.9310101270675659      -0.02855728752911091     0.4644444286823273     74.79087829589844
77     -0.9300012588500977      -0.01323399692773819     0.4288888573646545     52.05022430419922
78     -0.9308822154998779      -0.005520942620933056     0.5400000214576721     80.89171600341797
79     -0.9306505918502808      -0.008777948096394539     0.4911110699176788     58.48061370849609
80     -0.9303941130638123      0.01846352778375149     0.5022222399711609     35.52005767822266
81     -0.9311480522155762      -0.001252115704119205     0.5422222018241882     67.65377807617188
82     -0.9313927888870239      0.01034135930240154     0.4511110782623291     43.45635604858398
83     -0.9309517741203308      0.005850320216268301     0.508888840675354     89.48432159423828
84     -0.9315528273582458      0.01579468324780464     0.5199999809265137     78.61105346679688
85     -0.9318152070045471      -0.00246891938149929     0.4711110889911652     50.98291397094727
86     -0.9319202899932861      0.001949634402990341     0.4866666495800018     106.1565856933594
87     -0.9313182830810547      -0.01710118353366852     0.5777777433395386     106.7790145874023
88     -0.9315043091773987      -0.01869043335318565     0.5755555033683777     26.6669750213623
89     -0.9310884475708008      -0.01758053340017796     0.4866666495800018     84.29063415527344
90     -0.9307515621185303      0.008439608849585056     0.4488888680934906     133.6400909423828
91     -0.9306669235229492      -0.007024023216217756     0.5244444608688354     52.5971794128418
92     -0.9304788112640381      -0.01638364605605602     0.4244444370269775     45.65034103393555
93     -0.9314721822738647      -0.02556963823735714     0.4244444370269775     54.12556838989258
94     -0.9307917952537537      -0.002253947546705604     0.4244444370269775     69.58330535888672
95     -0.9313273429870605      0.01421842072159052     0.4511110782623291     51.39350509643555
96     -0.9311829805374146      -0.006760433316230774     0.422222226858139     73.00507354736328
97     -0.9305349588394165      -0.01944684237241745     0.4866666495800018     114.5357360839844
98     -0.9310109615325928      -0.002631884533911943     0.5     42.43016815185547
99     -0.9314239025115967      -0.001806279760785401     0.6133332848548889     85.05770874023438
100     -0.9312108159065247      -0.01150894816964865     0.4488888680934906     43.60689163208008
101     -0.9321988224983215      0.02911920100450516     0.5600000023841858     118.8134994506836
102     -0.931210458278656      -0.01585070416331291     0.4955555200576782     75.04765319824219
103     -0.931571900844574      -0.01131087355315685     0.4377777874469757     96.30404663085938
104     -0.9304208159446716      -0.01754597015678883     0.3688888549804688     87.03235626220703
105     -0.9310117959976196      -0.02864271774888039     0.4755555093288422     82.60239410400391
106     -0.9313307404518127      0.008157071657478809     0.5222222208976746     91.13608551025391
107     -0.9305011630058289      -0.01380885764956474     0.4377777874469757     74.77058410644531
108     -0.9313034415245056      -0.003100885078310966     0.3866666555404663     57.04881286621094
109     -0.93058180809021      -0.003469198243692517     0.4911110699176788     58.79202651977539
110     -0.9307193160057068      0.002999330870807171     0.4399999976158142     83.94226837158203
111     -0.9313984513282776      0.002354900119826198     0.3733333349227905     89.25753784179688
112     -0.9310494065284729      -0.003240557154640555     0.4288888573646545     78.18344116210938
113     -0.9307368993759155      -0.02519938349723816     0.4733332991600037     91.80949401855469
114     -0.9306383728981018      -0.00235015619546175     0.4577777683734894     40.84867858886719
115     -0.9313631057739258      0.006174847483634949     0.4600000083446503     60.04680633544922
116     -0.9316561818122864      0.02388669177889824     0.551111102104187     74.24098968505859
117     -0.9309459924697876      -0.007293513510376215     0.5133333206176758     60.14603805541992
118     -0.9316189289093018      0.004580269102007151     0.5155555009841919     69.64952850341797
119     -0.9306550621986389      -0.002089770045131445     0.4466666579246521     82.99514007568359
120     -0.9312335848808289      0.006863156799226999     0.3599999845027924     56.90553665161133
121     -0.9307471513748169      -0.0348072238266468     0.4088888764381409     102.310546875
122     -0.9309696555137634      -0.009092571213841438     0.375555545091629     85.32049560546875
123     -0.9310223460197449      0.002790641970932484     0.3955555558204651     44.28096389770508
124     -0.9311462640762329      -0.005083969328552485     0.3777777552604675     82.4117431640625
125     -0.9309797883033752      0.01296048890799284     0.3933333158493042     79.46148681640625
126     -0.9309351444244385      0.0238177590072155     0.5155555009841919     59.07830810546875
127     -0.9312551617622375      0.013758834451437     0.5333333015441895     81.85210418701172
128     -0.931668758392334      -0.01430925168097019     0.426666647195816     65.40750885009766
129     -0.9310859441757202      -0.05104315653443336     0.3688888549804688     74.01407623291016
130     -0.9311603307723999      -0.02223111689090729     0.4111110866069794     137.2850036621094
131     -0.9307587146759033      -0.003606960410252213     0.5666666626930237     65.40074157714844
132     -0.9313366413116455      0.00310333794914186     0.3777777552604675     51.77105712890625
133     -0.9311908483505249      -0.02106304094195366     0.4288888573646545     52.02005004882812
134     -0.9315996170043945      0.01282890513539314     0.4511110782623291     64.53759002685547
135     -0.9319348335266113      -0.009298543445765972     0.5244444608688354     82.9345703125
136     -0.9308961033821106      0.01097653992474079     0.4644444286823273     109.2871627807617
137     -0.9311468601226807      0.00603379774838686     0.4488888680934906     39.05352783203125
138     -0.9309824109077454      -0.01371430698782206     0.355555534362793     83.361328125
139     -0.9312730431556702      -0.00296649569645524     0.3911110758781433     102.294059753418
140     -0.9312286376953125      -0.01319320686161518     0.4666666388511658     60.79406356811523
141     -0.9316986203193665      -0.00134752260055393     0.602222204208374     52.83275604248047
142     -0.9316055774688721      0.02373837307095528     0.4488888680934906     84.03094482421875
143     -0.9315035343170166      -0.01082552876323462     0.4422222077846527     54.16602325439453
144     -0.9311385750770569      -0.01105484459549189     0.4488888680934906     87.38969421386719
145     -0.9312167763710022      0.03276367858052254     0.4644444286823273     51.78271865844727
146     -0.9308950901031494      0.004554459359496832     0.5822222232818604     83.89956665039062
147     -0.9316606521606445      -0.00967167504131794     0.5400000214576721     65.96163177490234
148     -0.9318374991416931      -0.001439238083548844     0.4155555069446564     63.42176818847656
149     -0.9313310384750366      0.00500863092020154     0.4422222077846527     45.78995513916016
150     -0.9309848546981812      -0.01665017195045948     0.3977777659893036     41.92945098876953
151     -0.9308802485466003      -0.01188332866877317     0.402222216129303     111.3258743286133
152     -0.9313976764678955      0.02278191782534122     0.5866666436195374     91.15238189697266
153     -0.9317170977592468      -0.01546395104378462     0.4044444262981415     70.97312164306641
154     -0.9308135509490967      -0.01001743972301483     0.4155555069446564     55.75772476196289
155     -0.930953323841095      -0.0160589162260294     0.3955555558204651     69.88877868652344
156     -0.9309915900230408      -0.02733966708183289     0.4755555093288422     42.04489517211914
157     -0.9311872124671936      -0.008024442940950394     0.4199999868869781     75.65346527099609
158     -0.931581437587738      -0.009150911122560501     0.5133333206176758     78.7186279296875
159     -0.9312955141067505      0.01356713846325874     0.5355555415153503     61.41604232788086
160     -0.931413471698761      -0.009955815970897675     0.5155555009841919     60.31052398681641
161     -0.9306299686431885      0.01444144546985626     0.3177777528762817     74.46330261230469
162     -0.9312633872032166      0.01389385107904673     0.4666666388511658     38.83506393432617
163     -0.9315138459205627      0.01237992569804192     0.5022222399711609     64.20204925537109
164     -0.930925190448761      -0.00719795748591423     0.4644444286823273     104.3126373291016
165     -0.9311982393264771      0.005397678818553686     0.4177777767181396     96.44217681884766
166     -0.931008517742157      -0.005310484673827887     0.402222216129303     41.42337036132812
167     -0.9313042163848877      -0.004867439158260822     0.4444444477558136     70.688720703125
168     -0.9305221438407898      0.007768253330141306     0.3199999928474426     64.90931701660156
169     -0.9305751919746399      0.004388428758829832     0.4622222185134888     111.229866027832
170     -0.9314758777618408      -0.01585779897868633     0.4866666495800018     67.07551574707031
171     -0.9306958913803101      -0.01964989304542542     0.4466666579246521     43.52389907836914
172     -0.9310371875762939      0.01054799370467663     0.4288888573646545     66.10404968261719
173     -0.9316213130950928      0.01236148178577423     0.4488888680934906     102.6232528686523
174     -0.930967390537262      0.00548060704022646     0.5577777624130249     53.79160690307617
175     -0.9310885667800903      -0.02588371932506561     0.351111114025116     86.88690948486328
176     -0.9309143424034119      0.0002523206348996609     0.5644444227218628     47.4476203918457
177     -0.9306246042251587      0.008259736932814121     0.3844444453716278     78.42532348632812
178     -0.9310255646705627      -0.008735107257962227     0.4733332991600037     89.93489837646484
179     -0.9307630062103271      0.009676398709416389     0.5288888812065125     88.07688903808594
180     -0.9315947294235229      -0.01197744160890579     0.4911110699176788     85.40444946289062
181     -0.9309051036834717      0.006645127665251493     0.4155555069446564     80.30384826660156
182     -0.9316951036453247      -0.01906687021255493     0.4933333098888397     59.26337051391602
183     -0.9304843544960022      -0.01473105326294899     0.3311111032962799     47.68285751342773
184     -0.9306854605674744      -0.0215113777667284     0.5466666221618652     89.33460998535156
185     -0.9309053421020508      0.0276894923299551     0.4600000083446503     54.63404846191406
186     -0.9309892654418945      0.009118612855672836     0.3844444453716278     52.6502571105957
187     -0.9306290745735168      -0.0009131174301728606     0.5199999809265137     41.15059280395508
188     -0.9310944080352783      0.0005807928973808885     0.422222226858139     75.07847595214844
189     -0.9310654997825623      0.01796170324087143     0.4666666388511658     92.84767150878906
190     -0.9311143755912781      0.002249078126624227     0.4866666495800018     50.43153762817383
191     -0.9310082793235779      0.005542988423258066     0.3977777659893036     66.93257904052734
192     -0.9311531186103821      -0.004045762121677399     0.5688888430595398     76.15806579589844
193     -0.9310301542282104      0.007335083559155464     0.4955555200576782     50.25251388549805
194     -0.9317349791526794      0.01141041330993176     0.5133333206176758     105.9798278808594
195     -0.9320026636123657      -0.01026960182934999     0.5400000214576721     89.15873718261719
196     -0.9309766888618469      0.006933863740414381     0.5311110615730286     77.16016387939453
197     -0.930724024772644      0.009912080131471157     0.5133333206176758     62.96096420288086
198     -0.931548535823822      -0.007942595519125462     0.3933333158493042     45.9185791015625
199     -0.9302917718887329      0.00899279210716486     0.3733333349227905     55.48668670654297
200     -0.9307595491409302      -0.001879608724266291     0.4111110866069794     62.03038787841797
201     -0.930900514125824      -0.005245513282716274     0.3466666638851166     93.91982269287109
202     -0.9311287403106689      0.004886484239250422     0.4888888597488403     51.79157638549805
203     -0.9308372139930725      -0.001057707704603672     0.3533333241939545     59.41842651367188
204     -0.9319560527801514      0.02019893750548363     0.4466666579246521     59.98201370239258
205     -0.9315456748008728      0.02327274531126022     0.4666666388511658     90.25924682617188
206     -0.9307194352149963      0.005879202857613564     0.5311110615730286     47.94411087036133
207     -0.9310298562049866      0.02190551348030567     0.5111110806465149     65.07196807861328
208     -0.931042492389679      -0.008079231716692448     0.5822222232818604     67.05734252929688
209     -0.930063784122467      -0.02470039762556553     0.4488888680934906     85.36653137207031
210     -0.9307597875595093      0.004908833652734756     0.4844444394111633     83.03505706787109
211     -0.9308742880821228      -0.0009201950742863119     0.3688888549804688     53.98311233520508
212     -0.9309123158454895      -0.008952438831329346     0.4533332884311676     84.36029815673828
213     -0.9310697317123413      -0.001155720325186849     0.4288888573646545     79.70789337158203
214     -0.9306132793426514      0.01369218714535236     0.4622222185134888     70.964111328125
215     -0.9307867288589478      0.001095040119253099     0.5355555415153503     75.41400146484375
216     -0.9313574433326721      0.006547403056174517     0.4822222292423248     81.47025299072266
217     -0.9310076236724854      0.009150151163339615     0.4155555069446564     49.84920883178711
218     -0.9307050704956055      0.01890207454562187     0.4288888573646545     55.85535049438477
219     -0.9317237138748169      -0.00503437826409936     0.3399999737739563     113.269172668457
220     -0.9312273263931274      0.008826205506920815     0.328888863325119     51.68939208984375
221     -0.9317131042480469      -0.005870330613106489     0.5533332824707031     49.964599609375
222     -0.9302608370780945      -0.01088021881878376     0.4333333075046539     60.6083984375
223     -0.9313148260116577      -0.02700937539339066     0.3933333158493042     50.2818717956543
224     -0.9313390851020813      0.0002664482453837991     0.5155555009841919     59.67248916625977
225     -0.9319359660148621      -0.004655725788325071     0.426666647195816     102.0144577026367
226     -0.9306080937385559      -0.00206250068731606     0.5733333230018616     67.85990142822266
227     -0.9313130974769592      -0.0009421946597285569     0.4177777767181396     89.86018371582031
228     -0.9314814209938049      -0.01628889515995979     0.4377777874469757     54.0860481262207
229     -0.9312806725502014      -0.01265899185091257     0.4377777874469757     77.541748046875
230     -0.9314717054367065      0.0181824155151844     0.3377777636051178     45.29352188110352
231     -0.9314923882484436      0.01430330518633127     0.4044444262981415     47.61589813232422
232     -0.9309340119361877      0.005965779069811106     0.4688888788223267     125.1792373657227
233     -0.9312165975570679      0.009542418643832207     0.4355555176734924     104.4229278564453
234     -0.9313724637031555      -0.004801357630640268     0.5022222399711609     69.39646148681641
235     -0.9312988519668579      0.006096885073930025     0.5244444608688354     111.1599655151367
236     -0.9308467507362366      -0.02390972897410393     0.4355555176734924     78.3787841796875
237     -0.9310475587844849      -0.0278963353484869     0.3933333158493042     85.81985473632812
238     -0.9314336180686951      -0.005249199457466602     0.4577777683734894     81.55755615234375
239     -0.9314970970153809      -0.01184938382357359     0.4422222077846527     55.82113647460938
240     -0.9314764738082886      -0.03531402349472046     0.3844444453716278     52.74497604370117
241     -0.9307754635810852      -0.005785784218460321     0.4866666495800018     76.11101531982422
242     -0.9304690361022949      -0.001037361100316048     0.5222222208976746     52.62139511108398
243     -0.931149423122406      -0.006636390462517738     0.4466666579246521     66.21863555908203
244     -0.9312248826026917      -0.00538712041452527     0.3977777659893036     53.76907348632812
245     -0.9312561750411987      0.0008537592948414385     0.4533332884311676     67.51424407958984
246     -0.9314694404602051      -0.004371886141598225     0.504444420337677     46.65874481201172
247     -0.9312394261360168      -0.006786361802369356     0.40666663646698     60.09062957763672
248     -0.9317948222160339      0.005705028772354126     0.4422222077846527     65.18914031982422
249     -0.9308972358703613      0.01548438239842653     0.40666663646698     98.92735290527344
250     -0.9314504861831665      0.03425578773021698     0.4799999892711639     77.54754638671875
251     -0.9311506748199463      -0.02024690993130207     0.4755555093288422     66.64675903320312
252     -0.93123459815979      -0.02449597232043743     0.4355555176734924     66.17990875244141
253     -0.9311169981956482      -0.006683886051177979     0.5222222208976746     53.25329208374023
254     -0.930799126625061      0.01780947297811508     0.4933333098888397     65.24452209472656
255     -0.9310382008552551      -0.002313439268618822     0.4444444477558136     61.97977447509766
256     -0.9309785962104797      -0.02252802066504955     0.3666666448116302     70.82533264160156
257     -0.9312899708747864      -0.001849940279498696     0.3577777445316315     82.45321655273438
258     -0.9309224486351013      -0.008989723399281502     0.3666666448116302     58.59683227539062
259     -0.9312826991081238      -0.01731375232338905     0.4844444394111633     59.31398010253906
260     -0.9308992028236389      0.006392441224306822     0.4288888573646545     96.14713287353516
261     -0.9317987561225891      0.02029256522655487     0.4799999892711639     60.95043182373047
262     -0.9317020773887634      -0.01463414635509253     0.5644444227218628     72.46919250488281
263     -0.9307076334953308      -0.02453635074198246     0.4111110866069794     109.6540908813477
264     -0.9310836791992188      0.01223544497042894     0.4377777874469757     50.16399765014648
265     -0.9310555458068848      0.002887235954403877     0.4488888680934906     49.27103424072266
266     -0.930931031703949      0.00933524314314127     0.379999965429306     51.80752944946289
267     -0.9308651089668274      0.01178576052188873     0.4799999892711639     80.40427398681641
268     -0.9317672848701477      -0.009875362738966942     0.4600000083446503     94.56880187988281
269     -0.9311575889587402      0.03238573297858238     0.5066666603088379     65.62069702148438
270     -0.930381178855896      -0.01781216077506542     0.5155555009841919     81.55630493164062
271     -0.9308883547782898      0.01164310425519943     0.3622222244739532     79.61732482910156
272     -0.9310300946235657      0.01343560218811035     0.3955555558204651     151.7937164306641
273     -0.9302921891212463      -0.007073736749589443     0.328888863325119     59.09234237670898
274     -0.9310187697410583      -0.01253523770719767     0.5533332824707031     55.80887603759766
275     -0.9313504695892334      -0.00821871031075716     0.5     68.12741088867188
276     -0.9316375255584717      -0.008248105645179749     0.4600000083446503     83.4197998046875
277     -0.9312572479248047      0.004211366642266512     0.606666624546051     57.91467666625977
278     -0.9312443137168884      0.007436085492372513     0.5222222208976746     68.0225830078125
279     -0.9315623044967651      -0.04564124345779419     0.3822222054004669     72.83909606933594
280     -0.9308849573135376      -0.006695933640003204     0.3977777659893036     67.17905426025391
281     -0.9315632581710815      0.01906331814825535     0.4666666388511658     71.02726745605469
282     -0.9309013485908508      -0.01531598251312971     0.375555545091629     66.25872039794922
283     -0.9313555955886841      -0.005735445767641068     0.5155555009841919     75.72810363769531
284     -0.9310066699981689      -0.0127260023728013     0.4911110699176788     74.95659637451172
285     -0.9311805367469788      0.01819201000034809     0.3977777659893036     61.99348068237305
286     -0.9311084151268005      0.01100463606417179     0.4333333075046539     75.79180145263672
287     -0.9311628937721252      -0.001536720665171742     0.3933333158493042     76.82085418701172
288     -0.9313772320747375      -0.009569059126079082     0.5222222208976746     75.51922607421875
289     -0.9316990971565247      0.01140533201396465     0.4977777302265167     104.8638229370117
290     -0.9311610460281372      -0.00597648648545146     0.4511110782623291     80.7901611328125
291     -0.9315176606178284      -0.02700404636561871     0.5355555415153503     77.99329376220703
292     -0.931179404258728      -0.001119041116908193     0.4933333098888397     54.47689437866211
293     -0.9310435652732849      0.01525696273893118     0.5155555009841919     64.88252258300781
294     -0.9311044216156006      -0.01097800582647324     0.3844444453716278     69.78691864013672
295     -0.9308649301528931      -0.006000793073326349     0.3955555558204651     66.50611114501953
296     -0.9311584830284119      0.01603002846240997     0.5022222399711609     95.24016571044922
297     -0.9310183525085449      -0.02076897397637367     0.4622222185134888     94.03548431396484
298     -0.9308991432189941      0.0146260391920805     0.4555555284023285     79.70798492431641
299     -0.9308888912200928      -0.007324702572077513     0.4044444262981415     85.02234649658203
300     -0.9313985109329224      -0.001403140602633357     0.4177777767181396     68.58765411376953
301     -0.9308283925056458      -0.006890443619340658     0.328888863325119     68.05611419677734
302     -0.9309914112091064      0.02270271629095078     0.4111110866069794     63.06693649291992
303     -0.9306181669235229      -0.01157446950674057     0.5488888621330261     83.71516418457031
304     -0.9311436414718628      -0.01333266869187355     0.5777777433395386     82.43185424804688
305     -0.9304543137550354      -0.01122734043747187     0.5     94.50315093994141
306     -0.9312536120414734      0.009394500404596329     0.4555555284023285     84.07147216796875
307     -0.9312563538551331      -0.009210244752466679     0.5400000214576721     67.27390289306641
308     -0.9316655397415161      -0.003284631762653589     0.4488888680934906     109.1565856933594
309     -0.9310838580131531      -0.002121249679476023     0.4600000083446503     44.13737106323242
310     -0.9316745400428772      -0.005303580313920975     0.6200000047683716     45.87905502319336
311     -0.9313149452209473      -0.0001115479972213507     0.422222226858139     102.0325546264648
312     -0.9312834143638611      -0.02114488556981087     0.4822222292423248     47.26570129394531
313     -0.9307740330696106      -0.009204640053212643     0.4088888764381409     71.76073455810547
314     -0.9312418699264526      -0.01312140189111233     0.4888888597488403     72.09011077880859
315     -0.9307132959365845      -0.02169039286673069     0.5111110806465149     62.44855117797852
316     -0.9303110241889954      0.008826912380754948     0.426666647195816     49.91162490844727
317     -0.9312319159507751      0.01336958725005388     0.4466666579246521     49.46616744995117
318     -0.9312766790390015      0.003261336125433445     0.5266666412353516     73.39340972900391
319     -0.9319370985031128      -0.01715208403766155     0.4488888680934906     81.45256805419922
320     -0.9314799904823303      -0.01356325205415487     0.3911110758781433     75.02884674072266
321     -0.931341290473938      -0.009997849352657795     0.4377777874469757     60.99239349365234
322     -0.9314741492271423      0.003397727850824594     0.5377777218818665     70.03238677978516
323     -0.9310077428817749      0.01174594927579165     0.4977777302265167     93.12216949462891
324     -0.9313032031059265      0.008201482705771923     0.40666663646698     50.74600601196289
325     -0.9316061735153198      -0.002971393754705787     0.4533332884311676     79.04782867431641
326     -0.9307552576065063      -0.01443667151033878     0.3844444453716278     112.3490982055664
327     -0.9309601783752441      -0.02006267011165619     0.4644444286823273     36.9605712890625
328     -0.930540144443512      -0.006891587749123573     0.2911111116409302     56.22907638549805
329     -0.9313107132911682      0.01170141249895096     0.508888840675354     70.09058380126953
330     -0.9309362173080444      -0.01542753726243973     0.4511110782623291     81.71997833251953
331     -0.9308979511260986      0.0006629419513046741     0.4133332967758179     87.50023651123047
332     -0.9309542775154114      0.002477507572621107     0.3977777659893036     67.73676300048828
333     -0.9307653307914734      0.007307515013962984     0.4377777874469757     35.80169296264648
334     -0.9310798048973083      0.01634478196501732     0.3266666531562805     89.25069427490234
335     -0.9305368065834045      -0.003648879704996943     0.4866666495800018     65.89080810546875
336     -0.9316049814224243      -0.004706480074673891     0.402222216129303     80.11726379394531
337     -0.9311586618423462      0.0167397316545248     0.5622222423553467     90.66847229003906
338     -0.9305582046508789      0.0198430959135294     0.5244444608688354     84.81367492675781
339     -0.9308134913444519      -0.002776873530820012     0.422222226858139     95.21637725830078
340     -0.9306882619857788      -0.02863684110343456     0.3955555558204651     71.58768463134766
341     -0.9310688376426697      -0.003669296624138951     0.4377777874469757     77.62416076660156
342     -0.9310504794120789      0.01182814408093691     0.4755555093288422     52.19931030273438
343     -0.9311567544937134      0.006830890662968159     0.4488888680934906     52.72747421264648
344     -0.9306978583335876      0.008029401302337646     0.504444420337677     50.8802604675293
345     -0.9308068156242371      0.01722976006567478     0.4155555069446564     46.63749694824219
346     -0.9314814209938049      0.01676692999899387     0.4199999868869781     53.82259368896484
347     -0.9316144585609436      0.01004066411405802     0.4799999892711639     56.63571166992188
348     -0.9308525323867798      -8.238278678618371e-05     0.375555545091629     64.89596557617188
349     -0.9312214851379395      -0.004159504547715187     0.4844444394111633     69.80277252197266
350     -0.9314149618148804      0.01526439655572176     0.555555522441864     102.2076950073242
351     -0.9308637976646423      0.001150407479144633     0.2911111116409302     92.84787750244141
352     -0.9313955307006836      -0.0082430774345994     0.3377777636051178     48.61091995239258
353     -0.9312311410903931      -0.01664713956415653     0.4600000083446503     47.41996765136719
354     -0.9313563704490662      -0.01589084230363369     0.4111110866069794     54.44065475463867
355     -0.9313599467277527      -0.009346624836325645     0.4511110782623291     48.70095443725586
356     -0.9316906929016113      0.01520477887243032     0.3933333158493042     78.66049194335938
357     -0.9318327307701111      -0.009224711917340755     0.4244444370269775     49.85023880004883
358     -0.9307925701141357      -0.02224946394562721     0.6177777051925659     38.81428909301758
359     -0.9314401149749756      -0.03851117193698883     0.4333333075046539     114.7616653442383
360     -0.9311015605926514      0.01097146142274141     0.4844444394111633     70.86643218994141
361     -0.9311690330505371      0.01284545473754406     0.4777777791023254     69.54513549804688
362     -0.9310250878334045      -0.02154960483312607     0.4133332967758179     53.93170547485352
363     -0.9308886528015137      0.003545410232618451     0.4422222077846527     90.71277618408203
364     -0.9315170049667358      0.02346901781857014     0.4555555284023285     54.32686996459961
365     -0.9306809306144714      0.02058965340256691     0.4955555200576782     112.5640869140625
366     -0.930452823638916      -0.007811633870005608     0.4177777767181396     65.28175354003906
367     -0.9313191175460815      -0.005829558707773685     0.5866666436195374     61.28482055664062
368     -0.9315384030342102      0.02608285471796989     0.5022222399711609     36.85256958007812
369     -0.9314075112342834      0.0275904294103384     0.426666647195816     74.02555084228516
370     -0.9310649633407593      -0.00119376031216234     0.5644444227218628     81.30130767822266
371     -0.9315240979194641      -0.03244338184595108     0.4555555284023285     105.020622253418
372     -0.9310697317123413      0.0006148350657895207     0.4177777767181396     85.40567779541016
373     -0.9312654137611389      0.004044887609779835     0.3822222054004669     70.73287200927734
374     -0.9312894344329834      0.00480243656784296     0.5444444417953491     57.50539398193359
375     -0.9320510029792786      -0.006171729881316423     0.4666666388511658     78.06034088134766
376     -0.9304617047309875      -0.009481018409132957     0.3822222054004669     96.70090484619141
377     -0.9306164979934692      0.0247674286365509     0.2644444406032562     140.568603515625
378     -0.9312776327133179      0.005573438480496407     0.5222222208976746     69.53832244873047
379     -0.9306741952896118      0.003512035822495818     0.4355555176734924     84.88094329833984
380     -0.9309706091880798      -0.00862511619925499     0.426666647195816     87.92965698242188
381     -0.9316006898880005      0.02403561398386955     0.3577777445316315     111.6841278076172
382     -0.9311352372169495      -0.002611225936561823     0.3866666555404663     52.87232971191406
383     -0.9313474893569946      0.02067448943853378     0.4733332991600037     81.29418182373047
384     -0.9309950470924377      -0.0213532280176878     0.3977777659893036     81.65576171875
385     -0.9316148161888123      -0.002213842933997512     0.5466666221618652     107.5996017456055
386     -0.9312364459037781      -0.01705284789204597     0.3733333349227905     79.15315246582031
387     -0.9310964941978455      -0.003041141666471958     0.4577777683734894     43.86948776245117
388     -0.931588351726532      0.01035136077553034     0.5377777218818665     80.6170654296875
389     -0.9306195378303528      -0.01067115366458893     0.5444444417953491     59.31415557861328
390     -0.9314151406288147      0.003541820449754596     0.4888888597488403     85.94583129882812
391     -0.9313837885856628      0.02619621343910694     0.3488888740539551     61.55545806884766
392     -0.931054413318634      -0.01156260538846254     0.5244444608688354     79.80820465087891
393     -0.9313943386077881      -0.002953921677544713     0.4399999976158142     62.79166412353516
394     -0.9315690398216248      0.02985993586480618     0.5644444227218628     44.79542922973633
395     -0.9310917854309082      -0.007594125345349312     0.3155555427074432     52.2921257019043
396     -0.9312335848808289      0.002446660539135337     0.3688888549804688     87.12818145751953
397     -0.9315907955169678      -0.01709453947842121     0.3488888740539551     47.74771118164062
398     -0.9310165047645569      0.005513787269592285     0.5400000214576721     64.38953399658203
399     -0.9314219951629639      0.01123315002769232     0.3955555558204651     81.53453826904297
400     -0.9314435720443726      0.004909192211925983     0.4844444394111633     48.98992538452148
401     -0.930613100528717      -0.006551372352987528     0.4977777302265167     64.50222778320312
402     -0.9310188293457031      0.02260357700288296     0.4733332991600037     54.9512825012207
403     -0.9309854507446289      0.0271588172763586     0.602222204208374     96.29194641113281
404     -0.9315180778503418      0.005026603117585182     0.3355555534362793     96.50471496582031
405     -0.9313641786575317      -0.007164895534515381     0.5488888621330261     59.75296783447266
406     -0.9308671951293945      0.01631949096918106     0.5     115.5363235473633
407     -0.9311731457710266      -0.004302513785660267     0.4799999892711639     39.81156158447266
408     -0.930849015712738      0.001174281700514257     0.422222226858139     59.11686706542969
409     -0.9309768676757812      0.01270363386720419     0.5133333206176758     105.2653732299805
410     -0.9310117959976196      0.006425836123526096     0.4111110866069794     43.5690803527832
411     -0.9311543107032776      0.003931996878236532     0.4444444477558136     88.37788391113281
412     -0.9311679601669312      0.02723673358559608     0.4666666388511658     75.35090637207031
413     -0.9314759969711304      0.01289447490125895     0.4533332884311676     51.45456695556641
414     -0.9320774674415588      0.01023070979863405     0.4333333075046539     76.53154754638672
415     -0.9309666156768799      0.01383932214230299     0.4911110699176788     116.1625595092773
416     -0.9314602613449097      -0.01892559416592121     0.4355555176734924     65.12978363037109
417     -0.9317255616188049      -0.02721850201487541     0.5355555415153503     65.66652679443359
418     -0.9310160875320435      0.01802189089357853     0.5777777433395386     77.19137573242188
419     -0.9309949278831482      0.005713131278753281     0.4244444370269775     63.92967987060547
420     -0.9309276342391968      -0.00302336341701448     0.4488888680934906     60.54425048828125
421     -0.9306961894035339      0.02414343319833279     0.4799999892711639     73.21701049804688
422     -0.9307876825332642      0.02519064396619797     0.3711110949516296     66.46210479736328
423     -0.9312167763710022      -0.003839993383735418     0.4422222077846527     51.2767333984375
424     -0.9311095476150513      -0.01818771660327911     0.551111102104187     78.74002838134766
425     -0.9311757683753967      0.02001566998660564     0.4511110782623291     60.06343841552734
426     -0.9314725399017334      0.0002686276566237211     0.4666666388511658     69.82495880126953
427     -0.9310633540153503      -0.006524865049868822     0.4799999892711639     57.57221221923828
428     -0.9316410422325134      -0.002457804279401898     0.40666663646698     96.73361968994141
429     -0.9309329986572266      -0.01957597024738789     0.4377777874469757     56.03144836425781
430     -0.931685745716095      -0.02540227212011814     0.5844444632530212     85.40233612060547
431     -0.9307743906974792      -0.00582795636728406     0.5311110615730286     102.4326858520508
432     -0.9309756755828857      0.004631677642464638     0.4333333075046539     54.12178802490234
433     -0.9317204356193542      -0.02173421531915665     0.4955555200576782     98.65900421142578
434     -0.9314171671867371      0.006861991714686155     0.4866666495800018     51.26180267333984
435     -0.9308748245239258      0.004063449800014496     0.4711110889911652     86.89175415039062
436     -0.93092942237854      -0.01758666522800922     0.5111110806465149     59.67035675048828
437     -0.9313903450965881      0.002818608889356256     0.4977777302265167     59.2286262512207
438     -0.9314908981323242      -0.0007572750328108668     0.5311110615730286     78.71475982666016
439     -0.9316297769546509      0.008370880968868732     0.4555555284023285     69.47820281982422
440     -0.9312349557876587      -0.008990245871245861     0.4044444262981415     110.2405090332031
441     -0.9311578869819641      0.01027716044336557     0.4555555284023285     50.43494033813477
442     -0.9307965040206909      -0.008838185109198093     0.3622222244739532     65.43484497070312
443     -0.9313944578170776      0.009017934091389179     0.5444444417953491     58.55562591552734
444     -0.9309882521629333      -0.03114301525056362     0.5444444417953491     75.59067535400391
445     -0.9307719469070435      -0.002683209953829646     0.551111102104187     59.1612434387207
446     -0.9311982393264771      0.03563455864787102     0.508888840675354     113.0145721435547
447     -0.9315381050109863      -0.002745995996519923     0.3955555558204651     50.20540618896484
448     -0.9308053851127625      -0.0299004428088665     0.5466666221618652     65.73470306396484
449     -0.9310466051101685      -0.007174637634307146     0.402222216129303     81.36273193359375
450     -0.9311103224754333      0.02135194838047028     0.4600000083446503     77.03205871582031
451     -0.9311287403106689      -0.009121554903686047     0.4822222292423248     57.09336090087891
452     -0.9305645227432251      -0.0009937266586348414     0.4711110889911652     60.33148574829102
453     -0.9311783909797668      0.006681764032691717     0.422222226858139     77.77583312988281
454     -0.9315502047538757      0.005368436686694622     0.3888888657093048     72.47447204589844
455     -0.9312533140182495      0.005852361209690571     0.5022222399711609     54.26643753051758
456     -0.9308615922927856      0.01766730099916458     0.5177777409553528     85.11844635009766
457     -0.9310675859451294      -0.01901503838598728     0.4711110889911652     55.01898193359375
458     -0.9310997128486633      0.0164658073335886     0.5199999809265137     66.37065887451172
459     -0.9309015870094299      -0.02216567285358906     0.3977777659893036     57.3463249206543
460     -0.9316372871398926      0.009270387701690197     0.4955555200576782     101.8047866821289
461     -0.9311878681182861      0.0127104539424181     0.5     53.75160598754883
462     -0.9314742088317871      0.007959777489304543     0.5844444632530212     117.0024261474609
463     -0.9309192299842834      -0.009833741933107376     0.4444444477558136     55.59619522094727
464     -0.9315544962882996      -0.01631383970379829     0.3888888657093048     73.8724365234375
465     -0.931709885597229      0.001962612615898252     0.504444420337677     115.9618225097656
466     -0.9311971664428711      -0.01648182235658169     0.5622222423553467     60.26535797119141
467     -0.930842399597168      0.00635747192427516     0.3866666555404663     63.19258880615234
468     -0.9312724471092224      0.01739845797419548     0.5066666603088379     116.8222122192383
469     -0.9309785962104797      -0.00836851354688406     0.4488888680934906     76.8787841796875
470     -0.9314588904380798      -0.01877613738179207     0.4555555284023285     63.5573616027832
471     -0.9313662052154541      0.0005590879591181874     0.4711110889911652     46.96219253540039
472     -0.9313526153564453      -0.0008403678075410426     0.4577777683734894     69.65945434570312
473     -0.9306815266609192      0.000578714010771364     0.4133332967758179     129.7006683349609
474     -0.9314255118370056      0.003213392570614815     0.4822222292423248     68.76961517333984
475     -0.9299938678741455      0.01858709752559662     0.3911110758781433     73.22701263427734
476     -0.9309384822845459      0.02353324927389622     0.5222222208976746     62.99033737182617
477     -0.930700957775116      0.008953248150646687     0.3466666638851166     82.75529479980469
478     -0.9313774704933167      0.001748351147398353     0.4399999976158142     86.2615966796875
479     -0.9311767816543579      -0.001148161827586591     0.504444420337677     50.15913009643555
480     -0.930674135684967      0.009370675310492516     0.4088888764381409     45.44257354736328
481     -0.9308217763900757      -0.01304340828210115     0.4311110973358154     104.5478057861328
482     -0.93072509765625      0.007327764295041561     0.5199999809265137     51.07571411132812
483     -0.9309931397438049      0.001393383136019111     0.3622222244739532     78.983154296875
484     -0.9308136701583862      0.01061036344617605     0.5266666412353516     71.91845703125
485     -0.9312935471534729      -0.01297985203564167     0.5177777409553528     75.99451446533203
486     -0.9304385781288147      -0.01435705740004778     0.4399999976158142     106.5652160644531
487     -0.9318451285362244      -0.01100995019078255     0.5711110830307007     42.34080123901367
488     -0.9317279458045959      -0.001826946274377406     0.3711110949516296     104.7707214355469
489     -0.9312800765037537      0.03344923630356789     0.3266666531562805     53.66316986083984
490     -0.9314512014389038      0.04746785014867783     0.4555555284023285     48.06600189208984
491     -0.9308497309684753      0.005735194776207209     0.4111110866069794     69.2694091796875
492     -0.9310849905014038      0.00866209901869297     0.3644444346427917     97.28202056884766
493     -0.9310391545295715      0.003880247473716736     0.4311110973358154     62.5796012878418
494     -0.9314714074134827      -0.006572161801159382     0.6088888645172119     116.674690246582
495     -0.9311941266059875      -0.001742113148793578     0.4600000083446503     91.64572906494141
496     -0.9308754801750183      -0.001176713849417865     0.3533333241939545     78.93143463134766
497     -0.9320129752159119      -0.00825680885463953     0.4666666388511658     55.90464401245117
498     -0.9306169152259827      -0.005256443750113249     0.3933333158493042     56.19197463989258
499     -0.9310394525527954      0.009880798868834972     0.5133333206176758     67.23059844970703
500     -0.930586040019989      -0.001903565367683768     0.4777777791023254     59.99079513549805
501     -0.9306887984275818      -0.006915849167853594     0.422222226858139     83.97742462158203
502     -0.9317820072174072      -0.0168271753937006     0.4333333075046539     74.02915954589844
503     -0.9306068420410156      0.005448684561997652     0.375555545091629     74.00820159912109
504     -0.9312838912010193      0.01888489164412022     0.4600000083446503     58.92594528198242
505     -0.9312350749969482      -0.01930242776870728     0.402222216129303     60.14251327514648
506     -0.9311988353729248      0.01446461770683527     0.4755555093288422     76.17062377929688
507     -0.9317591786384583      0.007684456650167704     0.4622222185134888     63.68130111694336
508     -0.9315314292907715      -0.005362160969525576     0.4822222292423248     53.86390686035156
509     -0.9315536022186279      -0.005816664081066847     0.4666666388511658     56.52132034301758
510     -0.9312277436256409      -0.02088870108127594     0.4533332884311676     65.97904205322266
511     -0.9312017560005188      0.008068474009633064     0.4311110973358154     54.48471832275391
512     -0.93133944272995      -0.02099254913628101     0.5288888812065125     91.86030578613281
513     -0.9310615062713623      -0.02462207898497581     0.5022222399711609     56.63360595703125
514     -0.9306917190551758      0.004614487290382385     0.504444420337677     57.00154876708984
515     -0.9308275580406189      0.007299724034965038     0.5799999833106995     107.4601745605469
516     -0.9313158392906189      0.01387848798185587     0.3222222030162811     89.02645874023438
517     -0.9316436648368835      0.01407640986144543     0.4177777767181396     96.30665588378906
518     -0.9316724538803101      0.006060970481485128     0.4377777874469757     51.79269409179688
519     -0.930960476398468      0.01883923262357712     0.3466666638851166     70.29607391357422
520     -0.9314096570014954      0.006431723013520241     0.4555555284023285     83.21036529541016
521     -0.9308759570121765      0.003097855485975742     0.4866666495800018     93.04601287841797
522     -0.9318411350250244      -0.01054712757468224     0.5533332824707031     53.88458633422852
523     -0.9313227534294128      -0.02255908958613873     0.402222216129303     82.27891540527344
524     -0.9309877753257751      0.003890446154400706     0.3999999761581421     63.18263626098633
525     -0.9306820034980774      0.005651971325278282     0.2644444406032562     51.32463455200195
526     -0.9306227564811707      -0.004965158645063639     0.3622222244739532     55.78719329833984
527     -0.9302851557731628      0.01690627820789814     0.4799999892711639     70.01107788085938
528     -0.9311342835426331      -0.008169006556272507     0.4933333098888397     40.7309455871582
529     -0.9309040904045105      0.02424075081944466     0.5199999809265137     92.83634948730469
530     -0.9312102794647217      -0.005216272547841072     0.4088888764381409     80.30156707763672
531     -0.9308162927627563      0.02069074288010597     0.4577777683734894     48.42834091186523
532     -0.9309134483337402      -0.009384367614984512     0.4355555176734924     40.60550308227539
533     -0.9311354756355286      -0.007461282890290022     0.4399999976158142     67.16767883300781
534     -0.9314748048782349      -0.002237741136923432     0.5733333230018616     83.18779754638672
535     -0.9320617318153381      0.0239774975925684     0.4755555093288422     63.67920684814453
536     -0.9307514429092407      0.02682547643780708     0.606666624546051     54.60992050170898
537     -0.9310197234153748      -0.007509031798690557     0.5311110615730286     58.10360717773438
538     -0.93147873878479      0.00704724108800292     0.5133333206176758     111.7145614624023
539     -0.9312759041786194      0.01081561483442783     0.3999999761581421     65.44895935058594
540     -0.9307096600532532      0.01334973890334368     0.3999999761581421     31.99494361877441
541     -0.9309269785881042      0.007088749669492245     0.4088888764381409     138.6476135253906
542     -0.9307919144630432      -0.0109705775976181     0.3355555534362793     55.86887359619141
543     -0.9313923716545105      -0.02013833820819855     0.6088888645172119     56.77620697021484
544     -0.930720329284668      0.008055410347878933     0.3955555558204651     71.73035430908203
545     -0.9313613176345825      -0.0142038082703948     0.5822222232818604     71.74790954589844
546     -0.9314212203025818      -0.003614403074607253     0.402222216129303     59.13081359863281
547     -0.9310053586959839      0.00496723223477602     0.4044444262981415     62.51003265380859
548     -0.9302730560302734      0.003628734266385436     0.5644444227218628     98.68077850341797
549     -0.9307191371917725      0.002553988946601748     0.5155555009841919     68.48841857910156
550     -0.9318553805351257      -0.00617590919137001     0.4955555200576782     84.66230010986328
551     -0.9315214157104492      0.05449309572577477     0.4177777767181396     65.75536346435547
552     -0.9313119053840637      0.002785952761769295     0.4666666388511658     85.25779724121094
553     -0.9310762882232666      0.01067286357283592     0.3888888657093048     65.27056884765625
554     -0.9309015870094299      0.01582029648125172     0.3933333158493042     84.83058166503906
555     -0.9311561584472656      0.005625723861157894     0.4755555093288422     50.05192947387695
556     -0.9309425950050354      0.008911211043596268     0.4888888597488403     49.61167907714844
557     -0.9313579201698303      0.005846680141985416     0.4777777791023254     78.14361572265625
558     -0.9307804703712463      0.02886067889630795     0.5     59.73320007324219
559     -0.9310221672058105      -0.009427579119801521     0.4466666579246521     38.37019729614258
560     -0.9308850765228271      -0.001292273984290659     0.5     46.20701599121094
561     -0.930899441242218      -0.0001831593253882602     0.4955555200576782     88.90561676025391
562     -0.9318063259124756      0.004092929419130087     0.4688888788223267     107.3972473144531
563     -0.9306094646453857      0.01992971263825893     0.3644444346427917     41.73488616943359
564     -0.9314573407173157      -0.002349771792069077     0.402222216129303     61.76611328125
565     -0.9316404461860657      0.01253955345600843     0.4822222292423248     70.25452423095703
566     -0.9313995838165283      -0.005694699473679066     0.4088888764381409     77.79949188232422
567     -0.9313089847564697      -0.000532647711224854     0.5311110615730286     82.70566558837891
568     -0.9312726855278015      0.03843666613101959     0.426666647195816     61.15766906738281
569     -0.9309825301170349      -0.004927128087729216     0.5311110615730286     70.84025573730469
570     -0.9311063289642334      -0.005481874104589224     0.5311110615730286     88.18771362304688
571     -0.9305299520492554      -0.01282339822500944     0.4288888573646545     67.10121917724609
572     -0.9308805465698242      -0.007998589426279068     0.3977777659893036     96.81416320800781
573     -0.9308869242668152      0.008255672641098499     0.5199999809265137     76.41024017333984
574     -0.9310441613197327      -0.007880463264882565     0.3422222137451172     76.96413421630859
575     -0.9300812482833862      -0.0255589559674263     0.4111110866069794     61.40988922119141
576     -0.9307969808578491      -0.0009383223368786275     0.5222222208976746     56.54280471801758
577     -0.9310126900672913      -0.02051088772714138     0.4888888597488403     78.39662933349609
578     -0.930640697479248      0.01867375150322914     0.4044444262981415     69.37401580810547
579     -0.9313010573387146      0.002910919720306993     0.4822222292423248     62.29916381835938
580     -0.9311277270317078      0.01423174329102039     0.4666666388511658     80.46672821044922
581     -0.931416392326355      -0.01574430428445339     0.2800000011920929     92.70900726318359
582     -0.9311378002166748      0.01136803161352873     0.4533332884311676     70.20335388183594
583     -0.9311241507530212      0.01408739481121302     0.426666647195816     49.67227935791016
584     -0.9310463666915894      0.002666263142600656     0.4977777302265167     74.48131561279297
585     -0.9314258098602295      0.03434402123093605     0.4422222077846527     58.11188125610352
586     -0.9316222667694092      0.01780928112566471     0.3333333134651184     50.30135345458984
587     -0.9313822388648987      0.01394650712609291     0.4377777874469757     60.01229476928711
588     -0.9312573075294495      -0.002395694144070148     0.5377777218818665     31.78344345092773
589     -0.9309317469596863      -0.0008524094591848552     0.4133332967758179     56.04947662353516
590     -0.9312387704849243      -0.005297287832945585     0.4711110889911652     87.68630981445312
591     -0.9310106635093689      -0.01040984783321619     0.5355555415153503     87.54676818847656
592     -0.9308156371116638      0.0002688808599486947     0.6088888645172119     52.97164916992188
593     -0.931481659412384      -0.008058044128119946     0.4955555200576782     60.7596549987793
594     -0.9304436445236206      -0.01053591817617416     0.4733332991600037     61.56760025024414
595     -0.9316447377204895      -0.005997216328978539     0.4822222292423248     63.62040710449219
596     -0.9306418895721436      0.003928329795598984     0.4511110782623291     53.4163818359375
597     -0.9311180710792542      0.002438048832118511     0.4311110973358154     47.25780868530273
598     -0.9308807849884033      0.008437079377472401     0.4488888680934906     62.19476318359375
599     -0.9309775233268738      -0.004370240960270166     0.5644444227218628     56.63418579101562
600     -0.930820107460022      -0.02428376115858555     0.5066666603088379     89.53008270263672
601     -0.9313273429870605      0.003338710404932499     0.4444444477558136     84.49553680419922
602     -0.9310105443000793      -0.009509271010756493     0.4488888680934906     131.3488464355469
603     -0.9310861229896545      0.002432954497635365     0.6288888454437256     39.93794250488281
604     -0.931458592414856      -0.01273845601826906     0.5377777218818665     70.82263946533203
605     -0.9312059283256531      -0.00634269043803215     0.3866666555404663     67.40991973876953
606     -0.9317606687545776      0.008404095657169819     0.5422222018241882     72.90360260009766
607     -0.9311633110046387      0.007142247632145882     0.3155555427074432     72.91993713378906
608     -0.9309232234954834      0.004769282881170511     0.4533332884311676     59.93580627441406
609     -0.9315378069877625      0.001926960423588753     0.551111102104187     80.19985198974609
610     -0.9324676990509033      0.01684182323515415     0.4533332884311676     77.82360076904297
611     -0.9315254688262939      -0.02466731891036034     0.5822222232818604     65.32585906982422
612     -0.9308900237083435      -0.02232811227440834     0.3733333349227905     64.25601959228516
613     -0.9310475587844849      -0.006382351741194725     0.5333333015441895     40.66186904907227
614     -0.9315615296363831      -0.007516209501773119     0.4555555284023285     142.6051788330078
615     -0.9309985637664795      -0.001154866768047214     0.351111114025116     75.04315948486328
616     -0.9302887916564941      -0.001256654504686594     0.3822222054004669     82.71217346191406
617     -0.9316570162773132      0.008455892093479633     0.5688888430595398     39.14466094970703
618     -0.9307631850242615      -0.02006958983838558     0.5     51.34568786621094
619     -0.9312298893928528      0.01805697754025459     0.3777777552604675     55.67818069458008
620     -0.9309739470481873      -0.007811444811522961     0.5288888812065125     77.78890991210938
621     -0.9311373829841614      -0.01519892271608114     0.3622222244739532     92.52088928222656
622     -0.9308928847312927      -0.004233392421156168     0.4377777874469757     83.75154876708984
623     -0.9316964149475098      0.02156936563551426     0.5288888812065125     84.60553741455078
624     -0.9311038255691528      0.007204740773886442     0.3888888657093048     46.32389831542969
625     -0.9303627014160156      0.01042642258107662     0.324444442987442     71.40910339355469
626     -0.9308786392211914      -0.01156447175890207     0.4866666495800018     67.14556121826172
627     -0.9312683343887329      0.005094702355563641     0.4577777683734894     56.63776779174805
628     -0.93075031042099      0.007289248052984476     0.4111110866069794     74.54299163818359
629     -0.9311066269874573      0.001571260625496507     0.5177777409553528     92.80663299560547
630     -0.9306533932685852      -0.02092992328107357     0.5377777218818665     59.22930526733398
631     -0.9304751753807068      0.01394104771316051     0.4288888573646545     77.86576843261719
632     -0.9313681721687317      -0.01223745010793209     0.4533332884311676     54.34791946411133
633     -0.9306865930557251      0.01570767909288406     0.5888888835906982     99.97384643554688
634     -0.9304681420326233      0.007123616058379412     0.4133332967758179     48.39502716064453
635     -0.9301874041557312      -0.005999525543302298     0.422222226858139     81.90719604492188
636     -0.9303523302078247      0.008951443247497082     0.4844444394111633     67.74359130859375
637     -0.9313415884971619      -0.01479784213006496     0.4311110973358154     53.5218620300293
638     -0.9312937259674072      -0.01402172259986401     0.5     66.60082244873047
639     -0.9311395287513733      0.01165141724050045     0.5711110830307007     52.22882080078125
640     -0.9309366345405579      -0.03530924767255783     0.5400000214576721     139.8031768798828
641     -0.9307800531387329      -0.0002680686011444777     0.3688888549804688     65.54453277587891
642     -0.9308770298957825      0.01209810562431812     0.355555534362793     72.26671600341797
643     -0.9312722682952881      0.01624593883752823     0.4311110973358154     93.37847137451172
644     -0.9309552907943726      -0.00256893620826304     0.5422222018241882     53.12893676757812
645     -0.9305288195610046      0.01167571824043989     0.4244444370269775     56.24443054199219
646     -0.9310182332992554      -0.003075427608564496     0.426666647195816     131.4443817138672
647     -0.9313820600509644      0.03852170333266258     0.4399999976158142     73.963134765625
648     -0.9307844042778015      -0.01570467464625835     0.3577777445316315     101.7364654541016
649     -0.9309531450271606      -0.004937523044645786     0.4088888764381409     59.37004470825195
650     -0.9308289885520935      -0.01149031613022089     0.328888863325119     49.37340927124023
651     -0.9313020706176758      8.904474088922143e-05     0.3911110758781433     56.13613891601562
652     -0.9315448999404907      0.01557428855448961     0.5444444417953491     45.28723907470703
653     -0.9315242171287537      -0.01652507670223713     0.5111110806465149     81.7041015625
654     -0.9303440451622009      0.003349922131747007     0.4577777683734894     74.51652526855469
655     -0.9306933879852295      0.006513980217278004     0.3911110758781433     110.0542907714844
656     -0.9311649203300476      0.001515436801128089     0.5822222232818604     62.11917495727539
657     -0.9306703209877014      0.01283477805554867     0.3688888549804688     52.70479965209961
658     -0.9311835765838623      0.004992878995835781     0.4622222185134888     78.23468780517578
659     -0.9309386014938354      0.02748772315680981     0.4377777874469757     63.34831237792969
660     -0.9315744042396545      0.002731274580582976     0.4666666388511658     85.33156585693359
661     -0.9310908913612366      0.01129565015435219     0.4377777874469757     52.84646987915039
662     -0.9309571385383606      0.01457654591649771     0.6000000238418579     84.4801025390625
663     -0.9310720562934875      -0.02003301493823528     0.4866666495800018     89.24820709228516
664     -0.9303255081176758      -0.01320724468678236     0.4199999868869781     78.82621765136719
665     -0.9304779171943665      -0.02072638086974621     0.3111111223697662     120.5068740844727
666     -0.9304913878440857      0.0003586623352020979     0.4822222292423248     74.07054901123047
667     -0.9309574961662292      0.01063200924545527     0.5955555438995361     58.61321258544922
668     -0.9309229254722595      0.01670856215059757     0.4755555093288422     54.22544479370117
669     -0.9309075474739075      -0.01422355696558952     0.351111114025116     80.63408660888672
670     -0.9317595958709717      0.03313922137022018     0.5622222423553467     67.79829406738281
671     -0.9308858513832092      -0.01277170144021511     0.5199999809265137     73.72173309326172
672     -0.9314578175544739      0.00340552325360477     0.4822222292423248     45.07889556884766
673     -0.9313536286354065      -0.004760508891195059     0.4111110866069794     81.78456878662109
674     -0.9316753745079041      -0.02255105972290039     0.3955555558204651     64.6575927734375
675     -0.9310516715049744      -0.01154152303934097     0.4911110699176788     57.05268859863281
676     -0.9317047595977783      0.03068110719323158     0.5155555009841919     77.47545623779297
677     -0.9312265515327454      0.02791329100728035     0.5222222208976746     44.12643051147461
678     -0.9314163327217102      0.0287051722407341     0.4822222292423248     92.87838745117188
679     -0.931113600730896      0.01469131652265787     0.3399999737739563     57.589599609375
680     -0.9308971762657166      -0.007135902531445026     0.4577777683734894     65.562255859375
681     -0.9316620826721191      -0.005430557765066624     0.4355555176734924     49.32003784179688
682     -0.9312219023704529      0.02009319141507149     0.5600000023841858     50.04132461547852
683     -0.9311372041702271      0.00268567749299109     0.5488888621330261     57.79119491577148
684     -0.9310568571090698      0.002969338092952967     0.2733333110809326     105.3815994262695
685     -0.9311803579330444      -0.004065368790179491     0.5133333206176758     68.11170196533203
686     -0.9312695264816284      0.006983527913689613     0.5022222399711609     46.50588607788086
687     -0.9315430521965027      -0.01820376142859459     0.4511110782623291     95.85086059570312
688     -0.9313590526580811      0.008738730102777481     0.3866666555404663     71.63343811035156
689     -0.9309358596801758      -0.0320836678147316     0.402222216129303     74.32843780517578
690     -0.9308515787124634      -0.02914177253842354     0.5444444417953491     54.61790084838867
691     -0.9309400320053101      -0.002163596684113145     0.5199999809265137     41.71205902099609
692     -0.930806040763855      0.02488874271512032     0.3466666638851166     101.0431976318359
693     -0.9315107464790344      -0.009372401982545853     0.4311110973358154     68.83867645263672
694     -0.931313693523407      0.004232603590935469     0.6111111044883728     43.75168228149414
695     -0.9318037033081055      0.01275403425097466     0.5644444227218628     53.60501098632812
696     -0.9303524494171143      -0.01955601572990417     0.3999999761581421     52.67998123168945
697     -0.9313653111457825      0.004920899868011475     0.3688888549804688     54.71450042724609
698     -0.9312652349472046      0.006803920026868582     0.5177777409553528     88.10784149169922
699     -0.9306371212005615      0.01098855398595333     0.4733332991600037     56.81449890136719
700     -0.9314519762992859      0.0230417363345623     0.4822222292423248     99.25592041015625
701     -0.9311355352401733      0.00939276535063982     0.4977777302265167     106.1459350585938
702     -0.9310114979743958      -0.009808113798499107     0.4799999892711639     89.23007202148438
703     -0.9308139681816101      0.001487916451878846     0.4911110699176788     110.0399475097656
704     -0.931908905506134      0.001029949868097901     0.4466666579246521     41.60886383056641
705     -0.9311037063598633      -0.006815672852098942     0.4355555176734924     93.25054168701172
706     -0.930747389793396      0.001820443547330797     0.5577777624130249     64.05498504638672
707     -0.9306501150131226      0.002640317426994443     0.4977777302265167     49.10580444335938
708     -0.9314339160919189      -0.03216958045959473     0.4577777683734894     59.88263702392578
709     -0.9312340617179871      0.01099570095539093     0.355555534362793     93.99202728271484
710     -0.9306992888450623      -0.01465374790132046     0.5466666221618652     113.602409362793
711     -0.930741012096405      0.01563855819404125     0.3844444453716278     61.13594436645508
712     -0.9312180876731873      -0.006379090715199709     0.6000000238418579     77.61074829101562
713     -0.9307377934455872      0.007700811605900526     0.5600000023841858     93.43027496337891
714     -0.9316918253898621      0.01321186497807503     0.4799999892711639     59.80308151245117
715     -0.9307509660720825      0.006613838952034712     0.4822222292423248     99.92638397216797
716     -0.9305903315544128      0.00777239678427577     0.4311110973358154     72.21309661865234
717     -0.9304697513580322      0.01117121707648039     0.4755555093288422     107.0436248779297
718     -0.9306336045265198      0.0002528780023567379     0.4822222292423248     40.35430908203125
719     -0.9312021732330322      0.009259524755179882     0.4711110889911652     68.98812866210938
720     -0.9313915967941284      0.01078121922910213     0.4822222292423248     95.53781890869141
721     -0.9311757683753967      -0.01066423300653696     0.4288888573646545     54.43669891357422
722     -0.9314401149749756      -0.02183579653501511     0.3311111032962799     53.6324577331543
723     -0.9310410022735596      -0.001780594233423471     0.4111110866069794     72.83480072021484
724     -0.9308229684829712      0.008768346160650253     0.3066666424274445     66.30555725097656
725     -0.9312638640403748      -0.004436128307133913     0.4399999976158142     52.41825485229492
726     -0.9312645792961121      -0.01079036016017199     0.4399999976158142     79.51502227783203
727     -0.9316251873970032      0.009382188320159912     0.5911110639572144     75.87615203857422
728     -0.9309849739074707      0.01150425430387259     0.4711110889911652     68.49037170410156
729     -0.9311612248420715      0.01490476727485657     0.4799999892711639     88.41574096679688
730     -0.9307446479797363      0.007890596054494381     0.4355555176734924     89.61099243164062
731     -0.9305607676506042      -0.001118433428928256     0.551111102104187     67.13763427734375
732     -0.9309976696968079      -0.001226594438776374     0.4422222077846527     99.95585632324219
733     -0.9312901496887207      -0.01374124642461538     0.4911110699176788     57.53727340698242
734     -0.9311700463294983      0.01817122101783752     0.5288888812065125     66.32418823242188
735     -0.9308372139930725      -0.002866965252906084     0.4911110699176788     91.44650268554688
736     -0.9318497180938721      -0.0008160793222486973     0.5622222423553467     51.18729782104492
737     -0.9313839673995972      -0.02039250731468201     0.426666647195816     123.984001159668
738     -0.9315020442008972      -0.004167471081018448     0.4511110782623291     38.56215667724609
739     -0.931130051612854      0.007977729663252831     0.4911110699176788     66.17361450195312
740     -0.9311200380325317      0.002435518661513925     0.4355555176734924     158.9948883056641
741     -0.9313749074935913      -0.009568747133016586     0.4799999892711639     114.6455535888672
742     -0.9309037923812866      -0.01996426470577717     0.5199999809265137     50.65769195556641
743     -0.9310138821601868      0.005650935228914022     0.5222222208976746     77.21171569824219
744     -0.9313068389892578      0.02356209233403206     0.4377777874469757     51.00436401367188
745     -0.9315494894981384      -0.004445443861186504     0.5400000214576721     152.9818725585938
746     -0.9312211871147156      -0.008672307245433331     0.4311110973358154     51.04248428344727
747     -0.9313415288925171      -0.003050925675779581     0.4844444394111633     75.6517333984375
748     -0.9300889372825623      -0.004050275310873985     0.3688888549804688     63.81806945800781
749     -0.9311203956604004      -0.02603093907237053     0.3977777659893036     58.33715057373047
750     -0.9310300946235657      -0.006478209048509598     0.4711110889911652     99.48532104492188
751     -0.9310476779937744      0.006436737719923258     0.3733333349227905     54.22758865356445
752     -0.9309356212615967      0.01697139069437981     0.3177777528762817     93.02523803710938
753     -0.9313186407089233      -0.006848741322755814     0.5111110806465149     78.45687866210938
754     -0.9311659932136536      -0.02819985710084438     0.3911110758781433     59.38092422485352
755     -0.9315989017486572      0.003879883093759418     0.4733332991600037     61.76738739013672
756     -0.9317072033882141      -0.006614380050450563     0.5577777624130249     101.4715347290039
757     -0.9315110445022583      0.01935543492436409     0.4777777791023254     78.99533843994141
758     -0.9304625988006592      0.03864680975675583     0.4911110699176788     62.99621200561523
759     -0.9309410452842712      -0.01508265640586615     0.5377777218818665     57.89304351806641
760     -0.9311369061470032      -0.01138106733560562     0.4155555069446564     56.78650665283203
761     -0.9314476847648621      -0.01295539084821939     0.4622222185134888     76.95864868164062
762     -0.9308204054832458      0.003360551781952381     0.4911110699176788     60.37776184082031
763     -0.9312705993652344      -0.00708311703056097     0.4422222077846527     30.88689613342285
764     -0.9311007857322693      -0.00299276364967227     0.3577777445316315     85.15534210205078
765     -0.9314727783203125      0.0112920394167304     0.4733332991600037     83.57435607910156
766     -0.9312228560447693      0.04502569511532784     0.4533332884311676     47.26897048950195
767     -0.9309828877449036      0.008006324991583824     0.3599999845027924     69.94924163818359
768     -0.9317746162414551      -0.01637379825115204     0.4888888597488403     78.37531280517578
769     -0.9314205050468445      0.009759203530848026     0.5066666603088379     78.013671875
770     -0.9304172992706299      -0.00192187400534749     0.4600000083446503     86.84606170654297
771     -0.9310865998268127      0.001045805984176695     0.4600000083446503     40.37189102172852
772     -0.930676281452179      -0.005316155031323433     0.3733333349227905     56.653076171875
773     -0.9311385750770569      -0.01765542477369308     0.5177777409553528     88.84471130371094
774     -0.9318511486053467      0.01443975977599621     0.4155555069446564     62.88858032226562
775     -0.9311689734458923      0.009442371316254139     0.4666666388511658     60.61309432983398
776     -0.9311621189117432      0.004217848181724548     0.5888888835906982     66.25338745117188
777     -0.9315010905265808      -0.004085127729922533     0.5     79.87834930419922
778     -0.930746853351593      0.04210106283426285     0.4533332884311676     100.3747406005859
779     -0.9305685758590698      -0.00281917373649776     0.5244444608688354     74.35047912597656
780     -0.9315910935401917      -0.006197010632604361     0.551111102104187     45.86747360229492
781     -0.9315263628959656      0.01988880522549152     0.4622222185134888     65.20675659179688
782     -0.9310898184776306      0.01041593309491873     0.4733332991600037     70.60488128662109
783     -0.9315378665924072      -0.009728820994496346     0.5222222208976746     41.55425262451172
784     -0.9305577874183655      0.00717896269634366     0.4288888573646545     38.26361083984375
785     -0.9311052560806274      0.00268536014482379     0.5199999809265137     103.2893447875977
786     -0.9316317439079285      0.002967812586575747     0.40666663646698     73.19070434570312
787     -0.9310590028762817      0.01421812176704407     0.5644444227218628     71.61557006835938
788     -0.9310119152069092      0.01745816878974438     0.3622222244739532     65.78966522216797
789     -0.9320083260536194      0.006522633135318756     0.6200000047683716     52.34379959106445
790     -0.931069016456604      -0.0302466731518507     0.4755555093288422     44.13960266113281
791     -0.9312471747398376      0.01192433666437864     0.40666663646698     44.34795379638672
792     -0.9305464625358582      0.007128504104912281     0.4911110699176788     64.89089202880859
793     -0.9312283396720886      -0.01577712036669254     0.4911110699176788     92.83320617675781
794     -0.9310833811759949      0.02282848954200745     0.3999999761581421     67.08464813232422
795     -0.9308807849884033      0.01298259384930134     0.4133332967758179     119.9253387451172
796     -0.9313778281211853      0.01901006512343884     0.3822222054004669     32.24373626708984
797     -0.9313747882843018      0.01349709462374449     0.5533332824707031     97.74903106689453
798     -0.9315312504768372      -0.01114327274262905     0.6200000047683716     80.08159637451172
799     -0.931510865688324      0.003562194760888815     0.606666624546051     109.8084030151367
800     -0.9312090873718262      0.007562792394310236     0.4466666579246521     65.47923278808594
801     -0.9307569265365601      -0.0006420789868570864     0.4288888573646545     60.13246154785156
802     -0.9309369921684265      -0.01178283430635929     0.6466666460037231     58.14698028564453
803     -0.9310977458953857      -0.014878342859447     0.5199999809265137     38.23508071899414
804     -0.9313170909881592      -0.000777902256231755     0.4955555200576782     86.20386505126953
805     -0.9307489991188049      -0.001506911939941347     0.4555555284023285     94.43833923339844
806     -0.9317868947982788      -0.01577024161815643     0.5022222399711609     72.44303894042969
807     -0.9313585162162781      -0.02074572071433067     0.4888888597488403     61.25451278686523
808     -0.9312244057655334      -0.01573054306209087     0.5400000214576721     42.05226898193359
809     -0.9309629797935486      -0.003726201597601175     0.4644444286823273     129.2346038818359
810     -0.9309272170066833      0.002913963980972767     0.4888888597488403     47.66410064697266
811     -0.9310720562934875      0.02171164192259312     0.508888840675354     47.11225128173828
812     -0.9311797618865967      -0.00592651916667819     0.4466666579246521     94.11411285400391
813     -0.9311724901199341      -0.01249309349805117     0.4244444370269775     64.99569702148438
814     -0.9308806657791138      -0.01513594482094049     0.6266666650772095     80.14319610595703
815     -0.9311867356300354      0.01139412447810173     0.379999965429306     68.11611938476562
816     -0.931160032749176      0.007365846075117588     0.4866666495800018     68.64472198486328
817     -0.9303264617919922      -0.01698368228971958     0.508888840675354     81.83432006835938
818     -0.931215226650238      0.02014550194144249     0.4644444286823273     46.7623405456543
819     -0.9317954182624817      0.01480872835963964     0.4288888573646545     72.82610321044922
820     -0.9310911297798157      0.01660969294607639     0.6111111044883728     75.5714111328125
821     -0.9313340783119202      0.02151726745069027     0.4777777791023254     93.92913055419922
822     -0.9315018653869629      0.01719135791063309     0.4799999892711639     102.0753402709961
823     -0.930902361869812      -0.008553522638976574     0.4377777874469757     39.65771484375
824     -0.9312108159065247      -0.01394799817353487     0.3955555558204651     55.25043869018555
825     -0.9313689470291138      -0.01481980457901955     0.4111110866069794     89.82814025878906
826     -0.9309733510017395      0.01239851582795382     0.3844444453716278     81.78621673583984
827     -0.9312297105789185      0.03318848460912704     0.4822222292423248     80.69447326660156
828     -0.9313979744911194      -0.0006862740265205503     0.422222226858139     74.74874877929688
829     -0.9309815168380737      0.02821024693548679     0.3911110758781433     57.41463088989258
830     -0.9313730597496033      0.01911474205553532     0.5199999809265137     59.98451232910156
831     -0.9312412142753601      0.0079267593100667     0.5733333230018616     75.91061401367188
832     -0.9306644797325134      0.0184722114354372     0.5622222423553467     70.12333679199219
833     -0.9306963682174683      -0.0001684089947957546     0.5355555415153503     85.0604248046875
834     -0.931387722492218      0.01098465081304312     0.4355555176734924     82.41419982910156
835     -0.9307249188423157      0.00460507906973362     0.4644444286823273     37.07609558105469
836     -0.9308930635452271      -0.0003039535949937999     0.4488888680934906     34.57622146606445
837     -0.9312598705291748      0.01803404837846756     0.3488888740539551     43.81295394897461
838     -0.9312421679496765      -0.003358230693265796     0.4644444286823273     56.88557434082031
839     -0.9314293265342712      0.007852761074900627     0.4377777874469757     65.62892150878906
840     -0.931079089641571      -0.007542846724390984     0.3822222054004669     59.6010627746582
841     -0.9310265779495239      0.00822174921631813     0.5600000023841858     75.89311218261719
842     -0.9311558604240417      -0.02561343461275101     0.4355555176734924     71.48455810546875
843     -0.9306945204734802      0.01952887885272503     0.4288888573646545     82.83730316162109
844     -0.9315420985221863      0.00995230209082365     0.6622222065925598     45.61320877075195
845     -0.9307830929756165      -0.007560649886727333     0.4577777683734894     64.02072143554688
846     -0.9311615228652954      0.005003005266189575     0.4155555069446564     72.12103271484375
847     -0.9312301874160767      0.007002145983278751     0.40666663646698     64.69149017333984
848     -0.9310258626937866      0.001479022670537233     0.375555545091629     75.013916015625
849     -0.9313206076622009      0.002552122576162219     0.4933333098888397     70.07460021972656
850     -0.9304341077804565      -0.01855695992708206     0.3644444346427917     83.54464721679688
851     -0.9308832287788391      0.01252036076039076     0.4911110699176788     59.96428298950195
852     -0.9312448501586914      0.01485565211623907     0.4111110866069794     73.96230316162109
853     -0.9314709901809692      -0.007681158371269703     0.5199999809265137     56.9449577331543
854     -0.930897057056427      0.01716135442256927     0.3733333349227905     118.4649353027344
855     -0.931057333946228      -0.01501702144742012     0.3955555558204651     44.15298461914062
856     -0.9308336973190308      0.0140124661847949     0.4311110973358154     69.20825958251953
857     -0.930245041847229      0.00489756790921092     0.3844444453716278     39.39083099365234
858     -0.9310045838356018      0.02136260829865932     0.4577777683734894     79.62740325927734
859     -0.9314019680023193      0.0210939459502697     0.5533332824707031     84.28864288330078
860     -0.9310463070869446      -0.01600897125899792     0.4111110866069794     84.84221649169922
861     -0.931908130645752      -0.001742433873005211     0.3777777552604675     91.61270904541016
862     -0.9310792684555054      -0.02113660797476768     0.5822222232818604     38.23714828491211
863     -0.9312845468521118      0.007251197937875986     0.4688888788223267     64.68914031982422
864     -0.9317657351493835      -0.002591207856312394     0.4577777683734894     57.29647445678711
865     -0.9296956062316895      -0.007477182894945145     0.3466666638851166     81.00987243652344
866     -0.9318687319755554      0.0006598319741897285     0.5311110615730286     88.439697265625
867     -0.9310135841369629      0.02887795679271221     0.4911110699176788     60.06786727905273
868     -0.931140124797821      -0.02460197173058987     0.5355555415153503     51.20586395263672
869     -0.9324061274528503      -0.01249165739864111     0.4799999892711639     54.81166076660156
870     -0.9303824305534363      0.02391493692994118     0.40666663646698     74.60109710693359
871     -0.9300888776779175      -0.004522558301687241     0.5022222399711609     88.62501525878906
872     -0.9306942224502563      -0.01710189878940582     0.4155555069446564     61.97324371337891
873     -0.9313237071037292      -0.009469077922403812     0.4799999892711639     57.01575088500977
874     -0.9306846857070923      0.001565327402204275     0.4822222292423248     51.52108383178711
875     -0.9310454130172729      -0.02331474609673023     0.379999965429306     57.74075698852539
876     -0.9307878017425537      0.006182876415550709     0.3955555558204651     78.49320220947266
877     -0.9310747981071472      0.006563952658325434     0.422222226858139     91.73045349121094
878     -0.9311873316764832      -0.005624443758279085     0.328888863325119     57.87018585205078
879     -0.9317793846130371      0.01335166953504086     0.4688888788223267     126.4856262207031
880     -0.9314925670623779      0.001371028367429972     0.5955555438995361     137.2912445068359
881     -0.9313019514083862      -0.02346842922270298     0.6111111044883728     98.84494018554688
882     -0.9308785200119019      0.00481785275042057     0.4377777874469757     96.49199676513672
883     -0.9313551783561707      0.02073414996266365     0.4644444286823273     148.178955078125
884     -0.9311447143554688      -0.009435275569558144     0.5488888621330261     99.82413482666016
885     -0.9312583208084106      -0.0001133227560785599     0.351111114025116     54.74945068359375
886     -0.9319961071014404      0.03696857392787933     0.508888840675354     81.12198638916016
887     -0.9313501119613647      0.008935337886214256     0.6044444441795349     77.54393768310547
888     -0.9308821558952332      0.04144992679357529     0.5177777409553528     41.6992301940918
889     -0.9310156106948853      -0.03270642831921577     0.379999965429306     64.607666015625
890     -0.9309496283531189      0.01095021329820156     0.4666666388511658     69.18663024902344
891     -0.9315246939659119      -0.007221834734082222     0.4422222077846527     70.51279449462891
892     -0.9316597580909729      -0.00982271134853363     0.4533332884311676     47.232177734375
893     -0.9313248991966248      -0.01290059834718704     0.4288888573646545     92.34499359130859
894     -0.9312734603881836      0.01871995255351067     0.4622222185134888     74.342041015625
895     -0.9311193227767944      -0.01252473331987858     0.4311110973358154     49.66585159301758
896     -0.9312865138053894      0.01476357225328684     0.5311110615730286     89.61655426025391
897     -0.9313328266143799      0.009017280302941799     0.4977777302265167     74.81136322021484
898     -0.9310109615325928      0.002896769437938929     0.4377777874469757     48.63677215576172
899     -0.9308615922927856      -0.002642476232722402     0.5355555415153503     64.20286560058594
900     -0.9311029314994812      -0.005106995347887278     0.4600000083446503     76.03060913085938
901     -0.9312167167663574      0.02375984564423561     0.4111110866069794     62.92547607421875
902     -0.931084156036377      0.00924721360206604     0.551111102104187     59.89941787719727
903     -0.9317463040351868      -0.001314999302849174     0.3933333158493042     55.26549911499023
904     -0.9317573308944702      -0.03639034181833267     0.4488888680934906     60.92615127563477
905     -0.9309415221214294      0.004004893358796835     0.4755555093288422     109.2101745605469
906     -0.9311610460281372      -0.004447273444384336     0.5111110806465149     65.08671569824219
907     -0.931210458278656      -0.009844089858233929     0.4355555176734924     96.43357849121094
908     -0.9312563538551331      -0.00665992358699441     0.4644444286823273     103.9967727661133
909     -0.9318942427635193      -0.006917490158230066     0.4577777683734894     61.96464538574219
910     -0.9300401210784912      0.002327012363821268     0.5266666412353516     67.81970977783203
911     -0.9311060309410095      -0.002938208868727088     0.4133332967758179     67.44950103759766
912     -0.9320565462112427      -0.01586566306650639     0.4711110889911652     36.81319808959961
913     -0.9311965703964233      -0.03042564913630486     0.3933333158493042     47.97340774536133
914     -0.9312915802001953      -0.003205705666914582     0.4644444286823273     85.80107879638672
915     -0.930802047252655      -0.004468896426260471     0.4133332967758179     93.39374542236328
916     -0.9307189583778381      0.03641170635819435     0.4600000083446503     71.55783081054688
917     -0.9309172630310059      0.008953846991062164     0.5222222208976746     108.8397216796875
918     -0.9299917817115784      -0.006494062021374702     0.402222216129303     39.82213592529297
919     -0.9307728409767151      -0.01000399794429541     0.551111102104187     73.84239959716797
920     -0.9308679699897766      0.02541574090719223     0.4933333098888397     61.92924499511719
921     -0.9308885931968689      0.01028632558882236     0.4911110699176788     63.66843795776367
922     -0.931208610534668      0.002917313948273659     0.508888840675354     58.36682510375977
923     -0.9310608506202698      -0.007123683113604784     0.4866666495800018     47.55138778686523
924     -0.9313439726829529      -0.006611184682697058     0.4355555176734924     69.26728057861328
925     -0.9313533306121826      0.01773211732506752     0.5155555009841919     35.18459320068359
926     -0.9315277338027954      -0.001772507675923407     0.5733333230018616     148.9277801513672
927     -0.9306501150131226      0.01473195198923349     0.4533332884311676     69.02783966064453
928     -0.9315424561500549      0.00739261182025075     0.4600000083446503     88.64502716064453
929     -0.9302076101303101      0.00685189152136445     0.4755555093288422     79.52016448974609
930     -0.9313132762908936      -0.03034871444106102     0.4377777874469757     91.97813415527344
931     -0.9314530491828918      -0.01849536970257759     0.4444444477558136     88.58033752441406
932     -0.9317455291748047      -0.007838466204702854     0.5466666221618652     44.01791000366211
933     -0.9307133555412292      -0.002283759415149689     0.4844444394111633     39.74819564819336
934     -0.9307766556739807      0.008883310481905937     0.4511110782623291     51.6387825012207
935     -0.9314766526222229      -0.001390147255733609     0.5111110806465149     50.8150634765625
936     -0.931446373462677      0.01241593901067972     0.4733332991600037     45.31996154785156
937     -0.9314485192298889      -0.01163815893232822     0.4733332991600037     71.82596588134766
938     -0.9308514595031738      -0.01039704028517008     0.4199999868869781     70.39015960693359
939     -0.9306001663208008      -0.01563329808413982     0.4577777683734894     69.46475982666016
940     -0.9305080771446228      0.02047570608556271     0.2977777719497681     78.52011108398438
941     -0.9313206076622009      0.007268046494573355     0.4888888597488403     69.23628997802734
942     -0.9309887886047363      -0.002007478149607778     0.3644444346427917     60.50583267211914
943     -0.9307011961936951      -0.01373282819986343     0.5288888812065125     56.97938919067383
944     -0.9309080839157104      0.005343677941709757     0.5022222399711609     129.1763763427734
945     -0.9310213923454285      0.01420345157384872     0.4755555093288422     69.8743896484375
946     -0.931373655796051      -0.000799406785517931     0.4644444286823273     74.88040924072266
947     -0.9313944578170776      -0.001832117093726993     0.4888888597488403     60.99245071411133
948     -0.9314018487930298      0.005076917819678783     0.5444444417953491     82.15187835693359
949     -0.9308921098709106      -0.01799638941884041     0.4311110973358154     68.96119689941406
950     -0.9307673573493958      -0.01566039957106113     0.3422222137451172     64.54084014892578
951     -0.9317114949226379      -0.01649611070752144     0.4533332884311676     56.72275543212891
952     -0.9312745332717896      0.007399058435112238     0.5288888812065125     52.40533065795898
953     -0.9310877919197083      -0.01482164114713669     0.3822222054004669     87.83985900878906
954     -0.9315509796142578      0.008442620746791363     0.5111110806465149     71.16917419433594
955     -0.9313035011291504      0.01502026338130236     0.5444444417953491     54.96979904174805
956     -0.9311309456825256      -0.002073788084089756     0.4844444394111633     66.89962768554688
957     -0.9306946992874146      0.01129696052521467     0.3599999845027924     67.78396606445312
958     -0.9312965869903564      -0.009969856590032578     0.5266666412353516     64.42535400390625
959     -0.9312519431114197      -0.0006805285229347646     0.3777777552604675     78.78897857666016
960     -0.9307177662849426      -0.006148242391645908     0.4688888788223267     101.5461044311523
961     -0.9309611320495605      -0.01154432632029057     0.4600000083446503     79.10275268554688
962     -0.9311901330947876      0.007163198664784431     0.4399999976158142     54.80724334716797
963     -0.9308385848999023      0.01074571814388037     0.5266666412353516     64.13751220703125
964     -0.9307066202163696      0.009785359725356102     0.5355555415153503     55.59126281738281
965     -0.93099045753479      -0.003978232387453318     0.4288888573646545     50.29725646972656
966     -0.9315760731697083      -0.03997380286455154     0.3866666555404663     52.04937362670898
967     -0.9314368963241577      -0.0005785750108771026     0.3422222137451172     83.9326171875
968     -0.9312945604324341      -0.006319393403828144     0.4488888680934906     57.20827484130859
969     -0.9310256838798523      -0.01135421637445688     0.5533332824707031     33.84593200683594
970     -0.9314154982566833      0.02437782287597656     0.4288888573646545     50.09462738037109
971     -0.9304260015487671      0.005809544119983912     0.4777777791023254     76.32836151123047
972     -0.9316071271896362      0.007334712892770767     0.4888888597488403     115.0111236572266
973     -0.9309683442115784      0.00508055929094553     0.4733332991600037     52.00640487670898
974     -0.9308717846870422      0.01523618493229151     0.4422222077846527     112.0406723022461
975     -0.9313502907752991      0.005507403984665871     0.4244444370269775     89.44222259521484
976     -0.9309730529785156      -0.001973752630874515     0.5644444227218628     55.42304992675781
977     -0.9306514859199524      0.01523147150874138     0.4600000083446503     77.823974609375
978     -0.9315240979194641      -0.007968759164214134     0.40666663646698     40.44386291503906
979     -0.9312679767608643      3.217772245989181e-05     0.4600000083446503     66.05166625976562
980     -0.9306398630142212      0.02245517261326313     0.5244444608688354     91.03751373291016
981     -0.9310330152511597      -0.01143064070492983     0.6088888645172119     85.54096984863281
982     -0.9308883547782898      0.03443700075149536     0.5355555415153503     97.880859375
983     -0.9311454892158508      0.01682347059249878     0.508888840675354     35.97473526000977
984     -0.9314981698989868      -0.01277754735201597     0.402222216129303     67.77208709716797
985     -0.930604100227356      0.01952273957431316     0.4822222292423248     76.37961578369141
986     -0.9315165877342224      -0.005651446990668774     0.4088888764381409     132.2026672363281
987     -0.9312476515769958      0.006871957331895828     0.4199999868869781     55.79372024536133
988     -0.9313203096389771      -0.003736510872840881     0.3488888740539551     78.43516540527344
989     -0.9305371046066284      -0.01719561964273453     0.5022222399711609     72.27899932861328
990     -0.9307865500450134      -0.003824370680376887     0.4733332991600037     75.41957092285156
991     -0.9312341809272766      -0.02484642714262009     0.4422222077846527     60.06553649902344
992     -0.9309614300727844      -0.01854273490607738     0.4333333075046539     73.08824157714844
993     -0.930144727230072      5.873903137398884e-05     0.4577777683734894     60.68295669555664
994     -0.9311054944992065      0.01451351493597031     0.4933333098888397     83.10614776611328
995     -0.9313852787017822      -0.01214660611003637     0.6044444441795349     99.07048034667969
996     -0.9314957857131958      0.00529886782169342     0.4733332991600037     44.66822052001953
997     -0.9310250878334045      -0.009491759352385998     0.5488888621330261     44.35635375976562
998     -0.9304589629173279      0.004958118312060833     0.4177777767181396     93.55815887451172
999     -0.9308178424835205      0.01437024120241404     0.4199999868869781     43.90586471557617
1000     -0.9308835864067078      -0.01608276180922985     0.426666647195816     53.96160507202148
