# Simulazione modello di Ising 1D
# Mossa 	 Energia 	 Magnetizzazione 	 Calore specifico 	 Suscettività
1     -0.7617818713188171      -0.004036061465740204     0.453000009059906     6.319225788116455
2     -0.7613028883934021      0.004691936541348696     0.3980000019073486     6.738372325897217
3     -0.7616226673126221      0.0004621974367182702     0.4110000133514404     6.913753032684326
4     -0.7622600197792053      -0.00293606286868453     0.4390000104904175     7.206178188323975
5     -0.7611936926841736      -8.700132457306609e-05     0.4103333353996277     7.111776828765869
6     -0.7610827684402466      -0.005442067515105009     0.4169999957084656     7.516438961029053
7     -0.7614024877548218      -0.003603136399760842     0.4379999935626984     6.989145278930664
8     -0.7619414329528809      -0.007255339529365301     0.4189999997615814     7.846002578735352
9     -0.7614017128944397      -0.001995264552533627     0.4243333339691162     7.035614013671875
10     -0.7614874839782715      0.001720533357001841     0.4050000011920929     6.461966037750244
11     -0.7612411975860596      0.002542270114645362     0.4253333210945129     8.075559616088867
12     -0.7616677284240723      -0.002923924243077636     0.4230000078678131     6.514780044555664
13     -0.76198810338974      0.003187663620337844     0.4103333353996277     8.025131225585938
14     -0.7621523141860962      0.003620933275669813     0.4210000038146973     6.429459571838379
15     -0.7617481350898743      -0.003907864447683096     0.3996666669845581     6.746243000030518
16     -0.7611525058746338      -0.001056065317243338     0.4160000085830688     6.761538982391357
17     -0.7612175345420837      0.002734999638050795     0.4503333270549774     8.242237091064453
18     -0.7610573172569275      0.001246400526724756     0.4176666736602783     6.1376953125
19     -0.76117342710495      1.75318473338848e-05     0.4316666722297668     7.837536334991455
20     -0.761357843875885      -0.00194113701581955     0.4230000078678131     7.770124912261963
21     -0.7615064382553101      -0.003987202886492014     0.4259999990463257     7.453705310821533
22     -0.7619820237159729      0.00256853480823338     0.4293333292007446     7.228099822998047
23     -0.7621688842773438      0.001574601861648262     0.4353333413600922     6.443517684936523
24     -0.7617172002792358      -0.00120640208479017     0.4429999887943268     6.535356998443604
25     -0.7616006135940552      -0.00353447045199573     0.4106666743755341     6.754793167114258
26     -0.761609673500061      -0.00290412362664938     0.4146666526794434     8.156354904174805
27     -0.7614588737487793      0.0005795337492600083     0.4413333237171173     7.255878925323486
28     -0.7616543173789978      0.005584604106843472     0.4086666703224182     7.227462291717529
29     -0.7620185017585754      2.019821113208309e-05     0.4053333401679993     6.754611492156982
30     -0.7616170048713684      0.001913401298224926     0.4416666626930237     7.938918590545654
31     -0.7617615461349487      -0.0004173330962657928     0.4096666574478149     7.722681045532227
32     -0.7617521286010742      -0.0007437987951561809     0.4206666648387909     6.86188793182373
33     -0.762129008769989      -0.0007341334712691605     0.4316666722297668     7.45136022567749
34     -0.7616260051727295      -0.001413536258041859     0.4136666655540466     7.798251152038574
35     -0.7613623142242432      0.005290725268423557     0.4026666581630707     6.961308002471924
36     -0.7619218230247498      -0.001436929684132338     0.4356666803359985     7.139269351959229
37     -0.7613538503646851      0.000636864046100527     0.437333345413208     7.566521644592285
38     -0.7616334557533264      -0.002084130188450217     0.406333327293396     6.368205547332764
39     -0.7613377571105957      -0.003113535000011325     0.4243333339691162     7.671895027160645
40     -0.761821448802948      0.003492393530905247     0.4180000126361847     7.601088523864746
41     -0.7620239853858948      -0.0006384668522514403     0.4189999997615814     7.959420680999756
42     -0.7615537643432617      -0.002039401326328516     0.4433333277702332     8.124856948852539
43     -0.7615253925323486      0.001195000601001084     0.398333340883255     6.570559024810791
44     -0.7615549564361572      0.0002099292032653466     0.4483333230018616     7.306386947631836
45     -0.7615616321563721      0.005005864892154932     0.4503333270549774     7.153327941894531
46     -0.7614467740058899      -0.002562666311860085     0.4323333203792572     8.906579971313477
47     -0.7612133026123047      -0.0007804665365256369     0.414000004529953     7.828629970550537
48     -0.7619479298591614      -0.003473198041319847     0.4196666777133942     6.537559032440186
49     -0.7615146636962891      0.003064404474571347     0.3936666548252106     6.978014945983887
50     -0.7617562413215637      -0.001088732155039907     0.4120000004768372     7.124684810638428
51     -0.7617846131324768      0.002286266535520554     0.4399999976158142     6.723456859588623
52     -0.7618119120597839      0.001859266427345574     0.4339999854564667     6.359580039978027
53     -0.7612814903259277      0.00270573329180479     0.4103333353996277     7.583166599273682
54     -0.7622026205062866      0.002710465108975768     0.4206666648387909     7.584654331207275
55     -0.7612529993057251      -0.003487736918032169     0.4040000140666962     7.579243659973145
56     -0.7614976167678833      0.0001720005093375221     0.440666675567627     7.215738296508789
57     -0.7620915770530701      0.0003172670258209109     0.3916666805744171     6.36261510848999
58     -0.7619089484214783      0.005786610767245293     0.4263333380222321     7.112418174743652
59     -0.7622595429420471      -0.00163879303727299     0.4353333413600922     7.507749557495117
60     -0.7612023949623108      -0.001474933000281453     0.429666668176651     6.621601581573486
61     -0.7615801692008972      -0.002891466720029712     0.3856666684150696     7.254571437835693
62     -0.76166170835495      0.0008218710427172482     0.4393333196640015     8.084280967712402
63     -0.7610685229301453      0.003283669473603368     0.4333333373069763     7.458141326904297
64     -0.7617782354354858      0.0002720652846619487     0.437333345413208     6.58271598815918
65     -0.761640191078186      -0.000522669346537441     0.4266666769981384     6.989806175231934
66     -0.7609802484512329      -0.004371529445052147     0.4429999887943268     7.68931770324707
67     -0.761533796787262      -0.00113660201895982     0.4156666696071625     7.081133365631104
68     -0.7610647082328796      2.886250149458647e-05     0.4366666674613953     7.179666042327881
69     -0.7618972063064575      -0.000253534788498655     0.4136666655540466     7.869391918182373
70     -0.7611124515533447      -0.001287466031499207     0.440666675567627     7.431724071502686
71     -0.7620141506195068      -0.0005230670212768018     0.4283333420753479     7.895810127258301
72     -0.7617775797843933      -0.0005557329277507961     0.4386666715145111     7.608819007873535
73     -0.7620081305503845      3.999972977908328e-05     0.3970000147819519     6.423236846923828
74     -0.7617657780647278      -0.0008469329914078116     0.4013333320617676     8.456064224243164
75     -0.7618377804756165      0.005630143452435732     0.4586666524410248     7.075118541717529
76     -0.7618220448493958      -0.002619665116071701     0.3996666669845581     7.261526584625244
77     -0.7618907690048218      -0.0002543338050600141     0.4323333203792572     7.111429691314697
78     -0.7617142200469971      -0.002995594404637814     0.4233333468437195     8.145449638366699
79     -0.7616225481033325      -0.005352473352104425     0.4393333196640015     8.026103973388672
80     -0.7620059251785278      -0.003737667109817266     0.406333327293396     7.581928253173828
81     -0.7621427178382874      -0.002269865712150931     0.418666660785675     6.846888542175293
82     -0.7614752650260925      -0.001116933184675872     0.4276666641235352     7.238641738891602
83     -0.7616701126098633      -0.00288319424726069     0.4009999930858612     6.519744873046875
84     -0.7612999081611633      -0.00298659666441381     0.4110000133514404     8.13704776763916
85     -0.7623809576034546      -0.001677937689237297     0.4386666715145111     7.047149658203125
86     -0.7618535161018372      -0.003694063751026988     0.3970000147819519     6.806052684783936
87     -0.7619056701660156      -8.54668251122348e-05     0.4196666777133942     6.949610233306885
88     -0.7617695927619934      -0.001172065385617316     0.4059999883174896     6.813443183898926
89     -0.7614071369171143      -0.00129040249157697     0.4226666688919067     7.308301448822021
90     -0.7619747519493103      0.002184936078265309     0.418666660785675     7.229875564575195
91     -0.7613968849182129      -0.003626139601692557     0.4199999868869781     7.702237129211426
92     -0.7616921663284302      0.0006121355108916759     0.3946666717529297     6.465333461761475
93     -0.7619515061378479      -0.005057400558143854     0.4239999949932098     6.849427223205566
94     -0.7615960836410522      -0.0002136680705007166     0.4390000104904175     7.218636035919189
95     -0.761889636516571      0.001156134181655943     0.4103333353996277     7.493403434753418
96     -0.7614895701408386      -0.001424132031388581     0.4543333351612091     7.743781089782715
97     -0.7617087960243225      0.003580597229301929     0.4146666526794434     7.267167091369629
98     -0.7622072696685791      0.002609133021906018     0.4613333344459534     6.168740749359131
99     -0.7618316411972046      -0.0004287993942853063     0.4359999895095825     7.735381603240967
100     -0.7619112730026245      0.001780534395948052     0.4259999990463257     6.237712860107422
101     -0.7610570192337036      0.001140200649388134     0.4263333380222321     7.603785037994385
102     -0.7614282369613647      -0.001984001370146871     0.4066666662693024     6.82119083404541
103     -0.7617970108985901      -0.003424739232286811     0.4463333189487457     9.664344787597656
104     -0.761944591999054      -0.003123595612123609     0.4313333332538605     7.464938163757324
105     -0.7617690563201904      -0.003448265371844172     0.421999990940094     7.561857223510742
106     -0.761552631855011      0.003409662982448936     0.4246666729450226     8.475679397583008
107     -0.7610542774200439      0.005407803691923618     0.4133333265781403     8.489019393920898
108     -0.7615793347358704      -0.002416266826912761     0.4213333427906036     8.068116188049316
109     -0.761191189289093      -0.001070334576070309     0.4309999942779541     7.539530754089355
110     -0.7618423104286194      0.004044125787913799     0.4246666729450226     7.214612483978271
111     -0.7615737915039062      -0.0006879986030980945     0.4013333320617676     5.875370025634766
112     -0.7620252370834351      0.0006364617147482932     0.4503333270549774     6.980362415313721
113     -0.7612428665161133      -0.001848067389801145     0.4009999930858612     8.544133186340332
114     -0.7613081336021423      -0.003487398382276297     0.4083333313465118     6.947349548339844
115     -0.7620187401771545      0.00342533690854907     0.4099999964237213     6.601632118225098
116     -0.7614606022834778      -0.001170467352494597     0.4163333475589752     7.262378692626953
117     -0.7613348960876465      0.003828332526609302     0.4323333203792572     7.733479022979736
118     -0.7611525654792786      -0.0001470006245654076     0.4120000004768372     7.088718891143799
119     -0.7616143226623535      0.001569464104250073     0.4496666789054871     7.529362201690674
120     -0.7617380619049072      0.00115206022746861     0.4466666579246521     7.791613101959229
121     -0.7618808746337891      -0.001521732774563134     0.4136666655540466     6.55171537399292
122     -0.7615779638290405      0.0005042669945396483     0.4436666667461395     7.872984886169434
123     -0.7609638571739197      -0.004309261683374643     0.4169999957084656     7.036110877990723
124     -0.7615089416503906      0.003499740501865745     0.4126666784286499     6.499520301818848
125     -0.7617157101631165      0.006167678628116846     0.4169999957084656     7.339381694793701
126     -0.7612515687942505      -0.004677406046539545     0.4136666655540466     7.492061614990234
127     -0.7617247104644775      -0.001309066428802907     0.4146666526794434     7.260122299194336
128     -0.7616024613380432      9.131514161708765e-06     0.4239999949932098     8.069411277770996
129     -0.7615191340446472      -0.006838331930339336     0.4446666538715363     6.965123176574707
130     -0.7620651125907898      0.002068399684503675     0.4300000071525574     7.847854137420654
131     -0.7613956928253174      -0.001072995481081307     0.4236666560173035     6.76581335067749
132     -0.7623938918113708      0.0002995980903506279     0.4246666729450226     8.34453296661377
133     -0.76141357421875      -0.005229397676885128     0.4199999868869781     7.814518451690674
134     -0.7616722583770752      0.0004889300907962024     0.4493333399295807     6.993536949157715
135     -0.7614763975143433      0.002029534429311752     0.4043333232402802     7.339568138122559
136     -0.7617623805999756      0.002425796817988157     0.4466666579246521     7.048668384552002
137     -0.7614384889602661      0.001830598339438438     0.3956666588783264     7.657598972320557
138     -0.7614036202430725      -0.005876850802451372     0.3993333280086517     7.027401924133301
139     -0.7617344856262207      -0.00031413504621014     0.4353333413600922     7.583686828613281
140     -0.7618607878684998      -0.001506598433479667     0.3946666717529297     7.41499662399292
141     -0.7611377239227295      -0.002138132462278008     0.4093333184719086     7.60454797744751
142     -0.7617356181144714      -0.001254800125025213     0.4370000064373016     6.613742828369141
143     -0.7616429328918457      -0.001621133298613131     0.4236666560173035     7.479844570159912
144     -0.7620483636856079      0.002876465441659093     0.4306666553020477     7.563223361968994
145     -0.7618298530578613      -0.0005117350374348462     0.4216666519641876     8.431540489196777
146     -0.7616637349128723      -0.003827932057902217     0.4163333475589752     6.289389133453369
147     -0.7613692283630371      -0.006096385419368744     0.4199999868869781     7.561277866363525
148     -0.7617207169532776      -0.001364265801385045     0.4076666533946991     7.566349029541016
149     -0.7615095376968384      0.002018063329160213     0.4320000112056732     7.040849685668945
150     -0.7612844109535217      0.002871603704988956     0.4446666538715363     7.086001396179199
151     -0.7617005109786987      0.002122932579368353     0.4120000004768372     7.36147928237915
152     -0.761363685131073      0.002515264321118593     0.4353333413600922     6.767998695373535
153     -0.7616782784461975      0.0005636007990688086     0.390666663646698     7.012895107269287
154     -0.7615489959716797      -0.001377666601911187     0.4173333346843719     7.002018451690674
155     -0.7617540955543518      -0.0005718646571040154     0.4166666567325592     7.473005294799805
156     -0.7616552710533142      -0.0016776027623564     0.4239999949932098     6.887011051177979
157     -0.7615317106246948      0.004860932007431984     0.4156666696071625     6.671874523162842
158     -0.7614446878433228      -0.001429600059054792     0.4273333251476288     6.744277477264404
159     -0.7615919709205627      0.002329800045117736     0.4086666703224182     7.648104667663574
160     -0.761663019657135      0.003186667803674936     0.4096666574478149     7.537825584411621
161     -0.7612796425819397      0.0005618666182272136     0.4096666574478149     7.07963752746582
162     -0.7618644833564758      0.002349329413846135     0.4156666696071625     5.999768733978271
163     -0.7615807056427002      0.001308201579377055     0.418666660785675     7.301346302032471
164     -0.7612073421478271      -0.004984936211258173     0.4193333387374878     6.904988288879395
165     -0.7618221044540405      -0.003198259277269244     0.4443333446979523     7.365242958068848
166     -0.7618792057037354      0.0006995357107371092     0.4416666626930237     7.29774284362793
167     -0.7622008323669434      0.000107399609987624     0.4043333232402802     8.353169441223145
168     -0.7613568305969238      -0.0007186710136011243     0.3933333456516266     7.036754131317139
169     -0.7613964676856995      -0.001497933524660766     0.4083333313465118     6.858659267425537
170     -0.7613916993141174      -0.0004974666517227888     0.4009999930858612     8.389782905578613
171     -0.7620961666107178      -0.004050605464726686     0.4350000023841858     8.024739265441895
172     -0.7610843181610107      -0.002499927766621113     0.4253333210945129     7.404359340667725
173     -0.7616530656814575      0.002417264739051461     0.4469999969005585     7.800402164459229
174     -0.7613795399665833      -0.001656531007029116     0.4243333339691162     6.950141429901123
175     -0.7619142532348633      -0.003366796765476465     0.4123333394527435     7.552202701568604
176     -0.7614614367485046      0.001478530350141227     0.4253333210945129     8.501720428466797
177     -0.7619891762733459      -0.000817067630123347     0.4386666715145111     5.861540794372559
178     -0.7619500160217285      -0.000828198273666203     0.4316666722297668     7.605203628540039
179     -0.7617366313934326      0.0007492025033570826     0.4160000085830688     6.938285827636719
180     -0.7615966200828552      0.008308465592563152     0.4096666574478149     6.818673610687256
181     -0.7620511651039124      0.003248266875743866     0.4256666600704193     7.184804916381836
182     -0.7612069249153137      0.00389193557202816     0.4256666600704193     6.868984222412109
183     -0.7608600258827209      -0.004405274521559477     0.390666663646698     6.77554178237915
184     -0.7619459629058838      -0.001802265760488808     0.4239999949932098     7.177468299865723
185     -0.7617907524108887      -0.0004143335390836     0.437666654586792     7.799219608306885
186     -0.7609307169914246      -0.00620320625603199     0.4203333258628845     7.346723079681396
187     -0.7618376612663269      -0.003787265159189701     0.429666668176651     7.145323753356934
188     -0.7613914608955383      -0.000322666484862566     0.4153333306312561     6.732953548431396
189     -0.7621223926544189      -0.003343534423038363     0.4476666748523712     7.037783145904541
190     -0.7609875202178955      0.002887925133109093     0.414000004529953     7.154886245727539
191     -0.7613732218742371      0.004282929003238678     0.3963333368301392     6.906249523162842
192     -0.7617476582527161      -0.00264706602320075     0.4266666769981384     8.009329795837402
193     -0.7614679336547852      0.001701867557130754     0.434333324432373     6.939325332641602
194     -0.7621333599090576      0.0007896663155406713     0.4183333218097687     6.780490875244141
195     -0.7618279457092285      -0.002190465340390801     0.4333333373069763     8.347148895263672
196     -0.7615697383880615      -0.001174466102384031     0.4040000140666962     7.912877559661865
197     -0.7612305283546448      0.001204866683110595     0.3980000019073486     7.278422355651855
198     -0.7619566917419434      0.0007016010349616408     0.4236666560173035     7.015975475311279
199     -0.7617766261100769      0.004464207217097282     0.4423333406448364     7.069270133972168
200     -0.7619033455848694      0.0003482659230940044     0.4366666674613953     7.187346935272217
201     -0.7611555457115173      8.660320600029081e-05     0.4106666743755341     8.331039428710938
202     -0.7621085047721863      0.003816604847088456     0.3963333368301392     8.158713340759277
203     -0.7617555856704712      -6.679780199192464e-05     0.4359999895095825     7.23932409286499
204     -0.7613679170608521      -0.003519667545333505     0.4106666743755341     7.976078987121582
205     -0.7617791891098022      0.002022403059527278     0.4353333413600922     7.061685085296631
206     -0.7617534399032593      0.001365200732834637     0.4216666519641876     7.47883939743042
207     -0.7618350386619568      0.00274387001991272     0.4136666655540466     6.622732639312744
208     -0.7616172432899475      -0.0006232650484889746     0.4476666748523712     7.0024733543396
209     -0.7615277767181396      0.006135000381618738     0.4173333346843719     7.992554664611816
210     -0.7617378830909729      -0.0002814645413309336     0.4259999990463257     7.382997512817383
211     -0.7619054913520813      -0.0002132673253072426     0.4199999868869781     7.915444850921631
212     -0.7616894245147705      -0.004416006617248058     0.4246666729450226     8.101966857910156
213     -0.7619292140007019      -0.005231473129242659     0.4533333480358124     7.443609237670898
214     -0.7615059614181519      -0.004473194479942322     0.4309999942779541     6.789459705352783
215     -0.7614414691925049      0.004055734723806381     0.3976666629314423     6.986623764038086
216     -0.7616517543792725      0.001773728872649372     0.4320000112056732     7.341428279876709
217     -0.761467456817627      0.00143606832716614     0.4196666777133942     6.857926845550537
218     -0.7618100047111511      0.00112100294791162     0.4020000100135803     6.595947265625
219     -0.7620813250541687      -0.006029668264091015     0.4276666641235352     7.034462451934814
220     -0.7616333961486816      0.004728537984192371     0.4116666615009308     7.06000280380249
221     -0.7615870237350464      -0.001018001465126872     0.4326666593551636     7.779234409332275
222     -0.7620216608047485      0.0005606664926744998     0.4206666648387909     8.251233100891113
223     -0.7610777020454407      -4.066774999955669e-05     0.398333340883255     7.103336811065674
224     -0.7615625858306885      -0.001215397380292416     0.4210000038146973     7.673401832580566
225     -0.7617880702018738      -0.002449535764753819     0.4033333361148834     7.470030784606934
226     -0.7613986134529114      0.0008029338787309825     0.4346666634082794     6.773899555206299
227     -0.7615224719047546      -0.001848731189966202     0.4166666567325592     7.689321041107178
228     -0.7617515325546265      -0.004503062460571527     0.4143333435058594     7.719493389129639
229     -0.7611300349235535      -0.000376001640688628     0.4163333475589752     7.754892349243164
230     -0.7611247301101685      -0.001296402420848608     0.4259999990463257     6.250495433807373
231     -0.7614393830299377      -0.0003068669757340103     0.4033333361148834     8.236112594604492
232     -0.7611724734306335      0.0002001384273171425     0.4026666581630707     7.977748870849609
233     -0.7614256143569946      0.003321202239021659     0.4166666567325592     7.134810447692871
234     -0.761078953742981      -0.004351140465587378     0.434333324432373     6.929389476776123
235     -0.7615277767181396      -0.002463866956532001     0.3823333382606506     7.880845546722412
236     -0.7614763379096985      0.002309199888259172     0.4266666769981384     8.666886329650879
237     -0.7620978951454163      0.001899599912576377     0.4006666541099548     7.122011661529541
238     -0.7619315385818481      0.004010194446891546     0.4323333203792572     7.526131629943848
239     -0.7611730694770813      -0.003346670884639025     0.4160000085830688     7.87980318069458
240     -0.7617402076721191      -0.0001578673254698515     0.4136666655540466     6.695312976837158
241     -0.7611284255981445      -0.001191201969049871     0.4206666648387909     7.745632171630859
242     -0.7614696621894836      0.00385006912983954     0.4160000085830688     8.036807060241699
243     -0.7617111802101135      0.002396266674622893     0.4086666703224182     7.538378238677979
244     -0.7618167400360107      -0.00225399830378592     0.4473333358764648     7.459891319274902
245     -0.7614443898200989      0.001325665973126888     0.4180000126361847     8.152134895324707
246     -0.7613265514373779      0.0002823999675456434     0.4169999957084656     6.706218719482422
247     -0.7616032958030701      0.002885131863877177     0.4020000100135803     6.827619075775146
248     -0.7615410089492798      -0.003717593848705292     0.4226666688919067     7.582464694976807
249     -0.7616866230964661      0.0003335335932206362     0.4480000138282776     7.298182487487793
250     -0.7622833847999573      0.002518531633540988     0.4003333449363708     7.185197353363037
251     -0.7613954544067383      0.002962667495012283     0.4350000023841858     7.555081844329834
252     -0.762061595916748      0.0009684680262580514     0.425000011920929     7.603862762451172
253     -0.7616544365882874      -0.002645130269229412     0.4086666703224182     7.712540149688721
254     -0.7614959478378296      -0.0008928018505685031     0.414000004529953     7.01082181930542
255     -0.7617199420928955      -0.002718403236940503     0.4183333218097687     6.875534534454346
256     -0.7614703774452209      -0.005359601229429245     0.421999990940094     8.509306907653809
257     -0.7613730430603027      0.0007820002501830459     0.4413333237171173     7.293105602264404
258     -0.7612014412879944      -0.003465607529506087     0.4099999964237213     7.760303497314453
259     -0.7610932588577271      0.0001179310856969096     0.3970000147819519     7.27344799041748
260     -0.7614275813102722      -0.00359147135168314     0.4226666688919067     7.850427627563477
261     -0.7611636519432068      -0.001996066654101014     0.4149999916553497     7.869274139404297
262     -0.7617504596710205      0.003027938539162278     0.4246666729450226     7.044061660766602
263     -0.7615009546279907      -0.00110600225161761     0.4009999930858612     7.466960906982422
264     -0.7620383501052856      0.004474211484193802     0.4553333222866058     8.432334899902344
265     -0.7617384195327759      -0.001738796825520694     0.4206666648387909     6.990730285644531
266     -0.760927140712738      0.00350553379394114     0.4036666750907898     8.376465797424316
267     -0.7615318298339844      0.0007136631174944341     0.4286666810512543     8.574278831481934
268     -0.761434018611908      -0.002446267055347562     0.4120000004768372     7.812417507171631
269     -0.7617459297180176      -0.001486200839281082     0.4603333473205566     6.805886268615723
270     -0.7610663175582886      -0.001172533957287669     0.4096666574478149     6.775591373443604
271     -0.7612578272819519      0.00572199048474431     0.4093333184719086     7.039434909820557
272     -0.7621290683746338      0.002737667411565781     0.4023333191871643     7.105274677276611
273     -0.7619864940643311      -0.001060263253748417     0.4306666553020477     7.941558361053467
274     -0.7615423202514648      -0.003345393808558583     0.4153333306312561     7.704215049743652
275     -0.761965274810791      -0.000606866495218128     0.4289999902248383     9.15534496307373
276     -0.7618323564529419      0.003454270772635937     0.4099999964237213     7.638950347900391
277     -0.7621889710426331      0.008329794742166996     0.4286666810512543     7.327208995819092
278     -0.7613775134086609      -0.0006325283320620656     0.4180000126361847     6.952453136444092
279     -0.7615020275115967      0.0007027328829281032     0.4153333306312561     7.199134349822998
280     -0.7618513107299805      0.0001025317978928797     0.4163333475589752     7.243339061737061
281     -0.7614260315895081      0.001397063722833991     0.421999990940094     7.399348735809326
282     -0.7613278031349182      0.0005395998596213758     0.4056666791439056     6.618568420410156
283     -0.7611108422279358      -0.00232367217540741     0.4199999868869781     7.201869010925293
284     -0.7618592977523804      0.00022993324091658     0.4169999957084656     7.661651611328125
285     -0.7616076469421387      -0.0001243991137016565     0.4133333265781403     7.369860172271729
286     -0.7616356015205383      -0.000725397898349911     0.4253333210945129     7.107168197631836
287     -0.7615416646003723      -0.0004948657588101923     0.4193333387374878     6.682242393493652
288     -0.7613796591758728      0.003535395953804255     0.4403333365917206     7.401168823242188
289     -0.7619233131408691      0.001020804163999856     0.3943333327770233     7.870762348175049
290     -0.7614818811416626      0.005800263490527868     0.398333340883255     7.274910926818848
291     -0.7616391777992249      0.005365662276744843     0.4096666574478149     7.378856658935547
292     -0.7605565786361694      0.002073664451017976     0.4153333306312561     6.889641284942627
293     -0.7617450356483459      0.001844933722168207     0.4243333339691162     7.89555025100708
294     -0.7614030241966248      0.001188398688100278     0.4446666538715363     6.672259330749512
295     -0.7613997459411621      0.001134003279730678     0.4206666648387909     6.878318309783936
296     -0.761992335319519      -0.002676062053069472     0.4116666615009308     8.048312187194824
297     -0.7614471912384033      0.0008409353904426098     0.4166666567325592     6.703872203826904
298     -0.7612600326538086      0.0007582001853734255     0.4230000078678131     7.619469165802002
299     -0.7617313861846924      -0.003086265875026584     0.4280000030994415     8.005484580993652
300     -0.7607947587966919      -0.001740998704917729     0.4093333184719086     6.365590572357178
301     -0.7617208361625671      -0.004485472105443478     0.4266666769981384     6.56706714630127
302     -0.7611888647079468      -0.001331138191744685     0.4160000085830688     7.975753784179688
303     -0.7615619897842407      -0.006038464140146971     0.4339999854564667     6.968990802764893
304     -0.761572003364563      -0.0002171317901229486     0.4303333461284637     7.604337692260742
305     -0.7617459297180176      0.0005567314801737666     0.4066666662693024     7.001509666442871
306     -0.761302649974823      0.005431470926851034     0.4313333332538605     8.548781394958496
307     -0.7614694833755493      -0.001359395333565772     0.4050000011920929     8.07286548614502
308     -0.761496365070343      0.005550405010581017     0.4309999942779541     7.900065898895264
309     -0.761435329914093      -0.005043006036430597     0.4293333292007446     6.542868614196777
310     -0.7611543536186218      -0.0006065362831577659     0.4423333406448364     8.018413543701172
311     -0.7618125081062317      0.002988527528941631     0.4050000011920929     6.65631628036499
312     -0.7616719603538513      0.001843334874138236     0.421999990940094     7.56572437286377
313     -0.7616590261459351      -0.003718737047165632     0.3956666588783264     7.15570592880249
314     -0.7612195014953613      0.0009738696971908212     0.4213333427906036     7.75049877166748
315     -0.7615353465080261      0.007877795957028866     0.4176666736602783     7.184962749481201
316     -0.7617346048355103      -0.000771000690292567     0.4163333475589752     7.241450309753418
317     -0.7613561153411865      -0.002638333477079868     0.3980000019073486     8.477965354919434
318     -0.7610772848129272      0.001077669323422015     0.4243333339691162     6.829339027404785
319     -0.7616018652915955      0.0005848663859069347     0.4253333210945129     6.960570335388184
320     -0.7616731524467468      -0.001154866418801248     0.418666660785675     8.00825023651123
321     -0.7618997693061829      -0.0035390704870224     0.3926666676998138     7.786711692810059
322     -0.7613909244537354      -0.001615735236555338     0.4146666526794434     7.282536029815674
323     -0.7611779570579529      0.002949003130197525     0.4463333189487457     8.551847457885742
324     -0.761324405670166      0.004483000375330448     0.414000004529953     7.573563575744629
325     -0.761496901512146      -0.001156393787823617     0.4199999868869781     6.426432132720947
326     -0.7610887885093689      0.001154800178483129     0.3950000107288361     7.256789684295654
327     -0.7617448568344116      -6.046813723514788e-05     0.4120000004768372     7.023343086242676
328     -0.7613984346389771      0.005800530314445496     0.4426666796207428     7.11748218536377
329     -0.7617788314819336      0.00312412716448307     0.4169999957084656     7.542382717132568
330     -0.7613712549209595      -0.001379598514176905     0.4136666655540466     6.797998905181885
331     -0.761423647403717      0.003063804702833295     0.4426666796207428     7.905961513519287
332     -0.7616989612579346      3.16623663820792e-05     0.4253333210945129     6.884598255157471
333     -0.7619810104370117      0.002001262502744794     0.4303333461284637     7.734574794769287
334     -0.7615211606025696      0.00157213571947068     0.4403333365917206     7.452975273132324
335     -0.7619728446006775      0.002747535705566406     0.4553333222866058     6.662125110626221
336     -0.7612549662590027      0.005282062105834484     0.4146666526794434     6.583335399627686
337     -0.7610515952110291      -0.004954598844051361     0.3936666548252106     7.302594184875488
338     -0.7615799307823181      -0.001635601394809783     0.4083333313465118     6.735820293426514
339     -0.7619756460189819      0.00133040442597121     0.4269999861717224     7.053060054779053
340     -0.7614062428474426      1.586869802849833e-05     0.4173333346843719     7.576198577880859
341     -0.7615939378738403      -0.001044202479533851     0.421999990940094     6.990805149078369
342     -0.7615382671356201      -0.004660401493310928     0.4199999868869781     7.875401496887207
343     -0.7611767649650574      8.453173359157518e-05     0.440666675567627     6.211208820343018
344     -0.7624150514602661      -0.002091733505949378     0.4476666748523712     7.008693218231201
345     -0.7617426514625549      -0.003854198148474097     0.4269999861717224     7.44033145904541
346     -0.7618179321289062      -0.0004650652699638158     0.4336666762828827     7.754080772399902
347     -0.7613069415092468      0.004821868147701025     0.4236666560173035     8.302825927734375
348     -0.7613328695297241      0.001844198908656836     0.4153333306312561     7.503653049468994
349     -0.7616897225379944      0.00602633273229003     0.4463333189487457     8.075869560241699
350     -0.7618634700775146      -0.0002401348174316809     0.4306666553020477     7.466318130493164
351     -0.7614006400108337      -0.0006882001762278378     0.4040000140666962     6.713328838348389
352     -0.7618774175643921      0.001774000003933907     0.4550000131130219     7.716889381408691
353     -0.76192307472229      -0.003759403014555573     0.4316666722297668     7.061475276947021
354     -0.7614741325378418      0.0005190666415728629     0.4429999887943268     6.607299327850342
355     -0.7614955306053162      -0.001794400857761502     0.4199999868869781     7.033786296844482
356     -0.7613669633865356      -0.004036664962768555     0.4303333461284637     6.847479820251465
357     -0.7620114684104919      -0.001806665910407901     0.4306666553020477     6.18482494354248
358     -0.7619143724441528      -0.002588206669315696     0.4359999895095825     7.442692279815674
359     -0.7620263695716858      0.0001771976094460115     0.4280000030994415     7.615041732788086
360     -0.7619177103042603      0.001006265520118177     0.4149999916553497     8.185406684875488
361     -0.7619355320930481      -0.003609795356169343     0.4320000112056732     7.159669399261475
362     -0.762277364730835      -0.0003517272416502237     0.4079999923706055     6.930813312530518
363     -0.7614262104034424      0.002626736182719469     0.4160000085830688     7.17198371887207
364     -0.7612903118133545      0.0005027336883358657     0.4066666662693024     7.337426662445068
365     -0.7619104981422424      -0.004890594631433487     0.4313333332538605     6.956883907318115
366     -0.7616585493087769      0.00155860313680023     0.3926666676998138     7.143886566162109
367     -0.7618340849876404      0.0006247338023968041     0.4199999868869781     7.673683643341064
368     -0.7613769769668579      -0.003693862818181515     0.4316666722297668     6.73430347442627
369     -0.7615607380867004      -0.001381533103995025     0.401666671037674     7.534300804138184
370     -0.7616468667984009      0.005127267446368933     0.4203333258628845     7.668546676635742
371     -0.7612845301628113      0.001938601839356124     0.4236666560173035     7.204529285430908
372     -0.7614656686782837      0.002668798435479403     0.4216666519641876     7.908484935760498
373     -0.7611275911331177      0.002631803043186665     0.4189999997615814     7.007478713989258
374     -0.7615664601325989      0.00307193910703063     0.4230000078678131     7.545168399810791
375     -0.761298656463623      0.0002088008914142847     0.4363333284854889     6.589078903198242
376     -0.7617483139038086      0.002480737399309874     0.4213333427906036     8.440584182739258
377     -0.7614820003509521      0.004733599256724119     0.4480000138282776     7.72753381729126
378     -0.761309802532196      -0.00502246618270874     0.4326666593551636     8.499880790710449
379     -0.7619828581809998      0.0001783348707249388     0.425000011920929     7.548890113830566
380     -0.761762261390686      -0.003884995821863413     0.4036666750907898     6.825366020202637
381     -0.7618871927261353      -8.906552830012515e-05     0.4266666769981384     6.735544204711914
382     -0.7614926099777222      -0.001809266279451549     0.4103333353996277     7.995028495788574
383     -0.7612758874893188      0.003617863869294524     0.4120000004768372     7.185935497283936
384     -0.761699378490448      -0.0003900685987900943     0.4003333449363708     7.057767391204834
385     -0.7619312405586243      0.00230127084068954     0.4379999935626984     7.630863189697266
386     -0.7620865106582642      0.003297731513157487     0.3966666758060455     7.723285675048828
387     -0.7616643905639648      0.002733059460297227     0.3853333294391632     7.4101243019104
388     -0.7613728642463684      -0.000936731812544167     0.4090000092983246     7.360772132873535
389     -0.7612466812133789      0.001232737791724503     0.4133333265781403     6.624711513519287
390     -0.761743426322937      0.0005772646400146186     0.4136666655540466     6.781918525695801
391     -0.7616848945617676      -0.0004092695598956198     0.4223333299160004     7.233507633209229
392     -0.7614341378211975      -0.0003330676699988544     0.4266666769981384     7.019721984863281
393     -0.7615960836410522      0.001406198716722429     0.4456666707992554     7.751866340637207
394     -0.7613560557365417      0.001817459240555763     0.4443333446979523     7.494645118713379
395     -0.7615131139755249      0.003312319982796907     0.4350000023841858     8.445222854614258
396     -0.7615059614181519      0.004687195643782616     0.4323333203792572     7.187232494354248
397     -0.7620602250099182      0.00230786413885653     0.3963333368301392     6.542872428894043
398     -0.7613222002983093      -4.353607073426247e-05     0.3996666669845581     6.483109951019287
399     -0.7615022659301758      -0.002001333283260465     0.4410000145435333     7.397099018096924
400     -0.761624276638031      -0.0009808661416172981     0.4070000052452087     7.556787014007568
401     -0.7609841227531433      0.003565336810424924     0.4073333442211151     6.756707668304443
402     -0.7613543272018433      -0.004069267772138119     0.4259999990463257     7.405260562896729
403     -0.7619098424911499      0.00180013501085341     0.3986666798591614     8.448567390441895
404     -0.7614748477935791      0.00178933481220156     0.4356666803359985     8.25119686126709
405     -0.7620169520378113      0.0008514662622474134     0.4639999866485596     7.727553844451904
406     -0.7614505290985107      -0.005249667912721634     0.4346666634082794     6.611662864685059
407     -0.7611892819404602      5.873301779502071e-05     0.4000000059604645     8.051496505737305
408     -0.7618762850761414      -0.00160999596118927     0.4070000052452087     6.892529487609863
409     -0.7614059448242188      -0.004512145649641752     0.4103333353996277     7.138695240020752
410     -0.7616349458694458      -0.001655666856095195     0.414000004529953     6.69416332244873
411     -0.7615450024604797      0.001212266739457846     0.449999988079071     6.210955142974854
412     -0.7616331577301025      -0.002885133726522326     0.4443333446979523     6.833303928375244
413     -0.7618662714958191      0.002051066374406219     0.3846666812896729     7.327831268310547
414     -0.7611311674118042      -0.005809861700981855     0.4336666762828827     7.044142723083496
415     -0.7614487409591675      -0.002575000282377005     0.4333333373069763     7.922561168670654
416     -0.7616430521011353      0.0025434042327106     0.4046666622161865     7.640480041503906
417     -0.7615631222724915      0.003748135641217232     0.4403333365917206     7.437047481536865
418     -0.7612407207489014      -0.002877399558201432     0.4443333446979523     7.330353736877441
419     -0.7612004280090332      -0.0002742686192505062     0.4513333439826965     7.406975746154785
420     -0.7618181109428406      0.001745533780194819     0.4120000004768372     8.797571182250977
421     -0.7615517377853394      -0.00548580102622509     0.4263333380222321     7.310431480407715
422     -0.7620720267295837      0.003064401680603623     0.421999990940094     7.510417938232422
423     -0.7615755200386047      -0.001024401164613664     0.4413333237171173     7.55985689163208
424     -0.7610056400299072      0.001562468009069562     0.4456666707992554     7.997962951660156
425     -0.7616915106773376      0.003817141288891435     0.4523333311080933     7.524198055267334
426     -0.7616398930549622      -0.0003858002892229706     0.406333327293396     6.972440242767334
427     -0.7617101073265076      0.00150993000715971     0.4313333332538605     7.251001834869385
428     -0.7614536881446838      0.001671934965997934     0.4370000064373016     7.534288883209229
429     -0.761336088180542      0.004285531584173441     0.3740000128746033     8.056977272033691
430     -0.7611734867095947      0.004094402771443129     0.4143333435058594     7.460376739501953
431     -0.7611235380172729      -0.003169728210195899     0.4193333387374878     6.152144432067871
432     -0.7612739205360413      -0.001094802166335285     0.3939999938011169     8.009225845336914
433     -0.7614178061485291      -0.00214446522295475     0.414000004529953     7.429971218109131
434     -0.7613993883132935      0.005432991776615381     0.4230000078678131     7.111324310302734
435     -0.7609930038452148      -5.213587064645253e-05     0.4543333351612091     7.302920341491699
436     -0.7615218162536621      0.001309332437813282     0.4293333292007446     6.467804908752441
437     -0.7616588473320007      0.0003097267472185194     0.401666671037674     7.043124198913574
438     -0.7615168690681458      -0.003671267535537481     0.4230000078678131     7.523860454559326
439     -0.7616971135139465      0.005366467870771885     0.4300000071525574     7.077579975128174
440     -0.7612181901931763      0.001596866641193628     0.4269999861717224     7.842510223388672
441     -0.7613683938980103      0.001861264579929411     0.4076666533946991     7.288310527801514
442     -0.7615624070167542      0.00234612706117332     0.429666668176651     6.664483070373535
443     -0.7617894411087036      -0.002565599046647549     0.3936666548252106     6.813217639923096
444     -0.761839747428894      -8.0137986515183e-05     0.437666654586792     8.219554901123047
445     -0.7612059116363525      -0.002394598908722401     0.4476666748523712     8.266323089599609
446     -0.7614028453826904      -0.001490196213126183     0.4760000109672546     7.605395793914795
447     -0.7618555426597595      -0.0002376659977016971     0.4253333210945129     7.075028419494629
448     -0.7618219256401062      0.0004421999328769743     0.4213333427906036     7.997336387634277
449     -0.7611663937568665      0.002781866351142526     0.4396666586399078     7.939347743988037
450     -0.7616534829139709      -0.003058593021705747     0.429666668176651     8.538524627685547
451     -0.7615572214126587      -0.004079670179635286     0.4160000085830688     7.976498603820801
452     -0.7619951963424683      0.001637662760913372     0.4136666655540466     7.787755966186523
453     -0.7616916298866272      -0.00100173254031688     0.4586666524410248     7.7942214012146
454     -0.7612869739532471      0.002051861956715584     0.4289999902248383     6.494624137878418
455     -0.7616040706634521      -0.0001707327028270811     0.3959999978542328     7.891571044921875
456     -0.7619591355323792      -0.003564531914889812     0.4210000038146973     6.993321418762207
457     -0.7618604898452759      2.293464058311656e-05     0.4259999990463257     6.693718910217285
458     -0.7614011168479919      0.001649472280405462     0.3910000026226044     6.818455219268799
459     -0.7612670660018921      -0.002579799853265285     0.4293333292007446     7.291245937347412
460     -0.7617692351341248      -0.0006059990846551955     0.4176666736602783     7.136153221130371
461     -0.7613325715065002      0.001249401830136776     0.4449999928474426     7.090365886688232
462     -0.7613024115562439      0.003142406232655048     0.4593333303928375     6.976105690002441
463     -0.7615324854850769      0.00302973622456193     0.4326666593551636     7.822012424468994
464     -0.7613723874092102      0.0009589993278495967     0.4099999964237213     7.283227443695068
465     -0.7618741989135742      -0.0004045995010528713     0.4263333380222321     7.697627067565918
466     -0.7615719437599182      0.001188203692436218     0.4263333380222321     7.696996212005615
467     -0.7613839507102966      0.0006989332614466548     0.4110000133514404     6.839033126831055
468     -0.7617144584655762      -4.134196842642268e-06     0.4126666784286499     6.354832649230957
469     -0.761849045753479      0.00359559990465641     0.39533331990242     6.721933364868164
470     -0.7615007162094116      0.003733468474820256     0.4163333475589752     7.840333938598633
471     -0.7612638473510742      -0.002024198416620493     0.421999990940094     6.34892749786377
472     -0.7615712881088257      0.001607272657565773     0.429666668176651     7.732933044433594
473     -0.761589527130127      0.002119196811690927     0.4236666560173035     6.816953659057617
474     -0.7616015076637268      -0.004437402822077274     0.4516666531562805     8.123208045959473
475     -0.7615700960159302      -0.002510798862203956     0.4396666586399078     6.812860488891602
476     -0.7610895037651062      0.0004653998475987464     0.4496666789054871     7.31709623336792
477     -0.7621886134147644      -0.0007607314037159085     0.4103333353996277     7.314037799835205
478     -0.7613184452056885      -0.005050871521234512     0.4189999997615814     7.2334303855896
479     -0.7616286873817444      -0.0006128697423264384     0.4289999902248383     8.869350433349609
480     -0.7613685727119446      -0.003360532457008958     0.3776666522026062     6.865174293518066
481     -0.7614548206329346      0.004043607506901026     0.4623333215713501     7.298439025878906
482     -0.7612231969833374      0.003101201262325048     0.4106666743755341     6.804280757904053
483     -0.7613398432731628      -0.004611731972545385     0.4196666777133942     7.298063278198242
484     -0.761710524559021      -0.003347258782014251     0.4169999957084656     6.62981653213501
485     -0.7618871927261353      -0.002419460564851761     0.4096666574478149     7.106440544128418
486     -0.7617748975753784      0.000734135159291327     0.4399999976158142     6.714587688446045
487     -0.7615494728088379      0.0005572668160311878     0.4156666696071625     7.869760990142822
488     -0.7617965340614319      -0.001993667334318161     0.4329999983310699     7.699032783508301
489     -0.7615227103233337      0.000817134918179363     0.418666660785675     7.468625545501709
490     -0.7607985138893127      -0.0003839332784991711     0.401666671037674     8.176299095153809
491     -0.7612513303756714      0.001076398999430239     0.4273333251476288     7.416388034820557
492     -0.7617702484130859      0.002662467071786523     0.4486666619777679     9.064679145812988
493     -0.7613187432289124      -0.001203667372465134     0.4180000126361847     7.898294448852539
494     -0.7616230249404907      0.003316873451694846     0.4386666715145111     6.526971340179443
495     -0.7620477676391602      -0.0006231329753063619     0.4420000016689301     7.310342311859131
496     -0.7616180777549744      0.00120927148964256     0.4196666777133942     7.556988716125488
497     -0.7609874606132507      -0.006474414374679327     0.4280000030994415     6.434347629547119
498     -0.7616390585899353      -0.003509265370666981     0.4293333292007446     7.024533748626709
499     -0.7614219784736633      -0.004900335799902678     0.4129999876022339     7.777451992034912
500     -0.7616572380065918      0.0007519276696257293     0.4300000071525574     7.67167329788208
501     -0.7612563371658325      -0.0005516702076420188     0.4173333346843719     7.445520401000977
502     -0.7618916034698486      -0.004688461311161518     0.4403333365917206     6.803894996643066
503     -0.7615390419960022      0.00449133338406682     0.4329999983310699     8.260817527770996
504     -0.7615250945091248      0.001919065951369703     0.4256666600704193     7.804299354553223
505     -0.7614327073097229      0.00164606876205653     0.4596666693687439     7.042792797088623
506     -0.7612576484680176      -0.000632269773632288     0.4176666736602783     7.785006523132324
507     -0.7616071105003357      -0.0005173318204469979     0.3943333327770233     6.860819816589355
508     -0.7616568207740784      0.00145806756336242     0.3939999938011169     7.371284961700439
509     -0.7611345052719116      -0.001457798294723034     0.4103333353996277     6.760403156280518
510     -0.7607693076133728      -0.00278373109176755     0.4386666715145111     6.904189586639404
511     -0.762012779712677      -0.003407066920772195     0.4103333353996277     6.471221446990967
512     -0.7613157033920288      0.0005344669916667044     0.3976666629314423     6.705327033996582
513     -0.7614050507545471      0.001423069159500301     0.4629999995231628     7.156454563140869
514     -0.761387050151825      -0.0006765342550352216     0.4086666703224182     7.460278034210205
515     -0.7613368034362793      0.006078534293919802     0.414000004529953     6.436249256134033
516     -0.7615647912025452      0.002297535305842757     0.4210000038146973     7.744431018829346
517     -0.7612053751945496      -0.001273067202419043     0.4216666519641876     6.390901565551758
518     -0.7614995837211609      0.008045612834393978     0.4046666622161865     7.758876800537109
519     -0.7615108489990234      0.002536536427214742     0.4056666791439056     7.36063814163208
520     -0.7612088322639465      -0.006399665959179401     0.4076666533946991     7.444888114929199
521     -0.7619324326515198      -0.003431733697652817     0.4259999990463257     7.583866596221924
522     -0.76157146692276      -0.0002750634448602796     0.4156666696071625     7.134029388427734
523     -0.7618678212165833      0.001364266849122941     0.4560000002384186     7.868643760681152
524     -0.7614107131958008      0.003752397140488029     0.4596666693687439     7.930834770202637
525     -0.7616663575172424      0.0001449319388484582     0.4263333380222321     8.127835273742676
526     -0.7610729932785034      -0.00141326361335814     0.4429999887943268     7.104634761810303
527     -0.7620359659194946      -0.002156329108402133     0.4370000064373016     6.944699287414551
528     -0.7613381147384644      -0.002582603832706809     0.4386666715145111     8.61836051940918
529     -0.761824369430542      -0.004066269379109144     0.4339999854564667     8.109574317932129
530     -0.7614039778709412      0.001822338439524174     0.440666675567627     7.232426643371582
531     -0.7613886594772339      -0.0004663341387640685     0.414000004529953     6.623061180114746
532     -0.7622958421707153      -0.0003008666099049151     0.4323333203792572     7.261895179748535
533     -0.7621150016784668      -0.002059467369690537     0.4136666655540466     7.949140071868896
534     -0.7612010836601257      0.001036734320223331     0.4339999854564667     7.022373199462891
535     -0.7618268132209778      -0.00388433295302093     0.4180000126361847     7.583143711090088
536     -0.7614235281944275      -0.003231869777664542     0.4469999969005585     7.53199291229248
537     -0.7611291408538818      -0.0002265994116896763     0.4403333365917206     7.630342960357666
538     -0.761399507522583      -0.0004582687979564071     0.4283333420753479     6.942619323730469
539     -0.7615767121315002      0.0004938679630868137     0.4410000145435333     6.561405181884766
540     -0.7621123790740967      0.004656471312046051     0.4073333442211151     8.350803375244141
541     -0.7619858384132385      -0.00406192522495985     0.4133333265781403     7.364341735839844
542     -0.762011706829071      0.001702665700577199     0.4436666667461395     7.898425102233887
543     -0.761716902256012      0.002265135990455747     0.4323333203792572     7.675224781036377
544     -0.7613242864608765      0.001342866220511496     0.4013333320617676     8.174762725830078
545     -0.761515200138092      0.001977001084014773     0.4536666572093964     7.727343082427979
546     -0.7611587643623352      0.0044331313110888     0.4313333332538605     7.675780773162842
547     -0.7611500024795532      -0.002549870871007442     0.4333333373069763     6.636178493499756
548     -0.7614937424659729      0.00342380185611546     0.4433333277702332     8.260928153991699
549     -0.7616385221481323      -0.001728737726807594     0.4399999976158142     6.316258907318115
550     -0.7610988020896912      0.004142067860811949     0.4306666553020477     6.85238790512085
551     -0.7615545988082886      -0.0001901374052977189     0.3943333327770233     7.722262382507324
552     -0.7612264156341553      -0.003818736411631107     0.3980000019073486     7.448660373687744
553     -0.7616840600967407      -0.002562666311860085     0.4286666810512543     7.336118698120117
554     -0.7617180943489075      -0.005550272762775421     0.4053333401679993     6.612459182739258
555     -0.7615655660629272      0.0009706661803647876     0.4126666784286499     7.222160816192627
556     -0.7612463235855103      -0.001374198473058641     0.4103333353996277     7.160907745361328
557     -0.761768639087677      -0.001348997931927443     0.4289999902248383     6.761167526245117
558     -0.7611950039863586      0.004173544235527515     0.4503333270549774     7.806159019470215
559     -0.7611786127090454      0.0003995999577455223     0.3963333368301392     6.603285312652588
560     -0.7617848515510559      0.001988603500649333     0.421999990940094     7.685056686401367
561     -0.7617699503898621      -0.0008209311054088175     0.418666660785675     8.005861282348633
562     -0.7614527344703674      0.002821736969053745     0.4616666734218597     7.27269458770752
563     -0.7610557675361633      0.00227766833268106     0.4506666660308838     8.167892456054688
564     -0.7616039514541626      -0.006441670004278421     0.4160000085830688     7.288440704345703
565     -0.7612752914428711      0.004607872571796179     0.4306666553020477     7.67790699005127
566     -0.7612848281860352      -0.000637069926597178     0.4293333292007446     7.519768714904785
567     -0.7619190216064453      0.0006047326023690403     0.4136666655540466     6.873697280883789
568     -0.7616613507270813      -0.00516820140182972     0.4040000140666962     8.123668670654297
569     -0.761327862739563      -0.004930141847580671     0.4026666581630707     6.992695331573486
570     -0.7616385817527771      -0.002660473575815558     0.4136666655540466     6.097360134124756
571     -0.7612471580505371      0.002880140673369169     0.4156666696071625     6.998021602630615
572     -0.7613242268562317      0.0009043332538567483     0.4466666579246521     7.384334564208984
573     -0.7618173956871033      0.000226601681788452     0.4243333339691162     7.076241493225098
574     -0.7615930438041687      -0.001287999330088496     0.4446666538715363     6.533371925354004
575     -0.7616541385650635      -0.001663268078118563     0.4033333361148834     7.248761653900146
576     -0.7616201043128967      -0.0004354008415248245     0.4289999902248383     6.590494155883789
577     -0.7614145278930664      0.001524400897324085     0.4383333325386047     8.153477668762207
578     -0.7610156536102295      0.00335666467435658     0.4053333401679993     7.222851753234863
579     -0.7621166110038757      -0.002755337627604604     0.4090000092983246     6.493937015533447
580     -0.7617003321647644      -0.0006993344868533313     0.4163333475589752     6.970697402954102
581     -0.7614612579345703      0.003204399021342397     0.4266666769981384     6.098870277404785
582     -0.7612037062644958      -0.0003828664484899491     0.440666675567627     6.931818962097168
583     -0.7614795565605164      0.008438199758529663     0.4173333346843719     8.028615951538086
584     -0.7616533041000366      0.0004789995437022299     0.3986666798591614     7.177331924438477
585     -0.7620359659194946      0.002710865112021565     0.4276666641235352     7.196573734283447
586     -0.761829674243927      0.0009840662823989987     0.4393333196640015     6.933169841766357
587     -0.7611164450645447      0.002540931571274996     0.4449999928474426     7.578971862792969
588     -0.7613343000411987      -0.003141069086268544     0.4189999997615814     7.432391166687012
589     -0.7615006566047668      -0.002666336251422763     0.4149999916553497     7.010391235351562
590     -0.7616624236106873      -0.003858870826661587     0.429666668176651     6.98417329788208
591     -0.7616821527481079      0.002059733727946877     0.4313333332538605     7.094671249389648
592     -0.7614302635192871      0.001425263937562704     0.4253333210945129     7.623571395874023
593     -0.7618021368980408      0.002821865025907755     0.3950000107288361     6.403645992279053
594     -0.7616643309593201      0.009822794236242771     0.4320000112056732     7.451975345611572
595     -0.7613808512687683      -0.00207206467166543     0.4420000016689301     8.014941215515137
596     -0.7620514035224915      0.0001274011301575229     0.4116666615009308     8.29554271697998
597     -0.761936366558075      0.003217989346012473     0.4203333258628845     6.638377666473389
598     -0.7618954181671143      -0.001208600704558194     0.4196666777133942     7.548439025878906
599     -0.7620299458503723      -0.002398532815277576     0.4083333313465118     6.658539772033691
600     -0.7616258859634399      0.001321329735219479     0.4303333461284637     7.519664287567139
601     -0.7613030672073364      0.002440267940983176     0.4196666777133942     6.687033176422119
602     -0.7613449096679688      -0.001496399287134409     0.4073333442211151     7.252219200134277
603     -0.7620889544487      -0.000769467675127089     0.4273333251476288     6.609293460845947
604     -0.7616661787033081      0.002292400225996971     0.4303333461284637     7.121697902679443
605     -0.7616111636161804      0.001377800479531288     0.4333333373069763     7.160120010375977
606     -0.7618486881256104      -0.002540066139772534     0.4206666648387909     7.343603610992432
607     -0.7614966630935669      0.005477875471115112     0.4003333449363708     7.947590351104736
608     -0.7611527442932129      0.001144533045589924     0.4526666700839996     6.821119785308838
609     -0.7610661387443542      0.0002538008557166904     0.4090000092983246     6.57121753692627
610     -0.7614601254463196      0.00112253543920815     0.4429999887943268     7.236922740936279
611     -0.7621086239814758      -0.000115866117994301     0.4293333292007446     7.102747917175293
612     -0.7615264654159546      -8.486348087899387e-05     0.449999988079071     6.993654251098633
613     -0.7618281841278076      -0.003263263497501612     0.4259999990463257     8.049922943115234
614     -0.7614345550537109      -0.001317265909165144     0.4223333299160004     6.649802207946777
615     -0.7615577578544617      0.002579598221927881     0.4283333420753479     6.869091987609863
616     -0.7618145346641541      0.001509733148850501     0.4023333191871643     6.725035667419434
617     -0.7611108422279358      -0.0009962021140381694     0.4050000011920929     7.486883640289307
618     -0.7620922923088074      -0.002926400396972895     0.4120000004768372     7.39176607131958
619     -0.7614195942878723      0.003108069999143481     0.4379999935626984     6.777925968170166
620     -0.7613949179649353      0.0002923344727605581     0.4280000030994415     7.028979301452637
621     -0.7613357901573181      -0.0007824000786058605     0.4163333475589752     7.818719863891602
622     -0.7613781094551086      0.003707931842654943     0.4029999971389771     7.416404247283936
623     -0.7614635229110718      9.266777487937361e-05     0.4273333251476288     6.84838342666626
624     -0.7611067891120911      -0.005055717658251524     0.4273333251476288     6.992255687713623
625     -0.7617709040641785      -0.001485137036070228     0.4236666560173035     7.477004051208496
626     -0.7616625428199768      0.002145199803635478     0.3889999985694885     6.800089359283447
627     -0.7614836692810059      -0.001074131461791694     0.4066666662693024     6.665993690490723
628     -0.761350691318512      -0.001279996242374182     0.4436666667461395     8.125659942626953
629     -0.7615988850593567      0.001010866835713387     0.3959999978542328     7.357647895812988
630     -0.7614924907684326      0.001451600925065577     0.4129999876022339     7.994906902313232
631     -0.7612547278404236      0.004125131294131279     0.4236666560173035     6.905226707458496
632     -0.7619573473930359      -0.002461138647049665     0.4393333196640015     8.074314117431641
633     -0.7615095376968384      -0.001279134070500731     0.4413333237171173     7.786569595336914
634     -0.7616570591926575      0.001844130689278245     0.4203333258628845     7.563565254211426
635     -0.7613481283187866      0.004271340556442738     0.4090000092983246     7.851298332214355
636     -0.7611362934112549      0.001229196204803884     0.4066666662693024     7.622329235076904
637     -0.761936366558075      -9.528946065984201e-06     0.437666654586792     7.966522216796875
638     -0.7614519000053406      -0.001163067761808634     0.4253333210945129     7.097121238708496
639     -0.7612615823745728      0.0007281993748620152     0.4163333475589752     7.716588973999023
640     -0.7615742087364197      -0.005006196442991495     0.440666675567627     6.923671245574951
641     -0.7609503865242004      0.004507597535848618     0.4546666741371155     6.483514308929443
642     -0.7613176107406616      -0.001269598607905209     0.4199999868869781     8.486199378967285
643     -0.7614033818244934      -0.002426800783723593     0.4113333225250244     7.869369983673096
644     -0.7617262601852417      0.001968865282833576     0.437333345413208     7.348434448242188
645     -0.761659562587738      0.00104620074853301     0.4359999895095825     6.94164514541626
646     -0.7614398598670959      0.001908664708025753     0.4230000078678131     6.605907440185547
647     -0.7617844939231873      -0.002246465068310499     0.4099999964237213     7.813349723815918
648     -0.7613284587860107      -0.005465459078550339     0.4210000038146973     7.352714061737061
649     -0.7617646455764771      0.0001938690693350509     0.4273333251476288     7.640997409820557
650     -0.7616147994995117      0.001958266366273165     0.4280000030994415     6.904265403747559
651     -0.7617035508155823      0.004462865646928549     0.4306666553020477     7.52138090133667
652     -0.7610564827919006      -0.0009288020664826035     0.4293333292007446     7.468078136444092
653     -0.7615175247192383      0.000978066585958004     0.4303333461284637     7.164549350738525
654     -0.7618719935417175      -0.001495341653935611     0.4346666634082794     6.891473293304443
655     -0.7616528272628784      0.0003387332253623754     0.4486666619777679     7.165803909301758
656     -0.7621684670448303      0.007809727918356657     0.434333324432373     8.064764022827148
657     -0.7613456845283508      -0.002566664246842265     0.437333345413208     6.652567863464355
658     -0.7620693445205688      -0.000908065470866859     0.4256666600704193     7.308910369873047
659     -0.7613797187805176      0.0003063329204451293     0.4116666615009308     7.178584575653076
660     -0.7611384391784668      4.579872984322719e-05     0.4166666567325592     7.822506427764893
661     -0.7615382671356201      0.0008755922899581492     0.4386666715145111     7.984910011291504
662     -0.761156439781189      -0.002999054966494441     0.4183333218097687     7.031832695007324
663     -0.7621659636497498      -0.003442198969423771     0.4136666655540466     6.058818340301514
664     -0.7618958353996277      0.0005921948468312621     0.414000004529953     7.612344264984131
665     -0.7613656520843506      -0.001927594537846744     0.4213333427906036     6.168934345245361
666     -0.7612108588218689      -2.993304224219173e-05     0.4300000071525574     6.6708984375
667     -0.7616557478904724      -0.001372999860905111     0.4273333251476288     7.056432247161865
668     -0.7612703442573547      0.002324667293578386     0.3933333456516266     7.149744033813477
669     -0.7614877820014954      0.002179936738684773     0.4320000112056732     6.979666709899902
670     -0.7614461183547974      -9.333658454124816e-06     0.3823333382606506     7.029250144958496
671     -0.7617581486701965      0.006211405619978905     0.4173333346843719     6.843616962432861
672     -0.7615853548049927      -0.0005500008701346815     0.4040000140666962     6.447806835174561
673     -0.761534571647644      0.001268402440473437     0.4050000011920929     6.828903675079346
674     -0.7616987824440002      0.00241246516816318     0.4286666810512543     8.102846145629883
675     -0.7614164352416992      0.0003887987113557756     0.4266666769981384     7.4177565574646
676     -0.761726975440979      -0.001730735180899501     0.4246666729450226     7.588693141937256
677     -0.7617038488388062      0.00389606854878366     0.4189999997615814     7.087808132171631
678     -0.7612097263336182      0.002232467755675316     0.4059999883174896     6.844721794128418
679     -0.7615931034088135      -0.003397200489416718     0.4196666777133942     7.340262413024902
680     -0.7613434791564941      0.001199997146613896     0.4383333325386047     7.775112628936768
681     -0.7622785568237305      -0.001782064093276858     0.3993333280086517     6.763415336608887
682     -0.7610751390457153      -0.0003756675287149847     0.4306666553020477     7.316490173339844
683     -0.7612730860710144      0.000219199777347967     0.4009999930858612     7.12363338470459
684     -0.7614874839782715      0.0009473345126025379     0.4493333399295807     7.563111305236816
685     -0.7613157629966736      -0.003875469556078315     0.4410000145435333     6.891520023345947
686     -0.7617142200469971      0.00161919929087162     0.4066666662693024     8.415082931518555
687     -0.7612650394439697      -0.002028199611231685     0.418666660785675     7.644268035888672
688     -0.7611386775970459      0.003875466296449304     0.4213333427906036     6.964510917663574
689     -0.7614033818244934      0.001448334194719791     0.4636666774749756     8.450011253356934
690     -0.7614260315895081      0.0001189993199659511     0.4189999997615814     7.799553394317627
691     -0.7616481184959412      -0.0008243983029387891     0.4336666762828827     7.102665901184082
692     -0.76210618019104      -0.002614999189972878     0.4269999861717224     6.172722816467285
693     -0.7618719935417175      -0.00364953582175076     0.4216666519641876     6.979182243347168
694     -0.7616798281669617      -0.001215673168189824     0.406333327293396     8.146818161010742
695     -0.7617725133895874      0.003894067835062742     0.4256666600704193     7.728429794311523
696     -0.7611340284347534      -0.000255865859799087     0.3846666812896729     7.462069511413574
697     -0.761262059211731      -0.0006822684081271291     0.4040000140666962     7.244730949401855
698     -0.7620967626571655      -0.001298598130233586     0.4096666574478149     7.435324192047119
699     -0.7617271542549133      -0.001354267238639295     0.4043333232402802     7.433260917663574
700     -0.761580228805542      -0.0006490000523626804     0.3946666717529297     6.554044246673584
701     -0.7613105177879333      0.001541598816402256     0.440666675567627     8.223260879516602
702     -0.7618134617805481      -0.002620597369968891     0.4213333427906036     7.140681743621826
703     -0.7611567974090576      -0.003252597060054541     0.3926666676998138     7.228672027587891
704     -0.7617040872573853      -0.003513732925057411     0.4153333306312561     7.062132835388184
705     -0.761572003364563      -0.001495333388447762     0.4286666810512543     7.625160694122314
706     -0.7617321014404297      0.001531798508949578     0.4086666703224182     7.584312438964844
707     -0.7616153359413147      0.0005749333067797124     0.4213333427906036     7.721999168395996
708     -0.7615485787391663      0.0005618020077235997     0.4346666634082794     6.831661224365234
709     -0.7613619565963745      0.001614729408174753     0.4269999861717224     7.010855674743652
710     -0.7616559863090515      0.00123213860206306     0.4336666762828827     7.472183704376221
711     -0.7612290978431702      -0.001337733468972147     0.4370000064373016     7.341245651245117
712     -0.7616366147994995      0.003942268900573254     0.4129999876022339     7.879993915557861
713     -0.7613569498062134      -0.0004662653664126992     0.4436666667461395     7.241066455841064
714     -0.7614492774009705      -0.001152865821495652     0.4033333361148834     7.091370582580566
715     -0.7614620923995972      -0.003034534165635705     0.4356666803359985     6.545382976531982
716     -0.7611727714538574      0.00121280166786164     0.4463333189487457     7.054129600524902
717     -0.7613706588745117      0.001764934277161956     0.4056666791439056     6.885330677032471
718     -0.7617207169532776      -0.003796401899307966     0.4326666593551636     7.573660373687744
719     -0.7620789408683777      0.0003489332157187164     0.4206666648387909     7.595125675201416
720     -0.7612985968589783      -0.002291868673637509     0.4300000071525574     7.402254104614258
721     -0.7614986300468445      0.0005164684844203293     0.4123333394527435     8.145246505737305
722     -0.7611494660377502      -0.001228929730132222     0.4416666626930237     7.70414400100708
723     -0.7613442540168762      -0.001460268162190914     0.4033333361148834     8.731401443481445
724     -0.7613257765769958      0.002448732266202569     0.4099999964237213     7.785953998565674
725     -0.7620537877082825      0.0006434000679291785     0.445333331823349     8.068981170654297
726     -0.7614030838012695      5.493474964168854e-05     0.4236666560173035     7.061726570129395
727     -0.7612860798835754      0.0003300656098872423     0.4350000023841858     7.415055751800537
728     -0.7621565461158752      0.00372426537796855     0.4136666655540466     7.608300685882568
729     -0.7617172598838806      0.000291999545879662     0.4106666743755341     7.232419967651367
730     -0.7614498138427734      -0.003518199548125267     0.4486666619777679     7.837511539459229
731     -0.7617530822753906      -0.0009344680584035814     0.4469999969005585     6.870950698852539
732     -0.7619219422340393      0.0005554683739319444     0.4346666634082794     7.298434257507324
733     -0.7614300847053528      -0.003713070880621672     0.4269999861717224     7.359180927276611
734     -0.7615637183189392      -0.00138720462564379     0.4206666648387909     6.660383701324463
735     -0.7616472244262695      -0.0004442677891347557     0.4149999916553497     7.741365909576416
736     -0.7620208859443665      0.002449733670800924     0.421999990940094     7.492871761322021
737     -0.7617051601409912      -0.004383464343845844     0.4180000126361847     7.677542209625244
738     -0.7612103819847107      0.0001609350583748892     0.4366666674613953     8.82479190826416
739     -0.7616770267486572      -0.001199268852360547     0.3973333239555359     6.048003196716309
740     -0.7616229653358459      -0.00135986611712724     0.4289999902248383     8.196624755859375
741     -0.7615726590156555      0.001650135847739875     0.4386666715145111     7.461463451385498
742     -0.7616299390792847      0.000564733287319541     0.4066666662693024     6.092721939086914
743     -0.7612243890762329      -0.002434737281873822     0.3936666548252106     7.315195083618164
744     -0.761790931224823      0.003874733811244369     0.4486666619777679     6.531163215637207
745     -0.7615479230880737      0.005364002659916878     0.4539999961853027     7.169738292694092
746     -0.7610074281692505      -0.0001469919661758468     0.4173333346843719     7.78667688369751
747     -0.7615311145782471      0.007135121151804924     0.4339999854564667     7.220447063446045
748     -0.7612064480781555      0.001487267320044339     0.4230000078678131     7.483181476593018
749     -0.7621751427650452      0.003179464256390929     0.4026666581630707     7.192018032073975
750     -0.7615016102790833      -0.004145127721130848     0.4163333475589752     7.805459499359131
751     -0.7612064480781555      0.003354932181537151     0.4323333203792572     7.00531530380249
752     -0.7613786458969116      0.00256153242662549     0.4096666574478149     7.290632247924805
753     -0.7617033720016479      0.000146664518979378     0.4533333480358124     7.914414882659912
754     -0.7618314027786255      -0.005967797711491585     0.4263333380222321     7.325722217559814
755     -0.7612271904945374      -0.000703533471096307     0.3946666717529297     7.41716480255127
756     -0.7614089250564575      -0.001512799528427422     0.4723333418369293     7.984894752502441
757     -0.7619245052337646      -4.286569310352206e-05     0.4013333320617676     7.916715621948242
758     -0.7621446847915649      -0.000114269889309071     0.4486666619777679     7.992974758148193
759     -0.7616118788719177      0.00167113495990634     0.4356666803359985     6.87556266784668
760     -0.7613750696182251      0.002900931052863598     0.4410000145435333     7.08966588973999
761     -0.7622341513633728      -0.004114125389605761     0.4309999942779541     7.347370624542236
762     -0.7610867619514465      0.001859598211012781     0.4090000092983246     7.53495979309082
763     -0.7611765265464783      0.0009761359542608261     0.4339999854564667     7.303759574890137
764     -0.7614786028862      -0.002195330336689949     0.4196666777133942     8.000848770141602
765     -0.761681079864502      -0.0004999989760108292     0.4370000064373016     8.128387451171875
766     -0.7614483237266541      -0.002506063086912036     0.4396666586399078     8.383353233337402
767     -0.7616808414459229      -0.003334735287353396     0.4116666615009308     7.158449172973633
768     -0.7609764933586121      -0.004212529398500919     0.3973333239555359     7.866302013397217
769     -0.7619553804397583      0.001658199122175574     0.4313333332538605     7.038948059082031
770     -0.7617056369781494      0.01040366198867559     0.4026666581630707     6.594453811645508
771     -0.761643648147583      -0.0003050675732083619     0.4253333210945129     6.563713073730469
772     -0.7620759010314941      -0.0003193345328327268     0.4253333210945129     6.662672519683838
773     -0.761188805103302      -0.002452131826430559     0.4606666564941406     8.024120330810547
774     -0.7615373730659485      0.002381399739533663     0.4106666743755341     7.906829357147217
775     -0.761197566986084      -0.002360461978241801     0.4383333325386047     7.940808773040771
776     -0.7618936896324158      9.806526941247284e-05     0.4490000009536743     8.496293067932129
777     -0.7610702514648438      0.001050467370077968     0.4550000131130219     7.953099727630615
778     -0.7617822885513306      -0.0001017991307890043     0.4300000071525574     6.827381610870361
779     -0.7617045640945435      -0.0003162006614729762     0.4246666729450226     7.567119598388672
780     -0.7618130445480347      8.64646426634863e-05     0.4600000083446503     8.05778980255127
781     -0.7619598507881165      0.00297787063755095     0.39533331990242     6.961270809173584
782     -0.7619831562042236      0.001028795377351344     0.425000011920929     7.302185535430908
783     -0.7617042660713196      -0.001635727705433965     0.4443333446979523     6.66210412979126
784     -0.7615730166435242      -0.001634668675251305     0.4433333277702332     7.238619804382324
785     -0.7610266208648682      -0.0001493998715886846     0.4026666581630707     7.91450834274292
786     -0.7618308067321777      -0.006205386016517878     0.4473333358764648     7.65483570098877
787     -0.762060284614563      -0.004786267410963774     0.4056666791439056     7.42920970916748
788     -0.7622573971748352      -0.003776128171011806     0.4129999876022339     6.601318836212158
789     -0.7615162134170532      0.001841130899265409     0.4386666715145111     8.775748252868652
790     -0.7615445852279663      -0.002587406663224101     0.4370000064373016     7.633257865905762
791     -0.7620438933372498      0.0001676002138992772     0.4213333427906036     6.911166191101074
792     -0.7626312375068665      -0.002098930068314075     0.4490000009536743     6.795499324798584
793     -0.7612287402153015      -0.001509462250396609     0.4469999969005585     7.541018009185791
794     -0.7617053985595703      0.005960587877780199     0.4306666553020477     6.619485855102539
795     -0.7616399526596069      0.00238366867415607     0.437333345413208     6.350163459777832
796     -0.7617412805557251      -0.002539599547162652     0.4473333358764648     8.047301292419434
797     -0.761214017868042      -0.001781067228876054     0.4129999876022339     6.978232860565186
798     -0.7619014382362366      0.00502340029925108     0.3963333368301392     8.201755523681641
799     -0.7612810730934143      -7.786462811054662e-05     0.4490000009536743     7.77540111541748
800     -0.7616069316864014      -0.001269067404791713     0.4316666722297668     7.220818519592285
801     -0.7615748047828674      -0.0003990647674072534     0.4233333468437195     8.228361129760742
802     -0.7617064714431763      0.005276930052787066     0.4196666777133942     8.302083015441895
803     -0.7614105343818665      -0.004215537570416927     0.4353333413600922     7.620464324951172
804     -0.7614558935165405      3.613555963966064e-05     0.4120000004768372     7.499880790710449
805     -0.762209951877594      0.0002661287726368755     0.4099999964237213     6.927527904510498
806     -0.7620027661323547      0.005167739000171423     0.3976666629314423     7.674684047698975
807     -0.7612671852111816      -0.0003466663474682719     0.4269999861717224     7.508504390716553
808     -0.7617701888084412      0.003127400297671556     0.4210000038146973     6.673612117767334
809     -0.7614149451255798      0.0001168656017398462     0.4059999883174896     7.584762573242188
810     -0.7621780633926392      -0.004642065148800611     0.4516666531562805     7.109146595001221
811     -0.761650562286377      0.001760735176503658     0.3896666765213013     8.050638198852539
812     -0.7620344758033752      0.0007498023333027959     0.4216666519641876     6.599418640136719
813     -0.7614853382110596      -0.002992069814354181     0.434333324432373     6.548197269439697
814     -0.7612778544425964      0.004441268276423216     0.4026666581630707     6.485791683197021
815     -0.761922299861908      -0.0001476642937632278     0.4300000071525574     6.957392692565918
816     -0.7612956762313843      0.002966531086713076     0.4076666533946991     8.01023006439209
817     -0.7613354325294495      0.00307886628434062     0.4183333218097687     7.405654907226562
818     -0.7617876529693604      0.001654866384342313     0.3980000019073486     7.729126453399658
819     -0.7617167830467224      -0.008458525873720646     0.4216666519641876     7.667844295501709
820     -0.7612440586090088      0.003462073393166065     0.4386666715145111     7.588522911071777
821     -0.7619953751564026      0.005616138689219952     0.4443333446979523     7.362550258636475
822     -0.7614728212356567      0.002954066265374422     0.425000011920929     8.285447120666504
823     -0.7616444230079651      0.002659398829564452     0.425000011920929     6.495365142822266
824     -0.7616323828697205      0.0004437996249180287     0.4423333406448364     8.16321849822998
825     -0.7616074085235596      -0.004958071280270815     0.4046666622161865     7.869561195373535
826     -0.7617310285568237      0.005435195285826921     0.4449999928474426     8.30076789855957
827     -0.7616965174674988      -0.003226194065064192     0.4429999887943268     7.231406211853027
828     -0.762135922908783      -0.0001460676139686257     0.4236666560173035     6.539364814758301
829     -0.7611799836158752      -0.0009800016414374113     0.4266666769981384     7.033603668212891
830     -0.7617603540420532      -0.004515064414590597     0.4243333339691162     7.184726715087891
831     -0.7613146305084229      0.001939798938110471     0.3933333456516266     7.001796245574951
832     -0.7617549896240234      -0.002898933365941048     0.4513333439826965     7.355189323425293
833     -0.7622074484825134      5.473006240208633e-05     0.4253333210945129     7.331350803375244
834     -0.7614552974700928      0.0006329315365292132     0.4359999895095825     6.916623592376709
835     -0.76202392578125      0.006380871403962374     0.4050000011920929     7.329490184783936
836     -0.7616074085235596      -0.002419400261715055     0.4096666574478149     7.59119987487793
837     -0.7618335485458374      -0.003139069303870201     0.421999990940094     7.494532585144043
838     -0.761731743812561      -0.001021733973175287     0.4206666648387909     6.142533302307129
839     -0.7617581486701965      -0.001431264448910952     0.4116666615009308     7.503096580505371
840     -0.7613801956176758      -0.003505805972963572     0.4189999997615814     6.459794998168945
841     -0.7616420984268188      0.004882732406258583     0.4370000064373016     7.421426296234131
842     -0.7618078589439392      -0.002194068860262632     0.4393333196640015     7.198135852813721
843     -0.7616432309150696      -0.004365406464785337     0.4276666641235352     6.592799663543701
844     -0.7616426348686218      -0.0002075999800581485     0.4160000085830688     7.114434242248535
845     -0.761513888835907      -0.0007734678802080452     0.4253333210945129     7.924008369445801
846     -0.7612550258636475      0.003234541276469827     0.4370000064373016     7.313191413879395
847     -0.7619758248329163      0.005016393959522247     0.4029999971389771     7.476979732513428
848     -0.7618861198425293      0.001399599248543382     0.425000011920929     6.721789836883545
849     -0.7615880370140076      -0.0004106667765881866     0.4316666722297668     6.958519458770752
850     -0.7610890865325928      0.001871594460681081     0.4436666667461395     6.675283432006836
851     -0.7618449926376343      0.006633202079683542     0.4206666648387909     7.401120662689209
852     -0.7616719007492065      0.0002676687145140022     0.4116666615009308     8.116623878479004
853     -0.7617669105529785      0.002014865400269628     0.4093333184719086     7.161086082458496
854     -0.7613030076026917      0.0034952606074512     0.4323333203792572     7.343591690063477
855     -0.7613461017608643      0.0009133999119512737     0.4169999957084656     7.654460906982422
856     -0.7618388533592224      0.001122065121307969     0.4149999916553497     7.880798816680908
857     -0.7619239091873169      -0.001797266653738916     0.4429999887943268     7.725725173950195
858     -0.7614905834197998      -0.002248934470117092     0.4176666736602783     7.323849678039551
859     -0.7618308663368225      0.003624793607741594     0.4536666572093964     7.060890197753906
860     -0.761219322681427      -0.003368062432855368     0.4329999983310699     7.010529518127441
861     -0.7616548538208008      -0.000679738528560847     0.4289999902248383     6.888870239257812
862     -0.7616654634475708      0.006208394188433886     0.4156666696071625     7.169807434082031
863     -0.7614639401435852      -0.002542330184951425     0.4533333480358124     6.913764476776123
864     -0.7617343068122864      -0.00296286609955132     0.4166666567325592     7.595275402069092
865     -0.7610738277435303      -0.0001920000358950347     0.3959999978542328     7.310528755187988
866     -0.7611943483352661      -0.003123400965705514     0.4176666736602783     6.716068267822266
867     -0.7617548704147339      -0.001259331475012004     0.4233333468437195     7.51318359375
868     -0.7617374062538147      -0.0005660675233229995     0.4156666696071625     7.107687473297119
869     -0.7615253925323486      -0.003091533668339252     0.4076666533946991     7.043973922729492
870     -0.7618857622146606      -8.240011084126309e-05     0.4149999916553497     7.946778774261475
871     -0.7618891596794128      -0.006014470476657152     0.4193333387374878     7.116348266601562
872     -0.7616254687309265      0.0006271328311413527     0.3866666555404663     6.534791469573975
873     -0.7616764903068542      -0.002775396918877959     0.4196666777133942     7.609642028808594
874     -0.7619199752807617      0.003054735716432333     0.4133333265781403     7.804242610931396
875     -0.7615244388580322      -0.004227736964821815     0.4280000030994415     7.925918579101562
876     -0.7613440752029419      -0.001465667388401926     0.4006666541099548     7.310600280761719
877     -0.7614094018936157      0.0008376009645871818     0.4273333251476288     6.898847103118896
878     -0.7617961168289185      0.002402995945885777     0.4300000071525574     7.941522598266602
879     -0.7617818713188171      -0.003475934034213424     0.3959999978542328     7.895925998687744
880     -0.7619479894638062      0.0001138668885687366     0.4246666729450226     7.65589714050293
881     -0.7610832452774048      -0.002892995718866587     0.4213333427906036     8.247383117675781
882     -0.7615323066711426      -0.001920597278513014     0.4383333325386047     7.138286590576172
883     -0.7617356777191162      -0.001670467667281628     0.4226666688919067     7.609695911407471
884     -0.761216938495636      0.003579862648621202     0.4176666736602783     7.590085983276367
885     -0.7606152296066284      0.006127472501248121     0.4053333401679993     7.026212215423584
886     -0.7614814639091492      0.003776467405259609     0.4469999969005585     7.146520137786865
887     -0.7609783411026001      0.0007583999540656805     0.3910000026226044     6.28785228729248
888     -0.7614759206771851      -0.001335727400146425     0.4543333351612091     7.322425365447998
889     -0.7613897919654846      -0.001530934474430978     0.4370000064373016     7.735041618347168
890     -0.7615947127342224      0.00205226568505168     0.449999988079071     7.113733768463135
891     -0.7613069415092468      0.000861333217471838     0.4120000004768372     7.409561157226562
892     -0.7620364427566528      0.00420460244640708     0.4090000092983246     7.4755539894104
893     -0.7618728876113892      -0.001295933267101645     0.4156666696071625     8.535412788391113
894     -0.7613477110862732      0.004526590462774038     0.4386666715145111     7.88569974899292
895     -0.7617285251617432      0.001002667704597116     0.4496666789054871     7.638826847076416
896     -0.7618362903594971      -0.007855121046304703     0.4079999923706055     8.792593002319336
897     -0.7619130611419678      0.003858733223751187     0.4163333475589752     7.255051612854004
898     -0.7622063159942627      -0.002367797074839473     0.4503333270549774     7.353298187255859
899     -0.7615873217582703      0.0006334036006592214     0.4303333461284637     7.212070941925049
900     -0.7612552642822266      -0.001954203238710761     0.4083333313465118     8.185317993164062
901     -0.7615361213684082      0.0002143320016330108     0.4096666574478149     7.092410087585449
902     -0.7619926929473877      -0.002026734407991171     0.4236666560173035     7.550045013427734
903     -0.7620595097541809      0.002570731565356255     0.4070000052452087     6.584044933319092
904     -0.7612651586532593      0.0002964661980513483     0.4543333351612091     7.037875652313232
905     -0.7613272070884705      -0.002438799710944295     0.4216666519641876     7.202223300933838
906     -0.7615730166435242      0.002275667618960142     0.4350000023841858     7.6084303855896
907     -0.7614779472351074      0.0009694008040241897     0.425000011920929     7.292975902557373
908     -0.7613104581832886      0.001926139346323907     0.4309999942779541     7.778892040252686
909     -0.7618414163589478      0.002926999004557729     0.4213333427906036     8.060108184814453
910     -0.7623215317726135      -0.0008565981988795102     0.425000011920929     7.221591949462891
911     -0.7615735530853271      0.004161732736974955     0.4210000038146973     7.552597522735596
912     -0.7615015506744385      -0.00171840051189065     0.4329999983310699     8.758045196533203
913     -0.7614192962646484      -0.003533798968419433     0.4103333353996277     8.332355499267578
914     -0.7624417543411255      0.005817812401801348     0.401666671037674     7.763412952423096
915     -0.7614567279815674      -0.0009341325494460762     0.4346666634082794     6.73194408416748
916     -0.7615562081336975      -0.001080866204574704     0.4199999868869781     7.177685737609863
917     -0.7617230415344238      0.001267139101400971     0.4110000133514404     6.923786640167236
918     -0.7614231705665588      0.0003337331581860781     0.4283333420753479     7.11972188949585
919     -0.7614275813102722      0.001499402802437544     0.4203333258628845     6.647402763366699
920     -0.7615967392921448      -0.006044870242476463     0.4046666622161865     8.099912643432617
921     -0.7617575526237488      0.003675661748275161     0.4163333475589752     8.050512313842773
922     -0.761603832244873      0.000544333306606859     0.4256666600704193     6.879401683807373
923     -0.7612202763557434      -0.002636130433529615     0.4293333292007446     7.385458946228027
924     -0.7616877555847168      -0.001189397997222841     0.4566666781902313     6.674671649932861
925     -0.761746883392334      0.001012265682220459     0.4690000116825104     7.357951641082764
926     -0.7609841227531433      -0.0002887321461457759     0.4473333358764648     7.124038219451904
927     -0.7615873217582703      -0.005116730928421021     0.4113333225250244     6.4950852394104
928     -0.7619232535362244      -0.001698471023701131     0.4193333387374878     6.631980895996094
929     -0.7613309025764465      0.008158935233950615     0.4096666574478149     7.109472751617432
930     -0.7616576552391052      0.0006091338582336903     0.4136666655540466     7.058682918548584
931     -0.7616724371910095      0.002568066585808992     0.4243333339691162     8.588313102722168
932     -0.7614848613739014      -0.002894931472837925     0.4173333346843719     7.558719635009766
933     -0.7615772485733032      0.003185201901942492     0.3950000107288361     7.454668521881104
934     -0.7614919543266296      0.002956531243398786     0.4183333218097687     8.025065422058105
935     -0.7615405917167664      0.001218265038914979     0.406333327293396     6.587928295135498
936     -0.7613828182220459      -0.001004066900350153     0.4146666526794434     7.153095722198486
937     -0.7607985734939575      -0.0007767356000840664     0.3893333375453949     6.514695167541504
938     -0.7615981698036194      -0.0001986007846426219     0.4383333325386047     8.009167671203613
939     -0.7613873481750488      0.0005667329533025622     0.4456666707992554     6.666252613067627
940     -0.7612610459327698      -0.0008250668761320412     0.4146666526794434     7.245265483856201
941     -0.7618755102157593      -0.003433469217270613     0.4033333361148834     7.227314472198486
942     -0.7614873051643372      0.005468595307320356     0.4203333258628845     7.114477634429932
943     -0.7616832852363586      -0.004170267842710018     0.4323333203792572     6.107127666473389
944     -0.7616819739341736      -3.180488783982582e-05     0.4393333196640015     8.26404857635498
945     -0.761501133441925      0.004914931952953339     0.4176666736602783     6.910065650939941
946     -0.7610359787940979      -0.0001022671785904095     0.4346666634082794     6.624178409576416
947     -0.7617455124855042      0.0009275318589061499     0.4026666581630707     6.926455020904541
948     -0.7615522742271423      0.000706600840203464     0.4596666693687439     7.729451656341553
949     -0.7615039348602295      0.0006644006352871656     0.4203333258628845     7.276050567626953
950     -0.761644721031189      -0.0009646663093008101     0.4469999969005585     8.363290786743164
951     -0.7617537975311279      -0.0004399971221573651     0.4143333435058594     7.249683380126953
952     -0.7613561749458313      0.000695799186360091     0.4316666722297668     6.760134220123291
953     -0.7621802687644958      -0.002073267474770546     0.4110000133514404     5.486804008483887
954     -0.76125168800354      0.00188419665209949     0.4256666600704193     8.678580284118652
955     -0.7615899443626404      0.004611867014318705     0.4066666662693024     8.299606323242188
956     -0.7617009878158569      0.0004037358739878982     0.4000000059604645     7.863106250762939
957     -0.7618299126625061      0.001351997838355601     0.4193333387374878     8.026015281677246
958     -0.761467456817627      0.001750999595969915     0.4253333210945129     7.658008575439453
959     -0.7612718343734741      0.002750131068751216     0.4333333373069763     7.041155815124512
960     -0.761370837688446      0.0004664665902964771     0.4429999887943268     6.889661312103271
961     -0.7611085772514343      -0.003363141790032387     0.4103333353996277     6.660134792327881
962     -0.7617780566215515      -0.00233753421343863     0.3919999897480011     6.726389408111572
963     -0.7620173096656799      -0.004406125750392675     0.4036666750907898     7.438920497894287
964     -0.7612729668617249      0.002856864593923092     0.4160000085830688     6.265354156494141
965     -0.7616822719573975      -0.0003067961661145091     0.4046666622161865     7.112903594970703
966     -0.7611443400382996      0.001662600319832563     0.4193333387374878     7.218564510345459
967     -0.7615677118301392      0.0008804041426628828     0.4263333380222321     7.802986145019531
968     -0.7613461017608643      -0.005129198543727398     0.4496666789054871     6.615808486938477
969     -0.7618085145950317      -0.0003930657694581896     0.4053333401679993     7.222830295562744
970     -0.7615376710891724      -0.0003160014457534999     0.3886666595935822     6.775486946105957
971     -0.7615067362785339      0.0002544692251831293     0.418666660785675     7.605363368988037
972     -0.7620214223861694      -0.004030068870633841     0.4149999916553497     7.552430152893066
973     -0.7621203064918518      -0.004736538045108318     0.3723333477973938     6.81716775894165
974     -0.7616071701049805      0.0007743991445749998     0.4226666688919067     7.856112480163574
975     -0.7613126039505005      -0.00384946633130312     0.4336666762828827     6.71583080291748
976     -0.7618680596351624      -0.002729000523686409     0.4350000023841858     7.562860012054443
977     -0.7614604234695435      0.001780464546754956     0.4336666762828827     6.687747955322266
978     -0.7614535093307495      0.003241331316530704     0.4156666696071625     6.807369709014893
979     -0.7613739967346191      0.00231880322098732     0.4160000085830688     7.874674320220947
980     -0.7615854740142822      -0.00294433394446969     0.4339999854564667     8.539072036743164
981     -0.7622237205505371      0.00150406954344362     0.3759999871253967     6.406377792358398
982     -0.7615098357200623      -0.004625012166798115     0.4410000145435333     6.599024772644043
983     -0.7619105577468872      0.000547132920473814     0.4316666722297668     7.00529146194458
984     -0.7608734369277954      -0.001749798306263983     0.4306666553020477     5.758169174194336
985     -0.7613112926483154      0.001242198050022125     0.390666663646698     7.00712251663208
986     -0.7620250582695007      0.0008556695538572967     0.4473333358764648     7.055790424346924
987     -0.761684238910675      0.0004600005049724132     0.4226666688919067     6.93522834777832
988     -0.7613380551338196      -0.001667932141572237     0.4133333265781403     8.175954818725586
989     -0.7616251111030579      -0.0002546651230659336     0.4123333394527435     7.744836807250977
990     -0.7618882060050964      0.002696465235203505     0.425000011920929     7.458071708679199
991     -0.7614563703536987      -0.002088997978717089     0.4126666784286499     6.738391399383545
992     -0.7617256641387939      -0.001641058595851064     0.4210000038146973     6.671385288238525
993     -0.7614367008209229      0.006017194595187902     0.4199999868869781     7.59717321395874
994     -0.7617089152336121      0.0003822006692644209     0.4316666722297668     7.925743579864502
995     -0.7618790864944458      -0.004206072073429823     0.3876666724681854     7.283030033111572
996     -0.7612262368202209      0.00606760336086154     0.4383333325386047     7.182806015014648
997     -0.76132732629776      0.001921731978654861     0.4293333292007446     7.461477756500244
998     -0.76139235496521      -0.002082264982163906     0.4233333468437195     7.372376918792725
999     -0.7614268660545349      -0.002347595291212201     0.398333340883255     7.175122261047363
1000     -0.7622700929641724      -0.002711596200242639     0.4413333237171173     7.544087886810303
