# Simulazione modello di Ising 1D
# Mossa 	 Energia 	 Magnetizzazione 	 Calore specifico 	 Suscettività
1 -0.483711838722229 0.001628000405617058 0.2222602218389511 1.21269
2 -0.4817200303077698 -0.002276000566780567 0.2120845019817352 1.19399
3 -0.4802797138690948 -0.004376000724732876 0.208388164639473 1.50359
4 -0.4813840389251709 0.004927999805659056 0.2073190957307816 1.5411
5 -0.4839518666267395 0.006212001200765371 0.1975632011890411 1.45799
6 -0.4834720194339752 0.0005280005862005055 0.207327738404274 1.6159
7 -0.484504222869873 -0.01045199669897556 0.2198840230703354 1.69425
8 -0.4833679795265198 0.004431999754160643 0.2295922785997391 1.28683
9 -0.4837360680103302 0.003780002938583493 0.2211348861455917 1.75032
10 -0.4802238643169403 0.004247996490448713 0.2110197395086288 1.29711
11 -0.4847283065319061 0.004452002234756947 0.191516637802124 1.26506
12 -0.4809920787811279 0.006012003403156996 0.2070377469062805 1.68267
13 -0.4817758500576019 -0.010068004950881 0.216555580496788 1.33327
14 -0.4803199470043182 0.007076000329107046 0.2140841484069824 1.59951
15 -0.4805679321289062 -0.009419994428753853 0.2143827974796295 1.84363
16 -0.4813599288463593 -0.006667998619377613 0.2155470997095108 1.37807
17 -0.482127845287323 0.008260001428425312 0.2164084315299988 1.57085
18 -0.4832161366939545 0.006992003414779902 0.2030254602432251 1.75907
19 -0.4798720479011536 0.005223998334258795 0.1854484081268311 1.31351
20 -0.4835200607776642 -0.001404001144692302 0.2228012531995773 1.51397
21 -0.4850159287452698 -0.007511999923735857 0.2040988653898239 1.27416
22 -0.4834880232810974 -0.002355999080464244 0.2034755945205688 1.63988
23 -0.4831441938877106 0.002879998413845897 0.2152051627635956 1.29661
24 -0.4846240282058716 0.006772000342607498 0.2030687481164932 1.83522
25 -0.4820401668548584 -0.006484000477939844 0.1805877834558487 1.5108
26 -0.4844159781932831 0.001292001572437584 0.1965590566396713 1.42895
27 -0.4816079437732697 -0.0008760000928305089 0.2014975845813751 1.28054
28 -0.4808799624443054 0.002940000034868717 0.2105046808719635 1.49221
29 -0.4841437339782715 0.006516002118587494 0.1986063122749329 1.56558
30 -0.4836162030696869 0.002987999934703112 0.2295533269643784 1.27915
31 -0.4811199903488159 0.0007119982037693262 0.1981085687875748 1.749
32 -0.4808959066867828 0.002188000129535794 0.2120931595563889 1.45587
33 -0.4804000854492188 -0.009995998814702034 0.2229440957307816 1.49732
34 -0.4830078184604645 0.0008440017700195312 0.2138374447822571 1.46333
35 -0.4810082614421844 0.006564000621438026 0.2042157351970673 1.36943
36 -0.4824239015579224 -0.008260002359747887 0.200662225484848 1.3503
37 -0.4804401993751526 0.01189599558711052 0.2267399728298187 1.32666
38 -0.4837121367454529 0.01212400011718273 0.1995498687028885 1.47997
39 -0.4822722375392914 0.0009600019548088312 0.1969918608665466 1.37808
40 -0.4808878898620605 0.009351996704936028 0.1961002498865128 1.41434
41 -0.4836480915546417 6.800144910812378e-05 0.2333708554506302 1.31279
42 -0.482400119304657 -0.000468001002445817 0.1874307543039322 1.67904
43 -0.4820802807807922 -0.006452001165598631 0.1987058520317078 1.22711
44 -0.481448233127594 -0.008703996427357197 0.2051636129617691 1.39575
45 -0.4831601679325104 0.001923996605910361 0.2086997926235199 1.36236
46 -0.481656014919281 -0.003411998273804784 0.21452996134758 1.62813
47 -0.4842881262302399 0.006623998284339905 0.2245325595140457 1.38952
48 -0.4848479628562927 0.006028005853295326 0.2177242189645767 1.63371
49 -0.4814561605453491 0.002959997858852148 0.2482557147741318 1.6784
50 -0.4857520461082458 0.0002159983705496415 0.2072065621614456 1.70446
51 -0.4815279245376587 -0.009316002950072289 0.1899324953556061 1.34297
52 -0.4878721237182617 0.006604001391679049 0.2427328824996948 1.45086
53 -0.4821919202804565 -0.0001280026190215722 0.2070247679948807 1.44516
54 -0.4846318066120148 0.001124001224525273 0.2132920771837234 1.32083
55 -0.4835599660873413 -0.01254399493336678 0.2148675620555878 1.25938
56 -0.4815600514411926 0.00251200026832521 0.2210093587636948 1.34223
57 -0.4863681495189667 0.001899994211271405 0.1907635182142258 1.39189
58 -0.4827118813991547 -0.004375998862087727 0.2396814525127411 1.42728
59 -0.4838000535964966 -0.001344000338576734 0.1805271953344345 1.39794
60 -0.4811602532863617 -0.005384001880884171 0.1912049949169159 1.45013
61 -0.4840559959411621 0.002123999176546931 0.2135517746210098 1.45319
62 -0.4812081158161163 0.007672000210732222 0.2193906009197235 1.33395
63 -0.4805361032485962 0.00505200307816267 0.2255237251520157 1.75251
64 -0.4833919405937195 0.001880001160316169 0.2207842916250229 1.9963
65 -0.48484006524086 -0.00603199889883399 0.213015079498291 1.51832
66 -0.4821599423885345 0.005235997959971428 0.206137478351593 1.26653
67 -0.4842640161514282 -0.006228002719581127 0.2232167720794678 1.38887
68 -0.4794479310512543 -0.005120004527270794 0.19593146443367 1.60171
69 -0.4828559458255768 -0.004651999566704035 0.200064942240715 1.54173
70 -0.4818399548530579 0.009439998306334019 0.2000822424888611 1.44902
71 -0.4823040962219238 -0.003395999781787395 0.2194901406764984 1.60548
72 -0.4838000237941742 -0.0104199992492795 0.1920187026262283 1.62663
73 -0.4815596640110016 0.006827999837696552 0.2183258384466171 1.14126
74 -0.4813361763954163 0.009795995429158211 0.2175510823726654 1.46401
75 -0.4807679355144501 -0.004311999306082726 0.2236063033342361 1.69235
76 -0.4837356507778168 0.0179040003567934 0.2305271923542023 1.43126
77 -0.4789921641349792 0.008003996685147285 0.2294364720582962 1.40835
78 -0.4859040379524231 0.0008440000819973648 0.1949099898338318 1.3498
79 -0.4843519926071167 0.0003720010572578758 0.2186937481164932 1.56145
80 -0.4814801216125488 -0.0004879996995441616 0.2160708159208298 1.49002
81 -0.4848800301551819 -0.002500000176951289 0.2101714164018631 1.66333
82 -0.4862560331821442 -0.00128399976529181 0.2131449282169342 1.38043
83 -0.4815200865268707 0.001812002621591091 0.2044797539710999 1.40145
84 -0.4815521240234375 -0.001215999480336905 0.2286314219236374 1.53389
85 -0.4840879440307617 -0.007611997425556183 0.2241560071706772 1.19095
86 -0.4756157994270325 0.0007959990762174129 0.2169191539287567 1.38791
87 -0.4831041097640991 -0.00965999998152256 0.2228618413209915 1.4923
88 -0.4824319183826447 0.003159992629662156 0.2096866518259048 1.43005
89 -0.4826799929141998 -0.003791999304667115 0.2096650153398514 1.37243
90 -0.4805999994277954 -0.001363998162560165 0.1864525824785233 1.12564
91 -0.480560302734375 -5.848705963984457e-10 0.2150839865207672 1.21657
92 -0.4786239564418793 7.600041863042861e-05 0.1833622008562088 1.30917
93 -0.4837282299995422 0.004859999753534794 0.2162050008773804 1.3193
94 -0.4874399900436401 -0.003627999220043421 0.2154908329248428 1.65755
95 -0.4785922467708588 0.001539995428174734 0.2074705809354782 1.45769
96 -0.4851999580860138 0.002400000113993883 0.2026186138391495 1.53524
97 -0.4839119613170624 -0.004839999135583639 0.2040209621191025 1.62491
98 -0.4824883043766022 -0.004587997682392597 0.2076134234666824 1.1666
99 -0.4835761189460754 -0.003472000826150179 0.2149195075035095 1.48037
100 -0.4779841899871826 0.0009200007771141827 0.1910015642642975 1.61543
101 -0.4819200932979584 -0.00992799736559391 0.1971476972103119 1.60206
102 -0.4840960800647736 0.003991998266428709 0.2139153480529785 1.32556
103 -0.4836159646511078 -0.007111998740583658 0.2187067270278931 1.61517
104 -0.481696218252182 -0.0008759976481087506 0.2116516679525375 1.43683
105 -0.4801599979400635 0.0005000006058253348 0.2019866853952408 1.45271
106 -0.483968049287796 0.002019996289163828 0.2288002222776413 1.31482
107 -0.4827199280261993 -0.00258400128223002 0.1947671473026276 1.44822
108 -0.4827040135860443 -0.003480000421404839 0.2062240391969681 1.41039
109 -0.4810877740383148 -0.0004880013584624976 0.1863833218812943 1.52832
110 -0.4810959994792938 -0.006015995983034372 0.2211219072341919 1.37705
111 -0.4824482500553131 0.0002479999093338847 0.199796587228775 1.49885
112 -0.4827760457992554 -0.002708000829443336 0.2048995941877365 1.50695
113 -0.4830402135848999 -0.01011599693447351 0.2285881340503693 1.56329
114 -0.4833120405673981 -0.001907996716909111 0.200844019651413 1.56603
115 -0.4832321405410767 -0.003479997161775827 0.2460310012102127 1.45381
116 -0.4836162328720093 -0.0008440016536042094 0.2119632959365845 1.7434
117 -0.4834161400794983 -0.003788001602515578 0.2145862281322479 1.32671
118 -0.4785121381282806 -0.004764001350849867 0.2214205414056778 1.48518
119 -0.4814238548278809 -0.009168002754449844 0.2122446447610855 1.39842
120 -0.4809359312057495 0.00517999567091465 0.2199532687664032 1.52255
121 -0.4858800172805786 -0.008284002542495728 0.2114612311124802 1.62153
122 -0.4813359379768372 -0.003376003354787827 0.2384175956249237 1.54295
123 -0.4846238791942596 -0.000688002968672663 0.2099203616380692 1.52823
124 -0.4814399480819702 0.0113280052319169 0.2046398967504501 1.35809
125 -0.48021599650383 0.0009039996075443923 0.2304752469062805 1.8284
126 -0.4836642146110535 -0.001996000530198216 0.2061288207769394 1.37784
127 -0.4816161096096039 0.003395996289327741 0.2133916318416595 1.77046
128 -0.4819598495960236 0.002692000474780798 0.2012855112552643 1.59003
129 -0.482192188501358 -8.799911302048713e-05 0.2260734289884567 1.62639
130 -0.4842880666255951 -0.003475998062640429 0.1923216879367828 1.39613
131 -0.4805836379528046 0.006004007998853922 0.2242858409881592 1.29185
132 -0.4827682077884674 -0.001084003946743906 0.2032115757465363 1.71809
133 -0.483959972858429 0.009635998867452145 0.2150363624095917 1.80805
134 -0.4851600825786591 -0.004744000732898712 0.2016274482011795 1.70412
135 -0.4776078760623932 0.002148000057786703 0.216269925236702 1.46103
136 -0.4803760647773743 0.006340004038065672 0.2300900369882584 1.58397
137 -0.4833840429782867 0.00171200092881918 0.2346866428852081 1.30556
138 -0.4835680425167084 -0.004800001624971628 0.2134608775377274 1.52322
139 -0.4831602275371552 -0.01238000113517046 0.2025320380926132 1.62383
140 -0.4844321608543396 0.001900001079775393 0.2213512808084488 1.4514
141 -0.4827839434146881 0.006963999941945076 0.1882834136486053 1.63024
142 -0.4830962419509888 -0.00254400004632771 0.206267312169075 1.56758
143 -0.4849120378494263 -0.0004200005205348134 0.2058994323015213 1.47066
144 -0.4881680011749268 -0.004667998757213354 0.2235890030860901 1.47883
145 -0.4821601212024689 0.0008760003256611526 0.2149584591388702 1.5022
146 -0.4826959669589996 -0.0002480005496181548 0.2086738348007202 1.32744
147 -0.4861119389533997 0.008080003783106804 0.218421071767807 1.53467
148 -0.480440080165863 0.002559999004006386 0.2186028510332108 1.38736
149 -0.4825360774993896 -0.006716003641486168 0.2212301045656204 1.44803
150 -0.4833360612392426 0.004971999209374189 0.2043888568878174 1.68712
151 -0.4847281575202942 0.004287999123334885 0.2052545100450516 1.90833
152 -0.4801198840141296 -0.007468001917004585 0.2213686108589172 1.47581
153 -0.4823360741138458 0.00607600063085556 0.2008483409881592 1.58258
154 -0.4807603657245636 -0.004152001347392797 0.1929579526185989 2.02332
155 -0.4827919900417328 0.006468002684414387 0.2297697514295578 1.40507
156 -0.481968104839325 0.004835999570786953 0.2357643842697144 1.61611
157 -0.484464019536972 0.006268005352467299 0.200177475810051 1.57933
158 -0.4792240262031555 -0.01309600099921227 0.1969832181930542 1.62689
159 -0.4816961884498596 0.006299998611211777 0.2022766768932343 1.61092
160 -0.4816001057624817 0.001500001177191734 0.233509361743927 1.65607
161 -0.4817600548267365 -0.009475994855165482 0.1929838955402374 1.42989
162 -0.4842322170734406 -0.001108000986278057 0.2211695164442062 1.60754
163 -0.481975793838501 -0.01037600450217724 0.2070464193820953 1.59386
164 -0.4809522032737732 0.008696004748344421 0.2123052328824997 1.31334
165 -0.4815040230751038 -0.004235999193042517 0.2045533359050751 1.45301
166 -0.4840640723705292 0.001068000332452357 0.2175943553447723 1.46851
167 -0.4831759035587311 -0.001283998717553914 0.2231734991073608 1.45824
168 -0.4853841960430145 -0.004967998247593641 0.2209227979183197 1.58914
169 -0.4821041226387024 -0.007180002052336931 0.248796746134758 1.40357
170 -0.4809838831424713 -0.0001399998436681926 0.2123485207557678 1.50122
171 -0.4817599654197693 -0.001059999107383192 0.1898805499076843 1.90992
172 -0.4796080589294434 -0.008544002659618855 0.1912309676408768 1.42423
173 -0.4804241955280304 -0.009744003415107727 0.2206501215696335 1.35132
174 -0.4815361499786377 -0.004100000485777855 0.2198970019817352 1.3532
175 -0.4846402406692505 0.004459998570382595 0.1905167996883392 1.38256
176 -0.4824078381061554 -0.001179999322630465 0.2035924643278122 1.30121
177 -0.4804081320762634 0.00467199832201004 0.2031120359897614 1.28877
178 -0.4819999933242798 -0.00150000024586916 0.2162352949380875 1.41116
179 -0.4815840721130371 -0.006523997522890568 0.230042427778244 1.54962
180 -0.4840239286422729 -0.0007799997110851109 0.2243854105472565 1.28548
181 -0.4827839136123657 0.003060000017285347 0.2185595631599426 1.48861
182 -0.4810959100723267 -0.008423998020589352 0.1934989839792252 1.35717
183 -0.4824160933494568 -0.001844000653363764 0.2187326997518539 1.48371
184 -0.4823041260242462 -0.005940003786236048 0.2390798181295395 1.50181
185 -0.4810559451580048 -0.0006119975005276501 0.2104787081480026 1.49269
186 -0.4823279678821564 0.002048000227659941 0.2137725204229355 1.61943
187 -0.4820318818092346 -0.001504000858403742 0.2326437085866928 1.19082
188 -0.4843439161777496 -0.002292000222951174 0.193840891122818 1.393
189 -0.4807997047901154 0.0003320000832900405 0.2223165035247803 1.51829
190 -0.4860880970954895 0.007551999762654305 0.2019780278205872 1.33539
191 -0.4836801290512085 0.0043519944883883 0.2027051746845245 1.75732
192 -0.484744131565094 -0.006464000325649977 0.2031293362379074 1.5649
193 -0.4815841913223267 0.006811999715864658 0.2096952944993973 1.28922
194 -0.4819201529026031 0.01055599935352802 0.181102842092514 1.44779
195 -0.4839598834514618 -0.003608000930398703 0.2324143052101135 1.38684
196 -0.4826722145080566 0.0005840009544044733 0.1920187026262283 1.48843
197 -0.4825598895549774 0.002792001469060779 0.2355955839157104 1.54934
198 -0.484063982963562 -0.0006359994295053184 0.2253376096487045 1.40858
199 -0.4832162261009216 -0.00077599729411304 0.2076263874769211 1.3294
200 -0.48527991771698 -0.001707999501377344 0.2156639695167542 1.39133
201 -0.4838559925556183 -0.005116001702845097 0.2229267656803131 1.59803
202 -0.4827441573143005 0.007111998274922371 0.2228705137968063 1.59152
203 -0.4832640886306763 0.002303998451679945 0.2334704101085663 1.30591
204 -0.4843440055847168 -0.01071600336581469 0.2265451997518539 1.26994
205 -0.4808081388473511 0.005772001575678587 0.2286487221717834 1.59063
206 -0.4820399582386017 0.01307599619030952 0.180237203836441 1.37354
207 -0.4817041754722595 0.004512000363320112 0.2121494263410568 1.22843
208 -0.4823198914527893 0.003019999247044325 0.213595062494278 1.59204
209 -0.4830082952976227 0.002611999865621328 0.2131925374269485 1.49284
210 -0.4793280959129333 0.003848000662401319 0.2174904942512512 1.70224
211 -0.4835358858108521 -0.002763998229056597 0.2218057513237 1.53124
212 -0.4832078814506531 -0.0003480006998870522 0.1837950348854065 1.2481
213 -0.4804398417472839 -0.01235600840300322 0.2047913819551468 1.48527
214 -0.4820160567760468 -0.00514800101518631 0.1946546137332916 1.80323
215 -0.4807443618774414 -0.01289200223982334 0.2233249843120575 1.30648
216 -0.4826322197914124 0.001696000341325998 0.2047437727451324 1.55572
217 -0.4830561280250549 0.008819999173283577 0.2122359871864319 1.2812
218 -0.480623871088028 -0.009903999045491219 0.2006232738494873 1.63372
219 -0.4803919494152069 0.004780001007020473 0.2140235602855682 1.03893
220 -0.4873840510845184 5.200002487981692e-05 0.1843923181295395 1.84293
221 -0.4819362461566925 0.009812003001570702 0.2159193307161331 1.66252
222 -0.4829360544681549 -0.0001480001956224442 0.2219182848930359 1.51994
223 -0.4838959574699402 -0.003675998887047172 0.226151317358017 1.83246
224 -0.483519971370697 0.002408001106232405 0.2148718982934952 1.51886
225 -0.4833918809890747 -0.002767998492345214 0.2202432602643967 1.76452
226 -0.4825198650360107 -0.005271998699754477 0.2157505303621292 1.51033
227 -0.4818160533905029 0.003916001878678799 0.2133743166923523 1.22355
228 -0.484736293554306 0.001036000205203891 0.1869676411151886 1.36413
229 -0.4830881059169769 0.001408001058734953 0.2104008048772812 1.44031
230 -0.4828722178936005 -0.00271599879488349 0.2159972339868546 1.59716
231 -0.4839282035827637 0.001247996813617647 0.198580339550972 1.33999
232 -0.4804081618785858 0.008891998790204525 0.2127207517623901 1.59022
233 -0.4845122098922729 -0.00467200018465519 0.2284496277570724 1.66978
234 -0.4831840395927429 0.01052400283515453 0.2005670219659805 1.54735
235 -0.4797041416168213 0.002028000308200717 0.1854787170886993 1.43278
236 -0.4817920923233032 0.009304005652666092 0.2096952944993973 1.7938
237 -0.4826961755752563 -0.001299998024478555 0.2242209315299988 1.46667
238 -0.4822319746017456 0.006371998693794012 0.2030817270278931 1.32357
239 -0.4848564565181732 -0.007131999358534813 0.2103315591812134 1.68214
240 -0.4842402637004852 -0.0003119999310001731 0.198467805981636 1.39939
241 -0.4858241081237793 0.005784002132713795 0.1823796778917313 1.23518
242 -0.4802559316158295 -0.003459998406469822 0.1960829496383667 1.45005
243 -0.4817841053009033 0.009144001640379429 0.201653391122818 1.6694
244 -0.4813118577003479 0.001052000094205141 0.2404042631387711 1.46168
245 -0.481944352388382 -0.003336000954732299 0.2115954160690308 1.81353
246 -0.4767518937587738 0.003216000040993094 0.2078384906053543 1.43846
247 -0.4799597561359406 0.002431999426335096 0.2070247679948807 1.41503
248 -0.484815776348114 0.004371997434645891 0.1815010458230972 1.36725
249 -0.4832078516483307 -0.00498800165951252 0.2264370024204254 1.50041
250 -0.4822720289230347 0.002007998060435057 0.2127813398838043 1.48126
251 -0.4845601618289948 -0.005364003125578165 0.2305055558681488 1.55747
252 -0.4804720878601074 0.00264800013974309 0.2064794152975082 1.3338
253 -0.4834640920162201 -0.001151999575085938 0.1966542601585388 1.52619
254 -0.4839760661125183 -0.002036001067608595 0.2028782963752747 1.77635
255 -0.4826080203056335 0.0003079976595472544 0.2199229747056961 1.54848
256 -0.4807922542095184 -0.001239994657225907 0.2127986550331116 1.65112
257 -0.4822878837585449 0.01090400293469429 0.1965676993131638 1.19133
258 -0.4797120988368988 0.01111601479351521 0.1968663483858109 1.30918
259 -0.4820080697536469 0.004551999736577272 0.2182479351758957 1.37805
260 -0.4854481816291809 0.0006439993740059435 0.1954207122325897 1.45262
261 -0.4808559715747833 -0.0001480000064475462 0.2184773236513138 1.41466
262 -0.4817520678043365 0.002072000643238425 0.2170533239841461 1.52954
263 -0.4815840423107147 -0.005175998900085688 0.2262811809778214 1.42314
264 -0.4822160303592682 0.002884000074118376 0.1994892656803131 1.30323
265 -0.4846160709857941 0.004532000981271267 0.1850458830595016 1.22286
266 -0.4836878776550293 -0.007080003619194031 0.2174428701400757 1.33678
267 -0.4824799299240112 -0.008128004148602486 0.2326653450727463 1.30301
268 -0.484384149312973 -0.001919999136589468 0.2538651525974274 1.44971
269 -0.481391966342926 0.003951998427510262 0.2334704101085663 1.49627
270 -0.4831439256668091 -0.01152399927377701 0.2056137472391129 1.10082
271 -0.4833759665489197 0.0006159976474009454 0.2263028174638748 1.81535
272 -0.4815441370010376 0.003123998641967773 0.211331382393837 1.39076
273 -0.48387211561203 -0.0003600005293264985 0.2120888233184814 1.40113
274 -0.4858399331569672 -0.007647998165339231 0.196260392665863 1.53257
275 -0.4853599071502686 -0.0004799999878741801 0.2168022990226746 1.24806
276 -0.4812879860401154 -0.0008359968778677285 0.2095957547426224 1.51506
277 -0.4853759706020355 -0.004044000525027514 0.2280254662036896 1.5224
278 -0.4834477603435516 0.003863999852910638 0.22583968937397 1.56045
279 -0.4825199544429779 -0.003887998638674617 0.2428713887929916 1.7321
280 -0.4840002655982971 0.003872001310810447 0.2425640672445297 1.55081
281 -0.4827120304107666 -0.005111999809741974 0.1915858834981918 1.41729
282 -0.4832321107387543 0.003516000462695956 0.204990491271019 1.32331
283 -0.478975921869278 0.006452001631259918 0.2266404330730438 1.45103
284 -0.4844878613948822 0.001623999327421188 0.1990953981876373 1.68942
285 -0.4830079078674316 -0.01064399909228086 0.21936896443367 1.72068
286 -0.4816400408744812 -0.004991998896002769 0.2224290370941162 1.58524
287 -0.48085618019104 -0.007068001199513674 0.2138590812683105 1.4818
288 -0.4811359941959381 -0.007579997647553682 0.1943732798099518 1.76458
289 -0.4847840964794159 0.01086399611085653 0.2266014665365219 1.44778
290 -0.4834319055080414 0.001032002503052354 0.2282721698284149 1.89792
291 -0.4826400578022003 0.002707999665290117 0.2072758078575134 1.37751
292 -0.4854639172554016 0.001704002264887094 0.2172307819128036 1.40057
293 -0.4837360084056854 -0.007035998161882162 0.1944728195667267 1.4857
294 -0.480783998966217 0.005479998886585236 0.2116819769144058 1.37109
295 -0.4820720255374908 -0.005092000123113394 0.2010907232761383 1.48022
296 -0.4840241074562073 -0.002091998467221856 0.2122749537229538 1.66555
297 -0.4834159314632416 0.00243599689565599 0.2214335352182388 1.69078
298 -0.4808720648288727 0.0004159985110163689 0.2261946052312851 1.44876
299 -0.4816961288452148 -0.006376001518219709 0.1894001215696335 1.71812
300 -0.4812799990177155 -0.00301999831572175 0.2151272594928741 1.4916
301 -0.4802722334861755 -0.01038399990648031 0.197234258055687 1.40637
302 -0.4806001484394073 0.001203997991979122 0.1895386129617691 1.73652
303 -0.4832802414894104 -0.001952001126483083 0.2172567546367645 1.29106
304 -0.4790242314338684 0.003411999670788646 0.2111798822879791 1.49344
305 -0.4833279550075531 -0.006788000464439392 0.2233509570360184 1.4235
306 -0.4838721454143524 0.005995999556034803 0.214542955160141 1.50817
307 -0.4823758602142334 -0.0007159998058341444 0.2204034179449081 1.42606
308 -0.4820400476455688 0.004375998396426439 0.2117901742458344 1.8114
309 -0.4824481308460236 -0.008724003098905087 0.2024584710597992 1.72402
310 -0.4816640913486481 1.200014503410785e-05 0.2031596302986145 1.51225
311 -0.4866398274898529 0.01263199653476477 0.2285491824150085 1.47175
312 -0.4815282821655273 0.001832001260481775 0.1950831115245819 1.24365
313 -0.4817841053009033 -0.0002440001408103853 0.2292590141296387 1.5068
314 -0.4793039560317993 0.01392399333417416 0.2062846422195435 1.37719
315 -0.4838398993015289 -0.004771999549120665 0.1904994994401932 1.28366
316 -0.4831359684467316 0.003043998731300235 0.2149844318628311 1.54568
317 -0.4794323146343231 -0.001599998911842704 0.2292114049196243 1.66473
318 -0.4798802137374878 0.0001840072363847867 0.2337950319051743 1.81442
319 -0.4806480407714844 -0.008831999264657497 0.2203990817070007 1.50906
320 -0.4853762090206146 -0.0002279985783388838 0.1912699192762375 1.73848
321 -0.4807039201259613 -0.0009200007189065218 0.2076956480741501 1.42782
322 -0.4809598624706268 0.0017079992685467 0.2211175709962845 1.45856
323 -0.4853278696537018 0.005983999464660883 0.2304060012102127 1.74838
324 -0.483008086681366 -0.005960003007203341 0.2004977613687515 1.35291
325 -0.4824878573417664 -0.004275999963283539 0.202527716755867 1.32451
326 -0.4793360233306885 0.01056400034576654 0.2300640642642975 1.24958
327 -0.4802560806274414 0.004792001564055681 0.1990737617015839 1.43271
328 -0.4813119769096375 -0.002791999606415629 0.2119762897491455 1.49377
329 -0.4839282929897308 6.400082929758355e-05 0.2125432938337326 1.56071
330 -0.4825519919395447 0.002312000375241041 0.2318300008773804 1.45925
331 -0.481751948595047 -0.0005079974653199315 0.204129159450531 1.41536
332 -0.4846881330013275 -0.002279999665915966 0.2199619263410568 1.46433
333 -0.482408195734024 -0.0002399995573796332 0.2147810012102127 1.36946
334 -0.4847521185874939 -0.004336004611104727 0.2026878446340561 1.30727
335 -0.4819921255111694 -0.001191999530419707 0.2141923457384109 1.45774
336 -0.4812560379505157 0.0003079970192629844 0.2077995240688324 1.56638
337 -0.4833518266677856 -0.005295997485518456 0.2019520550966263 1.2902
338 -0.4830960631370544 -0.005768000148236752 0.2019953280687332 1.55237
339 -0.4815840125083923 -0.0002400011726422235 0.2093317210674286 1.47475
340 -0.4874319434165955 -0.007139996625483036 0.2146901041269302 1.63631
341 -0.4801918566226959 -0.003356000874191523 0.2231345325708389 1.52891
342 -0.4831520617008209 0.003491999581456184 0.1916594654321671 1.56208
343 -0.48198401927948 0.005187998991459608 0.2077778726816177 2.02928
344 -0.480335921049118 0.001403998699970543 0.2073796838521957 1.40016
345 -0.4876481592655182 -0.0001800013997126371 0.2150060683488846 1.45936
346 -0.4828323125839233 0.007703999057412148 0.2131362557411194 1.54063
347 -0.4833523035049438 0.0009919987060129642 0.2208232432603836 1.37153
348 -0.485296368598938 0.005539997480809689 0.203943058848381 1.59433
349 -0.4798403978347778 0.005392000544816256 0.2002337276935577 1.43053
350 -0.4828960299491882 0.002819998655468225 0.2037829011678696 1.39468
351 -0.4829280078411102 -0.003340004244819283 0.2314707487821579 1.6686
352 -0.4823842942714691 0.007327990606427193 0.2200571447610855 1.48402
353 -0.4828722178936005 0.001243999227881432 0.2169061750173569 1.42832
354 -0.4818163514137268 0.004184000194072723 0.2098987251520157 1.52773
355 -0.4795280694961548 0.003883998608216643 0.2008916288614273 1.5598
356 -0.4836401343345642 0.002124001504853368 0.1933171898126602 1.50578
357 -0.4823200404644012 -0.003431997029110789 0.2144996672868729 1.15333
358 -0.4818638563156128 0.001203999039717019 0.2029129266738892 1.41702
359 -0.4833679497241974 3.999408363597468e-06 0.2432176321744919 1.29483
360 -0.4851520359516144 -0.004351997748017311 0.2117339223623276 1.44379
361 -0.4810318350791931 0.001023999531753361 0.219680592417717 1.5461
362 -0.481920063495636 0.0008200006559491158 0.2203125208616257 1.61318
363 -0.4810080826282501 -0.004899998661130667 0.2123009115457535 1.45864
364 -0.482880026102066 0.008475998416543007 0.2148978561162949 1.17677
365 -0.4797038435935974 0.007792000193148851 0.2197887897491455 1.307
366 -0.4855600297451019 -0.008279998786747456 0.2127813398838043 1.51373
367 -0.4837039411067963 -1.999894811888225e-05 0.1942391097545624 1.21264
368 -0.4812162816524506 0.006600001361221075 0.1954120695590973 1.36294
369 -0.4836957156658173 0.006503998301923275 0.2260258048772812 1.6019
370 -0.4851440489292145 0.006852003745734692 0.2184383720159531 1.45713
371 -0.4825200438499451 0.004751999396830797 0.1896771192550659 1.59505
372 -0.4830399453639984 0.003147999988868833 0.2437370270490646 1.85851
373 -0.4827678799629211 0.0005399982328526676 0.2184124141931534 1.47087
374 -0.4838639497756958 0.005795998964458704 0.2037569433450699 1.36133
375 -0.4838559329509735 -0.001903999247588217 0.1940919458866119 1.42951
376 -0.4841441512107849 0.003999999724328518 0.2027181535959244 1.503
377 -0.484639972448349 -0.0003159996995236725 0.2277874201536179 1.48821
378 -0.484360009431839 -0.005463998299092054 0.1823277473449707 1.56532
379 -0.4840480089187622 -0.00176399911288172 0.211487203836441 1.6219
380 -0.4829041361808777 -0.0005799998762086034 0.1902268081903458 1.38118
381 -0.4846401512622833 0.001608000602573156 0.2193602919578552 1.50788
382 -0.4834399819374084 0.003847999731078744 0.2009738683700562 1.64241
383 -0.481112003326416 0.01116000395268202 0.2082193642854691 1.47744
384 -0.4813681542873383 -0.002808001125231385 0.2267616093158722 1.29354
385 -0.4805282056331635 -0.001784000312909484 0.2238227277994156 1.45696
386 -0.479928195476532 -0.001124000526033342 0.2206414639949799 1.46936
387 -0.4817360937595367 -0.002468000631779432 0.1984418332576752 1.57164
388 -0.482912003993988 -0.006759996060281992 0.2179968953132629 1.71184
389 -0.4842800199985504 0.008603999391198158 0.1964724957942963 1.55422
390 -0.4810640811920166 0.0008439967059530318 0.2067953646183014 1.30744
391 -0.4818162620067596 -0.002328000729903579 0.2057046443223953 1.44863
392 -0.480960339307785 0.0004000028420705348 0.2120715230703354 1.52461
393 -0.4830241799354553 -0.003724004840478301 0.2088902443647385 1.60502
394 -0.4811281859874725 0.00684799998998642 0.2161270976066589 1.7794
395 -0.4845279455184937 -0.005252002272754908 0.2280384451150894 1.47369
396 -0.4816001355648041 0.0027879998087883 0.2172697484493256 1.38747
397 -0.4874639511108398 -0.0006080007879063487 0.2279994934797287 1.36617
398 -0.4824080467224121 0.003659996669739485 0.1912093162536621 1.84364
399 -0.4813680648803711 -0.0001560012315167114 0.2271338403224945 1.58638
400 -0.4823521971702576 0.006495999172329903 0.2170143723487854 1.59914
401 -0.48660808801651 -0.0003960001922678202 0.2297870665788651 1.56865
402 -0.4859997034072876 0.000463998963823542 0.18929623067379 1.62101
403 -0.4839361608028412 -0.001475997734814882 0.2227796167135239 1.37956
404 -0.4821920394897461 -0.006432000081986189 0.2255237251520157 1.40517
405 -0.4803842306137085 -0.009792003780603409 0.2360543757677078 1.5233
406 -0.4846799075603485 -0.0004799996968358755 0.2154432237148285 1.57256
407 -0.4838959872722626 -0.005927999969571829 0.2181224226951599 1.43326
408 -0.4829919636249542 0.01144400238990784 0.2438582181930542 1.38889
409 -0.4826401770114899 0.00276800082065165 0.2315270304679871 1.70366
410 -0.4835519194602966 -0.001284000347368419 0.1983639299869537 1.70404
411 -0.4837760329246521 0.001440001535229385 0.2168152779340744 1.62528
412 -0.4820561110973358 0.007315999362617731 0.1892313063144684 1.54395
413 -0.4821919202804565 -0.01081600598990917 0.2029129266738892 1.31803
414 -0.4823280572891235 -0.004376002121716738 0.2096563428640366 1.26524
415 -0.4826719462871552 -0.0001759984152158722 0.1942131370306015 1.47222
416 -0.4817361831665039 -0.005479997489601374 0.1894563734531403 1.53125
417 -0.4828241765499115 0.005204001441597939 0.2057738900184631 1.35368
418 -0.4841917157173157 -0.01431598886847496 0.2230263203382492 1.45334
419 -0.4799041748046875 0.005656000226736069 0.2110327333211899 1.23982
420 -0.4828000962734222 0.001260001095943153 0.2239352613687515 1.58384
421 -0.4811279475688934 -0.002764000557363033 0.2129717916250229 1.44057
422 -0.486384242773056 0.001364000025205314 0.1950355023145676 1.33443
423 -0.4793921113014221 -0.004455999471247196 0.2310725599527359 1.39441
424 -0.4839521050453186 0.001796002849005163 0.2169018387794495 1.56254
425 -0.4817598760128021 0.008596001192927361 0.2278609871864319 1.65498
426 -0.4832638204097748 0.003675999352708459 0.209548145532608 1.56702
427 -0.4821281135082245 0.002055996563285589 0.1939577609300613 1.38791
428 -0.4837679266929626 0.003604001365602016 0.2180877774953842 1.30767
429 -0.4822481274604797 -0.006791997235268354 0.2219832092523575 1.28389
430 -0.4833601713180542 -0.003431998658925295 0.1931397318840027 1.35229
431 -0.478984147310257 -0.01099599711596966 0.2038218528032303 1.48768
432 -0.4853281676769257 0.01371599268168211 0.2171096056699753 1.72177
433 -0.4852562844753265 0.0006920016021467745 0.2267356365919113 1.63891
434 -0.4804959893226624 0.008276002481579781 0.227648913860321 1.48902
435 -0.4817440807819366 0.00113200128544122 0.1948017776012421 1.72251
436 -0.4828720092773438 -0.009420000016689301 0.2034236639738083 1.69914
437 -0.480991929769516 0.009920001029968262 0.1981951296329498 1.73065
438 -0.4802880585193634 0.005079999566078186 0.1934470385313034 1.33779
439 -0.4821521937847137 -0.005455995444208384 0.1938495635986328 1.82383
440 -0.4822561144828796 0.001852000365033746 0.2181743532419205 1.34401
441 -0.4847599864006042 0.002743998542428017 0.2283111214637756 1.47782
442 -0.4824319183826447 0.003872002009302378 0.2259262502193451 1.42945
443 -0.4816718995571136 0.006887999828904867 0.2140451967716217 1.45909
444 -0.4834640324115753 0.003543999046087265 0.1991689950227737 1.41068
445 -0.4814721345901489 -0.0001960004010470584 0.2349420189857483 1.45161
446 -0.4833759963512421 -0.004507998935878277 0.2072931230068207 1.31766
447 -0.4835120737552643 -3.600053605623543e-05 0.2250216454267502 1.31708
448 -0.4820401966571808 -0.002404002239927649 0.1953904181718826 1.66448
449 -0.482088178396225 0.006843999028205872 0.2211219072341919 1.51927
450 -0.4804559946060181 -0.002656001597642899 0.2217581421136856 1.32999
451 -0.4848719835281372 0.001604000804945827 0.1932609081268311 1.56818
452 -0.4809363186359406 0.005564000923186541 0.2151489108800888 1.53273
453 -0.4830881655216217 0.007836000062525272 0.2015192210674286 1.40063
454 -0.4827119112014771 -0.001255998737178743 0.1991213709115982 1.611
455 -0.4824960231781006 -0.002751999767497182 0.2201913148164749 1.49287
456 -0.483936071395874 -0.007387996651232243 0.1994200348854065 1.37564
457 -0.4830160140991211 -0.002607998438179493 0.2182133048772812 1.78783
458 -0.4825360178947449 0.002283999230712652 0.1942044794559479 1.5801
459 -0.4838401079177856 -0.008791998028755188 0.2176333218812943 1.56803
460 -0.483424186706543 -0.009611998684704304 0.2165252864360809 1.78048
461 -0.4860158860683441 0.002500005764886737 0.2084920555353165 1.37331
462 -0.4822482764720917 0.007576000411063433 0.2027744352817535 1.55675
463 -0.4832316935062408 -0.002499999944120646 0.1970221698284149 1.49083
464 -0.4846800267696381 -0.005528000649064779 0.2172437757253647 1.47702
465 -0.4859041571617126 -0.003087999764829874 0.2078427970409393 1.74945
466 -0.4834560453891754 0.002451998181641102 0.2020429521799088 1.60668
467 -0.4845838844776154 -0.003528000321239233 0.2273848950862885 1.35232
468 -0.4805039167404175 0.0009040000149980187 0.1961218863725662 1.53554
469 -0.4821921586990356 0.0007919996860437095 0.2114309370517731 1.78902
470 -0.4831120371818542 -0.0004679996054619551 0.2315616458654404 1.70357
471 -0.481464147567749 -0.005455997306853533 0.1941611915826797 1.37249
472 -0.4814079999923706 -0.006391999777406454 0.213088646531105 1.41786
473 -0.4862402379512787 0.007596005219966173 0.2067390978336334 1.49711
474 -0.4836081564426422 -0.0004680016136262566 0.2035664916038513 1.31691
475 -0.4812721610069275 -0.0004959995276294649 0.1973294764757156 1.33913
476 -0.4830880463123322 -0.001588000333867967 0.2032678425312042 1.22171
477 -0.479216068983078 -0.005923999473452568 0.2242555469274521 1.20606
478 -0.481847733259201 0.004908000119030476 0.1937932819128036 1.24175
479 -0.4834399521350861 -0.007732000667601824 0.2090720385313034 1.35156
480 -0.4815440475940704 -0.009315998293459415 0.2020775824785233 1.42543
481 -0.4837762117385864 0.002455997047945857 0.2086997926235199 1.33128
482 -0.4797602295875549 0.0002120002318406478 0.2246450930833817 1.52631
483 -0.4832083582878113 -0.002356000477448106 0.2273459285497665 1.49411
484 -0.4798401296138763 -0.002300001913681626 0.2135690897703171 1.56078
485 -0.4808239340782166 -0.006692005787044764 0.2248441874980927 1.6759
486 -0.479983925819397 0.001283999299630523 0.2071675956249237 1.46671
487 -0.4819360375404358 0.005083996802568436 0.2176376432180405 1.82989
488 -0.480272114276886 -8.799920760793611e-05 0.2146554887294769 1.32498
489 -0.4796480238437653 0.0007159995147958398 0.2375952303409576 1.47081
490 -0.4817202091217041 0.002556000836193562 0.2151705473661423 1.21769
491 -0.4803761541843414 -0.002216000109910965 0.1942174732685089 1.49124
492 -0.4842881262302399 0.006028003990650177 0.2155557572841644 1.38735
493 -0.4870559871196747 0.004892004188150167 0.1911487281322479 1.53424
494 -0.4826797842979431 0.004215999040752649 0.2163435071706772 1.37813
495 -0.4809679985046387 0.001608000136911869 0.2286746948957443 1.59641
496 -0.4823279678821564 0.00267600012011826 0.2066006064414978 1.32756
497 -0.4828081429004669 -0.0004160003445576876 0.2080202698707581 1.45066
498 -0.4842478632926941 0.009199994616210461 0.2207496613264084 1.70846
499 -0.4808880686759949 -0.004108001012355089 0.2282202243804932 1.46528
500 -0.4849841296672821 -0.008771998807787895 0.2107687145471573 1.48001
501 -0.4818160831928253 0.007215998601168394 0.2044278085231781 1.5383
502 -0.4820080399513245 -0.0008360000210814178 0.2086089104413986 1.33939
503 -0.4832400381565094 -0.002875998849049211 0.2130929827690125 1.53417
504 -0.4826002717018127 0.006352005526423454 0.2146641314029694 1.71359
505 -0.4834159910678864 -0.002799999667331576 0.1920836269855499 1.22426
506 -0.4830800592899323 -0.003679999150335789 0.2172221392393112 1.47246
507 -0.4824239313602448 -0.004856004845350981 0.2035232037305832 1.44796
508 -0.4826160967350006 -0.001536001916974783 0.1920143663883209 1.74066
509 -0.4832158982753754 -0.003695996711030602 0.1946459710597992 1.60868
510 -0.4773358106613159 -0.00173999962862581 0.2284929156303406 1.43293
511 -0.4840241372585297 -0.004076000768691301 0.1989698857069016 1.21855
512 -0.4811999499797821 -0.001923999516293406 0.240105614066124 1.52103
513 -0.4837360084056854 -0.003663998330011964 0.1878116428852081 1.61873
514 -0.4830161929130554 0.003987999632954597 0.2394996583461761 1.49024
515 -0.4827999770641327 -0.0121559938415885 0.2045360207557678 1.47845
516 -0.4843920469284058 0.003820000682026148 0.2042157351970673 1.63774
517 -0.4817758798599243 -0.01119199860841036 0.2098338007926941 1.6551
518 -0.4823201596736908 -0.01358799915760756 0.2045273631811142 1.43645
519 -0.4826160967350006 0.0009559965692460537 0.2188668698072433 1.46526
520 -0.4817840158939362 0.003828001441434026 0.2019477188587189 1.49271
521 -0.4839281141757965 0.009759996086359024 0.1887032687664032 1.64939
522 -0.4837920963764191 -0.001536000170744956 0.1996753811836243 1.39038
523 -0.4823280572891235 0.003451998345553875 0.2309340536594391 1.29441
524 -0.4819197058677673 -0.003311999840661883 0.2221606820821762 1.50103
525 -0.4846800863742828 0.001128002069890499 0.2278696447610855 1.24939
526 -0.4821920692920685 0.002111999783664942 0.2093057483434677 1.70105
527 -0.478920042514801 0.008456001989543438 0.2326220721006393 1.45736
528 -0.482152134180069 -0.0005799995851702988 0.1934167295694351 1.48253
529 -0.4824478328227997 0.0003839991404674947 0.2250476181507111 1.71453
530 -0.4849600493907928 0.004632000811398029 0.2030903846025467 1.60654
531 -0.481503963470459 -0.00141200004145503 0.2238184064626694 1.37496
532 -0.4802320301532745 0.006659999024122953 0.2062543332576752 1.46814
533 -0.4807122945785522 0.009759996086359024 0.1991257071495056 1.56299
534 -0.4851041436195374 0.01211200095713139 0.2259479016065598 1.57097
535 -0.4840640425682068 -0.008420003578066826 0.2113789916038513 1.54155
536 -0.4849680364131927 -0.005468002986162901 0.2010041624307632 1.64358
537 -0.4810559153556824 0.009364009834825993 0.215222492814064 1.33453
538 -0.4829680323600769 0.007724005728960037 0.2083145976066589 1.32363
539 -0.4790161550045013 0.005756001453846693 0.2130929827690125 1.45086
540 -0.4782160818576813 -0.01157199405133724 0.2216802388429642 1.76126
541 -0.4811358451843262 0.005304006859660149 0.2050727307796478 1.41389
542 -0.4806559681892395 -0.01171200722455978 0.2264716178178787 1.36621
543 -0.4850957989692688 -0.001476002158597112 0.2070031315088272 1.72118
544 -0.4804399907588959 0.0001600005343789235 0.2030081450939178 1.40716
545 -0.4843440353870392 0.005024001002311707 0.2100675404071808 1.15284
546 -0.4833601415157318 0.006035999860614538 0.1987577974796295 1.6384
547 -0.485056072473526 -0.003340002149343491 0.2404042631387711 1.45733
548 -0.4834643006324768 0.0004280002031009644 0.2122749537229538 1.48909
549 -0.4828240871429443 0.005207998212426901 0.2260907292366028 1.29702
550 -0.483983963727951 0.009107994846999645 0.2065356820821762 1.25616
551 -0.4843838810920715 -0.003164000809192657 0.2125562727451324 1.53138
552 -0.4834880232810974 -0.001244000974111259 0.2014456540346146 1.66612
553 -0.4847038686275482 -0.004936002660542727 0.1989872008562088 1.59626
554 -0.4805438816547394 0.0101600019261241 0.2128376215696335 1.51578
555 -0.4803921580314636 0.0005400000954978168 0.1978921443223953 1.38652
556 -0.4830400347709656 -0.003403999377042055 0.2133440226316452 1.34129
557 -0.4826560914516449 -0.001112001016736031 0.1977969408035278 1.56785
558 -0.4858401715755463 -0.004787998273968697 0.2190789580345154 1.54165
559 -0.4820561408996582 0.006448001600801945 0.2237275093793869 1.40009
560 -0.4806641042232513 -0.001303999102674425 0.2325571477413177 1.4452
561 -0.4829922020435333 -9.600030170986429e-05 0.2031769603490829 1.30898
562 -0.4835358560085297 0.001211997121572495 0.2007185071706772 1.52521
563 -0.4811680316925049 -0.007008001208305359 0.2090763598680496 1.5139
564 -0.4850478172302246 0.001495999516919255 0.2062932848930359 1.37086
565 -0.4799441397190094 0.005543998908251524 0.2085742801427841 1.37761
566 -0.4835277795791626 -0.001356000662781298 0.2067737281322479 1.37124
567 -0.4849202036857605 0.009007998742163181 0.1950138509273529 1.33519
568 -0.4784882068634033 0.005907998885959387 0.220702052116394 1.44061
569 -0.48282390832901 0.004220002330839634 0.2027571052312851 1.62448
570 -0.4813919365406036 0.003103997791185975 0.2135993838310242 1.24957
571 -0.4806639850139618 -0.001044001779519022 0.2030470967292786 1.83618
572 -0.4805601537227631 -2.400073753960896e-05 0.2193386554718018 1.31341
573 -0.4794878959655762 -0.0001560004602652043 0.204055592417717 1.3514
574 -0.4859123528003693 0.01213600486516953 0.2507358193397522 1.70583
575 -0.4826160967350006 -0.004188001155853271 0.2262811809778214 1.38957
576 -0.4797439575195312 -0.000115999711852055 0.2173952609300613 1.31749
577 -0.482664167881012 -0.001223997911438346 0.2020342797040939 1.53969
578 -0.4847841262817383 0.005023999139666557 0.2321892380714417 1.58708
579 -0.4816401302814484 -2.799871617753524e-05 0.2037482708692551 1.45224
580 -0.4809600114822388 -0.01683600246906281 0.2133613228797913 1.49321
581 -0.4833599627017975 0.005563999060541391 0.199640765786171 1.3716
582 -0.4811440706253052 -0.0006200025090947747 0.2398892045021057 1.81139
583 -0.4820802211761475 0.001263999380171299 0.1956068277359009 1.16468
584 -0.4831120073795319 0.005943998694419861 0.2204986214637756 1.50504
585 -0.485288143157959 0.003200000384822488 0.2111192941665649 1.56523
586 -0.4829038679599762 -0.004588000942021608 0.2069252133369446 1.33236
587 -0.4845758080482483 0.001883999793790281 0.1989828646183014 1.32786
588 -0.4840400218963623 -0.003740001237019897 0.2129674702882767 1.43061
589 -0.4843597710132599 -0.002911999588832259 0.2423952668905258 1.44706
590 -0.4823280572891235 0.003591994987800717 0.2144131064414978 1.56273
591 -0.4799120128154755 0.004104000516235828 0.2144823521375656 1.24803
592 -0.4839441180229187 -0.004464000929147005 0.2159929126501083 1.347
593 -0.4822080433368683 0.0009120000177063048 0.2013071477413177 1.50587
594 -0.479712039232254 -0.009699994698166847 0.2154735326766968 1.38087
595 -0.4846799969673157 0.003207999980077147 0.1881146281957626 1.48978
596 -0.4822803139686584 -0.0003279988595750183 0.1933128535747528 1.42334
597 -0.4827679693698883 0.002224000636488199 0.2108682543039322 1.52558
598 -0.4821201264858246 -0.001280000666156411 0.2504414916038513 1.54287
599 -0.4802159368991852 0.01067600958049297 0.2156726270914078 1.28831
600 -0.4853357672691345 -0.003963997587561607 0.213612362742424 1.37164
601 -0.4831840395927429 0.004487998317927122 0.230778232216835 1.45726
602 -0.4837200045585632 -0.009539996273815632 0.1943862587213516 1.53916
603 -0.4847200214862823 0.004263999871909618 0.2253159731626511 1.11884
604 -0.4842642247676849 -0.002175998408347368 0.2179795801639557 1.49529
605 -0.484328031539917 0.001740001840516925 0.2219182848930359 1.18087
606 -0.4817838668823242 0.003895998001098633 0.2042676657438278 1.58916
607 -0.4806320667266846 0.0005519987898878753 0.1778263598680496 1.73331
608 -0.4831520318984985 -0.002755999099463224 0.2175900489091873 1.22691
609 -0.4826159775257111 0.003899999428540468 0.2058950960636139 1.2433
610 -0.4837280809879303 -0.001303999219089746 0.1953125149011612 1.70845
611 -0.4855439066886902 -0.001111998339183629 0.2047481089830399 1.58841
612 -0.4837281405925751 -0.005480000749230385 0.233297273516655 1.48339
613 -0.4846478700637817 0.006283999886363745 0.2069511860609055 1.43186
614 -0.4822880923748016 0.004359995014965534 0.1894477307796478 1.4404
615 -0.479400247335434 -0.008664003573358059 0.2019087672233582 1.40844
616 -0.4855119585990906 0.004807998426258564 0.1975632011890411 1.50485
617 -0.4831119775772095 0.01055999659001827 0.197900801897049 1.36668
618 -0.4837280809879303 0.004235998261719942 0.2128116488456726 1.627
619 -0.484248161315918 -0.007400001399219036 0.1852017045021057 1.59695
620 -0.4859118461608887 0.001775997574441135 0.2123571783304214 1.29894
621 -0.4847923219203949 0.0114839980378747 0.1924904882907867 1.44318
622 -0.4833841323852539 0.005087998230010271 0.2210656255483627 1.47057
623 -0.4857200980186462 0.003688000608235598 0.2176809459924698 1.65175
624 -0.4825999438762665 0.001092000515200198 0.2463642656803131 1.29007
625 -0.4815439879894257 0.0008120028069242835 0.21928671002388 1.46495
626 -0.477416068315506 -0.002511999337002635 0.2319208979606628 1.56017
627 -0.4818079769611359 -0.01178000587970018 0.1926376521587372 1.85786
628 -0.4838800728321075 -0.01032799575477839 0.2279865145683289 1.77685
629 -0.4804240167140961 -0.003124001901596785 0.2073104381561279 1.58503
630 -0.4826241731643677 -0.009800000116229057 0.1914127469062805 1.25056
631 -0.4805521070957184 0.002731997985392809 0.186690628528595 1.62469
632 -0.481095939874649 -0.003696000669151545 0.2387205809354782 1.11433
633 -0.4842082858085632 0.0001559997763251886 0.2155211269855499 1.27613
634 -0.4823759794235229 0.003772003808990121 0.1939317882061005 1.51234
635 -0.4821521043777466 0.0009799995459616184 0.2032981365919113 1.50759
636 -0.4827121794223785 0.002648002933710814 0.1891793608665466 1.8714
637 -0.4800959229469299 -0.002496000146493316 0.1906206756830215 1.56123
638 -0.481368213891983 -0.005980003625154495 0.1713469475507736 1.39329
639 -0.4792958796024323 0.007067999336868525 0.1915382742881775 1.51036
640 -0.4814079105854034 0.005792001727968454 0.2141360938549042 1.46685
641 -0.4819199740886688 0.004923999775201082 0.1917979717254639 1.60451
642 -0.4850639402866364 0.003272000467404723 0.2424169182777405 1.34586
643 -0.4825359880924225 -0.0004200002003926784 0.2219745665788651 1.44255
644 -0.48024782538414 -0.004251997917890549 0.2134262472391129 1.31382
645 -0.4821440875530243 -0.004143997561186552 0.1854614019393921 1.29962
646 -0.4835523962974548 0.001980001106858253 0.2021381705999374 1.38663
647 -0.4818961322307587 -0.002691997913643718 0.2052371948957443 1.41111
648 -0.4836399257183075 -0.01180000323802233 0.2177242189645767 1.57905
649 -0.4823760688304901 -0.002635998884215951 0.1926766037940979 1.34
650 -0.480800062417984 -0.001415999140590429 0.2230176627635956 1.22191
651 -0.4816881418228149 0.003559999400749803 0.2041464895009995 1.28834
652 -0.4812081158161163 -0.009292001836001873 0.1922134906053543 1.50472
653 -0.4828480780124664 0.0009039986762218177 0.1946026831865311 1.47696
654 -0.4838879406452179 -0.005180000327527523 0.2347212731838226 1.52498
655 -0.4796480536460876 -0.006940001621842384 0.2297134846448898 1.65519
656 -0.4804000556468964 0.005971997044980526 0.2360630333423615 1.47267
657 -0.4835601449012756 -0.002136001596227288 0.2122403085231781 1.41788
658 -0.4830881059169769 0.01097999885678291 0.1938798576593399 1.73583
659 -0.483608067035675 -0.00517600029706955 0.2172524482011795 1.62004
660 -0.4845440089702606 0.009487997740507126 0.2238184064626694 1.33968
661 -0.4852558970451355 -0.003344001714140177 0.2300640642642975 1.5416
662 -0.4826083481311798 0.007431999314576387 0.2255496978759766 1.38383
663 -0.4800881445407867 0.007895997725427151 0.21479831635952 1.26345
664 -0.4817760288715363 -0.001627997378818691 0.2179666012525558 1.65241
665 -0.4829681515693665 -0.002943999832496047 0.2191222310066223 1.42826
666 -0.4816480278968811 0.006748000625520945 0.2008137255907059 1.89901
667 -0.4834240972995758 -0.001279996824450791 0.2042200565338135 1.30637
668 -0.4829924404621124 0.0007360000163316727 0.2047134786844254 1.62502
669 -0.4870481193065643 0.007280000951141119 0.2084833830595016 1.75096
670 -0.4820961952209473 -0.002063999883830547 0.2074705809354782 1.46951
671 -0.4813601970672607 -0.006612001452594995 0.21506667137146 1.34517
672 -0.4828398823738098 0.0004719985590782017 0.1904518753290176 1.32638
673 -0.4815999567508698 -0.0002920004480984062 0.2433561384677887 1.67148
674 -0.4839599132537842 0.0003400005807634443 0.206193745136261 1.79179
675 -0.483488142490387 0.01022400334477425 0.2124956846237183 1.49605
676 -0.4846960306167603 -0.01637200079858303 0.2010301351547241 1.46868
677 -0.4813603758811951 0.006223998032510281 0.2264240086078644 1.7303
678 -0.4832480251789093 0.00169999897480011 0.2258916348218918 1.45462
679 -0.4838243126869202 0.0008439994417130947 0.2040252834558487 1.40963
680 -0.4832161664962769 -0.002316000871360302 0.2000476270914078 1.62888
681 -0.4830242097377777 -0.003383996896445751 0.2045663148164749 1.48202
682 -0.4824879169464111 -0.0001240011770278215 0.2418931871652603 1.43759
683 -0.4806080162525177 -0.003583999816328287 0.209816500544548 1.5197
684 -0.4810400009155273 0.004415999166667461 0.2181310802698135 1.27632
685 -0.4794402420520782 0.001444000052288175 0.2254717797040939 1.34172
686 -0.482848197221756 0.0001759986917022616 0.2229873687028885 1.62702
687 -0.4815200865268707 -0.01401600800454617 0.1994762867689133 1.60137
688 -0.4841600358486176 0.008759999647736549 0.2087041288614273 1.67997
689 -0.4808163344860077 -0.009872001595795155 0.227761447429657 1.23285
690 -0.4806800484657288 0.001967999618500471 0.2551030218601227 1.46696
691 -0.4852403998374939 -0.006000000052154064 0.2143178731203079 1.48035
692 -0.4807040393352509 0.00221200124360621 0.2360846698284149 1.51963
693 -0.4833519756793976 0.004151999484747648 0.2286703735589981 1.37419
694 -0.4840241074562073 0.008019997738301754 0.2065919488668442 1.40881
695 -0.482743889093399 0.00038000030326657 0.2104873657226562 1.28861
696 -0.4833119213581085 0.0001479995553381741 0.2100935131311417 1.20147
697 -0.4849039316177368 0.004755998495966196 0.2168455868959427 1.34338
698 -0.4797599315643311 0.0006000007851980627 0.192564070224762 1.62219
699 -0.4836559593677521 0.0004519997164607048 0.1956544518470764 1.53968
700 -0.4817517697811127 0.0009600002667866647 0.2053324282169342 1.47132
701 -0.4803681075572968 0.009220002219080925 0.2194208949804306 1.51063
702 -0.4851438999176025 0.0008200006559491158 0.1999394297599792 1.43419
703 -0.4791518747806549 -0.00443599745631218 0.2186677753925323 1.20801
704 -0.4825518727302551 -0.0007519996142946184 0.2133743166923523 1.41201
705 -0.4801521897315979 0.009735992178320885 0.2075787782669067 1.14273
706 -0.4844879806041718 0.001043998287059367 0.215339332818985 1.30394
707 -0.4814800918102264 -0.003839998971670866 0.2253635823726654 1.3835
708 -0.4816322028636932 -0.002368002198636532 0.1988097429275513 1.72421
709 -0.4798723459243774 0.006751998793333769 0.2094875425100327 1.55766
710 -0.4810799956321716 0.009908001869916916 0.2372662872076035 1.23273
711 -0.4852079451084137 -0.002668001921847463 0.2383266985416412 1.47179
712 -0.4855998754501343 0.004215998575091362 0.2244373261928558 1.68424
713 -0.4826398193836212 0.005536002572625875 0.1994459927082062 1.08307
714 -0.4806240499019623 -0.005164001602679491 0.194983571767807 1.32758
715 -0.4815761148929596 0.008035996928811073 0.2352103739976883 1.5674
716 -0.4814081490039825 -0.01069599576294422 0.200177475810051 2.02006
717 -0.4821600615978241 -0.008836005814373493 0.21506667137146 1.40887
718 -0.4838081002235413 0.003576000453904271 0.1891274452209473 1.60458
719 -0.4855199456214905 0.007344001904129982 0.1843490451574326 1.33828
720 -0.4824639558792114 0.001724001718685031 0.2194555252790451 1.80778
721 -0.4818799197673798 0.002515997504815459 0.2122143357992172 1.46612
722 -0.482816219329834 0.005836002063006163 0.2188798487186432 1.40025
723 -0.4850561022758484 0.001399999717250466 0.21936896443367 1.60209
724 -0.4829919934272766 0.005095998290926218 0.2333319038152695 1.28664
725 -0.4838880896568298 -0.0002520007838029414 0.2256968468427658 1.83588
726 -0.4855199754238129 0.005332001950591803 0.2177848070859909 1.60194
727 -0.4808402359485626 0.0007919991621747613 0.1991603225469589 1.45394
728 -0.4815281331539154 -0.002707998501136899 0.2203038483858109 1.53163
729 -0.4829199612140656 -0.00770399859175086 0.19863660633564 1.68196
730 -0.4813520312309265 0.0005400006775744259 0.2174212336540222 1.76076
731 -0.4776800870895386 -0.009324003010988235 0.22188800573349 1.49978
732 -0.4864400327205658 0.005851995665580034 0.2216542661190033 1.3642
733 -0.481208324432373 -0.004931998904794455 0.2369503229856491 1.42629
734 -0.4816561043262482 -0.007503995206207037 0.2094485908746719 1.41411
735 -0.4808881878852844 0.005672001745551825 0.2235500514507294 1.57083
736 -0.482760101556778 -0.006147997919470072 0.22835873067379 1.66981
737 -0.4816158711910248 0.004635998513549566 0.2174645215272903 1.72043
738 -0.4833681881427765 -0.008979993872344494 0.1923519968986511 1.17371
739 -0.4808721542358398 -0.006519997958093882 0.2059124112129211 1.19286
740 -0.4806718528270721 -0.0004679992562159896 0.217092290520668 1.37755
741 -0.4818640649318695 0.004791999701410532 0.2114785462617874 1.28185
742 -0.4815441966056824 -0.003259999910369515 0.23724465072155 1.65654
743 -0.4822477996349335 0.009143996983766556 0.2110673487186432 1.23535
744 -0.4827201664447784 -0.001555999158881605 0.20492123067379 1.43609
745 -0.4802720248699188 -0.0004639989056158811 0.2318083494901657 1.45131
746 -0.4820078909397125 -0.005871996283531189 0.1986539363861084 1.48279
747 -0.4828479290008545 0.002532001817598939 0.2450225204229355 1.68259
748 -0.4831198751926422 0.000615998636931181 0.1959097981452942 1.49915
749 -0.4829521179199219 0.007871996611356735 0.2111669182777405 1.32003
750 -0.4825359880924225 -0.0148119954392314 0.1980306506156921 1.39925
751 -0.4819040298461914 -0.003399998182430863 0.2299212366342545 1.55958
752 -0.4794561266899109 -0.007420003414154053 0.2039127498865128 1.39865
753 -0.4818798005580902 -0.004171998240053654 0.2230912446975708 1.50721
754 -0.4839762449264526 -0.002167998580262065 0.1937326937913895 1.50017
755 -0.4821120500564575 -0.006715998984873295 0.2498961389064789 1.50371
756 -0.4829761981964111 -0.004496001172810793 0.199515238404274 1.52001
757 -0.4820398688316345 -0.0005319978226907551 0.2118940651416779 1.43886
758 -0.4799521565437317 -0.003368002129718661 0.2270083129405975 1.39747
759 -0.483560174703598 0.002363997744396329 0.2131492495536804 1.58149
760 -0.4873602092266083 -0.001296000205911696 0.2132444828748703 1.57543
761 -0.484080046415329 0.007292001508176327 0.2240737676620483 1.40786
762 -0.4811681807041168 0.007888001389801502 0.2063712030649185 1.32296
763 -0.4837438464164734 -0.00211999798193574 0.1831804066896439 1.89098
764 -0.4824879765510559 -0.004288000520318747 0.2223467826843262 1.19888
765 -0.4814162254333496 -5.600055374088697e-05 0.225160151720047 1.45893
766 -0.4839677512645721 -0.008240001276135445 0.2081457823514938 1.3968
767 -0.4829437434673309 0.009027998894453049 0.191771999001503 1.41814
768 -0.4827199280261993 0.006275998428463936 0.2109807878732681 1.47417
769 -0.4818961024284363 -0.0006879987195134163 0.2226411104202271 1.73761
770 -0.4852081835269928 0.01037600170820951 0.1911747008562088 1.62643
771 -0.4846722483634949 -0.004808000288903713 0.1997706145048141 1.60352
772 -0.4771839380264282 -0.005683998111635447 0.190767839550972 1.38538
773 -0.4829999804496765 0.006983998697251081 0.21327044069767 1.65454
774 -0.4821199476718903 0.005183996632695198 0.2389629632234573 1.49749
775 -0.4839761555194855 0.006319998763501644 0.1987101882696152 1.44371
776 -0.4839680790901184 -0.001411999575793743 0.2331457883119583 1.38328
777 -0.4834640920162201 0.00765599962323904 0.2130670100450516 1.69146
778 -0.4840961396694183 0.003256003838032484 0.1973857432603836 1.36175
779 -0.4835039973258972 0.00343999988399446 0.2113530337810516 1.16685
780 -0.4805601537227631 -0.004896001890301704 0.2110413759946823 1.75214
781 -0.482184112071991 -0.002408001339063048 0.1982297450304031 1.64946
782 -0.4797760546207428 0.00186000089161098 0.1936158239841461 1.50282
783 -0.4809361398220062 0.0003080003662034869 0.2117295861244202 1.40192
784 -0.4814481735229492 0.002003999659791589 0.1806094199419022 1.35366
785 -0.4832879602909088 -0.004084001295268536 0.2101843804121017 1.44872
786 -0.4823119640350342 -0.004372000228613615 0.2118334621191025 1.1909
787 -0.4791203737258911 0.01237200759351254 0.2285318821668625 1.62724
788 -0.4798721373081207 0.00128800084348768 0.1933561414480209 1.66745
789 -0.4842881262302399 -0.002380000660195947 0.2066438794136047 1.52815
790 -0.4807760715484619 0.0007520010694861412 0.2431050986051559 1.23361
791 -0.4818558692932129 0.002160000149160624 0.2174385488033295 1.36039
792 -0.4830321967601776 -0.009936003014445305 0.2189015001058578 1.44941
793 -0.479104220867157 -0.004363999236375093 0.2156812697649002 1.46473
794 -0.4810477495193481 0.006763997953385115 0.2152701020240784 1.44475
795 -0.4794163703918457 0.003820000682026148 0.1948407292366028 1.35163
796 -0.4836480021476746 0.008156000636518002 0.2256059795618057 1.64584
797 -0.4827759563922882 -0.004392003174871206 0.2179233133792877 1.28993
798 -0.4809520542621613 0.003120000008493662 0.2067520916461945 1.68354
799 -0.483440101146698 -0.002711999928578734 0.2293109595775604 1.87701
800 -0.4790638983249664 -0.006248006131500006 0.2101151496171951 1.45437
801 -0.4826559722423553 0.005948001053184271 0.227891281247139 1.27244
802 -0.479559987783432 -0.005743999965488911 0.2238616794347763 1.43935
803 -0.4824881851673126 -0.00193199934437871 0.224095419049263 1.66146
804 -0.4799519777297974 -0.001656001200899482 0.2246537506580353 1.34596
805 -0.479479968547821 -0.003683997318148613 0.1918672174215317 1.57289
806 -0.4829442203044891 -0.0004919987404718995 0.2169970721006393 1.34538
807 -0.4809437692165375 -0.005039997864514589 0.2105349898338318 1.61317
808 -0.4861359596252441 -0.002075999975204468 0.210526317358017 1.51062
809 -0.4818878769874573 -3.199951243004762e-05 0.2084963619709015 1.57634
810 -0.4852798581123352 0.0005000006058253348 0.2199835628271103 1.6598
811 -0.4856958389282227 -0.00961599312722683 0.2269434034824371 1.61579
812 -0.4811443090438843 0.004296002443879843 0.2052848041057587 1.51766
813 -0.4835920631885529 -0.001311999280005693 0.2025493532419205 1.53819
814 -0.4823199212551117 -0.008115998469293118 0.1989265978336334 1.43533
815 -0.4861601591110229 -0.00961600337177515 0.1819814890623093 1.57365
816 -0.4824560284614563 -0.001859999145381153 0.2216412872076035 1.41021
817 -0.4807521998882294 -0.004640001337975264 0.225285679101944 1.81963
818 -0.4846639633178711 -0.00737199978902936 0.2153133749961853 1.41752
819 -0.4812240302562714 0.0007039982592687011 0.2202302664518356 1.38112
820 -0.4810642600059509 -0.005212001036852598 0.2120585292577744 1.34954
821 -0.4812400937080383 -0.0004280002613086253 0.2301116734743118 1.47912
822 -0.4828804731369019 0.007867991924285889 0.2203211635351181 1.8877
823 -0.4811360239982605 0.003379997797310352 0.2123831510543823 1.64544
824 -0.4826078712940216 0.007736000698059797 0.2023675739765167 1.48203
825 -0.4812641441822052 0.006232000887393951 0.212266281247139 1.33413
826 -0.4831677973270416 -0.01310800109058619 0.2068905979394913 1.61244
827 -0.4855360090732574 -0.0002760024799499661 0.2073364108800888 1.56781
828 -0.4810079336166382 -0.002055999357253313 0.1980739384889603 1.44662
829 -0.4864237606525421 0.00348000111989677 0.2348338067531586 1.607
830 -0.4820879399776459 0.003448001341894269 0.2055228650569916 1.65274
831 -0.4810960590839386 0.004596001468598843 0.2021425068378448 1.65142
832 -0.4815200567245483 -0.004144002217799425 0.1923346668481827 1.55527
833 -0.4831680655479431 0.003792001167312264 0.2192780673503876 1.58225
834 -0.4810480773448944 -0.002636002842336893 0.2201350629329681 1.2042
835 -0.4817759692668915 -0.002804003190249205 0.217629000544548 1.30954
836 -0.4827439188957214 0.005696000065654516 0.2143178731203079 1.37691
837 -0.483031839132309 -0.01123199518769979 0.2197065651416779 1.37872
838 -0.4829919636249542 0.005255998112261295 0.2076177299022675 1.79662
839 -0.4808641970157623 -0.008515999652445316 0.2215114384889603 1.65423
840 -0.4834479987621307 -0.000908000220078975 0.2043715566396713 1.57804
841 -0.4830720722675323 0.0004760020528919995 0.2038478255271912 1.76548
842 -0.4797919690608978 0.01346399448812008 0.1981907933950424 1.41853
843 -0.483256071805954 0.004971997812390327 0.2314620912075043 1.52468
844 -0.4843921363353729 0.01142000127583742 0.2010777443647385 1.366
845 -0.4852722585201263 -0.001019998337142169 0.2018438428640366 1.71782
846 -0.4839920103549957 -0.006099999882280827 0.2330722063779831 1.40219
847 -0.4815602004528046 -0.007599996402859688 0.1896381676197052 1.27979
848 -0.4852478206157684 0.001452000113204122 0.21829554438591 1.60253
849 -0.4846721291542053 0.00166400067973882 0.1970005333423615 1.56159
850 -0.4862719178199768 0.002932000672444701 0.2515668570995331 1.48599
851 -0.4868558049201965 -0.001023999066092074 0.2079553306102753 1.32107
852 -0.4804878234863281 -0.00528800068423152 0.2087214440107346 1.42687
853 -0.480831652879715 0.001067998120561242 0.2204856425523758 1.74526
854 -0.4841117262840271 -0.01101200003176928 0.1896684765815735 1.92775
855 -0.4822879433631897 -0.0004800010356120765 0.2054882347583771 1.53603
856 -0.4815522432327271 -0.00528800068423152 0.2529821693897247 1.44961
857 -0.4858319461345673 0.0002719982876442373 0.2172178030014038 1.36707
858 -0.4853117763996124 0.003824000712484121 0.2066395580768585 1.65423
859 -0.4855518043041229 0.008928004652261734 0.2262249141931534 1.52675
860 -0.4791359007358551 0.01227600313723087 0.2040339559316635 1.36374
861 -0.4787438213825226 -0.005408000666648149 0.2398935407400131 1.21246
862 -0.4853201508522034 -0.004307999741286039 0.1910751461982727 1.56715
863 -0.4804801940917969 -0.009211995638906956 0.2060595750808716 1.28934
864 -0.4852960407733917 0.0008160005672834814 0.2037136554718018 1.23716
865 -0.4861119985580444 0.001284000347368419 0.2166421562433243 1.53253
866 -0.4842880964279175 0.002615999197587371 0.2181007713079453 1.42679
867 -0.4807361364364624 0.007404001895338297 0.2244070470333099 1.48428
868 -0.4813201725482941 0.01014400273561478 0.2147680222988129 1.41567
869 -0.4829999208450317 0.001515998272225261 0.1966326236724854 1.71162
870 -0.4790478646755219 0.001764001441188157 0.229774072766304 1.45267
871 -0.4806720912456512 -0.003483998589217663 0.1894001215696335 1.53832
872 -0.48226398229599 0.007164001930505037 0.2176766097545624 1.62855
873 -0.4826799035072327 0.000228000310016796 0.2000129967927933 1.54637
874 -0.4824080467224121 -0.007152004633098841 0.2167633324861526 1.49352
875 -0.4850479662418365 0.002679999219253659 0.2119243443012238 1.17653
876 -0.4786882698535919 -0.0002600004081614316 0.2057349532842636 1.5561
877 -0.482360452413559 -0.00430000014603138 0.2041594684123993 1.41183
878 -0.4851838946342468 -0.00126400007866323 0.2136166989803314 1.61749
879 -0.4825679957866669 0.009208003059029579 0.2213426381349564 1.4027
880 -0.4839441180229187 -0.000628000358119607 0.2053280919790268 1.5731
881 -0.481456071138382 -0.004424001090228558 0.2148675620555878 1.52925
882 -0.4827840626239777 -0.005431995261460543 0.2265235632658005 1.35553
883 -0.4837117195129395 0.002404001075774431 0.2089638262987137 2.01092
884 -0.4820081889629364 -0.001924001146107912 0.2041724622249603 1.33177
885 -0.4821922779083252 0.004451998509466648 0.1844659000635147 1.69008
886 -0.4838320910930634 0.01146399136632681 0.2363227307796478 1.549
887 -0.4817521870136261 -0.002836002735421062 0.2015668302774429 1.5549
888 -0.4816000461578369 0.004516000859439373 0.2224939614534378 1.27814
889 -0.4830640554428101 -0.001020000083371997 0.2141231149435043 1.45023
890 -0.4869199097156525 0.001827999600209296 0.223078265786171 1.283
891 -0.4830001294612885 0.00312400097027421 0.2065659761428833 1.45552
892 -0.4816481471061707 -0.01186800561845303 0.2258743196725845 1.51738
893 -0.4805602431297302 0.0002800014335662127 0.2221476882696152 1.83095
894 -0.4831121563911438 -0.005459997337311506 0.1954077333211899 1.54229
895 -0.4777602255344391 0.001836000825278461 0.2161227613687515 1.33961
896 -0.483247846364975 -0.00308000179938972 0.2246883809566498 1.58099
897 -0.4835440516471863 0.004211998078972101 0.2031466513872147 1.24429
898 -0.482304185628891 0.0006719991215504706 0.1927675008773804 1.36461
899 -0.4849759340286255 -0.0008279985631816089 0.2070507407188416 1.5726
900 -0.47940793633461 0.007100001443177462 0.1912136524915695 1.37435
901 -0.4819359481334686 0.008696001023054123 0.1910794824361801 1.32909
902 -0.4823200106620789 0.006547997705638409 0.2116430252790451 1.39363
903 -0.4834080636501312 -0.009128007106482983 0.2086045891046524 1.67058
904 -0.4850399792194366 0.006580000277608633 0.216611847281456 1.38091
905 -0.4805600941181183 -0.01365599781274796 0.2137811779975891 1.22343
906 -0.4819041788578033 -6.000084249535576e-05 0.2041811048984528 1.5511
907 -0.4822239875793457 0.0002519996196497232 0.2098121643066406 1.3426
908 -0.4813520610332489 0.004995997529476881 0.2027008384466171 1.42408
909 -0.4870159327983856 -0.00175600009970367 0.2089248597621918 1.37075
910 -0.4808241128921509 0.001256000017747283 0.2107860296964645 1.51723
911 -0.4823917746543884 0.003448000643402338 0.2037526071071625 1.42931
912 -0.4827280640602112 -0.001176000339910388 0.2007704526185989 1.61618
913 -0.4833042025566101 -0.009400004521012306 0.2333535403013229 1.59976
914 -0.4831598103046417 -0.006707998923957348 0.2155557572841644 1.28546
915 -0.4828318655490875 -0.001860001240856946 0.2148805558681488 1.66805
916 -0.485424131155014 0.004139999393373728 0.2023026496171951 1.29331
917 -0.4819360971450806 -0.003484001150354743 0.1910967826843262 1.55389
918 -0.4823122620582581 -0.004071997478604317 0.187101811170578 1.42198
919 -0.4838079214096069 0.001832000212743878 0.2053583860397339 1.29561
920 -0.4818078577518463 -0.008704005740582943 0.2032591849565506 1.38521
921 -0.4840962886810303 0.002799995942041278 0.2085353285074234 1.57309
922 -0.4812082052230835 -0.007927997037768364 0.1956544518470764 1.60826
923 -0.4807521104812622 2.000054701056797e-05 0.2285275459289551 1.70238
924 -0.4852640926837921 0.001288001425564289 0.2116949558258057 1.27353
925 -0.4835282862186432 0.0009439998539164662 0.2073320746421814 1.64419
926 -0.4850321412086487 0.008464000187814236 0.1904042661190033 1.49746
927 -0.4845519065856934 -0.0007759978761896491 0.2212733924388885 1.63008
928 -0.4830320775508881 -0.008076000958681107 0.2184383720159531 1.37044
929 -0.4860001504421234 -0.005995997693389654 0.2262552082538605 1.53931
930 -0.484368234872818 0.006244000047445297 0.2180834710597992 1.64954
931 -0.4840162396430969 0.004479997791349888 0.2271771281957626 1.57435
932 -0.4841120839118958 -0.01033600512892008 0.2199359536170959 1.44336
933 -0.4813283085823059 -0.0001080029469449073 0.2212690562009811 1.66593
934 -0.4809842109680176 -0.002811999060213566 0.1981605142354965 1.24882
935 -0.481312096118927 -0.008739998564124107 0.2242901772260666 1.26402
936 -0.4838958978652954 0.009159994311630726 0.1981302052736282 1.56801
937 -0.4833759665489197 0.004955996759235859 0.2086262255907059 1.70047
938 -0.4804160594940186 -0.0004560001252684742 0.2332669794559479 1.70847
939 -0.4839840233325958 -0.0005239988677203655 0.2275190651416779 1.67367
940 -0.4819920361042023 -0.008971997536718845 0.2100545465946198 1.57475
941 -0.4809843003749847 -0.002436001552268863 0.206068217754364 1.3018
942 -0.483904093503952 -0.002700000070035458 0.2130367159843445 1.50939
943 -0.481904000043869 -0.004763999488204718 0.2012811750173569 1.21961
944 -0.4823440909385681 0.0016759994905442 0.2008786499500275 1.55761
945 -0.4809201955795288 0.001632000668905675 0.229774072766304 1.41817
946 -0.4837121367454529 -0.004143999889492989 0.2013590782880783 1.43051
947 -0.4811279773712158 0.0002119986020261422 0.1807392686605453 1.56567
948 -0.4822240173816681 -0.0006119992467574775 0.2020602524280548 1.34377
949 -0.4799200296401978 -0.007599996868520975 0.2049645185470581 1.62514
950 -0.4814318120479584 0.007848006673157215 0.2135690897703171 1.87487
951 -0.4828080534934998 -0.003179998835548759 0.2104700654745102 1.34094
952 -0.4782242774963379 0.0070640011690557 0.2104267776012421 1.62121
953 -0.4825201034545898 0.004164000507444143 0.2113660126924515 1.3314
954 -0.4815920889377594 0.0040480000898242 0.1910232156515121 1.33781
955 -0.479912132024765 -0.01176399644464254 0.2022939920425415 1.58634
956 -0.4818480014801025 0.0008200001902878284 0.1961911469697952 1.34288
957 -0.4862640202045441 0.003732001874595881 0.2254717797040939 1.73772
958 -0.482207864522934 -0.01087599620223045 0.2195723652839661 1.29549
959 -0.4856798946857452 -0.008187998086214066 0.1964032351970673 1.29378
960 -0.4818799793720245 0.01208400074392557 0.2339681535959244 1.41028
961 -0.4829123318195343 0.001468001864850521 0.2341239750385284 1.22253
962 -0.4835523068904877 0.008032006211578846 0.2033111304044724 1.39388
963 -0.4822642505168915 0.002276001265272498 0.2011989504098892 1.62333
964 -0.4811921715736389 0.004988000728189945 0.2093057483434677 1.80769
965 -0.4831999540328979 -0.002299998188391328 0.2132444828748703 1.62931
966 -0.4822240769863129 -0.001008002902381122 0.2010387927293777 1.39586
967 -0.4850718080997467 0.005444001872092485 0.2285015732049942 1.20296
968 -0.4828881025314331 -0.002611999399960041 0.1923519968986511 1.68979
969 -0.4825358688831329 -0.004363998770713806 0.2156336605548859 1.66367
970 -0.4823439717292786 0.005472000222653151 0.2179536074399948 1.41508
971 -0.4836640954017639 0.00615200586616993 0.2138114720582962 2.02256
972 -0.4807679057121277 -0.008692003786563873 0.2159712612628937 1.24812
973 -0.4811840951442719 0.01068800128996372 0.1988227218389511 1.45788
974 -0.4836399555206299 0.003704000962898135 0.2145256400108337 1.34861
975 -0.4828560650348663 0.004983996041119099 0.2040599286556244 1.48425
976 -0.4816959202289581 -0.002256004139780998 0.2076826691627502 1.56083
977 -0.481248140335083 0.009816003032028675 0.2078860998153687 1.2775
978 -0.4836078882217407 0.00660400278866291 0.205202579498291 1.52406
979 -0.4809361696243286 -0.005495998542755842 0.2078427970409393 1.4505
980 -0.4820640385150909 -0.007215996738523245 0.2049039304256439 1.44347
981 -0.4833839535713196 0.003844000864773989 0.259353369474411 1.43059
982 -0.4840238988399506 -0.0001280010910704732 0.1856734901666641 1.28912
983 -0.4828160405158997 0.006511997897177935 0.2152397930622101 1.32625
984 -0.4850480556488037 0.002032000105828047 0.207414299249649 1.20429
985 -0.481447845697403 -0.001695999992080033 0.204072892665863 1.92035
986 -0.4838561415672302 0.003116001142188907 0.2189664244651794 1.61044
987 -0.4822239577770233 0.003496000077575445 0.2129155248403549 1.12732
988 -0.483784019947052 0.01407599356025457 0.2139326632022858 1.59939
989 -0.4830478429794312 -0.0002999992284458131 0.217204824090004 1.31815
990 -0.4833202064037323 0.004624000284820795 0.2290036529302597 1.54604
991 -0.483408123254776 -0.00767600117251277 0.210682138800621 1.48923
992 -0.4790962040424347 -0.002699998673051596 0.1943732798099518 1.40877
993 -0.4807439148426056 -0.002867999253794551 0.2126991152763367 1.65083
994 -0.4820001721382141 0.003928002435714006 0.1796701997518539 1.316
995 -0.4850720465183258 -0.001027997932396829 0.1876082122325897 1.46414
996 -0.484248012304306 0.001188002293929458 0.2177242189645767 1.59046
997 -0.4832080006599426 0.004983997438102961 0.2022853195667267 1.85009
998 -0.4835521280765533 0.01129999849945307 0.2018178701400757 1.27778
999 -0.480567991733551 0.002088000299409032 0.1955592185258865 1.50086
1000 -0.4823361039161682 -0.009687997400760651 0.2197368443012238 1.58768
