# Simulazione modello di Ising 1D
# Mossa 	 Energia 	 Magnetizzazione 	 Calore specifico 	 Suscettività
1     -0.5047107338905334      0.0002900679828599095     0.2347222566604614     1.721369504928589
2     -0.5042463541030884      -0.001086866250261664     0.22592593729496     1.704347014427185
3     -0.5045987367630005      0.002057000063359737     0.228137880563736     1.619399905204773
4     -0.5047630071640015      0.0002928665198851377     0.2345164865255356     1.622521162033081
5     -0.5040851831436157      0.0005167333874851465     0.232921838760376     1.720800638198853
6     -0.5045058131217957      -0.0007093333988450468     0.2288065999746323     1.742135882377625
7     -0.5042253136634827      0.0001321999880019575     0.230967104434967     1.739157676696777
8     -0.5045556426048279      0.0004412007983773947     0.245987668633461     1.586274147033691
9     -0.5049563050270081      -0.0006805986049585044     0.2404835671186447     1.633256793022156
10     -0.5046218633651733      -0.001145198242738843     0.2354423999786377     1.617688775062561
11     -0.5047328472137451      -9.933349792845547e-05     0.2276749014854431     1.737886548042297
12     -0.5050608515739441      -0.0002187329082516953     0.2298868447542191     1.71271276473999
13     -0.5048178434371948      -0.0004109333094675094     0.2375000268220901     1.753583312034607
14     -0.5044419169425964      0.0009281960083171725     0.2373457103967667     1.694987297058105
15     -0.5047054886817932      0.0003891329397447407     0.2257201671600342     1.666234731674194
16     -0.5045871138572693      0.0009323335252702236     0.2341563850641251     1.696992516517639
17     -0.5043902993202209      0.0002506006858311594     0.2239712178707123     1.693692564964294
18     -0.5045297741889954      -0.000864200119394809     0.2240740954875946     1.68367075920105
19     -0.5051081776618958      -0.0004706666804850101     0.2305555790662766     1.660930395126343
20     -0.5044341683387756      0.0004595330101437867     0.2244856208562851     1.680108666419983
21     -0.5046141743659973      0.001021199976094067     0.2290123701095581     1.750177621841431
22     -0.5047972202301025      0.002061733510345221     0.2323045432567596     1.728066921234131
23     -0.5046015381813049      0.00221293093636632     0.2294238954782486     1.77821159362793
24     -0.5046014189720154      0.0002466666337568313     0.2351337671279907     1.666087031364441
25     -0.5045472383499146      0.000361866521416232     0.2373971343040466     1.626582026481628
26     -0.504864513874054      0.001141265965998173     0.2334876656532288     1.705276966094971
27     -0.5043320059776306      0.001501668593846262     0.2365740984678268     1.589190721511841
28     -0.5044078230857849      -0.0006706003332510591     0.2169753164052963     1.604292988777161
29     -0.5048685073852539      -0.00208806456066668     0.2260288298130035     1.738064169883728
30     -0.5042373538017273      0.0002105984458466992     0.2325617522001266     1.609776854515076
31     -0.5044223666191101      0.00184113229624927     0.2286008447408676     1.641476035118103
32     -0.5045735836029053      -0.0003416664258111268     0.2308127880096436     1.639065742492676
33     -0.5047423839569092      0.0002177331916755065     0.2411008477210999     1.621762990951538
34     -0.5043335556983948      -0.0006847325130365789     0.2319959104061127     1.699346899986267
35     -0.5039807558059692      0.001205933280289173     0.2262860238552094     1.779242038726807
36     -0.5048747062683105      0.001203463645651937     0.2373971343040466     1.862481594085693
37     -0.5047450065612793      -0.001934537198394537     0.2302983850240707     1.619416236877441
38     -0.5052210092544556      -0.0009427982731722295     0.2272119522094727     1.718851089477539
39     -0.504401683807373      -0.0006744676502421498     0.2259773761034012     1.594086766242981
40     -0.5046305656433105      1.646614873607177e-05     0.2373457103967667     1.592230916023254
41     -0.5047410726547241      0.0001512006856501102     0.2354938536882401     1.752739429473877
42     -0.5045422315597534      6.526652578031644e-05     0.2268004417419434     1.668954968452454
43     -0.5048300623893738      -0.001634733635000885     0.2409465163946152     1.784364581108093
44     -0.5046775937080383      -0.0005863989354111254     0.2308642119169235     1.69791305065155
45     -0.5047786831855774      -0.0005282011698000133     0.2334876656532288     1.742534518241882
46     -0.505103588104248      -0.0007046021637506783     0.2331790328025818     1.69384491443634
47     -0.5047473311424255      0.0003042674215976149     0.2286522835493088     1.682536482810974
48     -0.5047844052314758      -0.0005513338837772608     0.2347222566604614     1.718268990516663
49     -0.5047574639320374      -0.0002323323278687894     0.2387345731258392     1.672576189041138
50     -0.5047724843025208      -0.001028333907015622     0.2275205850601196     1.630720853805542
51     -0.5050150752067566      -0.0005269331159070134     0.2359568029642105     1.614710927009583
52     -0.5048311948776245      0.0005610663210973144     0.2303498089313507     1.656880974769592
53     -0.5039837956428528      -0.002116268267855048     0.237191379070282     1.650586724281311
54     -0.5046044588088989      0.0006403331644833088     0.2308127880096436     1.681484222412109
55     -0.504930853843689      0.0004654664662666619     0.223611131310463     1.705860733985901
56     -0.5048494935035706      -1.499980680819135e-05     0.2305041253566742     1.609575033187866
57     -0.5048465132713318      6.026702612871304e-05     0.2233024835586548     1.647670269012451
58     -0.5043905973434448      -0.0005490669282153249     0.2331790328025818     1.67736029624939
59     -0.5048268437385559      0.00132326502352953     0.2352366596460342     1.671130895614624
60     -0.5046163201332092      -8.799604984233156e-06     0.2285493910312653     1.636188626289368
61     -0.5046511888504028      0.000338533369358629     0.2386317104101181     1.652137517929077
62     -0.5050548315048218      -0.0003988661628682166     0.2200103104114532     1.702254772186279
63     -0.5047252178192139      -0.0002325992245459929     0.237191379070282     1.661634922027588
64     -0.5048141479492188      0.00126733270008117     0.2275205850601196     1.59035062789917
65     -0.5045483708381653      0.000642932194750756     0.2283950746059418     1.596897006034851
66     -0.5042890906333923      -0.0008990655187517405     0.2316358238458633     1.708067059516907
67     -0.5047420859336853      0.0003036681446246803     0.2467078417539597     1.724402785301208
68     -0.5046790838241577      -0.0003964002535212785     0.2318930327892303     1.590479850769043
69     -0.5044877529144287      0.0008902667323127389     0.2402263581752777     1.726667165756226
70     -0.5045912265777588      0.0008197339484468102     0.2322531193494797     1.635180234909058
71     -0.5045981407165527      -0.001903531840071082     0.2266461253166199     1.68402636051178
72     -0.5044475793838501      0.001258464530110359     0.2406893074512482     1.600464344024658
73     -0.5042107701301575      -0.001724466332234442     0.2244341820478439     1.748975872993469
74     -0.5045697689056396      -0.0003067339712288231     0.2337448745965958     1.52870762348175
75     -0.5048060417175293      0.001513199647888541     0.2389917820692062     1.78399121761322
76     -0.5048933029174805      -5.160026194062084e-05     0.2289609163999557     1.615915060043335
77     -0.5046148896217346      -0.0003464664914645255     0.2298354059457779     1.732492327690125
78     -0.5049795508384705      0.0009285351261496544     0.230967104434967     1.690606951713562
79     -0.5044299364089966      -0.0007335966220125556     0.2245884984731674     1.750510931015015
80     -0.5047193169593811      0.001573000801727176     0.2338477522134781     1.713454604148865
81     -0.5050681829452515      -0.001092664781026542     0.2188786268234253     1.563661575317383
82     -0.5046929121017456      -2.50669563683914e-05     0.2225823104381561     1.713959097862244
83     -0.5048019289970398      -0.00037306675221771     0.2359568029642105     1.648067116737366
84     -0.505013644695282      -0.0002930005721282214     0.2240740954875946     1.671020030975342
85     -0.5043932199478149      -0.000411133689340204     0.2233539223670959     1.782058119773865
86     -0.5049314498901367      0.0005574660026468337     0.2323559820652008     1.791998267173767
87     -0.5043171048164368      0.0008245328790508211     0.2311214208602905     1.741895318031311
88     -0.5049443244934082      -0.001473530661314726     0.2234053760766983     1.591477155685425
89     -0.5050731897354126      -0.0009936671704053879     0.2395576387643814     1.702380657196045
90     -0.5045310258865356      -0.0008706657099537551     0.2343621551990509     1.705084204673767
91     -0.5046291351318359      -0.001066001132130623     0.237191379070282     1.832004070281982
92     -0.5045518279075623      -0.0002922666317317635     0.2362140119075775     1.694217085838318
93     -0.5043516159057617      -0.0006184026133269072     0.2277777940034866     1.568380832672119
94     -0.5044715404510498      8.646599599160254e-05     0.2347736805677414     1.7747882604599
95     -0.5045457482337952      -0.001145997317507863     0.2289094775915146     1.693686246871948
96     -0.5049696564674377      -0.0002306670794496313     0.2316358238458633     1.750788927078247
97     -0.5046061873435974      2.593325734778773e-05     0.227880671620369     1.824013471603394
98     -0.5045743584632874      0.001231933129020035     0.2346708029508591     1.702147126197815
99     -0.5045433640480042      -0.0001476006436860189     0.2259773761034012     1.607330560684204
100     -0.5047308206558228      0.0002851996105164289     0.2344650477170944     1.615817546844482
101     -0.5048248171806335      -0.0005861997487954795     0.2319959104061127     1.668908357620239
102     -0.5046727061271667      -0.000332333060214296     0.2236625701189041     1.67511510848999
103     -0.505033552646637      -0.000513866834808141     0.2325103133916855     1.659449696540833
104     -0.5049511790275574      -0.0002838006184902042     0.2313271909952164     1.829620599746704
105     -0.5044191479682922      1.426621747668833e-05     0.2266461253166199     1.73917281627655
106     -0.5043016076087952      0.0001187340312753804     0.2441358268260956     1.81824004650116
107     -0.5045658349990845      0.0004719989374279976     0.227572038769722     1.714005351066589
108     -0.5041476488113403      -0.0006689998554065824     0.2387345731258392     1.793792605400085
109     -0.5049573183059692      0.0007058001356199384     0.2307098954916     1.740044236183167
110     -0.5048446655273438      -0.0004088671994395554     0.2385802567005157     1.753409028053284
111     -0.5044804811477661      0.0002329341950826347     0.2253086566925049     1.739931344985962
112     -0.5047610402107239      0.001010264619253576     0.226440355181694     1.613150715827942
113     -0.5045872330665588      0.001674734405241907     0.2262345850467682     1.647284626960754
114     -0.5047667026519775      0.0005904659628868103     0.2342592775821686     1.713176488876343
115     -0.504894495010376      -0.0006411997601389885     0.2261317074298859     1.733336091041565
116     -0.5040623545646667      0.001157000777311623     0.2253086566925049     1.72404670715332
117     -0.50455242395401      0.0003644009702838957     0.2376543432474136     1.732683420181274
118     -0.5045527219772339      -0.001000864780507982     0.2239197790622711     1.659697771072388
119     -0.5048630833625793      0.0002627334324643016     0.2339506447315216     1.632696747779846
120     -0.5044362545013428      -0.0004030013515148312     0.2313786149024963     1.7468101978302
121     -0.5046498775482178      0.001107066287659109     0.226440355181694     1.712200999259949
122     -0.5045757293701172      0.0006180656491778791     0.2314815074205399     1.71790337562561
123     -0.5045032501220703      0.0001678668922977522     0.2286522835493088     1.59688675403595
124     -0.5044739842414856      0.0001598675007699057     0.223611131310463     1.7018723487854
125     -0.5051624774932861      -0.0007172661717049778     0.2333333492279053     1.635084509849548
126     -0.5049059987068176      0.001045064418576658     0.2319444566965103     1.845477700233459
127     -0.505024790763855      -0.001648132922127843     0.2299382984638214     1.628873586654663
128     -0.5047993063926697      -0.0001405334915034473     0.2332304716110229     1.693000793457031
129     -0.5044352412223816      -0.0003041332238353789     0.2318930327892303     1.635506868362427
130     -0.5045410394668579      0.0009661347139626741     0.2368312925100327     1.676001667976379
131     -0.5048379898071289      -1.093383980332874e-05     0.2285493910312653     1.635113716125488
132     -0.5045871734619141      -5.459934618556872e-05     0.2348251193761826     1.732216954231262
133     -0.5049943923950195      -7.879968325141817e-05     0.2343621551990509     1.729910612106323
134     -0.504687488079071      0.0002936003729701042     0.2286522835493088     1.704471468925476
135     -0.5042905807495117      0.0008326004608534276     0.2356481701135635     1.63065493106842
136     -0.5047420859336853      -0.001466598943807185     0.2217078506946564     1.688960433006287
137     -0.5047900676727295      -0.0006106002838350832     0.2403806746006012     1.670584917068481
138     -0.5048354268074036      -9.546627552481368e-05     0.2287037223577499     1.64899742603302
139     -0.5043588876724243      0.0003777995589189231     0.2304012477397919     1.660552859306335
140     -0.5049978494644165      -0.000761865871027112     0.232664629817009     1.790124177932739
141     -0.5050606727600098      -0.0005425334093160927     0.2342592775821686     1.75023341178894
142     -0.5049031376838684      0.0006169342086650431     0.2300926148891449     1.720246553421021
143     -0.5052606463432312      -0.0002222673647338524     0.2344135940074921     1.575341105461121
144     -0.5049249529838562      0.0003422002773731947     0.231018528342247     1.690435528755188
145     -0.5049954652786255      0.0005193991819396615     0.2191358208656311     1.682225227355957
146     -0.505043089389801      -0.00223666662350297     0.2332304716110229     1.701791644096375
147     -0.5047247409820557      0.000517133332323283     0.2407921999692917     1.695343375205994
148     -0.5050002932548523      -0.0009805343579500914     0.2338991910219193     1.633168339729309
149     -0.5044494867324829      5.979970956104808e-05     0.2286522835493088     1.741488456726074
150     -0.5049095749855042      -0.0009647335391491652     0.232921838760376     1.657436370849609
151     -0.5045031905174255      9.87328021437861e-05     0.2407407611608505     1.630484819412231
152     -0.5046291947364807      -0.000151666477904655     0.2321502268314362     1.634040355682373
153     -0.5045362710952759      -0.0005306669627316296     0.2336419820785522     1.72654116153717
154     -0.504578709602356      0.0001257334661204368     0.2369341850280762     1.764851689338684
155     -0.5049696564674377      0.0002716659510042518     0.2317901402711868     1.682886362075806
156     -0.5049595832824707      0.0005208001239225268     0.2295267730951309     1.656042098999023
157     -0.5045331120491028      0.0004171319305896759     0.2257201671600342     1.773191452026367
158     -0.5042003989219666      0.0001085340554709546     0.2367284148931503     1.750827431678772
159     -0.5045235753059387      0.001315133413299918     0.2262860238552094     1.72698962688446
160     -0.5049973726272583      0.000261200126260519     0.2403292506933212     1.615596413612366
161     -0.5046525001525879      0.001519465004093945     0.2231996059417725     1.652911782264709
162     -0.5045741200447083      0.00116886873729527     0.2272633910179138     1.76207435131073
163     -0.5049310922622681      -0.002404263708740473     0.2371399402618408     1.685602903366089
164     -0.5049489140510559      0.001101133530028164     0.2206275910139084     1.690808057785034
165     -0.5045434832572937      -0.0008316009189002216     0.2333333492279053     1.772566437721252
166     -0.5048278570175171      0.001066734432242811     0.2276234775781631     1.566654801368713
167     -0.504389226436615      0.001311129541136324     0.230967104434967     1.666093707084656
168     -0.5048224329948425      0.001526400563307106     0.2350308895111084     1.688611626625061
169     -0.5046086311340332      0.001490864553488791     0.2342078387737274     1.618159890174866
170     -0.5047716498374939      0.001597200753167272     0.2248457074165344     1.846557974815369
171     -0.5051762461662292      0.0002200004091719165     0.232664629817009     1.749600887298584
172     -0.5042668581008911      -0.000160533090820536     0.2304527014493942     1.664876818656921
173     -0.5046238303184509      0.001032867119647563     0.2250514477491379     1.798795461654663
174     -0.5048685669898987      -0.001124734058976173     0.2346708029508591     1.5976402759552
175     -0.5046280026435852      -0.0005317330942489207     0.2251029014587402     1.683956027030945
176     -0.5048971176147461      -0.0004437336174305528     0.223611131310463     1.777339577674866
177     -0.5046311020851135      0.00091326649999246     0.2288580536842346     1.681402564048767
178     -0.5046761631965637      0.001311800442636013     0.2284979671239853     1.653676748275757
179     -0.5049628615379333      -0.0004005981609225273     0.2361625730991364     1.659622669219971
180     -0.5046421885490417      -3.160044434480369e-05     0.2376543432474136     1.69190788269043
181     -0.5045118927955627      -0.001230067224241793     0.237705796957016     1.656201601028442
182     -0.5046346187591553      0.0001910002465592697     0.2356481701135635     1.642333626747131
183     -0.5050182938575745      0.0002001328684855253     0.2248457074165344     1.66484808921814
184     -0.5049474835395813      -0.002601326908916235     0.2348765730857849     1.753104686737061
185     -0.5047043561935425      0.0006510010571219027     0.2359568029642105     1.748159527778625
186     -0.5047419667243958      0.0005500660045072436     0.2257716208696365     1.680855274200439
187     -0.5047528743743896      -0.0004439983749762177     0.2373457103967667     1.76387894153595
188     -0.5046402812004089      -0.0003865323378704488     0.2255144268274307     1.609275341033936
189     -0.5047438740730286      -0.001310267252847552     0.2290638089179993     1.622259736061096
190     -0.5046762824058533      0.0006743341218680143     0.2320473492145538     1.756753921508789
191     -0.5048051476478577      -0.0006332658231258392     0.2368827313184738     1.638296842575073
192     -0.5044189691543579      0.0002097997057717294     0.2307613343000412     1.809344410896301
193     -0.5046166777610779      0.000648733985144645     0.227880671620369     1.553678870201111
194     -0.5045802593231201      -0.0004475329187698662     0.2277777940034866     1.615328788757324
195     -0.5046663284301758      0.00161620310973376     0.231018528342247     1.698665022850037
196     -0.5050398707389832      0.001284799538552761     0.2308127880096436     1.697874665260315
197     -0.5044438242912292      -0.0002160654694307595     0.2283950746059418     1.708783984184265
198     -0.5048160552978516      -0.001373598468489945     0.2367798388004303     1.618001580238342
199     -0.5045622587203979      -0.0001635998341953382     0.2385802567005157     1.619239211082458
200     -0.5049394965171814      0.0002407997817499563     0.2322531193494797     1.564898252487183
201     -0.5047951340675354      -8.020003588171676e-05     0.2343621551990509     1.751319169998169
202     -0.5043581128120422      -0.001200867467559874     0.2289094775915146     1.547192335128784
203     -0.504223644733429      0.001289263600483537     0.2260802686214447     1.7434401512146
204     -0.504513144493103      3.306788130430505e-05     0.2251543402671814     1.645218968391418
205     -0.5046897530555725      -6.719911471009254e-05     0.2298354059457779     1.660261034965515
206     -0.5047011971473694      -0.0001337343855993822     0.2354423999786377     1.688610672950745
207     -0.5044915080070496      -7.133354301913641e-06     0.2254629731178284     1.65876567363739
208     -0.5045315623283386      0.001218866440467536     0.2312242984771729     1.698065638542175
209     -0.504712700843811      5.566721301875077e-05     0.2350823134183884     1.679152846336365
210     -0.5045373439788818      -0.0003099331515841186     0.2291152477264404     1.635982155799866
211     -0.5044304728507996      -0.0001777336146915331     0.2203703820705414     1.705455422401428
212     -0.5049393773078918      -0.0002364668907830492     0.2239197790622711     1.750415325164795
213     -0.5047212243080139      0.0005911318585276604     0.2362140119075775     1.653435111045837
214     -0.504583477973938      -0.0004119342484045774     0.2359053790569305     1.769484758377075
215     -0.5049743056297302      0.001682469854131341     0.2217592746019363     1.717683792114258
216     -0.5048987865447998      0.000933267583604902     0.2301954925060272     1.645971179008484
217     -0.5044403672218323      -0.001131332945078611     0.2325617522001266     1.72436511516571
218     -0.504869818687439      0.0004810667887795717     0.2280864417552948     1.671941757202148
219     -0.5048404932022095      0.000992267276160419     0.2319959104061127     1.694457054138184
220     -0.5047333240509033      0.001042200135998428     0.2298868447542191     1.728379607200623
221     -0.5046682953834534      0.0005341323558241129     0.2229423969984055     1.695148944854736
222     -0.5050660371780396      -4.866661765845492e-05     0.2387860268354416     1.773605942726135
223     -0.5048900246620178      -0.0009770661126822233     0.2311728447675705     1.67444920539856
224     -0.5044277906417847      0.00123993307352066     0.2273148447275162     1.623375058174133
225     -0.5047299265861511      -0.0003165330563206226     0.2308127880096436     1.65271532535553
226     -0.504903256893158      7.006671512499452e-05     0.2231996059417725     1.705692887306213
227     -0.5049169659614563      0.0004130007000640035     0.2307613343000412     1.699212908744812
228     -0.5047640800476074      -0.0004359332669992     0.2302469313144684     1.666370272636414
229     -0.5045779347419739      -0.0003893334360327572     0.2268518656492233     1.684253454208374
230     -0.5049985647201538      -0.001684198854491115     0.2356996089220047     1.596918821334839
231     -0.5048356056213379      0.0002496004162821919     0.232921838760376     1.732123851776123
232     -0.5047940015792847      -0.0002693997521419078     0.2294753193855286     1.620596885681152
233     -0.5044456720352173      -0.001691933837719262     0.2235082387924194     1.622328639030457
234     -0.5046499371528625      -0.001005398924462497     0.2328703850507736     1.668163895606995
235     -0.5045380592346191      -0.0006707333959639072     0.2366255223751068     1.751558065414429
236     -0.5048927664756775      0.001447003334760666     0.2297325283288956     1.699045777320862
237     -0.5046045780181885      0.000542402034625411     0.2339506447315216     1.732375979423523
238     -0.5043328404426575      0.0003219326317775995     0.2338991910219193     1.61565089225769
239     -0.5043236017227173      -0.0006439333083108068     0.2182098925113678     1.702367544174194
240     -0.5044388175010681      -0.00155359972268343     0.2314300537109375     1.639565944671631
241     -0.5045945048332214      -0.0008965997840277851     0.2399691641330719     1.780976414680481
242     -0.5049017071723938      -0.0006394009687937796     0.2346708029508591     1.617793321609497
243     -0.5048346519470215      -0.0003234660543967038     0.2288065999746323     1.659054160118103
244     -0.5047962069511414      -0.0007237337995320559     0.2367798388004303     1.730525374412537
245     -0.504385232925415      0.001699866028502584     0.2308127880096436     1.694841623306274
246     -0.5048947930335999      7.813310367055237e-05     0.2445473372936249     1.804124236106873
247     -0.5046949982643127      -0.0003045341873075813     0.2371399402618408     1.74944531917572
248     -0.5047802925109863      -0.0006059317383915186     0.227880671620369     1.718137383460999
249     -0.5049594044685364      0.00106853258330375     0.2352880835533142     1.629672527313232
250     -0.5048574805259705      0.0004435335868038237     0.2286008447408676     1.75182580947876
251     -0.5049405097961426      -0.0001382007321808487     0.2463991940021515     1.726952433586121
252     -0.5047883987426758      0.000175066408701241     0.2335391044616699     1.646920084953308
253     -0.5048829913139343      0.001465601264499128     0.231275737285614     1.797251582145691
254     -0.5046684741973877      -0.000875934783834964     0.2355452924966812     1.739278674125671
255     -0.5048160552978516      -0.001824734499678016     0.2229423969984055     1.623078346252441
256     -0.504738450050354      -0.000218400833546184     0.2343621551990509     1.694620728492737
257     -0.505056619644165      0.0003539332246873528     0.2313786149024963     1.661782741546631
258     -0.5047153830528259      -0.0002096670214086771     0.223045289516449     1.684477806091309
259     -0.5047827363014221      -0.0004260668647475541     0.2205246984958649     1.671604156494141
260     -0.5049244165420532      0.001217332552187145     0.2354938536882401     1.669649124145508
261     -0.5044386982917786      -0.0004857341118622571     0.2373971343040466     1.770612120628357
262     -0.5050820112228394      -0.0003523332416079938     0.2336934357881546     1.617021441459656
263     -0.5044931769371033      -0.001025731209665537     0.2337962985038757     1.659468770027161
264     -0.5045982003211975      -0.0009487326024100184     0.2317901402711868     1.590602993965149
265     -0.5051261186599731      0.0009800672996789217     0.2307098954916     1.71893298625946
266     -0.5045294165611267      0.000139866941026412     0.2324074357748032     1.696777820587158
267     -0.5045725107192993      -0.0009504669578745961     0.2407407611608505     1.632908821105957
268     -0.5045428276062012      -0.0003844673337880522     0.2257716208696365     1.733552694320679
269     -0.5044371485710144      -0.0007420670008286834     0.2277263551950455     1.689931035041809
270     -0.5045943856239319      -0.0007617332157678902     0.2299382984638214     1.733666062355042
271     -0.504604697227478      -0.0009798685787245631     0.2378601133823395     1.751069188117981
272     -0.5046743750572205      0.0003312666667625308     0.2287037223577499     1.717904567718506
273     -0.5045610666275024      -0.0003683332470245659     0.2341563850641251     1.641884326934814
274     -0.5045997500419617      -0.0006404006853699684     0.227880671620369     1.746688485145569
275     -0.5050866007804871      -0.001070334925316274     0.2328189462423325     1.717164278030396
276     -0.5052102208137512      0.0007207330781966448     0.2356481701135635     1.714388132095337
277     -0.5044941902160645      0.0009351973421871662     0.2333847880363464     1.701895833015442
278     -0.5045335292816162      -5.333069566404447e-06     0.2148662656545639     1.677449584007263
279     -0.5041711330413818      0.0009354657959192991     0.2355967164039612     1.634244441986084
280     -0.5046195983886719      -0.0006200664211064577     0.2292695790529251     1.745117783546448
281     -0.5047852993011475      -0.0006934668053872883     0.2364712059497833     1.672875285148621
282     -0.5048004388809204      -0.000977600459009409     0.2242798507213593     1.728357076644897
283     -0.5047467350959778      0.0009382673306390643     0.228137880563736     1.797747731208801
284     -0.5048906207084656      0.0006585337105207145     0.2262860238552094     1.774990916252136
285     -0.5044852495193481      1.366590822726721e-05     0.2294753193855286     1.668546915054321
286     -0.5045512318611145      -0.0003581340424716473     0.2331275790929794     1.794097542762756
287     -0.5046296715736389      -0.0006411332869902253     0.2354938536882401     1.588751435279846
288     -0.5046741366386414      -6.000854682497447e-06     0.2299382984638214     1.616284966468811
289     -0.5040032267570496      -0.0001787332439562306     0.2285493910312653     1.690967082977295
290     -0.5047832727432251      -0.0001489334390498698     0.2302983850240707     1.654386758804321
291     -0.5047182440757751      0.001026665791869164     0.2357510328292847     1.679569602012634
292     -0.5042754411697388      0.0006566000520251691     0.2293724417686462     1.676959633827209
293     -0.5045908093452454      0.0008439332596026361     0.2299897223711014     1.723768591880798
294     -0.504854679107666      -2.600159405119484e-06     0.236368328332901     1.722278475761414
295     -0.5048894286155701      0.0001110661396523938     0.2328189462423325     1.640783548355103
296     -0.5045720338821411      0.0002710665867198259     0.2325103133916855     1.752446413040161
297     -0.5049238801002502      0.0004701999132521451     0.2269033193588257     1.674187183380127
298     -0.5044893026351929      -3.853203816106543e-05     0.2222222536802292     1.697593569755554
299     -0.5043486952781677      1.906602665258106e-05     0.2297325283288956     1.722790479660034
300     -0.5049726366996765      -0.0004231325292494148     0.2296810895204544     1.618486642837524
301     -0.5045948028564453      -0.000322865933412686     0.2367284148931503     1.682064771652222
302     -0.5043039321899414      0.000427399470936507     0.2255144268274307     1.67961049079895
303     -0.5048725008964539      0.0003982673224527389     0.2273662686347961     1.758035659790039
304     -0.5048444867134094      -0.0004897995386272669     0.2290123701095581     1.677474617958069
305     -0.5045135617256165      -0.0005106667522341013     0.2345164865255356     1.686401724815369
306     -0.5042845010757446      0.0004877998144365847     0.2281893044710159     1.617390513420105
307     -0.504629373550415      0.000612667587120086     0.2384773790836334     1.796482443809509
308     -0.5049757957458496      8.69332070578821e-05     0.2273662686347961     1.707349419593811
309     -0.5046588778495789      -0.0009943345794454217     0.226491779088974     1.69549548625946
310     -0.5046743750572205      -0.00120186572894454     0.2321502268314362     1.595039367675781
311     -0.5048091411590576      -4.493304732022807e-05     0.2292695790529251     1.606107592582703
312     -0.5044209361076355      0.0001165330104413442     0.2289094775915146     1.70885705947876
313     -0.5050318837165833      0.0008184004109352827     0.2395576387643814     1.575518369674683
314     -0.5043134093284607      0.0004151999892201275     0.2298354059457779     1.713988661766052
315     -0.5046104788780212      -0.0002981993893627077     0.2399177253246307     1.654416680335999
316     -0.5049180388450623      0.001485597342252731     0.2386317104101181     1.810705423355103
317     -0.504844605922699      0.0005078678368590772     0.230967104434967     1.770404934883118
318     -0.504746675491333      0.0003383319708518684     0.2371399402618408     1.64786422252655
319     -0.5049194097518921      -0.000159732488100417     0.2359568029642105     1.711202621459961
320     -0.5045900940895081      -7.62013514759019e-05     0.2400720417499542     1.80926787853241
321     -0.5044804215431213      -0.0009033334790728986     0.2313271909952164     1.684595227241516
322     -0.5045676827430725      0.0001868658873718232     0.2298868447542191     1.765492677688599
323     -0.5047240853309631      -0.0001621998817427084     0.2271604984998703     1.599778652191162
324     -0.5045983195304871      0.0008996007381938398     0.2306070178747177     1.766514658927917
325     -0.5047905445098877      0.0009262003004550934     0.2328189462423325     1.68060040473938
326     -0.5043073892593384      9.513364057056606e-05     0.2322016656398773     1.709501266479492
327     -0.5047760009765625      -0.0005510669434443116     0.2349794507026672     1.70894992351532
328     -0.5047396421432495      0.001034200540743768     0.2305041253566742     1.639732599258423
329     -0.5048683881759644      -0.0008111333008855581     0.2241769880056381     1.657393574714661
330     -0.5051657557487488      -0.0008826653356663883     0.2336934357881546     1.747678279876709
331     -0.5044212341308594      0.0003725328715518117     0.2188786268234253     1.726945757865906
332     -0.5043219327926636      0.0003599326300900429     0.227880671620369     1.792232632637024
333     -0.5046872496604919      -0.0006260671652853489     0.2286008447408676     1.595226764678955
334     -0.5047281980514526      7.532862127845874e-06     0.2298868447542191     1.652496695518494
335     -0.5044004321098328      0.000200800015591085     0.2282407581806183     1.780991554260254
336     -0.5045199990272522      -0.000810066529083997     0.2363168895244598     1.826325178146362
337     -0.5047789216041565      -0.000422400509705767     0.2305041253566742     1.735937118530273
338     -0.5044874548912048      0.0005006007850170135     0.2339506447315216     1.748135566711426
339     -0.5045368671417236      0.0007086684927344322     0.239248976111412     1.633385419845581
340     -0.5046029686927795      0.0005187336937524378     0.2268518656492233     1.663731575012207
341     -0.5046601295471191      -0.001291066757403314     0.2247942537069321     1.752303242683411
342     -0.5044571757316589      0.0004694664385169744     0.2282921969890594     1.564083218574524
343     -0.5047276616096497      -0.0009653344750404358     0.2322531193494797     1.621227860450745
344     -0.5045100450515747      -0.00177140103187412     0.2203189432621002     1.744157671928406
345     -0.5044546127319336      0.0001679996494203806     0.2318930327892303     1.677871108055115
346     -0.5046415328979492      0.0009541345643810928     0.2315329313278198     1.657628059387207
347     -0.5047991275787354      0.0002824672556016594     0.2336419820785522     1.757449269294739
348     -0.5041173100471497      9.506653441349044e-05     0.2337448745965958     1.686413526535034
349     -0.5051997303962708      0.0001092012316803448     0.2255658507347107     1.69612193107605
350     -0.5044116973876953      -0.00012326764408499     0.2266975492238998     1.699361205101013
351     -0.5045908093452454      0.0009646666585467756     0.2354423999786377     1.748828291893005
352     -0.5043274164199829      0.001005198340862989     0.2363168895244598     1.752689003944397
353     -0.505013644695282      -0.001352538703940809     0.2381173074245453     1.719951510429382
354     -0.5050562024116516      -0.001194931915961206     0.2282921969890594     1.617242693901062
355     -0.5042984485626221      0.001005067490041256     0.2209362387657166     1.591986536979675
356     -0.5047838687896729      -0.0002227986988145858     0.2352366596460342     1.735754370689392
357     -0.504722535610199      0.001412868616171181     0.2379115372896194     1.654960632324219
358     -0.5046877861022949      0.0001471995929023251     0.2277777940034866     1.658147573471069
359     -0.5045503377914429      2.273331665492151e-05     0.2298354059457779     1.653895616531372
360     -0.5046846866607666      -0.0001848670508479699     0.2342078387737274     1.679369449615479
361     -0.5049083828926086      0.001268135500140488     0.2347222566604614     1.628746390342712
362     -0.5043294429779053      0.001317533780820668     0.2332819253206253     1.697843432426453
363     -0.5045453906059265      5.879913805983961e-05     0.2336419820785522     1.76467502117157
364     -0.5043655037879944      -0.001345000113360584     0.231018528342247     1.691522121429443
365     -0.5048914551734924      -0.0009467339259572327     0.2281893044710159     1.707469940185547
366     -0.5048088431358337      0.00131233234424144     0.2274691611528397     1.561487674713135
367     -0.5045615434646606      0.000959733733907342     0.2363168895244598     1.78654670715332
368     -0.5044661164283752      0.0005687332013621926     0.2304012477397919     1.73981511592865
369     -0.5049333572387695      -0.0003986004448961467     0.2373971343040466     1.746255993843079
370     -0.5048598051071167      -0.001485068001784384     0.2334876656532288     1.757524847984314
371     -0.504804790019989      -0.001329398714005947     0.2299897223711014     1.567439317703247
372     -0.5044588446617126      1.080001857189927e-05     0.2250514477491379     1.657992005348206
373     -0.5040112137794495      -0.0004024668887723237     0.238014429807663     1.633886218070984
374     -0.5040043592453003      -0.0001637337554711848     0.2277263551950455     1.736409187316895
375     -0.5046252012252808      0.0004855334700550884     0.2191358208656311     1.776255249977112
376     -0.5051999688148499      0.0007344005862250924     0.2312242984771729     1.649954319000244
377     -0.504973292350769      -4.693268783739768e-05     0.2275205850601196     1.568273425102234
378     -0.5048091411590576      -0.0008163994061760604     0.2290123701095581     1.723201394081116
379     -0.5046642422676086      2.766659599728882e-05     0.2288065999746323     1.7176194190979
380     -0.5044370889663696      -0.0006382660358212888     0.2328189462423325     1.684470057487488
381     -0.5047943592071533      -3.133293648716062e-05     0.2277777940034866     1.598356008529663
382     -0.5044088363647461      0.0005026005092076957     0.2317901402711868     1.665103554725647
383     -0.5049147009849548      0.0004717335395980626     0.2215535044670105     1.650092720985413
384     -0.5044856071472168      0.001212065457366407     0.231584370136261     1.657797336578369
385     -0.5046132206916809      0.0008795337635092437     0.2334362417459488     1.730499863624573
386     -0.5047433376312256      -0.0001197326564579271     0.2311728447675705     1.66073215007782
387     -0.5049234628677368      0.0001515340263722464     0.2387860268354416     1.740495800971985
388     -0.5044533014297485      -0.0005348680424503982     0.2332304716110229     1.749993205070496
389     -0.5044103264808655      -0.0005278662429191172     0.2367798388004303     1.640498399734497
390     -0.5046817064285278      0.0006406658212654293     0.2309156507253647     1.590851783752441
391     -0.5044552683830261      -0.0008208659710362554     0.2417181134223938     1.768410325050354
392     -0.5046964287757874      0.0006603990914300084     0.2345164865255356     1.699294328689575
393     -0.505170464515686      0.0004393335257191211     0.237705796957016     1.65019953250885
394     -0.5051243305206299      -0.0003331998304929584     0.2341563850641251     1.675727367401123
395     -0.5045311450958252      -0.0009005996980704367     0.2304527014493942     1.527802705764771
396     -0.5047220587730408      -0.0001338672882411629     0.231275737285614     1.629645228385925
397     -0.5047804117202759      0.00105986709240824     0.2258745133876801     1.810590147972107
398     -0.50460284948349      -0.002113397233188152     0.2295782119035721     1.599682569503784
399     -0.5046141147613525      0.001128132571466267     0.2296296358108521     1.664105176925659
400     -0.5049760937690735      0.001062800991348922     0.2328189462423325     1.680747509002686
401     -0.5043262839317322      -0.0001275328395422548     0.235802486538887     1.760030627250671
402     -0.5047606825828552      -0.0002445332647766918     0.238014429807663     1.694670915603638
403     -0.5046157240867615      -0.0009971997933462262     0.2254115343093872     1.596388697624207
404     -0.5050280094146729      -0.0005322002689354122     0.2218107134103775     1.671531915664673
405     -0.5044999122619629      -3.933258994948119e-05     0.2332819253206253     1.806977868080139
406     -0.5048410296440125      -0.0002783326199278235     0.2333333492279053     1.767610192298889
407     -0.5046992897987366      -0.0003045333724003285     0.2327675223350525     1.630552053451538
408     -0.5050169825553894      -0.0002270000404678285     0.2315329313278198     1.574198246002197
409     -0.5047537088394165      0.0001679985143709928     0.2360082417726517     1.658235311508179
410     -0.5044499039649963      1.719820465950761e-05     0.240843653678894     1.680690884590149
411     -0.5044262409210205      -0.0001921986549859866     0.2378086596727371     1.694853544235229
412     -0.5046148896217346      0.0007066665566526353     0.2365226447582245     1.704997897148132
413     -0.5040760636329651      -0.0004944672691635787     0.2354423999786377     1.619571805000305
414     -0.5048552751541138      -0.0004188648890703917     0.2304012477397919     1.723183155059814
415     -0.5048521161079407      0.0003033333923667669     0.239248976111412     1.727275848388672
416     -0.5043590068817139      0.001183668966405094     0.2305555790662766     1.754477858543396
417     -0.5047318339347839      -0.0003692669852171093     0.232664629817009     1.686558604240417
418     -0.5049220323562622      0.0001749319199007004     0.231275737285614     1.72266960144043
419     -0.5049867630004883      6.980000034673139e-05     0.2330761551856995     1.707443714141846
420     -0.5045167207717896      0.0007180668762885034     0.2224279940128326     1.872411966323853
421     -0.5047731399536133      -0.0004308672214392573     0.2341563850641251     1.588927388191223
422     -0.504359245300293      -0.0004706001782324165     0.2330247163772583     1.689564108848572
423     -0.5049782991409302      -0.0005861985846422613     0.2319444566965103     1.735779404640198
424     -0.5050753355026245      -0.0001156671423814259     0.2239712178707123     1.696710228919983
425     -0.5044428110122681      -0.0006335334619507194     0.2305555790662766     1.662137866020203
426     -0.5046640038490295      -9.406619210494682e-05     0.2370885014533997     1.714144706726074
427     -0.504892885684967      -2.70001091848826e-05     0.2305555790662766     1.696988582611084
428     -0.504809558391571      0.0009609992266632617     0.2412551641464233     1.618909955024719
429     -0.5048909187316895      -0.001079933601431549     0.2316872626543045     1.68024480342865
430     -0.5048544406890869      -8.939990220824257e-05     0.223045289516449     1.69719398021698
431     -0.5045022964477539      0.000449799932539463     0.231584370136261     1.672582030296326
432     -0.5049349069595337      0.0003682664246298373     0.2263889163732529     1.617375373840332
433     -0.5048573613166809      0.001624667202122509     0.2362140119075775     1.693674325942993
434     -0.5044142007827759      0.0001635347725823522     0.2248457074165344     1.602194547653198
435     -0.5047404766082764      -9.239865175914019e-05     0.2455761581659317     1.630011916160583
436     -0.5046240091323853      7.466716488124803e-05     0.236111119389534     1.725712537765503
437     -0.5046241283416748      -0.001119867083616555     0.2331275790929794     1.656388640403748
438     -0.5046882033348083      0.002413533162325621     0.2346708029508591     1.638728141784668
439     -0.5045647621154785      -0.0002552003134042025     0.2327675223350525     1.640704751014709
440     -0.5045546889305115      -0.0002935332013294101     0.2315329313278198     1.689978361129761
441     -0.5051408410072327      0.0007337331771850586     0.2319444566965103     1.755931496620178
442     -0.5049626231193542      0.0006585351075045764     0.2272633910179138     1.720378398895264
443     -0.5048231482505798      -0.0007959996582940221     0.2277263551950455     1.597326874732971
444     -0.5045377016067505      0.000219399924390018     0.2270061820745468     1.725017309188843
445     -0.5043563842773438      -0.001549403066746891     0.2301954925060272     1.751086115837097
446     -0.5043420195579529      -0.000166466023074463     0.2346708029508591     1.662466526031494
447     -0.505132257938385      -0.0004708007618319243     0.2311728447675705     1.710872769355774
448     -0.5049424171447754      -4.046719550387934e-05     0.2411008477210999     1.718145370483398
449     -0.50453782081604      0.001141331624239683     0.2246399372816086     1.636039853096008
450     -0.5045973062515259      0.00038726712227799     0.2296810895204544     1.652844429016113
451     -0.5045052170753479      0.0005009336746297777     0.220833346247673     1.691197395324707
452     -0.5047805309295654      0.0006555989384651184     0.2253086566925049     1.660823106765747
453     -0.5048064589500427      -0.0002385337720625103     0.2442387044429779     1.744303226470947
454     -0.5048932433128357      0.0004929342539981008     0.2289094775915146     1.665880918502808
455     -0.5048397779464722      -0.0002981307334266603     0.2268004417419434     1.685290575027466
456     -0.50455641746521      -0.0003446668270044029     0.24310702085495     1.692383766174316
457     -0.5048525929450989      -0.0003285989805590361     0.226183146238327     1.614433407783508
458     -0.5048425793647766      0.0004558666259981692     0.2305555790662766     1.641071557998657
459     -0.5045703649520874      0.001124000758863986     0.2309156507253647     1.531131982803345
460     -0.5046794414520264      0.0001391331170452759     0.2369856089353561     1.665071487426758
461     -0.5045596361160278      -0.0009696009801700711     0.2352880835533142     1.61157500743866
462     -0.5050668716430664      0.0016302001895383     0.2287037223577499     1.575412154197693
463     -0.5049381256103516      -3.466944463070831e-06     0.2396090626716614     1.739411115646362
464     -0.5043196678161621      -0.0002632668474689126     0.2304527014493942     1.764550924301147
465     -0.5051262378692627      0.0004123320686630905     0.2252057641744614     1.858822584152222
466     -0.5045949220657349      0.0006081332685425878     0.2284465134143829     1.64271354675293
467     -0.5046336054801941      -0.001333401538431644     0.2341563850641251     1.645285129547119
468     -0.5045481324195862      0.000128600251628086     0.2372428178787231     1.764629125595093
469     -0.5047264695167542      -0.0006176665774546564     0.231018528342247     1.67375373840332
470     -0.5049903392791748      -0.0009960659081116319     0.2289609163999557     1.703833699226379
471     -0.504690945148468      0.0005182002205401659     0.2314815074205399     1.679216146469116
472     -0.5049028992652893      0.0003352663188707083     0.2296296358108521     1.679440140724182
473     -0.5047193169593811      0.0009515977581031621     0.2315329313278198     1.790946960449219
474     -0.5045605897903442      0.0005489999894052744     0.2317387014627457     1.635716915130615
475     -0.5042776465415955      -0.001335066510364413     0.2310699820518494     1.804730772972107
476     -0.5049695372581482      -0.0005725320661440492     0.2216049581766129     1.68377673625946
477     -0.5042021870613098      -0.001193865900859237     0.2316358238458633     1.634114384651184
478     -0.5050106644630432      0.0009486005292274058     0.2222736775875092     1.659473299980164
479     -0.5046204328536987      0.0002312667784281075     0.2239197790622711     1.542370438575745
480     -0.5045332908630371      0.0003184674715157598     0.2302983850240707     1.796688437461853
481     -0.505117654800415      8.86659327079542e-05     0.2334362417459488     1.641855001449585
482     -0.5043796300888062      -0.000763600692152977     0.2299382984638214     1.722509980201721
483     -0.5051388740539551      -0.0009757308871485293     0.2306070178747177     1.741491079330444
484     -0.5044230818748474      -0.001333666150458157     0.2309156507253647     1.690760135650635
485     -0.5044264197349548      -0.001429264666512609     0.2368312925100327     1.78753674030304
486     -0.5047276020050049      -0.0006739332457073033     0.2325617522001266     1.657312870025635
487     -0.5045291185379028      -0.0007255322998389602     0.2352880835533142     1.680285334587097
488     -0.504595935344696      0.0005258668097667396     0.2302469313144684     1.691136360168457
489     -0.5048718452453613      -0.001370930694974959     0.2302469313144684     1.705023884773254
490     -0.5046061873435974      0.001955666579306126     0.2290638089179993     1.662566781044006
491     -0.5041059851646423      -0.0002604674664326012     0.2251029014587402     1.671954751014709
492     -0.5043433308601379      -0.0003209329734090716     0.2285493910312653     1.490094184875488
493     -0.5050570964813232      -0.0004502671945374459     0.2382716238498688     1.678353309631348
494     -0.5044784545898438      0.0001894005690701306     0.2347736805677414     1.636940956115723
495     -0.5046228170394897      -0.0006947354413568974     0.2354423999786377     1.710953116416931
496     -0.5047591328620911      -0.0003377333050593734     0.2331790328025818     1.563968777656555
497     -0.5047750473022461      -0.001018801820464432     0.2254629731178284     1.736815094947815
498     -0.5048713088035583      0.0001609331084182486     0.2382201701402664     1.641871690750122
499     -0.5046244859695435      0.001030866988003254     0.2222222536802292     1.794684886932373
500     -0.5048229694366455      -0.000442466523963958     0.2285493910312653     1.564600229263306
501     -0.5049356818199158      0.001745000830851495     0.2298354059457779     1.717867732048035
502     -0.5048525929450989      -0.0007757997373118997     0.2288065999746323     1.667779326438904
503     -0.5044924020767212      0.0008941986015997827     0.2253601104021072     1.65782356262207
504     -0.5044485926628113      0.001510399975813925     0.2211934477090836     1.752750515937805
505     -0.5046369433403015      -0.0003731332544703037     0.2478909641504288     1.690458536148071
506     -0.5046782493591309      0.000299133884254843     0.2319959104061127     1.630248188972473
507     -0.5048819184303284      -0.0004703991871792823     0.2366255223751068     1.727689743041992
508     -0.5045167803764343      0.001061000861227512     0.2331275790929794     1.710499048233032
509     -0.5047822594642639      -3.879912037518807e-05     0.2309156507253647     1.649039268493652
510     -0.504729151725769      0.0001031330102705397     0.2244341820478439     1.659016728401184
511     -0.5048263072967529      -0.0002022676926571876     0.2292181253433228     1.621832251548767
512     -0.504991888999939      0.0002723339421208948     0.2285493910312653     1.714151382446289
513     -0.5044916868209839      -0.0003419330168981105     0.2328703850507736     1.608299970626831
514     -0.5048641562461853      0.000496132648549974     0.2243313044309616     1.623342156410217
515     -0.5044820308685303      -0.0001328663784079254     0.2206790298223495     1.726252436637878
516     -0.5045603513717651      0.001068534445948899     0.2290638089179993     1.681263327598572
517     -0.5047478079795837      -0.0009685347322374582     0.2307098954916     1.617578506469727
518     -0.5046777129173279      0.0003903998876921833     0.2339506447315216     1.590540051460266
519     -0.5048397779464722      0.0009758667438291013     0.2390432357788086     1.683258414268494
520     -0.5043284893035889      -0.001034134649671614     0.2265432327985764     1.721590995788574
521     -0.5046172142028809      -0.002170199528336525     0.2394033223390579     1.719468712806702
522     -0.5048660039901733      0.0005609999061562121     0.2303498089313507     1.738677859306335
523     -0.50437331199646      -0.0005096005625091493     0.2328703850507736     1.71941602230072
524     -0.5045665502548218      0.000182065341505222     0.2378086596727371     1.748421669006348
525     -0.504267692565918      0.0006352692726068199     0.2296810895204544     1.6293123960495
526     -0.5043021440505981      -0.001412335899658501     0.2273148447275162     1.758463382720947
527     -0.5045017004013062      -0.0004936666809953749     0.2329732626676559     1.683312058448792
528     -0.5048196911811829      0.0009029320208355784     0.2337962985038757     1.6727454662323
529     -0.5049211978912354      -0.0008579320274293423     0.2353395223617554     1.648412585258484
530     -0.5047529935836792      0.001256199087947607     0.2331275790929794     1.637342095375061
531     -0.5046825408935547      -0.000591132789850235     0.2365740984678268     1.722617983818054
532     -0.504489004611969      0.0003041996096726507     0.2266975492238998     1.677932500839233
533     -0.5045216679573059      0.0005533336661756039     0.2342592775821686     1.689600706100464
534     -0.5048724412918091      -0.0005432667676359415     0.2362654358148575     1.624380826950073
535     -0.5046418309211731      0.001118666608817875     0.2410493940114975     1.656246542930603
536     -0.5046485662460327      7.399477908620611e-06     0.2291152477264404     1.795681595802307
537     -0.5046454071998596      0.0002144664758816361     0.2257716208696365     1.632243156433105
538     -0.5049567818641663      -0.0006914689438417554     0.2244341820478439     1.616233229637146
539     -0.5048342943191528      -0.000362132879672572     0.2266975492238998     1.675652146339417
540     -0.504781186580658      0.0011484669521451     0.237705796957016     1.647950530052185
541     -0.5046455860137939      -0.001822933554649353     0.2388374656438828     1.590327858924866
542     -0.5047187805175781      0.0008312021382153034     0.2381687462329865     1.603601455688477
543     -0.5049363970756531      -0.0003809999325312674     0.231275737285614     1.738531112670898
544     -0.504193902015686      0.0005175987025722861     0.2347222566604614     1.624481320381165
545     -0.5044100880622864      -0.0002734667505137622     0.2330761551856995     1.714478015899658
546     -0.5045582056045532      0.0004118673095945269     0.2323045432567596     1.717740058898926
547     -0.5045405626296997      -0.000458533875644207     0.2389403432607651     1.641544580459595
548     -0.504413366317749      6.539977039210498e-05     0.2334876656532288     1.751241683959961
549     -0.5049253702163696      0.0003458003920968622     0.2390946596860886     1.752786755561829
550     -0.5042359232902527      -0.0002483997377566993     0.2390946596860886     1.680424094200134
551     -0.5050567388534546      -0.0006520006572827697     0.2260288298130035     1.69680643081665
552     -0.504533588886261      0.0005364675889723003     0.2400205880403519     1.686105132102966
553     -0.5046464204788208      -5.920066905673593e-05     0.2307613343000412     1.710835933685303
554     -0.5045524835586548      -0.001014268025755882     0.236111119389534     1.711169958114624
555     -0.5039897561073303      0.0003551998524926603     0.2331275790929794     1.657394886016846
556     -0.504558265209198      0.000339933845680207     0.2313271909952164     1.555771470069885
557     -0.5046827793121338      -0.001517000142484903     0.2331275790929794     1.731017470359802
558     -0.5046257972717285      -0.001614998676814139     0.2398662716150284     1.607584357261658
559     -0.5047457218170166      -0.000257133215200156     0.227829247713089     1.685202836990356
560     -0.5048092007637024      -0.0009298656950704753     0.237757220864296     1.620489478111267
561     -0.5044546723365784      0.000556400278583169     0.2256687432527542     1.787638545036316
562     -0.5047194957733154      0.0006592003628611565     0.2266975492238998     1.717673540115356
563     -0.504706859588623      0.00142646802123636     0.2372428178787231     1.650254249572754
564     -0.5048155784606934      0.0004131998284719884     0.2279835641384125     1.799667835235596
565     -0.5051509737968445      -0.0003703332331497222     0.2247942537069321     1.732913255691528
566     -0.5048235654830933      0.001003599260002375     0.2402777969837189     1.692230343818665
567     -0.5049458146095276      0.0006031995289959013     0.2294238954782486     1.742943525314331
568     -0.5046654343605042      -0.0004863326903432608     0.2305041253566742     1.690459609031677
569     -0.504760205745697      -0.0002907327143475413     0.2302469313144684     1.707187175750732
570     -0.5044962763786316      -0.0005948658217675984     0.2295267730951309     1.6698077917099
571     -0.504367470741272      -0.0004937314079143107     0.241203710436821     1.788896799087524
572     -0.5046532154083252      -0.0005220667808316648     0.2334876656532288     1.684338331222534
573     -0.5047287940979004      -0.0003963989438489079     0.2291152477264404     1.797012329101562
574     -0.5042162537574768      0.000544599664863199     0.2282407581806183     1.723001837730408
575     -0.5046278834342957      -0.0006765322177670896     0.2337962985038757     1.641381025314331
576     -0.5050443410873413      -0.001298665883950889     0.2384259402751923     1.595146298408508
577     -0.5041022300720215      -0.0002892663760576397     0.2326131761074066     1.668136835098267
578     -0.5046414136886597      0.0003449987852945924     0.2359053790569305     1.780337929725647
579     -0.5045074224472046      -0.0006547336233779788     0.2241769880056381     1.692329883575439
580     -0.5047609210014343      -0.000311400304781273     0.235802486538887     1.732521772384644
581     -0.5048989653587341      0.001086198841221631     0.231584370136261     1.813980340957642
582     -0.5045744776725769      0.0002832680474966764     0.2199588567018509     1.599178433418274
583     -0.5046455860137939      -0.001264732563868165     0.2387860268354416     1.661912441253662
584     -0.5045521855354309      -0.001766800531186163     0.2316358238458633     1.64076042175293
585     -0.5045199394226074      -0.00119813357014209     0.2317387014627457     1.555310487747192
586     -0.5046915411949158      -0.0001938657951541245     0.2270576357841492     1.762448906898499
587     -0.5048585534095764      -0.0005545999738387764     0.232921838760376     1.705370903015137
588     -0.504828155040741      -0.0002079324913211167     0.2254629731178284     1.698670864105225
589     -0.5043866038322449      0.0007206664886325598     0.2288580536842346     1.675295352935791
590     -0.5047668814659119      -0.000708267034497112     0.2259773761034012     1.741706252098083
591     -0.5046349167823792      -0.0004598655214067549     0.2345164865255356     1.648074507713318
592     -0.5044461488723755      0.001517264638096094     0.2359053790569305     1.616999626159668
593     -0.5051198601722717      0.0004448667750693858     0.2252572178840637     1.69966459274292
594     -0.5043948292732239      0.0008776007452979684     0.2265432327985764     1.857683420181274
595     -0.5049180388450623      0.0007443986833095551     0.2323045432567596     1.601250290870667
596     -0.5046592354774475      -0.0007861346239224076     0.2165123671293259     1.653341293334961
597     -0.5045879483222961      0.0009513989207334816     0.232921838760376     1.748013019561768
598     -0.5046088099479675      0.0004760659649036825     0.227829247713089     1.738605499267578
599     -0.5047673583030701      -0.001138000865466893     0.2352366596460342     1.658105969429016
600     -0.5046841502189636      0.0005520011181943119     0.2293724417686462     1.673373699188232
601     -0.5049972534179688      -0.0001859992335084826     0.2276749014854431     1.655129432678223
602     -0.5048875212669373      -0.0004289333883207291     0.2234568148851395     1.772975564002991
603     -0.5047807097434998      0.001832865295000374     0.2214506417512894     1.782517194747925
604     -0.5045729279518127      0.0005636007408611476     0.2311728447675705     1.641096830368042
605     -0.5044041275978088      -0.001372001483105123     0.2284465134143829     1.759293437004089
606     -0.5049045085906982      0.0003962028713431209     0.2367284148931503     1.706474423408508
607     -0.5048071146011353      -0.0001611336192581803     0.2407407611608505     1.715214133262634
608     -0.5043047070503235      -0.0009108649101108313     0.2347736805677414     1.700607419013977
609     -0.504732608795166      0.001207932597026229     0.2330761551856995     1.585539102554321
610     -0.5046415328979492      -0.0006778655806556344     0.2316358238458633     1.687830686569214
611     -0.5049416422843933      -0.0002468007733114064     0.2336419820785522     1.780730247497559
612     -0.504869818687439      -0.000303667300613597     0.2354938536882401     1.673927426338196
613     -0.5045674443244934      0.0008506678859703243     0.2337448745965958     1.627285599708557
614     -0.5043491125106812      0.0006839332636445761     0.2302983850240707     1.740615725517273
615     -0.5044169425964355      0.0008820667862892151     0.2222736775875092     1.692521691322327
616     -0.5047064423561096      -0.0006282000686042011     0.2293724417686462     1.741601943969727
617     -0.5044662952423096      -0.0006114660063758492     0.2265946716070175     1.63559877872467
618     -0.5045790076255798      -0.0001793332630768418     0.2281893044710159     1.645730137825012
619     -0.5049543380737305      0.0005894001806154847     0.231018528342247     1.695438146591187
620     -0.5051097869873047      0.001311933971010149     0.235802486538887     1.80718994140625
621     -0.5046254992485046      -7.433388236677274e-05     0.2311728447675705     1.634290218353271
622     -0.5049421191215515      0.000439599942183122     0.2284979671239853     1.623700737953186
623     -0.5048128366470337      0.001334732514806092     0.2349279969930649     1.729179382324219
624     -0.5045186877250671      0.0002670663816388696     0.2304012477397919     1.640414357185364
625     -0.5047160387039185      7.699910929659382e-05     0.2383745163679123     1.71241307258606
626     -0.5047922134399414      0.0005858003278262913     0.2283950746059418     1.672054409980774
627     -0.5047112107276917      -0.000921000144444406     0.2307613343000412     1.640284538269043
628     -0.5046018362045288      -0.0006859344430267811     0.2384773790836334     1.666253209114075
629     -0.5047412514686584      -0.0006055365083739161     0.2376029044389725     1.669830441474915
630     -0.5043167471885681      -0.0002396659256191924     0.2321502268314362     1.745253562927246
631     -0.5050158500671387      -0.0009257330093532801     0.2204732596874237     1.590605497360229
632     -0.5044002532958984      0.0004175325739197433     0.2279321104288101     1.726493358612061
633     -0.5048527717590332      -4.393341805553064e-05     0.2308642119169235     1.570000052452087
634     -0.5047910809516907      -0.0003631329163908958     0.231018528342247     1.629783153533936
635     -0.504534125328064      -0.0004528680583462119     0.2281893044710159     1.725367069244385
636     -0.5050000548362732      0.0003310678584966809     0.2235596925020218     1.672237277030945
637     -0.5046737790107727      0.0002919332473538816     0.2226337641477585     1.755926966667175
638     -0.5045282244682312      -0.0008624673937447369     0.2292181253433228     1.593385934829712
639     -0.5047187805175781      -0.0001099319779314101     0.2356996089220047     1.734386920928955
640     -0.5048203468322754      0.0005184673937037587     0.2340535074472427     1.672538876533508
641     -0.5047917366027832      -0.0002494669461157173     0.2415123730897903     1.751179814338684
642     -0.5050957202911377      -0.001108800293877721     0.2271604984998703     1.600456833839417
643     -0.5049412250518799      0.0008912005578167737     0.2359568029642105     1.699509143829346
644     -0.5043067336082458      0.0004153334302827716     0.2330247163772583     1.76500403881073
645     -0.504274845123291      0.002005201764404774     0.2308127880096436     1.720238924026489
646     -0.50495445728302      -0.001381334266625345     0.2222222536802292     1.647453308105469
647     -0.5046476125717163      0.0009834675583988428     0.2362654358148575     1.598544716835022
648     -0.5044965744018555      -2.299964944540989e-05     0.225617304444313     1.74691915512085
649     -0.504557192325592      -0.0001352001418126747     0.2330761551856995     1.778892397880554
650     -0.5046178698539734      0.001448534778319299     0.2391975522041321     1.705729842185974
651     -0.5043651461601257      0.002264935057610273     0.2294238954782486     1.683192491531372
652     -0.5052831172943115      -9.493326069787145e-05     0.2235082387924194     1.606026887893677
653     -0.504849374294281      -7.993307372089475e-05     0.2372428178787231     1.608866214752197
654     -0.5043042302131653      -0.001215062802657485     0.2242798507213593     1.635341286659241
655     -0.5049123167991638      2.766639408946503e-05     0.226440355181694     1.64564323425293
656     -0.504458487033844      -0.0002789335267152637     0.2277263551950455     1.715520620346069
657     -0.5046491026878357      0.0005479308892972767     0.2156378775835037     1.777289867401123
658     -0.5045915246009827      -0.0008906000293791294     0.2294238954782486     1.642681837081909
659     -0.50453120470047      0.0008046665461733937     0.2233024835586548     1.616544604301453
660     -0.5048114657402039      0.0005478676757775247     0.2373971343040466     1.660401344299316
661     -0.5049384832382202      0.0007348674698732793     0.2334876656532288     1.654081583023071
662     -0.5047318935394287      -0.0004387995868455619     0.2355967164039612     1.616477489471436
663     -0.5044628977775574      0.000606000074185431     0.2342078387737274     1.645995259284973
664     -0.5047333836555481      0.001192399067804217     0.2287551611661911     1.773950576782227
665     -0.5046085715293884      0.0005035991780459881     0.2220679074525833     1.687650918960571
666     -0.5047151446342468      0.0003446645278017968     0.2379629760980606     1.688247442245483
667     -0.5047627687454224      -0.000814397819340229     0.2291152477264404     1.729081273078918
668     -0.5045630931854248      -4.20682190451771e-05     0.2365740984678268     1.643552303314209
669     -0.5048984289169312      0.0009236660553142428     0.227880671620369     1.629813432693481
670     -0.5045088529586792      9.56659932853654e-05     0.2214506417512894     1.70064389705658
671     -0.5048776268959045      -6.346644659060985e-05     0.235802486538887     1.720487475395203
672     -0.5047658681869507      -0.0005588666535913944     0.2243313044309616     1.680698871612549
673     -0.5046558976173401      0.0007151333265937865     0.2256687432527542     1.678858995437622
674     -0.504589319229126      -0.0006621340289711952     0.2241769880056381     1.720012664794922
675     -0.5050399303436279      5.093317668070085e-05     0.2272119522094727     1.68454921245575
676     -0.5047227740287781      0.0003449332434684038     0.2353909760713577     1.694998025894165
677     -0.5050987005233765      -0.0005270010442472994     0.2352366596460342     1.6897794008255
678     -0.5046193599700928      -0.0006106668151915073     0.2225308865308762     1.727201223373413
679     -0.5048821568489075      -0.0009145317599177361     0.2300411760807037     1.724959135055542
680     -0.5043712854385376      -0.0001402013003826141     0.2277263551950455     1.694862604141235
681     -0.5045981407165527      0.0005299997283145785     0.2295267730951309     1.74883508682251
682     -0.504850447177887      -0.0006097311852499843     0.2338477522134781     1.794251799583435
683     -0.5045790076255798      0.0005511998315341771     0.236368328332901     1.671238660812378
684     -0.5047519207000732      -0.001539266784675419     0.2285493910312653     1.664210319519043
685     -0.5048812627792358      -0.0004410004185047001     0.2272633910179138     1.703121066093445
686     -0.5045461654663086      -0.0004448005056474358     0.2310699820518494     1.628891110420227
687     -0.504606306552887      -0.0008579330169595778     0.2299382984638214     1.640147089958191
688     -0.5047471523284912      -0.001542932935990393     0.2247428148984909     1.681777954101562
689     -0.5046997666358948      0.0002971994690597057     0.2346193641424179     1.734529495239258
690     -0.5052064061164856      0.002201932482421398     0.2328189462423325     1.65619695186615
691     -0.5050936937332153      -0.001258333795703948     0.2307098954916     1.636106729507446
692     -0.5046181678771973      0.000554664758965373     0.2287037223577499     1.78252637386322
693     -0.50472092628479      0.000572600809391588     0.2303498089313507     1.679779410362244
694     -0.504683256149292      -0.000141132200951688     0.2333847880363464     1.645273089408875
695     -0.5045138597488403      -0.0003894006949849427     0.2304527014493942     1.738788843154907
696     -0.5048934817314148      -0.0009936671704053879     0.2347222566604614     1.774040222167969
697     -0.5047816634178162      0.0001803996128728613     0.2354938536882401     1.70318603515625
698     -0.5046247839927673      0.0001273337547900155     0.2373457103967667     1.706172227859497
699     -0.5050548315048218      -0.001031132880598307     0.2335905581712723     1.626966118812561
700     -0.5051063895225525      0.000398332515032962     0.2340020686388016     1.624350428581238
701     -0.5044683218002319      -0.0009978666203096509     0.2339506447315216     1.597038865089417
702     -0.5042061805725098      0.0004518663918133825     0.2354938536882401     1.715274453163147
703     -0.5048609375953674      0.000369399378541857     0.2258745133876801     1.755810260772705
704     -0.5046161413192749      -0.0009492668323218822     0.2330761551856995     1.623826146125793
705     -0.5048730969429016      0.001498798839747906     0.2349279969930649     1.675412654876709
706     -0.5047628283500671      -0.0005159329157322645     0.2383745163679123     1.664928436279297
707     -0.5044337511062622      -0.0004629333561751992     0.2266975492238998     1.645327925682068
708     -0.5047446489334106      -0.0006225310498848557     0.2306070178747177     1.667869329452515
709     -0.5045921206474304      0.0009444669703952968     0.2334362417459488     1.69310462474823
710     -0.5048622488975525      0.0001034676024573855     0.226491779088974     1.788273930549622
711     -0.5049073100090027      -3.220001599402167e-05     0.2233539223670959     1.659497857093811
712     -0.5046210885047913      -0.0002770001592580229     0.2287551611661911     1.696290373802185
713     -0.5048778057098389      0.0008652682299725711     0.2349794507026672     1.688640594482422
714     -0.5046106576919556      -0.001417801366187632     0.2355967164039612     1.777051210403442
715     -0.5043738484382629      0.0009555323049426079     0.2289609163999557     1.759546875953674
716     -0.5045827627182007      -0.0002774666354525834     0.2302469313144684     1.652883172035217
717     -0.5046426653862      0.0006382670253515244     0.2319444566965103     1.583243370056152
718     -0.5043485164642334      0.0001199999387608841     0.2339506447315216     1.779770016670227
719     -0.504837691783905      -0.001125997630879283     0.2250000238418579     1.767906427383423
720     -0.5043336749076843      -0.0009996657026931643     0.2323559820652008     1.727278470993042
721     -0.5050171613693237      0.0003163327928632498     0.2311214208602905     1.760300397872925
722     -0.504619836807251      0.0006256013293750584     0.2311214208602905     1.67767333984375
723     -0.5048428773880005      -0.0005486002773977816     0.2343107163906097     1.75325083732605
724     -0.5047745704650879      -0.0003246001433581114     0.2262345850467682     1.548417687416077
725     -0.5048399567604065      0.0001903333904920146     0.2321502268314362     1.717119336128235
726     -0.5047317743301392      0.0002128652267856523     0.2326131761074066     1.668888807296753
727     -0.5046591758728027      0.0002965333696920425     0.2279835641384125     1.690106153488159
728     -0.5047851204872131      2.206674435001332e-05     0.2341563850641251     1.659856557846069
729     -0.5047319531440735      -0.00101273285690695     0.2289094775915146     1.6432044506073
730     -0.5047600865364075      -0.0002893326745834202     0.2287037223577499     1.705141305923462
731     -0.5044185519218445      -0.0009832007344812155     0.2324588596820831     1.704005837440491
732     -0.5048099756240845      0.0001895332970889285     0.2250514477491379     1.595909237861633
733     -0.5046764612197876      4.793291373061948e-05     0.231018528342247     1.647421836853027
734     -0.5046842098236084      0.0008548642508685589     0.226491779088974     1.66084897518158
735     -0.504471480846405      0.0004849988326895982     0.2322531193494797     1.66547429561615
736     -0.5047925114631653      -0.0008171338122338057     0.2386317104101181     1.67339825630188
737     -0.5045661330223083      -0.001400131732225418     0.2367798388004303     1.711013674736023
738     -0.5046098232269287      -0.0004587347211781889     0.231584370136261     1.683030486106873
739     -0.5047289133071899      0.000765133707318455     0.2190329432487488     1.709200501441956
740     -0.5045388340950012      0.0008342000655829906     0.2396605163812637     1.732961297035217
741     -0.5044906139373779      -0.000644067011307925     0.2355967164039612     1.754170060157776
742     -0.5045467019081116      -0.0009726674761623144     0.2246913909912109     1.71758759021759
743     -0.5047633647918701      -0.0009810646297410131     0.2327675223350525     1.654284954071045
744     -0.504933774471283      0.0001124007903854363     0.2354938536882401     1.764250159263611
745     -0.5049126148223877      0.0009934655390679836     0.2296810895204544     1.654157400131226
746     -0.5047219395637512      -0.0001235336094396189     0.2219135910272598     1.668850064277649
747     -0.5044219493865967      0.0005814656615257263     0.2246399372816086     1.664051651954651
748     -0.5047779679298401      8.54666213854216e-05     0.2322531193494797     1.555233359336853
749     -0.5049135684967041      -2.613347533042543e-05     0.2290123701095581     1.782742619514465
750     -0.5048720836639404      -0.0005757987382821739     0.2415123730897903     1.735176801681519
751     -0.5045666694641113      0.0003648008860182017     0.237448588013649     1.674993991851807
752     -0.504824161529541      -0.0005188677459955215     0.2276234775781631     1.670868277549744
753     -0.5048737525939941      0.001433998928405344     0.2245884984731674     1.695664405822754
754     -0.5047773718833923      -0.0004482672084122896     0.2359568029642105     1.599984407424927
755     -0.5044825077056885      -5.526577297132462e-05     0.2330761551856995     1.724615097045898
756     -0.5043438673019409      0.0009656668407842517     0.2337448745965958     1.725142359733582
757     -0.5045878887176514      0.0003592663560993969     0.22592593729496     1.567332625389099
758     -0.5045148134231567      0.0001156000580522232     0.2241255342960358     1.565375804901123
759     -0.5045528411865234      -0.0002399335353402421     0.2339506447315216     1.675166964530945
760     -0.5042740702629089      -0.0004429333203006536     0.2351337671279907     1.690198421478271
761     -0.504604697227478      0.0008268012315966189     0.2225308865308762     1.795574188232422
762     -0.504544734954834      -0.0003523332998156548     0.2324588596820831     1.621996879577637
763     -0.5045900940895081      -0.0001307331986026838     0.2327675223350525     1.66411817073822
764     -0.5047865509986877      0.0008968659094534814     0.2350308895111084     1.636782169342041
765     -0.5045723915100098      -0.0009208663832396269     0.2257716208696365     1.82628607749939
766     -0.5044664144515991      0.0007524000247940421     0.2367284148931503     1.6623774766922
767     -0.5045809149742126      0.0008042666013352573     0.231841579079628     1.621587514877319
768     -0.504538357257843      0.001055198488757014     0.2314815074205399     1.75706148147583
769     -0.5047000050544739      -0.001207335735671222     0.2388374656438828     1.656669616699219
770     -0.5045009851455688      1.793320734577719e-05     0.2258745133876801     1.730111956596375
771     -0.5046499967575073      -0.0001705995236989111     0.2282921969890594     1.692916631698608
772     -0.5047051310539246      0.001289264881052077     0.2242284119129181     1.8084636926651
773     -0.5048723816871643      -0.0006170003325678408     0.2303498089313507     1.604462862014771
774     -0.5046277046203613      -0.0008312668651342392     0.2290123701095581     1.610704064369202
775     -0.5045148730278015      -0.0003045340126845986     0.2274177074432373     1.773719549179077
776     -0.5045372843742371      -3.586805178201757e-05     0.231275737285614     1.683314561843872
777     -0.5048588514328003      0.0002376667835051194     0.2419238835573196     1.561679363250732
778     -0.5048454999923706      0.000452331907581538     0.2308642119169235     1.614409804344177
779     -0.5045723915100098      0.0008288653916679323     0.2296296358108521     1.702980756759644
780     -0.5046463012695312      -0.0001027336911647581     0.2265432327985764     1.825234174728394
781     -0.5048123598098755      -0.0007198668317869306     0.2222736775875092     1.751256823539734
782     -0.5046680569648743      -0.0004313323879614472     0.2319959104061127     1.676467180252075
783     -0.5044339895248413      -0.0001996666978811845     0.2378601133823395     1.812605500221252
784     -0.5046453475952148      8.159961726050824e-05     0.2333847880363464     1.705258131027222
785     -0.5045861005783081      -0.0002822000242304057     0.2289094775915146     1.645099878311157
786     -0.5044173002243042      -0.0003153337747789919     0.2316872626543045     1.682439804077148
787     -0.5045245289802551      -0.00185033050365746     0.2292181253433228     1.710066437721252
788     -0.5051118135452271      -0.001087735174223781     0.2258745133876801     1.724350929260254
789     -0.5047668218612671      -0.001320598414167762     0.2320473492145538     1.642600893974304
790     -0.5044675469398499      5.380013681133278e-05     0.2373457103967667     1.638124346733093
791     -0.5044339299201965      -0.000102533093013335     0.2349279969930649     1.629949927330017
792     -0.5049778819084167      0.001595467212609947     0.2426954954862595     1.646008253097534
793     -0.5044965147972107      -0.000241467118030414     0.2228909730911255     1.748055696487427
794     -0.5046414732933044      0.001565131824463606     0.2417695671319962     1.605592250823975
795     -0.5045537352561951      0.0002623993204906583     0.22592593729496     1.547088503837585
796     -0.5044474005699158      -0.0002242003101855516     0.2316872626543045     1.700025916099548
797     -0.5046721696853638      -0.000865799724124372     0.2287551611661911     1.647897124290466
798     -0.5045608878135681      0.0002682010526768863     0.226491779088974     1.696360349655151
799     -0.5045590996742249      -0.0004929337301291525     0.2234568148851395     1.638090491294861
800     -0.5051840543746948      0.0008928007446229458     0.2362654358148575     1.765950798988342
801     -0.5047479271888733      0.0004070681752637029     0.2394547462463379     1.797909617424011
802     -0.504788875579834      0.0001677325781201944     0.2275205850601196     1.681162118911743
803     -0.5045285820960999      -0.001035333261825144     0.2305555790662766     1.686718463897705
804     -0.5046377182006836      -0.0004795333952642977     0.2307613343000412     1.688453078269958
805     -0.5043215155601501      0.0005360669456422329     0.2371399402618408     1.673230409622192
806     -0.5048574805259705      0.0001908003323478624     0.2319444566965103     1.716955065727234
807     -0.5044764280319214      -0.0008314662845805287     0.2333847880363464     1.625783681869507
808     -0.5044867396354675      -0.0009852657094597816     0.2295267730951309     1.682864308357239
809     -0.5045676231384277      -0.000985998660326004     0.2385288327932358     1.707936525344849
810     -0.5048341155052185      -0.002133402274921536     0.2289094775915146     1.687222361564636
811     -0.5047629475593567      -0.0003571333945728838     0.2197531163692474     1.634965538978577
812     -0.5049828886985779      4.86721455672523e-06     0.2365226447582245     1.656913280487061
813     -0.5045306086540222      -0.0004501345101743937     0.2273662686347961     1.728397488594055
814     -0.5040593147277832      0.001102864742279053     0.2289609163999557     1.620824813842773
815     -0.5047337412834167      -0.0009501990280114114     0.2343107163906097     1.617397427558899
816     -0.5045434236526489      -0.0009947333019226789     0.2314300537109375     1.717663764953613
817     -0.5045785307884216      0.0007297998527064919     0.2300926148891449     1.685376286506653
818     -0.504993736743927      0.0003234664909541607     0.2327675223350525     1.780728459358215
819     -0.5047780275344849      0.0004840008041355759     0.227572038769722     1.724279403686523
820     -0.5047749280929565      -0.001803398947231472     0.2304012477397919     1.592484354972839
821     -0.5043233633041382      -0.0002158006391255185     0.222479447722435     1.662274956703186
822     -0.5047229528427124      0.0003939337620977312     0.2375514507293701     1.633397936820984
823     -0.5045662522315979      -0.0009330007014796138     0.2280864417552948     1.709518432617188
824     -0.504658579826355      0.001691665383987129     0.2276234775781631     1.659620642662048
825     -0.5042545795440674      -0.0005993326776660979     0.2332819253206253     1.479637742042542
826     -0.5047725439071655      0.0005722656496800482     0.2237654477357864     1.659316778182983
827     -0.5048018097877502      -0.001299336086958647     0.2320473492145538     1.662534236907959
828     -0.5047281980514526      -8.38667547213845e-05     0.2407407611608505     1.640725374221802
829     -0.5044803619384766      -0.0003767999296542257     0.2250000238418579     1.643842101097107
830     -0.5044589638710022      7.900007767602801e-05     0.2298868447542191     1.730991721153259
831     -0.5045520663261414      0.0001752665993990377     0.2363168895244598     1.677414178848267
832     -0.5047897696495056      3.420073335291818e-05     0.2307098954916     1.730173349380493
833     -0.5045287013053894      -0.001351064187474549     0.2300411760807037     1.748229503631592
834     -0.5047813057899475      0.0004949328722432256     0.2308642119169235     1.691506147384644
835     -0.5043765902519226      -0.0008954663062468171     0.227880671620369     1.65325939655304
836     -0.5048342943191528      0.001433066790923476     0.2195987701416016     1.747742652893066
837     -0.5043735504150391      0.000114333612145856     0.2271604984998703     1.790626406669617
838     -0.5048096776008606      -0.0001797330914996564     0.2407921999692917     1.612774729728699
839     -0.504793643951416      9.859986312221736e-05     0.2319959104061127     1.678978562355042
840     -0.5044570565223694      -0.000393531983718276     0.2272633910179138     1.69112241268158
841     -0.5045450925827026      0.001034599263221025     0.245679035782814     1.732592940330505
842     -0.5047550201416016      -0.0009146001539193094     0.2203189432621002     1.689716577529907
843     -0.5049719214439392      -0.0004768663202412426     0.2387860268354416     1.76520049571991
844     -0.5047371983528137      0.0001296687842113897     0.2401234805583954     1.863588333129883
845     -0.5047031044960022      -0.0001009330226224847     0.2262345850467682     1.642276406288147
846     -0.5047182440757751      0.001027735183015466     0.2367798388004303     1.607059359550476
847     -0.5044829845428467      3.73336260963697e-05     0.2320473492145538     1.71764612197876
848     -0.5050345659255981      0.0005148644559085369     0.2255144268274307     1.707880973815918
849     -0.5044575929641724      0.000440665113274008     0.2290123701095581     1.675625681877136
850     -0.504564642906189      -7.306725456146523e-05     0.2263889163732529     1.707780718803406
851     -0.5044957399368286      0.0006228007841855288     0.2429527044296265     1.699425935745239
852     -0.5047301650047302      0.0002032658521784469     0.2221707999706268     1.682294487953186
853     -0.5049840211868286      0.0004760656447615474     0.2244341820478439     1.628617405891418
854     -0.5049446821212769      -0.0005509338225238025     0.2336934357881546     1.69940185546875
855     -0.5045581459999084      -0.0002772001316770911     0.2247428148984909     1.709094524383545
856     -0.504632830619812      0.0007100661750882864     0.2268518656492233     1.673925757408142
857     -0.504805326461792      0.0008854668121784925     0.2320473492145538     1.695361375808716
858     -0.504568338394165      0.0006388001493178308     0.2343107163906097     1.745250463485718
859     -0.504194438457489      0.0004447343235369772     0.2329732626676559     1.785926580429077
860     -0.5046509504318237      0.0001277330738957971     0.2285493910312653     1.689224123954773
861     -0.5049471855163574      0.0007970004808157682     0.226440355181694     1.70208477973938
862     -0.504274308681488      9.860087448032573e-05     0.2419753223657608     1.793368220329285
863     -0.5045733451843262      -0.001249867375008762     0.2356996089220047     1.733172416687012
864     -0.5042902231216431      0.001330733299255371     0.2282921969890594     1.660944938659668
865     -0.5048538446426392      0.001080798800103366     0.2313271909952164     1.62456214427948
866     -0.5048244595527649      0.0003094660642091185     0.2391461133956909     1.649506211280823
867     -0.5047123432159424      -0.0006878003478050232     0.2351337671279907     1.732328176498413
868     -0.5048345327377319      -0.0002658660523593426     0.2396605163812637     1.733296990394592
869     -0.5048505663871765      -0.0003387343604117632     0.2273662686347961     1.677575707435608
870     -0.5046467781066895      0.0003639992792159319     0.2357510328292847     1.650768756866455
871     -0.5047318339347839      -0.0008499328978359699     0.2319959104061127     1.694498419761658
872     -0.5046346783638      -0.001053466112352908     0.2332304716110229     1.781014323234558
873     -0.5044105648994446      0.001083600101992488     0.2340020686388016     1.678137898445129
874     -0.5048195123672485      0.0001113332400564104     0.2342592775821686     1.68977153301239
875     -0.5045612454414368      0.0003587999672163278     0.2288065999746323     1.645068168640137
876     -0.5044259428977966      4.400008037919179e-05     0.2381687462329865     1.698959112167358
877     -0.5051512122154236      -0.0008617338608019054     0.235802486538887     1.667064428329468
878     -0.5046247243881226      -1.806547697924543e-05     0.2290638089179993     1.644427061080933
879     -0.505115270614624      -0.0008218653965741396     0.2336419820785522     1.763352513313293
880     -0.5047817826271057      0.001036733272485435     0.2373971343040466     1.727053880691528
881     -0.5049590468406677      -1.699936728982721e-05     0.2291666865348816     1.64087450504303
882     -0.504672646522522      0.001970471348613501     0.226440355181694     1.707359075546265
883     -0.5050020217895508      -8.460049139102921e-05     0.2243313044309616     1.672982215881348
884     -0.5043640732765198      0.0004226016462780535     0.2379629760980606     1.752301096916199
885     -0.5043975710868835      -0.0009963337797671556     0.2199588567018509     1.749644041061401
886     -0.5046761631965637      -5.413432882050984e-05     0.2351852059364319     1.720273613929749
887     -0.5044997930526733      -0.0001004002260742709     0.2265946716070175     1.707640409469604
888     -0.5046526789665222      -1.033352691592881e-05     0.2376543432474136     1.929745078086853
889     -0.5045322179794312      -0.0002314667653990909     0.231018528342247     1.644919157028198
890     -0.5048795938491821      0.0003788663889281452     0.2355452924966812     1.605854153633118
891     -0.5049822926521301      -0.0005874010967090726     0.2248457074165344     1.592319130897522
892     -0.5043760538101196      -6.333519195322879e-06     0.2418724596500397     1.620863795280457
893     -0.5049059391021729      0.0004411994596011937     0.2330247163772583     1.598759293556213
894     -0.5049827098846436      -0.0001116005150834098     0.231584370136261     1.821646690368652
895     -0.5048621892929077      0.0002781336952466518     0.2366255223751068     1.622961401939392
896     -0.5047606825828552      -0.0005652002291753888     0.2394547462463379     1.665473461151123
897     -0.5047773122787476      0.0004259331326466054     0.2335905581712723     1.673845648765564
898     -0.5044267773628235      -0.0009702672250568867     0.2269547581672668     1.600927352905273
899     -0.50449138879776      -0.0004526009142864496     0.2244341820478439     1.653218865394592
900     -0.5046225190162659      -0.0003616663161665201     0.2388374656438828     1.664479970932007
901     -0.5045453310012817      0.0007721997681073844     0.2251029014587402     1.704783320426941
902     -0.5047539472579956      0.0009612669236958027     0.2375514507293701     1.731543779373169
903     -0.504770040512085      -0.0004264664312358946     0.232921838760376     1.855536103248596
904     -0.5046952962875366      0.0007385324570350349     0.2323559820652008     1.581956028938293
905     -0.5045522451400757      0.0001310004736296833     0.2288065999746323     1.700986623764038
906     -0.5045705437660217      0.0003305325808469206     0.2280864417552948     1.67824125289917
907     -0.5043740272521973      0.001095998333767056     0.2313271909952164     1.796042919158936
908     -0.5043760538101196      -0.0003187338588759303     0.2372428178787231     1.687093734741211
909     -0.5045734643936157      0.0004460673371795565     0.2366255223751068     1.664987802505493
910     -0.5045088529586792      0.0006710677989758551     0.2350823134183884     1.60533607006073
911     -0.5045590996742249      -0.0009155329898931086     0.2262345850467682     1.578057885169983
912     -0.5047842264175415      0.001119733205996454     0.2260288298130035     1.671832203865051
913     -0.5046759843826294      -0.0004858009924646467     0.2292695790529251     1.654055714607239
914     -0.5045621991157532      -0.0005866668070666492     0.2385802567005157     1.698828935623169
915     -0.5047269463539124      0.0005689345416612923     0.228137880563736     1.57340133190155
916     -0.5046946406364441      0.0004691988287959248     0.2336934357881546     1.672304630279541
917     -0.505148708820343      -0.0009750677854754031     0.2290123701095581     1.729571104049683
918     -0.5043490529060364      0.000740465649869293     0.2230967134237289     1.581802129745483
919     -0.5049793124198914      8.66669142851606e-05     0.2356996089220047     1.685612320899963
920     -0.5046011805534363      -0.0005253329873085022     0.2290638089179993     1.68170964717865
921     -0.5046678185462952      0.0003032000386156142     0.2344135940074921     1.709025263786316
922     -0.5044302344322205      0.0005765328533016145     0.2315329313278198     1.548311471939087
923     -0.5044108033180237      -0.001061199465766549     0.2339506447315216     1.59448516368866
924     -0.5047199130058289      -0.001267396961338818     0.2322531193494797     1.718507170677185
925     -0.5047396421432495      -0.0002823340764734894     0.2257716208696365     1.816027164459229
926     -0.5046724677085876      -0.0008770652348175645     0.2316872626543045     1.65083110332489
927     -0.5047408938407898      -0.0004204688011668622     0.2289609163999557     1.674525380134583
928     -0.5049207210540771      2.060007318505086e-05     0.2321502268314362     1.67115318775177
929     -0.504484236240387      -0.0007988668512552977     0.2325617522001266     1.624908208847046
930     -0.5048355460166931      0.000204933385248296     0.2234568148851395     1.721723198890686
931     -0.5049861073493958      0.0009434663224965334     0.2304527014493942     1.709269523620605
932     -0.5045956373214722      0.002442534314468503     0.2270061820745468     1.674373745918274
933     -0.504666805267334      0.0009349333704449236     0.242283970117569     1.7260502576828
934     -0.504676342010498      0.0005784668610431254     0.2265432327985764     1.715741157531738
935     -0.5050055980682373      0.0002045999572146684     0.227572038769722     1.562044620513916
936     -0.504555881023407      0.0003306011494714767     0.2332304716110229     1.782588243484497
937     -0.504799485206604      0.0002253996790386736     0.2295267730951309     1.776441097259521
938     -0.5045694708824158      -0.001235266565345228     0.2372428178787231     1.663945913314819
939     -0.504856288433075      -0.000542266818229109     0.2354423999786377     1.777536749839783
940     -0.5047505497932434      -0.0002819328219629824     0.2313786149024963     1.724110722541809
941     -0.5048598051071167      0.0009958673035725951     0.2250514477491379     1.789154171943665
942     -0.5049143433570862      0.0008805996621958911     0.2219135910272598     1.666074872016907
943     -0.5047359466552734      0.0005612003151327372     0.2332304716110229     1.619442224502563
944     -0.5044508576393127      -0.0004506671684794128     0.2301954925060272     1.642982363700867
945     -0.5047896504402161      0.0007819319725967944     0.2336419820785522     1.660979866981506
946     -0.5051297545433044      0.001013865577988327     0.2248971313238144     1.691898703575134
947     -0.5044969320297241      -0.00022493363940157     0.2332304716110229     1.772285461425781
948     -0.5046977400779724      0.0008896673680283129     0.2426440417766571     1.597806692123413
949     -0.5048052072525024      -0.0003141321067232639     0.2338991910219193     1.739498496055603
950     -0.50431227684021      -0.0007059998461045325     0.2298354059457779     1.622320771217346
951     -0.5047060251235962      -0.0009454003302380443     0.2315329313278198     1.757806420326233
952     -0.5047158598899841      0.0002544661110732704     0.2394033223390579     1.795423030853271
953     -0.5051301121711731      0.0005263332277536392     0.2325103133916855     1.741513133049011
954     -0.5046690106391907      4.400076795718633e-05     0.2299897223711014     1.594159126281738
955     -0.5042909383773804      0.0003764000430237502     0.2285493910312653     1.68389904499054
956     -0.5048030018806458      -0.0006794670480303466     0.2414094805717468     1.695754528045654
957     -0.5048897862434387      -0.001309265266172588     0.2469135969877243     1.666457414627075
958     -0.5046593546867371      0.0002955992822535336     0.2333847880363464     1.588037610054016
959     -0.5046899318695068      -0.0005796004552394152     0.2297839820384979     1.840142607688904
960     -0.5049727559089661      0.001593599212355912     0.2282407581806183     1.745581865310669
961     -0.5046370029449463      -0.0009793320205062628     0.2364712059497833     1.598613739013672
962     -0.5048125386238098      -0.001208333182148635     0.2351337671279907     1.79630434513092
963     -0.5043931603431702      8.566828910261393e-05     0.2351852059364319     1.686053514480591
964     -0.5045701265335083      -0.0003445337351877242     0.2371399402618408     1.675574064254761
965     -0.5044974088668823      0.0003117323794867843     0.2342592775821686     1.683001637458801
966     -0.5044273138046265      -0.001001866068691015     0.2371399402618408     1.729800820350647
967     -0.5047150254249573      0.0005912659107707441     0.2343621551990509     1.752561330795288
968     -0.5045194029808044      -0.001111332443542778     0.2329732626676559     1.657069325447083
969     -0.5050369501113892      -0.0001427328825229779     0.2172325253486633     1.666131615638733
970     -0.5047518014907837      -0.001401734189130366     0.2352880835533142     1.722859501838684
971     -0.504599928855896      0.0002090679627144709     0.2225823104381561     1.723646998405457
972     -0.5047379732131958      -7.293336238944903e-05     0.2327675223350525     1.795206069946289
973     -0.5047792792320251      0.0008511344785802066     0.2348765730857849     1.792768239974976
974     -0.5045093297958374      -0.0005136660765856504     0.2400720417499542     1.617553114891052
975     -0.5047098994255066      0.0001652663195272908     0.2276234775781631     1.67637825012207
976     -0.5048585534095764      -0.0003106005606241524     0.2161008566617966     1.670074701309204
977     -0.5047240257263184      0.0006564677460119128     0.2316872626543045     1.717567086219788
978     -0.5047181844711304      0.0003125995281152427     0.2266461253166199     1.695087432861328
979     -0.5046700239181519      0.001109864795580506     0.232664629817009     1.580281615257263
980     -0.5043600797653198      6.066659625503235e-05     0.2302983850240707     1.611244320869446
981     -0.5041253566741943      -0.001647803583182395     0.2317901402711868     1.608845353126526
982     -0.5039941072463989      -0.001130000688135624     0.2342592775821686     1.639573216438293
983     -0.504744291305542      -0.001304734963923693     0.2333333492279053     1.721261858940125
984     -0.505026638507843      -0.000420000113081187     0.2306070178747177     1.701798319816589
985     -0.5048764944076538      0.0001722000306472182     0.2294753193855286     1.663487315177917
986     -0.5045194625854492      -0.0004877324099652469     0.231841579079628     1.69861900806427
987     -0.504517674446106      -0.001378134707920253     0.2417181134223938     1.685422897338867
988     -0.5043436884880066      -0.001014266279526055     0.2354938536882401     1.793377876281738
989     -0.5043734312057495      -0.0008520673145540059     0.2327675223350525     1.594380855560303
990     -0.5047062039375305      6.400030088116182e-06     0.2273148447275162     1.679295539855957
991     -0.5043516159057617      -5.813293319079094e-05     0.2299897223711014     1.704006791114807
992     -0.5049883127212524      -0.0001593992783455178     0.2241769880056381     1.625293493270874
993     -0.5044301748275757      -0.0004200000839773566     0.2347736805677414     1.731839656829834
994     -0.5047433972358704      0.0007316002738662064     0.232664629817009     1.660775184631348
995     -0.5045655965805054      -0.001507729175500572     0.2317387014627457     1.744224309921265
996     -0.5044091939926147      0.000274267076747492     0.2302983850240707     1.606650829315186
997     -0.5044474601745605      -0.001234599389135838     0.2293724417686462     1.630853176116943
998     -0.5044206380844116      0.0008359981584362686     0.2311728447675705     1.678288459777832
999     -0.5046483874320984      -0.002004927722737193     0.2316872626543045     1.62228000164032
1000     -0.5048827528953552      -0.000176333705894649     0.2355967164039612     1.728490591049194
