#Sweep   Energia    Magn X    Magn Y
1 -0.424 -0.000707 -0.000345
2 -0.424 0.000297 0.000544
3 -0.424 0.000574 0.000192
4 -0.424 -0.000462 -0.00027
5 -0.424 0.000171 -0.000101
6 -0.424 0.000123 0.000322
7 -0.424 -0.00101 -0.000204
8 -0.424 -0.000318 0.000525
9 -0.424 -0.00025 -0.000342
10 -0.425 -0.000677 9.18e-05
11 -0.424 0.000387 -0.000234
12 -0.424 -0.000388 0.0014
13 -0.424 0.000359 0.000222
14 -0.424 0.000135 0.000491
15 -0.424 0.000717 0.000589
16 -0.424 -8.95e-05 -0.000569
17 -0.424 0.000454 0.000211
18 -0.424 -0.000209 -0.000782
19 -0.424 0.000622 0.000876
20 -0.424 0.000114 -0.000208
21 -0.425 -0.000717 -5.93e-05
22 -0.424 0.000289 7.08e-05
23 -0.424 0.000641 0.000528
24 -0.424 0.000765 -0.00156
25 -0.425 -0.000276 -0.000167
26 -0.424 -9.51e-05 0.000202
27 -0.425 0.000801 0.000561
28 -0.424 -0.000562 0.0001
29 -0.424 -0.0007 -0.000141
30 -0.424 0.000795 -0.000203
31 -0.424 7.76e-05 0.00029
32 -0.424 0.000562 0.000466
33 -0.424 0.000395 0.000349
34 -0.424 0.000454 0.000998
35 -0.424 -0.00138 0.000854
36 -0.425 0.000654 -0.000573
37 -0.425 -0.000376 1.94e-05
38 -0.425 0.000293 0.000496
39 -0.424 -0.000515 0.00076
40 -0.424 0.000366 -0.00068
41 -0.424 -0.000184 0.000616
42 -0.424 -0.000272 0.000206
43 -0.424 0.000361 0.000303
44 -0.424 -0.000493 0.000151
45 -0.425 0.000254 0.000554
46 -0.424 -0.00103 -0.000117
47 -0.424 0.00012 0.000666
48 -0.424 -0.000164 0.000344
49 -0.424 -1.32e-05 -0.000443
50 -0.424 -5.7e-05 -0.000776
51 -0.425 0.000178 -0.000743
52 -0.424 0.000268 -7.72e-06
53 -0.424 -0.000127 -0.000282
54 -0.424 0.000242 -1.94e-05
55 -0.424 0.000218 0.000548
56 -0.425 0.000102 -0.000207
57 -0.424 -0.00077 0.0011
58 -0.425 -0.000703 0.000522
59 -0.424 0.000869 -0.000839
60 -0.424 -0.000328 -0.00047
61 -0.425 -0.000907 0.000609
62 -0.425 -0.000281 0.000192
63 -0.424 0.000194 0.000101
64 -0.424 -0.00091 0.000615
65 -0.424 -0.000658 0.000809
66 -0.424 0.000736 0.00047
67 -0.424 -0.000143 0.000968
68 -0.424 -0.000204 -0.000274
69 -0.424 -0.000867 0.000249
70 -0.424 -0.000623 0.000295
71 -0.424 0.000283 -0.000245
72 -0.424 0.000121 -0.000267
73 -0.424 0.000631 0.000306
74 -0.423 3.56e-05 -0.000152
75 -0.424 0.000501 -0.000408
76 -0.424 0.000735 -3.75e-05
77 -0.424 -0.000561 0.000113
78 -0.424 0.000253 -5.51e-05
79 -0.424 -0.000336 -0.000267
80 -0.424 -0.000164 0.000206
81 -0.424 0.000182 2.49e-05
82 -0.424 7.79e-05 0.000909
83 -0.424 0.000531 -0.000132
84 -0.424 0.000522 9.84e-05
85 -0.424 8.65e-05 0.000941
86 -0.424 0.00102 0.000811
87 -0.424 -0.000155 -9.84e-05
88 -0.424 -0.000522 -0.000725
89 -0.424 -0.000257 -0.000503
90 -0.424 0.000364 -0.000186
91 -0.424 -0.000471 0.0004
92 -0.424 -0.000169 9.03e-05
93 -0.424 -0.000485 -0.000438
94 -0.424 -0.000451 0.000215
95 -0.424 -0.00117 0.000187
96 -0.424 -0.000647 0.000106
97 -0.424 0.000276 -0.000381
98 -0.425 -0.000634 -0.000681
99 -0.424 -0.000138 -0.00012
100 -0.424 -0.000694 -0.000769
101 -0.424 -0.000623 2.69e-05
102 -0.424 0.000833 0.000324
103 -0.424 0.00054 -0.000803
104 -0.424 0.000708 -0.000848
105 -0.424 0.000418 0.0014
106 -0.424 -0.00012 0.000529
107 -0.424 -0.000788 0.000614
108 -0.424 -0.000269 0.000145
109 -0.424 5.97e-05 0.000204
110 -0.424 -0.000658 -0.000386
111 -0.424 -4.52e-05 0.000619
112 -0.424 0.000358 -0.000102
113 -0.424 -0.000762 0.00104
114 -0.424 0.000345 -0.000281
115 -0.424 -0.00134 0.000818
116 -0.424 -0.000422 0.000432
117 -0.425 0.000423 0.00064
118 -0.424 7.78e-05 -0.000845
119 -0.424 -5.05e-05 0.000327
120 -0.424 -0.000124 0.000133
121 -0.424 0.000479 -0.000151
122 -0.424 0.000341 -6.84e-05
123 -0.424 -0.000465 -0.000369
124 -0.424 0.000285 -4.51e-05
125 -0.424 8.1e-05 -0.000179
126 -0.424 -0.000157 0.000148
127 -0.424 1.5e-05 0.000251
128 -0.424 0.000133 -0.000612
129 -0.424 0.000356 8.58e-05
130 -0.424 0.000918 -0.000622
131 -0.424 0.000581 0.000497
132 -0.424 0.000151 -0.000592
133 -0.424 0.000264 2.97e-05
134 -0.424 0.00054 -0.000107
135 -0.425 0.000278 6.9e-05
136 -0.424 -0.00115 -0.00101
137 -0.424 0.000404 0.000613
138 -0.424 0.000132 2.93e-05
139 -0.424 -0.000271 -0.000468
140 -0.425 -0.000107 -0.00114
141 -0.424 -0.000266 -0.000238
142 -0.424 -0.00131 0.00072
143 -0.425 0.000308 0.000114
144 -0.424 0.000267 -0.000238
145 -0.424 -5.27e-05 -0.000636
146 -0.424 0.000123 -0.00057
147 -0.424 -0.00032 -0.00109
148 -0.424 -0.000638 -0.000576
149 -0.424 0.00068 -0.000752
150 -0.424 -0.000401 0.000323
151 -0.424 0.0002 -3.25e-05
152 -0.424 -0.000504 -0.000121
153 -0.424 0.000113 0.0011
154 -0.424 0.000345 -0.000463
155 -0.424 -0.000189 -0.000324
156 -0.425 0.000136 -3.46e-05
157 -0.424 0.000759 -0.000454
158 -0.424 -0.000246 5.71e-05
159 -0.425 -0.00015 -3.95e-05
160 -0.424 -0.000449 0.00127
161 -0.424 -0.00112 -0.000222
162 -0.424 -0.00016 0.000754
163 -0.425 -0.000944 -0.000551
164 -0.424 -0.000218 5.01e-05
165 -0.424 -0.000958 0.000385
166 -0.424 4.39e-05 -0.000371
167 -0.425 0.000777 -0.000435
168 -0.424 -0.000316 9.48e-06
169 -0.424 -5.56e-05 0.00119
170 -0.425 0.000698 -0.000153
171 -0.424 5.42e-05 -7.73e-05
172 -0.424 -0.000951 2.46e-05
173 -0.425 0.00032 0.000287
174 -0.424 0.000376 -0.000394
175 -0.423 0.000287 -0.000278
176 -0.424 -0.000304 0.000967
177 -0.425 -0.00077 -1.85e-05
178 -0.424 -0.00027 -7.94e-05
179 -0.424 -0.000584 -0.000159
180 -0.424 0.000602 0.000514
181 -0.424 6.16e-05 -0.000446
182 -0.424 0.000142 0.000397
183 -0.424 -0.000537 -0.00034
184 -0.424 -0.000582 0.00126
185 -0.424 -0.00102 0.00033
186 -0.425 0.000395 7.29e-05
187 -0.424 0.000391 4.14e-05
188 -0.424 -0.00018 -6.77e-05
189 -0.424 0.000112 -0.00012
190 -0.424 -0.000141 0.00103
191 -0.424 -0.000635 -0.000116
192 -0.424 0.000414 -8.89e-05
193 -0.424 0.000135 -2.37e-05
194 -0.424 4.58e-05 4.94e-05
195 -0.425 0.000276 0.000574
196 -0.424 -0.000187 0.000571
197 -0.424 0.000292 -0.000891
198 -0.424 -0.000183 -0.000219
199 -0.424 0.000881 0.000464
200 -0.425 -0.000271 0.000315
201 -0.424 7.33e-05 -5.94e-05
202 -0.424 0.000327 5.29e-05
203 -0.424 0.000979 -0.000615
204 -0.425 0.000345 -0.000145
205 -0.425 -0.000862 -0.000694
206 -0.424 -0.000836 -2.83e-05
207 -0.425 -0.000141 0.0007
208 -0.424 -0.000241 -0.000423
209 -0.424 0.000639 -0.000377
210 -0.424 0.000603 4.43e-05
211 -0.425 0.000554 0.000613
212 -0.424 6.98e-05 0.000774
213 -0.424 -0.000346 -0.000529
214 -0.425 -0.000343 -0.000445
215 -0.424 0.000595 -0.000313
216 -0.425 -3.51e-05 0.00118
217 -0.424 -0.001 0.000201
218 -0.424 -0.000251 0.000135
219 -0.424 -0.000506 0.0012
220 -0.424 0.000372 -7.1e-05
221 -0.424 0.000383 -0.000402
222 -0.424 0.000719 0.00021
223 -0.424 -0.000319 -0.00149
224 -0.424 -3.19e-05 -0.000207
225 -0.424 -9.69e-05 -5.95e-05
226 -0.424 -0.000452 0.000137
227 -0.424 5.37e-05 0.000676
228 -0.424 -0.000141 -0.000975
229 -0.424 -0.000311 0.00111
230 -0.424 -5.66e-05 -2.44e-05
231 -0.424 0.000362 -0.000387
232 -0.424 -0.00156 -0.0011
233 -0.424 -0.00107 -7.88e-05
234 -0.424 0.000498 -0.000484
235 -0.425 -0.00129 -0.00105
236 -0.424 0.000395 0.000165
237 -0.424 0.000393 -0.000728
238 -0.424 0.000375 -0.00013
239 -0.424 5.47e-05 -0.000491
240 -0.424 -0.00054 0.000882
241 -0.424 -0.000417 0.000606
242 -0.424 -0.000562 -0.00101
243 -0.425 -6.95e-05 -0.000285
244 -0.424 0.000225 0.000306
245 -0.424 0.000254 -5.07e-07
246 -0.424 0.000181 0.00015
247 -0.424 0.000193 -0.000963
248 -0.424 -0.000492 2.22e-06
249 -0.424 -0.000408 0.000545
250 -0.424 0.000205 0.000911
