#time	ekin		epot		etot		chain_length	temperature	q		dRMSD
0	0.000000	246.573716	246.573716	13.513117	0.000000	0.103448	12.548937
2	133.865544	83.885389	217.750933	12.269046	18.492569	0.080460	12.588931
4	124.888743	74.231780	199.120523	11.681914	17.252488	0.091954	12.577164
6	148.793106	31.429291	180.222396	12.749064	20.554705	0.149425	12.586753
8	127.718898	21.223562	148.942460	14.753187	17.643454	0.160920	12.613497
10	107.053560	21.347218	128.400778	16.830592	14.788685	0.172414	12.658610
12	116.168074	-14.037762	102.130312	17.976279	16.047790	0.183908	12.649887
14	107.226495	-23.686004	83.540491	18.345498	14.812574	0.252874	12.589678
16	100.218353	-26.471613	73.746739	18.346082	13.844450	0.264368	12.560422
18	97.630958	-35.420351	62.210607	18.570298	13.487020	0.264368	12.667804
20	98.600787	-41.866592	56.734195	18.797119	13.620994	0.275862	12.879842
22	85.434233	-42.372131	43.062102	18.447480	11.802129	0.287356	13.140720
24	96.033916	-46.376154	49.657762	17.957298	13.266400	0.298851	13.391057
26	95.750667	-51.086962	44.663705	17.639099	13.227271	0.287356	13.634183
28	80.889267	-59.450033	21.439234	17.306543	11.174275	0.310345	13.842552
30	74.890332	-62.779269	12.111063	16.980687	10.345565	0.310345	13.987441
32	77.663225	-69.965654	7.697571	17.160846	10.728620	0.310345	14.108628
34	67.122259	-70.354706	-3.232447	17.366610	9.272461	0.321839	14.149907
36	70.292800	-70.511280	-0.218480	17.585689	9.710448	0.333333	14.093043
38	75.857217	-82.170564	-6.313347	17.373769	10.479133	0.356322	13.951802
40	72.170718	-90.181544	-18.010826	17.714302	9.969869	0.413793	13.863081
42	64.870253	-94.451511	-29.581258	18.348681	8.961362	0.413793	13.800539
44	69.934726	-103.941436	-34.006711	19.129191	9.660983	0.448276	13.738869
46	63.629734	-92.042163	-28.412429	20.280926	8.789993	0.425287	13.673973
48	73.430096	-101.083011	-27.652915	20.836164	10.143843	0.425287	13.536159
50	77.044977	-109.334752	-32.289776	20.981775	10.643213	0.448276	13.366214
52	68.602256	-103.616799	-35.014543	21.048432	9.476912	0.436782	13.174284
54	73.452604	-101.735891	-28.283287	21.744003	10.146953	0.436782	12.963746
56	83.399268	-104.656681	-21.257413	22.712751	11.521013	0.436782	12.777903
58	79.475932	-86.055815	-6.579884	24.366559	10.979032	0.413793	12.571926
60	82.742097	-97.657860	-14.915762	25.662319	11.430230	0.413793	12.484038
62	87.494248	-92.213481	-4.719233	26.446815	12.086705	0.413793	12.359458
64	70.105901	-93.921184	-23.815283	27.107308	9.684630	0.425287	12.256959
66	80.144303	-92.159361	-12.015058	27.984718	11.071363	0.402299	12.258347
68	86.133752	-98.201290	-12.067538	28.003372	11.898763	0.448276	12.240321
70	77.638837	-92.037281	-14.398444	28.157446	10.725251	0.459770	12.212248
72	77.628861	-101.270981	-23.642120	27.946894	10.723873	0.436782	12.231107
74	69.939023	-95.890893	-25.951870	27.826283	9.661576	0.494253	12.218182
76	71.226560	-100.466463	-29.239903	28.806615	9.839441	0.459770	12.322102
78	77.553545	-101.514947	-23.961402	30.034696	10.713468	0.471264	12.388346
80	82.390070	-106.841796	-24.451726	31.584788	11.381600	0.482759	12.380999
82	79.803846	-103.299873	-23.496027	33.672000	11.024331	0.482759	12.371586
84	69.344863	-102.834211	-33.489348	35.565316	9.579498	0.471264	12.365099
86	77.481259	-114.808502	-37.327243	36.544149	10.703483	0.471264	12.349867
88	69.486042	-104.890194	-35.404152	36.428915	9.599000	0.471264	12.348528
90	73.872787	-118.160894	-44.288108	35.897470	10.204998	0.505747	12.290189
92	78.224192	-115.895157	-37.670964	35.587899	10.806113	0.528736	12.238119
94	72.872064	-115.815019	-42.942954	35.061196	10.066755	0.540230	12.194468
96	80.361878	-118.571403	-38.209525	34.160440	11.101419	0.517241	12.086060
98	69.626723	-115.399937	-45.773214	33.404728	9.618434	0.517241	12.018305
100	72.356420	-122.030001	-49.673581	32.788312	9.995523	0.528736	11.988706
102	74.180785	-127.410515	-53.229731	32.145702	10.247546	0.517241	11.955569
104	71.697158	-118.622961	-46.925803	31.182717	9.904450	0.540230	11.898106
106	75.605467	-128.748432	-53.142965	30.424524	10.444355	0.540230	11.825497
108	64.196677	-120.944512	-56.747835	29.530829	8.868312	0.540230	11.746776
110	62.194671	-130.749046	-68.554375	29.053309	8.591750	0.540230	11.684792
112	73.136693	-132.526395	-59.389703	28.213285	10.103312	0.563218	11.669081
114	86.095965	-139.567749	-53.471784	27.955234	11.893543	0.551724	11.601019
116	73.342559	-132.737645	-59.395086	28.216432	10.131751	0.563218	11.611657
118	64.605737	-129.098008	-64.492271	28.561577	8.924821	0.540230	11.663085
120	68.829448	-131.517392	-62.687943	29.026587	9.508297	0.551724	11.745010
122	70.062192	-125.717298	-55.655106	29.813489	9.678591	0.551724	11.786607
124	65.090009	-128.626890	-63.536881	29.838049	8.991720	0.540230	11.787866
126	65.855106	-125.435664	-59.580558	28.872054	9.097413	0.528736	11.717756
128	63.313044	-117.322597	-54.009553	27.950069	8.746245	0.528736	11.663871
130	72.707609	-123.992591	-51.284982	27.290961	10.044037	0.540230	11.547315
132	81.821826	-132.739477	-50.917651	26.724395	11.303101	0.574713	11.418299
134	80.073716	-138.873778	-58.800063	26.785228	11.061612	0.597701	11.350375
136	81.815557	-143.476885	-61.661328	27.181455	11.302235	0.574713	11.347535
138	79.029523	-139.862375	-60.832852	27.668240	10.917364	0.574713	11.406412
140	83.210110	-140.790230	-57.580120	27.276786	11.494882	0.586207	11.453855
142	96.120075	-151.077204	-54.957130	26.743801	13.278302	0.632184	11.459489
144	102.124169	-156.962468	-54.838299	26.126643	14.107725	0.632184	11.410224
146	91.207693	-158.051989	-66.844296	26.868425	12.599691	0.609195	11.349303
148	79.565731	-145.261767	-65.696036	27.152152	10.991437	0.597701	11.316734
150	76.579488	-135.569986	-58.990499	27.255778	10.578909	0.574713	11.321561
152	88.490488	-145.020203	-56.529715	27.144022	12.224329	0.609195	11.381420
154	77.806742	-142.700577	-64.893835	27.689764	10.748446	0.632184	11.453006
156	82.633259	-154.866203	-72.232944	28.504245	11.415195	0.655172	11.542052
158	66.396606	-151.158702	-84.762096	28.755354	9.172217	0.655172	11.545504
160	63.389070	-159.245207	-95.856137	28.490556	8.756747	0.643678	11.567610
162	64.762165	-151.673253	-86.911088	27.860193	8.946431	0.655172	11.526424
164	69.044491	-156.438842	-87.394351	26.401557	9.538003	0.655172	11.515158
166	70.773347	-162.695667	-91.922319	25.178784	9.776832	0.643678	11.536352
168	76.268358	-162.511005	-86.242647	24.751340	10.535929	0.643678	11.541404
170	78.277151	-163.936106	-85.658955	23.790489	10.813429	0.655172	11.597043
172	80.304853	-155.653276	-75.348424	23.139732	11.093542	0.655172	11.652033
174	76.528210	-149.302329	-72.774118	22.542643	10.571826	0.666667	11.641036
176	86.651091	-147.961757	-61.310666	22.675643	11.970229	0.666667	11.607741
178	80.493265	-133.052823	-52.559558	21.644060	11.119570	0.620690	11.630984
180	85.499290	-145.445062	-59.945773	20.258891	11.811116	0.609195	11.656362
182	87.329675	-151.181206	-63.851531	19.179789	12.063971	0.643678	11.760338
184	95.321763	-153.326055	-58.004292	17.874103	13.168021	0.655172	11.845846
186	82.593505	-148.289466	-65.695961	17.615796	11.409703	0.678161	11.912944
188	82.779593	-154.271989	-71.492396	17.832019	11.435409	0.666667	11.907009
190	79.773076	-155.923892	-76.150816	18.477095	11.020081	0.689655	11.893219
192	80.548307	-152.587488	-72.039180	19.710039	11.127173	0.666667	11.807556
194	85.866642	-159.645583	-73.778941	21.277239	11.861863	0.666667	11.701188
196	79.051831	-150.558322	-71.506491	22.642856	10.920446	0.678161	11.689492
198	77.571617	-158.473650	-80.902033	23.716636	10.715965	0.643678	11.649367
200	72.416652	-153.023633	-80.606981	23.803671	10.003843	0.632184	11.644281
202	78.829057	-155.146617	-76.317559	24.247535	10.889671	0.655172	11.655825
204	75.498512	-147.129912	-71.631400	24.527251	10.429580	0.632184	11.644630
206	83.414168	-142.889821	-59.475653	23.844887	11.523071	0.655172	11.632961
208	89.977884	-154.440039	-64.462155	24.495206	12.429802	0.666667	11.624124
210	70.009808	-146.485274	-76.475467	25.066865	9.671355	0.655172	11.616157
212	82.601653	-152.330512	-69.728859	24.739900	11.410828	0.643678	11.710462
214	78.940764	-147.379211	-68.438447	23.916125	10.905103	0.643678	11.788411
216	93.964077	-153.765711	-59.801634	23.839050	12.980466	0.643678	11.852644
218	85.796712	-151.744431	-65.947720	23.465807	11.852203	0.643678	11.929408
220	82.710949	-160.132477	-77.421528	22.755983	11.425927	0.655172	12.056899
222	70.540958	-158.270876	-87.729918	22.206935	9.744730	0.655172	12.156514
224	70.334849	-155.422513	-85.087665	20.962245	9.716257	0.655172	12.220495
226	80.043576	-166.328214	-86.284638	20.139938	11.057448	0.689655	12.291193
228	83.600112	-178.126862	-94.526750	20.493160	11.548758	0.724138	12.288056
230	79.328559	-184.236169	-104.907609	21.557189	10.958674	0.712644	12.435365
232	64.801552	-168.124041	-103.322489	21.714850	8.951872	0.701149	12.549762
234	69.889317	-174.398670	-104.509353	21.143667	9.654710	0.689655	12.659722
236	64.856902	-177.900109	-113.043208	19.896292	8.959518	0.689655	12.837170
238	56.174382	-173.050985	-116.876603	19.142632	7.760090	0.678161	13.022137
240	59.664425	-178.851004	-119.186579	17.999405	8.242214	0.678161	13.120357
242	68.274471	-181.698245	-113.423774	17.391952	9.431631	0.689655	13.230548
244	57.967532	-171.375685	-113.408154	17.521292	8.007800	0.689655	13.323206
246	76.485767	-177.710155	-101.224388	17.952206	10.565962	0.678161	13.447381
248	70.179832	-170.904560	-100.724729	19.148623	9.694842	0.666667	13.625636
250	69.026153	-164.270364	-95.244211	20.220374	9.535470	0.632184	13.767814
252	79.864746	-166.299875	-86.435128	21.126044	11.032744	0.666667	13.915000
254	73.913993	-161.183404	-87.269411	20.810251	10.210690	0.643678	14.067755
256	77.037193	-165.775362	-88.738170	20.700191	10.642138	0.666667	14.173223
258	85.218008	-166.910554	-81.692546	21.235617	11.772259	0.666667	14.249098
260	85.134184	-155.735992	-70.601809	22.830320	11.760679	0.689655	14.281021
262	80.367974	-168.152871	-87.784897	23.842555	11.102262	0.689655	14.329901
264	76.052563	-167.631920	-91.579358	24.019942	10.506118	0.701149	14.358655
266	69.559606	-166.653113	-97.093507	23.704467	9.609163	0.689655	14.379987
268	69.856442	-166.192625	-96.336182	23.888229	9.650169	0.689655	14.336973
270	68.249920	-163.757265	-95.507345	24.751937	9.428239	0.678161	14.359181
272	70.775504	-167.959239	-97.183735	25.647056	9.777130	0.678161	14.384187
274	67.338466	-165.568751	-98.230284	26.229898	9.302328	0.678161	14.435726
276	68.102898	-160.395372	-92.292474	26.754628	9.407929	0.666667	14.601534
278	61.875101	-146.479054	-84.603953	27.705686	8.547603	0.666667	14.689514
280	75.190946	-154.847466	-79.656520	29.083407	10.387092	0.620690	14.804773
282	71.275462	-157.415085	-86.139623	30.334938	9.846196	0.643678	15.032763
284	69.373826	-156.135272	-86.761446	30.956964	9.583499	0.678161	15.265500
286	85.640377	-168.066763	-82.426386	32.049626	11.830606	0.678161	15.408077
288	79.173318	-158.068154	-78.894835	32.091445	10.937228	0.678161	15.429306
290	85.444202	-165.762542	-80.318340	32.453895	11.803506	0.678161	15.412330
292	91.288398	-159.798991	-68.510594	31.500164	12.610840	0.689655	15.365884
294	95.017803	-174.511765	-79.493962	29.395678	13.126031	0.712644	15.268560
296	79.338291	-171.820890	-92.482599	27.695551	10.960018	0.689655	15.216167
298	72.472782	-157.076659	-84.603877	26.638794	10.011597	0.678161	15.260305
300	76.175944	-156.849342	-80.673398	26.621358	10.523163	0.655172	15.356712
302	65.349636	-151.386322	-86.036685	26.920477	9.027585	0.632184	15.422407
304	73.327289	-160.517474	-87.190184	26.576878	10.129641	0.689655	15.476106
306	90.499942	-172.980830	-82.480888	26.567878	12.501921	0.701149	15.412965
308	80.720784	-169.414311	-88.693527	26.630485	11.151000	0.724138	15.367235
310	79.002589	-168.848906	-89.846317	26.803880	10.913643	0.712644	15.369328
312	80.696209	-180.354887	-99.658678	27.071440	11.147605	0.678161	15.361928
314	71.880548	-169.348177	-97.467629	27.401281	9.929784	0.666667	15.342663
316	71.871431	-167.118237	-95.246807	27.633699	9.928525	0.666667	15.320612
318	56.450763	-161.196245	-104.745482	27.164307	7.798270	0.678161	15.348220
320	67.123275	-163.033451	-95.910176	27.581182	9.272601	0.689655	15.327449
322	78.311043	-172.653371	-94.342329	27.830516	10.818111	0.689655	15.262736
324	64.431001	-162.995203	-98.564202	27.931921	8.900683	0.701149	15.222243
326	67.214803	-154.122772	-86.907969	27.911610	9.285245	0.701149	15.177204
328	75.184935	-158.637299	-83.452365	28.057225	10.386262	0.701149	15.117686
330	83.700790	-166.218240	-82.517450	27.929876	11.562666	0.678161	15.147287
332	89.957917	-167.570710	-77.612793	28.161731	12.427044	0.655172	15.176760
334	79.195116	-159.580558	-80.385442	28.294930	10.940240	0.655172	15.287432
336	75.622628	-160.340356	-84.717728	28.006900	10.446726	0.701149	15.347573
338	69.955680	-158.271612	-88.315933	27.448960	9.663877	0.666667	15.375229
340	80.764408	-161.098080	-80.333672	27.230164	11.157026	0.678161	15.445329
342	78.191374	-165.953048	-87.761674	26.498759	10.801580	0.678161	15.501564
344	74.841908	-170.168908	-95.327000	26.374245	10.338875	0.666667	15.458862
346	65.160574	-167.715324	-102.554750	26.958292	9.001468	0.689655	15.380050
348	72.261570	-169.263078	-97.001508	26.409779	9.982420	0.678161	15.246256
350	80.470847	-181.725462	-101.254615	27.438945	11.116473	0.735632	15.086502
352	71.582888	-176.738924	-105.156036	28.216347	9.888665	0.724138	14.959304
354	79.013334	-176.093742	-97.080408	27.358223	10.915128	0.724138	14.863542
356	82.267125	-163.408608	-81.141483	28.173184	11.364616	0.724138	14.769227
358	65.362647	-151.599153	-86.236506	28.465539	9.029383	0.701149	14.759020
360	76.635299	-164.565039	-87.929740	28.526995	10.586619	0.724138	14.691059
362	69.709477	-156.133903	-86.424426	28.727116	9.629866	0.678161	14.596137
364	66.143448	-158.435832	-92.292385	28.438026	9.137245	0.678161	14.501397
366	76.980824	-168.044054	-91.063231	27.720324	10.634351	0.678161	14.386835
368	81.545073	-171.982636	-90.437563	26.755662	11.264869	0.689655	14.298696
370	71.611661	-161.290766	-89.679105	27.203456	9.892640	0.701149	14.243850
372	77.108145	-161.884243	-84.776098	26.461672	10.651940	0.666667	14.123523
374	82.709176	-155.977004	-73.267828	26.042979	11.425682	0.689655	14.029158
376	86.600517	-159.245243	-72.644727	25.781564	11.963243	0.712644	13.963865
378	80.523939	-165.448398	-84.924460	25.294950	11.123807	0.735632	13.851533
380	78.009997	-171.652837	-93.642840	25.771888	10.776524	0.712644	13.788483
382	82.553085	-169.789069	-87.235984	25.479514	11.404119	0.712644	13.642018
384	70.102609	-170.971678	-100.869069	26.055065	9.684175	0.701149	13.532905
386	81.390213	-176.570008	-95.179795	26.610688	11.243477	0.701149	13.506431
388	73.358141	-168.431346	-95.073205	26.323643	10.133903	0.724138	13.489015
390	75.311826	-169.182499	-93.870673	26.307138	10.403791	0.724138	13.395453
392	79.438251	-173.328092	-93.889841	26.153046	10.973827	0.701149	13.353926
394	71.879446	-167.080771	-95.201324	26.416811	9.929632	0.724138	13.306608
396	83.111824	-172.136023	-89.024198	27.105722	11.481305	0.712644	13.286628
398	79.471548	-168.012968	-88.541420	27.272757	10.978427	0.724138	13.251226
400	79.226119	-167.061000	-87.834880	28.497156	10.944523	0.724138	13.241818
402	82.112215	-172.377320	-90.265106	28.440162	11.343216	0.701149	13.263012
404	71.055658	-164.620795	-93.565137	28.915575	9.815832	0.701149	13.249914
406	62.661434	-158.376281	-95.714847	29.192834	8.656230	0.701149	13.376399
408	81.214145	-170.610235	-89.396090	29.166991	11.219154	0.724138	13.452706
410	97.593939	-176.065857	-78.471919	27.969853	13.481906	0.724138	13.502184
412	90.436405	-166.856881	-76.420476	27.431085	12.493143	0.678161	13.608066
414	84.442059	-164.381372	-79.939313	27.096756	11.665067	0.666667	13.708150
416	83.420855	-167.714624	-84.293769	27.122750	11.523995	0.678161	13.826019
418	75.028727	-158.345382	-83.316654	27.702852	10.364683	0.678161	13.987450
420	79.057031	-165.607286	-86.550255	28.079209	10.921164	0.666667	14.049213
422	73.574023	-163.238815	-89.664792	28.310726	10.163726	0.666667	14.106063
424	82.211179	-161.891439	-79.680259	27.683093	11.356887	0.689655	14.146744
426	64.949896	-160.213757	-95.263860	27.942991	8.972364	0.724138	14.200545
428	71.436902	-159.014295	-87.577393	27.285008	9.868498	0.724138	14.260593
430	70.133025	-167.071007	-96.937982	26.929819	9.688376	0.712644	14.314095
432	91.592926	-177.034351	-85.441425	27.167080	12.652909	0.701149	14.326189
434	94.929305	-174.194129	-79.264824	26.867880	13.113806	0.701149	14.336159
436	73.460105	-141.391714	-67.931609	25.590351	10.147989	0.666667	14.297741
438	86.024006	-156.015340	-69.991334	24.700705	11.883602	0.689655	14.215579
440	87.513886	-162.150667	-74.636781	23.559663	12.089418	0.678161	14.169242
442	95.036522	-155.778670	-60.742148	22.617819	13.128617	0.689655	13.983829
444	85.185189	-159.651212	-74.466022	22.283721	11.767725	0.666667	13.774227
446	89.602862	-160.154924	-70.552062	20.294588	12.377995	0.689655	13.604606
448	71.744663	-153.938139	-82.193476	19.245097	9.911013	0.655172	13.431871
450	82.491183	-165.329143	-82.837961	19.538831	11.395568	0.678161	13.226436
452	73.726578	-169.785997	-96.059419	20.159064	10.184800	0.678161	13.059876
454	73.266276	-169.128790	-95.862514	20.072066	10.121213	0.701149	12.920483
456	73.577360	-168.859650	-95.282289	20.340976	10.164187	0.689655	12.831785
458	66.331877	-162.213995	-95.882118	21.080502	9.163275	0.678161	12.806190
460	70.179756	-168.678995	-98.499238	21.637854	9.694832	0.712644	12.733168
462	68.390735	-161.665598	-93.274862	21.054243	9.447692	0.689655	12.657314
464	78.804054	-171.855966	-93.051913	21.163375	10.886217	0.689655	12.609440
466	70.509828	-168.882186	-98.372357	21.824651	9.740429	0.712644	12.569764
468	65.983827	-158.008443	-92.024617	22.097830	9.115194	0.701149	12.611665
470	85.755139	-175.203531	-89.448392	22.198674	11.846460	0.724138	12.641400
472	75.308155	-165.207106	-89.898951	22.163481	10.403284	0.712644	12.709000
474	68.373780	-171.041082	-102.667302	22.781478	9.445349	0.701149	12.816649
476	70.932248	-173.479405	-102.547156	22.827681	9.798783	0.701149	12.983975
478	68.767013	-158.904830	-90.137817	23.799742	9.499672	0.701149	13.184163
480	66.320722	-167.415270	-101.094549	24.588405	9.161734	0.689655	13.429638
482	87.733255	-178.088031	-90.354776	24.625580	12.119723	0.678161	13.690422
484	72.275502	-165.243170	-92.967668	24.487379	9.984344	0.701149	13.882295
486	64.231637	-149.565332	-85.333694	24.566777	8.873142	0.666667	13.993312
488	90.818699	-176.439779	-85.621080	25.139947	12.545955	0.689655	13.941293
490	77.712944	-163.027876	-85.314931	25.429599	10.735488	0.712644	13.842405
492	79.386054	-166.675318	-87.289265	26.031543	10.966616	0.701149	13.705724
494	88.882230	-179.859457	-90.977227	26.797475	12.278445	0.712644	13.459339
496	74.742536	-166.787401	-92.044865	27.191538	10.325148	0.689655	13.281849
498	59.775203	-158.459386	-98.684183	27.871146	8.257517	0.678161	13.125636
500	68.761603	-162.548329	-93.786726	28.738106	9.498924	0.678161	13.012049
502	84.456121	-172.156206	-87.700085	29.454125	11.667010	0.689655	12.897364
504	77.211689	-161.786871	-84.575182	29.742195	10.666243	0.678161	12.765693
506	68.496353	-159.697042	-91.200689	28.763123	9.462282	0.678161	12.659514
508	79.130406	-167.765522	-88.635116	26.999053	10.931300	0.712644	12.555715
510	71.344014	-172.657480	-101.313466	27.178608	9.855666	0.701149	12.449854
512	74.199699	-185.945587	-111.745888	27.543839	10.250158	0.712644	12.383829
514	69.460883	-184.063096	-114.602212	27.251721	9.595525	0.735632	12.338961
516	65.621086	-183.991014	-118.369928	26.917825	9.065084	0.735632	12.298544
518	58.348853	-178.310638	-119.961785	27.281486	8.060477	0.724138	12.317687
520	55.834556	-176.541002	-120.706446	27.142170	7.713145	0.724138	12.365856
522	74.143290	-184.989868	-110.846578	26.900108	10.242366	0.712644	12.354613
524	71.928689	-186.196604	-114.267915	27.525626	9.936435	0.747126	12.418823
526	70.862745	-183.926559	-113.063813	27.700526	9.789182	0.735632	12.498987
528	65.096320	-173.137700	-108.041380	27.884335	8.992592	0.735632	12.533386
530	59.668192	-170.493961	-110.825769	28.054856	8.242735	0.735632	12.620018
532	64.553668	-173.990346	-109.436678	27.587624	8.917628	0.724138	12.668718
534	83.630007	-184.520318	-100.890311	27.866340	11.552888	0.724138	12.692903
536	83.154432	-170.296297	-87.141865	28.222107	11.487191	0.724138	12.661454
538	64.520724	-161.716877	-97.196154	28.387888	8.913077	0.712644	12.576806
540	76.104843	-185.509025	-109.404182	28.875616	10.513341	0.712644	12.507863
542	60.909573	-171.357840	-110.448267	29.341818	8.414222	0.712644	12.483385
544	63.369537	-177.101590	-113.732053	28.700687	8.754049	0.701149	12.430089
546	59.716899	-184.088224	-124.371325	27.981463	8.249463	0.712644	12.336685
548	73.139799	-185.968020	-112.828221	27.991526	10.103741	0.724138	12.221876
550	71.817935	-189.843287	-118.025352	27.870295	9.921135	0.735632	12.084308
552	59.915404	-174.900771	-114.985367	26.617100	8.276885	0.735632	11.959009
554	64.775247	-180.237822	-115.462575	26.654543	8.948238	0.735632	11.886941
556	82.318088	-174.823695	-92.505607	26.375720	11.371656	0.735632	11.886799
558	76.322202	-168.557393	-92.235192	26.026811	10.543367	0.724138	11.922031
560	92.137426	-175.737122	-83.599696	26.386495	12.728127	0.724138	11.951158
562	81.877984	-157.447262	-75.569278	26.042630	11.310859	0.678161	12.030169
564	89.049834	-162.443522	-73.393687	25.948669	12.301599	0.678161	12.131250
566	83.248443	-157.706253	-74.457810	25.946242	11.500178	0.678161	12.227765
568	83.197491	-157.551309	-74.353818	26.448178	11.493139	0.689655	12.239746
570	90.945368	-157.839575	-66.894206	26.853041	12.563453	0.655172	12.161857
572	79.241764	-146.058834	-66.817070	27.059791	10.946684	0.632184	12.010667
574	75.669658	-147.642125	-71.972467	27.738463	10.453223	0.655172	11.875124
576	85.308202	-165.074996	-79.766794	27.977495	11.784719	0.666667	11.837074
578	74.869299	-158.504433	-83.635134	28.745777	10.342659	0.643678	11.868171
580	80.339519	-166.328130	-85.988611	29.175162	11.098331	0.666667	11.860929
582	69.080461	-168.650513	-99.570052	30.047184	9.542972	0.666667	11.784799
584	79.033605	-160.265499	-81.231894	30.500326	10.917928	0.666667	11.691572
586	79.807567	-157.238773	-77.431206	31.602828	11.024845	0.643678	11.613819
588	88.658586	-164.193596	-75.535010	31.612174	12.247550	0.666667	11.497352
590	74.605328	-148.410872	-73.805544	31.482223	10.306193	0.666667	11.370493
592	74.627561	-152.243538	-77.615977	31.376889	10.309264	0.666667	11.263707
594	75.322179	-163.721084	-88.398905	29.645545	10.405221	0.701149	11.178518
596	74.707289	-163.733459	-89.026170	28.540399	10.320278	0.689655	11.139198
598	73.627346	-160.189504	-86.562159	27.656287	10.171092	0.689655	11.059167
600	73.439578	-168.660282	-95.220704	27.283289	10.145153	0.701149	10.982763
602	75.818673	-176.263926	-100.445254	27.880873	10.473808	0.724138	10.926812
604	85.861969	-172.076708	-86.214739	27.630890	11.861218	0.689655	10.980891
606	76.435071	-165.261324	-88.826253	27.315709	10.558959	0.666667	11.004704
608	77.973992	-161.860866	-83.886874	27.403266	10.771550	0.678161	11.114698
610	74.350939	-161.858208	-87.507269	26.921580	10.271051	0.678161	11.197544
612	78.823404	-155.990718	-77.167314	27.379540	10.888890	0.689655	11.310146
614	82.534258	-164.469455	-81.935197	27.086066	11.401518	0.701149	11.370483
616	83.124976	-165.502362	-82.377386	27.376104	11.483122	0.689655	11.499659
618	76.172874	-164.019660	-87.846786	27.049511	10.522739	0.678161	11.593520
620	71.294350	-169.386166	-98.091816	27.519504	9.848805	0.643678	11.666844
622	52.051084	-151.951259	-99.900176	28.759173	7.190485	0.643678	11.711456
624	56.911355	-166.095451	-109.184095	29.374148	7.861897	0.632184	11.757588
626	55.830921	-159.850248	-104.019327	29.514796	7.712643	0.655172	11.851177
628	67.308189	-159.328819	-92.020630	29.282559	9.298146	0.643678	11.946499
630	73.084511	-163.988692	-90.904181	28.985660	10.096103	0.678161	11.996286
632	76.431958	-157.821744	-81.389786	28.089927	10.558529	0.689655	12.043198
634	84.801908	-163.781547	-78.979640	26.986153	11.714778	0.701149	12.092487
636	73.594429	-161.897660	-88.303231	26.376068	10.166545	0.666667	12.185334
638	76.474492	-156.886211	-80.411718	26.100287	10.564405	0.666667	12.251832
640	76.037341	-156.238057	-80.200716	25.874606	10.504016	0.655172	12.226456
642	67.337928	-158.261221	-90.923293	25.623559	9.302254	0.666667	12.260138
644	74.700744	-165.575661	-90.874917	26.494091	10.319374	0.689655	12.340514
646	91.011961	-168.812149	-77.800189	26.689760	12.572652	0.678161	12.374217
648	84.965739	-162.860139	-77.894400	27.276098	11.737410	0.701149	12.398730
650	86.450302	-166.844769	-80.394468	27.421713	11.942492	0.701149	12.374238
652	89.431769	-169.433763	-80.001994	27.932170	12.354360	0.701149	12.351291
654	74.217357	-166.064247	-91.846890	28.437550	10.252598	0.724138	12.413583
656	77.510002	-169.569414	-92.059411	29.471353	10.707453	0.735632	12.479532
658	80.815563	-170.535995	-89.720433	29.199473	11.164093	0.689655	12.484129
660	81.217618	-161.943069	-80.725451	30.279675	11.219634	0.678161	12.542241
662	79.876255	-159.621174	-79.744919	30.223670	11.034334	0.689655	12.607089
664	80.581428	-161.725320	-81.143892	30.428724	11.131749	0.701149	12.670926
666	63.753593	-139.954911	-76.201317	30.861924	8.807104	0.689655	12.685316
668	81.068962	-159.472197	-78.403235	29.684064	11.199098	0.689655	12.644115
670	86.827961	-166.976537	-80.148576	27.914699	11.994663	0.712644	12.571376
672	65.906011	-164.373084	-98.467073	28.098925	9.104445	0.689655	12.540721
674	75.849123	-169.974862	-94.125739	27.678994	10.478015	0.689655	12.518157
676	71.747612	-165.368121	-93.620508	27.207982	9.911420	0.701149	12.506597
678	73.873644	-169.326265	-95.452621	27.664292	10.205116	0.689655	12.573256
680	59.954509	-162.405648	-102.451139	27.865754	8.282287	0.689655	12.603936
682	72.005991	-173.863759	-101.857768	27.744455	9.947113	0.689655	12.577043
684	74.267943	-175.139501	-100.871558	27.771685	10.259586	0.689655	12.646902
686	64.590824	-164.365019	-99.774195	28.808897	8.922761	0.689655	12.779477
688	63.533665	-165.081071	-101.547407	29.679565	8.776722	0.655172	12.888410
690	68.057191	-165.581437	-97.524246	30.237098	9.401615	0.655172	12.894403
692	64.838282	-158.916456	-94.078173	30.512660	8.956946	0.655172	12.826187
694	83.756617	-167.337186	-83.580570	30.215458	11.570378	0.655172	12.827131
696	72.926925	-161.203241	-88.276316	30.087156	10.074334	0.678161	12.810491
698	76.651414	-160.248242	-83.596828	30.581820	10.588845	0.666667	12.805327
700	77.142691	-156.165708	-79.023018	30.183584	10.656712	0.678161	12.726867
702	65.097789	-156.231528	-91.133739	29.015721	8.992795	0.666667	12.657728
704	70.345084	-142.514309	-72.169225	29.414862	9.717671	0.689655	12.571888
706	74.869571	-154.366871	-79.497300	28.620882	10.342697	0.655172	12.488098
708	96.015380	-175.533311	-79.517931	27.963980	13.263839	0.666667	12.452134
710	83.898827	-162.402683	-78.503856	28.530484	11.590024	0.666667	12.373209
712	82.510259	-166.020330	-83.510072	28.905628	11.398203	0.689655	12.330440
714	83.705586	-173.781703	-90.076117	28.671497	11.563329	0.689655	12.325850
716	68.782861	-152.512907	-83.730046	28.234513	9.501861	0.701149	12.335931
718	86.216601	-169.363718	-83.147118	29.338445	11.910208	0.712644	12.293376
720	78.275340	-173.414089	-95.138749	29.794705	10.813179	0.689655	12.350846
722	68.889077	-164.796802	-95.907725	29.835084	9.516534	0.678161	12.421559
724	75.514595	-171.000667	-95.486072	29.225867	10.431802	0.666667	12.445140
726	59.075353	-169.213857	-110.138504	29.096238	8.160838	0.689655	12.523931
728	66.636167	-174.850460	-108.214293	29.854179	9.205311	0.689655	12.580096
730	71.057795	-178.576644	-107.518850	30.334111	9.816127	0.701149	12.663439
732	64.148670	-176.980637	-112.831967	29.968125	8.861681	0.724138	12.741010
734	69.181965	-185.072724	-115.890759	29.343478	9.556994	0.747126	12.822925
736	59.670358	-174.127828	-114.457470	30.032133	8.243034	0.712644	12.885055
738	70.841933	-182.443119	-111.601186	29.904668	9.786307	0.724138	12.940457
740	69.068850	-180.301562	-111.232712	29.687868	9.541368	0.724138	12.993432
742	71.109650	-179.754770	-108.645120	29.305147	9.823290	0.724138	13.043228
744	71.362730	-174.376061	-103.013331	29.972108	9.858251	0.712644	13.100006
746	68.671269	-172.782243	-104.110975	29.994987	9.486445	0.689655	13.143600
748	69.885407	-177.549165	-107.663757	30.554963	9.654170	0.689655	13.223908
750	72.506315	-170.938630	-98.432315	30.378671	10.016230	0.724138	13.378882
752	70.499741	-163.449773	-92.950032	30.181343	9.739036	0.735632	13.468387
754	76.314491	-174.072942	-97.758450	30.101677	10.542302	0.735632	13.586113
756	73.723529	-164.611311	-90.887782	29.241947	10.184379	0.747126	13.720663
758	80.049589	-161.768010	-81.718420	29.913717	11.058279	0.735632	13.841229
760	72.840400	-157.431972	-84.591572	29.775439	10.062381	0.655172	13.896764
762	79.558553	-153.447727	-73.889173	29.425049	10.990446	0.632184	13.921348
764	88.981551	-161.644391	-72.662840	29.275093	12.292166	0.643678	13.884413
766	96.371608	-163.475303	-67.103695	29.761901	13.313049	0.655172	13.880272
768	79.351718	-157.443692	-78.091974	31.401982	10.961873	0.678161	13.894596
770	83.087110	-164.476401	-81.389291	33.311121	11.477891	0.655172	13.878528
772	81.561208	-155.297423	-73.736215	34.837258	11.267098	0.655172	13.919506
774	76.038881	-146.347231	-70.308350	36.121079	10.504228	0.655172	13.977617
776	70.025169	-136.759119	-66.733949	36.545596	9.673477	0.632184	14.014514
778	94.220450	-147.255068	-53.034617	36.452454	13.015882	0.643678	14.011801
780	84.742498	-138.383036	-53.640538	35.558220	11.706571	0.643678	14.009480
782	73.229875	-140.221421	-66.991546	34.450760	10.116184	0.632184	13.974321
784	75.075574	-157.138922	-82.063349	34.548446	10.371154	0.643678	13.906371
786	69.715572	-153.425293	-83.709721	34.199827	9.630708	0.632184	13.894838
788	78.442776	-152.217835	-73.775059	32.214867	10.836309	0.643678	13.881522
790	73.732789	-159.820279	-86.087490	30.548542	10.185658	0.666667	13.858690
792	72.086492	-159.720045	-87.633553	29.472283	9.958234	0.689655	13.831857
794	71.794693	-168.958516	-97.163823	29.179354	9.917924	0.724138	13.736568
796	92.689388	-177.461798	-84.772411	29.987574	12.804377	0.712644	13.657788
798	83.951372	-176.464756	-92.513384	30.365103	11.597282	0.712644	13.638933
800	74.208818	-176.207581	-101.998763	28.505321	10.251418	0.712644	13.631398
802	77.597545	-186.564187	-108.966642	27.857111	10.719547	0.712644	13.602804
804	66.148552	-178.985993	-112.837442	27.576669	9.137950	0.724138	13.553810
806	76.235836	-177.217913	-100.982077	27.252044	10.531436	0.712644	13.523743
808	71.356469	-174.261491	-102.905022	28.224983	9.857387	0.712644	13.555813
810	67.050857	-180.107454	-113.056597	29.649121	9.262597	0.678161	13.526215
812	61.138783	-173.535578	-112.396795	30.599238	8.445886	0.678161	13.545545
814	57.672080	-169.874454	-112.202374	30.488440	7.966986	0.666667	13.515233
816	65.066927	-172.402357	-107.335431	30.686616	8.988531	0.643678	13.527885
818	62.882037	-175.180182	-112.298145	30.637460	8.686704	0.666667	13.511004
820	50.324042	-163.807812	-113.483770	29.613323	6.951907	0.666667	13.465893
822	61.570295	-170.301555	-108.731261	28.895788	8.505496	0.701149	13.362188
824	80.872282	-180.170021	-99.297740	28.800959	11.171928	0.712644	13.264886
826	69.055253	-182.929645	-113.874392	28.642710	9.539490	0.724138	13.162276
828	65.985923	-186.593236	-120.607314	29.067828	9.115484	0.712644	13.060700
830	71.001362	-194.923205	-123.921843	29.327321	9.808331	0.712644	13.009994
832	59.138279	-179.436973	-120.298694	28.717996	8.169531	0.701149	12.967912
834	52.168151	-179.391703	-127.223551	28.247127	7.206658	0.701149	12.893863
836	57.728190	-184.266921	-126.538731	27.293113	7.974737	0.712644	12.861662
838	62.917369	-186.330082	-123.412713	27.428920	8.691585	0.712644	12.867730
840	59.947753	-178.960394	-119.012641	26.801406	8.281354	0.712644	12.840574
842	68.036718	-185.088688	-117.051970	26.489626	9.398787	0.724138	12.744370
844	69.354555	-181.973269	-112.618714	26.716045	9.580836	0.724138	12.620215
846	59.865000	-173.977719	-114.112719	26.529654	8.269922	0.724138	12.523770
848	58.182772	-176.253810	-118.071038	26.186537	8.037534	0.701149	12.463339
850	67.275688	-173.760395	-106.484707	26.592706	9.293656	0.712644	12.466740
852	73.174860	-176.300008	-103.125148	26.268690	10.108584	0.712644	12.492445
854	84.525359	-180.674678	-96.149319	24.735512	11.676575	0.712644	12.510107
856	67.295837	-169.740271	-102.444434	23.513602	9.296439	0.712644	12.537615
858	81.873486	-167.323785	-85.450299	22.131833	11.310237	0.701149	12.531616
860	75.011570	-157.685365	-82.673794	21.595632	10.362313	0.689655	12.565367
862	75.058893	-165.112465	-90.053572	21.286468	10.368850	0.701149	12.629526
864	76.556598	-181.633634	-105.077035	20.861747	10.575747	0.712644	12.664236
866	67.085613	-178.018783	-110.933170	21.437311	9.267398	0.689655	12.667186
868	75.629412	-180.044235	-104.414823	21.842009	10.447663	0.678161	12.688703
870	74.573735	-172.837329	-98.263594	22.098296	10.301829	0.666667	12.652048
872	66.288454	-168.724371	-102.435918	22.535291	9.157276	0.678161	12.648101
874	67.134568	-171.311426	-104.176858	22.592466	9.274161	0.701149	12.613244
876	78.201231	-178.728577	-100.527346	21.952564	10.802942	0.701149	12.531945
878	69.689778	-174.767050	-105.077272	21.111736	9.627145	0.689655	12.414830
880	56.408907	-171.366126	-114.957219	20.838438	7.792488	0.666667	12.239026
882	57.793002	-171.884016	-114.091014	20.885696	7.983690	0.678161	12.007462
884	65.270466	-173.067829	-107.797362	21.233587	9.016649	0.689655	11.805218
886	74.449773	-176.323741	-101.873968	21.440823	10.284704	0.666667	11.645893
888	80.433046	-176.051888	-95.618841	21.687884	11.111251	0.678161	11.599022
890	68.461657	-178.817524	-110.355868	21.059066	9.457489	0.689655	11.607186
892	74.051910	-177.300760	-103.248850	20.816852	10.229743	0.701149	11.590390
894	62.099262	-170.904315	-108.805053	21.124315	8.578569	0.689655	11.486539
896	74.503716	-169.272892	-94.769176	20.114621	10.292156	0.689655	11.334784
898	68.080216	-172.755113	-104.674897	19.347348	9.404796	0.724138	11.221941
900	71.129065	-178.678592	-107.549527	19.104632	9.825972	0.735632	11.119631
902	57.406400	-167.680522	-110.274122	19.866107	7.930284	0.701149	11.016148
904	61.424543	-166.083474	-104.658931	20.211682	8.485362	0.678161	10.994879
906	71.120716	-172.742923	-101.622207	20.104894	9.824819	0.689655	11.055337
908	67.419628	-172.264262	-104.844634	19.827240	9.313540	0.678161	11.204337
910	63.158128	-173.109233	-109.951106	19.591504	8.724844	0.689655	11.371510
912	68.166360	-176.644323	-108.477962	19.740999	9.416696	0.712644	11.439574
914	74.529874	-174.152950	-99.623076	20.221322	10.295770	0.712644	11.418293
916	76.616129	-168.886679	-92.270550	20.483071	10.583971	0.724138	11.308041
918	87.104194	-172.207481	-85.103287	21.459131	12.032822	0.712644	11.187601
920	75.842067	-170.112062	-94.269996	23.093894	10.477040	0.678161	11.152581
922	57.770849	-157.672624	-99.901775	24.091575	7.980630	0.701149	11.152260
924	64.271661	-167.176292	-102.904631	24.482776	8.878671	0.724138	11.164462
926	82.502704	-172.611909	-90.109204	24.905067	11.397159	0.712644	11.268081
928	79.791317	-166.113729	-86.322411	25.149135	11.022601	0.712644	11.439369
930	69.130662	-163.473929	-94.343266	25.271523	9.549907	0.724138	11.508129
932	80.114114	-177.735718	-97.621604	25.019825	11.067193	0.735632	11.587891
934	75.663134	-173.304920	-97.641786	25.362648	10.452322	0.735632	11.715339
936	63.697077	-169.213498	-105.516421	26.386774	8.799296	0.735632	11.887126
938	75.861792	-176.509637	-100.647845	27.097698	10.479765	0.712644	12.078665
940	73.966245	-175.619915	-101.653670	27.865907	10.217908	0.712644	12.265621
942	69.103204	-171.263211	-102.160007	27.979424	9.546114	0.701149	12.407273
944	71.166000	-174.651040	-103.485040	27.406019	9.831075	0.735632	12.501882
946	81.418312	-178.331469	-96.913157	26.156094	11.247358	0.735632	12.615737
948	76.430191	-177.563455	-101.133264	25.640326	10.558285	0.747126	12.746507
950	81.605785	-180.239552	-98.633767	26.930118	11.273256	0.724138	12.948592
952	68.084825	-166.791408	-98.706583	27.183648	9.405432	0.678161	13.140952
954	72.649767	-170.214768	-97.565000	27.699088	10.036046	0.689655	13.366274
956	65.350351	-169.532524	-104.182174	27.345641	9.027684	0.701149	13.601532
958	73.433828	-184.899228	-111.465400	26.844114	10.144359	0.712644	13.720370
960	76.829633	-181.258100	-104.428467	27.475355	10.613465	0.712644	13.899486
962	68.030761	-177.598535	-109.567774	27.281344	9.397964	0.689655	13.993824
964	65.181139	-171.322460	-106.141321	27.403583	9.004309	0.689655	14.004689
966	67.208720	-174.677868	-107.469148	27.130296	9.284405	0.712644	14.063315
968	73.065793	-183.002653	-109.936860	26.690813	10.093517	0.735632	14.100188
970	81.175718	-178.742416	-97.566698	27.518718	11.213846	0.735632	14.152468
972	84.983090	-180.878622	-95.895532	28.033170	11.739807	0.712644	14.281454
974	66.313621	-172.786556	-106.472935	28.383243	9.160753	0.689655	14.369179
976	76.168868	-175.627638	-99.458770	29.225642	10.522185	0.689655	14.319960
978	76.656523	-173.738518	-97.081996	30.288886	10.589551	0.678161	14.213690
980	80.176489	-178.679224	-98.502735	29.625426	11.075809	0.678161	14.137015
982	70.863896	-179.133920	-108.270023	29.308682	9.789341	0.712644	14.065219
984	70.430772	-172.974764	-102.543992	28.877032	9.729508	0.701149	14.055022
986	78.077513	-174.235768	-96.158255	28.457417	10.785851	0.724138	14.037948
988	74.904427	-166.027312	-91.122884	28.718655	10.347512	0.701149	14.067249
990	64.290921	-173.899392	-109.608471	29.785263	8.881332	0.712644	14.095789
992	72.873725	-175.388760	-102.515035	30.215818	10.066985	0.712644	14.087472
994	72.548177	-176.406302	-103.858125	30.392596	10.022012	0.689655	14.039005
996	76.918568	-173.621497	-96.702929	30.788294	10.625751	0.701149	13.971530
998	79.777184	-170.037622	-90.260438	31.108969	11.020648	0.689655	13.962890
1000	84.297556	-174.281721	-89.984165	30.699742	11.645105	0.689655	13.922724
