#time	ekin		epot		etot		chain_length	temperature	q		dRMSD
0	0.000000	246.573716	246.573716	13.513117	0.000000	0.103448	12.548937
2	139.324597	75.839955	215.164552	12.606569	19.246698	0.080460	12.635221
4	117.533039	60.221583	177.754622	11.933895	16.236350	0.080460	12.785815
6	124.463244	27.661240	152.124484	11.534365	17.193708	0.126437	12.915851
8	104.679380	25.714511	130.393892	11.684655	14.460709	0.149425	12.902739
10	107.285417	2.523886	109.809303	11.946933	14.820714	0.172414	12.853345
12	79.250310	0.799423	80.049734	12.239889	10.947864	0.172414	12.734376
14	79.739611	-9.787467	69.952144	12.960099	11.015458	0.172414	12.705064
16	78.698013	-8.118766	70.579246	13.787901	10.871568	0.172414	12.742395
18	81.342691	-29.950062	51.392629	14.769557	11.236912	0.195402	12.697654
20	94.332839	-32.429947	61.902892	16.495153	13.031408	0.206897	12.636192
22	90.765487	-38.793308	51.972179	17.693845	12.538604	0.229885	12.605745
24	83.432796	-32.938063	50.494733	18.336359	11.525645	0.229885	12.620574
26	87.778478	-38.999000	48.779478	18.566831	12.125970	0.229885	12.650165
28	86.552067	-32.108432	54.443635	18.306923	11.956550	0.218391	12.772345
30	80.980616	-26.826853	54.153764	18.142052	11.186894	0.229885	12.868392
32	88.201470	-37.213669	50.987800	18.181000	12.184403	0.218391	12.915443
34	87.618412	-34.021980	53.596432	18.502010	12.103858	0.229885	13.003460
36	87.318805	-42.165117	45.153688	19.254315	12.062469	0.252874	13.101136
38	80.729166	-50.817701	29.911464	20.104800	11.152158	0.287356	13.224767
40	84.669699	-63.836926	20.832773	20.966012	11.696514	0.321839	13.290377
42	74.952091	-69.382731	5.569360	22.015833	10.354096	0.310345	13.336148
44	77.253493	-65.839401	11.414092	22.954958	10.672018	0.333333	13.440752
46	83.482446	-69.628585	13.853861	23.835323	11.532504	0.356322	13.476188
48	74.846002	-82.191768	-7.345766	24.121067	10.339441	0.367816	13.525640
50	74.435334	-80.336939	-5.901605	23.676178	10.282710	0.379310	13.515558
52	72.518263	-83.675369	-11.157106	23.350857	10.017880	0.402299	13.561662
54	70.826148	-76.079573	-5.253425	22.196842	9.784126	0.413793	13.563706
56	65.012894	-84.169109	-19.156215	21.277267	8.981067	0.379310	13.582644
58	74.178631	-91.887301	-17.708670	20.814674	10.247248	0.390805	13.669230
60	69.900041	-93.605468	-23.705427	20.724984	9.656191	0.379310	13.768135
62	63.305480	-87.776068	-24.470588	20.551329	8.745200	0.367816	13.749506
64	65.379400	-90.183316	-24.803917	19.711861	9.031697	0.367816	13.649316
66	64.625708	-93.940028	-29.314321	18.996239	8.927580	0.402299	13.502624
68	76.899040	-86.793152	-9.894112	19.022814	10.623053	0.379310	13.367049
70	69.016544	-79.212293	-10.195749	19.200129	9.534143	0.379310	13.191796
72	71.753970	-69.351637	2.402333	19.499889	9.912298	0.390805	13.059074
74	73.304302	-75.856519	-2.552217	19.742694	10.126466	0.390805	12.965584
76	75.888528	-84.425314	-8.536785	20.242571	10.483458	0.390805	12.852134
78	85.051393	-86.463705	-1.412312	21.355510	11.749243	0.425287	12.730169
80	83.456169	-86.938616	-3.482446	22.213368	11.528874	0.436782	12.663502
82	76.255089	-93.008265	-16.753176	23.060383	10.534096	0.425287	12.724764
84	69.072266	-86.027841	-16.955575	22.786224	9.541840	0.402299	12.685559
86	64.823281	-86.691367	-21.868086	22.832018	8.954873	0.390805	12.706261
88	56.974638	-91.542082	-34.567444	22.969911	7.870639	0.367816	12.646229
90	58.769066	-93.159007	-34.389941	23.750193	8.118527	0.390805	12.553265
92	62.443585	-99.378907	-36.935322	24.139137	8.626135	0.390805	12.439649
94	60.287229	-98.253134	-37.965905	24.075821	8.328250	0.436782	12.297369
96	78.404719	-93.907787	-15.503068	23.173002	10.831052	0.425287	12.138566
98	72.178673	-101.849466	-29.670793	21.956247	9.970968	0.425287	11.991192
100	69.692117	-99.280933	-29.588816	21.110322	9.627468	0.413793	11.832716
102	75.700820	-104.404318	-28.703498	20.085718	10.457528	0.436782	11.651525
104	74.668980	-102.571581	-27.902601	19.403252	10.314986	0.448276	11.477086
106	72.851770	-115.568718	-42.716948	18.765498	10.063952	0.459770	11.238241
108	66.148072	-115.579035	-49.430964	17.841840	9.137884	0.471264	11.055894
110	57.336689	-117.950847	-60.614159	17.571031	7.920654	0.482759	10.925448
112	69.179347	-121.514785	-52.335439	17.829573	9.556633	0.482759	10.922800
114	60.581901	-111.795659	-51.213758	18.185975	8.368957	0.471264	10.946846
116	64.954880	-113.872060	-48.917180	17.798353	8.973053	0.482759	10.952562
118	74.059500	-112.977858	-38.918359	17.692823	10.230791	0.482759	10.929949
120	74.776484	-118.570098	-43.793613	17.691819	10.329837	0.494253	10.897454
122	84.578933	-119.289392	-34.710459	16.979460	11.683975	0.471264	10.918205
124	68.478948	-98.832303	-30.353355	15.814808	9.459878	0.425287	10.972613
126	80.728117	-106.315418	-25.587301	14.213100	11.152013	0.448276	10.976038
128	66.079171	-96.416489	-30.337318	13.408478	9.128366	0.459770	10.984136
130	67.894925	-95.577515	-27.682590	13.104023	9.379199	0.459770	10.987538
132	76.589749	-107.394674	-30.804925	13.177188	10.580327	0.471264	10.911885
134	83.917163	-113.657281	-29.740119	13.785322	11.592557	0.482759	10.832443
136	85.556946	-113.970364	-28.413418	14.306391	11.819081	0.494253	10.710942
138	74.230319	-106.170979	-31.940660	14.124852	10.254388	0.482759	10.574160
140	66.185073	-100.650434	-34.465361	13.574499	9.142995	0.494253	10.494496
142	69.787574	-108.296568	-38.508994	12.864563	9.640655	0.448276	10.368201
144	81.434074	-108.465607	-27.031533	12.155222	11.249536	0.494253	10.201039
146	71.357460	-111.356852	-39.999393	11.450814	9.857523	0.482759	9.958134
148	82.730901	-107.672507	-24.941605	10.758297	11.428683	0.505747	9.700816
150	76.119308	-100.459031	-24.339723	10.335024	10.515339	0.494253	9.456783
152	86.207751	-103.661711	-17.453960	10.523238	11.908985	0.505747	9.396091
154	87.263097	-110.656490	-23.393393	11.246663	12.054774	0.482759	9.285100
156	77.256180	-113.103285	-35.847105	11.687596	10.672389	0.517241	9.160571
158	78.582095	-117.336018	-38.753923	12.083531	10.855555	0.505747	8.982958
160	73.569211	-107.208597	-33.639385	12.432663	10.163061	0.528736	8.830490
162	78.806748	-110.577085	-31.770336	12.706517	10.886589	0.517241	8.758372
164	77.287248	-105.816619	-28.529371	13.185710	10.676681	0.517241	8.776142
166	77.043327	-108.468943	-31.425616	14.058114	10.642985	0.517241	8.805189
168	74.093686	-118.916160	-44.822473	14.332168	10.235514	0.517241	8.813203
170	76.581098	-120.592421	-44.011323	14.625407	10.579132	0.540230	8.787891
172	80.954224	-109.816793	-28.862569	16.164021	11.183248	0.540230	8.878307
174	86.270393	-125.064209	-38.793816	18.434174	11.917639	0.551724	8.993197
176	76.247510	-122.772291	-46.524781	20.978498	10.533049	0.540230	9.152951
178	70.766070	-117.826844	-47.060774	23.016132	9.775827	0.517241	9.284658
180	77.377606	-126.881649	-49.504044	24.420797	10.689164	0.517241	9.371804
182	66.219396	-127.924555	-61.705159	25.480141	9.147737	0.517241	9.379199
184	57.823351	-133.823813	-76.000462	26.252273	7.987883	0.540230	9.390169
186	63.274673	-139.242411	-75.967738	26.645197	8.740944	0.551724	9.470573
188	63.339381	-139.965846	-76.626465	26.501569	8.749883	0.597701	9.524026
190	72.275228	-152.486418	-80.211190	26.034441	9.984307	0.597701	9.550443
192	68.898446	-153.155540	-84.257093	25.806391	9.517828	0.609195	9.614126
194	54.389128	-134.405832	-80.016703	25.829996	7.513470	0.586207	9.632961
196	66.838739	-142.058026	-75.219287	26.270911	9.233294	0.586207	9.585653
198	76.214053	-145.758542	-69.544489	26.877874	10.528427	0.586207	9.419170
200	64.748145	-146.287758	-81.539614	27.381952	8.944494	0.574713	9.257548
202	57.001786	-135.113921	-78.112135	27.425796	7.874390	0.586207	9.139253
204	63.618972	-138.503549	-74.884577	27.738117	8.788507	0.586207	9.050633
206	70.775734	-138.860795	-68.085061	28.441659	9.777162	0.597701	8.960169
208	66.594179	-140.884484	-74.290305	29.242876	9.199510	0.586207	8.867788
210	71.883020	-145.465507	-73.582487	30.001936	9.930126	0.574713	8.831179
212	63.787244	-138.300915	-74.513670	30.795958	8.811752	0.597701	8.845649
214	72.311675	-155.141731	-82.830056	31.730068	9.989341	0.620690	8.832655
216	67.277656	-151.360040	-84.082384	33.286255	9.293928	0.620690	8.801831
218	55.659527	-148.734451	-93.074924	34.095089	7.688966	0.620690	8.815110
220	61.331194	-154.830361	-93.499166	33.768369	8.472466	0.643678	8.888158
222	67.538592	-161.877492	-94.338900	33.998892	9.329974	0.620690	9.002246
224	68.184801	-161.182492	-92.997691	33.799163	9.419243	0.620690	9.071797
226	67.253873	-152.878776	-85.624902	34.906717	9.290642	0.609195	9.180842
228	57.817142	-146.694601	-88.877459	36.304042	7.987025	0.609195	9.246978
230	58.205786	-148.842666	-90.636881	36.668355	8.040714	0.609195	9.281318
232	67.086606	-154.854855	-87.768248	36.281654	9.267536	0.620690	9.307772
234	77.445618	-161.495388	-84.049771	35.631458	10.698559	0.632184	9.331516
236	72.374909	-154.145053	-81.770144	35.966017	9.998077	0.632184	9.404326
238	58.997606	-148.666335	-89.668729	35.730880	8.150098	0.597701	9.428391
240	76.996347	-155.939322	-78.942974	36.658533	10.636495	0.620690	9.438188
242	66.320938	-153.314588	-86.993651	37.806988	9.161764	0.609195	9.468267
244	52.960122	-150.576701	-97.616579	38.847982	7.316063	0.609195	9.464935
246	66.684462	-153.037876	-86.353415	39.259718	9.211982	0.609195	9.415202
248	72.631492	-157.335669	-84.704177	39.423485	10.033522	0.643678	9.236281
250	65.215597	-153.326410	-88.110813	38.334120	9.009069	0.666667	9.078738
252	63.836453	-164.392582	-100.556129	37.937330	8.818550	0.655172	9.016781
254	67.767675	-152.497625	-84.729950	37.764347	9.361620	0.655172	8.994003
256	77.415305	-164.124206	-86.708901	37.202711	10.694371	0.678161	8.894227
258	78.504743	-173.818726	-95.313983	36.720182	10.844870	0.666667	8.819095
260	64.764832	-153.414896	-88.650064	37.702356	8.946799	0.655172	8.850424
262	68.944483	-163.168192	-94.223709	37.601489	9.524188	0.643678	8.934382
264	78.769613	-164.251710	-85.482097	38.118908	10.881459	0.643678	9.019849
266	76.015125	-165.721587	-89.706462	38.828124	10.500947	0.643678	9.144338
268	74.122691	-169.604620	-95.481929	39.026634	10.239520	0.643678	9.285031
270	63.013390	-164.311048	-101.297658	40.219743	8.704850	0.655172	9.332179
272	63.599749	-164.290808	-100.691059	41.098003	8.785851	0.620690	9.348404
274	58.074398	-152.637967	-94.563569	41.128990	8.022563	0.643678	9.293459
276	65.375860	-159.776335	-94.400475	41.541033	9.031208	0.655172	9.244224
278	69.614991	-164.008253	-94.393263	41.222246	9.616814	0.666667	9.196830
280	66.612031	-165.296063	-98.684032	40.674927	9.201976	0.655172	9.157611
282	66.594959	-163.159283	-96.564324	39.293985	9.199618	0.666667	9.059810
284	71.084015	-169.531786	-98.447771	37.964611	9.819749	0.678161	8.898588
286	74.293311	-170.929575	-96.636264	36.377751	10.263090	0.689655	8.719955
288	67.112571	-161.267725	-94.155153	34.094316	9.271122	0.701149	8.506401
290	73.825660	-175.175566	-101.349906	32.713643	10.198488	0.701149	8.310223
292	62.824545	-177.475989	-114.651444	32.142768	8.678762	0.678161	8.166370
294	62.561382	-176.202742	-113.641361	31.602044	8.642408	0.689655	7.992185
296	57.313653	-176.803617	-119.489964	31.707310	7.917472	0.689655	7.849744
298	69.406821	-176.738857	-107.332037	31.536875	9.588057	0.701149	7.678327
300	66.804181	-171.106739	-104.302557	31.634177	9.228521	0.701149	7.521492
302	65.913194	-171.005739	-105.092544	31.602552	9.105437	0.666667	7.414637
304	69.241634	-164.699260	-95.457626	30.593574	9.565237	0.643678	7.355923
306	62.504143	-159.876104	-97.371961	29.961597	8.634501	0.643678	7.294686
308	68.555711	-164.938647	-96.382936	29.424631	9.470482	0.655172	7.277238
310	71.638027	-172.366746	-100.728719	29.111012	9.896282	0.678161	7.327944
312	67.761792	-175.341609	-107.579817	28.940157	9.360808	0.666667	7.383383
314	59.674100	-166.565050	-106.890949	29.281675	8.243551	0.643678	7.389720
316	56.783567	-160.587871	-103.804303	29.599617	7.844244	0.620690	7.318518
318	60.153651	-162.522281	-102.368630	28.897170	8.309797	0.643678	7.286069
320	69.646487	-153.798769	-84.152282	28.301656	9.621165	0.643678	7.347044
322	74.892367	-160.568544	-85.676177	28.019596	10.345846	0.655172	7.471479
324	82.594045	-165.789556	-83.195511	27.237398	11.409777	0.632184	7.601863
326	92.980805	-163.932992	-70.952187	25.490623	12.844634	0.655172	7.719160
328	83.047006	-155.762812	-72.715805	26.195570	11.472351	0.666667	7.855798
330	84.486935	-162.560031	-78.073096	26.835534	11.671267	0.632184	7.985947
332	76.061068	-158.403766	-82.342698	26.782261	10.507293	0.643678	8.133013
334	70.329547	-144.139438	-73.809891	26.077371	9.715525	0.643678	8.266501
336	74.024361	-152.193318	-78.168957	24.863510	10.225937	0.655172	8.364960
338	82.759926	-161.285090	-78.525164	24.384900	11.432693	0.655172	8.408597
340	79.895097	-150.399886	-70.504789	25.194089	11.036937	0.643678	8.428971
342	77.735513	-153.211616	-75.476103	26.762244	10.738606	0.643678	8.492496
344	74.663376	-151.215599	-76.552223	26.823945	10.314212	0.655172	8.512681
346	73.481795	-151.687417	-78.205622	26.573200	10.150985	0.666667	8.554360
348	80.378032	-163.660822	-83.282791	26.932353	11.103651	0.689655	8.613648
350	85.725344	-172.719026	-86.993682	27.167743	11.842344	0.689655	8.698228
352	69.883905	-162.312747	-92.428842	27.756747	9.653962	0.678161	8.769925
354	64.211865	-161.111136	-96.899271	27.712904	8.870411	0.678161	8.732743
356	87.515868	-168.334619	-80.818751	28.072149	12.089692	0.655172	8.715074
358	83.377252	-170.074564	-86.697312	27.226804	11.517972	0.678161	8.767503
360	65.979876	-158.380482	-92.400606	26.339298	9.114649	0.666667	8.835309
362	75.817790	-160.967781	-85.149991	26.243985	10.473686	0.643678	8.860351
364	61.943400	-163.820161	-101.876761	26.600369	8.557038	0.655172	8.837320
366	65.716882	-166.537426	-100.820544	27.008629	9.078318	0.678161	8.882570
368	65.648509	-168.662296	-103.013787	27.733470	9.068873	0.678161	8.894760
370	68.259260	-168.462956	-100.203696	28.496362	9.429529	0.678161	8.885380
372	66.008060	-176.522935	-110.514875	29.144542	9.118542	0.678161	8.924793
374	59.978968	-171.063564	-111.084596	29.493988	8.285666	0.689655	9.028129
376	61.412495	-180.312100	-118.899606	29.715890	8.483698	0.689655	9.104611
378	74.224017	-171.728450	-97.504433	30.110171	10.253518	0.701149	9.231569
380	59.697797	-167.277336	-107.579539	29.737225	8.246824	0.689655	9.321165
382	67.967931	-173.702672	-105.734741	29.278139	9.389284	0.689655	9.335522
384	72.663589	-170.762149	-98.098560	29.784787	10.037956	0.689655	9.318062
386	75.182280	-160.307021	-85.124741	28.418974	10.385895	0.678161	9.181074
388	74.678112	-156.956337	-82.278225	27.859476	10.316248	0.689655	9.063463
390	71.327389	-147.627858	-76.300470	27.511897	9.853369	0.678161	8.912305
392	74.226812	-154.795359	-80.568547	26.501499	10.253904	0.689655	8.787161
394	77.289742	-149.267296	-71.977555	26.027595	10.677026	0.712644	8.694536
396	70.933960	-153.716555	-82.782595	25.961165	9.799020	0.678161	8.565027
398	70.130467	-158.940044	-88.809577	25.770050	9.688023	0.689655	8.458787
400	83.280491	-163.270300	-79.989810	25.487723	11.504605	0.689655	8.433808
402	73.990143	-158.768698	-84.778555	25.414050	10.221210	0.701149	8.335066
404	81.754015	-156.955889	-75.201874	25.358610	11.293733	0.678161	8.303073
406	86.239834	-172.341806	-86.101973	26.195018	11.913417	0.689655	8.329171
408	81.645225	-168.086398	-86.441173	26.510310	11.278705	0.712644	8.300892
410	79.147121	-161.863468	-82.716347	26.570036	10.933609	0.701149	8.300054
412	74.317141	-161.241872	-86.924731	25.214245	10.266382	0.678161	8.241872
414	72.795448	-161.742117	-88.946669	25.097512	10.056171	0.689655	8.252778
416	72.205611	-167.024072	-94.818461	24.800446	9.974689	0.712644	8.222309
418	70.561761	-166.902812	-96.341052	24.430736	9.747603	0.712644	8.258060
420	67.793302	-172.924073	-105.130771	24.616503	9.365161	0.701149	8.308775
422	69.852361	-175.819156	-105.966795	24.991150	9.649605	0.678161	8.302786
424	69.808011	-169.801949	-99.993938	24.731787	9.643478	0.678161	8.358307
426	75.959879	-173.481578	-97.521700	24.201343	10.493315	0.655172	8.469322
428	77.799696	-170.078308	-92.278612	23.887134	10.747472	0.666667	8.467608
430	69.948243	-158.131060	-88.182817	24.893870	9.662850	0.666667	8.433584
432	81.843443	-173.054832	-91.211389	25.681841	11.306087	0.678161	8.490263
434	71.804988	-173.564933	-101.759945	27.172887	9.919346	0.655172	8.553720
436	62.557636	-167.285580	-104.727945	27.733581	8.641891	0.689655	8.609600
438	71.851360	-174.072600	-102.221240	27.720657	9.925752	0.689655	8.750573
440	62.964951	-165.886543	-102.921592	27.885989	8.698158	0.689655	8.924955
442	75.253017	-173.666579	-98.413562	27.177828	10.395667	0.712644	9.093654
444	70.532913	-176.506938	-105.974025	27.093385	9.743618	0.712644	9.254164
446	78.727495	-175.839007	-97.111512	27.220723	10.875641	0.701149	9.356585
448	70.560557	-170.046336	-99.485778	27.483351	9.747437	0.701149	9.438321
450	74.745835	-174.118242	-99.372408	28.334929	10.325603	0.689655	9.517067
452	71.766836	-160.695098	-88.928263	28.610111	9.914076	0.701149	9.633853
454	71.361167	-170.664390	-99.303223	28.824954	9.858036	0.712644	9.724101
456	73.817882	-165.118890	-91.301008	28.573042	10.197413	0.712644	9.808683
458	65.852045	-160.199137	-94.347092	28.746784	9.096990	0.666667	9.971250
460	61.482049	-159.989672	-98.507624	28.775570	8.493306	0.689655	10.014927
462	69.224715	-164.136974	-94.912259	29.566634	9.562900	0.701149	10.072411
464	75.641641	-170.734165	-95.092525	29.142795	10.449352	0.712644	10.057910
466	70.770680	-170.046710	-99.276030	28.811076	9.776464	0.735632	9.979501
468	75.950974	-168.983696	-93.032722	28.759423	10.492085	0.724138	9.973936
470	64.931268	-157.787293	-92.856025	28.359447	8.969791	0.712644	10.026805
472	84.815403	-178.118816	-93.303412	28.144623	11.716642	0.689655	10.068927
474	82.894849	-173.721020	-90.826171	28.027755	11.451331	0.678161	10.096450
476	79.624505	-167.077262	-87.452756	27.636438	10.999557	0.689655	10.170042
478	79.596711	-163.884809	-84.288098	27.681422	10.995717	0.678161	10.315760
480	82.769401	-165.814022	-83.044621	28.549378	11.434002	0.678161	10.347720
482	79.050997	-167.553239	-88.502241	29.244655	10.920331	0.689655	10.419546
484	81.393998	-168.523774	-87.129777	28.885528	11.243999	0.724138	10.466414
486	81.245109	-169.308760	-88.063651	29.159983	11.223432	0.689655	10.631131
488	82.677890	-167.064916	-84.387026	29.702330	11.421360	0.701149	10.817376
490	88.889562	-167.970991	-79.081429	29.777095	12.279458	0.701149	10.946229
492	77.598269	-157.484961	-79.886692	30.070454	10.719647	0.689655	11.072365
494	82.641192	-158.243433	-75.602241	30.204756	11.416290	0.689655	11.130405
496	64.588933	-146.394998	-81.806065	29.658016	8.922500	0.689655	11.203318
498	75.869098	-163.464372	-87.595274	29.417686	10.480774	0.678161	11.277590
500	73.234293	-162.980316	-89.746022	29.205705	10.116795	0.666667	11.355965
502	63.006680	-162.421058	-99.414378	29.316556	8.703923	0.643678	11.418063
504	76.196336	-174.102046	-97.905710	28.714327	10.525980	0.666667	11.514060
506	63.534623	-164.482169	-100.947546	28.912437	8.776854	0.689655	11.603441
508	78.260589	-172.386990	-94.126401	28.554057	10.811141	0.655172	11.648969
510	64.094673	-160.271519	-96.176845	27.646464	8.854221	0.655172	11.673455
512	67.991336	-156.793280	-88.801943	27.542215	9.392518	0.655172	11.759087
514	70.830859	-164.518402	-93.687543	27.536047	9.784777	0.655172	11.824464
516	61.416026	-158.373442	-96.957416	27.488035	8.484185	0.701149	11.844759
518	76.015054	-167.787723	-91.772669	28.170036	10.500937	0.689655	11.856035
520	72.700813	-164.344270	-91.643457	28.112007	10.043098	0.678161	11.930988
522	71.114701	-158.815924	-87.701223	28.158877	9.823988	0.678161	11.965050
524	75.387700	-152.939314	-77.551614	27.674804	10.414272	0.689655	11.958728
526	64.363020	-152.064230	-87.701210	27.457952	8.891291	0.655172	11.995452
528	64.339553	-154.187633	-89.848080	27.064213	8.888050	0.678161	12.016803
530	70.232105	-164.057016	-93.824911	26.809208	9.702064	0.678161	11.996336
532	64.641051	-155.872584	-91.231534	26.509462	8.929699	0.666667	12.025866
534	73.455749	-165.319661	-91.863911	26.110456	10.147387	0.666667	12.159015
536	72.686031	-174.921085	-102.235054	25.440319	10.041056	0.689655	12.342960
538	69.224741	-166.251047	-97.026306	25.316733	9.562903	0.689655	12.459678
540	66.901763	-164.633067	-97.731305	25.017405	9.242001	0.666667	12.477560
542	71.941754	-173.854871	-101.913117	24.927083	9.938239	0.678161	12.438206
544	69.820507	-180.402660	-110.582154	25.269487	9.645204	0.724138	12.353851
546	67.618011	-172.466250	-104.848240	25.026290	9.340945	0.701149	12.287107
548	67.913534	-171.576733	-103.663200	25.771679	9.381770	0.678161	12.284330
550	63.434385	-169.066611	-105.632225	26.714000	8.763007	0.701149	12.277210
552	71.172016	-173.522103	-102.350087	27.467065	9.831906	0.689655	12.242048
554	55.006391	-173.185243	-118.178852	27.556462	7.598740	0.666667	12.277541
556	66.656564	-173.602255	-106.945691	27.282234	9.208128	0.689655	12.337378
558	64.349305	-162.024427	-97.675121	26.897492	8.889397	0.724138	12.315748
560	71.911812	-171.069477	-99.157665	27.686041	9.934103	0.712644	12.289400
562	73.731946	-169.384172	-95.652226	27.305799	10.185542	0.678161	12.196211
564	81.724819	-172.906183	-91.181364	26.401642	11.289700	0.678161	12.077945
566	75.565053	-169.176680	-93.611627	26.368747	10.438772	0.666667	11.883073
568	61.766380	-157.010586	-95.244207	26.480592	8.532584	0.632184	11.791747
570	63.914179	-164.297347	-100.383168	26.069983	8.829287	0.678161	11.717796
572	70.558743	-169.378487	-98.819743	27.473699	9.747186	0.689655	11.587369
574	69.353438	-168.947274	-99.593836	26.839736	9.580682	0.689655	11.484686
576	67.902602	-163.765886	-95.863284	27.404360	9.380259	0.712644	11.392709
578	72.622032	-163.542811	-90.920778	27.714896	10.032215	0.689655	11.335302
580	67.127862	-165.326455	-98.198592	28.336854	9.273235	0.678161	11.250197
582	60.649867	-170.626555	-109.976689	27.298034	8.378346	0.666667	11.219372
584	60.119429	-176.404929	-116.285501	27.085088	8.305070	0.666667	11.148490
586	50.935216	-168.812275	-117.877058	27.099560	7.036336	0.666667	11.141570
588	66.091684	-170.945199	-104.853515	27.392367	9.130094	0.655172	11.172154
590	51.354372	-159.114056	-107.759684	27.726731	7.094240	0.643678	11.129981
592	61.423604	-159.606419	-98.182815	27.640619	8.485232	0.655172	11.077794
594	66.509527	-169.348662	-102.839135	28.352635	9.187816	0.643678	11.088211
596	64.268389	-172.541541	-108.273151	28.817276	8.878219	0.655172	11.039937
598	68.129398	-169.307834	-101.178436	29.423467	9.411590	0.678161	11.026085
600	73.240580	-171.391172	-98.150592	29.522361	10.117663	0.666667	10.949816
602	71.804750	-172.051069	-100.246319	30.643826	9.919313	0.666667	10.915145
604	62.275398	-160.743886	-98.468488	29.967531	8.602901	0.678161	10.912326
606	68.942471	-169.889872	-100.947401	29.624453	9.523910	0.678161	10.858172
608	76.808878	-177.089118	-100.280240	29.457024	10.610598	0.678161	10.770765
610	71.503890	-175.018338	-103.514447	29.202603	9.877752	0.678161	10.677363
612	67.517015	-172.710466	-105.193451	29.914984	9.326993	0.678161	10.615688
614	71.132892	-179.986646	-108.853754	29.812608	9.826501	0.678161	10.591940
616	67.462841	-173.664708	-106.201867	29.690831	9.319510	0.689655	10.582953
618	68.833490	-165.050975	-96.217485	29.845613	9.508855	0.678161	10.658188
620	68.306655	-160.892743	-92.586088	31.094303	9.436076	0.655172	10.792754
622	71.070607	-165.429700	-94.359093	31.273119	9.817897	0.655172	11.000372
624	71.179003	-168.693531	-97.514528	30.682781	9.832871	0.643678	11.233508
626	71.869604	-163.911085	-92.041481	31.021185	9.928272	0.643678	11.465099
628	68.894419	-153.035987	-84.141568	31.445493	9.517272	0.655172	11.737404
630	74.109152	-154.389942	-80.280790	31.794888	10.237650	0.643678	11.904556
632	64.374695	-157.632944	-93.258249	32.077994	8.892904	0.655172	11.986604
634	72.495095	-164.986780	-92.491685	31.633972	10.014680	0.689655	12.062906
636	82.667830	-170.467654	-87.799824	31.395238	11.419970	0.701149	12.042256
638	82.572601	-171.045955	-88.473353	30.426759	11.406815	0.666667	12.017313
640	77.657843	-170.609011	-92.951168	29.563522	10.727876	0.689655	11.963998
642	70.902942	-168.136862	-97.233920	30.173305	9.794735	0.689655	11.910002
644	82.028999	-164.968914	-82.939916	29.703106	11.331720	0.666667	11.830540
646	76.229493	-170.617919	-94.388426	28.621266	10.530560	0.678161	11.767716
648	73.255100	-174.292235	-101.037135	29.775086	10.119669	0.678161	11.731526
650	70.544644	-180.970953	-110.426308	30.751205	9.745239	0.712644	11.713967
652	56.788287	-186.223768	-129.435481	31.967445	7.844896	0.689655	11.674904
654	62.296784	-181.097807	-118.801023	32.622361	8.605856	0.689655	11.620330
656	66.617183	-184.444244	-117.827060	33.121864	9.202688	0.712644	11.549782
658	60.175264	-183.332907	-123.157643	33.660312	8.312783	0.724138	11.511435
660	62.249109	-183.907529	-121.658421	33.460242	8.599270	0.724138	11.470312
662	71.923513	-183.778564	-111.855051	34.327703	9.935720	0.712644	11.486851
664	72.608608	-165.801791	-93.193182	34.762540	10.030361	0.724138	11.644747
666	78.368063	-166.947968	-88.579905	35.810765	10.825988	0.678161	11.801853
668	83.035253	-171.229132	-88.193880	35.791961	11.470727	0.701149	11.883660
670	64.040833	-147.957415	-83.916583	36.487519	8.846784	0.701149	11.979315
672	78.777498	-160.688126	-81.910628	37.472185	10.882549	0.666667	12.082651
674	82.866856	-174.877730	-92.010873	38.487636	11.447464	0.689655	12.217301
676	64.125401	-165.655522	-101.530121	38.356130	8.858466	0.689655	12.296618
678	73.998134	-167.631278	-93.633143	37.991312	10.222314	0.678161	12.454952
680	70.532040	-167.881994	-97.349954	37.547679	9.743498	0.678161	12.603184
682	80.124389	-168.780820	-88.656432	37.213811	11.068612	0.701149	12.645514
684	71.770106	-160.980390	-89.210284	36.999607	9.914528	0.678161	12.672538
686	61.526802	-151.831037	-90.304236	37.382107	8.499488	0.643678	12.658054
688	64.150438	-159.754575	-95.604137	37.632694	8.861925	0.609195	12.690605
690	67.364394	-160.419151	-93.054757	37.732795	9.305910	0.632184	12.625439
692	71.579829	-162.514867	-90.935038	36.979197	9.888242	0.666667	12.549585
694	64.292590	-164.787629	-100.495039	36.411415	8.881562	0.655172	12.478685
696	65.658413	-166.689595	-101.031182	36.337389	9.070241	0.643678	12.428376
698	72.417685	-174.119323	-101.701638	36.188444	10.003986	0.678161	12.441771
700	71.154170	-169.938607	-98.784437	36.162710	9.829440	0.689655	12.444868
702	74.565686	-163.592005	-89.026319	36.692504	10.300717	0.678161	12.390310
704	77.100626	-170.677690	-93.577064	37.106892	10.650901	0.655172	12.355177
706	70.952703	-166.350745	-95.398041	37.822838	9.801609	0.666667	12.206620
708	67.771943	-166.867779	-99.095836	38.695145	9.362210	0.655172	12.022373
710	65.047243	-160.953946	-95.906703	37.962887	8.985812	0.678161	11.860740
712	60.934072	-171.635180	-110.701108	36.936125	8.417607	0.712644	11.785168
714	70.438952	-168.628759	-98.189807	36.518236	9.730638	0.678161	11.711397
716	64.186947	-166.552482	-102.365535	35.655332	8.866968	0.678161	11.621212
718	74.717554	-166.363941	-91.646387	35.407002	10.321696	0.689655	11.512840
720	77.630735	-174.779315	-97.148579	35.926307	10.724132	0.689655	11.416671
722	64.996467	-160.535409	-95.538942	36.040038	8.978798	0.678161	11.260021
724	62.794806	-156.936365	-94.141559	36.684192	8.674654	0.666667	11.054398
726	66.831152	-166.884858	-100.053705	37.185575	9.232246	0.666667	10.811956
728	60.537216	-159.741306	-99.204090	38.387198	8.362784	0.666667	10.651858
730	64.286132	-157.394230	-93.108098	39.807989	8.880670	0.655172	10.593956
732	72.336763	-149.388305	-77.051543	41.022728	9.992807	0.666667	10.541543
734	88.375768	-159.401547	-71.025779	41.891234	12.208481	0.678161	10.546953
736	90.621100	-159.797291	-69.176191	41.512434	12.518658	0.666667	10.622331
738	82.613099	-150.953054	-68.339956	41.274388	11.412410	0.666667	10.734237
740	77.755209	-160.377906	-82.622698	41.995771	10.741327	0.666667	10.902935
742	80.494667	-157.640428	-77.145761	42.421662	11.119763	0.655172	11.019975
744	75.707687	-158.991949	-83.284262	41.434322	10.458476	0.666667	11.115216
746	83.773037	-164.755437	-80.982401	40.081994	11.572647	0.689655	11.260365
748	68.439260	-158.822837	-90.383577	38.747564	9.454395	0.689655	11.417528
750	77.076450	-163.734732	-86.658282	37.023564	10.647561	0.689655	11.564798
752	89.232712	-179.073335	-89.840623	37.126050	12.326862	0.689655	11.704032
754	70.664251	-174.905586	-104.241335	36.976598	9.761762	0.701149	11.834440
756	69.476343	-170.549868	-101.073526	36.017157	9.597660	0.701149	11.897910
758	74.877191	-171.664534	-96.787343	36.313123	10.343749	0.689655	11.981809
760	77.109019	-169.652563	-92.543544	36.642828	10.652060	0.689655	12.066185
762	68.647167	-157.677978	-89.030811	37.014462	9.483116	0.632184	12.216065
764	70.850717	-155.036063	-84.185346	36.121152	9.787521	0.643678	12.315550
766	65.382326	-159.041810	-93.659485	34.142395	9.032101	0.643678	12.412337
768	67.084867	-161.905884	-94.821017	34.518377	9.267295	0.678161	12.499340
770	58.958315	-170.343411	-111.385096	35.279824	8.144670	0.689655	12.548825
772	66.727570	-180.386407	-113.658837	35.407741	9.217937	0.689655	12.604751
774	67.256382	-179.883190	-112.626808	35.612690	9.290989	0.678161	12.543711
776	62.152765	-168.824617	-106.671852	36.096072	8.585961	0.689655	12.480234
778	69.936962	-166.034057	-96.097094	36.028213	9.661292	0.678161	12.471707
780	68.237259	-164.793741	-96.556482	35.411756	9.426490	0.655172	12.475786
782	76.498363	-166.102911	-89.604548	34.935905	10.567702	0.678161	12.496921
784	75.088589	-159.033046	-83.944458	35.000144	10.372952	0.666667	12.533335
786	78.540573	-163.278500	-84.737927	34.945180	10.849819	0.643678	12.449733
788	71.504513	-148.104183	-76.599670	34.550779	9.877838	0.655172	12.325430
790	70.583391	-154.367157	-83.783766	34.721239	9.750591	0.666667	12.248293
792	62.133550	-149.379543	-87.245992	34.426228	8.583306	0.632184	12.202424
794	71.577256	-154.162900	-82.585645	34.207438	9.887887	0.655172	12.198300
796	68.162748	-158.705921	-90.543173	34.833783	9.416197	0.655172	12.193653
798	71.004386	-155.677244	-84.672859	34.101846	9.808749	0.655172	12.243450
800	72.290298	-164.787979	-92.497681	34.141751	9.986388	0.689655	12.276441
802	55.687131	-164.205559	-108.518428	33.723467	7.692779	0.701149	12.275284
804	68.601424	-178.459865	-109.858441	33.057288	9.476797	0.712644	12.255715
806	78.475806	-181.195927	-102.720121	31.538183	10.840872	0.712644	12.142500
808	80.278941	-169.661269	-89.382328	30.551515	11.089962	0.712644	12.076230
810	75.558624	-169.459210	-93.900586	30.492312	10.437884	0.701149	12.038979
812	77.279192	-169.288266	-92.009074	29.495687	10.675568	0.701149	12.062356
814	81.178892	-162.952379	-81.773487	28.791627	11.214284	0.655172	12.100837
816	72.952889	-160.860259	-87.907370	29.662137	10.077921	0.643678	12.118898
818	79.787191	-167.043498	-87.256306	29.773993	11.022031	0.655172	12.029529
820	78.749002	-157.989082	-79.240079	31.148124	10.878612	0.678161	11.942541
822	83.473462	-167.057208	-83.583746	32.521788	11.531263	0.666667	11.900210
824	81.555207	-165.754978	-84.199771	34.455059	11.266269	0.655172	11.808098
826	70.014031	-153.086691	-83.072660	35.372319	9.671938	0.643678	11.838855
828	79.151209	-160.270983	-81.119774	35.803611	10.934174	0.655172	11.849345
830	78.727643	-160.865080	-82.137437	35.867846	10.875662	0.643678	11.789110
832	74.911431	-162.482232	-87.570801	35.083703	10.348479	0.655172	11.799783
834	58.829965	-157.649871	-98.819905	35.120852	8.126940	0.655172	11.848378
836	72.872205	-170.544486	-97.672281	35.358205	10.066775	0.678161	11.923251
838	70.674534	-170.397393	-99.722860	33.983351	9.763182	0.701149	11.968535
840	58.495815	-171.709016	-113.213201	33.438233	8.080779	0.712644	12.004639
842	58.401165	-182.355750	-123.954584	32.347946	8.067704	0.701149	12.029837
844	62.198306	-174.563341	-112.365035	32.480707	8.592252	0.712644	12.048975
846	61.849615	-176.463620	-114.614005	33.555264	8.544082	0.712644	12.141835
848	56.951392	-166.366363	-109.414971	33.804571	7.867428	0.724138	12.325510
850	62.812046	-171.805977	-108.993931	35.304870	8.677035	0.666667	12.493721
852	61.918071	-167.660383	-105.742312	36.765687	8.553539	0.632184	12.617358
854	72.413787	-170.280134	-97.866347	36.668087	10.003447	0.666667	12.788383
856	75.336918	-176.726137	-101.389219	36.861572	10.407257	0.689655	12.954476
858	70.822245	-170.804351	-99.982106	36.821908	9.783587	0.666667	13.001924
860	72.087840	-167.194568	-95.106728	37.450380	9.958420	0.678161	13.098974
862	72.096976	-170.730081	-98.633106	36.972937	9.959682	0.701149	13.160449
864	71.957635	-170.357071	-98.399436	36.945320	9.940433	0.701149	13.212784
866	66.347391	-167.535238	-101.187847	36.340397	9.165418	0.701149	13.257521
868	64.626654	-166.674319	-102.047664	36.289124	8.927711	0.689655	13.192768
870	65.427274	-171.116190	-105.688916	35.688444	9.038311	0.701149	13.203975
872	67.318638	-172.795128	-105.476490	36.366216	9.299589	0.724138	13.260479
874	78.822083	-182.455308	-103.633225	36.653201	10.888708	0.701149	13.381108
876	70.024074	-179.114442	-109.090367	36.036760	9.673326	0.689655	13.452488
878	65.112892	-177.642701	-112.529808	35.680137	8.994881	0.689655	13.539586
880	74.830166	-183.196517	-108.366351	35.689788	10.337253	0.701149	13.623851
882	66.828627	-169.816356	-102.987729	36.927527	9.231898	0.678161	13.711364
884	66.103477	-179.301425	-113.197947	37.478143	9.131723	0.689655	13.801535
886	64.168111	-175.538630	-111.370519	37.482175	8.864366	0.701149	13.961516
888	64.930020	-180.743555	-115.813535	37.789153	8.969619	0.701149	14.102668
890	67.860313	-180.556563	-112.696250	37.224779	9.374418	0.701149	14.212590
892	65.814692	-175.064495	-109.249802	37.288079	9.091830	0.689655	14.354302
894	68.647634	-173.530962	-104.883328	37.535053	9.483180	0.678161	14.452173
896	58.797100	-166.580351	-107.783251	37.201133	8.122399	0.655172	14.536316
898	66.715900	-172.286048	-105.570148	36.649998	9.216325	0.655172	14.598727
900	59.207297	-161.586267	-102.378970	37.947837	8.179065	0.655172	14.678317
902	70.927443	-166.695332	-95.767888	37.801342	9.798120	0.643678	14.781763
904	84.583978	-169.589839	-85.005861	37.182508	11.684672	0.666667	14.765509
906	75.943595	-166.551796	-90.608201	37.160043	10.491065	0.678161	14.696433
908	78.313471	-168.629503	-90.316032	36.951406	10.818447	0.666667	14.716288
910	79.221679	-172.813360	-93.591681	36.687213	10.943909	0.689655	14.830017
912	64.183652	-161.479652	-97.296000	36.379578	8.866513	0.689655	14.991481
914	87.580534	-184.957325	-97.376792	37.192424	12.098625	0.712644	15.157515
916	73.710900	-174.053883	-100.342983	37.181925	10.182634	0.701149	15.250359
918	70.032758	-176.563305	-106.530547	37.558411	9.674525	0.724138	15.281303
920	71.995072	-168.851539	-96.856467	37.126688	9.945605	0.724138	15.259545
922	75.243207	-167.995610	-92.752402	37.334738	10.394312	0.724138	15.301635
924	76.821482	-173.139952	-96.318470	38.002482	10.612339	0.712644	15.335095
926	69.636865	-172.665696	-103.028831	37.865457	9.619835	0.678161	15.330819
928	64.457938	-175.116126	-110.658188	37.378513	8.904404	0.678161	15.278000
930	55.363108	-165.157551	-109.794444	38.386441	7.648018	0.701149	15.284056
932	72.805724	-182.783775	-109.978051	38.340539	10.057591	0.712644	15.264840
934	63.036405	-170.965819	-107.929414	38.191450	8.708029	0.712644	15.235170
936	64.122189	-176.569363	-112.447174	38.283377	8.858022	0.724138	15.236253
938	63.621948	-174.629685	-111.007737	38.106385	8.788918	0.712644	15.298010
940	65.377657	-170.609007	-105.231350	38.540536	9.031456	0.712644	15.338969
942	65.496153	-164.154204	-98.658052	38.572517	9.047826	0.724138	15.420132
944	81.176917	-182.346253	-101.169336	38.926098	11.214011	0.724138	15.600455
946	72.672760	-171.839407	-99.166647	39.124103	10.039223	0.701149	15.754439
948	60.365618	-162.597124	-102.231505	38.015575	8.339079	0.689655	15.807452
950	62.443199	-166.546647	-104.103447	37.313570	8.626082	0.655172	15.783580
952	65.379696	-174.967686	-109.587990	36.862116	9.031738	0.666667	15.813427
954	64.267133	-175.098328	-110.831195	36.825672	8.878045	0.701149	15.843521
956	74.518724	-179.368102	-104.849378	36.249764	10.294229	0.689655	15.849611
958	60.723635	-173.062927	-112.339292	35.893832	8.388536	0.689655	15.857326
960	69.695578	-175.969037	-106.273459	35.560262	9.627946	0.701149	15.744598
962	65.543190	-180.482061	-114.938871	34.720930	9.054324	0.712644	15.670275
964	71.832072	-183.438101	-111.606028	34.386407	9.923088	0.712644	15.607804
966	72.010151	-177.866180	-105.856029	33.884079	9.947688	0.701149	15.480884
968	73.062866	-176.083215	-103.020350	33.504516	10.093113	0.701149	15.305102
970	71.237125	-175.212332	-103.975207	34.027069	9.840900	0.712644	15.057870
972	76.841603	-178.139892	-101.298289	34.739880	10.615119	0.724138	14.827747
974	70.303313	-171.982393	-101.679080	34.536502	9.711901	0.701149	14.660782
976	67.203916	-175.875114	-108.671199	33.948072	9.283741	0.724138	14.436607
978	64.533837	-171.488804	-106.954967	33.038386	8.914889	0.712644	14.197618
980	73.120189	-179.508025	-106.387836	31.539073	10.101032	0.701149	14.004412
982	62.757548	-174.679571	-111.922023	31.339468	8.669507	0.712644	13.913148
984	74.116231	-177.829526	-103.713296	31.210018	10.238628	0.724138	13.830840
986	64.374705	-172.842790	-108.468086	31.071950	8.892906	0.701149	13.760111
988	63.297855	-170.733755	-107.435900	30.915000	8.744147	0.712644	13.714599
990	65.776213	-174.724010	-108.947797	30.844694	9.086514	0.701149	13.768187
992	70.019359	-179.713959	-109.694600	31.294661	9.672674	0.701149	13.782632
994	70.686006	-176.600982	-105.914976	32.829988	9.764767	0.666667	13.793263
996	62.955210	-172.315295	-109.360084	33.621762	8.696813	0.678161	13.742161
998	63.482358	-172.289675	-108.807317	33.841176	8.769634	0.678161	13.671465
1000	68.729129	-174.579502	-105.850372	32.876893	9.494438	0.678161	13.589027
