#time	ekin		epot		etot		chain_length	temperature	q		dRMSD
0	0.000000	246.573716	246.573716	13.513117	0.000000	0.103448	12.548937
2	137.022325	76.963675	213.985999	12.505908	18.928655	0.091954	12.615671
4	126.961679	65.673095	192.634774	12.088345	17.538849	0.091954	12.618646
6	139.034503	27.075972	166.110475	12.549855	19.206624	0.149425	12.612564
8	134.386885	2.364319	136.751204	13.571040	18.564588	0.183908	12.555219
10	112.004818	-7.137262	104.867556	15.193499	15.472666	0.195402	12.494386
12	102.025574	-11.905037	90.120537	16.155924	14.094104	0.183908	12.456948
14	98.617827	-17.474268	81.143558	16.268120	13.623348	0.206897	12.328941
16	94.357496	-26.384885	67.972612	16.191926	13.034814	0.206897	12.221275
18	65.943716	-14.664439	51.279276	16.308921	9.109653	0.183908	12.166339
20	70.043006	-12.964574	57.078433	16.696784	9.675941	0.206897	12.062864
22	66.004837	-8.870846	57.133991	16.607671	9.118097	0.195402	11.915654
24	86.780463	-24.412675	62.367787	15.816630	11.988101	0.206897	11.773394
26	99.022871	-39.073438	59.949432	15.077495	13.679302	0.218391	11.588616
28	81.881336	-27.817116	54.064220	14.773783	11.311322	0.252874	11.407833
30	87.093935	-32.636884	54.457051	14.269369	12.031405	0.275862	11.213792
32	90.006416	-43.763196	46.243220	14.598462	12.433744	0.287356	10.990031
34	88.958768	-48.571220	40.387548	14.708181	12.289018	0.241379	10.853083
36	90.853472	-52.096831	38.756641	14.862651	12.550758	0.275862	10.751828
38	89.913866	-54.831568	35.082297	15.617919	12.420958	0.310345	10.610456
40	80.030064	-56.507739	23.522325	16.341806	11.055582	0.321839	10.476445
42	70.509117	-56.550968	13.958149	17.034164	9.740331	0.321839	10.371587
44	75.170203	-61.518766	13.651437	16.674780	10.384227	0.356322	10.251686
46	83.797827	-68.101634	15.696193	15.391005	11.576071	0.333333	10.198916
48	73.594338	-57.889715	15.704624	14.966432	10.166532	0.344828	10.191136
50	76.010338	-66.701462	9.308876	15.441971	10.500285	0.379310	10.210119
52	90.807848	-82.714053	8.093794	15.292673	12.544456	0.367816	10.261303
54	87.048459	-80.394284	6.654175	15.566904	12.025123	0.379310	10.326314
56	77.808263	-79.427875	-1.619613	16.199524	10.748656	0.379310	10.430583
58	88.634172	-87.929505	0.704667	16.647860	12.244178	0.390805	10.534089
60	77.506787	-83.574029	-6.067242	16.796077	10.707009	0.379310	10.601343
62	73.355201	-78.446866	-5.091665	16.682390	10.133497	0.367816	10.591379
64	71.146391	-76.739888	-5.593496	16.298008	9.828366	0.367816	10.590312
66	78.173621	-87.362909	-9.189288	16.531443	10.799127	0.356322	10.641501
68	73.964115	-79.937750	-5.973634	16.675210	10.217614	0.367816	10.741224
70	73.333944	-78.807480	-5.473536	17.010161	10.130561	0.379310	10.810827
72	85.958256	-82.063624	3.894632	18.044340	11.874519	0.379310	10.928792
74	68.792151	-69.396925	-0.604775	18.477894	9.503144	0.367816	10.949543
76	71.934116	-69.747713	2.186403	18.215560	9.937184	0.356322	10.946337
78	68.018724	-69.142421	-1.123696	17.376366	9.396301	0.344828	10.912319
80	70.688980	-81.848902	-11.159922	16.583545	9.765178	0.367816	10.846422
82	72.092452	-78.982676	-6.890224	16.180510	9.959057	0.367816	10.802499
84	77.058168	-85.022925	-7.964757	15.892190	10.645036	0.367816	10.799181
86	61.208625	-75.356519	-14.147894	14.940766	8.455534	0.379310	10.831427
88	70.171733	-79.696676	-9.524943	14.366183	9.693724	0.379310	10.819811
90	61.136508	-72.518440	-11.381932	13.874807	8.445572	0.367816	10.855266
92	78.861031	-77.464834	1.396198	12.929430	10.894088	0.367816	10.892395
94	83.924230	-87.455110	-3.530880	12.246899	11.593533	0.379310	10.887051
96	80.507348	-90.022084	-9.514736	11.683996	11.121515	0.379310	10.860574
98	81.727727	-87.850264	-6.122538	11.367032	11.290102	0.367816	10.888261
100	81.456983	-85.184999	-3.728016	11.533384	11.252700	0.402299	10.924841
102	93.323627	-91.819703	1.503924	12.269018	12.891993	0.402299	10.938328
104	99.204207	-88.415165	10.789041	13.467555	13.704353	0.390805	10.958213
106	79.680885	-85.734422	-6.053537	14.961563	11.007345	0.402299	10.959851
108	71.603993	-78.957939	-7.353946	15.850179	9.891580	0.413793	10.902680
110	80.752367	-92.956528	-12.204161	16.819815	11.155363	0.425287	10.899315
112	84.187526	-91.225470	-7.037943	17.945607	11.629905	0.425287	10.883543
114	86.623066	-93.628223	-7.005156	18.894821	11.966358	0.413793	10.879964
116	83.730091	-99.777442	-16.047351	19.982550	11.566714	0.436782	10.890050
118	81.074767	-88.878010	-7.803244	21.034238	11.199900	0.413793	10.942509
120	78.401060	-92.734258	-14.333197	21.168059	10.830546	0.402299	10.968207
122	80.893105	-97.921754	-17.028650	21.304376	11.174805	0.436782	10.925644
124	82.020888	-97.142077	-15.121189	21.658767	11.330600	0.436782	10.901754
126	73.924070	-86.973462	-13.049392	21.414907	10.212082	0.402299	10.882953
128	81.819753	-90.060190	-8.240437	20.896797	11.302815	0.413793	10.823617
130	90.490913	-94.940841	-4.449929	20.259818	12.500673	0.425287	10.683517
132	76.394356	-93.373605	-16.979250	19.302051	10.553335	0.436782	10.509923
134	82.668123	-99.463016	-16.794893	19.051431	11.420011	0.448276	10.408941
136	83.464402	-96.171012	-12.706610	18.567634	11.530011	0.459770	10.285988
138	79.779899	-92.107397	-12.327498	17.562255	11.021023	0.448276	10.209725
140	71.431032	-92.032613	-20.601581	15.751286	9.867687	0.413793	10.151960
142	67.645872	-83.762543	-16.116671	14.362799	9.344794	0.413793	10.083656
144	76.838194	-98.212420	-21.374225	13.319653	10.614648	0.436782	9.996748
146	88.291375	-114.394274	-26.102899	13.202100	12.196823	0.494253	9.891102
148	95.508874	-122.791270	-27.282395	13.753982	13.193869	0.494253	9.737426
150	90.595193	-113.076017	-22.480823	14.884300	12.515079	0.482759	9.570506
152	78.443816	-107.343483	-28.899666	15.683700	10.836453	0.482759	9.424836
154	68.079496	-102.348334	-34.268838	16.033306	9.404696	0.494253	9.320873
156	76.514292	-108.527577	-32.013285	16.489049	10.569903	0.505747	9.194108
158	73.906149	-118.406625	-44.500476	17.513811	10.209607	0.494253	9.101523
160	67.018084	-110.298852	-43.280769	17.917827	9.258070	0.482759	9.040455
162	75.681630	-121.287265	-45.605636	18.371628	10.454877	0.505747	8.967116
164	67.875669	-115.441003	-47.565334	18.649111	9.376539	0.505747	8.812283
166	70.121756	-118.295380	-48.173624	18.460931	9.686820	0.540230	8.599797
168	71.587556	-121.966495	-50.378939	18.038199	9.889310	0.540230	8.382480
170	76.931450	-134.319965	-57.388515	17.526303	10.627530	0.528736	8.162558
172	67.826649	-128.589214	-60.762566	15.894650	9.369767	0.563218	7.978191
174	74.234070	-129.084377	-54.850307	13.600364	10.254907	0.551724	7.816391
176	70.003851	-125.357201	-55.353350	11.798811	9.670532	0.597701	7.662485
178	63.660531	-124.880655	-61.220124	10.527839	8.794248	0.574713	7.584958
180	76.849342	-137.236939	-60.387598	10.683218	10.616188	0.609195	7.593884
182	81.203271	-135.850935	-54.647664	11.102993	11.217652	0.609195	7.619858
184	59.659203	-127.094476	-67.435273	12.013650	8.241493	0.574713	7.670450
186	64.978274	-132.903742	-67.925468	12.736113	8.976284	0.563218	7.674555
188	70.486961	-137.480804	-66.993844	13.051801	9.737270	0.551724	7.671521
190	69.469688	-125.538432	-56.068744	13.083308	9.596741	0.551724	7.672882
192	67.807793	-134.388187	-66.580394	12.589214	9.367162	0.563218	7.674603
194	66.465002	-142.722857	-76.257855	12.207539	9.181665	0.574713	7.633439
196	73.562688	-139.309337	-65.746649	12.253704	10.162160	0.597701	7.581487
198	70.827106	-140.412433	-69.585327	12.906652	9.784259	0.620690	7.534160
200	67.404158	-143.083169	-75.679012	13.209049	9.311403	0.597701	7.529454
202	77.158353	-144.977098	-67.818746	13.415314	10.658875	0.597701	7.580078
204	69.923445	-144.508149	-74.584704	14.235870	9.659425	0.551724	7.656971
206	72.258328	-151.216262	-78.957934	15.646018	9.981972	0.563218	7.665025
208	64.213288	-148.307879	-84.094591	17.554674	8.870607	0.586207	7.596451
210	64.405717	-150.263652	-85.857936	19.080487	8.897190	0.597701	7.589318
212	71.552899	-159.154498	-87.601599	19.874027	9.884522	0.643678	7.477739
214	64.561485	-150.696723	-86.135237	20.594471	8.918708	0.666667	7.361887
216	66.676144	-144.189428	-77.513283	21.062567	9.210833	0.666667	7.335127
218	66.514110	-139.269270	-72.755160	20.958333	9.188449	0.678161	7.359383
220	74.223109	-155.876120	-81.653011	21.208101	10.253392	0.643678	7.413404
222	58.986601	-149.578680	-90.592079	21.204529	8.148578	0.678161	7.428463
224	66.202657	-157.738307	-91.535650	21.341620	9.145424	0.666667	7.488247
226	73.793153	-160.169932	-86.376779	22.028709	10.193997	0.643678	7.566061
228	70.148992	-158.795773	-88.646781	21.952001	9.690582	0.666667	7.568000
230	72.233030	-151.567328	-79.334298	21.622678	9.978477	0.655172	7.588489
232	75.254516	-151.052554	-75.798038	21.756484	10.395874	0.655172	7.664203
234	75.445340	-158.836995	-83.391655	22.479387	10.422235	0.655172	7.725266
236	69.367391	-161.039988	-91.672597	21.795028	9.582610	0.666667	7.735792
238	70.863011	-156.538983	-85.675972	21.129628	9.789219	0.655172	7.775246
240	68.748409	-162.022162	-93.273753	21.012161	9.497102	0.678161	7.846146
242	71.881475	-160.773004	-88.891529	20.543168	9.929912	0.632184	7.879161
244	71.283923	-152.124433	-80.840511	20.623927	9.847365	0.632184	7.828683
246	66.970088	-139.332842	-72.362754	20.474776	9.251439	0.632184	7.663436
248	75.681360	-158.030442	-82.349082	20.201535	10.454839	0.643678	7.489443
250	73.171623	-152.826429	-79.654806	19.207448	10.108137	0.620690	7.378870
252	70.429854	-149.353212	-78.923358	17.919629	9.729381	0.632184	7.401392
254	65.977278	-140.618747	-74.641469	16.840483	9.114290	0.620690	7.453539
256	73.385026	-146.127598	-72.742572	17.184650	10.137617	0.666667	7.498523
258	81.598637	-152.958167	-71.359530	18.664354	11.272269	0.678161	7.530905
260	88.669355	-153.138986	-64.469631	20.132512	12.249038	0.655172	7.583062
262	78.096640	-154.099398	-76.002757	21.009938	10.788493	0.632184	7.703004
264	67.444427	-149.510654	-82.066227	22.053856	9.316966	0.666667	7.779244
266	63.704550	-145.288072	-81.583523	23.045235	8.800329	0.632184	7.795187
268	65.694172	-153.986405	-88.292233	23.151478	9.075181	0.632184	7.756437
270	75.633070	-162.220572	-86.587502	22.683538	10.448168	0.666667	7.776643
272	86.326412	-162.980324	-76.653912	21.268033	11.925377	0.666667	7.742968
274	79.231588	-161.824056	-82.592468	20.209816	10.945278	0.678161	7.729715
276	70.823137	-170.903093	-100.079956	20.061607	9.783711	0.678161	7.691383
278	68.723494	-172.961498	-104.238004	19.387172	9.493660	0.689655	7.655400
280	67.850786	-167.372872	-99.522086	19.165410	9.373102	0.689655	7.679162
282	66.831601	-169.486219	-102.654618	19.988638	9.232308	0.712644	7.704782
284	72.753426	-176.068968	-103.315542	20.857385	10.050366	0.712644	7.647174
286	73.149367	-166.516963	-93.367596	21.821610	10.105063	0.712644	7.686762
288	75.182297	-164.352848	-89.170552	22.574867	10.385897	0.712644	7.710541
290	88.765371	-171.995752	-83.230381	22.148272	12.262302	0.724138	7.743816
292	76.045470	-175.281348	-99.235878	21.883249	10.505139	0.724138	7.777141
294	87.864353	-171.565724	-83.701371	22.762692	12.137833	0.724138	7.833024
296	78.287507	-159.201264	-80.913757	23.185514	10.814860	0.712644	7.915386
298	78.819554	-160.363080	-81.543526	23.309875	10.888358	0.689655	7.967008
300	75.290242	-162.078257	-86.788015	23.381425	10.400809	0.701149	7.995847
302	80.342802	-163.506982	-83.164180	22.810641	11.098784	0.689655	8.054798
304	68.165524	-157.542616	-89.377092	21.688166	9.416580	0.689655	8.114093
306	68.290022	-167.613387	-99.323365	19.688664	9.433779	0.678161	8.108506
308	74.366479	-179.477393	-105.110914	19.097704	10.273198	0.678161	8.097607
310	56.656838	-169.037769	-112.380931	19.045961	7.826737	0.712644	8.040126
312	57.664491	-166.959276	-109.294786	20.018507	7.965938	0.689655	7.945227
314	67.799735	-174.655042	-106.855307	20.848818	9.366049	0.712644	7.832650
316	76.153886	-180.541617	-104.387731	20.496258	10.520115	0.735632	7.781799
318	67.833144	-181.978694	-114.145550	20.455985	9.370664	0.712644	7.723261
320	63.501334	-168.664824	-105.163490	20.330449	8.772256	0.712644	7.650169
322	63.054631	-180.162588	-117.107957	20.260282	8.710547	0.747126	7.599784
324	62.330604	-183.197819	-120.867215	20.737655	8.610528	0.747126	7.554495
326	69.347082	-192.937534	-123.590452	21.455173	9.579804	0.724138	7.546654
328	73.584267	-191.280456	-117.696189	21.620927	10.165141	0.712644	7.547797
330	72.401085	-188.989698	-116.588614	21.015580	10.001693	0.724138	7.503922
332	79.576476	-192.028906	-112.452429	19.911369	10.992922	0.724138	7.450919
334	77.137744	-190.901168	-113.763425	18.715116	10.656028	0.747126	7.306200
336	80.057719	-190.118698	-110.060979	17.641926	11.059402	0.758621	7.219817
338	79.455733	-186.807966	-107.352233	17.272851	10.976242	0.758621	7.187589
340	69.191618	-185.972939	-116.781321	17.218687	9.558328	0.758621	7.189269
342	58.759651	-178.228170	-119.468519	17.615040	8.117226	0.747126	7.108721
344	76.690961	-187.012103	-110.321142	18.590652	10.594308	0.770115	6.995471
346	83.760477	-190.679232	-106.918755	19.392803	11.570912	0.781609	6.912988
348	86.175188	-189.155998	-102.980810	20.092794	11.904487	0.781609	6.810928
350	94.392279	-185.575644	-91.183365	20.411103	13.039619	0.793103	6.743458
352	83.215335	-186.274088	-103.058754	20.201270	11.495604	0.770115	6.641671
354	79.693009	-188.110720	-108.417710	20.174585	11.009020	0.781609	6.589180
356	77.390785	-187.212577	-109.821792	19.874333	10.690984	0.781609	6.500492
358	91.895509	-198.602497	-106.706988	19.317623	12.694708	0.770115	6.413662
360	75.765168	-188.887523	-113.122355	19.540180	10.466417	0.793103	6.312048
362	68.755714	-195.782432	-127.026718	19.738722	9.498111	0.793103	6.213624
364	79.385615	-197.148205	-117.762590	19.397530	10.966556	0.804598	6.076683
366	83.135634	-192.612032	-109.476398	18.923061	11.484594	0.804598	5.861387
368	71.972313	-188.499916	-116.527603	19.740428	9.942461	0.804598	5.661417
370	68.552763	-182.927515	-114.374751	20.470832	9.470075	0.770115	5.489256
372	86.068357	-197.026434	-110.958078	21.425064	11.889729	0.781609	5.289872
374	90.735000	-207.258071	-116.523071	22.312696	12.534392	0.827586	5.133289
376	86.037817	-207.046256	-121.008439	23.018239	11.885510	0.839080	5.060972
378	83.556886	-207.130254	-123.573368	23.306604	11.542787	0.839080	5.029525
380	78.532345	-201.443103	-122.910759	22.555253	10.848682	0.827586	4.964958
382	70.548509	-202.258876	-131.710368	21.281996	9.745773	0.827586	4.892934
384	66.639597	-204.097582	-137.457985	20.989421	9.205784	0.827586	4.879112
386	69.668073	-211.970257	-142.302184	21.730697	9.624147	0.827586	4.874630
388	58.068736	-216.085191	-158.016455	22.152013	8.021781	0.839080	4.815515
390	67.063030	-215.106917	-148.043887	22.335724	9.264279	0.873563	4.802008
392	68.031225	-219.171754	-151.140530	22.643403	9.398028	0.862069	4.812905
394	67.599197	-216.640019	-149.040822	23.713218	9.338346	0.850575	4.804852
396	75.565573	-223.336627	-147.771054	25.045217	10.438844	0.896552	4.788946
398	67.944611	-221.951016	-154.006405	25.306248	9.386063	0.873563	4.754379
400	64.468708	-221.771034	-157.302326	25.462617	8.905892	0.827586	4.740419
402	68.318754	-221.218907	-152.900152	25.711595	9.437748	0.839080	4.713043
404	63.235789	-222.910905	-159.675116	25.381271	8.735573	0.816092	4.681505
406	62.455756	-217.128229	-154.672473	24.787108	8.627817	0.850575	4.648805
408	62.194248	-217.410787	-155.216540	24.426180	8.591691	0.816092	4.683594
410	69.808874	-217.845817	-148.036942	23.874070	9.643597	0.839080	4.626093
412	82.225813	-227.969524	-145.743711	22.682150	11.358909	0.885057	4.564672
414	76.495264	-219.907866	-143.412602	21.674477	10.567274	0.850575	4.490865
416	75.497108	-213.318766	-137.821658	20.832812	10.429386	0.850575	4.447165
418	73.846518	-209.449382	-135.602864	20.791384	10.201369	0.862069	4.399456
420	73.084883	-201.480706	-128.395823	21.414232	10.096155	0.850575	4.421663
422	87.509121	-219.104261	-131.595140	21.652641	12.088760	0.873563	4.411360
424	83.082885	-211.072850	-127.989965	22.439241	11.477307	0.885057	4.377605
426	77.244335	-212.605529	-135.361194	22.126577	10.670753	0.862069	4.314971
428	73.811746	-211.796816	-137.985070	22.460924	10.196566	0.862069	4.335652
430	67.855528	-205.037119	-137.181592	21.872222	9.373757	0.839080	4.377939
432	72.830617	-206.254332	-133.423715	21.887923	10.061030	0.839080	4.441882
434	67.612095	-210.909383	-143.297288	23.254022	9.340128	0.850575	4.465624
436	65.152256	-210.623596	-145.471340	24.093351	9.000319	0.827586	4.476640
438	79.301958	-214.597066	-135.295108	24.220975	10.954999	0.827586	4.483488
440	64.341464	-205.658449	-141.316985	23.073407	8.888314	0.827586	4.512696
442	61.186865	-208.440286	-147.253421	21.893808	8.452528	0.827586	4.521652
444	69.877803	-219.573798	-149.695995	21.123561	9.653119	0.839080	4.542362
446	70.722514	-218.151930	-147.429416	20.443414	9.769810	0.873563	4.546333
448	75.496883	-223.736177	-148.239294	19.431149	10.429355	0.850575	4.557692
450	68.882242	-214.600656	-145.718413	18.907489	9.515590	0.839080	4.659322
452	67.223305	-219.317441	-152.094136	18.049106	9.286419	0.873563	4.729176
454	77.373916	-222.342106	-144.968191	17.659915	10.688654	0.896552	4.807956
456	60.991201	-223.187548	-162.196346	16.974072	8.425499	0.896552	4.889301
458	75.578180	-229.376937	-153.798757	16.989362	10.440586	0.908046	5.021457
460	80.722541	-232.138095	-151.415553	17.357197	11.151243	0.885057	5.136489
462	62.237589	-215.742966	-153.505377	17.306120	8.597678	0.896552	5.154345
464	72.857835	-222.727817	-149.869982	17.284991	10.064790	0.862069	5.112022
466	54.299742	-206.996402	-152.696660	17.383108	7.501122	0.873563	5.016482
468	66.083807	-215.207244	-149.123437	18.037047	9.129006	0.908046	4.939692
470	74.101016	-213.764632	-139.663616	18.440322	10.236526	0.896552	4.901405
472	89.055318	-221.283228	-132.227910	19.315437	12.302356	0.919540	4.930454
474	75.912847	-219.008972	-143.096125	19.650573	10.486818	0.908046	4.905786
476	74.860015	-220.904738	-146.044723	21.454539	10.341376	0.919540	4.851718
478	82.839931	-219.282444	-136.442513	22.106727	11.443745	0.885057	4.760745
480	77.634266	-226.141112	-148.506846	23.061459	10.724619	0.873563	4.696401
482	74.419954	-221.306539	-146.886586	23.380342	10.280585	0.896552	4.601822
484	67.398413	-224.850143	-157.451730	23.465472	9.310609	0.908046	4.506339
486	70.402466	-213.230472	-142.828006	24.180717	9.725598	0.885057	4.441707
488	73.472963	-215.413967	-141.941004	24.522863	10.149765	0.873563	4.363106
490	73.076043	-219.785854	-146.709811	24.278297	10.094933	0.839080	4.244404
492	67.125716	-212.010751	-144.885035	24.625814	9.272938	0.862069	4.147166
494	71.172191	-220.947638	-149.775447	24.418180	9.831930	0.862069	4.090234
496	68.088241	-213.911794	-145.823554	24.188025	9.405904	0.862069	4.044168
498	77.111439	-216.537084	-139.425645	23.657670	10.652395	0.862069	3.999305
500	79.361992	-222.063245	-142.701253	23.842752	10.963292	0.862069	3.987326
502	70.993138	-222.229959	-151.236822	23.793423	9.807195	0.885057	3.948541
504	74.544038	-229.624768	-155.080730	23.779850	10.297726	0.908046	3.934274
506	63.043631	-227.807462	-164.763831	24.208088	8.709027	0.885057	3.919698
508	70.101247	-226.723458	-156.622211	23.491830	9.683987	0.873563	3.917218
510	69.643151	-226.108084	-156.464933	22.253688	9.620704	0.873563	3.909788
512	68.917894	-232.748486	-163.830592	21.509206	9.520515	0.873563	3.934685
514	64.046998	-236.018660	-171.971662	21.405851	8.847635	0.862069	3.916978
516	60.479332	-234.056826	-173.577494	20.867307	8.354788	0.873563	3.961943
518	64.539575	-239.588063	-175.048488	20.790919	8.915681	0.896552	4.006506
520	63.637061	-231.613379	-167.976318	21.137011	8.791005	0.873563	4.016688
522	70.478129	-232.490518	-162.012389	21.177052	9.736050	0.885057	4.007280
524	60.498289	-225.437155	-164.938866	21.730779	8.357406	0.873563	3.916080
526	61.235753	-229.255365	-168.019611	21.554380	8.459282	0.919540	3.774345
528	69.403530	-226.215176	-156.811647	20.440712	9.587602	0.908046	3.709911
530	63.942526	-229.343567	-165.401041	19.907222	8.833203	0.908046	3.654172
532	61.930391	-234.935603	-173.005213	19.840922	8.555241	0.919540	3.629642
534	60.231336	-225.301560	-165.070224	19.907937	8.320529	0.919540	3.624826
536	72.070076	-221.686031	-149.615954	20.101957	9.955966	0.896552	3.584932
538	77.049062	-226.584001	-149.534940	19.802547	10.643778	0.896552	3.493055
540	83.000889	-228.069293	-145.068404	20.419322	11.465980	0.919540	3.387314
542	84.422691	-226.099509	-141.676818	21.649398	11.662392	0.896552	3.324505
544	68.105080	-222.523644	-154.418564	21.929126	9.408230	0.896552	3.288021
546	76.780379	-228.340133	-151.559754	21.717341	10.606661	0.908046	3.261089
548	77.849802	-232.685981	-154.836179	21.230602	10.754394	0.896552	3.268590
550	82.212240	-240.518291	-158.306051	22.178537	11.357034	0.896552	3.315941
552	82.705987	-241.231739	-158.525752	22.288899	11.425241	0.908046	3.374103
554	67.751833	-230.294623	-162.542790	21.589616	9.359432	0.919540	3.428855
556	61.097724	-225.864439	-164.766715	21.698239	8.440214	0.896552	3.460752
558	64.881531	-229.679543	-164.798012	20.969046	8.962920	0.908046	3.434717
560	67.314071	-230.210216	-162.896145	20.819713	9.298958	0.896552	3.428368
562	73.258899	-231.347714	-158.088815	20.769581	10.120194	0.942529	3.362925
564	75.639951	-237.182016	-161.542066	21.091691	10.449119	0.931034	3.300187
566	67.342720	-233.984635	-166.641915	21.278328	9.302916	0.931034	3.317402
568	76.121719	-231.624670	-155.502951	21.000067	10.515672	0.919540	3.367679
570	69.731066	-219.102996	-149.371930	21.211111	9.632849	0.885057	3.410632
572	75.325962	-220.839111	-145.513149	20.902568	10.405744	0.873563	3.479444
574	76.099775	-226.233215	-150.133440	20.306985	10.512640	0.873563	3.595922
576	88.595029	-232.831070	-144.236041	19.344588	12.238770	0.919540	3.670150
578	76.255496	-221.969283	-145.713787	18.066311	10.534152	0.919540	3.734484
580	65.392519	-221.015342	-155.622823	16.972399	9.033509	0.908046	3.865091
582	78.108511	-230.187731	-152.079220	17.211787	10.790133	0.896552	3.943150
584	86.710205	-227.845636	-141.135431	18.070780	11.978396	0.931034	3.996486
586	72.999584	-223.847060	-150.847476	19.514099	10.084371	0.908046	4.032605
588	66.882727	-219.110273	-152.227546	20.216463	9.239371	0.885057	4.000858
590	85.421822	-223.670023	-138.248201	19.891369	11.800415	0.908046	3.985477
592	87.650641	-229.086320	-141.435679	20.017462	12.108310	0.896552	3.961210
594	87.477796	-227.866611	-140.388815	20.294030	12.084433	0.908046	4.007082
596	83.852292	-236.412507	-152.560215	19.826508	11.583595	0.942529	4.110144
598	63.825894	-222.283201	-158.457307	20.545442	8.817091	0.919540	4.181188
600	55.775903	-227.268258	-171.492355	21.236400	7.705043	0.931034	4.219167
602	70.480524	-236.192695	-165.712171	20.774599	9.736381	0.942529	4.171599
604	68.448373	-235.035312	-166.586939	20.114699	9.455654	0.942529	4.096701
606	68.230545	-235.308470	-167.077926	20.901289	9.425562	0.942529	4.063277
608	72.220328	-229.509177	-157.288849	20.196811	9.976723	0.954023	3.996841
610	71.893715	-235.290589	-163.396874	21.010750	9.931603	0.954023	3.882921
612	69.675348	-233.057338	-163.381990	21.147020	9.625152	0.908046	3.793001
614	76.628286	-237.113131	-160.484845	21.028659	10.585650	0.942529	3.676422
616	66.144467	-236.084129	-169.939662	21.543400	9.137386	0.965517	3.573872
618	71.728173	-237.729275	-166.001101	22.290996	9.908735	0.942529	3.471170
620	65.930641	-235.362782	-169.432141	22.377549	9.107847	0.942529	3.423037
622	66.779525	-231.245209	-164.465683	21.441170	9.225114	0.942529	3.451812
624	64.571914	-226.083221	-161.511307	21.773880	8.920149	0.931034	3.414326
626	82.711682	-238.232172	-155.520490	21.611951	11.426028	0.908046	3.370472
628	83.280283	-239.354311	-156.074028	20.961645	11.504576	0.919540	3.431776
630	70.962270	-235.025460	-164.063191	20.332174	9.802931	0.919540	3.488313
632	76.502791	-232.854926	-156.352135	19.996120	10.568314	0.908046	3.501778
634	73.194297	-223.311662	-150.117365	20.172720	10.111269	0.896552	3.537373
636	81.122775	-222.295709	-141.172935	21.936729	11.206532	0.885057	3.601150
638	80.330760	-216.906774	-136.576014	22.559332	11.097121	0.896552	3.614836
640	85.987392	-222.515316	-136.527925	22.065272	11.878544	0.908046	3.637972
642	84.836992	-225.879055	-141.042063	22.291054	11.719625	0.908046	3.641834
644	69.826649	-230.828681	-161.002032	21.932449	9.646053	0.896552	3.707917
646	69.711644	-232.945451	-163.233807	22.410837	9.630166	0.896552	3.723789
648	71.638689	-227.899345	-156.260656	21.993581	9.896373	0.896552	3.716302
650	59.414659	-230.548439	-171.133780	21.247369	8.207711	0.931034	3.695509
652	66.110650	-248.387527	-182.276877	20.864897	9.132714	0.931034	3.606747
654	62.696828	-249.785465	-187.088636	20.837135	8.661119	0.931034	3.576553
656	59.415252	-241.611450	-182.196197	20.598556	8.207793	0.919540	3.595440
658	72.459165	-231.304821	-158.845656	20.432341	10.009716	0.896552	3.605531
660	60.744273	-227.000641	-166.256368	20.055180	8.391387	0.896552	3.653835
662	62.775429	-234.731960	-171.956531	20.711434	8.671977	0.885057	3.588751
664	65.835621	-234.814133	-168.978512	21.835135	9.094721	0.873563	3.512150
666	76.209226	-234.589653	-158.380427	22.472874	10.527760	0.885057	3.464373
668	73.990225	-235.996149	-162.005923	23.133492	10.221221	0.908046	3.367896
670	73.029553	-231.180329	-158.150776	23.561040	10.088511	0.908046	3.343060
672	74.398605	-231.529987	-157.131383	22.627794	10.277636	0.931034	3.240473
674	65.522079	-227.884286	-162.362208	22.134171	9.051407	0.908046	3.195040
676	67.290741	-235.290124	-167.999383	22.768306	9.295735	0.931034	3.205171
678	63.161010	-231.659306	-168.498296	22.307059	8.725242	0.931034	3.215457
680	62.224219	-239.548709	-177.324490	21.594535	8.595831	0.931034	3.211253
682	74.560196	-250.461783	-175.901587	21.332630	10.299959	0.954023	3.240399
684	63.337593	-243.991330	-180.653736	20.669909	8.749636	0.942529	3.310382
686	60.044268	-241.554399	-181.510131	19.758012	8.294687	0.942529	3.352459
688	66.844077	-242.753469	-175.909392	19.847665	9.234032	0.954023	3.372819
690	65.067082	-228.300759	-163.233677	19.495872	8.988553	0.942529	3.421298
692	63.955056	-233.224177	-169.269121	20.582039	8.834934	0.908046	3.433934
694	62.791305	-222.146894	-159.355589	21.802565	8.674170	0.908046	3.392218
696	71.892877	-228.964395	-157.071518	22.516635	9.931487	0.896552	3.348674
698	78.572585	-232.309424	-153.736839	23.146961	10.854241	0.919540	3.278682
700	78.653036	-232.970654	-154.317618	23.070724	10.865355	0.896552	3.285120
702	66.227011	-225.929642	-159.702631	23.473491	9.148789	0.908046	3.410017
704	73.216383	-228.247727	-155.031344	23.447272	10.114320	0.919540	3.537762
706	76.775533	-233.952769	-157.177236	23.570126	10.605992	0.908046	3.621527
708	69.345628	-224.800996	-155.455368	23.308219	9.579603	0.896552	3.681445
710	78.547414	-224.331877	-145.784462	22.219518	10.850764	0.908046	3.665267
712	82.940413	-230.771633	-147.831220	21.705481	11.457626	0.919540	3.650256
714	74.478211	-242.750729	-168.272518	20.975422	10.288633	0.908046	3.605534
716	64.509546	-236.442893	-171.933347	20.534547	8.911533	0.931034	3.540169
718	80.722582	-245.940774	-165.218192	20.812285	11.151248	0.954023	3.532882
720	61.407205	-225.339816	-163.932611	19.789379	8.482967	0.954023	3.560050
722	71.817271	-235.918726	-164.101455	19.437988	9.921043	0.942529	3.559208
724	69.326096	-231.509206	-162.183109	19.407126	9.576905	0.954023	3.535006
726	71.414148	-236.421203	-165.007055	20.346900	9.865355	0.942529	3.506686
728	62.413446	-232.698510	-170.285064	20.535994	8.621972	0.931034	3.421807
730	77.477964	-240.565176	-163.087212	21.566037	10.703027	0.965517	3.421686
732	71.156376	-238.726502	-167.570127	21.138061	9.829745	0.954023	3.458682
734	69.337063	-233.696257	-164.359194	20.235283	9.578420	0.942529	3.516750
736	67.763621	-234.789547	-167.025926	19.408260	9.361060	0.919540	3.597766
738	72.779482	-238.717874	-165.938392	18.681723	10.053966	0.919540	3.608148
740	80.499932	-236.711752	-156.211820	17.935788	11.120491	0.908046	3.627106
742	74.565683	-223.442443	-148.876759	17.983861	10.300717	0.908046	3.637332
744	79.860292	-235.151609	-155.291318	17.577460	11.032129	0.908046	3.657540
746	83.180197	-231.142986	-147.962789	18.975668	11.490750	0.942529	3.662381
748	76.227860	-234.392011	-158.164151	20.040373	10.530334	0.931034	3.709849
750	67.065997	-235.725147	-168.659150	19.989827	9.264688	0.885057	3.771708
752	76.812809	-233.443398	-156.630589	20.431320	10.611141	0.919540	3.778391
754	66.992895	-227.893944	-160.901049	20.803545	9.254590	0.908046	3.784566
756	61.435359	-216.652978	-155.217619	20.835851	8.486856	0.931034	3.821265
758	83.741680	-235.802864	-152.061184	20.371050	11.568315	0.908046	3.826236
760	73.696824	-221.909416	-148.212592	19.902026	10.180690	0.885057	3.854809
762	77.061284	-215.955859	-138.894575	18.294733	10.645466	0.896552	3.846983
764	87.577136	-243.160435	-155.583299	16.819320	12.098156	0.919540	3.813539
766	64.616813	-221.403790	-156.786977	16.307169	8.926351	0.919540	3.779139
768	62.826929	-217.782698	-154.955769	17.166415	8.679091	0.919540	3.779467
770	65.921039	-228.067399	-162.146360	17.628154	9.106521	0.896552	3.761692
772	72.401421	-236.442793	-164.041372	17.981348	10.001739	0.919540	3.718279
774	72.337158	-226.884468	-154.547311	19.289899	9.992862	0.919540	3.683486
776	73.808331	-234.189569	-160.381239	20.550677	10.196094	0.896552	3.634947
778	63.106437	-230.245428	-167.138991	20.991424	8.717703	0.908046	3.626488
780	79.342217	-236.190588	-156.848371	20.860759	10.960561	0.896552	3.604053
782	77.896257	-232.917050	-155.020793	21.550951	10.760812	0.896552	3.571008
784	75.086631	-227.761779	-152.675148	21.741237	10.372682	0.896552	3.508598
786	82.205543	-228.520388	-146.314845	21.817635	11.356109	0.896552	3.447783
788	74.716100	-226.763942	-152.047842	22.939340	10.321496	0.919540	3.335134
790	66.144227	-226.126687	-159.982460	23.280852	9.137353	0.896552	3.253416
792	75.559317	-229.215699	-153.656382	24.176775	10.437980	0.885057	3.280234
794	75.791667	-229.375425	-153.583758	23.597402	10.470077	0.896552	3.275842
796	80.604838	-226.198993	-145.594154	23.347103	11.134983	0.931034	3.297538
798	67.704033	-220.300755	-152.596722	23.585175	9.352829	0.885057	3.349442
800	75.259011	-219.869521	-144.610509	23.003042	10.396495	0.908046	3.296133
802	70.485270	-221.573797	-151.088527	22.605835	9.737037	0.919540	3.210341
804	65.649513	-230.789086	-165.139573	22.580463	9.069011	0.931034	3.135490
806	71.402408	-236.573112	-165.170704	22.007076	9.863733	0.919540	3.083969
808	68.873374	-236.271362	-167.397988	21.130275	9.514365	0.931034	3.048977
810	54.280803	-213.314943	-159.034139	20.038469	7.498505	0.885057	3.019104
812	64.453326	-226.914681	-162.461355	19.631929	8.903767	0.885057	2.966044
814	79.366387	-232.968316	-153.601929	19.865919	10.963900	0.908046	2.887344
816	73.985176	-233.213520	-159.228344	20.907754	10.220524	0.908046	2.828793
818	71.518912	-231.538168	-160.019256	21.665464	9.879827	0.931034	2.784352
820	75.114817	-244.329957	-169.215140	21.603864	10.376575	0.908046	2.768464
822	66.897525	-239.377549	-172.480024	22.207990	9.241415	0.919540	2.796724
824	72.885622	-230.267676	-157.382054	22.817797	10.068628	0.942529	2.853576
826	67.663129	-224.637420	-156.974291	22.591561	9.347178	0.919540	2.923196
828	77.020101	-229.697720	-152.677619	22.943384	10.639777	0.919540	2.942805
830	79.980837	-233.505437	-153.524600	23.452156	11.048781	0.896552	2.914828
832	67.823454	-221.319011	-153.495558	23.631365	9.369326	0.885057	2.938123
834	66.082392	-213.881589	-147.799198	23.289548	9.128810	0.862069	2.892687
836	72.766819	-227.092482	-154.325664	24.340677	10.052216	0.873563	2.875775
838	80.734217	-233.020023	-152.285806	24.763835	11.152855	0.908046	2.875080
840	78.061413	-230.230879	-152.169466	24.608516	10.783627	0.908046	2.882525
842	72.964315	-230.440471	-157.476155	25.003426	10.079499	0.908046	2.933553
844	84.001407	-226.663014	-142.661606	24.324890	11.604194	0.942529	2.998918
846	79.066220	-220.561380	-141.495160	23.032808	10.922434	0.931034	3.134291
848	70.725011	-215.874620	-145.149609	22.449871	9.770155	0.896552	3.196419
850	65.716780	-212.418426	-146.701646	22.375726	9.078304	0.896552	3.200058
852	73.150856	-220.806155	-147.655299	22.236071	10.105268	0.873563	3.214230
854	80.083889	-216.558224	-136.474335	22.762578	11.063017	0.896552	3.198267
856	85.697605	-220.083721	-134.386117	23.475178	11.838512	0.873563	3.159495
858	86.264025	-213.966778	-127.702753	23.907673	11.916759	0.862069	3.139982
860	89.927778	-217.719702	-127.791924	23.294279	12.422880	0.862069	3.193991
862	89.158622	-210.636406	-121.477783	23.012689	12.316627	0.873563	3.214934
864	85.654951	-213.369092	-127.714141	23.063719	11.832620	0.885057	3.222751
866	71.059355	-205.645403	-134.586048	23.730810	9.816342	0.862069	3.256439
868	75.469045	-210.793049	-135.324003	24.319635	10.425510	0.896552	3.261237
870	79.677945	-216.954384	-137.276440	23.726145	11.006939	0.873563	3.309589
872	79.703537	-217.033674	-137.330137	23.624633	11.010474	0.862069	3.324632
874	76.948936	-217.626497	-140.677561	23.837767	10.629946	0.862069	3.358028
876	81.909219	-225.640129	-143.730910	24.000415	11.315174	0.873563	3.341915
878	80.613585	-225.894485	-145.280900	23.520594	11.136191	0.885057	3.341627
880	75.685890	-223.810964	-148.125073	23.994907	10.455465	0.873563	3.375115
882	80.899683	-226.507372	-145.607689	24.943949	11.175713	0.862069	3.373407
884	70.887705	-218.364830	-147.477125	24.654198	9.792630	0.862069	3.414249
886	73.362641	-222.415633	-149.052993	24.730136	10.134525	0.885057	3.456682
888	73.354430	-216.077589	-142.723160	23.622614	10.133391	0.885057	3.515678
890	73.675970	-214.921043	-141.245074	22.660552	10.177809	0.862069	3.486336
892	86.863982	-221.340352	-134.476369	23.302258	11.999639	0.908046	3.433498
894	70.164354	-208.117303	-137.952949	24.001124	9.692704	0.919540	3.364743
896	87.200036	-215.776267	-128.576231	23.634551	12.046062	0.896552	3.281607
898	67.472081	-199.743496	-132.271416	24.086019	9.320786	0.873563	3.304418
900	81.349142	-211.804523	-130.455381	24.256840	11.237803	0.896552	3.323989
902	76.935596	-214.550817	-137.615221	23.866463	10.628103	0.850575	3.376382
904	70.111109	-209.429912	-139.318803	23.165473	9.685349	0.873563	3.433187
906	78.706491	-213.597906	-134.891415	22.711135	10.872740	0.896552	3.458190
908	74.541047	-216.880095	-142.339049	22.056397	10.297313	0.873563	3.450584
910	70.970008	-215.508454	-144.538446	22.612534	9.804000	0.873563	3.383740
912	64.253229	-216.687830	-152.434601	23.576007	8.876125	0.862069	3.335831
914	68.948276	-214.493965	-145.545690	23.498193	9.524712	0.873563	3.310106
916	84.981950	-218.827017	-133.845067	23.811066	11.739649	0.873563	3.267252
918	85.314774	-224.428021	-139.113247	24.114653	11.785627	0.862069	3.197919
920	85.398795	-221.733584	-136.334789	24.416066	11.797234	0.908046	3.122305
922	87.564143	-225.858145	-138.294003	24.402299	12.096361	0.908046	3.141060
924	73.711011	-224.391736	-150.680725	23.676864	10.182650	0.896552	3.191452
926	75.054436	-227.715916	-152.661480	22.758651	10.368234	0.896552	3.174029
928	67.734697	-228.481401	-160.746704	23.071332	9.357065	0.908046	3.177277
930	71.942104	-228.208631	-156.266527	24.644042	9.938288	0.896552	3.205068
932	69.635950	-228.875493	-159.239543	25.091814	9.619709	0.862069	3.255568
934	72.427927	-223.128538	-150.700610	25.307205	10.005401	0.873563	3.209578
936	68.131383	-220.469727	-152.338344	25.336922	9.411864	0.896552	3.178799
938	81.439358	-229.016728	-147.577370	24.569193	11.250266	0.919540	3.230818
940	84.589295	-235.808612	-151.219317	23.487771	11.685407	0.908046	3.274573
942	70.482597	-220.592637	-150.110040	22.359307	9.736667	0.850575	3.279759
944	56.372905	-213.765046	-157.392140	21.261922	7.787514	0.896552	3.252814
946	72.526063	-226.616485	-154.090422	20.412478	10.018958	0.919540	3.195102
948	83.505241	-228.742881	-145.237640	20.527961	11.535653	0.919540	3.197796
950	77.606830	-224.752932	-147.146101	20.716130	10.720829	0.885057	3.209347
952	74.478523	-217.255686	-142.777162	20.028787	10.288676	0.873563	3.247483
954	71.842855	-224.075387	-152.232532	19.539660	9.924577	0.896552	3.217646
956	70.644951	-223.641726	-152.996775	19.578033	9.759095	0.862069	3.158113
958	72.591838	-223.729591	-151.137753	20.026927	10.028044	0.850575	3.097631
960	73.728345	-218.665656	-144.937311	21.316786	10.185044	0.885057	3.005146
962	64.213908	-222.561504	-158.347596	22.454289	8.870693	0.896552	2.993005
964	77.204883	-224.476164	-147.271280	23.091122	10.665303	0.896552	2.993577
966	68.937546	-231.578653	-162.641107	23.613065	9.523230	0.885057	3.006702
968	78.142688	-228.521324	-150.378635	23.346090	10.794854	0.896552	2.994360
970	71.095404	-227.373986	-156.278582	22.560640	9.821322	0.896552	2.994481
972	72.200235	-228.821927	-156.621692	22.321224	9.973947	0.896552	3.066896
974	84.829801	-234.375982	-149.546181	22.406191	11.718631	0.896552	3.165364
976	68.988154	-229.087573	-160.099419	22.371443	9.530221	0.908046	3.225320
978	57.825723	-219.797673	-161.971950	22.453823	7.988211	0.919540	3.267596
980	68.376171	-234.452377	-166.076206	22.350214	9.445680	0.896552	3.291340
982	69.104553	-226.463320	-157.358767	22.641774	9.546300	0.896552	3.320183
984	74.457818	-236.155588	-161.697770	22.085036	10.285816	0.885057	3.313387
986	64.738251	-230.444628	-165.706376	20.606639	8.943127	0.885057	3.356965
988	73.454100	-237.585025	-164.130925	20.858044	10.147159	0.908046	3.338068
990	72.666143	-237.508795	-164.842652	21.548538	10.038309	0.885057	3.332336
992	64.804653	-231.526155	-166.721503	21.568939	8.952300	0.919540	3.383928
994	75.235410	-230.391789	-155.156379	21.749250	10.393235	0.954023	3.459972
996	68.406872	-220.204617	-151.797745	23.033171	9.449921	0.896552	3.542821
998	84.193300	-236.467614	-152.274314	24.288728	11.630703	0.919540	3.550735
1000	78.460610	-226.131021	-147.670411	24.947672	10.838773	0.896552	3.568153
