# Simulazione modello di Ising 1D
# Mossa 	 Energia 	 Magnetizzazione 	 Calore specifico 	 Suscettività
1     -0.5553889274597168      0.04210064932703972     0.2910481691360474     1.517633080482483
2     -0.5569536685943604      0.04646064341068268     0.2735351324081421     1.564124941825867
3     -0.5553032755851746      0.04399999976158142     0.2936523258686066     1.623982548713684
4     -0.5563254356384277      0.04623998329043388     0.2597655951976776     1.169579744338989
5     -0.5564276576042175      0.04713001474738121     0.2832030951976776     1.278611421585083
6     -0.5572155117988586      0.04823733493685722     0.2648111879825592     1.14055347442627
7     -0.556308925151825      0.04882130771875381     0.2724609076976776     1.254713416099548
8     -0.5575758218765259      0.0425720103085041     0.2955077886581421     1.478671669960022
9     -0.5555698275566101      0.04338531941175461     0.259570300579071     1.35098659992218
10     -0.5551115274429321      0.04481865465641022     0.3071288764476776     1.534275412559509
11     -0.5550496578216553      0.0484519861638546     0.3032226264476776     1.324202179908752
12     -0.5569171905517578      0.04569868370890617     0.2868814766407013     1.521414041519165
13     -0.5565099716186523      0.04185934737324715     0.2620767951011658     1.286592841148376
14     -0.5561683177947998      0.04287000000476837     0.2928059697151184     1.399534821510315
15     -0.5558768510818481      0.04781065508723259     0.2596679627895355     1.351688265800476
16     -0.556061863899231      0.04887930303812027     0.2635742127895355     1.652080059051514
17     -0.5570025444030762      0.05148668587207794     0.2543294131755829     1.128309845924377
18     -0.5564547777175903      0.0429113395512104     0.2874674201011658     1.448327422142029
19     -0.5557862520217896      0.04422867298126221     0.2829752266407013     1.422466993331909
20     -0.5567010641098022      0.03957664966583252     0.258593738079071     1.197494387626648
21     -0.5561184287071228      0.04716136306524277     0.2656249701976776     1.203102588653564
22     -0.5564485788345337      0.04394735023379326     0.2420898228883743     1.428198575973511
23     -0.5562714338302612      0.03996866196393967     0.2876627445220947     1.485544919967651
24     -0.5553832650184631      0.04034131765365601     0.2801106572151184     1.49680483341217
25     -0.5557251572608948      0.04678935185074806     0.2634114325046539     1.401315212249756
26     -0.5559158325195312      0.04318800196051598     0.2540038824081421     1.449942708015442
27     -0.5555146336555481      0.04222262650728226     0.2665689885616302     1.439412236213684
28     -0.5562076568603516      0.04487663879990578     0.2632161378860474     1.484722375869751
29     -0.556266725063324      0.04830934479832649     0.2695963382720947     1.366893410682678
30     -0.5563957691192627      0.04630131646990776     0.2613932192325592     1.18999195098877
31     -0.5562752485275269      0.04880001395940781     0.2888346016407013     1.435626983642578
32     -0.5573128461837769      0.04606203362345695     0.2838215827941895     1.404585957527161
33     -0.554750919342041      0.04199330508708954     0.2806966006755829     1.266843676567078
34     -0.5551320910453796      0.04159199446439743     0.2470377385616302     1.458373665809631
35     -0.556290328502655      0.03814669698476791     0.270800769329071     1.286868929862976
36     -0.5565108060836792      0.04229669272899628     0.2617512941360474     1.3204585313797
37     -0.5556309819221497      0.03827736154198647     0.2784179449081421     1.396271944046021
38     -0.5564475655555725      0.04519934952259064     0.2645507752895355     1.320972323417664
39     -0.5554895997047424      0.04913000389933586     0.2850585877895355     1.233650088310242
40     -0.5559031367301941      0.04652668163180351     0.2618815004825592     1.33644700050354
41     -0.5556491017341614      0.04127867892384529     0.268359363079071     1.257990121841431
42     -0.5570439100265503      0.04291001334786415     0.2461262792348862     1.238983511924744
43     -0.5553503036499023      0.04420868307352066     0.2709960639476776     1.374532222747803
44     -0.5558525919914246      0.04347335919737816     0.2619791328907013     1.45993435382843
45     -0.5565161108970642      0.03863200917840004     0.2680012881755829     1.484056115150452
46     -0.5558293461799622      0.04170802980661392     0.264453113079071     1.269776225090027
47     -0.5570847392082214      0.04267933219671249     0.2759765386581421     1.172706007957458
48     -0.5555152893066406      0.04388933256268501     0.2702799141407013     1.341560006141663
49     -0.5571439862251282      0.04170133545994759     0.2618163824081421     1.300971865653992
50     -0.555263340473175      0.0412573330104351     0.2749999761581421     1.249091625213623
51     -0.5570178031921387      0.04538467526435852     0.2723307013511658     1.48937463760376
52     -0.5538510680198669      0.04144066944718361     0.2502603828907013     1.379645228385925
53     -0.5569229125976562      0.03925066068768501     0.2653645575046539     1.415207505226135
54     -0.5553070902824402      0.04073934629559517     0.2817057073116302     1.38788640499115
55     -0.5559769868850708      0.04030333831906319     0.2730793952941895     1.372352004051208
56     -0.5558319687843323      0.04636001959443092     0.2755208015441895     1.283823132514954
57     -0.5567222237586975      0.04522931948304176     0.2819986641407013     1.385081052780151
58     -0.5560260415077209      0.04598130285739899     0.2599609196186066     1.246951460838318
59     -0.5574113130569458      0.04134929180145264     0.2768880128860474     1.236537098884583
60     -0.5552154183387756      0.04121334478259087     0.2782226502895355     1.249056577682495
61     -0.5562785267829895      0.04167728871107101     0.2741536200046539     1.301338672637939
62     -0.5564496517181396      0.03826134651899338     0.2728841006755829     1.373020172119141
63     -0.5560719966888428      0.04322334378957748     0.2588541507720947     1.645718574523926
64     -0.5565940737724304      0.04281464964151382     0.3095051944255829     1.345783829689026
65     -0.5542665719985962      0.0436440035700798     0.2769531011581421     1.496408224105835
66     -0.5551370978355408      0.04364467039704323     0.2493163794279099     1.422237753868103
67     -0.5553905963897705      0.04169599711894989     0.2555663883686066     1.315558433532715
68     -0.5557835102081299      0.04788865521550179     0.2631835639476776     1.264339327812195
69     -0.5553112626075745      0.04426799342036247     0.2772135138511658     1.057950973510742
70     -0.5553356409072876      0.03855531290173531     0.2614257633686066     1.175758600234985
71     -0.5562270283699036      0.04424332082271576     0.2531900703907013     1.566183090209961
72     -0.5558302402496338      0.04327800124883652     0.2782226502895355     1.209486842155457
73     -0.5551555752754211      0.04915066063404083     0.2820963263511658     1.405693650245667
74     -0.5555603504180908      0.04522935301065445     0.2748697698116302     1.414096236228943
75     -0.5568498373031616      0.04318934306502342     0.3073892891407013     1.325779914855957
76     -0.5553581118583679      0.04547202214598656     0.2549804449081421     1.497918128967285
77     -0.5563941597938538      0.04176799952983856     0.2823241949081421     1.461844086647034
78     -0.5564806461334229      0.04798799753189087     0.2696288824081421     1.576401829719543
79     -0.5555884838104248      0.03653200715780258     0.2682617008686066     1.363942503929138
80     -0.5561380982398987      0.04122333601117134     0.2868814766407013     1.193777799606323
81     -0.5555136203765869      0.04534203186631203     0.2857096195220947     1.369787454605103
82     -0.5556765794754028      0.0389300137758255     0.2600260078907013     1.143343687057495
83     -0.5572205185890198      0.03913997858762741     0.2691406011581421     1.286553621292114
84     -0.5561491250991821      0.04117999970912933     0.262011706829071     1.348192095756531
85     -0.5555995106697083      0.04148265719413757     0.2607096135616302     1.257111191749573
86     -0.5546842217445374      0.04599933698773384     0.2850585877895355     1.327120065689087
87     -0.5556307435035706      0.0433286726474762     0.2727213203907013     1.334058523178101
88     -0.5554845333099365      0.04620131477713585     0.293261706829071     1.219926118850708
89     -0.5558763742446899      0.04604534804821014     0.2872721254825592     1.660874485969543
90     -0.5562421083450317      0.04460803046822548     0.2705403566360474     1.407858371734619
91     -0.5558987259864807      0.03920065611600876     0.2822265326976776     1.310988545417786
92     -0.5552494525909424      0.04104868695139885     0.2712564766407013     1.405033707618713
93     -0.5556071400642395      0.04107866808772087     0.283984363079071     1.364613175392151
94     -0.5578590631484985      0.04606135934591293     0.2723632752895355     1.26979923248291
95     -0.5550287961959839      0.03895134851336479     0.2938150763511658     1.249833583831787
96     -0.5566880106925964      0.04688531532883644     0.2877929508686066     1.284312129020691
97     -0.555804431438446      0.04454667121171951     0.2685546576976776     1.410581111907959
98     -0.5554710030555725      0.04041267558932304     0.2874999940395355     1.142710089683533
99     -0.5558315515518188      0.04660333320498466     0.2721354067325592     1.348773598670959
100     -0.5560412406921387      0.04476264864206314     0.2868489325046539     1.328369736671448
101     -0.556097686290741      0.0441339872777462     0.272265613079071     1.149139761924744
102     -0.5566521286964417      0.04603663086891174     0.2670898139476776     1.138847708702087
103     -0.5570663809776306      0.04650666937232018     0.2477864325046539     1.307591438293457
104     -0.5558740496635437      0.03620931506156921     0.2826497256755829     1.361555933952332
105     -0.5547807812690735      0.04328000545501709     0.2897786200046539     1.308070302009583
106     -0.5570037961006165      0.0471486821770668     0.2430989444255829     1.275472164154053
107     -0.5561012625694275      0.0459199920296669     0.2785806953907013     1.492377638816833
108     -0.5554490089416504      0.03863131627440453     0.2583007514476776     1.300340175628662
109     -0.5547307133674622      0.03756063431501389     0.2964843511581421     1.638980984687805
110     -0.5564800500869751      0.04531665146350861     0.2518554627895355     1.510492563247681
111     -0.5554798245429993      0.0434420071542263     0.2743814885616302     1.167475819587708
112     -0.5564880967140198      0.04237726703286171     0.2561197578907013     1.354461550712585
113     -0.5551888346672058      0.04146395996212959     0.2731119692325592     1.424836277961731
114     -0.5561334490776062      0.04556332901120186     0.2597655951976776     1.485777139663696
115     -0.5561760067939758      0.03785401210188866     0.2643879950046539     1.288274765014648
116     -0.5584480166435242      0.04589264094829559     0.2788085639476776     1.378344416618347
117     -0.5566527247428894      0.04349531605839729     0.2914387881755829     1.337387442588806
118     -0.5556452870368958      0.03957334160804749     0.2707681953907013     1.178560376167297
119     -0.5549651980400085      0.04242802411317825     0.2592773139476776     1.315666794776917
120     -0.5564184188842773      0.04338201507925987     0.2543294131755829     1.375919699668884
121     -0.5570164918899536      0.04773203656077385     0.2582031190395355     1.325207471847534
122     -0.5553901195526123      0.03961067274212837     0.2590169012546539     1.545173168182373
123     -0.5576845407485962      0.04718400910496712     0.2655598819255829     1.309232473373413
124     -0.556437075138092      0.03741931170225143     0.2611653506755829     1.332523465156555
125     -0.5561462640762329      0.04348932579159737     0.2809895575046539     1.269569635391235
126     -0.5564004182815552      0.04160663858056068     0.2630208134651184     1.03264307975769
127     -0.5555230975151062      0.04699065536260605     0.2736978828907013     1.233361721038818
128     -0.5563001036643982      0.04190534725785255     0.2616210877895355     1.264652371406555
129     -0.5564982295036316      0.04217334091663361     0.2917642891407013     1.314507842063904
130     -0.5574201941490173      0.04915468394756317     0.2674478888511658     1.443300485610962
131     -0.5563585758209229      0.04110465571284294     0.2869791388511658     1.220144510269165
132     -0.5562349557876587      0.04439202323555946     0.273242175579071     1.43593966960907
133     -0.5563783049583435      0.04083065688610077     0.2579426765441895     1.335372567176819
134     -0.5568939447402954      0.04295336082577705     0.2840820252895355     1.455058097839355
135     -0.5558537244796753      0.04387138411402702     0.2719726264476776     1.13449490070343
136     -0.5560371875762939      0.04343933239579201     0.3004882633686066     1.326295375823975
137     -0.5561057329177856      0.04768267646431923     0.2780598700046539     1.325277805328369
138     -0.5559201836585999      0.04252468049526215     0.2671549320220947     1.422505497932434
139     -0.5564526319503784      0.04220200330018997     0.2696614265441895     1.429219841957092
140     -0.5546423196792603      0.0368100143969059     0.2681965827941895     1.437453150749207
141     -0.5560187697410583      0.04103068262338638     0.2954101264476776     1.288759231567383
142     -0.5556575059890747      0.04632202163338661     0.2611002326011658     1.618302583694458
143     -0.5563513040542603      0.04253669083118439     0.2799479067325592     1.359311819076538
144     -0.555783212184906      0.04620198160409927     0.2768554389476776     1.198330521583557
145     -0.554837703704834      0.04324465990066528     0.2683267891407013     1.438345074653625
146     -0.5569242238998413      0.04393733665347099     0.2403320074081421     1.324830770492554
147     -0.5563133358955383      0.04458396509289742     0.2761067450046539     1.393470168113708
148     -0.5569716691970825      0.04828799888491631     0.2604492008686066     1.494711875915527
149     -0.5559830069541931      0.04433000087738037     0.2646809816360474     1.459485173225403
150     -0.556459367275238      0.04707933589816093     0.2700520753860474     1.211063265800476
151     -0.5563910007476807      0.04486334323883057     0.2795247137546539     1.399853229522705
152     -0.5551290512084961      0.04501869156956673     0.2565429508686066     1.284189820289612
153     -0.557181179523468      0.04184069111943245     0.2556314766407013     1.252793073654175
154     -0.5562073588371277      0.04536199569702148     0.2730468511581421     1.374787330627441
155     -0.5555974841117859      0.04750201478600502     0.2680989503860474     1.373772263526917
156     -0.5555739402770996      0.04592662677168846     0.2433919012546539     1.456752896308899
157     -0.5545408129692078      0.04094331711530685     0.2687825262546539     1.393059849739075
158     -0.5573886036872864      0.04374134913086891     0.2643229067325592     1.285307884216309
159     -0.55531907081604      0.04498067870736122     0.2575195133686066     1.26556134223938
160     -0.5560886263847351      0.04035202413797379     0.2752603888511658     1.367810487747192
161     -0.5546538233757019      0.03571799769997597     0.2687174379825592     1.283315539360046
162     -0.5567632913589478      0.03962798789143562     0.2870768010616302     1.363265514373779
163     -0.5548133254051208      0.0501173622906208     0.2867187261581421     1.122921943664551
164     -0.555863082408905      0.03940197825431824     0.2660156190395355     1.137274861335754
165     -0.5565899014472961      0.04671671614050865     0.2515950202941895     1.230334639549255
166     -0.5545403361320496      0.04084137827157974     0.265429675579071     1.52104640007019
167     -0.5564956068992615      0.04448933899402618     0.2647135257720947     1.48048198223114
168     -0.5551577210426331      0.04075199365615845     0.247233048081398     1.255199313163757
169     -0.5574530363082886      0.04949598014354706     0.2547200322151184     1.473273873329163
170     -0.5561213493347168      0.04402068257331848     0.2739583253860474     1.176570296287537
171     -0.5567218065261841      0.04220003634691238     0.2899414002895355     1.606089949607849
172     -0.5564218163490295      0.0438753068447113     0.2805338203907013     1.398130178451538
173     -0.5552927851676941      0.04534267634153366     0.2485351413488388     1.393110871315002
174     -0.5553321838378906      0.04617000371217728     0.2843098640441895     1.283484816551208
175     -0.5556176900863647      0.04084663465619087     0.2609049379825592     1.323503494262695
176     -0.5563445687294006      0.045521330088377     0.2603189945220947     1.497773170471191
177     -0.5570105910301208      0.04430600628256798     0.2762695252895355     1.267128705978394
178     -0.555901050567627      0.04147601872682571     0.269335925579071     1.34713339805603
179     -0.556226372718811      0.04576535150408745     0.2613932192325592     1.184473514556885
180     -0.557229220867157      0.0452246330678463     0.2557617127895355     1.294832229614258
181     -0.555201530456543      0.04756603389978409     0.2682942450046539     1.571481227874756
182     -0.5548787713050842      0.04398667439818382     0.3008788824081421     1.265548586845398
183     -0.5560116767883301      0.04349531605839729     0.3028320074081421     1.449637055397034
184     -0.5558649897575378      0.0405619889497757     0.2780598700046539     1.414167046546936
185     -0.5564694404602051      0.04659134522080421     0.2694986760616302     1.34354567527771
186     -0.5561634302139282      0.04492459446191788     0.2929036319255829     1.22699761390686
187     -0.5567678809165955      0.04415598511695862     0.2943684756755829     1.240328669548035
188     -0.5556231737136841      0.04260734841227531     0.2749674320220947     1.276855826377869
189     -0.5556999444961548      0.04730597510933876     0.2608398199081421     1.321825265884399
190     -0.556554913520813      0.04440666362643242     0.2742838263511658     1.386188983917236
191     -0.5573083162307739      0.0430300235748291     0.2767578065395355     1.428775906562805
192     -0.556547999382019      0.04383134841918945     0.2589192390441895     1.281156301498413
193     -0.55503249168396      0.04533665627241135     0.2914713323116302     1.328582644462585
194     -0.5561962723731995      0.04057535529136658     0.2522786259651184     1.519526720046997
195     -0.5565063953399658      0.04129401594400406     0.2528645694255829     1.502297401428223
196     -0.5549591183662415      0.04137932881712914     0.2829101383686066     1.317647576332092
197     -0.5554578304290771      0.04626800492405891     0.2767578065395355     1.311766624450684
198     -0.5565661787986755      0.04672065749764442     0.2793945074081421     1.491265892982483
199     -0.5555604696273804      0.04339732229709625     0.2746093571186066     1.486815214157104
200     -0.5560593605041504      0.04945666342973709     0.2726562321186066     1.369523286819458
201     -0.5549746751785278      0.04642735421657562     0.2638020515441895     1.455280303955078
202     -0.5570772886276245      0.04250997304916382     0.2645507752895355     1.547510862350464
203     -0.5569700002670288      0.04827534407377243     0.2599609196186066     1.228680849075317
204     -0.5555514097213745      0.04558534920215607     0.296679675579071     1.248070955276489
205     -0.5552080273628235      0.04335669428110123     0.275195300579071     1.26824963092804
206     -0.5558857917785645      0.04277797788381577     0.2618815004825592     1.410908699035645
207     -0.5562743544578552      0.04587533697485924     0.2744791507720947     1.462472438812256
208     -0.5567730069160461      0.04540802165865898     0.266406238079071     1.425482630729675
209     -0.5556740164756775      0.04685868695378304     0.2751627266407013     1.196915864944458
210     -0.5558203458786011      0.04041264206171036     0.285937488079071     1.482003092765808
211     -0.5560044646263123      0.0440559908747673     0.2586262822151184     1.175854921340942
212     -0.5563251972198486      0.03838067129254341     0.2990559637546539     1.124904036521912
213     -0.5564121603965759      0.04530400410294533     0.2863931953907013     1.174111843109131
214     -0.5554395914077759      0.04373867437243462     0.2625325322151184     1.639002919197083
215     -0.5561920404434204      0.04737067595124245     0.2677408754825592     1.263666391372681
216     -0.5549927353858948      0.0438893549144268     0.2718098759651184     1.359125137329102
217     -0.5562541484832764      0.04449732601642609     0.2715494632720947     1.286069631576538
218     -0.5560763478279114      0.04279733821749687     0.2453775852918625     1.29110324382782
219     -0.5560754537582397      0.04306731000542641     0.2653645575046539     1.143428921699524
220     -0.5574164390563965      0.04478401318192482     0.3029622137546539     1.181814432144165
221     -0.5558675527572632      0.04333868995308876     0.2655598819255829     1.660307645797729
222     -0.5561879277229309      0.04450203850865364     0.2705403566360474     1.408654093742371
223     -0.5565893650054932      0.04421998560428619     0.2782551944255829     1.310464382171631
224     -0.5563596487045288      0.04449670389294624     0.2746093571186066     1.384604930877686
225     -0.5549179315567017      0.04306934028863907     0.3000325262546539     1.273205518722534
226     -0.5566169619560242      0.04208534583449364     0.2656900882720947     1.253269076347351
227     -0.5554430484771729      0.04286999627947807     0.2654947638511658     1.181788325309753
228     -0.5553508996963501      0.04592465236783028     0.2812825441360474     1.395137190818787
229     -0.5560896396636963      0.04191866889595985     0.2886718511581421     1.432395815849304
230     -0.5560767650604248      0.04389270395040512     0.2979817390441895     1.400364875793457
231     -0.5567269921302795      0.03966601192951202     0.2716796696186066     1.223061561584473
232     -0.5552683472633362      0.03946535661816597     0.2977213263511658     1.2508784532547
233     -0.5562967658042908      0.04515532776713371     0.246256485581398     1.279399514198303
234     -0.5566756725311279      0.04622733592987061     0.2745116949081421     1.479587435722351
235     -0.5557363629341125      0.0393933393061161     0.2525064945220947     1.432305455207825
236     -0.5571019053459167      0.04667264968156815     0.2351887822151184     1.305554389953613
237     -0.5555252432823181      0.04290533065795898     0.2815103828907013     1.44769299030304
238     -0.5559342503547668      0.03508733212947845     0.2685872316360474     1.358740448951721
239     -0.5557008981704712      0.04021400958299637     0.3148437440395355     1.365381836891174
240     -0.5565581321716309      0.04727935791015625     0.2538411319255829     1.299933791160583
241     -0.5556802749633789      0.04391266778111458     0.2853515446186066     1.304871201515198
242     -0.5554860234260559      0.04442067816853523     0.3049153387546539     1.384726047515869
243     -0.5550779104232788      0.04000665247440338     0.2710286378860474     1.481777191162109
244     -0.5561811327934265      0.04408599808812141     0.2724934816360474     1.192468643188477
245     -0.5550792217254639      0.04673730954527855     0.2718424201011658     1.25760817527771
246     -0.5562525987625122      0.04484137520194054     0.2660481631755829     1.235575318336487
247     -0.5569749474525452      0.04677603021264076     0.258593738079071     1.511934518814087
248     -0.5567353963851929      0.04397006332874298     0.2809244692325592     1.361134171485901
249     -0.5561161637306213      0.04370734095573425     0.2501952946186066     1.213923811912537
250     -0.5563578605651855      0.04412798210978508     0.2777017951011658     1.360884547233582
251     -0.5570905804634094      0.04830798879265785     0.2662434577941895     1.321010947227478
252     -0.5544731020927429      0.04395333677530289     0.2598632574081421     1.355311989784241
253     -0.5548655390739441      0.04665136709809303     0.2760090827941895     1.261358857154846
254     -0.5570905804634094      0.04856466129422188     0.2868163883686066     1.396384239196777
255     -0.5560342669487      0.04687200859189034     0.2657551765441895     1.345584273338318
256     -0.5556750893592834      0.04352667182683945     0.2665689885616302     1.458531141281128
257     -0.5553994178771973      0.04479935765266418     0.2838541567325592     1.334352493286133
258     -0.5563243627548218      0.04745663329958916     0.2801432013511658     1.317873477935791
259     -0.5547186136245728      0.04138469323515892     0.2934570014476776     1.305693387985229
260     -0.5552880167961121      0.04303465783596039     0.2882161140441895     1.577675342559814
261     -0.5566115975379944      0.04495797678828239     0.2557617127895355     1.312994003295898
262     -0.5554887652397156      0.04099332913756371     0.2802408635616302     1.321218609809875
263     -0.5565864443778992      0.04251532629132271     0.2878580391407013     1.425800800323486
264     -0.5564731359481812      0.04236666485667229     0.2745116949081421     1.267393827438354
265     -0.5549302101135254      0.04255930334329605     0.2766275703907013     1.24604868888855
266     -0.556360125541687      0.04309668019413948     0.2747395634651184     1.390343070030212
267     -0.5563051104545593      0.04583801329135895     0.3062174320220947     1.098144888877869
268     -0.5564255714416504      0.04708333685994148     0.261523425579071     1.493228316307068
269     -0.5550299286842346      0.04799463227391243     0.265429675579071     1.179855823516846
270     -0.5566756725311279      0.04111266881227493     0.2964518070220947     1.352968692779541
271     -0.5558346509933472      0.04124134033918381     0.2662109136581421     1.137013554573059
272     -0.5558727383613586      0.04021133854985237     0.2940429449081421     1.315436005592346
273     -0.5559272766113281      0.04454264789819717     0.2597005069255829     1.318119406700134
274     -0.5567607283592224      0.04574466124176979     0.2693684697151184     1.28873336315155
275     -0.5560956001281738      0.04452931880950928     0.2872070074081421     1.330902695655823
276     -0.5573223233222961      0.03910334408283234     0.271777331829071     1.446343898773193
277     -0.5550209283828735      0.04314000904560089     0.2829752266407013     1.370366334915161
278     -0.5553919076919556      0.04523200541734695     0.2755859196186066     1.235126137733459
279     -0.5556716322898865      0.04329267516732216     0.3043619692325592     1.713692545890808
280     -0.5561092495918274      0.04644997045397758     0.2822591066360474     1.306766152381897
281     -0.5556226968765259      0.04197265952825546     0.2931640446186066     1.2584468126297
282     -0.556070864200592      0.04510535299777985     0.2720377445220947     1.417884230613708
283     -0.5554248690605164      0.03994934260845184     0.2676757574081421     1.401166558265686
284     -0.5551241040229797      0.04086735099554062     0.2976887822151184     1.438407897949219
285     -0.555830717086792      0.04577134177088737     0.2838541567325592     1.520808219909668
286     -0.5556419491767883      0.04662665724754333     0.2689453065395355     1.241369605064392
287     -0.5563244819641113      0.04393668100237846     0.2442382574081421     1.527697086334229
288     -0.5557569861412048      0.04456532374024391     0.2913411259651184     1.268556356430054
289     -0.5550096035003662      0.04970663413405418     0.2875976264476776     1.281296968460083
290     -0.5566993951797485      0.03967532142996788     0.2916015386581421     1.199758052825928
291     -0.5548207759857178      0.04367068409919739     0.2554687261581421     1.305030703544617
292     -0.5551050305366516      0.04463197290897369     0.2785481512546539     1.202434778213501
293     -0.5553560853004456      0.04825863242149353     0.2900390326976776     1.291230201721191
294     -0.5563057661056519      0.04805867001414299     0.2797200381755829     1.096908807754517
295     -0.5564252734184265      0.04883529618382454     0.2969400882720947     1.404351353645325
296     -0.5566427707672119      0.04770933091640472     0.2845703065395355     1.348322153091431
297     -0.5550209283828735      0.04940333589911461     0.2725911140441895     1.090936660766602
298     -0.5558609366416931      0.04370268434286118     0.2865234315395355     1.26926052570343
299     -0.5555298328399658      0.04076466336846352     0.2659505009651184     1.359726905822754
300     -0.5551762580871582      0.04479264840483665     0.244303360581398     1.202277779579163
301     -0.5555333495140076      0.04231668636202812     0.2724934816360474     1.205954313278198
302     -0.5558332800865173      0.04203064367175102     0.2944010198116302     1.297829389572144
303     -0.5563684105873108      0.04066598415374756     0.2858398258686066     1.441719055175781
304     -0.5569498538970947      0.04246601089835167     0.2819335758686066     1.345189213752747
305     -0.555733859539032      0.04093930870294571     0.2848958075046539     1.286877393722534
306     -0.5554955005645752      0.04674598574638367     0.2672525942325592     1.399105191230774
307     -0.5545437932014465      0.04137201607227325     0.2690755128860474     1.526752471923828
308     -0.5562995076179504      0.04557064920663834     0.286914050579071     1.25502610206604
309     -0.5567036271095276      0.04565934836864471     0.2555012702941895     1.484578132629395
310     -0.5564137101173401      0.04230266064405441     0.2832030951976776     1.300367712974548
311     -0.5569669604301453      0.04944200813770294     0.2851236760616302     1.347585916519165
312     -0.5570500493049622      0.04526866599917412     0.2524413764476776     1.635005354881287
313     -0.5571609139442444      0.04894397035241127     0.2432291507720947     1.299847602844238
314     -0.5565658211708069      0.04558267071843147     0.2631835639476776     1.237585067749023
315     -0.5556867718696594      0.04044198244810104     0.273242175579071     1.291095852851868
316     -0.5560884475708008      0.0416693389415741     0.2708658576011658     1.359533429145813
317     -0.5568494200706482      0.04350601136684418     0.2902018129825592     1.189547061920166
318     -0.5562388300895691      0.04397601261734962     0.2617838382720947     1.53564190864563
319     -0.5548554658889771      0.04287463799118996     0.2911458015441895     1.109610438346863
320     -0.5554589629173279      0.04238463938236237     0.2847005128860474     1.334747552871704
321     -0.5570158958435059      0.04424398764967918     0.2622395753860474     1.515278339385986
322     -0.5557243227958679      0.04593400657176971     0.256152331829071     1.17989444732666
323     -0.5556995868682861      0.03975066170096397     0.2753255069255829     1.483576655387878
324     -0.5553529262542725      0.04562398791313171     0.2787434756755829     1.234046339988708
325     -0.5559372901916504      0.04358801245689392     0.2551431953907013     1.235542178153992
326     -0.555120587348938      0.04339199885725975     0.2924804389476776     1.268372535705566
327     -0.5557827949523926      0.04609799757599831     0.2858398258686066     1.385773420333862
328     -0.5563485026359558      0.0434659980237484     0.2754882574081421     1.342086434364319
329     -0.5563815832138062      0.04739264771342278     0.2656900882720947     1.263845682144165
330     -0.5559768676757812      0.04228198900818825     0.2883137762546539     1.040447473526001
331     -0.5557288527488708      0.04127264767885208     0.283496081829071     1.507127404212952
332     -0.557230532169342      0.04129932075738907     0.2606770694255829     1.270201921463013
333     -0.5567845702171326      0.04085666313767433     0.2912109196186066     1.367824912071228
334     -0.5548805594444275      0.04368402436375618     0.2708333134651184     1.367917776107788
335     -0.5554647445678711      0.04562000185251236     0.283496081829071     1.725011587142944
336     -0.5562239289283752      0.04385001957416534     0.248404935002327     1.555879592895508
337     -0.5562562942504883      0.04713999480009079     0.2621093690395355     1.380196332931519
338     -0.5565407872200012      0.04455333948135376     0.2696614265441895     1.368504524230957
339     -0.5560547113418579      0.04485330730676651     0.2837890386581421     1.237350583076477
340     -0.5569976568222046      0.04570934176445007     0.285449206829071     1.410612940788269
341     -0.5558586120605469      0.0470999963581562     0.2573893070220947     1.243428230285645
342     -0.5554345846176147      0.04654532298445702     0.2695963382720947     1.330613136291504
343     -0.5565361976623535      0.04166799411177635     0.2560546696186066     1.384367942810059
344     -0.5570855736732483      0.04305195063352585     0.2596028447151184     1.320403933525085
345     -0.5560063123703003      0.04094665125012398     0.2619791328907013     1.237277269363403
346     -0.5559354424476624      0.03883533179759979     0.2559570074081421     1.475191235542297
347     -0.5559805631637573      0.04473469033837318     0.2855468690395355     1.257889270782471
348     -0.5554717779159546      0.0456966795027256     0.2619140446186066     1.308159470558167
349     -0.5562761425971985      0.04170400649309158     0.2666991949081421     1.292807817459106
350     -0.5565081834793091      0.04658466577529907     0.263964831829071     1.376704812049866
351     -0.5557895302772522      0.04319733753800392     0.2608398199081421     1.321873903274536
352     -0.5561108589172363      0.03870933875441551     0.2580403387546539     1.464256525039673
353     -0.556500256061554      0.04092535749077797     0.2513671815395355     1.118612289428711
354     -0.5565285086631775      0.04187403991818428     0.2544596195220947     1.525506138801575
355     -0.5558536052703857      0.04377532377839088     0.2646809816360474     1.234057545661926
356     -0.5551869869232178      0.04818538948893547     0.2760416567325592     1.414921402931213
357     -0.5558194518089294      0.04562532529234886     0.2944661378860474     1.21044659614563
358     -0.5563360452651978      0.04555601626634598     0.2749348878860474     1.345584750175476
359     -0.5566830635070801      0.04207267984747887     0.2914387881755829     1.232892274856567
360     -0.5562824606895447      0.04442333430051804     0.2598958015441895     1.562539935112
361     -0.5558991432189941      0.04588065668940544     0.2797851264476776     1.454897165298462
362     -0.5560244917869568      0.04415800049901009     0.251757800579071     1.342574000358582
363     -0.5554842948913574      0.04805531352758408     0.2708333134651184     1.223851680755615
364     -0.5553745627403259      0.04469134658575058     0.2618815004825592     1.185083389282227
365     -0.5559338927268982      0.04186398908495903     0.3124999701976776     1.300343751907349
366     -0.5556548237800598      0.04277664050459862     0.2737630009651184     1.543302059173584
367     -0.5567570924758911      0.04003000631928444     0.2765624821186066     1.309123277664185
368     -0.5554265975952148      0.04028800874948502     0.2548176944255829     1.342757344245911
369     -0.5557066202163696      0.04250067099928856     0.2853190004825592     1.394975066184998
370     -0.5558273792266846      0.04742333292961121     0.2753255069255829     1.256080508232117
371     -0.5569185614585876      0.04017667472362518     0.2557291388511658     1.292079567909241
372     -0.5532547235488892      0.03919202089309692     0.2696288824081421     1.548598647117615
373     -0.5555832386016846      0.04642132669687271     0.2589843571186066     1.363454103469849
374     -0.5557442307472229      0.04494132101535797     0.2993814945220947     1.268942356109619
375     -0.5579050779342651      0.04580070450901985     0.2652018070220947     1.384669542312622
376     -0.5556393265724182      0.04432400688529015     0.2562825381755829     1.357312679290771
377     -0.5538788437843323      0.04498330503702164     0.274218738079071     1.355581760406494
378     -0.5575050115585327      0.04794066399335861     0.2388671636581421     1.120022773742676
379     -0.5544254779815674      0.04402799531817436     0.2568684816360474     1.483590006828308
380     -0.5560199022293091      0.04485065117478371     0.2641275823116302     1.417879939079285
381     -0.5559285879135132      0.04400269687175751     0.292285144329071     1.422519326210022
382     -0.5556907653808594      0.03765399381518364     0.2689453065395355     1.463992357254028
383     -0.5568259954452515      0.04053067043423653     0.2925455570220947     1.338289737701416
384     -0.555116593837738      0.04001869633793831     0.2652343511581421     1.193251490592957
385     -0.5540680885314941      0.04303001239895821     0.2718749940395355     1.287047743797302
386     -0.5545192956924438      0.03907332196831703     0.2869465947151184     1.285461068153381
387     -0.5552182197570801      0.03801467642188072     0.2568359076976776     1.203718781471252
388     -0.5551508665084839      0.03992534056305885     0.2466145604848862     1.395312309265137
389     -0.5560562014579773      0.04392066597938538     0.2671223878860474     1.444922089576721
390     -0.5570768117904663      0.04594266787171364     0.2614583075046539     1.460126638412476
391     -0.5574148893356323      0.04298399388790131     0.2542968690395355     1.307379841804504
392     -0.5553916692733765      0.04160667955875397     0.2961262762546539     1.160621404647827
393     -0.5555503964424133      0.04114200919866562     0.2720052003860474     1.507498264312744
394     -0.554649293422699      0.03883799910545349     0.2399739325046539     1.45886504650116
395     -0.555263340473175      0.05028467997908592     0.2466471195220947     1.506076216697693
396     -0.55576491355896      0.0446186251938343     0.2746093571186066     1.416588664054871
397     -0.5566252470016479      0.04112337157130241     0.2887369692325592     1.265488386154175
398     -0.5556653738021851      0.04026666283607483     0.2671874761581421     1.424023151397705
399     -0.55569988489151      0.04518337547779083     0.2378580570220947     1.420947432518005
400     -0.5560405254364014      0.04627399519085884     0.2847330570220947     1.381239891052246
401     -0.5559922456741333      0.04449136182665825     0.279101550579071     1.264593482017517
402     -0.5554832220077515      0.0493893176317215     0.2860676944255829     1.215843558311462
403     -0.5567721128463745      0.04039736092090607     0.2561197578907013     1.320928335189819
404     -0.5555779337882996      0.04412400349974632     0.2836262881755829     1.3338782787323
405     -0.5561659336090088      0.04227930679917336     0.2474934756755829     1.278136491775513
406     -0.5553740262985229      0.04281333461403847     0.2598632574081421     1.398396134376526
407     -0.5552566051483154      0.04101663827896118     0.2653645575046539     1.500478625297546
408     -0.5577919483184814      0.04648871347308159     0.2746093571186066     1.46129584312439
409     -0.5569578409194946      0.04312929883599281     0.2547851502895355     1.46728527545929
410     -0.5561650395393372      0.0468839518725872     0.2675130069255829     1.461818337440491
411     -0.5573499202728271      0.0396173894405365     0.2606119513511658     1.290254950523376
412     -0.5561794638633728      0.04614799469709396     0.2785481512546539     1.447999715805054
413     -0.5564339160919189      0.04306796938180923     0.2840494513511658     1.365015506744385
414     -0.555420994758606      0.05021802708506584     0.2725585699081421     1.241955995559692
415     -0.5569191575050354      0.04048004001379013     0.275683581829071     1.360590696334839
416     -0.5551590323448181      0.04634935408830643     0.2588541507720947     1.152523159980774
417     -0.5561797022819519      0.04448265209794044     0.2714843451976776     1.560359835624695
418     -0.5569704174995422      0.04817600175738335     0.2936197817325592     1.421749949455261
419     -0.5561326742172241      0.04379867017269135     0.2505859136581421     1.281244993209839
420     -0.5572497248649597      0.04823735728859901     0.2627278566360474     1.346215128898621
421     -0.5566063523292542      0.04063933715224266     0.2813150882720947     1.370939016342163
422     -0.5558765530586243      0.04392000660300255     0.2524088323116302     1.30184543132782
423     -0.5568490624427795      0.04422197490930557     0.2603515386581421     1.441656589508057
424     -0.5561202168464661      0.04153136163949966     0.2774088382720947     1.293572783470154
425     -0.555391788482666      0.04277799651026726     0.2714192569255829     1.463130354881287
426     -0.5554625988006592      0.04662267491221428     0.2980468571186066     1.375508308410645
427     -0.5564350485801697      0.04251931607723236     0.2948893010616302     1.331772327423096
428     -0.5561128258705139      0.04168000072240829     0.2192382663488388     1.3868328332901
429     -0.5562009811401367      0.04735269024968147     0.2701497077941895     1.305580019950867
430     -0.5554810762405396      0.04588999599218369     0.2755208015441895     1.437420129776001
431     -0.5554645657539368      0.03940067440271378     0.2579426765441895     1.378503799438477
432     -0.5552006959915161      0.03833265602588654     0.2785481512546539     1.410193800926208
433     -0.5564082264900208      0.04578867927193642     0.2558268010616302     1.156349897384644
434     -0.5556656718254089      0.04132867231965065     0.2792643010616302     1.369310021400452
435     -0.5555112957954407      0.04087668284773827     0.284960925579071     1.126928091049194
436     -0.5552077889442444      0.04808534309267998     0.2768880128860474     1.458745002746582
437     -0.5564466118812561      0.05069668218493462     0.2967122197151184     1.120446920394897
438     -0.5553578734397888      0.04282800853252411     0.2828124761581421     1.322550415992737
439     -0.5552259087562561      0.04127133637666702     0.294238269329071     1.309568047523499
440     -0.5552129149436951      0.03801602125167847     0.2501952946186066     1.220380783081055
441     -0.5563770532608032      0.0414266549050808     0.2764322757720947     1.32275116443634
442     -0.5558705925941467      0.04188599064946175     0.2567708194255829     1.421859264373779
443     -0.5558106303215027      0.04409801214933395     0.2564452886581421     1.193416476249695
444     -0.5566185116767883      0.04416869953274727     0.2736002504825592     1.381191849708557
445     -0.556074857711792      0.04178601130843163     0.2633137702941895     1.486566543579102
446     -0.5556119084358215      0.0414433516561985     0.2738932073116302     1.281910061836243
447     -0.5563757419586182      0.04104800149798393     0.2548176944255829     1.420257687568665
448     -0.556189239025116      0.04425201937556267     0.2721028327941895     1.237174391746521
449     -0.5565055012702942      0.05196397379040718     0.2948242127895355     1.317162156105042
450     -0.5554742813110352      0.04054464399814606     0.3055338263511658     1.286873936653137
451     -0.5561529994010925      0.04021135345101357     0.2793294191360474     1.282287120819092
452     -0.5567848086357117      0.04002333432435989     0.2569986879825592     1.467072486877441
453     -0.5564596056938171      0.04534666985273361     0.2708658576011658     1.436691761016846
454     -0.5565933585166931      0.04391465708613396     0.2709635198116302     1.455623269081116
455     -0.5560924410820007      0.04719804227352142     0.2964518070220947     1.282081007957458
456     -0.5555923581123352      0.04991995170712471     0.260546863079071     1.076106905937195
457     -0.5559471845626831      0.04345802962779999     0.2672525942325592     1.173062324523926
458     -0.5560469031333923      0.04311130940914154     0.2479491978883743     1.370038628578186
459     -0.5554838180541992      0.035245381295681     0.298144519329071     1.294954538345337
460     -0.5555043816566467      0.04250799492001534     0.2553385198116302     1.302043795585632
461     -0.5565504431724548      0.03805733099579811     0.2809895575046539     1.310492515563965
462     -0.555045485496521      0.04091333597898483     0.2714192569255829     1.193979144096375
463     -0.5550692081451416      0.04263866320252419     0.2499674260616302     1.271921277046204
464     -0.5553524494171143      0.04949533566832542     0.2889648377895355     1.509354948997498
465     -0.555883526802063      0.04258866235613823     0.272265613079071     1.280631422996521
466     -0.5581386089324951      0.04736265912652016     0.2555338442325592     1.203197956085205
467     -0.5559776425361633      0.04424532502889633     0.2749023139476776     1.100603699684143
468     -0.5560460090637207      0.04574867710471153     0.2718424201011658     1.408604383468628
469     -0.5560198426246643      0.04242266342043877     0.2659505009651184     1.279335498809814
470     -0.5564153790473938      0.0423240140080452     0.2793619632720947     1.272147059440613
471     -0.55638188123703      0.04025932773947716     0.2819661200046539     1.604970097541809
472     -0.5565670132637024      0.04450869187712669     0.2457356601953506     1.380018591880798
473     -0.5563368797302246      0.04120398312807083     0.2409179508686066     1.584378600120544
474     -0.5562999844551086      0.04637330770492554     0.2798177003860474     1.272301316261292
475     -0.5562211871147156      0.04604065418243408     0.2603515386581421     1.4371258020401
476     -0.5565568804740906      0.04521002247929573     0.2861327826976776     1.283915638923645
477     -0.5561253428459167      0.0448559932410717     0.2844075262546539     1.344414591789246
478     -0.5570491552352905      0.0458146445453167     0.286914050579071     1.33202075958252
479     -0.5561867356300354      0.04183800518512726     0.2735351324081421     1.230506539344788
480     -0.5564311742782593      0.04679735749959946     0.3029622137546539     1.324246287345886
481     -0.5576525330543518      0.04522668570280075     0.2675130069255829     1.360016822814941
482     -0.5560359954833984      0.04138867929577827     0.2716796696186066     1.422761917114258
483     -0.5553934574127197      0.04698135703802109     0.277636706829071     1.309217810630798
484     -0.5556105375289917      0.0463026650249958     0.2823567390441895     1.196250557899475
485     -0.5550227165222168      0.04025866091251373     0.2630208134651184     1.350739359855652
486     -0.556169331073761      0.0460679866373539     0.2660156190395355     1.317493081092834
487     -0.5557825565338135      0.04090134054422379     0.2651366889476776     1.554916977882385
488     -0.5565816164016724      0.04137665778398514     0.2525064945220947     1.36716616153717
489     -0.5560678243637085      0.04723131284117699     0.2996744513511658     1.149087429046631
490     -0.5562945008277893      0.04297271370887756     0.2710937261581421     1.387567520141602
491     -0.5562925338745117      0.04534735530614853     0.2685221135616302     1.24624240398407
492     -0.5571134090423584      0.04838201403617859     0.2913736701011658     1.131715774536133
493     -0.5558990836143494      0.04271401464939117     0.2501301765441895     1.322960019111633
494     -0.555828869342804      0.04688271507620811     0.2773762941360474     1.20686411857605
495     -0.5560535788536072      0.0436466708779335     0.259570300579071     1.175268769264221
496     -0.5556607842445374      0.0484846867620945     0.2825520634651184     1.377321243286133
497     -0.5549618601799011      0.0404493436217308     0.2856445014476776     1.234886765480042
498     -0.5553855895996094      0.04310733452439308     0.2833007574081421     1.141824007034302
499     -0.5567694902420044      0.04145067930221558     0.2622395753860474     1.271242499351501
500     -0.556921124458313      0.04583333432674408     0.2528645694255829     1.197198629379272
501     -0.5549106001853943      0.04590536653995514     0.2632486820220947     1.236645460128784
502     -0.5564220547676086      0.03818332776427269     0.2714192569255829     1.420018196105957
503     -0.5555266737937927      0.03658332303166389     0.2601887881755829     1.393311858177185
504     -0.5563843250274658      0.04511734843254089     0.2471354007720947     1.442221999168396
505     -0.5565654039382935      0.04550867900252342     0.2806314826011658     1.066860318183899
506     -0.5565201640129089      0.04429733380675316     0.3053059577941895     1.416860342025757
507     -0.5563163161277771      0.04246264696121216     0.2854166328907013     1.204231977462769
508     -0.5549502372741699      0.04068132862448692     0.2695637941360474     1.194077968597412
509     -0.5562365055084229      0.0437299907207489     0.2770507633686066     1.315770149230957
510     -0.5544496178627014      0.04272132739424706     0.277148425579071     1.265712857246399
511     -0.5563737154006958      0.0425419993698597     0.2752603888511658     1.362298369407654
512     -0.5559974312782288      0.04037734121084213     0.2595051825046539     1.302678227424622
513     -0.5554004907608032      0.04365602135658264     0.2787760198116302     1.242896676063538
514     -0.5549055337905884      0.03653932362794876     0.2638020515441895     1.445887684822083
515     -0.5568937063217163      0.04036334156990051     0.2810872197151184     1.32617461681366
516     -0.5556716918945312      0.04255996271967888     0.2740885317325592     1.633087396621704
517     -0.5549467802047729      0.03991865739226341     0.275195300579071     1.209617376327515
518     -0.5556276440620422      0.0458233430981636     0.3007812201976776     1.329013228416443
519     -0.5562375783920288      0.04087401553988457     0.2779296636581421     1.364219784736633
520     -0.5560986995697021      0.03929534181952477     0.243522122502327     1.492632627487183
521     -0.5557317733764648      0.04227999597787857     0.2650716006755829     1.179349422454834
522     -0.5556771755218506      0.05016268417239189     0.2589843571186066     1.4448401927948
523     -0.5560565590858459      0.04374265670776367     0.2817382514476776     1.157007217407227
524     -0.5553381443023682      0.04412597045302391     0.2570312321186066     1.408678531646729
525     -0.5558234453201294      0.03684131801128387     0.2694661319255829     1.329639554023743
526     -0.5557165145874023      0.04577665030956268     0.2677083015441895     1.312224388122559
527     -0.5554379820823669      0.04254867509007454     0.2772460877895355     1.236953139305115
528     -0.5554817914962769      0.03706199675798416     0.2704101502895355     1.48030698299408
529     -0.5576390624046326      0.05107864737510681     0.3021809756755829     1.253871321678162
530     -0.555794894695282      0.03749865666031837     0.2691406011581421     1.551766157150269
531     -0.5557714104652405      0.04248734936118126     0.2698567509651184     1.37783670425415
532     -0.5556555390357971      0.03988998010754585     0.2986653447151184     1.508948564529419
533     -0.556670606136322      0.03938734903931618     0.2524413764476776     1.275898933410645
534     -0.5566882491111755      0.04357795789837837     0.2475911229848862     1.351750373840332
535     -0.5556894540786743      0.04463467374444008     0.2737955451011658     1.309312582015991
536     -0.5561867356300354      0.03947865590453148     0.2860351502895355     1.233238339424133
537     -0.5560755729675293      0.04035398736596107     0.2710937261581421     1.177961111068726
538     -0.5562254190444946      0.04591070115566254     0.2643229067325592     1.251241683959961
539     -0.554624080657959      0.04125932976603508     0.2871744632720947     1.455499887466431
540     -0.5551064610481262      0.04008468240499496     0.3035481572151184     1.248258113861084
541     -0.5557935237884521      0.04905134066939354     0.282519519329071     1.426579475402832
542     -0.5559356212615967      0.04082468524575233     0.2735025882720947     1.280229687690735
543     -0.5553613901138306      0.04359734058380127     0.2423827946186066     1.424039363861084
544     -0.5562607049942017      0.04366200417280197     0.2723307013511658     1.265287637710571
545     -0.5568045973777771      0.04133597016334534     0.2796223759651184     1.252720475196838
546     -0.5565425157546997      0.04057596996426582     0.275195300579071     1.611605167388916
547     -0.5564641356468201      0.04186201095581055     0.2578775882720947     1.397079467773438
548     -0.5549509525299072      0.03971333429217339     0.2682942450046539     1.077519655227661
549     -0.5556523203849792      0.04266999289393425     0.2873046696186066     1.432111978530884
550     -0.55582594871521      0.04236733913421631     0.2536458075046539     1.318195700645447
551     -0.5557703971862793      0.04249599203467369     0.2757161259651184     1.415968775749207
552     -0.556299090385437      0.03912800922989845     0.2735676765441895     1.577788233757019
553     -0.5559178590774536      0.04250666499137878     0.2801106572151184     1.387802124023438
554     -0.5548602342605591      0.04633799195289612     0.2800455391407013     1.380124807357788
555     -0.5555152297019958      0.04757798090577126     0.2913411259651184     1.274806141853333
556     -0.5547953844070435      0.0401260107755661     0.2632161378860474     1.355977177619934
557     -0.5559546947479248      0.04297135397791862     0.2691080570220947     1.382681965827942
558     -0.5552482604980469      0.04297800734639168     0.2802408635616302     1.398573398590088
559     -0.5559619665145874      0.04480203613638878     0.2742838263511658     1.35515022277832
560     -0.5550624132156372      0.04195467010140419     0.2577148377895355     1.311465620994568
561     -0.5567511320114136      0.03954597935080528     0.2761067450046539     1.423139691352844
562     -0.5547757148742676      0.0399153009057045     0.2689778506755829     1.429885387420654
563     -0.5547642707824707      0.04132600873708725     0.2809570133686066     1.070337772369385
564     -0.5552282333374023      0.03755532205104828     0.2631835639476776     1.302952170372009
565     -0.5551039576530457      0.04362530633807182     0.2762369513511658     1.204562306404114
566     -0.5570617318153381      0.04458935186266899     0.2740559577941895     1.417578458786011
567     -0.556797206401825      0.0395006462931633     0.3034179508686066     1.440773487091064
568     -0.5579807758331299      0.04201602563261986     0.2782877385616302     1.256815552711487
569     -0.5559618473052979      0.04179533198475838     0.2612955570220947     1.389242053031921
570     -0.5554302334785461      0.04528535902500153     0.2515299320220947     1.136342287063599
571     -0.5568605661392212      0.04672866314649582     0.272753894329071     1.274385929107666
572     -0.5567951202392578      0.04052332788705826     0.2740885317325592     1.592452526092529
573     -0.5550940632820129      0.04422334209084511     0.2726887762546539     1.182697176933289
574     -0.555803656578064      0.0417693629860878     0.249186173081398     1.629355311393738
575     -0.5560294389724731      0.04551265388727188     0.2921549379825592     1.349770784378052
576     -0.5560853481292725      0.04175602644681931     0.2833984196186066     1.32572066783905
577     -0.5557653903961182      0.04445400834083557     0.3003580570220947     1.398761391639709
578     -0.5548512935638428      0.04447999224066734     0.2632812261581421     1.294455409049988
579     -0.554889440536499      0.05091134086251259     0.2567382752895355     1.445568561553955
580     -0.5563956499099731      0.04433996230363846     0.2496093511581421     1.207151174545288
581     -0.5563043355941772      0.04450661689043045     0.2660481631755829     1.39335823059082
582     -0.5559072494506836      0.03947731107473373     0.2515950202941895     1.246860027313232
583     -0.5558079481124878      0.0462513267993927     0.2659830451011658     1.548387885093689
584     -0.5558663606643677      0.042967289686203     0.265429675579071     1.535690307617188
585     -0.5552592277526855      0.03898601233959198     0.2309570163488388     1.317619919776917
586     -0.5572559833526611      0.04083800688385963     0.2559570074081421     1.513678431510925
587     -0.5559284090995789      0.04258264601230621     0.2599934637546539     1.383903861045837
588     -0.5563915371894836      0.04213868826627731     0.2951171696186066     1.322966814041138
589     -0.5551673173904419      0.0439559631049633     0.2430012822151184     1.373844027519226
590     -0.555791974067688      0.04326462373137474     0.2617512941360474     1.205021262168884
591     -0.5556691288948059      0.04317533224821091     0.2898762822151184     1.174031972885132
592     -0.5560434460639954      0.03952936083078384     0.2616861760616302     1.260478854179382
593     -0.5553703904151917      0.04198401048779488     0.2848632633686066     1.161396026611328
594     -0.5571908354759216      0.04610003530979156     0.2670247256755829     1.350213766098022
595     -0.5551928877830505      0.03927933797240257     0.2535807192325592     1.231820344924927
596     -0.5566731691360474      0.04615800082683563     0.2851562201976776     1.549924612045288
597     -0.5569462180137634      0.04486333206295967     0.2811848819255829     1.430443525314331
598     -0.5557206869125366      0.04482268914580345     0.2404622137546539     1.458074927330017
599     -0.5563636422157288      0.04726665839552879     0.2827799320220947     1.156157851219177
600     -0.5542898774147034      0.04111800715327263     0.2601562440395355     1.349877715110779
601     -0.555192232131958      0.04259267076849937     0.2798177003860474     1.413314938545227
602     -0.556492805480957      0.03961401432752609     0.2990234196186066     1.402722120285034
603     -0.5551301836967468      0.04670865833759308     0.2840494513511658     1.283034682273865
604     -0.5555155873298645      0.04314465820789337     0.2362955510616302     1.3641517162323
605     -0.5567935705184937      0.04280600324273109     0.2703450322151184     1.243545413017273
606     -0.5558299422264099      0.0406106635928154     0.2521484196186066     1.546906113624573
607     -0.5568080544471741      0.04764866456389427     0.2645182013511658     1.238522410392761
608     -0.5549175143241882      0.04937798902392387     0.2728189826011658     1.319737195968628
609     -0.5563411712646484      0.04008335247635841     0.2995767891407013     1.417940735816956
610     -0.5559520125389099      0.04173735156655312     0.311328113079071     1.241236448287964
611     -0.5555092096328735      0.04624403268098831     0.2837890386581421     1.353346943855286
612     -0.5559074282646179      0.04367533326148987     0.2688801884651184     1.330798983573914
613     -0.5548053383827209      0.04462666437029839     0.2866536378860474     1.284207820892334
614     -0.5567156076431274      0.04130332544445992     0.2740559577941895     1.438177108764648
615     -0.5556538105010986      0.04231465980410576     0.2740885317325592     1.467034459114075
616     -0.5561920404434204      0.04153932631015778     0.2607096135616302     1.375079393386841
617     -0.5563188791275024      0.03739865496754646     0.2446939945220947     1.129678845405579
618     -0.5550422072410583      0.04192731529474258     0.2700846195220947     1.260249972343445
619     -0.5544715523719788      0.0429060198366642     0.2800129950046539     1.383898615837097
620     -0.5560048818588257      0.04240733757615089     0.2639322578907013     1.392207980155945
621     -0.5559391975402832      0.04082400351762772     0.2700520753860474     1.240942001342773
622     -0.5561398863792419      0.04389997199177742     0.2580403387546539     1.231077671051025
623     -0.5561330318450928      0.04699601233005524     0.2669596076011658     1.561583280563354
624     -0.5548528432846069      0.0430833026766777     0.2772460877895355     1.300523281097412
625     -0.5556600689888      0.04052131995558739     0.2813801765441895     1.205162644386292
626     -0.5556187629699707      0.04345399513840675     0.2770182192325592     1.274544715881348
627     -0.5553165078163147      0.04197799786925316     0.2553710639476776     1.520158410072327
628     -0.556647002696991      0.04554268717765808     0.2768554389476776     1.47778844833374
629     -0.557212233543396      0.04564997926354408     0.2592773139476776     1.373271703720093
630     -0.5563938617706299      0.04695001244544983     0.2607096135616302     1.260074973106384
631     -0.5573810935020447      0.04336734861135483     0.2725260257720947     1.276453495025635
632     -0.5560086965560913      0.04617130011320114     0.2700195014476776     1.142010450363159
633     -0.555642306804657      0.04117333516478539     0.2857421636581421     1.45643424987793
634     -0.5553485155105591      0.04080601409077644     0.2593424320220947     1.338574409484863
635     -0.5573786497116089      0.04090201482176781     0.2616210877895355     1.214587926864624
636     -0.5554919242858887      0.04129934683442116     0.2669270634651184     1.241289734840393
637     -0.5564185976982117      0.0462186336517334     0.2487304508686066     1.429815292358398
638     -0.556810736656189      0.04609733074903488     0.2481445074081421     1.435958981513977
639     -0.5562074184417725      0.04667198285460472     0.2549804449081421     1.415562629699707
640     -0.5555181503295898      0.04601335152983665     0.2408528476953506     1.517939448356628
641     -0.5569772720336914      0.04304730147123337     0.259570300579071     1.202877163887024
642     -0.5562417507171631      0.04419133067131042     0.2743164002895355     1.280834913253784
643     -0.5566758513450623      0.04045066237449646     0.2612630128860474     1.208790898323059
644     -0.5567684173583984      0.04129932820796967     0.2705077826976776     1.264449238777161
645     -0.5560023784637451      0.04210136085748672     0.2506510317325592     1.267179369926453
646     -0.5562381744384766      0.04269267246127129     0.2956379950046539     1.296555280685425
647     -0.5565523505210876      0.0461999699473381     0.2614583075046539     1.394487500190735
648     -0.5543821454048157      0.03884532302618027     0.2862955629825592     1.396793484687805
649     -0.5557528734207153      0.03755731135606766     0.2594400942325592     1.368941068649292
650     -0.5564411878585815      0.04548534005880356     0.2796223759651184     1.272385358810425
651     -0.5551992058753967      0.04401195794343948     0.2411458194255829     1.358309864997864
652     -0.5556266903877258      0.04624202474951744     0.2753905951976776     1.145830154418945
653     -0.5564020872116089      0.0418819971382618     0.2665039002895355     1.404235482215881
654     -0.5552423000335693      0.0416693314909935     0.2525715827941895     1.346111297607422
655     -0.5553520321846008      0.04556667059659958     0.2763671576976776     1.460448384284973
656     -0.5566798448562622      0.04416132718324661     0.2656900882720947     1.525098323822021
657     -0.5562220215797424      0.0482773445546627     0.262988269329071     1.156457424163818
658     -0.5552538633346558      0.04073134809732437     0.3111653327941895     1.332075715065002
659     -0.555746853351593      0.03878733143210411     0.2687174379825592     1.390128254890442
660     -0.5553029179573059      0.04358935728669167     0.2742838263511658     1.306467652320862
661     -0.5571605563163757      0.04393331333994865     0.2704752385616302     1.303445339202881
662     -0.5568848252296448      0.0378093421459198     0.257617175579071     1.35324501991272
663     -0.5546198487281799      0.04144064709544182     0.2733723819255829     1.456517577171326
664     -0.5562330484390259      0.04702065885066986     0.2767252326011658     1.489522457122803
665     -0.5564736723899841      0.0439106859266758     0.2679687440395355     1.362031936645508
666     -0.5556531548500061      0.04007665067911148     0.2919270694255829     1.359604597091675
667     -0.5563357472419739      0.04008464142680168     0.3103840947151184     1.409228205680847
668     -0.5553650856018066      0.04448336735367775     0.2808268070220947     1.437906742095947
669     -0.557828426361084      0.04647130146622658     0.2607747316360474     1.518146276473999
670     -0.5548855662345886      0.04258599132299423     0.2747721076011658     1.222963571548462
671     -0.5551145672798157      0.04568998888134956     0.2834309637546539     1.250592708587646
672     -0.5556033253669739      0.05226533114910126     0.2670572698116302     1.346020221710205
673     -0.555535614490509      0.04222532361745834     0.2832030951976776     1.423167586326599
674     -0.5557752251625061      0.04726399108767509     0.279589831829071     1.457393765449524
675     -0.5560063719749451      0.04682532697916031     0.277148425579071     1.320394515991211
676     -0.5562517642974854      0.0443253368139267     0.2818684577941895     1.363174557685852
677     -0.5561195611953735      0.04661799594759941     0.2637044191360474     1.336054563522339
678     -0.554901123046875      0.04115799069404602     0.2794270515441895     1.217735409736633
679     -0.5547817945480347      0.04383999481797218     0.2831380069255829     1.362972855567932
680     -0.554709255695343      0.04722066596150398     0.2876302003860474     1.322077512741089
681     -0.5553568601608276      0.04261535033583641     0.2842122316360474     1.546025276184082
682     -0.5557059049606323      0.04839465394616127     0.2853190004825592     1.349234104156494
683     -0.5557109117507935      0.04684465005993843     0.2390299290418625     1.343443393707275
684     -0.556996762752533      0.04131799191236496     0.2631184756755829     1.33513081073761
685     -0.5554488897323608      0.04501931741833687     0.2833658754825592     1.427111506462097
686     -0.5561844706535339      0.04072332382202148     0.2474934756755829     1.250996708869934
687     -0.5559570789337158      0.04428265243768692     0.2650390565395355     1.391396999359131
688     -0.5569441318511963      0.03773466125130653     0.2788085639476776     1.59096896648407
689     -0.5563890933990479      0.04521935433149338     0.2719726264476776     1.656768441200256
690     -0.5552187561988831      0.03426266089081764     0.2660156190395355     1.442680478096008
691     -0.5549522638320923      0.04472003132104874     0.273242175579071     1.280766248703003
692     -0.5574087500572205      0.0450233668088913     0.2992838323116302     1.434309601783752
693     -0.5552535653114319      0.0478459969162941     0.2669921815395355     1.547023415565491
694     -0.55557781457901      0.04666266217827797     0.2576822638511658     1.49323308467865
695     -0.5558515191078186      0.04202136769890785     0.245963528752327     1.31649112701416
696     -0.5560630559921265      0.04138733446598053     0.2972656190395355     1.430350542068481
697     -0.55550217628479      0.03555534034967422     0.264941394329071     1.183213233947754
698     -0.5543661117553711      0.04180067032575607     0.293261706829071     1.355608463287354
699     -0.555808424949646      0.03667799755930901     0.2935221195220947     1.212675094604492
700     -0.5559120178222656      0.04205868393182755     0.2650390565395355     1.336672186851501
701     -0.5565818548202515      0.04533734172582626     0.2644205391407013     1.202522993087769
702     -0.5565906167030334      0.04424403980374336     0.2819986641407013     1.629667997360229
703     -0.5560226440429688      0.04297133535146713     0.2430012822151184     1.282420516014099
704     -0.5562558770179749      0.04073531180620193     0.2791666388511658     1.654469847679138
705     -0.5564771890640259      0.04717602953314781     0.2645833194255829     1.406566023826599
706     -0.5571355223655701      0.04242733120918274     0.2726236879825592     1.19624924659729
707     -0.5556837320327759      0.03883200511336327     0.2620767951011658     1.367323398590088
708     -0.5554324984550476      0.03839600831270218     0.2912109196186066     1.740330934524536
709     -0.5559074282646179      0.04007868841290474     0.2676757574081421     1.272626519203186
710     -0.556719958782196      0.0478459820151329     0.276171863079071     1.688971519470215
711     -0.5569943189620972      0.04675532877445221     0.240104153752327     1.505483865737915
712     -0.5563066005706787      0.04516663774847984     0.2874999940395355     1.330737471580505
713     -0.5556492209434509      0.0422433502972126     0.2765624821186066     1.261267423629761
714     -0.556330680847168      0.04456868022680283     0.2733072638511658     1.32232141494751
715     -0.5553863644599915      0.04202200099825859     0.2689778506755829     1.315333724021912
716     -0.5559603571891785      0.04708931595087051     0.2819335758686066     1.224178910255432
717     -0.5547775626182556      0.04690127447247505     0.2733072638511658     1.422137856483459
718     -0.5553349852561951      0.03973131999373436     0.2426757663488388     1.402199983596802
719     -0.5576760768890381      0.03983734548091888     0.2361653447151184     1.422562479972839
720     -0.5564088821411133      0.04120000079274178     0.2749674320220947     1.412866592407227
721     -0.5561645030975342      0.04959269240498543     0.3145507574081421     1.356458425521851
722     -0.5561777949333191      0.04213999956846237     0.2499023228883743     1.619679808616638
723     -0.5557383894920349      0.04515863955020905     0.2689453065395355     1.530948758125305
724     -0.5566222667694092      0.04041601344943047     0.2618489265441895     1.220715045928955
725     -0.5558651089668274      0.04448200017213821     0.2656900882720947     1.26116144657135
726     -0.5568440556526184      0.04236601293087006     0.2814778387546539     1.316508769989014
727     -0.554787814617157      0.04130135476589203     0.2746744453907013     1.376790881156921
728     -0.5566537976264954      0.04499867185950279     0.2785481512546539     1.236259818077087
729     -0.5541692972183228      0.04203331843018532     0.2934570014476776     1.081242442131042
730     -0.555712878704071      0.0407746247947216     0.2549804449081421     1.349438905715942
731     -0.5555793642997742      0.04786264896392822     0.2601887881755829     1.276045918464661
732     -0.5575575232505798      0.04265397042036057     0.2765950262546539     1.550878405570984
733     -0.5557844638824463      0.04654332995414734     0.2697916328907013     1.084412217140198
734     -0.5558866858482361      0.04581268876791     0.254199206829071     1.368597030639648
735     -0.5557080507278442      0.04357734695076942     0.2719400823116302     1.370416641235352
736     -0.5549470782279968      0.04170532524585724     0.2768554389476776     1.281188488006592
737     -0.5570892095565796      0.04268733039498329     0.2540038824081421     1.59058678150177
738     -0.557550847530365      0.04623465985059738     0.2657551765441895     1.242571949958801
739     -0.5554648637771606      0.04290799796581268     0.2675780951976776     1.353049039840698
740     -0.5552759766578674      0.04312931373715401     0.2624674141407013     1.305904984474182
741     -0.5565481781959534      0.0391240194439888     0.2480143010616302     1.298078536987305
742     -0.5558605194091797      0.03960736468434334     0.2665039002895355     1.497940301895142
743     -0.5558831095695496      0.03952266648411751     0.2677408754825592     1.47827410697937
744     -0.5551465749740601      0.04408399015665054     0.2708333134651184     1.40441370010376
745     -0.5563380718231201      0.04494934156537056     0.2832356691360474     1.282332539558411
746     -0.5555897355079651      0.04305468872189522     0.2840169072151184     1.253251552581787
747     -0.5550981163978577      0.03575200214982033     0.2544270753860474     1.272643566131592
748     -0.5556419491767883      0.0469326376914978     0.2703775763511658     1.300932645797729
749     -0.5553802251815796      0.03851600736379623     0.2855142951011658     1.575657725334167
750     -0.5567373037338257      0.05076334998011589     0.2735025882720947     1.28708815574646
751     -0.5556647777557373      0.04314269497990608     0.2982096076011658     1.249534726142883
752     -0.5567094683647156      0.03917867317795753     0.2931640446186066     1.274529337882996
753     -0.5568548440933228      0.04964334517717361     0.2731770575046539     1.403711318969727
754     -0.5555742979049683      0.04848935082554817     0.2898762822151184     1.273272395133972
755     -0.5573273897171021      0.04547201097011566     0.2755859196186066     1.417857766151428
756     -0.5550288558006287      0.0383613258600235     0.277148425579071     1.334834337234497
757     -0.5559043288230896      0.04304865375161171     0.2844400703907013     1.425884008407593
758     -0.5567820072174072      0.04260865971446037     0.2657877504825592     1.286930918693542
759     -0.5554238557815552      0.04087400808930397     0.2642903327941895     1.247004508972168
760     -0.5565292239189148      0.04317667707800865     0.2839517891407013     1.512192249298096
761     -0.5552189946174622      0.0457233339548111     0.2819661200046539     1.345251083374023
762     -0.5567817091941833      0.04932934045791626     0.2758463323116302     1.331795454025269
763     -0.5565118193626404      0.03982868790626526     0.2630208134651184     1.403986215591431
764     -0.5555950403213501      0.04980536550283432     0.2970377504825592     1.280424833297729
765     -0.5561686754226685      0.04326532408595085     0.2741861641407013     1.526841640472412
766     -0.5560824275016785      0.03937197476625443     0.2680989503860474     1.359290480613708
767     -0.5556286573410034      0.04253266006708145     0.2955729067325592     1.565453767776489
768     -0.556762158870697      0.04907466471195221     0.2602538764476776     1.327304005622864
769     -0.5575971007347107      0.04869131371378899     0.2545898258686066     1.487033009529114
770     -0.5568563938140869      0.04930930212140083     0.2743164002895355     1.334913849830627
771     -0.5557223558425903      0.04374200850725174     0.2405273169279099     1.351428151130676
772     -0.5560181140899658      0.04351067543029785     0.2606445252895355     1.391954779624939
773     -0.5556265711784363      0.04095666483044624     0.2910155951976776     1.287716269493103
774     -0.55526202917099      0.04253464937210083     0.2901041507720947     1.299147248268127
775     -0.5570451021194458      0.04577800631523132     0.2612630128860474     1.428637027740479
776     -0.5575094223022461      0.04175532609224319     0.2778645753860474     1.302717804908752
777     -0.5561060905456543      0.03888331726193428     0.2632161378860474     1.4718017578125
778     -0.5561878085136414      0.04476932808756828     0.2668619453907013     1.427385091781616
779     -0.5563622117042542      0.04242198541760445     0.262499988079071     1.421715021133423
780     -0.556168794631958      0.04374470561742783     0.2827799320220947     1.557965993881226
781     -0.5568045973777771      0.04120936244726181     0.2553710639476776     1.265182971954346
782     -0.555828869342804      0.04636802151799202     0.2659830451011658     1.440316081047058
783     -0.5566226243972778      0.04517664015293121     0.2467122226953506     1.780462622642517
784     -0.5560678839683533      0.04424930363893509     0.2699544131755829     1.318835139274597
785     -0.5555508732795715      0.04299201816320419     0.2856445014476776     1.237407088279724
786     -0.5548961758613586      0.04005531594157219     0.2578450441360474     1.526116371154785
787     -0.5566436052322388      0.04263998568058014     0.2898762822151184     1.4927818775177
788     -0.5575666427612305      0.04357466101646423     0.2579101324081421     1.290398240089417
789     -0.5557225346565247      0.04388203099370003     0.2713215947151184     1.200596213340759
790     -0.5567798614501953      0.04861867800354958     0.2896158695220947     1.403560519218445
791     -0.5565224289894104      0.04302532970905304     0.2627604007720947     1.497845530509949
792     -0.5564225912094116      0.04651001840829849     0.268847644329071     1.360936641693115
793     -0.5558923482894897      0.04401266574859619     0.2601236701011658     1.297912955284119
794     -0.5567001104354858      0.04182800278067589     0.2788085639476776     1.199212312698364
795     -0.5559293627738953      0.04244466498494148     0.2574869692325592     1.430860042572021
796     -0.5556470155715942      0.04413997009396553     0.2766926884651184     1.368651032447815
797     -0.556122362613678      0.05050001665949821     0.2692708075046539     1.34981095790863
798     -0.5569204688072205      0.04739537090063095     0.2745768129825592     1.526017427444458
799     -0.5560302138328552      0.03989863768219948     0.272265613079071     1.242033958435059
800     -0.5561334490776062      0.0379219725728035     0.2965820133686066     1.307205319404602
801     -0.5555886030197144      0.04255200549960136     0.2817382514476776     1.389485955238342
802     -0.5564451813697815      0.04321402311325073     0.2777017951011658     1.409352660179138
803     -0.5560465455055237      0.03990130871534348     0.2544921636581421     1.232703924179077
804     -0.5552377104759216      0.04490602761507034     0.2459960728883743     1.275604128837585
805     -0.5565714836120605      0.04665866494178772     0.2533853948116302     1.454062342643738
806     -0.5563592910766602      0.04020198434591293     0.2958658635616302     1.44978141784668
807     -0.5553137063980103      0.04643867537379265     0.2508137822151184     1.417922377586365
808     -0.5553852319717407      0.04391397163271904     0.2782226502895355     1.327067494392395
809     -0.5563732981681824      0.04863662272691727     0.2912760078907013     1.204008340835571
810     -0.5563067197799683      0.04084732756018639     0.2612955570220947     1.348107933998108
811     -0.5571706891059875      0.0423772968351841     0.2624023258686066     1.226377964019775
812     -0.5555593371391296      0.04447199404239655     0.2582356631755829     1.317793250083923
813     -0.5549771189689636      0.04129133746027946     0.2858723700046539     1.391637086868286
814     -0.554168164730072      0.0430513322353363     0.2534830570220947     1.358356833457947
815     -0.5551772713661194      0.04131132364273071     0.2665689885616302     1.295063614845276
816     -0.5558632612228394      0.04105602204799652     0.2463866919279099     1.636929154396057
817     -0.5555111169815063      0.04692467674612999     0.281054675579071     1.333441615104675
818     -0.5565955638885498      0.04816336557269096     0.2848307192325592     1.296577095985413
819     -0.5570875406265259      0.04720332846045494     0.2730468511581421     1.233188033103943
820     -0.5555970668792725      0.04157066345214844     0.2749348878860474     1.35345983505249
821     -0.5565395355224609      0.04448669403791428     0.2877278327941895     1.510695457458496
822     -0.5552562475204468      0.04331601038575172     0.2618489265441895     1.323459267616272
823     -0.55464768409729      0.04143665730953217     0.2973307073116302     1.306166529655457
824     -0.5551730990409851      0.0452866405248642     0.2794270515441895     1.28195583820343
825     -0.5566147565841675      0.04756870120763779     0.2905273139476776     1.481795907020569
826     -0.5563488006591797      0.03989130258560181     0.2838541567325592     1.40014922618866
827     -0.5554513931274414      0.04267600923776627     0.2536458075046539     1.157667994499207
828     -0.5568782687187195      0.04002465680241585     0.2855794131755829     1.228082418441772
829     -0.5570446848869324      0.04829263314604759     0.2729817628860474     1.308382034301758
830     -0.5559841990470886      0.04320131987333298     0.2716145515441895     1.285886764526367
831     -0.5556320548057556      0.04805861413478851     0.2627278566360474     1.364519357681274
832     -0.5558011531829834      0.04182467982172966     0.2588866949081421     1.404269814491272
833     -0.5564808249473572      0.04022199660539627     0.2884439826011658     1.280722141265869
834     -0.5557126998901367      0.03987067937850952     0.2867512702941895     1.490855932235718
835     -0.5555700659751892      0.04714130610227585     0.2626301944255829     1.126679420471191
836     -0.5552617907524109      0.03779130801558495     0.273242175579071     1.253597378730774
837     -0.5573170185089111      0.04263537749648094     0.2817382514476776     1.390601515769958
838     -0.5561003088951111      0.04365067556500435     0.235709622502327     1.35061252117157
839     -0.554949164390564      0.03442000970244408     0.2877929508686066     1.300956845283508
840     -0.5557371377944946      0.04055999964475632     0.2723307013511658     1.407542109489441
841     -0.555559515953064      0.04000333696603775     0.2779622077941895     1.482202529907227
842     -0.5564494729042053      0.04433799907565117     0.2684895694255829     1.575150847434998
843     -0.5561352372169495      0.0472053587436676     0.2753905951976776     1.491084456443787
844     -0.5563028454780579      0.04899066314101219     0.2801757752895355     1.321537375450134
845     -0.5553315877914429      0.04762266203761101     0.2745768129825592     1.374568343162537
846     -0.5551283955574036      0.04244532808661461     0.2653645575046539     1.348266839981079
847     -0.5546759366989136      0.04306666553020477     0.2923502326011658     1.565995931625366
848     -0.5571035742759705      0.0466633215546608     0.286425769329071     1.175535440444946
849     -0.5556015372276306      0.04710597917437553     0.254687488079071     1.390704274177551
850     -0.5553374290466309      0.04280000925064087     0.2553710639476776     1.251181721687317
851     -0.556016743183136      0.04441200941801071     0.2677734196186066     1.507133603096008
852     -0.5563072562217712      0.04015267640352249     0.2581380009651184     1.29098117351532
853     -0.5558314323425293      0.04126068204641342     0.2745768129825592     1.347381234169006
854     -0.5560798048973083      0.04367732629179955     0.2758463323116302     1.242637753486633
855     -0.5550664663314819      0.04008935764431953     0.247916653752327     1.303099155426025
856     -0.5576400756835938      0.04464934393763542     0.2692708075046539     1.465362668037415
857     -0.5555301308631897      0.04613802582025528     0.2782551944255829     1.344820261001587
858     -0.5559581518173218      0.04613666236400604     0.2612955570220947     1.479634404182434
859     -0.5556910634040833      0.04192866012454033     0.2694661319255829     1.445746541023254
860     -0.5579134225845337      0.04651335254311562     0.2505533695220947     1.365631222724915
861     -0.5568007230758667      0.04186134412884712     0.274218738079071     1.129592657089233
862     -0.555158793926239      0.03927066549658775     0.2709309756755829     1.312888383865356
863     -0.5555702447891235      0.04265265166759491     0.2678059637546539     1.46117377281189
864     -0.5565191507339478      0.0509360060095787     0.2562174201011658     1.199202418327332
865     -0.5557645559310913      0.03826132789254189     0.2732096016407013     1.453031778335571
866     -0.5560334324836731      0.04229529574513435     0.2748372256755829     1.271587371826172
867     -0.5554467439651489      0.04264800623059273     0.238639310002327     1.19338583946228
868     -0.5565324425697327      0.04632730782032013     0.2588866949081421     1.466895699501038
869     -0.5556613206863403      0.04317933320999146     0.2829426825046539     1.20769214630127
870     -0.5547337532043457      0.04972803592681885     0.2622721195220947     1.52523410320282
871     -0.5553349256515503      0.04266331717371941     0.2872070074081421     1.219778895378113
872     -0.5558139681816101      0.04460134729743004     0.2565104067325592     1.311266541481018
873     -0.5559389591217041      0.04591196030378342     0.2618815004825592     1.266978859901428
874     -0.5557137131690979      0.03946998715400696     0.2442057132720947     1.307029604911804
875     -0.5545857548713684      0.03840800374746323     0.2603840827941895     1.176504254341125
876     -0.5581507086753845      0.04715798050165176     0.2481119632720947     1.451105952262878
877     -0.5562826991081238      0.04120464622974396     0.2728841006755829     1.373069882392883
878     -0.5557411909103394      0.0447780042886734     0.2730468511581421     1.409320116043091
879     -0.5558395981788635      0.0431506559252739     0.2648762762546539     1.211834907531738
880     -0.555489718914032      0.04206997528672218     0.2723307013511658     1.671845555305481
881     -0.55606609582901      0.04151530563831329     0.2869791388511658     1.661661267280579
882     -0.5561659932136536      0.04452598094940186     0.2648437321186066     1.315748572349548
883     -0.5559812784194946      0.04455530643463135     0.2792317569255829     1.523778438568115
884     -0.555842399597168      0.03855999186635017     0.2755859196186066     1.263796329498291
885     -0.5565938949584961      0.04320201650261879     0.2661783695220947     1.284741640090942
886     -0.5559151172637939      0.03907801955938339     0.2520833015441895     1.438790202140808
887     -0.5565499663352966      0.04127199202775955     0.2578775882720947     1.321183919906616
888     -0.5567095875740051      0.04384735226631165     0.2682291567325592     1.179935812950134
889     -0.5552378296852112      0.04719731584191322     0.2791666388511658     1.260528445243835
890     -0.5554837584495544      0.04302665591239929     0.2829426825046539     1.307987332344055
891     -0.5553205609321594      0.0449853353202343     0.2909505069255829     1.345833539962769
892     -0.5570858716964722      0.04906869679689407     0.2720052003860474     1.516403317451477
893     -0.555159330368042      0.04407399520277977     0.2841471135616302     1.300919532775879
894     -0.5563368201255798      0.04561799019575119     0.2536458075046539     1.267039656639099
895     -0.5572580695152283      0.03747203946113586     0.2647135257720947     1.287763595581055
896     -0.5563213229179382      0.04768068343400955     0.2910481691360474     1.103858590126038
897     -0.5552531480789185      0.04588201269507408     0.2840169072151184     1.326946139335632
898     -0.556692361831665      0.0415453240275383     0.2676432132720947     1.274153113365173
899     -0.5559856295585632      0.04230868443846703     0.2958658635616302     1.358752489089966
900     -0.5561097860336304      0.04471401125192642     0.2894205451011658     1.441211104393005
901     -0.5567802786827087      0.04453467205166817     0.2696940004825592     1.665572762489319
902     -0.5551895499229431      0.03632000088691711     0.254199206829071     1.306995034217834
903     -0.5557941198348999      0.04255068674683571     0.2527994513511658     1.237865686416626
904     -0.5545241832733154      0.04270868375897408     0.2953775823116302     1.265621066093445
905     -0.5559754967689514      0.04268398508429527     0.2935872077941895     1.723809838294983
906     -0.5561243891716003      0.04318668693304062     0.2521158754825592     1.209398508071899
907     -0.5570404529571533      0.04300396144390106     0.2789387702941895     1.2613844871521
908     -0.556319534778595      0.04672735184431076     0.2718749940395355     1.420574069023132
909     -0.5565192699432373      0.04953328520059586     0.2749023139476776     1.241595864295959
910     -0.5562324523925781      0.04052335023880005     0.281054675579071     1.24006724357605
911     -0.5560165047645569      0.04465398564934731     0.2632812261581421     1.179970264434814
912     -0.5564592480659485      0.04400864616036415     0.2926106452941895     1.24338161945343
913     -0.5564366579055786      0.04632928967475891     0.2644856572151184     1.377409934997559
914     -0.5551310777664185      0.04311064630746841     0.2430989444255829     1.330088257789612
915     -0.5543027520179749      0.04344065859913826     0.2857096195220947     1.319729685783386
916     -0.5554717779159546      0.04227334633469582     0.2699218690395355     1.239152669906616
917     -0.5557580590248108      0.04173935577273369     0.2772135138511658     1.250448942184448
918     -0.55606609582901      0.04433665052056313     0.2661132514476776     1.226556777954102
919     -0.5566587448120117      0.04190467670559883     0.2681965827941895     1.167656779289246
920     -0.5557953119277954      0.04200800135731697     0.2629556953907013     1.354988813400269
921     -0.5563108325004578      0.04172135144472122     0.2865234315395355     1.388620495796204
922     -0.555429995059967      0.04839404299855232     0.2825520634651184     1.485918641090393
923     -0.5552516579627991      0.03798734769225121     0.2643879950046539     1.379170060157776
924     -0.5550907254219055      0.04637930914759636     0.275195300579071     1.414622664451599
925     -0.5570981502532959      0.04122265800833702     0.2684895694255829     1.401775360107422
926     -0.5569609403610229      0.04835735633969307     0.2934570014476776     1.493338346481323
927     -0.5573318600654602      0.04769205302000046     0.2764973640441895     1.392623066902161
928     -0.5570662617683411      0.04147933796048164     0.2862629890441895     1.375613808631897
929     -0.556475818157196      0.04563799500465393     0.2707681953907013     1.370004415512085
930     -0.5558710694313049      0.05045804008841515     0.2811197638511658     1.432457208633423
931     -0.5570068955421448      0.04425728693604469     0.270800769329071     1.520056486129761
932     -0.5566700100898743      0.04672465473413467     0.2718424201011658     1.399390816688538
933     -0.554147481918335      0.04121532291173935     0.2831705510616302     1.349353551864624
934     -0.555076539516449      0.03819399699568748     0.260546863079071     1.466170072555542
935     -0.5561781525611877      0.04440600052475929     0.2937174141407013     1.234208583831787
936     -0.5542008876800537      0.04314601048827171     0.2800455391407013     1.327683687210083
937     -0.5571466088294983      0.03961864113807678     0.2530598640441895     1.429721832275391
938     -0.5556113123893738      0.04258865118026733     0.2733723819255829     1.346341848373413
939     -0.5555291771888733      0.04770000651478767     0.2658528387546539     1.380867838859558
940     -0.5566802024841309      0.04676605388522148     0.2602864503860474     1.309756636619568
941     -0.5549137592315674      0.0399453267455101     0.2880533635616302     1.262839317321777
942     -0.5568844676017761      0.04079664498567581     0.2810872197151184     1.36466646194458
943     -0.5558072328567505      0.04612802714109421     0.2639973759651184     1.276063919067383
944     -0.555856466293335      0.04393000155687332     0.2638997137546539     1.327769875526428
945     -0.5563359260559082      0.0424993671476841     0.2587564885616302     1.28038501739502
946     -0.5572651624679565      0.04481670260429382     0.2530598640441895     1.468487620353699
947     -0.5561860203742981      0.04513202235102654     0.252734363079071     1.380305290222168
948     -0.5550073981285095      0.03794199228286743     0.2638671696186066     1.28137469291687
949     -0.5559009909629822      0.04556334391236305     0.2831380069255829     1.283966183662415
950     -0.5567831993103027      0.04145999252796173     0.2623046636581421     1.262485027313232
951     -0.5552968978881836      0.04181599244475365     0.2756184637546539     1.091588377952576
952     -0.5565839409828186      0.0386553481221199     0.2746093571186066     1.345712661743164
953     -0.5559026002883911      0.04603133723139763     0.2800455391407013     1.270404696464539
954     -0.5542638897895813      0.04625067114830017     0.2741861641407013     1.35062301158905
955     -0.5562310814857483      0.04736736416816711     0.2734700441360474     1.257987380027771
956     -0.5559312105178833      0.04125533625483513     0.273242175579071     1.22272801399231
957     -0.554526150226593      0.04467401280999184     0.2744466066360474     1.184422731399536
958     -0.5556004047393799      0.04286132380366325     0.2607421576976776     1.426280617713928
959     -0.5570932030677795      0.04697329178452492     0.2748697698116302     1.116288185119629
960     -0.5547276139259338      0.04621734097599983     0.2587239444255829     1.289108991622925
961     -0.5566850304603577      0.04395268112421036     0.2722981572151184     1.293282985687256
962     -0.5553351044654846      0.04231065511703491     0.2603189945220947     1.442646622657776
963     -0.556321918964386      0.04181599244475365     0.2778971195220947     1.287195086479187
964     -0.5563389658927917      0.04379398003220558     0.246940091252327     1.459792852401733
965     -0.5567982196807861      0.04542065784335136     0.2968098819255829     1.407752871513367
966     -0.5565141439437866      0.03834865242242813     0.2567382752895355     1.271970629692078
967     -0.5557450652122498      0.04162932559847832     0.2544270753860474     1.286303281784058
968     -0.5560456514358521      0.04594330862164497     0.2662109136581421     1.584481120109558
969     -0.5558890104293823      0.04517531767487526     0.2592447698116302     1.567057490348816
970     -0.5559912323951721      0.04605868086218834     0.2777669131755829     1.140533566474915
971     -0.5550252795219421      0.0487186573445797     0.2756510078907013     1.254742383956909
972     -0.5567084550857544      0.04404998943209648     0.3124674260616302     1.616492390632629
973     -0.5562278032302856      0.03937668353319168     0.2558593451976776     1.291444063186646
974     -0.5562353134155273      0.03945336863398552     0.2773111760616302     1.486209511756897
975     -0.5549476146697998      0.04098134860396385     0.3057291507720947     1.238609194755554
976     -0.5577289462089539      0.04529133439064026     0.2599283754825592     1.23596465587616
977     -0.5555483102798462      0.04165999591350555     0.2813801765441895     1.438666820526123
978     -0.5549831986427307      0.04281066730618477     0.2453450262546539     1.261909365653992
979     -0.5549342632293701      0.04483930021524429     0.2781575322151184     1.381039500236511
980     -0.5571941137313843      0.03736134245991707     0.2701822817325592     1.306077241897583
981     -0.5552302002906799      0.04634999111294746     0.2653320133686066     1.344870924949646
982     -0.5561013221740723      0.04919332265853882     0.2880533635616302     1.437074184417725
983     -0.5579800605773926      0.03957800194621086     0.2651366889476776     1.614877581596375
984     -0.5554584264755249      0.04574733972549438     0.2759114503860474     1.200891971588135
985     -0.5560605525970459      0.04739803075790405     0.2803059816360474     1.353423953056335
986     -0.5555390119552612      0.04487267136573792     0.2729166448116302     1.404662728309631
987     -0.555641770362854      0.04218601435422897     0.287890613079071     1.224390268325806
988     -0.5571199059486389      0.04356469586491585     0.2876952886581421     1.367887735366821
989     -0.5570862293243408      0.04479464143514633     0.266894519329071     1.372115254402161
990     -0.5550854802131653      0.04086998105049133     0.2845703065395355     1.035879135131836
991     -0.5552738308906555      0.04052667319774628     0.2596028447151184     1.807931780815125
992     -0.5556605458259583      0.04241402447223663     0.2844400703907013     1.462079763412476
993     -0.554858922958374      0.03981198742985725     0.2780273258686066     1.527586579322815
994     -0.5561988353729248      0.04404868930578232     0.2613932192325592     1.19604504108429
995     -0.5559592843055725      0.03990066424012184     0.2586588263511658     1.41773784160614
996     -0.5568839311599731      0.04937600344419479     0.2929036319255829     1.330598592758179
997     -0.5559351444244385      0.05078800022602081     0.2487955540418625     1.20217502117157
998     -0.5563468933105469      0.04099535942077637     0.267871081829071     1.553012847900391
999     -0.5553655028343201      0.04503936320543289     0.2775715887546539     1.336812734603882
1000     -0.5566021203994751      0.03888863325119019     0.2846679389476776     1.229015827178955
