#time	ekin		epot		etot		chain_length	temperature	q		dRMSD
0	0.000000	246.573716	246.573716	13.513117	0.000000	0.103448	12.548937
2	150.031841	83.614411	233.646252	12.158640	20.725827	0.068966	12.569425
4	108.614583	117.302410	225.916993	10.764887	15.004329	0.057471	12.620059
6	139.642020	46.221807	185.863826	11.123520	19.290548	0.103448	12.682301
8	130.545783	28.298148	158.843932	12.494163	18.033968	0.126437	12.743704
10	110.670699	16.673389	127.344088	13.494336	15.288367	0.149425	12.822877
12	101.743031	15.941437	117.684468	14.917736	14.055073	0.114943	12.911221
14	80.640677	22.627493	103.268170	15.555859	11.139934	0.137931	12.926235
16	81.513278	7.050398	88.563676	15.642804	11.260477	0.137931	12.903015
18	86.558462	0.872793	87.431256	15.630476	11.957433	0.126437	12.886779
20	91.646750	-15.763875	75.882875	16.170451	12.660344	0.149425	12.815527
22	83.257525	-25.473971	57.783554	16.236953	11.501432	0.195402	12.636911
24	82.994687	-35.175702	47.818985	15.929244	11.465123	0.218391	12.398943
26	66.026060	-40.993324	25.032736	16.395257	9.121029	0.206897	12.182015
28	67.151707	-32.989334	34.162373	16.187288	9.276529	0.206897	12.025428
30	70.433613	-38.793120	31.640492	15.667778	9.729901	0.218391	11.830456
32	70.390757	-34.611517	35.779240	15.055542	9.723980	0.241379	11.619088
34	78.619365	-57.310283	21.309082	14.669572	10.860704	0.264368	11.387928
36	77.498257	-62.836589	14.661668	15.079226	10.705831	0.287356	11.223702
38	78.734472	-54.437917	24.296555	16.002450	10.876605	0.298851	11.120684
40	78.814934	-57.634751	21.180183	16.760212	10.887720	0.310345	11.017267
42	71.451013	-57.039578	14.411435	18.064459	9.870447	0.310345	10.929948
44	74.529886	-58.547574	15.982312	18.750199	10.295771	0.333333	10.857134
46	75.314193	-63.432749	11.881444	18.344951	10.404118	0.333333	10.771351
48	76.162227	-68.042702	8.119525	18.131472	10.521268	0.367816	10.638517
50	78.594008	-61.165475	17.428533	18.011220	10.857201	0.356322	10.481726
52	79.696810	-72.145474	7.551335	18.228848	11.009545	0.367816	10.302443
54	81.156129	-70.991376	10.164753	19.679625	11.211140	0.367816	10.190843
56	84.705893	-78.736248	5.969645	20.813111	11.701514	0.367816	10.097585
58	71.105539	-76.332421	-5.226881	22.420051	9.822722	0.367816	10.072862
60	71.731420	-76.180565	-4.449144	23.374971	9.909183	0.367816	10.106280
62	78.460739	-83.205379	-4.744640	23.117901	10.838791	0.379310	10.133835
64	87.122537	-82.489974	4.632563	21.773622	12.035356	0.390805	10.018027
66	81.220601	-80.990127	0.230473	19.758711	11.220046	0.402299	9.866117
68	86.464502	-89.037345	-2.572842	18.130851	11.944453	0.402299	9.719982
70	70.660040	-83.574298	-12.914258	17.997957	9.761180	0.402299	9.682500
72	70.828708	-81.085289	-10.256581	18.450929	9.784480	0.402299	9.654421
74	83.854928	-85.327888	-1.472961	19.143845	11.583959	0.390805	9.659736
76	84.392275	-83.137367	1.254908	20.235161	11.658190	0.436782	9.664034
78	85.147590	-85.737023	-0.589433	21.166238	11.762531	0.448276	9.639754
80	85.506347	-99.623809	-14.117462	21.797362	11.812091	0.471264	9.578101
82	100.853750	-101.193927	-0.340178	21.817788	13.932225	0.425287	9.436031
84	84.881201	-95.504155	-10.622954	21.691388	11.725732	0.436782	9.301701
86	68.657914	-83.396605	-14.738691	21.529847	9.484600	0.413793	9.287617
88	85.520564	-96.065458	-10.544894	21.898665	11.814055	0.413793	9.355728
90	75.737426	-91.673470	-15.936044	22.542253	10.462585	0.413793	9.423739
92	86.961965	-99.048634	-12.086668	22.748793	12.013174	0.448276	9.365056
94	86.892195	-105.224774	-18.332579	23.158100	12.003536	0.459770	9.291203
96	78.048720	-94.011253	-15.962533	23.742210	10.781873	0.448276	9.290647
98	77.489426	-98.999830	-21.510404	24.311053	10.704611	0.436782	9.275979
100	70.669614	-96.773935	-26.104321	25.499372	9.762502	0.436782	9.216623
102	76.682305	-104.457933	-27.775627	26.396385	10.593113	0.459770	9.184127
104	70.241867	-97.363875	-27.122008	26.889824	9.703412	0.448276	9.109573
106	90.413195	-115.243539	-24.830345	26.616872	12.489937	0.471264	9.065619
108	82.076449	-106.508970	-24.432521	26.365467	11.338275	0.482759	9.065361
110	86.891202	-110.427138	-23.535936	25.676956	12.003399	0.471264	9.039694
112	86.375991	-110.858188	-24.482197	24.631786	11.932226	0.482759	9.001898
114	70.322722	-107.233400	-36.910677	24.122610	9.714582	0.482759	9.002231
116	87.708142	-121.489056	-33.780914	23.259808	12.116253	0.494253	9.007995
118	74.123569	-116.778747	-42.655178	21.942675	10.239642	0.505747	8.976511
120	81.050677	-119.366978	-38.316301	21.484205	11.196572	0.505747	8.956765
122	87.337054	-124.850148	-37.513095	21.668418	12.064990	0.517241	8.971846
124	72.538022	-118.699871	-46.161849	22.107338	10.020610	0.517241	8.977602
126	73.692532	-122.253843	-48.561311	23.290124	10.180097	0.528736	8.977530
128	75.810484	-116.706177	-40.895693	24.528869	10.472677	0.494253	9.029494
130	66.951644	-117.033737	-50.082093	24.645927	9.248891	0.505747	9.029392
132	61.773416	-117.961041	-56.187625	24.470812	8.533556	0.494253	9.009921
134	61.254510	-114.500127	-53.245617	24.592224	8.461873	0.505747	8.969999
136	73.587193	-124.599901	-51.012707	24.441507	10.165545	0.517241	8.899107
138	74.013829	-126.735203	-52.721375	24.287643	10.224482	0.517241	8.828598
140	78.095444	-121.407318	-43.311874	24.251057	10.788328	0.505747	8.842471
142	87.115783	-113.376115	-26.260332	24.633058	12.034423	0.494253	8.906748
144	76.322338	-116.659592	-40.337254	24.333052	10.543386	0.494253	8.904568
146	77.552047	-107.626398	-30.074350	24.185270	10.713261	0.505747	8.873908
148	82.791360	-116.861659	-34.070299	23.999582	11.437035	0.505747	8.802111
150	85.752610	-111.913723	-26.161113	24.624357	11.846111	0.505747	8.739655
152	75.549213	-104.877424	-29.328210	25.301746	10.436584	0.517241	8.717315
154	73.585481	-112.438651	-38.853170	25.406031	10.165309	0.517241	8.774901
156	73.694482	-116.661154	-42.966673	26.385542	10.180366	0.528736	8.846661
158	71.012247	-112.121018	-41.108771	27.282904	9.809835	0.482759	8.894067
160	69.281284	-114.682457	-45.401173	29.089923	9.570715	0.494253	8.929624
162	79.516194	-118.415426	-38.899232	30.246877	10.984594	0.505747	9.000300
164	67.560717	-119.756585	-52.195868	30.702161	9.333030	0.517241	8.955077
166	61.872389	-117.156354	-55.283965	30.674830	8.547229	0.517241	8.921344
168	68.694599	-125.304907	-56.610308	30.564202	9.489668	0.517241	8.913419
170	72.588039	-128.705859	-56.117820	30.432368	10.027519	0.528736	8.884901
172	60.560556	-132.528586	-71.968031	30.714169	8.366008	0.505747	8.829446
174	60.057620	-115.790882	-55.733263	31.287354	8.296531	0.517241	8.728670
176	55.141864	-118.983887	-63.842023	32.356023	7.617455	0.482759	8.723868
178	54.328599	-112.495560	-58.166961	32.830150	7.505108	0.471264	8.731713
180	55.639269	-113.672815	-58.033546	33.215696	7.686168	0.494253	8.753765
182	64.383353	-112.671201	-48.287848	33.999866	8.894100	0.482759	8.793632
184	78.931879	-121.418734	-42.486855	34.843545	10.903875	0.494253	8.856575
186	70.209712	-123.183124	-52.973412	36.149132	9.698970	0.517241	8.938612
188	69.298312	-129.404529	-60.106218	36.997823	9.573067	0.528736	8.955331
190	69.238726	-127.327746	-58.089020	38.073072	9.564835	0.528736	9.020148
192	59.614577	-122.331580	-62.717004	38.877487	8.235328	0.517241	9.051952
194	63.743159	-127.460932	-63.717772	39.528731	8.805662	0.505747	9.120133
196	72.573441	-129.961175	-57.387734	39.488931	10.025503	0.517241	9.208537
198	60.990468	-119.028264	-58.037796	38.826003	8.425398	0.528736	9.275394
200	63.691430	-120.149764	-56.458334	38.028359	8.798516	0.551724	9.349769
202	69.497987	-119.231260	-49.733273	37.560556	9.600651	0.528736	9.402872
204	85.960710	-127.348121	-41.387412	37.749814	11.874858	0.528736	9.515570
206	82.968124	-130.892847	-47.924724	38.747434	11.461454	0.586207	9.594177
208	68.789916	-125.934234	-57.144318	39.673770	9.502836	0.574713	9.722751
210	63.683648	-121.785216	-58.101568	40.066558	8.797441	0.563218	9.802013
212	69.630248	-137.589777	-67.959529	40.118931	9.618921	0.586207	9.831685
214	67.662368	-145.892882	-78.230514	40.087335	9.347073	0.586207	9.854768
216	55.522723	-136.603707	-81.080984	40.476512	7.670068	0.597701	9.895655
218	58.808382	-139.580052	-80.771670	40.705421	8.123958	0.551724	9.988007
220	73.435202	-147.370329	-73.935127	40.902257	10.144549	0.574713	9.953319
222	87.672880	-155.591267	-67.918387	41.624095	12.111382	0.586207	9.888302
224	72.795215	-141.478040	-68.682825	42.663178	10.056139	0.609195	9.877430
226	69.363935	-140.390534	-71.026599	43.647310	9.582132	0.597701	9.898023
228	74.579879	-141.741332	-67.161453	44.310566	10.302678	0.597701	10.023540
230	73.929332	-138.392455	-64.463123	44.394132	10.212809	0.597701	10.209903
232	73.882413	-139.641157	-65.758744	43.194834	10.206328	0.574713	10.327159
234	64.983652	-131.141944	-66.158291	41.504105	8.977027	0.540230	10.435906
236	77.996053	-133.878542	-55.882489	40.150480	10.774598	0.563218	10.538065
238	75.540217	-139.712810	-64.172593	39.187854	10.435341	0.563218	10.596828
240	84.827722	-142.717990	-57.890268	38.725271	11.718344	0.563218	10.609119
242	70.152407	-134.808656	-64.656249	38.392764	9.691054	0.563218	10.504557
244	71.675374	-141.497122	-69.821749	38.412424	9.901441	0.574713	10.331013
246	64.880929	-143.271510	-78.390580	38.751862	8.962837	0.586207	10.210136
248	77.594484	-148.705483	-71.110999	38.624407	10.719124	0.609195	10.110402
250	80.340920	-146.552332	-66.211413	38.757457	11.098524	0.597701	10.023991
252	74.392238	-149.318333	-74.926095	38.925893	10.276756	0.597701	9.890961
254	69.434829	-146.538910	-77.104081	39.134342	9.591926	0.597701	9.726129
256	79.644496	-148.231853	-68.587357	38.586202	11.002318	0.609195	9.597995
258	70.545036	-145.926223	-75.381187	37.729201	9.745293	0.620690	9.480747
260	77.275062	-156.958911	-79.683849	36.429294	10.674998	0.632184	9.353255
262	71.739261	-160.441283	-88.702022	34.996883	9.910267	0.632184	9.264650
264	73.391019	-149.723699	-76.332680	33.179073	10.138445	0.643678	9.235131
266	67.586116	-144.132130	-76.546013	31.463433	9.336539	0.632184	9.278100
268	81.042590	-155.634205	-74.591615	30.363745	11.195455	0.620690	9.309902
270	78.028043	-161.791430	-83.763387	30.335005	10.779017	0.655172	9.384727
272	73.087686	-154.682551	-81.594866	30.388831	10.096542	0.666667	9.477307
274	55.733201	-145.267760	-89.534559	29.954914	7.699144	0.655172	9.545325
276	76.514897	-156.386165	-79.871268	29.562390	10.569986	0.666667	9.532497
278	89.303232	-164.377157	-75.073925	29.859990	12.336604	0.655172	9.489898
280	77.098998	-156.823796	-79.724798	31.726114	10.650676	0.632184	9.513825
282	81.868716	-150.256141	-68.387425	32.595330	11.309578	0.643678	9.510801
284	98.463803	-164.699471	-66.235669	33.696945	13.602071	0.678161	9.518274
286	97.699214	-160.512210	-62.812996	34.055427	13.496449	0.689655	9.534793
288	79.118503	-154.112380	-74.993877	35.708446	10.929656	0.678161	9.557131
290	76.364875	-153.448455	-77.083581	36.364314	10.549262	0.666667	9.389354
292	84.783390	-159.983024	-75.199634	36.572857	11.712220	0.689655	9.276895
294	88.919393	-154.068627	-65.149234	36.798231	12.283579	0.712644	9.181675
296	91.187843	-167.989283	-76.801440	37.730958	12.596949	0.701149	9.223778
298	73.079575	-157.163645	-84.084070	37.813213	10.095421	0.689655	9.376138
300	82.826977	-164.205792	-81.378815	38.611261	11.441955	0.678161	9.435718
302	87.829401	-173.485391	-85.655991	37.583090	12.133004	0.689655	9.416271
304	69.097702	-168.204386	-99.106684	35.970694	9.545354	0.666667	9.318804
306	73.435817	-169.276758	-95.840941	36.525634	10.144634	0.678161	9.210361
308	56.886333	-163.903070	-107.016738	35.674332	7.858441	0.678161	9.107359
310	63.516091	-168.407518	-104.891427	35.266028	8.774294	0.678161	9.026060
312	64.091564	-167.006608	-102.915044	35.859292	8.853792	0.689655	8.915807
314	68.334847	-181.614249	-113.279401	36.181316	9.439971	0.701149	8.826447
316	65.852513	-179.986640	-114.134127	35.963209	9.097054	0.701149	8.762579
318	72.035870	-185.919123	-113.883254	35.513057	9.951241	0.724138	8.740754
320	68.059158	-180.740385	-112.681227	34.827301	9.401887	0.747126	8.764962
322	67.697902	-176.161863	-108.463961	34.861159	9.351982	0.747126	8.751131
324	68.583928	-178.836598	-110.252670	34.617293	9.474380	0.735632	8.690482
326	71.101363	-187.891151	-116.789788	32.992848	9.822145	0.735632	8.617136
328	69.987825	-186.470946	-116.483121	32.172164	9.668318	0.712644	8.507165
330	64.176527	-180.085692	-115.909165	32.042764	8.865529	0.724138	8.435959
332	60.712938	-184.446114	-123.733175	32.085328	8.387059	0.712644	8.357028
334	66.421884	-175.200960	-108.779077	31.916942	9.175709	0.712644	8.355851
336	75.133603	-185.437612	-110.304009	32.688918	10.379171	0.747126	8.367892
338	72.965027	-186.074933	-113.109906	32.105295	10.079597	0.724138	8.319071
340	70.020312	-178.265211	-108.244899	32.322778	9.672806	0.724138	8.213414
342	73.440169	-191.020143	-117.579974	31.701854	10.145235	0.758621	8.119628
344	72.586720	-182.256895	-109.670175	31.692226	10.027337	0.747126	8.027458
346	82.849800	-191.980378	-109.130578	31.325507	11.445108	0.758621	7.982975
348	67.665353	-178.713394	-111.048041	30.678665	9.347485	0.747126	7.989408
350	62.822327	-175.858538	-113.036211	30.141369	8.678456	0.758621	8.003680
352	68.744372	-182.957723	-114.213352	28.994214	9.496544	0.747126	8.018747
354	68.121478	-177.956025	-109.834548	28.113161	9.410496	0.747126	8.061459
356	73.857801	-177.089825	-103.232024	26.592880	10.202928	0.758621	8.150804
358	77.681405	-188.222542	-110.541137	26.382741	10.731131	0.758621	8.311347
360	70.225115	-188.074694	-117.849580	25.859281	9.701098	0.747126	8.391825
362	77.896411	-188.434165	-110.537754	24.567894	10.760833	0.747126	8.447707
364	74.083765	-185.294919	-111.211155	23.175886	10.234143	0.724138	8.444679
366	79.301132	-181.934697	-102.633565	23.108368	10.954885	0.724138	8.488172
368	75.651464	-161.071606	-85.420141	23.890178	10.450709	0.689655	8.464712
370	71.610568	-165.999178	-94.388609	24.381781	9.892489	0.678161	8.418488
372	67.331191	-168.339295	-101.008104	24.683529	9.301323	0.678161	8.429734
374	69.279807	-176.970313	-107.690506	24.844486	9.570511	0.689655	8.437597
376	70.843797	-172.522649	-101.678851	25.555439	9.786565	0.689655	8.387345
378	63.390295	-170.412082	-107.021787	26.361583	8.756916	0.666667	8.320926
380	67.596641	-169.757623	-102.160981	26.784979	9.337993	0.666667	8.342991
382	68.392414	-169.140343	-100.747930	27.875327	9.447923	0.701149	8.342213
384	70.721455	-172.964809	-102.243354	28.284828	9.769664	0.701149	8.329568
386	58.647629	-164.820263	-106.172634	28.406242	8.101751	0.678161	8.321747
388	66.629608	-167.861576	-101.231969	27.900847	9.204404	0.701149	8.286888
390	74.202500	-167.506060	-93.303560	26.717632	10.250545	0.689655	8.232791
392	65.990030	-166.728029	-100.738000	25.906733	9.116051	0.689655	8.243113
394	70.485727	-176.431955	-105.946228	25.117963	9.737100	0.712644	8.220807
396	66.719131	-175.776366	-109.057235	24.868744	9.216771	0.735632	8.144626
398	70.096384	-178.230350	-108.133967	24.630031	9.683315	0.735632	8.115115
400	79.989949	-181.866297	-101.876347	24.333158	11.050040	0.758621	8.151798
402	78.729504	-173.626168	-94.896664	23.806488	10.875919	0.747126	8.259000
404	74.400347	-173.385067	-98.984720	24.130515	10.277877	0.735632	8.379104
406	73.012261	-179.253340	-106.241079	25.416495	10.086122	0.712644	8.498046
408	78.171853	-187.074681	-108.902828	26.547682	10.798883	0.712644	8.605804
410	82.786044	-186.472883	-103.686839	26.880942	11.436301	0.735632	8.740279
412	76.078889	-174.978118	-98.899228	27.317491	10.509755	0.724138	8.914436
414	67.399337	-167.254677	-99.855340	27.318972	9.310737	0.735632	9.015089
416	71.485283	-175.276202	-103.790919	27.884720	9.875181	0.724138	9.038740
418	64.801064	-166.460783	-101.659719	28.615598	8.951804	0.678161	9.038999
420	60.104485	-169.061526	-108.957040	28.838288	8.303005	0.666667	9.017481
422	78.031620	-174.201459	-96.169839	30.016762	10.779511	0.666667	8.941603
424	69.757860	-168.694693	-98.936833	30.492851	9.636550	0.666667	8.793062
426	82.490940	-177.135398	-94.644458	30.856200	11.395534	0.666667	8.729849
428	72.669105	-168.841920	-96.172815	31.382294	10.038718	0.655172	8.663538
430	69.716738	-162.203805	-92.487067	32.278819	9.630869	0.666667	8.700922
432	65.691715	-158.333165	-92.641450	32.589527	9.074841	0.666667	8.778630
434	74.188891	-164.820484	-90.631593	32.651006	10.248665	0.666667	8.859292
436	80.429089	-169.527915	-89.098826	32.137516	11.110704	0.678161	8.915234
438	79.765108	-165.538502	-85.773395	31.297162	11.018980	0.655172	9.022350
440	91.558003	-166.259825	-74.701822	30.841074	12.648084	0.655172	9.124017
442	72.512825	-158.636635	-86.123809	30.112960	10.017129	0.666667	9.232219
444	80.192792	-158.193412	-78.000620	29.123420	11.078061	0.724138	9.270619
446	90.159559	-164.727828	-74.568269	28.737507	12.454899	0.735632	9.307298
448	83.180321	-162.504595	-79.324274	27.539748	11.490767	0.689655	9.261461
450	72.257591	-150.839554	-78.581963	26.350280	9.981870	0.678161	9.167104
452	77.643502	-149.689095	-72.045593	26.004457	10.725895	0.678161	9.008209
454	85.127128	-162.766844	-77.639716	25.606164	11.759705	0.689655	8.925793
456	88.409731	-165.526467	-77.116736	25.850497	12.213173	0.701149	8.845189
458	84.935733	-167.144222	-82.208489	25.548149	11.733265	0.701149	8.821521
460	82.622219	-163.107937	-80.485718	25.501143	11.413669	0.689655	8.825341
462	79.581230	-162.225800	-82.644569	25.030603	10.993579	0.666667	8.890251
464	68.823570	-166.700552	-97.876982	25.860706	9.507485	0.678161	9.027026
466	66.574525	-172.429402	-105.854876	26.584645	9.196795	0.701149	9.096086
468	76.875695	-175.508849	-98.633154	27.397335	10.619828	0.689655	9.119462
470	72.735095	-164.162538	-91.427443	28.778330	10.047834	0.689655	9.088604
472	72.382069	-171.570143	-99.188073	28.988986	9.999066	0.689655	9.064118
474	71.759036	-165.798668	-94.039632	29.304458	9.912998	0.689655	9.156239
476	74.205894	-172.480290	-98.274396	29.665572	10.251014	0.655172	9.216709
478	70.802770	-166.584509	-95.781739	30.291313	9.780897	0.678161	9.224186
480	85.294409	-169.587671	-84.293261	31.114948	11.782813	0.689655	9.262550
482	90.093723	-173.553344	-83.459622	32.106866	12.445804	0.689655	9.294693
484	78.594927	-157.582524	-78.987598	33.198208	10.857328	0.666667	9.359463
486	73.987783	-155.560183	-81.572399	34.129381	10.220884	0.643678	9.330581
488	68.846229	-158.321803	-89.475574	34.019178	9.510615	0.620690	9.330479
490	82.015062	-163.392248	-81.377186	34.269561	11.329795	0.643678	9.268635
492	72.786893	-151.031057	-78.244164	34.107831	10.054989	0.643678	9.235955
494	78.657780	-164.511355	-85.853575	34.673873	10.866010	0.666667	9.161094
496	60.343209	-153.032987	-92.689778	34.209059	8.335983	0.655172	9.115175
498	82.492342	-166.864401	-84.372059	33.927804	11.395728	0.666667	9.112396
500	75.234837	-162.168572	-86.933734	33.426954	10.393155	0.689655	9.175058
502	64.329228	-161.684159	-97.354931	33.955290	8.886623	0.689655	9.206868
504	77.185502	-174.050971	-96.865469	34.695798	10.662626	0.678161	9.210233
506	67.715568	-169.284046	-101.568478	34.414832	9.354422	0.701149	9.165170
508	69.190454	-170.192262	-101.001808	34.265230	9.558167	0.689655	9.203460
510	74.747263	-161.278145	-86.530882	34.359782	10.325801	0.689655	9.311137
512	73.854860	-173.430845	-99.575985	34.457023	10.202521	0.689655	9.370297
514	72.369198	-165.807687	-93.438489	35.292956	9.997288	0.689655	9.416836
516	74.010306	-166.817427	-92.807121	35.350495	10.223995	0.666667	9.428456
518	66.332627	-167.602698	-101.270070	34.981701	9.163379	0.678161	9.434861
520	80.454095	-177.575342	-97.121246	35.080447	11.114159	0.701149	9.435677
522	84.088239	-166.779232	-82.690993	34.440303	11.616190	0.712644	9.433314
524	78.136326	-157.338705	-79.202379	32.808429	10.793975	0.701149	9.423122
526	85.970033	-169.085090	-83.115057	32.812748	11.876146	0.712644	9.369906
528	79.723074	-171.811651	-92.088578	31.154414	11.013173	0.712644	9.315531
530	74.018690	-160.112563	-86.093873	30.488955	10.225153	0.689655	9.342417
532	73.536803	-162.457202	-88.920399	29.559902	10.158584	0.678161	9.327401
534	70.889060	-170.165707	-99.276647	28.490437	9.792817	0.712644	9.342364
536	77.523101	-171.022107	-93.499006	27.692141	10.709263	0.735632	9.368887
538	80.929269	-164.868594	-83.939325	27.770413	11.179800	0.724138	9.368160
540	73.541172	-159.068559	-85.527387	28.214583	10.159188	0.689655	9.336017
542	69.403739	-155.316312	-85.912572	28.542023	9.587631	0.678161	9.380199
544	70.425056	-159.640801	-89.215746	28.193107	9.728718	0.689655	9.438693
546	82.484455	-161.367837	-78.883383	28.390494	11.394638	0.666667	9.521462
548	82.397045	-165.160862	-82.763817	28.278328	11.382563	0.666667	9.687730
550	72.704640	-154.595621	-81.890982	28.729327	10.043627	0.643678	9.843234
552	73.808005	-169.224298	-95.416293	28.425099	10.196049	0.678161	10.014059
554	85.431907	-164.483991	-79.052084	28.377447	11.801808	0.689655	10.061274
556	79.529330	-172.974840	-93.445510	28.765116	10.986409	0.689655	10.084707
558	66.288567	-165.946329	-99.657762	29.550623	9.157292	0.735632	10.098727
560	83.843190	-181.469399	-97.626209	28.954678	11.582338	0.735632	10.070684
562	62.679577	-165.869457	-103.189880	28.720600	8.658736	0.701149	10.024038
564	70.799582	-172.336828	-101.537246	28.285930	9.780457	0.701149	9.957678
566	68.981320	-166.683015	-97.701695	27.717632	9.529277	0.678161	9.912643
568	69.802953	-166.511562	-96.708608	27.297927	9.642779	0.643678	9.835759
570	60.414323	-157.111973	-96.697650	27.984137	8.345807	0.666667	9.760602
572	79.932436	-165.094037	-85.161601	27.000483	11.042095	0.735632	9.632781
574	73.017567	-173.576707	-100.559140	26.156127	10.086855	0.712644	9.528708
576	68.175669	-169.016688	-100.841019	26.365263	9.417982	0.701149	9.450651
578	73.614518	-174.823144	-101.208626	25.777183	10.169320	0.701149	9.335910
580	77.637222	-178.933746	-101.296524	23.958140	10.725028	0.701149	9.247901
582	82.046725	-176.649842	-94.603117	22.122273	11.334169	0.689655	9.103258
584	77.522503	-178.209993	-100.687491	20.503130	10.709180	0.701149	8.946670
586	82.453517	-184.367789	-101.914272	19.560434	11.390364	0.735632	8.790858
588	67.825483	-169.139397	-101.313914	20.011737	9.369606	0.712644	8.725853
590	58.459992	-174.239032	-115.779039	19.636060	8.075830	0.701149	8.714274
592	76.070616	-177.005538	-100.934922	20.441208	10.508612	0.701149	8.647534
594	94.318540	-181.577485	-87.258946	21.391807	13.029433	0.712644	8.453783
596	79.780241	-171.032880	-91.252639	22.413086	11.021071	0.689655	8.297504
598	79.381210	-170.394533	-91.013323	23.741209	10.965947	0.655172	8.159362
600	67.305860	-164.581870	-97.276010	24.337499	9.297824	0.666667	8.085862
602	61.829952	-168.208800	-106.378848	25.405530	8.541366	0.666667	8.054045
604	67.592702	-171.551178	-103.958476	25.729965	9.337449	0.712644	7.987623
606	82.805100	-176.460612	-93.655512	25.625715	11.438933	0.701149	7.928260
608	73.000967	-171.221260	-98.220293	26.379047	10.084562	0.701149	7.901047
610	62.859850	-172.104754	-109.244905	26.334396	8.683639	0.678161	7.928457
612	74.017368	-175.166681	-101.149314	25.516984	10.224971	0.701149	7.912989
614	73.541274	-165.813972	-92.272699	26.079842	10.159202	0.701149	7.937511
616	66.896633	-156.179509	-89.282876	26.452892	9.241292	0.689655	8.048094
618	69.464268	-158.263766	-88.799498	26.602708	9.595992	0.689655	8.128504
620	69.941729	-152.957213	-83.015484	26.479228	9.661950	0.655172	8.173240
622	81.676983	-156.698964	-75.021982	26.625845	11.283092	0.632184	8.172176
624	77.650629	-148.530289	-70.879659	25.760847	10.726880	0.643678	8.124210
626	75.091483	-143.506858	-68.415376	25.273950	10.373352	0.609195	8.021129
628	82.126421	-152.796611	-70.670190	24.371494	11.345178	0.643678	7.977171
630	90.921698	-162.800604	-71.878906	23.300810	12.560183	0.678161	7.939139
632	84.370122	-164.098808	-79.728686	22.185038	11.655130	0.678161	7.981301
634	70.613823	-153.038841	-82.425019	22.344597	9.754795	0.655172	8.054457
636	81.113916	-154.692648	-73.578732	23.161770	11.205308	0.666667	8.187648
638	88.786706	-152.494150	-63.707444	24.229128	12.265249	0.689655	8.370330
640	82.372435	-167.336997	-84.964562	25.682499	11.379163	0.678161	8.559756
642	78.831875	-161.330253	-82.498379	26.068901	10.890060	0.678161	8.700568
644	83.829818	-164.199333	-80.369516	27.038698	11.580491	0.701149	8.772056
646	91.027817	-171.351265	-80.323448	27.830959	12.574843	0.678161	8.751439
648	76.143778	-159.109509	-82.965731	27.836904	10.518719	0.689655	8.728752
650	79.608438	-167.124278	-87.515840	28.487920	10.997337	0.712644	8.734395
652	79.222207	-171.703181	-92.480974	28.514668	10.943982	0.701149	8.748478
654	70.392902	-164.271161	-93.878259	28.129100	9.724277	0.678161	8.741288
656	71.451678	-169.304427	-97.852749	27.393413	9.870539	0.689655	8.609185
658	70.959308	-169.678229	-98.718921	28.072988	9.802522	0.678161	8.566347
660	63.592400	-156.932002	-93.339602	28.496770	8.784836	0.689655	8.492500
662	76.294068	-178.097208	-101.803140	29.429215	10.539481	0.689655	8.444642
664	61.575271	-174.365286	-112.790015	29.742781	8.506184	0.689655	8.436449
666	64.686684	-183.488345	-118.801662	29.997924	8.936003	0.701149	8.399937
668	75.285151	-184.365581	-109.080430	29.771858	10.400106	0.701149	8.290268
670	70.591037	-174.712848	-104.121811	28.785359	9.751648	0.689655	8.145485
672	81.527835	-181.950069	-100.422233	27.600178	11.262488	0.689655	8.046878
674	66.322802	-168.270863	-101.948061	26.446930	9.162021	0.724138	8.041266
676	64.089016	-174.614036	-110.525020	26.066190	8.853440	0.724138	8.089793
678	69.568873	-183.429221	-113.860348	25.621993	9.610443	0.724138	8.129749
680	64.875853	-178.073526	-113.197673	24.646881	8.962136	0.724138	8.211010
682	56.545882	-184.090016	-127.544134	23.766666	7.811410	0.712644	8.222069
684	53.948593	-181.562626	-127.614033	23.829804	7.452613	0.712644	8.233299
686	57.245025	-177.975884	-120.730859	23.466071	7.907991	0.701149	8.290296
688	64.293690	-176.154407	-111.860717	23.175731	8.881714	0.735632	8.350997
690	79.352857	-184.111905	-104.759048	23.676606	10.962030	0.758621	8.431415
692	82.120210	-183.228226	-101.108016	24.811796	11.344320	0.747126	8.528099
694	72.699766	-180.553335	-107.853570	24.220718	10.042953	0.758621	8.628280
696	62.738254	-182.082725	-119.344471	24.729305	8.666842	0.724138	8.679939
698	52.298527	-176.756898	-124.458371	26.047750	7.224668	0.747126	8.669044
700	65.802171	-179.952062	-114.149891	26.394454	9.090100	0.758621	8.740475
702	59.729155	-176.694454	-116.965298	28.798633	8.251156	0.758621	8.820712
704	71.551982	-191.703263	-120.151282	30.360645	9.884395	0.735632	8.814478
706	64.408494	-187.468383	-123.059889	30.644467	8.897573	0.758621	8.772937
708	64.256709	-184.476291	-120.219582	30.407883	8.876605	0.747126	8.675437
710	72.633943	-191.608252	-118.974309	30.683957	10.033860	0.724138	8.523834
712	65.296355	-187.754081	-122.457726	30.728872	9.020225	0.735632	8.398450
714	60.357026	-181.538225	-121.181199	30.919847	8.337892	0.747126	8.371298
716	64.499033	-181.682173	-117.183140	31.449681	8.910081	0.747126	8.354894
718	70.602631	-185.309728	-114.707097	30.396724	9.753249	0.735632	8.387228
720	85.372215	-189.916086	-104.543872	31.243672	11.793562	0.724138	8.443639
722	70.057771	-180.461635	-110.403864	31.755791	9.677981	0.689655	8.473486
724	57.774449	-175.561467	-117.787018	31.369416	7.981127	0.701149	8.504075
726	66.740227	-173.373408	-106.633181	31.728930	9.219686	0.735632	8.539910
728	69.671411	-183.524336	-113.852925	31.426963	9.624608	0.724138	8.508707
730	65.957958	-185.527001	-119.569044	31.541271	9.111621	0.747126	8.426125
732	77.033142	-186.172428	-109.139286	30.789665	10.641578	0.747126	8.332315
734	69.433934	-182.715892	-113.281957	30.670934	9.591802	0.735632	8.273655
736	77.534224	-178.917282	-101.383057	30.047024	10.710799	0.747126	8.225819
738	73.685418	-187.701574	-114.016156	29.602058	10.179114	0.724138	8.159149
740	65.843689	-180.478428	-114.634739	27.986135	9.095835	0.735632	8.062925
742	57.962341	-172.144541	-114.182200	27.708019	8.007083	0.735632	8.027666
744	59.634653	-175.199324	-115.564671	27.618475	8.238101	0.758621	7.982386
746	63.631903	-175.510668	-111.878765	27.576821	8.790293	0.747126	7.992505
748	69.610911	-174.648527	-105.037617	26.627517	9.616250	0.747126	8.011094
750	65.537374	-181.556993	-116.019619	26.072835	9.053520	0.747126	8.078209
752	63.192345	-183.912589	-120.720244	25.702218	8.729571	0.758621	8.132500
754	68.839261	-189.275500	-120.436239	25.011619	9.509652	0.758621	8.211131
756	62.570361	-184.566407	-121.996046	24.971509	8.643648	0.747126	8.215682
758	68.576887	-194.322859	-125.745972	25.535661	9.473407	0.747126	8.198290
760	63.954236	-189.323030	-125.368794	26.255578	8.834821	0.747126	8.230084
762	70.930161	-186.580554	-115.650392	27.035580	9.798495	0.747126	8.286968
764	71.161879	-189.166754	-118.004875	27.612273	9.830505	0.747126	8.281464
766	73.971892	-188.122285	-114.150393	27.636831	10.218689	0.747126	8.256006
768	82.638378	-188.521449	-105.883071	27.492147	11.415902	0.735632	8.245085
770	75.678769	-185.931402	-110.252632	27.857203	10.454481	0.735632	8.348073
772	70.540657	-175.646289	-105.105633	28.178247	9.744688	0.747126	8.421159
774	71.457777	-179.380954	-107.923176	27.468437	9.871382	0.724138	8.397505
776	64.026891	-172.387969	-108.361077	26.742043	8.844858	0.724138	8.403515
778	66.641458	-169.470013	-102.828555	25.604774	9.206041	0.724138	8.381953
780	69.609707	-173.279670	-103.669964	24.133659	9.616084	0.724138	8.297940
782	74.972881	-185.996962	-111.024081	22.999699	10.356968	0.735632	8.187628
784	70.386556	-179.585592	-109.199036	23.195371	9.723400	0.770115	8.102382
786	74.321931	-180.428627	-106.106696	22.890086	10.267044	0.758621	8.023355
788	62.682367	-180.951641	-118.269275	23.675800	8.659121	0.747126	7.937875
790	71.694308	-190.472932	-118.778624	23.771383	9.904057	0.724138	7.830468
792	54.814998	-178.685890	-123.870892	24.379948	7.572300	0.712644	7.719826
794	62.658098	-173.337281	-110.679183	24.367844	8.655769	0.724138	7.554382
796	64.817550	-178.629350	-113.811800	23.686286	8.954082	0.701149	7.430027
798	77.907109	-191.496775	-113.589666	23.681811	10.762311	0.747126	7.247174
800	68.499793	-183.966661	-115.466868	24.090347	9.462757	0.735632	7.120964
802	62.778674	-184.294064	-121.515390	24.803586	8.672425	0.735632	6.985521
804	68.855728	-192.151118	-123.295390	25.314811	9.511927	0.724138	6.905880
806	65.493344	-187.411645	-121.918301	26.039077	9.047438	0.758621	6.829410
808	72.094567	-195.741668	-123.647101	26.899821	9.959349	0.758621	6.869040
810	79.406589	-189.405158	-109.998569	26.658694	10.969453	0.747126	6.980046
812	71.901937	-184.019751	-112.117814	26.796753	9.932739	0.758621	7.062059
814	68.427805	-187.548597	-119.120792	26.969117	9.452812	0.758621	7.066220
816	59.973575	-177.926014	-117.952438	27.082200	8.284921	0.758621	7.129692
818	69.425707	-177.078990	-107.653283	26.063789	9.590666	0.747126	7.197348
820	70.576603	-183.221159	-112.644556	26.794569	9.749654	0.724138	7.247235
822	60.745468	-177.480942	-116.735473	26.284426	8.391553	0.712644	7.302557
824	70.009730	-181.300711	-111.290982	24.780657	9.671344	0.712644	7.325038
826	62.324781	-175.943772	-113.618991	25.242119	8.609723	0.689655	7.331181
828	68.667327	-175.348794	-106.681466	25.462304	9.485901	0.701149	7.249933
830	68.771113	-172.434507	-103.663393	25.355073	9.500238	0.701149	7.172806
832	67.417542	-166.393403	-98.975861	26.299814	9.313252	0.701149	7.172009
834	86.018318	-177.335597	-91.317279	27.170752	11.882816	0.689655	7.178082
836	71.053275	-161.408755	-90.355480	27.210542	9.815502	0.689655	7.287208
838	67.392066	-161.810700	-94.418634	26.911439	9.309733	0.712644	7.406742
840	86.990919	-180.736371	-93.745452	26.873085	12.017174	0.724138	7.449301
842	74.228826	-173.502413	-99.273587	26.929127	10.254182	0.701149	7.410240
844	75.031827	-180.431840	-105.400013	26.759907	10.365111	0.712644	7.384020
846	61.548275	-173.222908	-111.674633	25.825726	8.502455	0.712644	7.338087
848	71.846740	-172.806470	-100.959731	25.166828	9.925114	0.701149	7.308077
850	69.499912	-176.086900	-106.586988	25.658916	9.600916	0.701149	7.277292
852	63.990078	-173.247896	-109.257818	25.372246	8.839772	0.712644	7.258509
854	74.187713	-180.514345	-106.326632	25.294904	10.248503	0.701149	7.304837
856	72.443904	-180.919191	-108.475287	25.384202	10.007608	0.712644	7.365989
858	66.144519	-170.451510	-104.306991	25.393252	9.137393	0.701149	7.442726
860	61.999799	-169.475910	-107.476112	25.389236	8.564829	0.701149	7.470599
862	70.877406	-174.863879	-103.986473	25.322790	9.791207	0.712644	7.455687
864	79.060563	-183.840644	-104.780081	25.604937	10.921652	0.724138	7.482268
866	63.246289	-170.993302	-107.747012	25.304861	8.737023	0.724138	7.476378
868	80.668700	-182.247776	-101.579076	25.270555	11.143805	0.701149	7.418801
870	74.379743	-172.707743	-98.327999	25.062724	10.275030	0.701149	7.404512
872	55.362542	-167.852821	-112.490279	24.711777	7.647940	0.701149	7.396817
874	65.021895	-173.309849	-108.287954	24.890888	8.982310	0.701149	7.393152
876	74.014065	-174.842245	-100.828180	25.459244	10.224515	0.712644	7.390063
878	74.439933	-171.072597	-96.632663	25.092241	10.283345	0.689655	7.448950
880	77.007426	-168.240193	-91.232767	24.937116	10.638026	0.701149	7.521693
882	78.135460	-173.946373	-95.810913	25.419509	10.793856	0.701149	7.624240
884	71.662063	-171.853283	-100.191220	25.265773	9.899602	0.678161	7.677341
886	76.949486	-167.230178	-90.280692	25.375903	10.630022	0.701149	7.684896
888	81.398955	-165.753286	-84.354332	24.899219	11.244684	0.701149	7.573427
890	63.055586	-159.280614	-96.225028	25.279451	8.710679	0.678161	7.532143
892	79.503962	-179.789093	-100.285131	25.890451	10.982905	0.678161	7.468254
894	79.036588	-180.194064	-101.157477	26.071912	10.918340	0.689655	7.434118
896	75.776654	-180.777142	-105.000488	26.440799	10.468004	0.712644	7.375962
898	68.035734	-177.610269	-109.574534	26.900653	9.398651	0.712644	7.302989
900	63.528227	-179.825766	-116.297539	26.973516	8.775971	0.701149	7.255677
902	65.943829	-174.432033	-108.488204	27.365496	9.109669	0.712644	7.225780
904	72.833380	-180.772947	-107.939567	28.713140	10.061411	0.701149	7.170100
906	69.611346	-175.487825	-105.876479	29.425832	9.616310	0.712644	7.130203
908	63.896523	-173.162771	-109.266247	31.362229	8.826848	0.712644	7.189890
910	61.429986	-170.113813	-108.683826	32.061371	8.486114	0.735632	7.244249
912	68.035986	-166.761626	-98.725641	33.036096	9.398685	0.712644	7.241238
914	73.085916	-173.564996	-100.479080	32.247343	10.096297	0.712644	7.207604
916	74.054122	-180.532787	-106.478665	31.753452	10.230048	0.724138	7.217194
918	68.224783	-171.333372	-103.108589	31.511926	9.424766	0.712644	7.304480
920	62.943167	-175.169418	-112.226252	30.401548	8.695149	0.724138	7.403344
922	63.873269	-178.341350	-114.468081	30.318495	8.823636	0.724138	7.432074
924	60.115351	-167.624721	-107.509370	29.645962	8.304506	0.712644	7.376057
926	75.512223	-177.836771	-102.324548	29.543093	10.431474	0.701149	7.281045
928	67.255212	-175.615955	-108.360743	29.814021	9.290827	0.735632	7.275232
930	75.401842	-178.307611	-102.905770	29.359536	10.416226	0.712644	7.335011
932	73.900496	-175.623206	-101.722709	29.320701	10.208826	0.735632	7.386298
934	79.001301	-179.577260	-100.575959	29.805282	10.913465	0.735632	7.460678
936	72.841021	-183.378703	-110.537682	30.490299	10.062467	0.712644	7.572625
938	69.717597	-169.144010	-99.426413	30.918691	9.630988	0.689655	7.623636
940	75.578639	-168.090765	-92.512126	29.792807	10.440649	0.689655	7.642602
942	69.187473	-176.610108	-107.422635	29.242449	9.557755	0.701149	7.635480
944	69.950742	-176.460231	-106.509488	27.841315	9.663195	0.747126	7.616456
946	83.223316	-180.891838	-97.668522	27.166188	11.496707	0.701149	7.619539
948	69.977591	-166.138393	-96.160802	26.639124	9.666904	0.712644	7.626754
950	84.533231	-178.652728	-94.119497	27.307563	11.677662	0.735632	7.638431
952	81.147881	-177.945586	-96.797704	27.557693	11.210000	0.735632	7.652703
954	56.590826	-168.881323	-112.290498	26.403242	7.817618	0.724138	7.643773
956	59.127152	-178.052261	-118.925109	26.475862	8.167994	0.735632	7.656974
958	72.292176	-181.588850	-109.296674	26.140304	9.986648	0.735632	7.712514
960	62.018541	-174.670836	-112.652294	26.337505	8.567419	0.724138	7.729756
962	50.199405	-166.579573	-116.380169	26.943158	6.934689	0.712644	7.728387
964	58.852864	-170.147276	-111.294411	28.088379	8.130103	0.678161	7.803713
966	64.130985	-178.687737	-114.556752	28.644429	8.859238	0.701149	7.850533
968	67.610512	-177.622859	-110.012347	29.019702	9.339909	0.712644	7.877183
970	78.011897	-178.916785	-100.904888	29.217100	10.776786	0.735632	7.838391
972	70.120499	-177.018078	-106.897578	30.570723	9.686646	0.712644	7.802806
974	63.505779	-173.968851	-110.463072	31.327032	8.772870	0.689655	7.737807
976	68.593009	-174.290399	-105.697390	31.808028	9.475634	0.701149	7.618086
978	59.662226	-157.850129	-98.187903	31.796111	8.241910	0.678161	7.525044
980	75.564600	-172.579796	-97.015196	31.331478	10.438710	0.701149	7.410048
982	74.766329	-173.192675	-98.426346	30.161621	10.328434	0.712644	7.245181
984	64.217488	-175.783605	-111.566117	28.467083	8.871187	0.712644	7.103607
986	68.534701	-178.353242	-109.818541	26.930351	9.467579	0.712644	7.027864
988	75.733206	-179.638671	-103.905465	26.495165	10.462001	0.735632	7.056533
990	80.990194	-184.006210	-103.016017	26.327364	11.188217	0.747126	7.081239
992	76.499112	-182.259725	-105.760612	26.961820	10.567806	0.712644	7.124896
994	70.325699	-180.586043	-110.260344	27.065297	9.714993	0.689655	7.173044
996	54.747846	-180.122980	-125.375134	27.914880	7.563024	0.689655	7.208558
998	60.192526	-185.228968	-125.036442	27.634502	8.315168	0.701149	7.229700
1000	67.375318	-182.771406	-115.396088	28.714369	9.307419	0.724138	7.305275
