#time	ekin		epot		etot		chain_length	temperature	q		dRMSD
0	0.000000	246.573716	246.573716	13.513117	0.000000	0.103448	12.548937
2	134.509851	94.247169	228.757020	12.448032	18.581575	0.068966	12.565553
4	98.269125	83.283267	181.552392	11.612227	13.575178	0.080460	12.489310
6	121.370135	37.974598	159.344734	11.511367	16.766417	0.126437	12.421976
8	128.299975	13.618765	141.918740	13.002975	17.723725	0.126437	12.389928
10	129.608246	-4.970352	124.637895	14.217187	17.904454	0.160920	12.350108
12	119.442989	9.789891	129.232880	15.252927	16.500196	0.172414	12.347917
14	92.105931	20.669040	112.774971	16.366932	12.723777	0.160920	12.324924
16	101.858052	-1.094993	100.763059	17.368279	14.070962	0.137931	12.279034
18	90.465358	-0.044054	90.421304	17.969575	12.497143	0.149425	12.197291
20	92.538263	-8.991457	83.546805	18.860982	12.783500	0.149425	12.143900
22	93.677334	-19.804505	73.872829	19.713487	12.940855	0.218391	12.104984
24	109.370289	-30.073100	79.297189	20.558025	15.108724	0.241379	12.045991
26	81.881805	-23.621062	58.260744	20.998106	11.311387	0.252874	11.944209
28	77.334288	-31.571471	45.762817	21.961436	10.683179	0.218391	11.918319
30	81.346993	-36.592445	44.754548	23.276320	11.237506	0.218391	11.915175
32	70.817345	-40.371882	30.445463	24.363620	9.782910	0.229885	11.878414
34	71.422051	-47.191433	24.230618	24.964273	9.866446	0.229885	11.858444
36	75.790646	-47.793490	27.997156	25.814200	10.469936	0.252874	11.900107
38	74.059676	-52.975116	21.084560	26.524295	10.230815	0.264368	11.972667
40	70.378532	-52.777938	17.600594	26.916099	9.722291	0.275862	11.986680
42	79.178330	-60.131258	19.047072	27.366409	10.937921	0.287356	11.985045
44	78.755366	-64.783571	13.971795	27.783597	10.879491	0.333333	11.921369
46	75.761302	-63.579400	12.181902	28.080814	10.465883	0.344828	11.854455
48	81.893225	-62.892774	19.000451	28.357248	11.312964	0.333333	11.798919
50	77.838595	-62.546803	15.291792	28.151885	10.752846	0.356322	11.813085
52	86.070467	-79.983335	6.087132	27.514433	11.890020	0.367816	11.855523
54	82.167942	-80.430571	1.737371	26.741235	11.350914	0.390805	11.844312
56	86.885746	-88.092022	-1.206276	25.796190	12.002645	0.425287	11.836336
58	88.634210	-89.920095	-1.285885	25.061657	12.244183	0.390805	11.773099
60	80.303830	-90.097964	-9.794134	23.981206	11.093401	0.390805	11.699358
62	86.515362	-88.773410	-2.258048	23.139081	11.951479	0.390805	11.633256
64	72.710986	-82.225498	-9.514512	22.730868	10.044503	0.402299	11.651747
66	86.389367	-93.967282	-7.577915	22.542048	11.934074	0.413793	11.660499
68	85.854354	-92.066567	-6.212213	22.095744	11.860166	0.425287	11.706427
70	77.878679	-91.393993	-13.515314	21.728749	10.758383	0.413793	11.731077
72	76.595345	-89.479362	-12.884017	21.852000	10.581100	0.402299	11.739517
74	78.241928	-89.244339	-11.002411	22.252732	10.808564	0.402299	11.796069
76	86.389086	-94.578351	-8.189265	22.053753	11.934035	0.402299	11.778045
78	75.125718	-91.225989	-16.100271	20.880846	10.378081	0.379310	11.708734
80	66.694898	-85.619149	-18.924251	19.959271	9.213424	0.402299	11.570294
82	67.872571	-91.370535	-23.497964	18.733631	9.376111	0.390805	11.492341
84	68.793647	-88.658319	-19.864671	17.912567	9.503351	0.367816	11.386827
86	76.876142	-89.010202	-12.134060	17.557936	10.619890	0.413793	11.247228
88	64.406482	-82.637020	-18.230538	17.906615	8.897296	0.425287	11.141717
90	84.360644	-97.226176	-12.865532	18.980159	11.653820	0.436782	11.136433
92	85.765015	-97.589304	-11.824290	20.809827	11.847824	0.459770	11.122726
94	96.413446	-94.632407	1.781039	22.274875	13.318829	0.459770	11.034423
96	86.948504	-94.383249	-7.434746	22.682621	12.011315	0.471264	10.938198
98	75.183282	-93.530339	-18.347057	23.454400	10.386033	0.425287	10.891256
100	68.149805	-103.856348	-35.706543	24.059733	9.414409	0.448276	10.789414
102	85.081159	-109.461814	-24.380655	23.501630	11.753354	0.471264	10.720925
104	68.335398	-101.182713	-32.847315	22.944150	9.440047	0.448276	10.657270
106	68.440746	-101.615419	-33.174673	22.471253	9.454600	0.448276	10.605041
108	74.815366	-100.177029	-25.361663	22.404103	10.335208	0.448276	10.531117
110	82.496091	-105.554259	-23.058168	24.285010	11.396246	0.459770	10.454873
112	72.108998	-101.633672	-29.524674	26.617292	9.961343	0.482759	10.411584
114	83.161409	-115.281628	-32.120218	28.369383	11.488155	0.494253	10.432400
116	75.159579	-105.776453	-30.616873	29.688942	10.382759	0.517241	10.468630
118	82.825170	-112.442518	-29.617349	31.452689	11.441706	0.528736	10.567251
120	75.862600	-117.843741	-41.981141	33.015596	10.479876	0.505747	10.656689
122	62.003669	-116.057992	-54.054322	34.269752	8.565364	0.482759	10.736347
124	68.485606	-121.400450	-52.914845	35.001778	9.460797	0.505747	10.835494
126	76.088918	-128.787841	-52.698923	34.871047	10.511141	0.540230	10.922832
128	86.464172	-136.717951	-50.253778	33.761980	11.944408	0.551724	10.951612
130	77.423317	-136.066977	-58.643660	32.700278	10.695478	0.540230	11.018571
132	78.302835	-135.113243	-56.810408	31.705873	10.816977	0.563218	11.014017
134	83.861158	-138.321362	-54.460204	30.894708	11.584820	0.574713	10.923998
136	78.209797	-133.341251	-55.131454	31.055979	10.804125	0.540230	10.869967
138	68.568622	-132.361180	-63.792558	30.667113	9.472265	0.517241	10.830932
140	71.624385	-137.773353	-66.148969	29.989668	9.894397	0.551724	10.844694
142	75.998367	-140.633654	-64.635286	29.561226	10.498632	0.551724	10.931831
144	69.314676	-132.296299	-62.981622	29.745317	9.575327	0.528736	11.000031
146	69.298921	-127.407893	-58.108971	30.273827	9.573151	0.540230	11.094503
148	70.525542	-134.668276	-64.142734	31.498027	9.742600	0.586207	11.187639
150	76.341675	-148.102732	-71.761056	32.051779	10.546057	0.609195	11.192880
152	67.227925	-146.045260	-78.817336	31.884140	9.287058	0.597701	11.181897
154	67.749616	-145.886970	-78.137354	31.459591	9.359125	0.586207	11.257809
156	64.876036	-139.198727	-74.322691	31.072528	8.962161	0.574713	11.359524
158	62.600745	-135.588485	-72.987740	30.792685	8.647846	0.586207	11.446494
160	76.804812	-142.184983	-65.380171	30.154106	10.610036	0.586207	11.455034
162	73.495567	-145.335493	-71.839927	28.888387	10.152888	0.597701	11.436826
164	78.779693	-141.169775	-62.390082	28.243386	10.882852	0.609195	11.349862
166	84.511820	-146.299570	-61.787751	27.278470	11.674704	0.609195	11.242779
168	65.502369	-139.819796	-74.317427	26.957250	9.048684	0.597701	11.104760
170	80.083295	-142.973751	-62.890456	27.169168	11.062935	0.609195	11.034934
172	80.922594	-144.708904	-63.786310	26.521983	11.178878	0.609195	11.020165
174	88.484701	-140.064338	-51.579637	25.098037	12.223529	0.586207	10.934349
176	83.043652	-137.358225	-54.314573	23.907729	11.471887	0.597701	10.863203
178	60.657013	-129.156935	-68.499922	22.895968	8.379333	0.563218	10.833421
180	70.901921	-135.493835	-64.591915	22.183057	9.794594	0.563218	10.830669
182	76.966635	-133.478070	-56.511435	22.609348	10.632391	0.551724	10.869918
184	64.979999	-117.169011	-52.189013	23.619011	8.976523	0.540230	10.893699
186	81.669360	-134.132330	-52.462970	23.854704	11.282039	0.551724	10.903157
188	77.432268	-131.047154	-53.614886	24.784921	10.696715	0.563218	10.962293
190	76.590660	-125.866797	-49.276137	25.622970	10.580453	0.551724	11.012589
192	76.582775	-130.679342	-54.096566	26.067288	10.579363	0.563218	11.035931
194	71.201766	-127.228251	-56.026485	26.925662	9.836015	0.563218	11.012366
196	80.188389	-134.754493	-54.566104	27.666341	11.077453	0.586207	11.020486
198	75.271419	-140.090473	-64.819054	28.190185	10.398209	0.586207	11.093712
200	75.030700	-146.113491	-71.082791	29.504024	10.364955	0.609195	11.172879
202	61.900718	-134.711878	-72.811160	29.803822	8.551142	0.586207	11.346803
204	62.845153	-135.474108	-72.628955	29.777719	8.681609	0.551724	11.455797
206	53.952246	-130.481900	-76.529654	30.578115	7.453117	0.540230	11.483264
208	64.949818	-139.606756	-74.656938	30.849998	8.972353	0.586207	11.522548
210	75.086973	-151.399225	-76.312251	31.511438	10.372729	0.597701	11.648122
212	58.467611	-131.933278	-73.465667	33.004756	8.076883	0.609195	11.762838
214	68.327207	-136.762323	-68.435117	33.431534	9.438916	0.551724	11.775318
216	63.678438	-127.579590	-63.901152	32.632898	8.796721	0.528736	11.762720
218	70.403675	-133.152857	-62.749182	32.259096	9.725765	0.528736	11.843974
220	80.350782	-139.288017	-58.937235	32.515363	11.099887	0.551724	11.873326
222	83.194797	-144.449205	-61.254408	32.512457	11.492767	0.563218	11.800187
224	72.135253	-139.700617	-67.565365	31.382058	9.964970	0.563218	11.701247
226	76.373962	-141.505436	-65.131474	31.280574	10.550517	0.586207	11.630343
228	63.017289	-132.306137	-69.288849	32.346888	8.705388	0.563218	11.570542
230	64.136336	-138.634681	-74.498345	32.968112	8.859977	0.563218	11.496451
232	62.308996	-140.008377	-77.699380	32.856443	8.607543	0.574713	11.351292
234	65.436038	-136.701403	-71.265365	34.010831	9.039521	0.597701	11.202476
236	58.488871	-137.547231	-79.058360	34.072268	8.079820	0.586207	11.054157
238	66.075328	-141.887058	-75.811730	33.143429	9.127835	0.586207	10.907343
240	70.781961	-139.648663	-68.866702	33.291681	9.778022	0.597701	10.814734
242	81.208370	-146.297298	-65.088928	31.891459	11.218356	0.586207	10.724815
244	61.382778	-132.348505	-70.965728	31.500843	8.479592	0.551724	10.606578
246	65.155934	-136.433206	-71.277272	30.545244	9.000827	0.620690	10.399663
248	69.325879	-145.383655	-76.057776	30.128608	9.576875	0.609195	10.239481
250	73.937623	-150.617743	-76.680121	29.805413	10.213954	0.609195	10.128435
252	69.630769	-148.333569	-78.702799	28.568171	9.618993	0.632184	10.025821
254	68.953946	-153.661119	-84.707173	28.680696	9.525495	0.643678	9.887713
256	71.817842	-159.049564	-87.231722	28.510535	9.921122	0.620690	9.740031
258	76.522953	-159.422825	-82.899872	28.447614	10.571099	0.632184	9.637103
260	71.353544	-151.571166	-80.217622	26.841474	9.856982	0.632184	9.522591
262	75.662329	-153.822782	-78.160453	25.588337	10.452210	0.632184	9.490022
264	78.192691	-141.518514	-63.325823	24.500332	10.801762	0.620690	9.534135
266	83.381248	-149.358995	-65.977747	23.539609	11.518524	0.620690	9.587134
268	78.227243	-146.031230	-67.803987	22.988615	10.806535	0.620690	9.609404
270	76.668303	-139.430983	-62.762680	22.409155	10.591178	0.609195	9.638978
272	75.106020	-128.967308	-53.861288	22.994874	10.375360	0.586207	9.690478
274	67.427658	-129.333787	-61.906129	23.253169	9.314649	0.597701	9.649908
276	76.175067	-146.755297	-70.580230	22.393187	10.523041	0.609195	9.651838
278	75.774912	-145.981175	-70.206263	21.370752	10.467763	0.643678	9.608235
280	86.338776	-159.323268	-72.984492	20.717501	11.927085	0.666667	9.587299
282	75.798631	-148.047701	-72.249070	20.669929	10.471040	0.643678	9.612313
284	66.446309	-146.769561	-80.323252	20.305600	9.179083	0.643678	9.578819
286	79.744678	-159.088777	-79.344099	21.024765	11.016158	0.666667	9.423100
288	69.545215	-160.357163	-90.811948	21.971858	9.607175	0.678161	9.372539
290	65.893575	-165.542065	-99.648491	22.608753	9.102727	0.701149	9.281082
292	67.811596	-164.974652	-97.163055	22.870916	9.367688	0.701149	9.201128
294	59.182177	-160.417003	-101.234825	23.601467	8.175595	0.701149	9.114764
296	65.742960	-164.049110	-98.306150	23.637169	9.081920	0.701149	9.069073
298	72.368404	-159.357575	-86.989171	23.478772	9.997178	0.689655	9.085528
300	79.840003	-158.709353	-78.869350	23.350525	11.029326	0.689655	9.100819
302	97.510754	-171.005126	-73.494371	22.065230	13.470414	0.689655	9.057041
304	82.742384	-168.374374	-85.631990	21.603721	11.430269	0.689655	8.994590
306	75.952257	-163.098950	-87.146693	20.703699	10.492262	0.666667	9.023280
308	69.773324	-156.865299	-87.091975	20.995702	9.638686	0.632184	9.138105
310	68.949614	-158.254930	-89.305316	21.286849	9.524897	0.643678	9.182581
312	74.769543	-156.846728	-82.077184	22.457608	10.328878	0.666667	9.156552
314	74.823926	-154.195275	-79.371349	23.213782	10.336391	0.632184	9.123697
316	64.959242	-149.727814	-84.768572	23.485505	8.973655	0.620690	9.121126
318	72.096838	-155.234976	-83.138138	23.784996	9.959663	0.632184	9.188032
320	73.606474	-151.618378	-78.011904	23.315741	10.168209	0.655172	9.238903
322	72.589181	-146.638651	-74.049470	23.917276	10.027677	0.666667	9.295958
324	70.882694	-153.219022	-82.336327	23.322901	9.791938	0.666667	9.316013
326	73.572698	-163.794263	-90.221565	22.946298	10.163543	0.678161	9.357168
328	76.615369	-169.820790	-93.205421	23.206698	10.583866	0.643678	9.494344
330	65.788006	-163.105799	-97.317793	23.363817	9.088143	0.655172	9.589257
332	80.836904	-169.026133	-88.189229	23.547813	11.167041	0.678161	9.676969
334	74.044126	-159.883497	-85.839371	24.549770	10.228667	0.678161	9.825095
336	73.853164	-155.677321	-81.824156	25.007866	10.202287	0.655172	9.951662
338	71.529170	-161.343822	-89.814652	23.421986	9.881244	0.655172	10.006739
340	69.587178	-162.601795	-93.014617	22.419317	9.612972	0.666667	10.048763
342	92.106724	-174.021804	-81.915080	21.648284	12.723886	0.666667	10.171331
344	76.616593	-159.018664	-82.402071	19.880237	10.584035	0.678161	10.241497
346	66.502078	-161.130767	-94.628689	19.166447	9.186787	0.689655	10.291138
348	72.994345	-176.516682	-103.522337	19.575566	10.083647	0.689655	10.334511
350	67.593840	-176.774268	-109.180428	20.503742	9.337606	0.701149	10.411719
352	72.411617	-180.496260	-108.084643	21.171954	10.003148	0.712644	10.539668
354	63.876849	-174.987307	-111.110458	21.181348	8.824130	0.712644	10.682335
356	67.235343	-172.995563	-105.760220	21.422254	9.288082	0.678161	10.750865
358	70.090724	-174.750657	-104.659933	21.765591	9.682533	0.701149	10.841838
360	68.605067	-177.258330	-108.653263	22.467996	9.477300	0.689655	10.906472
362	66.119353	-165.437346	-99.317994	22.839788	9.133916	0.689655	10.967245
364	77.918972	-164.946673	-87.027700	22.669511	10.763949	0.678161	10.992222
366	76.928858	-172.577747	-95.648889	21.907483	10.627172	0.701149	11.082528
368	75.561183	-165.523964	-89.962782	22.333006	10.438238	0.701149	11.201357
370	77.658518	-163.566387	-85.907869	21.583227	10.727970	0.701149	11.280779
372	70.735148	-161.679860	-90.944711	21.307123	9.771556	0.689655	11.402908
374	74.933499	-160.281335	-85.347836	21.417630	10.351528	0.666667	11.445296
376	83.434670	-165.416319	-81.981649	21.328775	11.525904	0.678161	11.564018
378	80.330180	-160.648520	-80.318340	20.838478	11.097041	0.678161	11.704674
380	84.078050	-163.504506	-79.426456	20.700427	11.614782	0.655172	11.714039
382	70.908796	-158.290650	-87.381854	21.540725	9.795544	0.632184	11.716947
384	67.601730	-153.451517	-85.849788	21.904887	9.338696	0.655172	11.670817
386	75.460289	-167.663030	-92.202742	21.395661	10.424300	0.655172	11.684902
388	67.416860	-159.462845	-92.045984	20.763317	9.313158	0.655172	11.709063
390	71.266625	-161.299002	-90.032377	20.684994	9.844975	0.632184	11.717750
392	73.067978	-167.423583	-94.355605	20.752755	10.093819	0.655172	11.711004
394	76.459524	-176.277751	-99.818228	20.907297	10.562337	0.666667	11.798217
396	62.429153	-161.302186	-98.873034	21.266599	8.624142	0.666667	11.893050
398	67.556835	-160.041772	-92.484937	21.394338	9.332494	0.678161	11.881112
400	63.259807	-161.554958	-98.295151	21.774457	8.738891	0.701149	11.866699
402	77.136394	-165.360940	-88.224545	22.019941	10.655842	0.701149	11.823690
404	72.886638	-161.638001	-88.751363	22.165365	10.068768	0.678161	11.719778
406	87.371149	-174.504786	-87.133636	21.366762	12.069700	0.712644	11.616071
408	74.807673	-165.324302	-90.516629	21.488543	10.334146	0.724138	11.560949
410	92.314933	-174.812132	-82.497199	21.566994	12.752649	0.735632	11.555374
412	74.730809	-160.165824	-85.435014	22.290782	10.323528	0.712644	11.607830
414	78.163187	-161.210170	-83.046983	21.852144	10.797686	0.712644	11.670234
416	81.553966	-165.420479	-83.866513	21.980939	11.266098	0.701149	11.630518
418	67.816964	-163.949017	-96.132053	21.709615	9.368429	0.689655	11.532531
420	65.664301	-163.299708	-97.635407	22.379543	9.071054	0.701149	11.501459
422	79.996600	-174.522352	-94.525752	22.851744	11.050959	0.701149	11.499099
424	79.440103	-172.654959	-93.214856	22.883409	10.974083	0.712644	11.538897
426	78.423221	-176.465299	-98.042078	22.550760	10.833608	0.712644	11.604717
428	62.604036	-170.723771	-108.119735	22.683019	8.648300	0.689655	11.670170
430	71.067149	-174.348339	-103.281190	22.490774	9.817419	0.712644	11.729625
432	79.975916	-176.145163	-96.169246	22.223781	11.048102	0.712644	11.850446
434	81.734698	-169.844632	-88.109934	21.653281	11.291065	0.712644	12.057313
436	77.333970	-171.118642	-93.784673	22.040929	10.683136	0.712644	12.208566
438	81.775818	-177.961117	-96.185298	21.503413	11.296745	0.701149	12.276572
440	74.185085	-164.305078	-90.119994	20.849448	10.248140	0.701149	12.206084
442	75.404545	-166.070315	-90.665770	21.611075	10.416599	0.701149	12.066475
444	64.517509	-159.292259	-94.774749	21.978770	8.912633	0.689655	11.945112
446	78.776661	-169.372129	-90.595468	21.632969	10.882433	0.712644	11.765271
448	77.244533	-173.215313	-95.970780	20.922313	10.670781	0.724138	11.574785
450	74.608006	-167.439017	-92.831010	20.713437	10.306563	0.701149	11.520317
452	72.561370	-159.580320	-87.018950	19.997915	10.023835	0.701149	11.560102
454	81.208963	-165.118511	-83.909548	20.127632	11.218438	0.701149	11.715272
456	70.741212	-159.115477	-88.374265	20.318143	9.772393	0.701149	11.876271
458	61.690789	-157.388283	-95.697494	20.445588	8.522142	0.666667	12.018461
460	76.276007	-172.332812	-96.056805	19.800285	10.536986	0.666667	12.140613
462	74.190812	-173.109101	-98.918289	19.276554	10.248931	0.701149	12.321296
464	84.863960	-163.494578	-78.630619	19.483220	11.723350	0.701149	12.521329
466	89.607133	-165.532625	-75.925492	20.031491	12.378585	0.655172	12.746623
468	86.591626	-165.284786	-78.693160	20.028917	11.962015	0.666667	12.879969
470	73.769858	-153.934849	-80.164991	20.437613	10.190779	0.655172	12.950618
472	85.976630	-163.850512	-77.873882	21.908722	11.877057	0.643678	12.987240
474	84.555519	-154.484492	-69.928973	23.344172	11.680741	0.678161	13.008365
476	77.036307	-155.882239	-78.845932	23.615061	10.642016	0.678161	13.091028
478	77.426134	-162.036592	-84.610458	23.719721	10.695867	0.666667	13.149163
480	72.192923	-155.695868	-83.502945	24.645461	9.972937	0.666667	13.069685
482	78.412836	-170.166548	-91.753712	24.144975	10.832173	0.701149	13.058416
484	77.001188	-180.253194	-103.252006	23.964537	10.637164	0.724138	13.188984
486	72.671803	-174.853496	-102.181693	25.713563	10.039090	0.689655	13.362763
488	79.796336	-178.417580	-98.621244	26.075121	11.023294	0.689655	13.446661
490	63.092243	-168.333836	-105.241593	27.051481	8.715743	0.643678	13.529077
492	64.944095	-159.508666	-94.564572	27.763139	8.971563	0.655172	13.600135
494	71.677610	-162.230799	-90.553189	27.521919	9.901750	0.666667	13.624172
496	72.901067	-157.116282	-84.215215	27.012195	10.070762	0.655172	13.718168
498	82.435924	-170.597981	-88.162058	27.505308	11.387934	0.655172	13.769737
500	83.480245	-159.102440	-75.622195	27.857229	11.532200	0.678161	13.861258
502	82.106923	-170.920285	-88.813363	27.995605	11.342485	0.689655	13.931638
504	84.338086	-184.973164	-100.635078	28.135879	11.650704	0.678161	14.026392
506	76.413772	-183.475169	-107.061397	27.774205	10.556017	0.701149	14.043218
508	71.422075	-181.532581	-110.110506	28.254866	9.866450	0.712644	14.087915
510	61.391371	-176.029279	-114.637908	28.410685	8.480779	0.712644	14.151482
512	66.095090	-180.996240	-114.901150	28.497906	9.130565	0.701149	14.186452
514	65.629628	-173.662987	-108.033358	28.741613	9.066264	0.701149	14.105256
516	77.049079	-177.197435	-100.148356	29.327416	10.643780	0.724138	13.895382
518	80.314167	-173.587508	-93.273341	29.490919	11.094829	0.724138	13.752648
520	84.788609	-174.328789	-89.540180	30.071241	11.712941	0.701149	13.681539
522	81.787616	-175.232214	-93.444599	29.049675	11.298375	0.689655	13.574560
524	65.003309	-170.391308	-105.387999	28.956704	8.979743	0.678161	13.443824
526	71.916779	-177.934334	-106.017554	28.784418	9.934789	0.735632	13.290075
528	76.218072	-182.214464	-105.996391	28.076405	10.528982	0.724138	13.092126
530	69.769748	-177.748038	-107.978290	28.283732	9.638192	0.701149	12.975959
532	61.301366	-171.176551	-109.875184	28.204025	8.468346	0.689655	12.913462
534	72.610123	-176.752238	-104.142115	29.007263	10.030570	0.689655	12.892015
536	60.739038	-168.190751	-107.451712	29.652665	8.390664	0.689655	12.863660
538	66.577483	-176.372281	-109.794797	29.039080	9.197204	0.724138	12.869202
540	61.508813	-172.798097	-111.289284	27.985798	8.497003	0.724138	12.850067
542	64.497796	-184.659360	-120.161565	27.825425	8.909910	0.724138	12.848547
544	63.374188	-183.645021	-120.270833	28.590976	8.754691	0.724138	12.915364
546	71.056358	-184.534276	-113.477918	28.861068	9.815928	0.712644	12.999410
548	69.049510	-186.921287	-117.871777	28.780388	9.538697	0.712644	12.997897
550	67.066690	-184.458408	-117.391718	28.296705	9.264784	0.712644	13.017683
552	65.306314	-188.615286	-123.308971	27.921569	9.021601	0.735632	13.036894
554	57.437201	-177.174453	-119.737252	27.932040	7.934539	0.735632	13.008200
556	68.059930	-184.384339	-116.324408	29.078794	9.401993	0.735632	12.943629
558	78.555433	-179.830280	-101.274847	28.786471	10.851872	0.735632	12.844240
560	75.468742	-186.535925	-111.067183	28.454399	10.425468	0.724138	12.799433
562	78.978494	-184.609922	-105.631428	28.958967	10.910315	0.735632	12.870889
564	65.028072	-171.849900	-106.821828	30.131257	8.983164	0.724138	12.969733
566	78.027978	-184.991342	-106.963365	30.227846	10.779008	0.712644	13.119455
568	67.402572	-179.378720	-111.976148	29.931543	9.311184	0.712644	13.264193
570	68.764873	-179.705583	-110.940710	31.204623	9.499376	0.701149	13.350712
572	58.440800	-180.516144	-122.075345	31.930496	8.073179	0.701149	13.439313
574	63.791244	-171.726179	-107.934935	32.679300	8.812305	0.689655	13.602503
576	65.750894	-174.132616	-108.381721	33.163568	9.083016	0.701149	13.788054
578	58.349467	-172.329185	-113.979718	32.563366	8.060562	0.678161	13.863382
580	60.842596	-175.379889	-114.537293	32.207278	8.404970	0.678161	13.907583
582	51.631615	-168.910929	-117.279314	32.175061	7.132539	0.689655	13.865847
584	59.642038	-175.637394	-115.995356	32.354740	8.239122	0.701149	13.749373
586	64.292818	-172.034376	-107.741558	32.673759	8.881594	0.712644	13.704736
588	65.887704	-177.248528	-111.360824	31.941512	9.101916	0.678161	13.730536
590	77.570889	-175.282590	-97.711701	31.973033	10.715864	0.678161	13.730452
592	70.436143	-169.952563	-99.516420	31.182400	9.730250	0.655172	13.769116
594	71.535385	-173.782839	-102.247455	31.326197	9.882102	0.666667	13.802540
596	69.355030	-177.939124	-108.584094	31.163429	9.580902	0.689655	13.942429
598	64.821031	-175.891133	-111.070103	30.800952	8.954562	0.689655	14.044320
600	72.493723	-183.847473	-111.353750	30.018907	10.014490	0.666667	14.153200
602	70.895757	-174.552956	-103.657199	28.925003	9.793743	0.689655	14.250324
604	76.088263	-172.781383	-96.693120	27.995893	10.511050	0.689655	14.211995
606	71.709118	-174.910017	-103.200899	27.963316	9.906103	0.712644	14.128337
608	69.904390	-172.469744	-102.565354	29.086032	9.656792	0.712644	14.023821
610	60.333707	-164.064433	-103.730726	28.619776	8.334671	0.666667	13.922764
612	82.365576	-173.068834	-90.703258	27.983534	11.378216	0.712644	13.863283
614	79.605505	-176.373383	-96.767878	28.407770	10.996932	0.701149	13.884540
616	79.226712	-169.317307	-90.090596	29.315580	10.944604	0.689655	13.932213
618	72.203576	-151.976760	-79.773184	29.878914	9.974408	0.701149	13.982756
620	82.747655	-167.717796	-84.970141	30.732101	11.430997	0.689655	13.943133
622	76.207834	-174.088798	-97.880964	31.618289	10.527568	0.678161	13.868800
624	74.942787	-169.352075	-94.409288	31.803870	10.352811	0.701149	13.855681
626	83.274876	-171.628734	-88.353858	32.457493	11.503829	0.678161	13.762894
628	72.831163	-163.873966	-91.042803	32.855274	10.061105	0.689655	13.681222
630	68.679650	-168.194456	-99.514806	32.881433	9.487603	0.689655	13.574789
632	72.397365	-170.445043	-98.047678	33.371575	10.001179	0.701149	13.485255
634	70.155249	-169.447021	-99.291772	34.498029	9.691447	0.712644	13.388565
636	61.106124	-166.701336	-105.595212	34.546709	8.441375	0.689655	13.268333
638	73.400017	-174.473345	-101.073329	33.886074	10.139688	0.712644	13.144593
640	83.829349	-181.998430	-98.169081	33.999165	11.580426	0.701149	13.011286
642	75.748993	-176.044489	-100.295496	32.976343	10.464182	0.735632	12.904821
644	74.645590	-176.705532	-102.059941	33.641612	10.311755	0.724138	12.838917
646	69.547072	-165.347260	-95.800187	33.825684	9.607431	0.724138	12.842071
648	72.986996	-161.905695	-88.918698	32.236457	10.082632	0.724138	12.916012
650	76.225389	-163.662985	-87.437596	32.195186	10.529993	0.712644	13.063510
652	73.542053	-170.051503	-96.509451	30.852529	10.159309	0.701149	13.168550
654	80.369650	-174.133180	-93.763530	29.657116	11.102493	0.712644	13.297421
656	62.628725	-169.621201	-106.992476	28.814611	8.651711	0.701149	13.357588
658	68.926002	-180.139890	-111.213888	28.803906	9.521635	0.701149	13.349893
660	63.361323	-178.837819	-115.476496	27.490196	8.752914	0.678161	13.310955
662	56.289496	-173.468022	-117.178526	26.266858	7.775992	0.735632	13.251422
664	67.637098	-174.847910	-107.210812	25.232396	9.343582	0.724138	13.218315
666	67.944202	-175.079520	-107.135317	25.124157	9.386006	0.724138	13.189516
668	74.084338	-174.423794	-100.339457	25.888422	10.234222	0.712644	13.173473
670	67.434048	-172.394543	-104.960495	26.050280	9.315532	0.678161	13.113270
672	65.472427	-177.763014	-112.290587	26.332488	9.044548	0.701149	12.993178
674	72.087491	-174.227129	-102.139638	26.165276	9.958372	0.678161	13.023241
676	61.185801	-158.782121	-97.596319	25.604537	8.452381	0.712644	13.005826
678	83.291821	-169.584621	-86.292800	25.213383	11.506170	0.724138	12.963218
680	75.285683	-164.212232	-88.926549	25.099562	10.400179	0.689655	12.923923
682	71.819963	-174.482077	-102.662114	25.716140	9.921415	0.678161	12.892299
684	69.313984	-165.615527	-96.301542	25.362661	9.575232	0.666667	12.853758
686	67.972294	-168.911308	-100.939014	25.943780	9.389887	0.689655	12.808431
688	59.750312	-162.209805	-102.459493	26.295590	8.254079	0.678161	12.824700
690	78.900723	-177.182377	-98.281653	27.100996	10.899571	0.655172	12.890468
692	65.525099	-177.112127	-111.587028	27.275407	9.051824	0.701149	12.856046
694	74.691699	-174.983138	-100.291439	27.032909	10.318125	0.724138	12.722370
696	68.948505	-174.442167	-105.493663	26.866150	9.524743	0.735632	12.482035
698	67.848304	-172.044646	-104.196341	26.932615	9.372759	0.712644	12.305169
700	73.204528	-166.133203	-92.928674	27.115101	10.112683	0.712644	12.177928
702	74.109572	-175.414977	-101.305405	26.326939	10.237708	0.712644	11.972601
704	75.371922	-175.605746	-100.233825	25.547146	10.412093	0.735632	11.884244
706	76.380826	-175.557760	-99.176934	24.717556	10.551466	0.735632	11.780499
708	81.452990	-162.701406	-81.248416	24.424588	11.252149	0.724138	11.716525
710	88.912564	-167.398522	-78.485958	23.898035	12.282636	0.701149	11.581153
712	84.803745	-165.891251	-81.087506	23.457881	11.715032	0.666667	11.399623
714	71.865527	-160.067109	-88.201582	23.456661	9.927709	0.666667	11.208908
716	91.292220	-168.570923	-77.278704	23.289568	12.611368	0.678161	11.048376
718	72.511879	-160.091777	-87.579898	23.291563	10.016998	0.689655	10.949358
720	83.485550	-171.926946	-88.441397	23.576434	11.532932	0.701149	10.789686
722	77.496774	-157.656150	-80.159376	24.054490	10.705626	0.701149	10.549168
724	81.108982	-163.567437	-82.458456	23.187921	11.204626	0.701149	10.357725
726	84.836021	-178.943039	-94.107018	22.821983	11.719490	0.724138	10.214468
728	70.985746	-168.855589	-97.869843	23.364264	9.806174	0.724138	10.103599
730	68.549606	-172.560801	-104.011194	24.190835	9.469639	0.712644	10.028491
732	59.429494	-163.316026	-103.886532	24.833891	8.209760	0.712644	9.922551
734	70.887464	-169.024025	-98.136561	24.436828	9.792597	0.724138	9.797437
736	68.544559	-169.823745	-101.279185	23.803713	9.468941	0.712644	9.668184
738	68.805008	-172.512635	-103.707627	23.506003	9.504920	0.701149	9.599713
740	65.203338	-177.035350	-111.832012	23.246356	9.007375	0.701149	9.502815
742	74.248896	-175.912045	-101.663149	22.850866	10.256955	0.724138	9.402258
744	60.580122	-173.006096	-112.425975	23.095393	8.368711	0.701149	9.333074
746	79.579601	-181.006679	-101.427078	23.487998	10.993353	0.701149	9.307373
748	56.265279	-159.753784	-103.488506	24.051869	7.772646	0.689655	9.238809
750	72.494433	-168.287114	-95.792681	25.516770	10.014588	0.689655	9.200263
752	75.948505	-165.408355	-89.459850	26.087713	10.491743	0.678161	9.164754
754	73.074629	-159.611970	-86.537341	26.631204	10.094738	0.689655	9.169372
756	81.995792	-175.724591	-93.728799	27.383837	11.327133	0.678161	9.114986
758	70.368572	-162.085202	-91.716630	28.277099	9.720916	0.666667	9.075848
760	68.582726	-160.747341	-92.164615	28.635712	9.474214	0.724138	9.053923
762	84.776561	-166.495850	-81.719288	28.100640	11.711276	0.712644	9.100348
764	78.696483	-159.999525	-81.303042	28.648022	10.871357	0.712644	9.205921
766	82.442709	-164.969140	-82.526431	28.533580	11.388871	0.678161	9.186216
768	76.596495	-169.048977	-92.452483	27.274404	10.581259	0.712644	9.159774
770	71.284128	-167.463627	-96.179499	27.309496	9.847393	0.701149	9.120507
772	62.210322	-166.637741	-104.427420	27.808371	8.593912	0.678161	9.117129
774	79.274407	-177.793383	-98.518976	27.973163	10.951193	0.701149	9.087097
776	62.749381	-169.893296	-107.143915	28.450446	8.668379	0.712644	9.085284
778	53.477238	-174.814812	-121.337574	28.444990	7.387498	0.712644	9.104955
780	61.549414	-177.562703	-116.013289	29.354115	8.502612	0.724138	9.189763
782	73.552624	-174.963469	-101.410845	29.313744	10.160770	0.701149	9.245778
784	74.677679	-177.011037	-102.333359	28.946506	10.316188	0.712644	9.347060
786	66.914198	-172.350531	-105.436332	28.296557	9.243719	0.689655	9.450290
788	66.989423	-166.695565	-99.706142	28.400033	9.254110	0.701149	9.553559
790	71.283109	-161.162182	-89.879073	29.483139	9.847252	0.701149	9.665799
792	81.844533	-177.200193	-95.355660	29.407336	11.306238	0.701149	9.774067
794	73.806365	-180.677486	-106.871121	29.345277	10.195822	0.712644	9.903191
796	65.309579	-181.769361	-116.459782	30.434617	9.022052	0.712644	10.003252
798	66.539190	-182.902147	-116.362956	30.523316	9.191914	0.735632	10.126225
800	67.840485	-176.024574	-108.184088	29.616879	9.371679	0.724138	10.194189
802	66.209343	-172.457657	-106.248315	29.538670	9.146348	0.735632	10.274508
804	73.158451	-177.950892	-104.792441	29.827171	10.106318	0.747126	10.401884
806	79.381832	-178.914305	-99.532473	29.538434	10.966033	0.735632	10.564000
808	70.382721	-167.408608	-97.025886	30.821044	9.722870	0.735632	10.729384
810	77.341881	-178.738888	-101.397006	32.147954	10.684228	0.724138	10.889044
812	84.004223	-180.084353	-96.080130	31.103930	11.604583	0.735632	10.994931
814	72.390470	-170.334985	-97.944515	31.173827	10.000226	0.701149	11.046780
816	72.412358	-169.703485	-97.291127	32.518112	10.003250	0.678161	11.077944
818	62.942235	-169.692955	-106.750720	32.642289	8.695020	0.689655	11.183987
820	65.600423	-170.726859	-105.126436	32.379175	9.062230	0.689655	11.228046
822	66.481776	-170.789132	-104.307356	32.131247	9.183983	0.701149	11.251048
824	69.420675	-170.569204	-101.148529	32.117954	9.589970	0.689655	11.270172
826	71.560597	-176.859713	-105.299116	32.108363	9.885585	0.689655	11.322733
828	76.353674	-173.119507	-96.765833	31.563718	10.547715	0.701149	11.306416
830	74.513388	-171.667546	-97.154158	31.298735	10.293492	0.689655	11.251594
832	74.125501	-168.421888	-94.296387	31.440016	10.239909	0.712644	11.176912
834	74.568238	-168.315170	-93.746932	31.535738	10.301069	0.724138	11.122565
836	69.927757	-170.570698	-100.642942	30.451026	9.660020	0.735632	11.113943
838	76.839202	-168.381511	-91.542309	29.091992	10.614787	0.701149	11.082066
840	78.574979	-162.991033	-84.416054	27.877105	10.854572	0.666667	11.028569
842	70.574860	-159.390828	-88.815968	26.634875	9.749413	0.689655	10.932236
844	78.500667	-165.459638	-86.958971	26.251744	10.844306	0.689655	10.797797
846	80.201694	-167.390453	-87.188758	26.853022	11.079291	0.689655	10.679865
848	77.775519	-160.967028	-83.191508	27.576426	10.744132	0.701149	10.603898
850	78.894295	-164.188065	-85.293769	27.725596	10.898683	0.724138	10.556275
852	75.192827	-171.515647	-96.322821	28.172590	10.387352	0.735632	10.514358
854	65.040787	-169.245002	-104.204215	28.872710	8.984920	0.724138	10.479679
856	60.873928	-176.744987	-115.871059	29.231115	8.409298	0.735632	10.432258
858	62.640763	-176.652306	-114.011543	28.641808	8.653374	0.735632	10.374280
860	67.637356	-181.780671	-114.143315	28.456616	9.343618	0.735632	10.334132
862	62.491787	-181.326061	-118.834274	28.449076	8.632794	0.724138	10.301196
864	61.193969	-185.320997	-124.127028	28.942977	8.453510	0.724138	10.240204
866	61.689071	-183.803855	-122.114783	29.056685	8.521905	0.712644	10.260492
868	64.270414	-174.645611	-110.375197	28.464820	8.878499	0.712644	10.353272
870	69.433758	-182.072387	-112.638629	28.000672	9.591778	0.724138	10.451230
872	72.005183	-180.324367	-108.319184	27.148051	9.947002	0.701149	10.627653
874	61.734976	-180.084398	-118.349422	27.607891	8.528246	0.712644	10.716327
876	55.683435	-178.011650	-122.328215	27.151679	7.692269	0.712644	10.718636
878	53.968707	-179.727917	-125.759209	27.204535	7.455391	0.701149	10.675753
880	63.379800	-179.612059	-116.232259	26.712123	8.755467	0.701149	10.650790
882	72.261288	-179.052171	-106.790883	27.149857	9.982381	0.701149	10.583783
884	69.542818	-172.174628	-102.631810	27.904535	9.606844	0.701149	10.554338
886	65.510544	-165.921369	-100.410825	27.404445	9.049814	0.689655	10.518518
888	52.369435	-160.978516	-108.609080	27.812783	7.234463	0.655172	10.586336
890	62.378687	-168.002158	-105.623471	27.540570	8.617170	0.678161	10.702498
892	70.969441	-172.890755	-101.921314	27.196077	9.803921	0.678161	10.764273
894	64.817860	-168.863293	-104.045433	28.070123	8.954124	0.701149	10.813913
896	77.073530	-165.410774	-88.337244	28.260095	10.647158	0.701149	10.827496
898	72.664969	-163.407798	-90.742829	27.681869	10.038146	0.701149	10.758437
900	82.904659	-171.159811	-88.255152	26.235185	11.452686	0.678161	10.714770
902	71.942001	-159.565979	-87.623977	24.961738	9.938274	0.666667	10.776846
904	68.492135	-169.748069	-101.255934	24.559201	9.461699	0.666667	10.844993
906	76.638241	-168.182450	-91.544210	24.321765	10.587026	0.678161	10.899560
908	63.441619	-164.972919	-101.531300	23.915194	8.764007	0.701149	10.932440
910	73.703943	-173.963563	-100.259620	23.455433	10.181673	0.678161	10.886746
912	70.053640	-172.582572	-102.528932	23.331884	9.677410	0.701149	10.888900
914	65.203375	-168.504483	-103.301109	24.014761	9.007381	0.712644	10.981683
916	65.567476	-176.752618	-111.185142	25.043299	9.057678	0.712644	11.117994
918	59.489089	-177.089222	-117.600132	25.174568	8.217993	0.735632	11.215257
920	75.618400	-179.423396	-103.804997	24.489509	10.446142	0.735632	11.282325
922	72.994750	-182.712037	-109.717287	24.043082	10.083703	0.735632	11.369200
924	72.034645	-177.798880	-105.764235	24.087989	9.951072	0.735632	11.476718
926	71.552615	-180.810992	-109.258378	24.837210	9.884483	0.724138	11.553242
928	66.935653	-172.876667	-105.941015	25.537307	9.246682	0.724138	11.658682
930	67.451210	-177.533710	-110.082500	25.003150	9.317903	0.712644	11.705223
932	68.371529	-168.785754	-100.414225	24.663340	9.445038	0.712644	11.665057
934	72.656019	-172.322946	-99.666927	25.016334	10.036910	0.712644	11.653024
936	75.595445	-183.154470	-107.559025	25.137792	10.442971	0.724138	11.600792
938	78.877255	-177.146948	-98.269694	26.035007	10.896329	0.735632	11.612020
940	79.916565	-179.080174	-99.163609	27.143988	11.039903	0.747126	11.599602
942	70.104117	-172.643496	-102.539379	27.137821	9.684383	0.724138	11.528691
944	70.385361	-177.330933	-106.945571	26.612564	9.723235	0.724138	11.404492
946	77.168189	-183.824471	-106.656281	27.078382	10.660234	0.712644	11.320096
948	66.855637	-176.111957	-109.256320	27.591019	9.235629	0.701149	11.283789
950	69.959083	-166.506559	-96.547477	28.649758	9.664348	0.689655	11.240636
952	75.497926	-173.569325	-98.071398	28.565527	10.429499	0.712644	11.139116
954	68.237600	-161.426064	-93.188464	28.715177	9.426537	0.678161	11.035495
956	78.484488	-166.586045	-88.101558	28.976997	10.842071	0.712644	10.861366
958	88.954708	-165.020625	-76.065917	29.780145	12.288458	0.666667	10.763598
960	78.397938	-156.650282	-78.252344	29.837168	10.830115	0.678161	10.650467
962	83.214387	-160.184154	-76.969767	32.244347	11.495473	0.643678	10.564399
964	75.488696	-149.227358	-73.738662	33.189796	10.428224	0.620690	10.542866
966	80.383667	-152.328760	-71.945093	33.790033	11.104429	0.620690	10.553576
968	66.182026	-145.515013	-79.332987	33.525572	9.142574	0.655172	10.507194
970	80.556119	-160.258534	-79.702416	32.903177	11.128252	0.632184	10.469457
972	70.000330	-156.361174	-86.360844	32.514980	9.670046	0.655172	10.395889
974	68.288315	-153.118284	-84.829969	32.770852	9.433543	0.655172	10.232440
976	71.016686	-153.740185	-82.723499	32.436272	9.810448	0.643678	10.079492
978	72.996858	-157.753057	-84.756199	31.506106	10.083995	0.655172	10.024772
980	75.740752	-164.053823	-88.313072	30.351599	10.463044	0.689655	9.974742
982	71.435067	-167.841494	-96.406427	30.208528	9.868244	0.689655	9.920113
984	79.181261	-169.748155	-90.566894	29.841103	10.938326	0.689655	9.851077
986	63.102915	-155.936436	-92.833521	30.618072	8.717217	0.666667	9.800377
988	87.000328	-168.178095	-81.177767	29.115412	12.018474	0.689655	9.745684
990	83.381748	-159.584307	-76.202559	28.659480	11.518593	0.666667	9.745439
992	82.471785	-159.020736	-76.548951	27.574638	11.392888	0.666667	9.585196
994	78.427149	-159.663307	-81.236158	26.667885	10.834150	0.689655	9.410651
996	76.782128	-164.681864	-87.899736	27.194793	10.606903	0.678161	9.296932
998	61.627013	-150.078695	-88.451683	28.829990	8.513332	0.655172	9.300530
1000	82.207996	-160.980677	-78.772681	28.766640	11.356447	0.678161	9.310267
