#time	ekin		epot		etot		chain_length	temperature	q		dRMSD
0	0.000000	246.573716	246.573716	13.513117	0.000000	0.103448	12.548937
2	138.887880	88.756481	227.644361	12.135316	19.186369	0.091954	12.548372
4	135.426300	73.265746	208.692046	11.152048	18.708176	0.080460	12.520175
6	157.000174	30.822997	187.823172	10.984834	21.688453	0.126437	12.564565
8	134.262091	17.347203	151.609294	11.682956	18.547349	0.114943	12.635937
10	107.764572	25.988195	133.752767	12.911489	14.886906	0.114943	12.666565
12	97.790556	23.704457	121.495013	14.032236	13.509067	0.103448	12.625601
14	97.332853	6.799536	104.132389	15.490750	13.445838	0.137931	12.614867
16	103.375588	-8.281106	95.094483	16.592422	14.280599	0.160920	12.652959
18	92.908342	-13.099724	79.808618	17.506646	12.834624	0.183908	12.701446
20	88.150381	-12.087763	76.062617	18.158098	12.177345	0.183908	12.717348
22	94.332672	-22.870238	71.462434	18.749757	13.031385	0.206897	12.779063
24	84.050028	-27.841635	56.208392	19.456381	11.610911	0.195402	12.793557
26	85.163922	-32.096390	53.067532	19.112079	11.764788	0.229885	12.838977
28	87.050447	-27.098408	59.952039	18.302369	12.025398	0.241379	12.886368
30	74.009725	-30.490703	43.519022	17.740467	10.223915	0.252874	12.993035
32	82.288704	-37.069319	45.219386	16.939588	11.367597	0.241379	13.124450
34	72.525601	-36.452969	36.072632	15.841866	10.018894	0.252874	13.253823
36	81.299714	-49.548782	31.750931	14.905913	11.230975	0.275862	13.369482
38	78.388106	-55.980358	22.407747	14.967600	10.828757	0.287356	13.455622
40	88.579739	-68.986197	19.593542	15.596312	12.236658	0.298851	13.569775
42	76.393898	-69.178676	7.215222	16.425742	10.553271	0.310345	13.725799
44	74.169648	-63.814902	10.354746	16.833625	10.246007	0.321839	13.835300
46	71.550042	-64.336264	7.213778	16.545123	9.884127	0.310345	13.847375
48	77.975142	-58.225309	19.749833	16.850498	10.771709	0.310345	13.858262
50	67.039343	-63.159720	3.879623	17.319147	9.261006	0.298851	13.906419
52	67.284801	-72.619036	-5.334235	17.987733	9.294915	0.321839	13.931474
54	64.134077	-64.190072	-0.055995	18.702095	8.859665	0.310345	13.936339
56	76.933105	-64.782914	12.150191	19.682118	10.627759	0.310345	13.928372
58	77.130283	-67.253993	9.876290	20.635835	10.654998	0.321839	13.885798
60	82.868069	-69.280916	13.587153	22.055352	11.447632	0.321839	13.872782
62	84.672853	-68.419671	16.253182	23.682538	11.696950	0.321839	13.897848
64	83.316244	-72.709013	10.607231	25.386217	11.509544	0.356322	13.889605
66	86.698358	-73.091153	13.607205	26.624771	11.976759	0.356322	13.866666
68	75.314493	-73.211090	2.103403	27.493203	10.404159	0.344828	13.863866
70	52.168915	-63.024552	-10.855637	28.477555	7.206763	0.344828	13.891495
72	70.073056	-78.190512	-8.117456	29.562322	9.680092	0.356322	13.930403
74	65.135936	-80.105872	-14.969935	31.053365	8.998064	0.367816	13.933032
76	70.713729	-79.149962	-8.436233	32.108304	9.768597	0.379310	13.825751
78	73.746122	-82.562922	-8.816800	33.000839	10.187500	0.390805	13.716808
80	71.849048	-82.248676	-10.399628	34.043150	9.925433	0.367816	13.756235
82	84.320009	-93.050731	-8.730722	35.233759	11.648207	0.390805	13.761141
84	78.730337	-96.419105	-17.688768	36.247799	10.876034	0.413793	13.754279
86	73.723268	-91.327326	-17.604058	37.160386	10.184343	0.425287	13.745633
88	85.292455	-92.609348	-7.316893	37.716523	11.782543	0.425287	13.724219
90	72.397961	-93.206227	-20.808265	37.908818	10.001261	0.413793	13.721737
92	64.137127	-84.267011	-20.129884	37.890364	8.860086	0.425287	13.735972
94	61.674181	-92.364362	-30.690181	37.617424	8.519848	0.425287	13.708390
96	69.780866	-103.005401	-33.224535	37.475796	9.639728	0.448276	13.659023
98	63.942997	-94.182102	-30.239105	37.806941	8.833268	0.425287	13.610520
100	62.446549	-90.839212	-28.392663	38.167305	8.626545	0.425287	13.516534
102	66.188680	-89.537761	-23.349080	38.364705	9.143493	0.413793	13.527379
104	74.433560	-101.386993	-26.953433	38.665468	10.282465	0.425287	13.568425
106	71.065347	-91.956044	-20.890697	38.341602	9.817170	0.413793	13.519511
108	82.564354	-96.143540	-13.579187	37.745906	11.405676	0.413793	13.444212
110	73.158844	-95.079130	-21.920286	37.470400	10.106372	0.413793	13.346222
112	63.630144	-97.024316	-33.394172	37.284755	8.790050	0.436782	13.200825
114	70.254116	-107.374755	-37.120639	37.416358	9.705104	0.448276	13.103101
116	64.878369	-104.162870	-39.284501	38.070503	8.962483	0.459770	13.049249
118	57.803503	-104.426943	-46.623440	38.308716	7.985141	0.448276	13.028197
120	61.914739	-107.124191	-45.209452	37.494328	8.553079	0.459770	12.969055
122	73.201786	-105.981974	-32.780188	36.175401	10.112304	0.436782	12.957651
124	84.779276	-111.979531	-27.200255	34.611339	11.711651	0.459770	12.949879
126	68.338197	-105.798541	-37.460344	33.274375	9.440434	0.436782	12.941280
128	71.920813	-102.863850	-30.943037	32.497977	9.935347	0.448276	12.906013
130	65.288361	-105.722950	-40.434589	31.745807	9.019121	0.471264	12.893584
132	66.178442	-107.678707	-41.500266	30.348032	9.142079	0.494253	12.866309
134	68.406416	-113.045411	-44.638995	28.977856	9.449858	0.471264	12.845095
136	83.664406	-119.624997	-35.960591	26.969202	11.557640	0.494253	12.902444
138	82.739390	-113.183585	-30.444195	25.455202	11.429856	0.494253	12.970222
140	82.666106	-117.053777	-34.387671	24.410073	11.419732	0.494253	13.000782
142	74.114038	-113.226287	-39.112250	23.859829	10.238325	0.494253	13.006901
144	72.647457	-117.360111	-44.712654	23.304287	10.035727	0.494253	13.048991
146	77.581882	-117.676977	-40.095095	22.549244	10.717383	0.482759	13.116614
148	88.232999	-126.895135	-38.662136	22.785319	12.188759	0.482759	13.190413
150	68.132893	-112.515594	-44.382701	23.557726	9.412073	0.459770	13.271997
152	72.398783	-114.597452	-42.198669	24.390404	10.001375	0.482759	13.333902
154	70.752658	-104.812188	-34.059530	26.018469	9.773974	0.494253	13.329173
156	81.131433	-113.557374	-32.425940	27.562105	11.207728	0.471264	13.286181
158	75.682429	-108.990338	-33.307909	28.961417	10.454987	0.505747	13.206124
160	79.862300	-121.645496	-41.783196	29.320918	11.032406	0.494253	13.060044
162	72.901957	-106.725222	-33.823265	29.504456	10.070885	0.482759	12.883188
164	72.677489	-106.281908	-33.604419	29.754818	10.039876	0.471264	12.739055
166	89.169897	-117.587652	-28.417754	29.506976	12.318184	0.471264	12.582540
168	85.450264	-118.869183	-33.418919	29.082481	11.804344	0.482759	12.463395
170	91.195053	-121.916460	-30.721407	29.161976	12.597945	0.563218	12.405316
172	75.957379	-121.993600	-46.036221	29.334462	10.492969	0.574713	12.339891
174	69.212262	-117.028554	-47.816293	29.548163	9.561180	0.586207	12.253624
176	69.494246	-128.921180	-59.426934	28.970186	9.600134	0.574713	12.237769
178	80.153178	-134.876270	-54.723092	27.989176	11.072589	0.574713	12.225151
180	81.613041	-129.192098	-47.579057	26.982498	11.274259	0.586207	12.243243
182	63.705961	-129.627924	-65.921963	26.098071	8.800523	0.609195	12.311454
184	74.289101	-139.653603	-65.364502	25.170772	10.262509	0.620690	12.326099
186	67.895328	-144.202253	-76.306925	23.957020	9.379255	0.586207	12.375391
188	77.042091	-150.948067	-73.905976	23.703988	10.642815	0.620690	12.394643
190	65.965268	-145.863515	-79.898247	23.525835	9.112631	0.632184	12.431585
192	75.874171	-148.488371	-72.614200	24.042210	10.481475	0.620690	12.502851
194	67.523674	-145.686487	-78.162814	24.338813	9.327913	0.632184	12.562128
196	66.390602	-140.950343	-74.559741	24.755399	9.171387	0.620690	12.683232
198	88.623436	-156.489545	-67.866109	25.422346	12.242695	0.643678	12.750939
200	79.525159	-153.417960	-73.892801	25.566862	10.985833	0.666667	12.841678
202	86.095840	-149.811520	-63.715680	25.571068	11.893525	0.643678	12.986089
204	84.735676	-150.594834	-65.859158	25.305190	11.705628	0.632184	13.134868
206	76.101146	-149.366157	-73.265010	25.053479	10.512830	0.620690	13.158583
208	77.372659	-153.600313	-76.227653	25.471823	10.688480	0.643678	13.108146
210	74.824217	-149.926913	-75.102697	25.455104	10.336431	0.643678	12.919361
212	81.076573	-160.438783	-79.362210	25.605295	11.200149	0.632184	12.836458
214	75.810114	-153.438219	-77.628105	26.036158	10.472626	0.643678	12.747822
216	78.067463	-160.028071	-81.960609	26.392288	10.784462	0.632184	12.689720
218	79.152170	-164.181594	-85.029424	26.348665	10.934307	0.655172	12.695015
220	69.157769	-159.863636	-90.705867	26.896943	9.553652	0.620690	12.680751
222	58.266501	-158.607178	-100.340677	26.946761	8.049101	0.643678	12.663949
224	88.262029	-164.624584	-76.362556	27.034718	12.192769	0.678161	12.627353
226	70.339720	-160.137103	-89.797383	25.951502	9.716930	0.666667	12.660627
228	69.432934	-157.090141	-87.657206	25.512741	9.591664	0.655172	12.684078
230	66.355685	-151.069303	-84.713618	25.617729	9.166564	0.655172	12.682901
232	65.318668	-161.395352	-96.076683	26.200748	9.023307	0.666667	12.731310
234	77.261521	-168.863262	-91.601741	25.166812	10.673127	0.678161	12.743554
236	74.722917	-157.239460	-82.516544	24.068640	10.322437	0.678161	12.751202
238	74.054004	-163.516531	-89.462527	23.460092	10.230032	0.678161	12.790444
240	74.629241	-163.552106	-88.922865	23.392312	10.309497	0.643678	12.818372
242	80.190826	-164.122211	-83.931385	23.214031	11.077790	0.666667	12.722555
244	71.809258	-159.353032	-87.543773	23.076565	9.919936	0.655172	12.620232
246	62.222781	-162.477658	-100.254877	23.347997	8.595633	0.655172	12.511289
248	66.540878	-149.395237	-82.854358	23.282779	9.192147	0.655172	12.366982
250	64.593842	-157.027086	-92.433244	23.386745	8.923178	0.643678	12.261023
252	77.609702	-167.037754	-89.428052	22.539488	10.721226	0.678161	12.175544
254	69.574276	-166.076735	-96.502459	22.265358	9.611189	0.689655	12.138326
256	86.359665	-170.878912	-84.519247	21.486424	11.929971	0.666667	12.047731
258	80.891622	-175.857485	-94.965864	19.810272	11.174600	0.678161	12.041408
260	70.390107	-164.620045	-94.229938	19.236267	9.723891	0.666667	12.090696
262	75.571777	-167.712643	-92.140866	20.003958	10.439701	0.701149	12.061928
264	83.518525	-179.739268	-96.220742	22.048009	11.537488	0.701149	12.027408
266	80.242969	-187.142791	-106.899821	23.400150	11.084993	0.735632	11.953514
268	57.821074	-176.821861	-119.000787	24.059482	7.987568	0.724138	11.879763
270	62.247587	-181.273789	-119.026202	24.506236	8.599060	0.735632	11.936824
272	69.146454	-183.565433	-114.418979	24.430189	9.552089	0.701149	11.957692
274	65.811858	-185.526367	-119.714509	24.381944	9.091438	0.689655	11.923224
276	61.810976	-177.435700	-115.624724	23.131211	8.538745	0.678161	11.918716
278	59.919153	-174.480224	-114.561071	22.791223	8.277403	0.666667	11.862793
280	70.750788	-177.483394	-106.732606	22.174755	9.773716	0.655172	11.791041
282	64.757758	-175.696939	-110.939181	22.395056	8.945822	0.678161	11.749460
284	65.087659	-182.659178	-117.571520	22.991738	8.991395	0.678161	11.811347
286	67.042616	-179.066027	-112.023411	23.569944	9.261459	0.701149	11.837213
288	69.339042	-177.637283	-108.298241	23.238340	9.578693	0.724138	11.844828
290	68.551712	-178.982285	-110.430573	23.105440	9.469929	0.724138	11.872920
292	62.952907	-175.083898	-112.130991	23.096794	8.696494	0.724138	11.877243
294	62.031984	-180.910451	-118.878467	22.132188	8.569276	0.712644	11.837721
296	57.656825	-178.803058	-121.146234	20.929118	7.964879	0.689655	11.827699
298	62.784405	-183.814286	-121.029881	20.099614	8.673217	0.712644	11.896069
300	73.203916	-180.079527	-106.875610	19.626503	10.112598	0.724138	12.020582
302	71.129590	-172.737408	-101.607817	20.047256	9.826045	0.712644	12.127394
304	77.478496	-183.344086	-105.865591	20.334988	10.703101	0.724138	12.215268
306	64.284892	-176.278075	-111.993183	20.791947	8.880499	0.701149	12.180012
308	65.322150	-174.068026	-108.745877	21.804604	9.023788	0.701149	12.099174
310	71.488805	-177.391752	-105.902947	22.543532	9.875668	0.724138	12.040823
312	71.038416	-179.031436	-107.993020	23.461697	9.813450	0.701149	11.999874
314	73.487215	-175.048476	-101.561260	24.082349	10.151734	0.712644	12.012006
316	71.647788	-173.553269	-101.905481	23.916358	9.897630	0.701149	12.076878
318	66.950622	-169.482326	-102.531704	23.935280	9.248750	0.701149	12.183449
320	81.392518	-171.480928	-90.088410	23.636171	11.243795	0.712644	12.310682
322	90.951624	-176.096611	-85.144986	22.779644	12.564317	0.712644	12.372793
324	87.714229	-174.088455	-86.374226	21.633672	12.117094	0.724138	12.370112
326	83.506407	-166.960324	-83.453917	21.218536	11.535814	0.712644	12.376163
328	92.981317	-166.714202	-73.732885	19.880547	12.844705	0.678161	12.357334
330	81.971021	-158.772837	-76.801816	19.567324	11.323711	0.689655	12.249185
332	80.337876	-145.469382	-65.131506	19.404575	11.098104	0.666667	12.136470
334	80.932809	-146.068765	-65.135955	18.954981	11.180290	0.666667	12.009354
336	88.326413	-160.972935	-72.646522	18.873419	12.201663	0.655172	11.896498
338	72.906233	-149.771895	-76.865663	18.460835	10.071475	0.655172	11.793243
340	74.795488	-154.922751	-80.127263	18.817224	10.332462	0.666667	11.652186
342	73.830189	-142.647171	-68.816982	19.190919	10.199113	0.678161	11.412079
344	77.427466	-145.770157	-68.342691	19.066951	10.696051	0.655172	11.259616
346	81.480378	-145.451333	-63.970955	18.360700	11.255932	0.666667	11.098015
348	94.609950	-152.087437	-57.477486	16.918879	13.069689	0.689655	10.947728
350	96.289429	-159.861206	-63.571776	16.291137	13.301697	0.689655	10.903878
352	77.490513	-156.419216	-78.928703	15.104769	10.704761	0.666667	10.875480
354	81.379007	-162.344597	-80.965589	13.598278	11.241929	0.689655	10.865391
356	78.330535	-157.850023	-79.519488	12.627528	10.820804	0.724138	10.871241
358	82.405650	-169.080912	-86.675262	12.402875	11.383752	0.724138	10.915370
360	66.444620	-167.566464	-101.121844	12.319734	9.178850	0.712644	10.870068
362	67.866218	-166.442056	-98.575838	12.562884	9.375233	0.689655	10.806599
364	72.031703	-176.846940	-104.815237	13.032674	9.950665	0.678161	10.755384
366	62.296397	-173.992476	-111.696080	12.781521	8.605802	0.666667	10.776853
368	77.878388	-175.209330	-97.330942	12.453196	10.758343	0.666667	10.811254
370	64.246977	-168.613945	-104.366968	11.717777	8.875261	0.678161	10.824089
372	75.443260	-164.592608	-89.149348	11.317270	10.421948	0.701149	10.880928
374	86.413970	-171.056316	-84.642346	11.234536	11.937473	0.701149	10.958297
376	91.335024	-173.515522	-82.180498	11.806080	12.617281	0.678161	11.048782
378	77.443177	-164.688130	-87.244953	12.528854	10.698222	0.701149	11.149358
380	86.070474	-176.083342	-90.012868	12.340719	11.890021	0.712644	11.157591
382	82.513569	-181.464818	-98.951249	11.113033	11.398660	0.735632	11.148757
384	73.720789	-176.977147	-103.256358	10.484022	10.184000	0.712644	11.119045
386	70.459114	-177.632347	-107.173232	10.778950	9.733423	0.724138	11.178899
388	72.699627	-173.284329	-100.584702	10.373337	10.042934	0.712644	11.271320
390	58.047093	-163.542131	-105.495038	9.643551	8.018791	0.701149	11.380503
392	69.202349	-172.961057	-103.758708	9.150918	9.559810	0.735632	11.465119
394	63.248338	-167.269055	-104.020717	9.029884	8.737306	0.724138	11.494788
396	75.496929	-171.449574	-95.952645	9.420106	10.429361	0.724138	11.514181
398	71.647777	-173.004868	-101.357091	9.893471	9.897629	0.701149	11.579229
400	68.270947	-161.044002	-92.773055	10.532974	9.431144	0.678161	11.659500
402	86.445027	-171.567564	-85.122536	10.924641	11.941763	0.712644	11.757510
404	91.925297	-167.102093	-75.176796	10.848209	12.698823	0.712644	11.732223
406	91.899898	-175.574778	-83.674880	11.619542	12.695315	0.724138	11.593812
408	83.965093	-172.742620	-88.777528	13.016029	11.599178	0.724138	11.450778
410	79.692853	-172.912552	-93.219699	14.499984	11.008998	0.735632	11.409294
412	61.830964	-165.512975	-103.682011	15.274805	8.541506	0.701149	11.372451
414	62.501855	-174.993644	-112.491789	15.226634	8.634185	0.678161	11.332464
416	61.779452	-168.240854	-106.461402	15.149336	8.534390	0.666667	11.281529
418	69.695873	-173.021158	-103.325285	15.370879	9.627987	0.678161	11.172118
420	66.202717	-170.808626	-104.605910	15.335647	9.145432	0.701149	11.053276
422	76.270768	-178.647996	-102.377229	15.949322	10.536262	0.712644	10.962502
424	69.735683	-171.285691	-101.550008	16.385132	9.633487	0.712644	10.870676
426	65.788255	-167.429018	-101.640763	16.769972	9.088177	0.701149	10.777385
428	87.382756	-177.790991	-90.408235	16.264511	12.071304	0.678161	10.678013
430	67.482756	-157.457574	-89.974818	15.190276	9.322261	0.655172	10.639819
432	78.528603	-165.551661	-87.023058	14.313743	10.848166	0.678161	10.682937
434	70.745936	-153.044129	-82.298193	12.442363	9.773046	0.655172	10.773969
436	76.250113	-158.248035	-81.997923	11.820528	10.533408	0.655172	10.855981
438	80.459311	-163.754415	-83.295104	12.102657	11.114879	0.666667	11.020275
440	102.574576	-168.304614	-65.730038	11.094719	14.169945	0.689655	11.199020
442	74.788419	-154.186458	-79.398039	11.518701	10.331486	0.678161	11.319008
444	84.096888	-163.185224	-79.088337	12.480882	11.617384	0.678161	11.492500
446	64.939082	-162.316009	-97.376927	13.036911	8.970870	0.655172	11.653412
448	63.047337	-158.872802	-95.825465	13.802546	8.709539	0.643678	11.753430
450	59.611783	-151.087566	-91.475783	14.312703	8.234942	0.643678	11.813777
452	69.634607	-158.833291	-89.198684	16.903046	9.619524	0.666667	11.898936
454	78.774466	-166.368618	-87.594152	18.269360	10.882130	0.678161	11.984727
456	75.674776	-168.685269	-93.010493	19.130154	10.453930	0.701149	11.983545
458	62.389816	-162.976701	-100.586885	19.222644	8.618707	0.712644	11.939872
460	69.387436	-169.521187	-100.133752	19.006318	9.585379	0.712644	11.939151
462	66.739785	-174.586712	-107.846926	18.758322	9.219625	0.735632	11.959356
464	68.157677	-177.827415	-109.669738	18.183672	9.415496	0.712644	11.989484
466	74.346611	-183.575290	-109.228679	17.990987	10.270453	0.701149	12.051931
468	71.299141	-177.721487	-106.422345	17.793344	9.849467	0.712644	12.188971
470	81.092453	-185.080489	-103.988036	18.412311	11.202343	0.712644	12.317151
472	68.572563	-179.671389	-111.098826	18.171459	9.472810	0.701149	12.472644
474	66.954948	-181.388948	-114.434000	18.217066	9.249348	0.701149	12.578601
476	74.304272	-179.275135	-104.970863	19.452112	10.264605	0.712644	12.601608
478	66.226555	-175.626663	-109.400108	20.535635	9.148726	0.701149	12.564496
480	62.441318	-166.010347	-103.569029	21.339871	8.625822	0.655172	12.607911
482	74.963989	-178.178394	-103.214406	23.216622	10.355740	0.689655	12.653562
484	79.883836	-179.295629	-99.411792	23.534912	11.035381	0.712644	12.634917
486	71.146460	-182.807189	-111.660730	24.317888	9.828375	0.724138	12.571673
488	69.483333	-183.447456	-113.964123	24.692275	9.598626	0.712644	12.430266
490	64.978812	-183.015414	-118.036602	24.962820	8.976359	0.724138	12.319269
492	69.498235	-171.334815	-101.836580	24.301648	9.600685	0.678161	12.220584
494	74.600697	-165.661665	-91.060967	25.614182	10.305554	0.678161	12.113392
496	78.238113	-163.727070	-85.488957	24.961529	10.808036	0.701149	11.903393
498	76.285604	-169.804772	-93.519168	23.595731	10.538311	0.701149	11.647634
500	65.932745	-164.286741	-98.353996	23.551422	9.108138	0.701149	11.457130
502	73.736118	-165.373087	-91.636968	21.609598	10.186118	0.678161	11.317687
504	74.132263	-159.888343	-85.756079	21.545431	10.240843	0.689655	11.040750
506	71.332948	-164.876915	-93.543966	21.825104	9.854137	0.724138	10.757536
508	74.011848	-168.246171	-94.234323	20.734396	10.224208	0.712644	10.527087
510	83.810132	-175.788945	-91.978813	20.817676	11.577771	0.689655	10.425052
512	73.330177	-173.607162	-100.276984	21.171575	10.130040	0.701149	10.312798
514	76.855426	-182.305871	-105.450445	21.120568	10.617028	0.701149	10.202606
516	61.899094	-170.290065	-108.390971	20.329059	8.550918	0.666667	10.192772
518	68.818386	-171.113720	-102.295335	19.190386	9.506768	0.666667	10.149075
520	76.468217	-175.326798	-98.858580	18.690537	10.563538	0.666667	10.031207
522	81.002140	-176.972464	-95.970324	19.563052	11.189867	0.712644	9.951771
524	64.548939	-164.157817	-99.608877	19.719041	8.916975	0.712644	9.792910
526	71.151888	-175.069292	-103.917404	19.288426	9.829125	0.701149	9.643312
528	66.280360	-177.070486	-110.790126	18.801807	9.156158	0.712644	9.568807
530	62.409278	-175.822637	-113.413359	18.415462	8.621396	0.701149	9.454387
532	74.122065	-178.767038	-104.644973	18.227566	10.239434	0.701149	9.293486
534	69.441726	-173.400141	-103.958414	17.831332	9.592878	0.678161	9.151922
536	71.485555	-170.153993	-98.668438	16.604561	9.875219	0.689655	9.014015
538	61.834900	-158.043900	-96.209000	16.148076	8.542050	0.701149	8.915337
540	67.728171	-174.216353	-106.488181	16.233012	9.356163	0.712644	8.828897
542	67.875177	-173.889293	-106.014117	16.172750	9.376471	0.712644	8.800306
544	67.001726	-170.810984	-103.809258	15.806344	9.255810	0.701149	8.867478
546	68.286210	-163.903649	-95.617439	16.042647	9.433252	0.701149	8.909648
548	69.010946	-167.998315	-98.987368	16.182632	9.533369	0.701149	8.952867
550	59.161204	-172.942335	-113.781132	15.574197	8.172698	0.689655	8.966306
552	72.867188	-172.819826	-99.952637	13.926439	10.066082	0.712644	8.984137
554	74.616976	-177.594937	-102.977961	11.970399	10.307802	0.724138	9.021156
556	64.399189	-175.665006	-111.265817	11.586689	8.896288	0.712644	9.070333
558	58.137938	-166.872801	-108.734863	10.832286	8.031341	0.701149	9.032065
560	56.415089	-169.740159	-113.325070	10.758907	7.793342	0.701149	8.892159
562	55.885571	-172.527296	-116.641725	11.979970	7.720192	0.701149	8.787739
564	75.652706	-174.804959	-99.152253	11.630206	10.450881	0.712644	8.748890
566	78.099606	-178.711434	-100.611828	11.847834	10.788903	0.712644	8.702878
568	61.377253	-164.306072	-102.928819	11.750926	8.478829	0.689655	8.686925
570	68.301304	-169.094780	-100.793476	10.797230	9.435337	0.701149	8.719611
572	74.425967	-162.668907	-88.242940	11.124474	10.281416	0.712644	8.729107
574	82.207702	-172.879558	-90.671856	11.425913	11.356407	0.701149	8.737449
576	70.001432	-169.569113	-99.567681	12.096956	9.670198	0.689655	8.815670
578	74.205452	-163.298767	-89.093315	11.750157	10.250953	0.689655	8.882506
580	65.678508	-168.795696	-103.117189	11.910199	9.073017	0.666667	8.962578
582	77.462658	-171.420733	-93.958075	11.857415	10.700913	0.689655	9.024814
584	80.282948	-164.566228	-84.283280	11.996054	11.090516	0.701149	9.098395
586	85.446890	-164.362302	-78.915412	12.494640	11.803878	0.666667	9.228792
588	74.394765	-169.521005	-95.126239	13.185825	10.277105	0.678161	9.375252
590	63.567131	-160.669238	-97.102106	13.352905	8.781345	0.678161	9.554032
592	85.026913	-177.280073	-92.253160	14.049835	11.745861	0.689655	9.767895
594	79.356376	-171.085267	-91.728891	15.406837	10.962516	0.666667	10.068461
596	82.937336	-168.938605	-86.001270	15.525991	11.457201	0.666667	10.420594
598	80.760843	-159.651293	-78.890450	16.716560	11.156534	0.678161	10.745653
600	73.137213	-158.405446	-85.268233	17.991040	10.103384	0.689655	10.878190
602	86.179876	-166.385443	-80.205567	18.266998	11.905134	0.689655	10.913176
604	91.755701	-167.361573	-75.605871	19.599408	12.675395	0.701149	10.943627
606	68.844253	-160.864452	-92.020199	21.042295	9.510342	0.712644	11.011079
608	76.272622	-173.579247	-97.306625	22.089944	10.536518	0.712644	11.120745
610	75.483617	-169.736020	-94.252403	23.488868	10.427523	0.701149	11.250138
612	59.937054	-161.860134	-101.923080	23.949778	8.279876	0.689655	11.182078
614	74.011686	-167.997732	-93.986046	23.110015	10.224186	0.712644	11.102124
616	80.190740	-164.982929	-84.792189	23.421417	11.077778	0.735632	11.024644
618	76.160280	-160.449046	-84.288766	23.099511	10.520999	0.712644	10.955147
620	75.511371	-163.846439	-88.335068	23.590205	10.431357	0.701149	10.918850
622	73.082671	-166.789720	-93.707048	23.901928	10.095849	0.689655	10.939554
624	70.783736	-164.593407	-93.809671	23.550831	9.778268	0.655172	10.971371
626	65.937005	-169.675250	-103.738245	23.446571	9.108726	0.678161	10.986019
628	71.681138	-170.842005	-99.160866	23.416344	9.902237	0.678161	10.985368
630	75.776831	-174.330026	-98.553194	22.591048	10.468028	0.701149	11.011755
632	71.991514	-176.081771	-104.090257	22.029646	9.945113	0.712644	11.118693
634	74.608306	-177.673361	-103.065054	21.776791	10.306605	0.712644	11.271429
636	78.346010	-163.988248	-85.642239	20.842278	10.822942	0.689655	11.319111
638	71.708251	-160.555977	-88.847726	20.001002	9.905983	0.666667	11.352311
640	68.365550	-154.566418	-86.200868	20.202609	9.444212	0.678161	11.464388
642	78.987153	-162.208025	-83.220873	20.853572	10.911511	0.666667	11.534453
644	72.573857	-158.448444	-85.874587	20.669726	10.025560	0.678161	11.600762
646	72.329652	-151.855145	-79.525494	20.706901	9.991825	0.666667	11.639017
648	71.108980	-157.881089	-86.772110	20.789366	9.823198	0.643678	11.656954
650	64.296171	-151.674230	-87.378058	20.783188	8.882057	0.701149	11.680022
652	71.801560	-168.944011	-97.142451	19.913046	9.918873	0.724138	11.687760
654	82.685035	-173.320714	-90.635679	19.759079	11.422347	0.701149	11.654305
656	81.262975	-168.961920	-87.698945	20.409628	11.225900	0.712644	11.574754
658	65.856030	-164.681404	-98.825374	21.085633	9.097540	0.689655	11.542229
660	72.406305	-169.585961	-97.179656	21.130429	10.002414	0.701149	11.466638
662	65.950339	-163.779653	-97.829314	20.762160	9.110568	0.678161	11.410450
664	69.124935	-173.104259	-103.979324	20.715918	9.549116	0.678161	11.372996
666	66.771655	-170.309052	-103.537397	20.549696	9.224027	0.689655	11.460833
668	78.209212	-174.373742	-96.164530	20.270544	10.804044	0.678161	11.650224
670	67.632187	-157.895411	-90.263223	20.158592	9.342904	0.655172	11.847317
672	71.072463	-164.773718	-93.701255	20.390286	9.818153	0.655172	11.999931
674	79.292958	-169.917280	-90.624322	21.241431	10.953756	0.678161	12.193576
676	80.021646	-165.038238	-85.016593	21.441851	11.054419	0.689655	12.429156
678	90.572281	-171.113525	-80.541244	21.428640	12.511914	0.689655	12.706166
680	84.477287	-158.015938	-73.538651	22.358019	11.669934	0.689655	12.947186
682	83.819259	-152.805580	-68.986321	23.559854	11.579032	0.678161	13.274724
684	73.074977	-151.377198	-78.302222	23.806134	10.094786	0.620690	13.559254
686	95.554911	-162.429562	-66.874651	23.328728	13.200229	0.678161	13.778597
688	88.459464	-171.414101	-82.954636	24.160207	12.220043	0.666667	13.925122
690	74.430105	-157.395672	-82.965567	25.154840	10.281987	0.678161	14.034220
692	74.846698	-158.228312	-83.381615	25.301246	10.339537	0.678161	14.121604
694	81.834628	-166.637692	-84.803065	25.163292	11.304869	0.666667	14.211753
696	79.150348	-163.832552	-84.682204	24.241438	10.934055	0.655172	14.283741
698	77.415854	-162.688317	-85.272463	23.834838	10.694447	0.655172	14.356324
700	79.494918	-164.863626	-85.368708	23.505375	10.981655	0.678161	14.451106
702	81.740008	-163.519804	-81.779796	23.575849	11.291798	0.678161	14.496834
704	70.727012	-154.864772	-84.137760	23.884121	9.770432	0.678161	14.505045
706	86.154909	-160.154507	-73.999598	23.850523	11.901685	0.666667	14.507501
708	72.792991	-145.491766	-72.698775	24.879954	10.055832	0.678161	14.426148
710	92.035216	-160.905546	-68.870329	24.893382	12.714008	0.678161	14.346825
712	83.741693	-162.780162	-79.038470	25.228268	11.568317	0.678161	14.280273
714	70.725008	-153.571409	-82.846401	25.422738	9.770155	0.643678	14.255174
716	59.658104	-156.497471	-96.839367	24.971305	8.241341	0.655172	14.206719
718	62.003983	-157.711768	-95.707784	25.132324	8.565407	0.655172	14.156461
720	67.152621	-165.248807	-98.096186	25.641482	9.276655	0.666667	14.145698
722	73.115038	-172.615066	-99.500028	26.179920	10.100320	0.678161	14.082966
724	76.425766	-177.894494	-101.468728	26.792138	10.557674	0.701149	14.063326
726	62.104611	-170.817311	-108.712701	27.289538	8.579308	0.689655	14.095887
728	59.554760	-168.966894	-109.412134	27.311984	8.227065	0.678161	14.080044
730	61.336186	-164.758983	-103.422796	27.254471	8.473156	0.678161	14.046115
732	72.369840	-169.245849	-96.876009	27.492887	9.997377	0.643678	14.034690
734	69.364386	-167.208373	-97.843987	27.483840	9.582194	0.678161	14.023320
736	63.148150	-161.114518	-97.966368	27.543109	8.723466	0.678161	14.028123
738	74.701594	-165.824027	-91.122433	27.939669	10.319492	0.689655	14.009701
740	81.996437	-173.475267	-91.478830	28.095146	11.327222	0.712644	13.981750
742	79.272095	-168.778254	-89.506159	28.042080	10.950874	0.701149	13.951683
744	80.575034	-165.057244	-84.482211	27.709271	11.130865	0.701149	13.924574
746	76.932492	-164.064853	-87.132361	28.286245	10.627674	0.701149	13.973332
748	75.766445	-164.183469	-88.417023	29.514668	10.466593	0.689655	14.090838
750	65.015849	-166.118156	-101.102307	30.179760	8.981475	0.643678	14.235224
752	66.392279	-156.550385	-90.158106	30.306827	9.171619	0.643678	14.313389
754	67.823342	-165.847845	-98.024502	30.331183	9.369310	0.643678	14.330231
756	66.970800	-169.942752	-102.971952	29.717451	9.251538	0.643678	14.285614
758	68.850009	-160.367790	-91.517780	28.519767	9.511137	0.666667	14.183256
760	70.408073	-156.339307	-85.931235	27.565789	9.726372	0.643678	14.034501
762	77.138733	-169.159768	-92.021035	26.939650	10.656165	0.678161	13.895485
764	72.376687	-163.573670	-91.196983	26.568086	9.998322	0.701149	13.801459
766	67.735597	-160.667110	-92.931513	26.849375	9.357189	0.666667	13.708717
768	75.597590	-164.349524	-88.751934	27.179353	10.443267	0.655172	13.593692
770	68.830393	-158.855790	-90.025397	28.027144	9.508427	0.678161	13.535088
772	64.246033	-168.291232	-104.045199	28.266012	8.875131	0.655172	13.492251
774	65.407492	-162.764563	-97.357071	28.789807	9.035578	0.678161	13.388562
776	62.982100	-161.708594	-98.726495	29.105830	8.700527	0.678161	13.273396
778	63.028967	-164.513172	-101.484205	27.839847	8.707002	0.678161	13.210182
780	70.919970	-169.803493	-98.883523	27.777846	9.797087	0.701149	13.134105
782	58.832516	-163.486805	-104.654289	26.022251	8.127292	0.655172	12.986416
784	61.589097	-160.641664	-99.052566	25.780682	8.508094	0.701149	12.831899
786	67.907246	-166.000835	-98.093589	25.625714	9.380901	0.689655	12.730184
788	73.698660	-155.793580	-82.094920	25.323356	10.180943	0.643678	12.636945
790	74.351736	-160.229555	-85.877819	24.637548	10.271161	0.655172	12.582890
792	72.639924	-154.347164	-81.707240	24.866846	10.034687	0.666667	12.574799
794	66.889990	-145.197442	-78.307452	24.714675	9.240374	0.632184	12.677301
796	76.651226	-155.201959	-78.550733	24.092991	10.588819	0.643678	12.743606
798	70.036301	-149.968405	-79.932103	23.233691	9.675015	0.620690	12.686113
800	66.538861	-160.527477	-93.988616	21.855405	9.191868	0.655172	12.554565
802	75.718438	-166.935046	-91.216608	20.233257	10.459961	0.666667	12.463464
804	69.173413	-163.111731	-93.938317	19.233728	9.555813	0.678161	12.406009
806	64.535798	-171.200433	-106.664636	19.079059	8.915159	0.701149	12.398621
808	73.505404	-187.916209	-114.410804	19.418796	10.154247	0.689655	12.348479
810	66.633205	-182.053438	-115.420233	19.832972	9.204901	0.701149	12.273759
812	64.792969	-181.997023	-117.204054	19.605192	8.950686	0.712644	12.138566
814	67.884814	-177.488253	-109.603439	19.656993	9.377802	0.689655	12.048433
816	62.442328	-174.040686	-111.598358	19.181894	8.625962	0.689655	11.960842
818	59.135333	-172.459946	-113.324614	18.312544	8.169124	0.701149	11.911070
820	64.556191	-177.819053	-113.262862	17.158380	8.917977	0.701149	11.820810
822	63.994217	-175.336358	-111.342141	15.740535	8.840344	0.701149	11.694128
824	62.766690	-167.382215	-104.615525	15.583957	8.670770	0.712644	11.597023
826	59.570842	-164.072093	-104.501251	15.090776	8.229286	0.712644	11.582469
828	62.346970	-166.696299	-104.349329	14.648041	8.612789	0.712644	11.525607
830	66.809612	-172.424347	-105.614735	13.905779	9.229271	0.712644	11.471095
832	59.067276	-164.287278	-105.220002	13.623867	8.159722	0.701149	11.440968
834	57.085608	-166.282341	-109.196733	13.424677	7.885969	0.701149	11.484325
836	66.342869	-172.588220	-106.245351	13.876737	9.164793	0.712644	11.532260
838	66.518851	-162.937060	-96.418210	14.451314	9.189104	0.712644	11.611593
840	74.946885	-170.374862	-95.427977	13.850202	10.353377	0.712644	11.734277
842	71.262900	-171.749296	-100.486396	13.507799	9.844461	0.724138	11.927443
844	77.155076	-178.454398	-101.299322	13.363443	10.658423	0.701149	12.076115
846	58.837299	-168.287405	-109.450106	13.453050	8.127953	0.701149	12.202215
848	71.704130	-174.162503	-102.458374	14.493266	9.905413	0.689655	12.210012
850	75.214002	-175.735787	-100.521785	14.857286	10.390277	0.701149	12.172625
852	56.565478	-164.577736	-108.012257	14.744291	7.814117	0.689655	12.221824
854	67.753025	-169.213256	-101.460231	14.681153	9.359596	0.712644	12.293895
856	65.377042	-169.583679	-104.206638	13.787265	9.031371	0.724138	12.389355
858	74.796336	-175.353116	-100.556780	13.985119	10.332580	0.712644	12.442636
860	74.021396	-176.106683	-102.085287	13.652031	10.225527	0.689655	12.524496
862	60.023418	-167.168619	-107.145201	12.768681	8.291806	0.678161	12.584064
864	73.119086	-176.594381	-103.475296	12.220440	10.100879	0.701149	12.720843
866	76.777417	-178.047234	-101.269817	11.720417	10.606252	0.712644	12.855679
868	66.933873	-170.153042	-103.219169	11.451876	9.246437	0.701149	13.065293
870	72.130258	-172.295333	-100.165076	11.063511	9.964280	0.701149	13.258945
872	73.193568	-178.253747	-105.060180	11.747262	10.111169	0.701149	13.457872
874	71.968328	-185.952510	-113.984182	11.729999	9.941911	0.701149	13.574062
876	62.745364	-174.194386	-111.449022	12.250270	8.667824	0.701149	13.687407
878	59.586014	-170.644027	-111.058013	13.013749	8.231382	0.701149	13.722852
880	65.588877	-164.054152	-98.465276	13.490095	9.060635	0.689655	13.710105
882	74.423978	-173.535325	-99.111347	13.729050	10.281141	0.678161	13.704740
884	67.969234	-154.973101	-87.003867	14.462083	9.389464	0.678161	13.633767
886	64.630204	-154.877169	-90.246966	14.818034	8.928201	0.643678	13.588224
888	78.241727	-159.239846	-80.998119	14.309804	10.808536	0.666667	13.381692
890	71.967215	-164.497232	-92.530017	12.998145	9.941757	0.701149	13.160334
892	80.847252	-165.004862	-84.157609	12.399129	11.168470	0.712644	12.952975
894	80.776506	-174.238627	-93.462121	12.199379	11.158697	0.689655	12.792944
896	79.692762	-179.744545	-100.051782	12.463192	11.008986	0.701149	12.724757
898	63.614923	-168.624438	-105.009515	12.256632	8.787947	0.689655	12.644637
900	62.630876	-174.385158	-111.754281	12.112649	8.652008	0.701149	12.517835
902	58.510877	-181.151162	-122.640285	12.330310	8.082860	0.712644	12.467096
904	70.290740	-185.855982	-115.565242	14.747075	9.710164	0.712644	12.373140
906	68.896307	-182.619337	-113.723030	16.232276	9.517533	0.724138	12.319632
908	63.995095	-174.868354	-110.873258	16.954595	8.840465	0.712644	12.191615
910	65.493128	-170.390927	-104.897799	17.896559	9.047408	0.712644	12.139553
912	68.716728	-170.568866	-101.852138	19.452385	9.492725	0.724138	12.091734
914	79.287660	-172.200709	-92.913049	20.183246	10.953024	0.712644	11.940426
916	73.729706	-146.759229	-73.029523	20.393430	10.185232	0.678161	11.815985
918	73.956771	-156.410970	-82.454200	20.011208	10.216600	0.689655	11.695629
920	78.529978	-164.065165	-85.535186	18.986787	10.848356	0.689655	11.642788
922	76.188275	-164.893246	-88.704971	18.224939	10.524866	0.701149	11.645299
924	81.768066	-173.151017	-91.382951	19.355150	11.295674	0.712644	11.640212
926	83.445386	-170.252394	-86.807008	20.042084	11.527384	0.712644	11.698019
928	94.325196	-166.707566	-72.382370	21.163384	13.030352	0.712644	11.676220
930	64.860229	-151.533239	-86.673010	22.037451	8.959977	0.666667	11.609092
932	75.414602	-155.047350	-79.632749	22.113067	10.417989	0.701149	11.554672
934	79.992209	-160.704374	-80.712165	22.581556	11.050352	0.678161	11.542990
936	81.738355	-160.301406	-78.563051	22.371737	11.291570	0.689655	11.561336
938	74.378359	-152.617527	-78.239168	22.510158	10.274839	0.632184	11.575889
940	83.646276	-160.565635	-76.919359	21.143070	11.555136	0.643678	11.569839
942	68.658446	-154.792872	-86.134427	20.613953	9.484674	0.655172	11.649649
944	71.450912	-158.967550	-87.516638	20.859434	9.870433	0.666667	11.686470
946	73.301709	-169.048460	-95.746751	20.448247	10.126107	0.712644	11.732331
948	72.881385	-169.171035	-96.289650	19.693296	10.068043	0.712644	11.741295
950	62.057840	-163.890331	-101.832490	19.979779	8.572847	0.724138	11.747474
952	70.708563	-172.865158	-102.156595	19.107137	9.767883	0.712644	11.722911
954	62.048732	-160.994089	-98.945357	19.908817	8.571589	0.712644	11.675572
956	65.595568	-158.077952	-92.482384	18.885264	9.061559	0.712644	11.629339
958	77.634860	-170.055942	-92.421083	18.336297	10.724701	0.701149	11.670537
960	74.846048	-169.700170	-94.854122	17.972034	10.339447	0.689655	11.706304
962	76.863339	-171.234112	-94.370773	18.854904	10.618121	0.701149	11.698776
964	75.555337	-179.043297	-103.487960	19.519291	10.437430	0.724138	11.728795
966	70.149816	-173.059595	-102.909780	19.851230	9.690696	0.712644	11.773599
968	69.524165	-179.421803	-109.897638	19.854195	9.604267	0.712644	11.822581
970	61.764275	-182.661036	-120.896761	20.474844	8.532293	0.701149	11.912948
972	66.535127	-175.710042	-109.174915	21.119542	9.191353	0.701149	11.985740
974	67.260619	-171.728477	-104.467858	21.411582	9.291574	0.724138	12.042928
976	68.186436	-181.551615	-113.365179	21.816958	9.419469	0.724138	12.079042
978	77.549534	-176.386301	-98.836768	22.318392	10.712914	0.712644	12.029624
980	72.830825	-174.481902	-101.651077	22.714016	10.061058	0.724138	11.900493
982	64.974614	-167.582959	-102.608345	22.381172	8.975779	0.678161	11.863394
984	67.058762	-170.588481	-103.529720	22.974090	9.263689	0.689655	11.820498
986	67.679583	-175.506012	-107.826430	23.300597	9.349451	0.712644	11.800494
988	55.918403	-165.925106	-110.006703	24.109343	7.724728	0.701149	11.876895
990	67.201368	-178.551822	-111.350454	25.023419	9.283389	0.678161	11.961625
992	60.015806	-175.286318	-115.270512	25.595884	8.290755	0.678161	12.134543
994	63.460521	-174.159253	-110.698732	26.405990	8.766618	0.666667	12.309760
996	75.263882	-179.246685	-103.982803	26.109128	10.397168	0.689655	12.445445
998	70.160100	-176.443328	-106.283228	26.074344	9.692117	0.689655	12.506231
1000	55.829495	-163.004932	-107.175437	25.333032	7.712446	0.643678	12.566847
