# Numero mossa   Energia    Magnetizzazione X    Magnetizzazione Y    Acc. rate
1   -1.17  0.521   0.00891
2   -1.17  0.524   -0.00449
3   -1.17  0.518   0.000754
4   -1.17  0.524   0.00261
5   -1.17  0.519   -0.000534
6   -1.17  0.521   0.00159
7   -1.17  0.518   -0.00397
8   -1.17  0.522   -0.0101
9   -1.17  0.519   0.00449
10   -1.17  0.524   0.00141
11   -1.17  0.52   -0.0156
12   -1.17  0.52   -0.00415
13   -1.17  0.52   -0.00687
14   -1.17  0.517   -0.00675
15   -1.17  0.525   0.00515
16   -1.17  0.524   0.000834
17   -1.17  0.524   0.00665
18   -1.17  0.52   -0.00614
19   -1.17  0.525   -0.00423
20   -1.17  0.518   -0.0018
21   -1.17  0.523   0.00366
22   -1.17  0.523   0.0115
23   -1.17  0.523   -0.00367
24   -1.17  0.523   0.0121
25   -1.16  0.516   -0.00685
26   -1.17  0.52   0.0237
27   -1.17  0.521   0.00925
28   -1.17  0.525   -0.00239
29   -1.17  0.528   -0.00645
30   -1.17  0.523   -0.00254
31   -1.17  0.517   0.00969
32   -1.17  0.519   0.0104
33   -1.17  0.518   0.004
34   -1.17  0.522   0.000409
35   -1.17  0.524   -0.00986
36   -1.17  0.52   0.0137
37   -1.17  0.525   0.013
38   -1.17  0.521   0.00221
39   -1.17  0.525   0.00191
40   -1.17  0.52   -0.00632
41   -1.17  0.524   0.0115
42   -1.17  0.52   -0.00466
43   -1.17  0.525   0.0198
44   -1.17  0.524   -0.00583
45   -1.17  0.521   -0.00369
46   -1.17  0.515   0.023
47   -1.17  0.527   -0.00478
48   -1.17  0.519   0.00582
49   -1.17  0.52   -0.00848
50   -1.17  0.519   -0.000677
51   -1.17  0.522   0.0138
52   -1.17  0.519   0.009
53   -1.17  0.525   -0.0118
54   -1.17  0.518   0.00453
55   -1.17  0.52   0.00339
56   -1.17  0.521   -0.0181
57   -1.17  0.523   -0.00847
58   -1.17  0.52   0.00867
59   -1.17  0.522   -0.013
60   -1.17  0.529   0.00345
61   -1.17  0.522   0.00149
62   -1.17  0.522   -0.00646
63   -1.17  0.523   -0.00462
64   -1.17  0.528   0.00152
65   -1.17  0.521   0.00511
66   -1.17  0.527   -0.0139
67   -1.17  0.518   0.00619
68   -1.17  0.519   -0.00608
69   -1.17  0.522   0.00349
70   -1.17  0.525   -0.00831
71   -1.16  0.513   -0.000232
72   -1.17  0.523   0.00624
73   -1.17  0.521   -0.00732
74   -1.17  0.519   0.00464
75   -1.16  0.516   0.0114
76   -1.17  0.516   0.00832
77   -1.17  0.527   -0.0192
78   -1.17  0.519   0.00195
79   -1.17  0.525   0.000401
80   -1.17  0.523   0.00654
81   -1.17  0.523   -0.00429
82   -1.17  0.521   0.00991
83   -1.16  0.518   0.01
84   -1.17  0.517   0.00293
85   -1.17  0.522   0.00045
86   -1.17  0.523   0.0177
87   -1.17  0.526   -0.0067
88   -1.17  0.521   -0.0136
89   -1.16  0.515   -0.000142
90   -1.17  0.524   -0.00567
91   -1.17  0.522   0.00361
92   -1.17  0.521   -0.00795
93   -1.16  0.516   0.00165
94   -1.17  0.526   -0.00067
95   -1.17  0.518   -0.0009
96   -1.17  0.523   -0.00436
97   -1.17  0.52   0.00303
98   -1.17  0.518   -0.0129
99   -1.17  0.518   -0.00332
100   -1.17  0.523   -0.000473
101   -1.16  0.519   -0.00379
102   -1.17  0.516   -0.0109
103   -1.17  0.522   -0.000724
104   -1.17  0.52   0.0117
105   -1.17  0.523   0.00455
106   -1.17  0.519   0.00392
107   -1.16  0.517   -0.0137
108   -1.17  0.522   -0.00963
109   -1.17  0.52   0.0116
110   -1.17  0.523   0.00354
111   -1.17  0.525   -0.0132
112   -1.17  0.526   -0.0048
113   -1.16  0.514   -0.00118
114   -1.17  0.522   -0.00241
115   -1.17  0.52   0.00786
116   -1.17  0.529   0.000413
117   -1.17  0.522   -0.00957
118   -1.17  0.516   0.00867
119   -1.17  0.519   -0.00475
120   -1.17  0.517   -0.00258
121   -1.17  0.523   0.00702
122   -1.17  0.523   0.00315
123   -1.17  0.521   0.0062
124   -1.17  0.524   -0.00623
125   -1.17  0.521   -0.00762
126   -1.17  0.517   -0.000163
127   -1.16  0.516   -0.0202
128   -1.17  0.52   -0.00787
129   -1.17  0.516   0.0135
130   -1.17  0.525   -0.0161
131   -1.16  0.516   0.0011
132   -1.17  0.519   -0.000293
133   -1.17  0.518   0.00951
134   -1.17  0.519   -0.00287
135   -1.17  0.517   0.00364
136   -1.17  0.516   0.00454
137   -1.17  0.528   0.0044
138   -1.17  0.526   -0.00478
139   -1.17  0.521   0.00809
140   -1.17  0.525   0.0133
141   -1.17  0.52   -0.00119
142   -1.17  0.522   -0.00157
143   -1.17  0.52   0.00143
144   -1.17  0.525   -0.00909
145   -1.17  0.519   0.00961
146   -1.16  0.515   0.0219
147   -1.17  0.523   -0.00212
148   -1.17  0.52   -0.0115
149   -1.17  0.517   -0.00972
150   -1.17  0.527   -0.00578
151   -1.17  0.517   -0.00282
152   -1.17  0.52   -0.00429
153   -1.17  0.523   0.0101
154   -1.17  0.519   -0.00674
155   -1.17  0.52   0.00414
156   -1.17  0.523   0.00977
157   -1.17  0.52   0.0067
158   -1.17  0.521   0.00291
159   -1.17  0.519   -0.00202
160   -1.17  0.521   -0.0158
161   -1.17  0.522   -0.00419
162   -1.17  0.525   -0.0121
163   -1.17  0.522   0.00149
164   -1.17  0.521   -0.0019
165   -1.17  0.518   -0.00518
166   -1.17  0.521   0.00832
167   -1.17  0.523   0.00877
168   -1.17  0.517   0.0175
169   -1.17  0.52   0.0085
170   -1.17  0.521   -0.000976
171   -1.17  0.524   -0.0217
172   -1.17  0.521   -0.000575
173   -1.17  0.526   0.00928
174   -1.17  0.523   -0.00968
175   -1.17  0.517   0.0108
176   -1.16  0.515   0.0044
177   -1.17  0.519   -0.0111
178   -1.17  0.523   0.0134
179   -1.17  0.516   0.00698
180   -1.17  0.52   -0.00119
181   -1.17  0.517   -0.00175
182   -1.17  0.522   0.00681
183   -1.17  0.521   0.000615
184   -1.17  0.522   -0.001
185   -1.17  0.524   0.00497
186   -1.17  0.521   0.0162
187   -1.17  0.52   -0.0192
188   -1.17  0.524   0.00707
189   -1.17  0.52   -0.00819
190   -1.17  0.527   -0.00338
191   -1.17  0.52   -0.000488
192   -1.16  0.516   0.00884
193   -1.17  0.518   0.000805
194   -1.17  0.528   -0.00212
195   -1.17  0.527   0.00432
196   -1.17  0.523   0.00921
197   -1.17  0.525   0.0127
198   -1.17  0.525   -0.00174
199   -1.17  0.525   0.00164
200   -1.17  0.531   -0.00579
201   -1.17  0.52   -0.00109
202   -1.17  0.525   0.0104
203   -1.17  0.518   -0.00702
204   -1.17  0.524   0.0114
205   -1.17  0.526   0.0208
206   -1.17  0.525   0.00169
207   -1.17  0.515   0.000583
208   -1.17  0.517   -0.00958
209   -1.17  0.519   0.000753
210   -1.17  0.518   0.0171
211   -1.17  0.517   0.00761
212   -1.17  0.52   -0.0153
213   -1.17  0.522   0.0023
214   -1.17  0.521   0.00803
215   -1.17  0.521   -0.00642
216   -1.17  0.52   -0.0151
217   -1.17  0.524   0.00253
218   -1.18  0.53   -0.00378
219   -1.17  0.521   -0.0107
220   -1.17  0.521   0.00211
221   -1.17  0.528   -0.00923
222   -1.17  0.523   -0.00633
223   -1.17  0.522   -0.00505
224   -1.17  0.521   -0.000615
225   -1.16  0.517   0.00311
226   -1.17  0.518   0.00973
227   -1.17  0.523   0.00894
228   -1.17  0.52   -0.0031
229   -1.17  0.521   0.0101
230   -1.17  0.521   -0.00258
231   -1.17  0.522   -0.00225
232   -1.17  0.527   0.00648
233   -1.17  0.52   0.0143
234   -1.17  0.517   0.0054
235   -1.17  0.521   0.0134
236   -1.17  0.521   0.00343
237   -1.17  0.521   -0.00315
238   -1.17  0.526   -0.0121
239   -1.17  0.526   0.0231
240   -1.17  0.522   -0.00592
241   -1.17  0.519   0.000187
242   -1.17  0.521   -0.000698
243   -1.17  0.525   -0.000758
244   -1.17  0.522   -0.00397
245   -1.17  0.52   0.0158
246   -1.17  0.517   0.00143
247   -1.17  0.523   0.00376
248   -1.17  0.518   -0.0059
249   -1.17  0.523   0.02
250   -1.17  0.526   -0.00898
