1.0
0.9994949238950117
0.9990163287166997
0.9985491414453207
0.9980952428549883
0.9976497384267307
0.9972155206126643
0.9967890841803299
0.9963695273627228
0.995957061561672
0.9955558093148261
0.9951573329120323
0.9947675684992926
0.9943862769874967
0.994007165755541
0.9936296975694054
0.9932544674893063
0.9928833918837207
0.9925148153746421
0.9921456764917883
0.9917791582878871
0.9914149125351137
0.9910484752862269
0.9906894666555425
0.9903320980329854
0.9899751894177555
0.9896196187214583
0.9892652301186613
0.9889145296751972
0.9885630103342146
0.9882126187210619
0.9878662731279559
0.9875233977261231
0.9871838449893892
0.9868474789521794
0.9865126350902983
0.9861829351351029
0.9858522049706274
0.9855256299651437
0.9852062558952197
0.9848819150933542
0.9845605494229586
0.9842345659209869
0.9839130324342726
0.9835969834076647
0.9832792298737429
0.9829588193026955
0.9826402618747526
0.9823208279456523
0.9820039856245973
0.9816869877087572
0.9813692361255429
0.9810526323788543
0.9807366509041068
0.9804219589907158
0.9801080000335248
0.979788221983335
0.9794699643988158
0.9791542179895653
0.9788380348175912
0.9785179147114146
0.9782015967283586
0.9778868537198933
0.977573818442596
0.9772575200978231
0.9769373045360316
0.9766141231899578
0.9762910940534181
0.9759684868906345
0.9756463426764689
0.9753229498014178
0.9750007159306109
0.9746790804837899
0.974363798803327
0.974052245766292
0.9737376578721559
0.973419858442524
0.9731065065825014
0.9727925427009123
0.9724793501500794
0.9721643794287381
0.9718508478941634
0.9715363882887472
0.9712225883219745
0.9709116840260159
0.9706021293363059
0.9702939181033396
0.9699902958888493
0.9696890856180903
0.9693863960951281
0.9690844553431488
0.9687805472042632
0.9684760251810935
0.9681709622996758
0.9678712852489911
0.9675711853115061
0.9672750729198456
0.966973413222684
0.9666686754373247
0.9663632735903099
0.9660565009361252
0.9657452147384012
0.9654312004622094
0.9651234171543295
0.9648112907985966
0.9645028639948376
0.9642024313452817
0.9639056852488441
0.9636064080888955
0.9633046683055269
0.9630081429856804
0.9627109766078997
0.9624184873085881
0.9621303252729713
0.9618394683938987
0.9615489712678066
0.9612573113167227
0.9609653672233902
0.9606711592306532
0.9603766458282166
0.9600803096042264
0.9597814059578069
0.9594853249783177
0.9591957972358015
0.9589029719071853
0.9586099887703907
0.9583216680655174
0.9580346700722735
0.9577491182600546
0.9574691744970619
0.957190795389078
0.9569118276686024
0.956630424003113
0.9563510095114293
0.9560702034590279
0.9557897024584104
0.955506005354084
0.9552262257758026
0.954945093894829
0.9546641964737305
0.954384401180877
0.9541063245720521
0.9538235421610953
0.9535455106635388
0.9532661262501014
0.9529874374945807
0.9527074966606166
0.9524313309507323
0.9521495105413241
0.9518672516163889
0.9515829808276453
0.9513063752833595
0.9510335610548676
0.9507680427194742
0.9505056418706248
0.9502425227942403
0.9499756319870868
0.9497065768486646
0.9494365262142695
0.9491678318074923
0.9488957484460012
0.9486192484876199
0.9483430538185539
0.9480670262926761
0.9477846228015712
0.9474990810129976
0.9472117871854261
0.9469253616974557
0.9466389272333097
0.9463567535935861
0.9460767988562934
0.9458017142801098
0.9455278309328721
0.9452608591622799
0.9449934618092292
0.944722009960314
0.9444556313326619
0.9441905917343505
0.9439268923480225
0.943662263854383
0.9433997761358871
0.9431318567314367
0.9428640133900523
0.942597100867085
0.9423332549508684
0.9420667327088501
0.9418001111181149
0.9415273141733116
0.941258406163816
0.9409877436100181
0.9407204235386145
0.9404586172686182
0.9401973537161538
0.9399369889943785
0.9396772739780909
0.9394200464247056
0.9391612923055264
0.9389011991349022
0.9386416396266384
0.9383813606036965
0.9381233077652186
0.9378654264436327
0.9376104844596413
0.9373567826095247
0.9371017484465197
0.9368555984139998
0.9366080826995941
0.936359009960453
0.936112940797715
0.9358627281347303
0.9356111989823472
0.9353600404623804
0.9351122472961964
0.934872442819007
0.9346266069096814
0.9343838111189046
0.9341402820711399
0.9338988513704048
0.9336498110286363
0.9334040604900865
0.9331587632503835
0.9329109273050875
0.9326594385296834
0.9324118481859858
0.9321609401618955
0.9319108926767382
0.9316663113271277
0.9314219594079483
0.9311766122346109
0.9309322513557526
0.9306892469871993
0.9304500468252241
0.9302099793000216
0.9299656363875244
0.9297188067663092
0.9294652368349001
0.9292083139062487
0.9289483435863862
0.9286920327418493
0.9284377037912149
0.9281838529845495
0.9279290210263361
0.9276740361210782
0.927421389589868
0.9271708315819572
0.9269238330627282
0.9266794826443644
0.9264374954887401
0.9261965192531366
0.9259579537571132
0.9257165697470552
0.9254738904648563
0.9252359351390578
0.9250010138239317
0.9247594607682253
0.924514821960487
0.9242744299273812
0.9240340541706223
0.9237924664759015
0.9235525461996539
0.9233118641182358
0.9230761014306156
0.922837500011224
0.922599807634468
0.9223642415245518
0.9221241763100049
0.921883204786885
0.9216465269740513
0.9214106770249957
0.9211794389601494
0.9209468196180238
0.9207106076311571
0.9204755624364065
0.9202436267439827
0.920010753450282
0.9197763179034564
0.9195432170685847
0.9193068659185059
0.9190729973609915
0.9188376533483527
0.918608183637837
0.9183748924238623
0.9181473662176819
0.9179190919995875
0.9176855137030125
0.9174519264270076
0.9172235074934111
0.9169947075055502
0.9167664773418217
0.9165391051218857
0.9163114474344713
0.9160821160739563
0.9158604325491617
0.9156403349200055
0.915414831673461
0.9151939238547829
0.9149744496651533
0.9147578402868467
0.9145422795536238
0.914322702956618
0.9141046610197194
0.9138851193925459
0.9136625499810986
0.9134379124850789
0.9132095348328508
0.9129838552598929
0.9127601881575906
0.912538830717383
0.9123189278172863
0.912101789461776
0.911878277081219
0.9116510766232561
0.911425967554067
0.9112116973330883
0.9110019868373544
0.9107934625898322
0.9105785350634072
0.9103681034023209
0.910159618844384
0.9099477033991574
0.9097306299044919
0.9095124600017013
0.9092994890483976
0.9090891574423211
0.9088774480216553
0.9086662517591005
0.9084568084392066
0.9082443804129829
0.908034937985463
0.907826940237994
0.9076185042783028
0.9074112660670451
0.907203738726798
0.9069947713797841
0.9067818251396403
0.9065743063887372
0.9063651659838509
0.9061525709905427
0.9059391501767942
0.9057229100352031
0.9055072678842652
0.9052958461900712
0.9050832123497655
0.9048773578710019
0.9046735833962617
0.9044753265612686
0.9042735701462231
0.9040722325593175
0.9038696502212297
0.903667856630449
0.9034682462596915
0.9032687173678539
0.9030716384919764
0.9028737850817433
0.9026813665482543
0.9024843902855393
0.9022883433386549
0.9020860130026779
0.9018835351869134
0.9016839177082667
0.9014863607856137
0.9012853610074183
0.9010888091947109
0.9008902142010015
0.9006895788688508
0.9004915591429287
0.9002917631229624
0.9000979652958052
0.8999005488798358
0.899705527848409
0.8995105858211584
0.8993210870384156
0.8991308099505225
0.8989383652271141
0.8987480975638814
0.8985558582024188
0.8983671496177529
0.8981800962119805
0.8979914513651791
0.8978006952526106
0.8976095419686126
0.8974166542107448
0.897223486721644
0.8970316786305949
0.8968401499940831
0.896650718310604
0.8964582390473187
0.8962672110196955
0.8960737683642697
0.8958808491619109
0.8956899527520383
0.8954971289520824
0.8953058071600484
0.8951114927682661
0.8949187393744477
0.8947287955917224
0.8945402461769306
0.8943561489556442
0.8941661222561885
0.8939750995451619
0.8937825084792687
0.8935853317247062
0.8933858554277506
0.8931900508431994
0.8929911915107024
0.8927961404680582
0.892603831936761
0.8924147395959348
0.8922249534387557
0.8920294541252398
0.8918382947756182
0.8916451133477002
0.8914505554847201
0.8912563333703667
0.8910595346627955
0.8908627266672351
0.8906660754573158
0.8904664668331561
0.8902662752591161
0.8900636110727824
0.889861192451611
0.8896564888528609
0.8894548483758017
0.889255157707116
0.8890518558228192
0.8888501613672515
0.8886468181120298
0.8884478881238475
0.888247373466761
0.8880435019801851
0.8878399672017017
0.8876365824890348
0.8874293486873558
0.8872233877113785
0.8870222851553848
0.8868179793721345
0.8866099881050349
0.8864028513395104
0.8861938051544255
0.8859861672390211
0.8857818066397464
0.8855781179299324
0.8853722626146207
0.8851669824263985
0.884962289135749
0.8847583034140818
0.8845541769656454
0.8843452519601702
0.8841347229842964
0.8839296011849098
0.8837200070716952
0.8835124340718488
0.8832991989741067
0.8830862040618894
0.8828710343357894
0.8826558816571897
0.882438616456051
0.8822235517111873
0.8820137003930956
0.8818062860681186
0.8816015875289981
0.8813935094491532
0.881181579248333
0.8809680411786541
0.8807523356982803
0.8805379709430594
0.8803222108627807
0.8801131760433328
0.8799079182314274
0.8797004248381927
0.8794939333699111
0.8792820751499792
0.8790684772600351
0.8788535558624224
0.8786347725746831
0.8784140315912691
0.8781948454290479
0.8779766631827529
0.8777535852759478
0.877530403262341
0.8773070119633497
0.8770833098772507
0.8768595496717286
0.8766327662026743
0.8764054586546512
0.8761781414534854
0.8759543353206205
0.8757284376510451
0.875505712359174
0.8752830143335911
0.8750570719710199
0.8748308455674115
0.8746083238148507
0.8743808824795852
0.8741520588186545
0.8739272637078446
0.8737033486519575
0.8734766071418747
0.8732470239992687
0.873016753912611
0.872786853938666
0.8725574287740873
0.872332654316237
0.8721037968526472
0.8718803049224826
0.8716596081995038
0.8714372849923512
0.8712108942331641
0.8709923923172367
0.8707793707037539
0.8705682975645146
0.8703553234246034
0.870144298500888
0.8699333987059175
0.8697302964376753
0.8695304258927795
0.8693276261541127
0.8691225554527346
0.8689128222200464
0.8686992167535983
0.8684874120557002
0.8682756603065366
0.8680702825470012
0.8678690342092559
0.867667114634696
0.867467878339161
0.8672654958613206
0.8670639830779191
0.8668658967454983
0.8666667782194045
0.8664712984417614
0.8662736342702606
0.8660767144818902
0.8658759804647933
0.8656725838601703
0.8654680927303544
0.8652631877494537
0.865058689718054
0.8648562163661433
0.8646538024106678
0.8644578335777746
0.8642624532765694
0.8640647283978657
0.8638672904696195
0.863668165349259
0.8634743933236221
0.8632797993020868
0.8630869153679532
0.8628993506602131
0.8627060865372496
0.8625106815165425
0.8623139228460222
0.8621133820745274
0.8619112280854393
0.8617111723931941
0.8615103558229233
0.8613130453279695
0.8611168202119011
0.8609261441328254
0.8607315689455143
0.8605382089997748
0.8603460252347249
0.8601533721777578
0.8599640622625154
0.8597787148261093
0.8595820553391799
0.8593797722413025
0.8591819180185314
0.8589904588377357
0.8587972288965783
0.8586005912924705
0.8584030339572596
0.858207456248478
0.8580106229947071
0.8578119377223454
0.8576204474218571
0.8574290171777255
0.8572325497152079
0.8570312507182608
0.8568315296228007
0.8566312563371523
0.8564262737246012
0.8562205750974287
0.8560159562980284
0.8558130705005862
0.8556151008896888
0.8554164649546858
0.8552229575903842
0.85503012100923
0.854836919040788
0.8546411562991968
0.8544499632851716
0.8542605182150749
0.8540688825056416
0.8538851131309616
0.8537014804059733
0.8535157147011285
0.8533274259701455
0.8531381889899797
0.8529482597443613
0.8527596124257024
0.8525738633101625
0.8523897232261347
0.8522108055150784
0.8520317200778342
0.8518563069386423
0.8516762700627121
0.851495094645659
0.8513136900918785
0.851130031712263
0.8509441949255797
0.850759017873823
0.85057264788088
0.850384825995491
0.8501936212680614
0.8500015894974026
0.849805824302725
0.8496115590637138
0.8494178787841118
0.8492217691128646
0.8490349563185092
0.8488476495590084
0.8486599583108055
0.8484774383063888
0.8482939217118914
0.8481073885460153
0.8479212751949401
0.8477302233832043
0.8475392539191323
0.8473453082006341
0.8471464675843914
0.8469539127835669
0.8467655018620248
0.846576363686401
0.8463854258766759
0.846193944556782
0.8460000988283518
0.845803270641716
0.8456095356546338
0.8454123529227773
0.84521437739433
0.8450186995905784
0.8448201159223089
0.844615278241742
0.8444113414088663
0.8442083046448848
0.8440013366523468
0.843787994062909
0.8435757954540936
0.8433666217187092
0.8431558065859532
0.8429427724960962
0.8427290831887049
0.8425180341649532
0.8423113303859986
0.8421094944923129
0.8419060243167392
0.8416997938335791
0.8414970765676536
0.8412967817345257
0.8411031265231866
0.8409111413172784
0.8407238865079418
0.8405304108363993
0.8403373508480586
0.840147053005394
0.8399528133733918
0.8397554700905371
0.8395605157592148
0.8393637683016872
0.839165355774357
0.8389689677327383
0.838774304256284
0.8385751701025704
0.8383704499379587
0.8381742487407843
0.8379845124774108
0.8377937923786366
0.8376057207119907
0.8374180767726709
0.837231291531569
0.8370443350453538
0.8368563710027104
0.836669258147704
0.8364796791090575
0.8362905727819043
0.8361031985408419
0.8359101717118257
0.8357222713181073
0.8355330560788714
0.8353464618963163
0.8351623337913233
0.8349799306519871
0.8348004314048643
0.8346218778911999
0.8344436858959146
0.8342647200443372
0.834090111687625
0.8339172507064383
0.8337436318726433
0.8335720847968697
0.8334026505978382
0.8332309118976299
0.8330586470608288
0.8328876295116246
0.8327166965492601
0.8325403448500854
0.832370835050235
0.832198878657348
0.8320247143059281
0.8318507186362596
0.8316744984577824
0.8314997434862285
0.8313279743757568
0.8311592733755825
0.8309934447968014
0.8308225544356955
0.8306519741537806
0.8304810735605926
0.8303083951472056
0.8301363590948927
0.8299629853166881
0.8297978837343947
0.8296310337326183
0.829460924139265
0.829296784155557
0.8291269281664247
0.8289615903844704
0.8287951315377774
0.8286242465922905
0.8284500052095914
0.8282738622245238
0.8280980732420846
0.8279258340759788
0.8277557815525088
0.8275860686337339
0.8274150991998399
0.827241901141282
0.8270705562562327
0.8269010225119378
0.8267287775983486
0.8265576395849293
0.8263880466558864
0.8262212277054826
0.8260517479077315
0.8258836162688374
0.8257158655679874
0.8255456771933913
0.8253796780972121
0.8252155713556726
0.8250511175297589
0.8248889364572688
0.8247218004804652
0.8245552051814434
0.8243833265786491
0.8242126531888267
0.8240419932982226
0.8238731000897018
0.8237055000789709
0.8235371291377679
0.8233734893923985
0.8232107719846532
0.8230534441592211
0.8228909713029272
0.8227269256936338
0.822566989406762
0.8224030072965751
0.8222340580740174
0.8220755695455121
0.8219170863740873
0.8217560554653999
0.8215967716513203
0.8214407066048964
0.8212846632109424
0.8211313238106593
0.820975321514218
0.8208243685348959
0.8206674496754365
0.8205143493877124
0.8203547633855431
0.820195487387537
0.8200379488812491
0.8198821282271284
0.8197263801822808
0.8195719502744404
0.8194162231898284
0.8192633011198353
0.8191128827211136
0.8189596402795124
0.8188018126146255
0.8186457831500014
0.8184826861784836
0.8183231971987978
0.8181627948625791
0.817998028695009
0.8178320030148264
0.8176660739264255
0.8174969170700719
0.8173264407733811
0.8171607009992669
0.8169977510618601
0.816834532793717
0.8166764617551717
0.8165156185270278
0.8163560786845597
0.8162003757736852
0.8160410002131994
0.8158821389418397
0.81572096809949
0.8155615925382935
0.8153998500643989
0.8152347885893199
0.8150719940998503
0.8149118697521074
0.8147562422711478
0.8146051140094491
0.8144487123339124
0.8142958518204136
0.814141822409921
0.8139877605841421
0.8138332303484763
0.8136839642448814
0.8135344594225269
0.8133854624343204
0.8132281505126712
0.8130777200544207
0.8129279600625612
0.8127734472292725
0.8126198463510981
0.8124662025844994
0.8123076148588951
0.812155760582623
0.8120061696391676
0.8118560798275696
0.8117078107724676
0.8115623741254545
0.8114166734993686
0.811271124402114
0.8111211768085889
0.8109729887500353
0.8108251756513416
0.810677557144295
0.8105285946528629
0.8103820508710915
0.8102344375789956
0.8100845893363944
0.8099291541877518
0.809771384591655
0.8096120530207322
0.8094547394981908
0.8093016727964979
0.8091505747529223
0.8090035184078803
0.8088521066649013
0.8087039114278863
0.8085584316414517
0.8084110807406136
0.8082635211875172
0.8081205206137136
0.8079782144376547
0.8078405227769615
0.8077027239829312
0.8075661964604557
0.8074299990474674
0.8072931169851522
0.8071527319049477
0.8070119848639615
0.8068711163404204
0.8067317658075452
0.8065926043285884
0.8064504086987735
0.8063146087332319
0.8061748816119036
0.8060321443464269
0.8058876914633557
0.8057455438248459
0.8056017389835651
0.8054573189051585
0.8053106018210027
0.8051662514553126
0.8050230959166186
0.8048835473241893
0.8047376388000844
0.8045899136196379
0.8044419444815917
0.8042946188684462
0.8041499181468329
0.8040082338666011
0.8038640944909891
0.8037173108842844
0.803566945017308
0.8034144082555904
0.8032678288120105
0.803120599461777
0.8029714402747303
0.8028215062313077
0.8026742012048582
0.8025261421030868
0.8023762730478058
0.802223416967941
0.8020677545924484
0.801909787388648
0.8017500407918265
0.8015906682097802
0.8014315318754668
0.8012752065303403
0.8011212086935643
0.8009659692454729
0.8008110530734124
0.8006601328331031
0.8005072638558367
0.8003541036658148
0.8001963753592135
0.8000423881675119
0.7998893121783505
0.7997411192001074
0.7995942579060772
0.7994405343919543
0.7992855841439579
0.7991295752645873
0.7989722346388932
0.7988100697462838
0.7986457480783402
0.7984836175970589
0.7983202760412964
0.7981568745756576
0.7979931328324793
0.7978321121312902
0.7976722429194965
0.7975083345381991
0.7973458589291991
0.7971866913922214
0.7970277131130089
0.796868545595652
0.7967032731249837
0.7965437202509513
0.7963844042016834
0.7962275358245691
0.7960709719262807
0.7959156874707222
0.7957621889349964
0.7956086565325328
0.7954521958072855
0.7952930883061748
0.7951349628887352
0.7949753692390474
0.7948144621115539
0.7946500912782846
0.7944897056571908
0.7943327648899259
0.7941781026079506
0.7940225871048089
0.793868350693441
0.7937123755615183
0.7935588385267544
0.7934073516607707
0.7932608625812136
0.7931072458277412
0.7929557375999456
0.7928068857712907
0.7926555854028221
0.7925027118921858
0.7923494975622788
0.7921979513184977
0.7920384809133948
0.7918799339010918
0.791720021764189
0.7915621582253641
0.7914087322673394
0.7912597917717621
0.7911108073067961
0.7909587408689174
0.7908064744397938
0.7906510861198172
0.7904931689401589
0.7903352109084016
0.7901726053504989
0.7900094816667964
0.7898476433829404
0.789687019748651
0.7895241143360465
0.789366739446563
0.7892133917785717
0.7890594964104237
0.7889041949645039
0.7887526613631735
0.7886002749416445
0.7884521965281136
0.7883041373209805
0.7881547418906342
0.7880037099299143
0.7878521008248852
0.7876950942381054
0.7875413702109281
0.7873870259966866
0.7872346348119998
0.7870819176655132
0.7869240618352766
0.7867699791679373
0.7866198252305543
0.7864692559095354
0.7863188220376854
0.7861664785394805
0.786013234097662
0.7858599075574955
0.7857120492974979
0.7855636527030341
0.785416580704111
0.7852708021201391
0.7851229570321006
0.7849762089207032
0.7848293246213
0.7846873213470237
0.7845430185446315
0.7843990985289566
0.7842535952626313
0.7841085823497747
0.7839619585707769
0.7838129672710001
0.7836654182303212
0.7835171166573695
0.7833644702168624
0.7832127749426548
0.7830591559489667
0.7829076606094347
0.7827596123922536
0.782610201619695
0.7824642494368745
0.7823182564317789
0.7821683162803676
0.7820215155371888
0.7818791605737808
0.7817408863263312
0.7815987088206944
0.7814523321711815
0.7813074837342342
0.7811579964160664
0.7810011060724864
0.7808379563626707
0.7806742678724966
0.7805103449230093
0.780349605573105
0.7801858060117174
0.7800176044584533
0.7798498631550018
0.779686211569518
0.7795277671022702
0.7793697205763623
0.7792126395068383
0.7790573542632736
0.7789024790099478
0.778748136577648
0.778594981796595
0.7784407629710495
0.7782773554230081
0.7781136835441164
0.777948867617952
0.7777814412870968
0.7776132437537233
0.7774425907429019
0.7772707408257046
0.7771054873899699
0.7769418619823696
0.7767763872444712
0.7766125978236401
0.7764485421568432
0.7762831352628609
0.7761155931627499
0.7759490368800547
0.7757835335446864
0.775618628272345
0.7754496510807042
0.775281508510531
0.7751121538259018
0.7749460017886431
0.7747821317493631
0.7746188832947257
0.7744519958092266
0.7742856987665714
0.7741206434710546
0.7739562994540962
0.7737885515600719
0.7736206409543877
0.7734483472494335
0.7732744124130563
0.7731051876699834
0.772937901560735
0.7727707120965794
0.7725996931347424
0.7724315543672352
0.7722645942275753
0.7721003404439166
0.7719354735507422
0.7717714818913834
0.7716098505009001
0.7714500806226874
0.771291320440851
0.7711374115313022
0.7709778088802297
0.7708164250391757
0.7706528313075229
0.77048919666779
0.7703239810008576
0.7701640300807013
0.7700034363086393
0.7698451764513763
0.7696812389721764
0.7695159249433838
0.769346552300443
0.7691818961352219
0.7690149852838378
0.7688512182912054
0.7686907265121325
0.7685307931004967
0.7683713609006153
0.7682121970267368
0.7680470920286311
0.7678846160323408
0.7677243287302857
0.7675652718179014
0.7674071597015392
0.7672496083291045
0.7670886669062406
0.7669265703772661
0.7667673201951909
0.7666039479767485
0.7664450885185832
0.7662872157029033
0.7661298934381378
0.7659671796931157
0.7658078611765703
0.7656494622611778
0.7654953638985862
0.7653382835458475
0.7651867523484064
0.7650375635143222
0.7648858626723549
0.7647391913924749
0.7645929003551578
0.764447270022022
0.7643023240692152
0.7641554099804462
0.7640060563532043
0.7638566451864801
0.7637020860321116
0.7635526914886145
0.763406917070256
0.7632595771603146
0.7631093325549018
0.762961278539682
0.7628157728920424
0.7626711961537482
0.7625280771126252
0.762383960702138
0.7622403401363705
0.7620908274486005
0.7619369366740962
0.7617748033430622
0.761609806220173
0.7614432100183635
0.7612798507852695
0.7611165260245186
0.7609498846325399
0.760786937588678
0.7606257674076407
0.7604638876712408
0.7602972322093265
0.7601299888401182
0.7599680473811359
0.7598090003080856
0.7596519747762958
0.7594956306607484
0.7593368207566678
0.7591845039812062
0.7590303596712068
0.7588777307728892
0.7587273871909649
0.7585796176625612
0.7584318926751488
0.758280037244051
0.7581283651416402
0.7579825366415726
0.7578378822043188
0.7576910410931552
0.7575503374722415
0.7574088657299616
0.7572664702764543
0.7571298537207022
0.7569905910464902
0.7568565244669895
0.7567225175773455
0.756587701950581
0.7564492803253466
0.7563149144776544
0.7561814449779984
0.7560446261571446
0.755906603189766
0.7557638120647924
0.7556191095024976
0.7554732797996915
0.7553269761637532
0.755177774462444
0.7550319706709234
0.7548909313984563
0.7547427540882095
0.7545932288524656
0.7544405461676983
0.7542891366431126
0.7541405977263604
0.7539926435628158
0.7538437162817196
0.7536911285449109
0.7535359989608977
0.7533804826789435
0.7532255219401944
0.7530746222290651
0.7529242573854102
0.7527765911716815
0.7526291716411475
0.7524833295004926
0.7523390631693756
0.7521926834067214
0.752045465638495
0.7519002588187392
0.7517522642493244
0.7516074886793453
0.7514629682460119
0.7513145364221503
0.7511644105716995
0.751013633886366
0.7508601211331528
0.7507091774804825
0.7505608680579244
0.7504131707889932
0.7502705029871312
0.750124607404665
0.7499797046473973
0.7498344636280678
0.7496872564396438
0.749539999094376
0.7493935429897937
0.749249497795023
0.7491043493288904
0.7489582540714789
0.748815275681919
0.7486683858855251
0.7485218622397541
0.7483775452704902
0.74823329361985
0.7480900383081275
0.7479497389658417
0.7478094226257862
0.7476680880933871
0.7475250539286021
0.7473841528884025
0.7472391082671964
0.7470962843068752
0.7469502127976216
0.7468012425809346
0.7466484810043719
0.7464932206185904
0.7463364664381121
0.7461808236215836
0.7460293261472273
0.7458823938509597
0.7457344861599208
0.7455858821667808
0.7454385485347979
0.7452906179718092
0.7451419845487662
0.7449975684698312
0.7448554417601496
0.7447080991330377
0.7445608424844143
0.7444135587051265
0.7442678952787064
0.7441269264422244
0.7439838400846218
0.7438378256002288
0.7436921658396253
0.7435549747247979
0.7434204913382675
0.7432868707699968
0.7431560146311569
0.7430270867310964
0.7428970567032706
0.7427657619346111
0.7426416358696917
0.7425166829787752
0.7423945347538776
0.7422713511011301
0.7421490745377611
0.742021899840506
0.7418930963708922
0.7417641640197964
0.7416338647539208
0.7415028758737239
0.741370658130937
0.7412390077425085
0.7411075096511074
0.7409757728579373
0.7408399499546503
0.7407033195986014
0.7405691036782859
0.7404392186991796
0.7403119329158554
0.7401867152125065
0.7400646754309413
0.7399392454089688
0.7398154236990496
0.7396889246309255
0.7395648697961975
0.739438749882201
0.7393131709613856
0.7391874171395397
0.7390637863387413
0.7389360604211207
0.7388096185533173
0.7386852364966903
0.7385587382313513
0.7384347747956783
0.7383112908170342
0.7381903048618058
0.7380668730769085
0.7379404268592811
0.7378107331737869
0.737687646197361
0.7375616791585198
0.7374337032219297
0.7373042817289146
0.737179449458439
0.7370567811319669
0.7369308932768003
0.7368019318527663
0.7366769612879283
0.7365492177620732
0.7364198434692445
0.7362932102970259
0.7361731029519917
0.7360590855797438
0.7359435544148825
0.7358284547020825
0.7357132062495976
0.7355905239391993
0.7354709932512945
0.7353525610869206
0.7352342606690676
0.735116978808208
0.7349993695177495
0.7348833434720847
0.7347673108305485
0.7346548287398558
0.734543043107578
0.7344285489174909
0.7343169010191745
0.7341996145874496
0.7340820971715941
0.7339646664107597
0.7338524110581661
0.7337366433244591
0.733623823770511
0.7335111565778273
0.7333987522034983
0.7332885460871512
0.7331852681464966
0.7330794523139775
0.7329696813236977
0.7328598390093999
0.7327517129078178
0.7326415634129221
0.7325342361589309
0.732425436447497
0.732316907226125
0.7322104697767541
0.7321083662591742
0.7320045329226641
0.7318994879127232
0.7317960091195347
0.7316885293300565
0.7315798643899564
0.7314681191834008
0.7313541301700518
0.7312420822900512
0.7311307452524113
0.7310193326976548
0.7309074257787502
0.7307940290099916
0.7306772741061778
0.7305562269398456
0.730438692405597
0.730318647070407
0.7301964249175515
0.7300731507448596
0.7299551426523476
0.7298379569625953
0.7297202297091443
0.729601659334795
0.7294909535522739
0.7293789387438121
0.7292646474675499
0.7291468439678169
0.7290289368352147
0.7289092295069975
0.7287868478591177
0.7286670157444615
0.7285487277450705
0.7284327085068724
0.728316546724683
0.7281958814173811
0.7280734679814646
0.7279542050087289
0.7278439903676758
0.7277335993011569
0.7276259712606459
0.7275225027925738
0.7274176582074724
0.7273092653210691
0.7271974671438132
0.7270870675186959
0.726971857005923
0.7268591089938446
0.7267460833420645
0.7266368784504397
0.7265283095635182
0.7264165981528212
0.7263007195164357
0.726183831495549
0.7260634688133439
0.7259402030037829
0.7258177324535022
0.7256940645544133
0.7255683907668545
0.7254427772482386
0.7253194134487847
0.7251891416749527
0.7250578814253886
0.7249292618439844
0.7247984925385889
0.7246670073389119
0.7245346298069771
0.7244024689477893
0.7242692552613018
0.7241358733308835
0.7240063163639757
0.7238774976922852
0.723747786327354
0.7236201780187537
0.7234942735676916
0.7233729986445215
0.7232556514210464
0.7231396059240496
0.723023047826829
0.7229067687712964
0.7227843789977241
0.7226563627038048
0.7225282642743925
0.7224025230516081
0.7222777289411328
0.7221563995211253
0.7220312909139709
0.7219063855171103
0.7217829948433221
0.7216619773188477
0.7215394905941815
0.7214151915412869
0.7212876938329964
0.721160308783126
0.7210358417635867
0.7209131044652557
0.7207927666075544
0.7206732241227326
0.720556386440425
0.7204365466715253
0.7203195614981457
0.7202014942536196
0.7200834686017961
0.7199619042213588
0.7198430145718564
0.7197244757475667
0.7196118566764681
0.7194983375050574
0.7193828457897575
0.7192669439078395
0.7191546953432479
0.7190425575421374
0.7189317051413349
0.7188172030374869
0.7187016558629499
0.7185885500461882
0.7184757751594618
0.7183647001777366
0.7182541092086226
0.7181444561808201
0.7180352024303676
0.7179238349010544
0.7178129804576188
0.7177017550267453
0.7175957005338736
0.717487068544034
0.7173771055804163
0.7172641790444727
0.7171516752801372
0.7170393462820948
0.7169264777109234
0.7168168242636801
0.7167034752377367
0.7165882790765545
0.7164712944440753
0.7163547128216439
0.7162385076105844
0.7161222509035055
0.716008450098423
0.7159013202660438
0.7157962145260373
0.7156899147482371
0.7155858764696192
0.7154757424771737
0.7153672076283698
0.7152567059199253
0.7151454855071308
0.7150339731507337
0.7149227820123119
0.7148119974256486
0.7146950637822749
0.7145756569363345
0.714455304731238
0.7143357369901797
0.7142203362675033
0.7141021679027402
0.7139891437636042
0.7138751943837307
0.7137700605171041
0.7136711468489166
0.713572922045986
0.7134760860674398
0.7133790526096795
0.7132823146149555
0.7131781566074065
0.7130749039012036
0.7129708737976376
0.7128646692777336
0.7127571269627574
0.71264797813283
0.7125346652318063
0.712425675741864
0.7123231864131807
0.7122155149277402
0.7121067278528512
0.7119972205020315
0.7118841322353284
0.7117740412141723
0.7116581860684165
0.7115442074086502
0.7114283950286987
0.7113065913089907
0.711185456039932
0.7110655780960604
0.7109425253667555
0.710818675643706
0.7106994777092903
0.7105795146644657
0.7104569236998843
0.7103376796250506
0.710218753041183
0.7101041945481904
0.7099875337659717
0.7098710786339053
0.7097529853170558
0.7096388850934866
0.7095236646240255
0.7094057519212792
0.7092923182235947
0.7091769328298267
0.7090635949201846
0.7089497438149783
0.708835583529985
0.7087229892523952
0.7086059643923115
0.708491520987106
0.7083774734552457
0.7082613825515544
0.7081486556398645
0.7080333188242733
0.7079156202290924
0.7078021192283883
0.70768975933285
0.7075766441303629
0.7074658754774452
0.7073545935368222
0.7072451331303153
0.707133406786672
0.7070204446994007
0.7069086796523381
0.7067951932079427
0.7066826902595762
0.7065700180106641
0.7064600336179484
0.7063506916883326
0.7062368715921753
0.7061235135401983
0.7060082588389485
0.7058876706179115
0.7057727319654618
0.7056574315732207
0.7055415400110516
0.705424021930747
0.7053064572203096
0.7051886261834776
0.7050687166673981
0.7049483766115353
0.7048315955309036
0.7047123477299317
0.7045968720066137
0.7044797873542487
0.7043666535545055
0.7042502875404971
0.7041329704347002
0.7040125906471681
0.7038950013625652
0.7037777261100799
0.703660273441818
0.703549972135611
0.703439594603399
0.7033300619591651
0.7032218041062903
0.7031105624089456
0.7029965729571525
0.7028839113872226
0.7027753245712387
0.7026613187495175
0.7025458783803994
0.7024321427778315
0.7023160508880326
0.702198185353045
0.7020766228921977
0.7019603276826601
0.7018492520191777
0.701735727272263
0.7016242309822367
0.7015088288239599
0.7013962773575233
0.7012885348236609
0.7011804054033047
0.701073172885185
0.7009684450981283
0.7008676474687601
0.7007645570341989
0.7006608432046677
0.7005535861780247
0.7004463969346624
0.700337141861325
0.7002300854038217
0.7001253421431274
0.7000191049352821
0.6999184514323745
0.6998168955839804
0.6997128243003944
0.6996059743355075
0.6994968799638771
0.6993848663573
0.6992718581664996
0.699157110148359
0.6990410005613726
0.6989254309459366
0.698804347534217
0.6986798819852372
0.698555819171839
0.6984344386105535
0.6983109114298143
0.698189420980786
0.6980677268540507
0.697948001123551
0.6978251989019897
0.6976997986121373
0.6975710780216089
0.6974471858864147
0.6973285175225554
0.6972073695322556
0.6970875316706704
0.6969647140278453
0.6968399138914927
0.6967159418478045
0.6965929829477956
0.6964719628788503
0.6963510283534889
0.6962333092913823
0.6961140763140816
0.6959942357023848
0.6958789379142745
0.6957589069001408
0.6956365112276524
0.6955163203476443
0.6953920034348227
0.695265233974065
0.6951380314927251
0.6950125786309322
0.6948849502823392
0.6947580867818128
0.694634891471553
0.6945097209674735
0.6943838882652993
0.6942595699180157
0.6941386005101283
0.6940178999609451
0.69389920005032
0.6937802213949494
0.6936626493280775
0.6935475404166268
0.6934265573804822
0.6933046256294587
0.6931793421086906
0.6930580392337247
0.6929381876414865
0.6928175190741004
0.6926954090716971
0.6925722182913879
0.6924515987652494
0.6923285102316352
0.6922035348229859
0.6920788208865016
0.6919581911243955
0.6918374874140834
0.6917144589740698
0.6915911394598545
0.6914681763190136
0.6913473748312009
0.6912220902779039
0.6910992976001412
0.6909766441032518
0.6908592789125044
0.6907464660311236
0.6906373716264801
0.6905244757651361
0.6904132635967754
0.6902963400271315
0.690180558021922
0.690065940850445
0.6899554742443534
0.6898468771495515
0.689737606397571
0.6896325605043127
0.6895250943942799
0.6894217199466031
0.6893173831475711
0.6892127385567014
0.6891061543383127
0.6890009063240832
0.6888944183461971
0.6887881720333694
0.6886804748994182
0.6885766494884803
0.6884763701021923
0.6883783629243894
0.6882787776217208
0.688177500166797
0.6880825101459439
0.6879883311641029
0.6878952679945564
0.6878030423535975
0.6877186591469877
0.6876318841113169
0.6875445415233026
0.6874573530015575
0.6873689268754418
0.6872853533966153
0.6872042515074591
0.6871183060490327
0.6870336132231463
0.6869517711085523
0.6868685613704923
0.6867789514292413
0.6866859954716987
0.6865877793287725
0.6864903880459807
0.6863911909813921
0.6862895573776179
0.6861894496762206
0.686094817736166
0.6859985852555452
0.6859057088513321
0.6858159024027995
0.6857255536055968
0.6856309849900941
0.6855405421046383
0.6854501517362503
0.6853620565868483
0.6852743276936937
0.6851873255310393
0.6850934321542609
0.6850018585246376
0.6849151619896084
0.6848285507023525
0.6847413183320634
0.684648929154937
0.6845530716299365
0.6844598135802343
0.6843670879081465
0.6842680023928457
0.6841733519735664
0.6840784472423381
0.6839837854435675
0.6838886024275388
0.6837910784408985
0.6836934485790778
0.6836014967457473
0.6835114660851647
0.6834170246251511
0.6833282476006118
0.6832364330396767
0.6831446756904783
0.6830550870526118
0.6829674021900796
0.6828812112898074
0.682796926227347
0.682710092217169
0.682623828656488
0.6825348256204846
0.68245247521691
0.6823702266051364
0.6822814675189779
0.6821916814789083
0.6821060972497539
0.6820219463409037
0.6819422110870675
0.6818615136726964
0.6817818505227725
0.6817028751981805
0.6816217914090579
0.6815392722569089
0.6814552908810537
0.681374862488442
0.6812891209290589
0.6812033690814627
0.6811185537148616
0.6810354965747819
0.6809513983221636
0.6808673608145298
0.6807840932100113
0.6807010675155619
0.6806165632470218
0.6805364454682139
0.6804563890607143
0.6803766420882068
0.6802933031675786
0.6802164442839822
0.6801375858726817
0.6800607786268583
0.6799824110146021
0.6799144654563909
0.6798429120550556
0.6797706197027367
0.6796975351215074
0.6796253422700124
0.6795524943293034
0.6794840243211104
0.6794152135475525
0.6793423539992802
0.6792699161362632
0.6791964212256802
0.679121351831551
0.6790428364194294
0.6789598889490097
0.6788787502013599
0.678800169675181
0.6787204389588508
0.6786411815298627
0.6785592232813037
0.6784778305927659
0.6784032047855555
0.6783290601527657
0.6782499738102128
0.6781711183502791
0.6780885073524414
0.6780069588171056
0.6779238450821323
0.6778385131211995
0.6777508871916268
0.6776654033728857
0.677581717601204
0.6775018309243243
0.6774209991614251
0.6773421456560289
0.6772626090204273
0.6771816760293013
0.6771041832246883
0.6770252956271088
0.6769461256006805
0.6768654719392092
0.6767852941540156
0.6767077831986898
0.6766323424603495
0.6765519086015453
0.676469752734491
0.6763849609898412
0.6763044491612445
0.6762228856643444
0.6761423025342638
0.6760631787154562
0.6759851437641045
0.6759054468610831
0.6758266795638215
0.675750875482152
0.6756786402893886
0.6756035020642056
0.6755344279052597
0.6754676677710134
0.675399994801327
0.6753373433987352
0.6752671959048117
0.6751996200826851
0.6751334641015484
0.6750668337038711
0.6750007453211455
0.6749373042437898
0.6748716953799502
0.674807290326829
0.6747441880002466
0.6746784337143252
0.6746130030969583
0.6745479819562089
0.6744776524044154
0.6744075708736309
0.6743357758744987
0.67425921424145
0.6741781341428916
0.6740972784155396
0.6740107574871863
0.6739238074337516
0.6738273665844489
0.6737355066135782
0.6736467186484644
0.6735534636411816
0.6734615047811612
0.6733730246127364
0.6732810283388241
0.6731889335208129
0.6730957397532175
0.6730005632126347
0.6729073421163395
0.6728140236629341
0.6727255755304596
0.6726414836132638
0.6725565948908024
0.6724776230712537
0.6723985283911021
0.6723193264853571
0.6722405271131816
0.6721609974617143
0.6720798655186623
0.6719930374413849
0.6719061791952498
0.6718170368590852
0.6717329519394176
0.6716471749441254
0.6715618839306958
0.6714779514313548
0.6713964591644753
0.6713150377725863
0.6712331696038721
0.671158325377555
0.6710821841654402
0.6710059540840525
0.6709276153500907
0.6708499266942207
0.6707691384188778
0.6706917188672026
0.6706115846217167
0.6705300319921973
0.6704459943249529
0.6703620550887684
0.6702781416724963
0.6701979772067196
0.6701219210439877
0.6700439567644499
0.6699716085171019
0.6698922546107838
0.6698097190644954
0.6697286474934995
0.6696490010327114
0.6695699310660572
0.6694922439731154
0.6694177997911637
0.6693388033612521
0.6692646201370382
0.6691910442885681
0.6691149151536376
0.669036663036872
0.6689592541304755
0.6688838952804861
0.6688025633487491
0.6687171088555297
0.6686316343076527
0.668548034194773
0.6684648539108977
0.6683790944174798
0.6682930599310511
0.6682064040046716
0.6681208127057218
0.6680329115125012
0.6679460954329683
0.6678589491203134
0.6677690794506761
0.6676726807413221
0.6675759961475379
0.6674812554550554
0.6673880565375797
0.6672938009786292
0.6672003790017105
0.6671078288938962
0.6670155658793835
0.666926056664853
0.6668313720631712
0.6667380266952362
0.6666493762033068
0.6665569758278256
0.6664634931885254
0.6663666745157886
0.6662708912340374
0.6661742837766331
0.6660718105679031
0.6659689818409318
0.6658647059161593
0.6657621966875835
0.6656524310995526
0.6655444522189052
0.6654343140280577
0.6653235810272341
0.6652159195309049
0.6651134950339304
0.6650127901729511
0.6649069444968287
0.6647987877448432
0.6646937862023458
0.6645847824329513
0.664469540807788
0.664354745445411
0.6642496487747602
0.6641421965456505
0.6640375218808432
0.6639359256766815
0.6638366144042268
0.6637340258744976
0.6636274731942391
0.6635163663866087
0.6634031534621035
0.66329022037083
0.6631780615622838
0.6630631377686458
0.6629460245355024
0.662827249215011
0.6627059282537086
0.6625887139137931
0.6624719619371797
0.6623565078163528
0.6622426855113199
0.6621298081094119
0.6620139926216856
0.6618981547553884
0.6617855072900022
0.6616792492129413
0.6615772875598983
0.6614755049247807
0.6613726875839737
0.6612677197492949
0.6611637327326854
0.6610625543199143
0.660961096633165
0.6608551429975962
0.6607429658002871
0.6606289636423942
0.6605146754739567
0.6604005831674087
0.6602899606661123
0.6601803315714572
0.6600731870107641
0.6599681134489556
0.6598616146619224
0.6597564897232105
0.6596459567483309
0.6595315829667242
0.6594208922529649
0.6593065628501547
0.6591894609360209
0.6590698340137953
0.6589516181694993
0.6588284931564894
0.6587017867345931
0.6585814620790418
0.6584644798877677
0.6583494406985343
0.6582369939037109
0.658126612750122
0.6580177047600939
0.6579118515805424
0.6578048754483007
0.6576917596954548
0.6575795300094099
0.6574674312852995
0.6573593603579049
0.6572479784847224
0.6571384339569656
0.6570261420170643
0.6569163162799022
0.6568045733952956
0.656693947154847
0.6565839179248726
0.656470864477341
0.656358736964503
0.6562458490848622
0.6561367593817428
0.6560281923642646
0.6559141182578018
0.6557971205013684
0.6556818550447514
0.6555743061616777
0.6554667369884716
0.655358833990986
0.6552535416900898
0.6551428243524876
0.6550282839548421
0.6549119888192926
0.6547980742317241
0.6546845600058998
0.6545670336814597
0.6544485602559262
0.6543265927503313
0.6542012638876946
0.6540753358153679
0.653949114689326
0.6538205260456004
0.6536953817049075
0.6535667030580633
0.6534410391998592
0.6533196867869019
0.6531954919643258
0.6530706802284438
0.6529430768145494
0.6528116598632039
0.6526814741319307
0.6525496336931527
0.6524278841326935
0.652304342262181
0.6521789189841911
0.6520463002422379
0.6519110290084371
0.651775283702485
0.6516503197813295
0.651526438837354
0.6514011177912176
0.6512739245069064
0.6511449490112479
0.651012476443118
0.6508794792799675
0.6507468588835693
0.6506198121913992
0.6504911101606182
0.6503661644788156
0.6502398904046905
0.6501065831574554
0.6499722289451493
0.6498393481021465
0.6496993464783829
0.6495521557120603
0.6494040497744761
0.6492554452615846
0.6491018012318216
0.6489530136183977
0.648806924684472
0.6486613197217519
0.6485140912944912
0.6483651403750561
0.6482154060643114
0.6480658478667642
0.6479199801581628
0.6477776171437618
0.6476351007305214
0.6474900859394642
0.6473488169705829
0.6472080983646186
0.6470698756870334
0.6469354245166382
0.6467994992925015
0.646662321874496
0.6465290813687165
0.6463969127610212
0.6462602924623443
0.6461259326278673
0.645987688715005
0.6458444167348771
0.6457015903633434
0.6455600965403367
0.6454180806018605
0.645276432196426
0.6451342774405016
0.6449912919536697
0.6448444309033986
0.6447008975504036
0.6445615036573056
0.6444259978857427
0.6442935908330653
0.6441618485200378
0.6440352694471012
0.6439109613249966
0.6437794357964521
0.643647383895818
0.6435150943709598
0.6433837678651133
0.6432483643948657
0.6431184325547175
0.6429851994219729
0.6428542347381854
0.6427203836811504
0.6425870599387966
0.64245424292953
0.6423211184098461
0.6421892643521102
0.6420564326535673
0.6419224580230996
0.6417882553961325
0.641657344358475
0.6415263401312019
0.6413954071067662
0.6412617478470506
0.6411301966166308
0.6409955119971822
0.6408642940080489
0.640734649944923
0.6406032007607688
0.6404690654790125
0.6403343514661123
0.6402100512130086
0.6400864147748123
0.639963471856571
0.6398389283310212
0.6397133445203456
0.6395837709939479
0.6394508268324889
0.639316287706311
0.6391806031574043
0.6390517899264191
0.6389242709647189
0.6387952515189051
0.6386638076292116
0.6385243777896755
0.6383797642462677
0.638240299207972
0.6381009835676549
0.6379628915406461
0.6378269772872479
0.6376896241641234
0.6375506516524377
0.637414809377672
0.6372795292121151
0.6371462500048479
0.6370148796100406
0.6368848038624892
0.6367614581737504
0.6366362321391748
0.6365093126307022
0.6363813745793736
0.6362525960451375
0.6361240964864926
0.6360020266088988
0.6358779704374269
0.6357512709804095
0.6356252731302054
0.6354992217192323
0.6353701685198203
0.6352346705657621
0.6351017057789397
0.6349705995011096
0.6348376340352041
0.6346999030825767
0.6345598523475187
0.6344178911421412
0.6342730946703424
0.6341313038433536
0.633991024904124
0.6338570053716561
0.6337235508671644
0.6335914798863427
0.6334590329808942
0.6333229756240139
0.6331866172350712
0.6330470000449336
0.6329102572874747
0.632778707167865
0.6326515467057703
0.6325226639031996
0.6323994494661227
0.6322810620239687
0.6321648745038899
0.6320442633621061
0.6319222638131282
0.6318047375448509
0.6316904873217116
0.631572303501803
0.6314530461182252
0.6313340235172699
0.6312149621269337
0.6310943254709978
0.630971871160812
0.6308465966650127
0.6307220062071349
0.6305960291378333
0.6304709763410473
0.6303447817259321
0.6302216594591357
0.6300990576106058
0.6299799486398411
0.6298616520067751
0.6297401301773923
0.6296257221936824
0.6295120309694393
0.6293991877424022
0.6292927374421479
0.629181549720344
0.6290711355132227
0.6289587560853116
0.6288463895571232
0.6287300865698149
0.6286151438160876
0.6284976900480559
0.6283781395809823
0.6282570032494667
0.6281371838172894
0.6280158504945709
0.6278927311344696
0.6277748934829614
0.6276610925748635
0.6275482652425298
0.6274320157995255
0.6273203055586508
0.6272120729558631
0.6270985630439715
0.6269863927891522
0.626869510464805
0.6267528602691645
0.6266353328438151
0.6265206005307593
0.6264007511629017
0.6262860017485647
0.6261668755733019
0.6260484846899952
0.6259294233581948
0.6258149044197203
0.6256954602939895
0.6255725585734593
0.6254479630354045
0.6253249022503655
0.6252061742313025
0.6250868891198255
0.6249649003104182
0.6248482801782558
0.6247370921577088
0.6246270062768345
0.6245126978783092
0.6244019166507344
0.6242914798661946
0.6241836603219142
0.6240772973753121
0.6239673282932826
0.623857723579566
0.623754545519782
0.6236544351258593
0.6235530960425748
0.6234513782650722
0.6233474682350213
0.6232446086952284
0.6231360608901602
0.6230276559675658
0.6229164605990912
0.6228037079009671
0.6226933567559413
0.6225870637195129
0.6224820179999871
0.6223730902036524
0.6222657293245197
0.6221580923085803
0.6220505750676422
0.6219390229522931
0.6218292863207372
0.6217172391972385
0.6216064538503498
0.621497318195398
0.6213865005263717
0.6212788750193855
0.6211771820502101
0.6210740936799805
0.620972530647906
0.6208725028731246
0.6207689892461465
0.6206676891926228
0.6205664163151576
0.6204675214332087
0.6203664218736742
0.6202625166080856
0.6201578674985856
0.6200549650118845
0.6199523034029116
0.6198474048245084
0.6197422466301996
0.6196374461314459
0.6195304353645051
0.6194242108664197
0.6193191925874175
0.6192133081384325
0.6191083012573358
0.619003344713181
0.6188977403859687
0.6187965425734261
0.6186940425328954
0.6185904575116331
0.6184892375901403
0.6183917643997949
0.6182961603517395
0.6181997001017396
0.6181031814667783
0.6180080381705405
0.6179124167931589
0.6178154415847458
0.6177192036309956
0.6176246657089307
0.6175270877604612
0.6174357622490211
0.6173431115074599
0.6172439037197316
0.6171462809999102
0.6170500807512012
0.6169541860881111
0.6168574866932058
0.616762088559851
0.6166682350620244
0.6165793505199654
0.6164873774695397
0.6163943287728315
0.6162998634464724
0.6162080670820563
0.6161183926707019
0.6160318259908736
0.6159397986202868
0.6158486644136888
0.6157560717565246
0.6156658964662046
0.6155746587174544
0.6154863920989407
0.6153915499607306
0.6152995096180034
0.6152037890482717
0.6151111288535108
0.6150223815702566
0.6149340775132289
0.6148433554338475
0.61475522620899
0.6146657797574323
0.6145732290410544
0.6144783962993884
0.6143821220934753
0.6142865826610426
0.6141885768567028
0.6140891335726858
0.6139924931673862
0.6138950198371154
0.6137976405118643
0.6137026519240198
0.6136079792981087
0.613514932624004
0.6134235368620681
0.6133320535258493
0.613239667925646
0.6131420409004612
0.6130400980641336
0.6129401680395018
0.6128411001979673
0.6127400995910369
0.6126357334202395
0.6125317775590117
0.612429421101158
0.6123319385966358
0.6122374075022282
0.6121435238230725
0.612045467791228
0.6119491481703974
0.611858429009627
0.6117670035176876
0.6116815629210807
0.6116017808567069
0.6115177986453301
0.6114362259881857
0.6113556671227511
0.6112755589073312
0.6111924724235688
0.611110243494587
0.6110216284845295
0.6109327675318635
0.6108463210812668
0.6107597509617456
0.6106735920322103
0.6105854684824787
0.610495099396148
0.6103992964187887
0.6103017162788928
0.6102066838061028
0.6101127640098062
0.6100174483636972
0.6099204539001687
0.6098290016086475
0.6097341531252245
0.6096373881102947
0.6095439317608753
0.6094514478513632
0.6093572173690348
0.6092631440693095
0.609169384292808
0.6090763295562357
0.6089868435169924
0.6088934760803407
0.6087968456767647
0.6087003348689747
0.6086022363297979
0.6085009616921366
0.6084071897144294
0.6083150697486914
0.6082234038442731
0.6081315974178905
0.6080404884181947
0.6079542719601682
0.607870448389727
0.6077884197059502
0.6077033656222036
0.6076161622269658
0.6075231961780341
0.6074316128846
0.6073461210505203
0.6072611700420844
0.6071802976361281
0.6070927345648721
0.6070029116777961
0.6069171841133726
0.6068332196071895
0.60675552604476
0.6066825641697592
0.606606677419242
0.6065308919272155
0.6064542449507209
0.60637371775256
0.6062904816267278
0.6062061477933222
0.6061269838765198
0.6060460502039167
0.605967178040094
0.6058905820245483
0.6058118326813059
0.6057395406637364
0.6056687530987229
0.605604356798226
0.6055346848101243
0.6054647628886212
0.6053938192530138
0.6053207033441378
0.6052476081321211
0.6051759574342602
0.6051049359176034
0.6050394133350278
0.6049734326724583
0.6049106214469893
0.6048413322526675
0.6047740798899891
0.6047113493016626
0.6046535715391012
0.6045947631062327
0.6045310480170524
0.6044684409914262
0.6044086159417854
0.6043482855083666
0.6042868646213507
0.6042265328203716
0.6041609286774824
0.6040929316098981
0.6040288809686433
0.6039646543119492
0.603900116806318
0.6038345972292596
0.6037627278333655
0.6036917022074852
0.6036182697935867
0.6035453227061921
0.6034691194333076
0.6033984841398602
0.6033216536164239
0.6032397363602364
0.6031598231486597
0.6030842692531239
0.6030129624164254
0.6029468740628041
0.6028803365539969
0.6028161857067598
0.6027515256739017
0.6026898885519991
0.6026281118829206
0.6025744926089275
0.602520534926958
0.6024694860802695
0.6024189283659082
0.6023662154184849
0.6023102947975942
0.6022587968009963
0.6022052486149161
0.6021540485946877
0.602102099378531
0.6020475863542577
0.6019884226339602
0.6019279048697969
0.6018684564569929
0.6018097547103438
0.6017526315665656
0.6016947572442138
0.601640541073378
0.6015867402322254
0.6015347476043026
0.6014850169422721
0.6014366237510664
0.6013845826870966
0.6013330380511087
0.601284515763863
0.6012283370613377
0.6011748340387242
0.60112679165657
0.6010821380428394
0.6010353743788457
0.6009887955375504
0.6009342839651929
0.6008766386756246
0.6008193452736914
0.6007646061620056
0.6007111985335747
0.6006520287851199
0.6005894121424189
0.6005326492248748
0.6004749544832063
0.6004178729684125
0.600359651606086
0.6003015170283652
0.6002418007993142
0.6001818648824019
0.6001268416540633
0.6000692933524949
0.6000087984001554
0.5999515427850426
0.5998919064289654
0.5998379107566068
0.5997838870597199
0.5997291550759507
0.5996731829779124
0.5996170939336828
0.5995582591711001
0.5994989944441743
0.5994363684820844
0.5993728988033606
0.5993049546636651
0.5992401298779702
0.5991791405452876
0.5991171286825204
0.5990528368779484
0.598986846677673
0.5989172125812671
0.5988489095429288
0.5987841406514169
0.5987171616143401
0.5986511184913402
0.5985917704210754
0.5985268252326801
0.5984648148256971
0.5984006270908863
0.5983381252716226
0.5982755995600945
0.5982138218555952
0.5981528630849158
0.5980935350198225
0.5980277789266125
0.5979593198112702
0.5978925155555262
0.5978246224066426
0.597757954161712
0.5976865924305564
0.5976101252403683
0.5975353195706822
0.597458628047349
0.5973841141828293
0.5973105339469805
0.5972347112822959
0.5971612812846803
0.5970824232906491
0.59700088392678
0.5969260566549999
0.5968566216537221
0.5967882914269578
0.5967220481332933
0.5966581924860522
0.596593728914364
0.5965329167698331
0.596474428012027
0.5964149259823535
0.5963617184001342
0.5963084613653994
0.5962534266493829
0.5961956056575424
0.5961330520261331
0.5960672552121047
0.5960043397156326
0.5959405235312834
0.5958820016833103
0.5958195880135999
0.5957558035693499
0.5956939649187374
0.5956291449596843
0.5955613287046337
0.5954943090302348
0.5954244088892908
0.5953495121070602
0.5952764637467595
0.5952030302301646
0.5951282921406038
0.5950551786660192
0.5949799861931081
0.5949051213284616
0.5948264552140231
0.5947518280958678
0.5946813176160999
0.5946167505977629
0.5945526692136679
0.5944917033132769
0.594434347108148
0.5943762644944239
0.5943145229042466
0.5942533861448297
0.5941878631495985
0.5941218448932561
0.5940598922272496
0.5939946855971969
0.5939303734826271
0.5938655325011072
0.5938004754395412
0.5937386998719486
0.593675017790309
0.5936097342379327
0.5935489899729944
0.5934925832265786
0.5934342192147937
0.5933772118460694
0.5933204540399436
0.5932593785396115
0.5931939103712242
0.5931273034929345
0.59305900684866
0.5929986329046637
0.5929383829471105
0.59287736570547
0.5928167764033647
0.5927566532396837
0.5926991054643903
0.5926410263826576
0.592584892850199
0.5925264106656325
0.5924685937809648
0.5924078212527248
0.5923439627609586
0.5922831527417751
0.5922216660988578
0.592157144906684
0.5920906960586997
0.5920241698238984
0.5919565271272746
0.5918896367679761
0.5918228617606045
0.5917548764297528
0.5916920338488612
0.5916302188033397
0.5915684428620483
0.5915068217627781
0.5914427379883306
0.5913841396134543
0.5913335349695658
0.5912824888315975
0.5912309785276139
0.5911793400183077
0.5911285164579895
0.5910758758797329
0.5910251421703349
0.5909764756651195
0.5909271128655895
0.5908777141708385
0.5908303165707126
0.5907852378513797
0.5907371946153815
0.590687128042752
0.5906388066182633
0.5905913356884895
0.590542634554963
0.5904978282522177
0.5904548654015661
0.5904134671692741
0.5903728539102882
0.5903361275187369
0.5902967937648894
0.5902606028029924
0.5902239193420213
0.5901846642869111
0.5901440202153653
0.5901064013598961
0.5900652109975357
0.5900210517836395
0.5899809983925677
0.5899407470408222
0.5898984370958715
0.5898529189496171
0.5898082930309263
0.589767375085117
0.5897200515014511
0.5896709298439063
0.5896155791156114
0.5895616547154165
0.5895072112887003
0.5894544297218299
0.5894026424859509
0.589351367902398
0.5892975870774111
0.5892443042875505
0.5891926727563148
0.5891387532075671
0.5890812961506995
0.5890208239175582
0.5889590695315358
0.5888960843435362
0.5888336292357819
0.5887736587346347
0.5887098642074303
0.5886429311766586
0.5885791945471235
0.5885098292979126
0.588438585389309
0.5883670919579836
0.5882991114427155
0.5882381613707863
0.5881811113824496
0.5881293871380879
0.5880767473061371
0.5880246085625823
0.5879666154303864
0.5879079937741035
0.5878472986507504
0.5877897762093319
0.5877382484280806
0.5876902988316955
0.5876432275112348
0.5875963065983802
0.5875488257849095
0.5874987521992284
0.5874473152771102
0.5873927237499297
0.5873378053561741
0.5872811913981225
0.5872228887565658
0.5871636009582833
0.5871013937690435
0.5870436044353512
0.5869843690540476
0.5869282104025714
0.5868749489144474
0.586822195934632
0.5867668623580872
0.5867100154954353
0.5866488220408929
0.5865901290464154
0.5865329109907704
0.5864796289840499
0.5864286442217533
0.5863775421572873
0.5863272154369027
0.586275849476516
0.5862257561670144
0.5861693212039754
0.5861101681534165
0.5860533711336647
0.5859960908901181
0.5859330967888121
0.5858743332824546
0.5858144366691602
0.5857592349857186
0.5856982820566299
0.5856420542120235
0.5855861949510778
0.5855267342516869
0.5854724960797141
0.5854163335162891
0.5853639506456088
0.5853144402364286
0.5852671087795464
0.5852184279029052
0.5851726417576492
0.5851283592768155
0.5850854103786003
0.5850392362677487
0.584988203748793
0.5849372361015226
0.5848866351507181
0.584838195343962
0.584784362187197
0.5847285695766312
0.5846759537735344
0.5846225416323789
0.5845699701460123
0.5845186405817542
0.5844671230391142
0.584412114665474
0.5843582299940884
0.5843052526814714
0.5842528369541824
0.5841933433552089
0.5841348175291595
0.5840734425020123
0.5840093909160605
0.5839439690422316
0.5838779064750292
0.5838122650499794
0.5837426394409377
0.5836808029660535
0.583624310242609
0.5835645430338351
0.5835046836029172
0.5834472060132583
0.5833876035498194
0.5833314400763303
0.5832716887900892
0.583215879093166
0.5831666493189015
0.5831134575281062
0.5830606424495983
0.5830103427511855
0.5829598345675152
0.5829080239382497
0.5828643798961017
0.5828213671192763
0.5827761226379654
0.5827275106867428
0.5826803685669284
0.5826269845204091
0.5825732406028798
0.5825236080062907
0.5824769283918552
0.5824304101524143
0.5823857701763993
0.5823403993161546
0.5822974251385484
0.5822548527203995
0.5822118357819785
0.5821684695701554
0.5821249227218332
0.5820802011460181
0.5820473621378356
0.5820120203520285
0.5819778069892755
0.5819441177583744
0.5819087274723974
0.5818695370491189
0.5818252199026249
0.5817769786970234
0.5817277177250132
0.5816804361279019
0.5816328563110127
0.581582825993091
0.5815356354046463
0.5814862279674113
0.5814366895147794
0.5813850914736574
0.5813361477943296
0.5812913244082991
0.5812494732639414
0.5812023772865468
0.5811591595437837
0.5811102177840479
0.581061146769047
0.5810142556456809
0.5809655569215323
0.5809110877554532
0.5808566848281114
0.5808051636593397
0.5807550745388717
0.5807035253576056
0.5806499882574995
0.5805969517738843
0.5805449456807527
0.5804932810829285
0.5804394186234539
0.5803872875189615
0.5803379563881076
0.5802896871185614
0.5802442302777044
0.5802027603633092
0.5801577988742928
0.580112869559298
0.5800666372867179
0.5800150368562486
0.5799624994953094
0.5799085972615455
0.5798454590812016
0.5797745288253711
0.579706513688323
0.57963932218746
0.5795736350239462
0.5795049895023476
0.5794393549248301
0.5793686115824163
0.5792944974191351
0.5792205844244307
0.5791506598315337
0.5790777025553733
0.5790034697302345
0.5789314635638944
0.5788631236482618
0.5787962463009854
0.5787288249780742
0.5786647143707296
0.5786048850681693
0.5785412900995986
0.5784800369714977
0.5784157324992257
0.5783569750276957
0.5782982716861107
0.5782394057239273
0.5781839915994328
0.5781274817355563
0.5780670476645636
0.5780070945058997
0.5779477471252333
0.5778913927122609
0.5778301745045591
0.5777692642863907
0.5777081503656479
0.5776465453649893
0.5775892656442136
0.5775325867621701
0.5774771534042318
0.5774166997805797
0.577351081769298
0.5772829873564849
0.5772127007309907
0.5771444826928182
0.5770781319862879
0.5770114846359929
0.5769418418996706
0.5768670323097541
0.5767889460236387
0.5767114963942925
0.5766344592661897
0.5765557178715982
0.5764696619824893
0.5763833682955866
0.576299086547732
0.5762154126625515
0.5761304013641849
0.5760421477122313
0.5759547761863096
0.5758643581793783
0.5757716091364791
0.5756743541413668
0.5755779467814564
0.5754825218678747
0.5753882994577055
0.5752955191935896
0.5752035844993559
0.5751108408593282
0.5750173915166173
0.5749278747717921
0.5748409554453108
0.5747517254515838
0.5746617468449502
0.5745705015083721
0.5744767472293553
0.5743832837225715
0.5742846310637015
0.5741878338006671
0.5740922108472042
0.5739968802497424
0.573900335006804
0.5738049547804382
0.5737089267069247
0.5736116899794238
0.5735123161796861
0.5734129214283925
0.5733108518257336
0.5732089054137884
0.5731050834085923
0.5729984641383301
0.5728959686324413
0.5727962015426186
0.5726950679374179
0.5725969244080101
0.5724997700044209
0.5724018598847462
0.5723058175473452
0.572211031917302
0.5721185198400385
0.5720270209622311
0.571928032790893
0.5718335895570842
0.5717387927219835
0.5716444134942468
0.5715454240227036
0.5714450268539055
0.5713480878573192
0.5712555608221555
0.571163561428001
0.5710685628481714
0.5709757713829526
0.5708842885385013
0.5707907518856596
0.5706966049737592
0.5706040943544717
0.570515674894277
0.5704265733508902
0.5703381493783228
0.5702493441727101
0.5701609998419043
0.5700711294155099
0.5699778251423145
0.5698831081157252
0.5697818036580141
0.5696761803505537
0.5695682421837898
0.5694606494247788
0.5693462349949326
0.5692325376340599
0.5691207701689447
0.5690094655323347
0.5688979852431483
0.5687845733631066
0.5686739376598168
0.5685708282795502
0.5684706862132106
0.5683733021550501
0.5682752943764617
0.5681782783870467
0.5680815905807812
0.5679879375214104
0.567898577971007
0.5678088228515206
0.5677176920705961
0.5676249104304072
0.5675305504207896
0.5674415430726262
0.5673490483123779
0.5672610074230465
0.567175286119532
0.5670849304892298
0.5669903837795403
0.5668924102193665
0.5667959350825394
0.5666963160649322
0.566594483569492
0.5664903392490408
0.5663858064047786
0.5662816428473145
0.5661771173009897
0.5660752197708169
0.5659757785372656
0.5658730850778836
0.5657653071034235
0.5656593282417998
0.5655547062045208
0.5654478874623114
0.5653427110133575
0.5652374067841428
0.5651342110049329
0.5650320283836996
0.5649301568272755
0.5648270234144479
0.5647222258472194
0.5646124747739899
0.5645065497681642
0.5644014645938219
0.5642944633120329
0.5641929789859875
0.5640961714995343
0.5640039561944459
0.5639085452978677
0.5638152063731015
0.5637203294998769
0.5636250291411145
0.5635351140521081
0.5634455795594624
0.5633505051250515
0.5632582925709102
0.5631691970566188
0.5630849947703109
0.5629962859092448
0.5629061637014527
0.5628170621076958
0.5627290763744875
0.5626375322759488
0.5625493895820757
0.5624597490320186
0.5623757319632959
0.5622918604683553
0.5622052281528698
0.5621128743769582
0.5620234934126339
0.5619359963610461
0.5618434913213698
0.5617522971471062
0.5616593780558169
0.5615669316700874
0.5614745578386205
0.5613739940852265
0.5612742453170827
0.5611785305261935
0.5610861100467234
0.560992270341099
0.5608973232353488
0.5608006057128998
0.5606981994758804
0.560596383136399
0.5604907823941697
0.5603805086036778
0.5602710073715147
0.5601617368803744
0.5600527276295979
0.559942285930949
0.5598348768257501
0.5597247975702428
0.5596183465636495
0.559512339159202
0.5594060191125239
0.5592974568235131
0.5591853456179956
0.5590780713538952
0.5589735196257983
0.5588614088790873
0.5587493695369362
0.5586392093770564
0.5585318223927974
0.5584255716175807
0.5583233320126806
0.5582208671491276
0.5581152295713022
0.558010315874002
0.5579024581324392
0.5577972596882107
0.5576950044151782
0.5575908918800464
0.5574849695899515
0.557373285296882
0.5572612823863903
0.5571524825349522
0.5570450036534903
0.5569391658266021
0.556829977800711
0.5567160190455152
0.5566065716354668
0.5564946976218181
0.5563896626539228
0.5562847685751504
0.5561762733763852
0.5560700771271437
0.5559676843465239
0.5558678362338597
0.5557697596155533
0.555673984931348
0.5555807029327632
0.5554864312137304
0.5553919029494278
0.5552987246954454
0.5552056088993047
0.5551171439099047
0.5550278771284177
0.5549382308765352
0.5548495930183854
0.5547613268170241
0.5546741541333468
0.5545852344543278
0.5545011403993516
0.5544204301140724
0.5543357796386422
0.5542482105636688
0.5541596512497159
0.5540723937663877
0.5539878066944103
0.5539029906621901
0.553816541202017
0.5537272306674632
0.5536361648428204
0.5535435795459744
0.5534491652902469
0.5533497456476977
0.5532532700452492
0.5531608274754396
0.5530643813601283
0.5529722756951629
0.5528815578307005
0.5527947354593578
0.552717426810646
0.5526394730057064
0.552555246416063
0.5524759497321248
0.5523976659120338
0.5523182950242038
0.5522424738475357
0.5521641182811238
0.5520874379650283
0.5520058887933024
0.5519228178705968
0.5518363145239846
0.5517515433501691
0.551665205172955
0.5515731412849452
0.551475644158127
0.5513823253309146
0.5512892048037119
0.5512047262745307
0.5511249948314282
0.5510469475061653
0.5509688641853008
0.5508849588830357
0.5508065869762346
0.5507256304996527
0.5506468162442537
0.5505685558017209
0.550497509513432
0.5504212178083586
0.5503438242030018
0.5502689977958372
0.5501986157997436
0.5501361008311997
0.5500681329414231
0.5500014286833302
0.5499339445844582
0.5498673552948061
0.5498067447513424
0.5497439596494762
0.5496851513187053
0.5496247583820386
0.5495632650752202
0.5494977801613992
0.5494362003003833
0.5493783002269131
0.5493201639040575
0.5492626179363548
0.5492070984445127
0.5491504497595295
0.5490953009348162
0.5490449391643604
0.5489953159670163
0.548941606948369
0.5488873807092467
0.5488336314160327
0.5487851380221224
0.5487365189205948
0.5486900070721349
0.5486477741628698
0.5486053229328385
0.548560165853035
0.5485148387146302
0.5484635093556894
0.5484171703540908
0.5483671211370823
0.5483183060295024
0.5482659996445958
0.5482187634724686
0.5481746323456954
0.5481335083863272
0.5480926451760512
0.548052140789108
0.5480091198974201
0.5479672365418179
0.5479265671719135
0.5478815903300992
0.5478389328304933
0.547797040277804
0.5477522413713537
0.5477029700713899
0.5476553179852822
0.5476074566326551
0.5475614429887395
0.5475162475080562
0.5474709051964325
0.5474273524759936
0.547386091359971
0.5473399357091595
0.5472912654759182
0.54724124926987
0.5471860506387982
0.5471275959259332
0.5470724923726887
0.5470154417132732
0.5469612047733177
0.5469116976407437
0.5468615760984163
0.5468079655649389
0.5467509374542779
0.54669591726403
0.5466438475799671
0.546588016808441
0.5465326937054671
0.5464757653445448
0.5464199323662563
0.5463665699793298
0.5463148300105627
0.5462673543729957
0.5462200375353937
0.5461707267974575
0.5461214026407596
0.5460728815976292
0.5460261920104844
0.5459775536999693
0.5459319486591241
0.5458927252134972
0.5458482324852976
0.5458011837954262
0.5457551065085172
0.5457099801150394
0.5456649631930423
0.5456191013039386
0.5455710392088583
0.5455163531123375
0.5454600103671405
0.5454027628800568
0.5453475382162325
0.5452939179383535
0.5452362308075946
0.5451770587199029
0.5451120282437243
0.5450518876827547
0.5449927926815714
0.5449394537599973
0.5448864639941108
0.5448296191961874
0.5447711570476925
0.5447193056976306
0.5446681200464041
0.5446130525157247
0.5445560873744443
0.5444998546225369
0.5444468191298703
0.544388364374954
0.5443357963823691
0.5442831620085519
0.5442261074330229
0.5441668476199646
0.5441089637762425
0.5440499744990793
0.5439878005303345
0.5439253691333904
0.5438624145911405
0.5437966830562426
0.5437307919748464
0.5436719687487702
0.5436178060898385
0.5435664488583422
0.5435177810566634
0.5434700071430735
0.5434251328340659
0.5433809797192772
0.5433320499921903
0.5432833592919706
0.5432313681890097
0.5431754496922245
0.5431151522420754
0.5430484644084244
0.542983159459822
0.5429232171822675
0.5428601103120712
0.54279774874889
0.5427326028595536
0.542664176568863
0.5425967271980802
0.5425255243306271
0.5424516352996716
0.5423835833517742
0.5423122251828288
0.5422445738319068
0.5421784578303365
0.5421118376190538
0.5420525933740283
0.5419946100080487
0.5419329195228568
0.5418707856825682
0.5418092632983277
0.5417470416875012
0.5416855925133003
0.5416265515393851
0.5415663484908654
0.5415085951612031
0.5414546839869573
0.5414000346174481
0.5413447003358591
0.5412944000938794
0.5412379686015873
0.5411845577318328
0.5411336252873131
0.5410796806408033
0.5410250076428221
0.5409683735152517
0.540910839087502
0.5408536330681049
0.5407974412726998
0.5407424688693565
0.5406868536504305
0.5406359463877939
0.5405799991021718
0.5405247077955584
0.5404696921382804
0.5404183957072581
0.5403658586128137
0.540313069196359
0.5402629143971724
0.5402115941122078
0.5401650224152865
0.5401238414734304
0.540082511585747
0.5400440666809629
0.5400097818410806
0.5399757941657867
0.5399433047155116
0.5399141771990249
0.5398827947068373
0.5398538397563836
0.5398231299489459
0.5397880705689702
0.5397605024360815
0.5397352371956843
0.5397107375762557
0.5396812630659343
0.5396517029611824
0.5396183445347317
0.5395794118973818
0.5395403582489167
0.5394992177114409
0.5394579312476084
0.5394183679944468
0.5393826541887248
0.5393439729992066
0.5393061837228879
0.539267300417954
0.5392310500221976
0.5391904746896459
0.5391483586061858
0.5391025632272145
0.5390566600112708
0.5390118874746017
0.5389671934028774
0.5389203391353959
0.5388692419151018
0.5388173951071192
0.5387639222920309
0.5387093446544561
0.5386569631581279
0.5386135029583545
0.5385680159799405
0.538521977204963
0.5384805863161931
0.5384378348156075
0.5383940690887085
0.5383531653792287
0.5383094864834979
0.5382671432445064
0.5382293427989294
0.5381925886698604
0.5381537945335544
0.5381194301098822
0.5380873161308551
0.5380524215562906
0.5380215198970073
0.5379824403359196
0.537937242778518
0.5378935660439128
0.5378505596934628
0.5378052401209622
0.5377587488803808
0.5377105664500694
0.5376666028079071
0.537621348973027
0.5375792824910895
0.5375353831784518
0.5374932574663397
0.5374447110160524
0.5373969280487748
0.5373501043053389
0.5373004312485097
0.5372511793092483
0.5372022628410101
0.5371561545777535
0.5371066931243575
0.5370600800878392
0.5370162896236103
0.5369702549513817
0.536928265346461
0.5368836034138041
0.536836403398541
0.5367897581865276
0.5367374070976936
0.5366836939177799
0.5366330372441049
0.536580548377529
0.5365287281217714
0.5364759654079404
0.5364254454015869
0.5363771787482666
0.5363302808471905
0.5362801683841829
0.5362279320207364
0.536177773981872
0.5361270832729274
0.5360756950492791
0.5360292915147674
0.5359795199842093
0.5359267417752994
0.5358767636074485
0.5358325749919507
0.5357864456277167
0.5357418363615385
0.5356962056172632
0.5356530185525653
0.5356128200133792
0.535577721139016
0.5355446702753422
0.5355092586453615
0.5354792954740604
0.5354528884961712
0.5354270971054276
0.535402405377967
0.5353767961020723
0.5353522763365575
0.5353285448680024
0.5353080963401083
0.5352846079910711
0.5352634987481273
0.5352400371271829
0.5352209722841349
0.5352001916232186
0.5351772487779348
0.5351517266245637
0.5351186923639061
0.5350844093535788
0.535048343163289
0.535005254320052
0.5349623237502109
0.5349205989559377
0.5348838967034392
0.5348421579373598
0.5348013832966967
0.5347625582284615
0.5347214995089247
0.534682718169771
0.5346453594599928
0.5346111043270926
0.5345732798173025
0.5345391676497183
0.5345130552587237
0.534488368657704
0.534456454158101
0.5344162314245321
0.5343775665547117
0.5343421563053936
0.534308832990739
0.5342776475587785
0.5342463145217394
0.5342166499083294
0.5341879342558211
0.5341647658190447
0.5341418709420247
0.5341239502738974
0.5341076892646153
0.534095600145276
0.5340865892878107
0.5340780803767057
0.534064341850607
0.5340478396163576
0.5340322965187415
0.5340136903416048
0.5339894042079106
0.5339634133420976
0.5339318178358639
0.5338995054749519
0.5338678351980581
0.5338347673366768
0.5337988851470168
0.5337664895333896
0.5337312132223255
0.5336970885874783
0.5336638589452626
0.5336349293216444
0.5336087269920148
0.5335845043336319
0.5335575162216688
0.5335316503847601
0.5335031653859994
0.533476149074589
0.5334451419522476
0.5334128092881393
0.5333830829862406
0.5333471971193835
0.5333060175813359
0.5332657359888366
0.5332325072619241
0.5331978462259626
0.5331643434521195
0.5331254225843406
0.5330784500751512
0.5330308198599791
0.5329847794487281
0.5329321920418277
0.5328817871431777
0.5328332001492729
0.5327896015599253
0.5327458389926387
0.5327020092058348
0.5326561437087337
0.5326081073370104
0.5325621943059546
0.5325198989311285
0.532477922314899
0.5324330899819218
0.5323945106359417
0.5323567080968012
0.5323205756654646
0.5322836484679224
0.5322423577506026
0.5322065502409864
0.5321733795752845
0.5321367437663437
0.5321046059230017
0.5320737918602839
0.5320430794115829
0.5320146315801445
0.5319873553230408
0.5319637451471804
0.5319343003241456
0.531904036659205
0.5318729483051722
0.5318414655227303
0.5318077189859666
0.5317689144043738
0.5317321632786023
0.531697524464701
0.5316659396418933
0.5316331317372788
0.5315999387072163
0.5315691263314989
0.5315373245505053
0.5315077100703091
0.5314832148278309
0.5314613885340056
0.5314417786372141
0.531421570214176
0.5313978088103042
0.531372245006961
0.5313405109048341
0.5313140470607591
0.5312945346957052
0.5312746716256704
0.5312521071104547
0.5312293876047249
0.5312071281681537
0.5311853794026842
0.5311689769293728
0.5311525674992551
0.5311358343055986
0.531115287111258
0.5310927839944712
0.5310698419959287
0.5310461121897125
0.5310246365675991
0.5310028247402795
0.5309790873346197
0.5309566533417825
0.5309347826430479
0.5309110878121995
0.5308876259986757
0.5308709389246106
0.5308516310244898
0.5308319180480291
0.5308143933385272
0.5307963672376048
0.5307761707655428
0.5307554733185365
0.5307304858655936
0.530707739134987
0.5306859390685905
0.5306708128797623
0.5306543760940119
0.5306353531824013
0.5306192860013708
0.5306068506404833
0.5305904403502207
0.5305699890543697
0.5305505307324947
0.5305339617287098
0.5305120481866629
0.5304965220661176
0.5304779840386861
0.5304648279839395
0.5304509171316872
0.5304302383795905
0.5304066664743118
0.5303841607847305
0.5303602656454328
0.5303322545338569
0.5303037859458245
0.5302731896846317
0.5302422800525273
0.5302150965201623
0.5301911777851918
0.5301745913415884
0.5301564070756742
0.5301425783164284
0.5301279611281089
0.5301198505087727
0.5301114066664522
0.5301023544991318
0.5300917948182433
0.5300802444154534
0.5300701180897518
0.5300588120363093
0.5300429729009992
0.5300218418905065
0.5300018571768385
0.529981333402984
0.5299607527660647
0.5299370964109973
0.529913777036125
0.5298939221226165
0.5298719192790431
0.5298510989625576
0.5298333408601006
0.5298183715446158
0.5298002679334833
0.5297781045151615
0.5297558882036146
0.529732356720163
0.5297089377495505
0.5296833651556744
0.5296610361840058
0.5296370025886274
0.5296106905708479
0.5295848669398956
0.5295611245416517
0.5295389846446983
0.5295158165515226
0.5294956399901813
0.5294726642781985
0.5294485062804044
0.5294234018437646
0.5294012656389782
0.5293754823506518
0.5293494472282049
0.5293236978323769
0.5292985348685098
0.5292761804728353
0.5292538855885015
0.5292277500299172
0.5292042100729344
0.5291784702145208
0.5291581375731051
0.5291386397138362
0.5291250006550958
0.5291101366107639
0.5290945328511415
0.5290754083730537
0.5290529599902346
0.529027831824091
0.5290075603385404
0.5289871378513465
0.5289670112460909
0.5289441920419153
0.5289186497977785
0.5288881605460587
0.5288618267775849
0.5288337176623789
0.5288020224756895
0.5287745595429738
0.5287476064604884
0.528721218699549
0.528695787984659
0.5286646791531763
0.528634122347627
0.5286045897329378
0.528573168823245
0.5285408661098616
0.5285114973832998
0.5284820550601573
0.5284574745220806
0.5284334334413918
0.528408292748004
0.5283785805356446
0.5283473587723546
0.528315197148311
0.5282837984776183
0.5282510558711789
0.5282144248542922
0.528176990209494
0.5281378155642332
0.5280996929580002
0.5280590009039268
0.5280182634590034
0.5279801951138549
0.527942360066281
0.5279038785141055
0.5278632486259877
0.5278283451306917
0.5277948735043939
0.5277647308354779
0.5277389933858215
0.5277128035211586
0.5276891289126086
0.5276676868860393
0.5276432257623531
0.5276166470211501
0.5275850774804921
0.5275533887400466
0.527521966046329
0.527490983904764
0.5274578632243058
0.527422003609911
0.5273857408872372
0.5273467604136465
0.5273101543857486
0.5272729194193746
0.5272415380757138
0.5272126670024015
0.527183957193323
0.5271539471412641
0.527124881519316
0.527097823316062
0.5270725093967975
0.5270460359565615
0.527021532286612
0.5269957949175234
0.526970206874931
0.5269437802979863
0.5269194945974117
0.5268955790650056
0.5268715777648955
0.5268475071088792
0.5268237953512168
0.5268027690559444
0.526777893826139
0.5267544284497766
0.5267364795571953
0.5267199836090746
0.5267063130702925
0.526690714772013
0.5266738220945383
0.5266570644041516
0.5266461304177923
0.5266330270841236
0.5266212712748487
0.5266062980879067
0.5265957288366792
0.5265819531615651
0.5265676420597424
0.526552432946189
0.5265338407062915
0.5265083840174702
0.5264821340511381
0.5264563612315167
0.5264273006355754
0.526395618043262
0.5263664730943453
0.5263369495076455
0.5263075714079493
0.5262776077367142
0.5262486586371485
0.526225418409343
0.5261998081680521
0.5261758406515499
0.526146460722691
0.5261153337063136
0.526086062992731
0.5260557469539467
0.5260302432067407
0.5260012283769834
0.525969939672147
0.5259357022926074
0.5259031954258773
0.5258712781534121
0.5258420990319225
0.5258149657054787
0.5257950890344859
0.5257759872724644
0.5257556313738605
0.5257307663841484
0.5257087695862391
0.5256828061374844
0.5256530010295781
0.5256232998740894
0.5255967739977255
0.5255709728540541
0.525546370864827
0.5255226797026793
0.5254938850289129
0.5254623291679391
0.5254361129900194
0.5254134753194734
0.5253962475122657
0.5253815632344824
0.5253669685980136
0.5253548795206786
0.5253400785862197
0.525320174434535
0.525299466210321
0.5252775181319442
0.5252558918390697
0.5252348441105844
0.5252077728208351
0.5251793483159803
0.5251477124073093
0.5251127182840474
0.525083873097126
0.5250534468026226
0.5250248045358175
0.524995420363982
0.52496916367162
0.5249431868502248
0.5249138317066488
0.5248830847623562
0.5248577653502485
0.52482928084641
0.5247966593519682
0.5247654009115302
0.5247321329502542
0.5247001049920319
0.5246703479765873
0.5246368527902548
0.5245993386837776
0.5245666437453742
0.524534922486491
0.5245043139966926
0.524473834861716
0.5244419778773683
0.5244031448652772
0.524370260525192
0.524333901908134
0.524298924092325
0.5242680807822286
0.5242364609510279
0.5242082268692824
0.5241770019975893
0.5241440561759242
0.5241094359728752
0.5240770800371372
0.5240444287378658
0.5240130549852003
0.5239804409684424
0.5239465470486627
0.523917133943404
0.5238884104309582
0.523863314091769
0.5238258285772722
0.5237884819526463
0.5237536325595837
0.5237149662214234
0.5236780104258656
0.5236413653686319
0.523602772435552
0.5235654785338925
0.523526836908371
0.5234875570840938
0.5234471757335455
0.5234053638501406
0.5233647995980638
0.5233215074002644
0.5232786735435772
0.5232348813856528
0.523194505044479
0.5231569043951781
0.5231215650211678
0.5230851459630123
0.5230480528277145
0.5230130120448719
0.5229780871648082
0.5229460286446386
0.5229106948565163
0.5228763025976187
0.522842171999606
0.5228118530970498
0.5227789562999935
0.5227430407175879
0.5227072059179046
0.5226708008101291
0.5226418368239549
0.5226160716214703
0.5225910100176216
0.5225628472713293
0.5225355319416156
0.5225070138555108
0.5224771584926762
0.5224442881485921
0.5224161185790376
0.5223888775325394
0.5223602855259822
0.5223320842913677
0.5222999277561566
0.5222708460376698
0.5222434095019576
0.5222105274115675
0.5221752815287944
0.5221386549405538
0.5220985397749918
0.5220580637229825
0.5220159986434483
0.521974159146661
0.5219362411482543
0.521896968900251
0.5218676789112827
0.5218436610450117
0.5218174877290833
0.5217886164380564
0.5217652286856785
0.5217402694536369
0.5217154408651629
0.5216943001100229
0.5216698956615546
0.5216419425932739
0.5216140487750535
0.5215909391350345
0.5215626416770116
0.5215355125293211
0.5215042381022303
0.5214741541399507
0.5214385803920505
0.5214043313854054
0.5213700027636571
0.521339448763276
0.5213097418526832
0.5212825116515997
0.5212624594962212
0.5212442244529827
0.5212249405071399
0.5212120025621985
0.5211967224741892
0.5211859945809632
0.5211732335689663
0.521156463128517
0.5211378942986017
0.5211197104984777
0.5210978582205185
0.5210771822767284
0.5210542283701377
0.5210279816292626
0.5209994761492193
0.5209767162551406
0.5209531834478881
0.5209297995163057
0.520910020174066
0.5208877207445758
0.5208650113061273
0.5208359371800064
0.5208056644671238
0.5207752279567982
0.5207452156025052
0.5207132411487273
0.5206798183299289
0.5206519329698659
0.5206293912771505
0.5206079624414368
0.5205867328333127
0.5205644871160829
0.5205389903565133
0.5205122779980836
0.5204876679136331
0.5204604493241893
0.5204339030107177
0.5204073295945097
0.5203826260335261
0.5203587091658072
0.5203350460539963
0.5203108084162498
0.5202869798523647
0.5202608827744829
0.5202364041353884
0.5202143154528212
0.5201889025765951
0.5201663923507125
0.520145406578768
0.520124807548524
0.520107246450802
0.5200919050358253
0.5200781053082499
0.5200590775461474
0.5200383968513667
0.5200149334480165
0.5199892918466079
0.5199667560589905
0.5199430060791426
0.5199239401745718
0.5199030252793825
0.5198838539796354
0.5198619469085359
0.5198421471487488
0.5198268550556631
0.5198144058174159
0.5198044192885233
0.5197999535594958
0.5197898875777589
0.5197842760888034
0.5197825930882233
0.5197818009231223
0.5197819007247323
0.5197815691447085
0.5197804209505725
0.5197785362479557
0.5197731799678448
0.5197672880622408
0.519758412396682
0.5197490643880358
0.5197442658346036
0.519738246239215
0.5197358249909113
0.5197354421531303
0.5197357234358511
0.5197387035562882
0.5197381774879101
0.5197378145325301
0.5197389160558555
0.5197359143253653
0.5197309758852119
0.5197259658889066
0.5197236717560166
0.519721088457846
0.5197173970041488
0.5197180125043497
0.5197153889552111
0.5197171294120823
0.5197159609579695
0.5197121332880589
0.5197074421757739
0.5196996800270426
0.519687478297006
0.5196750849803187
0.5196658874131579
0.519658161573037
0.5196482993669697
0.519639591416571
0.5196282927479269
0.5196156283093569
0.5196049661915181
0.519596050887353
0.5195862827222677
0.5195771865622679
0.5195703062084285
0.5195599628884865
0.5195529378265845
0.5195424670139281
0.5195288618927281
0.5195117662019361
0.5194965900260224
0.5194770697824556
0.519456630844553
0.519435030913248
0.5194145248717608
0.5193945215510368
0.519371403425808
0.5193506600284586
0.5193345784638699
0.5193209952072201
0.5193082527457905
0.5192958635159873
0.51928199877676
0.5192744216344244
0.5192674644235833
0.5192640872969204
0.519262700016363
0.5192597222435097
0.5192642873879159
0.5192732741056235
0.5192781331643865
0.519284643136472
0.5192918959478906
0.5192940244790156
0.5192913202596889
0.5192909948176453
0.5192942442004835
0.5192962463906131
0.5192939473351051
0.5192920979853309
0.5192873427484388
0.5192824480957463
0.5192784512538063
0.5192767922554496
0.5192725267497033
0.5192739862442212
0.5192753026782702
0.5192784251116263
0.5192784178840569
0.519278922145015
0.5192836437227005
0.5192900149364653
0.5192930819620488
0.5192959941317561
0.5192957232847388
0.5192935969074863
0.5192940453835307
0.5192979558339474
0.5193030713627005
0.5193143925130288
0.5193221430797014
0.5193340246548499
0.5193474542354393
0.5193665758523747
0.5193915685067256
0.5194118246022771
0.5194301810814536
0.5194469329116653
0.5194642227096113
0.5194781822373651
0.5194896373368437
0.5195045144588082
0.5195207144251779
0.5195366009623459
0.5195547581080899
0.5195673438405282
0.519577038761504
0.5195854143262651
0.5195984260862752
0.5196173506869204
0.519636570765968
0.5196509966841408
0.5196681198869101
0.5196824160026002
0.5196961447944013
0.5197143983375836
0.5197295632150551
0.5197446781785249
0.5197590266593158
0.5197770749661872
0.5197960757328851
0.5198126801718703
0.5198326602843305
0.5198497637697662
0.5198676603641598
0.5198878688020852
0.5199050122073229
0.5199244401920862
0.5199432608822846
0.519955902630162
0.5199640272051134
0.5199711935613501
0.5199762973126411
0.5199814253156408
0.519989939708172
0.5199952516366109
0.5200032959928822
0.5200102579924144
0.5200160510368486
0.5200262821041209
0.5200325170336707
0.5200393879032686
0.5200453282594685
0.5200527016906757
0.5200600090939448
0.5200654888326357
0.52006728761437
0.5200695787094561
0.5200713196450693
0.5200741772964727
0.5200742410853298
0.5200736128629967
0.5200775693661637
0.5200783868330293
0.5200805999566627
0.5200827344485524
0.5200890279812471
0.5200888209761948
0.5200866429339948
0.5200764193634747
0.5200750926233989
0.5200760798377458
0.5200777652170581
0.520077169955944
0.5200787248982001
0.5200764696430837
0.5200765215758543
0.5200789832867874
0.5200803605370772
0.5200835337380517
0.5200861006898835
0.5200864935739705
0.5200877420330963
0.5200920152708416
0.5200978783884987
0.5201040453922063
0.5201079735497822
0.5201123087333265
0.5201160194903425
0.5201243504797767
0.5201321446192974
0.5201407315955302
0.5201453528055903
0.5201493593993156
0.5201535495885311
0.5201604944563973
0.5201669667644218
0.5201713800191758
0.520182484311813
0.5201922254910261
0.520206893625599
0.520220639964349
0.5202313649835917
0.5202393142157287
0.5202462438999258
0.520254594480867
0.5202649993372922
0.5202772037751512
0.5202954249308002
0.5203090691577181
0.5203175366725857
0.5203267121150628
0.5203329010349955
0.5203360593970047
0.52034439761721
0.5203504188470629
0.5203569682962506
0.5203593525577356
0.5203626468244714
0.5203664198152416
0.5203706274462142
0.5203713408466499
0.5203708820950689
0.5203701769949064
0.5203661945716621
0.5203635916703239
0.5203597879475359
0.5203546219994182
0.520354325051753
0.5203544925424844
0.5203540555907852
0.5203489551346259
0.5203457759215064
0.5203465580022989
0.5203511399578854
0.5203530975379985
0.5203513013397745
0.5203500808457838
0.5203460544923793
0.5203400987049892
0.5203361469807202
0.5203354841206703
0.5203431051976533
0.5203506032710241
0.5203603336439311
0.5203741745158652
0.5203807142840191
0.5203852595844852
0.5203891280865188
0.5203960416978985
0.520406080191038
0.5204174001464797
0.5204269505909618
0.5204377829466654
0.5204499716062526
0.5204574211389418
0.520467283298706
0.5204763007447281
0.5204825585257271
0.5204881400950178
0.5204987077274577
0.5205040751205271
0.5205065882133445
0.5205150630422597
0.5205281560381786
0.5205406805170628
0.5205594923827236
0.5205821750497707
0.5206067281948674
0.5206295884561245
0.5206550006143624
0.5206815778664823
0.5207113952424547
0.5207378249360064
0.5207621141590362
0.5207849080857037
0.5208033319040491
0.5208205118971202
0.5208418071927327
0.5208692547906592
0.5208896173681014
0.5209053382388329
0.5209243092572189
0.5209381511550097
0.520953034336088
0.5209726029037077
0.5209876348733467
0.5210040672323096
0.521018684657276
0.5210340849906511
0.521051262043289
0.5210697080208244
0.5210902058865531
0.5211095840104538
0.5211312315599799
0.5211474392656152
0.5211619430087352
0.5211728722634148
0.5211885138349132
0.5212044855743079
0.5212246757620674
0.5212418711983587
0.5212538954613566
0.5212638560449006
0.521274562909355
0.5212872837452658
0.5212994545054683
0.5213086830287996
0.5213212713874518
0.5213343155427682
0.521347179593089
0.5213608555449376
0.5213756634048523
0.5213953391337443
0.5214088438969336
0.521426348968257
0.5214394622460479
0.5214521972001243
0.5214682278295055
0.5214818680259983
0.5214926044313191
0.5215069394874648
0.5215227867146796
0.521542285562689
0.5215678128608482
0.5215876535384627
0.5216139057904475
0.5216382632099587
0.5216595224832486
0.5216765254207243
0.5216943428421343
0.5217177434823248
0.5217399296886877
0.5217611099198477
0.5217839096093357
0.5218112387125142
0.5218350619470408
0.5218614970946158
0.5218851646311663
0.521904942930618
0.5219221628646254
0.5219397255530314
0.5219561054511859
0.5219741976803187
0.521988552536058
0.5219955980309414
0.5220061603384112
0.5220188594238376
0.5220333608569236
0.5220453198139963
0.5220548188660211
0.5220652722279387
0.5220740851567209
0.5220801513620125
0.5220919688239948
0.5221048727217881
0.5221199490803065
0.5221396941258387
0.522157492797291
0.5221784165952895
0.5221985092239452
0.5222164765325146
0.5222280193868756
0.5222415591761806
0.5222511783542634
0.5222681692812845
0.5222852352280741
0.5223016881255834
0.5223156418401906
0.5223306371559704
0.5223441156392018
0.5223586540153088
0.5223745911346884
0.5223902009200021
0.5224070815777595
0.5224231962826639
0.5224421413329696
0.5224589742292002
0.5224746062370853
0.5224871525023211
0.5225058122732131
0.5225275208048773
0.5225466625025569
0.5225643282395804
0.5225797536324909
0.5225968733325668
0.5226163550227649
0.5226335514820614
0.5226481519911734
0.5226637678172672
0.5226822223125469
0.5227014635018166
0.5227254664094142
0.5227453640734944
0.5227685991339598
0.5227934465675688
0.5228145110899827
0.5228371139839618
0.5228568056295269
0.5228789789170583
0.5228995237597357
0.5229198393516674
0.5229396753497211
0.5229613102022577
0.5229909141525477
0.5230140574858874
0.5230302304909925
0.5230454118962733
0.5230624131728363
0.5230743996517302
0.5230857972704654
0.5230950200432997
0.5231045009139307
0.5231145233456651
0.5231234601180462
0.5231343634537967
0.5231441355361859
0.5231581860530803
0.523170114247546
0.5231820357693141
0.5231945750974355
0.5232122039486261
0.5232355936493039
0.5232541300897533
0.523269433405461
0.5232902278744425
0.5233010898675926
0.523310389792871
0.523322751895879
0.523335905952857
0.5233467258196872
0.5233670757521743
0.5233889157944712
0.5234075868341207
0.5234292769375154
0.5234517879818628
0.5234710100506679
0.5234848787032242
0.5235036005263338
0.5235241427671058
0.5235447475504222
0.5235631715536958
0.5235835024602981
0.523604501054838
0.523620781859239
0.5236393782476948
0.5236596553189858
0.5236830068263062
0.5237067957847044
0.5237224361293314
0.5237427694493774
0.5237592403308141
0.5237809802796938
0.5237999238949517
0.5238187890885234
0.5238423764873935
0.5238650309177378
0.5238841806374663
0.5238984985128075
0.5239102462579209
0.5239205920177636
0.5239301726348425
0.5239446320682802
0.5239544910597159
0.5239623509229434
0.5239726092170099
0.5239818632868444
0.5239910413366021
0.5239927265316874
0.5239977466304383
0.5240001195347433
0.5240040568347208
0.5240099077189794
0.5240152489463085
0.5240229223998736
0.5240314344551982
0.5240390670383739
0.5240444948926674
0.524052367968379
0.5240650920249412
0.5240766126390378
0.5240880099852798
0.5241029889458311
0.5241203162262433
0.5241391091057858
0.5241590953492298
0.5241800295558141
0.5242004208973331
0.5242189605405156
0.5242344548528889
0.5242449093853367
0.5242562058685409
0.5242729631653241
0.5242896992515614
0.5243013007100332
0.5243150419800098
0.5243230324502363
0.5243276729260212
0.5243384185918086
0.5243442843889398
0.5243501730500297
0.524353767324923
0.5243594443438097
0.5243619177128173
0.5243633641396378
0.524362104386296
0.5243614479218849
0.5243574130502843
0.5243513188571608
0.5243432706154053
0.5243353811370128
0.5243281468738432
0.5243213418362804
0.5243148421063282
0.5243137439217029
0.5243122090415695
0.5243122959988251
0.5243117512134543
0.5243052896889393
0.5242973737941902
0.5242893002366813
0.5242771192184922
0.5242675317882185
0.5242569013678128
0.5242489177304567
0.5242409917837892
0.5242295286999986
0.5242178458144282
0.5242066063147527
0.5241953100324008
0.5241829099280912
0.5241718763399222
0.5241559207769427
0.5241420409086579
0.5241323805648824
0.5241217890438997
0.5241063948611774
0.5240877495191819
0.5240692173013757
0.5240544554956194
0.5240406345409897
0.5240227562028671
0.5240018361853795
0.523981980757348
0.5239544063929463
0.5239326141338843
0.5239164442357146
0.5238964138732466
0.5238781175380198
0.5238596286235908
0.5238464529782179
0.5238380405741322
0.523832611917774
0.5238245730296432
0.5238193627332691
0.5238183077988617
0.523813888652767
0.5238159207568929
0.5238166137420162
0.5238193508477846
0.5238223867269826
0.5238292161516178
0.5238402471564396
0.5238509911845274
0.5238601120342158
0.5238676849339402
0.5238762403793881
0.5238846443001868
0.5238914017459048
0.5239022516751245
0.523909713448103
0.5239198830586468
0.523925791959568
0.5239355584537277
0.5239473751738788
0.5239639406686751
0.5239812913993156
0.5239954474135059
0.524009121169428
0.5240214474578019
0.5240316050503683
0.5240414047595576
0.5240518908634796
0.524051074621514
0.5240505522132023
0.5240470261464616
0.5240410676658958
0.5240371283869514
0.5240353701350549
0.5240333136446076
0.5240274655325485
0.5240276275601625
0.5240254661563138
0.5240283631170536
0.5240300692769103
0.524034017020733
0.5240388201876323
0.5240390082991976
0.5240374174446883
0.5240386080781194
0.5240405080232662
0.5240444461627356
0.5240448715657409
0.5240427109151119
0.5240393460906734
0.5240359393608659
0.5240334159330498
0.5240299744437622
0.5240264628080895
0.5240218841954015
0.5240101587490736
0.5239964354133996
0.5239787083288427
0.5239659099105958
0.5239514571153369
0.5239392294306179
0.523926547331478
0.5239146550760658
0.5239052884206309
0.523896259254396
0.5238866430775879
0.5238797994406793
0.5238709778576851
0.5238622013228176
0.5238524521796941
0.523848167192019
0.5238464401614427
0.5238444996664027
0.5238404472124644
0.5238312936465379
0.5238224425112431
0.5238138740866076
0.5237944261228323
0.5237739367442847
0.5237517706938895
0.5237306992806133
0.5237108825814079
0.5236919025287942
0.5236721875387308
0.5236503767183387
0.5236244111997314
0.5235919716544206
0.523558790544867
0.523528744117317
0.5234998950346051
0.5234675955094581
0.523439335878443
0.5234102882815432
0.5233851979269207
0.5233595852631315
0.5233309671203009
0.5233022904604457
0.5232778627444205
0.5232526296855293
0.5232198100189329
0.5231864908403289
0.5231489972607017
0.5231098016200919
0.5230655095893698
0.5230187961029815
0.5229748768732139
0.5229244807882109
0.5228733276797591
0.5228291866302573
0.5227847710602128
0.5227454852318143
0.5227046882268626
0.5226658240879587
0.5226214859602711
0.5225748736940372
0.522529969748874
0.5224870939549906
0.5224442072447039
0.5224019349352712
0.5223627167126177
0.522319771935466
0.5222722591157036
0.5222255974253669
0.5221798602929018
0.52213643859845
0.5220894546153001
0.5220364053934058
0.5219847847530247
0.5219302851615859
0.5218768403882498
0.521821075480473
0.521768917889463
0.521718599045509
0.5216705980543187
0.5216205002408411
0.5215713812161888
0.5215222118910272
0.5214717684405412
0.5214205623176247
0.5213593573288124
0.5212954541848998
0.5212322432751592
0.5211664210757901
0.5211032503501486
0.5210407128762587
0.5209784484913377
0.5209187317814461
0.520864406108505
0.520812411399725
0.5207619528566331
0.5207094031166627
0.5206592405954834
0.5206079792462618
0.5205595987217596
0.5205069876887373
0.5204534422278867
0.5204048575357652
0.5203569837141524
0.5203051886797181
0.5202571317815713
0.5202094567200044
0.5201602221001812
0.5201132653009425
0.5200702647608393
0.5200289506581909
0.5199840486458227
0.5199371029066171
0.5198880345534643
0.5198365940566569
0.5197899792079284
0.519745332288825
0.5197006217762092
0.5196508517004034
0.5195991520959088
0.5195447441796498
0.5194888081728345
0.5194334639796058
0.5193809134835229
0.519323337039609
0.5192709763829115
0.5192182612160187
0.5191663042786738
0.5191146914886376
0.5190654641407801
0.5190151736641188
0.5189646603176798
0.5189142438387138
0.5188681069846919
0.5188239874102566
0.518778707954189
0.5187301641049918
0.5186787138611663
0.5186283050458358
0.518584926375738
0.5185414681882877
0.5185005606208647
0.5184602569038497
0.5184212729567934
0.5183853356724254
0.5183439098218603
0.518301130950044
0.5182562688031377
0.5182137130959822
0.5181717967168461
0.5181286684467342
0.5180822939386377
0.5180268129085324
0.517970810917569
0.5179175600502753
0.5178605492486109
0.5178066141624396
0.5177551668598213
0.5177060750513557
0.5176619557091157
0.5176200429641807
0.5175750620664876
0.5175286286869916
0.5174831329023171
0.5174365020776565
0.5173929762604635
0.5173459376870341
0.5172953666739731
0.5172450302556503
0.517189535349644
0.517133599425027
0.5170745692648718
0.5170181762761175
0.5169642561593641
0.5169049745808305
0.5168454701441485
0.5167832066340602
0.5167175934329397
0.5166539416204023
0.5165925289676895
0.5165336158878576
0.5164787566966724
0.5164172583893837
0.516358228503946
0.5162973342393828
0.5162371687187493
