#Sweep   Energia    Magn X    Magn Y
1 -1.72 -0.00135 0.925
2 -1.47 0.00302 0.843
3 -1.27 -0.00337 0.76
4 -1.11 0.00236 0.684
5 -0.988 0.00803 0.616
6 -0.905 0.00909 0.557
7 -0.815 0.013 0.492
8 -0.746 0.00939 0.424
9 -0.692 0.00879 0.378
10 -0.667 0.0126 0.33
11 -0.627 0.0186 0.275
12 -0.607 0.0176 0.238
13 -0.583 0.00826 0.201
14 -0.568 -0.00481 0.176
15 -0.581 -0.00531 0.15
16 -0.561 -0.00586 0.131
17 -0.552 0.00647 0.128
18 -0.558 -0.00123 0.106
19 -0.563 -0.0105 0.0936
20 -0.569 -0.000614 0.0889
21 -0.566 -0.00299 0.0708
22 -0.559 -0.00207 0.055
23 -0.551 0.00152 0.0591
24 -0.542 0.015 0.0545
25 -0.556 0.0171 0.0414
26 -0.534 0.0214 0.0305
27 -0.553 0.00763 0.0371
28 -0.554 -0.00304 0.0326
29 -0.537 -0.00891 0.0355
30 -0.533 0.00734 0.0313
31 -0.527 0.00816 0.0282
32 -0.535 -0.00458 0.0142
33 -0.544 -0.00849 0.00854
34 -0.55 -0.00899 0.000713
35 -0.553 -0.0115 -0.0053
36 -0.554 -0.0115 -0.00799
37 -0.543 -0.0119 -0.0116
38 -0.526 -0.0217 -0.00647
39 -0.547 -0.0169 0.00511
40 -0.542 -0.0279 -0.00713
41 -0.537 -0.0143 -0.0047
42 -0.534 -0.00652 -0.000949
43 -0.558 -0.000615 -0.00495
44 -0.567 0.00107 0.000477
45 -0.548 0.00591 -0.00138
46 -0.541 0.0116 -0.00571
47 -0.548 0.0109 -0.00395
48 -0.549 0.0112 0.0085
49 -0.55 0.0182 0.00544
50 -0.547 0.0101 0.000396
51 -0.551 0.0105 -0.000342
52 -0.536 0.0151 0.00677
53 -0.551 -0.00458 -0.00153
54 -0.563 -0.00115 -0.00588
55 -0.568 -0.00172 -0.00273
56 -0.569 0.000529 -0.0018
57 -0.557 -0.00182 -0.00636
58 -0.534 0.0147 -0.000135
59 -0.541 -0.000684 -0.00395
60 -0.539 0.0118 -0.00982
61 -0.543 -0.00739 -0.00657
62 -0.541 0.0091 -0.0207
63 -0.562 0.0128 -0.0232
64 -0.57 0.0155 -0.0121
65 -0.573 -0.00153 -0.0215
66 -0.558 -0.00996 -0.0139
67 -0.559 -0.0146 -0.00848
68 -0.555 -0.00721 -0.00743
69 -0.539 -0.0117 0.00233
70 -0.537 -0.0165 -0.018
71 -0.527 -0.0223 -0.00909
72 -0.523 -0.0186 -0.00302
73 -0.548 -0.00224 0.00203
74 -0.55 0.00566 0.0123
75 -0.549 0.00991 0.0134
76 -0.559 0.00997 0.00155
77 -0.552 0.0131 0.00782
78 -0.554 0.00605 0.0124
79 -0.552 0.00751 0.0186
80 -0.527 -0.00087 0.0178
81 -0.528 -0.0167 0.0135
82 -0.551 -0.0136 0.0183
83 -0.559 0.0015 0.0129
84 -0.565 0.0197 0.00913
85 -0.578 0.0215 0.01
86 -0.567 0.0121 0.0117
87 -0.562 0.0182 0.0151
88 -0.552 0.016 0.0116
89 -0.55 0.0114 0.0177
90 -0.547 0.0202 0.00111
91 -0.549 0.0158 -0.00729
92 -0.547 0.0105 -0.00599
93 -0.544 0.0151 -0.0102
94 -0.546 0.00917 -7.92e-05
95 -0.548 0.00778 -0.00303
96 -0.551 -0.0014 -0.0112
97 -0.536 -0.00504 -0.0116
98 -0.546 -0.012 -0.00846
99 -0.558 -0.0175 -0.0124
100 -0.548 -0.0232 -0.00291
101 -0.541 -0.0309 0.000912
102 -0.53 -0.0306 -0.0131
103 -0.541 -0.0293 -0.0186
104 -0.534 -0.0155 -0.0186
105 -0.55 -0.00607 -0.0263
106 -0.537 -0.0108 -0.0159
107 -0.537 0.00459 -0.0136
108 -0.531 -0.00116 -0.00985
109 -0.534 -0.0161 -0.00488
110 -0.537 -0.0208 -0.0115
111 -0.539 -0.0268 -0.00189
112 -0.529 -0.0224 -0.0165
113 -0.531 -0.0302 -0.0186
114 -0.545 -0.0295 -0.00938
115 -0.548 -0.0339 -0.00503
116 -0.558 -0.0264 -0.000326
117 -0.547 -0.0336 0.00462
118 -0.529 -0.0141 0.0102
119 -0.537 -0.0166 0.0079
120 -0.549 -0.0208 0.00597
121 -0.547 -0.0313 0.0149
122 -0.549 -0.0237 0.00047
123 -0.546 -0.0343 0.0155
124 -0.54 -0.0335 0.00316
125 -0.556 -0.0391 0.0052
126 -0.549 -0.025 0.000196
127 -0.538 -0.0325 -0.0058
128 -0.54 -0.0371 -0.00638
129 -0.538 -0.0338 0.00388
130 -0.543 -0.0247 -0.000462
131 -0.535 -0.011 0.00945
132 -0.539 -0.0155 0.00572
133 -0.554 0.000608 0.0096
134 -0.561 0.00464 0.00701
135 -0.555 0.00175 0.00888
136 -0.547 0.0076 0.00223
137 -0.548 0.00458 0.00555
138 -0.532 0.00996 0.0123
139 -0.567 0.0175 0.0251
140 -0.557 0.0207 0.0241
141 -0.549 0.0332 0.0241
142 -0.548 0.02 0.0253
143 -0.553 0.0227 0.0278
144 -0.546 0.0244 0.0256
145 -0.535 0.0199 0.0324
146 -0.54 0.0202 0.0365
147 -0.565 0.0178 0.0308
148 -0.561 0.0101 0.0131
149 -0.55 0.0108 0.0197
150 -0.551 0.0177 0.0293
151 -0.563 0.0118 0.032
152 -0.547 0.0187 0.0143
153 -0.548 0.0176 0.0144
154 -0.544 0.0193 0.0224
155 -0.556 0.0118 0.013
156 -0.561 0.0104 0.0247
157 -0.57 0.0183 0.0137
158 -0.557 0.00336 0.00776
159 -0.547 0.00879 -0.00591
160 -0.544 0.0123 -0.00634
161 -0.55 0.0146 -0.00923
162 -0.555 0.0114 -0.0111
163 -0.544 0.0159 -0.0256
164 -0.56 0.0206 -0.0179
165 -0.547 0.0186 -0.00613
166 -0.542 0.0136 -2.03e-05
167 -0.53 0.0134 0.0101
168 -0.526 0.00596 0.0067
169 -0.537 -0.00375 0.00183
170 -0.551 0.00711 0.00416
171 -0.557 0.00653 -0.00417
172 -0.553 0.00196 -0.00388
173 -0.533 0.00115 -0.0134
174 -0.538 0.00216 -0.0306
175 -0.535 -0.0107 -0.02
176 -0.53 0.00255 -0.0171
177 -0.53 0.0107 -0.00605
178 -0.543 0.00766 -0.0152
179 -0.557 0.0186 -0.0106
180 -0.558 0.00698 0.00373
181 -0.539 0.0143 -0.00766
182 -0.534 0.0109 -0.00473
183 -0.555 0.00458 -0.00533
184 -0.537 0.000429 -0.00841
185 -0.539 0.00521 -0.0225
186 -0.538 0.00542 -0.0195
187 -0.537 0.0171 -0.0084
188 -0.543 0.0128 0.00321
189 -0.54 0.00597 0.00631
190 -0.537 0.00394 0.0207
191 -0.543 -0.00251 0.0134
192 -0.544 0.00613 0.00999
193 -0.55 0.00829 0.0153
194 -0.542 0.00163 0.00707
195 -0.55 -0.0215 0.012
196 -0.544 -0.0137 0.0135
197 -0.537 -0.00698 0.0139
198 -0.552 -0.0179 0.0231
199 -0.544 -0.0262 0.0291
200 -0.549 -0.0266 0.0376
201 -0.556 -0.014 0.0508
202 -0.539 -0.0109 0.0396
203 -0.548 -0.0195 0.0351
204 -0.554 -0.0168 0.048
205 -0.557 -0.0168 0.0442
206 -0.555 -0.014 0.0345
207 -0.534 -0.00998 0.0364
208 -0.539 -0.00926 0.0264
209 -0.54 -0.00916 0.0149
210 -0.55 -0.00639 0.0239
211 -0.561 -0.00139 0.0148
212 -0.55 0.0103 0.0113
213 -0.548 0.0132 0.00662
214 -0.549 0.0135 0.00619
215 -0.549 0.00189 0.0074
216 -0.552 -0.00181 0.00168
217 -0.544 0.0103 -0.000744
218 -0.568 0.00155 0.00128
219 -0.559 0.0105 0.00282
220 -0.557 0.0225 0.000354
221 -0.557 0.0187 0.00404
222 -0.543 0.0131 -0.000176
223 -0.535 0.0145 0.00693
224 -0.55 0.018 0.0157
225 -0.542 0.0144 0.00803
226 -0.536 0.00665 -0.00106
227 -0.53 0.00782 0.00823
228 -0.525 0.024 0.00822
229 -0.537 0.0273 -0.00729
230 -0.542 0.0194 -0.0144
231 -0.55 0.0195 -0.0124
232 -0.546 0.0231 -0.0172
233 -0.535 0.0225 -0.00846
234 -0.535 0.027 -0.00414
235 -0.533 0.016 -0.0034
236 -0.541 0.00525 0.00391
237 -0.55 0.00196 0.00227
238 -0.563 0.000789 -0.00187
239 -0.569 0.00822 0.000771
240 -0.55 0.0106 0.00018
241 -0.547 0.00529 -0.00531
242 -0.555 0.0231 -0.00257
243 -0.55 0.00616 -0.00865
244 -0.554 -0.00175 -0.00522
245 -0.553 0.00541 0.00603
246 -0.563 0.0117 0.0139
247 -0.548 -0.000158 0.015
248 -0.55 0.00297 0.0233
249 -0.519 0.0095 0.0215
250 -0.542 0.00368 0.0305
251 -0.55 -0.00219 0.0348
252 -0.548 -0.0139 0.0251
253 -0.551 0.00349 0.0236
254 -0.537 -0.0048 0.0386
255 -0.539 0.00174 0.0381
256 -0.549 -0.00922 0.0311
257 -0.566 -0.00257 0.0249
258 -0.554 0.00966 0.0205
259 -0.549 -0.00399 0.0104
260 -0.558 -0.00175 0.0119
261 -0.542 -0.00424 0.0236
262 -0.539 -0.0147 0.0134
263 -0.543 -0.013 0.00644
264 -0.56 -0.00023 0.0159
265 -0.573 -0.00739 0.0128
266 -0.552 -0.00246 0.00356
267 -0.548 -0.0104 0.00853
268 -0.548 -0.0176 0.0147
269 -0.543 -0.00405 0.0148
270 -0.533 -0.0149 0.0133
271 -0.526 -0.013 0.00439
272 -0.513 -0.0243 0.0109
273 -0.533 -0.0149 0.0163
274 -0.538 -0.0152 0.00893
275 -0.544 -0.00449 0.0117
276 -0.549 -0.0163 0.00756
277 -0.548 -0.00603 -0.0083
278 -0.538 0.00294 -0.0187
279 -0.55 -0.0159 -0.0175
280 -0.551 -0.00867 -0.0277
281 -0.549 -0.00738 -0.0171
282 -0.54 -0.011 -0.00719
283 -0.54 -0.0112 -0.0149
284 -0.539 -0.0144 -0.0169
285 -0.542 -0.0159 -0.0125
286 -0.534 -0.0157 -0.00705
287 -0.527 -0.0301 -0.000627
288 -0.536 -0.0356 -0.0048
289 -0.526 -0.0271 0.00258
290 -0.552 -0.025 -0.000267
291 -0.556 -0.039 -0.0131
292 -0.554 -0.037 0.000854
293 -0.532 -0.0415 0.00254
294 -0.535 -0.0409 -0.00254
295 -0.55 -0.0498 -0.00585
296 -0.561 -0.0437 -0.00926
297 -0.56 -0.0291 -0.00425
298 -0.567 -0.0315 -0.00872
299 -0.549 -0.0135 -0.00202
300 -0.556 0.00678 0.00181
301 -0.543 0.0204 -0.00512
302 -0.556 0.00178 -0.00268
303 -0.554 0.00063 -0.00859
304 -0.541 0.0057 0.00866
305 -0.533 0.00432 -0.000491
306 -0.537 0.00955 -0.00327
307 -0.538 0.00385 -0.0105
308 -0.549 0.0101 0.00063
309 -0.549 0.00994 0.00352
310 -0.55 0.00491 0.0059
311 -0.548 -0.00552 0.00542
312 -0.547 -0.0023 0.00217
313 -0.532 0.00131 0.00451
314 -0.524 -0.0127 0.0092
315 -0.532 -0.011 0.0136
316 -0.53 -0.00812 0.0126
317 -0.533 0.00343 0.0158
318 -0.545 -0.000856 0.0083
319 -0.528 0.00773 0.01
320 -0.528 0.0152 0.0192
321 -0.541 0.0172 0.021
322 -0.549 0.0197 0.0086
323 -0.516 0.02 0.00521
324 -0.543 0.0222 -0.00301
325 -0.541 0.0283 -0.00251
326 -0.537 0.0201 0.00562
327 -0.546 0.0186 0.0146
328 -0.548 0.0165 0.0119
329 -0.559 0.00732 0.00617
330 -0.557 0.00767 -0.00674
331 -0.545 -0.00867 0.00646
332 -0.543 -0.00364 -0.00833
333 -0.542 -0.00551 -0.00499
334 -0.563 -0.0148 -0.0125
335 -0.557 -0.0042 -0.00334
336 -0.553 -0.0212 -0.00507
337 -0.553 -0.0178 -0.00335
338 -0.537 -0.0147 0.00448
339 -0.546 -0.0138 0.00775
340 -0.556 -0.0186 -0.00128
341 -0.553 -0.0105 -0.000646
342 -0.559 -0.00113 -0.00703
343 -0.563 0.00872 0.00689
344 -0.562 0.00657 -0.00871
345 -0.573 0.00344 0.00192
346 -0.567 0.0121 -0.00924
347 -0.53 0.00531 -0.00971
348 -0.526 0.026 -0.0044
349 -0.541 0.0329 -0.00299
350 -0.552 0.0299 -0.00193
351 -0.537 0.0147 -0.0104
352 -0.546 0.013 -0.0154
353 -0.552 0.0274 -0.0261
354 -0.547 0.0177 -0.0186
355 -0.545 0.0156 -0.0199
356 -0.557 0.0164 -0.0125
357 -0.553 0.00257 -0.0236
358 -0.555 0.00893 -0.0436
359 -0.559 0.00519 -0.0401
360 -0.565 0.00957 -0.0325
361 -0.546 0.0112 -0.0351
362 -0.547 0.01 -0.0338
363 -0.539 0.00887 -0.0245
364 -0.54 -0.00331 -0.0211
365 -0.554 -0.0148 -0.0321
366 -0.552 -0.0195 -0.0369
367 -0.54 -0.00894 -0.0278
368 -0.528 0.000494 -0.0275
369 -0.528 0.011 -0.0346
370 -0.527 0.017 -0.0322
371 -0.534 0.0151 -0.0278
372 -0.542 0.0108 -0.0256
373 -0.552 0.0126 -0.0194
374 -0.532 -0.0048 -0.00206
375 -0.539 -0.00236 -0.000603
376 -0.544 0.00565 -0.0099
377 -0.559 0.00115 -0.0102
378 -0.56 -0.00424 0.00237
379 -0.539 -0.00577 -0.00185
380 -0.549 0.000228 -0.0017
381 -0.563 0.00588 -0.00963
382 -0.561 0.0169 -0.00362
383 -0.552 0.0197 -0.0162
384 -0.571 0.0134 -0.0182
385 -0.55 0.0104 -0.0234
386 -0.559 0.0176 -0.0263
387 -0.559 0.00721 -0.0287
388 -0.573 -0.0078 -0.0334
389 -0.575 -0.0221 -0.0313
390 -0.557 -0.0349 -0.0285
391 -0.566 -0.0283 -0.0224
392 -0.552 -0.0192 -0.0239
393 -0.572 -0.0291 -0.0195
394 -0.563 -0.0323 -0.0185
395 -0.564 -0.0251 -0.00139
396 -0.556 -0.0184 -0.00357
397 -0.553 -0.0126 0.00501
398 -0.552 -0.0145 -0.00442
399 -0.544 -0.0169 -0.00785
400 -0.551 -0.0204 -0.013
401 -0.544 -0.0161 -0.00996
402 -0.556 -0.00997 -0.00434
403 -0.554 -0.00876 -0.00714
404 -0.552 -0.0103 -0.0145
405 -0.559 0.000508 -0.0252
406 -0.572 -0.00897 -0.0316
407 -0.559 -0.0192 -0.0368
408 -0.54 -0.0101 -0.0254
409 -0.55 -0.0295 -0.0191
410 -0.535 -0.0315 -0.0118
411 -0.522 -0.0245 -0.0149
412 -0.534 -0.0196 -0.0146
413 -0.534 -0.0194 -0.0177
414 -0.531 -0.0138 -0.00851
415 -0.534 -0.017 -0.0137
416 -0.543 -0.0177 0.00266
417 -0.547 -0.0254 -0.00135
418 -0.554 -0.0193 -0.00458
419 -0.556 -0.0348 -0.00338
420 -0.541 -0.0301 0.00166
421 -0.548 -0.0148 0.0178
422 -0.542 -0.00745 0.00881
423 -0.537 -0.00138 0.0156
424 -0.528 -0.0141 0.015
425 -0.539 -0.0162 0.0246
426 -0.546 -0.0173 0.0083
427 -0.543 -0.0085 0.00255
428 -0.536 -0.0143 0.00323
429 -0.549 -0.0166 -0.00325
430 -0.558 -0.0117 0.00128
431 -0.568 -0.00992 -0.0029
432 -0.54 -5.33e-05 -0.00584
433 -0.55 -0.000321 -0.00705
434 -0.542 -0.00574 0.00142
435 -0.551 -0.00938 -0.00308
436 -0.554 0.00538 0.000307
437 -0.551 0.01 -0.00212
438 -0.57 0.0032 -0.00852
439 -0.561 0.00178 -0.00763
440 -0.56 0.00981 -0.00298
441 -0.559 0.00419 -0.0109
442 -0.564 0.0174 -0.0139
443 -0.577 0.0261 -0.0133
444 -0.564 0.0191 -0.0116
445 -0.557 0.0293 -0.0112
446 -0.55 0.0216 -0.00431
447 -0.544 0.0266 -0.00209
448 -0.549 0.0206 -0.000834
449 -0.559 0.0212 -0.00144
450 -0.554 0.0111 -0.0066
451 -0.544 0.00817 -0.0132
452 -0.534 0.0157 -0.00843
453 -0.53 0.0268 0.00738
454 -0.534 0.023 0.00693
455 -0.536 0.0177 0.00462
456 -0.533 0.0166 0.0176
457 -0.567 0.0139 0.0255
458 -0.559 -0.00886 0.0247
459 -0.552 0.00265 0.0245
460 -0.544 0.00959 0.00877
461 -0.557 0.0117 0.0205
462 -0.55 0.00842 0.00237
463 -0.546 -0.0103 0.0117
464 -0.559 -0.00403 0.00973
465 -0.551 0.000129 0.0207
466 -0.552 -0.00167 0.0255
467 -0.566 0.00566 0.0292
468 -0.549 0.00218 0.021
469 -0.545 -0.00378 0.0281
470 -0.555 -0.00354 0.0131
471 -0.546 -0.00792 -0.00148
472 -0.55 -0.00263 0.00795
473 -0.564 -0.013 0.000479
474 -0.575 -0.0132 0.0085
475 -0.563 -0.0112 -0.00547
476 -0.576 -0.00955 -0.00485
477 -0.578 -0.00995 0.00598
478 -0.566 -0.0184 0.00344
479 -0.558 -0.0136 0.0154
480 -0.545 -0.0101 0.0126
481 -0.553 -0.0036 0.0124
482 -0.554 -0.00897 0.0168
483 -0.55 -0.00364 0.0166
484 -0.54 0.00838 -0.00486
485 -0.557 0.00748 -0.0058
486 -0.539 0.00116 1.69e-05
487 -0.544 0.00319 0.0036
488 -0.538 0.00312 0.00791
489 -0.552 -0.0117 0.00559
490 -0.549 -0.0114 -0.00192
491 -0.544 0.00613 -0.00332
492 -0.55 0.00872 0.0119
493 -0.553 0.016 0.00194
494 -0.543 0.00461 -0.000251
495 -0.561 0.00147 0.00351
496 -0.564 -0.0072 0.0123
497 -0.548 -0.00251 0.00778
498 -0.552 0.0086 0.00119
499 -0.537 0.0047 -0.00276
500 -0.535 0.0123 -0.0181
501 -0.54 0.0165 -0.0033
502 -0.539 0.0166 -0.00144
503 -0.554 0.0202 0.00324
504 -0.566 0.00965 0.0196
505 -0.559 0.00907 0.0133
506 -0.544 0.00453 0.0153
507 -0.555 0.00623 0.0266
508 -0.563 -0.00481 0.0183
509 -0.564 -0.0116 0.0245
510 -0.556 -0.00732 0.0173
511 -0.543 -0.00882 0.00286
512 -0.548 -0.00323 0.00383
513 -0.541 0.00578 0.0154
514 -0.534 0.0196 0.0101
515 -0.527 0.0152 0.0126
516 -0.566 0.0226 0.00918
517 -0.562 0.0205 0.0186
518 -0.551 0.0229 0.0152
519 -0.557 0.0248 0.013
520 -0.549 0.0274 0.00201
521 -0.552 0.0247 0.00132
522 -0.541 0.0259 -0.0105
523 -0.541 0.024 -0.0127
524 -0.524 0.0244 -0.0269
525 -0.535 0.0275 -0.0323
526 -0.534 0.0219 -0.0273
527 -0.535 0.00991 -0.0257
528 -0.537 0.0133 -0.0171
529 -0.546 0.0302 -0.0193
530 -0.55 0.0507 -0.0119
531 -0.547 0.0319 -0.0146
532 -0.572 0.0296 -0.00577
533 -0.554 0.0266 -0.00445
534 -0.554 0.0104 -0.00309
535 -0.549 0.00572 0.00196
536 -0.551 -0.00235 0.00589
537 -0.521 -0.00429 0.00668
538 -0.547 -0.00523 0.00856
539 -0.534 -0.0197 0.00871
540 -0.555 -0.0217 0.00483
541 -0.55 -0.024 0.00877
542 -0.543 -0.0218 0.00777
543 -0.562 -0.0244 0.0131
544 -0.539 -0.0244 0.0217
545 -0.561 -0.0257 0.0221
546 -0.558 -0.0143 0.0247
547 -0.565 -0.0146 0.0215
548 -0.558 -0.00961 0.0225
549 -0.551 0.00259 0.0183
550 -0.548 0.00477 0.0266
551 -0.553 -0.00156 0.026
552 -0.539 0.00797 0.0171
553 -0.546 0.00508 0.00438
554 -0.548 -0.0062 -0.00396
555 -0.545 -0.0178 0.000572
556 -0.549 -0.0174 -0.00953
557 -0.567 -0.0232 -0.00674
558 -0.555 -0.0256 -0.0134
559 -0.558 -0.00847 -0.0115
560 -0.541 -0.00181 -0.000378
561 -0.55 -0.000818 -0.00566
562 -0.551 0.00697 -0.00227
563 -0.569 -0.000267 -0.000608
564 -0.556 -0.00447 -0.00665
565 -0.552 0.00116 -0.0121
566 -0.549 -0.0056 -4.81e-05
567 -0.55 -0.0164 -0.00292
568 -0.547 -0.0186 0.0137
569 -0.564 -0.0164 0.016
570 -0.542 0.000781 0.0156
571 -0.543 0.0193 0.0137
572 -0.558 0.0161 0.0081
573 -0.556 0.0297 -0.00103
574 -0.549 0.024 0.0116
575 -0.541 0.0222 0.015
576 -0.555 0.0198 0.00839
577 -0.536 0.0276 0.0136
578 -0.546 0.0263 0.0214
579 -0.552 0.0335 0.0192
580 -0.569 0.0326 0.0153
581 -0.57 0.0361 0.0204
582 -0.565 0.0307 0.0127
583 -0.548 0.0337 0.00121
584 -0.547 0.0297 -0.00213
585 -0.541 0.0296 -0.00356
586 -0.545 0.0105 -0.00371
587 -0.541 0.0206 -0.0086
588 -0.53 0.0203 -0.00189
589 -0.535 0.018 0.00244
590 -0.538 0.0105 -0.00527
591 -0.551 -0.00138 -0.0066
592 -0.55 -0.00732 -0.00169
593 -0.546 0.00759 0.016
594 -0.552 0.0117 0.00999
595 -0.564 0.0117 0.00916
596 -0.544 0.0131 0.014
597 -0.549 0.00508 0.00435
598 -0.548 0.00477 -0.00549
599 -0.554 0.00284 -0.00648
600 -0.544 0.0129 -0.0136
601 -0.536 0.0118 -0.0142
602 -0.554 0.00233 -0.0166
603 -0.544 0.00717 -0.012
604 -0.535 -0.00437 -0.018
605 -0.535 -0.00481 -0.024
606 -0.544 -0.00551 -0.0241
607 -0.538 -0.0113 -0.0226
608 -0.539 -0.00199 -0.0186
609 -0.537 -0.00414 -0.00723
610 -0.546 -0.00904 0.00339
611 -0.542 -0.00935 0.00981
612 -0.539 -0.00837 0.00772
613 -0.555 -0.0104 0.0127
614 -0.563 -0.0138 0.00676
615 -0.565 -0.0175 0.0195
616 -0.538 -0.00693 0.0148
617 -0.546 -0.0168 0.0177
618 -0.547 -0.0293 0.0155
619 -0.54 -0.022 0.00714
620 -0.554 -0.0247 0.0133
621 -0.558 -0.0203 0.00974
622 -0.562 -0.0213 0.00756
623 -0.547 -0.0104 -0.01
624 -0.555 -0.0168 -0.0114
625 -0.542 -0.0131 -0.0133
626 -0.531 0.00143 -0.0101
627 -0.561 0.00806 -0.00984
628 -0.543 -0.00981 -0.00989
629 -0.549 -0.00324 -0.0163
630 -0.541 -0.000742 -0.0135
631 -0.539 -0.0109 -0.0025
632 -0.534 -0.00848 0.00511
633 -0.537 -0.00604 -0.00509
634 -0.541 -0.00478 -0.00106
635 -0.538 -0.00545 -0.00893
636 -0.541 -0.0118 0.0087
637 -0.528 -0.0214 0.0137
638 -0.547 -0.0165 0.0128
639 -0.539 -0.00687 0.00999
640 -0.542 -0.0178 0.0199
641 -0.548 -0.00708 0.0262
642 -0.534 -0.0063 0.012
643 -0.552 -0.0137 0.00906
644 -0.545 -0.00429 0.00682
645 -0.555 -0.0103 -0.00167
646 -0.544 0.00494 0.00467
647 -0.546 0.00335 0.000627
648 -0.546 0.0114 -0.00183
649 -0.541 0.00542 0.00588
650 -0.527 -0.000875 0.00273
651 -0.51 0.0109 -0.00586
652 -0.529 0.00282 -0.00168
653 -0.553 0.0121 -0.00857
654 -0.541 -0.000334 -0.0144
655 -0.532 -0.0094 -0.0217
656 -0.539 -0.0193 -0.02
657 -0.543 -0.0118 -0.0131
658 -0.533 -0.0125 -0.0104
659 -0.557 -0.00189 -0.0051
660 -0.554 0.000482 -0.00163
661 -0.539 0.00553 0.00661
662 -0.543 0.00965 0.00414
663 -0.534 -0.00112 0.00165
664 -0.55 -0.00502 0.00369
665 -0.547 -0.0126 0.000197
666 -0.556 -0.00634 0.00602
667 -0.532 -0.019 0.00533
668 -0.542 -0.0165 0.0187
669 -0.546 -0.0132 0.0148
670 -0.549 -0.00702 0.0165
671 -0.539 0.00568 0.0196
672 -0.554 0.00212 0.00311
673 -0.534 0.00644 -0.00823
674 -0.553 0.0025 -0.0237
675 -0.565 0.00751 -0.0212
676 -0.568 0.0179 -0.026
677 -0.572 0.0121 -0.0326
678 -0.553 0.00628 -0.0313
679 -0.535 0.00633 -0.0299
680 -0.538 0.0183 -0.0189
681 -0.551 0.0134 -0.00165
682 -0.536 0.0106 -0.0077
683 -0.529 -0.00178 -0.0107
684 -0.534 0.00191 -0.00555
685 -0.534 0.00508 -0.00827
686 -0.522 0.00418 -0.0183
687 -0.544 0.00362 -0.0218
688 -0.548 -0.00388 -0.0274
689 -0.552 -0.000607 -0.0243
690 -0.561 -0.00649 -0.0285
691 -0.534 -0.00671 -0.0182
692 -0.538 -0.0118 -0.0225
693 -0.548 -0.00395 -0.0302
694 -0.545 -0.00215 -0.0135
695 -0.523 -0.000311 -0.0114
696 -0.545 -0.000316 -0.0133
697 -0.526 -0.00188 -0.0161
698 -0.523 0.00699 -0.0142
699 -0.538 -0.000594 -0.00318
700 -0.541 0.00142 -0.00472
701 -0.529 0.0038 -0.00642
702 -0.539 0.0114 -0.0125
703 -0.526 0.0154 -0.00922
704 -0.541 0.0123 -0.00377
705 -0.54 0.0123 -0.00148
706 -0.531 0.00684 0.0104
707 -0.534 0.0047 0.00918
708 -0.537 0.00541 0.00195
709 -0.544 0.00177 -0.00787
710 -0.548 0.00396 -0.00032
711 -0.554 0.00181 -0.00694
712 -0.551 -0.00842 -0.0113
713 -0.546 -0.000109 -0.00528
714 -0.544 0.00744 -0.0214
715 -0.545 -0.00031 -0.0223
716 -0.538 0.00604 -0.0112
717 -0.546 0.00076 -0.0231
718 -0.565 0.0118 -0.0332
719 -0.547 0.0142 -0.0283
720 -0.559 0.0289 -0.0214
721 -0.562 0.0381 -0.0127
722 -0.555 0.0297 -0.0142
723 -0.541 0.031 -0.0211
724 -0.568 0.0256 -0.0152
725 -0.549 0.00777 -0.0111
726 -0.546 0.00154 -0.00136
727 -0.547 0.00361 0.000524
728 -0.556 -0.00628 0.00383
729 -0.542 -0.00306 0.00773
730 -0.565 -0.00361 0.0132
731 -0.557 -0.0121 0.00735
732 -0.54 -0.014 -0.00557
733 -0.551 -0.0239 -0.00796
734 -0.552 -0.0107 -0.0115
735 -0.559 -0.0111 -0.0124
736 -0.551 -0.0183 0.0058
737 -0.546 -0.0173 0.00232
738 -0.56 -0.0127 0.00235
739 -0.554 -0.0162 -0.00348
740 -0.563 -0.0209 -0.00241
741 -0.553 -0.0328 -0.00911
742 -0.565 -0.0329 -0.00301
743 -0.548 -0.0224 -0.0117
744 -0.547 -0.0164 -0.00796
745 -0.539 -0.0204 0.00896
746 -0.546 -0.014 0.00584
747 -0.546 -0.00837 0.00804
748 -0.571 -0.015 0.00624
749 -0.559 0.000534 0.00562
750 -0.55 0.00311 0.0139
751 -0.547 -0.00735 0.0118
752 -0.544 -0.0207 0.0203
753 -0.553 -0.0163 0.0155
754 -0.557 -0.0136 0.0183
755 -0.55 -0.00669 0.0001
756 -0.544 0.00336 -0.00689
757 -0.545 0.00881 -0.00638
758 -0.543 0.0105 -0.00948
759 -0.55 0.0162 -0.0127
760 -0.553 0.00592 -0.0189
761 -0.553 0.0106 -0.0124
762 -0.546 0.0124 -0.0076
763 -0.555 0.0218 -0.00128
764 -0.561 0.022 -0.00614
765 -0.566 0.0109 -0.0134
766 -0.566 0.0159 -0.00542
767 -0.547 0.0096 0.000795
768 -0.543 0.00956 0.00177
769 -0.54 0.0115 -0.00055
770 -0.554 -0.00427 -0.00383
771 -0.541 -0.00622 0.00459
772 -0.557 0.00367 0.00934
773 -0.543 -0.0116 0.00787
774 -0.537 -0.00292 0.00408
775 -0.54 -0.000755 0.0141
776 -0.541 0.00256 0.0057
777 -0.549 -0.0134 0.00459
778 -0.548 -0.0211 0.0132
779 -0.542 -0.018 0.0131
780 -0.548 -0.00174 0.0164
781 -0.539 -0.0088 0.0129
782 -0.545 -0.0103 -0.000424
783 -0.553 -0.0139 -0.00893
784 -0.561 -0.0199 0.00213
785 -0.553 -0.0212 0.00276
786 -0.541 -0.0146 -0.00748
787 -0.554 -0.0146 -0.00149
788 -0.557 -0.00462 -0.00338
789 -0.552 0.00523 -0.00556
790 -0.543 0.0146 -0.0035
791 -0.554 0.00863 -0.00438
792 -0.565 0.029 0.0068
793 -0.552 0.0242 -0.000238
794 -0.551 0.0195 0.00203
795 -0.544 0.0214 0.00759
796 -0.561 0.00148 0.0146
797 -0.546 0.00751 0.00892
798 -0.549 0.00213 0.0043
799 -0.546 0.00532 -0.0064
800 -0.55 0.00449 -0.00682
801 -0.56 0.0114 -0.00913
802 -0.546 0.025 -0.00674
803 -0.545 0.0359 0.00345
804 -0.548 0.0389 0.00227
805 -0.548 0.0415 0.000332
806 -0.544 0.0403 0.00376
807 -0.538 0.0342 -0.0115
808 -0.54 0.0306 -0.00301
809 -0.538 0.0218 -0.00059
810 -0.546 0.021 0.000812
811 -0.539 0.0184 0.00264
812 -0.546 0.021 -0.000846
813 -0.557 0.0232 -0.000676
814 -0.565 0.0258 -0.0054
815 -0.553 0.0173 -0.00313
816 -0.556 0.0201 -0.0048
817 -0.547 0.0175 -0.00932
818 -0.549 0.0257 -0.0101
819 -0.547 0.0155 -0.0118
820 -0.535 0.0143 -0.0202
821 -0.536 0.00548 -0.014
822 -0.537 0.00304 -0.012
823 -0.539 -0.00116 -0.00214
824 -0.555 -0.00133 -0.00402
825 -0.545 0.0134 0.00547
826 -0.554 0.0137 0.00147
827 -0.546 0.0121 -0.00437
828 -0.538 0.012 0.00487
829 -0.535 0.0094 -0.00402
830 -0.533 0.0156 0.00897
831 -0.525 0.00152 0.000953
832 -0.535 -0.0074 0.00478
833 -0.543 -0.00784 0.00903
834 -0.542 -0.00527 0.00958
835 -0.555 -0.00232 0.00185
836 -0.55 -0.00542 -0.00752
837 -0.545 -0.012 -0.000551
838 -0.542 -0.0292 -0.00289
839 -0.552 -0.0146 0.0111
840 -0.546 -0.00333 0.00548
841 -0.543 -0.0106 0.00444
842 -0.546 -0.0163 0.00362
843 -0.559 -0.0128 0.0227
844 -0.547 -0.00679 0.0193
845 -0.558 0.00108 0.0234
846 -0.545 -0.0027 0.0269
847 -0.551 -0.00799 0.0361
848 -0.554 -0.00552 0.0265
849 -0.549 -0.00392 0.0266
850 -0.558 -0.00685 0.0383
851 -0.548 -0.00793 0.0186
852 -0.535 -0.00456 0.0256
853 -0.529 -0.00572 0.0299
854 -0.537 -0.0105 0.0219
855 -0.539 -0.015 0.0123
856 -0.545 -0.0119 0.0143
857 -0.538 -0.00928 -0.0022
858 -0.53 -0.0104 -0.0129
859 -0.55 -0.0146 -0.0247
860 -0.545 -0.0187 -0.0184
861 -0.54 -0.028 -0.0154
862 -0.537 -0.0408 -0.0241
863 -0.547 -0.041 -0.0102
864 -0.551 -0.0222 -0.00506
865 -0.545 -0.0257 0.00713
866 -0.545 -0.0142 -0.00565
867 -0.543 -0.0107 -0.0146
868 -0.544 -0.00919 -0.00852
869 -0.532 -0.00573 -0.019
870 -0.545 0.00597 -0.0215
871 -0.551 0.00282 -0.0273
872 -0.538 -0.00802 -0.0214
873 -0.56 -0.00565 -0.0226
874 -0.539 -0.00743 -0.02
875 -0.545 0.00962 -0.00842
876 -0.524 -0.00312 -0.00381
877 -0.551 -0.0104 -0.0032
878 -0.551 -0.0208 -0.00308
879 -0.552 -0.0218 -0.00931
880 -0.556 -0.0282 -0.00826
881 -0.549 -0.0229 -0.00574
882 -0.555 -0.0235 -0.0117
883 -0.557 -0.0224 -0.0143
884 -0.552 -0.0268 -0.013
885 -0.553 -0.0284 -0.0196
886 -0.541 -0.0367 -0.0178
887 -0.537 -0.0316 -0.0191
888 -0.529 -0.0297 -0.0222
889 -0.525 -0.0123 -0.0215
890 -0.553 -0.0139 -0.0114
891 -0.553 -0.00441 -0.0167
892 -0.539 0.0131 -0.00784
893 -0.557 0.00676 -0.0207
894 -0.551 0.00724 -0.0129
895 -0.554 0.00634 -0.0175
896 -0.555 0.000217 -0.0301
897 -0.558 0.015 -0.0332
898 -0.57 0.00603 -0.0349
899 -0.564 0.00335 -0.0381
900 -0.558 0.00266 -0.0339
901 -0.569 0.00926 -0.0247
902 -0.574 0.0064 -0.0138
903 -0.574 0.00918 -0.00895
904 -0.58 0.00549 -0.0245
905 -0.575 0.0141 -0.0263
906 -0.583 0.00953 -0.0274
907 -0.569 0.0153 -0.0218
908 -0.553 -0.0073 -0.0216
909 -0.555 0.00207 0.00236
910 -0.558 0.0102 -0.00103
911 -0.558 0.00209 0.00796
912 -0.559 -0.00347 0.00875
913 -0.539 -0.00713 0.0136
914 -0.545 -0.00274 0.0148
915 -0.559 0.00268 0.00812
916 -0.565 0.00691 0.000226
917 -0.574 0.0115 0.000513
918 -0.562 0.0209 -0.00375
919 -0.555 0.0135 0.00326
920 -0.564 0.012 0.00895
921 -0.562 0.00702 0.00967
922 -0.557 0.00553 0.00678
923 -0.557 0.00762 0.00405
924 -0.528 0.0193 -0.00341
925 -0.55 0.00512 0.00632
926 -0.565 0.00585 0.0173
927 -0.545 0.0133 0.0114
928 -0.553 0.0112 -0.00345
929 -0.542 0.0117 0.0133
930 -0.542 0.00618 -0.000843
931 -0.545 0.00391 -0.0068
932 -0.53 -0.00912 -0.000576
933 -0.534 -0.015 0.0119
934 -0.545 -0.0108 0.0149
935 -0.531 -0.00977 0.00295
936 -0.536 -0.00464 0.011
937 -0.529 0.00131 0.0209
938 -0.551 0.00111 0.0102
939 -0.561 0.00844 -0.00755
940 -0.579 0.000151 0.00568
941 -0.559 0.0144 0.00256
942 -0.554 0.0126 -0.00966
943 -0.558 0.00333 -0.00275
944 -0.541 0.000567 -0.00582
945 -0.537 0.00834 0.00626
946 -0.545 0.0154 0.00286
947 -0.539 0.0152 -0.00874
948 -0.539 0.00517 0.000453
949 -0.541 0.00744 0.00222
950 -0.54 0.00983 0.00372
951 -0.546 0.0119 0.0033
952 -0.546 0.00996 -0.0065
953 -0.552 0.00432 -0.00814
954 -0.552 -0.000868 -0.0165
955 -0.537 0.00292 -0.0152
956 -0.551 0.00388 -0.0302
957 -0.548 -0.00124 -0.0227
958 -0.535 0.00363 -0.0258
959 -0.535 0.00528 -0.0162
960 -0.541 0.0141 -0.0183
961 -0.537 0.00523 -0.017
962 -0.535 -0.00662 -0.00345
963 -0.542 -0.00377 0.00209
964 -0.535 0.000169 -0.00624
965 -0.524 0.00676 0.0114
966 -0.538 0.00135 0.0165
967 -0.535 0.00241 0.00474
968 -0.546 -0.00499 0.00572
969 -0.546 -0.00148 0.0218
970 -0.533 0.00565 0.0158
971 -0.531 -0.00459 0.00426
972 -0.549 -0.00384 0.013
973 -0.53 -0.0098 0.00293
974 -0.542 -0.00981 0.00205
975 -0.541 -0.0178 0.000185
976 -0.541 -0.0208 -0.0106
977 -0.535 -0.0194 -0.0151
978 -0.531 -0.0186 -0.0089
979 -0.559 -0.0189 -0.00704
980 -0.555 -0.0255 0.0033
981 -0.562 -0.036 -0.000832
982 -0.564 -0.0254 -0.00846
983 -0.539 -0.0162 -0.0145
984 -0.544 -0.0152 -0.0211
985 -0.562 -0.00753 -0.0217
986 -0.557 -0.00565 -0.0104
987 -0.56 -0.0101 -0.0131
988 -0.553 -0.0016 -0.0183
989 -0.559 0.000789 -0.00608
990 -0.565 0.000885 0.00348
991 -0.542 -0.01 0.0074
992 -0.55 -0.0118 0.00023
993 -0.556 -0.0086 0.00465
994 -0.559 -0.0018 0.0115
995 -0.559 -0.00109 0.00244
996 -0.567 -0.00497 0.00379
997 -0.562 0.00674 0.014
998 -0.551 0.00309 -0.00555
999 -0.557 -0.00239 0.00391
1000 -0.573 0.000164 -0.00365
