#Sweep   Energia    Magn X    Magn Y
1 -1.8 0.000584 0.944
2 -1.64 0.0001596 0.896
3 -1.512 -0.001592 0.852
4 -1.408 -0.00124 0.808
5 -1.32 -0.00326 0.768
6 -1.248 -0.0042 0.728
7 -1.184 -0.00508 0.692
8 -1.132 -0.0042 0.66
9 -1.092 -0.00316 0.628
10 -1.056 -0.00536 0.6
11 -1.024 -0.003712 0.572
12 -0.992 -0.0025 0.544
13 -0.972 -0.000968 0.524
14 -0.956 -0.000888 0.5
15 -0.936 -0.001816 0.48
16 -0.924 -0.00216 0.46
17 -0.908 -0.002376 0.444
18 -0.892 -0.00436 0.424
19 -0.88 -0.001876 0.408
20 -0.872 -0.003272 0.392
21 -0.864 -0.001968 0.376
22 -0.86 -0.001612 0.3624
23 -0.852 9.48e-05 0.3476
24 -0.844 -0.000908 0.334
25 -0.84 -0.001332 0.3212
26 -0.836 -0.002072 0.3084
27 -0.832 -0.001008 0.2964
28 -0.828 -0.001072 0.2864
29 -0.824 -0.00098 0.2764
30 -0.82 -0.00286 0.2676
31 -0.82 -0.001972 0.2576
32 -0.816 0.0002736 0.2496
33 -0.812 0.0031 0.2404
34 -0.812 0.00268 0.2312
35 -0.808 0.001152 0.2212
36 -0.8 9.16e-05 0.2124
37 -0.8 0.001708 0.2052
38 -0.792 0.003956 0.1968
39 -0.796 0.001688 0.19
40 -0.792 0.000856 0.1828
41 -0.792 0.001032 0.1756
42 -0.792 0.0002936 0.1688
43 -0.788 0.002108 0.164
44 -0.788 0.001028 0.1572
45 -0.788 -0.000564 0.1508
46 -0.788 -0.001776 0.146
47 -0.788 -0.002032 0.1408
48 -0.788 -0.00292 0.1352
49 -0.788 -0.003152 0.1312
50 -0.784 -0.0021 0.1256
51 -0.784 -0.000828 0.1212
52 -0.784 -0.001932 0.1172
53 -0.784 -0.002988 0.1152
54 -0.784 -0.002272 0.1108
55 -0.788 -0.002888 0.1072
56 -0.788 -0.00424 0.1028
57 -0.788 -0.00472 0.1
58 -0.788 -0.00432 0.096
59 -0.788 -0.0042 0.0904
60 -0.788 -0.003672 0.086
61 -0.784 -0.00226 0.08
62 -0.784 -0.00288 0.0764
63 -0.784 -0.003796 0.0752
64 -0.78 -0.0042 0.074
65 -0.784 -0.003336 0.0716
66 -0.78 -0.001332 0.0672
67 -0.78 -0.001932 0.0644
68 -0.776 -0.001296 0.0624
69 -0.776 -0.0002816 0.0608
70 -0.776 -0.000242 0.0576
71 -0.776 0.000508 0.0552
72 -0.776 0.001024 0.0528
73 -0.78 0.0003088 0.0532
74 -0.776 -0.001388 0.0512
75 -0.776 0.001728 0.0504
76 -0.776 -0.00046 0.048
77 -0.78 0.0001796 0.046
78 -0.78 0.001132 0.0444
79 -0.78 0.000264 0.042
80 -0.776 0.00098 0.0412
81 -0.78 0.001852 0.03948
82 -0.776 0.000468 0.03608
83 -0.776 0.00404 0.03432
84 -0.776 0.00208 0.0344
85 -0.776 0.0003808 0.03312
86 -0.776 -0.00328 0.03392
87 -0.776 -0.001896 0.03272
88 -0.772 -0.0024 0.03184
89 -0.776 -0.002224 0.03196
90 -0.776 0.00114 0.02968
91 -0.776 0.001448 0.02688
92 -0.776 0.001848 0.02356
93 -0.776 0.001492 0.0236
94 -0.78 0.00262 0.02156
95 -0.78 0.003988 0.0208
96 -0.776 0.003168 0.02108
97 -0.776 0.001968 0.02068
98 -0.776 -0.0001492 0.01972
99 -0.776 -0.000888 0.02056
100 -0.776 -0.00088 0.01784
101 -0.776 -0.003392 0.01436
102 -0.776 -0.0044 0.01196
103 -0.776 -0.003828 0.01072
104 -0.776 -0.001384 0.01064
105 -0.78 -0.002348 0.00912
106 -0.78 -0.001292 0.0108
107 -0.78 -0.000852 0.00952
108 -0.78 -4.44e-05 0.00712
109 -0.78 0.000536 0.00784
110 -0.78 -0.000528 0.006
111 -0.78 -0.0002168 0.00608
112 -0.78 -0.000928 0.00676
113 -0.784 -0.001132 0.00748
114 -0.784 -0.001456 0.00564
115 -0.78 -0.001388 0.0054
116 -0.78 -0.000824 0.00632
117 -0.78 0.000944 0.0076
118 -0.776 0.003076 0.00608
119 -0.776 0.00456 0.00672
120 -0.776 0.003668 0.003448
121 -0.78 0.002952 0.002448
122 -0.78 0.002708 0.002332
123 -0.776 -0.0001512 0.003668
124 -0.776 -0.002564 0.00404
125 -0.776 -0.002224 0.003504
126 -0.78 -0.000148 0.003596
127 -0.776 -0.0002112 0.0003256
128 -0.78 -0.000804 0.00058
129 -0.78 -0.00142 0.002412
130 -0.776 -0.000436 0.002
131 -0.776 -0.0002376 0.003796
132 -0.776 0.0007 0.003644
133 -0.776 0.002888 0.003476
134 -0.78 0.001296 0.00528
135 -0.776 0.001916 0.00504
136 -0.78 0.001252 0.00424
137 -0.78 0.001832 0.002636
138 -0.776 0.002968 0.003504
139 -0.776 0.00408 0.002624
140 -0.78 0.0044 0.00404
141 -0.776 0.003476 0.0062
142 -0.78 0.00456 0.00532
143 -0.776 0.00556 0.003536
144 -0.776 0.0048 0.00416
145 -0.776 0.00472 0.003036
146 -0.776 0.002408 0.00428
147 -0.78 0.002084 0.003392
148 -0.78 0.00408 0.003192
149 -0.776 0.003624 0.002376
150 -0.776 0.00552 0.000592
151 -0.776 0.003584 -0.001308
152 -0.776 0.00306 -0.003748
153 -0.776 0.004 -0.00412
154 -0.776 0.00464 -0.001664
155 -0.776 0.00536 -0.001956
156 -0.78 0.0054 -0.002408
157 -0.78 0.00712 -0.003152
158 -0.78 0.00768 -0.00334
159 -0.78 0.0068 -0.000324
160 -0.78 0.007 0.000214
161 -0.784 0.00588 -0.001912
162 -0.78 0.00584 -0.002868
163 -0.784 0.00844 -0.002684
164 -0.784 0.00836 -0.003184
165 -0.784 0.00852 -0.00408
166 -0.78 0.00656 -0.00532
167 -0.784 0.00748 -0.00472
168 -0.78 0.00868 -0.00412
169 -0.78 0.00736 -0.00322
170 -0.776 0.00696 -0.00728
171 -0.776 0.00728 -0.0064
172 -0.78 0.00612 -0.00548
173 -0.776 0.00656 -0.00728
174 -0.78 0.00736 -0.00744
175 -0.78 0.00792 -0.00668
176 -0.78 0.0072 -0.0072
177 -0.78 0.00748 -0.00764
178 -0.784 0.00756 -0.00892
179 -0.784 0.00636 -0.00984
180 -0.784 0.00668 -0.0082
181 -0.784 0.00548 -0.00816
182 -0.784 0.00416 -0.0092
183 -0.78 0.001812 -0.00944
184 -0.78 0.002116 -0.00932
185 -0.784 0.002064 -0.00948
186 -0.78 0.001728 -0.00684
187 -0.78 0.001668 -0.00744
188 -0.78 0.004 -0.0072
189 -0.776 0.000988 -0.00676
190 -0.784 -0.000592 -0.00508
191 -0.78 -0.0001696 -0.00528
192 -0.78 -0.001736 -0.002888
193 -0.784 -0.00076 -0.00266
194 -0.78 -0.000812 -0.00266
195 -0.78 0.000504 -0.002408
196 -0.78 0.001948 -0.002576
197 -0.776 0.001348 -0.003028
198 -0.78 0.0003256 -0.00472
199 -0.78 -0.001752 -0.0046
200 -0.776 -0.0008 -0.003136
201 -0.78 -0.001624 -0.0044
202 -0.776 0.001348 -0.003764
203 -0.776 0.000984 -0.00272
204 -0.776 0.002904 -0.002236
205 -0.78 0.001512 -0.003504
206 -0.78 0.001928 -0.00472
207 -0.78 0.003612 -0.003404
208 -0.78 0.003872 -0.002524
209 -0.776 0.002916 -0.001896
210 -0.78 0.001864 -0.00236
211 -0.776 0.001312 -0.000972
212 -0.776 0.000788 -0.001852
213 -0.78 2.676e-05 -0.001464
214 -0.776 0.000432 -0.001616
215 -0.776 0.001064 -1.448e-05
216 -0.78 0.003324 -0.000904
217 -0.78 0.00216 -0.000692
218 -0.78 0.001172 -0.003572
219 -0.78 0.000832 -0.002448
220 -0.776 0.000548 -0.003596
221 -0.776 0.001516 -0.003128
222 -0.776 0.002744 -0.001832
223 -0.772 0.003364 -0.003656
224 -0.78 0.003384 -0.003596
225 -0.78 0.002672 -0.003096
226 -0.78 0.003976 -0.001944
227 -0.776 0.003444 -0.002124
228 -0.776 0.00412 -0.003088
229 -0.776 0.003392 -0.0034
230 -0.776 0.0032 -0.002436
231 -0.776 0.000804 -0.000908
232 -0.78 -0.00014 -0.000984
233 -0.776 0.000752 -0.001032
234 -0.78 0.001972 -0.001072
235 -0.78 0.00056 -0.002936
236 -0.78 -0.001748 -0.002412
237 -0.78 -0.00184 -0.001744
238 -0.78 -0.000496 -0.001548
239 -0.78 -0.000516 -0.002212
240 -0.776 -0.002088 -0.003592
241 -0.78 -0.003492 -0.002792
242 -0.78 -0.001492 -0.002068
243 -0.78 -0.001832 -0.001712
244 -0.78 -0.003192 -0.001372
245 -0.78 -0.00424 -0.001212
246 -0.776 -0.005 0.0002428
247 -0.776 -0.003188 -0.001088
248 -0.78 -0.003132 -0.002092
249 -0.78 -0.00172 -0.000796
250 -0.78 -0.000624 0.001476
251 -0.784 -0.000624 0.00202
252 -0.784 0.000968 0.002528
253 -0.784 -0.001544 0.002668
254 -0.78 -0.001184 0.00468
255 -0.78 -0.0002744 0.00576
256 -0.776 -0.00144 0.00592
257 -0.772 -0.001252 0.0064
258 -0.776 -0.001828 0.00532
259 -0.776 -0.001996 0.00488
260 -0.78 -0.002036 0.00272
261 -0.78 -0.002348 0.000456
262 -0.776 -0.00404 -0.000876
263 -0.78 -0.00468 0.0003904
264 -0.78 -0.002936 -0.000436
265 -0.78 -0.003288 -0.00035
266 -0.78 -0.00504 0.001304
267 -0.784 -0.0084 0.002664
268 -0.784 -0.00984 0.001832
269 -0.78 -0.008 0.002956
270 -0.78 -0.0098 0.001732
271 -0.78 -0.01028 0.002708
272 -0.78 -0.0088 0.001832
273 -0.784 -0.00944 0.001108
274 -0.78 -0.00928 0.00154
275 -0.784 -0.00868 0.00156
276 -0.784 -0.00936 0.0013
277 -0.784 -0.01196 0.000848
278 -0.78 -0.01216 0.001404
279 -0.776 -0.01032 0.002248
280 -0.776 -0.00808 0.00332
281 -0.776 -0.00664 0.001992
282 -0.776 -0.00604 0.00074
283 -0.78 -0.00432 0.00154
284 -0.78 -0.00444 0.0001932
285 -0.78 -0.0027 -0.000412
286 -0.78 -0.001848 0.002416
287 -0.78 -0.00354 0.0027
288 -0.78 -0.00304 0.00356
289 -0.78 -0.002848 0.002996
290 -0.78 -0.000764 0.001684
291 -0.776 -0.002352 0.001548
292 -0.78 -0.001772 0.00188
293 -0.78 0.000476 0.001328
294 -0.78 0.001668 0.001756
295 -0.78 0.001556 0.002624
296 -0.784 0.00048 0.00348
297 -0.78 0.002344 0.001052
298 -0.776 0.00448 -0.000588
299 -0.78 0.00318 4.92e-05
300 -0.78 0.003872 0.000604
301 -0.78 0.002632 -0.001972
302 -0.78 0.002404 -0.0001068
303 -0.78 0.001364 -0.002492
304 -0.78 -9.56e-05 -0.00156
305 -0.78 0.000816 0.000624
306 -0.788 -0.0002608 -0.000756
307 -0.784 0.0004 -0.002964
308 -0.784 -0.00023 -0.002572
309 -0.78 0.001192 -0.002188
310 -0.78 0.000358 -0.000896
311 -0.78 0.0002832 -0.000724
312 -0.78 0.000396 -0.001804
313 -0.78 -0.0002792 -0.0002808
314 -0.78 -0.0002416 -0.0008
315 -0.784 -0.003836 -0.001776
316 -0.78 -0.00176 -0.001304
317 -0.784 -0.000652 -0.000764
318 -0.78 -0.0013 -0.00074
319 -0.776 -0.002464 -0.0002832
320 -0.78 -0.00412 -0.001084
321 -0.784 -0.003856 -0.002816
322 -0.78 -0.00428 -0.003168
323 -0.78 -0.003256 -0.002772
324 -0.784 -0.002748 -0.003984
325 -0.784 -0.003908 -0.00516
326 -0.784 -0.00344 -0.003584
327 -0.78 -0.00416 -0.002736
328 -0.78 -0.003488 -0.00246
329 -0.78 -0.0046 -0.00284
330 -0.784 -0.00632 -0.000984
331 -0.784 -0.00644 -0.0001036
332 -0.78 -0.00872 -0.001032
333 -0.776 -0.0076 -0.000884
334 -0.776 -0.00728 0.000648
335 -0.776 -0.0076 0.001212
336 -0.78 -0.00712 0.002816
337 -0.78 -0.00732 0.002608
338 -0.78 -0.00796 0.002536
339 -0.78 -0.00564 0.002832
340 -0.776 -0.00704 0.0048
341 -0.78 -0.00696 0.00416
342 -0.78 -0.00528 0.0052
343 -0.78 -0.003976 0.00484
344 -0.78 -0.003964 0.00552
345 -0.78 -0.002908 0.0058
346 -0.78 -0.002464 0.002952
347 -0.78 -0.000704 0.002164
348 -0.78 -0.002084 0.003236
349 -0.78 -0.001096 0.001836
350 -0.776 -0.002396 0.002772
351 -0.776 0.000176 0.002524
352 -0.772 -0.000948 0.00412
353 -0.772 0.000632 0.003916
354 -0.776 0.000868 0.003536
355 -0.776 -0.00076 0.00372
356 -0.776 -0.000728 0.003384
357 -0.78 -0.001032 0.00468
358 -0.776 0.000144 0.0052
359 -0.776 0.000448 0.00512
360 -0.776 0.0001352 0.00444
361 -0.78 -0.0001092 0.00432
362 -0.78 -4.6e-05 0.003948
363 -0.78 0.000644 0.00604
364 -0.78 0.002736 0.00772
365 -0.78 0.001268 0.00892
366 -0.784 0.00208 0.00908
367 -0.784 0.0002292 0.01128
368 -0.78 -2.4e-05 0.00952
369 -0.78 0.0001292 0.00908
370 -0.78 -2.168e-05 0.0088
371 -0.78 0.0003428 0.00808
372 -0.78 -8.52e-05 0.00824
373 -0.784 -0.00106 0.00784
374 -0.78 0.0003792 0.00608
375 -0.78 -0.000592 0.00736
376 -0.784 -0.000548 0.00568
377 -0.784 0.000696 0.0046
378 -0.784 -0.0003236 0.001988
379 -0.78 0.001436 0.00266
380 -0.78 0.003192 0.001568
381 -0.78 0.00372 0.001724
382 -0.78 0.00596 0.000428
383 -0.784 0.00604 -0.001708
384 -0.784 0.00512 -0.001444
385 -0.784 0.00464 -0.000572
386 -0.784 0.00392 0.000728
387 -0.78 0.001624 0.000664
388 -0.78 0.0002512 0.0002776
389 -0.78 0.000692 0.001228
390 -0.776 -0.0002604 0.000952
391 -0.776 -0.000444 -0.000624
392 -0.776 -0.002348 -0.001688
393 -0.776 -0.000816 -0.001388
394 -0.78 -0.00202 -0.001824
395 -0.78 -0.003512 -0.001436
396 -0.78 -0.000568 -0.0001808
397 -0.78 0.000644 -0.00096
398 -0.776 0.001992 -0.0002464
399 -0.78 0.001332 -0.001864
400 -0.78 0.001824 -0.0001012
401 -0.776 0.001852 -4.52e-05
402 -0.776 0.00204 -0.000668
403 -0.776 0.002272 -0.001516
404 -0.776 0.002656 -0.002136
405 -0.776 0.002428 -0.00148
406 -0.78 0.002968 -0.001928
407 -0.78 0.002132 -0.000836
408 -0.776 0.00098 -0.001896
409 -0.776 0.001304 -0.00346
410 -0.78 0.00212 -0.003728
411 -0.776 0.00332 -0.002644
412 -0.776 0.00374 -0.002292
413 -0.78 0.00504 -0.002768
414 -0.78 0.00524 -0.0048
415 -0.78 0.00536 -0.00432
416 -0.776 0.00656 -0.00648
417 -0.776 0.006 -0.00552
418 -0.78 0.0066 -0.00552
419 -0.776 0.00476 -0.00512
420 -0.78 0.0048 -0.0025
421 -0.776 0.0072 -0.000928
422 -0.78 0.007 -0.000716
423 -0.78 0.0074 -0.001572
424 -0.776 0.00772 -0.003296
425 -0.776 0.00696 -0.003812
426 -0.78 0.00752 -0.003388
427 -0.78 0.0068 -0.001624
428 -0.78 0.0076 -0.002048
429 -0.776 0.00544 -0.001408
430 -0.78 0.00564 -0.002128
431 -0.78 0.00358 -0.001084
432 -0.776 0.002996 -0.001268
433 -0.776 0.00416 -0.00194
434 -0.776 0.003036 -0.003944
435 -0.772 0.003744 -0.003332
436 -0.772 0.00404 -0.003236
437 -0.776 0.002748 -0.001488
438 -0.776 0.002388 -0.002236
439 -0.776 0.001552 -0.001292
440 -0.776 0.001504 -0.00188
441 -0.78 0.000668 -0.000464
442 -0.78 0.000436 0.0003484
443 -0.78 0.002384 0.000632
444 -0.78 0.00326 3.504e-05
445 -0.78 0.001664 2.484e-05
446 -0.78 0.001944 0.003656
447 -0.78 0.000964 0.003292
448 -0.776 0.00166 0.003472
449 -0.776 0.00204 0.003784
450 -0.78 0.001512 0.00512
451 -0.78 0.001716 0.0044
452 -0.78 0.001764 0.00424
453 -0.78 0.000688 0.003972
454 -0.776 0.001368 0.003168
455 -0.78 0.000744 0.002128
456 -0.78 0.000624 0.001708
457 -0.78 0.000404 0.00176
458 -0.78 0.001956 0.001372
459 -0.78 0.002976 0.002464
460 -0.78 0.0042 0.002684
461 -0.78 0.002092 0.00436
462 -0.78 0.002596 0.00492
463 -0.78 0.003588 0.0037
464 -0.78 0.003424 0.003056
465 -0.78 0.00306 0.003072
466 -0.78 0.0033 0.002284
467 -0.78 0.00202 0.002208
468 -0.78 0.001752 0.002804
469 -0.78 0.001068 0.002516
470 -0.784 -0.000992 0.001492
471 -0.78 -0.002228 0.00172
472 -0.784 -0.003148 -0.0001416
473 -0.78 -0.003064 0.000548
474 -0.776 -0.003116 -0.00106
475 -0.776 -0.00456 -0.000968
476 -0.78 -0.003964 -0.000386
477 -0.78 -0.00476 9.8e-05
478 -0.78 -0.001968 -0.000732
479 -0.78 -0.001948 -0.00306
480 -0.776 -0.002068 -0.003596
481 -0.78 -1.532e-05 -0.00378
482 -0.78 -0.001124 -0.00492
483 -0.78 -0.003408 -0.003656
484 -0.776 -0.00202 -0.001936
485 -0.776 -0.003572 -0.001364
486 -0.776 -0.002224 -0.00186
487 -0.776 -0.000736 -0.001
488 -0.784 -0.001948 -0.0002864
489 -0.78 -0.00286 -0.000572
490 -0.78 -0.000656 0.001804
491 -0.78 -0.001048 0.002
492 -0.784 -0.000484 0.001228
493 -0.784 -0.000748 0.001224
494 -0.784 0.0002896 0.0001168
495 -0.78 0.00096 0.000652
496 -0.784 0.002388 -8.76e-05
497 -0.784 0.0001668 0.0001092
498 -0.78 0.00056 4.16e-05
499 -0.776 0.000444 0.002672
500 -0.78 0.00194 0.002548
501 -0.776 0.003308 0.002328
502 -0.78 0.00234 0.00456
503 -0.78 0.0002476 0.00444
504 -0.78 0.00064 0.00456
505 -0.776 0.000996 0.0056
506 -0.776 0.002584 0.00476
507 -0.776 0.002332 0.00408
508 -0.776 0.00216 0.003116
509 -0.776 0.0003908 0.0038
510 -0.776 0.001828 0.003232
511 -0.78 0.000948 0.0025
512 -0.78 0.001032 0.001472
513 -0.78 -0.0001104 0.002252
514 -0.776 -0.001204 0.002276
515 -0.78 -0.002108 0.00072
516 -0.78 0.001352 -0.000952
517 -0.78 -0.000752 -0.0009
518 -0.78 -0.00352 2.28e-05
519 -0.784 -0.003344 -0.001884
520 -0.784 -0.00464 -0.003288
521 -0.784 -0.00412 -0.001988
522 -0.78 -0.00404 -0.00332
523 -0.78 -0.003896 -0.002228
524 -0.784 -0.001228 -0.003736
525 -0.78 0.0002796 -0.00552
526 -0.784 0.001232 -0.00532
527 -0.784 0.00208 -0.00516
528 -0.784 0.00198 -0.00408
529 -0.78 0.00278 -0.00532
530 -0.78 0.002588 -0.003952
531 -0.78 0.003332 -0.00592
532 -0.78 0.001956 -0.003868
533 -0.78 0.0034 -0.003668
534 -0.78 0.003456 -0.00318
535 -0.78 0.00572 -0.001984
536 -0.78 0.00632 -0.00448
537 -0.78 0.00696 -0.003104
538 -0.78 0.00716 -0.002332
539 -0.78 0.00908 -0.00432
540 -0.78 0.009 -0.002648
541 -0.776 0.00924 -0.00248
542 -0.776 0.0086 -0.00424
543 -0.784 0.00752 -0.00532
544 -0.78 0.0058 -0.00592
545 -0.78 0.00696 -0.007
546 -0.78 0.00888 -0.0052
547 -0.78 0.00756 -0.00548
548 -0.78 0.00544 -0.00512
549 -0.78 0.00532 -0.00436
550 -0.784 0.00464 -0.00412
551 -0.78 0.0048 -0.00342
552 -0.78 0.0046 -0.000664
553 -0.78 0.00456 -0.002344
554 -0.78 0.002712 -0.00124
555 -0.78 0.00448 0.001292
556 -0.78 0.003756 0.001488
557 -0.78 0.00362 0.002804
558 -0.78 0.00276 0.003016
559 -0.78 0.00512 0.00572
560 -0.78 0.0054 0.00636
561 -0.78 0.00416 0.00796
562 -0.776 0.00508 0.00752
563 -0.776 0.0056 0.00724
564 -0.776 0.00576 0.00748
565 -0.776 0.00588 0.00624
566 -0.78 0.00464 0.003536
567 -0.78 0.00416 0.00544
568 -0.78 0.00412 0.00664
569 -0.78 0.00528 0.00532
570 -0.776 0.00572 0.002372
571 -0.78 0.0056 0.003084
572 -0.776 0.00412 0.002364
573 -0.78 0.002912 0.002516
574 -0.78 0.002956 0.0003984
575 -0.78 0.002304 0.00164
576 -0.776 0.00258 0.00428
577 -0.776 0.003556 0.005
578 -0.78 0.003052 0.003852
579 -0.776 0.00428 0.002428
580 -0.78 0.003648 0.001832
581 -0.78 0.00228 0.0014
582 -0.78 0.002564 0.002028
583 -0.78 0.002616 0.0002072
584 -0.78 0.002748 -0.0001288
585 -0.78 0.002184 -0.002496
586 -0.78 0.001064 -0.001636
587 -0.78 0.00202 0.000644
588 -0.78 0.00094 -0.0002248
589 -0.78 0.000648 -0.0002112
590 -0.78 0.001492 -0.00132
591 -0.78 -0.000852 -0.002412
592 -0.78 -0.002836 -0.00254
593 -0.78 -0.002464 -0.001344
594 -0.776 -0.003608 -0.001444
595 -0.776 -0.005 0.000932
596 -0.776 -0.0056 0.001516
597 -0.772 -0.00548 0.000848
598 -0.776 -0.00496 0.002668
599 -0.776 -0.00616 -0.000152
600 -0.772 -0.00724 -0.00052
601 -0.776 -0.00844 -0.001352
602 -0.776 -0.00748 -0.000716
603 -0.78 -0.00568 -0.002272
604 -0.78 -0.0064 -0.002628
605 -0.78 -0.0076 -0.002784
606 -0.78 -0.0072 -0.002292
607 -0.78 -0.00892 -0.003868
608 -0.78 -0.00844 -0.00592
609 -0.78 -0.00752 -0.00708
610 -0.78 -0.00528 -0.00656
611 -0.78 -0.00528 -0.00456
612 -0.78 -0.0078 -0.003924
613 -0.776 -0.00784 -0.003608
614 -0.78 -0.00764 -0.002464
615 -0.78 -0.0066 -0.002228
616 -0.78 -0.00736 2.016e-05
617 -0.78 -0.0072 0.0003708
618 -0.78 -0.00632 -0.001148
619 -0.776 -0.00644 0.0016
620 -0.78 -0.00708 0.000448
621 -0.776 -0.00716 0.000444
622 -0.776 -0.00816 0.0002096
623 -0.78 -0.00764 -0.001132
624 -0.78 -0.0072 -0.001728
625 -0.78 -0.00668 1.348e-05
626 -0.784 -0.00652 0.00104
627 -0.784 -0.00524 0.001688
628 -0.784 -0.00484 0.003068
629 -0.78 -0.002924 0.00394
630 -0.78 -0.0036 0.003784
631 -0.78 -0.003796 0.00428
632 -0.78 -0.00592 0.00408
633 -0.78 -0.00684 0.00488
634 -0.78 -0.0084 0.003644
635 -0.78 -0.01096 0.004
636 -0.78 -0.00996 0.0056
637 -0.78 -0.0096 0.00584
638 -0.78 -0.00996 0.00472
639 -0.78 -0.00916 0.00596
640 -0.78 -0.00896 0.00604
641 -0.78 -0.00876 0.00656
642 -0.776 -0.00916 0.00568
643 -0.78 -0.00968 0.00364
644 -0.776 -0.00948 0.00528
645 -0.776 -0.00928 0.00508
646 -0.776 -0.0092 0.003676
647 -0.776 -0.0094 0.00352
648 -0.776 -0.01088 0.003856
649 -0.776 -0.0112 0.00348
650 -0.776 -0.0108 0.00424
651 -0.776 -0.01016 0.00516
652 -0.776 -0.009 0.00476
653 -0.776 -0.00788 0.002508
654 -0.776 -0.00804 0.002408
655 -0.78 -0.00864 0.003696
656 -0.776 -0.00676 0.0035
657 -0.78 -0.0072 0.003556
658 -0.78 -0.00644 0.00468
659 -0.78 -0.00604 0.003412
660 -0.784 -0.0056 0.002616
661 -0.78 -0.00544 0.00218
662 -0.784 -0.0054 0.00344
663 -0.78 -0.0044 0.00408
664 -0.78 -0.003304 0.002748
665 -0.78 -0.0023 0.001192
666 -0.78 -0.003484 0.003024
667 -0.776 -0.002592 0.003672
668 -0.78 -0.003172 0.00512
669 -0.776 -0.002616 0.00672
670 -0.78 -0.001688 0.00548
671 -0.78 -0.000872 0.001992
672 -0.78 -0.002148 0.002844
673 -0.78 -0.0042 0.00408
674 -0.78 -0.003976 0.003644
675 -0.78 -0.002324 0.002876
676 -0.784 -0.001172 0.003096
677 -0.78 -0.000272 0.001616
678 -0.784 -0.000412 -0.0003476
679 -0.78 0.000956 0.000544
680 -0.776 -2.912e-05 0.002248
681 -0.776 -0.002384 0.0026
682 -0.776 -0.003332 -0.000716
683 -0.776 -0.002868 0.0002768
684 -0.78 -0.0003092 -0.001828
685 -0.78 -0.000496 -0.002408
686 -0.78 -0.00114 -0.00298
687 -0.78 -0.001336 -0.00424
688 -0.78 -0.001032 -0.00404
689 -0.78 -0.002256 -0.00408
690 -0.776 -0.002388 -0.00266
691 -0.776 -0.001 -0.001172
692 -0.772 -0.00218 -0.001328
693 -0.776 -0.003524 -0.0028
694 -0.776 -0.002892 -0.002984
695 -0.772 -0.00338 -0.002592
696 -0.772 -0.003328 -0.001572
697 -0.772 -0.00588 0.000114
698 -0.776 -0.00636 -0.001856
699 -0.776 -0.00736 -0.001388
700 -0.776 -0.00556 -0.002488
701 -0.776 -0.00376 -0.002256
702 -0.78 -0.00374 -0.003072
703 -0.78 -0.00472 -0.003548
704 -0.78 -0.00568 -0.00444
705 -0.78 -0.0052 -0.003144
706 -0.776 -0.00528 -0.003304
707 -0.776 -0.002976 -0.003556
708 -0.776 -0.002232 -0.00528
709 -0.776 -0.003124 -0.00732
710 -0.772 -0.002276 -0.00692
711 -0.772 -0.00368 -0.0076
712 -0.776 -0.003956 -0.0076
713 -0.772 -0.003696 -0.00684
714 -0.776 -0.00444 -0.00552
715 -0.776 -0.003432 -0.00772
716 -0.776 -0.001896 -0.00744
717 -0.78 -0.0001116 -0.00952
718 -0.78 -0.0003932 -0.0108
719 -0.78 0.00066 -0.00848
720 -0.78 -0.0003688 -0.00764
721 -0.78 0.000792 -0.0094
722 -0.78 0.000876 -0.0078
723 -0.78 -4.44e-06 -0.00656
724 -0.78 -0.001724 -0.00496
725 -0.78 -0.002148 -0.00556
726 -0.78 -0.002292 -0.00616
727 -0.78 -0.000708 -0.00644
728 -0.78 0.000476 -0.00492
729 -0.784 0.002168 -0.003552
730 -0.784 0.00416 -0.00404
731 -0.784 0.003356 -0.0052
732 -0.78 0.003124 -0.00544
733 -0.78 0.002268 -0.00532
734 -0.78 0.00408 -0.0042
735 -0.78 0.00352 -0.00222
736 -0.784 0.003632 -0.002172
737 -0.784 0.00392 -0.00158
738 -0.78 0.00372 -0.001572
739 -0.78 0.00428 0.001076
740 -0.78 0.003424 0.002676
741 -0.78 0.003808 0.003576
742 -0.78 0.003996 0.001672
743 -0.78 0.003352 0.000768
744 -0.78 0.003776 0.00128
745 -0.78 0.003156 0.003432
746 -0.776 0.005 0.003224
747 -0.78 0.006 0.0039
748 -0.78 0.00584 0.00416
749 -0.776 0.00516 0.003884
750 -0.776 0.00552 0.00572
751 -0.776 0.00604 0.0064
752 -0.776 0.00676 0.00656
753 -0.78 0.00668 0.00528
754 -0.776 0.00816 0.00432
755 -0.78 0.00776 0.00416
756 -0.78 0.00624 0.003028
757 -0.776 0.00568 0.0028
758 -0.776 0.0066 0.001852
759 -0.776 0.00408 0.001836
760 -0.776 0.00286 0.002956
761 -0.776 0.003708 0.003336
762 -0.776 0.00424 0.003336
763 -0.776 0.002812 0.003984
764 -0.776 0.003288 0.0046
765 -0.78 0.00516 0.00532
766 -0.78 0.003984 0.003488
767 -0.78 0.002764 0.001592
768 -0.78 0.001164 0.001588
769 -0.78 0.00204 0.001384
770 -0.784 0.003776 0.000972
771 -0.78 0.002744 0.0003796
772 -0.78 0.002836 0.0017
773 -0.776 0.002076 -0.000548
774 -0.78 0.002004 0.000984
775 -0.78 0.000896 -0.000676
776 -0.776 0.000408 0.001292
777 -0.78 -0.000568 0.002588
778 -0.776 -0.001948 0.002308
779 -0.776 2.804e-05 0.002328
780 -0.78 -0.001748 0.003476
781 -0.776 -0.001496 0.002368
782 -0.78 -0.002964 0.0037
783 -0.78 -0.003152 0.003108
784 -0.776 -0.002136 0.0031
785 -0.776 -0.002688 0.003236
786 -0.78 -0.003648 0.003092
787 -0.78 -0.003796 0.00206
788 -0.784 -0.003476 0.00274
789 -0.784 -0.003928 0.001616
790 -0.78 -0.00424 0.00156
791 -0.78 -0.0064 0.002344
792 -0.78 -0.00468 0.002856
793 -0.78 -0.00504 0.002624
794 -0.78 -0.003244 0.00432
795 -0.78 -0.00468 0.00536
796 -0.776 -0.003488 0.00648
797 -0.776 -0.003008 0.00652
798 -0.776 -0.003516 0.00468
799 -0.78 -0.00676 0.00644
800 -0.78 -0.00704 0.00452
801 -0.78 -0.00684 0.003924
802 -0.78 -0.00684 0.00134
803 -0.78 -0.00616 0.000206
804 -0.78 -0.003072 0.000988
805 -0.784 -0.003776 0.001468
806 -0.78 -0.00448 0.002804
807 -0.78 -0.003336 0.000748
808 -0.78 -0.003724 0.003128
809 -0.78 -0.00556 0.002116
810 -0.776 -0.003508 0.001652
811 -0.78 -0.001452 0.000684
812 -0.78 0.00118 0.0001628
813 -0.776 0.000536 -0.0002392
814 -0.78 0.00106 0.001884
815 -0.78 0.002556 0.001544
816 -0.78 0.002572 -0.000688
817 -0.78 0.001548 0.00054
818 -0.78 -3.848e-05 0.00052
819 -0.78 -0.0003232 -0.000492
820 -0.78 -0.001124 -0.001272
821 -0.78 -0.000708 -0.000548
822 -0.776 1.412e-06 -0.000972
823 -0.78 -0.00114 -0.001524
824 -0.776 -0.00028 -0.00068
825 -0.776 -0.00078 -3.088e-05
826 -0.776 0.000908 0.00072
827 -0.776 0.0014 0.0003728
828 -0.772 0.00082 0.001456
829 -0.772 0.001544 0.001736
830 -0.772 0.000912 0.001092
831 -0.776 0.00182 0.002452
832 -0.776 0.00508 0.00064
833 -0.776 0.002336 0.0001984
834 -0.776 0.001212 -0.000908
835 -0.776 0.001404 -0.000824
836 -0.776 -0.0001992 -0.00124
837 -0.776 -0.000996 -0.00088
838 -0.78 -0.00064 -0.000604
839 -0.78 -0.001036 -0.001212
840 -0.776 -0.002468 -0.002004
841 -0.78 -0.003084 -0.003384
842 -0.78 -0.002464 -0.003504
843 -0.776 -0.00296 -0.002956
844 -0.78 -0.00468 -0.001784
845 -0.776 -0.003712 0.000884
846 -0.78 -0.003524 0.002456
847 -0.78 -0.003872 0.003644
848 -0.78 -0.002988 0.00544
849 -0.776 -0.002552 0.00512
850 -0.776 -0.00256 0.003512
851 -0.776 -0.00536 0.00696
852 -0.776 -0.00392 0.00596
853 -0.776 -0.00524 0.00472
854 -0.78 -0.00668 0.003392
855 -0.78 -0.00568 0.002752
856 -0.78 -0.003316 0.001644
857 -0.78 -0.003932 0.002068
858 -0.784 -0.00464 0.001524
859 -0.78 -0.00548 0.002252
860 -0.78 -0.00408 0.002692
861 -0.78 -0.005 0.002488
862 -0.784 -0.00552 0.00476
863 -0.784 -0.00652 0.005
864 -0.78 -0.005 0.00544
865 -0.78 -0.003556 0.00484
866 -0.78 -0.002332 0.00412
867 -0.78 -0.00382 0.00342
868 -0.78 -0.002492 0.003748
869 -0.776 -0.003628 0.0042
870 -0.78 -0.00508 0.00464
871 -0.776 -0.00684 0.003804
872 -0.776 -0.00708 0.003404
873 -0.776 -0.0078 0.00404
874 -0.776 -0.00796 0.00456
875 -0.776 -0.00756 0.0058
876 -0.78 -0.00708 0.00644
877 -0.776 -0.00536 0.00596
878 -0.78 -0.00472 0.00544
879 -0.784 -0.003248 0.00636
880 -0.78 -0.00338 0.00724
881 -0.784 -0.003216 0.00636
882 -0.78 -0.003364 0.00532
883 -0.78 -0.001764 0.0048
884 -0.78 -0.00294 0.00508
885 -0.78 -0.001684 0.00708
886 -0.784 -0.001108 0.00704
887 -0.784 -0.000484 0.00756
888 -0.78 -0.0001068 0.00696
889 -0.78 -0.000956 0.003728
890 -0.78 0.0002148 0.002076
891 -0.776 0.0007 0.00358
892 -0.78 -0.0002188 0.002984
893 -0.776 0.000944 0.00268
894 -0.776 0.000912 0.002276
895 -0.776 0.00122 0.00146
896 -0.776 0.001592 0.00428
897 -0.78 0.001144 0.003776
898 -0.78 -0.00076 0.00476
899 -0.78 -0.00064 0.0064
900 -0.78 -0.0009 0.0056
901 -0.78 0.0003464 0.003356
902 -0.78 -0.00206 0.003116
903 -0.78 -0.002388 0.000796
904 -0.78 -0.00262 0.000452
905 -0.78 -0.002328 0.000464
906 -0.78 -0.003156 0.00134
907 -0.78 -0.003364 0.00182
908 -0.78 -0.002192 0.00148
909 -0.776 0.0001732 0.001564
910 -0.776 0.000584 0.000436
911 -0.78 0.002272 0.000648
912 -0.776 0.002608 0.0003428
913 -0.78 0.001988 -0.0002648
914 -0.78 0.001896 -0.00106
915 -0.78 0.002604 -0.001624
916 -0.78 0.00072 -2.496e-05
917 -0.78 0.001544 -0.000976
918 -0.78 0.000484 -0.00084
919 -0.78 0.00168 -0.001848
920 -0.776 0.001264 -0.001804
921 -0.78 0.002116 -0.001936
922 -0.78 0.002564 -0.000752
923 -0.78 0.002708 0.0016
924 -0.784 0.001556 -0.0001276
925 -0.784 0.001812 0.0001164
926 -0.784 0.001264 -0.001228
927 -0.784 0.00226 -0.000716
928 -0.784 0.00432 -0.001964
929 -0.784 0.00616 -0.001988
930 -0.784 0.00468 -0.001408
931 -0.784 0.00448 -0.003244
932 -0.784 0.002784 -0.00464
933 -0.784 0.003356 -0.00588
934 -0.784 0.003512 -0.00568
935 -0.784 0.001664 -0.00572
936 -0.784 0.003204 -0.00792
937 -0.784 0.00428 -0.00784
938 -0.784 0.0044 -0.00828
939 -0.784 0.00472 -0.0088
940 -0.784 0.003588 -0.00872
941 -0.784 0.00592 -0.0082
942 -0.784 0.008 -0.00704
943 -0.784 0.00664 -0.00612
944 -0.78 0.0064 -0.00456
945 -0.784 0.00484 -0.0052
946 -0.78 0.00524 -0.003832
947 -0.784 0.00628 -0.00346
948 -0.784 0.00616 -0.00548
949 -0.784 0.00444 -0.007
950 -0.784 0.00568 -0.0094
951 -0.784 0.0064 -0.0104
952 -0.78 0.00592 -0.01004
953 -0.78 0.00648 -0.01136
954 -0.784 0.00648 -0.01116
955 -0.78 0.00704 -0.0128
956 -0.78 0.00804 -0.01176
957 -0.784 0.00744 -0.01068
958 -0.784 0.00644 -0.00988
959 -0.78 0.0062 -0.00972
960 -0.78 0.00528 -0.00952
961 -0.78 0.00516 -0.00908
962 -0.776 0.00552 -0.00852
963 -0.776 0.0056 -0.0092
964 -0.776 0.00504 -0.00744
965 -0.78 0.00412 -0.00732
966 -0.784 0.002896 -0.0056
967 -0.78 0.00404 -0.00472
968 -0.784 0.0031 -0.00616
969 -0.784 0.00628 -0.00676
970 -0.78 0.00504 -0.00696
971 -0.784 0.00536 -0.00608
972 -0.784 0.003668 -0.0058
973 -0.784 0.00416 -0.00508
974 -0.78 0.00496 -0.00476
975 -0.78 0.003724 -0.00612
976 -0.78 0.00256 -0.00416
977 -0.78 0.00126 -0.0042
978 -0.78 0.002184 -0.002956
979 -0.78 0.00176 -0.003532
980 -0.78 0.001512 -0.00436
981 -0.78 0.0009 -0.003216
982 -0.78 0.002196 -0.00524
983 -0.784 0.003144 -0.00484
984 -0.78 0.00286 -0.00548
985 -0.78 0.003288 -0.003644
986 -0.78 0.002004 -0.00512
987 -0.776 0.001148 -0.0052
988 -0.78 5.28e-05 -0.00452
989 -0.78 0.000728 -0.0054
990 -0.78 0.00054 -0.00448
991 -0.78 0.0003904 -0.00512
992 -0.78 0.0012 -0.00452
993 -0.784 0.001512 -0.00436
994 -0.784 0.001592 -0.00524
995 -0.784 0.001484 -0.0042
996 -0.78 0.000528 -0.002592
997 -0.78 0.001252 -0.002676
998 -0.784 0.002604 -0.00242
999 -0.78 0.0027 -0.002052
1000 -0.78 0.003844 -0.00178
