#Sweep   Energia    Magn X    Magn Y
1 -1.43 -0.0051 0.831
2 -1.04 -0.0047 0.674
3 -0.731 -0.0116 0.507
4 -0.587 -0.00912 0.395
5 -0.486 -0.0109 0.293
6 -0.425 -0.00585 0.21
7 -0.378 -0.00958 0.151
8 -0.359 -0.00146 0.109
9 -0.351 0.00181 0.0711
10 -0.335 -0.00204 0.0498
11 -0.35 0.00524 0.0429
12 -0.33 -0.00243 0.0392
13 -0.347 -0.00271 0.0363
14 -0.34 -0.00227 0.0134
15 -0.345 -0.00537 0.0034
16 -0.344 -0.00409 0.00138
17 -0.359 0.00242 0.00278
18 -0.361 0.0164 -0.00907
19 -0.355 -0.00656 -0.00461
20 -0.344 -0.00407 0.0108
21 -0.347 -0.0111 0.00662
22 -0.343 -0.00967 0.00515
23 -0.342 0.00524 -0.00289
24 -0.349 -0.00406 0.00575
25 -0.34 -0.0186 -0.00029
26 -0.345 -0.0175 0.00819
27 -0.351 -0.000329 0.00224
28 -0.343 0.00448 0.00196
29 -0.35 0.00906 -0.00765
30 -0.365 0.00937 -0.00603
31 -0.354 0.00875 0.00306
32 -0.348 0.00202 0.0122
33 -0.342 -0.0114 0.0122
34 -0.346 -0.0205 0.00213
35 -0.346 -0.00934 -0.00526
36 -0.344 -0.00949 -0.00728
37 -0.332 0.00337 -0.00822
38 -0.334 0.00773 -0.00542
39 -0.352 0.000124 -0.00848
40 -0.34 -0.00428 -0.0207
41 -0.328 -0.0108 -0.00931
42 -0.335 -0.00122 0.00374
43 -0.332 0.00929 -0.0039
44 -0.347 0.00299 -0.00741
45 -0.335 -0.00106 -0.0212
46 -0.354 -0.00675 -0.0303
47 -0.357 -0.0183 -0.00538
48 -0.353 -0.0137 -0.00478
49 -0.34 -0.0232 -0.00384
50 -0.338 -0.00643 0.00275
51 -0.333 0.000668 0.00194
52 -0.347 0.00365 -0.00249
53 -0.343 0.0193 -0.000953
54 -0.335 0.0139 -0.00579
55 -0.342 0.0151 -0.0207
56 -0.36 0.0112 -0.0105
57 -0.353 0.017 -0.0243
58 -0.351 0.0112 -0.0189
59 -0.364 0.0128 -0.00936
60 -0.342 0.0128 -0.00451
61 -0.337 0.0096 -0.00365
62 -0.335 0.00702 0.00163
63 -0.351 0.00164 0.00756
64 -0.328 -0.00128 -0.00557
65 -0.335 -0.00761 -0.0169
66 -0.332 0.0127 -0.0207
67 -0.34 0.0134 -0.0195
68 -0.337 0.0171 -0.0192
69 -0.353 0.0057 -0.0218
70 -0.326 0.00392 -0.0177
71 -0.346 0.00855 -0.028
72 -0.348 0.00126 -0.022
73 -0.361 0.00851 -0.0122
74 -0.361 0.00723 -0.00335
75 -0.347 0.00642 -0.00174
76 -0.351 0.00335 -0.00809
77 -0.347 0.00442 -0.0153
78 -0.343 0.0135 -0.00685
79 -0.368 0.0174 -0.0177
80 -0.352 0.0246 -0.0257
81 -0.339 0.0182 -0.0184
82 -0.337 0.0147 -0.00244
83 -0.347 0.0226 0.0205
84 -0.356 0.0172 0.0264
85 -0.336 0.00926 0.0228
86 -0.343 0.00446 0.0245
87 -0.355 0.0104 0.0128
88 -0.359 0.0107 0.0034
89 -0.361 -0.00038 0.00283
90 -0.34 -0.00853 -0.00947
91 -0.348 -0.00468 -0.0145
92 -0.33 -0.011 -0.0156
93 -0.331 -0.0135 -0.00673
94 -0.343 -0.0101 -0.00193
95 -0.339 -0.00602 0.0106
96 -0.358 0.0045 0.0127
97 -0.361 -0.00475 -0.000742
98 -0.372 -0.0081 -0.0146
99 -0.338 -0.0039 -0.0136
100 -0.348 -0.0129 -0.0318
101 -0.343 0.00043 -0.0199
102 -0.335 -0.00457 -0.00835
103 -0.335 -0.0132 -0.0149
104 -0.356 -0.016 -0.00381
105 -0.34 -0.0109 -0.00289
106 -0.338 0.000127 -0.00948
107 -0.35 -0.00902 -0.00886
108 -0.336 0.00243 -0.0045
109 -0.348 0.00722 0.00269
110 -0.369 0.00806 -0.00161
111 -0.358 0.00172 -0.0127
112 -0.361 -0.00829 -0.0204
113 -0.35 -0.00678 -0.0173
114 -0.332 -0.00722 -0.0123
115 -0.333 -0.00673 -0.0114
116 -0.338 -0.0123 0.00244
117 -0.346 -0.0127 0.0102
118 -0.344 -0.00688 0.0216
119 -0.332 -0.00252 0.000488
120 -0.332 -4.32e-05 -0.0105
121 -0.349 -0.00454 -0.0167
122 -0.338 -1.57e-05 -0.0106
123 -0.344 -0.00562 0.00164
124 -0.346 -0.00739 0.00313
125 -0.331 -0.00296 0.000542
126 -0.352 -0.0109 -0.00832
127 -0.351 0.00476 -0.0142
128 -0.328 -0.000141 -0.00648
129 -0.329 -0.000447 -0.000894
130 -0.326 -0.00428 0.00101
131 -0.343 -0.00688 -0.0124
132 -0.346 -0.00914 -0.0116
133 -0.348 -0.002 -0.00273
134 -0.343 -0.0115 -0.00405
135 -0.348 -0.00608 0.000595
136 -0.342 -0.00772 -0.00728
137 -0.348 -0.01 -0.00698
138 -0.34 -0.0113 -0.0161
139 -0.351 -0.0184 -0.0169
140 -0.36 0.000996 -0.0141
141 -0.364 -0.0039 -0.00243
142 -0.362 -0.00302 0.00967
143 -0.348 0.00908 0.0109
144 -0.341 0.00651 0.0156
145 -0.365 0.00561 0.0134
146 -0.353 0.0143 0.011
147 -0.326 0.00806 0.0032
148 -0.35 0.00536 -0.0079
149 -0.361 0.00292 0.000328
150 -0.356 0.0073 -0.00131
151 -0.354 0.000274 -0.000221
152 -0.357 0.00137 -0.00311
153 -0.336 -0.00321 -0.00799
154 -0.36 0.000399 -0.00765
155 -0.361 0.000844 -0.00442
156 -0.353 -0.00513 -0.0125
157 -0.363 -0.0129 0.00465
158 -0.352 -0.00959 0.0193
159 -0.342 -0.00549 0.0151
160 -0.354 0.0032 0.0103
161 -0.357 0.00272 0.00394
162 -0.346 0.0154 0.00917
163 -0.332 0.0217 -0.000596
164 -0.329 0.0157 -0.0115
165 -0.344 0.00819 -0.00339
166 -0.354 0.00418 0.00483
167 -0.344 -0.00653 0.0134
168 -0.328 -0.00706 0.000604
169 -0.345 -0.0119 0.00932
170 -0.348 -0.0198 0.00684
171 -0.343 -0.0285 0.00179
172 -0.359 -0.0223 0.00682
173 -0.359 -0.00829 0.00525
174 -0.356 0.00121 0.00981
175 -0.335 -0.00961 0.00166
176 -0.325 -0.0049 0.00252
177 -0.332 0.017 -0.00306
178 -0.344 0.0113 0.00231
179 -0.328 0.0065 -0.0106
180 -0.341 0.0137 -0.0044
181 -0.361 0.00193 -0.0122
182 -0.349 0.0118 -0.00916
183 -0.336 0.00595 -0.0104
184 -0.354 -0.000719 -0.00553
185 -0.343 0.0173 -0.00969
186 -0.336 0.0119 0.00784
187 -0.348 0.0118 0.0098
188 -0.344 0.00825 0.017
189 -0.358 0.00595 0.0109
190 -0.349 -0.0069 0.019
191 -0.348 -0.0156 0.0184
192 -0.347 -0.0138 0.0132
193 -0.337 -0.00599 0.0138
194 -0.336 -0.00406 0.000331
195 -0.343 0.00667 -0.00494
196 -0.346 0.0105 -0.000348
197 -0.341 0.0028 -0.012
198 -0.34 -0.00828 -0.0112
199 -0.327 -0.012 -0.00802
200 -0.338 -0.0196 -0.0151
201 -0.339 -0.00545 -0.00107
202 -0.349 -0.00374 -0.000107
203 -0.361 -0.0069 0.00212
204 -0.354 0.00336 0.00735
205 -0.351 0.000778 0.00438
206 -0.355 -0.00463 0.0169
207 -0.345 -0.00726 0.0175
208 -0.344 -0.0192 0.00792
209 -0.335 -0.0149 0.0198
210 -0.324 -0.00959 0.0285
211 -0.334 -0.00925 0.0112
212 -0.349 0.00228 0.000828
213 -0.358 0.0133 0.0109
214 -0.35 0.00696 0.0063
215 -0.347 0.00562 0.0183
216 -0.342 0.0234 0.0208
217 -0.335 0.0145 0.00434
218 -0.332 0.0116 0.00553
219 -0.326 0.00246 0.00256
220 -0.338 -0.000845 0.00473
221 -0.355 -0.00506 -0.00368
222 -0.348 -0.0141 0.0017
223 -0.347 -0.00787 -0.00635
224 -0.338 0.00193 0.00621
225 -0.35 0.00296 0.0163
226 -0.344 -0.00249 0.00909
227 -0.342 -0.00575 0.0194
228 -0.336 0.0019 0.0156
229 -0.34 0.015 0.0151
230 -0.341 0.0133 -0.00642
231 -0.352 0.0252 0.00759
232 -0.342 0.017 0.00749
233 -0.339 0.0116 0.00771
234 -0.354 0.0134 0.002
235 -0.34 0.0107 -0.000667
236 -0.35 0.000451 -0.00262
237 -0.343 0.00546 -0.0133
238 -0.351 0.0191 -0.0198
239 -0.366 0.00737 -0.0139
240 -0.352 0.0136 -0.00388
241 -0.328 0.00916 -0.0111
242 -0.352 0.00904 0.00489
243 -0.332 -0.00524 0.0134
244 -0.337 -0.00031 0.00792
245 -0.345 0.00776 0.00505
246 -0.352 0.00373 -0.00808
247 -0.351 0.00205 0.00157
248 -0.342 0.00962 0.0086
249 -0.346 0.015 0.00195
250 -0.35 0.0112 -0.00252
251 -0.331 0.00927 -0.00417
252 -0.328 -0.00546 -0.00567
253 -0.343 0.00836 -0.0102
254 -0.353 0.0115 -0.0121
255 -0.353 0.0116 0.00597
256 -0.357 0.0125 0.0128
257 -0.336 0.00672 0.00517
258 -0.354 0.0025 0.00323
259 -0.352 -0.00711 0.00258
260 -0.355 0.00354 0.0179
261 -0.35 -0.0042 0.0132
262 -0.348 0.00795 0.0107
263 -0.338 0.00898 0.00978
264 -0.355 -0.00364 0.019
265 -0.366 0.00116 0.0223
266 -0.349 -0.00363 0.0357
267 -0.344 -0.00606 0.0238
268 -0.349 0.0061 0.0259
269 -0.348 0.00233 0.0157
270 -0.356 -0.00565 0.0221
271 -0.356 -0.00224 0.0251
272 -0.358 0.00564 0.0256
273 -0.348 0.00758 0.00471
274 -0.358 0.0245 0.00699
275 -0.355 0.0165 0.00432
276 -0.344 0.00604 0.00808
277 -0.341 0.0223 0.00841
278 -0.332 0.0262 0.00531
279 -0.347 0.021 -0.000721
280 -0.354 0.0197 -0.00927
281 -0.335 0.00893 -0.00454
282 -0.354 0.0065 -0.00845
283 -0.344 -0.00065 -0.0124
284 -0.35 -0.00405 0.00146
285 -0.331 0.0142 0.000646
286 -0.339 0.0203 0.00621
287 -0.349 0.0131 -0.00164
288 -0.337 0.00542 -0.000614
289 -0.337 0.00474 0.0126
290 -0.344 0.0196 -0.000282
291 -0.334 0.0115 0.0036
292 -0.34 0.0227 -0.0136
293 -0.343 0.00155 -0.00813
294 -0.322 -0.0173 -0.0121
295 -0.337 -0.0106 -0.00854
296 -0.364 -0.0159 -0.0075
297 -0.349 -0.00812 -0.00281
298 -0.34 -0.0129 0.0039
299 -0.334 -0.00559 0.0197
300 -0.338 -0.00247 0.0344
301 -0.341 -0.0041 0.0331
302 -0.347 -0.000132 0.0159
303 -0.327 -0.00233 0.0141
304 -0.326 0.00475 0.00985
305 -0.347 0.00113 0.0218
306 -0.338 -0.00309 0.019
307 -0.358 0.0069 0.0163
308 -0.352 0.011 0.0129
309 -0.337 -0.00968 0.0166
310 -0.327 0.0052 0.0256
311 -0.339 0.00424 0.0135
312 -0.345 -0.00146 0.00278
313 -0.356 0.0191 0.00443
314 -0.337 0.01 -0.003
315 -0.334 0.0117 -0.00646
316 -0.364 0.00964 0.00532
317 -0.352 0.0148 -0.000107
318 -0.345 0.0092 0.00331
319 -0.333 0.00976 -0.0121
320 -0.356 0.0101 -0.00298
321 -0.356 -0.00602 -0.0139
322 -0.355 0.00229 -0.0247
323 -0.345 0.00508 -0.023
324 -0.347 0.0123 -0.0126
325 -0.353 0.0145 -0.00949
326 -0.328 0.00443 -0.0169
327 -0.346 -0.0049 -0.0122
328 -0.365 -0.00392 -0.0252
329 -0.349 -0.00667 -0.0177
330 -0.345 -0.013 -0.0166
331 -0.348 -0.0047 -0.0159
332 -0.35 -0.0134 -0.00938
333 -0.36 -0.00439 -0.0101
334 -0.364 -0.0182 -0.0264
335 -0.366 -0.022 -0.0163
336 -0.342 -0.0115 -0.00787
337 -0.349 -0.00992 -0.00774
338 -0.354 -0.00307 -0.00557
339 -0.352 -0.00506 -0.00896
340 -0.349 -0.00187 0.000611
341 -0.356 0.0138 -0.00823
342 -0.357 0.00974 -0.0268
343 -0.35 0.0119 -0.0165
344 -0.334 0.0162 -0.0226
345 -0.346 0.0266 -0.00473
346 -0.319 0.0295 0.0124
347 -0.332 0.0415 0.00768
348 -0.337 0.0306 -0.000246
349 -0.338 0.0217 0.00187
350 -0.333 0.0148 -0.000386
351 -0.327 0.0156 0.00368
352 -0.354 0.0121 -0.0062
353 -0.345 0.0125 0.0022
354 -0.345 0.00317 0.00347
355 -0.335 0.00334 0.0204
356 -0.336 0.00036 0.00862
357 -0.35 0.00171 0.00246
358 -0.348 0.00337 0.00618
359 -0.339 -0.00641 0.0136
360 -0.336 0.00561 0.00244
361 -0.353 0.00317 -0.00931
362 -0.346 -0.000152 -0.00555
363 -0.37 0.000725 0.00395
364 -0.362 0.00477 0.00747
365 -0.366 -0.00379 0.0046
366 -0.338 -0.0117 0.0139
367 -0.341 -0.0187 0.0057
368 -0.342 -0.00593 0.00382
369 -0.35 -0.00543 0.00361
370 -0.359 -0.00556 0.00648
371 -0.365 -0.00412 0.00734
372 -0.346 -0.00725 0.00968
373 -0.358 -0.00935 0.0143
374 -0.367 -0.00132 0.0176
375 -0.341 -0.01 0.0311
376 -0.373 -0.0253 0.022
377 -0.359 -0.0115 0.00688
378 -0.363 0.00318 0.000635
379 -0.345 0.00728 -0.000907
380 -0.362 0.00724 0.00241
381 -0.357 0.0137 0.00459
382 -0.338 0.00586 -0.00575
383 -0.346 -0.00167 0.00545
384 -0.358 -0.00657 0.0112
385 -0.343 -0.0131 0.0013
386 -0.35 -0.00843 -0.00267
387 -0.351 -0.0129 0.00219
388 -0.342 -0.018 0.00435
389 -0.35 -0.015 0.00115
390 -0.356 -0.00848 -0.0126
391 -0.346 -0.00274 -0.00528
392 -0.345 0.00495 -0.0107
393 -0.358 -0.00549 -0.00637
394 -0.335 -0.0022 -0.0156
395 -0.335 -0.00659 -0.0218
396 -0.35 0.0101 -0.0135
397 -0.336 0.00504 -0.0049
398 -0.347 0.0118 -0.00381
399 -0.356 0.0156 0.0141
400 -0.342 0.0221 0.00945
401 -0.343 0.00555 0.0183
402 -0.353 0.0153 0.00953
403 -0.34 0.0196 0.000359
404 -0.346 0.0238 -0.00142
405 -0.346 0.00677 0.000809
406 -0.354 0.00779 -0.002
407 -0.349 0.00119 0.000128
408 -0.353 0.00508 -0.013
409 -0.37 0.0102 -0.0222
410 -0.377 0.02 -0.00354
411 -0.346 0.0194 -0.0131
412 -0.356 0.00446 -0.0221
413 -0.347 -0.00518 -0.0155
414 -0.353 0.000282 -0.0129
415 -0.352 -0.0175 -0.00381
416 -0.365 -0.000342 -0.00545
417 -0.339 -0.00209 -0.0051
418 -0.341 -0.000439 -0.00798
419 -0.343 0.00831 -0.0129
420 -0.334 0.0144 0.00105
421 -0.336 0.0185 0.0118
422 -0.333 0.0164 0.0136
423 -0.332 0.0263 0.00928
424 -0.327 0.0201 0.0127
425 -0.359 0.0163 0.00678
426 -0.338 0.01 -0.00399
427 -0.341 -0.00101 0.0145
428 -0.359 -0.00602 0.0185
429 -0.336 -0.0114 0.00882
430 -0.327 -0.0174 0.0152
431 -0.34 -0.0139 0.0111
432 -0.364 -0.019 0.00158
433 -0.355 -0.00539 -0.000843
434 -0.351 -0.00535 0.00562
435 -0.363 -0.0101 0.00552
436 -0.361 -0.0149 -0.00503
437 -0.341 -0.00778 -0.00249
438 -0.334 0.00578 -0.00209
439 -0.345 0.00938 -0.002
440 -0.338 0.00832 0.0076
441 -0.36 0.00162 0.00545
442 -0.35 0.0102 0.00419
443 -0.337 0.00777 0.0151
444 -0.35 0.00144 -0.00172
445 -0.351 -0.0142 -0.000593
446 -0.359 -0.0144 -0.0137
447 -0.359 -0.00865 -0.0148
448 -0.356 -0.0104 -0.0148
449 -0.371 -0.0147 -0.0104
450 -0.344 -0.0098 0.00161
451 -0.355 -0.0025 0.0013
452 -0.348 0.0148 -0.00281
453 -0.341 0.0112 -0.00562
454 -0.34 0.0101 -0.0142
455 -0.35 0.00214 0.00545
456 -0.336 -0.00105 0.0158
457 -0.354 0.00192 0.0181
458 -0.36 0.00632 0.0134
459 -0.353 0.000714 0.0112
460 -0.353 -0.00693 0.00991
461 -0.358 -0.00979 0.00717
462 -0.355 -0.00503 0.00189
463 -0.362 -0.00733 0.0101
464 -0.352 -0.00333 0.0125
465 -0.353 0.00125 0.0223
466 -0.35 0.00887 0.0159
467 -0.351 0.00268 0.0288
468 -0.354 0.00376 0.0168
469 -0.347 0.00462 -0.00102
470 -0.356 -0.00585 -0.00664
471 -0.342 0.000252 0.00273
472 -0.35 -0.00405 0.00797
473 -0.368 0.00923 -0.00745
474 -0.351 0.00762 -0.00494
475 -0.351 0.000393 0.00348
476 -0.372 0.00211 -0.00243
477 -0.366 0.000668 0.00478
478 -0.327 -0.00333 -0.0105
479 -0.326 0.00401 -0.00525
480 -0.349 0.00189 0.00482
481 -0.354 -0.00368 0.00997
482 -0.354 -0.00123 0.00913
483 -0.344 0.00419 0.0106
484 -0.353 0.00476 0.0098
485 -0.339 -0.000472 0.00532
486 -0.332 0.00531 0.0105
487 -0.351 0.00596 0.00441
488 -0.35 -2.65e-05 0.00114
489 -0.346 0.00584 0.00958
490 -0.335 0.00884 0.0037
491 -0.347 0.0163 -0.00149
492 -0.337 0.0135 0.0124
493 -0.356 0.00885 0.0165
494 -0.351 -0.00571 0.012
495 -0.364 -0.0147 0.0005
496 -0.351 -0.0149 0.00783
497 -0.36 -0.0205 0.00147
498 -0.35 -0.019 0.00396
499 -0.334 -0.0217 -0.00602
500 -0.351 -0.00948 0.00215
501 -0.362 -0.00817 0.0107
502 -0.354 -0.00441 0.0209
503 -0.349 -0.0133 0.0188
504 -0.349 -0.00478 0.00908
505 -0.347 -0.0135 0.0136
506 -0.338 -0.016 0.00434
507 -0.338 -0.00669 0.0122
508 -0.357 -0.00142 0.0143
509 -0.356 -0.00204 0.000489
510 -0.364 -0.00905 -0.00321
511 -0.354 0.00336 -0.00479
512 -0.364 -0.00876 0.0068
513 -0.351 0.00964 0.00313
514 -0.344 0.0081 0.00667
515 -0.345 0.00254 0.00587
516 -0.337 -0.0131 0.00389
517 -0.344 -0.0157 0.000232
518 -0.337 -0.0143 -0.0205
519 -0.353 -0.0184 -0.0209
520 -0.351 0.00112 -0.0125
521 -0.359 -0.00966 -0.00119
522 -0.359 -0.014 0.000709
523 -0.347 -0.00331 -0.00113
524 -0.332 0.00746 -0.00908
525 -0.329 0.0155 -0.00665
526 -0.341 0.0212 -0.0088
527 -0.368 0.00154 -0.00243
528 -0.36 -0.0148 -0.0051
529 -0.35 -0.00248 0.00102
530 -0.358 0.00849 -0.00275
531 -0.347 0.00586 -0.013
532 -0.345 -0.00413 -0.00046
533 -0.351 0.00731 -0.00376
534 -0.345 0.00828 0.0019
535 -0.341 0.00459 0.00184
536 -0.345 -0.00634 -0.000819
537 -0.328 -0.00811 0.00319
538 -0.338 -0.00561 0.00349
539 -0.346 0.00459 -5.76e-05
540 -0.336 0.00857 0.00312
541 -0.34 0.00827 -0.00449
542 -0.35 0.00874 -0.0138
543 -0.352 0.00361 -0.0179
544 -0.355 0.0121 -0.0015
545 -0.338 -0.00749 0.0032
546 -0.354 -0.00739 0.0097
547 -0.341 -0.0139 0.0166
548 -0.334 -0.0101 0.0068
549 -0.33 -0.00913 0.00664
550 -0.332 -0.0119 0.0169
551 -0.33 -0.0161 0.00973
552 -0.327 -0.0187 0.00357
553 -0.336 -0.0142 -0.00904
554 -0.355 0.00232 0.00578
555 -0.34 -0.0134 0.00315
556 -0.339 -0.0228 0.00486
557 -0.348 -0.0215 -0.000816
558 -0.347 -0.0149 0.000145
559 -0.339 -0.00936 0.0046
560 -0.347 0.00203 -0.00067
561 -0.35 -0.00428 0.00478
562 -0.343 0.0115 0.00682
563 -0.344 0.00413 0.00512
564 -0.358 -0.0101 0.000471
565 -0.358 -0.00893 0.00877
566 -0.35 0.00118 0.00573
567 -0.343 -0.00788 0.0175
568 -0.349 -0.00176 0.0126
569 -0.331 -0.00237 0.0114
570 -0.347 0.00335 0.00698
571 -0.338 0.0099 0.00386
572 -0.348 0.00479 0.00434
573 -0.321 -0.001 -0.00143
574 -0.346 0.00695 -0.00661
575 -0.37 0.0134 -0.00101
576 -0.35 0.00868 -0.00515
577 -0.354 0.00515 -0.00291
578 -0.346 0.00344 0.0143
579 -0.336 -0.011 0.0283
580 -0.339 -0.000693 0.0169
581 -0.336 0.003 0.00757
582 -0.336 -0.00725 -0.00416
583 -0.343 -0.00027 -0.00298
584 -0.346 -0.00373 -0.00149
585 -0.337 0.00505 0.00554
586 -0.35 0.00353 0.0179
587 -0.355 0.00154 0.0213
588 -0.344 0.00835 0.0201
589 -0.344 -0.000709 0.0236
590 -0.353 0.0121 0.0175
591 -0.366 0.0038 0.00803
592 -0.36 0.00972 0.00498
593 -0.363 -0.00309 0.0116
594 -0.343 -0.00751 0.0043
595 -0.355 -0.00441 -0.00331
596 -0.352 0.00382 0.0128
597 -0.355 -0.0105 0.00938
598 -0.356 -0.013 0.00373
599 -0.36 -0.00246 -0.00801
600 -0.353 0.00882 0.00386
601 -0.354 0.00875 0.00228
602 -0.358 -0.00545 -0.00273
603 -0.36 -0.00151 -0.0104
604 -0.341 0.00439 -0.0186
605 -0.347 -0.00591 0.00274
606 -0.343 -0.000804 0.0157
607 -0.336 -0.00386 0.0192
608 -0.347 -0.0124 0.0114
609 -0.336 -0.0148 0.0134
610 -0.353 -0.00339 0.00976
611 -0.34 -0.00134 -0.00168
612 -0.354 -0.00696 -0.00387
613 -0.349 0.00151 -0.0136
614 -0.352 -0.000413 0.000164
615 -0.328 -0.00539 0.00528
616 -0.337 -0.00464 -0.0017
617 -0.324 0.000704 -0.02
618 -0.328 -0.00624 -0.0173
619 -0.338 0.00609 -0.00192
620 -0.352 -0.000948 0.00276
621 -0.355 -0.000683 0.00674
622 -0.354 0.00194 -0.00565
623 -0.343 0.00031 -0.0047
624 -0.358 0.00365 -0.00761
625 -0.346 0.00763 -0.00415
626 -0.349 -0.0015 -0.00501
627 -0.325 -0.00326 -0.00264
628 -0.337 -0.000588 0.00559
629 -0.327 -0.0108 0.00434
630 -0.352 -0.00446 0.00318
631 -0.335 0.00264 0.00749
632 -0.347 0.0152 0.00806
633 -0.357 0.0133 0.0067
634 -0.345 0.0118 0.00753
635 -0.347 0.00737 -0.00807
636 -0.356 -0.0031 -0.00442
637 -0.357 -0.00296 -0.000322
638 -0.366 -0.00635 -0.0107
639 -0.373 -0.00111 -0.00366
640 -0.364 -0.0096 -0.0163
641 -0.378 0.00545 -0.00571
642 -0.365 -0.00475 -0.00635
643 -0.35 0.00105 -0.00581
644 -0.353 0.00187 -0.0149
645 -0.355 0.0123 -0.0206
646 -0.347 0.00749 -0.0193
647 -0.343 0.00293 -0.0133
648 -0.345 0.0111 -0.00173
649 -0.342 -0.00299 -0.004
650 -0.344 0.00341 -0.0139
651 -0.36 -0.00507 -0.00401
652 -0.374 -0.00286 -0.01
653 -0.357 0.000605 0.00408
654 -0.354 0.00657 0.00851
655 -0.346 0.00632 0.00678
656 -0.341 -0.00133 0.0171
657 -0.338 -0.0179 0.00448
658 -0.355 -0.0183 -0.000213
659 -0.344 -0.00818 0.00227
660 -0.35 -0.00509 -0.00533
661 -0.319 -0.00416 -0.0174
662 -0.335 -0.00886 -0.00665
663 -0.357 -0.0105 -0.017
664 -0.361 -8.26e-05 -0.0062
665 -0.352 -0.00432 -0.0111
666 -0.35 0.00635 -0.00837
667 -0.345 -0.00231 -0.00224
668 -0.351 -0.00193 0.00279
669 -0.35 -0.00227 -0.00769
670 -0.352 -0.00571 -0.00629
671 -0.354 -0.00307 -0.00709
672 -0.351 -0.00792 -0.00101
673 -0.343 -0.0149 -0.0154
674 -0.336 -0.0097 -0.0114
675 -0.327 -0.0175 -0.00878
676 -0.331 0.00431 -0.0123
677 -0.337 0.000273 -0.000934
678 -0.35 -0.018 -0.00938
679 -0.361 -0.0214 -0.0206
680 -0.344 -0.0205 -0.0108
681 -0.346 -0.0186 -0.00831
682 -0.354 -0.021 -0.00309
683 -0.368 -0.0294 -0.0141
684 -0.354 -0.0145 -0.00949
685 -0.356 -0.00608 0.000278
686 -0.35 -0.00893 0.0076
687 -0.345 0.00202 0.023
688 -0.355 -0.00269 0.0362
689 -0.348 0.00557 0.0345
690 -0.337 -0.0102 0.0285
691 -0.36 -0.004 0.0038
692 -0.361 -0.00475 0.00911
693 -0.347 -0.0179 0.0126
694 -0.363 -0.0168 0.00208
695 -0.358 -0.000764 0.0027
696 -0.359 -0.00653 -0.00353
697 -0.35 0.00511 0.01
698 -0.344 0.0001 0.0185
699 -0.342 -0.0106 0.0116
700 -0.359 -0.00895 0.0131
701 -0.351 -0.0043 0.0108
702 -0.348 0.00391 -0.00163
703 -0.34 -0.00604 0.014
704 -0.352 -0.00564 0.0285
705 -0.35 -0.00882 0.0196
706 -0.361 -0.00526 0.025
707 -0.359 0.00586 0.0123
708 -0.343 0.00424 0.0269
709 -0.345 -0.00421 0.0303
710 -0.347 0.000265 0.0171
711 -0.336 -0.00462 0.00333
712 -0.352 -0.00571 0.00319
713 -0.345 -0.00291 0.00323
714 -0.346 0.0012 0.0133
715 -0.326 0.00912 0.0109
716 -0.34 0.00938 0.00455
717 -0.326 0.0122 -0.00674
718 -0.352 0.0161 0.00575
719 -0.34 0.0127 0.00448
720 -0.357 0.0197 0.0158
721 -0.358 0.0257 0.00932
722 -0.346 0.0275 -0.00697
723 -0.34 0.0196 -0.0126
724 -0.359 0.016 -0.0144
725 -0.348 0.00796 -0.0152
726 -0.362 0.00208 -0.0211
727 -0.347 0.0186 -0.022
728 -0.347 0.0311 -0.0296
729 -0.335 0.0184 -0.0144
730 -0.339 0.0215 -0.0125
731 -0.347 0.0134 -0.00894
732 -0.355 0.00985 0.00521
733 -0.358 0.00592 0.000348
734 -0.361 -0.00328 0.00769
735 -0.351 -0.00713 0.00399
736 -0.341 -0.0119 0.0127
737 -0.336 0.00287 0.00453
738 -0.339 0.00219 -0.00526
739 -0.337 0.000512 -0.00455
740 -0.338 0.0038 -0.00305
741 -0.357 0.0297 0.00125
742 -0.35 0.0141 -0.00746
743 -0.339 0.0159 -0.00403
744 -0.349 0.00707 -0.00166
745 -0.354 0.00889 -0.00632
746 -0.348 0.0067 -0.0117
747 -0.347 0.00709 -0.0143
748 -0.339 0.00927 -0.00682
749 -0.335 0.0161 0.00515
750 -0.344 0.0154 0.00529
751 -0.342 0.0139 0.00541
752 -0.346 0.00865 -0.0047
753 -0.348 -0.00699 -0.00484
754 -0.346 -0.0149 0.00288
755 -0.339 0.0024 0.0106
756 -0.35 0.00164 0.00947
757 -0.341 0.00771 0.022
758 -0.353 0.00753 0.0111
759 -0.349 0.00811 0.00423
760 -0.323 -0.00829 0.015
761 -0.341 -0.00855 0.0123
762 -0.335 -0.00181 0.00152
763 -0.351 0.00555 0.00533
764 -0.343 0.00998 -0.00113
765 -0.353 0.0109 -0.0114
766 -0.354 -0.000572 -0.0144
767 -0.362 -0.00325 -0.00991
768 -0.349 0.00607 0.00319
769 -0.336 -0.00316 -0.00924
770 -0.34 -0.00604 -0.00692
771 -0.36 -0.00827 0.00707
772 -0.347 -0.0148 0.0129
773 -0.344 -0.00721 0.0282
774 -0.358 -0.00824 0.0259
775 -0.332 -0.0167 -0.00707
776 -0.338 -5.13e-05 -0.00977
777 -0.342 0.000388 0.00521
778 -0.338 -0.00348 0.00926
779 -0.344 0.0088 0.00624
780 -0.339 0.0136 0.0145
781 -0.344 0.0173 0.0181
782 -0.346 0.0107 0.0162
783 -0.346 0.00304 0.0213
784 -0.355 0.00897 0.0197
785 -0.331 0.00248 0.00812
786 -0.357 0.00458 0.00952
787 -0.351 0.00227 0.00262
788 -0.353 -0.00289 0.00822
789 -0.365 -0.00466 0.00543
790 -0.339 -0.00422 0.00576
791 -0.346 -0.00466 0.00403
792 -0.33 -0.00203 0.00472
793 -0.344 -0.00549 -0.000521
794 -0.345 -0.00354 -0.0176
795 -0.355 -0.0163 -0.00717
796 -0.355 -0.016 -0.0113
797 -0.323 -0.0211 -0.0126
798 -0.341 -0.00569 -0.00771
799 -0.343 0.000751 -0.00502
800 -0.353 0.0122 0.0012
801 -0.353 0.0042 -0.00453
802 -0.345 -0.00283 -0.0139
803 -0.345 0.000914 -0.0162
804 -0.345 0.0126 -0.00845
805 -0.34 0.00341 -0.00392
806 -0.333 0.0148 0.0027
807 -0.335 0.0207 0.00474
808 -0.33 0.00618 -0.0103
809 -0.34 0.0169 -0.00589
810 -0.364 0.017 -0.00863
811 -0.343 0.0222 -0.00639
812 -0.338 0.0179 0.00707
813 -0.326 0.00375 -0.000421
814 -0.343 0.00175 0.00869
815 -0.353 -0.00188 -0.00327
816 -0.358 -0.00666 -0.00635
817 -0.345 0.00749 -0.00378
818 -0.351 0.00909 -0.00734
819 -0.358 0.00972 -0.000857
820 -0.35 0.00138 -0.000998
821 -0.363 0.00211 0.000995
822 -0.35 0.00549 0.000848
823 -0.347 0.0144 -0.00525
824 -0.353 0.00344 -0.00296
825 -0.353 0.00195 0.00519
826 -0.356 -0.00639 -0.00227
827 -0.337 0.00152 -0.00337
828 -0.355 0.00357 -0.00361
829 -0.351 0.00581 -0.0129
830 -0.334 0.00148 -0.00325
831 -0.335 -0.0038 0.00611
832 -0.332 -0.0118 0.0121
833 -0.356 0.00482 0.0126
834 -0.355 -0.00216 0.00811
835 -0.344 0.00881 0.013
836 -0.338 -0.0116 0.0222
837 -0.361 -0.00666 0.0194
838 -0.356 -0.0184 0.018
839 -0.359 -0.00956 0.0132
840 -0.329 -0.00641 0.00654
841 -0.343 -0.0137 -0.00226
842 -0.359 -0.0129 -0.0171
843 -0.356 -0.00971 -0.0103
844 -0.344 -0.00691 -0.00814
845 -0.361 -0.00637 -0.00566
846 -0.344 0.00377 -0.00629
847 -0.336 0.00133 0.0028
848 -0.335 0.00703 -0.00642
849 -0.344 0.000606 -0.0213
850 -0.342 -0.00817 -0.0148
851 -0.352 -0.000577 -0.00851
852 -0.369 -0.00192 -0.0106
853 -0.349 -0.00552 0.00125
854 -0.35 -0.00246 -0.00603
855 -0.355 -0.000976 -0.00527
856 -0.364 -0.000669 -0.013
857 -0.366 -0.0132 -0.0116
858 -0.366 -0.00501 -0.0198
859 -0.333 -0.0123 -0.0188
860 -0.363 -0.00101 -0.00749
861 -0.364 -0.00269 -0.0201
862 -0.344 -0.012 -0.00632
863 -0.331 -0.0138 -0.00197
864 -0.339 -0.00646 -0.0122
865 -0.345 0.00132 -0.0172
866 -0.342 0.00675 -0.0212
867 -0.34 0.0115 -0.0236
868 -0.359 0.000154 -0.0324
869 -0.348 -0.0247 -0.0223
870 -0.334 -0.00421 -0.0191
871 -0.332 -0.0147 -0.0154
872 -0.336 -0.00901 -0.0132
873 -0.349 -0.0154 -0.00539
874 -0.34 -0.0069 -0.0104
875 -0.361 -0.0101 -0.0129
876 -0.36 -0.00874 -0.0168
877 -0.359 -0.0145 -0.00321
878 -0.349 -0.00551 -0.00284
879 -0.356 -0.00023 -0.00904
880 -0.367 -0.0046 0.000566
881 -0.356 -0.00551 -0.00897
882 -0.345 0.00168 -0.00924
883 -0.342 0.00586 0.00229
884 -0.347 -0.00308 -0.0081
885 -0.359 -0.00726 -0.00979
886 -0.35 0.000933 -0.0174
887 -0.357 -0.00495 -0.00146
888 -0.339 -0.00508 -0.0103
889 -0.342 -0.0123 -0.0145
890 -0.344 -0.00818 -0.00814
891 -0.345 -0.0064 -0.0142
892 -0.343 -7.57e-06 -0.00272
893 -0.355 -0.0124 -0.00851
894 -0.349 -0.0239 -0.00698
895 -0.355 -0.014 -0.00205
896 -0.354 -0.00332 0.00272
897 -0.35 0.00263 0.00705
898 -0.338 -0.00134 -0.00195
899 -0.333 -0.0013 0.00965
900 -0.329 -0.0094 -0.00415
901 -0.331 0.00355 0.00236
902 -0.36 0.0163 0.00567
903 -0.351 0.00554 0.00387
904 -0.348 -0.00252 0.0123
905 -0.345 -0.00562 -0.00376
906 -0.348 0.0047 0.00175
907 -0.351 0.0116 -0.0025
908 -0.347 0.00526 -0.00781
909 -0.347 0.00117 -0.00652
910 -0.35 7.46e-05 -0.00273
911 -0.343 0.0151 0.000344
912 -0.345 0.0189 0.00383
913 -0.336 0.0203 0.00497
914 -0.336 0.0156 0.0114
915 -0.342 0.0142 0.00897
916 -0.329 0.0152 -0.00781
917 -0.345 0.0203 -0.0137
918 -0.359 0.00849 -0.0118
919 -0.346 0.0152 0.00598
920 -0.356 0.00765 -0.00619
921 -0.324 0.016 -0.00587
922 -0.331 0.00571 -0.00939
923 -0.34 0.00918 -0.00953
924 -0.349 -0.00215 0.00902
925 -0.348 -0.00338 -0.00346
926 -0.353 0.00302 0.00214
927 -0.343 -0.0141 -0.00956
928 -0.346 -0.00728 -0.00173
929 -0.357 0.000203 0.0144
930 -0.357 -0.00187 0.00657
931 -0.353 -0.00193 0.0103
932 -0.333 0.0026 0.000923
933 -0.333 -0.00105 -0.0142
934 -0.344 0.000333 -0.0164
935 -0.34 0.0015 -0.00581
936 -0.338 -0.0037 0.000712
937 -0.331 0.00696 0.00281
938 -0.34 0.0262 0.00745
939 -0.333 0.0196 0.00615
940 -0.326 0.00575 -0.00388
941 -0.335 -0.00381 0.000934
942 -0.35 0.00631 -0.00306
943 -0.343 0.00811 -0.00277
944 -0.345 0.0208 0.00754
945 -0.365 0.00966 0.0022
946 -0.356 0.00546 0.0137
947 -0.348 0.00164 0.0127
948 -0.341 -0.00202 0.0226
949 -0.347 -0.00121 0.0181
950 -0.347 -2.64e-05 0.0111
951 -0.335 -0.0133 0.0216
952 -0.362 -0.0137 0.00978
953 -0.347 0.00287 0.00736
954 -0.35 0.00722 0.0148
955 -0.342 0.00202 -0.00294
956 -0.336 -0.000494 -0.00479
957 -0.352 -0.00398 -0.00309
958 -0.348 0.00175 -0.00912
959 -0.369 -0.00549 -0.00732
960 -0.353 -0.00985 -0.00945
961 -0.356 0.00354 -0.0029
962 -0.369 -0.00291 0.00915
963 -0.363 -0.00683 -0.00494
964 -0.344 -0.00615 -0.00839
965 -0.343 -0.00867 -0.00844
966 -0.35 0.00604 -0.00428
967 -0.343 0.00381 0.00777
968 -0.357 0.00471 0.000679
969 -0.358 0.0104 -0.00308
970 -0.349 0.00935 -0.0037
971 -0.337 0.00586 -0.00246
972 -0.352 0.00304 -0.00209
973 -0.363 -0.00787 -0.00685
974 -0.35 -0.00628 -0.00311
975 -0.349 -0.0206 -0.00317
976 -0.344 -0.0224 -0.00414
977 -0.36 -0.0237 -0.00427
978 -0.338 -0.0198 0.0023
979 -0.34 -0.0146 0.00281
980 -0.326 -0.00915 0.00729
981 -0.346 -0.00848 0.0124
982 -0.34 -0.0018 0.0138
983 -0.353 -0.00287 0.0103
984 -0.348 -0.00248 0.00439
985 -0.342 0.00179 0.00271
986 -0.339 0.00296 -0.00863
987 -0.337 -0.0072 0.0122
988 -0.353 -0.00771 0.00685
989 -0.356 -0.00808 -0.000764
990 -0.358 -0.0111 -0.0114
991 -0.357 -0.00747 0.00257
992 -0.353 -0.00768 0.00527
993 -0.33 -0.0101 0.00948
994 -0.357 0.00231 0.0145
995 -0.355 -0.004 0.00696
996 -0.353 -0.00258 0.00457
997 -0.344 -0.00356 0.0149
998 -0.342 -0.00223 0.019
999 -0.342 -0.0145 0.0104
1000 -0.341 -0.00703 0.0151
