#Sweep   Energia    Magn X    Magn Y
1 -1.41 0.00714 0.823
2 -1.04 0.00319 0.671
3 -0.77 -0.00823 0.526
4 -0.58 -0.00644 0.389
5 -0.485 -0.0114 0.294
6 -0.422 -0.00717 0.211
7 -0.4 -0.00025 0.15
8 -0.375 0.018 0.104
9 -0.357 0.016 0.0566
10 -0.345 0.0073 0.041
11 -0.358 0.00996 0.0393
12 -0.333 0.000966 0.0332
13 -0.342 0.0165 0.0333
14 -0.353 0.012 0.0315
15 -0.357 0.00313 0.0227
16 -0.336 -0.0029 0.00732
17 -0.344 -0.0134 0.00485
18 -0.356 -0.0212 -0.000562
19 -0.348 -0.0247 0.00566
20 -0.354 -0.0157 0.0083
21 -0.356 -0.00681 0.00222
22 -0.355 0.00178 -0.00113
23 -0.371 -0.00481 0.0053
24 -0.373 -0.0112 0.00572
25 -0.37 0.0055 0.0139
26 -0.348 0.00504 0.0189
27 -0.347 0.00511 0.0126
28 -0.353 0.012 0.00809
29 -0.351 0.00623 0.0116
30 -0.353 0.00608 0.00196
31 -0.352 0.00765 -0.00647
32 -0.355 0.00231 0.00566
33 -0.363 0.0104 -0.00286
34 -0.352 0.0172 0.000288
35 -0.368 0.0048 0.00173
36 -0.345 -5.43e-05 0.00472
37 -0.342 0.00138 0.000988
38 -0.362 -0.00844 -0.00917
39 -0.369 0.00801 -0.012
40 -0.361 0.00918 -0.0115
41 -0.372 0.00721 -0.00442
42 -0.375 0.00268 -0.0017
43 -0.363 -0.00323 0.00738
44 -0.353 -0.00153 0.00296
45 -0.355 -0.00705 0.00705
46 -0.349 -0.00591 0.00828
47 -0.344 -0.0201 -0.00353
48 -0.337 -0.0185 -0.00636
49 -0.345 -0.00534 -0.0115
50 -0.354 0.00446 -0.00125
51 -0.375 0.00541 -0.00506
52 -0.356 0.00542 -0.0176
53 -0.348 0.00358 -0.0109
54 -0.341 0.00338 -0.00591
55 -0.362 0.00505 -0.0125
56 -0.345 0.00529 -0.0126
57 -0.346 0.00269 -0.00477
58 -0.343 0.00168 -0.0072
59 -0.346 0.00355 -0.00503
60 -0.342 -0.00115 -0.00659
61 -0.349 -0.00613 -0.00606
62 -0.353 0.00287 -0.00647
63 -0.338 -0.00922 0.00788
64 -0.349 0.0123 0.0224
65 -0.358 0.00888 0.0124
66 -0.345 0.00694 0.0185
67 -0.354 0.00687 0.00759
68 -0.348 0.0181 0.0229
69 -0.349 0.00341 0.012
70 -0.341 0.00248 0.00515
71 -0.344 -0.00662 0.00756
72 -0.327 -0.0147 0.0067
73 -0.329 0.00695 -0.00812
74 -0.332 0.011 -0.00723
75 -0.336 0.00236 -0.00366
76 -0.341 -0.00439 -0.00481
77 -0.337 -0.00668 0.00114
78 -0.333 -0.00935 0.00686
79 -0.338 -0.00245 0.00331
80 -0.342 -0.0162 -0.00382
81 -0.344 -0.00683 -0.000778
82 -0.351 -0.0279 -0.00291
83 -0.352 0.00904 0.000618
84 -0.338 0.00649 0.00107
85 -0.361 0.00379 -0.000767
86 -0.35 0.00677 0.0109
87 -0.353 0.000774 0.00865
88 -0.343 0.00318 0.000353
89 -0.338 -0.0104 0.00149
90 -0.35 0.00114 -0.00611
91 -0.35 -0.00528 0.0051
92 -0.346 -0.00537 0.00666
93 -0.345 -0.0118 0.00526
94 -0.35 -0.0141 -0.00249
95 -0.35 -0.00488 0.000292
96 -0.344 -0.01 -0.00275
97 -0.361 0.000187 -0.00489
98 -0.344 0.00583 -0.0179
99 -0.342 -0.0129 -0.0142
100 -0.355 -0.0327 -0.00915
101 -0.372 -0.0401 0.00498
102 -0.352 -0.0313 -0.00238
103 -0.364 -0.0244 -0.0127
104 -0.348 -0.0147 -0.00798
105 -0.357 0.00392 -0.00812
106 -0.363 -0.00296 -0.00837
107 -0.362 0.000215 -0.0115
108 -0.351 -0.0034 -0.00758
109 -0.35 0.000634 -0.00628
110 -0.354 0.00216 -0.00864
111 -0.35 -3.93e-05 0.00202
112 -0.337 -0.00338 0.0153
113 -0.348 0.015 -0.00682
114 -0.349 0.00835 -0.0138
115 -0.351 0.0191 -0.00541
116 -0.361 0.0148 0.00243
117 -0.352 0.0085 0.00914
118 -0.344 0.0125 0.00293
119 -0.362 -0.00771 -0.00127
120 -0.348 0.00357 0.00346
121 -0.332 -0.000882 0.00201
122 -0.346 0.000258 0.0188
123 -0.355 -0.00118 0.00163
124 -0.341 0.0101 0.00433
125 -0.328 0.0126 0.0102
126 -0.353 0.00514 0.0172
127 -0.357 -0.0113 0.0182
128 -0.335 -0.00059 0.00636
129 -0.359 -0.00431 0.0166
130 -0.335 0.00542 0.00533
131 -0.344 0.0055 0.00223
132 -0.335 0.00554 -0.00577
133 -0.342 0.00142 -0.00994
134 -0.339 -0.00756 0.000531
135 -0.35 -0.00584 -0.0155
136 -0.344 0.00486 -0.0117
137 -0.344 0.00885 -0.0193
138 -0.345 0.00271 -0.0231
139 -0.346 -0.00218 -0.0189
140 -0.335 0.0161 -0.0173
141 -0.344 0.00939 -0.0224
142 -0.364 0.0152 -0.0263
143 -0.358 0.018 -0.0192
144 -0.357 0.0157 -0.00949
145 -0.351 0.0144 0.0018
146 -0.341 0.0063 0.0073
147 -0.332 0.00811 -0.00453
148 -0.356 0.00146 -0.011
149 -0.355 0.00251 -0.00691
150 -0.355 0.00184 -0.00596
151 -0.364 -0.0028 -0.000228
152 -0.351 -0.000673 -0.0117
153 -0.339 0.00183 -0.0182
154 -0.372 0.00927 -0.019
155 -0.344 0.0085 -0.0081
156 -0.341 0.00214 -0.000208
157 -0.319 -0.0063 0.00912
158 -0.326 -0.00126 -0.00281
159 -0.346 -0.00108 -0.00226
160 -0.342 0.00102 0.00348
161 -0.336 0.00198 0.0115
162 -0.334 0.00337 0.00793
163 -0.347 -0.000878 0.0113
164 -0.351 -0.00444 -0.00238
165 -0.354 -0.00203 0.0025
166 -0.351 -0.000542 0.00286
167 -0.349 0.00724 -0.00545
168 -0.377 -0.0103 0.00541
169 -0.368 -0.0036 -0.00302
170 -0.332 -0.00918 -0.0129
171 -0.366 -0.0158 -0.00193
172 -0.36 -0.0153 -0.00853
173 -0.35 -0.0272 0.00734
174 -0.353 -0.00998 0.0121
175 -0.343 -0.00718 0.0119
176 -0.349 0.00686 -0.00211
177 -0.338 0.0107 -0.00465
178 -0.337 0.00427 0.00801
179 -0.353 0.0119 0.000901
180 -0.357 -0.000282 -0.0116
181 -0.339 0.00182 -0.012
182 -0.335 -0.00608 0.00171
183 -0.346 0.00509 0.00862
184 -0.355 0.00683 0.0162
185 -0.349 0.00477 0.029
186 -0.341 0.0045 0.0325
187 -0.35 -0.00685 0.027
188 -0.356 -0.00463 0.0156
189 -0.368 -0.00773 0.00492
190 -0.357 -0.00902 0.012
191 -0.348 -0.0174 0.000567
192 -0.337 -0.00506 -0.00179
193 -0.356 -0.00019 -0.00605
194 -0.356 -0.00663 -0.00943
195 -0.352 -0.00558 -0.0193
196 -0.349 -0.00123 -0.0135
197 -0.335 0.0131 -0.00551
198 -0.343 -0.00113 0.00227
199 -0.348 -0.00748 -0.0154
200 -0.348 -0.00367 -0.00793
201 -0.352 -0.00298 -0.000829
202 -0.371 -0.000682 0.00562
203 -0.344 -0.0109 0.00311
204 -0.363 -0.0047 -0.00771
205 -0.367 -0.0148 -0.00481
206 -0.343 -0.0191 -0.0171
207 -0.327 -0.0148 -0.0149
208 -0.324 -0.0118 -0.0145
209 -0.329 -0.0163 -0.0106
210 -0.352 -0.014 -0.0174
211 -0.351 -0.00225 -0.016
212 -0.345 0.00651 -0.00793
213 -0.337 0.00326 -0.000237
214 -0.339 0.000818 -0.00346
215 -0.347 0.000802 6.46e-05
216 -0.338 0.00146 0.00706
217 -0.344 -0.00845 0.0147
218 -0.337 -0.00143 0.0136
219 -0.348 -0.00196 0.011
220 -0.352 0.00699 0.00498
221 -0.343 0.00573 0.00546
222 -0.346 0.00952 0.00275
223 -0.357 0.00416 0.000638
224 -0.349 -0.000367 0.00622
225 -0.354 -0.00425 0.00814
226 -0.346 -0.016 0.00781
227 -0.365 -0.00609 0.00249
228 -0.358 -0.00387 0.00539
229 -0.342 -0.0186 0.00811
230 -0.359 -0.0101 0.00758
231 -0.353 0.00242 0.00604
232 -0.346 0.000571 0.0144
233 -0.345 0.00602 0.015
234 -0.343 -0.00573 0.0142
235 -0.357 -0.00338 0.00834
236 -0.347 0.0093 -0.00308
237 -0.35 0.00345 -0.000524
238 -0.332 -0.016 0.00658
239 -0.339 -0.00626 0.0145
240 -0.35 0.00362 0.00721
241 -0.339 -0.00737 0.000486
242 -0.35 -0.00582 -0.00607
243 -0.356 -0.00375 0.00186
244 -0.351 0.0134 0.00325
245 -0.352 0.0123 0.0093
246 -0.345 0.00373 0.00871
247 -0.343 0.00199 0.0105
248 -0.357 0.00859 0.0203
249 -0.339 -0.000795 0.0066
250 -0.344 -0.00458 -0.000221
251 -0.33 0.000933 0.00548
252 -0.337 -0.00238 0.00761
253 -0.341 -0.00866 -0.00196
254 -0.361 -0.0081 -0.00769
255 -0.345 -0.00503 -0.00025
256 -0.344 0.00244 -0.0114
257 -0.346 -0.0047 -0.00633
258 -0.345 0.00813 -0.00166
259 -0.36 -0.0128 0.00715
260 -0.342 -0.0194 0.00612
261 -0.33 -0.0236 -0.00567
262 -0.341 -0.018 -0.000821
263 -0.323 -0.0148 0.0114
264 -0.325 0.00316 0.00812
265 -0.334 0.00768 0.0101
266 -0.337 -0.00114 0.0197
267 -0.351 0.00993 0.00485
268 -0.327 0.00441 -0.000942
269 -0.32 0.00857 0.0083
270 -0.352 -0.00679 0.00153
271 -0.356 -0.0036 -0.00588
272 -0.368 0.00135 0.00193
273 -0.34 -0.00263 0.00207
274 -0.346 -0.000156 -0.000725
275 -0.349 0.000135 -0.00633
276 -0.373 -0.0073 0.0121
277 -0.354 -0.000628 -0.00432
278 -0.345 -0.003 0.000265
279 -0.346 -0.0127 0.00188
280 -0.348 -0.00841 -0.00867
281 -0.354 -0.00914 -0.00484
282 -0.332 -0.00305 -0.0109
283 -0.333 -0.00601 -0.0132
284 -0.347 -0.00889 -0.0184
285 -0.35 -0.00365 -0.0178
286 -0.327 -0.00536 -0.0121
287 -0.324 -0.00389 -0.000686
288 -0.36 -0.00403 0.00153
289 -0.365 -0.0192 -0.00608
290 -0.353 -0.0134 -0.00276
291 -0.335 -0.0115 0.00559
292 -0.341 -0.0243 -0.00598
293 -0.346 -0.0294 -0.0148
294 -0.339 -0.0241 -0.0109
295 -0.347 -0.011 -0.00665
296 -0.364 0.00233 0.000211
297 -0.371 0.00773 0.00975
298 -0.343 -0.0101 0.017
299 -0.352 -0.0252 0.00531
300 -0.342 -0.0223 -0.0106
301 -0.348 -0.0063 -0.00492
302 -0.339 -0.0103 0.000279
303 -0.361 -0.00701 0.000402
304 -0.353 -0.0164 -0.00667
305 -0.359 -0.00284 0.0117
306 -0.353 -0.000972 -0.00333
307 -0.349 0.015 -0.00686
308 -0.354 0.0172 0.00654
309 -0.356 0.0157 0.0137
310 -0.353 -0.00207 0.0099
311 -0.354 0.00174 -0.0079
312 -0.347 0.00833 -0.00711
313 -0.341 0.00479 -0.00318
314 -0.342 0.0108 -0.000629
315 -0.352 0.00757 0.00902
316 -0.366 -0.00238 0.00212
317 -0.353 -0.0088 -0.00116
318 -0.369 -0.017 -0.0102
319 -0.362 -0.00897 -0.00775
320 -0.353 -0.0134 -0.00202
321 -0.356 -0.00138 -0.0125
322 -0.358 -0.00595 -0.0302
323 -0.361 -0.00884 -0.0206
324 -0.351 0.00121 -0.012
325 -0.365 0.00781 0.00056
326 -0.369 0.0163 -0.0136
327 -0.37 -0.000337 -0.00497
328 -0.349 -0.00262 -0.00109
329 -0.349 -0.0131 -0.00895
330 -0.355 -0.0151 -0.0069
331 -0.372 -0.0114 -0.00571
332 -0.363 -0.00877 -0.00065
333 -0.354 -0.000593 0.000775
334 -0.348 -0.0072 -0.00976
335 -0.341 0.0184 -0.0136
336 -0.341 0.0137 -0.00552
337 -0.349 -0.00951 -0.00559
338 -0.353 -0.000295 -0.00439
339 -0.345 -0.00105 -0.00756
340 -0.345 -0.0034 0.00271
341 -0.34 -0.00221 -0.000914
342 -0.333 0.00709 -0.0079
343 -0.351 0.00289 -0.011
344 -0.347 0.00393 -0.00896
345 -0.344 -0.0126 -0.00783
346 -0.341 -0.00545 0.00391
347 -0.322 -0.016 0.00137
348 -0.339 -0.022 -0.00537
349 -0.344 -0.0149 -0.00281
350 -0.357 -0.00249 -0.0058
351 -0.356 0.0103 0.00658
352 -0.355 0.000614 -0.0103
353 -0.344 -0.00793 -0.00354
354 -0.347 -0.000833 -0.0155
355 -0.333 0.0193 -0.0122
356 -0.343 -0.00497 -0.0148
357 -0.34 -0.008 -0.0059
358 -0.343 -0.000487 -0.00371
359 -0.345 -0.00188 -0.0144
360 -0.331 -0.0129 0.00225
361 -0.347 -0.00862 0.00638
362 -0.368 -0.00122 0.00941
363 -0.347 0.00355 0.00871
364 -0.334 0.000201 0.0117
365 -0.338 -0.00332 0.0168
366 -0.333 -8.09e-05 0.018
367 -0.34 -0.00634 0.00625
368 -0.332 0.000275 0.00129
369 -0.32 0.000184 0.0219
370 -0.336 0.0117 0.0203
371 -0.353 0.0107 0.022
372 -0.358 0.00608 0.0153
373 -0.363 -0.012 0.0105
374 -0.358 -0.00533 0.0107
375 -0.36 -0.00335 -0.0036
376 -0.35 0.00252 -0.00703
377 -0.339 0.00867 -0.0171
378 -0.339 -0.00106 -0.0166
379 -0.342 -0.00218 -0.0234
380 -0.333 0.00349 -0.0115
381 -0.341 0.0119 -0.0083
382 -0.344 0.0044 -0.0242
383 -0.348 -0.00271 -0.0191
384 -0.369 -0.00975 -0.00386
385 -0.346 0.00591 -0.00193
386 -0.356 0.0113 -4.86e-05
387 -0.359 0.00103 0.00287
388 -0.355 0.00545 0.00236
389 -0.354 0.00859 0.00296
390 -0.341 0.000302 0.00909
391 -0.339 0.00521 0.00916
392 -0.346 0.0085 0.00514
393 -0.346 0.0123 -0.00752
394 -0.354 0.015 0.0088
395 -0.345 0.0183 0.00501
396 -0.352 0.00787 0.00701
397 -0.352 4.05e-05 0.0217
398 -0.349 0.00642 0.0207
399 -0.34 0.0237 0.0154
400 -0.338 0.0216 0.00261
401 -0.341 -0.00819 0.00408
402 -0.361 -0.000135 0.00757
403 -0.351 0.00293 0.0051
404 -0.344 0.0146 0.00745
405 -0.351 0.00782 0.00359
406 -0.362 0.00561 0.00229
407 -0.36 0.00287 0.00321
408 -0.351 -0.00723 0.00292
409 -0.355 -0.0038 0.0056
410 -0.347 -0.00601 0.00902
411 -0.347 -0.00273 0.0129
412 -0.35 -0.000969 0.0049
413 -0.359 -0.0069 0.005
414 -0.343 -0.00241 0.00354
415 -0.348 -0.000288 -0.00532
416 -0.341 0.00643 0.0018
417 -0.349 0.00216 -0.00805
418 -0.362 -0.0121 -0.00401
419 -0.378 -0.00698 -0.0121
420 -0.373 -0.0223 -0.00482
421 -0.345 -0.0094 -0.00719
422 -0.347 -0.021 -0.0188
423 -0.339 -0.00967 -0.0114
424 -0.343 -0.0165 0.00148
425 -0.333 -0.0171 -0.00817
426 -0.339 -0.0214 0.00596
427 -0.345 -0.0191 0.0122
428 -0.342 -0.0148 0.0104
429 -0.347 -0.00863 -0.00412
430 -0.349 -0.00789 0.00612
431 -0.329 -0.00724 0.00802
432 -0.34 -0.00734 0.000206
433 -0.332 -0.00144 -0.00774
434 -0.337 0.00333 0.00267
435 -0.342 0.00383 -0.0176
436 -0.34 0.0069 -0.00371
437 -0.341 0.0105 -0.0106
438 -0.342 0.0217 -0.00554
439 -0.333 0.0127 -0.0219
440 -0.354 -0.00389 -0.0171
441 -0.355 0.00952 -0.0242
442 -0.343 0.00401 -0.00974
443 -0.346 0.00714 -0.0117
444 -0.348 0.00972 -0.00733
445 -0.342 0.000661 -0.00302
446 -0.338 0.00063 -0.00157
447 -0.337 0.000621 -0.00365
448 -0.344 -0.00221 -0.012
449 -0.321 -0.00578 -0.00546
450 -0.333 -0.0111 0.00399
451 -0.338 -0.00993 0.0143
452 -0.344 -0.00721 0.0141
453 -0.338 0.00825 -0.00634
454 -0.33 0.000814 -0.000379
455 -0.344 0.0177 0.0075
456 -0.37 0.00892 -0.00143
457 -0.357 0.00157 0.00662
458 -0.351 -0.00588 0.00207
459 -0.34 0.00591 -0.0136
460 -0.353 0.0219 -7.66e-05
461 -0.351 0.0138 -0.00174
462 -0.354 -0.0106 -0.0116
463 -0.352 -0.0161 -0.00829
464 -0.348 -0.0129 -0.0142
465 -0.347 -0.011 -0.00693
466 -0.337 -0.0175 -0.00255
467 -0.326 -0.00528 -0.015
468 -0.342 -0.00435 -0.0135
469 -0.35 0.000235 -0.0257
470 -0.352 -0.00335 -0.0109
471 -0.354 -0.0202 -0.00137
472 -0.342 -0.0141 0.000318
473 -0.342 -0.00287 0.000301
474 -0.341 -0.00305 -0.00433
475 -0.352 -0.00232 -0.0068
476 -0.345 0.00996 0.00476
477 -0.333 0.00739 0.00191
478 -0.315 0.0105 0.00052
479 -0.338 0.0109 0.0103
480 -0.336 0.00967 0.00836
481 -0.338 0.0177 0.00133
482 -0.339 0.0124 -0.00141
483 -0.351 0.0144 -0.000229
484 -0.357 0.0215 0.00257
485 -0.344 -0.00483 0.00112
486 -0.351 0.000297 -0.000203
487 -0.351 -0.000552 0.0015
488 -0.341 0.00217 0.00968
489 -0.337 0.00509 -0.0107
490 -0.342 -0.00938 -0.0104
491 -0.353 -0.00503 -0.0114
492 -0.347 -0.00208 -0.00726
493 -0.35 -0.00225 -0.00921
494 -0.363 -0.00727 -0.0112
495 -0.332 0.00428 -0.0201
496 -0.324 -0.007 0.00768
497 -0.342 -0.0064 -0.00461
498 -0.328 0.00132 -0.0156
499 -0.356 0.00887 -0.0157
500 -0.356 0.0127 -0.00664
501 -0.367 0.00987 -0.00586
502 -0.351 0.00186 -0.000268
503 -0.35 0.00052 0.00392
504 -0.366 -0.00931 -6.02e-05
505 -0.356 -0.00273 -0.00362
506 -0.363 0.00685 -0.00039
507 -0.341 0.0119 0.00162
508 -0.331 0.00724 0.011
509 -0.335 0.00727 0.0259
510 -0.351 0.000569 0.0135
511 -0.349 -0.00453 0.0262
512 -0.367 -8.08e-05 0.0169
513 -0.376 -0.0018 0.012
514 -0.355 -0.00353 0.00594
515 -0.349 -0.0132 0.0107
516 -0.343 -0.00978 0.015
517 -0.328 -0.00211 0.0119
518 -0.341 -0.0183 0.015
519 -0.336 -0.0131 0.00474
520 -0.351 -0.00144 0.00818
521 -0.353 -0.00132 0.0075
522 -0.353 -0.00112 0.00799
523 -0.347 -0.00965 0.00824
524 -0.355 -0.00643 -0.00139
525 -0.359 -0.0156 0.0102
526 -0.336 -0.0163 0.0094
527 -0.33 -0.016 0.0108
528 -0.334 0.000902 -0.00498
529 -0.35 0.0103 -0.00143
530 -0.34 0.0125 0.0146
531 -0.354 -0.00295 0.0115
532 -0.354 0.00654 0.00776
533 -0.35 0.00971 0.0203
534 -0.343 -0.00239 0.0114
535 -0.358 0.00572 0.00873
536 -0.346 0.00469 -0.0024
537 -0.336 -0.00368 -0.0051
538 -0.332 -0.00876 0.00833
539 -0.334 -0.00891 -0.0111
540 -0.344 -0.00438 -0.00438
541 -0.357 0.0055 0.000349
542 -0.358 0.00353 -0.00629
543 -0.357 -0.0015 -0.0019
544 -0.354 -0.00389 -0.0111
545 -0.356 0.00305 -0.000804
546 -0.357 0.00872 0.0145
547 -0.348 0.00944 0.0075
548 -0.345 0.0203 -0.00578
549 -0.353 0.0193 -0.00265
550 -0.333 0.0117 0.00727
551 -0.358 0.0143 0.0146
552 -0.344 0.0166 0.0253
553 -0.335 -0.00427 0.0232
554 -0.338 -0.00416 0.0108
555 -0.338 -0.000767 0.00385
556 -0.35 0.0227 -0.000471
557 -0.35 0.00168 -0.00185
558 -0.343 -0.00131 -0.00672
559 -0.346 0.00301 -0.003
560 -0.349 -0.00526 0.00333
561 -0.336 -0.0106 0.000149
562 -0.34 -0.00194 -0.00472
563 -0.348 0.00132 -0.00893
564 -0.344 -0.00129 -0.0123
565 -0.353 -0.000159 -0.000573
566 -0.339 0.00224 -0.0133
567 -0.345 -0.000417 -0.0117
568 -0.349 0.00851 0.000213
569 -0.335 0.00402 -0.00388
570 -0.358 -0.00573 0.00933
571 -0.36 -0.0133 0.0106
572 -0.355 -0.0152 0.0141
573 -0.358 0.00488 0.00906
574 -0.348 -0.0105 -0.0029
575 -0.36 -0.0155 0.00915
576 -0.343 0.00144 0.00701
577 -0.346 -0.00725 0.0116
578 -0.35 -0.00253 0.00764
579 -0.338 -0.00312 0.0189
580 -0.345 -0.0115 -0.0015
581 -0.348 -0.0154 -0.00525
582 -0.353 -0.0167 -0.000317
583 -0.35 -0.0153 0.00697
584 -0.351 -0.0102 0.022
585 -0.354 0.00128 0.00672
586 -0.343 0.00106 0.000679
587 -0.332 0.00104 0.00619
588 -0.344 0.000314 0.00457
589 -0.348 0.00826 -0.00821
590 -0.332 0.00889 -0.00848
591 -0.33 0.00828 -0.00536
592 -0.345 -0.00513 -0.0124
593 -0.343 0.00428 -0.0177
594 -0.345 0.0014 -0.00448
595 -0.349 -0.00803 0.0167
596 -0.333 -0.000672 0.00867
597 -0.339 0.00465 0.0172
598 -0.328 -0.00168 0.0112
599 -0.351 -0.000161 0.0103
600 -0.353 -0.00109 0.00418
601 -0.349 0.00651 0.0118
602 -0.343 0.0066 0.0204
603 -0.35 0.00756 0.00854
604 -0.345 0.00178 0.0122
605 -0.364 0.00324 0.00753
606 -0.365 0.00454 0.00745
607 -0.358 0.0141 0.00894
608 -0.355 0.0303 0.0144
609 -0.361 0.0195 0.00379
610 -0.33 0.0134 -0.00814
611 -0.339 0.0157 -0.00885
612 -0.341 0.0243 0.0046
613 -0.344 0.0129 0.00562
614 -0.349 0.0136 0.00191
615 -0.358 0.012 -0.00146
616 -0.352 0.0176 -0.00297
617 -0.356 0.0044 -0.00238
618 -0.33 0.0135 0.00457
619 -0.337 0.00734 0.00473
620 -0.333 0.014 0.00713
621 -0.335 -0.00186 0.000888
622 -0.33 -0.0198 0.00329
623 -0.353 -0.0184 0.0121
624 -0.363 -0.00708 0.00924
625 -0.35 0.00826 0.00718
626 -0.349 -0.00215 -0.00104
627 -0.353 8.93e-05 0.00463
628 -0.341 0.00646 -0.00642
629 -0.351 0.00175 -0.00125
630 -0.338 0.00717 0.00763
631 -0.339 0.0118 0.0193
632 -0.341 0.0104 0.00582
633 -0.347 0.0138 -0.0106
634 -0.344 0.0153 -0.0128
635 -0.356 0.0168 -0.00578
636 -0.346 0.00783 -0.00513
637 -0.352 0.00106 0.00175
638 -0.355 -0.0116 0.00702
639 -0.35 -0.00155 0.00677
640 -0.355 -0.00316 0.0149
641 -0.368 0.00364 0.0047
642 -0.374 0.00109 0.0184
643 -0.344 0.0125 0.0262
644 -0.367 0.0121 0.0161
645 -0.355 0.00772 0.00235
646 -0.376 -0.00255 0.00681
647 -0.368 0.000808 0.0068
648 -0.342 0.00687 0.00808
649 -0.34 0.00516 0.00301
650 -0.347 0.00223 -0.00749
651 -0.365 0.0126 -0.00766
652 -0.353 0.00263 -0.00572
653 -0.338 0.0086 0.00041
654 -0.339 0.00158 0.00299
655 -0.356 0.0111 -0.00163
656 -0.337 0.0189 -0.000741
657 -0.36 0.0248 -0.00438
658 -0.331 0.019 0.000564
659 -0.326 0.0133 -0.0132
660 -0.328 -0.00413 -0.00672
661 -0.346 -0.00121 -0.00749
662 -0.354 -0.00912 -0.000851
663 -0.364 -0.00917 0.000632
664 -0.352 0.00536 0.00275
665 -0.344 0.00152 -0.00257
666 -0.342 2.24e-05 -0.0147
667 -0.362 0.00312 -0.00832
668 -0.336 0.00614 -0.0134
669 -0.332 0.00568 -0.00715
670 -0.337 0.00297 -0.00573
671 -0.342 -0.00214 -0.00281
672 -0.331 -0.00712 0.00837
673 -0.326 0.00352 0.00787
674 -0.35 -0.0053 0.00422
675 -0.361 -0.016 -0.0015
676 -0.337 -0.00706 -0.00109
677 -0.346 -0.00778 0.0108
678 -0.334 0.000493 0.00382
679 -0.336 0.00145 -0.00535
680 -0.358 0.00455 0.00356
681 -0.349 -0.00824 0.00848
682 -0.345 -0.00703 0.00641
683 -0.333 -0.000254 0.0188
684 -0.344 -0.0113 0.0282
685 -0.331 -0.0128 0.0223
686 -0.328 -0.00353 0.0168
687 -0.352 -0.00197 0.0188
688 -0.358 0.0118 0.0144
689 -0.358 0.00877 0.00872
690 -0.344 -0.00378 0.00843
691 -0.328 0.000683 -0.0051
692 -0.34 0.0143 0.00466
693 -0.364 0.00743 0.00298
694 -0.335 0.0102 0.012
695 -0.333 0.0117 0.00705
696 -0.352 0.0138 0.00867
697 -0.352 0.0159 0.00265
698 -0.356 0.0106 -0.00395
699 -0.341 0.0161 -0.00175
700 -0.347 0.0221 0.00103
701 -0.348 0.0105 0.00698
702 -0.355 0.000253 0.014
703 -0.341 0.00868 0.00766
704 -0.352 0.00789 0.00517
705 -0.346 0.00206 0.0051
706 -0.346 -0.00541 -0.00197
707 -0.363 -0.008 0.00569
708 -0.355 0.00378 0.00382
709 -0.367 -0.00237 -0.00222
710 -0.354 0.0193 0.00186
711 -0.336 -0.00102 -0.00609
712 -0.348 -0.00539 -0.011
713 -0.347 -0.00407 -0.0129
714 -0.363 -0.0021 -0.0164
715 -0.355 -0.000404 -0.0119
716 -0.359 -0.00608 -0.01
717 -0.336 0.00102 -0.0259
718 -0.335 0.0113 -0.0309
719 -0.329 0.00628 -0.0305
720 -0.344 0.0146 -0.0362
721 -0.35 0.00687 -0.0332
722 -0.334 0.0201 -0.0213
723 -0.339 0.00528 -0.0176
724 -0.369 0.00282 -0.0201
725 -0.338 0.00701 -0.0209
726 -0.333 -0.0153 -0.0127
727 -0.357 0.000647 -0.0112
728 -0.374 0.00476 0.0125
729 -0.372 -0.0104 0.0296
730 -0.356 -0.0222 0.0142
731 -0.353 -0.0279 0.00368
732 -0.36 -0.016 0.00621
733 -0.343 -0.0042 0.0084
734 -0.345 -0.0204 0.0154
735 -0.355 -0.0108 0.00887
736 -0.346 0.00794 0.0198
737 -0.343 0.0123 0.0141
738 -0.346 0.00387 0.00852
739 -0.341 0.000249 0.00697
740 -0.347 0.0134 0.00661
741 -0.354 0.0124 0.00976
742 -0.354 0.0107 0.0167
743 -0.335 0.0147 0.00741
744 -0.341 0.00784 0.0025
745 -0.355 0.0104 9.25e-05
746 -0.367 0.00219 -0.00394
747 -0.358 0.0145 -0.0115
748 -0.368 0.00741 0.00294
749 -0.355 0.0196 0.00295
750 -0.359 0.00704 -0.00283
751 -0.325 0.00371 0.00273
752 -0.354 0.0123 0.0198
753 -0.349 0.0168 0.0127
754 -0.34 0.00319 0.0135
755 -0.354 0.00637 0.0227
756 -0.34 -0.00317 0.0179
757 -0.334 0.00798 0.00713
758 -0.333 -0.00955 -0.00574
759 -0.35 -0.00129 0.00853
760 -0.353 0.00672 0.00999
761 -0.349 0.022 0.003
762 -0.325 0.0182 -0.0068
763 -0.348 0.00568 -0.0206
764 -0.338 0.0115 -0.0112
765 -0.335 0.0183 -0.00869
766 -0.339 0.0221 0.00386
767 -0.339 0.0102 0.0165
768 -0.341 0.0155 0.0154
769 -0.349 0.0141 0.022
770 -0.331 0.000832 0.0117
771 -0.325 0.00502 0.0115
772 -0.343 0.0112 0.00365
773 -0.349 0.0117 -0.00295
774 -0.363 0.0215 -0.00327
775 -0.346 0.0146 -0.0129
776 -0.357 0.0123 -0.0125
777 -0.352 0.0144 -0.00838
778 -0.343 0.00804 -0.0148
779 -0.345 0.00611 -0.0172
780 -0.344 0.00455 -0.0153
781 -0.337 0.00471 -0.0153
782 -0.347 0.000256 -0.00732
783 -0.336 0.00848 -0.00656
784 -0.329 -0.00686 -0.00477
785 -0.348 -0.00924 -0.0134
786 -0.337 -0.0113 -0.0155
787 -0.362 -0.00219 -0.00348
788 -0.339 0.0062 -0.0099
789 -0.351 -0.000158 -0.00911
790 -0.351 0.00489 -0.00502
791 -0.365 0.00677 -0.0145
792 -0.356 0.0128 -0.00922
793 -0.351 0.00736 -0.00389
794 -0.355 -0.00179 -0.0042
795 -0.335 -0.0096 -0.00431
796 -0.332 -0.0114 -0.00991
797 -0.338 -0.00465 -0.00689
798 -0.331 -0.00442 0.00885
799 -0.333 0.0069 0.00214
800 -0.32 -0.00155 0.00565
801 -0.311 0.0108 -0.00123
802 -0.337 0.00305 0.00499
803 -0.344 -0.00875 -0.00258
804 -0.346 0.00601 -0.000257
805 -0.342 -0.00237 0.00363
806 -0.335 0.00577 0.00668
807 -0.342 0.00974 -0.00737
808 -0.35 0.00682 -0.011
809 -0.345 0.0162 -0.00989
810 -0.344 0.0217 -0.0039
811 -0.355 0.00949 -0.00785
812 -0.344 0.000579 0.00443
813 -0.343 0.000342 -0.00318
814 -0.36 -0.0036 0.000329
815 -0.346 -0.00973 0.00574
816 -0.339 -0.00667 0.00955
817 -0.331 0.0016 0.0142
818 -0.346 0.0156 0.00406
819 -0.343 0.00625 0.00635
820 -0.357 0.0101 0.00146
821 -0.352 0.000918 0.00939
822 -0.352 0.00351 0.0109
823 -0.346 0.00931 0.00911
824 -0.337 0.0116 -0.00205
825 -0.341 0.0198 -0.0223
826 -0.34 0.0166 -0.0142
827 -0.354 0.0051 -0.0129
828 -0.356 0.00918 -0.00494
829 -0.352 0.0101 -0.00711
830 -0.368 0.0183 -0.00316
831 -0.361 0.00935 -0.000129
832 -0.344 0.0226 -0.00425
833 -0.367 0.0183 0.00868
834 -0.349 0.0281 -0.00594
835 -0.343 0.0199 -0.00553
836 -0.357 0.0131 -0.0127
837 -0.348 0.00829 -0.0185
838 -0.335 0.00276 -0.00186
839 -0.338 0.011 -0.0134
840 -0.351 -0.00425 0.00567
841 -0.331 -0.00203 0.00596
842 -0.328 -0.0102 0.00289
843 -0.33 -0.00268 -0.00632
844 -0.35 -0.0122 0.0108
845 -0.341 -0.000744 0.0171
846 -0.342 -0.0125 0.00244
847 -0.347 -0.01 0.00712
848 -0.354 -0.0174 0.0195
849 -0.343 -0.0117 0.0138
850 -0.342 -0.00483 0.00363
851 -0.353 -0.00476 0.00866
852 -0.359 -0.00886 -0.00576
853 -0.335 -0.0123 -0.0173
854 -0.339 -0.0148 -0.00543
855 -0.352 -0.00921 -0.00332
856 -0.343 0.00805 -0.00222
857 -0.356 -0.00144 -0.0104
858 -0.354 -0.00774 -0.00838
859 -0.354 -0.0121 -0.00844
860 -0.356 -0.00403 -0.0119
861 -0.368 -0.0126 -0.0122
862 -0.339 -0.00148 -0.0105
863 -0.342 0.00801 -0.01
864 -0.328 0.000998 -0.00796
865 -0.343 0.0143 0.000451
866 -0.345 0.0178 -0.0122
867 -0.347 0.0013 -0.018
868 -0.325 -0.00772 -0.0116
869 -0.337 0.00636 -8.62e-05
870 -0.342 0.0109 -0.00809
871 -0.335 0.0269 -0.0124
872 -0.347 0.0119 -0.0125
873 -0.348 0.00852 -0.0136
874 -0.346 -0.00737 0.00327
875 -0.353 -0.0087 0.0148
876 -0.33 -0.0157 0.0122
877 -0.349 -0.017 0.0115
878 -0.371 -0.0014 0.00235
879 -0.353 0.00169 0.00862
880 -0.346 -0.000212 0.00358
881 -0.337 -0.00492 0.0016
882 -0.334 -0.00308 0.000861
883 -0.328 0.00091 -0.0113
884 -0.337 0.00156 -0.00649
885 -0.335 -0.00706 0.00238
886 -0.321 -0.00228 -0.0112
887 -0.322 0.00447 -0.00487
888 -0.34 0.00208 -0.0187
889 -0.323 0.00286 -0.00696
890 -0.343 -0.00711 0.00217
891 -0.35 0.00135 0.00778
892 -0.337 -0.000654 0.00126
893 -0.348 -0.0135 -0.00653
894 -0.335 -0.0162 -0.00703
895 -0.337 -0.0185 0.00544
896 -0.355 -0.0111 -0.000614
897 -0.357 -0.00815 -0.0103
898 -0.341 -0.00708 -0.00875
899 -0.357 0.00335 -0.0158
900 -0.346 0.00523 -0.00114
901 -0.336 0.0143 0.00337
902 -0.339 0.0108 -0.000894
903 -0.339 0.0107 0.0112
904 -0.336 0.00439 0.0324
905 -0.342 0.00189 0.0104
906 -0.347 0.0107 0.00251
907 -0.343 0.0114 0.00488
908 -0.346 0.0041 0.00127
909 -0.349 -0.000151 0.00818
910 -0.347 9.62e-05 0.00814
911 -0.344 -0.00765 0.0104
912 -0.342 -0.00691 0.00678
913 -0.322 0.00364 0.00567
914 -0.338 0.00307 0.0153
915 -0.339 0.00519 0.0207
916 -0.343 -0.00532 0.0172
917 -0.343 0.000908 0.0282
918 -0.347 0.00975 0.0217
919 -0.35 0.00676 0.0191
920 -0.329 -0.00519 0.000912
921 -0.344 -0.00674 0.00598
922 -0.349 -0.00399 0.00899
923 -0.342 0.000698 -0.000525
924 -0.334 -0.0046 -0.00789
925 -0.311 -0.0112 -0.00447
926 -0.354 -0.00876 0.00107
927 -0.342 -0.00762 -0.000842
928 -0.36 -0.00175 -0.0122
929 -0.354 -0.00102 -0.0046
930 -0.356 -0.00362 -0.0137
931 -0.36 0.0077 -0.00221
932 -0.335 0.0145 -0.00478
933 -0.34 0.0225 0.00596
934 -0.343 0.0206 0.00893
935 -0.348 0.00449 0.0129
936 -0.351 0.00292 -0.00542
937 -0.357 0.0094 -0.00808
938 -0.365 -0.00447 -0.0068
939 -0.357 0.00087 0.00147
940 -0.332 0.00565 0.013
941 -0.342 0.00609 0.0073
942 -0.325 0.00547 0.01
943 -0.334 0.00151 0.00811
944 -0.35 0.000932 0.00671
945 -0.326 -0.00701 -0.0113
946 -0.333 -0.0029 -0.00622
947 -0.341 -0.00311 -0.00218
948 -0.344 0.00269 0.00765
949 -0.338 -0.00227 0.00391
950 -0.35 -0.000155 0.013
951 -0.345 -0.00692 0.00501
952 -0.354 -0.00273 0.0109
953 -0.352 -0.00933 0.0119
954 -0.35 -0.000328 -0.000376
955 -0.343 0.00204 -0.00784
956 -0.345 0.00696 -0.0167
957 -0.345 0.0061 -0.0201
958 -0.352 -0.00312 -0.0171
959 -0.34 -0.00542 -0.00728
960 -0.346 0.00377 0.00258
961 -0.351 -0.00621 -0.00583
962 -0.367 -0.00167 0.00312
963 -0.334 -0.0053 -0.00166
964 -0.352 -0.00358 -0.0102
965 -0.341 -0.00394 -0.011
966 -0.335 -0.000349 -0.0166
967 -0.351 -0.00327 -0.0179
968 -0.357 -0.0043 -0.00203
969 -0.353 -0.00896 5.7e-05
970 -0.358 0.00476 0.00516
971 -0.338 0.000684 -0.00228
972 -0.339 -0.000911 0.0092
973 -0.33 0.00338 0.0044
974 -0.348 0.0273 -0.00151
975 -0.349 0.0369 -0.0196
976 -0.36 0.0245 -0.0138
977 -0.351 0.0139 -0.0109
978 -0.339 0.0125 -0.0131
979 -0.353 0.0105 -0.00821
980 -0.337 0.0123 -0.00107
981 -0.351 0.021 0.00734
982 -0.362 0.00633 0.00974
983 -0.348 0.00679 0.0114
984 -0.351 0.0121 0.00222
985 -0.344 0.00586 -0.00521
986 -0.338 0.00252 0.016
987 -0.339 0.0118 0.0102
988 -0.347 0.0177 0.00798
989 -0.346 0.0133 0.0145
990 -0.361 0.0142 0.011
991 -0.348 0.011 0.0123
992 -0.33 0.00921 -0.000269
993 -0.345 0.0084 0.00589
994 -0.332 0.0133 0.00415
995 -0.336 0.00559 0.0121
996 -0.358 0.0203 0.00709
997 -0.357 0.0123 0.0162
998 -0.339 0.00834 0.0106
999 -0.338 0.0086 0.0124
1000 -0.341 0.0125 0.0123
