***************************************
*           Modello XY                *
*      Simulazione Monte Carlo        *
***************************************

Parametri simulativi:

Lato reticolo:           300
Temperatura:             1
Beta:                    1
J:                       1
Delta:                   1.7
Numero blocchi           1
Lunghezza simulazione:   1000
Fase di termalizzazione: -1



Numero mossa   Energia    Magnetizzazione X    Magnetizzazione Y    Acc. rate
1   -1.65e+05  43.7   8.6e+04   40
2   -1.55e+05  -77.7   8.26e+04   43
3   -1.48e+05  56.8   7.98e+04   45
4   -1.43e+05  233   7.77e+04   47
5   -1.39e+05  230   7.59e+04   47
6   -1.36e+05  499   7.43e+04   48
7   -1.34e+05  433   7.31e+04   48
8   -1.32e+05  390   7.2e+04   49
9   -1.31e+05  338   7.12e+04   49
10   -1.3e+05  179   7.03e+04   49
11   -1.29e+05  87   6.97e+04   49
12   -1.28e+05  -64.4   6.9e+04   50
13   -1.28e+05  -12.2   6.84e+04   50
14   -1.27e+05  112   6.79e+04   50
15   -1.27e+05  115   6.76e+04   50
16   -1.27e+05  -95.9   6.71e+04   50
17   -1.26e+05  -190   6.66e+04   50
18   -1.26e+05  -141   6.62e+04   50
19   -1.25e+05  -238   6.58e+04   50
20   -1.25e+05  -159   6.54e+04   51
21   -1.25e+05  -261   6.5e+04   50
22   -1.25e+05  -297   6.47e+04   50
23   -1.25e+05  -334   6.44e+04   51
24   -1.24e+05  -273   6.4e+04   51
25   -1.24e+05  -278   6.39e+04   50
26   -1.24e+05  -316   6.36e+04   50
27   -1.24e+05  -111   6.33e+04   51
28   -1.24e+05  -184   6.31e+04   51
29   -1.23e+05  -86   6.28e+04   51
30   -1.23e+05  9.63   6.27e+04   51
31   -1.23e+05  -115   6.25e+04   51
32   -1.23e+05  -207   6.23e+04   51
33   -1.23e+05  -221   6.21e+04   51
34   -1.23e+05  -297   6.2e+04   51
35   -1.23e+05  -375   6.19e+04   51
36   -1.23e+05  -465   6.17e+04   50
37   -1.23e+05  -505   6.16e+04   51
38   -1.23e+05  -238   6.13e+04   51
39   -1.23e+05  -375   6.11e+04   51
40   -1.23e+05  -238   6.1e+04   51
41   -1.23e+05  -156   6.07e+04   50
42   -1.22e+05  51.1   6.05e+04   50
43   -1.22e+05  409   6.04e+04   51
44   -1.22e+05  220   6.04e+04   51
45   -1.23e+05  376   6.04e+04   51
46   -1.23e+05  267   6.03e+04   51
47   -1.23e+05  250   6.02e+04   51
48   -1.23e+05  -47.8   6.02e+04   51
49   -1.22e+05  -230   5.99e+04   51
50   -1.22e+05  -164   5.97e+04   51
51   -1.22e+05  -147   5.95e+04   51
52   -1.22e+05  -115   5.93e+04   50
53   -1.21e+05  -405   5.91e+04   51
54   -1.22e+05  -433   5.9e+04   51
55   -1.22e+05  -492   5.9e+04   51
56   -1.21e+05  -238   5.89e+04   51
57   -1.22e+05  -312   5.88e+04   51
58   -1.22e+05  -439   5.88e+04   51
59   -1.22e+05  -481   5.88e+04   51
60   -1.22e+05  -555   5.87e+04   51
61   -1.22e+05  -530   5.86e+04   51
62   -1.21e+05  -614   5.85e+04   51
63   -1.22e+05  -587   5.85e+04   51
64   -1.21e+05  -468   5.85e+04   51
65   -1.21e+05  -453   5.82e+04   51
66   -1.22e+05  -395   5.82e+04   51
67   -1.22e+05  -32.7   5.8e+04   51
68   -1.22e+05  78.2   5.79e+04   51
69   -1.22e+05  136   5.78e+04   51
70   -1.22e+05  90.7   5.77e+04   51
71   -1.21e+05  188   5.76e+04   51
72   -1.21e+05  225   5.75e+04   51
73   -1.21e+05  30.6   5.75e+04   51
74   -1.21e+05  -3.1   5.75e+04   51
75   -1.22e+05  111   5.75e+04   51
76   -1.21e+05  243   5.73e+04   51
77   -1.21e+05  201   5.71e+04   51
78   -1.21e+05  199   5.7e+04   51
79   -1.21e+05  125   5.7e+04   51
80   -1.21e+05  21.7   5.69e+04   51
81   -1.21e+05  10.8   5.66e+04   51
82   -1.21e+05  92.6   5.65e+04   51
83   -1.21e+05  -143   5.64e+04   51
84   -1.21e+05  39.6   5.63e+04   51
85   -1.2e+05  -85   5.62e+04   51
86   -1.21e+05  -205   5.63e+04   51
87   -1.21e+05  -321   5.63e+04   51
88   -1.21e+05  -286   5.64e+04   51
89   -1.21e+05  -237   5.64e+04   51
90   -1.21e+05  -113   5.62e+04   51
91   -1.21e+05  -195   5.61e+04   51
92   -1.21e+05  -228   5.6e+04   51
93   -1.21e+05  -281   5.6e+04   51
94   -1.21e+05  -267   5.59e+04   51
95   -1.21e+05  -402   5.6e+04   51
96   -1.21e+05  -425   5.59e+04   51
97   -1.21e+05  -424   5.58e+04   51
98   -1.21e+05  -414   5.57e+04   51
99   -1.21e+05  -179   5.59e+04   51
100   -1.21e+05  -224   5.61e+04   51
101   -1.21e+05  -222   5.6e+04   51
102   -1.21e+05  -154   5.61e+04   51
103   -1.2e+05  -168   5.59e+04   51
104   -1.21e+05  -162   5.59e+04   51
105   -1.21e+05  -345   5.58e+04   51
106   -1.21e+05  -449   5.58e+04   51
107   -1.21e+05  -405   5.58e+04   51
108   -1.21e+05  -345   5.56e+04   51
109   -1.21e+05  -221   5.54e+04   51
110   -1.21e+05  -220   5.53e+04   51
111   -1.21e+05  -67.1   5.52e+04   51
112   -1.21e+05  -325   5.52e+04   51
113   -1.21e+05  -377   5.52e+04   51
114   -1.2e+05  -640   5.51e+04   51
115   -1.2e+05  -620   5.5e+04   51
116   -1.2e+05  -805   5.49e+04   51
117   -1.21e+05  -784   5.5e+04   51
118   -1.21e+05  -813   5.49e+04   51
119   -1.21e+05  -702   5.46e+04   51
120   -1.21e+05  -626   5.45e+04   51
121   -1.21e+05  -769   5.45e+04   51
122   -1.21e+05  -619   5.46e+04   51
123   -1.21e+05  -669   5.45e+04   51
124   -1.21e+05  -872   5.44e+04   51
125   -1.2e+05  -732   5.43e+04   51
126   -1.2e+05  -449   5.42e+04   51
127   -1.2e+05  -437   5.41e+04   51
128   -1.2e+05  -420   5.4e+04   51
129   -1.2e+05  -455   5.38e+04   51
130   -1.2e+05  -460   5.37e+04   51
131   -1.2e+05  -391   5.38e+04   51
132   -1.2e+05  -309   5.38e+04   51
133   -1.2e+05  -424   5.37e+04   51
134   -1.2e+05  -677   5.38e+04   51
135   -1.2e+05  -742   5.37e+04   51
136   -1.2e+05  -699   5.36e+04   51
137   -1.2e+05  -607   5.36e+04   51
138   -1.2e+05  -612   5.35e+04   51
139   -1.2e+05  -637   5.34e+04   51
140   -1.2e+05  -584   5.32e+04   51
141   -1.2e+05  -397   5.31e+04   51
142   -1.2e+05  -625   5.3e+04   51
143   -1.2e+05  -620   5.3e+04   51
144   -1.2e+05  -826   5.3e+04   51
145   -1.2e+05  -815   5.28e+04   51
146   -1.2e+05  -752   5.28e+04   51
147   -1.2e+05  -708   5.27e+04   51
148   -1.2e+05  -780   5.27e+04   51
149   -1.2e+05  -587   5.27e+04   51
150   -1.2e+05  -549   5.27e+04   52
151   -1.2e+05  -484   5.25e+04   51
152   -1.2e+05  -627   5.25e+04   51
153   -1.2e+05  -780   5.26e+04   51
154   -1.2e+05  -744   5.25e+04   51
155   -1.2e+05  -608   5.25e+04   51
156   -1.2e+05  -610   5.26e+04   51
157   -1.19e+05  -465   5.25e+04   51
158   -1.2e+05  -316   5.23e+04   51
159   -1.19e+05  -282   5.22e+04   52
160   -1.19e+05  -207   5.22e+04   51
161   -1.2e+05  -61   5.22e+04   51
162   -1.2e+05  -120   5.23e+04   52
163   -1.2e+05  -308   5.24e+04   51
164   -1.2e+05  -391   5.23e+04   51
165   -1.2e+05  -318   5.21e+04   51
166   -1.2e+05  -242   5.22e+04   51
167   -1.2e+05  74.2   5.21e+04   51
168   -1.2e+05  231   5.22e+04   51
169   -1.2e+05  569   5.22e+04   51
170   -1.2e+05  516   5.2e+04   51
171   -1.2e+05  746   5.21e+04   51
172   -1.2e+05  741   5.22e+04   51
173   -1.2e+05  765   5.2e+04   52
174   -1.2e+05  654   5.2e+04   51
175   -1.2e+05  609   5.2e+04   51
176   -1.2e+05  653   5.18e+04   51
177   -1.2e+05  856   5.19e+04   51
178   -1.2e+05  1.03e+03   5.19e+04   52
179   -1.2e+05  966   5.17e+04   51
180   -1.2e+05  755   5.15e+04   51
181   -1.2e+05  510   5.16e+04   51
182   -1.2e+05  366   5.16e+04   51
183   -1.19e+05  473   5.15e+04   51
184   -1.19e+05  491   5.14e+04   51
185   -1.2e+05  307   5.14e+04   51
186   -1.2e+05  152   5.15e+04   51
187   -1.2e+05  84.4   5.17e+04   51
188   -1.2e+05  128   5.16e+04   51
189   -1.2e+05  337   5.15e+04   51
190   -1.2e+05  199   5.14e+04   51
191   -1.2e+05  72.3   5.15e+04   51
192   -1.2e+05  160   5.15e+04   51
193   -1.2e+05  94.2   5.16e+04   51
194   -1.21e+05  107   5.16e+04   51
195   -1.21e+05  55.5   5.14e+04   51
196   -1.2e+05  -25.1   5.12e+04   51
197   -1.2e+05  -123   5.12e+04   51
198   -1.2e+05  -242   5.12e+04   51
199   -1.2e+05  -357   5.12e+04   51
200   -1.2e+05  -511   5.13e+04   51
201   -1.2e+05  -450   5.14e+04   51
202   -1.2e+05  -371   5.14e+04   51
203   -1.2e+05  -227   5.14e+04   51
204   -1.2e+05  -256   5.13e+04   51
205   -1.2e+05  -270   5.13e+04   51
206   -1.2e+05  -306   5.14e+04   51
207   -1.2e+05  -439   5.14e+04   51
208   -1.2e+05  -603   5.13e+04   51
209   -1.2e+05  -784   5.12e+04   51
210   -1.2e+05  -866   5.12e+04   51
211   -1.2e+05  -917   5.13e+04   51
212   -1.2e+05  -957   5.12e+04   51
213   -1.2e+05  -1.05e+03   5.11e+04   51
214   -1.2e+05  -1.24e+03   5.11e+04   51
215   -1.2e+05  -1.67e+03   5.12e+04   51
216   -1.21e+05  -1.82e+03   5.12e+04   51
217   -1.2e+05  -1.75e+03   5.1e+04   51
218   -1.2e+05  -1.93e+03   5.09e+04   51
219   -1.2e+05  -1.88e+03   5.08e+04   51
220   -1.21e+05  -1.79e+03   5.08e+04   51
221   -1.2e+05  -2.01e+03   5.07e+04   51
222   -1.2e+05  -2.1e+03   5.07e+04   51
223   -1.2e+05  -2.02e+03   5.07e+04   51
224   -1.2e+05  -1.99e+03   5.06e+04   51
225   -1.2e+05  -1.86e+03   5.04e+04   51
226   -1.2e+05  -1.85e+03   5.05e+04   51
227   -1.2e+05  -1.8e+03   5.05e+04   51
228   -1.2e+05  -1.76e+03   5.06e+04   51
229   -1.2e+05  -1.66e+03   5.07e+04   51
230   -1.2e+05  -1.61e+03   5.07e+04   51
231   -1.2e+05  -1.54e+03   5.07e+04   51
232   -1.2e+05  -1.55e+03   5.08e+04   51
233   -1.2e+05  -1.59e+03   5.08e+04   51
234   -1.19e+05  -1.52e+03   5.05e+04   51
235   -1.2e+05  -1.44e+03   5.05e+04   52
236   -1.19e+05  -1.36e+03   5.05e+04   51
237   -1.2e+05  -1.24e+03   5.05e+04   52
238   -1.2e+05  -1.29e+03   5.06e+04   51
239   -1.2e+05  -1.13e+03   5.07e+04   51
240   -1.2e+05  -936   5.08e+04   51
241   -1.2e+05  -1.01e+03   5.09e+04   51
242   -1.21e+05  -1.08e+03   5.1e+04   51
243   -1.21e+05  -1.15e+03   5.1e+04   51
244   -1.2e+05  -1.08e+03   5.09e+04   51
245   -1.2e+05  -1.22e+03   5.09e+04   51
246   -1.2e+05  -1.12e+03   5.09e+04   51
247   -1.2e+05  -1.25e+03   5.08e+04   51
248   -1.2e+05  -1.34e+03   5.1e+04   51
249   -1.2e+05  -1.36e+03   5.1e+04   51
250   -1.2e+05  -1.44e+03   5.08e+04   51
251   -1.2e+05  -1.42e+03   5.08e+04   51
252   -1.2e+05  -1.39e+03   5.07e+04   51
253   -1.2e+05  -1.43e+03   5.08e+04   51
254   -1.2e+05  -1.43e+03   5.08e+04   52
255   -1.2e+05  -1.29e+03   5.08e+04   51
256   -1.2e+05  -1.44e+03   5.1e+04   51
257   -1.2e+05  -1.56e+03   5.09e+04   51
258   -1.2e+05  -1.44e+03   5.08e+04   51
259   -1.2e+05  -1.47e+03   5.08e+04   51
260   -1.2e+05  -1.41e+03   5.08e+04   51
261   -1.2e+05  -1.58e+03   5.07e+04   51
262   -1.2e+05  -1.69e+03   5.07e+04   51
263   -1.2e+05  -1.7e+03   5.08e+04   51
264   -1.2e+05  -1.67e+03   5.08e+04   51
265   -1.2e+05  -1.83e+03   5.07e+04   51
266   -1.2e+05  -1.77e+03   5.07e+04   51
267   -1.2e+05  -1.8e+03   5.06e+04   51
268   -1.2e+05  -1.77e+03   5.07e+04   51
269   -1.2e+05  -1.68e+03   5.07e+04   51
270   -1.2e+05  -1.76e+03   5.06e+04   51
271   -1.2e+05  -1.82e+03   5.06e+04   51
272   -1.2e+05  -1.69e+03   5.04e+04   51
273   -1.2e+05  -1.78e+03   5.05e+04   51
274   -1.2e+05  -1.83e+03   5.02e+04   51
275   -1.2e+05  -1.85e+03   5.01e+04   51
276   -1.2e+05  -1.83e+03   5.01e+04   51
277   -1.2e+05  -1.73e+03   5.02e+04   51
278   -1.2e+05  -1.55e+03   5.02e+04   51
279   -1.2e+05  -1.41e+03   5.04e+04   51
280   -1.2e+05  -1.61e+03   5.03e+04   51
281   -1.2e+05  -1.65e+03   5.04e+04   51
282   -1.2e+05  -1.63e+03   5.04e+04   51
283   -1.2e+05  -1.68e+03   5.04e+04   51
284   -1.2e+05  -1.77e+03   5.03e+04   51
285   -1.2e+05  -1.71e+03   5.02e+04   51
286   -1.2e+05  -1.63e+03   5.01e+04   51
287   -1.2e+05  -1.84e+03   5.01e+04   51
288   -1.2e+05  -1.86e+03   5.02e+04   51
289   -1.2e+05  -2.02e+03   5.01e+04   51
290   -1.19e+05  -2.14e+03   4.98e+04   51
291   -1.19e+05  -2.02e+03   4.97e+04   52
292   -1.19e+05  -1.96e+03   4.97e+04   51
293   -1.19e+05  -1.89e+03   4.98e+04   51
294   -1.19e+05  -1.93e+03   4.97e+04   52
295   -1.2e+05  -1.8e+03   4.97e+04   51
296   -1.19e+05  -1.83e+03   4.97e+04   51
297   -1.19e+05  -1.94e+03   4.97e+04   51
298   -1.2e+05  -1.82e+03   4.98e+04   51
299   -1.2e+05  -1.71e+03   4.96e+04   51
300   -1.2e+05  -1.81e+03   4.96e+04   52
301   -1.2e+05  -1.8e+03   4.97e+04   52
302   -1.2e+05  -1.68e+03   4.98e+04   51
303   -1.2e+05  -1.64e+03   4.98e+04   51
304   -1.2e+05  -1.72e+03   4.98e+04   51
305   -1.2e+05  -1.91e+03   4.96e+04   51
306   -1.2e+05  -1.95e+03   4.95e+04   51
307   -1.2e+05  -1.97e+03   4.97e+04   51
308   -1.2e+05  -1.92e+03   4.96e+04   51
309   -1.2e+05  -2.07e+03   4.97e+04   51
310   -1.19e+05  -2.14e+03   4.97e+04   51
311   -1.19e+05  -2.02e+03   4.97e+04   51
312   -1.2e+05  -2.05e+03   4.97e+04   51
313   -1.2e+05  -1.95e+03   4.98e+04   51
314   -1.2e+05  -1.91e+03   4.99e+04   51
315   -1.2e+05  -1.74e+03   4.98e+04   52
316   -1.2e+05  -1.51e+03   4.96e+04   51
317   -1.2e+05  -1.45e+03   4.96e+04   51
318   -1.2e+05  -1.65e+03   4.94e+04   51
319   -1.2e+05  -1.78e+03   4.94e+04   51
320   -1.2e+05  -1.68e+03   4.93e+04   51
321   -1.2e+05  -1.89e+03   4.92e+04   51
322   -1.2e+05  -1.92e+03   4.94e+04   51
323   -1.2e+05  -2e+03   4.94e+04   51
324   -1.2e+05  -1.9e+03   4.95e+04   52
325   -1.2e+05  -1.92e+03   4.94e+04   51
326   -1.2e+05  -1.99e+03   4.95e+04   51
327   -1.2e+05  -1.71e+03   4.95e+04   51
328   -1.2e+05  -1.69e+03   4.94e+04   52
329   -1.2e+05  -1.65e+03   4.95e+04   51
330   -1.2e+05  -1.57e+03   4.95e+04   51
331   -1.2e+05  -1.46e+03   4.94e+04   51
332   -1.2e+05  -1.66e+03   4.94e+04   51
333   -1.2e+05  -1.84e+03   4.95e+04   51
334   -1.2e+05  -1.9e+03   4.95e+04   51
335   -1.2e+05  -1.81e+03   4.95e+04   51
336   -1.2e+05  -1.8e+03   4.95e+04   51
337   -1.2e+05  -1.75e+03   4.93e+04   51
338   -1.2e+05  -1.95e+03   4.94e+04   51
339   -1.2e+05  -1.99e+03   4.94e+04   51
340   -1.2e+05  -1.99e+03   4.93e+04   51
341   -1.2e+05  -2e+03   4.93e+04   51
342   -1.2e+05  -2.25e+03   4.93e+04   51
343   -1.2e+05  -2.18e+03   4.91e+04   51
344   -1.2e+05  -2.34e+03   4.89e+04   51
345   -1.2e+05  -2.44e+03   4.9e+04   51
346   -1.2e+05  -2.58e+03   4.92e+04   51
347   -1.2e+05  -2.65e+03   4.89e+04   51
348   -1.2e+05  -2.73e+03   4.9e+04   51
349   -1.2e+05  -2.63e+03   4.9e+04   51
350   -1.2e+05  -2.44e+03   4.92e+04   51
351   -1.2e+05  -2.37e+03   4.92e+04   51
352   -1.2e+05  -2.41e+03   4.92e+04   51
353   -1.2e+05  -2.43e+03   4.92e+04   51
354   -1.2e+05  -2.32e+03   4.92e+04   51
355   -1.2e+05  -2.55e+03   4.93e+04   51
356   -1.2e+05  -2.59e+03   4.92e+04   51
357   -1.2e+05  -2.45e+03   4.91e+04   51
358   -1.2e+05  -2.42e+03   4.92e+04   51
359   -1.2e+05  -2.23e+03   4.9e+04   51
360   -1.2e+05  -2.11e+03   4.9e+04   51
361   -1.2e+05  -2.11e+03   4.89e+04   51
362   -1.2e+05  -2.02e+03   4.89e+04   51
363   -1.2e+05  -1.89e+03   4.9e+04   51
364   -1.2e+05  -1.93e+03   4.9e+04   51
365   -1.2e+05  -1.91e+03   4.89e+04   51
366   -1.2e+05  -1.8e+03   4.89e+04   51
367   -1.2e+05  -1.9e+03   4.89e+04   51
368   -1.2e+05  -1.99e+03   4.89e+04   51
369   -1.19e+05  -2.05e+03   4.88e+04   51
370   -1.2e+05  -1.98e+03   4.88e+04   51
371   -1.2e+05  -1.97e+03   4.88e+04   51
372   -1.2e+05  -1.93e+03   4.88e+04   51
373   -1.2e+05  -2.03e+03   4.86e+04   51
374   -1.2e+05  -2.16e+03   4.86e+04   51
375   -1.2e+05  -2.05e+03   4.85e+04   51
376   -1.2e+05  -2.19e+03   4.85e+04   51
377   -1.2e+05  -2.24e+03   4.85e+04   51
378   -1.2e+05  -2.24e+03   4.84e+04   51
379   -1.2e+05  -2.22e+03   4.83e+04   51
380   -1.2e+05  -2.17e+03   4.84e+04   51
381   -1.19e+05  -2.28e+03   4.83e+04   51
382   -1.19e+05  -2.24e+03   4.81e+04   52
383   -1.19e+05  -2.47e+03   4.82e+04   51
384   -1.19e+05  -2.49e+03   4.8e+04   51
385   -1.2e+05  -2.47e+03   4.81e+04   51
386   -1.19e+05  -2.4e+03   4.8e+04   51
387   -1.19e+05  -2.27e+03   4.8e+04   51
388   -1.19e+05  -2e+03   4.78e+04   51
389   -1.19e+05  -2e+03   4.77e+04   51
390   -1.19e+05  -1.93e+03   4.77e+04   52
391   -1.19e+05  -2.18e+03   4.78e+04   51
392   -1.19e+05  -2.26e+03   4.77e+04   51
393   -1.19e+05  -2.12e+03   4.76e+04   52
394   -1.19e+05  -2.25e+03   4.76e+04   51
395   -1.2e+05  -2.09e+03   4.75e+04   51
396   -1.19e+05  -2.16e+03   4.76e+04   51
397   -1.19e+05  -2.16e+03   4.76e+04   51
398   -1.2e+05  -2.1e+03   4.75e+04   51
399   -1.19e+05  -2.23e+03   4.74e+04   51
400   -1.19e+05  -2.34e+03   4.74e+04   51
401   -1.19e+05  -2.23e+03   4.73e+04   51
402   -1.2e+05  -2.14e+03   4.75e+04   51
403   -1.2e+05  -1.97e+03   4.75e+04   52
404   -1.2e+05  -1.94e+03   4.75e+04   51
405   -1.2e+05  -1.91e+03   4.77e+04   51
406   -1.2e+05  -1.9e+03   4.77e+04   51
407   -1.2e+05  -1.8e+03   4.76e+04   51
408   -1.2e+05  -1.82e+03   4.75e+04   51
409   -1.2e+05  -1.98e+03   4.76e+04   51
410   -1.2e+05  -1.82e+03   4.77e+04   51
411   -1.2e+05  -1.63e+03   4.77e+04   51
412   -1.19e+05  -1.57e+03   4.76e+04   51
413   -1.19e+05  -1.49e+03   4.77e+04   51
414   -1.19e+05  -1.55e+03   4.77e+04   51
415   -1.19e+05  -1.41e+03   4.76e+04   51
416   -1.19e+05  -1.55e+03   4.76e+04   51
417   -1.19e+05  -1.54e+03   4.75e+04   51
418   -1.19e+05  -1.45e+03   4.76e+04   51
419   -1.19e+05  -1.39e+03   4.76e+04   51
420   -1.19e+05  -1.26e+03   4.75e+04   51
421   -1.19e+05  -1.21e+03   4.76e+04   51
422   -1.19e+05  -1.24e+03   4.75e+04   51
423   -1.19e+05  -1.19e+03   4.76e+04   51
424   -1.19e+05  -1.29e+03   4.75e+04   51
425   -1.19e+05  -1.45e+03   4.75e+04   51
426   -1.19e+05  -1.38e+03   4.74e+04   52
427   -1.19e+05  -1.34e+03   4.76e+04   51
428   -1.19e+05  -1.2e+03   4.75e+04   51
429   -1.19e+05  -1.3e+03   4.74e+04   52
430   -1.19e+05  -1.15e+03   4.72e+04   51
431   -1.19e+05  -1.16e+03   4.71e+04   52
432   -1.19e+05  -1.23e+03   4.71e+04   51
433   -1.19e+05  -1.08e+03   4.71e+04   51
434   -1.19e+05  -940   4.72e+04   52
435   -1.19e+05  -1.15e+03   4.72e+04   51
436   -1.19e+05  -1.12e+03   4.72e+04   52
437   -1.19e+05  -1.09e+03   4.71e+04   51
438   -1.2e+05  -1.12e+03   4.72e+04   51
439   -1.2e+05  -1.14e+03   4.72e+04   51
440   -1.2e+05  -1.29e+03   4.69e+04   51
441   -1.2e+05  -1.2e+03   4.68e+04   51
442   -1.19e+05  -1.24e+03   4.68e+04   52
443   -1.2e+05  -1.37e+03   4.67e+04   52
444   -1.2e+05  -1.29e+03   4.68e+04   51
445   -1.2e+05  -1.12e+03   4.68e+04   51
446   -1.19e+05  -1.22e+03   4.67e+04   51
447   -1.19e+05  -1.15e+03   4.68e+04   51
448   -1.2e+05  -1.17e+03   4.69e+04   51
449   -1.2e+05  -1.1e+03   4.69e+04   51
450   -1.19e+05  -1.06e+03   4.68e+04   51
451   -1.19e+05  -967   4.68e+04   52
452   -1.19e+05  -1.12e+03   4.7e+04   51
453   -1.19e+05  -1.06e+03   4.7e+04   51
454   -1.19e+05  -921   4.68e+04   51
455   -1.2e+05  -993   4.7e+04   51
456   -1.2e+05  -962   4.69e+04   51
457   -1.2e+05  -1.07e+03   4.7e+04   51
458   -1.19e+05  -1.31e+03   4.69e+04   52
459   -1.19e+05  -1.24e+03   4.69e+04   52
460   -1.19e+05  -1.18e+03   4.69e+04   52
461   -1.2e+05  -1.19e+03   4.69e+04   51
462   -1.2e+05  -1.17e+03   4.68e+04   51
463   -1.19e+05  -964   4.7e+04   51
464   -1.19e+05  -1.19e+03   4.7e+04   51
465   -1.19e+05  -1.15e+03   4.69e+04   51
466   -1.19e+05  -904   4.69e+04   51
467   -1.19e+05  -830   4.7e+04   52
468   -1.2e+05  -691   4.69e+04   51
469   -1.2e+05  -735   4.67e+04   51
470   -1.2e+05  -919   4.67e+04   51
471   -1.2e+05  -931   4.66e+04   51
472   -1.2e+05  -925   4.65e+04   51
473   -1.2e+05  -823   4.64e+04   51
474   -1.2e+05  -1.01e+03   4.63e+04   51
475   -1.2e+05  -1.06e+03   4.62e+04   51
476   -1.2e+05  -1.28e+03   4.65e+04   51
477   -1.2e+05  -1.19e+03   4.65e+04   51
478   -1.2e+05  -1.1e+03   4.63e+04   51
479   -1.2e+05  -1.22e+03   4.65e+04   51
480   -1.2e+05  -1.07e+03   4.65e+04   51
481   -1.2e+05  -1.15e+03   4.64e+04   51
482   -1.2e+05  -1.2e+03   4.65e+04   51
483   -1.2e+05  -1.23e+03   4.66e+04   52
484   -1.2e+05  -1.21e+03   4.67e+04   51
485   -1.2e+05  -1.08e+03   4.67e+04   51
486   -1.2e+05  -1.18e+03   4.67e+04   51
487   -1.2e+05  -1.16e+03   4.65e+04   51
488   -1.2e+05  -1.04e+03   4.65e+04   51
489   -1.2e+05  -1.03e+03   4.64e+04   51
490   -1.2e+05  -1.3e+03   4.64e+04   52
491   -1.2e+05  -1.22e+03   4.64e+04   51
492   -1.2e+05  -1.23e+03   4.65e+04   51
493   -1.2e+05  -1.09e+03   4.63e+04   51
494   -1.2e+05  -1.29e+03   4.62e+04   51
495   -1.2e+05  -1.18e+03   4.6e+04   51
496   -1.2e+05  -1.24e+03   4.6e+04   51
497   -1.2e+05  -1.13e+03   4.61e+04   51
498   -1.2e+05  -1.14e+03   4.61e+04   51
499   -1.2e+05  -1.18e+03   4.61e+04   51
500   -1.2e+05  -1.27e+03   4.62e+04   51
501   -1.2e+05  -1.28e+03   4.6e+04   51
502   -1.2e+05  -1.24e+03   4.6e+04   51
503   -1.2e+05  -1.24e+03   4.59e+04   51
504   -1.2e+05  -1.2e+03   4.61e+04   51
505   -1.2e+05  -1.52e+03   4.6e+04   52
506   -1.19e+05  -1.46e+03   4.61e+04   51
507   -1.19e+05  -1.46e+03   4.59e+04   51
508   -1.2e+05  -1.63e+03   4.59e+04   51
509   -1.2e+05  -1.59e+03   4.59e+04   51
510   -1.2e+05  -1.59e+03   4.6e+04   51
511   -1.2e+05  -1.59e+03   4.6e+04   51
512   -1.19e+05  -1.63e+03   4.59e+04   51
513   -1.19e+05  -1.57e+03   4.59e+04   51
514   -1.19e+05  -1.54e+03   4.59e+04   52
515   -1.19e+05  -1.59e+03   4.58e+04   51
516   -1.19e+05  -1.42e+03   4.57e+04   51
517   -1.2e+05  -1.51e+03   4.57e+04   51
518   -1.19e+05  -1.48e+03   4.57e+04   51
519   -1.2e+05  -1.48e+03   4.56e+04   51
520   -1.19e+05  -1.44e+03   4.56e+04   51
521   -1.19e+05  -1.4e+03   4.56e+04   51
522   -1.19e+05  -1.49e+03   4.56e+04   51
523   -1.19e+05  -1.41e+03   4.55e+04   51
524   -1.19e+05  -1.38e+03   4.54e+04   51
525   -1.19e+05  -1.34e+03   4.53e+04   51
526   -1.19e+05  -1.14e+03   4.53e+04   51
527   -1.19e+05  -1.24e+03   4.53e+04   51
528   -1.19e+05  -1.43e+03   4.54e+04   52
529   -1.19e+05  -1.39e+03   4.54e+04   52
530   -1.19e+05  -1.31e+03   4.55e+04   51
531   -1.19e+05  -1.22e+03   4.55e+04   51
532   -1.19e+05  -1.31e+03   4.55e+04   51
533   -1.19e+05  -1.47e+03   4.55e+04   51
534   -1.2e+05  -1.74e+03   4.55e+04   51
535   -1.2e+05  -1.72e+03   4.56e+04   51
536   -1.2e+05  -1.63e+03   4.55e+04   51
537   -1.2e+05  -1.55e+03   4.56e+04   51
538   -1.2e+05  -1.36e+03   4.57e+04   51
539   -1.19e+05  -1.42e+03   4.57e+04   51
540   -1.19e+05  -1.3e+03   4.57e+04   51
541   -1.19e+05  -1.27e+03   4.56e+04   51
542   -1.19e+05  -1.2e+03   4.56e+04   51
543   -1.19e+05  -1.42e+03   4.54e+04   51
544   -1.19e+05  -1.41e+03   4.55e+04   51
545   -1.19e+05  -1.4e+03   4.55e+04   51
546   -1.2e+05  -1.27e+03   4.56e+04   51
547   -1.2e+05  -1.04e+03   4.56e+04   51
548   -1.2e+05  -1.24e+03   4.55e+04   51
549   -1.2e+05  -1.36e+03   4.55e+04   51
550   -1.2e+05  -1.46e+03   4.55e+04   51
551   -1.2e+05  -1.49e+03   4.56e+04   51
552   -1.2e+05  -1.42e+03   4.57e+04   51
553   -1.2e+05  -1.39e+03   4.56e+04   51
554   -1.2e+05  -1.26e+03   4.55e+04   51
555   -1.2e+05  -1.29e+03   4.53e+04   51
556   -1.2e+05  -1.26e+03   4.52e+04   51
557   -1.2e+05  -1.34e+03   4.52e+04   51
558   -1.19e+05  -1.33e+03   4.53e+04   51
559   -1.19e+05  -1.42e+03   4.52e+04   51
560   -1.19e+05  -1.27e+03   4.5e+04   51
561   -1.19e+05  -1.27e+03   4.5e+04   52
562   -1.2e+05  -1.12e+03   4.5e+04   51
563   -1.19e+05  -1.23e+03   4.49e+04   51
564   -1.19e+05  -1.08e+03   4.5e+04   52
565   -1.19e+05  -1.1e+03   4.5e+04   52
566   -1.19e+05  -1.09e+03   4.5e+04   51
567   -1.19e+05  -1.21e+03   4.49e+04   51
568   -1.19e+05  -1.31e+03   4.5e+04   52
569   -1.19e+05  -1.12e+03   4.47e+04   52
570   -1.19e+05  -1.06e+03   4.48e+04   51
571   -1.19e+05  -936   4.48e+04   51
572   -1.19e+05  -1.04e+03   4.48e+04   51
573   -1.19e+05  -1.07e+03   4.48e+04   52
574   -1.19e+05  -1.1e+03   4.49e+04   51
575   -1.19e+05  -1.24e+03   4.49e+04   51
576   -1.19e+05  -1.18e+03   4.51e+04   51
577   -1.19e+05  -1.19e+03   4.52e+04   51
578   -1.19e+05  -1.14e+03   4.53e+04   51
579   -1.19e+05  -1.09e+03   4.51e+04   51
580   -1.19e+05  -1.16e+03   4.53e+04   52
581   -1.19e+05  -1.11e+03   4.52e+04   52
582   -1.19e+05  -1.09e+03   4.52e+04   52
583   -1.19e+05  -1.08e+03   4.52e+04   51
584   -1.19e+05  -901   4.53e+04   51
585   -1.19e+05  -976   4.52e+04   51
586   -1.19e+05  -944   4.52e+04   51
587   -1.19e+05  -906   4.51e+04   51
588   -1.19e+05  -853   4.51e+04   51
589   -1.19e+05  -744   4.51e+04   51
590   -1.19e+05  -667   4.52e+04   51
591   -1.19e+05  -671   4.53e+04   51
592   -1.2e+05  -610   4.52e+04   51
593   -1.2e+05  -549   4.52e+04   51
594   -1.2e+05  -436   4.52e+04   51
595   -1.19e+05  -473   4.52e+04   51
596   -1.2e+05  -498   4.51e+04   51
597   -1.2e+05  -488   4.51e+04   51
598   -1.2e+05  -513   4.51e+04   51
599   -1.19e+05  -376   4.49e+04   51
600   -1.19e+05  -425   4.5e+04   51
601   -1.19e+05  -470   4.49e+04   51
602   -1.19e+05  -607   4.5e+04   51
603   -1.19e+05  -622   4.52e+04   51
604   -1.2e+05  -662   4.54e+04   52
605   -1.19e+05  -561   4.54e+04   51
606   -1.2e+05  -573   4.54e+04   51
607   -1.2e+05  -638   4.54e+04   51
608   -1.2e+05  -809   4.53e+04   51
609   -1.2e+05  -805   4.54e+04   51
610   -1.2e+05  -932   4.56e+04   51
611   -1.2e+05  -802   4.55e+04   51
612   -1.2e+05  -1.16e+03   4.56e+04   51
613   -1.2e+05  -1.03e+03   4.53e+04   51
614   -1.2e+05  -1.14e+03   4.54e+04   51
615   -1.2e+05  -1.14e+03   4.53e+04   51
616   -1.19e+05  -986   4.53e+04   51
617   -1.19e+05  -1.1e+03   4.54e+04   51
618   -1.19e+05  -1.17e+03   4.52e+04   52
619   -1.19e+05  -1.25e+03   4.52e+04   52
620   -1.19e+05  -1.32e+03   4.52e+04   52
621   -1.19e+05  -1.25e+03   4.51e+04   51
622   -1.19e+05  -1.1e+03   4.52e+04   51
623   -1.19e+05  -933   4.51e+04   51
624   -1.19e+05  -1.05e+03   4.5e+04   51
625   -1.19e+05  -1.03e+03   4.51e+04   51
626   -1.19e+05  -1.09e+03   4.52e+04   52
627   -1.2e+05  -1.05e+03   4.52e+04   51
628   -1.2e+05  -1.18e+03   4.52e+04   51
629   -1.19e+05  -1.16e+03   4.53e+04   51
630   -1.2e+05  -1.07e+03   4.53e+04   52
631   -1.19e+05  -1.06e+03   4.54e+04   52
632   -1.19e+05  -969   4.55e+04   51
633   -1.19e+05  -1.02e+03   4.54e+04   51
634   -1.19e+05  -1.09e+03   4.55e+04   51
635   -1.19e+05  -1.14e+03   4.54e+04   52
636   -1.2e+05  -1.18e+03   4.55e+04   52
637   -1.2e+05  -1.31e+03   4.55e+04   51
638   -1.2e+05  -1.41e+03   4.55e+04   51
639   -1.2e+05  -1.43e+03   4.55e+04   51
640   -1.19e+05  -1.56e+03   4.55e+04   51
641   -1.19e+05  -1.72e+03   4.56e+04   51
642   -1.2e+05  -1.72e+03   4.56e+04   51
643   -1.2e+05  -1.66e+03   4.54e+04   51
644   -1.2e+05  -1.56e+03   4.53e+04   51
645   -1.19e+05  -1.54e+03   4.51e+04   51
646   -1.19e+05  -1.4e+03   4.52e+04   51
647   -1.19e+05  -1.47e+03   4.5e+04   51
648   -1.19e+05  -1.38e+03   4.48e+04   51
649   -1.19e+05  -1.33e+03   4.47e+04   51
650   -1.19e+05  -1.35e+03   4.48e+04   51
651   -1.19e+05  -1.21e+03   4.48e+04   52
652   -1.19e+05  -1.2e+03   4.48e+04   51
653   -1.19e+05  -1.35e+03   4.47e+04   51
654   -1.19e+05  -1.31e+03   4.48e+04   51
655   -1.19e+05  -1.4e+03   4.49e+04   51
656   -1.2e+05  -1.42e+03   4.5e+04   51
657   -1.19e+05  -1.53e+03   4.5e+04   51
658   -1.19e+05  -1.48e+03   4.5e+04   51
659   -1.19e+05  -1.57e+03   4.49e+04   51
660   -1.19e+05  -1.5e+03   4.49e+04   51
661   -1.19e+05  -1.46e+03   4.48e+04   51
662   -1.19e+05  -1.37e+03   4.48e+04   51
663   -1.19e+05  -1.25e+03   4.48e+04   51
664   -1.19e+05  -1.2e+03   4.47e+04   52
665   -1.19e+05  -1.24e+03   4.45e+04   51
666   -1.19e+05  -1.25e+03   4.47e+04   51
667   -1.19e+05  -1.2e+03   4.48e+04   51
668   -1.19e+05  -1.12e+03   4.48e+04   51
669   -1.19e+05  -1.18e+03   4.5e+04   51
670   -1.19e+05  -1.17e+03   4.49e+04   51
671   -1.19e+05  -1.16e+03   4.49e+04   51
672   -1.19e+05  -1.26e+03   4.5e+04   51
673   -1.19e+05  -1.25e+03   4.5e+04   51
674   -1.19e+05  -1.13e+03   4.5e+04   51
675   -1.19e+05  -1.04e+03   4.5e+04   51
676   -1.2e+05  -1.08e+03   4.49e+04   51
677   -1.19e+05  -1.01e+03   4.48e+04   52
678   -1.19e+05  -904   4.46e+04   51
679   -1.19e+05  -882   4.47e+04   51
680   -1.19e+05  -814   4.47e+04   51
681   -1.19e+05  -891   4.47e+04   51
682   -1.19e+05  -771   4.46e+04   51
683   -1.19e+05  -734   4.48e+04   51
684   -1.19e+05  -746   4.47e+04   51
685   -1.19e+05  -638   4.46e+04   51
686   -1.19e+05  -656   4.47e+04   51
687   -1.19e+05  -604   4.48e+04   51
688   -1.19e+05  -665   4.46e+04   51
689   -1.19e+05  -602   4.48e+04   52
690   -1.19e+05  -796   4.48e+04   51
691   -1.19e+05  -682   4.46e+04   51
692   -1.19e+05  -464   4.45e+04   52
693   -1.19e+05  -422   4.45e+04   51
694   -1.19e+05  -553   4.43e+04   51
695   -1.19e+05  -521   4.42e+04   51
696   -1.19e+05  -216   4.44e+04   51
697   -1.19e+05  -154   4.44e+04   52
698   -1.19e+05  -56.6   4.44e+04   51
699   -1.19e+05  52.9   4.45e+04   51
700   -1.2e+05  187   4.45e+04   51
701   -1.2e+05  145   4.45e+04   51
702   -1.19e+05  262   4.45e+04   51
703   -1.19e+05  486   4.42e+04   51
704   -1.19e+05  541   4.42e+04   51
705   -1.19e+05  424   4.42e+04   52
706   -1.19e+05  357   4.4e+04   51
707   -1.19e+05  266   4.41e+04   51
708   -1.19e+05  313   4.41e+04   52
709   -1.19e+05  331   4.42e+04   51
710   -1.19e+05  263   4.42e+04   51
711   -1.19e+05  260   4.41e+04   51
712   -1.19e+05  134   4.41e+04   51
713   -1.19e+05  157   4.4e+04   51
714   -1.19e+05  62.4   4.4e+04   51
715   -1.19e+05  174   4.41e+04   51
716   -1.19e+05  -31.4   4.4e+04   51
717   -1.2e+05  32.7   4.39e+04   51
718   -1.2e+05  -51.9   4.38e+04   51
719   -1.19e+05  -212   4.38e+04   51
720   -1.2e+05  -132   4.37e+04   52
721   -1.2e+05  -69.9   4.37e+04   51
722   -1.2e+05  25.6   4.38e+04   51
723   -1.2e+05  98.9   4.39e+04   51
724   -1.19e+05  -71.4   4.38e+04   51
725   -1.19e+05  -77.5   4.37e+04   51
726   -1.19e+05  0.419   4.37e+04   51
727   -1.19e+05  121   4.35e+04   51
728   -1.19e+05  34.7   4.34e+04   52
729   -1.19e+05  112   4.36e+04   51
730   -1.19e+05  159   4.36e+04   52
731   -1.19e+05  369   4.35e+04   51
732   -1.19e+05  428   4.34e+04   51
733   -1.19e+05  223   4.34e+04   51
734   -1.19e+05  125   4.33e+04   51
735   -1.19e+05  -68   4.32e+04   52
736   -1.19e+05  1.92   4.33e+04   51
737   -1.2e+05  58   4.34e+04   51
738   -1.2e+05  128   4.35e+04   51
739   -1.2e+05  157   4.35e+04   51
740   -1.2e+05  60.7   4.35e+04   51
741   -1.2e+05  -47.7   4.34e+04   52
742   -1.19e+05  162   4.35e+04   52
743   -1.2e+05  195   4.34e+04   51
744   -1.19e+05  296   4.34e+04   51
745   -1.19e+05  227   4.33e+04   51
746   -1.19e+05  90.1   4.34e+04   51
747   -1.19e+05  181   4.33e+04   51
748   -1.19e+05  445   4.34e+04   51
749   -1.2e+05  433   4.36e+04   51
750   -1.2e+05  434   4.35e+04   51
751   -1.2e+05  388   4.33e+04   51
752   -1.2e+05  383   4.35e+04   51
753   -1.2e+05  395   4.34e+04   51
754   -1.2e+05  387   4.34e+04   51
755   -1.2e+05  210   4.34e+04   51
756   -1.2e+05  133   4.33e+04   51
757   -1.2e+05  150   4.31e+04   51
758   -1.2e+05  195   4.32e+04   51
759   -1.19e+05  278   4.32e+04   51
760   -1.19e+05  119   4.32e+04   52
761   -1.19e+05  116   4.31e+04   52
762   -1.19e+05  225   4.3e+04   51
763   -1.19e+05  266   4.32e+04   52
764   -1.2e+05  252   4.35e+04   51
765   -1.19e+05  183   4.36e+04   51
766   -1.19e+05  127   4.34e+04   51
767   -1.19e+05  99.3   4.35e+04   51
768   -1.19e+05  177   4.35e+04   51
769   -1.19e+05  5.74   4.36e+04   51
770   -1.19e+05  -30.8   4.36e+04   51
771   -1.19e+05  68.4   4.35e+04   52
772   -1.19e+05  47.3   4.34e+04   51
773   -1.19e+05  78.1   4.33e+04   51
774   -1.19e+05  -23.9   4.32e+04   51
775   -1.2e+05  161   4.32e+04   52
776   -1.2e+05  14.9   4.33e+04   52
777   -1.19e+05  -13.3   4.32e+04   52
778   -1.2e+05  19.3   4.33e+04   52
779   -1.2e+05  -4.24   4.33e+04   51
780   -1.2e+05  101   4.33e+04   51
781   -1.2e+05  315   4.34e+04   51
782   -1.2e+05  302   4.32e+04   52
783   -1.2e+05  319   4.32e+04   52
784   -1.19e+05  447   4.32e+04   51
785   -1.2e+05  313   4.32e+04   51
786   -1.2e+05  300   4.33e+04   51
787   -1.19e+05  407   4.32e+04   51
788   -1.2e+05  473   4.32e+04   51
789   -1.2e+05  477   4.33e+04   51
790   -1.2e+05  540   4.32e+04   51
791   -1.2e+05  395   4.33e+04   51
792   -1.2e+05  263   4.34e+04   51
793   -1.19e+05  289   4.33e+04   52
794   -1.2e+05  345   4.32e+04   51
795   -1.2e+05  634   4.33e+04   51
796   -1.19e+05  714   4.32e+04   51
797   -1.19e+05  860   4.31e+04   51
798   -1.19e+05  737   4.3e+04   52
799   -1.19e+05  595   4.31e+04   51
800   -1.19e+05  445   4.3e+04   52
801   -1.2e+05  390   4.31e+04   51
802   -1.19e+05  229   4.28e+04   51
803   -1.19e+05  501   4.28e+04   51
804   -1.19e+05  364   4.27e+04   51
805   -1.19e+05  366   4.26e+04   51
806   -1.19e+05  320   4.26e+04   51
807   -1.19e+05  444   4.28e+04   51
808   -1.19e+05  468   4.28e+04   52
809   -1.19e+05  492   4.29e+04   51
810   -1.19e+05  317   4.29e+04   51
811   -1.2e+05  430   4.29e+04   52
812   -1.19e+05  429   4.27e+04   51
813   -1.19e+05  487   4.26e+04   52
814   -1.19e+05  448   4.26e+04   51
815   -1.2e+05  402   4.28e+04   51
816   -1.19e+05  313   4.26e+04   51
817   -1.19e+05  188   4.26e+04   52
818   -1.2e+05  304   4.26e+04   51
819   -1.2e+05  307   4.27e+04   51
820   -1.2e+05  415   4.27e+04   51
821   -1.2e+05  382   4.29e+04   51
822   -1.19e+05  312   4.28e+04   51
823   -1.19e+05  452   4.28e+04   51
824   -1.19e+05  484   4.27e+04   52
825   -1.19e+05  478   4.28e+04   52
826   -1.19e+05  407   4.28e+04   51
827   -1.19e+05  334   4.28e+04   51
828   -1.19e+05  387   4.26e+04   51
829   -1.19e+05  383   4.25e+04   51
830   -1.19e+05  494   4.27e+04   52
831   -1.19e+05  338   4.27e+04   52
832   -1.19e+05  274   4.27e+04   52
833   -1.19e+05  276   4.29e+04   51
834   -1.19e+05  191   4.3e+04   51
835   -1.19e+05  343   4.31e+04   51
836   -1.19e+05  389   4.29e+04   51
837   -1.19e+05  247   4.32e+04   51
838   -1.19e+05  379   4.3e+04   51
839   -1.18e+05  211   4.3e+04   51
840   -1.18e+05  313   4.3e+04   52
841   -1.18e+05  177   4.31e+04   51
842   -1.19e+05  124   4.3e+04   52
843   -1.18e+05  191   4.3e+04   52
844   -1.18e+05  200   4.3e+04   51
845   -1.18e+05  180   4.3e+04   52
846   -1.18e+05  121   4.31e+04   52
847   -1.18e+05  -49.2   4.3e+04   51
848   -1.18e+05  -129   4.29e+04   52
849   -1.18e+05  131   4.29e+04   52
850   -1.19e+05  -252   4.29e+04   52
851   -1.18e+05  -58.9   4.3e+04   51
852   -1.19e+05  66.2   4.31e+04   52
853   -1.19e+05  132   4.33e+04   52
854   -1.19e+05  103   4.32e+04   52
855   -1.19e+05  137   4.33e+04   51
856   -1.19e+05  114   4.32e+04   51
857   -1.19e+05  135   4.32e+04   51
858   -1.19e+05  -3.57   4.32e+04   51
859   -1.19e+05  -127   4.33e+04   51
860   -1.19e+05  -19.5   4.32e+04   52
861   -1.19e+05  -95.1   4.3e+04   51
862   -1.19e+05  -2.76   4.32e+04   51
863   -1.19e+05  -122   4.33e+04   52
864   -1.19e+05  -0.199   4.3e+04   51
865   -1.19e+05  181   4.3e+04   51
866   -1.19e+05  201   4.28e+04   52
867   -1.19e+05  123   4.29e+04   51
868   -1.19e+05  50.5   4.31e+04   52
869   -1.19e+05  231   4.32e+04   51
870   -1.19e+05  229   4.32e+04   51
871   -1.19e+05  226   4.31e+04   51
872   -1.19e+05  251   4.32e+04   51
873   -1.19e+05  264   4.31e+04   51
874   -1.19e+05  361   4.32e+04   51
875   -1.19e+05  286   4.31e+04   51
876   -1.19e+05  348   4.31e+04   52
877   -1.19e+05  452   4.31e+04   51
878   -1.19e+05  503   4.31e+04   51
879   -1.19e+05  393   4.29e+04   52
880   -1.19e+05  427   4.28e+04   52
881   -1.18e+05  504   4.27e+04   51
882   -1.18e+05  526   4.28e+04   51
883   -1.19e+05  556   4.28e+04   51
884   -1.19e+05  577   4.28e+04   51
885   -1.19e+05  545   4.29e+04   51
886   -1.19e+05  780   4.29e+04   51
887   -1.19e+05  724   4.29e+04   51
888   -1.19e+05  684   4.29e+04   51
889   -1.19e+05  649   4.28e+04   52
890   -1.19e+05  779   4.27e+04   52
891   -1.19e+05  723   4.27e+04   51
892   -1.19e+05  655   4.27e+04   51
893   -1.19e+05  589   4.28e+04   52
894   -1.19e+05  706   4.29e+04   51
895   -1.19e+05  795   4.28e+04   51
896   -1.19e+05  792   4.28e+04   51
897   -1.19e+05  834   4.27e+04   51
898   -1.19e+05  752   4.26e+04   51
899   -1.19e+05  848   4.25e+04   51
900   -1.19e+05  950   4.24e+04   52
901   -1.19e+05  842   4.24e+04   51
902   -1.19e+05  822   4.25e+04   51
903   -1.19e+05  878   4.27e+04   52
904   -1.19e+05  949   4.26e+04   52
905   -1.19e+05  1.05e+03   4.26e+04   51
906   -1.19e+05  936   4.25e+04   51
907   -1.19e+05  909   4.24e+04   51
908   -1.19e+05  899   4.24e+04   51
909   -1.19e+05  839   4.25e+04   52
910   -1.19e+05  833   4.24e+04   51
911   -1.19e+05  782   4.26e+04   51
912   -1.19e+05  785   4.25e+04   52
913   -1.19e+05  982   4.26e+04   52
914   -1.19e+05  991   4.26e+04   51
915   -1.19e+05  980   4.26e+04   51
916   -1.19e+05  1.04e+03   4.26e+04   52
917   -1.19e+05  942   4.26e+04   51
918   -1.19e+05  1.1e+03   4.26e+04   51
919   -1.19e+05  1.24e+03   4.26e+04   52
920   -1.19e+05  1.22e+03   4.26e+04   51
921   -1.19e+05  1.15e+03   4.26e+04   51
922   -1.19e+05  1.18e+03   4.26e+04   52
923   -1.19e+05  1.22e+03   4.26e+04   52
924   -1.19e+05  1.32e+03   4.26e+04   51
925   -1.19e+05  1.35e+03   4.25e+04   52
926   -1.18e+05  1.34e+03   4.24e+04   51
927   -1.19e+05  1.36e+03   4.24e+04   52
928   -1.19e+05  1.44e+03   4.26e+04   52
929   -1.19e+05  1.38e+03   4.26e+04   51
930   -1.19e+05  1.19e+03   4.27e+04   51
931   -1.19e+05  1.2e+03   4.26e+04   51
932   -1.19e+05  948   4.25e+04   52
933   -1.19e+05  961   4.25e+04   51
934   -1.19e+05  1.11e+03   4.25e+04   52
935   -1.19e+05  1.12e+03   4.25e+04   52
936   -1.19e+05  1.35e+03   4.26e+04   52
937   -1.19e+05  1.31e+03   4.25e+04   52
938   -1.19e+05  1.31e+03   4.24e+04   51
939   -1.19e+05  1.46e+03   4.23e+04   51
940   -1.19e+05  1.4e+03   4.22e+04   51
941   -1.19e+05  1.43e+03   4.23e+04   51
942   -1.19e+05  1.42e+03   4.22e+04   52
943   -1.19e+05  1.39e+03   4.23e+04   52
944   -1.19e+05  1.34e+03   4.23e+04   51
945   -1.19e+05  1.41e+03   4.22e+04   51
946   -1.19e+05  1.37e+03   4.21e+04   51
947   -1.19e+05  1.28e+03   4.22e+04   52
948   -1.19e+05  1.27e+03   4.21e+04   51
949   -1.19e+05  1.11e+03   4.19e+04   51
950   -1.19e+05  997   4.2e+04   51
951   -1.19e+05  1.01e+03   4.2e+04   51
952   -1.19e+05  841   4.2e+04   52
953   -1.19e+05  1.03e+03   4.18e+04   51
954   -1.19e+05  1.07e+03   4.19e+04   51
955   -1.19e+05  1.14e+03   4.19e+04   52
956   -1.19e+05  1.4e+03   4.19e+04   51
957   -1.19e+05  1.25e+03   4.17e+04   51
958   -1.19e+05  1.2e+03   4.17e+04   51
959   -1.19e+05  1.13e+03   4.18e+04   52
960   -1.19e+05  1.04e+03   4.18e+04   51
961   -1.19e+05  1.01e+03   4.19e+04   51
962   -1.19e+05  880   4.19e+04   51
963   -1.19e+05  825   4.2e+04   51
964   -1.19e+05  1.01e+03   4.21e+04   51
965   -1.19e+05  1.01e+03   4.22e+04   52
966   -1.19e+05  1.11e+03   4.22e+04   51
967   -1.2e+05  1.07e+03   4.24e+04   51
968   -1.19e+05  1.18e+03   4.24e+04   51
969   -1.19e+05  1.09e+03   4.24e+04   51
970   -1.19e+05  1.14e+03   4.26e+04   52
971   -1.19e+05  1.07e+03   4.26e+04   51
972   -1.19e+05  1.08e+03   4.25e+04   52
973   -1.19e+05  1.06e+03   4.25e+04   51
974   -1.19e+05  1.03e+03   4.25e+04   51
975   -1.19e+05  875   4.26e+04   51
976   -1.2e+05  925   4.23e+04   51
977   -1.2e+05  888   4.23e+04   52
978   -1.2e+05  867   4.23e+04   51
979   -1.19e+05  779   4.24e+04   51
980   -1.2e+05  676   4.23e+04   51
981   -1.2e+05  576   4.23e+04   51
982   -1.19e+05  363   4.23e+04   51
983   -1.2e+05  319   4.24e+04   51
984   -1.19e+05  202   4.23e+04   51
985   -1.19e+05  377   4.22e+04   51
986   -1.19e+05  385   4.21e+04   51
987   -1.19e+05  450   4.21e+04   51
988   -1.19e+05  420   4.22e+04   52
989   -1.19e+05  454   4.22e+04   51
990   -1.19e+05  391   4.2e+04   51
991   -1.19e+05  450   4.2e+04   51
992   -1.19e+05  438   4.19e+04   51
993   -1.19e+05  289   4.19e+04   51
994   -1.19e+05  268   4.18e+04   51
995   -1.19e+05  288   4.17e+04   52
996   -1.19e+05  214   4.17e+04   51
997   -1.19e+05  211   4.17e+04   52
998   -1.19e+05  183   4.17e+04   51
999   -1.19e+05  514   4.17e+04   51
1000   -1.19e+05  231   4.17e+04   51
