#Sweep   Energia    Magn X    Magn Y
1 -1.88 -0.00173 0.967
2 -1.8 -0.00512 0.939
3 -1.74 -0.00488 0.917
4 -1.7 -0.00452 0.9
5 -1.67 -0.00538 0.886
6 -1.65 -0.00246 0.872
7 -1.63 0.00112 0.864
8 -1.62 -0.00236 0.856
9 -1.61 -0.00606 0.85
10 -1.6 -0.00654 0.843
11 -1.59 -0.00223 0.838
12 -1.59 0.0013 0.834
13 -1.59 0.00283 0.83
14 -1.59 -0.000382 0.827
15 -1.59 0.00162 0.823
16 -1.58 -0.0002 0.821
17 -1.58 0.00695 0.822
18 -1.58 0.000959 0.821
19 -1.58 0.00434 0.819
20 -1.58 0.00259 0.817
21 -1.57 0.00731 0.815
22 -1.58 0.00326 0.812
23 -1.58 -0.000749 0.812
24 -1.57 0.00139 0.81
25 -1.57 -0.00133 0.808
26 -1.57 -0.0042 0.803
27 -1.57 -0.00415 0.8
28 -1.57 -0.00125 0.801
29 -1.56 -0.00317 0.799
30 -1.56 -0.00261 0.797
31 -1.56 -0.00122 0.796
32 -1.57 0.000719 0.794
33 -1.57 -0.00148 0.791
34 -1.57 4.17e-05 0.791
35 -1.57 -0.000219 0.794
36 -1.57 0.0018 0.793
37 -1.57 0.00591 0.794
38 -1.57 0.00437 0.792
39 -1.57 0.00676 0.795
40 -1.57 0.00725 0.796
41 -1.57 0.012 0.795
42 -1.58 0.00922 0.798
43 -1.58 0.0097 0.797
44 -1.59 0.0133 0.797
45 -1.59 0.0134 0.798
46 -1.58 0.0105 0.796
47 -1.58 0.014 0.794
48 -1.58 0.0173 0.793
49 -1.58 0.0227 0.794
50 -1.58 0.0169 0.792
51 -1.58 0.016 0.793
52 -1.58 0.0227 0.79
53 -1.57 0.0285 0.786
54 -1.57 0.0315 0.786
55 -1.57 0.0372 0.784
56 -1.57 0.0409 0.782
57 -1.57 0.0403 0.788
58 -1.56 0.0361 0.784
59 -1.56 0.0471 0.784
60 -1.57 0.042 0.785
61 -1.57 0.0441 0.783
62 -1.58 0.0426 0.784
63 -1.57 0.0435 0.782
64 -1.57 0.0465 0.782
65 -1.57 0.0529 0.78
66 -1.57 0.0548 0.772
67 -1.57 0.0546 0.771
68 -1.57 0.0492 0.771
69 -1.57 0.0482 0.77
70 -1.57 0.0479 0.77
71 -1.57 0.046 0.769
72 -1.57 0.0486 0.764
73 -1.56 0.0507 0.761
74 -1.56 0.0471 0.762
75 -1.57 0.0424 0.767
76 -1.57 0.0438 0.769
77 -1.57 0.042 0.769
78 -1.58 0.0419 0.771
79 -1.58 0.0335 0.769
80 -1.58 0.0317 0.77
81 -1.58 0.0352 0.772
82 -1.58 0.0343 0.771
83 -1.57 0.0416 0.772
84 -1.58 0.0456 0.772
85 -1.57 0.0416 0.772
86 -1.57 0.0451 0.769
87 -1.57 0.0422 0.768
88 -1.57 0.0421 0.768
89 -1.56 0.0407 0.768
90 -1.56 0.0428 0.765
91 -1.57 0.0422 0.768
92 -1.57 0.0428 0.768
93 -1.58 0.0462 0.769
94 -1.57 0.0468 0.768
95 -1.57 0.0524 0.766
96 -1.58 0.0495 0.769
97 -1.58 0.049 0.768
98 -1.58 0.0444 0.768
99 -1.58 0.048 0.769
100 -1.57 0.0493 0.765
101 -1.58 0.0528 0.767
102 -1.58 0.0562 0.765
103 -1.58 0.0563 0.766
104 -1.58 0.0589 0.766
105 -1.57 0.0586 0.763
106 -1.57 0.0584 0.763
107 -1.57 0.0577 0.764
108 -1.56 0.0513 0.763
109 -1.56 0.0496 0.76
110 -1.55 0.0535 0.757
111 -1.55 0.0582 0.754
112 -1.56 0.0593 0.754
113 -1.56 0.06 0.755
114 -1.57 0.0603 0.757
115 -1.58 0.0652 0.758
116 -1.57 0.0645 0.756
117 -1.57 0.0638 0.755
118 -1.56 0.066 0.753
119 -1.56 0.0629 0.75
120 -1.56 0.0646 0.751
121 -1.57 0.0699 0.75
122 -1.57 0.0655 0.751
123 -1.56 0.0679 0.75
124 -1.57 0.0676 0.752
125 -1.57 0.0695 0.749
126 -1.57 0.0691 0.752
127 -1.57 0.0695 0.751
128 -1.57 0.0711 0.753
129 -1.57 0.0736 0.753
130 -1.57 0.0704 0.75
131 -1.57 0.0697 0.75
132 -1.56 0.0755 0.749
133 -1.57 0.0781 0.752
134 -1.57 0.0768 0.753
135 -1.58 0.0779 0.751
136 -1.58 0.0829 0.751
137 -1.58 0.08 0.751
138 -1.58 0.0742 0.751
139 -1.58 0.0801 0.752
140 -1.58 0.0777 0.75
141 -1.58 0.0779 0.751
142 -1.57 0.0804 0.751
143 -1.56 0.0767 0.752
144 -1.56 0.0783 0.746
145 -1.57 0.0778 0.751
146 -1.57 0.0813 0.75
147 -1.57 0.084 0.749
148 -1.56 0.0791 0.752
149 -1.56 0.0755 0.754
150 -1.56 0.0717 0.755
151 -1.57 0.08 0.76
152 -1.56 0.0706 0.759
153 -1.57 0.0758 0.754
154 -1.57 0.0786 0.753
155 -1.56 0.0757 0.755
156 -1.57 0.0737 0.756
157 -1.57 0.0717 0.755
158 -1.57 0.0737 0.753
159 -1.58 0.071 0.757
160 -1.57 0.068 0.754
161 -1.58 0.0735 0.753
162 -1.57 0.0693 0.753
163 -1.58 0.0692 0.756
164 -1.57 0.0671 0.754
165 -1.57 0.0762 0.753
166 -1.57 0.0684 0.751
167 -1.57 0.0674 0.749
168 -1.57 0.066 0.744
169 -1.57 0.0686 0.74
170 -1.56 0.0613 0.736
171 -1.56 0.0577 0.732
172 -1.56 0.0639 0.735
173 -1.56 0.06 0.734
174 -1.56 0.0599 0.738
175 -1.55 0.0579 0.737
176 -1.56 0.0539 0.737
177 -1.55 0.0547 0.736
178 -1.56 0.0535 0.738
179 -1.56 0.0536 0.739
180 -1.57 0.0474 0.737
181 -1.57 0.0486 0.737
182 -1.57 0.045 0.737
183 -1.57 0.0475 0.738
184 -1.57 0.0552 0.735
185 -1.57 0.0602 0.734
186 -1.57 0.0567 0.734
187 -1.56 0.06 0.736
188 -1.57 0.0586 0.736
189 -1.57 0.0613 0.734
190 -1.57 0.0643 0.734
191 -1.57 0.0616 0.732
192 -1.57 0.0529 0.734
193 -1.57 0.0556 0.737
194 -1.58 0.0578 0.735
195 -1.57 0.0588 0.735
196 -1.57 0.0615 0.732
197 -1.57 0.0612 0.732
198 -1.57 0.0648 0.729
199 -1.57 0.0695 0.73
200 -1.57 0.061 0.732
201 -1.57 0.0557 0.73
202 -1.56 0.0549 0.732
203 -1.57 0.0518 0.733
204 -1.56 0.0532 0.729
205 -1.57 0.0497 0.731
206 -1.56 0.056 0.727
207 -1.56 0.061 0.725
208 -1.56 0.0562 0.722
209 -1.56 0.0553 0.721
210 -1.56 0.0613 0.719
211 -1.57 0.0634 0.722
212 -1.57 0.0703 0.721
213 -1.57 0.0773 0.724
214 -1.57 0.0828 0.727
215 -1.57 0.0803 0.728
216 -1.57 0.0788 0.731
217 -1.58 0.0734 0.734
218 -1.58 0.0728 0.733
219 -1.58 0.0676 0.735
220 -1.58 0.0647 0.733
221 -1.58 0.0596 0.734
222 -1.57 0.061 0.732
223 -1.58 0.0616 0.729
224 -1.56 0.0611 0.723
225 -1.56 0.061 0.721
226 -1.56 0.0651 0.724
227 -1.56 0.0651 0.724
228 -1.56 0.0673 0.728
229 -1.57 0.0651 0.727
230 -1.57 0.0671 0.723
231 -1.56 0.0669 0.722
232 -1.56 0.066 0.723
233 -1.57 0.0631 0.724
234 -1.57 0.0605 0.723
235 -1.57 0.0614 0.724
236 -1.57 0.0564 0.722
237 -1.56 0.0554 0.717
238 -1.56 0.0555 0.715
239 -1.56 0.0535 0.717
240 -1.56 0.0587 0.72
241 -1.57 0.0612 0.721
242 -1.57 0.0661 0.726
243 -1.56 0.0649 0.722
244 -1.56 0.0691 0.72
245 -1.56 0.0679 0.723
246 -1.56 0.0658 0.718
247 -1.56 0.0584 0.719
248 -1.56 0.0582 0.716
249 -1.56 0.0551 0.719
250 -1.56 0.0596 0.718
251 -1.56 0.0627 0.72
252 -1.56 0.063 0.72
253 -1.56 0.0594 0.717
254 -1.56 0.0582 0.717
255 -1.55 0.0594 0.711
256 -1.57 0.0598 0.717
257 -1.56 0.0631 0.715
258 -1.56 0.06 0.72
259 -1.57 0.0555 0.725
260 -1.56 0.0549 0.725
261 -1.57 0.0575 0.729
262 -1.57 0.0586 0.728
263 -1.57 0.0608 0.729
264 -1.58 0.0628 0.728
265 -1.57 0.0609 0.728
266 -1.57 0.0635 0.727
267 -1.56 0.0579 0.724
268 -1.56 0.0587 0.722
269 -1.56 0.0573 0.719
270 -1.56 0.0585 0.72
271 -1.56 0.0588 0.719
272 -1.57 0.0509 0.719
273 -1.57 0.0523 0.72
274 -1.57 0.0592 0.72
275 -1.56 0.0578 0.72
276 -1.56 0.0577 0.717
277 -1.56 0.0621 0.718
278 -1.55 0.0604 0.717
279 -1.56 0.0581 0.718
280 -1.56 0.0546 0.717
281 -1.56 0.0594 0.719
282 -1.56 0.059 0.722
283 -1.56 0.0587 0.726
284 -1.55 0.0568 0.723
285 -1.55 0.0601 0.721
286 -1.55 0.0576 0.724
287 -1.56 0.061 0.725
288 -1.55 0.0605 0.725
289 -1.56 0.0596 0.727
290 -1.56 0.0587 0.728
291 -1.56 0.0602 0.728
292 -1.56 0.0624 0.726
293 -1.56 0.0649 0.723
294 -1.57 0.0628 0.726
295 -1.57 0.0621 0.728
296 -1.58 0.0601 0.726
297 -1.57 0.0541 0.721
298 -1.57 0.0539 0.72
299 -1.57 0.0544 0.72
300 -1.56 0.0579 0.716
301 -1.56 0.056 0.716
302 -1.55 0.0532 0.712
303 -1.56 0.0556 0.718
304 -1.55 0.0533 0.717
305 -1.54 0.0523 0.716
306 -1.55 0.054 0.715
307 -1.56 0.0541 0.719
308 -1.56 0.0531 0.721
309 -1.56 0.0544 0.722
310 -1.56 0.0559 0.722
311 -1.56 0.0568 0.722
312 -1.56 0.0532 0.722
313 -1.56 0.0549 0.724
314 -1.56 0.0547 0.722
315 -1.56 0.0523 0.72
316 -1.56 0.0575 0.721
317 -1.56 0.0534 0.72
318 -1.56 0.0568 0.718
319 -1.56 0.059 0.722
320 -1.55 0.0579 0.719
321 -1.55 0.0601 0.721
322 -1.55 0.0633 0.723
323 -1.56 0.0679 0.722
324 -1.56 0.0704 0.722
325 -1.57 0.0676 0.726
326 -1.57 0.0668 0.731
327 -1.57 0.0639 0.727
328 -1.57 0.0599 0.724
329 -1.56 0.061 0.725
330 -1.57 0.0611 0.723
331 -1.57 0.0615 0.725
332 -1.57 0.0607 0.725
333 -1.56 0.0598 0.724
334 -1.56 0.061 0.724
335 -1.57 0.0615 0.726
336 -1.57 0.0642 0.726
337 -1.57 0.0671 0.726
338 -1.57 0.0645 0.726
339 -1.57 0.0669 0.727
340 -1.57 0.0646 0.728
341 -1.57 0.0635 0.728
342 -1.57 0.0602 0.732
343 -1.57 0.0634 0.732
344 -1.57 0.0625 0.73
345 -1.57 0.0641 0.729
346 -1.58 0.0656 0.731
347 -1.58 0.0652 0.729
348 -1.57 0.0649 0.725
349 -1.57 0.0646 0.726
350 -1.57 0.0663 0.727
351 -1.58 0.0705 0.731
352 -1.57 0.0785 0.731
353 -1.57 0.0791 0.736
354 -1.57 0.0782 0.735
355 -1.57 0.0783 0.733
356 -1.57 0.0725 0.733
357 -1.57 0.0712 0.731
358 -1.57 0.0702 0.731
359 -1.56 0.0774 0.729
360 -1.57 0.0753 0.727
361 -1.57 0.0691 0.73
362 -1.57 0.0763 0.73
363 -1.57 0.0786 0.728
364 -1.57 0.0788 0.726
365 -1.57 0.0812 0.727
366 -1.57 0.0845 0.725
367 -1.57 0.0891 0.726
368 -1.57 0.0902 0.727
369 -1.56 0.0873 0.727
370 -1.56 0.0895 0.727
371 -1.57 0.0873 0.729
372 -1.57 0.085 0.732
373 -1.58 0.0836 0.733
374 -1.57 0.086 0.73
375 -1.56 0.086 0.723
376 -1.57 0.0807 0.727
377 -1.56 0.081 0.723
378 -1.56 0.0833 0.724
379 -1.56 0.0783 0.724
380 -1.56 0.0728 0.724
381 -1.56 0.0749 0.724
382 -1.56 0.0719 0.721
383 -1.56 0.0683 0.717
384 -1.57 0.0701 0.72
385 -1.57 0.0646 0.719
386 -1.57 0.06 0.721
387 -1.57 0.0613 0.722
388 -1.57 0.0663 0.721
389 -1.57 0.0652 0.722
390 -1.57 0.0686 0.722
391 -1.57 0.0703 0.722
392 -1.57 0.0701 0.72
393 -1.57 0.0771 0.721
394 -1.57 0.0746 0.721
395 -1.57 0.0759 0.719
396 -1.57 0.0753 0.721
397 -1.57 0.074 0.723
398 -1.56 0.076 0.719
399 -1.56 0.0756 0.719
400 -1.57 0.0695 0.722
401 -1.56 0.0589 0.725
402 -1.57 0.0684 0.726
403 -1.57 0.0636 0.729
404 -1.57 0.0621 0.724
405 -1.57 0.0677 0.724
406 -1.56 0.0652 0.722
407 -1.56 0.0636 0.721
408 -1.56 0.0645 0.722
409 -1.57 0.0619 0.723
410 -1.57 0.0607 0.722
411 -1.56 0.061 0.724
412 -1.57 0.0621 0.726
413 -1.57 0.0635 0.725
414 -1.56 0.0602 0.724
415 -1.56 0.064 0.727
416 -1.56 0.0628 0.728
417 -1.57 0.062 0.73
418 -1.57 0.0587 0.728
419 -1.56 0.059 0.728
420 -1.55 0.0588 0.726
421 -1.56 0.0598 0.726
422 -1.56 0.0598 0.725
423 -1.55 0.0592 0.726
424 -1.56 0.0533 0.729
425 -1.56 0.0509 0.732
426 -1.56 0.0489 0.73
427 -1.56 0.0495 0.728
428 -1.56 0.0565 0.726
429 -1.56 0.0487 0.727
430 -1.56 0.0481 0.727
431 -1.56 0.0453 0.731
432 -1.56 0.0424 0.731
433 -1.57 0.0504 0.733
434 -1.57 0.0498 0.732
435 -1.57 0.0435 0.734
436 -1.57 0.0434 0.733
437 -1.57 0.0432 0.735
438 -1.56 0.0422 0.734
439 -1.56 0.0411 0.736
440 -1.56 0.0393 0.736
441 -1.57 0.0402 0.737
442 -1.57 0.0379 0.735
443 -1.58 0.0306 0.737
444 -1.57 0.0321 0.735
445 -1.57 0.0306 0.734
446 -1.57 0.0363 0.734
447 -1.57 0.0384 0.731
448 -1.57 0.0368 0.732
449 -1.57 0.034 0.736
450 -1.57 0.0385 0.736
451 -1.57 0.0417 0.732
452 -1.58 0.0442 0.733
453 -1.57 0.0424 0.732
454 -1.57 0.045 0.731
455 -1.57 0.0477 0.731
456 -1.57 0.0522 0.73
457 -1.57 0.0546 0.734
458 -1.57 0.0546 0.733
459 -1.56 0.0526 0.733
460 -1.56 0.0538 0.732
461 -1.56 0.053 0.731
462 -1.56 0.0513 0.731
463 -1.56 0.0461 0.729
464 -1.57 0.0432 0.731
465 -1.57 0.0444 0.731
466 -1.57 0.04 0.733
467 -1.57 0.0408 0.726
468 -1.57 0.0466 0.727
469 -1.57 0.0442 0.726
470 -1.57 0.0429 0.728
471 -1.56 0.042 0.721
472 -1.57 0.0407 0.718
473 -1.57 0.0496 0.719
474 -1.57 0.0456 0.718
475 -1.57 0.0407 0.719
476 -1.57 0.0403 0.718
477 -1.57 0.0407 0.717
478 -1.57 0.0355 0.716
479 -1.57 0.0361 0.717
480 -1.57 0.0338 0.719
481 -1.56 0.0352 0.72
482 -1.57 0.0357 0.722
483 -1.57 0.0354 0.724
484 -1.57 0.037 0.725
485 -1.57 0.0331 0.725
486 -1.57 0.0319 0.721
487 -1.58 0.028 0.719
488 -1.57 0.0369 0.721
489 -1.58 0.0329 0.72
490 -1.57 0.0387 0.722
491 -1.56 0.0362 0.718
492 -1.57 0.0312 0.72
493 -1.57 0.0294 0.722
494 -1.56 0.0306 0.716
495 -1.56 0.0333 0.716
496 -1.57 0.0357 0.717
497 -1.57 0.0364 0.718
498 -1.57 0.0328 0.72
499 -1.57 0.0322 0.721
500 -1.57 0.0304 0.72
501 -1.57 0.0324 0.72
502 -1.57 0.0376 0.722
503 -1.57 0.0382 0.721
504 -1.57 0.0359 0.722
505 -1.57 0.0349 0.722
506 -1.58 0.0286 0.725
507 -1.57 0.03 0.724
508 -1.57 0.0352 0.719
509 -1.57 0.0349 0.72
510 -1.57 0.0399 0.72
511 -1.56 0.038 0.718
512 -1.56 0.0383 0.718
513 -1.56 0.0358 0.717
514 -1.56 0.032 0.718
515 -1.56 0.0339 0.72
516 -1.57 0.0343 0.722
517 -1.57 0.0341 0.724
518 -1.57 0.0298 0.726
519 -1.57 0.0245 0.727
520 -1.57 0.0293 0.724
521 -1.57 0.0327 0.722
522 -1.57 0.0302 0.72
523 -1.57 0.0331 0.721
524 -1.57 0.0324 0.723
525 -1.57 0.0334 0.722
526 -1.56 0.0293 0.722
527 -1.56 0.0305 0.719
528 -1.57 0.0333 0.717
529 -1.57 0.0363 0.718
530 -1.58 0.0379 0.718
531 -1.58 0.0353 0.717
532 -1.59 0.0354 0.715
533 -1.59 0.0334 0.721
534 -1.58 0.0367 0.715
535 -1.58 0.0416 0.714
536 -1.58 0.0413 0.715
537 -1.58 0.0362 0.716
538 -1.57 0.0394 0.716
539 -1.57 0.0475 0.715
540 -1.57 0.0442 0.714
541 -1.56 0.0411 0.71
542 -1.57 0.0401 0.712
543 -1.57 0.0426 0.716
544 -1.57 0.0418 0.721
545 -1.57 0.0421 0.719
546 -1.57 0.049 0.722
547 -1.58 0.0462 0.727
548 -1.58 0.0524 0.727
549 -1.58 0.0506 0.722
550 -1.57 0.0426 0.722
551 -1.57 0.0365 0.72
552 -1.57 0.0378 0.72
553 -1.57 0.0384 0.721
554 -1.57 0.0347 0.719
555 -1.57 0.0365 0.717
556 -1.56 0.0396 0.714
557 -1.57 0.0432 0.719
558 -1.56 0.0416 0.718
559 -1.56 0.0433 0.719
560 -1.57 0.0496 0.717
561 -1.57 0.0532 0.719
562 -1.57 0.0541 0.721
563 -1.57 0.0501 0.717
564 -1.58 0.0532 0.718
565 -1.58 0.0565 0.719
566 -1.58 0.0599 0.718
567 -1.57 0.0646 0.716
568 -1.57 0.0622 0.713
569 -1.57 0.0642 0.715
570 -1.58 0.0607 0.717
571 -1.57 0.0575 0.717
572 -1.57 0.0587 0.717
573 -1.57 0.0644 0.716
574 -1.57 0.056 0.718
575 -1.57 0.0542 0.72
576 -1.57 0.0561 0.723
577 -1.58 0.0524 0.721
578 -1.58 0.0512 0.721
579 -1.59 0.0485 0.723
580 -1.58 0.0523 0.72
581 -1.58 0.0489 0.719
582 -1.57 0.0526 0.717
583 -1.56 0.0502 0.713
584 -1.56 0.0437 0.709
585 -1.56 0.0399 0.713
586 -1.57 0.041 0.716
587 -1.57 0.0405 0.718
588 -1.57 0.0391 0.718
589 -1.57 0.0352 0.72
590 -1.57 0.0396 0.715
591 -1.58 0.0379 0.724
592 -1.57 0.0383 0.723
593 -1.56 0.0365 0.722
594 -1.56 0.0323 0.721
595 -1.57 0.0316 0.718
596 -1.57 0.0294 0.72
597 -1.58 0.0316 0.718
598 -1.57 0.0309 0.715
599 -1.56 0.0294 0.716
600 -1.56 0.0286 0.716
601 -1.57 0.0288 0.722
602 -1.56 0.0297 0.717
603 -1.57 0.0354 0.716
604 -1.56 0.0359 0.714
605 -1.56 0.0357 0.712
606 -1.56 0.0311 0.713
607 -1.57 0.0281 0.717
608 -1.57 0.0302 0.717
609 -1.57 0.0352 0.717
610 -1.57 0.0341 0.718
611 -1.56 0.0334 0.714
612 -1.57 0.0376 0.711
613 -1.55 0.0391 0.708
614 -1.55 0.0369 0.707
615 -1.55 0.0353 0.706
616 -1.56 0.0332 0.709
617 -1.56 0.0348 0.709
618 -1.56 0.0326 0.71
619 -1.57 0.0326 0.715
620 -1.57 0.0382 0.713
621 -1.56 0.0323 0.71
622 -1.56 0.0282 0.712
623 -1.57 0.0296 0.716
624 -1.56 0.0243 0.715
625 -1.57 0.0267 0.723
626 -1.57 0.0276 0.722
627 -1.57 0.0326 0.721
628 -1.57 0.0311 0.722
629 -1.57 0.0374 0.724
630 -1.57 0.0348 0.725
631 -1.56 0.0378 0.722
632 -1.56 0.0341 0.723
633 -1.57 0.0368 0.722
634 -1.57 0.0377 0.726
635 -1.56 0.033 0.724
636 -1.57 0.0343 0.726
637 -1.57 0.0306 0.725
638 -1.57 0.0332 0.722
639 -1.56 0.0358 0.717
640 -1.56 0.0374 0.718
641 -1.57 0.0342 0.716
642 -1.57 0.0275 0.717
643 -1.57 0.0304 0.718
644 -1.57 0.0291 0.721
645 -1.57 0.0336 0.725
646 -1.58 0.033 0.725
647 -1.57 0.0303 0.725
648 -1.57 0.0266 0.724
649 -1.56 0.0218 0.721
650 -1.57 0.0188 0.726
651 -1.57 0.0132 0.723
652 -1.56 0.018 0.72
653 -1.56 0.0179 0.72
654 -1.57 0.0172 0.724
655 -1.57 0.0128 0.722
656 -1.57 0.0154 0.725
657 -1.56 0.0214 0.721
658 -1.56 0.0222 0.718
659 -1.56 0.0275 0.718
660 -1.56 0.0268 0.722
661 -1.55 0.0261 0.721
662 -1.56 0.0273 0.72
663 -1.56 0.0252 0.713
664 -1.56 0.0214 0.715
665 -1.57 0.0186 0.715
666 -1.57 0.0213 0.715
667 -1.57 0.0233 0.712
668 -1.57 0.0259 0.713
669 -1.56 0.0204 0.711
670 -1.57 0.0152 0.713
671 -1.57 0.0157 0.708
672 -1.57 0.0178 0.707
673 -1.57 0.0183 0.708
674 -1.56 0.0179 0.702
675 -1.57 0.0165 0.707
676 -1.57 0.011 0.706
677 -1.57 0.0107 0.709
678 -1.57 0.0128 0.71
679 -1.57 0.0173 0.712
680 -1.57 0.0204 0.707
681 -1.57 0.0216 0.707
682 -1.57 0.0228 0.71
683 -1.57 0.0181 0.71
684 -1.57 0.0217 0.71
685 -1.57 0.0223 0.709
686 -1.57 0.0194 0.711
687 -1.56 0.0122 0.708
688 -1.57 0.0127 0.711
689 -1.56 0.013 0.708
690 -1.56 0.0158 0.707
691 -1.56 0.0171 0.707
692 -1.56 0.0209 0.705
693 -1.56 0.0248 0.705
694 -1.56 0.0206 0.704
695 -1.56 0.0224 0.704
696 -1.57 0.021 0.701
697 -1.56 0.0248 0.695
698 -1.56 0.0294 0.696
699 -1.57 0.0297 0.694
700 -1.57 0.0323 0.697
701 -1.57 0.0302 0.698
702 -1.57 0.0269 0.7
703 -1.58 0.0265 0.699
704 -1.58 0.032 0.694
705 -1.58 0.0323 0.692
706 -1.58 0.0305 0.693
707 -1.58 0.0274 0.698
708 -1.58 0.0227 0.697
709 -1.57 0.0223 0.701
710 -1.58 0.0199 0.7
711 -1.57 0.019 0.705
712 -1.57 0.0214 0.702
713 -1.56 0.0236 0.698
714 -1.56 0.0164 0.702
715 -1.56 0.0145 0.697
716 -1.56 0.0119 0.699
717 -1.56 0.015 0.697
718 -1.56 0.0145 0.7
719 -1.56 0.0178 0.702
720 -1.57 0.0184 0.7
721 -1.56 0.0274 0.701
722 -1.57 0.0305 0.699
723 -1.57 0.0289 0.699
724 -1.57 0.0317 0.698
725 -1.57 0.0332 0.7
726 -1.57 0.0322 0.697
727 -1.56 0.0413 0.699
728 -1.56 0.0405 0.696
729 -1.57 0.0431 0.698
730 -1.56 0.0423 0.694
731 -1.56 0.0436 0.691
732 -1.56 0.0369 0.692
733 -1.56 0.0295 0.695
734 -1.57 0.0334 0.699
735 -1.55 0.0237 0.696
736 -1.56 0.0212 0.698
737 -1.55 0.0193 0.693
738 -1.55 0.0213 0.692
739 -1.56 0.0211 0.692
740 -1.56 0.02 0.692
741 -1.56 0.0174 0.69
742 -1.55 0.0192 0.687
743 -1.56 0.0229 0.692
744 -1.56 0.0234 0.69
745 -1.56 0.0193 0.692
746 -1.56 0.0162 0.689
747 -1.56 0.0154 0.694
748 -1.56 0.015 0.696
749 -1.56 0.00855 0.699
750 -1.57 0.0137 0.703
751 -1.58 0.0107 0.709
752 -1.58 0.0118 0.71
753 -1.57 0.0136 0.714
754 -1.57 0.0167 0.714
755 -1.56 0.0109 0.711
756 -1.56 0.00929 0.709
757 -1.56 0.00649 0.715
758 -1.56 0.00977 0.711
759 -1.56 0.0094 0.709
760 -1.56 0.00935 0.713
761 -1.56 0.00735 0.706
762 -1.56 0.00878 0.713
763 -1.56 0.01 0.713
764 -1.56 0.00887 0.714
765 -1.57 0.0091 0.716
766 -1.56 0.0104 0.713
767 -1.56 0.0122 0.713
768 -1.57 0.0115 0.713
769 -1.57 0.0147 0.711
770 -1.57 0.0121 0.712
771 -1.57 0.00916 0.709
772 -1.58 0.002 0.709
773 -1.57 -0.000408 0.708
774 -1.56 0.00622 0.706
775 -1.56 0.00226 0.704
776 -1.57 0.00764 0.708
777 -1.56 0.0109 0.703
778 -1.56 0.00868 0.705
779 -1.56 0.00446 0.704
780 -1.56 0.0058 0.702
781 -1.56 0.00984 0.703
782 -1.55 0.0121 0.702
783 -1.56 0.0122 0.701
784 -1.56 0.0125 0.7
785 -1.55 0.0119 0.699
786 -1.56 0.0099 0.698
787 -1.56 0.0125 0.7
788 -1.56 0.0152 0.698
789 -1.56 0.0103 0.693
790 -1.56 0.0102 0.695
791 -1.56 0.00794 0.696
792 -1.56 0.012 0.694
793 -1.56 0.0108 0.698
794 -1.57 0.00893 0.696
795 -1.56 0.00634 0.694
796 -1.55 0.00675 0.696
797 -1.56 0.0148 0.694
798 -1.56 0.00823 0.694
799 -1.56 0.0107 0.693
800 -1.57 0.00837 0.696
801 -1.56 0.0114 0.696
802 -1.56 0.011 0.694
803 -1.56 0.00691 0.696
804 -1.56 0.00633 0.695
805 -1.56 0.00686 0.694
806 -1.56 0.0125 0.693
807 -1.56 0.00724 0.694
808 -1.57 0.00993 0.696
809 -1.56 0.00804 0.697
810 -1.57 0.00336 0.696
811 -1.57 0.000175 0.697
812 -1.57 0.00384 0.699
813 -1.57 -0.00327 0.697
814 -1.57 -0.000432 0.697
815 -1.57 0.00198 0.699
816 -1.57 0.00151 0.697
817 -1.57 -0.00185 0.697
818 -1.56 0.000407 0.699
819 -1.56 -0.00299 0.702
820 -1.56 0.000607 0.703
821 -1.56 0.00299 0.704
822 -1.57 0.00582 0.705
823 -1.56 0.00296 0.703
824 -1.56 -0.000756 0.703
825 -1.56 0.00217 0.705
826 -1.55 -0.00221 0.703
827 -1.55 -0.00046 0.702
828 -1.55 -0.00296 0.698
829 -1.55 5.07e-05 0.701
830 -1.55 -0.00488 0.701
831 -1.56 -0.00465 0.701
832 -1.56 -0.00283 0.704
833 -1.56 -0.00161 0.704
834 -1.56 -0.00195 0.704
835 -1.56 0.00394 0.704
836 -1.55 0.00405 0.702
837 -1.55 0.011 0.701
838 -1.55 0.0115 0.698
839 -1.55 0.0138 0.701
840 -1.56 0.0173 0.703
841 -1.56 0.0249 0.703
842 -1.57 0.0254 0.701
843 -1.56 0.0275 0.703
844 -1.57 0.0303 0.703
845 -1.56 0.0328 0.705
846 -1.57 0.0406 0.707
847 -1.57 0.035 0.709
848 -1.57 0.0316 0.709
849 -1.57 0.0314 0.71
850 -1.57 0.0305 0.71
851 -1.57 0.0333 0.711
852 -1.57 0.0304 0.711
853 -1.58 0.0283 0.71
854 -1.58 0.0271 0.709
855 -1.58 0.0247 0.706
856 -1.58 0.0242 0.711
857 -1.58 0.0246 0.711
858 -1.57 0.0261 0.711
859 -1.58 0.0288 0.712
860 -1.57 0.0345 0.708
861 -1.57 0.0398 0.709
862 -1.56 0.045 0.708
863 -1.57 0.0496 0.709
864 -1.57 0.0494 0.713
865 -1.57 0.0522 0.717
866 -1.57 0.0445 0.715
867 -1.57 0.048 0.714
868 -1.57 0.0433 0.717
869 -1.57 0.045 0.716
870 -1.57 0.0444 0.72
871 -1.57 0.0461 0.72
872 -1.57 0.0481 0.718
873 -1.56 0.0452 0.715
874 -1.57 0.0541 0.711
875 -1.56 0.0572 0.713
876 -1.57 0.0562 0.714
877 -1.57 0.0533 0.715
878 -1.56 0.0535 0.713
879 -1.56 0.0537 0.712
880 -1.56 0.0555 0.711
881 -1.57 0.0572 0.711
882 -1.57 0.0567 0.709
883 -1.56 0.0543 0.704
884 -1.56 0.0623 0.705
885 -1.56 0.0626 0.701
886 -1.55 0.0614 0.7
887 -1.55 0.0601 0.697
888 -1.55 0.0618 0.699
889 -1.55 0.0639 0.698
890 -1.55 0.0613 0.696
891 -1.56 0.0633 0.7
892 -1.56 0.0605 0.7
893 -1.56 0.0585 0.698
894 -1.55 0.0646 0.695
895 -1.56 0.0739 0.694
896 -1.56 0.0761 0.694
897 -1.56 0.0732 0.694
898 -1.56 0.0753 0.695
899 -1.56 0.0739 0.695
900 -1.57 0.0798 0.699
901 -1.57 0.0854 0.697
902 -1.57 0.0819 0.696
903 -1.57 0.0769 0.699
904 -1.57 0.0727 0.7
905 -1.57 0.0763 0.698
906 -1.56 0.0805 0.696
907 -1.57 0.0837 0.7
908 -1.56 0.0849 0.701
909 -1.56 0.087 0.704
910 -1.56 0.0878 0.702
911 -1.57 0.0911 0.704
912 -1.56 0.0933 0.701
913 -1.56 0.0993 0.701
914 -1.56 0.0937 0.699
915 -1.56 0.0993 0.699
916 -1.55 0.102 0.697
917 -1.55 0.0997 0.695
918 -1.56 0.104 0.695
919 -1.55 0.105 0.694
920 -1.56 0.102 0.697
921 -1.56 0.0992 0.696
922 -1.56 0.0984 0.7
923 -1.56 0.0983 0.702
924 -1.57 0.0952 0.705
925 -1.57 0.0962 0.707
926 -1.57 0.102 0.706
927 -1.57 0.109 0.704
928 -1.58 0.108 0.708
929 -1.58 0.108 0.711
930 -1.58 0.106 0.712
931 -1.58 0.108 0.709
932 -1.57 0.111 0.705
933 -1.58 0.114 0.707
934 -1.57 0.116 0.704
935 -1.57 0.113 0.704
936 -1.57 0.114 0.703
937 -1.57 0.113 0.703
938 -1.57 0.107 0.705
939 -1.57 0.11 0.706
940 -1.57 0.107 0.702
941 -1.57 0.111 0.701
942 -1.57 0.114 0.705
943 -1.56 0.108 0.703
944 -1.56 0.107 0.701
945 -1.57 0.11 0.704
946 -1.57 0.113 0.704
947 -1.56 0.112 0.702
948 -1.56 0.116 0.7
949 -1.57 0.119 0.705
950 -1.57 0.124 0.705
951 -1.57 0.124 0.705
952 -1.57 0.127 0.705
953 -1.57 0.126 0.705
954 -1.57 0.121 0.705
955 -1.57 0.121 0.705
956 -1.57 0.122 0.704
957 -1.58 0.117 0.707
958 -1.57 0.114 0.705
959 -1.58 0.106 0.706
960 -1.57 0.108 0.705
961 -1.57 0.11 0.703
962 -1.56 0.112 0.702
963 -1.56 0.114 0.702
964 -1.56 0.11 0.699
965 -1.57 0.11 0.702
966 -1.57 0.107 0.706
967 -1.57 0.101 0.705
968 -1.57 0.0981 0.706
969 -1.57 0.0901 0.704
970 -1.56 0.0918 0.704
971 -1.57 0.1 0.706
972 -1.57 0.0956 0.705
973 -1.57 0.0992 0.705
974 -1.57 0.104 0.706
975 -1.57 0.1 0.703
976 -1.57 0.0965 0.703
977 -1.57 0.0974 0.706
978 -1.57 0.0919 0.706
979 -1.57 0.0957 0.706
980 -1.57 0.0955 0.707
981 -1.57 0.103 0.708
982 -1.57 0.104 0.708
983 -1.57 0.106 0.71
984 -1.58 0.102 0.712
985 -1.58 0.101 0.708
986 -1.57 0.107 0.705
987 -1.57 0.11 0.701
988 -1.56 0.11 0.701
989 -1.57 0.107 0.7
990 -1.56 0.104 0.699
991 -1.57 0.105 0.703
992 -1.57 0.108 0.704
993 -1.57 0.109 0.704
994 -1.57 0.112 0.7
995 -1.57 0.11 0.702
996 -1.57 0.107 0.704
997 -1.57 0.109 0.704
998 -1.56 0.107 0.703
999 -1.56 0.107 0.7
1000 -1.56 0.108 0.699
