***************************************
*           Modello XY                *
*      Simulazione Monte Carlo        *
***************************************

Parametri simulativi:

Lato reticolo:           400
Temperatura:             1
Beta:                    1
J:                       1
Delta:                   1.7
Numero blocchi           1
Lunghezza simulazione:   1000
Fase di termalizzazione: -1



Numero mossa   Energia    Magnetizzazione X    Magnetizzazione Y    Acc. rate
1   -2.94e+05  -43.4   1.53e+05   40
2   -2.76e+05  -51.1   1.47e+05   43
3   -2.63e+05  -64.7   1.42e+05   45
4   -2.54e+05  -67.9   1.38e+05   47
5   -2.47e+05  50.9   1.35e+05   48
6   -2.42e+05  -259   1.32e+05   48
7   -2.38e+05  -470   1.3e+05   48
8   -2.35e+05  -650   1.28e+05   49
9   -2.33e+05  -507   1.26e+05   49
10   -2.31e+05  -718   1.25e+05   49
11   -2.3e+05  -773   1.24e+05   49
12   -2.28e+05  -646   1.23e+05   50
13   -2.27e+05  -465   1.21e+05   50
14   -2.26e+05  -540   1.2e+05   50
15   -2.25e+05  -788   1.2e+05   50
16   -2.25e+05  -760   1.19e+05   50
17   -2.24e+05  -621   1.18e+05   50
18   -2.23e+05  -763   1.18e+05   50
19   -2.23e+05  -642   1.17e+05   50
20   -2.23e+05  -507   1.17e+05   50
21   -2.23e+05  -407   1.16e+05   50
22   -2.22e+05  -511   1.16e+05   50
23   -2.22e+05  -573   1.15e+05   50
24   -2.21e+05  -510   1.14e+05   51
25   -2.21e+05  -402   1.14e+05   50
26   -2.21e+05  -459   1.13e+05   50
27   -2.2e+05  -367   1.13e+05   50
28   -2.2e+05  -456   1.13e+05   50
29   -2.2e+05  -357   1.12e+05   51
30   -2.2e+05  -372   1.12e+05   50
31   -2.19e+05  -190   1.11e+05   51
32   -2.19e+05  -270   1.11e+05   51
33   -2.19e+05  -416   1.1e+05   51
34   -2.18e+05  -539   1.1e+05   51
35   -2.18e+05  -583   1.1e+05   51
36   -2.18e+05  -744   1.09e+05   51
37   -2.18e+05  -841   1.09e+05   51
38   -2.18e+05  -957   1.09e+05   51
39   -2.18e+05  -1.09e+03   1.08e+05   51
40   -2.18e+05  -991   1.08e+05   51
41   -2.18e+05  -1.35e+03   1.08e+05   51
42   -2.18e+05  -1.53e+03   1.07e+05   51
43   -2.18e+05  -1.78e+03   1.07e+05   51
44   -2.18e+05  -2.17e+03   1.07e+05   51
45   -2.17e+05  -2.03e+03   1.07e+05   51
46   -2.17e+05  -1.81e+03   1.06e+05   51
47   -2.17e+05  -1.99e+03   1.06e+05   51
48   -2.17e+05  -1.88e+03   1.06e+05   51
49   -2.17e+05  -1.95e+03   1.06e+05   51
50   -2.17e+05  -1.94e+03   1.05e+05   51
51   -2.16e+05  -2.14e+03   1.05e+05   51
52   -2.16e+05  -2.06e+03   1.05e+05   51
53   -2.16e+05  -2.05e+03   1.05e+05   51
54   -2.16e+05  -2.04e+03   1.04e+05   51
55   -2.16e+05  -2.33e+03   1.04e+05   51
56   -2.16e+05  -2.52e+03   1.04e+05   51
57   -2.16e+05  -2.53e+03   1.04e+05   51
58   -2.16e+05  -2.65e+03   1.04e+05   51
59   -2.16e+05  -2.85e+03   1.03e+05   51
60   -2.16e+05  -2.92e+03   1.03e+05   51
61   -2.16e+05  -2.96e+03   1.03e+05   51
62   -2.16e+05  -3.07e+03   1.03e+05   51
63   -2.16e+05  -3.32e+03   1.03e+05   51
64   -2.15e+05  -3.13e+03   1.02e+05   51
65   -2.16e+05  -2.96e+03   1.02e+05   51
66   -2.16e+05  -2.95e+03   1.02e+05   51
67   -2.15e+05  -3.16e+03   1.02e+05   51
68   -2.16e+05  -3.24e+03   1.02e+05   51
69   -2.16e+05  -3.26e+03   1.02e+05   51
70   -2.16e+05  -3.26e+03   1.02e+05   51
71   -2.16e+05  -3.44e+03   1.01e+05   51
72   -2.16e+05  -3.42e+03   1.01e+05   51
73   -2.16e+05  -3.49e+03   1.01e+05   51
74   -2.15e+05  -3.65e+03   1.01e+05   51
75   -2.15e+05  -3.79e+03   1.01e+05   51
76   -2.15e+05  -3.61e+03   1e+05   51
77   -2.15e+05  -3.58e+03   1e+05   51
78   -2.15e+05  -3.84e+03   1e+05   51
79   -2.15e+05  -3.62e+03   1e+05   51
80   -2.15e+05  -3.72e+03   1e+05   51
81   -2.15e+05  -3.54e+03   9.99e+04   51
82   -2.15e+05  -3.22e+03   9.97e+04   51
83   -2.15e+05  -3.24e+03   9.97e+04   51
84   -2.15e+05  -3.32e+03   9.94e+04   51
85   -2.15e+05  -3.28e+03   9.95e+04   51
86   -2.15e+05  -3.08e+03   9.92e+04   51
87   -2.15e+05  -2.95e+03   9.9e+04   51
88   -2.15e+05  -2.66e+03   9.88e+04   51
89   -2.15e+05  -2.74e+03   9.88e+04   51
90   -2.15e+05  -2.99e+03   9.89e+04   51
91   -2.15e+05  -2.96e+03   9.85e+04   51
92   -2.15e+05  -2.88e+03   9.87e+04   51
93   -2.15e+05  -2.84e+03   9.88e+04   51
94   -2.15e+05  -2.62e+03   9.87e+04   51
95   -2.14e+05  -2.95e+03   9.86e+04   51
96   -2.15e+05  -2.66e+03   9.87e+04   51
97   -2.15e+05  -2.44e+03   9.87e+04   51
98   -2.15e+05  -2.42e+03   9.87e+04   51
99   -2.15e+05  -2.53e+03   9.85e+04   51
100   -2.15e+05  -2.51e+03   9.84e+04   51
101   -2.15e+05  -2.61e+03   9.84e+04   51
102   -2.14e+05  -2.55e+03   9.83e+04   51
103   -2.15e+05  -2.55e+03   9.83e+04   51
104   -2.15e+05  -2.25e+03   9.82e+04   51
105   -2.15e+05  -2.19e+03   9.82e+04   51
106   -2.15e+05  -2.21e+03   9.81e+04   51
107   -2.15e+05  -2.29e+03   9.81e+04   51
108   -2.15e+05  -2.49e+03   9.83e+04   51
109   -2.15e+05  -2.54e+03   9.82e+04   51
110   -2.15e+05  -2.52e+03   9.82e+04   51
111   -2.15e+05  -2.39e+03   9.8e+04   51
112   -2.15e+05  -2.47e+03   9.79e+04   51
113   -2.15e+05  -2.19e+03   9.79e+04   51
114   -2.15e+05  -2.12e+03   9.78e+04   51
115   -2.15e+05  -2e+03   9.79e+04   51
116   -2.15e+05  -1.93e+03   9.74e+04   51
117   -2.15e+05  -2e+03   9.74e+04   51
118   -2.15e+05  -2.12e+03   9.73e+04   51
119   -2.15e+05  -2.05e+03   9.72e+04   51
120   -2.15e+05  -2.13e+03   9.73e+04   51
121   -2.15e+05  -2.24e+03   9.74e+04   51
122   -2.15e+05  -2.15e+03   9.72e+04   51
123   -2.15e+05  -1.97e+03   9.7e+04   51
124   -2.15e+05  -2.09e+03   9.69e+04   51
125   -2.15e+05  -2.33e+03   9.69e+04   51
126   -2.15e+05  -2.55e+03   9.68e+04   51
127   -2.15e+05  -2.68e+03   9.65e+04   51
128   -2.15e+05  -2.72e+03   9.65e+04   51
129   -2.15e+05  -2.5e+03   9.64e+04   51
130   -2.15e+05  -2.37e+03   9.63e+04   51
131   -2.15e+05  -2.35e+03   9.63e+04   51
132   -2.14e+05  -2.32e+03   9.61e+04   51
133   -2.15e+05  -2.36e+03   9.6e+04   51
134   -2.15e+05  -2.31e+03   9.59e+04   51
135   -2.14e+05  -2.11e+03   9.56e+04   51
136   -2.14e+05  -1.89e+03   9.55e+04   51
137   -2.14e+05  -1.67e+03   9.53e+04   51
138   -2.15e+05  -1.6e+03   9.53e+04   51
139   -2.14e+05  -1.49e+03   9.52e+04   51
140   -2.14e+05  -1.28e+03   9.52e+04   51
141   -2.14e+05  -1.37e+03   9.52e+04   51
142   -2.15e+05  -1.09e+03   9.52e+04   51
143   -2.14e+05  -1.11e+03   9.51e+04   51
144   -2.14e+05  -984   9.53e+04   51
145   -2.14e+05  -933   9.53e+04   51
146   -2.14e+05  -891   9.52e+04   51
147   -2.14e+05  -1.07e+03   9.51e+04   51
148   -2.14e+05  -988   9.51e+04   51
149   -2.14e+05  -858   9.5e+04   51
150   -2.14e+05  -827   9.5e+04   51
151   -2.14e+05  -408   9.5e+04   51
152   -2.14e+05  -491   9.47e+04   51
153   -2.14e+05  -267   9.45e+04   51
154   -2.13e+05  -271   9.45e+04   51
155   -2.14e+05  -116   9.42e+04   51
156   -2.14e+05  -67   9.4e+04   51
157   -2.13e+05  -46.2   9.39e+04   51
158   -2.14e+05  139   9.39e+04   51
159   -2.14e+05  295   9.39e+04   51
160   -2.14e+05  174   9.38e+04   51
161   -2.14e+05  175   9.39e+04   51
162   -2.14e+05  501   9.4e+04   51
163   -2.14e+05  772   9.39e+04   51
164   -2.13e+05  654   9.37e+04   51
165   -2.14e+05  483   9.34e+04   51
166   -2.13e+05  318   9.32e+04   51
167   -2.14e+05  253   9.33e+04   51
168   -2.13e+05  327   9.31e+04   51
169   -2.14e+05  337   9.29e+04   51
170   -2.14e+05  146   9.3e+04   51
171   -2.14e+05  93.7   9.31e+04   51
172   -2.13e+05  188   9.29e+04   51
173   -2.13e+05  266   9.28e+04   51
174   -2.13e+05  50.9   9.27e+04   51
175   -2.13e+05  78.5   9.25e+04   51
176   -2.13e+05  -79.5   9.27e+04   51
177   -2.13e+05  -261   9.26e+04   51
178   -2.13e+05  -104   9.27e+04   51
179   -2.13e+05  -81.6   9.26e+04   51
180   -2.13e+05  -219   9.25e+04   51
181   -2.13e+05  -309   9.24e+04   51
182   -2.13e+05  -333   9.24e+04   51
183   -2.13e+05  -115   9.26e+04   51
184   -2.13e+05  -254   9.27e+04   51
185   -2.13e+05  -272   9.23e+04   51
186   -2.14e+05  -244   9.22e+04   51
187   -2.13e+05  -328   9.2e+04   51
188   -2.13e+05  -364   9.2e+04   51
189   -2.14e+05  -304   9.2e+04   51
190   -2.14e+05  -208   9.17e+04   51
191   -2.13e+05  -245   9.15e+04   51
192   -2.13e+05  17.5   9.15e+04   51
193   -2.13e+05  98.6   9.14e+04   51
194   -2.13e+05  209   9.13e+04   51
195   -2.13e+05  236   9.13e+04   51
196   -2.14e+05  38.4   9.13e+04   51
197   -2.14e+05  121   9.13e+04   51
198   -2.14e+05  433   9.12e+04   51
199   -2.13e+05  393   9.11e+04   51
200   -2.13e+05  303   9.12e+04   51
201   -2.13e+05  272   9.1e+04   51
202   -2.13e+05  456   9.08e+04   51
203   -2.13e+05  516   9.08e+04   51
204   -2.14e+05  658   9.1e+04   51
205   -2.13e+05  641   9.1e+04   51
206   -2.13e+05  666   9.1e+04   51
207   -2.14e+05  548   9.1e+04   51
208   -2.14e+05  683   9.1e+04   51
209   -2.14e+05  682   9.11e+04   51
210   -2.14e+05  561   9.12e+04   51
211   -2.14e+05  905   9.11e+04   51
212   -2.13e+05  864   9.1e+04   51
213   -2.13e+05  916   9.08e+04   51
214   -2.13e+05  916   9.1e+04   51
215   -2.14e+05  925   9.11e+04   51
216   -2.13e+05  875   9.11e+04   51
217   -2.14e+05  1.05e+03   9.11e+04   51
218   -2.13e+05  1e+03   9.1e+04   51
219   -2.14e+05  901   9.09e+04   51
220   -2.13e+05  820   9.07e+04   51
221   -2.14e+05  700   9.09e+04   51
222   -2.14e+05  780   9.09e+04   51
223   -2.14e+05  973   9.1e+04   51
224   -2.14e+05  1.24e+03   9.11e+04   51
225   -2.14e+05  1.43e+03   9.11e+04   51
226   -2.14e+05  1.63e+03   9.11e+04   51
227   -2.14e+05  1.53e+03   9.1e+04   51
228   -2.14e+05  1.43e+03   9.13e+04   51
229   -2.14e+05  1.21e+03   9.14e+04   51
230   -2.14e+05  1.19e+03   9.16e+04   51
231   -2.14e+05  1.16e+03   9.15e+04   51
232   -2.14e+05  1.12e+03   9.16e+04   51
233   -2.14e+05  1.27e+03   9.16e+04   51
234   -2.14e+05  1.36e+03   9.14e+04   51
235   -2.14e+05  1.34e+03   9.12e+04   51
236   -2.14e+05  1.56e+03   9.11e+04   51
237   -2.13e+05  1.46e+03   9.09e+04   51
238   -2.14e+05  1.22e+03   9.07e+04   51
239   -2.13e+05  1.12e+03   9.05e+04   51
240   -2.13e+05  1.17e+03   9.04e+04   51
241   -2.13e+05  1.08e+03   9.04e+04   51
242   -2.14e+05  1.31e+03   9.05e+04   51
243   -2.14e+05  1.32e+03   9.04e+04   51
244   -2.14e+05  1.42e+03   9.05e+04   51
245   -2.14e+05  1.4e+03   9.06e+04   51
246   -2.14e+05  1.12e+03   9.06e+04   51
247   -2.14e+05  1.08e+03   9.05e+04   51
248   -2.14e+05  1.24e+03   9.04e+04   51
249   -2.13e+05  1.14e+03   9.01e+04   51
250   -2.13e+05  949   8.98e+04   51
251   -2.13e+05  1.13e+03   8.96e+04   51
252   -2.13e+05  1.39e+03   8.94e+04   51
253   -2.13e+05  1.58e+03   8.92e+04   51
254   -2.13e+05  1.6e+03   8.92e+04   51
255   -2.13e+05  1.61e+03   8.93e+04   51
256   -2.13e+05  1.59e+03   8.92e+04   51
257   -2.13e+05  1.21e+03   8.92e+04   51
258   -2.13e+05  1.4e+03   8.91e+04   51
259   -2.13e+05  1.49e+03   8.9e+04   51
260   -2.13e+05  1.51e+03   8.88e+04   51
261   -2.12e+05  1.59e+03   8.86e+04   51
262   -2.12e+05  1.59e+03   8.85e+04   51
263   -2.12e+05  1.86e+03   8.85e+04   51
264   -2.13e+05  1.71e+03   8.84e+04   51
265   -2.12e+05  1.84e+03   8.83e+04   51
266   -2.12e+05  1.78e+03   8.82e+04   51
267   -2.12e+05  1.64e+03   8.82e+04   51
268   -2.13e+05  1.62e+03   8.84e+04   51
269   -2.13e+05  1.31e+03   8.85e+04   51
270   -2.13e+05  1.59e+03   8.85e+04   51
271   -2.13e+05  1.32e+03   8.83e+04   51
272   -2.13e+05  1.33e+03   8.81e+04   51
273   -2.13e+05  1.33e+03   8.82e+04   51
274   -2.13e+05  1.08e+03   8.84e+04   51
275   -2.13e+05  1.24e+03   8.82e+04   51
276   -2.13e+05  1.29e+03   8.81e+04   51
277   -2.13e+05  1.16e+03   8.8e+04   51
278   -2.13e+05  1.29e+03   8.81e+04   51
279   -2.13e+05  1.49e+03   8.8e+04   51
280   -2.14e+05  1.37e+03   8.81e+04   51
281   -2.13e+05  1.27e+03   8.81e+04   52
282   -2.13e+05  1.09e+03   8.78e+04   51
283   -2.13e+05  1.08e+03   8.76e+04   51
284   -2.13e+05  781   8.75e+04   51
285   -2.13e+05  845   8.75e+04   51
286   -2.13e+05  1.21e+03   8.75e+04   52
287   -2.13e+05  1.06e+03   8.74e+04   51
288   -2.13e+05  739   8.75e+04   51
289   -2.13e+05  904   8.75e+04   51
290   -2.13e+05  895   8.74e+04   51
291   -2.13e+05  855   8.75e+04   51
292   -2.13e+05  833   8.73e+04   51
293   -2.13e+05  980   8.73e+04   51
294   -2.13e+05  1.1e+03   8.75e+04   51
295   -2.13e+05  827   8.74e+04   51
296   -2.13e+05  847   8.71e+04   51
297   -2.13e+05  655   8.71e+04   51
298   -2.12e+05  741   8.7e+04   51
299   -2.12e+05  1.04e+03   8.72e+04   51
300   -2.12e+05  914   8.7e+04   51
301   -2.13e+05  969   8.68e+04   51
302   -2.13e+05  1.05e+03   8.67e+04   51
303   -2.13e+05  1.08e+03   8.65e+04   51
304   -2.13e+05  1.01e+03   8.65e+04   51
305   -2.13e+05  906   8.64e+04   51
306   -2.13e+05  763   8.63e+04   51
307   -2.13e+05  624   8.62e+04   51
308   -2.13e+05  738   8.64e+04   51
309   -2.12e+05  882   8.62e+04   51
310   -2.12e+05  909   8.62e+04   51
311   -2.12e+05  1.05e+03   8.62e+04   51
312   -2.13e+05  1.04e+03   8.63e+04   51
313   -2.13e+05  992   8.64e+04   51
314   -2.13e+05  944   8.61e+04   51
315   -2.13e+05  780   8.62e+04   51
316   -2.13e+05  700   8.59e+04   51
317   -2.13e+05  342   8.58e+04   51
318   -2.13e+05  233   8.59e+04   51
319   -2.13e+05  419   8.57e+04   51
320   -2.13e+05  328   8.58e+04   51
321   -2.13e+05  391   8.59e+04   51
322   -2.13e+05  183   8.59e+04   51
323   -2.13e+05  137   8.57e+04   51
324   -2.13e+05  -6.22   8.56e+04   51
325   -2.13e+05  -47.4   8.56e+04   51
326   -2.13e+05  52.7   8.58e+04   51
327   -2.13e+05  -142   8.6e+04   51
328   -2.13e+05  -343   8.6e+04   51
329   -2.13e+05  -109   8.59e+04   51
330   -2.13e+05  -300   8.57e+04   51
331   -2.13e+05  -167   8.57e+04   51
332   -2.13e+05  -206   8.59e+04   51
333   -2.13e+05  -58.7   8.58e+04   51
334   -2.12e+05  -98.2   8.56e+04   51
335   -2.12e+05  -71   8.55e+04   51
336   -2.12e+05  -76.5   8.51e+04   51
337   -2.12e+05  -105   8.53e+04   51
338   -2.13e+05  -83.1   8.55e+04   51
339   -2.13e+05  -12.5   8.53e+04   51
340   -2.12e+05  60.1   8.52e+04   51
341   -2.12e+05  258   8.51e+04   51
342   -2.12e+05  185   8.52e+04   52
343   -2.12e+05  115   8.5e+04   52
344   -2.12e+05  210   8.49e+04   51
345   -2.12e+05  321   8.49e+04   51
346   -2.13e+05  329   8.49e+04   51
347   -2.13e+05  2.9   8.5e+04   51
348   -2.13e+05  142   8.5e+04   51
349   -2.13e+05  41.7   8.49e+04   51
350   -2.12e+05  38.1   8.49e+04   51
351   -2.13e+05  190   8.5e+04   51
352   -2.13e+05  272   8.52e+04   51
353   -2.13e+05  567   8.51e+04   51
354   -2.13e+05  565   8.51e+04   51
355   -2.13e+05  713   8.51e+04   51
356   -2.13e+05  828   8.52e+04   51
357   -2.13e+05  855   8.54e+04   51
358   -2.13e+05  897   8.51e+04   51
359   -2.13e+05  727   8.5e+04   51
360   -2.13e+05  756   8.48e+04   51
361   -2.13e+05  953   8.48e+04   51
362   -2.13e+05  824   8.48e+04   51
363   -2.13e+05  894   8.49e+04   51
364   -2.13e+05  892   8.5e+04   51
365   -2.13e+05  753   8.49e+04   51
366   -2.13e+05  750   8.49e+04   51
367   -2.13e+05  698   8.48e+04   51
368   -2.13e+05  1.01e+03   8.48e+04   51
369   -2.13e+05  1.01e+03   8.5e+04   51
370   -2.13e+05  1.13e+03   8.47e+04   51
371   -2.13e+05  1.37e+03   8.48e+04   51
372   -2.13e+05  1.09e+03   8.51e+04   51
373   -2.13e+05  1.23e+03   8.5e+04   51
374   -2.13e+05  1.6e+03   8.49e+04   51
375   -2.14e+05  1.47e+03   8.49e+04   51
376   -2.13e+05  1.54e+03   8.48e+04   51
377   -2.13e+05  1.56e+03   8.48e+04   51
378   -2.13e+05  1.59e+03   8.47e+04   51
379   -2.12e+05  1.73e+03   8.44e+04   51
380   -2.12e+05  1.65e+03   8.43e+04   51
381   -2.13e+05  1.83e+03   8.43e+04   51
382   -2.13e+05  1.78e+03   8.4e+04   51
383   -2.13e+05  1.64e+03   8.41e+04   51
384   -2.13e+05  1.46e+03   8.4e+04   51
385   -2.12e+05  1.43e+03   8.38e+04   51
386   -2.12e+05  1.58e+03   8.37e+04   51
387   -2.12e+05  1.48e+03   8.35e+04   51
388   -2.12e+05  1.6e+03   8.35e+04   51
389   -2.12e+05  1.63e+03   8.35e+04   51
390   -2.12e+05  1.72e+03   8.37e+04   51
391   -2.12e+05  1.6e+03   8.38e+04   51
392   -2.12e+05  1.79e+03   8.38e+04   51
393   -2.12e+05  1.75e+03   8.37e+04   51
394   -2.12e+05  1.45e+03   8.37e+04   51
395   -2.12e+05  1.39e+03   8.37e+04   51
396   -2.12e+05  1.23e+03   8.39e+04   51
397   -2.12e+05  1.13e+03   8.4e+04   51
398   -2.12e+05  1.21e+03   8.41e+04   51
399   -2.13e+05  1.23e+03   8.42e+04   51
400   -2.12e+05  1.41e+03   8.39e+04   51
401   -2.12e+05  1.48e+03   8.38e+04   51
402   -2.13e+05  1.28e+03   8.41e+04   51
403   -2.13e+05  1.07e+03   8.4e+04   51
404   -2.13e+05  1.13e+03   8.4e+04   52
405   -2.13e+05  1.02e+03   8.39e+04   51
406   -2.12e+05  914   8.38e+04   51
407   -2.12e+05  992   8.36e+04   51
408   -2.12e+05  1.26e+03   8.37e+04   51
409   -2.12e+05  1.19e+03   8.37e+04   51
410   -2.13e+05  1.14e+03   8.37e+04   51
411   -2.13e+05  1.33e+03   8.38e+04   51
412   -2.13e+05  1.37e+03   8.41e+04   51
413   -2.13e+05  1.2e+03   8.4e+04   51
414   -2.13e+05  1.31e+03   8.42e+04   51
415   -2.13e+05  1.29e+03   8.42e+04   51
416   -2.13e+05  1.2e+03   8.42e+04   51
417   -2.13e+05  1.1e+03   8.42e+04   51
418   -2.13e+05  1.1e+03   8.42e+04   51
419   -2.13e+05  1.22e+03   8.42e+04   51
420   -2.12e+05  1.31e+03   8.41e+04   51
421   -2.12e+05  1.37e+03   8.42e+04   51
422   -2.12e+05  1.42e+03   8.42e+04   51
423   -2.12e+05  1.34e+03   8.42e+04   51
424   -2.11e+05  1.28e+03   8.42e+04   51
425   -2.12e+05  1.18e+03   8.43e+04   51
426   -2.12e+05  1.11e+03   8.44e+04   51
427   -2.12e+05  1.21e+03   8.45e+04   52
428   -2.12e+05  1.07e+03   8.43e+04   51
429   -2.12e+05  1.19e+03   8.43e+04   51
430   -2.12e+05  836   8.45e+04   51
431   -2.12e+05  1.07e+03   8.45e+04   51
432   -2.12e+05  700   8.46e+04   51
433   -2.12e+05  823   8.44e+04   51
434   -2.12e+05  1.01e+03   8.42e+04   51
435   -2.12e+05  962   8.43e+04   51
436   -2.12e+05  1.19e+03   8.44e+04   51
437   -2.13e+05  1.14e+03   8.45e+04   51
438   -2.12e+05  1.01e+03   8.44e+04   51
439   -2.13e+05  986   8.43e+04   51
440   -2.13e+05  1.03e+03   8.45e+04   51
441   -2.13e+05  902   8.45e+04   52
442   -2.13e+05  883   8.45e+04   51
443   -2.13e+05  803   8.46e+04   51
444   -2.13e+05  777   8.43e+04   52
445   -2.13e+05  727   8.41e+04   51
446   -2.12e+05  760   8.41e+04   51
447   -2.13e+05  801   8.41e+04   51
448   -2.13e+05  843   8.43e+04   51
449   -2.12e+05  797   8.42e+04   51
450   -2.12e+05  903   8.4e+04   51
451   -2.12e+05  1.01e+03   8.39e+04   51
452   -2.13e+05  1.09e+03   8.4e+04   51
453   -2.13e+05  1.15e+03   8.39e+04   51
454   -2.12e+05  1.01e+03   8.41e+04   51
455   -2.13e+05  718   8.4e+04   51
456   -2.13e+05  625   8.4e+04   51
457   -2.12e+05  323   8.38e+04   52
458   -2.12e+05  322   8.37e+04   51
459   -2.12e+05  246   8.36e+04   51
460   -2.12e+05  533   8.35e+04   51
461   -2.13e+05  518   8.35e+04   51
462   -2.12e+05  611   8.34e+04   51
463   -2.12e+05  662   8.38e+04   51
464   -2.12e+05  549   8.36e+04   51
465   -2.12e+05  464   8.33e+04   51
466   -2.12e+05  544   8.34e+04   51
467   -2.13e+05  666   8.36e+04   51
468   -2.12e+05  655   8.36e+04   51
469   -2.13e+05  613   8.37e+04   51
470   -2.13e+05  591   8.35e+04   51
471   -2.12e+05  770   8.33e+04   51
472   -2.12e+05  910   8.32e+04   51
473   -2.12e+05  780   8.29e+04   51
474   -2.12e+05  902   8.29e+04   51
475   -2.12e+05  1.09e+03   8.29e+04   51
476   -2.12e+05  1.18e+03   8.29e+04   51
477   -2.13e+05  1.37e+03   8.3e+04   52
478   -2.13e+05  985   8.33e+04   51
479   -2.13e+05  946   8.34e+04   51
480   -2.13e+05  966   8.36e+04   51
481   -2.13e+05  1.05e+03   8.36e+04   51
482   -2.13e+05  1.11e+03   8.31e+04   51
483   -2.13e+05  1.13e+03   8.32e+04   51
484   -2.13e+05  1.1e+03   8.3e+04   51
485   -2.13e+05  985   8.28e+04   51
486   -2.13e+05  986   8.29e+04   51
487   -2.13e+05  849   8.28e+04   51
488   -2.13e+05  1e+03   8.28e+04   51
489   -2.13e+05  1.05e+03   8.27e+04   51
490   -2.13e+05  1.37e+03   8.29e+04   51
491   -2.12e+05  1.45e+03   8.29e+04   51
492   -2.12e+05  1.62e+03   8.3e+04   51
493   -2.13e+05  1.55e+03   8.3e+04   51
494   -2.13e+05  1.92e+03   8.29e+04   51
495   -2.13e+05  2.03e+03   8.27e+04   51
496   -2.13e+05  1.92e+03   8.26e+04   51
497   -2.12e+05  1.88e+03   8.26e+04   51
498   -2.12e+05  2.07e+03   8.26e+04   52
499   -2.12e+05  2.05e+03   8.27e+04   51
500   -2.12e+05  2.07e+03   8.27e+04   51
501   -2.12e+05  2.15e+03   8.27e+04   51
502   -2.12e+05  2.05e+03   8.27e+04   51
503   -2.12e+05  2.11e+03   8.24e+04   51
504   -2.12e+05  2.08e+03   8.25e+04   51
505   -2.12e+05  2.14e+03   8.25e+04   51
506   -2.12e+05  2.15e+03   8.27e+04   51
507   -2.13e+05  2.14e+03   8.27e+04   51
508   -2.12e+05  2.21e+03   8.26e+04   52
509   -2.12e+05  2.22e+03   8.28e+04   51
510   -2.12e+05  2.23e+03   8.28e+04   51
511   -2.12e+05  2.5e+03   8.27e+04   51
512   -2.12e+05  2.26e+03   8.26e+04   51
513   -2.12e+05  2.18e+03   8.26e+04   51
514   -2.12e+05  2.21e+03   8.23e+04   51
515   -2.12e+05  2.12e+03   8.23e+04   51
516   -2.12e+05  2.01e+03   8.23e+04   51
517   -2.12e+05  2.15e+03   8.24e+04   51
518   -2.12e+05  2.29e+03   8.26e+04   51
519   -2.12e+05  2.34e+03   8.27e+04   51
520   -2.12e+05  2.56e+03   8.27e+04   52
521   -2.12e+05  2.48e+03   8.26e+04   51
522   -2.12e+05  2.6e+03   8.26e+04   51
523   -2.12e+05  2.53e+03   8.25e+04   51
524   -2.12e+05  2.67e+03   8.26e+04   51
525   -2.11e+05  2.66e+03   8.25e+04   51
526   -2.12e+05  2.88e+03   8.25e+04   52
527   -2.12e+05  2.85e+03   8.26e+04   51
528   -2.12e+05  3.03e+03   8.26e+04   51
529   -2.12e+05  3.02e+03   8.24e+04   51
530   -2.12e+05  3.12e+03   8.24e+04   51
531   -2.12e+05  2.88e+03   8.27e+04   51
532   -2.12e+05  2.83e+03   8.28e+04   51
533   -2.12e+05  2.86e+03   8.27e+04   51
534   -2.12e+05  2.74e+03   8.28e+04   51
535   -2.12e+05  2.98e+03   8.28e+04   51
536   -2.12e+05  2.92e+03   8.28e+04   51
537   -2.12e+05  2.73e+03   8.28e+04   51
538   -2.12e+05  2.9e+03   8.28e+04   51
539   -2.12e+05  2.86e+03   8.3e+04   51
540   -2.12e+05  2.75e+03   8.31e+04   51
541   -2.12e+05  2.73e+03   8.31e+04   51
542   -2.13e+05  2.73e+03   8.32e+04   51
543   -2.13e+05  2.86e+03   8.33e+04   51
544   -2.13e+05  3.06e+03   8.33e+04   51
545   -2.13e+05  3.31e+03   8.32e+04   51
546   -2.13e+05  3.05e+03   8.33e+04   51
547   -2.13e+05  2.85e+03   8.35e+04   51
548   -2.13e+05  3.03e+03   8.34e+04   51
549   -2.13e+05  2.87e+03   8.32e+04   51
550   -2.13e+05  2.71e+03   8.32e+04   51
551   -2.12e+05  2.94e+03   8.3e+04   51
552   -2.12e+05  3.1e+03   8.3e+04   51
553   -2.12e+05  3.26e+03   8.33e+04   51
554   -2.13e+05  3.26e+03   8.33e+04   51
555   -2.12e+05  3.08e+03   8.32e+04   51
556   -2.13e+05  3.16e+03   8.31e+04   51
557   -2.12e+05  3.27e+03   8.32e+04   51
558   -2.12e+05  3.36e+03   8.32e+04   51
559   -2.12e+05  3.42e+03   8.34e+04   51
560   -2.12e+05  3.39e+03   8.34e+04   51
561   -2.13e+05  3.32e+03   8.35e+04   51
562   -2.13e+05  3.12e+03   8.35e+04   51
563   -2.12e+05  2.94e+03   8.35e+04   51
564   -2.13e+05  2.76e+03   8.34e+04   51
565   -2.12e+05  2.7e+03   8.34e+04   51
566   -2.12e+05  2.64e+03   8.34e+04   51
567   -2.13e+05  2.6e+03   8.31e+04   51
568   -2.13e+05  2.56e+03   8.31e+04   51
569   -2.13e+05  2.35e+03   8.33e+04   51
570   -2.13e+05  2.33e+03   8.31e+04   51
571   -2.13e+05  2.4e+03   8.3e+04   51
572   -2.13e+05  2.68e+03   8.3e+04   51
573   -2.12e+05  2.62e+03   8.29e+04   51
574   -2.12e+05  2.74e+03   8.27e+04   51
575   -2.12e+05  2.51e+03   8.27e+04   51
576   -2.13e+05  2.2e+03   8.27e+04   51
577   -2.13e+05  2.35e+03   8.26e+04   51
578   -2.13e+05  2.53e+03   8.28e+04   51
579   -2.12e+05  2.24e+03   8.26e+04   51
580   -2.13e+05  2.14e+03   8.27e+04   51
581   -2.12e+05  2.1e+03   8.26e+04   51
582   -2.13e+05  1.78e+03   8.27e+04   51
583   -2.12e+05  1.9e+03   8.24e+04   51
584   -2.12e+05  1.8e+03   8.24e+04   51
585   -2.12e+05  1.95e+03   8.24e+04   51
586   -2.12e+05  1.81e+03   8.23e+04   51
587   -2.13e+05  1.86e+03   8.22e+04   51
588   -2.13e+05  2.08e+03   8.22e+04   51
589   -2.13e+05  2.02e+03   8.2e+04   51
590   -2.13e+05  2.14e+03   8.18e+04   51
591   -2.12e+05  1.98e+03   8.18e+04   51
592   -2.12e+05  1.96e+03   8.16e+04   51
593   -2.12e+05  1.83e+03   8.16e+04   51
594   -2.12e+05  1.78e+03   8.17e+04   51
595   -2.12e+05  1.68e+03   8.18e+04   51
596   -2.12e+05  1.72e+03   8.18e+04   51
597   -2.12e+05  1.84e+03   8.17e+04   51
598   -2.12e+05  1.86e+03   8.19e+04   51
599   -2.12e+05  1.81e+03   8.17e+04   51
600   -2.13e+05  1.78e+03   8.16e+04   51
601   -2.13e+05  1.87e+03   8.19e+04   51
602   -2.13e+05  1.75e+03   8.19e+04   51
603   -2.12e+05  1.92e+03   8.19e+04   51
604   -2.13e+05  1.78e+03   8.2e+04   51
605   -2.13e+05  1.78e+03   8.22e+04   51
606   -2.13e+05  1.8e+03   8.22e+04   51
607   -2.13e+05  1.94e+03   8.2e+04   51
608   -2.12e+05  1.96e+03   8.18e+04   51
609   -2.12e+05  1.83e+03   8.18e+04   51
610   -2.12e+05  1.9e+03   8.19e+04   52
611   -2.12e+05  1.8e+03   8.17e+04   51
612   -2.12e+05  1.96e+03   8.16e+04   51
613   -2.12e+05  2.02e+03   8.15e+04   51
614   -2.12e+05  1.9e+03   8.16e+04   51
615   -2.12e+05  1.83e+03   8.16e+04   51
616   -2.12e+05  1.48e+03   8.15e+04   51
617   -2.12e+05  1.46e+03   8.12e+04   51
618   -2.12e+05  1.6e+03   8.13e+04   51
619   -2.12e+05  1.67e+03   8.13e+04   51
620   -2.12e+05  1.67e+03   8.15e+04   51
621   -2.13e+05  1.69e+03   8.18e+04   51
622   -2.12e+05  1.74e+03   8.19e+04   51
623   -2.13e+05  1.78e+03   8.19e+04   51
624   -2.13e+05  1.76e+03   8.19e+04   51
625   -2.13e+05  1.67e+03   8.16e+04   51
626   -2.13e+05  1.58e+03   8.16e+04   51
627   -2.13e+05  1.46e+03   8.17e+04   51
628   -2.13e+05  1.3e+03   8.15e+04   51
629   -2.13e+05  1.28e+03   8.15e+04   51
630   -2.13e+05  1.53e+03   8.16e+04   51
631   -2.12e+05  1.68e+03   8.13e+04   51
632   -2.12e+05  1.68e+03   8.14e+04   52
633   -2.13e+05  1.77e+03   8.15e+04   51
634   -2.13e+05  1.9e+03   8.16e+04   51
635   -2.13e+05  1.84e+03   8.19e+04   51
636   -2.13e+05  1.61e+03   8.17e+04   51
637   -2.13e+05  1.33e+03   8.17e+04   51
638   -2.13e+05  994   8.16e+04   51
639   -2.13e+05  897   8.15e+04   51
640   -2.13e+05  761   8.16e+04   51
641   -2.13e+05  1.02e+03   8.16e+04   51
642   -2.13e+05  1.2e+03   8.16e+04   51
643   -2.13e+05  1.18e+03   8.15e+04   51
644   -2.13e+05  1.3e+03   8.13e+04   51
645   -2.13e+05  1.35e+03   8.14e+04   51
646   -2.13e+05  977   8.13e+04   51
647   -2.13e+05  927   8.12e+04   51
648   -2.13e+05  769   8.1e+04   51
649   -2.13e+05  667   8.09e+04   51
650   -2.13e+05  602   8.09e+04   51
651   -2.13e+05  386   8.09e+04   51
652   -2.12e+05  204   8.08e+04   51
653   -2.12e+05  266   8.09e+04   51
654   -2.13e+05  487   8.09e+04   51
655   -2.13e+05  594   8.08e+04   51
656   -2.13e+05  438   8.09e+04   51
657   -2.13e+05  631   8.1e+04   51
658   -2.12e+05  592   8.09e+04   51
659   -2.13e+05  466   8.09e+04   51
660   -2.13e+05  289   8.08e+04   51
661   -2.13e+05  49   8.08e+04   51
662   -2.13e+05  215   8.08e+04   51
663   -2.13e+05  319   8.08e+04   51
664   -2.12e+05  144   8.07e+04   51
665   -2.12e+05  134   8.09e+04   51
666   -2.13e+05  62.6   8.12e+04   52
667   -2.13e+05  -77.3   8.12e+04   51
668   -2.13e+05  171   8.1e+04   51
669   -2.13e+05  64.6   8.08e+04   51
670   -2.12e+05  224   8.08e+04   51
671   -2.12e+05  32.6   8.07e+04   51
672   -2.13e+05  319   8.07e+04   51
673   -2.13e+05  434   8.06e+04   51
674   -2.13e+05  242   8.06e+04   51
675   -2.13e+05  17.9   8.05e+04   51
676   -2.12e+05  -80   8.06e+04   51
677   -2.13e+05  -217   8.09e+04   52
678   -2.13e+05  -360   8.11e+04   51
679   -2.13e+05  -93.8   8.11e+04   51
680   -2.13e+05  -24.5   8.11e+04   51
681   -2.13e+05  68.4   8.12e+04   51
682   -2.13e+05  -162   8.12e+04   51
683   -2.13e+05  -382   8.09e+04   51
684   -2.12e+05  -387   8.07e+04   51
685   -2.13e+05  -367   8.08e+04   52
686   -2.13e+05  -406   8.07e+04   51
687   -2.13e+05  -483   8.07e+04   51
688   -2.12e+05  -485   8.08e+04   51
689   -2.12e+05  -497   8.07e+04   51
690   -2.12e+05  -496   8.07e+04   52
691   -2.12e+05  -376   8.04e+04   51
692   -2.12e+05  -16.4   8.05e+04   51
693   -2.12e+05  283   8.05e+04   51
694   -2.13e+05  247   8.05e+04   51
695   -2.12e+05  355   8.06e+04   51
696   -2.12e+05  197   8.05e+04   51
697   -2.12e+05  200   8.05e+04   51
698   -2.12e+05  -169   8.03e+04   51
699   -2.13e+05  -212   8.05e+04   51
700   -2.13e+05  -42.9   8.05e+04   51
701   -2.13e+05  142   8.04e+04   51
702   -2.13e+05  564   8.02e+04   51
703   -2.13e+05  325   8.01e+04   51
704   -2.12e+05  546   7.99e+04   51
705   -2.13e+05  571   7.98e+04   51
706   -2.13e+05  682   7.99e+04   51
707   -2.13e+05  461   7.98e+04   51
708   -2.13e+05  351   7.98e+04   51
709   -2.13e+05  74.4   7.97e+04   51
710   -2.13e+05  2.38   7.99e+04   51
711   -2.13e+05  -80   7.97e+04   51
712   -2.13e+05  83   7.98e+04   51
713   -2.12e+05  158   7.97e+04   51
714   -2.13e+05  371   7.97e+04   51
715   -2.13e+05  145   8e+04   51
716   -2.13e+05  281   8e+04   51
717   -2.13e+05  271   7.99e+04   51
718   -2.13e+05  315   7.98e+04   51
719   -2.13e+05  280   7.97e+04   51
720   -2.13e+05  256   7.97e+04   51
721   -2.13e+05  392   7.96e+04   51
722   -2.13e+05  291   7.96e+04   51
723   -2.14e+05  277   7.96e+04   51
724   -2.13e+05  158   7.96e+04   51
725   -2.13e+05  147   7.97e+04   51
726   -2.13e+05  -216   7.97e+04   51
727   -2.13e+05  -453   7.98e+04   51
728   -2.13e+05  -375   8.02e+04   51
729   -2.13e+05  -479   7.99e+04   51
730   -2.13e+05  -483   8e+04   51
731   -2.13e+05  -634   8e+04   51
732   -2.13e+05  -625   8e+04   51
733   -2.13e+05  -526   8e+04   51
734   -2.13e+05  -740   7.99e+04   51
735   -2.13e+05  -575   7.97e+04   51
736   -2.13e+05  -379   7.96e+04   51
737   -2.12e+05  -711   7.96e+04   51
738   -2.13e+05  -396   7.97e+04   51
739   -2.13e+05  -624   8e+04   51
740   -2.13e+05  -637   8.02e+04   51
741   -2.13e+05  -377   8.03e+04   51
742   -2.13e+05  -262   8.04e+04   51
743   -2.13e+05  -8.49   8.04e+04   51
744   -2.13e+05  -317   8.04e+04   51
745   -2.13e+05  -376   8.03e+04   51
746   -2.13e+05  -101   8.03e+04   51
747   -2.13e+05  -400   8e+04   51
748   -2.13e+05  -157   8e+04   51
749   -2.13e+05  -21.3   8.01e+04   51
750   -2.13e+05  -10.9   8e+04   51
751   -2.13e+05  -146   7.99e+04   51
752   -2.13e+05  -197   8e+04   51
753   -2.13e+05  -19.1   7.99e+04   51
754   -2.13e+05  59   7.98e+04   51
755   -2.13e+05  22.1   7.99e+04   51
756   -2.13e+05  124   7.99e+04   52
757   -2.13e+05  305   8e+04   51
758   -2.13e+05  251   8e+04   51
759   -2.12e+05  66.5   7.97e+04   51
760   -2.13e+05  -149   7.98e+04   51
761   -2.13e+05  -162   7.98e+04   51
762   -2.13e+05  145   7.97e+04   51
763   -2.13e+05  -56.2   7.97e+04   51
764   -2.13e+05  209   7.98e+04   51
765   -2.13e+05  332   7.97e+04   51
766   -2.13e+05  632   7.98e+04   51
767   -2.13e+05  453   7.95e+04   51
768   -2.13e+05  598   7.96e+04   51
769   -2.13e+05  713   7.95e+04   51
770   -2.13e+05  756   7.95e+04   51
771   -2.13e+05  703   7.94e+04   51
772   -2.13e+05  694   7.93e+04   51
773   -2.13e+05  952   7.94e+04   51
774   -2.13e+05  1e+03   7.96e+04   51
775   -2.13e+05  876   7.97e+04   51
776   -2.13e+05  962   7.98e+04   51
777   -2.13e+05  957   8e+04   51
778   -2.13e+05  1.13e+03   8.04e+04   51
779   -2.13e+05  981   8.02e+04   51
780   -2.13e+05  836   8.02e+04   51
781   -2.14e+05  1.07e+03   8.02e+04   51
782   -2.13e+05  915   8.02e+04   51
783   -2.13e+05  779   8.03e+04   51
784   -2.13e+05  683   8.01e+04   51
785   -2.13e+05  630   8.02e+04   51
786   -2.13e+05  535   8.02e+04   51
787   -2.13e+05  629   8.02e+04   51
788   -2.13e+05  424   8.01e+04   51
789   -2.13e+05  437   8.03e+04   51
790   -2.13e+05  258   8.01e+04   51
791   -2.13e+05  -91.7   8e+04   51
792   -2.13e+05  -45.1   8e+04   51
793   -2.13e+05  -172   7.98e+04   51
794   -2.13e+05  -461   7.97e+04   51
795   -2.13e+05  -603   7.96e+04   51
796   -2.13e+05  -620   7.96e+04   51
797   -2.13e+05  -618   7.94e+04   51
798   -2.13e+05  -836   7.95e+04   51
799   -2.13e+05  -851   7.93e+04   51
800   -2.13e+05  -956   7.94e+04   51
801   -2.13e+05  -1.04e+03   7.92e+04   51
802   -2.13e+05  -1.28e+03   7.93e+04   51
803   -2.14e+05  -1.25e+03   7.95e+04   51
804   -2.14e+05  -1.1e+03   7.98e+04   51
805   -2.13e+05  -1.14e+03   7.95e+04   51
806   -2.13e+05  -894   7.96e+04   51
807   -2.13e+05  -871   7.95e+04   51
808   -2.13e+05  -850   7.93e+04   51
809   -2.13e+05  -940   7.92e+04   51
810   -2.13e+05  -887   7.92e+04   51
811   -2.13e+05  -1.17e+03   7.91e+04   51
812   -2.13e+05  -1.17e+03   7.92e+04   51
813   -2.13e+05  -1.2e+03   7.9e+04   51
814   -2.12e+05  -1.37e+03   7.92e+04   51
815   -2.13e+05  -1.3e+03   7.9e+04   51
816   -2.13e+05  -1.32e+03   7.88e+04   51
817   -2.13e+05  -1.56e+03   7.9e+04   51
818   -2.13e+05  -1.76e+03   7.88e+04   51
819   -2.12e+05  -1.65e+03   7.84e+04   51
820   -2.12e+05  -1.8e+03   7.83e+04   51
821   -2.13e+05  -2e+03   7.83e+04   51
822   -2.12e+05  -1.96e+03   7.84e+04   51
823   -2.13e+05  -2.09e+03   7.84e+04   51
824   -2.13e+05  -2.05e+03   7.84e+04   51
825   -2.13e+05  -2.33e+03   7.85e+04   51
826   -2.12e+05  -2.53e+03   7.85e+04   51
827   -2.12e+05  -2.55e+03   7.86e+04   51
828   -2.12e+05  -2.71e+03   7.88e+04   51
829   -2.13e+05  -2.8e+03   7.87e+04   51
830   -2.13e+05  -2.75e+03   7.88e+04   52
831   -2.13e+05  -2.73e+03   7.89e+04   51
832   -2.12e+05  -2.7e+03   7.87e+04   51
833   -2.12e+05  -2.5e+03   7.88e+04   51
834   -2.13e+05  -2.57e+03   7.88e+04   51
835   -2.13e+05  -2.76e+03   7.93e+04   51
836   -2.13e+05  -2.81e+03   7.92e+04   51
837   -2.13e+05  -2.95e+03   7.92e+04   51
838   -2.13e+05  -2.9e+03   7.92e+04   51
839   -2.13e+05  -2.8e+03   7.91e+04   51
840   -2.13e+05  -2.93e+03   7.9e+04   51
841   -2.13e+05  -2.66e+03   7.9e+04   51
842   -2.13e+05  -2.51e+03   7.9e+04   51
843   -2.13e+05  -2.4e+03   7.88e+04   51
844   -2.13e+05  -2.43e+03   7.9e+04   51
845   -2.13e+05  -2.59e+03   7.91e+04   51
846   -2.13e+05  -2.42e+03   7.91e+04   51
847   -2.13e+05  -2.46e+03   7.92e+04   51
848   -2.13e+05  -2.82e+03   7.92e+04   51
849   -2.12e+05  -2.64e+03   7.91e+04   51
850   -2.12e+05  -2.36e+03   7.9e+04   51
851   -2.12e+05  -2.22e+03   7.91e+04   51
852   -2.13e+05  -2.22e+03   7.89e+04   51
853   -2.13e+05  -2.35e+03   7.87e+04   51
854   -2.13e+05  -2.62e+03   7.88e+04   52
855   -2.13e+05  -2.73e+03   7.87e+04   51
856   -2.12e+05  -2.83e+03   7.87e+04   51
857   -2.13e+05  -2.7e+03   7.87e+04   51
858   -2.12e+05  -2.89e+03   7.86e+04   51
859   -2.13e+05  -2.82e+03   7.89e+04   51
860   -2.13e+05  -2.77e+03   7.87e+04   51
861   -2.12e+05  -2.85e+03   7.85e+04   51
862   -2.12e+05  -2.86e+03   7.86e+04   51
863   -2.13e+05  -2.89e+03   7.86e+04   51
864   -2.13e+05  -3.1e+03   7.86e+04   51
865   -2.13e+05  -3.02e+03   7.86e+04   51
866   -2.13e+05  -3.31e+03   7.86e+04   51
867   -2.13e+05  -3.1e+03   7.86e+04   51
868   -2.13e+05  -3.13e+03   7.86e+04   51
869   -2.13e+05  -3.24e+03   7.85e+04   51
870   -2.13e+05  -3.16e+03   7.86e+04   51
871   -2.13e+05  -3.16e+03   7.88e+04   51
872   -2.13e+05  -3.06e+03   7.87e+04   51
873   -2.13e+05  -3.06e+03   7.86e+04   51
874   -2.13e+05  -2.86e+03   7.87e+04   51
875   -2.13e+05  -2.92e+03   7.85e+04   51
876   -2.13e+05  -3.05e+03   7.83e+04   51
877   -2.12e+05  -3.08e+03   7.83e+04   51
878   -2.13e+05  -3.09e+03   7.86e+04   51
879   -2.12e+05  -3.22e+03   7.86e+04   51
880   -2.13e+05  -3.11e+03   7.85e+04   51
881   -2.12e+05  -3.39e+03   7.83e+04   51
882   -2.12e+05  -3.2e+03   7.83e+04   51
883   -2.13e+05  -3.32e+03   7.84e+04   51
884   -2.13e+05  -3.4e+03   7.86e+04   51
885   -2.12e+05  -3.61e+03   7.87e+04   51
886   -2.13e+05  -3.47e+03   7.89e+04   51
887   -2.13e+05  -3.13e+03   7.89e+04   51
888   -2.13e+05  -3.14e+03   7.9e+04   51
889   -2.13e+05  -2.94e+03   7.89e+04   51
890   -2.13e+05  -3.08e+03   7.9e+04   51
891   -2.14e+05  -3.24e+03   7.91e+04   51
892   -2.13e+05  -3.11e+03   7.9e+04   51
893   -2.13e+05  -3.02e+03   7.89e+04   51
894   -2.13e+05  -2.8e+03   7.91e+04   51
895   -2.13e+05  -2.64e+03   7.93e+04   51
896   -2.13e+05  -2.51e+03   7.93e+04   51
897   -2.13e+05  -2.64e+03   7.91e+04   51
898   -2.13e+05  -2.64e+03   7.92e+04   51
899   -2.13e+05  -2.7e+03   7.91e+04   51
900   -2.13e+05  -2.37e+03   7.89e+04   51
901   -2.13e+05  -2.32e+03   7.91e+04   51
902   -2.13e+05  -2.32e+03   7.93e+04   51
903   -2.12e+05  -2.54e+03   7.91e+04   51
904   -2.13e+05  -2.45e+03   7.92e+04   51
905   -2.12e+05  -2.64e+03   7.92e+04   51
906   -2.12e+05  -2.49e+03   7.92e+04   51
907   -2.12e+05  -2.33e+03   7.93e+04   51
908   -2.12e+05  -1.98e+03   7.95e+04   51
909   -2.12e+05  -2.16e+03   7.94e+04   51
910   -2.12e+05  -2.28e+03   7.91e+04   51
911   -2.12e+05  -2.22e+03   7.91e+04   51
912   -2.12e+05  -2.2e+03   7.93e+04   51
913   -2.12e+05  -2.08e+03   7.92e+04   51
914   -2.13e+05  -2.15e+03   7.9e+04   51
915   -2.12e+05  -2.1e+03   7.89e+04   51
916   -2.12e+05  -2.1e+03   7.9e+04   51
917   -2.12e+05  -2.05e+03   7.89e+04   51
918   -2.12e+05  -1.91e+03   7.9e+04   51
919   -2.12e+05  -1.72e+03   7.9e+04   51
920   -2.12e+05  -1.76e+03   7.9e+04   51
921   -2.13e+05  -1.94e+03   7.91e+04   51
922   -2.12e+05  -1.97e+03   7.9e+04   51
923   -2.12e+05  -2.04e+03   7.9e+04   51
924   -2.12e+05  -1.72e+03   7.9e+04   51
925   -2.12e+05  -1.58e+03   7.92e+04   51
926   -2.13e+05  -1.57e+03   7.9e+04   51
927   -2.13e+05  -1.68e+03   7.93e+04   51
928   -2.13e+05  -1.55e+03   7.92e+04   51
929   -2.13e+05  -1.64e+03   7.92e+04   51
930   -2.13e+05  -1.65e+03   7.93e+04   51
931   -2.13e+05  -1.87e+03   7.94e+04   51
932   -2.13e+05  -1.7e+03   7.92e+04   51
933   -2.13e+05  -1.57e+03   7.93e+04   51
934   -2.13e+05  -1.31e+03   7.91e+04   51
935   -2.13e+05  -1.33e+03   7.92e+04   51
936   -2.13e+05  -1.46e+03   7.93e+04   51
937   -2.13e+05  -1.45e+03   7.89e+04   51
938   -2.13e+05  -1.56e+03   7.89e+04   51
939   -2.13e+05  -1.67e+03   7.86e+04   51
940   -2.13e+05  -1.86e+03   7.85e+04   51
941   -2.13e+05  -1.9e+03   7.86e+04   51
942   -2.13e+05  -1.8e+03   7.86e+04   51
943   -2.13e+05  -1.74e+03   7.85e+04   51
944   -2.13e+05  -1.79e+03   7.84e+04   51
945   -2.13e+05  -1.6e+03   7.84e+04   51
946   -2.12e+05  -1.76e+03   7.84e+04   51
947   -2.12e+05  -1.78e+03   7.84e+04   51
948   -2.12e+05  -1.83e+03   7.86e+04   51
949   -2.13e+05  -2.07e+03   7.87e+04   51
950   -2.12e+05  -2.33e+03   7.89e+04   51
951   -2.13e+05  -2.42e+03   7.86e+04   51
952   -2.13e+05  -2.25e+03   7.87e+04   51
953   -2.13e+05  -2.16e+03   7.87e+04   51
954   -2.13e+05  -2.34e+03   7.89e+04   51
955   -2.13e+05  -2.3e+03   7.89e+04   51
956   -2.13e+05  -1.9e+03   7.91e+04   51
957   -2.13e+05  -2.12e+03   7.91e+04   51
958   -2.13e+05  -2.06e+03   7.92e+04   51
959   -2.13e+05  -1.86e+03   7.91e+04   51
960   -2.13e+05  -1.8e+03   7.91e+04   51
961   -2.13e+05  -1.82e+03   7.91e+04   51
962   -2.13e+05  -1.85e+03   7.9e+04   51
963   -2.13e+05  -1.93e+03   7.93e+04   51
964   -2.13e+05  -2e+03   7.92e+04   51
965   -2.13e+05  -2.33e+03   7.92e+04   51
966   -2.13e+05  -2.13e+03   7.92e+04   51
967   -2.13e+05  -2.06e+03   7.91e+04   51
968   -2.13e+05  -1.9e+03   7.9e+04   51
969   -2.13e+05  -1.82e+03   7.89e+04   51
970   -2.13e+05  -1.85e+03   7.88e+04   51
971   -2.13e+05  -1.97e+03   7.86e+04   51
972   -2.13e+05  -2.12e+03   7.86e+04   51
973   -2.12e+05  -2.2e+03   7.84e+04   51
974   -2.13e+05  -2.37e+03   7.83e+04   51
975   -2.12e+05  -2.23e+03   7.82e+04   52
976   -2.12e+05  -1.98e+03   7.82e+04   51
977   -2.13e+05  -1.76e+03   7.86e+04   51
978   -2.13e+05  -1.54e+03   7.85e+04   52
979   -2.13e+05  -1.41e+03   7.83e+04   51
980   -2.13e+05  -1.65e+03   7.84e+04   51
981   -2.13e+05  -1.53e+03   7.85e+04   51
982   -2.13e+05  -1.74e+03   7.86e+04   51
983   -2.13e+05  -1.78e+03   7.85e+04   51
984   -2.13e+05  -1.81e+03   7.81e+04   51
985   -2.13e+05  -1.47e+03   7.81e+04   51
986   -2.13e+05  -1.43e+03   7.81e+04   51
987   -2.13e+05  -1.65e+03   7.82e+04   51
988   -2.13e+05  -1.69e+03   7.81e+04   51
989   -2.13e+05  -1.66e+03   7.79e+04   51
990   -2.13e+05  -1.6e+03   7.82e+04   51
991   -2.13e+05  -1.68e+03   7.82e+04   51
992   -2.13e+05  -1.73e+03   7.83e+04   51
993   -2.13e+05  -1.85e+03   7.83e+04   51
994   -2.13e+05  -1.57e+03   7.82e+04   51
995   -2.13e+05  -1.38e+03   7.81e+04   51
996   -2.13e+05  -1.29e+03   7.8e+04   51
997   -2.13e+05  -931   7.79e+04   51
998   -2.13e+05  -763   7.8e+04   51
999   -2.12e+05  -928   7.79e+04   51
1000   -2.13e+05  -1.09e+03   7.79e+04   52
