***************************************
*           Modello XY                *
*      Simulazione Monte Carlo        *
***************************************

Parametri simulativi:

Lato reticolo:           500
Temperatura:             1.5
Beta:                    0.667
J:                       1
Delta:                   3.2
Numero blocchi           10
Lunghezza simulazione:   1
Fase di termalizzazione: 1000



Numero mossa   Energia    Magnetizzazione X    Magnetizzazione Y    Acc. rate
1   -4.5e+05  -0.979   2.36e+05   27
2   -4.1e+05  -51   2.24e+05   30
3   -3.78e+05  41.2   2.12e+05   32
4   -3.52e+05  -349   2.02e+05   35
5   -3.3e+05  159   1.91e+05   37
6   -3.12e+05  523   1.82e+05   38
7   -2.97e+05  605   1.74e+05   40
8   -2.84e+05  679   1.66e+05   41
9   -2.73e+05  628   1.58e+05   42
10   -2.65e+05  437   1.51e+05   43
11   -2.56e+05  233   1.44e+05   44
12   -2.49e+05  178   1.38e+05   44
13   -2.43e+05  189   1.32e+05   45
14   -2.38e+05  316   1.26e+05   46
15   -2.34e+05  290   1.21e+05   46
16   -2.3e+05  758   1.16e+05   47
17   -2.28e+05  930   1.12e+05   47
18   -2.25e+05  1.19e+03   1.08e+05   47
19   -2.23e+05  1.54e+03   1.04e+05   48
20   -2.2e+05  1.43e+03   1e+05   48
21   -2.18e+05  1.26e+03   9.65e+04   48
22   -2.15e+05  1.32e+03   9.33e+04   49
23   -2.13e+05  1.52e+03   8.94e+04   49
24   -2.12e+05  1.5e+03   8.62e+04   49
25   -2.1e+05  1.49e+03   8.29e+04   49
26   -2.09e+05  1.39e+03   8.01e+04   50
27   -2.08e+05  1.49e+03   7.68e+04   49
28   -2.07e+05  1.2e+03   7.4e+04   50
29   -2.06e+05  1.3e+03   7.11e+04   50
30   -2.04e+05  748   6.84e+04   50
31   -2.04e+05  1.11e+03   6.57e+04   50
32   -2.03e+05  1.4e+03   6.29e+04   50
33   -2.03e+05  1.32e+03   6.1e+04   50
34   -2.01e+05  1.2e+03   5.83e+04   50
35   -2e+05  1.33e+03   5.62e+04   50
36   -2e+05  1.65e+03   5.41e+04   50
37   -2e+05  2.18e+03   5.2e+04   51
38   -1.99e+05  2.28e+03   5.03e+04   51
39   -1.98e+05  1.91e+03   4.85e+04   51
40   -1.99e+05  1.56e+03   4.68e+04   51
41   -1.98e+05  1.1e+03   4.48e+04   50
42   -1.98e+05  623   4.32e+04   51
43   -1.99e+05  1e+03   4.13e+04   51
44   -1.98e+05  1.37e+03   4.02e+04   51
45   -1.98e+05  1.54e+03   3.84e+04   51
46   -1.98e+05  1.49e+03   3.75e+04   51
47   -1.97e+05  1.72e+03   3.55e+04   51
48   -1.97e+05  2.21e+03   3.4e+04   51
49   -1.97e+05  2.21e+03   3.26e+04   51
50   -1.97e+05  2.13e+03   3.13e+04   51
51   -1.96e+05  2.12e+03   3.04e+04   51
52   -1.96e+05  2.14e+03   2.93e+04   51
53   -1.96e+05  2.19e+03   2.81e+04   51
54   -1.96e+05  2.37e+03   2.76e+04   51
55   -1.96e+05  2.28e+03   2.74e+04   51
56   -1.96e+05  2.21e+03   2.67e+04   51
57   -1.96e+05  2.01e+03   2.58e+04   51
58   -1.97e+05  2.12e+03   2.48e+04   51
59   -1.97e+05  2.48e+03   2.42e+04   51
60   -1.96e+05  2.79e+03   2.35e+04   51
61   -1.96e+05  2.54e+03   2.24e+04   51
62   -1.96e+05  2.49e+03   2.2e+04   51
63   -1.96e+05  2.38e+03   2.1e+04   51
64   -1.96e+05  2.78e+03   2.02e+04   51
65   -1.96e+05  1.82e+03   1.95e+04   51
66   -1.96e+05  1.8e+03   1.85e+04   51
67   -1.96e+05  1.98e+03   1.72e+04   51
68   -1.96e+05  1.93e+03   1.65e+04   51
69   -1.97e+05  2.38e+03   1.62e+04   51
70   -1.96e+05  1.95e+03   1.5e+04   51
71   -1.96e+05  1.53e+03   1.49e+04   51
72   -1.95e+05  1.49e+03   1.45e+04   51
73   -1.95e+05  1.49e+03   1.35e+04   51
74   -1.95e+05  1.97e+03   1.32e+04   51
75   -1.95e+05  1.79e+03   1.25e+04   51
76   -1.95e+05  1.85e+03   1.22e+04   51
77   -1.95e+05  1.64e+03   1.18e+04   51
78   -1.95e+05  1.84e+03   1.13e+04   51
79   -1.95e+05  1.79e+03   1.12e+04   51
80   -1.95e+05  2.21e+03   1.08e+04   51
81   -1.95e+05  2.15e+03   1.03e+04   51
82   -1.95e+05  1.99e+03   9.74e+03   51
83   -1.95e+05  1.97e+03   9.53e+03   51
84   -1.96e+05  1.91e+03   9.11e+03   51
85   -1.96e+05  1.87e+03   8.72e+03   51
86   -1.95e+05  2.22e+03   8.81e+03   51
87   -1.95e+05  2.09e+03   8.15e+03   51
88   -1.95e+05  1.91e+03   7.51e+03   51
89   -1.95e+05  2.12e+03   7.19e+03   51
90   -1.95e+05  1.69e+03   6.83e+03   51
91   -1.96e+05  1.39e+03   6.45e+03   51
92   -1.95e+05  1.06e+03   6.01e+03   51
93   -1.95e+05  1.2e+03   5.86e+03   51
94   -1.95e+05  1.11e+03   5.6e+03   51
95   -1.95e+05  828   4.88e+03   51
96   -1.95e+05  1.18e+03   4.17e+03   51
97   -1.95e+05  1.05e+03   3.8e+03   51
98   -1.95e+05  847   3.61e+03   51
99   -1.95e+05  722   3.81e+03   51
100   -1.96e+05  788   3.32e+03   51
101   -1.96e+05  1.05e+03   3.01e+03   51
102   -1.96e+05  1.29e+03   2.77e+03   51
103   -1.96e+05  1.6e+03   2.48e+03   51
104   -1.95e+05  1.71e+03   2.16e+03   51
105   -1.96e+05  2.17e+03   2.09e+03   51
106   -1.95e+05  1.96e+03   2.3e+03   51
107   -1.96e+05  2.1e+03   2.41e+03   51
108   -1.95e+05  2.3e+03   2.57e+03   51
109   -1.95e+05  2.27e+03   2.56e+03   51
110   -1.95e+05  1.86e+03   2.4e+03   51
111   -1.96e+05  2.05e+03   1.84e+03   51
112   -1.95e+05  1.7e+03   1.65e+03   51
113   -1.96e+05  2.03e+03   1.57e+03   51
114   -1.96e+05  1.99e+03   1.52e+03   51
115   -1.95e+05  1.5e+03   2.2e+03   51
116   -1.96e+05  1.5e+03   1.56e+03   51
117   -1.96e+05  2.33e+03   1.26e+03   51
118   -1.95e+05  2.18e+03   1.03e+03   51
119   -1.95e+05  1.94e+03   1.18e+03   51
120   -1.96e+05  1.87e+03   1.05e+03   51
121   -1.96e+05  2.19e+03   1.07e+03   51
122   -1.96e+05  2.04e+03   1.29e+03   51
123   -1.96e+05  2.25e+03   605   51
124   -1.96e+05  2.54e+03   799   51
125   -1.95e+05  2.79e+03   696   51
126   -1.95e+05  2.87e+03   364   51
127   -1.95e+05  2.81e+03   358   51
128   -1.94e+05  2.74e+03   628   51
129   -1.95e+05  2.53e+03   589   51
130   -1.95e+05  2.55e+03   510   51
131   -1.95e+05  2.34e+03   565   51
132   -1.94e+05  2.55e+03   94.9   51
133   -1.94e+05  2.84e+03   247   51
134   -1.94e+05  3.08e+03   30.7   51
135   -1.94e+05  3.48e+03   289   51
136   -1.94e+05  3.37e+03   -522   51
137   -1.94e+05  2.78e+03   -395   51
138   -1.93e+05  2.87e+03   -1.17e+03   51
139   -1.94e+05  2.8e+03   -1.48e+03   51
140   -1.93e+05  3.26e+03   -1.58e+03   51
141   -1.94e+05  3.11e+03   -1.9e+03   51
142   -1.95e+05  3.47e+03   -1.93e+03   51
143   -1.95e+05  2.97e+03   -2.27e+03   51
144   -1.95e+05  2.95e+03   -2.08e+03   51
145   -1.95e+05  2.56e+03   -1.69e+03   51
146   -1.95e+05  2.63e+03   -1.82e+03   51
147   -1.95e+05  2.76e+03   -1.72e+03   51
148   -1.95e+05  2.55e+03   -2.04e+03   51
149   -1.95e+05  2.57e+03   -1.62e+03   51
150   -1.94e+05  2.75e+03   -1.45e+03   51
151   -1.94e+05  1.91e+03   -1.44e+03   51
152   -1.95e+05  1.81e+03   -1.21e+03   51
153   -1.94e+05  1.93e+03   -715   51
154   -1.94e+05  1.65e+03   -310   51
155   -1.94e+05  1.66e+03   -159   51
156   -1.94e+05  1.2e+03   111   51
157   -1.94e+05  1.44e+03   276   51
158   -1.95e+05  1.48e+03   134   51
159   -1.95e+05  1.72e+03   -109   51
160   -1.94e+05  2.07e+03   -293   51
161   -1.94e+05  1.62e+03   -104   51
162   -1.94e+05  1.87e+03   -164   51
163   -1.94e+05  1.98e+03   -81.1   51
164   -1.94e+05  2.08e+03   -188   51
165   -1.94e+05  2.23e+03   222   51
166   -1.93e+05  2.41e+03   -9.14   51
167   -1.94e+05  2.73e+03   -489   51
168   -1.94e+05  2.97e+03   -488   51
169   -1.95e+05  3.07e+03   -111   51
170   -1.95e+05  2.89e+03   205   51
171   -1.94e+05  2.58e+03   -203   51
172   -1.94e+05  2.09e+03   -456   51
173   -1.94e+05  1.9e+03   -858   51
174   -1.95e+05  1.69e+03   -788   51
175   -1.94e+05  1.45e+03   -1.07e+03   51
176   -1.94e+05  1.26e+03   -737   51
177   -1.94e+05  1.39e+03   -655   51
178   -1.94e+05  1.1e+03   -423   51
179   -1.94e+05  1.03e+03   -537   51
180   -1.95e+05  695   -461   51
181   -1.95e+05  1.16e+03   -173   51
182   -1.95e+05  1.22e+03   26.5   51
183   -1.94e+05  1.26e+03   -145   51
184   -1.95e+05  1.21e+03   216   51
185   -1.95e+05  722   114   51
186   -1.95e+05  613   105   51
187   -1.94e+05  547   308   51
188   -1.94e+05  103   669   51
189   -1.94e+05  -25.2   688   51
190   -1.94e+05  206   675   51
191   -1.95e+05  420   716   51
192   -1.94e+05  259   811   51
193   -1.94e+05  36.4   51.6   51
194   -1.94e+05  -564   201   51
195   -1.93e+05  -1.01e+03   -225   51
196   -1.95e+05  -1.27e+03   -314   51
197   -1.95e+05  -1.01e+03   -34.5   51
198   -1.95e+05  -568   -351   51
199   -1.94e+05  -339   -427   51
200   -1.94e+05  -193   -651   51
201   -1.94e+05  -287   -1.34e+03   51
202   -1.94e+05  232   -1.4e+03   51
203   -1.94e+05  225   -1.23e+03   51
204   -1.94e+05  70   -1.11e+03   51
205   -1.95e+05  -12.7   -1.09e+03   51
206   -1.95e+05  174   -1.2e+03   51
207   -1.94e+05  851   -1.42e+03   51
208   -1.95e+05  717   -1.9e+03   51
209   -1.95e+05  851   -1.44e+03   51
210   -1.95e+05  720   -1.11e+03   51
211   -1.94e+05  861   -1.16e+03   51
212   -1.94e+05  859   -1.56e+03   51
213   -1.95e+05  1.22e+03   -1.1e+03   51
214   -1.94e+05  577   -1.3e+03   51
215   -1.94e+05  406   -1.1e+03   51
216   -1.94e+05  511   -1.12e+03   51
217   -1.94e+05  273   -1.1e+03   51
218   -1.95e+05  407   -780   51
219   -1.94e+05  200   -956   51
220   -1.94e+05  -276   -771   51
221   -1.94e+05  -187   -665   51
222   -1.94e+05  -19.1   -304   51
223   -1.94e+05  -293   -550   51
224   -1.94e+05  -118   -850   51
225   -1.94e+05  276   -1.01e+03   51
226   -1.94e+05  -195   -772   51
227   -1.94e+05  -162   -639   51
228   -1.94e+05  60.1   -708   51
229   -1.95e+05  -507   -760   51
230   -1.95e+05  -493   -653   51
231   -1.94e+05  56.8   -580   51
232   -1.95e+05  59.1   -254   51
233   -1.95e+05  261   -181   51
234   -1.95e+05  523   -458   51
235   -1.95e+05  728   -1.23e+03   51
236   -1.95e+05  562   -776   51
237   -1.95e+05  541   -641   51
238   -1.95e+05  104   -381   51
239   -1.95e+05  541   -235   51
240   -1.94e+05  765   -22.8   51
241   -1.95e+05  378   323   51
242   -1.95e+05  357   344   51
243   -1.95e+05  1.02e+03   133   51
244   -1.93e+05  1.06e+03   361   51
245   -1.94e+05  1.16e+03   374   51
246   -1.94e+05  1.06e+03   166   51
247   -1.94e+05  1.41e+03   74.9   51
248   -1.94e+05  1.63e+03   -236   51
249   -1.94e+05  1.64e+03   -49.1   51
250   -1.95e+05  1.38e+03   -232   51
251   -1.94e+05  1.58e+03   -552   51
252   -1.94e+05  1.68e+03   -373   51
253   -1.94e+05  1.46e+03   -447   51
254   -1.94e+05  1.5e+03   -434   51
255   -1.95e+05  1.37e+03   -814   51
256   -1.94e+05  1.24e+03   -817   51
257   -1.94e+05  1.25e+03   -1.08e+03   51
258   -1.95e+05  862   -1.25e+03   51
259   -1.95e+05  946   -1.18e+03   51
260   -1.96e+05  298   -1.08e+03   51
261   -1.95e+05  89.2   -1.06e+03   51
262   -1.95e+05  32.6   -1.28e+03   51
263   -1.95e+05  438   -600   51
264   -1.95e+05  77.7   -491   51
265   -1.95e+05  36.8   -754   51
266   -1.95e+05  -149   -457   51
267   -1.95e+05  395   -521   51
268   -1.95e+05  377   -411   51
269   -1.94e+05  96.6   -17.9   51
270   -1.93e+05  216   -227   51
271   -1.94e+05  214   -91.6   51
272   -1.94e+05  426   -175   51
273   -1.94e+05  235   -484   51
274   -1.93e+05  243   -350   51
275   -1.94e+05  413   -392   51
276   -1.94e+05  541   -753   51
277   -1.94e+05  406   -1.32e+03   51
278   -1.94e+05  212   -1.09e+03   51
279   -1.93e+05  807   -593   51
280   -1.93e+05  1.03e+03   -340   51
281   -1.94e+05  757   -455   51
282   -1.94e+05  454   -525   51
283   -1.94e+05  569   -924   51
284   -1.94e+05  463   -1.37e+03   51
285   -1.94e+05  328   -1.28e+03   51
286   -1.94e+05  258   -837   51
287   -1.95e+05  -113   -877   51
288   -1.95e+05  153   -1.07e+03   51
289   -1.95e+05  388   -1.71e+03   51
290   -1.94e+05  577   -1.17e+03   51
291   -1.95e+05  451   -1.6e+03   51
292   -1.95e+05  330   -1.03e+03   51
293   -1.96e+05  102   -1.01e+03   51
294   -1.95e+05  -182   -866   51
295   -1.95e+05  -85.2   -963   51
296   -1.95e+05  -96.7   -1.27e+03   51
297   -1.94e+05  -150   -1.21e+03   51
298   -1.94e+05  -317   -996   51
299   -1.95e+05  -131   -914   51
300   -1.95e+05  15.2   -1.1e+03   51
301   -1.95e+05  -177   -996   51
302   -1.95e+05  -184   -310   51
303   -1.95e+05  88.7   -338   51
304   -1.95e+05  311   -854   51
305   -1.96e+05  38   -1.17e+03   51
306   -1.95e+05  -83.1   -582   51
307   -1.95e+05  119   -444   51
308   -1.94e+05  637   -718   51
309   -1.94e+05  830   -601   51
310   -1.93e+05  1.07e+03   -567   51
311   -1.94e+05  1.19e+03   -704   51
312   -1.95e+05  1.09e+03   -538   51
313   -1.95e+05  1.21e+03   -574   51
314   -1.95e+05  1.2e+03   -959   51
315   -1.95e+05  712   -892   51
316   -1.94e+05  1.3e+03   -628   51
317   -1.95e+05  951   -709   51
318   -1.94e+05  759   -893   51
319   -1.94e+05  1.54e+03   -1.18e+03   51
320   -1.95e+05  1.31e+03   -910   51
321   -1.95e+05  1.21e+03   -726   51
322   -1.95e+05  1.63e+03   -310   51
323   -1.95e+05  1.25e+03   -518   51
324   -1.95e+05  1.41e+03   -484   51
325   -1.95e+05  1.07e+03   -301   51
326   -1.95e+05  1.1e+03   -19.5   51
327   -1.95e+05  550   101   51
328   -1.95e+05  505   472   51
329   -1.95e+05  468   672   51
330   -1.95e+05  99.5   377   51
331   -1.96e+05  -449   569   51
332   -1.94e+05  -327   676   51
333   -1.95e+05  376   281   51
334   -1.95e+05  441   -110   51
335   -1.95e+05  706   -12.6   51
336   -1.95e+05  572   -236   51
337   -1.94e+05  568   90.2   51
338   -1.95e+05  657   -376   51
339   -1.94e+05  464   -50.4   51
340   -1.94e+05  569   365   51
341   -1.94e+05  552   195   51
342   -1.94e+05  956   82.6   51
343   -1.94e+05  420   270   51
344   -1.94e+05  444   743   51
345   -1.95e+05  546   647   51
346   -1.95e+05  1e+03   986   51
347   -1.95e+05  666   1.05e+03   51
348   -1.95e+05  71.6   1.21e+03   51
349   -1.95e+05  205   1.15e+03   51
350   -1.94e+05  163   1.01e+03   51
351   -1.95e+05  334   680   51
352   -1.95e+05  659   259   51
353   -1.96e+05  428   202   51
354   -1.96e+05  762   1.02e+03   51
355   -1.96e+05  788   1.44e+03   51
356   -1.96e+05  854   1.79e+03   51
357   -1.96e+05  1.02e+03   1.6e+03   51
358   -1.95e+05  1.27e+03   1.76e+03   51
359   -1.95e+05  557   1.56e+03   51
360   -1.95e+05  463   1.66e+03   51
361   -1.95e+05  1.22e+03   1.62e+03   51
362   -1.96e+05  1.1e+03   1.46e+03   51
363   -1.96e+05  1.2e+03   1.42e+03   51
364   -1.96e+05  1.19e+03   1.59e+03   51
365   -1.96e+05  1.41e+03   1.5e+03   51
366   -1.95e+05  1.23e+03   1.15e+03   51
367   -1.96e+05  1.49e+03   1.25e+03   51
368   -1.94e+05  1.01e+03   1.54e+03   51
369   -1.95e+05  712   1.92e+03   51
370   -1.95e+05  663   1.47e+03   51
371   -1.95e+05  761   1.36e+03   51
372   -1.95e+05  566   1.29e+03   51
373   -1.94e+05  578   815   51
374   -1.95e+05  583   849   51
375   -1.95e+05  390   584   51
376   -1.95e+05  561   801   51
377   -1.95e+05  409   740   51
378   -1.95e+05  853   567   51
379   -1.94e+05  622   972   51
380   -1.95e+05  767   1.08e+03   51
381   -1.96e+05  832   542   51
382   -1.96e+05  849   820   51
383   -1.95e+05  721   531   51
384   -1.95e+05  471   472   51
385   -1.95e+05  457   703   51
386   -1.95e+05  -331   1e+03   51
387   -1.95e+05  -227   849   51
388   -1.96e+05  -429   877   51
389   -1.95e+05  91.6   494   51
390   -1.95e+05  -246   31   51
391   -1.95e+05  -55.7   548   51
392   -1.95e+05  556   494   51
393   -1.95e+05  433   26.1   51
394   -1.95e+05  203   544   51
395   -1.96e+05  214   687   51
396   -1.96e+05  128   606   51
397   -1.95e+05  -4.53   1.13e+03   51
398   -1.95e+05  -239   1.36e+03   51
399   -1.95e+05  -649   1.21e+03   51
400   -1.95e+05  -702   1.28e+03   51
401   -1.96e+05  -393   1.69e+03   51
402   -1.95e+05  -410   1.65e+03   51
403   -1.95e+05  -570   1.13e+03   51
404   -1.95e+05  -421   986   51
405   -1.95e+05  -292   578   51
406   -1.96e+05  -921   227   51
407   -1.96e+05  -1.21e+03   49.6   51
408   -1.96e+05  -1.2e+03   -247   51
409   -1.95e+05  -1.46e+03   -406   51
410   -1.95e+05  -1.27e+03   -587   51
411   -1.95e+05  -1.08e+03   -927   51
412   -1.95e+05  -1.13e+03   -556   51
413   -1.95e+05  -764   -371   51
414   -1.95e+05  -650   -669   51
415   -1.95e+05  -134   -343   51
416   -1.95e+05  -116   -475   51
417   -1.95e+05  54   -986   51
418   -1.94e+05  499   -529   51
419   -1.94e+05  584   -353   51
420   -1.95e+05  639   -446   51
421   -1.95e+05  859   -372   51
422   -1.96e+05  828   -793   51
423   -1.95e+05  575   -1.47e+03   51
424   -1.94e+05  971   -1.14e+03   51
425   -1.94e+05  1.57e+03   -1.45e+03   51
426   -1.94e+05  1.3e+03   -1.21e+03   51
427   -1.94e+05  1.13e+03   -770   51
428   -1.94e+05  1.59e+03   -619   51
429   -1.94e+05  1.97e+03   -1.07e+03   51
430   -1.95e+05  2.4e+03   -643   51
431   -1.95e+05  2.71e+03   -363   51
432   -1.95e+05  2.38e+03   -41.9   51
433   -1.95e+05  2.75e+03   -126   51
434   -1.94e+05  2.77e+03   367   51
435   -1.95e+05  2.7e+03   226   51
436   -1.95e+05  1.96e+03   618   51
437   -1.94e+05  1.48e+03   480   51
438   -1.94e+05  923   701   51
439   -1.95e+05  438   476   51
440   -1.95e+05  142   484   51
441   -1.95e+05  498   642   51
442   -1.95e+05  -59.1   651   51
443   -1.95e+05  -24.9   302   51
444   -1.95e+05  -484   214   51
445   -1.94e+05  -504   586   51
446   -1.94e+05  -263   1.22e+03   51
447   -1.94e+05  356   939   51
448   -1.94e+05  809   747   51
449   -1.95e+05  1.12e+03   883   51
450   -1.95e+05  958   570   51
451   -1.95e+05  816   563   51
452   -1.95e+05  1.08e+03   273   51
453   -1.95e+05  870   104   51
454   -1.95e+05  855   145   51
455   -1.95e+05  498   -104   51
456   -1.94e+05  325   187   51
457   -1.95e+05  106   -207   51
458   -1.96e+05  97   79.3   51
459   -1.95e+05  79.8   -42.4   51
460   -1.95e+05  167   174   51
461   -1.96e+05  -219   405   51
462   -1.96e+05  -466   381   51
463   -1.95e+05  -247   145   51
464   -1.95e+05  -626   -52.8   51
465   -1.96e+05  -179   -166   51
466   -1.95e+05  -210   -110   51
467   -1.95e+05  -352   -75.9   51
468   -1.96e+05  -1.12e+03   -154   51
469   -1.96e+05  -979   -429   51
470   -1.95e+05  -575   -518   51
471   -1.95e+05  -1.02e+03   -431   51
472   -1.95e+05  -1.06e+03   -212   51
473   -1.95e+05  -1.01e+03   -220   51
474   -1.94e+05  -946   -251   51
475   -1.95e+05  -0.948   -470   51
476   -1.95e+05  361   -215   51
477   -1.95e+05  507   223   51
478   -1.95e+05  688   268   51
479   -1.96e+05  717   377   51
480   -1.96e+05  827   741   51
481   -1.95e+05  690   153   51
482   -1.94e+05  1.08e+03   85   51
483   -1.95e+05  860   24.9   51
484   -1.94e+05  1.16e+03   58.7   51
485   -1.94e+05  1.32e+03   365   51
486   -1.94e+05  1.09e+03   -55.9   51
487   -1.94e+05  1.44e+03   -157   51
488   -1.94e+05  1.2e+03   72.1   51
489   -1.94e+05  1.55e+03   -27.5   51
490   -1.96e+05  939   -340   51
491   -1.96e+05  1.14e+03   -546   51
492   -1.96e+05  871   -634   51
493   -1.95e+05  613   -587   51
494   -1.95e+05  912   -531   51
495   -1.95e+05  695   -552   51
496   -1.95e+05  1.19e+03   -270   51
497   -1.95e+05  1.57e+03   -79.3   51
498   -1.95e+05  1.81e+03   -2.56   51
499   -1.95e+05  1.09e+03   -520   51
500   -1.95e+05  1.46e+03   -786   51
501   -1.95e+05  1.29e+03   -272   51
502   -1.95e+05  1.36e+03   -696   51
503   -1.96e+05  1.23e+03   -289   51
504   -1.95e+05  1.18e+03   -84.9   51
505   -1.95e+05  1.12e+03   -171   51
506   -1.94e+05  1.32e+03   -511   51
507   -1.95e+05  1.44e+03   -403   51
508   -1.95e+05  1.29e+03   95.6   51
509   -1.95e+05  1.41e+03   546   51
510   -1.94e+05  1.51e+03   763   51
511   -1.95e+05  1.6e+03   648   51
512   -1.94e+05  825   276   51
513   -1.95e+05  1.03e+03   371   51
514   -1.95e+05  691   267   51
515   -1.95e+05  71.8   304   51
516   -1.96e+05  646   -23.7   51
517   -1.96e+05  1.05e+03   -125   51
518   -1.95e+05  786   -473   51
519   -1.95e+05  581   -224   51
520   -1.96e+05  905   -322   51
521   -1.95e+05  999   -862   51
522   -1.95e+05  675   -1.17e+03   51
523   -1.95e+05  285   -1.04e+03   51
524   -1.95e+05  -204   -985   51
525   -1.95e+05  -439   -588   51
526   -1.96e+05  99.9   -1.15e+03   51
527   -1.95e+05  84.7   -891   51
528   -1.95e+05  187   -1.05e+03   51
529   -1.94e+05  468   -881   51
530   -1.95e+05  1.23e+03   -905   51
531   -1.95e+05  1.91e+03   -1.22e+03   51
532   -1.95e+05  2.17e+03   -929   51
533   -1.95e+05  1.72e+03   -1.4e+03   51
534   -1.95e+05  1.49e+03   -1.38e+03   51
535   -1.95e+05  1.42e+03   -1.26e+03   51
536   -1.95e+05  1.41e+03   -1.11e+03   51
537   -1.94e+05  1.7e+03   -1.76e+03   51
538   -1.94e+05  1.39e+03   -1.45e+03   51
539   -1.94e+05  914   -1.55e+03   51
540   -1.94e+05  982   -1.37e+03   51
541   -1.94e+05  1.1e+03   -1.49e+03   51
542   -1.95e+05  842   -1.37e+03   51
543   -1.94e+05  1.09e+03   -565   51
544   -1.95e+05  1.35e+03   -285   51
545   -1.95e+05  1.57e+03   -138   51
546   -1.95e+05  1.24e+03   512   51
547   -1.95e+05  900   804   51
548   -1.94e+05  1.2e+03   687   51
549   -1.94e+05  1.19e+03   728   51
550   -1.95e+05  749   778   51
551   -1.95e+05  734   782   51
552   -1.95e+05  804   1.07e+03   51
553   -1.95e+05  -86.5   863   51
554   -1.95e+05  -0.207   869   51
555   -1.95e+05  137   959   51
556   -1.95e+05  147   608   51
557   -1.94e+05  -358   1.08e+03   51
558   -1.94e+05  -451   1.19e+03   51
559   -1.93e+05  -709   1.78e+03   51
560   -1.94e+05  -536   1.31e+03   51
561   -1.94e+05  -673   1.43e+03   51
562   -1.94e+05  -636   1.62e+03   51
563   -1.94e+05  -739   1.39e+03   51
564   -1.94e+05  -320   1.08e+03   51
565   -1.94e+05  28   725   51
566   -1.94e+05  -112   297   51
567   -1.95e+05  -454   114   51
568   -1.95e+05  -765   67.1   51
569   -1.94e+05  -569   -51.4   51
570   -1.95e+05  -534   -151   51
571   -1.95e+05  -717   -425   51
572   -1.95e+05  -910   -382   51
573   -1.95e+05  -1.15e+03   56   51
574   -1.94e+05  -1.25e+03   -174   51
575   -1.94e+05  -642   -53.1   51
576   -1.94e+05  -816   428   51
577   -1.94e+05  -863   671   51
578   -1.94e+05  -468   878   51
579   -1.94e+05  -604   884   51
580   -1.94e+05  -10.9   926   51
581   -1.94e+05  -49.9   541   51
582   -1.94e+05  -375   720   51
583   -1.95e+05  -569   543   51
584   -1.94e+05  -805   542   51
585   -1.94e+05  -533   185   51
586   -1.95e+05  -71.1   21.5   51
587   -1.95e+05  -676   52.6   51
588   -1.95e+05  -1.04e+03   368   51
589   -1.95e+05  -771   616   51
590   -1.95e+05  -443   787   51
591   -1.95e+05  -643   1.17e+03   51
592   -1.94e+05  -622   1.38e+03   51
593   -1.95e+05  -547   1.26e+03   51
594   -1.95e+05  -840   1.56e+03   51
595   -1.96e+05  -520   1.31e+03   51
596   -1.96e+05  136   1.63e+03   51
597   -1.94e+05  158   1.38e+03   51
598   -1.95e+05  -77.1   1.42e+03   51
599   -1.95e+05  -281   1.46e+03   51
600   -1.94e+05  -792   991   51
601   -1.94e+05  -200   1.17e+03   51
602   -1.94e+05  -232   802   51
603   -1.94e+05  -665   864   51
604   -1.94e+05  -609   478   51
605   -1.94e+05  -768   470   51
606   -1.94e+05  -468   842   51
607   -1.95e+05  -258   282   51
608   -1.95e+05  -528   351   51
609   -1.94e+05  -530   328   51
610   -1.95e+05  -544   92.9   51
611   -1.94e+05  -399   250   51
612   -1.94e+05  -406   537   51
613   -1.95e+05  -721   470   51
614   -1.96e+05  -526   423   51
615   -1.96e+05  12.2   421   51
616   -1.95e+05  55.2   642   51
617   -1.95e+05  113   848   51
618   -1.95e+05  -10.6   565   51
619   -1.94e+05  14.4   8.58   51
620   -1.94e+05  -640   204   51
621   -1.95e+05  -649   595   51
622   -1.95e+05  -907   -26.5   51
623   -1.95e+05  -1.31e+03   -498   51
624   -1.96e+05  -1.21e+03   -474   51
625   -1.96e+05  -1.27e+03   -518   51
626   -1.96e+05  -1.14e+03   -1.03e+03   51
627   -1.96e+05  -1.14e+03   -1.54e+03   51
628   -1.96e+05  -552   -1.1e+03   51
629   -1.96e+05  65.2   -1.22e+03   51
630   -1.95e+05  194   -1.13e+03   51
631   -1.95e+05  357   -1.4e+03   51
632   -1.95e+05  38.6   -1.44e+03   51
633   -1.95e+05  -361   -1.04e+03   51
634   -1.95e+05  116   -924   51
635   -1.94e+05  -324   -1.27e+03   51
636   -1.95e+05  -370   -1.03e+03   51
637   -1.95e+05  -721   -772   51
638   -1.95e+05  -814   -812   51
639   -1.95e+05  -710   -678   51
640   -1.94e+05  -369   -534   51
641   -1.95e+05  -173   -194   51
642   -1.94e+05  -7.32   -239   51
643   -1.95e+05  55.1   -336   51
644   -1.94e+05  -6.64   -933   51
645   -1.94e+05  -634   -327   51
646   -1.95e+05  -215   -507   51
647   -1.95e+05  -242   -706   51
648   -1.95e+05  -534   -779   51
649   -1.96e+05  -472   -1.08e+03   51
650   -1.96e+05  -830   -660   51
651   -1.96e+05  -247   -693   51
652   -1.96e+05  -275   -250   51
653   -1.95e+05  -721   -414   51
654   -1.95e+05  -746   -813   51
655   -1.95e+05  -630   -320   51
656   -1.95e+05  -135   -719   51
657   -1.95e+05  78.3   -762   51
658   -1.95e+05  -172   -914   51
659   -1.94e+05  -546   -833   51
660   -1.95e+05  -390   -863   51
661   -1.94e+05  -781   -787   51
662   -1.94e+05  -615   -342   51
663   -1.95e+05  -413   -523   51
664   -1.95e+05  -581   -835   51
665   -1.95e+05  -213   -460   51
666   -1.95e+05  271   -847   51
667   -1.95e+05  297   -595   51
668   -1.95e+05  493   -836   51
669   -1.95e+05  367   -875   51
670   -1.95e+05  448   -896   51
671   -1.95e+05  874   -1.06e+03   51
672   -1.95e+05  558   -757   51
673   -1.95e+05  912   -672   51
674   -1.95e+05  281   -732   51
675   -1.95e+05  426   -520   51
676   -1.95e+05  456   -229   51
677   -1.96e+05  342   -600   51
678   -1.95e+05  176   -469   51
679   -1.95e+05  238   -594   51
680   -1.94e+05  75.6   -941   51
681   -1.94e+05  62.2   -781   51
682   -1.95e+05  212   -551   51
683   -1.95e+05  -57.2   -703   51
684   -1.95e+05  -98.9   -255   51
685   -1.95e+05  -253   -53.9   51
686   -1.95e+05  309   122   51
687   -1.95e+05  361   -95.2   51
688   -1.94e+05  381   18.3   51
689   -1.94e+05  914   218   51
690   -1.94e+05  378   222   51
691   -1.95e+05  233   293   51
692   -1.95e+05  -7.55   93   51
693   -1.94e+05  -510   69.1   51
694   -1.95e+05  -585   -26.5   51
695   -1.95e+05  116   385   51
696   -1.95e+05  -256   700   51
697   -1.95e+05  -102   609   51
698   -1.95e+05  -319   645   51
699   -1.95e+05  -226   613   51
700   -1.94e+05  -427   461   51
701   -1.94e+05  -791   695   51
702   -1.94e+05  -715   571   51
703   -1.94e+05  -520   420   51
704   -1.95e+05  -594   478   51
705   -1.94e+05  -626   650   51
706   -1.94e+05  101   468   51
707   -1.94e+05  733   115   51
708   -1.94e+05  498   -95.6   51
709   -1.94e+05  167   -385   51
710   -1.95e+05  206   -603   51
711   -1.94e+05  328   -363   51
712   -1.94e+05  220   219   51
713   -1.94e+05  -136   580   51
714   -1.94e+05  57.4   368   51
715   -1.94e+05  257   669   51
716   -1.94e+05  483   700   51
717   -1.94e+05  -88.3   870   51
718   -1.94e+05  17.5   941   51
719   -1.94e+05  134   834   51
720   -1.95e+05  349   1.08e+03   51
721   -1.94e+05  145   1.08e+03   51
722   -1.94e+05  154   1.23e+03   51
723   -1.95e+05  129   1.42e+03   51
724   -1.95e+05  205   1.28e+03   51
725   -1.94e+05  -65.8   1.42e+03   51
726   -1.94e+05  290   1.21e+03   51
727   -1.94e+05  821   716   51
728   -1.94e+05  1.05e+03   979   51
729   -1.94e+05  1.34e+03   958   51
730   -1.94e+05  1.08e+03   661   51
731   -1.94e+05  941   789   51
732   -1.94e+05  485   679   51
733   -1.94e+05  198   429   51
734   -1.94e+05  400   184   51
735   -1.94e+05  30.1   759   51
736   -1.94e+05  138   423   51
737   -1.95e+05  -574   98.6   51
738   -1.95e+05  -1.13e+03   304   51
739   -1.95e+05  -1.52e+03   362   51
740   -1.95e+05  -1.13e+03   352   51
741   -1.94e+05  -411   290   51
742   -1.94e+05  -695   286   51
743   -1.94e+05  -602   499   51
744   -1.95e+05  -421   742   51
745   -1.95e+05  -391   781   51
746   -1.95e+05  -690   1.03e+03   51
747   -1.95e+05  -549   1.08e+03   51
748   -1.95e+05  -149   957   51
749   -1.95e+05  -435   861   51
750   -1.95e+05  -717   1.01e+03   51
751   -1.94e+05  -29.5   903   51
752   -1.94e+05  -13.5   774   51
753   -1.94e+05  -214   963   51
754   -1.95e+05  -37.3   1.42e+03   51
755   -1.95e+05  1.11   1.37e+03   51
756   -1.96e+05  252   1.55e+03   51
757   -1.96e+05  463   1.61e+03   51
758   -1.95e+05  1.1e+03   2.02e+03   51
759   -1.95e+05  1.24e+03   1.98e+03   51
760   -1.95e+05  1.17e+03   2.02e+03   51
761   -1.95e+05  1.05e+03   2.06e+03   51
762   -1.95e+05  1.38e+03   2.08e+03   51
763   -1.94e+05  1.26e+03   1.6e+03   51
764   -1.95e+05  1.13e+03   1.79e+03   51
765   -1.95e+05  1.17e+03   1.84e+03   51
766   -1.95e+05  1.29e+03   1.66e+03   51
767   -1.95e+05  1.51e+03   1.46e+03   51
768   -1.95e+05  1.58e+03   1.23e+03   51
769   -1.95e+05  1.05e+03   1.29e+03   51
770   -1.95e+05  2.09e+03   1.41e+03   51
771   -1.95e+05  2.29e+03   1.64e+03   51
772   -1.95e+05  2.64e+03   1.89e+03   51
773   -1.95e+05  2.98e+03   2.01e+03   51
774   -1.94e+05  3.27e+03   2.11e+03   51
775   -1.95e+05  3.36e+03   2.09e+03   51
776   -1.95e+05  2.61e+03   2.6e+03   51
777   -1.95e+05  2.64e+03   2.27e+03   51
778   -1.95e+05  2.77e+03   1.76e+03   51
779   -1.95e+05  2.51e+03   1.54e+03   51
780   -1.94e+05  2.36e+03   1.29e+03   51
781   -1.95e+05  1.9e+03   1.74e+03   51
782   -1.94e+05  2.04e+03   1.52e+03   51
783   -1.95e+05  1.8e+03   1.57e+03   51
784   -1.95e+05  1.83e+03   2.23e+03   51
785   -1.95e+05  1.6e+03   2.62e+03   51
786   -1.96e+05  1.22e+03   2.4e+03   51
787   -1.96e+05  928   2.76e+03   51
788   -1.95e+05  516   2.8e+03   51
789   -1.95e+05  601   2.74e+03   51
790   -1.95e+05  461   2.62e+03   51
791   -1.95e+05  527   2.44e+03   51
792   -1.95e+05  -8.92   2e+03   51
793   -1.96e+05  -71.5   1.89e+03   51
794   -1.95e+05  -141   1.52e+03   51
795   -1.95e+05  -563   1.6e+03   51
796   -1.94e+05  -952   1.77e+03   51
797   -1.94e+05  -752   1.68e+03   51
798   -1.94e+05  -900   1.94e+03   51
799   -1.93e+05  -916   2.05e+03   51
800   -1.94e+05  -695   2.21e+03   51
801   -1.94e+05  -910   2.52e+03   51
802   -1.93e+05  -632   2.32e+03   51
803   -1.94e+05  -314   2.43e+03   51
804   -1.94e+05  -406   2.29e+03   51
805   -1.94e+05  65.3   2.14e+03   51
806   -1.93e+05  -54.3   2.07e+03   51
807   -1.93e+05  -396   1.98e+03   51
808   -1.94e+05  -128   1.92e+03   51
809   -1.95e+05  -96.3   2.08e+03   51
810   -1.94e+05  -23.4   2.11e+03   51
811   -1.94e+05  242   2.29e+03   51
812   -1.95e+05  241   2.07e+03   51
813   -1.94e+05  172   1.93e+03   51
814   -1.94e+05  534   2.12e+03   51
815   -1.95e+05  1.22e+03   2.28e+03   51
816   -1.95e+05  1.12e+03   2.09e+03   51
817   -1.94e+05  1.14e+03   1.79e+03   51
818   -1.93e+05  1.17e+03   1.76e+03   51
819   -1.94e+05  1.5e+03   1.86e+03   51
820   -1.94e+05  1.63e+03   1.53e+03   51
821   -1.94e+05  1.43e+03   2e+03   51
822   -1.94e+05  1.36e+03   1.91e+03   51
823   -1.94e+05  1.58e+03   1.92e+03   51
824   -1.95e+05  1.31e+03   2.29e+03   51
825   -1.95e+05  1.36e+03   1.86e+03   51
826   -1.94e+05  1.65e+03   1.65e+03   51
827   -1.94e+05  1.17e+03   2.33e+03   51
828   -1.94e+05  746   2.34e+03   51
829   -1.95e+05  1.06e+03   2.45e+03   51
830   -1.95e+05  672   2.53e+03   51
831   -1.94e+05  739   2.36e+03   51
832   -1.94e+05  629   2.1e+03   51
833   -1.94e+05  219   2.4e+03   51
834   -1.93e+05  -58.6   2.26e+03   51
835   -1.93e+05  -316   2.22e+03   51
836   -1.94e+05  -208   2.31e+03   51
837   -1.94e+05  -498   2.14e+03   51
838   -1.94e+05  -308   2.37e+03   51
839   -1.94e+05  -553   1.81e+03   51
840   -1.94e+05  -389   1.54e+03   51
841   -1.94e+05  -166   1.7e+03   51
842   -1.94e+05  -485   1.7e+03   51
843   -1.94e+05  -643   1.09e+03   51
844   -1.94e+05  -269   1.17e+03   51
845   -1.94e+05  -449   1.39e+03   51
846   -1.93e+05  -142   1.11e+03   51
847   -1.94e+05  254   1.57e+03   51
848   -1.94e+05  506   1.62e+03   51
849   -1.95e+05  104   1.38e+03   51
850   -1.94e+05  21.9   1.52e+03   51
851   -1.94e+05  581   796   51
852   -1.94e+05  -132   1.1e+03   51
853   -1.95e+05  -75   1.15e+03   51
854   -1.94e+05  -124   1.27e+03   51
855   -1.94e+05  29   1.28e+03   51
856   -1.93e+05  458   1.31e+03   51
857   -1.93e+05  501   1.29e+03   51
858   -1.93e+05  688   904   51
859   -1.94e+05  1.06e+03   1.2e+03   51
860   -1.94e+05  625   1.62e+03   51
861   -1.94e+05  617   1.69e+03   51
862   -1.94e+05  540   2.33e+03   51
863   -1.94e+05  611   2.07e+03   51
864   -1.94e+05  1.01e+03   2.19e+03   51
865   -1.94e+05  904   1.8e+03   51
866   -1.95e+05  772   1.93e+03   51
867   -1.95e+05  426   2.1e+03   51
868   -1.95e+05  671   1.7e+03   51
869   -1.95e+05  479   1.97e+03   51
870   -1.95e+05  230   2.11e+03   51
871   -1.95e+05  560   858   51
872   -1.94e+05  886   1.04e+03   51
873   -1.95e+05  753   1.28e+03   51
874   -1.95e+05  1.16e+03   1.1e+03   51
875   -1.95e+05  1.13e+03   1.48e+03   51
876   -1.95e+05  1.37e+03   1.72e+03   51
877   -1.95e+05  1.22e+03   1.66e+03   51
878   -1.96e+05  1.69e+03   1.97e+03   51
879   -1.95e+05  2.03e+03   1.81e+03   51
880   -1.95e+05  1.57e+03   1.86e+03   51
881   -1.95e+05  1.58e+03   2.46e+03   51
882   -1.94e+05  1.79e+03   2.12e+03   51
883   -1.95e+05  1.51e+03   1.89e+03   51
884   -1.94e+05  1.41e+03   2.05e+03   51
885   -1.94e+05  791   1.81e+03   51
886   -1.95e+05  700   2e+03   51
887   -1.95e+05  1.18e+03   1.44e+03   51
888   -1.95e+05  1.75e+03   1.61e+03   51
889   -1.95e+05  1.55e+03   1.7e+03   51
890   -1.95e+05  1.62e+03   1.89e+03   51
891   -1.94e+05  1.64e+03   2.01e+03   51
892   -1.94e+05  1.8e+03   1.76e+03   51
893   -1.94e+05  1.69e+03   1.83e+03   51
894   -1.95e+05  1.64e+03   2.18e+03   51
895   -1.95e+05  1.18e+03   2.15e+03   51
896   -1.95e+05  1.37e+03   2.07e+03   51
897   -1.95e+05  943   2.42e+03   51
898   -1.95e+05  842   2.39e+03   51
899   -1.95e+05  835   2.02e+03   51
900   -1.95e+05  842   1.6e+03   51
901   -1.95e+05  1.27e+03   1.68e+03   51
902   -1.95e+05  1.04e+03   2.16e+03   51
903   -1.95e+05  1.21e+03   2.41e+03   51
904   -1.95e+05  1.03e+03   1.85e+03   51
905   -1.95e+05  1.15e+03   1.69e+03   51
906   -1.95e+05  1.12e+03   1.86e+03   51
907   -1.95e+05  1.71e+03   2.3e+03   51
908   -1.95e+05  1.85e+03   2.24e+03   51
909   -1.94e+05  1.87e+03   1.85e+03   51
910   -1.94e+05  1.79e+03   1.82e+03   51
911   -1.94e+05  1.77e+03   1.17e+03   51
912   -1.94e+05  1.82e+03   921   51
913   -1.95e+05  1.9e+03   664   51
914   -1.95e+05  1.45e+03   565   51
915   -1.95e+05  1.93e+03   530   51
916   -1.94e+05  2.03e+03   612   51
917   -1.95e+05  2.07e+03   366   51
918   -1.95e+05  2e+03   589   51
919   -1.95e+05  1.66e+03   405   51
920   -1.95e+05  1.82e+03   307   51
921   -1.95e+05  1.66e+03   534   51
922   -1.95e+05  1.57e+03   -35.3   51
923   -1.95e+05  1.34e+03   286   51
924   -1.94e+05  948   744   51
925   -1.94e+05  1.34e+03   636   51
926   -1.95e+05  1.41e+03   906   51
927   -1.95e+05  1.47e+03   870   51
928   -1.95e+05  1.61e+03   1.2e+03   51
929   -1.95e+05  2.06e+03   1.45e+03   51
930   -1.95e+05  1.85e+03   1.81e+03   51
931   -1.96e+05  1.46e+03   1.79e+03   51
932   -1.95e+05  1.39e+03   1.95e+03   51
933   -1.95e+05  1.34e+03   2.03e+03   51
934   -1.95e+05  1.59e+03   1.8e+03   51
935   -1.95e+05  1.41e+03   2.06e+03   51
936   -1.94e+05  1.66e+03   2.44e+03   51
937   -1.95e+05  1.79e+03   2.65e+03   51
938   -1.94e+05  1.15e+03   2.44e+03   51
939   -1.95e+05  1.08e+03   2.24e+03   51
940   -1.95e+05  924   2.45e+03   51
941   -1.95e+05  1.02e+03   2.61e+03   51
942   -1.95e+05  1.29e+03   2.16e+03   51
943   -1.96e+05  1.6e+03   2.37e+03   51
944   -1.95e+05  1.16e+03   2.86e+03   51
945   -1.95e+05  1.31e+03   2.81e+03   51
946   -1.96e+05  906   2.95e+03   51
947   -1.96e+05  1.15e+03   2.66e+03   51
948   -1.95e+05  1.46e+03   2.58e+03   51
949   -1.95e+05  1.55e+03   2.29e+03   51
950   -1.95e+05  1.43e+03   2.8e+03   51
951   -1.95e+05  1.31e+03   2.45e+03   51
952   -1.95e+05  1.07e+03   2.37e+03   51
953   -1.95e+05  710   2.42e+03   51
954   -1.95e+05  431   2.41e+03   51
955   -1.95e+05  366   2.13e+03   51
956   -1.94e+05  346   1.82e+03   51
957   -1.95e+05  846   1.84e+03   51
958   -1.95e+05  576   1.43e+03   51
959   -1.95e+05  402   926   51
960   -1.95e+05  183   581   51
961   -1.95e+05  235   1.02e+03   51
962   -1.95e+05  252   1.59e+03   51
963   -1.95e+05  379   1.92e+03   51
964   -1.95e+05  617   937   51
965   -1.95e+05  977   738   51
966   -1.95e+05  825   563   51
967   -1.95e+05  740   509   51
968   -1.95e+05  743   780   51
969   -1.94e+05  956   577   51
970   -1.94e+05  1.09e+03   385   51
971   -1.95e+05  1.25e+03   76   51
972   -1.95e+05  1.79e+03   346   51
973   -1.95e+05  1.47e+03   926   51
974   -1.94e+05  1.37e+03   819   51
975   -1.93e+05  1.31e+03   724   51
976   -1.93e+05  1.66e+03   659   51
977   -1.94e+05  1.24e+03   267   51
978   -1.94e+05  631   -238   51
979   -1.94e+05  817   -407   51
980   -1.93e+05  1.31e+03   -657   51
981   -1.94e+05  1.63e+03   -968   51
982   -1.94e+05  1.59e+03   -891   51
983   -1.95e+05  1.63e+03   -886   51
984   -1.94e+05  1.63e+03   -1.33e+03   51
985   -1.94e+05  1.37e+03   -2.02e+03   51
986   -1.94e+05  1.11e+03   -1.55e+03   51
987   -1.94e+05  1.32e+03   -1.3e+03   51
988   -1.95e+05  1.28e+03   -933   51
989   -1.95e+05  1.61e+03   -863   51
990   -1.95e+05  1.06e+03   -552   51
991   -1.96e+05  537   -212   51
992   -1.94e+05  293   -232   51
993   -1.94e+05  6.37   86.5   51
994   -1.94e+05  339   396   51
995   -1.95e+05  210   908   51
996   -1.94e+05  169   561   51
997   -1.94e+05  284   660   51
998   -1.94e+05  253   416   51
999   -1.94e+05  215   -55.2   51
1000   -1.95e+05  378   204   51
