#Sweep   Energia    Magn X    Magn Y
1 -1.96 -0.0019 0.989
2 -1.93 -0.00301 0.981
3 -1.92 -0.00168 0.974
4 -1.9 -0.00235 0.969
5 -1.89 -0.0017 0.964
6 -1.89 -0.00606 0.961
7 -1.89 -0.00859 0.96
8 -1.88 -0.0089 0.957
9 -1.88 -0.00933 0.956
10 -1.88 -0.00739 0.954
11 -1.88 -0.00539 0.954
12 -1.88 -0.00454 0.952
13 -1.88 -0.00552 0.952
14 -1.88 -0.00176 0.95
15 -1.88 -0.00135 0.95
16 -1.88 -0.00214 0.95
17 -1.88 -0.00114 0.949
18 -1.88 0.00172 0.948
19 -1.87 0.00223 0.947
20 -1.87 0.0025 0.945
21 -1.87 0.00546 0.945
22 -1.87 0.00739 0.944
23 -1.87 0.00612 0.945
24 -1.87 0.00426 0.944
25 -1.87 0.00275 0.945
26 -1.87 0.0038 0.944
27 -1.87 0.00178 0.943
28 -1.87 0.00226 0.943
29 -1.87 0.002 0.943
30 -1.87 7.76e-05 0.941
31 -1.87 0.0024 0.941
32 -1.87 0.00107 0.941
33 -1.87 0.000149 0.941
34 -1.87 0.00107 0.941
35 -1.87 -0.00276 0.941
36 -1.87 -0.0016 0.941
37 -1.87 -0.00231 0.939
38 -1.87 -0.00423 0.938
39 -1.87 -0.00658 0.937
40 -1.87 -0.00476 0.938
41 -1.87 -0.00297 0.937
42 -1.87 -0.00337 0.935
43 -1.87 -0.000608 0.934
44 -1.87 0.00118 0.934
45 -1.87 0.00423 0.935
46 -1.87 0.00428 0.934
47 -1.87 0.00595 0.933
48 -1.87 0.00704 0.933
49 -1.87 0.00633 0.933
50 -1.87 0.00765 0.933
51 -1.87 0.00354 0.933
52 -1.87 0.00202 0.931
53 -1.87 0.000515 0.931
54 -1.87 0.00113 0.932
55 -1.87 0.00412 0.931
56 -1.87 0.00138 0.93
57 -1.87 0.000304 0.929
58 -1.87 0.00129 0.928
59 -1.87 -0.00254 0.928
60 -1.87 -0.00157 0.928
61 -1.87 0.00139 0.927
62 -1.87 0.00483 0.928
63 -1.87 0.00939 0.928
64 -1.87 0.00965 0.928
65 -1.87 0.0124 0.928
66 -1.87 0.00892 0.929
67 -1.87 0.00569 0.928
68 -1.87 -0.00018 0.928
69 -1.87 0.00165 0.928
70 -1.87 4.91e-05 0.928
71 -1.87 0.0037 0.927
72 -1.87 0.0089 0.929
73 -1.87 0.00894 0.928
74 -1.87 0.00769 0.928
75 -1.87 0.00826 0.927
76 -1.87 0.00738 0.926
77 -1.87 0.00834 0.927
78 -1.87 0.00799 0.927
79 -1.87 0.00739 0.926
80 -1.87 0.00961 0.926
81 -1.87 0.0116 0.926
82 -1.87 0.00991 0.927
83 -1.87 0.00605 0.926
84 -1.87 0.00678 0.925
85 -1.87 0.00908 0.925
86 -1.87 0.00617 0.927
87 -1.87 0.00145 0.927
88 -1.87 0.00507 0.926
89 -1.87 0.00496 0.925
90 -1.87 0.00631 0.925
91 -1.87 0.00479 0.924
92 -1.87 0.00681 0.923
93 -1.87 0.00499 0.924
94 -1.87 0.00144 0.924
95 -1.87 0.00356 0.923
96 -1.87 0.00089 0.923
97 -1.87 -0.000379 0.924
98 -1.87 -0.00221 0.925
99 -1.87 -0.0039 0.925
100 -1.87 -0.000192 0.926
101 -1.87 0.00155 0.925
102 -1.87 -0.00372 0.925
103 -1.87 -0.00345 0.925
104 -1.87 -0.00278 0.925
105 -1.87 -0.0025 0.927
106 -1.87 -0.00674 0.925
107 -1.87 -0.0052 0.924
108 -1.87 -0.00144 0.924
109 -1.87 -0.00288 0.925
110 -1.87 -0.00793 0.925
111 -1.87 -0.00937 0.923
112 -1.87 -0.0108 0.922
113 -1.87 -0.00247 0.922
114 -1.87 -0.00632 0.922
115 -1.87 -0.00868 0.922
116 -1.87 -0.0103 0.923
117 -1.87 -0.0146 0.922
118 -1.87 -0.0184 0.922
119 -1.87 -0.0219 0.923
120 -1.87 -0.0209 0.922
121 -1.87 -0.0172 0.922
122 -1.87 -0.0157 0.922
123 -1.87 -0.0163 0.922
124 -1.87 -0.0183 0.921
125 -1.87 -0.019 0.921
126 -1.87 -0.021 0.921
127 -1.87 -0.0192 0.92
128 -1.87 -0.0211 0.92
129 -1.87 -0.0229 0.92
130 -1.87 -0.0266 0.92
131 -1.87 -0.03 0.92
132 -1.87 -0.0326 0.919
133 -1.87 -0.0312 0.919
134 -1.87 -0.0296 0.92
135 -1.87 -0.029 0.919
136 -1.87 -0.0272 0.919
137 -1.87 -0.0265 0.92
138 -1.87 -0.0263 0.92
139 -1.87 -0.0285 0.92
140 -1.87 -0.0263 0.92
141 -1.87 -0.0229 0.92
142 -1.87 -0.0235 0.919
143 -1.87 -0.0222 0.92
144 -1.87 -0.0261 0.921
145 -1.87 -0.0298 0.922
146 -1.87 -0.0353 0.921
147 -1.87 -0.0337 0.92
148 -1.87 -0.0354 0.919
149 -1.87 -0.0376 0.92
150 -1.87 -0.0418 0.921
151 -1.87 -0.0434 0.921
152 -1.87 -0.047 0.921
153 -1.87 -0.0467 0.921
154 -1.87 -0.0514 0.921
155 -1.87 -0.0505 0.92
156 -1.87 -0.0545 0.92
157 -1.87 -0.0546 0.92
158 -1.87 -0.0537 0.92
159 -1.87 -0.0541 0.92
160 -1.87 -0.0536 0.921
161 -1.87 -0.0493 0.922
162 -1.87 -0.0492 0.921
163 -1.87 -0.0457 0.922
164 -1.87 -0.04 0.922
165 -1.87 -0.0416 0.922
166 -1.87 -0.04 0.922
167 -1.87 -0.0438 0.923
168 -1.87 -0.0393 0.924
169 -1.87 -0.0382 0.924
170 -1.87 -0.0392 0.923
171 -1.87 -0.0388 0.921
172 -1.87 -0.0381 0.921
173 -1.87 -0.0394 0.922
174 -1.87 -0.0436 0.922
175 -1.87 -0.0438 0.922
176 -1.87 -0.0419 0.922
177 -1.87 -0.0434 0.922
178 -1.87 -0.0447 0.922
179 -1.87 -0.0422 0.922
180 -1.87 -0.0438 0.92
181 -1.87 -0.0443 0.919
182 -1.87 -0.0448 0.92
183 -1.87 -0.0432 0.92
184 -1.87 -0.0449 0.921
185 -1.87 -0.0441 0.922
186 -1.87 -0.044 0.922
187 -1.87 -0.0427 0.921
188 -1.87 -0.0455 0.92
189 -1.87 -0.0417 0.921
190 -1.87 -0.0402 0.922
191 -1.87 -0.0393 0.921
192 -1.88 -0.0414 0.921
193 -1.87 -0.0404 0.92
194 -1.87 -0.0421 0.919
195 -1.87 -0.0407 0.919
196 -1.87 -0.0405 0.919
197 -1.87 -0.0405 0.919
198 -1.87 -0.0404 0.919
199 -1.87 -0.0386 0.919
200 -1.87 -0.0362 0.919
201 -1.87 -0.036 0.919
202 -1.87 -0.0351 0.918
203 -1.87 -0.0326 0.918
204 -1.87 -0.0326 0.918
205 -1.87 -0.0342 0.919
206 -1.87 -0.0343 0.918
207 -1.87 -0.0334 0.918
208 -1.87 -0.028 0.919
209 -1.87 -0.0271 0.919
210 -1.87 -0.0285 0.92
211 -1.87 -0.0263 0.919
212 -1.87 -0.0252 0.919
213 -1.87 -0.0214 0.921
214 -1.87 -0.0177 0.921
215 -1.87 -0.0197 0.922
216 -1.87 -0.0203 0.922
217 -1.87 -0.0194 0.923
218 -1.87 -0.0199 0.923
219 -1.87 -0.0178 0.923
220 -1.87 -0.0165 0.923
221 -1.87 -0.0204 0.923
222 -1.87 -0.0198 0.922
223 -1.87 -0.022 0.922
224 -1.87 -0.0214 0.923
225 -1.87 -0.0238 0.923
226 -1.87 -0.0215 0.923
227 -1.87 -0.0234 0.925
228 -1.87 -0.0241 0.924
229 -1.87 -0.0237 0.925
230 -1.87 -0.0242 0.925
231 -1.87 -0.0217 0.924
232 -1.87 -0.0232 0.924
233 -1.87 -0.0242 0.923
234 -1.87 -0.0236 0.923
235 -1.87 -0.0255 0.922
236 -1.87 -0.0255 0.923
237 -1.87 -0.0246 0.923
238 -1.87 -0.0246 0.923
239 -1.87 -0.0219 0.922
240 -1.87 -0.0245 0.922
241 -1.87 -0.0252 0.92
242 -1.87 -0.0224 0.92
243 -1.87 -0.021 0.921
244 -1.87 -0.0188 0.921
245 -1.87 -0.0182 0.921
246 -1.87 -0.0216 0.922
247 -1.87 -0.0262 0.922
248 -1.87 -0.0281 0.922
249 -1.87 -0.0287 0.922
250 -1.87 -0.0258 0.922
251 -1.87 -0.0268 0.921
252 -1.87 -0.027 0.921
253 -1.87 -0.0282 0.922
254 -1.87 -0.0289 0.922
255 -1.87 -0.0297 0.922
256 -1.87 -0.0321 0.924
257 -1.87 -0.0319 0.924
258 -1.87 -0.0311 0.923
259 -1.87 -0.0331 0.924
260 -1.87 -0.034 0.923
261 -1.87 -0.0329 0.923
262 -1.87 -0.032 0.924
263 -1.87 -0.033 0.924
264 -1.87 -0.0323 0.924
265 -1.87 -0.0376 0.923
266 -1.87 -0.0361 0.922
267 -1.87 -0.0341 0.923
268 -1.87 -0.0365 0.923
269 -1.87 -0.0396 0.922
270 -1.87 -0.0376 0.922
271 -1.87 -0.0386 0.922
272 -1.87 -0.0378 0.922
273 -1.87 -0.0378 0.922
274 -1.87 -0.039 0.923
275 -1.87 -0.0435 0.923
276 -1.87 -0.0432 0.923
277 -1.87 -0.0404 0.922
278 -1.87 -0.0427 0.924
279 -1.87 -0.0395 0.923
280 -1.87 -0.0404 0.922
281 -1.87 -0.0403 0.922
282 -1.87 -0.0417 0.923
283 -1.87 -0.0435 0.924
284 -1.87 -0.0457 0.924
285 -1.87 -0.0481 0.923
286 -1.87 -0.0468 0.922
287 -1.87 -0.0461 0.923
288 -1.87 -0.042 0.924
289 -1.87 -0.0428 0.924
290 -1.87 -0.0403 0.923
291 -1.87 -0.0408 0.924
292 -1.87 -0.045 0.923
293 -1.87 -0.047 0.923
294 -1.87 -0.0464 0.923
295 -1.87 -0.0458 0.923
296 -1.87 -0.0416 0.922
297 -1.87 -0.0422 0.922
298 -1.87 -0.0432 0.923
299 -1.87 -0.0423 0.923
300 -1.87 -0.0426 0.922
301 -1.87 -0.0428 0.922
302 -1.87 -0.043 0.922
303 -1.87 -0.0457 0.922
304 -1.87 -0.0479 0.921
305 -1.87 -0.0467 0.921
306 -1.87 -0.0452 0.92
307 -1.87 -0.0468 0.92
308 -1.87 -0.0465 0.92
309 -1.87 -0.0478 0.921
310 -1.87 -0.047 0.92
311 -1.87 -0.043 0.92
312 -1.87 -0.0401 0.92
313 -1.87 -0.038 0.92
314 -1.87 -0.0431 0.919
315 -1.87 -0.0369 0.921
316 -1.87 -0.0369 0.921
317 -1.87 -0.0373 0.921
318 -1.87 -0.0371 0.921
319 -1.87 -0.0368 0.921
320 -1.87 -0.0346 0.92
321 -1.87 -0.0319 0.92
322 -1.87 -0.0341 0.919
323 -1.87 -0.0302 0.919
324 -1.87 -0.0305 0.919
325 -1.87 -0.0271 0.92
326 -1.87 -0.0277 0.921
327 -1.87 -0.0284 0.921
328 -1.87 -0.0308 0.921
329 -1.87 -0.0312 0.922
330 -1.87 -0.0345 0.921
331 -1.87 -0.0346 0.921
332 -1.87 -0.0394 0.921
333 -1.87 -0.0349 0.92
334 -1.87 -0.0345 0.92
335 -1.87 -0.0337 0.919
336 -1.87 -0.0338 0.92
337 -1.87 -0.0362 0.92
338 -1.87 -0.0351 0.92
339 -1.87 -0.0355 0.92
340 -1.87 -0.0303 0.921
341 -1.87 -0.0314 0.922
342 -1.87 -0.0319 0.921
343 -1.87 -0.0291 0.922
344 -1.87 -0.032 0.922
345 -1.87 -0.0306 0.921
346 -1.87 -0.0271 0.922
347 -1.87 -0.0291 0.922
348 -1.87 -0.0299 0.922
349 -1.87 -0.0299 0.921
350 -1.87 -0.0314 0.922
351 -1.87 -0.0308 0.921
352 -1.87 -0.0251 0.921
353 -1.87 -0.0235 0.923
354 -1.87 -0.0279 0.923
355 -1.87 -0.0302 0.921
356 -1.87 -0.032 0.92
357 -1.87 -0.031 0.92
358 -1.87 -0.0336 0.92
359 -1.87 -0.0339 0.92
360 -1.87 -0.0293 0.92
361 -1.87 -0.0278 0.92
362 -1.87 -0.0273 0.921
363 -1.87 -0.0239 0.921
364 -1.87 -0.024 0.921
365 -1.87 -0.0232 0.92
366 -1.87 -0.0249 0.919
367 -1.87 -0.0258 0.92
368 -1.87 -0.0217 0.919
369 -1.87 -0.0202 0.919
370 -1.87 -0.0195 0.919
371 -1.87 -0.0218 0.92
372 -1.87 -0.0201 0.921
373 -1.87 -0.0178 0.92
374 -1.87 -0.0192 0.92
375 -1.87 -0.0173 0.921
376 -1.87 -0.0128 0.922
377 -1.87 -0.00995 0.922
378 -1.87 -0.0124 0.92
379 -1.87 -0.0137 0.92
380 -1.87 -0.0163 0.92
381 -1.87 -0.0161 0.919
382 -1.87 -0.0135 0.919
383 -1.87 -0.013 0.918
384 -1.87 -0.0106 0.918
385 -1.87 -0.011 0.918
386 -1.87 -0.0119 0.917
387 -1.87 -0.0106 0.917
388 -1.87 -0.00704 0.916
389 -1.87 -0.00834 0.918
390 -1.87 -0.00902 0.918
391 -1.87 -0.0103 0.917
392 -1.87 -0.0127 0.917
393 -1.87 -0.01 0.918
394 -1.87 -0.00955 0.919
395 -1.87 -0.0113 0.917
396 -1.87 -0.00656 0.918
397 -1.87 -0.00616 0.918
398 -1.87 0.00118 0.917
399 -1.87 0.00372 0.916
400 -1.87 0.00764 0.916
401 -1.87 0.003 0.916
402 -1.87 0.00287 0.917
403 -1.87 0.00407 0.917
404 -1.87 0.00179 0.916
405 -1.87 0.00488 0.918
406 -1.87 0.00286 0.917
407 -1.87 0.00203 0.916
408 -1.87 0.00462 0.916
409 -1.87 0.00638 0.916
410 -1.87 0.00413 0.916
411 -1.87 0.0035 0.916
412 -1.87 0.00503 0.918
413 -1.87 0.00421 0.917
414 -1.87 0.00344 0.917
415 -1.87 -0.000175 0.919
416 -1.87 0.00167 0.918
417 -1.87 0.00258 0.918
418 -1.87 0.00456 0.917
419 -1.87 0.00631 0.916
420 -1.87 0.00787 0.917
421 -1.87 0.0077 0.917
422 -1.87 0.00924 0.919
423 -1.87 0.00823 0.919
424 -1.87 0.00556 0.917
425 -1.87 -0.000885 0.917
426 -1.87 0.000948 0.918
427 -1.87 0.00498 0.918
428 -1.87 0.0053 0.917
429 -1.87 0.00356 0.918
430 -1.87 0.00439 0.917
431 -1.87 0.00393 0.917
432 -1.87 0.00514 0.917
433 -1.87 0.00485 0.917
434 -1.87 0.00127 0.918
435 -1.87 0.000678 0.918
436 -1.87 0.00295 0.918
437 -1.87 0.00332 0.919
438 -1.87 0.00242 0.918
439 -1.87 -0.000808 0.917
440 -1.87 -0.000906 0.918
441 -1.87 -0.00232 0.917
442 -1.87 -0.00651 0.917
443 -1.87 -0.00949 0.916
444 -1.87 -0.00647 0.916
445 -1.87 -0.01 0.915
446 -1.87 -0.00869 0.915
447 -1.87 -0.00836 0.915
448 -1.87 -0.0065 0.916
449 -1.87 -0.0116 0.914
450 -1.87 -0.00282 0.914
451 -1.87 -0.00803 0.914
452 -1.87 -0.00653 0.915
453 -1.87 -0.00708 0.916
454 -1.87 -0.0115 0.915
455 -1.87 -0.0133 0.915
456 -1.87 -0.00714 0.916
457 -1.87 -0.00977 0.917
458 -1.87 -0.0126 0.917
459 -1.87 -0.0143 0.917
460 -1.87 -0.0119 0.917
461 -1.87 -0.00793 0.918
462 -1.87 -0.011 0.918
463 -1.87 -0.00805 0.917
464 -1.87 -0.00865 0.917
465 -1.87 -0.00814 0.917
466 -1.87 -0.0111 0.918
467 -1.88 -0.012 0.918
468 -1.87 -0.0135 0.917
469 -1.87 -0.0119 0.917
470 -1.87 -0.0164 0.916
471 -1.87 -0.0161 0.916
472 -1.87 -0.0179 0.916
473 -1.87 -0.0155 0.916
474 -1.87 -0.0151 0.916
475 -1.87 -0.0123 0.916
476 -1.87 -0.00994 0.916
477 -1.87 -0.00785 0.915
478 -1.87 -0.00913 0.915
479 -1.87 -0.00694 0.916
480 -1.87 -0.0066 0.917
481 -1.87 -0.00775 0.916
482 -1.87 -0.00635 0.915
483 -1.87 -0.00623 0.915
484 -1.87 -0.00677 0.915
485 -1.87 -0.00726 0.916
486 -1.87 -0.00889 0.916
487 -1.87 -0.00835 0.916
488 -1.87 -0.0062 0.915
489 -1.87 -0.00764 0.916
490 -1.87 -0.0113 0.917
491 -1.87 -0.00856 0.916
492 -1.87 -0.00799 0.916
493 -1.87 -0.00921 0.915
494 -1.87 -0.00493 0.915
495 -1.87 0.0026 0.914
496 -1.87 0.00343 0.914
497 -1.86 -0.00051 0.913
498 -1.87 0.000116 0.913
499 -1.87 0.00056 0.913
500 -1.87 0.00164 0.913
501 -1.87 -0.000946 0.915
502 -1.87 -0.00282 0.914
503 -1.87 -0.00202 0.913
504 -1.87 0.00238 0.913
505 -1.87 0.000983 0.914
506 -1.87 -0.000107 0.914
507 -1.87 0.00488 0.915
508 -1.87 0.00458 0.913
509 -1.87 0.00625 0.915
510 -1.87 0.0043 0.913
511 -1.87 0.0043 0.916
512 -1.87 0.00455 0.915
513 -1.87 0.00677 0.914
514 -1.87 0.00578 0.915
515 -1.87 0.0064 0.916
516 -1.87 0.00774 0.917
517 -1.87 0.0114 0.917
518 -1.87 0.00882 0.917
519 -1.87 0.00831 0.915
520 -1.87 0.0101 0.915
521 -1.87 0.0068 0.915
522 -1.87 0.00476 0.914
523 -1.87 0.00508 0.915
524 -1.87 0.00499 0.915
525 -1.87 0.00673 0.916
526 -1.87 0.0104 0.917
527 -1.87 0.0121 0.915
528 -1.87 0.0142 0.916
529 -1.87 0.0135 0.916
530 -1.87 0.0158 0.915
531 -1.87 0.0185 0.915
532 -1.87 0.0165 0.916
533 -1.87 0.0176 0.918
534 -1.87 0.0106 0.918
535 -1.87 0.0106 0.918
536 -1.87 0.0111 0.919
537 -1.87 0.00815 0.919
538 -1.87 0.0086 0.918
539 -1.87 0.0105 0.918
540 -1.87 0.0114 0.918
541 -1.87 0.00962 0.918
542 -1.87 0.0102 0.92
543 -1.87 0.0115 0.92
544 -1.87 0.0148 0.918
545 -1.87 0.0107 0.919
546 -1.87 0.0105 0.918
547 -1.87 0.00914 0.919
548 -1.87 0.0064 0.919
549 -1.87 0.00563 0.92
550 -1.88 0.00553 0.921
551 -1.88 0.00592 0.921
552 -1.88 0.00434 0.921
553 -1.87 0.00706 0.92
554 -1.88 0.00886 0.921
555 -1.87 0.00857 0.919
556 -1.87 0.00895 0.919
557 -1.87 0.0109 0.919
558 -1.87 0.0123 0.918
559 -1.87 0.0132 0.918
560 -1.87 0.0154 0.917
561 -1.87 0.0148 0.917
562 -1.87 0.0103 0.917
563 -1.87 0.00694 0.918
564 -1.87 0.00373 0.918
565 -1.87 0.00139 0.917
566 -1.87 0.0041 0.918
567 -1.87 0.00236 0.917
568 -1.87 0.000653 0.918
569 -1.87 -0.000381 0.917
570 -1.87 0.00204 0.918
571 -1.87 0.00425 0.917
572 -1.87 0.00481 0.916
573 -1.87 0.00429 0.917
574 -1.87 0.00866 0.917
575 -1.87 0.00939 0.917
576 -1.87 0.00695 0.918
577 -1.87 0.0101 0.917
578 -1.87 0.00614 0.917
579 -1.87 0.00653 0.918
580 -1.87 0.00573 0.919
581 -1.87 0.00675 0.92
582 -1.87 0.00999 0.919
583 -1.87 0.00888 0.919
584 -1.87 0.0113 0.92
585 -1.87 0.0116 0.919
586 -1.87 0.00718 0.919
587 -1.87 0.00147 0.917
588 -1.87 -0.00383 0.917
589 -1.87 -0.00499 0.918
590 -1.87 -0.00878 0.917
591 -1.87 -0.0105 0.918
592 -1.87 -0.0151 0.919
593 -1.87 -0.0129 0.919
594 -1.87 -0.0123 0.92
595 -1.87 -0.0142 0.92
596 -1.87 -0.0111 0.92
597 -1.87 -0.0142 0.921
598 -1.87 -0.0158 0.92
599 -1.87 -0.0166 0.919
600 -1.87 -0.0194 0.92
601 -1.87 -0.0216 0.92
602 -1.87 -0.023 0.919
603 -1.87 -0.0256 0.919
604 -1.87 -0.0239 0.919
605 -1.87 -0.0246 0.92
606 -1.87 -0.0248 0.919
607 -1.87 -0.0228 0.92
608 -1.87 -0.024 0.92
609 -1.87 -0.0229 0.919
610 -1.87 -0.0181 0.919
611 -1.87 -0.0197 0.918
612 -1.87 -0.0224 0.916
613 -1.87 -0.0272 0.916
614 -1.87 -0.0311 0.917
615 -1.87 -0.0344 0.916
616 -1.87 -0.0319 0.915
617 -1.87 -0.0363 0.916
618 -1.87 -0.0374 0.916
619 -1.87 -0.0384 0.915
620 -1.87 -0.0375 0.915
621 -1.87 -0.0373 0.916
622 -1.87 -0.0388 0.916
623 -1.87 -0.0372 0.916
624 -1.87 -0.0354 0.916
625 -1.87 -0.0396 0.916
626 -1.87 -0.0406 0.916
627 -1.87 -0.0422 0.917
628 -1.87 -0.0438 0.919
629 -1.87 -0.047 0.919
630 -1.87 -0.0468 0.919
631 -1.87 -0.047 0.92
632 -1.87 -0.046 0.921
633 -1.87 -0.0454 0.921
634 -1.87 -0.043 0.92
635 -1.87 -0.0393 0.92
636 -1.87 -0.0367 0.92
637 -1.87 -0.0385 0.92
638 -1.87 -0.037 0.919
639 -1.87 -0.0365 0.919
640 -1.87 -0.033 0.919
641 -1.87 -0.0329 0.919
642 -1.87 -0.0333 0.919
643 -1.87 -0.0347 0.92
644 -1.87 -0.0325 0.92
645 -1.87 -0.0297 0.92
646 -1.87 -0.0279 0.92
647 -1.87 -0.0282 0.921
648 -1.87 -0.0302 0.922
649 -1.87 -0.0313 0.922
650 -1.87 -0.0329 0.922
651 -1.87 -0.0329 0.921
652 -1.87 -0.0326 0.92
653 -1.87 -0.0312 0.92
654 -1.87 -0.0296 0.92
655 -1.87 -0.0299 0.921
656 -1.87 -0.0255 0.921
657 -1.87 -0.0231 0.921
658 -1.87 -0.0216 0.92
659 -1.87 -0.0234 0.919
660 -1.87 -0.0263 0.92
661 -1.87 -0.0255 0.92
662 -1.87 -0.0302 0.921
663 -1.87 -0.0245 0.922
664 -1.87 -0.0234 0.922
665 -1.87 -0.0251 0.922
666 -1.87 -0.0245 0.921
667 -1.87 -0.0238 0.921
668 -1.87 -0.0228 0.921
669 -1.87 -0.0211 0.921
670 -1.87 -0.0216 0.921
671 -1.87 -0.02 0.92
672 -1.87 -0.0206 0.92
673 -1.87 -0.023 0.92
674 -1.87 -0.0233 0.921
675 -1.87 -0.0226 0.921
676 -1.87 -0.0218 0.921
677 -1.87 -0.0232 0.922
678 -1.87 -0.0231 0.923
679 -1.87 -0.0227 0.922
680 -1.87 -0.0211 0.922
681 -1.87 -0.0237 0.922
682 -1.87 -0.0268 0.921
683 -1.87 -0.0253 0.92
684 -1.87 -0.0259 0.92
685 -1.87 -0.0248 0.919
686 -1.87 -0.0255 0.919
687 -1.87 -0.0236 0.92
688 -1.87 -0.0272 0.918
689 -1.87 -0.03 0.919
690 -1.87 -0.0305 0.918
691 -1.87 -0.0309 0.92
692 -1.87 -0.0368 0.921
693 -1.87 -0.0375 0.921
694 -1.87 -0.0386 0.92
695 -1.87 -0.0396 0.921
696 -1.87 -0.0356 0.921
697 -1.87 -0.0378 0.921
698 -1.87 -0.0388 0.921
699 -1.87 -0.0366 0.921
700 -1.87 -0.0379 0.921
701 -1.87 -0.0381 0.921
702 -1.87 -0.0358 0.92
703 -1.87 -0.0358 0.919
704 -1.87 -0.0359 0.919
705 -1.87 -0.0381 0.919
706 -1.87 -0.0387 0.919
707 -1.87 -0.0342 0.92
708 -1.87 -0.0319 0.92
709 -1.87 -0.0349 0.92
710 -1.87 -0.0341 0.921
711 -1.87 -0.0329 0.921
712 -1.87 -0.0307 0.922
713 -1.87 -0.0276 0.922
714 -1.87 -0.027 0.921
715 -1.87 -0.0286 0.923
716 -1.87 -0.0297 0.922
717 -1.87 -0.0318 0.922
718 -1.87 -0.0295 0.922
719 -1.87 -0.0325 0.923
720 -1.87 -0.0295 0.923
721 -1.87 -0.0327 0.923
722 -1.87 -0.0306 0.924
723 -1.87 -0.0328 0.924
724 -1.87 -0.0302 0.923
725 -1.87 -0.0293 0.923
726 -1.87 -0.0289 0.922
727 -1.87 -0.0283 0.922
728 -1.87 -0.0278 0.921
729 -1.87 -0.0243 0.923
730 -1.87 -0.0231 0.923
731 -1.87 -0.0232 0.924
732 -1.87 -0.0228 0.923
733 -1.87 -0.0229 0.923
734 -1.87 -0.0239 0.924
735 -1.87 -0.0224 0.924
736 -1.87 -0.0222 0.923
737 -1.87 -0.0223 0.923
738 -1.87 -0.0219 0.923
739 -1.87 -0.0255 0.922
740 -1.87 -0.0237 0.922
741 -1.87 -0.0245 0.922
742 -1.87 -0.0203 0.922
743 -1.87 -0.0227 0.922
744 -1.87 -0.0218 0.922
745 -1.87 -0.0241 0.923
746 -1.87 -0.0266 0.922
747 -1.87 -0.0271 0.922
748 -1.87 -0.0266 0.922
749 -1.87 -0.0284 0.921
750 -1.87 -0.0279 0.92
751 -1.87 -0.0308 0.92
752 -1.87 -0.0312 0.919
753 -1.87 -0.0301 0.92
754 -1.87 -0.031 0.919
755 -1.87 -0.028 0.919
756 -1.87 -0.0241 0.919
757 -1.87 -0.0255 0.92
758 -1.87 -0.0267 0.921
759 -1.87 -0.0223 0.92
760 -1.87 -0.0225 0.921
761 -1.87 -0.0203 0.92
762 -1.87 -0.0198 0.921
763 -1.87 -0.0201 0.922
764 -1.87 -0.018 0.922
765 -1.87 -0.0183 0.923
766 -1.87 -0.0183 0.923
767 -1.87 -0.0165 0.923
768 -1.87 -0.0174 0.924
769 -1.87 -0.0173 0.923
770 -1.87 -0.0143 0.923
771 -1.87 -0.0149 0.922
772 -1.87 -0.0146 0.922
773 -1.87 -0.018 0.922
774 -1.87 -0.0156 0.922
775 -1.87 -0.0167 0.922
776 -1.87 -0.0144 0.922
777 -1.87 -0.012 0.922
778 -1.87 -0.0101 0.922
779 -1.87 -0.0132 0.922
780 -1.87 -0.0142 0.922
781 -1.87 -0.0102 0.922
782 -1.87 -0.0079 0.921
783 -1.87 -0.00746 0.921
784 -1.87 -0.0085 0.921
785 -1.87 -0.00873 0.92
786 -1.87 -0.0125 0.92
787 -1.87 -0.0154 0.921
788 -1.87 -0.0174 0.921
789 -1.87 -0.0193 0.92
790 -1.87 -0.0177 0.92
791 -1.87 -0.0172 0.92
792 -1.87 -0.0164 0.92
793 -1.87 -0.0148 0.921
794 -1.87 -0.0143 0.92
795 -1.87 -0.0134 0.918
796 -1.87 -0.0161 0.92
797 -1.87 -0.0133 0.92
798 -1.87 -0.0117 0.921
799 -1.87 -0.0118 0.921
800 -1.87 -0.0129 0.922
801 -1.87 -0.012 0.92
802 -1.87 -0.0121 0.921
803 -1.87 -0.012 0.921
804 -1.87 -0.0108 0.921
805 -1.87 -0.00995 0.92
806 -1.87 -0.00993 0.919
807 -1.87 -0.0111 0.919
808 -1.87 -0.0119 0.921
809 -1.87 -0.0129 0.921
810 -1.87 -0.0126 0.921
811 -1.88 -0.0149 0.921
812 -1.87 -0.0175 0.921
813 -1.87 -0.0157 0.92
814 -1.87 -0.0185 0.919
815 -1.87 -0.0179 0.918
816 -1.87 -0.0189 0.918
817 -1.87 -0.0197 0.92
818 -1.87 -0.0185 0.921
819 -1.87 -0.0214 0.921
820 -1.87 -0.0218 0.92
821 -1.87 -0.0294 0.919
822 -1.87 -0.0293 0.917
823 -1.87 -0.0318 0.917
824 -1.87 -0.0344 0.917
825 -1.87 -0.0343 0.918
826 -1.87 -0.0364 0.918
827 -1.87 -0.0343 0.918
828 -1.87 -0.0353 0.917
829 -1.87 -0.0354 0.917
830 -1.87 -0.0345 0.918
831 -1.87 -0.0326 0.919
832 -1.87 -0.0303 0.919
833 -1.87 -0.0277 0.919
834 -1.87 -0.0248 0.919
835 -1.87 -0.0229 0.919
836 -1.88 -0.022 0.92
837 -1.87 -0.0223 0.92
838 -1.87 -0.0235 0.918
839 -1.87 -0.0219 0.918
840 -1.87 -0.019 0.917
841 -1.87 -0.018 0.917
842 -1.87 -0.0163 0.917
843 -1.87 -0.0155 0.916
844 -1.87 -0.0131 0.916
845 -1.87 -0.0146 0.914
846 -1.87 -0.0141 0.917
847 -1.87 -0.0149 0.917
848 -1.87 -0.0198 0.917
849 -1.87 -0.0157 0.917
850 -1.87 -0.0159 0.918
851 -1.87 -0.0158 0.918
852 -1.87 -0.0164 0.917
853 -1.87 -0.0141 0.916
854 -1.87 -0.013 0.916
855 -1.87 -0.0124 0.915
856 -1.87 -0.0125 0.915
857 -1.87 -0.00866 0.916
858 -1.87 -0.00934 0.918
859 -1.87 -0.00807 0.918
860 -1.88 -0.00767 0.919
861 -1.87 -0.00571 0.918
862 -1.87 -0.00775 0.917
863 -1.87 -0.00936 0.917
864 -1.87 -0.0121 0.918
865 -1.87 -0.0117 0.918
866 -1.87 -0.0101 0.917
867 -1.87 -0.0103 0.917
868 -1.87 -0.00636 0.917
869 -1.87 -0.00676 0.918
870 -1.87 -0.00422 0.917
871 -1.87 -0.00201 0.917
872 -1.87 -0.00269 0.917
873 -1.87 -0.00362 0.918
874 -1.87 -0.000989 0.919
875 -1.87 -0.00168 0.92
876 -1.87 0.000285 0.921
877 -1.87 0.00166 0.921
878 -1.87 0.00375 0.921
879 -1.87 0.00357 0.92
880 -1.87 0.00652 0.921
881 -1.87 0.0026 0.92
882 -1.87 0.00399 0.923
883 -1.87 0.00294 0.923
884 -1.87 0.00358 0.923
885 -1.87 0.00288 0.923
886 -1.87 -6.01e-05 0.923
887 -1.87 -0.0014 0.923
888 -1.87 0.000374 0.923
889 -1.87 -0.000217 0.922
890 -1.87 0.000652 0.924
891 -1.87 6.7e-05 0.923
892 -1.87 0.0037 0.923
893 -1.87 0.00294 0.921
894 -1.87 0.0036 0.92
895 -1.87 0.00544 0.92
896 -1.87 0.00939 0.92
897 -1.87 0.00921 0.921
898 -1.87 0.00982 0.921
899 -1.87 0.00953 0.921
900 -1.87 0.0149 0.921
901 -1.87 0.0155 0.92
902 -1.87 0.0138 0.921
903 -1.88 0.0111 0.921
904 -1.87 0.0115 0.92
905 -1.87 0.0114 0.919
906 -1.87 0.0117 0.92
907 -1.87 0.0151 0.92
908 -1.87 0.0144 0.92
909 -1.87 0.0147 0.92
910 -1.87 0.0134 0.918
911 -1.87 0.011 0.92
912 -1.87 0.0118 0.922
913 -1.87 0.0121 0.921
914 -1.87 0.0109 0.921
915 -1.87 0.0124 0.921
916 -1.87 0.0123 0.921
917 -1.87 0.0105 0.921
918 -1.87 0.00865 0.919
919 -1.87 0.00693 0.92
920 -1.87 0.00711 0.921
921 -1.87 0.00963 0.921
922 -1.87 0.00858 0.92
923 -1.87 0.0094 0.92
924 -1.87 0.0133 0.92
925 -1.87 0.0161 0.92
926 -1.87 0.018 0.922
927 -1.87 0.0177 0.921
928 -1.87 0.0176 0.92
929 -1.87 0.0179 0.92
930 -1.88 0.0168 0.921
931 -1.87 0.0152 0.921
932 -1.87 0.0147 0.92
933 -1.87 0.0156 0.92
934 -1.87 0.0178 0.92
935 -1.87 0.0181 0.919
936 -1.87 0.0164 0.919
937 -1.87 0.018 0.919
938 -1.87 0.0185 0.919
939 -1.87 0.0166 0.919
940 -1.87 0.021 0.918
941 -1.87 0.0219 0.919
942 -1.87 0.0221 0.918
943 -1.87 0.0218 0.917
944 -1.87 0.0225 0.917
945 -1.87 0.0239 0.918
946 -1.87 0.0219 0.917
947 -1.87 0.0222 0.916
948 -1.87 0.0232 0.916
949 -1.87 0.0218 0.915
950 -1.87 0.0197 0.914
951 -1.87 0.0217 0.915
952 -1.87 0.0227 0.915
953 -1.87 0.0228 0.915
954 -1.87 0.0259 0.916
955 -1.87 0.0238 0.915
956 -1.87 0.0229 0.916
957 -1.87 0.0257 0.916
958 -1.87 0.0222 0.915
959 -1.87 0.0238 0.915
960 -1.87 0.0262 0.914
961 -1.87 0.0297 0.913
962 -1.87 0.0305 0.914
963 -1.87 0.0295 0.916
964 -1.87 0.0281 0.916
965 -1.87 0.0314 0.916
966 -1.87 0.0343 0.916
967 -1.87 0.0364 0.915
968 -1.87 0.0357 0.914
969 -1.87 0.0389 0.913
970 -1.87 0.0362 0.913
971 -1.87 0.033 0.913
972 -1.87 0.0335 0.914
973 -1.87 0.0357 0.915
974 -1.87 0.0351 0.914
975 -1.87 0.0327 0.914
976 -1.88 0.0355 0.913
977 -1.87 0.0375 0.914
978 -1.87 0.0354 0.914
979 -1.87 0.0348 0.914
980 -1.87 0.0319 0.915
981 -1.87 0.0325 0.915
982 -1.87 0.0344 0.913
983 -1.87 0.0315 0.912
984 -1.87 0.0314 0.912
985 -1.87 0.0324 0.913
986 -1.87 0.0313 0.913
987 -1.87 0.0339 0.914
988 -1.87 0.0331 0.916
989 -1.87 0.0332 0.914
990 -1.87 0.0326 0.913
991 -1.87 0.0312 0.913
992 -1.87 0.0331 0.913
993 -1.87 0.0321 0.915
994 -1.87 0.0331 0.915
995 -1.87 0.0297 0.916
996 -1.87 0.0313 0.916
997 -1.87 0.0308 0.916
998 -1.87 0.0285 0.915
999 -1.87 0.0307 0.914
1000 -1.87 0.0297 0.914
