#Sweep   Energia    Magn X    Magn Y
1 -1.825 -0.0002725 0.95
2 -1.69375 -0.00235625 0.9125
3 -1.5875 -0.00213125 0.875
4 -1.5 -0.003775 0.8375
5 -1.4375 -0.00284375 0.80625
6 -1.3875 -0.00304375 0.78125
7 -1.34375 -0.004425 0.75625
8 -1.30625 -0.00531875 0.7375
9 -1.28125 -0.00500625 0.71875
10 -1.25625 -0.0050625 0.7
11 -1.2375 -0.00401875 0.68125
12 -1.21875 -0.0055875 0.66875
13 -1.2 -0.0038875 0.65625
14 -1.19375 -0.0055875 0.64375
15 -1.18125 -0.00601875 0.63125
16 -1.16875 -0.0055125 0.62125
17 -1.1625 -0.0032875 0.610625
18 -1.15 -0.00283125 0.600625
19 -1.14375 -0.003425 0.591875
20 -1.1375 -0.00535 0.5825
21 -1.13125 -0.00360625 0.575625
22 -1.125 -0.00335 0.568125
23 -1.11875 -0.0041125 0.559375
24 -1.1125 -0.002975 0.55125
25 -1.10625 -0.00364375 0.545625
26 -1.10625 -0.0037 0.5375
27 -1.10625 -0.00541875 0.53
28 -1.1 -0.00440625 0.525625
29 -1.09375 -0.005275 0.52
30 -1.09375 -0.006625 0.51625
31 -1.09375 -0.0064375 0.510625
32 -1.0875 -0.0044625 0.504375
33 -1.08125 -0.00439375 0.498125
34 -1.08125 -0.00366875 0.491875
35 -1.075 -0.00419375 0.486875
36 -1.075 -0.00555625 0.480625
37 -1.06875 -0.0061375 0.47375
38 -1.06875 -0.00725 0.469375
39 -1.06875 -0.008375 0.46375
40 -1.0625 -0.008375 0.456875
41 -1.05625 -0.0090625 0.451875
42 -1.05625 -0.0079375 0.448125
43 -1.05625 -0.00675 0.445
44 -1.05 -0.006875 0.439375
45 -1.05 -0.00540625 0.43375
46 -1.04375 -0.005575 0.42875
47 -1.05 -0.006375 0.42625
48 -1.05 -0.0056625 0.421875
49 -1.05 -0.0065 0.41875
50 -1.05 -0.00580625 0.415625
51 -1.05 -0.00460625 0.411875
52 -1.04375 -6.8125e-05 0.40875
53 -1.05 0.0010875 0.406875
54 -1.0375 0.00349375 0.40125
55 -1.0375 0.00359375 0.396875
56 -1.0375 0.00378125 0.393125
57 -1.0375 0.00504375 0.39125
58 -1.04375 0.0068125 0.388125
59 -1.0375 0.003975 0.384375
60 -1.0375 0.0031375 0.38
61 -1.0375 0.0023125 0.376875
62 -1.0375 0.00191875 0.374375
63 -1.0375 0.00239375 0.373125
64 -1.03125 0.00149375 0.36875
65 -1.03125 0.0012625 0.365
66 -1.03125 0.00335625 0.3625
67 -1.03125 0.00275625 0.359375
68 -1.03125 0.002725 0.3575
69 -1.03125 0.00089375 0.354375
70 -1.03125 0.00065625 0.35
71 -1.025 0.00128125 0.346875
72 -1.025 0.0024375 0.34375
73 -1.025 0.00129375 0.341875
74 -1.025 -0.00114375 0.3375
75 -1.025 -0.00095625 0.336875
76 -1.025 -0.00205625 0.331875
77 -1.025 -0.00275 0.32875
78 -1.025 -0.0029 0.3275
79 -1.025 -0.00318125 0.32625
80 -1.025 -0.00371875 0.321875
81 -1.025 -0.0023375 0.319375
82 -1.025 -0.00361875 0.315625
83 -1.01875 -0.00431875 0.31125
84 -1.01875 -0.003375 0.308125
85 -1.01875 -0.00369375 0.306875
86 -1.01875 -0.00351875 0.304375
87 -1.01875 -0.001575 0.3
88 -1.01875 -0.00065625 0.298125
89 -1.01875 0.000460625 0.295625
90 -1.01875 0.000165625 0.29625
91 -1.0125 0.00058125 0.293125
92 -1.0125 -0.00096875 0.290625
93 -1.0125 -0.00124375 0.288125
94 -1.0125 -0.000179375 0.28625
95 -1.0125 -0.00027 0.283125
96 -1.00625 -0.00276875 0.278125
97 -1.00625 -0.00320625 0.275
98 -1.00625 -0.0011125 0.274375
99 -1.00625 -0.0004275 0.27
100 -1.00625 -0.00094375 0.268125
101 -1.00625 0.0006625 0.26375
102 -1.00625 0.00111875 0.263125
103 -1.0125 0.002325 0.2625
104 -1.0125 0.00359375 0.26
105 -1.0125 0.004725 0.259375
106 -1.00625 0.00414375 0.255625
107 -1.00625 0.00350625 0.2525
108 -1.00625 0.0053375 0.251875
109 -1 0.004375 0.24875
110 -1 0.00675 0.246875
111 -1.00625 0.0075625 0.245
112 -1 0.0085 0.243125
113 -1 0.01175 0.24125
114 -1 0.0099375 0.240625
115 -1.00625 0.007125 0.236875
116 -1.00625 0.008375 0.235
117 -1 0.00975 0.23
118 -1 0.0108125 0.22625
119 -1 0.0106875 0.223125
120 -0.99375 0.0099375 0.2225
121 -0.99375 0.0100625 0.221875
122 -0.99375 0.0116875 0.219375
123 -0.99375 0.0096875 0.2175
124 -0.99375 0.010125 0.215625
125 -0.99375 0.01175 0.21375
126 -0.99375 0.0125625 0.209375
127 -0.99375 0.0145625 0.20625
128 -0.99375 0.0153125 0.205625
129 -1 0.0144375 0.205
130 -1 0.0136875 0.205
131 -1 0.0135625 0.205
132 -1.00625 0.013125 0.201875
133 -1.00625 0.0101875 0.199375
134 -1.00625 0.00975 0.19875
135 -1.00625 0.0103125 0.196875
136 -1.00625 0.0114375 0.195
137 -1 0.0123125 0.191875
138 -1 0.016 0.1925
139 -1 0.0168125 0.190625
140 -1 0.0189375 0.188125
141 -1 0.018875 0.18625
142 -1.00625 0.020375 0.1875
143 -1.00625 0.0175 0.184375
144 -1 0.0164375 0.183125
145 -1 0.014875 0.181875
146 -1 0.0160625 0.181875
147 -0.99375 0.0168125 0.178125
148 -0.99375 0.01675 0.176875
149 -0.99375 0.0178125 0.175
150 -0.99375 0.0189375 0.174375
151 -0.99375 0.017375 0.175
152 -0.99375 0.0161875 0.17375
153 -0.99375 0.0160625 0.1725
154 -0.99375 0.0175625 0.17125
155 -0.99375 0.0185625 0.169375
156 -0.99375 0.0195 0.169375
157 -0.99375 0.0180625 0.1675
158 -0.99375 0.0165625 0.165625
159 -0.99375 0.015875 0.163125
160 -0.99375 0.018375 0.16375
161 -0.99375 0.017625 0.163125
162 -0.99375 0.0163125 0.160625
163 -0.99375 0.015375 0.159375
164 -0.99375 0.0151875 0.158125
165 -0.99375 0.0128125 0.158125
166 -1 0.0140625 0.15875
167 -0.99375 0.0129375 0.153125
168 -0.99375 0.0136875 0.1525
169 -0.99375 0.01475 0.1525
170 -0.99375 0.01575 0.149375
171 -0.99375 0.0175 0.148125
172 -0.99375 0.018625 0.145
173 -0.99375 0.018125 0.14375
174 -1 0.016875 0.1425
175 -0.99375 0.015375 0.1425
176 -0.99375 0.0166875 0.1425
177 -0.99375 0.0200625 0.141875
178 -0.9875 0.019625 0.1425
179 -0.9875 0.0205625 0.141875
180 -0.9875 0.017625 0.14125
181 -0.99375 0.015875 0.1425
182 -0.99375 0.016 0.14
183 -1 0.014625 0.13875
184 -0.99375 0.0178125 0.13875
185 -0.99375 0.0185 0.138125
186 -0.99375 0.02075 0.139375
187 -0.99375 0.0211875 0.136875
188 -0.99375 0.0203125 0.134375
189 -0.9875 0.02075 0.13375
190 -0.99375 0.0198125 0.1325
191 -0.9875 0.020125 0.131875
192 -0.98125 0.0193125 0.1325
193 -0.9875 0.01875 0.130625
194 -0.9875 0.01675 0.1275
195 -0.9875 0.0154375 0.12625
196 -0.9875 0.016 0.125
197 -0.99375 0.0159375 0.124375
198 -0.99375 0.0146875 0.12375
199 -0.99375 0.01425 0.1225
200 -0.99375 0.0145 0.121875
201 -1 0.0140625 0.12125
202 -1 0.014375 0.119375
203 -0.99375 0.015625 0.11875
204 -0.99375 0.0165625 0.1175
205 -1 0.0164375 0.115625
206 -0.99375 0.0165625 0.115625
207 -0.99375 0.0171875 0.115625
208 -0.99375 0.0181875 0.1125
209 -0.99375 0.0161875 0.110625
210 -0.99375 0.0151875 0.11
211 -0.99375 0.0159375 0.10875
212 -0.99375 0.0135 0.108125
213 -0.99375 0.012375 0.105
214 -0.99375 0.012375 0.105
215 -0.99375 0.0105 0.10375
216 -0.99375 0.01 0.103125
217 -0.99375 0.0109375 0.10125
218 -0.99375 0.00875 0.101875
219 -0.9875 0.0105 0.101875
220 -0.9875 0.0100625 0.100625
221 -0.9875 0.0085 0.100625
222 -0.9875 0.00775 0.101875
223 -0.99375 0.0091875 0.1
224 -0.99375 0.00925 0.099375
225 -0.9875 0.0099375 0.098125
226 -0.9875 0.0108125 0.0975
227 -0.9875 0.011 0.0975
228 -0.99375 0.0101875 0.09625
229 -0.99375 0.011375 0.094375
230 -0.99375 0.0101875 0.091875
231 -0.99375 0.00925 0.09375
232 -0.99375 0.0105625 0.091875
233 -0.99375 0.0105625 0.093125
234 -0.99375 0.0110625 0.090625
235 -0.99375 0.011125 0.08875
236 -0.99375 0.010875 0.088125
237 -0.99375 0.010375 0.0875
238 -0.99375 0.011 0.088125
239 -0.99375 0.01125 0.086875
240 -0.9875 0.0108125 0.08625
241 -0.99375 0.0106875 0.085625
242 -0.99375 0.0106875 0.086875
243 -0.9875 0.01025 0.0875
244 -0.9875 0.0089375 0.085625
245 -0.9875 0.0111875 0.086875
246 -0.9875 0.010625 0.088125
247 -0.9875 0.0101875 0.08625
248 -0.9875 0.011375 0.084375
249 -0.9875 0.0114375 0.085
250 -0.9875 0.01275 0.0825
251 -0.9875 0.011125 0.083125
252 -0.9875 0.010875 0.08375
253 -0.9875 0.0100625 0.0825
254 -0.9875 0.0108125 0.08125
255 -0.9875 0.01225 0.080625
256 -0.99375 0.01025 0.08125
257 -0.9875 0.0083125 0.079375
258 -0.9875 0.0069375 0.078125
259 -0.99375 0.0069375 0.0775
260 -0.99375 0.007875 0.0775
261 -0.99375 0.0056 0.076875
262 -0.99375 0.006625 0.075625
263 -0.99375 0.0066875 0.075625
264 -0.99375 0.00560625 0.076875
265 -0.9875 0.00495 0.075625
266 -0.9875 0.00478125 0.07375
267 -0.99375 0.00386875 0.074375
268 -0.99375 0.0032375 0.075
269 -0.9875 0.0036625 0.075625
270 -0.99375 0.00353125 0.07625
271 -0.99375 0.0036625 0.076875
272 -0.99375 0.0032625 0.0775
273 -0.99375 0.0020625 0.076875
274 -0.99375 0.00235 0.076875
275 -0.9875 0.00081875 0.0775
276 -0.9875 -0.001175 0.07875
277 -0.9875 -0.000825 0.079375
278 -0.9875 -0.00095 0.078125
279 -0.9875 -0.00025625 0.076875
280 -0.9875 -0.001375 0.078125
281 -0.9875 -0.00100625 0.075625
282 -0.9875 0.000220625 0.07625
283 -0.9875 -0.0017125 0.074375
284 -0.9875 -0.00065 0.075
285 -0.99375 1.4e-06 0.07375
286 -0.99375 0.00056375 0.071875
287 -0.9875 0.003375 0.07125
288 -0.9875 0.00521875 0.069375
289 -0.9875 0.0033 0.069375
290 -0.9875 0.00521875 0.068125
291 -0.9875 0.0036875 0.066875
292 -0.9875 0.00425625 0.06625
293 -0.9875 0.0037625 0.065625
294 -0.9875 0.00378125 0.06625
295 -0.99375 0.00398125 0.06625
296 -0.9875 0.00338125 0.066875
297 -0.9875 0.004925 0.064375
298 -0.9875 0.00410625 0.065
299 -0.99375 0.005975 0.065625
300 -0.9875 0.00478125 0.064375
301 -0.99375 0.003575 0.063125
302 -0.9875 0.00335625 0.0625
303 -0.99375 0.00395625 0.061375
304 -0.99375 0.00508125 0.06225
305 -1 0.0048375 0.0621875
306 -0.99375 0.00725 0.0610625
307 -0.99375 0.0095 0.060625
308 -0.99375 0.0091875 0.060125
309 -0.99375 0.009375 0.059875
310 -0.99375 0.0114375 0.0593125
311 -0.99375 0.0110625 0.0563125
312 -0.99375 0.0095625 0.05525
313 -0.99375 0.010125 0.0538125
314 -0.99375 0.0084375 0.055
315 -0.99375 0.0089375 0.053625
316 -0.99375 0.0109375 0.053
317 -0.99375 0.010625 0.05125
318 -0.99375 0.01325 0.0544375
319 -0.99375 0.0161875 0.0546875
320 -0.99375 0.0155625 0.0534375
321 -0.99375 0.01575 0.0550625
322 -0.99375 0.015125 0.0539375
323 -0.99375 0.01425 0.05375
324 -1 0.0125625 0.0526875
325 -1 0.0128125 0.053125
326 -1 0.013375 0.0525
327 -0.99375 0.01475 0.0526875
328 -1 0.0150625 0.051625
329 -1 0.0165 0.0509375
330 -1 0.01625 0.051
331 -1 0.0155 0.051625
332 -0.99375 0.0158125 0.0498125
333 -0.99375 0.016125 0.0484375
334 -0.99375 0.0169375 0.047375
335 -0.99375 0.0179375 0.045375
336 -0.99375 0.0189375 0.046875
337 -0.9875 0.0166875 0.0444375
338 -0.9875 0.0164375 0.044
339 -0.9875 0.017625 0.044
340 -0.9875 0.0185625 0.0439375
341 -0.9875 0.0179375 0.0445
342 -0.99375 0.01675 0.0424375
343 -0.9875 0.0186875 0.0401875
344 -0.99375 0.0184375 0.040125
345 -0.9875 0.0188125 0.0405625
346 -0.9875 0.0161875 0.038
347 -0.9875 0.0158125 0.036125
348 -0.9875 0.0178125 0.036375
349 -0.9875 0.018125 0.037625
350 -0.9875 0.0175625 0.037875
351 -0.99375 0.017375 0.0371875
352 -0.99375 0.014875 0.0355
353 -0.99375 0.0140625 0.0341875
354 -0.99375 0.015375 0.033875
355 -0.99375 0.01525 0.0328125
356 -0.99375 0.0148125 0.0306875
357 -0.9875 0.014625 0.03075
358 -0.99375 0.0145625 0.0315
359 -0.99375 0.014375 0.033125
360 -0.99375 0.0120625 0.032875
361 -0.99375 0.013625 0.034125
362 -0.99375 0.01225 0.036375
363 -0.99375 0.012625 0.0370625
364 -0.99375 0.0134375 0.0349375
365 -0.99375 0.011 0.033625
366 -0.99375 0.0100625 0.031625
367 -0.99375 0.0099375 0.0308125
368 -0.99375 0.0118125 0.0294375
369 -0.99375 0.012875 0.030125
370 -0.99375 0.0141875 0.02825
371 -0.9875 0.0145625 0.0310625
372 -0.9875 0.0155 0.0301875
373 -0.9875 0.0145 0.0281875
374 -0.9875 0.0138125 0.027
375 -0.9875 0.014375 0.026875
376 -0.9875 0.0156875 0.0285625
377 -0.9875 0.0155 0.0291875
378 -0.9875 0.0176875 0.03
379 -0.99375 0.0185625 0.030875
380 -0.9875 0.0185 0.03125
381 -0.9875 0.015375 0.029875
382 -0.9875 0.0155625 0.029375
383 -0.99375 0.015625 0.029125
384 -0.99375 0.01525 0.0286875
385 -0.99375 0.0124375 0.0269375
386 -0.99375 0.0121875 0.0245625
387 -0.99375 0.0124375 0.0244375
388 -0.99375 0.0115625 0.0245
389 -0.9875 0.0120625 0.0254375
390 -0.9875 0.0115 0.0260625
391 -0.9875 0.01025 0.0263125
392 -0.9875 0.01025 0.0296875
393 -0.9875 0.013625 0.0309375
394 -0.9875 0.0155625 0.0308125
395 -0.9875 0.017375 0.031875
396 -0.99375 0.01525 0.0333125
397 -0.99375 0.015625 0.0339375
398 -0.99375 0.016125 0.034875
399 -0.99375 0.0155 0.035125
400 -0.99375 0.013375 0.036625
401 -0.99375 0.0116875 0.03625
402 -0.99375 0.0129375 0.0361875
403 -0.99375 0.01425 0.035125
404 -0.99375 0.0158125 0.0360625
405 -0.99375 0.015375 0.0346875
406 -0.99375 0.0154375 0.0338125
407 -0.9875 0.014375 0.0331875
408 -0.9875 0.012625 0.03175
409 -0.99375 0.012 0.031125
410 -0.9875 0.0115625 0.02925
411 -0.99375 0.012625 0.0293125
412 -0.99375 0.0101875 0.0285625
413 -0.99375 0.01225 0.028875
414 -0.99375 0.012875 0.02775
415 -0.99375 0.01175 0.0276875
416 -0.99375 0.0109375 0.0258125
417 -0.99375 0.0105 0.0229375
418 -0.99375 0.01 0.023375
419 -0.99375 0.0104375 0.0241875
420 -0.99375 0.0084375 0.023375
421 -0.99375 0.007375 0.0239375
422 -0.99375 0.0078125 0.0215625
423 -1 0.008625 0.02
424 -1 0.0081875 0.0208125
425 -1 0.0071875 0.0215625
426 -1 0.0046375 0.0225
427 -1 0.0040625 0.0214375
428 -1 0.004 0.0215625
429 -1 0.00153125 0.022125
430 -1 0.00319375 0.0223125
431 -0.99375 0.00321875 0.0225625
432 -0.99375 0.0043125 0.0221875
433 -0.99375 0.00295 0.022875
434 -1 0.0024625 0.0234375
435 -0.99375 0.0024875 0.0224375
436 -0.99375 0.0023625 0.022625
437 -0.99375 0.0008 0.0229375
438 -0.99375 0.00170625 0.02575
439 -0.99375 0.00018375 0.028
440 -0.99375 0.001325 0.028125
441 -0.99375 0.00178125 0.026
442 -0.99375 0.0026375 0.0259375
443 -0.99375 0.0023625 0.0273125
444 -0.99375 0.00255625 0.0285
445 -0.99375 0.0048125 0.02775
446 -0.99375 0.0068125 0.0285
447 -0.99375 0.00605 0.0285625
448 -0.99375 0.00539375 0.0275625
449 -1 0.00531875 0.02775
450 -1 0.00399375 0.02775
451 -0.99375 0.00506875 0.028125
452 -0.99375 0.005875 0.027875
453 -0.99375 0.0046875 0.0253125
454 -1 0.00445 0.0258125
455 -1 0.005025 0.025375
456 -1 0.005075 0.0240625
457 -0.99375 0.006875 0.0248125
458 -0.99375 0.00535625 0.025625
459 -1 0.0073125 0.0236875
460 -1 0.0089375 0.0235625
461 -1 0.0103125 0.026125
462 -0.99375 0.0101875 0.0254375
463 -0.99375 0.0096875 0.026
464 -0.99375 0.008125 0.0221875
465 -0.99375 0.0083125 0.0224375
466 -0.99375 0.01 0.023
467 -0.99375 0.0106875 0.0205625
468 -0.99375 0.0104375 0.0216875
469 -0.99375 0.009 0.021
470 -0.9875 0.0076875 0.0215
471 -0.99375 0.008625 0.0198125
472 -0.99375 0.0079375 0.0194375
473 -0.99375 0.00875 0.0195
474 -0.99375 0.0086875 0.01975
475 -0.99375 0.0076875 0.0199375
476 -0.9875 0.008125 0.021
477 -0.99375 0.0081875 0.0213125
478 -0.9875 0.00555625 0.021125
479 -0.9875 0.00166875 0.0205625
480 -0.9875 0.00196875 0.0200625
481 -0.9875 0.00189375 0.0195625
482 -0.9875 0.001625 0.0191875
483 -0.9875 0.001525 0.0205
484 -0.9875 0.0027125 0.0190625
485 -0.99375 0.002625 0.0195625
486 -0.9875 0.0021 0.0196875
487 -0.99375 -0.00037625 0.0190625
488 -0.9875 -0.001425 0.0186875
489 -0.99375 -0.00024625 0.020375
490 -0.99375 -0.0018625 0.0189375
491 -0.9875 -0.003025 0.0188125
492 -0.98125 -0.00348125 0.02
493 -0.9875 -0.00203125 0.0199375
494 -0.9875 -0.00565625 0.0196875
495 -0.99375 -0.00473125 0.02
496 -0.99375 -0.00226875 0.0203125
497 -0.99375 -0.00283125 0.018875
498 -0.99375 -0.001525 0.0188125
499 -0.99375 -0.0037 0.0183125
500 -0.9875 -0.00350625 0.0184375
501 -0.99375 -0.0068125 0.0179375
502 -0.99375 -0.007125 0.0171875
503 -0.99375 -0.008625 0.0156875
504 -0.99375 -0.00825 0.017
505 -0.99375 -0.009 0.01825
506 -0.99375 -0.0105 0.0178125
507 -0.99375 -0.0085 0.0178125
508 -0.99375 -0.0073125 0.0165625
509 -0.99375 -0.0066875 0.0155625
510 -0.99375 -0.0062 0.0155
511 -0.99375 -0.0070625 0.014125
512 -0.99375 -0.0075 0.013125
513 -0.99375 -0.0078125 0.0150625
514 -0.99375 -0.0069375 0.0135625
515 -0.99375 -0.0075 0.0133125
516 -1 -0.00825 0.0150625
517 -1 -0.00575 0.0139375
518 -0.99375 -0.006625 0.0146875
519 -1 -0.0074375 0.0155
520 -1 -0.00925 0.014
521 -0.99375 -0.0076875 0.0156875
522 -0.99375 -0.0085 0.0150625
523 -0.99375 -0.00925 0.01625
524 -0.9875 -0.009375 0.016125
525 -0.9875 -0.009 0.0146875
526 -0.9875 -0.007 0.0141875
527 -0.9875 -0.0070625 0.0135625
528 -0.9875 -0.0057625 0.0124375
529 -0.9875 -0.00401875 0.0148125
530 -0.9875 -0.00276875 0.0150625
531 -0.9875 -0.00508125 0.01625
532 -0.9875 -0.00601875 0.016125
533 -0.9875 -0.0059 0.0165
534 -0.99375 -0.00504375 0.017875
535 -0.9875 -0.0048 0.016
536 -0.9875 -0.00531875 0.0184375
537 -0.9875 -0.0042 0.0181875
538 -0.9875 -0.0047 0.019625
539 -0.99375 -0.0051875 0.02125
540 -0.99375 -0.0063125 0.020875
541 -0.99375 -0.008875 0.0199375
542 -0.99375 -0.0084375 0.019875
543 -0.99375 -0.0071875 0.0204375
544 -0.9875 -0.008375 0.0184375
545 -0.9875 -0.00925 0.0189375
546 -0.9875 -0.00608125 0.016125
547 -0.9875 -0.00555 0.016875
548 -0.9875 -0.0057875 0.017875
549 -0.9875 -0.00511875 0.0188125
550 -0.9875 -0.0047375 0.0196875
551 -0.9875 -0.0060625 0.019375
552 -0.9875 -0.00725 0.0198125
553 -0.9875 -0.00549375 0.0184375
554 -0.9875 -0.007875 0.0186875
555 -0.9875 -0.0093125 0.018125
556 -0.9875 -0.0085 0.019625
557 -0.9875 -0.0091875 0.0201875
558 -0.99375 -0.009125 0.0199375
559 -0.99375 -0.0094375 0.02025
560 -0.99375 -0.0094375 0.020625
561 -0.99375 -0.0081875 0.021125
562 -0.99375 -0.0085 0.02225
563 -0.99375 -0.007375 0.022375
564 -0.9875 -0.0066875 0.0215625
565 -0.9875 -0.0074375 0.0208125
566 -0.9875 -0.00616875 0.019875
567 -0.9875 -0.0073125 0.0195625
568 -0.9875 -0.0049625 0.01925
569 -0.9875 -0.0038375 0.0186875
570 -0.9875 -0.00365 0.0181875
571 -0.9875 -0.00524375 0.0185625
572 -0.99375 -0.0045625 0.0193125
573 -0.99375 -0.00505 0.019
574 -0.99375 -0.0036 0.020625
575 -0.99375 -0.00454375 0.022125
576 -0.9875 -0.00581875 0.0230625
577 -0.9875 -0.0065 0.021875
578 -0.9875 -0.0058625 0.0244375
579 -0.9875 -0.00465 0.0231875
580 -0.99375 -0.0037 0.025
581 -0.99375 -0.0049375 0.025
582 -0.99375 -0.00508125 0.024625
583 -0.99375 -0.007 0.0226875
584 -0.9875 -0.0070625 0.022375
585 -0.9875 -0.007 0.022
586 -0.99375 -0.008 0.02075
587 -0.99375 -0.0085625 0.02275
588 -0.9875 -0.00675 0.022375
589 -0.9875 -0.006625 0.02225
590 -0.9875 -0.00590625 0.0201875
591 -0.9875 -0.00465625 0.02175
592 -0.9875 -0.00405 0.0210625
593 -0.9875 -0.00321875 0.021125
594 -0.99375 -0.0035875 0.0216875
595 -0.9875 -0.0028125 0.0235625
596 -0.9875 -0.002725 0.0215625
597 -0.9875 -0.0029875 0.0194375
598 -0.9875 -0.002975 0.020125
599 -0.98125 -0.00209375 0.0213125
600 -0.9875 -0.00189375 0.0206875
601 -0.9875 -8.4375e-06 0.022375
602 -0.99375 -0.00110625 0.02225
603 -0.99375 -5.7625e-05 0.022375
604 -0.99375 0.000556875 0.02125
605 -0.99375 0.001575 0.0231875
606 -0.99375 0.00154375 0.0233125
607 -0.99375 0.001725 0.022875
608 -0.99375 -0.000265625 0.021
609 -0.99375 -0.00044625 0.020375
610 -0.99375 0.0014875 0.0195625
611 -0.99375 -1.75e-05 0.016625
612 -0.99375 0.0026 0.01925
613 -0.99375 0.00300625 0.0184375
614 -0.99375 0.00466875 0.0185
615 -0.99375 0.00291875 0.016625
616 -0.99375 0.00175 0.0150625
617 -0.99375 0.0009875 0.0150625
618 -0.99375 0.00084375 0.014
619 -0.99375 0.00195625 0.0116875
620 -0.99375 0.00156875 0.0115
621 -0.99375 0.001275 0.010375
622 -0.99375 0.00131875 0.0101875
623 -0.99375 0.00234375 0.0115625
624 -0.99375 0.00145 0.011125
625 -0.99375 -0.0010875 0.0095
626 -0.99375 -0.00115 0.0110625
627 -0.99375 -8.0625e-05 0.0116875
628 -0.99375 -1.825e-05 0.0124375
629 -0.99375 -0.00052625 0.012125
630 -0.99375 -0.00113125 0.0103125
631 -0.99375 0.000495625 0.009375
632 -0.99375 0.0009625 0.009125
633 -0.99375 0.0036875 0.0086875
634 -0.99375 0.00485625 0.006875
635 -0.99375 0.00378125 0.00555
636 -0.99375 0.00301875 0.0063125
637 -0.99375 0.00333125 0.0075
638 -0.99375 0.00266875 0.007
639 -0.99375 0.00276875 0.005025
640 -0.99375 0.006225 0.00380625
641 -0.99375 0.004975 0.00091875
642 -0.99375 0.003875 0.00108125
643 -1 0.00345625 0.000373125
644 -1 0.0041375 0.00074375
645 -0.99375 0.0043125 0.00016625
646 -1 0.00393125 -0.00120625
647 -1 0.00090625 -0.00188125
648 -1 0.00068125 -0.00201875
649 -0.99375 0.00106875 -0.0008375
650 -0.99375 0.00020125 -0.000518125
651 -0.99375 -0.00131875 0.00071875
652 -0.99375 -0.0022875 0.000356875
653 -1 -0.00211875 0.001625
654 -1 -0.0022875 -0.00024625
655 -0.99375 -0.002275 0.0008
656 -1 -0.003725 0.00205
657 -0.99375 -0.0014125 -0.00078125
658 -0.99375 -0.002075 0.00071875
659 -0.99375 -0.00134375 0.000775
660 -0.99375 0.000525625 0.00010125
661 -0.99375 0.0010125 0.000100625
662 -0.99375 -0.0018375 0.00049625
663 -0.99375 -0.00130625 -0.00038125
664 -0.99375 -0.0010375 0.0007375
665 -0.99375 -0.0006125 0.000248125
666 -0.99375 -0.000555 0.0023375
667 -0.99375 0.0010125 0.00346875
668 -0.99375 0.0010375 0.0022
669 -0.99375 0.00076875 0.00216875
670 -0.99375 0.00051625 0.001975
671 -1 0.00166875 0.0019625
672 -1 0.002 0.00203125
673 -0.99375 0.00209375 0.00210625
674 -0.99375 0.002725 0.00064375
675 -0.99375 0.0049875 -0.00090625
676 -1 0.0065 -0.00135
677 -1 0.007875 -0.00105
678 -0.99375 0.010375 -0.002375
679 -0.99375 0.0088125 -0.0044875
680 -0.99375 0.00875 -0.00568125
681 -0.99375 0.0076875 -0.0070625
682 -0.99375 0.0080625 -0.008625
683 -0.99375 0.0064375 -0.0073125
684 -0.99375 0.00504375 -0.0048625
685 -0.9875 0.0074375 -0.00315625
686 -0.9875 0.00513125 -0.0034625
687 -0.9875 0.0064375 -0.0034875
688 -0.99375 0.0075 -0.0048
689 -0.99375 0.0090625 -0.004725
690 -0.9875 0.009125 -0.00353125
691 -0.9875 0.00825 -0.0017875
692 -0.98125 0.0089375 -0.00270625
693 -0.9875 0.0099375 -0.0018
694 -0.9875 0.0105 -0.0029
695 -0.9875 0.0094375 -0.002025
696 -0.9875 0.0100625 -0.003225
697 -0.9875 0.011625 -0.0012875
698 -0.9875 0.0100625 -0.00085625
699 -0.99375 0.010125 -0.00024875
700 -0.9875 0.00875 0.000246875
701 -0.9875 0.009 0.00165
702 -0.9875 0.0101875 0.00029
703 -0.9875 0.0093125 0.00123125
704 -0.9875 0.010875 0.0029125
705 -0.9875 0.00975 0.00368125
706 -0.9875 0.011125 0.0052375
707 -0.9875 0.011125 0.00439375
708 -0.9875 0.011875 0.0058625
709 -0.9875 0.011625 0.0063125
710 -0.9875 0.01175 0.005275
711 -0.9875 0.01275 0.00383125
712 -0.99375 0.011 0.0026875
713 -0.99375 0.0104375 0.0035875
714 -0.99375 0.009 0.00335625
715 -0.9875 0.010625 0.00430625
716 -0.99375 0.0100625 0.0059375
717 -0.99375 0.0094375 0.00599375
718 -0.9875 0.0095625 0.0060875
719 -0.99375 0.0099375 0.00546875
720 -0.9875 0.0095 0.0051875
721 -0.9875 0.009875 0.00453125
722 -0.99375 0.00975 0.004175
723 -0.99375 0.0113125 0.0038125
724 -0.99375 0.013375 0.0056875
725 -0.9875 0.0143125 0.00439375
726 -0.99375 0.015125 0.0046625
727 -0.9875 0.0146875 0.004025
728 -0.9875 0.0138125 0.00388125
729 -0.9875 0.0140625 0.00165
730 -0.9875 0.0135625 0.0021875
731 -0.9875 0.013625 0.00331875
732 -0.9875 0.0131875 -9.3125e-05
733 -0.9875 0.012 -0.00109375
734 -0.99375 0.011125 -0.0021375
735 -0.99375 0.0103125 -0.0014125
736 -0.9875 0.010375 -0.00084375
737 -0.9875 0.00975 -0.0009125
738 -0.9875 0.008125 -0.0042875
739 -0.9875 0.0096875 -0.004125
740 -0.9875 0.0109375 -0.00456875
741 -0.9875 0.0113125 -0.0042
742 -0.9875 0.0124375 -0.0045375
743 -0.9875 0.0123125 -0.00373125
744 -0.9875 0.012 -0.0032375
745 -0.9875 0.0139375 -0.00255
746 -0.9875 0.0153125 -0.00180625
747 -0.9875 0.01525 -0.000531875
748 -0.98125 0.015375 0.0007375
749 -0.9875 0.013125 0.00069375
750 -0.9875 0.0126875 0.00218125
751 -0.9875 0.011625 0.0014375
752 -0.9875 0.01225 0.00068125
753 -0.9875 0.013125 0.00126875
754 -0.9875 0.0135625 -0.0009
755 -0.9875 0.0138125 -0.00135
756 -0.9875 0.0135625 -0.00095625
757 -0.9875 0.0135625 -0.002075
758 -0.9875 0.015875 0.000306875
759 -0.99375 0.0164375 0.003
760 -0.99375 0.015 0.00449375
761 -0.9875 0.015875 0.00389375
762 -0.9875 0.014375 0.00071875
763 -0.9875 0.012625 0.00078125
764 -0.99375 0.0130625 0.0021125
765 -0.99375 0.0128125 0.003525
766 -0.99375 0.0153125 0.00541875
767 -0.99375 0.0153125 0.00494375
768 -0.99375 0.0171875 0.004625
769 -0.99375 0.01875 0.0052125
770 -0.99375 0.0171875 0.0068125
771 -0.99375 0.0179375 0.006875
772 -0.99375 0.017 0.0084375
773 -0.99375 0.0156875 0.009
774 -0.99375 0.015625 0.00775
775 -0.9875 0.01475 0.00605
776 -0.9875 0.01375 0.0075625
777 -0.9875 0.0134375 0.0086875
778 -0.99375 0.013875 0.00875
779 -0.99375 0.0149375 0.01
780 -0.9875 0.01625 0.0075
781 -0.9875 0.0165 0.0065
782 -0.9875 0.0159375 0.0043875
783 -0.9875 0.016125 0.0059625
784 -0.9875 0.0150625 0.00430625
785 -0.9875 0.014 0.00455
786 -0.9875 0.0123125 0.0040375
787 -0.9875 0.0121875 0.00326875
788 -0.9875 0.01225 0.0044125
789 -0.9875 0.0120625 0.0035625
790 -0.9875 0.0116875 0.001
791 -0.9875 0.0145 0.00037875
792 -0.9875 0.015125 0.00126875
793 -0.9875 0.013625 0.00288125
794 -0.99375 0.0143125 0.003175
795 -0.99375 0.0155625 0.00064375
796 -0.99375 0.0140625 0.00154375
797 -0.9875 0.0120625 0.00125
798 -0.9875 0.0125625 0.00140625
799 -0.9875 0.01225 0.00183125
800 -0.9875 0.011125 0.00265
801 -0.9875 0.012 0.00129375
802 -0.9875 0.012625 0.0020125
803 -0.9875 0.0136875 0.0015
804 -0.9875 0.0138125 0.0019375
805 -0.9875 0.01325 0.00269375
806 -0.9875 0.012125 0.00185
807 -0.9875 0.0110625 0.00205
808 -0.9875 0.011 0.00075625
809 -0.9875 0.011 0.0014
810 -0.9875 0.00975 0.00215
811 -0.9875 0.01 0.0012625
812 -0.9875 0.009875 0.001225
813 -0.9875 0.0100625 0.00231875
814 -0.9875 0.008125 0.00249375
815 -0.9875 0.00775 0.0027
816 -0.9875 0.0061125 0.00273125
817 -0.99375 0.0065625 0.00221875
818 -0.99375 0.006875 0.001525
819 -0.99375 0.0050875 -0.000595625
820 -0.99375 0.00480625 -0.00138125
821 -0.99375 0.00346875 -0.000424375
822 -0.99375 0.0040625 1.90625e-05
823 -0.9875 0.0031625 0.000398125
824 -0.99375 0.0032875 0.00171875
825 -0.99375 0.00501875 0.00148125
826 -0.99375 0.00368125 0.00013
827 -0.99375 0.00485625 0.000256875
828 -0.99375 0.00526875 -0.000439375
829 -0.99375 0.0049875 -0.00304375
830 -0.99375 0.00520625 -0.00159375
831 -0.99375 0.00540625 -0.0016125
832 -0.99375 0.00291875 -0.00403125
833 -0.99375 0.0038875 -0.0033
834 -0.99375 0.0034375 -0.005575
835 -0.99375 0.002575 -0.00451875
836 -0.99375 0.00203125 -0.00295625
837 -0.99375 0.00168125 -0.00329375
838 -0.99375 0.0009625 -0.00296875
839 -0.99375 0.0012 -0.00234375
840 -0.99375 0.00244375 -0.00423125
841 -0.99375 0.0038875 -0.004025
842 -0.99375 0.003125 -0.00188125
843 -0.99375 0.00298125 -0.00285625
844 -0.99375 0.00240625 -0.00369375
845 -0.9875 0.00364375 -0.004375
846 -0.99375 0.00356875 -0.006625
847 -0.99375 0.00215625 -0.0061875
848 -0.99375 0.0018875 -0.00775
849 -0.99375 0.00195625 -0.0065625
850 -0.99375 0.00625 -0.0056625
851 -0.99375 0.00558125 -0.00511875
852 -0.99375 0.0064375 -0.00381875
853 -0.9875 0.0071875 -0.00410625
854 -0.9875 0.0065 -0.0049
855 -0.9875 0.00675 -0.0059
856 -0.99375 0.0057 -0.006175
857 -0.9875 0.00365625 -0.00475625
858 -0.9875 0.00388125 -0.00486875
859 -0.9875 0.00475625 -0.00291875
860 -0.9875 0.00613125 -0.0015875
861 -0.9875 0.00515 -0.00199375
862 -0.9875 0.00508125 -0.0006375
863 -0.9875 0.0057125 0.0011
864 -0.99375 0.005525 0.00023
865 -0.9875 0.00544375 0.000339375
866 -0.9875 0.0042125 0.00243125
867 -0.9875 0.00445625 0.0037875
868 -0.9875 0.00445 0.00379375
869 -0.9875 0.00505625 0.00335625
870 -0.9875 0.00241875 0.00359375
871 -0.9875 0.00114375 0.0027625
872 -0.9875 0.001775 0.00320625
873 -0.9875 0.002075 0.00296875
874 -0.98125 0.00239375 0.00220625
875 -0.98125 0.00285 -0.00083125
876 -0.9875 0.00320625 -0.0013125
877 -0.9875 0.0041625 -0.00189375
878 -0.9875 0.00360625 -0.00180625
879 -0.9875 0.00434375 -0.00285
880 -0.9875 0.00128125 -0.00195625
881 -0.99375 0.00146875 -0.00215625
882 -0.99375 0.000344375 -0.00258125
883 -0.99375 -0.00101875 -0.00269375
884 -0.99375 0.0005275 -0.00265
885 -0.99375 -0.0022875 -0.0023625
886 -0.9875 -0.00325625 -0.0025875
887 -0.9875 -0.00181875 -0.0022375
888 -0.9875 -0.00329375 -0.00430625
889 -0.9875 -0.0044375 -0.00311875
890 -0.9875 -0.0052875 -0.00371875
891 -0.9875 -0.0028125 -0.00278125
892 -0.9875 -0.00369375 -0.0032625
893 -0.9875 -0.00561875 -0.0063125
894 -0.9875 -0.00496875 -0.006375
895 -0.9875 -0.0051 -0.005225
896 -0.9875 -0.00488125 -0.0059375
897 -0.9875 -0.00379375 -0.0064375
898 -0.9875 -0.00388125 -0.005075
899 -0.9875 -0.003875 -0.00286875
900 -0.9875 -0.00360625 -0.002675
901 -0.9875 -0.002275 -0.00184375
902 -0.9875 -0.0044875 -0.00300625
903 -0.9875 -0.00334375 -0.000434375
904 -0.9875 -0.0042125 -6.625e-05
905 -0.99375 -0.0031125 -0.00047375
906 -0.99375 -0.00395625 -0.00094375
907 -0.99375 -0.004875 -5.6125e-05
908 -0.9875 -0.0029375 0.0027375
909 -0.98125 -0.0038125 0.0029375
910 -0.9875 -0.0022625 0.001475
911 -0.98125 -0.00279375 0.0013375
912 -0.9875 -0.0034625 0.000355
913 -0.9875 -0.00346875 4.35e-05
914 -0.9875 -0.00393125 0.002025
915 -0.9875 -0.00223125 0.00016875
916 -0.9875 -0.003375 -0.00190625
917 -0.9875 -0.0035375 -0.00165625
918 -0.98125 -0.004925 -0.0008375
919 -0.9875 -0.0063125 0.00015875
920 -0.9875 -0.0051625 0.000975
921 -0.9875 -0.00543125 0.00096875
922 -0.9875 -0.0038875 0.00266875
923 -0.9875 -0.0041625 0.0014
924 -0.99375 -0.00281875 0.00155625
925 -0.9875 -0.003175 -0.000338125
926 -0.9875 -0.0025 -0.00041
927 -0.99375 -0.003925 -0.00145625
928 -0.9875 -0.0031125 -0.0016
929 -0.9875 -0.0052125 -0.00075
930 -0.9875 -0.00523125 -0.00078125
931 -0.99375 -0.00600625 2.075e-05
932 -0.99375 -0.003475 0.0009875
933 -0.9875 -0.00409375 0.00108125
934 -0.9875 -0.00355 0.0022375
935 -0.9875 -0.00228125 0.00320625
936 -0.9875 -0.0025875 0.00413125
937 -0.99375 -0.002475 0.0049875
938 -0.99375 -0.0030375 0.004075
939 -0.9875 -0.0016375 0.00438125
940 -0.99375 -0.00169375 0.0042375
941 -0.99375 -0.0017125 0.0044625
942 -0.99375 -0.0021875 0.00273125
943 -0.99375 -0.0027125 0.0024875
944 -0.99375 -0.00123125 0.00114375
945 -0.9875 -0.0035375 -0.00093125
946 -0.9875 -0.005975 0.001375
947 -0.99375 -0.00558125 0.00059625
948 -0.99375 -0.003275 -4.225e-05
949 -0.99375 -0.00381875 0.000268125
950 -0.99375 -0.00531875 0.000625
951 -0.9875 -0.003825 2.8875e-05
952 -0.99375 -0.0045 -0.00058
953 -0.99375 -0.00406875 0.00256875
954 -0.9875 -0.0027625 0.00230625
955 -0.9875 -0.00396875 0.00324375
956 -0.99375 -0.0055875 0.00324375
957 -0.9875 -0.00459375 0.00316875
958 -0.9875 -0.00481875 0.00451875
959 -0.9875 -0.00596875 0.004875
960 -0.99375 -0.00675 0.00505625
961 -0.9875 -0.0054125 0.006375
962 -0.9875 -0.0046625 0.0050875
963 -0.9875 -0.00621875 0.0058375
964 -0.9875 -0.007125 0.00775
965 -0.9875 -0.00475625 0.007625
966 -0.9875 -0.005625 0.008125
967 -0.9875 -0.00430625 0.0103125
968 -0.9875 -0.00411875 0.012625
969 -0.9875 -0.00359375 0.013375
970 -0.9875 -0.00368125 0.0148125
971 -0.9875 -0.003775 0.013875
972 -0.9875 -0.00509375 0.0145625
973 -0.9875 -0.005525 0.0146875
974 -0.9875 -0.00675 0.013125
975 -0.9875 -0.009 0.0135
976 -0.9875 -0.009 0.0133125
977 -0.9875 -0.006225 0.0119375
978 -0.99375 -0.0079375 0.0118125
979 -0.99375 -0.0080625 0.0106875
980 -0.99375 -0.0088125 0.0091875
981 -0.99375 -0.0086875 0.0093125
982 -0.99375 -0.0085625 0.0094375
983 -0.99375 -0.0066875 0.00875
984 -0.99375 -0.007125 0.0085625
985 -0.99375 -0.00675 0.0080625
986 -0.99375 -0.00591875 0.0065625
987 -0.9875 -0.007875 0.006375
988 -0.9875 -0.0085625 0.00584375
989 -0.99375 -0.0076875 0.0034
990 -0.99375 -0.008875 0.00564375
991 -0.99375 -0.0076875 0.004525
992 -0.99375 -0.0064375 0.00524375
993 -0.99375 -0.0054875 0.0055
994 -1 -0.007375 0.00326875
995 -0.99375 -0.007125 0.00378125
996 -1 -0.0070625 0.005625
997 -1 -0.007625 0.0063125
998 -1 -0.006875 0.00536875
999 -1 -0.0046875 0.006375
1000 -1 -0.004 0.00608125
