***************************************
*           Modello XY                *
*      Simulazione Monte Carlo        *
***************************************

Parametri simulativi:

Lato reticolo:           100
Temperatura:             0.75
Beta:                    1.33
J:                       1
Delta:                   1.4
Numero blocchi           10
Lunghezza simulazione:   1
Fase di termalizzazione: 1000



Numero mossa   Energia    Magnetizzazione X    Magnetizzazione Y    Acc. rate
1   -1.87e+04  36.2   9.65e+03   42
2   -1.78e+04  49.3   9.36e+03   45
3   -1.73e+04  32.4   9.16e+03   46
4   -1.7e+04  9.69   8.99e+03   48
5   -1.67e+04  -18.4   8.85e+03   48
6   -1.66e+04  1.46   8.77e+03   49
7   -1.64e+04  -13.5   8.68e+03   48
8   -1.63e+04  -40.6   8.6e+03   49
9   -1.62e+04  -15.2   8.52e+03   49
10   -1.61e+04  32.7   8.49e+03   50
11   -1.61e+04  -5.91   8.42e+03   49
12   -1.6e+04  60.5   8.37e+03   49
13   -1.6e+04  56.1   8.35e+03   49
14   -1.6e+04  79.8   8.3e+03   50
15   -1.6e+04  49.9   8.27e+03   49
16   -1.59e+04  -3.02   8.21e+03   49
17   -1.59e+04  34.6   8.18e+03   50
18   -1.58e+04  -46.5   8.14e+03   50
19   -1.58e+04  -43.1   8.12e+03   49
20   -1.58e+04  -51.6   8.1e+03   50
21   -1.58e+04  -76.1   8.09e+03   50
22   -1.58e+04  -85.4   8.07e+03   50
23   -1.58e+04  -141   8.07e+03   49
24   -1.57e+04  -95.5   8.03e+03   50
25   -1.58e+04  -12.3   8.07e+03   48
26   -1.59e+04  -34.8   8.06e+03   50
27   -1.58e+04  49.3   8.04e+03   50
28   -1.58e+04  23.1   8.04e+03   51
29   -1.57e+04  31   8.04e+03   50
30   -1.58e+04  37.4   8.02e+03   50
31   -1.57e+04  11.5   7.99e+03   50
32   -1.58e+04  7.01   7.99e+03   50
33   -1.58e+04  56.2   8e+03   50
34   -1.58e+04  20.1   8.01e+03   50
35   -1.58e+04  9.13   8e+03   51
36   -1.57e+04  7.39   8e+03   49
37   -1.58e+04  15.7   7.98e+03   50
38   -1.57e+04  38.6   7.97e+03   50
39   -1.57e+04  7.22   7.96e+03   51
40   -1.57e+04  25.7   7.91e+03   50
41   -1.57e+04  33.2   7.95e+03   50
42   -1.58e+04  4.49   7.95e+03   50
43   -1.57e+04  112   7.94e+03   49
44   -1.57e+04  116   7.93e+03   50
45   -1.58e+04  131   7.95e+03   51
46   -1.58e+04  133   7.95e+03   50
47   -1.58e+04  135   7.94e+03   49
48   -1.58e+04  92.6   7.93e+03   49
49   -1.57e+04  100   7.91e+03   50
50   -1.56e+04  139   7.91e+03   50
51   -1.56e+04  134   7.91e+03   49
52   -1.56e+04  149   7.9e+03   50
53   -1.56e+04  151   7.9e+03   50
54   -1.56e+04  129   7.88e+03   51
55   -1.56e+04  97.9   7.88e+03   50
56   -1.57e+04  69.3   7.87e+03   50
57   -1.58e+04  64.6   7.86e+03   50
58   -1.56e+04  52.1   7.82e+03   51
59   -1.57e+04  11   7.83e+03   50
60   -1.57e+04  4.87   7.85e+03   50
61   -1.58e+04  28.3   7.89e+03   50
62   -1.57e+04  13.4   7.87e+03   51
63   -1.57e+04  38   7.85e+03   49
64   -1.58e+04  28   7.85e+03   50
65   -1.57e+04  -10.2   7.84e+03   49
66   -1.57e+04  2.25   7.83e+03   50
67   -1.58e+04  48.1   7.83e+03   50
68   -1.58e+04  43   7.82e+03   50
69   -1.57e+04  40.7   7.8e+03   49
70   -1.57e+04  95   7.78e+03   50
71   -1.56e+04  117   7.75e+03   49
72   -1.57e+04  113   7.74e+03   50
73   -1.57e+04  44.6   7.76e+03   50
74   -1.57e+04  36.2   7.71e+03   49
75   -1.57e+04  19.8   7.71e+03   50
76   -1.57e+04  81.8   7.71e+03   50
77   -1.57e+04  103   7.72e+03   50
78   -1.57e+04  93   7.73e+03   50
79   -1.57e+04  118   7.75e+03   50
80   -1.57e+04  158   7.75e+03   49
81   -1.57e+04  180   7.77e+03   50
82   -1.57e+04  161   7.77e+03   50
83   -1.57e+04  174   7.75e+03   50
84   -1.57e+04  157   7.74e+03   50
85   -1.58e+04  158   7.78e+03   49
86   -1.57e+04  183   7.75e+03   50
87   -1.58e+04  196   7.76e+03   49
88   -1.57e+04  173   7.73e+03   51
89   -1.57e+04  138   7.74e+03   50
90   -1.57e+04  114   7.71e+03   49
91   -1.57e+04  142   7.7e+03   51
92   -1.57e+04  106   7.66e+03   50
93   -1.57e+04  127   7.63e+03   50
94   -1.56e+04  109   7.62e+03   49
95   -1.55e+04  107   7.59e+03   50
96   -1.55e+04  67.2   7.58e+03   50
97   -1.55e+04  101   7.59e+03   50
98   -1.56e+04  90.8   7.59e+03   50
99   -1.56e+04  63.4   7.57e+03   50
100   -1.57e+04  74.2   7.56e+03   50
101   -1.57e+04  85.6   7.58e+03   49
102   -1.58e+04  15.2   7.57e+03   49
103   -1.57e+04  44.4   7.55e+03   50
104   -1.58e+04  38.7   7.6e+03   50
105   -1.58e+04  63.2   7.59e+03   50
106   -1.57e+04  87.2   7.58e+03   51
107   -1.57e+04  101   7.59e+03   51
108   -1.57e+04  116   7.6e+03   49
109   -1.57e+04  127   7.58e+03   50
110   -1.57e+04  46   7.56e+03   51
111   -1.57e+04  -13.2   7.56e+03   50
112   -1.56e+04  -5.11   7.54e+03   51
113   -1.56e+04  -52.3   7.56e+03   50
114   -1.56e+04  -94.5   7.55e+03   49
115   -1.56e+04  -81.5   7.54e+03   50
116   -1.55e+04  -85.2   7.5e+03   50
117   -1.55e+04  -89.9   7.5e+03   50
118   -1.55e+04  -96.9   7.52e+03   50
119   -1.56e+04  -107   7.54e+03   51
120   -1.56e+04  -85.1   7.56e+03   50
121   -1.56e+04  -13.9   7.55e+03   50
122   -1.56e+04  -11   7.55e+03   50
123   -1.56e+04  -23.9   7.55e+03   50
124   -1.55e+04  -5.31   7.52e+03   50
125   -1.55e+04  -56.7   7.53e+03   51
126   -1.55e+04  -32   7.49e+03   50
127   -1.56e+04  -31.4   7.51e+03   50
128   -1.56e+04  -4.3   7.52e+03   49
129   -1.57e+04  38   7.53e+03   51
130   -1.57e+04  59.4   7.51e+03   50
131   -1.56e+04  71   7.49e+03   50
132   -1.56e+04  97.2   7.49e+03   50
133   -1.57e+04  87.8   7.49e+03   50
134   -1.57e+04  40.6   7.51e+03   50
135   -1.57e+04  48.9   7.52e+03   49
136   -1.56e+04  45.3   7.52e+03   50
137   -1.56e+04  59.9   7.49e+03   49
138   -1.55e+04  124   7.5e+03   50
139   -1.56e+04  111   7.55e+03   50
140   -1.56e+04  54.4   7.59e+03   49
141   -1.57e+04  111   7.58e+03   49
142   -1.57e+04  155   7.6e+03   50
143   -1.57e+04  154   7.6e+03   50
144   -1.56e+04  147   7.59e+03   50
145   -1.57e+04  191   7.62e+03   49
146   -1.57e+04  210   7.62e+03   49
147   -1.57e+04  172   7.61e+03   50
148   -1.57e+04  154   7.61e+03   49
149   -1.57e+04  156   7.6e+03   51
150   -1.56e+04  242   7.61e+03   50
151   -1.56e+04  305   7.62e+03   50
152   -1.57e+04  294   7.62e+03   50
153   -1.56e+04  319   7.6e+03   50
154   -1.56e+04  358   7.58e+03   50
155   -1.57e+04  403   7.62e+03   51
156   -1.56e+04  382   7.57e+03   50
157   -1.56e+04  398   7.59e+03   49
158   -1.56e+04  406   7.59e+03   50
159   -1.57e+04  441   7.6e+03   50
160   -1.57e+04  432   7.62e+03   50
161   -1.57e+04  451   7.62e+03   50
162   -1.57e+04  408   7.6e+03   48
163   -1.58e+04  460   7.6e+03   50
164   -1.57e+04  496   7.6e+03   50
165   -1.57e+04  494   7.65e+03   50
166   -1.58e+04  517   7.66e+03   50
167   -1.58e+04  483   7.66e+03   50
168   -1.57e+04  507   7.65e+03   51
169   -1.57e+04  472   7.62e+03   50
170   -1.57e+04  505   7.61e+03   50
171   -1.57e+04  541   7.63e+03   51
172   -1.57e+04  499   7.64e+03   50
173   -1.56e+04  498   7.64e+03   50
174   -1.57e+04  478   7.64e+03   49
175   -1.57e+04  497   7.65e+03   50
176   -1.57e+04  533   7.66e+03   50
177   -1.57e+04  495   7.66e+03   49
178   -1.56e+04  555   7.62e+03   50
179   -1.56e+04  551   7.6e+03   50
180   -1.56e+04  539   7.63e+03   50
181   -1.55e+04  557   7.62e+03   50
182   -1.55e+04  561   7.67e+03   51
183   -1.56e+04  614   7.68e+03   50
184   -1.56e+04  578   7.67e+03   50
185   -1.57e+04  556   7.66e+03   51
186   -1.56e+04  579   7.67e+03   50
187   -1.56e+04  604   7.68e+03   49
188   -1.56e+04  628   7.7e+03   50
189   -1.56e+04  619   7.7e+03   49
190   -1.57e+04  623   7.72e+03   50
191   -1.57e+04  699   7.72e+03   50
192   -1.57e+04  676   7.7e+03   50
193   -1.57e+04  701   7.72e+03   50
194   -1.57e+04  687   7.7e+03   49
195   -1.57e+04  712   7.65e+03   49
196   -1.57e+04  743   7.66e+03   50
197   -1.58e+04  712   7.66e+03   49
198   -1.57e+04  723   7.65e+03   50
199   -1.57e+04  777   7.6e+03   50
200   -1.57e+04  765   7.61e+03   50
201   -1.57e+04  720   7.63e+03   51
202   -1.57e+04  710   7.62e+03   51
203   -1.57e+04  688   7.61e+03   50
204   -1.57e+04  737   7.63e+03   50
205   -1.57e+04  724   7.61e+03   49
206   -1.57e+04  752   7.6e+03   50
207   -1.57e+04  786   7.63e+03   51
208   -1.57e+04  776   7.61e+03   50
209   -1.59e+04  796   7.66e+03   48
210   -1.59e+04  759   7.68e+03   50
211   -1.59e+04  740   7.66e+03   50
212   -1.58e+04  723   7.61e+03   50
213   -1.58e+04  711   7.63e+03   49
214   -1.58e+04  720   7.64e+03   49
215   -1.59e+04  677   7.64e+03   50
216   -1.58e+04  697   7.6e+03   49
217   -1.57e+04  679   7.57e+03   49
218   -1.57e+04  684   7.55e+03   49
219   -1.57e+04  672   7.55e+03   50
220   -1.58e+04  671   7.57e+03   50
221   -1.57e+04  716   7.58e+03   50
222   -1.57e+04  709   7.56e+03   50
223   -1.57e+04  709   7.51e+03   49
224   -1.56e+04  696   7.52e+03   50
225   -1.56e+04  665   7.51e+03   50
226   -1.57e+04  691   7.5e+03   50
227   -1.57e+04  701   7.52e+03   49
228   -1.58e+04  681   7.56e+03   50
229   -1.58e+04  695   7.56e+03   50
230   -1.57e+04  660   7.49e+03   50
231   -1.57e+04  717   7.48e+03   50
232   -1.57e+04  786   7.47e+03   50
233   -1.57e+04  822   7.49e+03   50
234   -1.57e+04  798   7.49e+03   50
235   -1.57e+04  807   7.48e+03   50
236   -1.57e+04  865   7.5e+03   49
237   -1.57e+04  885   7.48e+03   50
238   -1.56e+04  849   7.5e+03   51
239   -1.57e+04  835   7.51e+03   50
240   -1.57e+04  842   7.51e+03   50
241   -1.57e+04  830   7.5e+03   51
242   -1.57e+04  789   7.48e+03   49
243   -1.56e+04  766   7.48e+03   50
244   -1.57e+04  774   7.5e+03   49
245   -1.58e+04  777   7.5e+03   50
246   -1.57e+04  790   7.48e+03   50
247   -1.56e+04  790   7.44e+03   51
248   -1.56e+04  760   7.44e+03   50
249   -1.57e+04  797   7.42e+03   50
250   -1.56e+04  822   7.44e+03   50
251   -1.56e+04  784   7.47e+03   49
252   -1.56e+04  800   7.46e+03   50
253   -1.56e+04  793   7.47e+03   50
254   -1.56e+04  742   7.44e+03   50
255   -1.57e+04  796   7.47e+03   49
256   -1.57e+04  887   7.48e+03   50
257   -1.57e+04  938   7.46e+03   49
258   -1.57e+04  886   7.47e+03   50
259   -1.57e+04  873   7.5e+03   50
260   -1.57e+04  881   7.49e+03   50
261   -1.56e+04  899   7.46e+03   49
262   -1.57e+04  887   7.44e+03   51
263   -1.57e+04  920   7.45e+03   50
264   -1.57e+04  892   7.47e+03   50
265   -1.56e+04  917   7.45e+03   50
266   -1.56e+04  878   7.45e+03   50
267   -1.57e+04  926   7.43e+03   50
268   -1.57e+04  931   7.42e+03   51
269   -1.57e+04  911   7.43e+03   49
270   -1.57e+04  894   7.4e+03   50
271   -1.56e+04  867   7.4e+03   49
272   -1.56e+04  878   7.4e+03   50
273   -1.55e+04  876   7.37e+03   50
274   -1.56e+04  883   7.39e+03   50
275   -1.56e+04  848   7.39e+03   50
276   -1.56e+04  762   7.39e+03   50
277   -1.56e+04  759   7.37e+03   50
278   -1.55e+04  770   7.35e+03   49
279   -1.55e+04  801   7.32e+03   49
280   -1.56e+04  751   7.35e+03   50
281   -1.55e+04  741   7.32e+03   50
282   -1.56e+04  719   7.39e+03   50
283   -1.57e+04  732   7.41e+03   51
284   -1.57e+04  739   7.45e+03   50
285   -1.56e+04  757   7.42e+03   50
286   -1.56e+04  801   7.42e+03   49
287   -1.56e+04  736   7.45e+03   50
288   -1.57e+04  748   7.44e+03   50
289   -1.57e+04  722   7.49e+03   49
290   -1.56e+04  695   7.53e+03   49
291   -1.56e+04  670   7.52e+03   50
292   -1.57e+04  704   7.53e+03   49
293   -1.57e+04  724   7.51e+03   50
294   -1.56e+04  711   7.48e+03   50
295   -1.56e+04  694   7.45e+03   50
296   -1.56e+04  730   7.46e+03   49
297   -1.56e+04  742   7.46e+03   50
298   -1.56e+04  691   7.45e+03   49
299   -1.56e+04  664   7.44e+03   50
300   -1.57e+04  727   7.44e+03   50
301   -1.57e+04  688   7.48e+03   50
302   -1.57e+04  704   7.44e+03   50
303   -1.57e+04  686   7.44e+03   50
304   -1.56e+04  665   7.41e+03   50
305   -1.56e+04  676   7.4e+03   50
306   -1.56e+04  679   7.4e+03   51
307   -1.56e+04  757   7.38e+03   49
308   -1.56e+04  782   7.39e+03   50
309   -1.56e+04  780   7.39e+03   49
310   -1.57e+04  773   7.41e+03   50
311   -1.57e+04  772   7.41e+03   50
312   -1.57e+04  829   7.41e+03   49
313   -1.57e+04  849   7.44e+03   50
314   -1.57e+04  801   7.47e+03   49
315   -1.57e+04  819   7.44e+03   50
316   -1.58e+04  792   7.41e+03   50
317   -1.58e+04  834   7.41e+03   49
318   -1.58e+04  846   7.43e+03   49
319   -1.56e+04  821   7.41e+03   51
320   -1.56e+04  803   7.4e+03   50
321   -1.56e+04  770   7.38e+03   50
322   -1.57e+04  804   7.46e+03   50
323   -1.57e+04  844   7.44e+03   49
324   -1.57e+04  825   7.43e+03   51
325   -1.57e+04  835   7.45e+03   50
326   -1.56e+04  849   7.44e+03   50
327   -1.57e+04  890   7.45e+03   50
328   -1.57e+04  919   7.48e+03   49
329   -1.57e+04  887   7.52e+03   49
330   -1.57e+04  935   7.5e+03   50
331   -1.57e+04  951   7.5e+03   50
332   -1.57e+04  915   7.47e+03   50
333   -1.58e+04  859   7.51e+03   49
334   -1.57e+04  896   7.49e+03   50
335   -1.56e+04  893   7.46e+03   49
336   -1.57e+04  854   7.48e+03   50
337   -1.57e+04  860   7.44e+03   50
338   -1.57e+04  870   7.43e+03   50
339   -1.57e+04  924   7.4e+03   50
340   -1.57e+04  895   7.39e+03   49
341   -1.57e+04  887   7.4e+03   51
342   -1.57e+04  858   7.38e+03   50
343   -1.56e+04  850   7.34e+03   49
344   -1.56e+04  852   7.33e+03   51
345   -1.56e+04  806   7.35e+03   51
346   -1.56e+04  835   7.34e+03   51
347   -1.56e+04  846   7.31e+03   49
348   -1.56e+04  847   7.34e+03   50
349   -1.57e+04  854   7.34e+03   50
350   -1.57e+04  815   7.33e+03   49
351   -1.57e+04  834   7.36e+03   50
352   -1.57e+04  857   7.36e+03   50
353   -1.57e+04  895   7.36e+03   51
354   -1.57e+04  932   7.36e+03   49
355   -1.57e+04  933   7.34e+03   50
356   -1.57e+04  938   7.36e+03   50
357   -1.57e+04  954   7.34e+03   50
358   -1.57e+04  982   7.33e+03   49
359   -1.57e+04  979   7.31e+03   50
360   -1.56e+04  957   7.3e+03   49
361   -1.56e+04  956   7.3e+03   50
362   -1.55e+04  984   7.32e+03   50
363   -1.56e+04  1.04e+03   7.32e+03   50
364   -1.56e+04  1.03e+03   7.31e+03   51
365   -1.56e+04  1.04e+03   7.29e+03   51
366   -1.57e+04  1.1e+03   7.32e+03   49
367   -1.57e+04  1.12e+03   7.31e+03   50
368   -1.57e+04  1.12e+03   7.3e+03   51
369   -1.56e+04  1.14e+03   7.28e+03   50
370   -1.56e+04  1.15e+03   7.31e+03   51
371   -1.56e+04  1.16e+03   7.29e+03   50
372   -1.56e+04  1.13e+03   7.3e+03   50
373   -1.56e+04  1.12e+03   7.3e+03   50
374   -1.56e+04  1.12e+03   7.31e+03   50
375   -1.56e+04  1.09e+03   7.3e+03   50
376   -1.57e+04  1.08e+03   7.31e+03   50
377   -1.57e+04  1.11e+03   7.31e+03   50
378   -1.57e+04  1.07e+03   7.32e+03   50
379   -1.57e+04  1.04e+03   7.36e+03   50
380   -1.56e+04  1.07e+03   7.32e+03   50
381   -1.57e+04  991   7.33e+03   51
382   -1.57e+04  940   7.38e+03   50
383   -1.57e+04  933   7.38e+03   50
384   -1.57e+04  950   7.37e+03   50
385   -1.57e+04  979   7.37e+03   49
386   -1.57e+04  983   7.4e+03   49
387   -1.57e+04  999   7.42e+03   51
388   -1.57e+04  1.01e+03   7.42e+03   51
389   -1.57e+04  1.03e+03   7.44e+03   50
390   -1.57e+04  1.04e+03   7.41e+03   51
391   -1.57e+04  1e+03   7.44e+03   50
392   -1.57e+04  974   7.43e+03   50
393   -1.57e+04  974   7.36e+03   51
394   -1.57e+04  1e+03   7.33e+03   50
395   -1.56e+04  980   7.28e+03   50
396   -1.56e+04  1.02e+03   7.28e+03   50
397   -1.56e+04  1.03e+03   7.27e+03   50
398   -1.56e+04  972   7.25e+03   50
399   -1.56e+04  906   7.25e+03   51
400   -1.57e+04  870   7.31e+03   50
401   -1.57e+04  919   7.31e+03   50
402   -1.57e+04  914   7.29e+03   50
403   -1.56e+04  875   7.29e+03   50
404   -1.57e+04  891   7.34e+03   50
405   -1.56e+04  852   7.35e+03   50
406   -1.57e+04  842   7.34e+03   50
407   -1.57e+04  819   7.36e+03   50
408   -1.57e+04  842   7.34e+03   49
409   -1.57e+04  851   7.33e+03   50
410   -1.57e+04  861   7.33e+03   50
411   -1.57e+04  848   7.36e+03   50
412   -1.57e+04  813   7.38e+03   50
413   -1.57e+04  781   7.33e+03   49
414   -1.57e+04  781   7.34e+03   50
415   -1.57e+04  790   7.35e+03   50
416   -1.57e+04  823   7.33e+03   50
417   -1.57e+04  760   7.33e+03   49
418   -1.57e+04  799   7.35e+03   50
419   -1.57e+04  777   7.36e+03   50
420   -1.57e+04  807   7.32e+03   50
421   -1.57e+04  772   7.33e+03   50
422   -1.57e+04  820   7.34e+03   50
423   -1.57e+04  814   7.31e+03   49
424   -1.57e+04  835   7.28e+03   50
425   -1.57e+04  864   7.28e+03   49
426   -1.57e+04  854   7.3e+03   50
427   -1.57e+04  828   7.32e+03   49
428   -1.57e+04  848   7.33e+03   50
429   -1.57e+04  835   7.34e+03   50
430   -1.58e+04  828   7.35e+03   50
431   -1.57e+04  844   7.31e+03   50
432   -1.57e+04  841   7.32e+03   50
433   -1.57e+04  796   7.33e+03   50
434   -1.57e+04  745   7.38e+03   49
435   -1.57e+04  700   7.37e+03   50
436   -1.57e+04  772   7.4e+03   50
437   -1.57e+04  773   7.39e+03   50
438   -1.57e+04  754   7.39e+03   50
439   -1.57e+04  695   7.38e+03   49
440   -1.57e+04  722   7.35e+03   49
441   -1.56e+04  694   7.35e+03   49
442   -1.57e+04  695   7.36e+03   50
443   -1.58e+04  681   7.37e+03   51
444   -1.57e+04  680   7.36e+03   49
445   -1.57e+04  668   7.34e+03   50
446   -1.56e+04  700   7.32e+03   50
447   -1.57e+04  731   7.33e+03   49
448   -1.57e+04  720   7.31e+03   50
449   -1.58e+04  738   7.34e+03   50
450   -1.57e+04  741   7.29e+03   49
451   -1.56e+04  696   7.29e+03   50
452   -1.57e+04  636   7.31e+03   50
453   -1.57e+04  595   7.31e+03   50
454   -1.57e+04  507   7.31e+03   50
455   -1.56e+04  432   7.31e+03   50
456   -1.56e+04  456   7.31e+03   49
457   -1.56e+04  413   7.34e+03   50
458   -1.56e+04  418   7.3e+03   50
459   -1.56e+04  464   7.3e+03   49
460   -1.56e+04  482   7.33e+03   50
461   -1.56e+04  503   7.35e+03   50
462   -1.56e+04  498   7.34e+03   50
463   -1.55e+04  466   7.31e+03   50
464   -1.55e+04  511   7.32e+03   50
465   -1.55e+04  502   7.36e+03   50
466   -1.56e+04  516   7.39e+03   50
467   -1.56e+04  565   7.36e+03   49
468   -1.56e+04  560   7.39e+03   50
469   -1.56e+04  579   7.36e+03   49
470   -1.56e+04  610   7.41e+03   49
471   -1.57e+04  611   7.41e+03   50
472   -1.57e+04  585   7.43e+03   49
473   -1.57e+04  535   7.44e+03   50
474   -1.57e+04  539   7.44e+03   50
475   -1.57e+04  508   7.43e+03   50
476   -1.57e+04  487   7.45e+03   50
477   -1.57e+04  498   7.47e+03   49
478   -1.57e+04  521   7.45e+03   50
479   -1.57e+04  496   7.42e+03   49
480   -1.57e+04  416   7.41e+03   50
481   -1.56e+04  422   7.41e+03   51
482   -1.56e+04  455   7.41e+03   50
483   -1.56e+04  436   7.42e+03   51
484   -1.56e+04  416   7.42e+03   50
485   -1.56e+04  415   7.44e+03   50
486   -1.56e+04  484   7.43e+03   49
487   -1.55e+04  472   7.4e+03   51
488   -1.56e+04  478   7.37e+03   50
489   -1.56e+04  498   7.4e+03   51
490   -1.56e+04  493   7.34e+03   50
491   -1.56e+04  472   7.37e+03   51
492   -1.56e+04  436   7.34e+03   49
493   -1.56e+04  494   7.32e+03   50
494   -1.56e+04  466   7.31e+03   50
495   -1.56e+04  396   7.27e+03   51
496   -1.56e+04  382   7.25e+03   49
497   -1.56e+04  346   7.25e+03   50
498   -1.56e+04  398   7.24e+03   49
499   -1.56e+04  505   7.23e+03   51
500   -1.56e+04  459   7.26e+03   50
501   -1.56e+04  530   7.27e+03   49
502   -1.56e+04  554   7.25e+03   50
503   -1.56e+04  593   7.22e+03   51
504   -1.56e+04  610   7.24e+03   50
505   -1.56e+04  632   7.23e+03   49
506   -1.56e+04  634   7.26e+03   50
507   -1.57e+04  636   7.25e+03   49
508   -1.57e+04  629   7.25e+03   50
509   -1.57e+04  612   7.25e+03   50
510   -1.57e+04  585   7.26e+03   48
511   -1.57e+04  584   7.24e+03   50
512   -1.56e+04  548   7.24e+03   50
513   -1.57e+04  515   7.26e+03   50
514   -1.56e+04  476   7.27e+03   49
515   -1.57e+04  482   7.28e+03   50
516   -1.57e+04  532   7.3e+03   50
517   -1.57e+04  490   7.27e+03   50
518   -1.57e+04  497   7.27e+03   51
519   -1.57e+04  477   7.25e+03   50
520   -1.57e+04  492   7.23e+03   50
521   -1.57e+04  469   7.25e+03   49
522   -1.56e+04  507   7.25e+03   50
523   -1.56e+04  497   7.23e+03   50
524   -1.56e+04  413   7.22e+03   50
525   -1.56e+04  394   7.22e+03   50
526   -1.56e+04  403   7.18e+03   50
527   -1.57e+04  430   7.19e+03   50
528   -1.57e+04  392   7.2e+03   50
529   -1.57e+04  439   7.21e+03   50
530   -1.56e+04  521   7.17e+03   50
531   -1.56e+04  528   7.19e+03   50
532   -1.56e+04  580   7.18e+03   51
533   -1.55e+04  550   7.17e+03   50
534   -1.56e+04  513   7.21e+03   50
535   -1.56e+04  479   7.23e+03   50
536   -1.55e+04  492   7.22e+03   50
537   -1.56e+04  535   7.21e+03   50
538   -1.55e+04  539   7.22e+03   50
539   -1.56e+04  589   7.22e+03   49
540   -1.56e+04  581   7.19e+03   49
541   -1.56e+04  627   7.22e+03   50
542   -1.56e+04  664   7.22e+03   50
543   -1.56e+04  593   7.24e+03   50
544   -1.56e+04  631   7.21e+03   50
545   -1.55e+04  644   7.21e+03   50
546   -1.56e+04  646   7.22e+03   50
547   -1.56e+04  653   7.21e+03   51
548   -1.55e+04  652   7.2e+03   51
549   -1.56e+04  649   7.24e+03   50
550   -1.55e+04  628   7.24e+03   50
551   -1.56e+04  653   7.21e+03   51
552   -1.56e+04  625   7.22e+03   49
553   -1.56e+04  677   7.23e+03   49
554   -1.56e+04  667   7.24e+03   50
555   -1.56e+04  645   7.23e+03   49
556   -1.56e+04  631   7.22e+03   50
557   -1.57e+04  709   7.19e+03   51
558   -1.57e+04  663   7.21e+03   50
559   -1.57e+04  701   7.19e+03   50
560   -1.57e+04  725   7.16e+03   49
561   -1.57e+04  753   7.15e+03   49
562   -1.56e+04  750   7.14e+03   50
563   -1.56e+04  782   7.15e+03   51
564   -1.57e+04  818   7.19e+03   50
565   -1.57e+04  792   7.2e+03   50
566   -1.58e+04  748   7.23e+03   50
567   -1.58e+04  770   7.21e+03   50
568   -1.57e+04  746   7.19e+03   49
569   -1.57e+04  750   7.21e+03   50
570   -1.57e+04  753   7.21e+03   49
571   -1.57e+04  826   7.2e+03   50
572   -1.57e+04  859   7.22e+03   50
573   -1.57e+04  878   7.18e+03   50
574   -1.57e+04  910   7.17e+03   49
575   -1.57e+04  940   7.21e+03   50
576   -1.57e+04  894   7.2e+03   49
577   -1.57e+04  900   7.21e+03   50
578   -1.57e+04  877   7.18e+03   49
579   -1.57e+04  837   7.16e+03   50
580   -1.58e+04  868   7.19e+03   50
581   -1.57e+04  844   7.21e+03   49
582   -1.57e+04  857   7.23e+03   50
583   -1.57e+04  822   7.23e+03   49
584   -1.57e+04  856   7.24e+03   50
585   -1.57e+04  842   7.27e+03   49
586   -1.57e+04  826   7.25e+03   49
587   -1.58e+04  809   7.26e+03   49
588   -1.58e+04  756   7.22e+03   49
589   -1.57e+04  815   7.16e+03   50
590   -1.58e+04  802   7.17e+03   50
591   -1.59e+04  759   7.2e+03   49
592   -1.58e+04  793   7.16e+03   49
593   -1.58e+04  814   7.14e+03   49
594   -1.58e+04  790   7.15e+03   50
595   -1.57e+04  835   7.15e+03   50
596   -1.58e+04  848   7.12e+03   50
597   -1.57e+04  840   7.14e+03   50
598   -1.57e+04  793   7.13e+03   50
599   -1.56e+04  798   7.13e+03   50
600   -1.57e+04  799   7.16e+03   51
601   -1.57e+04  785   7.15e+03   50
602   -1.57e+04  780   7.14e+03   50
603   -1.58e+04  769   7.17e+03   50
604   -1.57e+04  820   7.17e+03   49
605   -1.57e+04  810   7.19e+03   50
606   -1.57e+04  839   7.16e+03   49
607   -1.58e+04  828   7.19e+03   50
608   -1.57e+04  837   7.17e+03   50
609   -1.57e+04  812   7.17e+03   50
610   -1.56e+04  780   7.17e+03   50
611   -1.57e+04  818   7.19e+03   48
612   -1.56e+04  795   7.17e+03   50
613   -1.57e+04  756   7.18e+03   50
614   -1.57e+04  759   7.19e+03   50
615   -1.58e+04  741   7.21e+03   50
616   -1.57e+04  770   7.18e+03   50
617   -1.57e+04  792   7.16e+03   50
618   -1.57e+04  743   7.17e+03   50
619   -1.57e+04  733   7.17e+03   50
620   -1.58e+04  744   7.21e+03   50
621   -1.58e+04  769   7.2e+03   51
622   -1.57e+04  776   7.19e+03   50
623   -1.57e+04  812   7.18e+03   51
624   -1.58e+04  854   7.2e+03   49
625   -1.57e+04  880   7.18e+03   50
626   -1.58e+04  856   7.2e+03   49
627   -1.57e+04  837   7.18e+03   50
628   -1.57e+04  849   7.17e+03   49
629   -1.56e+04  922   7.12e+03   51
630   -1.56e+04  964   7.09e+03   49
631   -1.56e+04  922   7.11e+03   50
632   -1.56e+04  946   7.1e+03   51
633   -1.56e+04  943   7.11e+03   50
634   -1.57e+04  932   7.16e+03   50
635   -1.57e+04  885   7.15e+03   50
636   -1.56e+04  901   7.15e+03   50
637   -1.57e+04  906   7.19e+03   49
638   -1.57e+04  861   7.2e+03   50
639   -1.57e+04  857   7.19e+03   49
640   -1.57e+04  890   7.18e+03   49
641   -1.57e+04  921   7.2e+03   50
642   -1.57e+04  887   7.22e+03   50
643   -1.57e+04  889   7.2e+03   50
644   -1.57e+04  911   7.18e+03   50
645   -1.56e+04  892   7.18e+03   49
646   -1.57e+04  903   7.19e+03   50
647   -1.57e+04  950   7.21e+03   50
648   -1.57e+04  988   7.19e+03   51
649   -1.57e+04  942   7.19e+03   51
650   -1.57e+04  907   7.17e+03   50
651   -1.57e+04  948   7.15e+03   50
652   -1.57e+04  987   7.14e+03   49
653   -1.57e+04  960   7.16e+03   50
654   -1.57e+04  1e+03   7.15e+03   50
655   -1.56e+04  991   7.11e+03   50
656   -1.57e+04  953   7.13e+03   50
657   -1.56e+04  945   7.08e+03   50
658   -1.56e+04  958   7.04e+03   50
659   -1.56e+04  977   7.06e+03   49
660   -1.57e+04  1.01e+03   7.1e+03   50
661   -1.56e+04  1.03e+03   7.1e+03   50
662   -1.57e+04  1.07e+03   7.12e+03   51
663   -1.56e+04  1.19e+03   7.05e+03   50
664   -1.56e+04  1.18e+03   7.05e+03   50
665   -1.56e+04  1.18e+03   7.05e+03   50
666   -1.57e+04  1.15e+03   7.07e+03   51
667   -1.56e+04  1.17e+03   7.06e+03   51
668   -1.56e+04  1.15e+03   7.06e+03   49
669   -1.56e+04  1.15e+03   7.05e+03   50
670   -1.56e+04  1.16e+03   7.07e+03   49
671   -1.57e+04  1.12e+03   7.07e+03   49
672   -1.56e+04  1.15e+03   7.08e+03   50
673   -1.57e+04  1.21e+03   7.1e+03   49
674   -1.56e+04  1.15e+03   7.11e+03   51
675   -1.57e+04  1.15e+03   7.14e+03   49
676   -1.57e+04  1.14e+03   7.14e+03   50
677   -1.57e+04  1.2e+03   7.13e+03   50
678   -1.57e+04  1.18e+03   7.19e+03   49
679   -1.57e+04  1.17e+03   7.15e+03   49
680   -1.57e+04  1.19e+03   7.13e+03   50
681   -1.57e+04  1.24e+03   7.13e+03   50
682   -1.57e+04  1.23e+03   7.18e+03   50
683   -1.57e+04  1.3e+03   7.18e+03   50
684   -1.57e+04  1.31e+03   7.24e+03   50
685   -1.58e+04  1.32e+03   7.23e+03   50
686   -1.57e+04  1.3e+03   7.21e+03   51
687   -1.57e+04  1.34e+03   7.15e+03   50
688   -1.57e+04  1.35e+03   7.14e+03   50
689   -1.57e+04  1.33e+03   7.16e+03   50
690   -1.57e+04  1.32e+03   7.16e+03   50
691   -1.57e+04  1.33e+03   7.18e+03   50
692   -1.57e+04  1.33e+03   7.16e+03   50
693   -1.57e+04  1.33e+03   7.18e+03   50
694   -1.57e+04  1.34e+03   7.16e+03   50
695   -1.56e+04  1.37e+03   7.18e+03   50
696   -1.57e+04  1.36e+03   7.19e+03   49
697   -1.57e+04  1.43e+03   7.17e+03   50
698   -1.57e+04  1.42e+03   7.18e+03   49
699   -1.57e+04  1.43e+03   7.14e+03   49
700   -1.56e+04  1.48e+03   7.12e+03   49
701   -1.57e+04  1.5e+03   7.14e+03   50
702   -1.57e+04  1.49e+03   7.15e+03   49
703   -1.56e+04  1.52e+03   7.12e+03   49
704   -1.56e+04  1.49e+03   7.1e+03   49
705   -1.57e+04  1.46e+03   7.12e+03   50
706   -1.57e+04  1.48e+03   7.12e+03   51
707   -1.57e+04  1.49e+03   7.14e+03   50
708   -1.57e+04  1.51e+03   7.11e+03   49
709   -1.56e+04  1.52e+03   7.07e+03   50
710   -1.56e+04  1.53e+03   7.03e+03   50
711   -1.56e+04  1.52e+03   7.03e+03   50
712   -1.56e+04  1.56e+03   7.02e+03   50
713   -1.56e+04  1.54e+03   7.05e+03   50
714   -1.56e+04  1.52e+03   7.03e+03   50
715   -1.56e+04  1.53e+03   7.05e+03   51
716   -1.57e+04  1.52e+03   7.04e+03   50
717   -1.57e+04  1.55e+03   7.07e+03   50
718   -1.58e+04  1.52e+03   7.08e+03   50
719   -1.57e+04  1.49e+03   7.08e+03   49
720   -1.57e+04  1.48e+03   7.08e+03   51
721   -1.57e+04  1.5e+03   7.04e+03   51
722   -1.58e+04  1.49e+03   7.07e+03   50
723   -1.58e+04  1.48e+03   7.04e+03   50
724   -1.57e+04  1.44e+03   7.05e+03   49
725   -1.58e+04  1.44e+03   7.08e+03   51
726   -1.57e+04  1.4e+03   7.07e+03   50
727   -1.56e+04  1.41e+03   7.08e+03   49
728   -1.56e+04  1.46e+03   7.05e+03   50
729   -1.56e+04  1.49e+03   7.04e+03   49
730   -1.57e+04  1.44e+03   7.03e+03   49
731   -1.57e+04  1.41e+03   7.05e+03   50
732   -1.58e+04  1.47e+03   7.08e+03   51
733   -1.58e+04  1.45e+03   7.09e+03   51
734   -1.57e+04  1.42e+03   7.09e+03   50
735   -1.58e+04  1.45e+03   7.08e+03   49
736   -1.57e+04  1.44e+03   7.1e+03   50
737   -1.57e+04  1.46e+03   7.05e+03   50
738   -1.57e+04  1.45e+03   7.08e+03   49
739   -1.57e+04  1.5e+03   7.04e+03   49
740   -1.56e+04  1.45e+03   7.03e+03   49
741   -1.56e+04  1.47e+03   7.01e+03   50
742   -1.55e+04  1.4e+03   6.98e+03   49
743   -1.55e+04  1.4e+03   7e+03   50
744   -1.57e+04  1.44e+03   7.05e+03   50
745   -1.57e+04  1.41e+03   7.09e+03   49
746   -1.58e+04  1.38e+03   7.1e+03   50
747   -1.58e+04  1.39e+03   7.07e+03   50
748   -1.58e+04  1.36e+03   7.06e+03   50
749   -1.57e+04  1.31e+03   7.03e+03   50
750   -1.57e+04  1.37e+03   7.02e+03   50
751   -1.56e+04  1.36e+03   6.99e+03   50
752   -1.56e+04  1.36e+03   7.02e+03   49
753   -1.57e+04  1.3e+03   7.05e+03   50
754   -1.56e+04  1.3e+03   7.05e+03   49
755   -1.57e+04  1.29e+03   7.04e+03   49
756   -1.57e+04  1.28e+03   6.99e+03   51
757   -1.57e+04  1.32e+03   7e+03   51
758   -1.57e+04  1.34e+03   7.02e+03   50
759   -1.57e+04  1.3e+03   7.01e+03   50
760   -1.57e+04  1.29e+03   7.02e+03   50
761   -1.57e+04  1.26e+03   7.05e+03   50
762   -1.57e+04  1.26e+03   7.08e+03   49
763   -1.57e+04  1.3e+03   7.08e+03   50
764   -1.57e+04  1.32e+03   7.07e+03   50
765   -1.57e+04  1.35e+03   7.07e+03   50
766   -1.58e+04  1.35e+03   7.09e+03   50
767   -1.58e+04  1.37e+03   7.06e+03   50
768   -1.57e+04  1.34e+03   7.04e+03   50
769   -1.58e+04  1.4e+03   7.06e+03   49
770   -1.57e+04  1.44e+03   7.04e+03   49
771   -1.57e+04  1.45e+03   7.08e+03   50
772   -1.57e+04  1.46e+03   7.07e+03   49
773   -1.57e+04  1.5e+03   7.08e+03   50
774   -1.57e+04  1.5e+03   7.06e+03   50
775   -1.57e+04  1.48e+03   7.03e+03   49
776   -1.56e+04  1.45e+03   7.05e+03   50
777   -1.56e+04  1.46e+03   7.05e+03   50
778   -1.56e+04  1.41e+03   7.07e+03   50
779   -1.56e+04  1.4e+03   7.06e+03   50
780   -1.56e+04  1.35e+03   7.06e+03   50
781   -1.57e+04  1.29e+03   7.09e+03   50
782   -1.56e+04  1.27e+03   7.05e+03   49
783   -1.56e+04  1.25e+03   7.05e+03   51
784   -1.57e+04  1.21e+03   7.1e+03   50
785   -1.57e+04  1.27e+03   7.11e+03   49
786   -1.57e+04  1.3e+03   7.09e+03   49
787   -1.57e+04  1.28e+03   7.11e+03   50
788   -1.56e+04  1.3e+03   7.12e+03   50
789   -1.56e+04  1.31e+03   7.13e+03   51
790   -1.57e+04  1.31e+03   7.16e+03   50
791   -1.57e+04  1.27e+03   7.13e+03   51
792   -1.57e+04  1.26e+03   7.16e+03   50
793   -1.57e+04  1.24e+03   7.1e+03   51
794   -1.56e+04  1.28e+03   7.09e+03   50
795   -1.56e+04  1.34e+03   7.12e+03   48
796   -1.56e+04  1.36e+03   7.06e+03   50
797   -1.57e+04  1.38e+03   7.12e+03   50
798   -1.57e+04  1.41e+03   7.1e+03   50
799   -1.56e+04  1.35e+03   7.06e+03   50
800   -1.57e+04  1.37e+03   7.09e+03   49
801   -1.56e+04  1.37e+03   7.06e+03   50
802   -1.56e+04  1.33e+03   7.02e+03   50
803   -1.56e+04  1.39e+03   7e+03   50
804   -1.57e+04  1.4e+03   7.02e+03   51
805   -1.56e+04  1.43e+03   7.03e+03   50
806   -1.56e+04  1.48e+03   7.01e+03   51
807   -1.57e+04  1.42e+03   7.03e+03   50
808   -1.56e+04  1.35e+03   7.01e+03   50
809   -1.56e+04  1.4e+03   6.99e+03   49
810   -1.56e+04  1.41e+03   6.99e+03   50
811   -1.56e+04  1.44e+03   7.05e+03   51
812   -1.56e+04  1.41e+03   7.06e+03   51
813   -1.57e+04  1.38e+03   7.04e+03   50
814   -1.57e+04  1.46e+03   7.08e+03   50
815   -1.57e+04  1.41e+03   7.1e+03   50
816   -1.57e+04  1.39e+03   7.05e+03   50
817   -1.56e+04  1.39e+03   7.04e+03   50
818   -1.57e+04  1.39e+03   7.05e+03   49
819   -1.57e+04  1.4e+03   7.03e+03   50
820   -1.56e+04  1.34e+03   7.01e+03   50
821   -1.57e+04  1.32e+03   7e+03   49
822   -1.56e+04  1.28e+03   7e+03   50
823   -1.56e+04  1.26e+03   7e+03   50
824   -1.56e+04  1.28e+03   6.99e+03   49
825   -1.56e+04  1.29e+03   6.98e+03   50
826   -1.57e+04  1.39e+03   6.99e+03   50
827   -1.56e+04  1.35e+03   7.02e+03   50
828   -1.57e+04  1.3e+03   7.04e+03   50
829   -1.57e+04  1.29e+03   7.05e+03   49
830   -1.56e+04  1.33e+03   7.03e+03   50
831   -1.57e+04  1.33e+03   7.03e+03   49
832   -1.57e+04  1.33e+03   7.05e+03   50
833   -1.57e+04  1.36e+03   7.08e+03   50
834   -1.55e+04  1.3e+03   7.04e+03   50
835   -1.56e+04  1.3e+03   6.99e+03   50
836   -1.56e+04  1.36e+03   7.01e+03   51
837   -1.56e+04  1.41e+03   7.01e+03   50
838   -1.56e+04  1.42e+03   7e+03   50
839   -1.57e+04  1.46e+03   7e+03   50
840   -1.57e+04  1.41e+03   7.01e+03   50
841   -1.57e+04  1.42e+03   6.97e+03   50
842   -1.57e+04  1.42e+03   6.97e+03   50
843   -1.57e+04  1.35e+03   6.96e+03   50
844   -1.57e+04  1.37e+03   6.98e+03   50
845   -1.56e+04  1.35e+03   6.95e+03   50
846   -1.56e+04  1.37e+03   6.96e+03   50
847   -1.56e+04  1.37e+03   6.97e+03   49
848   -1.57e+04  1.32e+03   7.02e+03   49
849   -1.56e+04  1.37e+03   7.02e+03   50
850   -1.57e+04  1.33e+03   7.02e+03   50
851   -1.57e+04  1.29e+03   7.03e+03   49
852   -1.57e+04  1.27e+03   7.03e+03   50
853   -1.57e+04  1.36e+03   7.05e+03   50
854   -1.57e+04  1.37e+03   7.01e+03   50
855   -1.57e+04  1.37e+03   7.01e+03   49
856   -1.56e+04  1.38e+03   7e+03   49
857   -1.56e+04  1.4e+03   7e+03   50
858   -1.56e+04  1.41e+03   6.98e+03   50
859   -1.56e+04  1.4e+03   6.95e+03   50
860   -1.56e+04  1.39e+03   6.96e+03   50
861   -1.56e+04  1.43e+03   6.97e+03   50
862   -1.56e+04  1.46e+03   6.97e+03   49
863   -1.56e+04  1.49e+03   6.93e+03   50
864   -1.56e+04  1.45e+03   6.93e+03   50
865   -1.57e+04  1.47e+03   6.91e+03   50
866   -1.57e+04  1.53e+03   6.85e+03   50
867   -1.57e+04  1.56e+03   6.85e+03   49
868   -1.56e+04  1.52e+03   6.88e+03   50
869   -1.56e+04  1.48e+03   6.9e+03   50
870   -1.56e+04  1.48e+03   6.91e+03   50
871   -1.56e+04  1.42e+03   6.94e+03   50
872   -1.57e+04  1.42e+03   6.98e+03   50
873   -1.56e+04  1.41e+03   6.95e+03   51
874   -1.57e+04  1.42e+03   6.98e+03   50
875   -1.57e+04  1.47e+03   6.96e+03   50
876   -1.57e+04  1.46e+03   6.96e+03   50
877   -1.57e+04  1.5e+03   6.96e+03   51
878   -1.57e+04  1.52e+03   6.97e+03   50
879   -1.57e+04  1.54e+03   6.97e+03   50
880   -1.56e+04  1.55e+03   6.92e+03   50
881   -1.56e+04  1.62e+03   6.91e+03   50
882   -1.56e+04  1.59e+03   6.9e+03   50
883   -1.56e+04  1.54e+03   6.9e+03   50
884   -1.57e+04  1.58e+03   6.95e+03   50
885   -1.57e+04  1.6e+03   6.95e+03   50
886   -1.58e+04  1.62e+03   6.96e+03   50
887   -1.57e+04  1.61e+03   6.95e+03   51
888   -1.56e+04  1.59e+03   6.91e+03   50
889   -1.56e+04  1.62e+03   6.93e+03   50
890   -1.56e+04  1.59e+03   6.92e+03   50
891   -1.57e+04  1.61e+03   6.92e+03   50
892   -1.56e+04  1.56e+03   6.87e+03   50
893   -1.57e+04  1.55e+03   6.86e+03   51
894   -1.56e+04  1.6e+03   6.86e+03   50
895   -1.56e+04  1.59e+03   6.86e+03   50
896   -1.56e+04  1.55e+03   6.85e+03   49
897   -1.56e+04  1.5e+03   6.84e+03   50
898   -1.56e+04  1.49e+03   6.85e+03   50
899   -1.56e+04  1.46e+03   6.86e+03   50
900   -1.57e+04  1.44e+03   6.87e+03   50
901   -1.56e+04  1.45e+03   6.87e+03   51
902   -1.56e+04  1.45e+03   6.85e+03   49
903   -1.56e+04  1.49e+03   6.85e+03   50
904   -1.56e+04  1.47e+03   6.86e+03   49
905   -1.56e+04  1.48e+03   6.86e+03   50
906   -1.56e+04  1.49e+03   6.83e+03   49
907   -1.56e+04  1.45e+03   6.86e+03   50
908   -1.57e+04  1.4e+03   6.9e+03   50
909   -1.57e+04  1.4e+03   6.86e+03   50
910   -1.56e+04  1.39e+03   6.89e+03   50
911   -1.56e+04  1.34e+03   6.87e+03   50
912   -1.56e+04  1.3e+03   6.87e+03   51
913   -1.56e+04  1.28e+03   6.86e+03   50
914   -1.56e+04  1.24e+03   6.89e+03   51
915   -1.55e+04  1.22e+03   6.9e+03   50
916   -1.56e+04  1.24e+03   6.92e+03   49
917   -1.56e+04  1.31e+03   6.89e+03   49
918   -1.56e+04  1.35e+03   6.88e+03   51
919   -1.56e+04  1.38e+03   6.85e+03   50
920   -1.56e+04  1.38e+03   6.84e+03   49
921   -1.56e+04  1.39e+03   6.84e+03   51
922   -1.56e+04  1.38e+03   6.84e+03   49
923   -1.56e+04  1.43e+03   6.86e+03   50
924   -1.56e+04  1.45e+03   6.86e+03   50
925   -1.56e+04  1.43e+03   6.87e+03   50
926   -1.56e+04  1.44e+03   6.9e+03   49
927   -1.57e+04  1.43e+03   6.92e+03   51
928   -1.57e+04  1.4e+03   6.95e+03   50
929   -1.57e+04  1.45e+03   6.97e+03   49
930   -1.57e+04  1.43e+03   7e+03   50
931   -1.56e+04  1.43e+03   6.98e+03   50
932   -1.56e+04  1.39e+03   6.96e+03   50
933   -1.56e+04  1.4e+03   6.98e+03   50
934   -1.57e+04  1.3e+03   6.99e+03   49
935   -1.57e+04  1.26e+03   7.03e+03   50
936   -1.57e+04  1.24e+03   7.09e+03   50
937   -1.57e+04  1.29e+03   7.08e+03   50
938   -1.56e+04  1.25e+03   7.08e+03   51
939   -1.57e+04  1.23e+03   7.08e+03   51
940   -1.56e+04  1.22e+03   7.08e+03   49
941   -1.56e+04  1.26e+03   7.09e+03   50
942   -1.56e+04  1.26e+03   7.11e+03   49
943   -1.56e+04  1.26e+03   7.13e+03   49
944   -1.56e+04  1.28e+03   7.14e+03   50
945   -1.56e+04  1.28e+03   7.13e+03   50
946   -1.56e+04  1.26e+03   7.14e+03   51
947   -1.56e+04  1.24e+03   7.15e+03   51
948   -1.56e+04  1.25e+03   7.14e+03   51
949   -1.56e+04  1.29e+03   7.13e+03   50
950   -1.56e+04  1.33e+03   7.12e+03   49
951   -1.57e+04  1.33e+03   7.19e+03   51
952   -1.57e+04  1.34e+03   7.22e+03   50
953   -1.57e+04  1.39e+03   7.23e+03   50
954   -1.57e+04  1.4e+03   7.23e+03   50
955   -1.56e+04  1.38e+03   7.22e+03   49
956   -1.57e+04  1.35e+03   7.23e+03   50
957   -1.57e+04  1.34e+03   7.22e+03   50
958   -1.58e+04  1.35e+03   7.21e+03   50
959   -1.57e+04  1.39e+03   7.2e+03   50
960   -1.58e+04  1.35e+03   7.21e+03   50
961   -1.58e+04  1.35e+03   7.24e+03   49
962   -1.58e+04  1.35e+03   7.21e+03   50
963   -1.58e+04  1.32e+03   7.19e+03   50
964   -1.58e+04  1.31e+03   7.22e+03   50
965   -1.57e+04  1.33e+03   7.2e+03   49
966   -1.58e+04  1.3e+03   7.22e+03   50
967   -1.57e+04  1.31e+03   7.23e+03   50
968   -1.57e+04  1.32e+03   7.21e+03   50
969   -1.57e+04  1.34e+03   7.23e+03   50
970   -1.57e+04  1.31e+03   7.23e+03   51
971   -1.56e+04  1.28e+03   7.18e+03   51
972   -1.55e+04  1.26e+03   7.18e+03   50
973   -1.56e+04  1.22e+03   7.21e+03   50
974   -1.56e+04  1.22e+03   7.21e+03   50
975   -1.55e+04  1.23e+03   7.22e+03   50
976   -1.56e+04  1.25e+03   7.22e+03   51
977   -1.56e+04  1.28e+03   7.23e+03   51
978   -1.56e+04  1.26e+03   7.18e+03   50
979   -1.56e+04  1.3e+03   7.14e+03   49
980   -1.56e+04  1.32e+03   7.15e+03   50
981   -1.56e+04  1.28e+03   7.12e+03   50
982   -1.56e+04  1.24e+03   7.15e+03   51
983   -1.57e+04  1.28e+03   7.17e+03   50
984   -1.56e+04  1.24e+03   7.17e+03   49
985   -1.56e+04  1.24e+03   7.15e+03   50
986   -1.56e+04  1.26e+03   7.18e+03   50
987   -1.57e+04  1.27e+03   7.16e+03   50
988   -1.57e+04  1.28e+03   7.16e+03   50
989   -1.56e+04  1.24e+03   7.15e+03   50
990   -1.56e+04  1.22e+03   7.14e+03   49
991   -1.56e+04  1.25e+03   7.1e+03   51
992   -1.57e+04  1.2e+03   7.12e+03   50
993   -1.56e+04  1.15e+03   7.11e+03   50
994   -1.56e+04  1.12e+03   7.12e+03   50
995   -1.57e+04  1.12e+03   7.13e+03   50
996   -1.57e+04  1.11e+03   7.14e+03   50
997   -1.57e+04  1.19e+03   7.12e+03   50
998   -1.56e+04  1.19e+03   7.12e+03   50
999   -1.57e+04  1.26e+03   7.15e+03   50
1000   -1.57e+04  1.27e+03   7.15e+03   51
