***************************************
*           Modello XY                *
*      Simulazione Monte Carlo        *
***************************************

Parametri simulativi:

Lato reticolo:           500
Temperatura:             0.25
Beta:                    4
J:                       1
Delta:                   0.8
Numero blocchi           10
Lunghezza simulazione:   1
Fase di termalizzazione: 1000



Numero mossa   Energia    Magnetizzazione X    Magnetizzazione Y    Acc. rate
1   -4.9e+05  37.8   2.47e+05   41
2   -4.84e+05  -11.3   2.45e+05   44
3   -4.79e+05  -17.6   2.44e+05   45
4   -4.76e+05  -18   2.42e+05   46
5   -4.74e+05  49.9   2.41e+05   47
6   -4.73e+05  227   2.4e+05   47
7   -4.72e+05  237   2.4e+05   47
8   -4.71e+05  216   2.39e+05   47
9   -4.7e+05  420   2.39e+05   47
10   -4.7e+05  565   2.38e+05   47
11   -4.69e+05  478   2.38e+05   47
12   -4.69e+05  463   2.38e+05   47
13   -4.69e+05  382   2.37e+05   48
14   -4.69e+05  409   2.37e+05   47
15   -4.69e+05  492   2.37e+05   47
16   -4.69e+05  630   2.37e+05   47
17   -4.69e+05  591   2.37e+05   48
18   -4.69e+05  449   2.36e+05   48
19   -4.68e+05  598   2.36e+05   48
20   -4.69e+05  703   2.36e+05   47
21   -4.68e+05  608   2.36e+05   47
22   -4.68e+05  502   2.36e+05   47
23   -4.68e+05  463   2.36e+05   47
24   -4.68e+05  330   2.36e+05   47
25   -4.68e+05  289   2.36e+05   47
26   -4.68e+05  237   2.35e+05   47
27   -4.68e+05  183   2.35e+05   47
28   -4.68e+05  287   2.35e+05   47
29   -4.68e+05  313   2.35e+05   47
30   -4.68e+05  451   2.35e+05   48
31   -4.68e+05  422   2.35e+05   47
32   -4.68e+05  510   2.35e+05   47
33   -4.68e+05  351   2.35e+05   47
34   -4.68e+05  498   2.35e+05   47
35   -4.68e+05  514   2.35e+05   47
36   -4.68e+05  468   2.35e+05   47
37   -4.68e+05  539   2.34e+05   48
38   -4.68e+05  603   2.34e+05   48
39   -4.68e+05  697   2.34e+05   48
40   -4.68e+05  572   2.34e+05   48
41   -4.68e+05  621   2.34e+05   47
42   -4.68e+05  673   2.34e+05   48
43   -4.68e+05  885   2.34e+05   48
44   -4.68e+05  962   2.34e+05   47
45   -4.68e+05  842   2.34e+05   47
46   -4.68e+05  976   2.34e+05   47
47   -4.68e+05  761   2.34e+05   48
48   -4.68e+05  896   2.34e+05   47
49   -4.68e+05  830   2.34e+05   47
50   -4.68e+05  1e+03   2.34e+05   47
51   -4.68e+05  1.06e+03   2.34e+05   48
52   -4.68e+05  1.11e+03   2.34e+05   48
53   -4.68e+05  1.09e+03   2.34e+05   47
54   -4.68e+05  1.05e+03   2.33e+05   47
55   -4.68e+05  1.24e+03   2.33e+05   48
56   -4.68e+05  1.3e+03   2.33e+05   47
57   -4.68e+05  1.31e+03   2.33e+05   47
58   -4.68e+05  1.33e+03   2.33e+05   47
59   -4.68e+05  1.42e+03   2.33e+05   47
60   -4.68e+05  1.49e+03   2.33e+05   48
61   -4.68e+05  1.48e+03   2.33e+05   47
62   -4.68e+05  1.46e+03   2.33e+05   47
63   -4.68e+05  1.5e+03   2.33e+05   47
64   -4.68e+05  1.59e+03   2.33e+05   47
65   -4.68e+05  1.69e+03   2.33e+05   47
66   -4.68e+05  1.65e+03   2.33e+05   48
67   -4.68e+05  1.61e+03   2.33e+05   47
68   -4.68e+05  1.39e+03   2.33e+05   48
69   -4.68e+05  1.39e+03   2.33e+05   47
70   -4.68e+05  1.55e+03   2.33e+05   48
71   -4.68e+05  1.63e+03   2.33e+05   48
72   -4.68e+05  1.51e+03   2.33e+05   47
73   -4.68e+05  1.55e+03   2.33e+05   47
74   -4.68e+05  1.62e+03   2.33e+05   48
75   -4.68e+05  1.49e+03   2.33e+05   47
76   -4.68e+05  1.41e+03   2.32e+05   48
77   -4.68e+05  1.19e+03   2.32e+05   47
78   -4.68e+05  1.33e+03   2.32e+05   47
79   -4.68e+05  1.41e+03   2.32e+05   47
80   -4.68e+05  1.38e+03   2.32e+05   48
81   -4.68e+05  1.43e+03   2.32e+05   47
82   -4.68e+05  1.48e+03   2.32e+05   47
83   -4.68e+05  1.33e+03   2.32e+05   47
84   -4.68e+05  1.37e+03   2.32e+05   47
85   -4.68e+05  1.43e+03   2.32e+05   48
86   -4.68e+05  1.39e+03   2.32e+05   48
87   -4.68e+05  1.51e+03   2.32e+05   47
88   -4.68e+05  1.59e+03   2.32e+05   47
89   -4.68e+05  1.49e+03   2.32e+05   47
90   -4.68e+05  1.47e+03   2.32e+05   47
91   -4.68e+05  1.38e+03   2.32e+05   47
92   -4.68e+05  1.39e+03   2.32e+05   47
93   -4.68e+05  1.46e+03   2.32e+05   48
94   -4.68e+05  1.52e+03   2.32e+05   47
95   -4.68e+05  1.54e+03   2.32e+05   47
96   -4.68e+05  1.61e+03   2.32e+05   47
97   -4.68e+05  1.49e+03   2.32e+05   47
98   -4.68e+05  1.56e+03   2.32e+05   48
99   -4.68e+05  1.74e+03   2.32e+05   48
100   -4.68e+05  1.64e+03   2.32e+05   47
101   -4.68e+05  1.71e+03   2.32e+05   47
102   -4.68e+05  1.62e+03   2.32e+05   48
103   -4.68e+05  1.6e+03   2.32e+05   47
104   -4.68e+05  1.42e+03   2.32e+05   48
105   -4.68e+05  1.56e+03   2.32e+05   47
106   -4.68e+05  1.49e+03   2.32e+05   47
107   -4.68e+05  1.39e+03   2.32e+05   47
108   -4.68e+05  1.38e+03   2.32e+05   48
109   -4.68e+05  1.19e+03   2.32e+05   47
110   -4.68e+05  1.26e+03   2.32e+05   47
111   -4.68e+05  1.26e+03   2.32e+05   48
112   -4.68e+05  1.08e+03   2.32e+05   47
113   -4.68e+05  1.03e+03   2.32e+05   47
114   -4.68e+05  1.11e+03   2.32e+05   48
115   -4.68e+05  1.05e+03   2.32e+05   47
116   -4.68e+05  1.07e+03   2.32e+05   47
117   -4.68e+05  1.22e+03   2.32e+05   47
118   -4.68e+05  1.28e+03   2.32e+05   47
119   -4.68e+05  1.15e+03   2.31e+05   48
120   -4.68e+05  1.25e+03   2.31e+05   47
121   -4.68e+05  1.09e+03   2.31e+05   47
122   -4.68e+05  1.24e+03   2.31e+05   47
123   -4.68e+05  1.14e+03   2.31e+05   47
124   -4.68e+05  1.26e+03   2.31e+05   47
125   -4.68e+05  1.2e+03   2.31e+05   47
126   -4.68e+05  1.12e+03   2.31e+05   48
127   -4.68e+05  1.1e+03   2.31e+05   48
128   -4.68e+05  946   2.31e+05   48
129   -4.68e+05  871   2.31e+05   47
130   -4.68e+05  848   2.31e+05   48
131   -4.68e+05  882   2.31e+05   47
132   -4.68e+05  812   2.31e+05   47
133   -4.68e+05  792   2.31e+05   47
134   -4.68e+05  920   2.31e+05   48
135   -4.68e+05  865   2.31e+05   47
136   -4.68e+05  738   2.31e+05   48
137   -4.68e+05  707   2.31e+05   47
138   -4.68e+05  564   2.31e+05   47
139   -4.68e+05  603   2.31e+05   47
140   -4.68e+05  705   2.31e+05   47
141   -4.68e+05  583   2.31e+05   48
142   -4.68e+05  785   2.31e+05   48
143   -4.68e+05  832   2.31e+05   48
144   -4.68e+05  714   2.31e+05   48
145   -4.68e+05  685   2.31e+05   48
146   -4.68e+05  809   2.31e+05   48
147   -4.68e+05  801   2.31e+05   47
148   -4.68e+05  803   2.31e+05   47
149   -4.68e+05  733   2.31e+05   47
150   -4.68e+05  722   2.31e+05   48
151   -4.68e+05  795   2.31e+05   48
152   -4.68e+05  768   2.31e+05   48
153   -4.68e+05  1.04e+03   2.31e+05   47
154   -4.68e+05  1.13e+03   2.31e+05   48
155   -4.68e+05  1.43e+03   2.31e+05   47
156   -4.68e+05  1.4e+03   2.31e+05   48
157   -4.68e+05  1.44e+03   2.31e+05   47
158   -4.68e+05  1.49e+03   2.31e+05   48
159   -4.68e+05  1.5e+03   2.31e+05   48
160   -4.68e+05  1.62e+03   2.31e+05   47
161   -4.68e+05  1.74e+03   2.31e+05   48
162   -4.68e+05  1.69e+03   2.31e+05   47
163   -4.68e+05  1.58e+03   2.31e+05   47
164   -4.68e+05  1.75e+03   2.31e+05   48
165   -4.68e+05  1.82e+03   2.31e+05   47
166   -4.68e+05  1.91e+03   2.31e+05   48
167   -4.68e+05  1.77e+03   2.31e+05   47
168   -4.67e+05  1.7e+03   2.31e+05   48
169   -4.68e+05  1.82e+03   2.31e+05   48
170   -4.68e+05  1.72e+03   2.31e+05   48
171   -4.68e+05  1.86e+03   2.31e+05   48
172   -4.68e+05  1.87e+03   2.31e+05   47
173   -4.68e+05  1.84e+03   2.31e+05   47
174   -4.68e+05  1.9e+03   2.31e+05   47
175   -4.68e+05  1.84e+03   2.31e+05   47
176   -4.68e+05  1.81e+03   2.31e+05   47
177   -4.68e+05  1.78e+03   2.31e+05   47
178   -4.68e+05  1.99e+03   2.31e+05   48
179   -4.68e+05  2.06e+03   2.31e+05   48
180   -4.68e+05  1.87e+03   2.31e+05   47
181   -4.68e+05  1.85e+03   2.31e+05   47
182   -4.68e+05  1.87e+03   2.31e+05   48
183   -4.68e+05  1.97e+03   2.3e+05   47
184   -4.68e+05  1.94e+03   2.3e+05   48
185   -4.68e+05  1.76e+03   2.3e+05   47
186   -4.68e+05  1.78e+03   2.3e+05   47
187   -4.68e+05  1.7e+03   2.3e+05   48
188   -4.68e+05  1.74e+03   2.3e+05   47
189   -4.68e+05  1.68e+03   2.3e+05   47
190   -4.68e+05  1.57e+03   2.3e+05   48
191   -4.68e+05  1.69e+03   2.3e+05   47
192   -4.68e+05  1.94e+03   2.3e+05   47
193   -4.68e+05  1.91e+03   2.3e+05   47
194   -4.68e+05  1.84e+03   2.3e+05   48
195   -4.68e+05  1.8e+03   2.3e+05   48
196   -4.68e+05  1.7e+03   2.3e+05   48
197   -4.68e+05  1.79e+03   2.3e+05   47
198   -4.68e+05  1.72e+03   2.3e+05   47
199   -4.68e+05  1.76e+03   2.3e+05   47
200   -4.68e+05  1.85e+03   2.3e+05   47
201   -4.68e+05  1.85e+03   2.3e+05   48
202   -4.68e+05  1.99e+03   2.3e+05   48
203   -4.68e+05  2.03e+03   2.3e+05   47
204   -4.68e+05  1.99e+03   2.3e+05   47
205   -4.68e+05  2.15e+03   2.3e+05   47
206   -4.68e+05  2.2e+03   2.3e+05   48
207   -4.68e+05  2.24e+03   2.3e+05   48
208   -4.68e+05  2.19e+03   2.3e+05   48
209   -4.68e+05  2.17e+03   2.3e+05   47
210   -4.68e+05  2.14e+03   2.3e+05   48
211   -4.68e+05  2.02e+03   2.3e+05   48
212   -4.68e+05  1.95e+03   2.3e+05   47
213   -4.68e+05  1.91e+03   2.3e+05   48
214   -4.68e+05  2.01e+03   2.3e+05   47
215   -4.68e+05  2.12e+03   2.3e+05   47
216   -4.68e+05  2.19e+03   2.3e+05   48
217   -4.68e+05  2.18e+03   2.3e+05   47
218   -4.68e+05  2.21e+03   2.3e+05   47
219   -4.68e+05  2.04e+03   2.3e+05   47
220   -4.68e+05  2.15e+03   2.3e+05   47
221   -4.68e+05  2.34e+03   2.3e+05   47
222   -4.68e+05  2.35e+03   2.3e+05   47
223   -4.68e+05  2.3e+03   2.3e+05   48
224   -4.68e+05  2.38e+03   2.3e+05   48
225   -4.68e+05  2.63e+03   2.3e+05   47
226   -4.68e+05  2.75e+03   2.3e+05   47
227   -4.68e+05  2.86e+03   2.3e+05   47
228   -4.68e+05  2.7e+03   2.3e+05   47
229   -4.68e+05  2.71e+03   2.3e+05   47
230   -4.68e+05  2.92e+03   2.3e+05   47
231   -4.68e+05  2.87e+03   2.3e+05   48
232   -4.68e+05  2.93e+03   2.3e+05   47
233   -4.68e+05  2.89e+03   2.3e+05   47
234   -4.68e+05  2.85e+03   2.3e+05   48
235   -4.68e+05  2.93e+03   2.3e+05   47
236   -4.68e+05  2.76e+03   2.3e+05   47
237   -4.68e+05  2.82e+03   2.3e+05   47
238   -4.68e+05  2.78e+03   2.3e+05   47
239   -4.68e+05  2.66e+03   2.3e+05   48
240   -4.68e+05  2.59e+03   2.3e+05   47
241   -4.68e+05  2.63e+03   2.3e+05   48
242   -4.68e+05  2.62e+03   2.3e+05   47
243   -4.68e+05  2.77e+03   2.3e+05   47
244   -4.68e+05  2.81e+03   2.3e+05   47
245   -4.68e+05  2.86e+03   2.3e+05   47
246   -4.68e+05  2.71e+03   2.3e+05   47
247   -4.68e+05  2.75e+03   2.3e+05   47
248   -4.68e+05  2.59e+03   2.3e+05   47
249   -4.68e+05  2.71e+03   2.3e+05   47
250   -4.68e+05  2.52e+03   2.3e+05   48
251   -4.68e+05  2.45e+03   2.3e+05   48
252   -4.68e+05  2.59e+03   2.3e+05   48
253   -4.68e+05  2.46e+03   2.3e+05   47
254   -4.68e+05  2.35e+03   2.3e+05   48
255   -4.68e+05  2.42e+03   2.3e+05   47
256   -4.68e+05  2.42e+03   2.3e+05   47
257   -4.68e+05  2.4e+03   2.3e+05   48
258   -4.68e+05  2.63e+03   2.3e+05   47
259   -4.68e+05  2.67e+03   2.3e+05   48
260   -4.68e+05  2.61e+03   2.3e+05   47
261   -4.68e+05  2.77e+03   2.3e+05   47
262   -4.68e+05  2.87e+03   2.3e+05   48
263   -4.68e+05  2.84e+03   2.3e+05   47
264   -4.68e+05  2.85e+03   2.3e+05   47
265   -4.68e+05  2.75e+03   2.3e+05   47
266   -4.68e+05  2.74e+03   2.3e+05   48
267   -4.68e+05  2.69e+03   2.3e+05   48
268   -4.68e+05  2.64e+03   2.3e+05   47
269   -4.68e+05  2.49e+03   2.29e+05   47
270   -4.68e+05  2.47e+03   2.29e+05   47
271   -4.68e+05  2.33e+03   2.29e+05   47
272   -4.68e+05  2.32e+03   2.29e+05   47
273   -4.68e+05  2.45e+03   2.29e+05   47
274   -4.68e+05  2.5e+03   2.29e+05   47
275   -4.68e+05  2.53e+03   2.29e+05   47
276   -4.68e+05  2.43e+03   2.29e+05   48
277   -4.68e+05  2.5e+03   2.29e+05   48
278   -4.68e+05  2.59e+03   2.29e+05   48
279   -4.68e+05  2.5e+03   2.29e+05   47
280   -4.68e+05  2.61e+03   2.29e+05   47
281   -4.68e+05  2.36e+03   2.29e+05   47
282   -4.68e+05  2.27e+03   2.29e+05   47
283   -4.68e+05  2.33e+03   2.29e+05   47
284   -4.68e+05  2.36e+03   2.29e+05   47
285   -4.68e+05  2.28e+03   2.29e+05   47
286   -4.68e+05  2.22e+03   2.29e+05   48
287   -4.68e+05  2.13e+03   2.29e+05   47
288   -4.68e+05  2.15e+03   2.29e+05   48
289   -4.68e+05  2.06e+03   2.29e+05   47
290   -4.68e+05  1.95e+03   2.29e+05   47
291   -4.68e+05  1.87e+03   2.29e+05   47
292   -4.68e+05  2.01e+03   2.29e+05   47
293   -4.68e+05  2.15e+03   2.29e+05   47
294   -4.68e+05  1.99e+03   2.29e+05   48
295   -4.68e+05  2.03e+03   2.29e+05   47
296   -4.68e+05  1.98e+03   2.29e+05   48
297   -4.68e+05  2.07e+03   2.29e+05   48
298   -4.68e+05  2.15e+03   2.29e+05   47
299   -4.68e+05  2.28e+03   2.29e+05   47
300   -4.68e+05  2.23e+03   2.29e+05   48
301   -4.68e+05  2.12e+03   2.29e+05   48
302   -4.68e+05  2.12e+03   2.29e+05   48
303   -4.68e+05  2.07e+03   2.29e+05   47
304   -4.68e+05  2.04e+03   2.29e+05   48
305   -4.68e+05  2.21e+03   2.29e+05   48
306   -4.68e+05  2.2e+03   2.29e+05   48
307   -4.68e+05  2.14e+03   2.29e+05   48
308   -4.68e+05  1.99e+03   2.29e+05   47
309   -4.68e+05  1.92e+03   2.29e+05   47
310   -4.68e+05  1.99e+03   2.29e+05   47
311   -4.68e+05  2.11e+03   2.29e+05   48
312   -4.68e+05  2.05e+03   2.29e+05   48
313   -4.68e+05  1.92e+03   2.29e+05   47
314   -4.68e+05  1.87e+03   2.29e+05   47
315   -4.68e+05  1.86e+03   2.29e+05   47
316   -4.68e+05  1.88e+03   2.29e+05   47
317   -4.68e+05  1.85e+03   2.29e+05   48
318   -4.68e+05  1.7e+03   2.29e+05   47
319   -4.68e+05  1.91e+03   2.29e+05   48
320   -4.68e+05  1.95e+03   2.29e+05   47
321   -4.68e+05  2.04e+03   2.29e+05   47
322   -4.68e+05  2.14e+03   2.29e+05   47
323   -4.68e+05  2.18e+03   2.29e+05   48
324   -4.68e+05  2.08e+03   2.29e+05   47
325   -4.68e+05  2.17e+03   2.29e+05   47
326   -4.68e+05  2.24e+03   2.29e+05   47
327   -4.68e+05  2.27e+03   2.29e+05   47
328   -4.68e+05  2.23e+03   2.29e+05   48
329   -4.68e+05  2.3e+03   2.29e+05   48
330   -4.68e+05  2.41e+03   2.29e+05   47
331   -4.68e+05  2.61e+03   2.29e+05   47
332   -4.68e+05  2.57e+03   2.29e+05   47
333   -4.68e+05  2.52e+03   2.29e+05   48
334   -4.68e+05  2.65e+03   2.29e+05   47
335   -4.68e+05  2.67e+03   2.28e+05   47
336   -4.68e+05  2.64e+03   2.29e+05   48
337   -4.68e+05  2.63e+03   2.29e+05   48
338   -4.68e+05  2.64e+03   2.28e+05   48
339   -4.68e+05  2.84e+03   2.28e+05   47
340   -4.68e+05  2.69e+03   2.29e+05   47
341   -4.68e+05  2.59e+03   2.29e+05   47
342   -4.68e+05  2.73e+03   2.29e+05   47
343   -4.68e+05  2.83e+03   2.28e+05   48
344   -4.68e+05  2.78e+03   2.28e+05   47
345   -4.68e+05  2.87e+03   2.28e+05   47
346   -4.68e+05  2.93e+03   2.28e+05   47
347   -4.68e+05  3e+03   2.28e+05   47
348   -4.68e+05  3.17e+03   2.28e+05   48
349   -4.68e+05  3.29e+03   2.28e+05   48
350   -4.68e+05  3.42e+03   2.28e+05   47
351   -4.68e+05  3.7e+03   2.28e+05   47
352   -4.68e+05  3.81e+03   2.28e+05   47
353   -4.68e+05  3.81e+03   2.28e+05   47
354   -4.68e+05  3.74e+03   2.28e+05   48
355   -4.68e+05  3.72e+03   2.28e+05   47
356   -4.68e+05  3.55e+03   2.28e+05   48
357   -4.68e+05  3.44e+03   2.28e+05   48
358   -4.68e+05  3.54e+03   2.29e+05   48
359   -4.68e+05  3.51e+03   2.29e+05   47
360   -4.68e+05  3.52e+03   2.28e+05   48
361   -4.68e+05  3.52e+03   2.28e+05   48
362   -4.68e+05  3.38e+03   2.28e+05   48
363   -4.68e+05  3.54e+03   2.28e+05   48
364   -4.68e+05  3.71e+03   2.28e+05   48
365   -4.68e+05  3.82e+03   2.28e+05   47
366   -4.68e+05  3.72e+03   2.28e+05   47
367   -4.68e+05  3.63e+03   2.28e+05   47
368   -4.68e+05  3.76e+03   2.28e+05   47
369   -4.68e+05  3.79e+03   2.28e+05   47
370   -4.68e+05  3.84e+03   2.28e+05   47
371   -4.68e+05  4.05e+03   2.28e+05   47
372   -4.68e+05  3.99e+03   2.28e+05   47
373   -4.68e+05  4.2e+03   2.28e+05   47
374   -4.68e+05  4.48e+03   2.28e+05   47
375   -4.68e+05  4.52e+03   2.28e+05   47
376   -4.68e+05  4.37e+03   2.29e+05   47
377   -4.68e+05  4.33e+03   2.28e+05   47
378   -4.68e+05  4.45e+03   2.28e+05   47
379   -4.68e+05  4.41e+03   2.28e+05   47
380   -4.68e+05  4.22e+03   2.28e+05   48
381   -4.68e+05  4.14e+03   2.28e+05   48
382   -4.68e+05  4.16e+03   2.28e+05   47
383   -4.68e+05  4.01e+03   2.28e+05   47
384   -4.68e+05  3.93e+03   2.28e+05   47
385   -4.68e+05  3.89e+03   2.28e+05   47
386   -4.68e+05  4.03e+03   2.28e+05   48
387   -4.68e+05  4.23e+03   2.28e+05   48
388   -4.68e+05  4.21e+03   2.29e+05   47
389   -4.68e+05  4.34e+03   2.29e+05   47
390   -4.68e+05  4.28e+03   2.28e+05   47
391   -4.68e+05  4.23e+03   2.28e+05   48
392   -4.68e+05  4.12e+03   2.28e+05   48
393   -4.68e+05  4.02e+03   2.28e+05   47
394   -4.68e+05  4.1e+03   2.28e+05   47
395   -4.68e+05  3.9e+03   2.29e+05   47
396   -4.68e+05  4.06e+03   2.29e+05   47
397   -4.68e+05  4.1e+03   2.28e+05   48
398   -4.68e+05  3.96e+03   2.29e+05   48
399   -4.68e+05  3.98e+03   2.28e+05   47
400   -4.68e+05  3.93e+03   2.28e+05   48
401   -4.68e+05  4.07e+03   2.28e+05   47
402   -4.68e+05  3.95e+03   2.28e+05   47
403   -4.68e+05  3.93e+03   2.28e+05   47
404   -4.68e+05  3.93e+03   2.29e+05   47
405   -4.68e+05  3.83e+03   2.29e+05   47
406   -4.68e+05  3.84e+03   2.29e+05   47
407   -4.68e+05  3.84e+03   2.29e+05   48
408   -4.68e+05  3.97e+03   2.29e+05   47
409   -4.68e+05  3.72e+03   2.29e+05   47
410   -4.68e+05  3.7e+03   2.29e+05   47
411   -4.68e+05  3.79e+03   2.29e+05   48
412   -4.68e+05  3.75e+03   2.28e+05   48
413   -4.68e+05  3.64e+03   2.29e+05   47
414   -4.68e+05  3.74e+03   2.29e+05   48
415   -4.68e+05  3.75e+03   2.28e+05   47
416   -4.68e+05  3.69e+03   2.28e+05   47
417   -4.68e+05  3.98e+03   2.28e+05   47
418   -4.68e+05  3.94e+03   2.28e+05   47
419   -4.68e+05  3.73e+03   2.28e+05   47
420   -4.68e+05  3.51e+03   2.28e+05   48
421   -4.68e+05  3.62e+03   2.28e+05   47
422   -4.68e+05  3.56e+03   2.28e+05   48
423   -4.68e+05  3.65e+03   2.28e+05   48
424   -4.68e+05  3.58e+03   2.28e+05   47
425   -4.68e+05  3.6e+03   2.28e+05   47
426   -4.68e+05  3.54e+03   2.28e+05   47
427   -4.68e+05  3.45e+03   2.28e+05   47
428   -4.68e+05  3.31e+03   2.28e+05   47
429   -4.68e+05  3.35e+03   2.28e+05   47
430   -4.68e+05  3.36e+03   2.28e+05   47
431   -4.68e+05  3.34e+03   2.28e+05   47
432   -4.68e+05  3.35e+03   2.28e+05   47
433   -4.68e+05  3.28e+03   2.28e+05   48
434   -4.68e+05  3.23e+03   2.28e+05   47
435   -4.68e+05  3.15e+03   2.28e+05   47
436   -4.68e+05  3.06e+03   2.28e+05   47
437   -4.68e+05  3.14e+03   2.28e+05   47
438   -4.68e+05  3.17e+03   2.28e+05   47
439   -4.68e+05  3.32e+03   2.28e+05   47
440   -4.68e+05  3.11e+03   2.28e+05   48
441   -4.68e+05  3.03e+03   2.28e+05   47
442   -4.68e+05  3.16e+03   2.28e+05   47
443   -4.68e+05  3.21e+03   2.28e+05   47
444   -4.68e+05  3.19e+03   2.28e+05   47
445   -4.68e+05  2.93e+03   2.28e+05   47
446   -4.68e+05  2.95e+03   2.28e+05   47
447   -4.68e+05  2.93e+03   2.28e+05   48
448   -4.68e+05  3.02e+03   2.28e+05   48
449   -4.68e+05  3.02e+03   2.28e+05   48
450   -4.68e+05  3.11e+03   2.28e+05   48
451   -4.68e+05  3.09e+03   2.28e+05   48
452   -4.68e+05  2.97e+03   2.28e+05   47
453   -4.68e+05  2.8e+03   2.28e+05   47
454   -4.68e+05  2.71e+03   2.28e+05   47
455   -4.68e+05  2.76e+03   2.28e+05   48
456   -4.68e+05  2.86e+03   2.28e+05   47
457   -4.68e+05  2.87e+03   2.28e+05   48
458   -4.68e+05  2.8e+03   2.28e+05   48
459   -4.68e+05  2.83e+03   2.28e+05   47
460   -4.68e+05  3.06e+03   2.28e+05   47
461   -4.68e+05  3.27e+03   2.28e+05   48
462   -4.68e+05  3.29e+03   2.28e+05   48
463   -4.68e+05  3.3e+03   2.28e+05   48
464   -4.68e+05  3.2e+03   2.28e+05   47
465   -4.68e+05  3.24e+03   2.28e+05   47
466   -4.68e+05  3.3e+03   2.28e+05   48
467   -4.68e+05  3.47e+03   2.28e+05   48
468   -4.68e+05  3.42e+03   2.28e+05   47
469   -4.68e+05  3.41e+03   2.28e+05   48
470   -4.68e+05  3.3e+03   2.28e+05   47
471   -4.68e+05  3.44e+03   2.28e+05   47
472   -4.68e+05  3.37e+03   2.28e+05   48
473   -4.68e+05  3.45e+03   2.28e+05   48
474   -4.68e+05  3.37e+03   2.28e+05   48
475   -4.68e+05  3.37e+03   2.28e+05   47
476   -4.68e+05  3.36e+03   2.28e+05   48
477   -4.68e+05  3.43e+03   2.28e+05   48
478   -4.68e+05  3.43e+03   2.28e+05   47
479   -4.68e+05  3.42e+03   2.28e+05   48
480   -4.68e+05  3.49e+03   2.28e+05   47
481   -4.68e+05  3.37e+03   2.28e+05   47
482   -4.68e+05  3.16e+03   2.28e+05   47
483   -4.68e+05  3.19e+03   2.28e+05   47
484   -4.68e+05  3.19e+03   2.28e+05   48
485   -4.68e+05  3.19e+03   2.28e+05   47
486   -4.68e+05  3.29e+03   2.28e+05   47
487   -4.67e+05  3.37e+03   2.28e+05   47
488   -4.67e+05  3.38e+03   2.28e+05   47
489   -4.68e+05  3.34e+03   2.28e+05   47
490   -4.68e+05  3.18e+03   2.28e+05   47
491   -4.68e+05  2.98e+03   2.27e+05   48
492   -4.68e+05  2.91e+03   2.28e+05   48
493   -4.68e+05  2.84e+03   2.28e+05   47
494   -4.68e+05  2.77e+03   2.28e+05   47
495   -4.67e+05  2.9e+03   2.28e+05   48
496   -4.68e+05  2.89e+03   2.28e+05   47
497   -4.67e+05  2.91e+03   2.28e+05   48
498   -4.68e+05  3e+03   2.28e+05   47
499   -4.68e+05  3.17e+03   2.28e+05   47
500   -4.68e+05  3.27e+03   2.28e+05   47
501   -4.68e+05  3.28e+03   2.28e+05   48
502   -4.68e+05  3.22e+03   2.28e+05   48
503   -4.68e+05  3.06e+03   2.28e+05   47
504   -4.68e+05  3.23e+03   2.28e+05   47
505   -4.68e+05  3.19e+03   2.28e+05   47
506   -4.68e+05  3.27e+03   2.28e+05   47
507   -4.68e+05  3.31e+03   2.28e+05   48
508   -4.68e+05  3.42e+03   2.28e+05   47
509   -4.68e+05  3.57e+03   2.28e+05   47
510   -4.68e+05  3.61e+03   2.28e+05   47
511   -4.68e+05  3.44e+03   2.28e+05   48
512   -4.67e+05  3.36e+03   2.28e+05   48
513   -4.67e+05  3.42e+03   2.28e+05   47
514   -4.68e+05  3.42e+03   2.28e+05   47
515   -4.68e+05  3.47e+03   2.28e+05   47
516   -4.68e+05  3.38e+03   2.28e+05   48
517   -4.68e+05  3.68e+03   2.28e+05   47
518   -4.68e+05  3.65e+03   2.28e+05   47
519   -4.68e+05  3.64e+03   2.28e+05   48
520   -4.68e+05  3.61e+03   2.28e+05   47
521   -4.68e+05  3.44e+03   2.28e+05   47
522   -4.68e+05  3.55e+03   2.28e+05   48
523   -4.68e+05  3.53e+03   2.28e+05   47
524   -4.68e+05  3.51e+03   2.28e+05   47
525   -4.68e+05  3.42e+03   2.28e+05   47
526   -4.68e+05  3.18e+03   2.28e+05   47
527   -4.68e+05  3.25e+03   2.28e+05   47
528   -4.68e+05  3.36e+03   2.28e+05   47
529   -4.68e+05  3.49e+03   2.28e+05   47
530   -4.68e+05  3.58e+03   2.28e+05   48
531   -4.68e+05  3.24e+03   2.28e+05   48
532   -4.68e+05  3.3e+03   2.28e+05   47
533   -4.68e+05  3.38e+03   2.27e+05   47
534   -4.68e+05  3.52e+03   2.27e+05   47
535   -4.68e+05  3.51e+03   2.27e+05   47
536   -4.68e+05  3.58e+03   2.27e+05   48
537   -4.68e+05  3.62e+03   2.28e+05   47
538   -4.68e+05  3.66e+03   2.28e+05   47
539   -4.68e+05  3.56e+03   2.28e+05   47
540   -4.68e+05  3.66e+03   2.28e+05   48
541   -4.68e+05  3.51e+03   2.28e+05   48
542   -4.68e+05  3.51e+03   2.28e+05   48
543   -4.68e+05  3.55e+03   2.28e+05   47
544   -4.68e+05  3.66e+03   2.28e+05   47
545   -4.68e+05  3.73e+03   2.27e+05   47
546   -4.68e+05  3.87e+03   2.28e+05   47
547   -4.68e+05  3.95e+03   2.27e+05   47
548   -4.68e+05  3.86e+03   2.27e+05   48
549   -4.68e+05  4e+03   2.27e+05   47
550   -4.68e+05  3.93e+03   2.27e+05   48
551   -4.68e+05  3.83e+03   2.27e+05   48
552   -4.68e+05  3.97e+03   2.27e+05   47
553   -4.68e+05  4.02e+03   2.27e+05   47
554   -4.68e+05  3.85e+03   2.27e+05   47
555   -4.68e+05  3.71e+03   2.27e+05   47
556   -4.68e+05  3.84e+03   2.27e+05   47
557   -4.68e+05  3.82e+03   2.27e+05   47
558   -4.68e+05  3.74e+03   2.27e+05   47
559   -4.68e+05  3.62e+03   2.27e+05   47
560   -4.68e+05  3.63e+03   2.27e+05   47
561   -4.68e+05  3.73e+03   2.27e+05   47
562   -4.68e+05  3.84e+03   2.27e+05   48
563   -4.68e+05  3.95e+03   2.27e+05   47
564   -4.68e+05  3.86e+03   2.27e+05   47
565   -4.68e+05  3.87e+03   2.27e+05   48
566   -4.68e+05  3.78e+03   2.27e+05   47
567   -4.68e+05  3.47e+03   2.27e+05   47
568   -4.68e+05  3.47e+03   2.27e+05   47
569   -4.68e+05  3.56e+03   2.27e+05   48
570   -4.67e+05  3.6e+03   2.27e+05   47
571   -4.68e+05  3.54e+03   2.27e+05   47
572   -4.68e+05  3.43e+03   2.27e+05   47
573   -4.68e+05  3.46e+03   2.27e+05   47
574   -4.68e+05  3.7e+03   2.27e+05   47
575   -4.68e+05  3.66e+03   2.27e+05   47
576   -4.68e+05  3.63e+03   2.27e+05   47
577   -4.68e+05  3.79e+03   2.27e+05   47
578   -4.68e+05  3.8e+03   2.27e+05   48
579   -4.68e+05  3.92e+03   2.27e+05   48
580   -4.68e+05  3.89e+03   2.27e+05   47
581   -4.68e+05  3.98e+03   2.27e+05   47
582   -4.68e+05  4e+03   2.27e+05   48
583   -4.68e+05  4.02e+03   2.27e+05   48
584   -4.68e+05  4.06e+03   2.27e+05   48
585   -4.68e+05  4.21e+03   2.27e+05   48
586   -4.68e+05  4.08e+03   2.27e+05   47
587   -4.68e+05  4.09e+03   2.27e+05   47
588   -4.68e+05  4.25e+03   2.27e+05   47
589   -4.68e+05  4.21e+03   2.27e+05   47
590   -4.68e+05  4.29e+03   2.27e+05   48
591   -4.68e+05  4.19e+03   2.27e+05   47
592   -4.68e+05  4.32e+03   2.27e+05   48
593   -4.68e+05  4.53e+03   2.27e+05   47
594   -4.68e+05  4.49e+03   2.27e+05   48
595   -4.68e+05  4.33e+03   2.27e+05   48
596   -4.68e+05  4.32e+03   2.27e+05   47
597   -4.68e+05  4.23e+03   2.27e+05   47
598   -4.68e+05  4.29e+03   2.27e+05   47
599   -4.68e+05  4.3e+03   2.27e+05   47
600   -4.68e+05  4.3e+03   2.27e+05   48
601   -4.68e+05  4.45e+03   2.27e+05   47
602   -4.68e+05  4.22e+03   2.27e+05   47
603   -4.68e+05  4.32e+03   2.27e+05   48
604   -4.68e+05  4.45e+03   2.27e+05   47
605   -4.68e+05  4.39e+03   2.27e+05   48
606   -4.68e+05  4.32e+03   2.27e+05   47
607   -4.68e+05  4.54e+03   2.27e+05   47
608   -4.68e+05  4.65e+03   2.27e+05   48
609   -4.68e+05  4.74e+03   2.27e+05   47
610   -4.67e+05  4.68e+03   2.27e+05   47
611   -4.67e+05  4.66e+03   2.27e+05   47
612   -4.67e+05  4.6e+03   2.27e+05   48
613   -4.68e+05  4.64e+03   2.27e+05   48
614   -4.68e+05  4.76e+03   2.27e+05   47
615   -4.68e+05  4.63e+03   2.27e+05   48
616   -4.68e+05  4.73e+03   2.27e+05   47
617   -4.68e+05  4.72e+03   2.27e+05   48
618   -4.68e+05  4.69e+03   2.27e+05   48
619   -4.68e+05  4.68e+03   2.27e+05   48
620   -4.68e+05  4.71e+03   2.27e+05   48
621   -4.68e+05  4.74e+03   2.27e+05   47
622   -4.68e+05  4.6e+03   2.27e+05   47
623   -4.68e+05  4.66e+03   2.27e+05   47
624   -4.68e+05  4.52e+03   2.27e+05   47
625   -4.68e+05  4.46e+03   2.27e+05   48
626   -4.68e+05  4.5e+03   2.27e+05   47
627   -4.68e+05  4.47e+03   2.27e+05   48
628   -4.68e+05  4.15e+03   2.27e+05   47
629   -4.68e+05  4.04e+03   2.27e+05   47
630   -4.68e+05  4e+03   2.27e+05   47
631   -4.68e+05  4.24e+03   2.27e+05   47
632   -4.68e+05  4.3e+03   2.27e+05   47
633   -4.68e+05  4.36e+03   2.27e+05   48
634   -4.68e+05  4.47e+03   2.27e+05   47
635   -4.68e+05  4.54e+03   2.27e+05   48
636   -4.68e+05  4.41e+03   2.27e+05   47
637   -4.68e+05  4.4e+03   2.27e+05   47
638   -4.68e+05  4.48e+03   2.27e+05   47
639   -4.68e+05  4.72e+03   2.27e+05   47
640   -4.68e+05  4.55e+03   2.27e+05   48
641   -4.68e+05  4.42e+03   2.27e+05   47
642   -4.68e+05  4.51e+03   2.27e+05   47
643   -4.68e+05  4.42e+03   2.27e+05   47
644   -4.67e+05  4.33e+03   2.27e+05   47
645   -4.68e+05  4.42e+03   2.27e+05   47
646   -4.68e+05  4.43e+03   2.27e+05   48
647   -4.68e+05  4.49e+03   2.27e+05   48
648   -4.68e+05  4.54e+03   2.27e+05   48
649   -4.68e+05  4.51e+03   2.27e+05   47
650   -4.68e+05  4.32e+03   2.27e+05   47
651   -4.68e+05  4.13e+03   2.27e+05   47
652   -4.68e+05  4.28e+03   2.27e+05   47
653   -4.68e+05  4.26e+03   2.27e+05   47
654   -4.68e+05  4.34e+03   2.27e+05   48
655   -4.68e+05  4.1e+03   2.27e+05   48
656   -4.68e+05  4.1e+03   2.27e+05   48
657   -4.68e+05  3.98e+03   2.27e+05   47
658   -4.68e+05  4.04e+03   2.27e+05   47
659   -4.68e+05  4.16e+03   2.27e+05   47
660   -4.68e+05  4.35e+03   2.27e+05   47
661   -4.68e+05  4.37e+03   2.27e+05   48
662   -4.68e+05  4.29e+03   2.27e+05   47
663   -4.68e+05  4.3e+03   2.27e+05   47
664   -4.68e+05  4.32e+03   2.27e+05   47
665   -4.68e+05  4.33e+03   2.27e+05   47
666   -4.68e+05  4.29e+03   2.27e+05   47
667   -4.68e+05  4.22e+03   2.27e+05   47
668   -4.68e+05  3.97e+03   2.27e+05   47
669   -4.68e+05  3.87e+03   2.27e+05   48
670   -4.68e+05  3.9e+03   2.27e+05   47
671   -4.68e+05  3.95e+03   2.27e+05   48
672   -4.68e+05  4.06e+03   2.27e+05   48
673   -4.68e+05  4.08e+03   2.27e+05   47
674   -4.68e+05  4.17e+03   2.27e+05   48
675   -4.68e+05  4.22e+03   2.27e+05   47
676   -4.68e+05  4.24e+03   2.27e+05   47
677   -4.68e+05  4.13e+03   2.27e+05   47
678   -4.68e+05  4.17e+03   2.27e+05   47
679   -4.68e+05  3.94e+03   2.27e+05   48
680   -4.68e+05  3.73e+03   2.27e+05   48
681   -4.68e+05  3.72e+03   2.27e+05   47
682   -4.68e+05  3.71e+03   2.27e+05   48
683   -4.68e+05  3.62e+03   2.27e+05   47
684   -4.68e+05  3.62e+03   2.27e+05   47
685   -4.68e+05  3.59e+03   2.27e+05   48
686   -4.68e+05  3.51e+03   2.27e+05   47
687   -4.68e+05  3.61e+03   2.27e+05   47
688   -4.68e+05  3.64e+03   2.27e+05   48
689   -4.68e+05  3.67e+03   2.27e+05   47
690   -4.68e+05  3.72e+03   2.27e+05   47
691   -4.68e+05  3.77e+03   2.27e+05   48
692   -4.68e+05  3.65e+03   2.27e+05   48
693   -4.68e+05  3.45e+03   2.27e+05   48
694   -4.68e+05  3.55e+03   2.27e+05   47
695   -4.68e+05  3.6e+03   2.27e+05   47
696   -4.68e+05  3.75e+03   2.27e+05   48
697   -4.68e+05  3.9e+03   2.27e+05   47
698   -4.68e+05  4.08e+03   2.27e+05   47
699   -4.68e+05  4.09e+03   2.27e+05   47
700   -4.68e+05  4e+03   2.27e+05   48
701   -4.68e+05  4.06e+03   2.27e+05   47
702   -4.67e+05  4.14e+03   2.27e+05   48
703   -4.68e+05  4.18e+03   2.27e+05   47
704   -4.68e+05  4.33e+03   2.27e+05   48
705   -4.68e+05  4.14e+03   2.27e+05   47
706   -4.68e+05  4.17e+03   2.27e+05   48
707   -4.68e+05  4.06e+03   2.27e+05   48
708   -4.68e+05  3.95e+03   2.27e+05   47
709   -4.68e+05  3.94e+03   2.27e+05   47
710   -4.68e+05  4.06e+03   2.27e+05   48
711   -4.68e+05  4.02e+03   2.27e+05   48
712   -4.68e+05  4.14e+03   2.27e+05   48
713   -4.68e+05  4.45e+03   2.27e+05   48
714   -4.68e+05  4.24e+03   2.27e+05   47
715   -4.68e+05  4.09e+03   2.27e+05   48
716   -4.68e+05  4.08e+03   2.27e+05   48
717   -4.68e+05  4.15e+03   2.27e+05   48
718   -4.68e+05  4.19e+03   2.27e+05   47
719   -4.68e+05  4.02e+03   2.27e+05   48
720   -4.68e+05  3.95e+03   2.27e+05   47
721   -4.67e+05  3.94e+03   2.27e+05   47
722   -4.67e+05  3.88e+03   2.27e+05   48
723   -4.68e+05  3.99e+03   2.27e+05   48
724   -4.67e+05  4.05e+03   2.27e+05   47
725   -4.68e+05  4.14e+03   2.27e+05   48
726   -4.67e+05  4.36e+03   2.27e+05   47
727   -4.68e+05  4.33e+03   2.27e+05   48
728   -4.68e+05  4.6e+03   2.27e+05   48
729   -4.68e+05  4.66e+03   2.27e+05   47
730   -4.68e+05  4.64e+03   2.27e+05   47
731   -4.68e+05  4.63e+03   2.27e+05   48
732   -4.68e+05  4.64e+03   2.27e+05   48
733   -4.68e+05  4.98e+03   2.27e+05   48
734   -4.68e+05  4.93e+03   2.27e+05   47
735   -4.68e+05  4.85e+03   2.27e+05   47
736   -4.68e+05  4.97e+03   2.27e+05   48
737   -4.68e+05  5e+03   2.27e+05   48
738   -4.68e+05  5.12e+03   2.27e+05   47
739   -4.68e+05  5.27e+03   2.27e+05   48
740   -4.68e+05  5.41e+03   2.27e+05   47
741   -4.68e+05  5.42e+03   2.27e+05   47
742   -4.68e+05  5.36e+03   2.27e+05   48
743   -4.68e+05  5.41e+03   2.27e+05   47
744   -4.68e+05  5.31e+03   2.27e+05   48
745   -4.68e+05  5.32e+03   2.27e+05   47
746   -4.68e+05  5.34e+03   2.27e+05   48
747   -4.68e+05  5.47e+03   2.27e+05   48
748   -4.68e+05  5.41e+03   2.27e+05   47
749   -4.68e+05  5.35e+03   2.27e+05   47
750   -4.68e+05  5.29e+03   2.27e+05   47
751   -4.68e+05  5.26e+03   2.27e+05   47
752   -4.68e+05  5.27e+03   2.27e+05   48
753   -4.68e+05  5.24e+03   2.27e+05   48
754   -4.68e+05  5.29e+03   2.27e+05   48
755   -4.68e+05  5.31e+03   2.27e+05   47
756   -4.68e+05  5.22e+03   2.27e+05   48
757   -4.68e+05  5.11e+03   2.27e+05   47
758   -4.68e+05  5.28e+03   2.27e+05   47
759   -4.68e+05  5.27e+03   2.27e+05   47
760   -4.68e+05  5.24e+03   2.27e+05   47
761   -4.68e+05  5.25e+03   2.27e+05   48
762   -4.68e+05  5.24e+03   2.27e+05   47
763   -4.68e+05  5.25e+03   2.27e+05   48
764   -4.68e+05  5.17e+03   2.27e+05   47
765   -4.68e+05  5.2e+03   2.27e+05   47
766   -4.68e+05  5.3e+03   2.27e+05   47
767   -4.68e+05  5.28e+03   2.27e+05   48
768   -4.68e+05  5.41e+03   2.27e+05   48
769   -4.67e+05  5.45e+03   2.27e+05   47
770   -4.67e+05  5.33e+03   2.27e+05   47
771   -4.68e+05  5.37e+03   2.27e+05   48
772   -4.68e+05  5.29e+03   2.27e+05   48
773   -4.68e+05  5.26e+03   2.27e+05   47
774   -4.68e+05  5.23e+03   2.27e+05   47
775   -4.68e+05  5.11e+03   2.27e+05   48
776   -4.68e+05  5.12e+03   2.27e+05   47
777   -4.68e+05  5.25e+03   2.27e+05   47
778   -4.68e+05  5.21e+03   2.27e+05   48
779   -4.68e+05  5.18e+03   2.27e+05   48
780   -4.67e+05  5.3e+03   2.27e+05   47
781   -4.68e+05  5.3e+03   2.27e+05   47
782   -4.68e+05  5.45e+03   2.27e+05   47
783   -4.68e+05  5.51e+03   2.27e+05   48
784   -4.68e+05  5.56e+03   2.27e+05   48
785   -4.68e+05  5.61e+03   2.27e+05   47
786   -4.68e+05  5.47e+03   2.27e+05   47
787   -4.68e+05  5.38e+03   2.27e+05   48
788   -4.68e+05  5.4e+03   2.27e+05   48
789   -4.68e+05  5.36e+03   2.27e+05   48
790   -4.68e+05  5.44e+03   2.27e+05   48
791   -4.68e+05  5.44e+03   2.27e+05   48
792   -4.68e+05  5.55e+03   2.27e+05   47
793   -4.68e+05  5.53e+03   2.27e+05   48
794   -4.68e+05  5.44e+03   2.27e+05   47
795   -4.68e+05  5.34e+03   2.27e+05   47
796   -4.68e+05  5.26e+03   2.27e+05   48
797   -4.68e+05  5.46e+03   2.27e+05   48
798   -4.68e+05  5.32e+03   2.27e+05   48
799   -4.68e+05  5.42e+03   2.27e+05   48
800   -4.68e+05  5.27e+03   2.27e+05   47
801   -4.68e+05  5.33e+03   2.27e+05   47
802   -4.68e+05  5.25e+03   2.27e+05   47
803   -4.68e+05  5.34e+03   2.27e+05   48
804   -4.68e+05  5.3e+03   2.27e+05   47
805   -4.68e+05  5.23e+03   2.27e+05   48
806   -4.68e+05  5.36e+03   2.27e+05   47
807   -4.68e+05  5.37e+03   2.27e+05   48
808   -4.68e+05  5.18e+03   2.27e+05   47
809   -4.68e+05  5.32e+03   2.27e+05   47
810   -4.68e+05  5.6e+03   2.27e+05   47
811   -4.68e+05  5.75e+03   2.27e+05   47
812   -4.68e+05  5.83e+03   2.27e+05   47
813   -4.68e+05  5.94e+03   2.26e+05   47
814   -4.68e+05  5.96e+03   2.26e+05   48
815   -4.68e+05  5.87e+03   2.26e+05   47
816   -4.68e+05  5.98e+03   2.26e+05   47
817   -4.68e+05  5.83e+03   2.26e+05   47
818   -4.68e+05  6e+03   2.26e+05   48
819   -4.68e+05  6.04e+03   2.26e+05   47
820   -4.68e+05  5.95e+03   2.26e+05   48
821   -4.68e+05  5.93e+03   2.26e+05   48
822   -4.68e+05  5.95e+03   2.26e+05   47
823   -4.68e+05  5.91e+03   2.26e+05   48
824   -4.68e+05  5.88e+03   2.26e+05   47
825   -4.68e+05  5.86e+03   2.26e+05   47
826   -4.68e+05  5.83e+03   2.26e+05   47
827   -4.67e+05  5.74e+03   2.26e+05   48
828   -4.67e+05  5.76e+03   2.26e+05   47
829   -4.68e+05  5.71e+03   2.26e+05   47
830   -4.68e+05  5.74e+03   2.26e+05   47
831   -4.68e+05  5.67e+03   2.26e+05   48
832   -4.68e+05  5.79e+03   2.26e+05   48
833   -4.68e+05  5.68e+03   2.26e+05   47
834   -4.68e+05  5.73e+03   2.27e+05   47
835   -4.68e+05  5.89e+03   2.26e+05   48
836   -4.68e+05  6.05e+03   2.26e+05   48
837   -4.68e+05  6.07e+03   2.26e+05   47
838   -4.68e+05  6.21e+03   2.26e+05   47
839   -4.68e+05  6.11e+03   2.26e+05   48
840   -4.68e+05  5.92e+03   2.26e+05   47
841   -4.68e+05  5.88e+03   2.26e+05   47
842   -4.68e+05  5.77e+03   2.26e+05   47
843   -4.68e+05  5.55e+03   2.26e+05   47
844   -4.68e+05  5.42e+03   2.26e+05   47
845   -4.68e+05  5.45e+03   2.26e+05   47
846   -4.67e+05  5.33e+03   2.26e+05   48
847   -4.68e+05  5.39e+03   2.26e+05   47
848   -4.68e+05  5.21e+03   2.26e+05   48
849   -4.68e+05  5.32e+03   2.26e+05   48
850   -4.67e+05  5.48e+03   2.26e+05   47
851   -4.68e+05  5.58e+03   2.26e+05   47
852   -4.68e+05  5.73e+03   2.26e+05   47
853   -4.68e+05  5.74e+03   2.26e+05   47
854   -4.68e+05  5.94e+03   2.27e+05   48
855   -4.68e+05  5.97e+03   2.27e+05   48
856   -4.68e+05  6.09e+03   2.26e+05   47
857   -4.68e+05  6.04e+03   2.27e+05   48
858   -4.67e+05  5.99e+03   2.26e+05   48
859   -4.68e+05  6.05e+03   2.27e+05   48
860   -4.68e+05  6.1e+03   2.27e+05   48
861   -4.67e+05  5.94e+03   2.27e+05   48
862   -4.68e+05  5.89e+03   2.27e+05   48
863   -4.68e+05  5.83e+03   2.27e+05   47
864   -4.68e+05  5.77e+03   2.27e+05   48
865   -4.68e+05  5.83e+03   2.27e+05   47
866   -4.68e+05  5.75e+03   2.27e+05   48
867   -4.68e+05  5.71e+03   2.27e+05   47
868   -4.68e+05  5.85e+03   2.27e+05   47
869   -4.68e+05  5.8e+03   2.27e+05   48
870   -4.68e+05  5.66e+03   2.27e+05   48
871   -4.68e+05  5.81e+03   2.27e+05   48
872   -4.68e+05  5.89e+03   2.27e+05   48
873   -4.68e+05  6.09e+03   2.27e+05   47
874   -4.68e+05  6.17e+03   2.27e+05   47
875   -4.68e+05  6.37e+03   2.27e+05   47
876   -4.68e+05  6.39e+03   2.27e+05   48
877   -4.68e+05  6.42e+03   2.27e+05   47
878   -4.68e+05  6.42e+03   2.27e+05   47
879   -4.68e+05  6.57e+03   2.27e+05   47
880   -4.68e+05  6.52e+03   2.27e+05   48
881   -4.68e+05  6.48e+03   2.27e+05   47
882   -4.68e+05  6.66e+03   2.27e+05   47
883   -4.68e+05  6.75e+03   2.27e+05   47
884   -4.68e+05  6.86e+03   2.27e+05   47
885   -4.68e+05  6.86e+03   2.27e+05   47
886   -4.68e+05  6.89e+03   2.27e+05   47
887   -4.68e+05  6.81e+03   2.27e+05   47
888   -4.68e+05  6.58e+03   2.27e+05   48
889   -4.68e+05  6.48e+03   2.27e+05   48
890   -4.68e+05  6.49e+03   2.27e+05   47
891   -4.68e+05  6.48e+03   2.27e+05   47
892   -4.68e+05  6.47e+03   2.27e+05   47
893   -4.68e+05  6.49e+03   2.27e+05   47
894   -4.68e+05  6.52e+03   2.27e+05   48
895   -4.68e+05  6.42e+03   2.27e+05   47
896   -4.68e+05  6.42e+03   2.27e+05   47
897   -4.68e+05  6.53e+03   2.27e+05   48
898   -4.68e+05  6.38e+03   2.27e+05   48
899   -4.68e+05  6.27e+03   2.27e+05   48
900   -4.68e+05  6.27e+03   2.27e+05   47
901   -4.68e+05  6.04e+03   2.27e+05   47
902   -4.68e+05  6.06e+03   2.27e+05   48
903   -4.68e+05  6.18e+03   2.27e+05   48
904   -4.68e+05  6.41e+03   2.27e+05   48
905   -4.68e+05  6.43e+03   2.27e+05   47
906   -4.68e+05  6.46e+03   2.27e+05   48
907   -4.68e+05  6.27e+03   2.27e+05   48
908   -4.68e+05  6.42e+03   2.27e+05   47
909   -4.68e+05  6.54e+03   2.27e+05   47
910   -4.68e+05  6.45e+03   2.27e+05   47
911   -4.68e+05  6.27e+03   2.27e+05   48
912   -4.68e+05  6.31e+03   2.27e+05   47
913   -4.68e+05  6.3e+03   2.27e+05   47
914   -4.67e+05  6.38e+03   2.27e+05   47
915   -4.68e+05  6.38e+03   2.27e+05   47
916   -4.68e+05  6.48e+03   2.27e+05   47
917   -4.68e+05  6.54e+03   2.27e+05   47
918   -4.68e+05  6.46e+03   2.27e+05   47
919   -4.68e+05  6.56e+03   2.27e+05   47
920   -4.68e+05  6.44e+03   2.27e+05   47
921   -4.68e+05  6.19e+03   2.27e+05   48
922   -4.68e+05  6.17e+03   2.26e+05   48
923   -4.68e+05  6.17e+03   2.26e+05   47
924   -4.68e+05  6.11e+03   2.26e+05   48
925   -4.68e+05  6.09e+03   2.26e+05   47
926   -4.68e+05  5.94e+03   2.27e+05   47
927   -4.68e+05  5.76e+03   2.27e+05   47
928   -4.68e+05  5.86e+03   2.27e+05   48
929   -4.68e+05  5.68e+03   2.27e+05   48
930   -4.68e+05  5.68e+03   2.27e+05   48
931   -4.68e+05  5.57e+03   2.27e+05   47
932   -4.68e+05  5.53e+03   2.27e+05   48
933   -4.68e+05  5.58e+03   2.26e+05   47
934   -4.68e+05  5.52e+03   2.27e+05   48
935   -4.68e+05  5.5e+03   2.27e+05   48
936   -4.68e+05  5.62e+03   2.26e+05   47
937   -4.68e+05  5.6e+03   2.26e+05   48
938   -4.68e+05  5.65e+03   2.26e+05   48
939   -4.68e+05  5.63e+03   2.26e+05   47
940   -4.68e+05  5.69e+03   2.26e+05   48
941   -4.68e+05  5.61e+03   2.26e+05   47
942   -4.68e+05  5.87e+03   2.26e+05   48
943   -4.68e+05  5.96e+03   2.26e+05   47
944   -4.68e+05  6.04e+03   2.26e+05   47
945   -4.68e+05  6.15e+03   2.26e+05   48
946   -4.68e+05  6.16e+03   2.26e+05   47
947   -4.68e+05  6.03e+03   2.26e+05   47
948   -4.68e+05  5.92e+03   2.26e+05   48
949   -4.68e+05  6.05e+03   2.26e+05   47
950   -4.68e+05  6.04e+03   2.26e+05   47
951   -4.68e+05  6.02e+03   2.26e+05   48
952   -4.68e+05  5.9e+03   2.26e+05   48
953   -4.68e+05  6.14e+03   2.26e+05   48
954   -4.68e+05  6.03e+03   2.26e+05   48
955   -4.68e+05  5.92e+03   2.26e+05   48
956   -4.68e+05  5.88e+03   2.26e+05   47
957   -4.68e+05  5.68e+03   2.27e+05   48
958   -4.68e+05  5.68e+03   2.27e+05   47
959   -4.68e+05  5.79e+03   2.27e+05   47
960   -4.68e+05  5.82e+03   2.26e+05   48
961   -4.68e+05  5.81e+03   2.26e+05   47
962   -4.68e+05  5.85e+03   2.27e+05   48
963   -4.68e+05  5.71e+03   2.26e+05   47
964   -4.68e+05  5.85e+03   2.27e+05   48
965   -4.68e+05  5.78e+03   2.27e+05   47
966   -4.68e+05  5.65e+03   2.26e+05   47
967   -4.68e+05  5.73e+03   2.27e+05   47
968   -4.68e+05  5.57e+03   2.26e+05   47
969   -4.68e+05  5.71e+03   2.26e+05   48
970   -4.68e+05  5.74e+03   2.26e+05   47
971   -4.68e+05  5.65e+03   2.26e+05   47
972   -4.68e+05  5.89e+03   2.26e+05   47
973   -4.68e+05  5.97e+03   2.26e+05   48
974   -4.68e+05  6.16e+03   2.26e+05   47
975   -4.68e+05  6.19e+03   2.27e+05   47
976   -4.68e+05  6.17e+03   2.26e+05   48
977   -4.68e+05  6.23e+03   2.26e+05   48
978   -4.68e+05  6.33e+03   2.26e+05   48
979   -4.68e+05  6.23e+03   2.26e+05   47
980   -4.68e+05  6.24e+03   2.26e+05   48
981   -4.68e+05  6.54e+03   2.26e+05   47
982   -4.68e+05  6.56e+03   2.26e+05   48
983   -4.68e+05  6.61e+03   2.26e+05   47
984   -4.68e+05  6.79e+03   2.26e+05   47
985   -4.67e+05  6.85e+03   2.26e+05   48
986   -4.68e+05  7e+03   2.26e+05   47
987   -4.68e+05  6.89e+03   2.26e+05   48
988   -4.68e+05  6.82e+03   2.26e+05   48
989   -4.68e+05  7.08e+03   2.26e+05   47
990   -4.68e+05  7.1e+03   2.26e+05   47
991   -4.68e+05  7.12e+03   2.26e+05   47
992   -4.68e+05  7.18e+03   2.26e+05   48
993   -4.68e+05  7.05e+03   2.26e+05   47
994   -4.68e+05  7.18e+03   2.26e+05   48
995   -4.68e+05  7.19e+03   2.26e+05   47
996   -4.68e+05  7.21e+03   2.26e+05   47
997   -4.68e+05  7.29e+03   2.26e+05   47
998   -4.68e+05  7.19e+03   2.26e+05   48
999   -4.68e+05  7.12e+03   2.26e+05   47
1000   -4.68e+05  6.94e+03   2.26e+05   48
