#Sweep   Energia    Magn X    Magn Y
1 -1.81 0.0128 0.949
2 -1.63 0.0117 0.898
3 -1.53 0.00438 0.859
4 -1.43 0.0051 0.817
5 -1.37 -0.00867 0.788
6 -1.26 -0.00621 0.74
7 -1.21 0.00971 0.709
8 -1.15 0.00448 0.669
9 -1.08 -0.000374 0.637
10 -1.09 -0.018 0.62
11 -1.04 -0.0129 0.586
12 -0.986 -0.0117 0.555
13 -0.967 -0.00741 0.537
14 -0.955 -0.0231 0.534
15 -0.924 -0.0142 0.511
16 -0.95 -0.00635 0.502
17 -0.933 0.000234 0.491
18 -0.923 -0.0109 0.476
19 -0.908 -0.00792 0.447
20 -0.878 0.0253 0.432
21 -0.917 0.0356 0.431
22 -0.841 0.0402 0.408
23 -0.852 0.0314 0.405
24 -0.853 0.016 0.394
25 -0.875 0.018 0.38
26 -0.86 0.0261 0.369
27 -0.831 0.0237 0.364
28 -0.836 0.00258 0.369
29 -0.835 0.011 0.347
30 -0.8 -0.01 0.325
31 -0.824 -0.00888 0.332
32 -0.822 0.00635 0.326
33 -0.818 0.00431 0.313
34 -0.802 0.0124 0.283
35 -0.789 0.0206 0.279
36 -0.81 0.0144 0.268
37 -0.81 0.0132 0.265
38 -0.805 0.0161 0.272
39 -0.829 0.0196 0.271
40 -0.84 0.0184 0.257
41 -0.807 0.0131 0.246
42 -0.829 0.00648 0.23
43 -0.79 -0.000154 0.208
44 -0.795 -0.00923 0.198
45 -0.787 0.0143 0.19
46 -0.793 0.0213 0.191
47 -0.812 0.00804 0.186
48 -0.827 0.00562 0.181
49 -0.855 -0.012 0.186
50 -0.826 -0.0161 0.184
51 -0.854 -0.0298 0.195
52 -0.838 -0.0322 0.178
53 -0.842 -0.0284 0.158
54 -0.81 -0.0185 0.123
55 -0.804 0.00456 0.127
56 -0.805 0.0106 0.121
57 -0.792 -0.0102 0.125
58 -0.786 -0.0256 0.139
59 -0.794 -0.0399 0.145
60 -0.819 -0.0334 0.146
61 -0.819 -0.0308 0.125
62 -0.811 -0.0396 0.0959
63 -0.808 -0.0445 0.0932
64 -0.816 -0.0436 0.0975
65 -0.792 -0.066 0.0916
66 -0.789 -0.0593 0.0654
67 -0.807 -0.0748 0.068
68 -0.798 -0.0571 0.0606
69 -0.79 -0.0534 0.0356
70 -0.789 -0.0602 0.0267
71 -0.805 -0.0552 0.0452
72 -0.794 -0.0519 0.0342
73 -0.756 -0.0621 0.0423
74 -0.759 -0.0652 0.0296
75 -0.775 -0.0718 0.0376
76 -0.744 -0.059 0.0239
77 -0.774 -0.0531 0.0296
78 -0.79 -0.0442 0.0184
79 -0.753 -0.0219 0.029
80 -0.762 -0.00842 0.0478
81 -0.771 0.00232 0.0523
82 -0.773 0.00137 0.0615
83 -0.796 -0.00778 0.0706
84 -0.784 -0.0142 0.0495
85 -0.776 -0.00181 0.0537
86 -0.79 0.00549 0.0404
87 -0.758 0.00122 0.0422
88 -0.766 -0.00419 0.0282
89 -0.769 -0.0371 0.0346
90 -0.788 -0.0286 0.0411
91 -0.817 -0.0357 0.0437
92 -0.772 -0.0232 0.0194
93 -0.766 -0.0224 0.000111
94 -0.773 -0.0261 -0.00243
95 -0.776 0.00115 -0.0141
96 -0.795 0.0062 -0.021
97 -0.784 0.0129 0.00253
98 -0.773 0.0121 0.00309
99 -0.776 0.0141 0.0112
100 -0.791 0.0193 0.0138
101 -0.798 0.0129 0.00796
102 -0.787 0.0135 0.00881
103 -0.803 0.00251 0.0183
104 -0.781 -0.0015 0.00676
105 -0.772 -0.0126 -0.00387
106 -0.767 -0.0116 0.00372
107 -0.751 -0.00837 -0.00532
108 -0.753 -0.00568 0.0162
109 -0.778 0.00215 0.0327
110 -0.767 -0.0179 0.0137
111 -0.774 -0.0352 0.00532
112 -0.8 -0.0265 0.0275
113 -0.796 -0.0223 0.0295
114 -0.775 -0.0297 0.0156
115 -0.782 -0.0124 0.0156
116 -0.784 -0.0281 0.00115
117 -0.798 -0.0304 0.00144
118 -0.768 -0.0436 0.0131
119 -0.764 -0.0463 0.013
120 -0.774 -0.0351 0.0156
121 -0.76 -0.033 0.026
122 -0.747 -0.0438 0.0114
123 -0.752 -0.0134 0.0151
124 -0.756 0.00662 0.0124
125 -0.775 0.000985 -0.00136
126 -0.808 -0.00684 -0.00347
127 -0.819 0.0175 -0.00193
128 -0.828 0.0297 -0.0112
129 -0.845 0.0229 -0.0109
130 -0.804 0.0373 0.00802
131 -0.8 0.0283 -0.00168
132 -0.813 0.00909 0.00703
133 -0.8 -0.0103 0.00376
134 -0.81 0.0215 -0.00443
135 -0.789 0.00184 -0.000307
136 -0.799 0.0218 0.00652
137 -0.794 0.0214 0.0181
138 -0.791 0.0209 0.00587
139 -0.815 0.0198 -0.00235
140 -0.809 0.0413 0.00174
141 -0.794 0.0337 0.00113
142 -0.842 0.00708 0.00263
143 -0.846 0.0113 -0.001
144 -0.821 -0.000898 -0.0124
145 -0.802 -0.000128 -0.00897
146 -0.802 0.0147 -0.00145
147 -0.772 0.0286 0.00855
148 -0.799 0.0261 0.00534
149 -0.788 0.0258 -0.00141
150 -0.792 0.0224 0.00579
151 -0.796 0.0238 -0.00486
152 -0.785 0.0261 0.00309
153 -0.809 0.0407 -3.56e-05
154 -0.81 0.0441 -0.00097
155 -0.788 0.0485 -0.0173
156 -0.783 0.0247 -0.019
157 -0.778 0.0278 -0.0195
158 -0.781 0.0404 -0.0129
159 -0.784 0.051 -0.0226
160 -0.78 0.061 -0.0469
161 -0.776 0.051 -0.0486
162 -0.785 0.0493 -0.0496
163 -0.805 0.0398 -0.0605
164 -0.826 0.0278 -0.0599
165 -0.832 0.0176 -0.0398
166 -0.808 0.0163 -0.0397
167 -0.824 0.0241 -0.0403
168 -0.82 0.0209 -0.0404
169 -0.772 0.0115 -0.0333
170 -0.772 0.0139 -0.0184
171 -0.768 0.0238 -0.0242
172 -0.756 0.0122 -0.0207
173 -0.755 0.0183 -0.0329
174 -0.751 0.0106 -0.0301
175 -0.751 0.018 -0.0358
176 -0.75 0.035 -0.0207
177 -0.751 0.0072 -0.0318
178 -0.765 0.0153 -0.026
179 -0.737 0.0141 -0.0429
180 -0.764 -0.0173 -0.0527
181 -0.791 -0.0192 -0.0412
182 -0.797 -0.0238 -0.034
183 -0.769 -0.0364 -0.0498
184 -0.767 -0.0235 -0.0501
185 -0.77 -0.00534 -0.0596
186 -0.772 -0.0322 -0.0313
187 -0.746 -0.0656 -0.0347
188 -0.759 -0.0633 -0.0231
189 -0.781 -0.0544 -0.0226
190 -0.777 -0.081 -0.0367
191 -0.789 -0.0849 -0.0351
192 -0.773 -0.0731 -0.0518
193 -0.765 -0.0634 -0.0474
194 -0.768 -0.0556 -0.042
195 -0.778 -0.0584 -0.0509
196 -0.793 -0.0534 -0.0501
197 -0.791 -0.0397 -0.0266
198 -0.771 -0.0437 -0.0303
199 -0.76 -0.0347 -0.0393
200 -0.781 -0.0368 -0.0316
201 -0.762 -0.0232 -0.0261
202 -0.752 -0.0334 -0.00752
203 -0.76 -0.0145 -0.0204
204 -0.721 -0.0293 -0.0241
205 -0.739 -0.0439 -0.0316
206 -0.736 -0.0444 -0.0263
207 -0.733 -0.05 -0.0236
208 -0.736 -0.0484 -0.0133
209 -0.747 -0.0503 -0.0245
210 -0.765 -0.0486 -0.0193
211 -0.774 -0.0405 -0.035
212 -0.761 -0.0229 -0.037
213 -0.76 -0.0144 -0.0304
214 -0.745 -0.00127 -0.0343
215 -0.745 0.00526 -0.051
216 -0.747 0.00983 -0.0434
217 -0.78 0.00924 -0.0294
218 -0.764 -0.014 -0.00814
219 -0.742 0.000597 -0.00451
220 -0.758 -0.00337 -0.01
221 -0.77 -0.0216 -0.00671
222 -0.756 -0.0216 0.00377
223 -0.772 0.00359 -0.000221
224 -0.78 0.000229 0.0205
225 -0.773 -0.000285 0.0217
226 -0.784 -0.00519 0.00123
227 -0.798 0.0101 -0.0059
228 -0.82 0.00152 -0.0219
229 -0.781 0.00823 -0.0232
230 -0.784 0.0185 -0.0316
231 -0.783 -0.00546 -0.0255
232 -0.819 -0.0027 -0.0311
233 -0.8 -0.00531 -0.0359
234 -0.786 -0.0109 -0.0261
235 -0.801 -0.00819 -0.0233
236 -0.801 0.0063 -0.0297
237 -0.801 0.0131 -0.04
238 -0.755 -0.0017 -0.0267
239 -0.761 -0.0151 -0.0427
240 -0.766 -0.0296 -0.0475
241 -0.747 0.00522 -0.0441
242 -0.773 0.0118 -0.0478
243 -0.764 -0.0033 -0.0589
244 -0.759 0.00253 -0.0633
245 -0.741 0.0109 -0.059
246 -0.748 -0.0107 -0.0562
247 -0.735 0.000837 -0.0852
248 -0.738 -0.000498 -0.0595
249 -0.791 0.0141 -0.0387
250 -0.776 0.0418 -0.0406
251 -0.768 0.0259 -0.0621
252 -0.784 0.015 -0.0291
253 -0.762 0.0165 -0.023
254 -0.775 0.0265 -0.0174
255 -0.784 0.0336 -0.0491
256 -0.798 0.0447 -0.0526
257 -0.804 0.0371 -0.0692
258 -0.794 0.0453 -0.0535
259 -0.783 0.0423 -0.0664
260 -0.775 0.0503 -0.0559
261 -0.775 0.0474 -0.0481
262 -0.79 0.0524 -0.0283
263 -0.789 0.0487 -0.0458
264 -0.766 0.045 -0.0472
265 -0.731 0.0409 -0.0391
266 -0.727 0.044 -0.0482
267 -0.745 0.0214 -0.0434
268 -0.764 0.0115 -0.034
269 -0.774 0.0321 -0.0211
270 -0.765 0.0233 -0.0337
271 -0.786 0.037 -0.0232
272 -0.752 0.0492 -0.0371
273 -0.741 0.0547 -0.0136
274 -0.77 0.0465 -0.0108
275 -0.769 0.0509 -0.0217
276 -0.758 0.0428 -0.0355
277 -0.749 0.0365 -0.0335
278 -0.761 0.0353 -0.037
279 -0.772 0.0354 -0.0355
280 -0.781 0.0293 -0.0181
281 -0.767 0.0144 -0.0159
282 -0.778 -4.79e-05 0.0027
283 -0.786 -0.00201 0.0249
284 -0.794 -0.0111 0.0204
285 -0.803 0.0178 0.0144
286 -0.79 0.0129 0.0153
287 -0.804 0.0338 0.0213
288 -0.795 0.0203 0.00633
289 -0.805 0.00116 0.00953
290 -0.788 0.00846 0.0248
291 -0.762 0.0327 0.0282
292 -0.793 0.0479 0.0163
293 -0.804 0.0308 0.0339
294 -0.796 0.0265 0.0272
295 -0.792 0.0248 0.0454
296 -0.751 -0.00265 0.0105
297 -0.74 -0.0136 0.00919
298 -0.735 -0.0216 0.0298
299 -0.733 -0.0241 0.0132
300 -0.765 -0.0195 0.0249
301 -0.78 -0.0146 0.0329
302 -0.79 -0.0329 0.0335
303 -0.769 -0.0294 0.0497
304 -0.785 -0.0339 0.0488
305 -0.783 -0.018 0.0301
306 -0.792 -0.0428 0.0162
307 -0.801 -0.0218 0.0167
308 -0.798 -0.0427 0.0202
309 -0.794 -0.0525 0.0199
310 -0.793 -0.0608 -0.00472
311 -0.807 -0.0696 -0.0113
312 -0.801 -0.0578 -0.00363
313 -0.817 -0.0753 0.0108
314 -0.824 -0.0876 0.00818
315 -0.844 -0.0828 -0.00704
316 -0.833 -0.0601 0.00561
317 -0.83 -0.0592 0.0289
318 -0.835 -0.0694 0.0324
319 -0.837 -0.0731 0.0204
320 -0.81 -0.0571 0.0377
321 -0.804 -0.0849 0.0502
322 -0.797 -0.071 0.0478
323 -0.811 -0.0677 0.0476
324 -0.798 -0.0555 0.0516
325 -0.788 -0.0685 0.0173
326 -0.776 -0.0636 0.0257
327 -0.77 -0.0478 0.00201
328 -0.775 -0.0283 0.000349
329 -0.775 -0.0431 -0.00602
330 -0.77 -0.0527 -0.0103
331 -0.801 -0.0456 -0.0104
332 -0.787 -0.0601 -0.00752
333 -0.793 -0.0545 -0.00787
334 -0.844 -0.0573 -0.0331
335 -0.814 -0.0716 -0.0345
336 -0.786 -0.0621 -0.0263
337 -0.781 -0.062 -0.0325
338 -0.766 -0.0496 -0.0337
339 -0.774 -0.05 -0.0486
340 -0.768 -0.055 -0.054
341 -0.792 -0.0736 -0.0502
342 -0.797 -0.0464 -0.0625
343 -0.785 -0.0249 -0.0525
344 -0.777 -0.0378 -0.0626
345 -0.774 -0.0475 -0.0566
346 -0.767 -0.0413 -0.0562
347 -0.767 -0.0471 -0.0466
348 -0.734 -0.0242 -0.0738
349 -0.744 -0.0306 -0.0496
350 -0.759 -0.00813 -0.0398
351 -0.764 -0.0183 -0.0327
352 -0.759 -0.0355 -0.0401
353 -0.756 -0.0417 -0.0399
354 -0.772 -0.0489 -0.0431
355 -0.777 -0.0638 -0.0492
356 -0.762 -0.0621 -0.0305
357 -0.769 -0.0621 -0.0529
358 -0.756 -0.071 -0.0615
359 -0.765 -0.0683 -0.0512
360 -0.74 -0.0715 -0.0645
361 -0.72 -0.0717 -0.0522
362 -0.764 -0.0774 -0.0711
363 -0.794 -0.0753 -0.0515
364 -0.785 -0.0709 -0.0569
365 -0.815 -0.0771 -0.0561
366 -0.794 -0.0683 -0.0511
367 -0.775 -0.0501 -0.0448
368 -0.757 -0.0464 -0.0353
369 -0.77 -0.0305 -0.0267
370 -0.732 -0.0215 -0.0346
371 -0.751 -0.035 -0.028
372 -0.778 -0.0389 0.00199
373 -0.752 -0.0289 -0.0162
374 -0.765 -0.0291 -0.0206
375 -0.718 -0.0454 0.00369
376 -0.745 -0.0499 -0.0255
377 -0.771 -0.0574 -0.0253
378 -0.78 -0.0594 -0.0358
379 -0.805 -0.0592 -0.0215
380 -0.792 -0.0369 -0.0276
381 -0.81 -0.0506 -0.0301
382 -0.807 -0.0453 -0.0274
383 -0.838 -0.0457 -0.0156
384 -0.836 -0.046 -0.0156
385 -0.833 -0.0335 -0.01
386 -0.79 -0.0332 0.000162
387 -0.798 -0.0392 0.000238
388 -0.805 -0.0494 -0.0155
389 -0.781 -0.0235 -0.0305
390 -0.793 -0.0342 -0.000862
391 -0.763 -0.0357 -0.00525
392 -0.764 -0.0168 0.00148
393 -0.739 0.00176 0.00293
394 -0.785 0.0126 0.00765
395 -0.781 0.0185 -0.00288
396 -0.788 0.0276 0.00436
397 -0.776 0.0261 0.0133
398 -0.802 0.0271 0.0165
399 -0.794 0.0247 0.0267
400 -0.8 0.00888 0.0474
401 -0.807 0.00498 0.0482
402 -0.822 0.0158 0.0587
403 -0.805 0.0121 0.0564
404 -0.806 0.00371 0.049
405 -0.785 0.00969 0.0324
406 -0.777 -0.00632 0.022
407 -0.757 0.0175 0.0232
408 -0.763 0.0297 0.0336
409 -0.816 0.019 0.0341
410 -0.802 0.00368 0.044
411 -0.794 1e-05 0.0214
412 -0.788 -0.00845 0.0236
413 -0.769 -0.0205 0.0306
414 -0.799 -0.0219 0.038
415 -0.746 -0.0126 0.0413
416 -0.763 0.0108 0.0296
417 -0.796 -0.000203 0.0202
418 -0.745 -0.00827 0.0242
419 -0.732 -0.0161 0.00373
420 -0.773 -0.0219 0.0105
421 -0.778 -0.0254 0.0146
422 -0.777 -0.0227 0.0172
423 -0.758 -0.00967 -0.000721
424 -0.74 -0.016 0.011
425 -0.722 0.00239 0.00025
426 -0.732 0.0286 -0.0112
427 -0.726 0.0187 -0.0355
428 -0.739 0.0304 -0.00724
429 -0.747 0.0302 -0.0162
430 -0.747 0.0565 -0.0322
431 -0.756 0.0603 -0.00988
432 -0.758 0.055 -0.00838
433 -0.766 0.0574 -0.00985
434 -0.744 0.0629 -0.01
435 -0.759 0.059 -0.0301
436 -0.767 0.0455 -0.026
437 -0.767 0.0436 -0.0366
438 -0.75 0.0401 -0.0287
439 -0.756 0.0352 -0.000385
440 -0.752 0.0269 0.00603
441 -0.762 0.0313 0.0038
442 -0.807 0.015 0.012
443 -0.79 0.0138 0.00133
444 -0.762 0.0195 0.00995
445 -0.773 0.0128 -0.0122
446 -0.781 0.0288 -0.00377
447 -0.768 0.0439 0.000714
448 -0.778 0.0418 0.0114
449 -0.81 0.0529 0.000598
450 -0.794 0.0534 0.00757
451 -0.807 0.0624 0.0231
452 -0.81 0.0589 0.0194
453 -0.82 0.0507 0.0104
454 -0.778 0.058 0.0118
455 -0.796 0.0569 0.00378
456 -0.799 0.0265 -0.00123
457 -0.794 0.0435 0.0213
458 -0.782 0.0445 0.0125
459 -0.774 0.0286 0.0273
460 -0.776 0.0348 0.0302
461 -0.749 0.0399 0.034
462 -0.768 0.0453 0.0584
463 -0.769 0.0381 0.0465
464 -0.791 0.0193 0.0403
465 -0.79 0.0333 0.0183
466 -0.764 0.0163 0.0201
467 -0.781 0.00473 0.0141
468 -0.75 0.0141 -0.0105
469 -0.75 0.00225 0.00562
470 -0.771 0.00552 -0.0065
471 -0.769 -0.0059 -0.0012
472 -0.75 -0.00283 0.0194
473 -0.756 0.00345 0.02
474 -0.74 -0.0108 0.0348
475 -0.74 0.00718 0.0243
476 -0.752 0.0057 0.0134
477 -0.747 -8.12e-05 0.00869
478 -0.783 -0.02 -0.0234
479 -0.779 -0.0205 -0.0243
480 -0.772 -0.0254 -0.0224
481 -0.776 -0.0188 -0.0251
482 -0.781 -0.0306 -0.0255
483 -0.758 -0.0284 0.00161
484 -0.777 -0.00731 -0.00423
485 -0.756 -0.0189 -0.0172
486 -0.762 -0.0198 -0.0212
487 -0.782 -0.0481 -0.0384
488 -0.758 -0.02 -0.042
489 -0.757 -0.032 -0.0173
490 -0.769 -0.041 -0.0326
491 -0.781 -0.053 -0.0401
492 -0.772 -0.0605 -0.0472
493 -0.771 -0.0637 -0.0341
494 -0.752 -0.0692 -0.038
495 -0.754 -0.0568 -0.0295
496 -0.745 -0.0473 -0.0251
497 -0.772 -0.0614 -0.0307
498 -0.764 -0.0691 -0.0162
499 -0.768 -0.067 -0.0085
500 -0.757 -0.085 0.00632
501 -0.734 -0.0864 0.0171
502 -0.736 -0.0744 0.0291
503 -0.756 -0.0757 0.0384
504 -0.787 -0.0763 0.0342
505 -0.754 -0.0662 0.0334
506 -0.775 -0.0471 0.0294
507 -0.781 -0.0308 0.0377
508 -0.787 -0.0102 0.024
509 -0.782 -0.0343 0.0309
510 -0.8 -0.0205 0.0229
511 -0.775 -0.0147 0.0209
512 -0.793 -0.0112 0.0248
513 -0.78 -0.0193 0.0118
514 -0.777 -0.00424 0.0147
515 -0.775 -0.000549 0.0197
516 -0.784 0.016 0.0135
517 -0.778 0.0251 0.0164
518 -0.763 0.032 0.0119
519 -0.787 0.0436 0.00336
520 -0.794 0.0401 -0.0235
521 -0.757 0.0464 -0.034
522 -0.77 0.0437 -0.0418
523 -0.784 0.0651 -0.0227
524 -0.78 0.0495 -0.0491
525 -0.752 0.0551 -0.0356
526 -0.76 0.074 -0.0284
527 -0.788 0.0543 -0.0541
528 -0.768 0.0311 -0.0614
529 -0.779 0.0114 -0.0447
530 -0.75 0.0163 -0.0324
531 -0.732 0.0213 -0.00626
532 -0.747 0.0199 -0.0263
533 -0.758 0.0308 -0.0468
534 -0.764 0.0267 -0.047
535 -0.771 0.0402 -0.0463
536 -0.781 0.0308 -0.0441
537 -0.794 0.0268 -0.0386
538 -0.788 0.0172 -0.0362
539 -0.773 -0.00758 -0.0424
540 -0.74 0.000525 -0.0305
541 -0.777 0.00397 -0.0414
542 -0.752 0.00251 -0.0499
543 -0.754 0.0165 -0.0592
544 -0.795 0.0198 -0.0677
545 -0.77 0.00525 -0.0544
546 -0.773 -0.00769 -0.0742
547 -0.754 -0.0155 -0.0472
548 -0.756 -0.0108 -0.0445
549 -0.785 -0.0223 -0.0697
550 -0.774 -0.0259 -0.0881
551 -0.769 -0.0326 -0.0772
552 -0.76 -0.0253 -0.0469
553 -0.775 -0.00961 -0.0414
554 -0.777 -0.0169 -0.042
555 -0.804 -0.0335 -0.0199
556 -0.779 -0.0473 -0.0238
557 -0.777 -0.0276 -0.0143
558 -0.765 -0.0364 -0.0217
559 -0.769 -0.0238 -0.0377
560 -0.793 -0.0322 -0.0328
561 -0.78 -0.0349 -0.0311
562 -0.787 -0.0319 -0.0355
563 -0.796 -0.0158 -0.0295
564 -0.774 -0.0247 -0.0143
565 -0.789 -0.0483 -0.0226
566 -0.792 -0.052 -0.0246
567 -0.807 -0.0521 -0.0104
568 -0.783 -0.0423 -0.0171
569 -0.757 -0.0396 -0.0202
570 -0.793 -0.0423 -0.00507
571 -0.778 -0.0379 -0.00156
572 -0.772 -0.0245 -0.0113
573 -0.781 -0.0261 0.0149
574 -0.807 -0.0302 0.0254
575 -0.816 -0.0201 0.0195
576 -0.803 -0.00122 0.0169
577 -0.787 0.00428 0.0197
578 -0.777 -0.000685 0.0276
579 -0.786 0.0085 0.0116
580 -0.811 0.0281 0.0114
581 -0.805 0.0135 0.0137
582 -0.8 0.0207 0.0146
583 -0.794 0.0271 0.0264
584 -0.769 0.0217 0.0265
585 -0.75 0.0117 0.0266
586 -0.747 0.0146 0.0237
587 -0.778 0.0231 0.0224
588 -0.768 0.0287 0.0279
589 -0.746 0.00869 0.0372
590 -0.746 0.0171 0.0131
591 -0.746 -0.000975 -0.00339
592 -0.788 0.00114 0.000596
593 -0.776 -0.00488 -0.00253
594 -0.768 -0.0181 -0.00894
595 -0.784 -0.0357 -0.018
596 -0.779 -0.0541 -0.026
597 -0.803 -0.0586 -0.0182
598 -0.82 -0.052 -0.0468
599 -0.799 -0.0505 -0.0466
600 -0.79 -0.0421 -0.0584
601 -0.778 -0.0494 -0.0796
602 -0.78 -0.0551 -0.0625
603 -0.764 -0.0727 -0.0597
604 -0.785 -0.0812 -0.0797
605 -0.797 -0.0783 -0.0799
606 -0.754 -0.0914 -0.0677
607 -0.747 -0.0921 -0.0827
608 -0.798 -0.0938 -0.0734
609 -0.805 -0.0842 -0.0666
610 -0.8 -0.0725 -0.0441
611 -0.804 -0.0776 -0.0611
612 -0.803 -0.0728 -0.0664
613 -0.759 -0.0783 -0.0592
614 -0.754 -0.0786 -0.0673
615 -0.762 -0.0889 -0.0536
616 -0.787 -0.105 -0.0488
617 -0.794 -0.102 -0.0404
618 -0.777 -0.0891 -0.0362
619 -0.792 -0.0953 -0.039
620 -0.775 -0.0901 -0.0336
621 -0.801 -0.0843 -0.017
622 -0.788 -0.093 -0.0345
623 -0.79 -0.105 -0.0254
624 -0.808 -0.0972 -0.000927
625 -0.804 -0.098 -0.015
626 -0.787 -0.0699 -0.0107
627 -0.761 -0.077 0.00357
628 -0.745 -0.081 0.00305
629 -0.753 -0.0771 0.0126
630 -0.735 -0.0689 0.0185
631 -0.771 -0.0727 0.0283
632 -0.782 -0.0803 0.0385
633 -0.76 -0.0658 0.0316
634 -0.757 -0.0468 0.019
635 -0.764 -0.0514 0.0245
636 -0.738 -0.0328 0.00637
637 -0.71 -0.0309 -0.00246
638 -0.724 -0.0211 0.0223
639 -0.744 -0.00417 0.0396
640 -0.781 -0.017 0.0372
641 -0.76 0.00321 0.0342
642 -0.762 0.00254 0.0356
643 -0.751 0.0221 0.0492
644 -0.755 0.00762 0.0174
645 -0.76 0.00416 0.0312
646 -0.765 0.0115 0.042
647 -0.74 0.0148 0.06
648 -0.749 0.0181 0.0454
649 -0.768 -0.00316 0.0367
650 -0.742 0.00208 0.0391
651 -0.729 0.0126 0.0308
652 -0.734 0.00557 0.0284
653 -0.759 0.00748 0.0351
654 -0.758 0.000659 0.0515
655 -0.782 0.0145 0.0472
656 -0.776 0.0126 0.0444
657 -0.753 0.0173 0.042
658 -0.753 0.0158 0.0525
659 -0.745 0.0276 0.0336
660 -0.775 0.0357 0.0166
661 -0.77 0.0234 0.00606
662 -0.773 0.0126 0.0112
663 -0.775 0.021 0.00667
664 -0.773 0.0016 0.00241
665 -0.779 0.0258 0.017
666 -0.749 0.00691 0.0103
667 -0.767 0.0177 0.011
668 -0.772 0.00147 0.0177
669 -0.75 -0.0295 0.0212
670 -0.787 -0.037 0.0234
671 -0.767 -0.0349 0.00757
672 -0.784 -0.0181 0.00291
673 -0.814 -0.00205 -0.00734
674 -0.792 -0.00637 -0.0132
675 -0.792 0.000517 -0.0271
676 -0.797 0.000195 -0.0106
677 -0.771 -0.00941 -0.00113
678 -0.761 -0.00158 -0.0189
679 -0.76 -0.0116 -0.00787
680 -0.755 -0.0256 -0.00255
681 -0.787 -0.0123 0.0183
682 -0.805 -0.00839 0.0226
683 -0.795 -0.0313 0.0313
684 -0.808 -0.0196 0.0296
685 -0.8 -0.0367 0.0495
686 -0.808 -0.0382 0.0698
687 -0.798 -0.0426 0.0718
688 -0.804 -0.017 0.0767
689 -0.823 -0.0194 0.0817
690 -0.797 -0.00279 0.0764
691 -0.789 -0.000769 0.0748
692 -0.794 -0.00818 0.071
693 -0.775 -0.0211 0.065
694 -0.786 -0.0299 0.0584
695 -0.776 -0.0512 0.0597
696 -0.781 -0.0548 0.0602
697 -0.786 -0.0637 0.0358
698 -0.788 -0.0372 0.0219
699 -0.792 -0.0319 0.0417
700 -0.791 -0.0366 0.0596
701 -0.787 -0.0415 0.0605
702 -0.795 -0.0262 0.0782
703 -0.787 -0.0277 0.067
704 -0.785 -0.0391 0.0744
705 -0.799 -0.0409 0.0646
706 -0.794 -0.0406 0.0698
707 -0.813 -0.0122 0.0857
708 -0.793 -0.0154 0.0865
709 -0.75 -0.0131 0.0702
710 -0.752 -0.00113 0.0544
711 -0.781 0.00726 0.0676
712 -0.789 -0.015 0.0671
713 -0.798 -0.012 0.054
714 -0.807 -0.00103 0.0556
715 -0.789 -0.00554 0.0512
716 -0.817 -0.0201 0.0487
717 -0.801 -0.0133 0.0402
718 -0.81 0.00231 0.0264
719 -0.805 -0.0123 0.0343
720 -0.837 -0.00862 0.0424
721 -0.806 -0.0272 0.0543
722 -0.8 -0.0167 0.0443
723 -0.776 -0.031 0.0476
724 -0.815 -0.0397 0.0706
725 -0.816 -0.0207 0.0444
726 -0.821 -0.0225 0.0308
727 -0.801 -0.0231 0.0549
728 -0.804 -0.023 0.0448
729 -0.803 -0.0166 0.0534
730 -0.792 -0.0151 0.0523
731 -0.792 0.0117 0.0627
732 -0.793 0.00819 0.0528
733 -0.752 0.0215 0.027
734 -0.758 0.0158 0.0217
735 -0.775 0.0137 0.0209
736 -0.776 -0.0201 0.0291
737 -0.772 -0.0332 0.0298
738 -0.806 -0.0369 0.0222
739 -0.792 -0.0343 0.0217
740 -0.805 -0.0472 0.0194
741 -0.805 -0.075 0.0017
742 -0.773 -0.0896 0.0118
743 -0.754 -0.0955 -0.00886
744 -0.748 -0.0846 0.000144
745 -0.751 -0.0777 0.0117
746 -0.756 -0.102 0.00796
747 -0.766 -0.111 -0.00151
748 -0.746 -0.0863 0.000281
749 -0.764 -0.0849 0.0196
750 -0.746 -0.0893 0.0279
751 -0.774 -0.085 0.0208
752 -0.767 -0.0703 0.0308
753 -0.738 -0.083 0.0269
754 -0.723 -0.0879 0.0179
755 -0.71 -0.0806 0.0122
756 -0.744 -0.093 0.0145
757 -0.75 -0.0938 0.0235
758 -0.738 -0.0892 0.0195
759 -0.745 -0.0823 -0.00437
760 -0.745 -0.0847 0.00647
761 -0.758 -0.0871 0.0214
762 -0.734 -0.0897 0.0269
763 -0.764 -0.0879 0.0356
764 -0.729 -0.0907 0.0367
765 -0.743 -0.102 0.0369
766 -0.758 -0.118 0.028
767 -0.774 -0.105 0.0297
768 -0.776 -0.113 0.0053
769 -0.802 -0.0896 0.0124
770 -0.792 -0.0791 0.00588
771 -0.788 -0.092 0.0214
772 -0.824 -0.0675 0.0396
773 -0.804 -0.0441 0.0376
774 -0.796 -0.0484 0.0145
775 -0.8 -0.0557 0.0158
776 -0.793 -0.0739 0.000765
777 -0.791 -0.059 -0.00704
778 -0.769 -0.0579 -0.00126
779 -0.765 -0.0736 -0.0231
780 -0.731 -0.0604 -0.00981
781 -0.727 -0.0464 -0.0201
782 -0.767 -0.0516 -0.0303
783 -0.773 -0.0489 -0.0131
784 -0.781 -0.0358 -0.00402
785 -0.771 -0.0315 -0.0062
786 -0.784 -0.0427 -0.0218
787 -0.75 -0.0241 -0.0326
788 -0.77 -0.0323 -0.0532
789 -0.781 -0.0235 -0.0468
790 -0.763 -0.0279 -0.0582
791 -0.771 -0.0221 -0.0646
792 -0.778 -0.022 -0.0661
793 -0.782 -0.0312 -0.0691
794 -0.787 -0.0171 -0.0891
795 -0.799 -0.0146 -0.0974
796 -0.824 -0.00594 -0.0931
797 -0.8 -0.0374 -0.0919
798 -0.797 -0.0253 -0.112
799 -0.812 -0.0182 -0.0928
800 -0.814 -0.0123 -0.083
801 -0.815 -0.0203 -0.0889
802 -0.789 -0.0262 -0.0769
803 -0.814 -0.0141 -0.0798
804 -0.81 0.0187 -0.0832
805 -0.803 0.0369 -0.0737
806 -0.784 0.0338 -0.0949
807 -0.787 0.0342 -0.0832
808 -0.812 0.034 -0.0581
809 -0.804 0.0335 -0.0705
810 -0.78 0.0308 -0.0548
811 -0.767 0.0316 -0.0538
812 -0.773 0.0432 -0.037
813 -0.775 0.0615 -0.0253
814 -0.756 0.0733 -0.0187
815 -0.762 0.0689 -0.00626
816 -0.763 0.0653 0.00349
817 -0.754 0.051 0.00365
818 -0.748 0.0507 0.0183
819 -0.764 0.0353 0.0326
820 -0.769 0.0336 0.0471
821 -0.736 0.0344 0.0411
822 -0.744 0.0358 0.0512
823 -0.769 0.0426 0.0583
824 -0.76 0.03 0.0451
825 -0.762 0.0313 0.0439
826 -0.759 0.046 0.0465
827 -0.749 0.0378 0.0386
828 -0.751 0.0138 0.035
829 -0.742 -0.00229 0.0374
830 -0.743 -0.00524 0.048
831 -0.739 -0.00943 0.0581
832 -0.771 0.013 0.0771
833 -0.751 0.047 0.0613
834 -0.747 0.0523 0.0875
835 -0.776 0.0598 0.0842
836 -0.761 0.0652 0.0707
837 -0.758 0.0651 0.084
838 -0.755 0.0648 0.0951
839 -0.74 0.0466 0.0678
840 -0.773 0.0512 0.0841
841 -0.785 0.0408 0.0923
842 -0.768 0.0571 0.0763
843 -0.769 0.0363 0.0757
844 -0.788 0.0221 0.0777
845 -0.812 0.0391 0.0767
846 -0.814 0.0192 0.0772
847 -0.804 0.00278 0.0664
848 -0.814 0.00344 0.0486
849 -0.806 0.0232 0.0468
850 -0.859 0.027 0.0497
851 -0.856 0.0303 0.0648
852 -0.851 0.0346 0.0641
853 -0.823 0.018 0.0522
854 -0.827 0.00276 0.0588
855 -0.827 0.00392 0.0513
856 -0.8 0.0187 0.0393
857 -0.792 0.0157 0.0462
858 -0.807 0.0278 0.0492
859 -0.808 0.0223 0.0504
860 -0.803 0.0316 0.0327
861 -0.772 0.0239 0.0251
862 -0.772 0.0238 0.0386
863 -0.759 0.0258 0.0346
864 -0.777 0.0113 0.0689
865 -0.774 0.00875 0.068
866 -0.785 0.0126 0.0318
867 -0.754 -0.0217 0.0287
868 -0.753 -0.0139 0.0377
869 -0.721 -0.0228 0.0283
870 -0.76 -0.041 0.00835
871 -0.751 -0.0271 -0.00118
872 -0.768 -0.0264 -0.0215
873 -0.78 -0.0266 -0.0245
874 -0.79 -0.0307 -0.0493
875 -0.775 -0.0466 -0.0463
876 -0.769 -0.0539 -0.0568
877 -0.76 -0.0351 -0.054
878 -0.752 -0.00696 -0.0628
879 -0.738 -0.0037 -0.0681
880 -0.74 -0.000918 -0.0482
881 -0.752 -0.00531 -0.0385
882 -0.771 0.014 -0.0327
883 -0.781 -0.0225 -0.0158
884 -0.741 -0.0128 -0.00952
885 -0.738 -0.0235 -0.000489
886 -0.765 -0.037 0.017
887 -0.765 -0.0249 0.0146
888 -0.796 -0.0254 0.0234
889 -0.755 -0.0105 0.0262
890 -0.763 0.0176 0.0368
891 -0.742 -0.00108 0.0388
892 -0.796 0.0255 0.0309
893 -0.784 0.00856 0.0253
894 -0.782 0.00363 0.0232
895 -0.782 0.0124 0.0105
896 -0.799 0.0215 0.0102
897 -0.774 0.00586 0.00998
898 -0.759 -0.00185 0.0171
899 -0.773 0.0113 0.0138
900 -0.73 0.031 0.0147
901 -0.735 0.0272 0.0211
902 -0.752 0.0186 0.0182
903 -0.74 -0.0115 0.0289
904 -0.765 -0.019 0.0213
905 -0.748 -0.0226 0.0124
906 -0.773 -0.0271 0.0232
907 -0.765 -0.0193 0.00111
908 -0.762 -0.0173 -0.0152
909 -0.79 -0.0386 -0.0169
910 -0.772 -0.0295 -0.00154
911 -0.753 -0.0265 -0.00198
912 -0.756 -0.0183 -0.0315
913 -0.735 -0.0149 -0.0337
914 -0.745 -0.0185 -0.023
915 -0.734 0.00215 -0.00651
916 -0.737 -0.00472 0.0149
917 -0.718 0.00386 0.0286
918 -0.742 -0.000226 0.0215
919 -0.747 0.0128 0.0133
920 -0.777 0.00973 0.0164
921 -0.774 0.0163 0.012
922 -0.786 0.0109 0.027
923 -0.796 0.0025 0.0304
924 -0.79 0.0167 0.0233
925 -0.815 0.0163 0.021
926 -0.802 0.0165 0.00333
927 -0.784 0.0121 0.014
928 -0.788 0.0352 0.0191
929 -0.783 0.0549 0.0159
930 -0.785 0.0681 0.00774
931 -0.792 0.0829 -0.00263
932 -0.812 0.088 0.00344
933 -0.811 0.0802 0.0164
934 -0.8 0.0692 0.00852
935 -0.8 0.0841 0.0139
936 -0.817 0.0825 0.0329
937 -0.809 0.0893 0.0171
938 -0.784 0.09 0.0331
939 -0.772 0.0881 0.0435
940 -0.768 0.0834 0.0438
941 -0.748 0.093 0.0461
942 -0.772 0.103 0.051
943 -0.746 0.0948 0.0373
944 -0.77 0.102 0.038
945 -0.764 0.13 0.034
946 -0.767 0.0931 0.0375
947 -0.778 0.0816 0.0408
948 -0.772 0.0896 0.0362
949 -0.776 0.0875 0.0297
950 -0.808 0.0727 0.0275
951 -0.778 0.08 0.009
952 -0.781 0.0641 0.0042
953 -0.77 0.0563 0.00372
954 -0.762 0.0468 -0.000218
955 -0.774 0.0439 -0.00296
956 -0.759 0.036 -0.0304
957 -0.753 0.0342 -0.0203
958 -0.774 0.0336 -0.0134
959 -0.766 0.0248 -0.0119
960 -0.769 -0.00107 -0.0158
961 -0.785 -0.0163 0.00983
962 -0.779 -0.021 0.00125
963 -0.764 -0.0368 0.00516
964 -0.772 -0.0387 0.0256
965 -0.767 -0.0257 0.0139
966 -0.78 -0.0276 -0.000699
967 -0.802 -0.0268 -0.0114
968 -0.737 -0.0259 -0.00362
969 -0.733 -0.0203 -0.00751
970 -0.736 -0.0138 -0.00888
971 -0.758 -0.000197 0.00617
972 -0.776 -0.0063 0.00727
973 -0.753 0.0247 0.0326
974 -0.748 0.0127 0.0418
975 -0.747 0.028 0.0461
976 -0.749 0.0373 0.0467
977 -0.739 0.0273 0.0452
978 -0.768 0.0221 0.023
979 -0.773 0.031 0.00902
980 -0.763 0.0449 -0.0025
981 -0.728 0.031 -0.00776
982 -0.753 0.057 -0.0109
983 -0.758 0.0498 -0.00545
984 -0.755 0.0385 0.00643
985 -0.759 0.0428 0.0138
986 -0.773 0.0436 0.0195
987 -0.764 0.0517 0.0366
988 -0.796 0.0465 0.0235
989 -0.749 0.0302 0.0248
990 -0.762 0.0359 0.0307
991 -0.749 0.024 0.0291
992 -0.766 0.0244 0.0338
993 -0.758 0.023 0.0471
994 -0.762 0.0337 0.053
995 -0.79 0.0469 0.0477
996 -0.806 0.0604 0.0475
997 -0.809 0.045 0.018
998 -0.775 0.0417 0.0172
999 -0.787 0.0638 0.0264
1000 -0.802 0.0732 0.0307
