***************************************
*           Modello XY                *
*      Simulazione Monte Carlo        *
***************************************

Parametri simulativi:

Lato reticolo:           300
Temperatura:             0.75
Beta:                    1.33
J:                       1
Delta:                   1.4
Numero blocchi           1
Lunghezza simulazione:   1000
Fase di termalizzazione: -1



Numero mossa   Energia    Magnetizzazione X    Magnetizzazione Y    Acc. rate
1   -1.69e+05  -27.2   8.69e+04   41
2   -1.61e+05  -3.45   8.45e+04   44
3   -1.56e+05  -84.8   8.26e+04   46
4   -1.53e+05  -15.4   8.11e+04   48
5   -1.51e+05  -107   7.99e+04   48
6   -1.49e+05  -168   7.89e+04   49
7   -1.47e+05  -185   7.8e+04   49
8   -1.46e+05  -227   7.74e+04   49
9   -1.45e+05  -60   7.67e+04   49
10   -1.45e+05  -64.9   7.63e+04   49
11   -1.44e+05  -14.4   7.58e+04   49
12   -1.44e+05  206   7.55e+04   50
13   -1.44e+05  343   7.52e+04   50
14   -1.44e+05  304   7.5e+04   50
15   -1.43e+05  72   7.48e+04   50
16   -1.43e+05  45.7   7.46e+04   50
17   -1.43e+05  220   7.44e+04   49
18   -1.43e+05  321   7.42e+04   49
19   -1.43e+05  217   7.39e+04   50
20   -1.43e+05  314   7.36e+04   50
21   -1.42e+05  206   7.34e+04   50
22   -1.42e+05  93.9   7.33e+04   50
23   -1.42e+05  46.8   7.31e+04   50
24   -1.42e+05  16.4   7.3e+04   50
25   -1.42e+05  -51.7   7.27e+04   49
26   -1.42e+05  -24.1   7.25e+04   50
27   -1.42e+05  195   7.24e+04   50
28   -1.42e+05  68.1   7.23e+04   50
29   -1.42e+05  61.9   7.22e+04   50
30   -1.42e+05  165   7.21e+04   50
31   -1.42e+05  145   7.2e+04   50
32   -1.42e+05  12.7   7.2e+04   50
33   -1.42e+05  85.4   7.19e+04   50
34   -1.42e+05  130   7.17e+04   50
35   -1.42e+05  117   7.16e+04   50
36   -1.42e+05  171   7.16e+04   50
37   -1.42e+05  137   7.15e+04   50
38   -1.42e+05  267   7.14e+04   50
39   -1.42e+05  440   7.13e+04   50
40   -1.41e+05  547   7.12e+04   50
41   -1.41e+05  650   7.11e+04   50
42   -1.41e+05  431   7.1e+04   50
43   -1.41e+05  538   7.1e+04   50
44   -1.41e+05  786   7.09e+04   50
45   -1.41e+05  787   7.08e+04   50
46   -1.41e+05  719   7.07e+04   50
47   -1.41e+05  639   7.07e+04   50
48   -1.41e+05  385   7.07e+04   50
49   -1.41e+05  327   7.06e+04   50
50   -1.41e+05  400   7.05e+04   50
51   -1.41e+05  221   7.05e+04   50
52   -1.42e+05  356   7.05e+04   49
53   -1.42e+05  261   7.05e+04   50
54   -1.42e+05  342   7.04e+04   50
55   -1.41e+05  222   7.03e+04   50
56   -1.42e+05  269   7.03e+04   50
57   -1.42e+05  272   7.03e+04   49
58   -1.41e+05  213   7.03e+04   50
59   -1.41e+05  18.8   7.03e+04   50
60   -1.41e+05  -34.9   7.01e+04   50
61   -1.41e+05  86.2   7e+04   50
62   -1.41e+05  -13.5   7.01e+04   50
63   -1.41e+05  -246   7e+04   50
64   -1.41e+05  -119   7e+04   50
65   -1.41e+05  -113   6.99e+04   50
66   -1.41e+05  -225   6.98e+04   50
67   -1.41e+05  -465   6.99e+04   50
68   -1.41e+05  -417   6.99e+04   50
69   -1.41e+05  -429   6.98e+04   50
70   -1.41e+05  -362   6.98e+04   50
71   -1.41e+05  -307   6.97e+04   50
72   -1.41e+05  -447   6.97e+04   50
73   -1.41e+05  -400   6.97e+04   50
74   -1.41e+05  -802   6.96e+04   50
75   -1.41e+05  -693   6.97e+04   50
76   -1.41e+05  -824   6.97e+04   50
77   -1.41e+05  -761   6.97e+04   50
78   -1.41e+05  -767   6.96e+04   50
79   -1.41e+05  -759   6.94e+04   50
80   -1.41e+05  -688   6.94e+04   50
81   -1.41e+05  -551   6.93e+04   50
82   -1.41e+05  -573   6.92e+04   50
83   -1.41e+05  -511   6.92e+04   50
84   -1.41e+05  -536   6.92e+04   50
85   -1.41e+05  -557   6.91e+04   50
86   -1.41e+05  -417   6.92e+04   50
87   -1.41e+05  -402   6.91e+04   50
88   -1.41e+05  -479   6.91e+04   50
89   -1.41e+05  -426   6.91e+04   50
90   -1.41e+05  -446   6.9e+04   50
91   -1.41e+05  -434   6.9e+04   50
92   -1.41e+05  -355   6.89e+04   50
93   -1.41e+05  -370   6.9e+04   50
94   -1.41e+05  -545   6.88e+04   50
95   -1.41e+05  -644   6.88e+04   50
96   -1.41e+05  -812   6.87e+04   50
97   -1.41e+05  -842   6.87e+04   50
98   -1.41e+05  -874   6.87e+04   50
99   -1.41e+05  -771   6.86e+04   50
100   -1.41e+05  -727   6.85e+04   50
101   -1.41e+05  -641   6.85e+04   50
102   -1.41e+05  -579   6.85e+04   50
103   -1.41e+05  -446   6.85e+04   50
104   -1.41e+05  -248   6.85e+04   50
105   -1.41e+05  -391   6.86e+04   50
106   -1.41e+05  -362   6.86e+04   50
107   -1.41e+05  -420   6.86e+04   50
108   -1.41e+05  -425   6.84e+04   50
109   -1.41e+05  -542   6.83e+04   50
110   -1.41e+05  -558   6.83e+04   50
111   -1.41e+05  -533   6.83e+04   49
112   -1.41e+05  -413   6.82e+04   50
113   -1.41e+05  -437   6.82e+04   50
114   -1.41e+05  -457   6.83e+04   50
115   -1.41e+05  -529   6.83e+04   50
116   -1.41e+05  -620   6.83e+04   50
117   -1.41e+05  -596   6.82e+04   50
118   -1.41e+05  -642   6.83e+04   50
119   -1.41e+05  -640   6.82e+04   50
120   -1.41e+05  -716   6.83e+04   50
121   -1.41e+05  -872   6.84e+04   50
122   -1.41e+05  -858   6.83e+04   50
123   -1.41e+05  -878   6.83e+04   50
124   -1.41e+05  -989   6.83e+04   50
125   -1.41e+05  -862   6.83e+04   50
126   -1.41e+05  -838   6.82e+04   50
127   -1.41e+05  -717   6.82e+04   50
128   -1.41e+05  -743   6.83e+04   50
129   -1.41e+05  -806   6.82e+04   50
130   -1.41e+05  -764   6.81e+04   50
131   -1.42e+05  -870   6.81e+04   50
132   -1.41e+05  -853   6.8e+04   50
133   -1.41e+05  -952   6.8e+04   50
134   -1.41e+05  -919   6.8e+04   50
135   -1.41e+05  -982   6.8e+04   50
136   -1.41e+05  -1.06e+03   6.8e+04   50
137   -1.41e+05  -1.23e+03   6.79e+04   50
138   -1.41e+05  -1.21e+03   6.78e+04   50
139   -1.41e+05  -1.12e+03   6.78e+04   50
140   -1.41e+05  -1.01e+03   6.77e+04   50
141   -1.41e+05  -967   6.75e+04   50
142   -1.41e+05  -767   6.75e+04   50
143   -1.41e+05  -901   6.76e+04   50
144   -1.41e+05  -975   6.76e+04   50
145   -1.41e+05  -1.08e+03   6.75e+04   50
146   -1.41e+05  -1.28e+03   6.74e+04   50
147   -1.41e+05  -1.2e+03   6.75e+04   50
148   -1.41e+05  -1.29e+03   6.74e+04   50
149   -1.41e+05  -1.15e+03   6.73e+04   50
150   -1.41e+05  -1.16e+03   6.73e+04   50
151   -1.41e+05  -1.18e+03   6.71e+04   50
152   -1.41e+05  -1.25e+03   6.72e+04   50
153   -1.41e+05  -1.15e+03   6.71e+04   50
154   -1.41e+05  -1.17e+03   6.72e+04   50
155   -1.41e+05  -1.17e+03   6.72e+04   50
156   -1.41e+05  -1.21e+03   6.72e+04   50
157   -1.41e+05  -1.22e+03   6.72e+04   50
158   -1.41e+05  -1.3e+03   6.72e+04   50
159   -1.41e+05  -1.07e+03   6.71e+04   50
160   -1.41e+05  -1.03e+03   6.71e+04   50
161   -1.41e+05  -1.1e+03   6.72e+04   50
162   -1.41e+05  -1.13e+03   6.7e+04   50
163   -1.41e+05  -1.15e+03   6.7e+04   50
164   -1.41e+05  -1.16e+03   6.7e+04   50
165   -1.41e+05  -1.25e+03   6.69e+04   50
166   -1.41e+05  -1.45e+03   6.68e+04   50
167   -1.41e+05  -1.52e+03   6.67e+04   50
168   -1.41e+05  -1.43e+03   6.67e+04   50
169   -1.41e+05  -1.37e+03   6.68e+04   50
170   -1.41e+05  -1.51e+03   6.67e+04   50
171   -1.41e+05  -1.19e+03   6.68e+04   50
172   -1.41e+05  -1.24e+03   6.68e+04   50
173   -1.41e+05  -1.27e+03   6.69e+04   50
174   -1.41e+05  -1.23e+03   6.67e+04   50
175   -1.41e+05  -1.35e+03   6.68e+04   50
176   -1.41e+05  -1.22e+03   6.67e+04   50
177   -1.41e+05  -1.14e+03   6.67e+04   50
178   -1.41e+05  -1.19e+03   6.67e+04   50
179   -1.41e+05  -1.12e+03   6.65e+04   50
180   -1.41e+05  -1.18e+03   6.64e+04   50
181   -1.41e+05  -1.22e+03   6.65e+04   50
182   -1.41e+05  -1.11e+03   6.63e+04   50
183   -1.41e+05  -1.05e+03   6.63e+04   50
184   -1.41e+05  -1.11e+03   6.63e+04   50
185   -1.41e+05  -1.05e+03   6.62e+04   50
186   -1.41e+05  -1.12e+03   6.62e+04   50
187   -1.41e+05  -1.11e+03   6.61e+04   50
188   -1.41e+05  -1.02e+03   6.61e+04   50
189   -1.41e+05  -1.05e+03   6.61e+04   50
190   -1.41e+05  -980   6.61e+04   50
191   -1.41e+05  -1.01e+03   6.61e+04   50
192   -1.41e+05  -1.34e+03   6.62e+04   50
193   -1.41e+05  -1.33e+03   6.61e+04   50
194   -1.41e+05  -1.34e+03   6.61e+04   50
195   -1.41e+05  -1.34e+03   6.6e+04   50
196   -1.41e+05  -1.35e+03   6.6e+04   50
197   -1.41e+05  -1.3e+03   6.6e+04   50
198   -1.41e+05  -1.32e+03   6.61e+04   50
199   -1.41e+05  -1.3e+03   6.6e+04   50
200   -1.41e+05  -1.3e+03   6.61e+04   50
201   -1.41e+05  -1.33e+03   6.62e+04   50
202   -1.41e+05  -1.29e+03   6.62e+04   50
203   -1.41e+05  -1.24e+03   6.62e+04   50
204   -1.41e+05  -1.34e+03   6.62e+04   50
205   -1.41e+05  -1.27e+03   6.6e+04   50
206   -1.41e+05  -1.3e+03   6.6e+04   50
207   -1.41e+05  -1.31e+03   6.59e+04   50
208   -1.4e+05  -1.16e+03   6.59e+04   50
209   -1.4e+05  -1.32e+03   6.59e+04   50
210   -1.41e+05  -1.24e+03   6.6e+04   50
211   -1.41e+05  -1.3e+03   6.6e+04   50
212   -1.41e+05  -1.36e+03   6.6e+04   50
213   -1.41e+05  -1.49e+03   6.6e+04   50
214   -1.41e+05  -1.49e+03   6.6e+04   50
215   -1.41e+05  -1.44e+03   6.6e+04   50
216   -1.41e+05  -1.51e+03   6.62e+04   50
217   -1.41e+05  -1.32e+03   6.62e+04   50
218   -1.41e+05  -1.3e+03   6.63e+04   50
219   -1.41e+05  -1.28e+03   6.62e+04   50
220   -1.41e+05  -1.26e+03   6.61e+04   50
221   -1.41e+05  -1.27e+03   6.6e+04   50
222   -1.41e+05  -1.09e+03   6.6e+04   50
223   -1.41e+05  -1.13e+03   6.6e+04   50
224   -1.41e+05  -1.09e+03   6.6e+04   50
225   -1.41e+05  -1.04e+03   6.6e+04   50
226   -1.41e+05  -1.04e+03   6.6e+04   50
227   -1.41e+05  -963   6.61e+04   50
228   -1.41e+05  -1.13e+03   6.6e+04   50
229   -1.41e+05  -1.34e+03   6.6e+04   50
230   -1.41e+05  -1.5e+03   6.6e+04   50
231   -1.41e+05  -1.55e+03   6.6e+04   50
232   -1.41e+05  -1.42e+03   6.59e+04   50
233   -1.41e+05  -1.44e+03   6.58e+04   50
234   -1.41e+05  -1.47e+03   6.58e+04   50
235   -1.41e+05  -1.29e+03   6.59e+04   50
236   -1.41e+05  -1.46e+03   6.57e+04   49
237   -1.41e+05  -1.41e+03   6.56e+04   50
238   -1.41e+05  -1.45e+03   6.57e+04   50
239   -1.41e+05  -1.4e+03   6.57e+04   50
240   -1.41e+05  -1.4e+03   6.56e+04   50
241   -1.41e+05  -1.42e+03   6.57e+04   50
242   -1.41e+05  -1.37e+03   6.57e+04   50
243   -1.41e+05  -1.41e+03   6.57e+04   50
244   -1.41e+05  -1.42e+03   6.56e+04   50
245   -1.41e+05  -1.34e+03   6.55e+04   50
246   -1.41e+05  -1.22e+03   6.56e+04   50
247   -1.41e+05  -1.28e+03   6.55e+04   50
248   -1.41e+05  -1.35e+03   6.54e+04   50
249   -1.41e+05  -1.44e+03   6.55e+04   50
250   -1.41e+05  -1.32e+03   6.57e+04   50
251   -1.41e+05  -1.26e+03   6.58e+04   50
252   -1.41e+05  -1.36e+03   6.58e+04   50
253   -1.41e+05  -1.32e+03   6.57e+04   50
254   -1.41e+05  -1.44e+03   6.56e+04   50
255   -1.41e+05  -1.54e+03   6.55e+04   50
256   -1.41e+05  -1.7e+03   6.56e+04   50
257   -1.41e+05  -1.69e+03   6.56e+04   50
258   -1.41e+05  -1.73e+03   6.55e+04   50
259   -1.41e+05  -1.88e+03   6.56e+04   50
260   -1.41e+05  -2.02e+03   6.55e+04   50
261   -1.41e+05  -2.05e+03   6.55e+04   50
262   -1.41e+05  -1.95e+03   6.54e+04   50
263   -1.41e+05  -1.95e+03   6.53e+04   50
264   -1.41e+05  -1.91e+03   6.54e+04   50
265   -1.41e+05  -2.05e+03   6.56e+04   50
266   -1.41e+05  -2.02e+03   6.56e+04   50
267   -1.41e+05  -2.19e+03   6.56e+04   50
268   -1.41e+05  -2.06e+03   6.56e+04   50
269   -1.41e+05  -1.95e+03   6.55e+04   50
270   -1.41e+05  -1.97e+03   6.54e+04   50
271   -1.41e+05  -1.94e+03   6.54e+04   50
272   -1.41e+05  -1.92e+03   6.53e+04   50
273   -1.41e+05  -1.88e+03   6.53e+04   50
274   -1.41e+05  -2.02e+03   6.53e+04   50
275   -1.41e+05  -2.14e+03   6.53e+04   50
276   -1.41e+05  -2.17e+03   6.53e+04   50
277   -1.41e+05  -2.15e+03   6.54e+04   50
278   -1.41e+05  -2.03e+03   6.55e+04   50
279   -1.41e+05  -1.91e+03   6.55e+04   50
280   -1.41e+05  -1.88e+03   6.55e+04   50
281   -1.41e+05  -1.95e+03   6.55e+04   50
282   -1.41e+05  -2.05e+03   6.55e+04   50
283   -1.41e+05  -2.09e+03   6.55e+04   50
284   -1.41e+05  -2.19e+03   6.54e+04   50
285   -1.41e+05  -2.23e+03   6.54e+04   49
286   -1.41e+05  -2.22e+03   6.54e+04   50
287   -1.41e+05  -2.32e+03   6.54e+04   50
288   -1.41e+05  -2.14e+03   6.54e+04   50
289   -1.41e+05  -1.98e+03   6.53e+04   50
290   -1.41e+05  -1.86e+03   6.54e+04   50
291   -1.41e+05  -1.96e+03   6.55e+04   50
292   -1.41e+05  -2.01e+03   6.55e+04   50
293   -1.41e+05  -1.93e+03   6.54e+04   50
294   -1.41e+05  -1.78e+03   6.55e+04   50
295   -1.41e+05  -1.63e+03   6.54e+04   50
296   -1.41e+05  -1.71e+03   6.54e+04   50
297   -1.41e+05  -1.87e+03   6.54e+04   50
298   -1.41e+05  -1.67e+03   6.53e+04   50
299   -1.41e+05  -1.8e+03   6.53e+04   50
300   -1.41e+05  -1.74e+03   6.52e+04   50
301   -1.41e+05  -1.87e+03   6.52e+04   50
302   -1.4e+05  -1.85e+03   6.53e+04   50
303   -1.41e+05  -1.72e+03   6.53e+04   50
304   -1.41e+05  -1.76e+03   6.54e+04   50
305   -1.41e+05  -1.81e+03   6.54e+04   50
306   -1.41e+05  -1.89e+03   6.54e+04   50
307   -1.41e+05  -1.84e+03   6.53e+04   50
308   -1.41e+05  -1.76e+03   6.52e+04   50
309   -1.41e+05  -1.72e+03   6.53e+04   50
310   -1.41e+05  -1.68e+03   6.54e+04   50
311   -1.41e+05  -1.6e+03   6.54e+04   50
312   -1.41e+05  -1.67e+03   6.55e+04   50
313   -1.41e+05  -1.81e+03   6.55e+04   50
314   -1.41e+05  -1.81e+03   6.55e+04   50
315   -1.41e+05  -1.74e+03   6.55e+04   50
316   -1.41e+05  -1.94e+03   6.56e+04   50
317   -1.41e+05  -2.01e+03   6.54e+04   50
318   -1.41e+05  -2.01e+03   6.54e+04   50
319   -1.41e+05  -2.07e+03   6.53e+04   50
320   -1.41e+05  -1.96e+03   6.53e+04   50
321   -1.41e+05  -1.81e+03   6.53e+04   50
322   -1.41e+05  -1.84e+03   6.54e+04   50
323   -1.41e+05  -1.7e+03   6.54e+04   50
324   -1.41e+05  -1.51e+03   6.53e+04   50
325   -1.41e+05  -1.62e+03   6.53e+04   50
326   -1.41e+05  -1.72e+03   6.53e+04   50
327   -1.41e+05  -1.65e+03   6.53e+04   50
328   -1.41e+05  -1.7e+03   6.52e+04   50
329   -1.41e+05  -1.75e+03   6.53e+04   50
330   -1.41e+05  -1.92e+03   6.53e+04   50
331   -1.41e+05  -1.89e+03   6.52e+04   50
332   -1.41e+05  -1.68e+03   6.53e+04   50
333   -1.41e+05  -1.8e+03   6.53e+04   50
334   -1.41e+05  -1.73e+03   6.52e+04   50
335   -1.41e+05  -1.75e+03   6.52e+04   50
336   -1.41e+05  -1.72e+03   6.52e+04   50
337   -1.41e+05  -1.57e+03   6.51e+04   50
338   -1.41e+05  -1.64e+03   6.51e+04   50
339   -1.41e+05  -1.53e+03   6.5e+04   50
340   -1.41e+05  -1.48e+03   6.5e+04   50
341   -1.41e+05  -1.34e+03   6.52e+04   50
342   -1.41e+05  -1.28e+03   6.52e+04   50
343   -1.41e+05  -1.58e+03   6.51e+04   50
344   -1.41e+05  -1.57e+03   6.52e+04   50
345   -1.41e+05  -1.39e+03   6.52e+04   50
346   -1.41e+05  -1.49e+03   6.52e+04   50
347   -1.41e+05  -1.42e+03   6.52e+04   50
348   -1.41e+05  -1.45e+03   6.53e+04   50
349   -1.41e+05  -1.48e+03   6.52e+04   50
350   -1.41e+05  -1.47e+03   6.52e+04   50
351   -1.41e+05  -1.46e+03   6.52e+04   50
352   -1.41e+05  -1.36e+03   6.51e+04   50
353   -1.41e+05  -1.33e+03   6.52e+04   50
354   -1.41e+05  -1.38e+03   6.53e+04   50
355   -1.41e+05  -1.48e+03   6.53e+04   50
356   -1.41e+05  -1.67e+03   6.51e+04   50
357   -1.41e+05  -1.69e+03   6.52e+04   50
358   -1.41e+05  -1.81e+03   6.52e+04   50
359   -1.41e+05  -1.75e+03   6.52e+04   50
360   -1.41e+05  -1.67e+03   6.52e+04   50
361   -1.41e+05  -1.67e+03   6.52e+04   50
362   -1.41e+05  -1.64e+03   6.52e+04   50
363   -1.41e+05  -1.58e+03   6.54e+04   50
364   -1.41e+05  -1.71e+03   6.54e+04   50
365   -1.41e+05  -1.71e+03   6.53e+04   50
366   -1.41e+05  -1.76e+03   6.53e+04   50
367   -1.41e+05  -1.81e+03   6.53e+04   50
368   -1.41e+05  -1.85e+03   6.53e+04   50
369   -1.41e+05  -1.85e+03   6.54e+04   50
370   -1.41e+05  -1.91e+03   6.53e+04   50
371   -1.41e+05  -1.99e+03   6.53e+04   50
372   -1.41e+05  -1.98e+03   6.52e+04   50
373   -1.41e+05  -2.06e+03   6.52e+04   50
374   -1.41e+05  -2.13e+03   6.51e+04   50
375   -1.41e+05  -2e+03   6.5e+04   50
376   -1.41e+05  -1.77e+03   6.5e+04   50
377   -1.41e+05  -1.59e+03   6.5e+04   50
378   -1.41e+05  -1.76e+03   6.5e+04   50
379   -1.41e+05  -1.73e+03   6.51e+04   50
380   -1.41e+05  -1.85e+03   6.51e+04   50
381   -1.41e+05  -1.74e+03   6.5e+04   50
382   -1.41e+05  -1.61e+03   6.5e+04   50
383   -1.41e+05  -1.56e+03   6.5e+04   50
384   -1.41e+05  -1.46e+03   6.51e+04   50
385   -1.41e+05  -1.46e+03   6.51e+04   49
386   -1.41e+05  -1.48e+03   6.51e+04   50
387   -1.41e+05  -1.52e+03   6.5e+04   50
388   -1.41e+05  -1.72e+03   6.51e+04   50
389   -1.41e+05  -1.55e+03   6.51e+04   49
390   -1.41e+05  -1.48e+03   6.51e+04   50
391   -1.41e+05  -1.42e+03   6.5e+04   50
392   -1.41e+05  -1.44e+03   6.5e+04   50
393   -1.41e+05  -1.44e+03   6.5e+04   50
394   -1.41e+05  -1.57e+03   6.5e+04   50
395   -1.41e+05  -1.32e+03   6.5e+04   50
396   -1.41e+05  -1.22e+03   6.5e+04   50
397   -1.41e+05  -1.24e+03   6.5e+04   50
398   -1.41e+05  -1.21e+03   6.49e+04   50
399   -1.41e+05  -1.21e+03   6.49e+04   50
400   -1.41e+05  -1.07e+03   6.5e+04   50
401   -1.41e+05  -1.19e+03   6.5e+04   50
402   -1.41e+05  -1.12e+03   6.5e+04   50
403   -1.41e+05  -1.11e+03   6.51e+04   50
404   -1.41e+05  -1.37e+03   6.52e+04   50
405   -1.41e+05  -1.35e+03   6.52e+04   49
406   -1.41e+05  -1.34e+03   6.53e+04   50
407   -1.41e+05  -1.5e+03   6.52e+04   49
408   -1.41e+05  -1.43e+03   6.52e+04   50
409   -1.41e+05  -1.4e+03   6.52e+04   50
410   -1.41e+05  -1.48e+03   6.52e+04   50
411   -1.41e+05  -1.49e+03   6.51e+04   50
412   -1.41e+05  -1.43e+03   6.51e+04   50
413   -1.41e+05  -1.52e+03   6.51e+04   50
414   -1.41e+05  -1.16e+03   6.51e+04   50
415   -1.41e+05  -1.09e+03   6.51e+04   50
416   -1.41e+05  -996   6.51e+04   50
417   -1.41e+05  -1.08e+03   6.51e+04   50
418   -1.41e+05  -1.03e+03   6.5e+04   50
419   -1.41e+05  -1e+03   6.5e+04   50
420   -1.41e+05  -965   6.5e+04   50
421   -1.41e+05  -979   6.5e+04   50
422   -1.41e+05  -857   6.49e+04   50
423   -1.41e+05  -940   6.49e+04   50
424   -1.41e+05  -868   6.5e+04   50
425   -1.41e+05  -837   6.5e+04   50
426   -1.41e+05  -747   6.5e+04   50
427   -1.41e+05  -859   6.5e+04   50
428   -1.41e+05  -841   6.49e+04   50
429   -1.41e+05  -924   6.48e+04   50
430   -1.41e+05  -888   6.48e+04   50
431   -1.41e+05  -928   6.48e+04   50
432   -1.41e+05  -881   6.48e+04   50
433   -1.41e+05  -887   6.48e+04   50
434   -1.41e+05  -876   6.48e+04   50
435   -1.41e+05  -832   6.48e+04   50
436   -1.41e+05  -793   6.48e+04   50
437   -1.41e+05  -639   6.48e+04   50
438   -1.41e+05  -553   6.49e+04   50
439   -1.41e+05  -720   6.51e+04   50
440   -1.41e+05  -846   6.51e+04   50
441   -1.41e+05  -728   6.51e+04   50
442   -1.41e+05  -871   6.51e+04   50
443   -1.41e+05  -844   6.5e+04   50
444   -1.41e+05  -803   6.5e+04   50
445   -1.41e+05  -759   6.48e+04   50
446   -1.41e+05  -1.02e+03   6.48e+04   50
447   -1.41e+05  -881   6.49e+04   50
448   -1.41e+05  -745   6.49e+04   50
449   -1.41e+05  -772   6.49e+04   50
450   -1.41e+05  -846   6.5e+04   50
451   -1.41e+05  -583   6.5e+04   50
452   -1.41e+05  -597   6.5e+04   50
453   -1.41e+05  -649   6.5e+04   50
454   -1.41e+05  -733   6.5e+04   50
455   -1.41e+05  -591   6.51e+04   50
456   -1.41e+05  -539   6.51e+04   50
457   -1.41e+05  -244   6.5e+04   50
458   -1.41e+05  -344   6.51e+04   50
459   -1.41e+05  -223   6.51e+04   50
460   -1.41e+05  -160   6.51e+04   50
461   -1.41e+05  -125   6.51e+04   50
462   -1.41e+05  -89.1   6.49e+04   50
463   -1.41e+05  60   6.5e+04   50
464   -1.41e+05  17.2   6.49e+04   50
465   -1.41e+05  68.9   6.49e+04   50
466   -1.41e+05  97.1   6.48e+04   50
467   -1.41e+05  237   6.48e+04   50
468   -1.41e+05  203   6.48e+04   50
469   -1.41e+05  295   6.48e+04   50
470   -1.41e+05  411   6.47e+04   50
471   -1.41e+05  254   6.47e+04   50
472   -1.41e+05  202   6.48e+04   50
473   -1.41e+05  472   6.47e+04   50
474   -1.41e+05  562   6.48e+04   50
475   -1.41e+05  543   6.47e+04   50
476   -1.41e+05  680   6.47e+04   50
477   -1.41e+05  653   6.45e+04   50
478   -1.41e+05  608   6.45e+04   50
479   -1.41e+05  514   6.46e+04   50
480   -1.41e+05  546   6.47e+04   50
481   -1.41e+05  543   6.47e+04   50
482   -1.41e+05  517   6.47e+04   50
483   -1.41e+05  649   6.46e+04   50
484   -1.41e+05  617   6.47e+04   50
485   -1.41e+05  620   6.47e+04   50
486   -1.41e+05  518   6.45e+04   50
487   -1.41e+05  344   6.46e+04   50
488   -1.41e+05  168   6.46e+04   50
489   -1.41e+05  322   6.46e+04   50
490   -1.41e+05  319   6.46e+04   50
491   -1.41e+05  454   6.46e+04   50
492   -1.41e+05  352   6.45e+04   50
493   -1.41e+05  327   6.45e+04   50
494   -1.41e+05  409   6.45e+04   50
495   -1.41e+05  541   6.44e+04   50
496   -1.41e+05  459   6.45e+04   50
497   -1.41e+05  455   6.46e+04   50
498   -1.41e+05  347   6.45e+04   50
499   -1.41e+05  308   6.43e+04   50
500   -1.41e+05  339   6.44e+04   50
501   -1.41e+05  382   6.43e+04   50
502   -1.41e+05  429   6.43e+04   50
503   -1.41e+05  584   6.43e+04   50
504   -1.41e+05  503   6.43e+04   50
505   -1.41e+05  496   6.43e+04   50
506   -1.41e+05  464   6.43e+04   50
507   -1.41e+05  604   6.42e+04   50
508   -1.41e+05  546   6.4e+04   50
509   -1.41e+05  474   6.4e+04   50
510   -1.41e+05  379   6.41e+04   50
511   -1.41e+05  303   6.41e+04   50
512   -1.41e+05  296   6.41e+04   50
513   -1.41e+05  261   6.42e+04   49
514   -1.41e+05  199   6.41e+04   50
515   -1.41e+05  271   6.41e+04   49
516   -1.41e+05  411   6.4e+04   50
517   -1.41e+05  396   6.4e+04   50
518   -1.41e+05  363   6.4e+04   50
519   -1.41e+05  317   6.39e+04   50
520   -1.41e+05  237   6.4e+04   50
521   -1.41e+05  344   6.4e+04   50
522   -1.41e+05  265   6.4e+04   50
523   -1.41e+05  252   6.41e+04   50
524   -1.41e+05  303   6.42e+04   50
525   -1.41e+05  554   6.4e+04   50
526   -1.41e+05  640   6.4e+04   50
527   -1.41e+05  359   6.38e+04   50
528   -1.41e+05  421   6.39e+04   50
529   -1.41e+05  258   6.39e+04   50
530   -1.41e+05  331   6.39e+04   50
531   -1.41e+05  153   6.4e+04   50
532   -1.41e+05  140   6.39e+04   50
533   -1.41e+05  95.3   6.4e+04   50
534   -1.41e+05  95.1   6.39e+04   50
535   -1.41e+05  233   6.4e+04   50
536   -1.41e+05  369   6.4e+04   50
537   -1.41e+05  366   6.4e+04   50
538   -1.41e+05  98.2   6.39e+04   50
539   -1.41e+05  116   6.4e+04   50
540   -1.41e+05  63.5   6.39e+04   50
541   -1.41e+05  -55.3   6.39e+04   50
542   -1.41e+05  -32.2   6.41e+04   50
543   -1.41e+05  -7.91   6.41e+04   50
544   -1.41e+05  -11.4   6.4e+04   50
545   -1.41e+05  -163   6.41e+04   50
546   -1.41e+05  -127   6.41e+04   50
547   -1.41e+05  -221   6.41e+04   50
548   -1.41e+05  -77.2   6.41e+04   50
549   -1.41e+05  -4.64   6.41e+04   50
550   -1.41e+05  80.6   6.41e+04   50
551   -1.41e+05  -24.8   6.42e+04   50
552   -1.41e+05  -19.3   6.44e+04   50
553   -1.41e+05  -21.3   6.44e+04   50
554   -1.41e+05  -145   6.44e+04   50
555   -1.41e+05  -137   6.46e+04   50
556   -1.41e+05  -330   6.45e+04   50
557   -1.41e+05  -448   6.44e+04   50
558   -1.41e+05  -703   6.45e+04   50
559   -1.41e+05  -905   6.45e+04   50
560   -1.41e+05  -838   6.45e+04   50
561   -1.41e+05  -888   6.45e+04   50
562   -1.41e+05  -949   6.45e+04   50
563   -1.41e+05  -817   6.46e+04   50
564   -1.41e+05  -963   6.46e+04   50
565   -1.41e+05  -1.1e+03   6.44e+04   50
566   -1.41e+05  -1.2e+03   6.43e+04   50
567   -1.41e+05  -1.14e+03   6.43e+04   50
568   -1.41e+05  -1.09e+03   6.45e+04   50
569   -1.41e+05  -1.28e+03   6.44e+04   50
570   -1.41e+05  -1.46e+03   6.44e+04   50
571   -1.41e+05  -1.42e+03   6.43e+04   50
572   -1.41e+05  -1.56e+03   6.41e+04   50
573   -1.41e+05  -1.48e+03   6.41e+04   50
574   -1.41e+05  -1.44e+03   6.41e+04   50
575   -1.41e+05  -1.27e+03   6.41e+04   50
576   -1.41e+05  -1.39e+03   6.41e+04   50
577   -1.41e+05  -1.29e+03   6.42e+04   50
578   -1.41e+05  -1.15e+03   6.42e+04   50
579   -1.41e+05  -1.29e+03   6.42e+04   49
580   -1.41e+05  -1.28e+03   6.42e+04   50
581   -1.41e+05  -1.41e+03   6.42e+04   50
582   -1.41e+05  -1.28e+03   6.41e+04   50
583   -1.41e+05  -1.31e+03   6.4e+04   50
584   -1.41e+05  -1.36e+03   6.4e+04   50
585   -1.41e+05  -1.33e+03   6.41e+04   50
586   -1.41e+05  -1.23e+03   6.41e+04   50
587   -1.41e+05  -1.36e+03   6.42e+04   50
588   -1.41e+05  -1.3e+03   6.42e+04   50
589   -1.41e+05  -1.3e+03   6.43e+04   50
590   -1.41e+05  -1.25e+03   6.42e+04   50
591   -1.41e+05  -1.3e+03   6.41e+04   50
592   -1.41e+05  -1.32e+03   6.41e+04   50
593   -1.41e+05  -1.29e+03   6.4e+04   50
594   -1.41e+05  -1.43e+03   6.4e+04   50
595   -1.41e+05  -1.46e+03   6.39e+04   50
596   -1.41e+05  -1.51e+03   6.4e+04   50
597   -1.41e+05  -1.44e+03   6.4e+04   50
598   -1.41e+05  -1.42e+03   6.41e+04   50
599   -1.41e+05  -1.44e+03   6.4e+04   50
600   -1.41e+05  -1.49e+03   6.42e+04   50
601   -1.41e+05  -1.56e+03   6.41e+04   50
602   -1.41e+05  -1.59e+03   6.4e+04   50
603   -1.41e+05  -1.6e+03   6.42e+04   50
604   -1.41e+05  -1.73e+03   6.42e+04   50
605   -1.41e+05  -1.51e+03   6.42e+04   50
606   -1.41e+05  -1.7e+03   6.42e+04   50
607   -1.41e+05  -1.55e+03   6.42e+04   50
608   -1.41e+05  -1.69e+03   6.41e+04   50
609   -1.41e+05  -1.79e+03   6.39e+04   50
610   -1.41e+05  -1.79e+03   6.4e+04   50
611   -1.41e+05  -1.79e+03   6.39e+04   50
612   -1.41e+05  -1.64e+03   6.4e+04   50
613   -1.41e+05  -1.56e+03   6.4e+04   50
614   -1.41e+05  -1.76e+03   6.4e+04   50
615   -1.41e+05  -1.77e+03   6.41e+04   50
616   -1.41e+05  -1.73e+03   6.41e+04   50
617   -1.41e+05  -1.73e+03   6.41e+04   50
618   -1.41e+05  -1.7e+03   6.42e+04   50
619   -1.41e+05  -1.79e+03   6.42e+04   50
620   -1.41e+05  -1.93e+03   6.41e+04   50
621   -1.41e+05  -1.87e+03   6.42e+04   50
622   -1.41e+05  -1.97e+03   6.41e+04   50
623   -1.41e+05  -1.88e+03   6.41e+04   50
624   -1.41e+05  -1.84e+03   6.4e+04   50
625   -1.41e+05  -1.92e+03   6.4e+04   50
626   -1.41e+05  -2.07e+03   6.4e+04   50
627   -1.41e+05  -2.02e+03   6.4e+04   50
628   -1.41e+05  -1.78e+03   6.41e+04   50
629   -1.41e+05  -1.84e+03   6.41e+04   50
630   -1.41e+05  -1.82e+03   6.41e+04   50
631   -1.41e+05  -1.91e+03   6.4e+04   50
632   -1.41e+05  -1.98e+03   6.41e+04   50
633   -1.41e+05  -1.89e+03   6.4e+04   50
634   -1.41e+05  -1.71e+03   6.42e+04   50
635   -1.41e+05  -1.7e+03   6.42e+04   50
636   -1.41e+05  -1.72e+03   6.42e+04   50
637   -1.41e+05  -1.77e+03   6.41e+04   50
638   -1.41e+05  -1.67e+03   6.42e+04   50
639   -1.41e+05  -1.7e+03   6.42e+04   50
640   -1.41e+05  -1.83e+03   6.42e+04   50
641   -1.41e+05  -1.83e+03   6.41e+04   50
642   -1.41e+05  -1.77e+03   6.41e+04   50
643   -1.41e+05  -1.78e+03   6.41e+04   50
644   -1.41e+05  -1.82e+03   6.4e+04   50
645   -1.41e+05  -1.78e+03   6.41e+04   50
646   -1.41e+05  -1.75e+03   6.4e+04   50
647   -1.41e+05  -1.65e+03   6.39e+04   50
648   -1.41e+05  -1.66e+03   6.38e+04   50
649   -1.41e+05  -1.68e+03   6.38e+04   50
650   -1.41e+05  -1.7e+03   6.38e+04   50
651   -1.41e+05  -1.69e+03   6.38e+04   50
652   -1.41e+05  -1.69e+03   6.39e+04   50
653   -1.41e+05  -1.7e+03   6.39e+04   50
654   -1.41e+05  -1.83e+03   6.38e+04   50
655   -1.4e+05  -1.92e+03   6.37e+04   50
656   -1.41e+05  -1.96e+03   6.37e+04   50
657   -1.41e+05  -2.07e+03   6.38e+04   50
658   -1.41e+05  -2.05e+03   6.39e+04   50
659   -1.41e+05  -1.91e+03   6.38e+04   50
660   -1.41e+05  -2.06e+03   6.38e+04   50
661   -1.41e+05  -2.17e+03   6.38e+04   50
662   -1.41e+05  -2e+03   6.37e+04   50
663   -1.41e+05  -2.02e+03   6.38e+04   50
664   -1.41e+05  -2.23e+03   6.37e+04   50
665   -1.41e+05  -2.36e+03   6.37e+04   50
666   -1.41e+05  -2.36e+03   6.37e+04   50
667   -1.41e+05  -2.34e+03   6.36e+04   50
668   -1.41e+05  -2.52e+03   6.37e+04   50
669   -1.41e+05  -2.6e+03   6.37e+04   50
670   -1.41e+05  -2.42e+03   6.37e+04   50
671   -1.41e+05  -2.44e+03   6.36e+04   50
672   -1.41e+05  -2.44e+03   6.35e+04   50
673   -1.41e+05  -2.29e+03   6.35e+04   50
674   -1.41e+05  -2.37e+03   6.35e+04   50
675   -1.41e+05  -2.33e+03   6.35e+04   50
676   -1.41e+05  -2.38e+03   6.34e+04   50
677   -1.41e+05  -2.33e+03   6.33e+04   50
678   -1.41e+05  -2.23e+03   6.34e+04   50
679   -1.41e+05  -2.21e+03   6.34e+04   50
680   -1.41e+05  -2.2e+03   6.35e+04   50
681   -1.41e+05  -2.12e+03   6.35e+04   50
682   -1.41e+05  -2.17e+03   6.34e+04   50
683   -1.41e+05  -1.88e+03   6.34e+04   50
684   -1.41e+05  -1.89e+03   6.34e+04   50
685   -1.41e+05  -1.9e+03   6.35e+04   50
686   -1.41e+05  -1.93e+03   6.35e+04   50
687   -1.41e+05  -1.93e+03   6.36e+04   50
688   -1.41e+05  -1.76e+03   6.35e+04   50
689   -1.41e+05  -1.84e+03   6.34e+04   50
690   -1.41e+05  -1.98e+03   6.33e+04   50
691   -1.41e+05  -2.04e+03   6.32e+04   50
692   -1.41e+05  -2.24e+03   6.33e+04   50
693   -1.41e+05  -2.17e+03   6.32e+04   50
694   -1.41e+05  -2.11e+03   6.32e+04   50
695   -1.41e+05  -2.11e+03   6.32e+04   50
696   -1.41e+05  -2.26e+03   6.32e+04   50
697   -1.41e+05  -2.32e+03   6.32e+04   50
698   -1.41e+05  -2.42e+03   6.32e+04   50
699   -1.41e+05  -2.42e+03   6.32e+04   50
700   -1.41e+05  -2.54e+03   6.31e+04   50
701   -1.41e+05  -2.64e+03   6.3e+04   50
702   -1.41e+05  -2.49e+03   6.3e+04   50
703   -1.41e+05  -2.51e+03   6.29e+04   50
704   -1.41e+05  -2.41e+03   6.29e+04   50
705   -1.41e+05  -2.35e+03   6.3e+04   50
706   -1.41e+05  -2.53e+03   6.3e+04   50
707   -1.41e+05  -2.57e+03   6.3e+04   50
708   -1.41e+05  -2.37e+03   6.31e+04   50
709   -1.41e+05  -2.38e+03   6.31e+04   50
710   -1.41e+05  -2.17e+03   6.31e+04   50
711   -1.41e+05  -2.25e+03   6.31e+04   50
712   -1.41e+05  -2.42e+03   6.3e+04   50
713   -1.41e+05  -2.37e+03   6.3e+04   50
714   -1.41e+05  -2.32e+03   6.31e+04   50
715   -1.41e+05  -2.46e+03   6.29e+04   50
716   -1.41e+05  -2.54e+03   6.29e+04   50
717   -1.41e+05  -2.58e+03   6.31e+04   50
718   -1.41e+05  -2.6e+03   6.31e+04   50
719   -1.41e+05  -2.65e+03   6.32e+04   50
720   -1.41e+05  -2.64e+03   6.32e+04   50
721   -1.41e+05  -2.72e+03   6.32e+04   50
722   -1.41e+05  -2.87e+03   6.32e+04   50
723   -1.41e+05  -2.87e+03   6.32e+04   50
724   -1.41e+05  -2.76e+03   6.33e+04   50
725   -1.41e+05  -2.61e+03   6.34e+04   50
726   -1.41e+05  -2.49e+03   6.32e+04   50
727   -1.41e+05  -2.6e+03   6.32e+04   50
728   -1.4e+05  -2.52e+03   6.32e+04   50
729   -1.41e+05  -2.62e+03   6.31e+04   50
730   -1.41e+05  -2.64e+03   6.31e+04   50
731   -1.41e+05  -2.73e+03   6.31e+04   50
732   -1.41e+05  -2.67e+03   6.31e+04   50
733   -1.41e+05  -2.69e+03   6.29e+04   50
734   -1.41e+05  -2.65e+03   6.29e+04   50
735   -1.41e+05  -2.57e+03   6.31e+04   50
736   -1.41e+05  -2.54e+03   6.33e+04   50
737   -1.41e+05  -2.54e+03   6.32e+04   50
738   -1.41e+05  -2.34e+03   6.32e+04   50
739   -1.41e+05  -2.34e+03   6.32e+04   50
740   -1.41e+05  -2.19e+03   6.32e+04   50
741   -1.41e+05  -2.23e+03   6.3e+04   50
742   -1.41e+05  -2.08e+03   6.3e+04   50
743   -1.41e+05  -1.9e+03   6.31e+04   50
744   -1.41e+05  -1.67e+03   6.3e+04   50
745   -1.41e+05  -1.58e+03   6.3e+04   50
746   -1.41e+05  -1.6e+03   6.29e+04   50
747   -1.41e+05  -1.6e+03   6.3e+04   50
748   -1.41e+05  -1.71e+03   6.31e+04   50
749   -1.41e+05  -1.77e+03   6.3e+04   50
750   -1.41e+05  -1.69e+03   6.3e+04   50
751   -1.41e+05  -1.62e+03   6.3e+04   50
752   -1.41e+05  -1.79e+03   6.29e+04   50
753   -1.41e+05  -1.81e+03   6.3e+04   50
754   -1.41e+05  -1.9e+03   6.29e+04   50
755   -1.41e+05  -1.89e+03   6.28e+04   50
756   -1.41e+05  -1.87e+03   6.29e+04   50
757   -1.41e+05  -2e+03   6.29e+04   50
758   -1.41e+05  -2e+03   6.28e+04   50
759   -1.41e+05  -1.82e+03   6.28e+04   50
760   -1.41e+05  -1.92e+03   6.28e+04   50
761   -1.41e+05  -1.78e+03   6.27e+04   50
762   -1.41e+05  -1.64e+03   6.27e+04   50
763   -1.41e+05  -1.71e+03   6.25e+04   50
764   -1.41e+05  -1.71e+03   6.26e+04   50
765   -1.41e+05  -1.73e+03   6.27e+04   50
766   -1.41e+05  -1.7e+03   6.26e+04   50
767   -1.41e+05  -1.86e+03   6.26e+04   50
768   -1.41e+05  -1.97e+03   6.26e+04   50
769   -1.41e+05  -2.05e+03   6.26e+04   50
770   -1.41e+05  -2.09e+03   6.27e+04   50
771   -1.41e+05  -2.07e+03   6.27e+04   50
772   -1.41e+05  -2.14e+03   6.28e+04   50
773   -1.41e+05  -2.24e+03   6.29e+04   50
774   -1.41e+05  -2.19e+03   6.29e+04   50
775   -1.41e+05  -2.26e+03   6.27e+04   50
776   -1.41e+05  -2.47e+03   6.28e+04   50
777   -1.41e+05  -2.57e+03   6.28e+04   50
778   -1.41e+05  -2.76e+03   6.29e+04   50
779   -1.41e+05  -2.79e+03   6.28e+04   50
780   -1.41e+05  -2.84e+03   6.28e+04   50
781   -1.41e+05  -2.92e+03   6.28e+04   50
782   -1.41e+05  -2.82e+03   6.27e+04   50
783   -1.41e+05  -2.87e+03   6.27e+04   50
784   -1.41e+05  -2.83e+03   6.27e+04   50
785   -1.41e+05  -2.78e+03   6.26e+04   50
786   -1.41e+05  -2.95e+03   6.25e+04   50
787   -1.41e+05  -2.98e+03   6.25e+04   50
788   -1.41e+05  -2.87e+03   6.25e+04   50
789   -1.41e+05  -2.99e+03   6.25e+04   50
790   -1.41e+05  -2.79e+03   6.25e+04   50
791   -1.41e+05  -2.76e+03   6.26e+04   50
792   -1.41e+05  -2.64e+03   6.25e+04   50
793   -1.41e+05  -2.6e+03   6.27e+04   50
794   -1.41e+05  -2.5e+03   6.26e+04   50
795   -1.41e+05  -2.38e+03   6.26e+04   50
796   -1.41e+05  -2.27e+03   6.26e+04   50
797   -1.41e+05  -2.13e+03   6.27e+04   50
798   -1.41e+05  -1.96e+03   6.26e+04   50
799   -1.41e+05  -2e+03   6.26e+04   50
800   -1.41e+05  -2.05e+03   6.26e+04   50
801   -1.41e+05  -1.98e+03   6.25e+04   50
802   -1.41e+05  -1.9e+03   6.25e+04   50
803   -1.41e+05  -1.79e+03   6.25e+04   50
804   -1.41e+05  -1.85e+03   6.24e+04   50
805   -1.41e+05  -1.81e+03   6.24e+04   50
806   -1.41e+05  -1.78e+03   6.24e+04   50
807   -1.41e+05  -2e+03   6.25e+04   49
808   -1.41e+05  -1.96e+03   6.25e+04   50
809   -1.41e+05  -1.95e+03   6.24e+04   50
810   -1.41e+05  -1.99e+03   6.24e+04   50
811   -1.41e+05  -2.03e+03   6.26e+04   50
812   -1.41e+05  -2.15e+03   6.25e+04   50
813   -1.41e+05  -2.17e+03   6.25e+04   50
814   -1.41e+05  -2.13e+03   6.26e+04   50
815   -1.41e+05  -2.27e+03   6.27e+04   50
816   -1.41e+05  -2.25e+03   6.26e+04   50
817   -1.41e+05  -2.24e+03   6.26e+04   50
818   -1.41e+05  -2.41e+03   6.26e+04   50
819   -1.41e+05  -2.41e+03   6.25e+04   50
820   -1.41e+05  -2.3e+03   6.25e+04   50
821   -1.41e+05  -2.24e+03   6.25e+04   50
822   -1.41e+05  -2.37e+03   6.24e+04   50
823   -1.41e+05  -2.33e+03   6.24e+04   50
824   -1.41e+05  -2.32e+03   6.24e+04   50
825   -1.41e+05  -2.4e+03   6.23e+04   50
826   -1.41e+05  -2.35e+03   6.23e+04   50
827   -1.41e+05  -2.33e+03   6.22e+04   50
828   -1.41e+05  -2.44e+03   6.22e+04   50
829   -1.41e+05  -2.52e+03   6.23e+04   50
830   -1.41e+05  -2.55e+03   6.23e+04   50
831   -1.41e+05  -2.36e+03   6.24e+04   50
832   -1.41e+05  -2.43e+03   6.24e+04   50
833   -1.41e+05  -2.39e+03   6.24e+04   50
834   -1.41e+05  -2.43e+03   6.24e+04   50
835   -1.41e+05  -2.55e+03   6.24e+04   50
836   -1.41e+05  -2.81e+03   6.24e+04   50
837   -1.41e+05  -2.79e+03   6.22e+04   49
838   -1.41e+05  -2.72e+03   6.23e+04   50
839   -1.41e+05  -2.85e+03   6.23e+04   50
840   -1.41e+05  -2.84e+03   6.22e+04   50
841   -1.41e+05  -2.72e+03   6.23e+04   50
842   -1.41e+05  -2.95e+03   6.22e+04   50
843   -1.41e+05  -2.9e+03   6.22e+04   50
844   -1.41e+05  -2.98e+03   6.21e+04   50
845   -1.41e+05  -2.97e+03   6.21e+04   50
846   -1.41e+05  -2.9e+03   6.2e+04   50
847   -1.41e+05  -2.81e+03   6.2e+04   50
848   -1.41e+05  -2.8e+03   6.2e+04   50
849   -1.41e+05  -2.82e+03   6.2e+04   50
850   -1.41e+05  -2.91e+03   6.21e+04   50
851   -1.41e+05  -2.94e+03   6.2e+04   50
852   -1.41e+05  -2.96e+03   6.19e+04   50
853   -1.41e+05  -3.05e+03   6.2e+04   50
854   -1.41e+05  -2.97e+03   6.21e+04   50
855   -1.41e+05  -2.86e+03   6.22e+04   50
856   -1.41e+05  -2.84e+03   6.22e+04   50
857   -1.41e+05  -2.97e+03   6.23e+04   50
858   -1.41e+05  -2.86e+03   6.22e+04   50
859   -1.41e+05  -3.02e+03   6.23e+04   50
860   -1.41e+05  -3.08e+03   6.22e+04   50
861   -1.41e+05  -3.04e+03   6.22e+04   50
862   -1.41e+05  -3.24e+03   6.21e+04   50
863   -1.41e+05  -3.32e+03   6.21e+04   50
864   -1.41e+05  -3.41e+03   6.2e+04   50
865   -1.41e+05  -3.13e+03   6.19e+04   50
866   -1.41e+05  -3.23e+03   6.19e+04   50
867   -1.41e+05  -3.19e+03   6.18e+04   50
868   -1.41e+05  -3.13e+03   6.17e+04   50
869   -1.41e+05  -3.31e+03   6.18e+04   50
870   -1.41e+05  -3.31e+03   6.17e+04   50
871   -1.41e+05  -3.29e+03   6.18e+04   50
872   -1.41e+05  -3.29e+03   6.18e+04   50
873   -1.41e+05  -3.17e+03   6.18e+04   50
874   -1.41e+05  -3.29e+03   6.18e+04   50
875   -1.41e+05  -3.29e+03   6.18e+04   50
876   -1.41e+05  -3.33e+03   6.18e+04   50
877   -1.41e+05  -3.3e+03   6.19e+04   50
878   -1.41e+05  -3.63e+03   6.19e+04   50
879   -1.41e+05  -3.7e+03   6.2e+04   50
880   -1.41e+05  -3.73e+03   6.19e+04   50
881   -1.41e+05  -3.6e+03   6.2e+04   50
882   -1.41e+05  -3.32e+03   6.2e+04   50
883   -1.41e+05  -3.2e+03   6.19e+04   50
884   -1.41e+05  -3.29e+03   6.18e+04   50
885   -1.41e+05  -3.49e+03   6.19e+04   50
886   -1.41e+05  -3.42e+03   6.18e+04   50
887   -1.41e+05  -3.5e+03   6.18e+04   50
888   -1.41e+05  -3.57e+03   6.18e+04   50
889   -1.41e+05  -3.71e+03   6.18e+04   50
890   -1.41e+05  -3.6e+03   6.18e+04   50
891   -1.41e+05  -3.22e+03   6.18e+04   50
892   -1.41e+05  -3.1e+03   6.18e+04   50
893   -1.41e+05  -3.12e+03   6.19e+04   50
894   -1.41e+05  -3.06e+03   6.2e+04   50
895   -1.41e+05  -3.12e+03   6.19e+04   50
896   -1.41e+05  -3.07e+03   6.2e+04   50
897   -1.41e+05  -3.11e+03   6.21e+04   50
898   -1.41e+05  -3.3e+03   6.21e+04   50
899   -1.41e+05  -3.24e+03   6.21e+04   50
900   -1.41e+05  -3.29e+03   6.2e+04   50
901   -1.41e+05  -3.42e+03   6.19e+04   50
902   -1.41e+05  -3.31e+03   6.19e+04   50
903   -1.41e+05  -3.19e+03   6.19e+04   50
904   -1.41e+05  -3.18e+03   6.18e+04   50
905   -1.41e+05  -3.23e+03   6.18e+04   50
906   -1.41e+05  -3.1e+03   6.18e+04   50
907   -1.41e+05  -3.25e+03   6.19e+04   50
908   -1.41e+05  -3.23e+03   6.18e+04   50
909   -1.41e+05  -3.12e+03   6.17e+04   50
910   -1.41e+05  -3.33e+03   6.16e+04   50
911   -1.41e+05  -3.39e+03   6.15e+04   50
912   -1.41e+05  -3.4e+03   6.16e+04   50
913   -1.41e+05  -3.29e+03   6.15e+04   50
914   -1.41e+05  -3.37e+03   6.15e+04   50
915   -1.41e+05  -3.35e+03   6.16e+04   50
916   -1.41e+05  -3.49e+03   6.15e+04   50
917   -1.41e+05  -3.45e+03   6.15e+04   50
918   -1.41e+05  -3.4e+03   6.14e+04   50
919   -1.41e+05  -3.38e+03   6.14e+04   50
920   -1.41e+05  -3.52e+03   6.15e+04   50
921   -1.41e+05  -3.55e+03   6.15e+04   50
922   -1.41e+05  -3.5e+03   6.16e+04   50
923   -1.4e+05  -3.51e+03   6.16e+04   50
924   -1.41e+05  -3.76e+03   6.16e+04   50
925   -1.41e+05  -3.75e+03   6.16e+04   50
926   -1.41e+05  -3.66e+03   6.17e+04   50
927   -1.41e+05  -3.64e+03   6.17e+04   50
928   -1.41e+05  -3.67e+03   6.18e+04   50
929   -1.41e+05  -3.61e+03   6.17e+04   50
930   -1.41e+05  -3.66e+03   6.17e+04   50
931   -1.41e+05  -3.59e+03   6.16e+04   50
932   -1.41e+05  -3.53e+03   6.15e+04   50
933   -1.41e+05  -3.63e+03   6.16e+04   50
934   -1.41e+05  -3.49e+03   6.17e+04   50
935   -1.41e+05  -3.41e+03   6.17e+04   50
936   -1.41e+05  -3.26e+03   6.17e+04   50
937   -1.41e+05  -3.42e+03   6.16e+04   50
938   -1.41e+05  -3.41e+03   6.16e+04   50
939   -1.41e+05  -3.4e+03   6.15e+04   50
940   -1.41e+05  -3.47e+03   6.16e+04   50
941   -1.41e+05  -3.51e+03   6.15e+04   50
942   -1.41e+05  -3.48e+03   6.15e+04   50
943   -1.41e+05  -3.63e+03   6.14e+04   50
944   -1.41e+05  -3.71e+03   6.15e+04   50
945   -1.41e+05  -3.86e+03   6.15e+04   50
946   -1.41e+05  -3.6e+03   6.16e+04   50
947   -1.41e+05  -3.6e+03   6.15e+04   50
948   -1.41e+05  -3.75e+03   6.16e+04   50
949   -1.41e+05  -3.6e+03   6.15e+04   50
950   -1.41e+05  -3.66e+03   6.14e+04   50
951   -1.41e+05  -3.67e+03   6.15e+04   50
952   -1.41e+05  -3.71e+03   6.15e+04   50
953   -1.41e+05  -3.69e+03   6.14e+04   50
954   -1.41e+05  -3.69e+03   6.14e+04   50
955   -1.41e+05  -3.77e+03   6.13e+04   50
956   -1.41e+05  -4.01e+03   6.13e+04   50
957   -1.41e+05  -4.05e+03   6.13e+04   50
958   -1.41e+05  -3.96e+03   6.13e+04   50
959   -1.41e+05  -4.01e+03   6.14e+04   50
960   -1.41e+05  -4.02e+03   6.14e+04   50
961   -1.41e+05  -4.01e+03   6.13e+04   50
962   -1.41e+05  -4.07e+03   6.13e+04   50
963   -1.41e+05  -4.1e+03   6.13e+04   50
964   -1.41e+05  -3.99e+03   6.13e+04   50
965   -1.41e+05  -3.85e+03   6.13e+04   50
966   -1.41e+05  -3.82e+03   6.15e+04   50
967   -1.41e+05  -3.77e+03   6.15e+04   50
968   -1.41e+05  -3.82e+03   6.13e+04   50
969   -1.41e+05  -3.83e+03   6.13e+04   50
970   -1.41e+05  -3.76e+03   6.13e+04   50
971   -1.41e+05  -3.83e+03   6.12e+04   50
972   -1.41e+05  -3.71e+03   6.13e+04   50
973   -1.41e+05  -3.78e+03   6.11e+04   50
974   -1.41e+05  -3.75e+03   6.11e+04   50
975   -1.41e+05  -3.67e+03   6.13e+04   50
976   -1.41e+05  -3.65e+03   6.13e+04   50
977   -1.41e+05  -3.71e+03   6.14e+04   50
978   -1.41e+05  -3.66e+03   6.13e+04   50
979   -1.41e+05  -3.59e+03   6.14e+04   50
980   -1.41e+05  -3.55e+03   6.13e+04   50
981   -1.41e+05  -3.55e+03   6.13e+04   50
982   -1.41e+05  -3.54e+03   6.13e+04   50
983   -1.41e+05  -3.41e+03   6.14e+04   50
984   -1.41e+05  -3.55e+03   6.13e+04   50
985   -1.41e+05  -3.59e+03   6.11e+04   50
986   -1.41e+05  -3.52e+03   6.11e+04   50
987   -1.41e+05  -3.53e+03   6.11e+04   50
988   -1.41e+05  -3.64e+03   6.12e+04   50
989   -1.41e+05  -3.61e+03   6.11e+04   50
990   -1.41e+05  -3.41e+03   6.11e+04   50
991   -1.41e+05  -3.31e+03   6.11e+04   50
992   -1.41e+05  -3.13e+03   6.12e+04   50
993   -1.41e+05  -3.09e+03   6.12e+04   50
994   -1.41e+05  -3.03e+03   6.11e+04   50
995   -1.41e+05  -3.11e+03   6.11e+04   50
996   -1.41e+05  -3.12e+03   6.12e+04   50
997   -1.41e+05  -3.14e+03   6.11e+04   50
998   -1.41e+05  -3.17e+03   6.09e+04   50
999   -1.41e+05  -3.15e+03   6.08e+04   50
1000   -1.41e+05  -3.18e+03   6.08e+04   50
