#Sweep   Energia    Magn X    Magn Y
1 -1.87778 -0.00107778 0.965556
2 -1.78889 -0.0029 0.938889
3 -1.73333 -0.00364444 0.916667
4 -1.7 -0.00347778 0.901111
5 -1.67778 -0.00517778 0.887778
6 -1.65556 -0.00587778 0.876667
7 -1.63333 -0.00872222 0.867778
8 -1.62222 -0.00726667 0.86
9 -1.61111 -0.00687778 0.853333
10 -1.61111 -0.00595556 0.847778
11 -1.6 -0.00503333 0.843333
12 -1.6 -0.00421111 0.84
13 -1.6 -0.00572222 0.835556
14 -1.58889 -0.0061 0.832222
15 -1.58889 -0.00678889 0.827778
16 -1.58889 -0.00917778 0.825556
17 -1.58889 -0.01 0.823333
18 -1.58889 -0.0109333 0.82
19 -1.57778 -0.0109222 0.817778
20 -1.57778 -0.00997778 0.815556
21 -1.57778 -0.00823333 0.814444
22 -1.57778 -0.0103111 0.812222
23 -1.57778 -0.0111111 0.81
24 -1.57778 -0.0117778 0.807778
25 -1.57778 -0.0118889 0.806667
26 -1.57778 -0.0117778 0.804444
27 -1.57778 -0.0134444 0.802222
28 -1.57778 -0.0127778 0.801111
29 -1.57778 -0.0146667 0.8
30 -1.57778 -0.0142222 0.798889
31 -1.56667 -0.0137778 0.797778
32 -1.56667 -0.013 0.796667
33 -1.57778 -0.0136667 0.796667
34 -1.57778 -0.0124444 0.794444
35 -1.56667 -0.0122222 0.794444
36 -1.56667 -0.0114444 0.793333
37 -1.56667 -0.0108556 0.793333
38 -1.57778 -0.0114444 0.792222
39 -1.56667 -0.013 0.788889
40 -1.56667 -0.0133333 0.788889
41 -1.56667 -0.0117778 0.787778
42 -1.56667 -0.0110556 0.787778
43 -1.56667 -0.0101667 0.786667
44 -1.56667 -0.00982222 0.785556
45 -1.56667 -0.0114444 0.785556
46 -1.56667 -0.0122222 0.784444
47 -1.56667 -0.0126667 0.784444
48 -1.56667 -0.0142222 0.784444
49 -1.56667 -0.0154444 0.783333
50 -1.56667 -0.0156667 0.782222
51 -1.56667 -0.0145556 0.782222
52 -1.56667 -0.015 0.782222
53 -1.56667 -0.0167778 0.782222
54 -1.56667 -0.0157778 0.781111
55 -1.57778 -0.0163333 0.782222
56 -1.57778 -0.0147778 0.782222
57 -1.57778 -0.0146667 0.781111
58 -1.57778 -0.0134444 0.781111
59 -1.57778 -0.0132222 0.78
60 -1.57778 -0.0136667 0.78
61 -1.57778 -0.0141111 0.778889
62 -1.57778 -0.0125556 0.778889
63 -1.57778 -0.0126667 0.778889
64 -1.57778 -0.0135556 0.778889
65 -1.56667 -0.0133333 0.778889
66 -1.56667 -0.0138889 0.776667
67 -1.57778 -0.0127778 0.776667
68 -1.56667 -0.0132222 0.776667
69 -1.56667 -0.0118889 0.774444
70 -1.56667 -0.0124444 0.774444
71 -1.56667 -0.0126667 0.774444
72 -1.56667 -0.0124444 0.773333
73 -1.56667 -0.0123333 0.772222
74 -1.56667 -0.0134444 0.771111
75 -1.56667 -0.0128889 0.77
76 -1.56667 -0.0108111 0.768889
77 -1.56667 -0.013 0.766667
78 -1.56667 -0.0125556 0.766667
79 -1.56667 -0.0123333 0.766667
80 -1.56667 -0.0121111 0.765556
81 -1.56667 -0.0134444 0.765556
82 -1.56667 -0.013 0.766667
83 -1.56667 -0.0116667 0.765556
84 -1.56667 -0.012 0.765556
85 -1.56667 -0.0122222 0.765556
86 -1.56667 -0.0115556 0.765556
87 -1.56667 -0.0107667 0.764444
88 -1.56667 -0.0110556 0.765556
89 -1.56667 -0.0112222 0.765556
90 -1.56667 -0.0103 0.765556
91 -1.56667 -0.0113333 0.765556
92 -1.56667 -0.0104889 0.763333
93 -1.56667 -0.0105222 0.762222
94 -1.56667 -0.00788889 0.762222
95 -1.56667 -0.00864444 0.762222
96 -1.56667 -0.00918889 0.762222
97 -1.56667 -0.00948889 0.762222
98 -1.56667 -0.00771111 0.762222
99 -1.56667 -0.00913333 0.762222
100 -1.56667 -0.00937778 0.761111
101 -1.56667 -0.00955556 0.76
102 -1.56667 -0.00838889 0.758889
103 -1.56667 -0.00783333 0.757778
104 -1.56667 -0.00834444 0.758889
105 -1.56667 -0.00748889 0.758889
106 -1.56667 -0.00773333 0.758889
107 -1.56667 -0.00955556 0.758889
108 -1.56667 -0.0112222 0.756667
109 -1.56667 -0.0113333 0.755556
110 -1.56667 -0.0106667 0.755556
111 -1.56667 -0.0115556 0.754444
112 -1.56667 -0.0118889 0.754444
113 -1.56667 -0.00983333 0.753333
114 -1.56667 -0.00918889 0.754444
115 -1.56667 -0.0105333 0.754444
116 -1.56667 -0.0108556 0.753333
117 -1.56667 -0.0105333 0.753333
118 -1.56667 -0.0111111 0.752222
119 -1.56667 -0.012 0.751111
120 -1.56667 -0.0108 0.751111
121 -1.56667 -0.00862222 0.751111
122 -1.56667 -0.00781111 0.751111
123 -1.56667 -0.00608889 0.751111
124 -1.56667 -0.00602222 0.751111
125 -1.56667 -0.00582222 0.75
126 -1.56667 -0.00897778 0.751111
127 -1.56667 -0.00616667 0.751111
128 -1.56667 -0.00592222 0.751111
129 -1.56667 -0.00545556 0.752222
130 -1.56667 -0.00611111 0.751111
131 -1.56667 -0.00504444 0.751111
132 -1.56667 -0.00425556 0.751111
133 -1.56667 -0.00558889 0.751111
134 -1.56667 -0.00564444 0.751111
135 -1.56667 -0.00447778 0.75
136 -1.56667 -0.00565556 0.748889
137 -1.56667 -0.00546667 0.748889
138 -1.56667 -0.00534444 0.75
139 -1.56667 -0.00576667 0.75
140 -1.56667 -0.00523333 0.748889
141 -1.56667 -0.00713333 0.748889
142 -1.56667 -0.00633333 0.748889
143 -1.56667 -0.00494444 0.748889
144 -1.56667 -0.0051 0.751111
145 -1.56667 -0.00494444 0.75
146 -1.56667 -0.00531111 0.75
147 -1.56667 -0.00664444 0.75
148 -1.56667 -0.00826667 0.75
149 -1.56667 -0.00977778 0.75
150 -1.56667 -0.0108667 0.75
151 -1.56667 -0.0100333 0.751111
152 -1.56667 -0.00974444 0.751111
153 -1.56667 -0.00808889 0.751111
154 -1.56667 -0.00762222 0.75
155 -1.56667 -0.00691111 0.75
156 -1.56667 -0.00712222 0.748889
157 -1.56667 -0.00545556 0.748889
158 -1.56667 -0.00618889 0.748889
159 -1.56667 -0.00616667 0.746667
160 -1.56667 -0.0078 0.745556
161 -1.56667 -0.00825556 0.745556
162 -1.56667 -0.009 0.746667
163 -1.56667 -0.0105111 0.746667
164 -1.56667 -0.0124444 0.745556
165 -1.56667 -0.0128889 0.745556
166 -1.56667 -0.0147778 0.746667
167 -1.56667 -0.0158889 0.744444
168 -1.56667 -0.0154444 0.744444
169 -1.56667 -0.0141111 0.744444
170 -1.56667 -0.0165556 0.745556
171 -1.56667 -0.018 0.744444
172 -1.56667 -0.0185556 0.743333
173 -1.56667 -0.0184444 0.744444
174 -1.56667 -0.0177778 0.744444
175 -1.56667 -0.0176667 0.744444
176 -1.56667 -0.0186667 0.744444
177 -1.56667 -0.0186667 0.743333
178 -1.56667 -0.0191111 0.742222
179 -1.56667 -0.0195556 0.742222
180 -1.56667 -0.0178889 0.743333
181 -1.56667 -0.0165556 0.742222
182 -1.56667 -0.0165556 0.743333
183 -1.56667 -0.0153333 0.743333
184 -1.56667 -0.014 0.742222
185 -1.56667 -0.0141111 0.74
186 -1.56667 -0.016 0.737778
187 -1.56667 -0.0157778 0.737778
188 -1.56667 -0.0167778 0.738889
189 -1.56667 -0.0181111 0.738889
190 -1.56667 -0.0173333 0.74
191 -1.56667 -0.0171111 0.741111
192 -1.56667 -0.018 0.741111
193 -1.56667 -0.018 0.741111
194 -1.56667 -0.0171111 0.741111
195 -1.56667 -0.0156667 0.741111
196 -1.56667 -0.0163333 0.74
197 -1.56667 -0.0165556 0.74
198 -1.56667 -0.0173333 0.741111
199 -1.56667 -0.017 0.74
200 -1.56667 -0.0172222 0.74
201 -1.56667 -0.0178889 0.74
202 -1.56667 -0.0163333 0.738889
203 -1.56667 -0.0161111 0.738889
204 -1.56667 -0.0188889 0.74
205 -1.56667 -0.0174444 0.738889
206 -1.56667 -0.0177778 0.737778
207 -1.56667 -0.0177778 0.736667
208 -1.56667 -0.0174444 0.734444
209 -1.56667 -0.0173333 0.734444
210 -1.56667 -0.0155556 0.735556
211 -1.56667 -0.0146667 0.735556
212 -1.56667 -0.0141111 0.735556
213 -1.56667 -0.0158889 0.735556
214 -1.56667 -0.0167778 0.735556
215 -1.56667 -0.0168889 0.734444
216 -1.56667 -0.0175556 0.733333
217 -1.56667 -0.0174444 0.734444
218 -1.56667 -0.0176667 0.733333
219 -1.56667 -0.0182222 0.733333
220 -1.56667 -0.0178889 0.733333
221 -1.56667 -0.0205556 0.732222
222 -1.56667 -0.0188889 0.732222
223 -1.56667 -0.0197778 0.733333
224 -1.56667 -0.0212222 0.733333
225 -1.56667 -0.0217778 0.733333
226 -1.56667 -0.0213333 0.732222
227 -1.56667 -0.0203333 0.733333
228 -1.56667 -0.0208889 0.731111
229 -1.56667 -0.0201111 0.732222
230 -1.56667 -0.0196667 0.732222
231 -1.56667 -0.0181111 0.732222
232 -1.56667 -0.021 0.732222
233 -1.56667 -0.019 0.731111
234 -1.56667 -0.0192222 0.731111
235 -1.56667 -0.02 0.731111
236 -1.56667 -0.0202222 0.732222
237 -1.56667 -0.0205556 0.731111
238 -1.56667 -0.021 0.73
239 -1.56667 -0.0201111 0.731111
240 -1.56667 -0.02 0.73
241 -1.56667 -0.0195556 0.73
242 -1.56667 -0.0181111 0.73
243 -1.56667 -0.0173333 0.73
244 -1.56667 -0.0165556 0.73
245 -1.56667 -0.0181111 0.728889
246 -1.56667 -0.016 0.73
247 -1.56667 -0.0167778 0.73
248 -1.56667 -0.0171111 0.728889
249 -1.56667 -0.0167778 0.728889
250 -1.56667 -0.015 0.731111
251 -1.56667 -0.0144444 0.731111
252 -1.56667 -0.0137778 0.732222
253 -1.56667 -0.0146667 0.73
254 -1.55556 -0.0132222 0.731111
255 -1.56667 -0.013 0.731111
256 -1.55556 -0.014 0.732222
257 -1.55556 -0.0124444 0.733333
258 -1.56667 -0.0114444 0.733333
259 -1.56667 -0.0109667 0.733333
260 -1.56667 -0.0115556 0.734444
261 -1.56667 -0.0124444 0.734444
262 -1.56667 -0.0134444 0.732222
263 -1.56667 -0.0133333 0.734444
264 -1.56667 -0.0122222 0.734444
265 -1.56667 -0.0109667 0.733333
266 -1.56667 -0.0112222 0.732222
267 -1.56667 -0.0108889 0.732222
268 -1.56667 -0.00983333 0.732222
269 -1.56667 -0.00837778 0.731111
270 -1.56667 -0.00705556 0.731111
271 -1.56667 -0.00871111 0.731111
272 -1.56667 -0.00636667 0.731111
273 -1.56667 -0.00642222 0.732222
274 -1.56667 -0.00575556 0.731111
275 -1.56667 -0.00447778 0.732222
276 -1.56667 -0.00226667 0.73
277 -1.56667 -0.00202222 0.732222
278 -1.56667 -0.00205556 0.731111
279 -1.56667 -0.000962222 0.731111
280 -1.56667 -0.00344444 0.733333
281 -1.56667 4.28889e-05 0.733333
282 -1.56667 -0.00110778 0.733333
283 -1.56667 -0.00276667 0.732222
284 -1.56667 -0.00247778 0.73
285 -1.56667 -0.00283333 0.731111
286 -1.56667 -0.00271111 0.732222
287 -1.56667 -0.00312222 0.733333
288 -1.56667 -0.00216667 0.732222
289 -1.56667 -0.00286667 0.731111
290 -1.56667 -0.00212222 0.731111
291 -1.56667 -0.00301111 0.73
292 -1.56667 -0.00231111 0.731111
293 -1.56667 -0.000347778 0.731111
294 -1.56667 -0.00127778 0.73
295 -1.56667 0.000297778 0.73
296 -1.56667 -0.00117778 0.731111
297 -1.56667 -0.00291111 0.731111
298 -1.56667 -0.00202222 0.731111
299 -1.56667 -0.00346667 0.731111
300 -1.56667 -0.00316667 0.731111
301 -1.56667 -0.00147778 0.73
302 -1.56667 -0.00214444 0.73
303 -1.56667 -0.00326667 0.73
304 -1.56667 -0.00272222 0.73
305 -1.56667 -0.00434444 0.73
306 -1.56667 -0.00321111 0.73
307 -1.56667 -0.00474444 0.73
308 -1.56667 -0.00561111 0.731111
309 -1.56667 -0.00685556 0.731111
310 -1.56667 -0.00785556 0.73
311 -1.56667 -0.0059 0.73
312 -1.56667 -0.00358889 0.73
313 -1.56667 -0.00346667 0.728889
314 -1.56667 -0.00402222 0.73
315 -1.56667 -0.00196667 0.73
316 -1.56667 -0.00258889 0.73
317 -1.56667 -0.00308889 0.73
318 -1.56667 -0.0045 0.728889
319 -1.56667 -0.00386667 0.727778
320 -1.56667 -0.00344444 0.726667
321 -1.56667 -0.0026 0.726667
322 -1.56667 -0.000591111 0.727778
323 -1.56667 -0.0015 0.727778
324 -1.56667 -0.000908889 0.727778
325 -1.56667 -0.00100333 0.726667
326 -1.56667 -0.000906667 0.725556
327 -1.56667 -0.000192222 0.725556
328 -1.56667 0.000714444 0.725556
329 -1.56667 0.000332222 0.724444
330 -1.56667 5.68889e-05 0.725556
331 -1.56667 -0.000235556 0.725556
332 -1.56667 0.000323333 0.724444
333 -1.56667 -0.000381111 0.723333
334 -1.56667 -0.000596667 0.723333
335 -1.56667 -0.00141111 0.723333
336 -1.56667 -0.0031 0.724444
337 -1.56667 -0.00554444 0.723333
338 -1.56667 -0.00577778 0.724444
339 -1.56667 -0.00591111 0.723333
340 -1.56667 -0.00633333 0.722222
341 -1.56667 -0.00573333 0.721111
342 -1.56667 -0.00418889 0.722222
343 -1.56667 -0.00528889 0.722222
344 -1.56667 -0.0043 0.722222
345 -1.56667 -0.0042 0.722222
346 -1.56667 -0.00601111 0.722222
347 -1.56667 -0.00562222 0.722222
348 -1.56667 -0.00441111 0.722222
349 -1.56667 -0.00375556 0.723333
350 -1.56667 -0.00538889 0.723333
351 -1.56667 -0.0054 0.723333
352 -1.56667 -0.00521111 0.722222
353 -1.56667 -0.0072 0.723333
354 -1.56667 -0.00763333 0.723333
355 -1.56667 -0.00682222 0.723333
356 -1.56667 -0.00803333 0.723333
357 -1.56667 -0.00668889 0.723333
358 -1.56667 -0.00527778 0.722222
359 -1.56667 -0.00583333 0.723333
360 -1.56667 -0.00438889 0.723333
361 -1.56667 -0.00446667 0.724444
362 -1.56667 -0.00417778 0.723333
363 -1.56667 -0.00626667 0.725556
364 -1.56667 -0.00603333 0.725556
365 -1.56667 -0.0067 0.726667
366 -1.56667 -0.00562222 0.726667
367 -1.56667 -0.0041 0.727778
368 -1.56667 -0.00313333 0.727778
369 -1.56667 -0.00422222 0.727778
370 -1.57778 -0.0046 0.728889
371 -1.56667 -0.00101111 0.728889
372 -1.56667 -0.000902222 0.728889
373 -1.56667 -2.92222e-05 0.727778
374 -1.56667 0.000898889 0.727778
375 -1.56667 0.00205556 0.727778
376 -1.56667 0.00178889 0.727778
377 -1.56667 0.00174444 0.728889
378 -1.56667 0.00273333 0.727778
379 -1.56667 0.00411111 0.727778
380 -1.56667 0.00285556 0.727778
381 -1.56667 0.00268889 0.727778
382 -1.56667 0.00146667 0.726667
383 -1.56667 -0.000824444 0.726667
384 -1.56667 0.000407778 0.726667
385 -1.56667 -0.000958889 0.725556
386 -1.56667 -0.00115556 0.725556
387 -1.56667 0.00059 0.725556
388 -1.56667 0.000964444 0.726667
389 -1.56667 0.00024 0.726667
390 -1.56667 0.000338889 0.726667
391 -1.56667 -0.000448889 0.727778
392 -1.56667 0.00166667 0.726667
393 -1.56667 0.00294444 0.724444
394 -1.56667 0.00363333 0.724444
395 -1.56667 0.00263333 0.723333
396 -1.56667 0.00425556 0.724444
397 -1.56667 0.0044 0.724444
398 -1.56667 0.00497778 0.724444
399 -1.56667 0.00453333 0.724444
400 -1.56667 0.00401111 0.724444
401 -1.56667 0.00236667 0.723333
402 -1.56667 0.00234444 0.723333
403 -1.56667 0.00204444 0.724444
404 -1.56667 0.00254444 0.724444
405 -1.56667 0.00172222 0.724444
406 -1.56667 0.00154444 0.725556
407 -1.56667 0.000912222 0.723333
408 -1.56667 0.000115556 0.724444
409 -1.56667 0.00182222 0.723333
410 -1.56667 0.0024 0.724444
411 -1.56667 0.00312222 0.724444
412 -1.56667 0.00337778 0.725556
413 -1.56667 0.00257778 0.724444
414 -1.56667 0.00438889 0.723333
415 -1.56667 0.00486667 0.721111
416 -1.56667 0.00262222 0.72
417 -1.56667 0.00081 0.721111
418 -1.56667 0.000796667 0.721111
419 -1.56667 0.000902222 0.721111
420 -1.56667 0.00301111 0.721111
421 -1.56667 0.00541111 0.721111
422 -1.56667 0.00441111 0.721111
423 -1.56667 0.00527778 0.722222
424 -1.56667 0.00501111 0.722222
425 -1.56667 0.00566667 0.723333
426 -1.56667 0.00717778 0.724444
427 -1.56667 0.00785556 0.723333
428 -1.56667 0.00768889 0.724444
429 -1.56667 0.00881111 0.724444
430 -1.56667 0.00775556 0.723333
431 -1.56667 0.00586667 0.724444
432 -1.56667 0.00552222 0.724444
433 -1.56667 0.00554444 0.724444
434 -1.56667 0.00514444 0.723333
435 -1.56667 0.00405556 0.722222
436 -1.56667 0.00622222 0.723333
437 -1.56667 0.00594444 0.722222
438 -1.56667 0.0066 0.723333
439 -1.56667 0.00562222 0.722222
440 -1.56667 0.00421111 0.722222
441 -1.56667 0.00511111 0.721111
442 -1.56667 0.00597778 0.721111
443 -1.56667 0.00642222 0.722222
444 -1.56667 0.00667778 0.722222
445 -1.56667 0.00611111 0.722222
446 -1.56667 0.00594444 0.721111
447 -1.56667 0.00612222 0.721111
448 -1.56667 0.00756667 0.72
449 -1.56667 0.00865556 0.721111
450 -1.56667 0.00978889 0.723333
451 -1.56667 0.0108222 0.722222
452 -1.56667 0.0092 0.722222
453 -1.56667 0.00912222 0.722222
454 -1.56667 0.00744444 0.721111
455 -1.56667 0.0085 0.721111
456 -1.56667 0.00988889 0.722222
457 -1.56667 0.0114444 0.721111
458 -1.56667 0.0114444 0.721111
459 -1.56667 0.0116667 0.72
460 -1.56667 0.0138889 0.72
461 -1.56667 0.0142222 0.718889
462 -1.56667 0.0146667 0.718889
463 -1.56667 0.0146667 0.718889
464 -1.56667 0.0138889 0.718889
465 -1.56667 0.0136667 0.718889
466 -1.56667 0.0142222 0.718889
467 -1.56667 0.013 0.718889
468 -1.56667 0.0124444 0.72
469 -1.56667 0.0127778 0.721111
470 -1.56667 0.0112222 0.72
471 -1.56667 0.012 0.721111
472 -1.56667 0.0124444 0.721111
473 -1.56667 0.0122222 0.72
474 -1.56667 0.0131111 0.72
475 -1.56667 0.0122222 0.721111
476 -1.56667 0.0125556 0.721111
477 -1.56667 0.0118889 0.721111
478 -1.56667 0.0104333 0.722222
479 -1.56667 0.0109556 0.72
480 -1.56667 0.0115556 0.72
481 -1.56667 0.0105 0.718889
482 -1.56667 0.0124444 0.718889
483 -1.56667 0.0121111 0.717778
484 -1.56667 0.0113333 0.717778
485 -1.56667 0.0102889 0.717778
486 -1.56667 0.0123333 0.717778
487 -1.56667 0.0133333 0.716667
488 -1.56667 0.0124444 0.717778
489 -1.56667 0.0144444 0.717778
490 -1.56667 0.0131111 0.717778
491 -1.56667 0.0131111 0.717778
492 -1.56667 0.0131111 0.716667
493 -1.56667 0.0115556 0.715556
494 -1.56667 0.00994444 0.714444
495 -1.56667 0.0103444 0.713333
496 -1.56667 0.00911111 0.715556
497 -1.56667 0.00876667 0.714444
498 -1.56667 0.0071 0.714444
499 -1.56667 0.00678889 0.713333
500 -1.56667 0.00777778 0.713333
501 -1.56667 0.00854444 0.712222
502 -1.56667 0.00852222 0.712222
503 -1.56667 0.00531111 0.712222
504 -1.56667 0.00762222 0.712222
505 -1.56667 0.00803333 0.711111
506 -1.56667 0.00656667 0.711111
507 -1.56667 0.00843333 0.708889
508 -1.56667 0.00963333 0.708889
509 -1.56667 0.00984444 0.71
510 -1.56667 0.00986667 0.71
511 -1.56667 0.00866667 0.71
512 -1.56667 0.00982222 0.71
513 -1.56667 0.0112222 0.71
514 -1.56667 0.0117778 0.711111
515 -1.56667 0.0117778 0.711111
516 -1.56667 0.0103889 0.708889
517 -1.56667 0.0115556 0.708889
518 -1.56667 0.0111111 0.708889
519 -1.56667 0.0112222 0.707778
520 -1.56667 0.0106222 0.707778
521 -1.56667 0.0117778 0.705556
522 -1.56667 0.0121111 0.705556
523 -1.56667 0.0122222 0.705556
524 -1.56667 0.0121111 0.706667
525 -1.56667 0.0133333 0.708889
526 -1.56667 0.0142222 0.707778
527 -1.56667 0.0133333 0.707778
528 -1.56667 0.0144444 0.707778
529 -1.56667 0.0142222 0.707778
530 -1.56667 0.0157778 0.707778
531 -1.56667 0.0174444 0.707778
532 -1.56667 0.0156667 0.705556
533 -1.56667 0.0174444 0.706667
534 -1.56667 0.0188889 0.706667
535 -1.56667 0.0194444 0.707778
536 -1.56667 0.0196667 0.706667
537 -1.56667 0.0204444 0.706667
538 -1.56667 0.0203333 0.705556
539 -1.56667 0.0201111 0.706667
540 -1.56667 0.0213333 0.706667
541 -1.56667 0.022 0.707778
542 -1.56667 0.0227778 0.708889
543 -1.56667 0.023 0.707778
544 -1.56667 0.025 0.707778
545 -1.56667 0.0246667 0.707778
546 -1.56667 0.024 0.707778
547 -1.56667 0.0214444 0.707778
548 -1.56667 0.0201111 0.708889
549 -1.56667 0.0191111 0.71
550 -1.56667 0.0195556 0.708889
551 -1.56667 0.0187778 0.708889
552 -1.56667 0.0204444 0.708889
553 -1.56667 0.0204444 0.708889
554 -1.56667 0.0208889 0.708889
555 -1.56667 0.0188889 0.71
556 -1.56667 0.0182222 0.707778
557 -1.56667 0.0168889 0.707778
558 -1.56667 0.0183333 0.706667
559 -1.56667 0.0186667 0.706667
560 -1.56667 0.0162222 0.706667
561 -1.56667 0.0154444 0.707778
562 -1.56667 0.0126667 0.707778
563 -1.56667 0.0124444 0.707778
564 -1.56667 0.0113333 0.706667
565 -1.56667 0.00972222 0.706667
566 -1.56667 0.0103667 0.705556
567 -1.56667 0.0116667 0.706667
568 -1.56667 0.0103444 0.707778
569 -1.56667 0.00911111 0.705556
570 -1.56667 0.0111111 0.706667
571 -1.56667 0.0126667 0.706667
572 -1.56667 0.012 0.706667
573 -1.56667 0.0117778 0.706667
574 -1.56667 0.0114444 0.706667
575 -1.56667 0.012 0.705556
576 -1.56667 0.0115556 0.704444
577 -1.56667 0.0118889 0.703333
578 -1.56667 0.0109444 0.703333
579 -1.56667 0.0125556 0.703333
580 -1.56667 0.0142222 0.704444
581 -1.56667 0.0137778 0.704444
582 -1.56667 0.014 0.705556
583 -1.56667 0.0118889 0.705556
584 -1.56667 0.0116667 0.704444
585 -1.56667 0.0112222 0.704444
586 -1.56667 0.0104667 0.704444
587 -1.56667 0.0103889 0.704444
588 -1.56667 0.00976667 0.703333
589 -1.56667 0.00954444 0.703333
590 -1.56667 0.0104444 0.703333
591 -1.56667 0.0104556 0.702222
592 -1.56667 0.0112222 0.702222
593 -1.56667 0.0113333 0.701111
594 -1.56667 0.0110778 0.701111
595 -1.56667 0.0106111 0.7
596 -1.56667 0.0122222 0.698889
597 -1.56667 0.0138889 0.697778
598 -1.56667 0.0143333 0.697778
599 -1.55556 0.0135556 0.696667
600 -1.56667 0.0113333 0.697778
601 -1.56667 0.0112222 0.697778
602 -1.56667 0.0112222 0.697778
603 -1.56667 0.0114444 0.696667
604 -1.56667 0.0132222 0.696667
605 -1.56667 0.0152222 0.695556
606 -1.56667 0.0162222 0.695556
607 -1.56667 0.0158889 0.697778
608 -1.56667 0.0137778 0.697778
609 -1.56667 0.0132222 0.697778
610 -1.56667 0.0138889 0.698889
611 -1.56667 0.0151111 0.697778
612 -1.56667 0.015 0.696667
613 -1.56667 0.0161111 0.696667
614 -1.56667 0.015 0.696667
615 -1.56667 0.0151111 0.697778
616 -1.56667 0.0171111 0.696667
617 -1.56667 0.0162222 0.696667
618 -1.56667 0.0145556 0.696667
619 -1.56667 0.0136667 0.697778
620 -1.56667 0.014 0.697778
621 -1.56667 0.0112222 0.698889
622 -1.56667 0.0115556 0.698889
623 -1.56667 0.0121111 0.698889
624 -1.56667 0.0128889 0.698889
625 -1.56667 0.0128889 0.697778
626 -1.56667 0.0136667 0.696667
627 -1.56667 0.0147778 0.697778
628 -1.56667 0.0143333 0.698889
629 -1.56667 0.0127778 0.698889
630 -1.56667 0.0122222 0.7
631 -1.56667 0.0117778 0.698889
632 -1.56667 0.0115556 0.697778
633 -1.56667 0.0123333 0.698889
634 -1.56667 0.0124444 0.697778
635 -1.56667 0.013 0.698889
636 -1.56667 0.0123333 0.697778
637 -1.56667 0.0125556 0.697778
638 -1.56667 0.0132222 0.696667
639 -1.56667 0.0151111 0.696667
640 -1.56667 0.0166667 0.697778
641 -1.56667 0.0165556 0.695556
642 -1.56667 0.0173333 0.695556
643 -1.56667 0.0183333 0.695556
644 -1.56667 0.0182222 0.695556
645 -1.56667 0.0196667 0.695556
646 -1.56667 0.021 0.695556
647 -1.56667 0.0205556 0.695556
648 -1.56667 0.0204444 0.695556
649 -1.56667 0.0205556 0.695556
650 -1.56667 0.0205556 0.694444
651 -1.56667 0.0205556 0.695556
652 -1.56667 0.023 0.694444
653 -1.56667 0.0228889 0.693333
654 -1.56667 0.0215556 0.694444
655 -1.56667 0.0207778 0.694444
656 -1.56667 0.0237778 0.693333
657 -1.56667 0.023 0.694444
658 -1.56667 0.0231111 0.694444
659 -1.56667 0.0221111 0.695556
660 -1.56667 0.0216667 0.694444
661 -1.56667 0.0231111 0.694444
662 -1.56667 0.0235556 0.694444
663 -1.56667 0.0245556 0.693333
664 -1.56667 0.023 0.694444
665 -1.56667 0.0224444 0.695556
666 -1.56667 0.0233333 0.695556
667 -1.56667 0.0222222 0.696667
668 -1.56667 0.0216667 0.696667
669 -1.56667 0.0215556 0.695556
670 -1.56667 0.0214444 0.696667
671 -1.56667 0.0225556 0.695556
672 -1.56667 0.0221111 0.694444
673 -1.56667 0.024 0.694444
674 -1.56667 0.0242222 0.694444
675 -1.56667 0.0235556 0.693333
676 -1.56667 0.024 0.693333
677 -1.56667 0.0238889 0.694444
678 -1.56667 0.0233333 0.695556
679 -1.56667 0.0226667 0.694444
680 -1.56667 0.0228889 0.694444
681 -1.56667 0.0233333 0.695556
682 -1.56667 0.0242222 0.695556
683 -1.56667 0.0216667 0.696667
684 -1.56667 0.0218889 0.697778
685 -1.56667 0.0203333 0.697778
686 -1.56667 0.0217778 0.696667
687 -1.56667 0.0215556 0.695556
688 -1.56667 0.0215556 0.696667
689 -1.56667 0.0212222 0.697778
690 -1.56667 0.0213333 0.696667
691 -1.56667 0.0228889 0.695556
692 -1.56667 0.0226667 0.696667
693 -1.56667 0.0207778 0.697778
694 -1.56667 0.0201111 0.697778
695 -1.56667 0.0205556 0.697778
696 -1.56667 0.021 0.697778
697 -1.56667 0.0216667 0.697778
698 -1.56667 0.0215556 0.697778
699 -1.56667 0.0236667 0.696667
700 -1.56667 0.0238889 0.698889
701 -1.56667 0.0255556 0.697778
702 -1.55556 0.0247778 0.696667
703 -1.56667 0.0243333 0.698889
704 -1.56667 0.0285556 0.698889
705 -1.56667 0.0286667 0.698889
706 -1.56667 0.0285556 0.697778
707 -1.56667 0.0286667 0.697778
708 -1.56667 0.027 0.697778
709 -1.56667 0.0257778 0.697778
710 -1.56667 0.0258889 0.698889
711 -1.56667 0.0241111 0.697778
712 -1.56667 0.0233333 0.698889
713 -1.56667 0.0217778 0.698889
714 -1.56667 0.024 0.697778
715 -1.56667 0.0245556 0.696667
716 -1.56667 0.0251111 0.696667
717 -1.56667 0.025 0.696667
718 -1.56667 0.0235556 0.695556
719 -1.56667 0.0214444 0.695556
720 -1.56667 0.0208889 0.695556
721 -1.56667 0.0212222 0.694444
722 -1.56667 0.02 0.695556
723 -1.56667 0.0194444 0.696667
724 -1.56667 0.0188889 0.696667
725 -1.56667 0.0195556 0.695556
726 -1.56667 0.0194444 0.695556
727 -1.56667 0.02 0.695556
728 -1.56667 0.0187778 0.695556
729 -1.56667 0.0184444 0.694444
730 -1.56667 0.0191111 0.693333
731 -1.56667 0.0194444 0.693333
732 -1.56667 0.0188889 0.693333
733 -1.56667 0.0192222 0.694444
734 -1.56667 0.0197778 0.695556
735 -1.56667 0.0194444 0.694444
736 -1.56667 0.0191111 0.692222
737 -1.56667 0.0187778 0.691111
738 -1.55556 0.0177778 0.688889
739 -1.55556 0.0157778 0.687778
740 -1.55556 0.0171111 0.686667
741 -1.55556 0.0162222 0.686667
742 -1.55556 0.0177778 0.687778
743 -1.56667 0.0186667 0.687778
744 -1.56667 0.0193333 0.688889
745 -1.56667 0.0194444 0.687778
746 -1.56667 0.0198889 0.688889
747 -1.56667 0.0208889 0.69
748 -1.56667 0.0218889 0.69
749 -1.56667 0.022 0.69
750 -1.56667 0.0235556 0.688889
751 -1.56667 0.0245556 0.687778
752 -1.56667 0.0223333 0.688889
753 -1.56667 0.0218889 0.688889
754 -1.56667 0.0193333 0.69
755 -1.56667 0.0202222 0.691111
756 -1.56667 0.0197778 0.69
757 -1.56667 0.0202222 0.69
758 -1.56667 0.0206667 0.688889
759 -1.56667 0.0176667 0.687778
760 -1.56667 0.0181111 0.687778
761 -1.56667 0.0171111 0.687778
762 -1.56667 0.0188889 0.686667
763 -1.56667 0.02 0.686667
764 -1.56667 0.0211111 0.685556
765 -1.56667 0.022 0.686667
766 -1.56667 0.0226667 0.686667
767 -1.56667 0.0224444 0.686667
768 -1.56667 0.0211111 0.685556
769 -1.56667 0.0208889 0.685556
770 -1.56667 0.0206667 0.685556
771 -1.56667 0.0211111 0.684444
772 -1.56667 0.0214444 0.685556
773 -1.56667 0.0216667 0.684444
774 -1.55556 0.0223333 0.685556
775 -1.56667 0.0212222 0.684444
776 -1.56667 0.0216667 0.684444
777 -1.56667 0.0212222 0.683333
778 -1.56667 0.0191111 0.683333
779 -1.56667 0.0184444 0.684444
780 -1.56667 0.0194444 0.683333
781 -1.56667 0.0181111 0.682222
782 -1.56667 0.0174444 0.682222
783 -1.56667 0.0171111 0.681111
784 -1.56667 0.0158889 0.681111
785 -1.56667 0.0163333 0.68
786 -1.56667 0.0173333 0.678889
787 -1.56667 0.0158889 0.677778
788 -1.56667 0.0157778 0.676667
789 -1.56667 0.0161111 0.676667
790 -1.56667 0.0152222 0.677778
791 -1.56667 0.0167778 0.678889
792 -1.56667 0.0181111 0.68
793 -1.56667 0.0188889 0.68
794 -1.56667 0.0181111 0.681111
795 -1.56667 0.0187778 0.682222
796 -1.56667 0.0197778 0.682222
797 -1.56667 0.0203333 0.681111
798 -1.56667 0.0212222 0.683333
799 -1.56667 0.0215556 0.683333
800 -1.56667 0.0204444 0.683333
801 -1.56667 0.0202222 0.682222
802 -1.56667 0.0202222 0.682222
803 -1.56667 0.0175556 0.682222
804 -1.56667 0.0185556 0.682222
805 -1.56667 0.0181111 0.683333
806 -1.56667 0.0192222 0.683333
807 -1.56667 0.0191111 0.683333
808 -1.56667 0.0185556 0.682222
809 -1.56667 0.018 0.683333
810 -1.56667 0.0165556 0.684444
811 -1.56667 0.0156667 0.684444
812 -1.56667 0.0176667 0.685556
813 -1.56667 0.019 0.685556
814 -1.56667 0.0187778 0.683333
815 -1.56667 0.0201111 0.684444
816 -1.56667 0.0196667 0.684444
817 -1.56667 0.0198889 0.683333
818 -1.56667 0.0193333 0.682222
819 -1.56667 0.0186667 0.682222
820 -1.56667 0.0183333 0.682222
821 -1.56667 0.019 0.683333
822 -1.56667 0.0185556 0.683333
823 -1.56667 0.0186667 0.683333
824 -1.56667 0.0177778 0.682222
825 -1.56667 0.0197778 0.681111
826 -1.56667 0.0192222 0.681111
827 -1.55556 0.0185556 0.681111
828 -1.56667 0.018 0.681111
829 -1.56667 0.0183333 0.681111
830 -1.56667 0.0173333 0.682222
831 -1.56667 0.016 0.682222
832 -1.56667 0.0166667 0.683333
833 -1.56667 0.016 0.683333
834 -1.56667 0.0154444 0.683333
835 -1.56667 0.0143333 0.684444
836 -1.56667 0.0138889 0.683333
837 -1.56667 0.0122222 0.681111
838 -1.56667 0.012 0.682222
839 -1.56667 0.0112222 0.683333
840 -1.56667 0.0117778 0.684444
841 -1.56667 0.012 0.684444
842 -1.56667 0.00986667 0.684444
843 -1.56667 0.0112222 0.684444
844 -1.56667 0.00953333 0.685556
845 -1.56667 0.0104 0.684444
846 -1.56667 0.0118889 0.684444
847 -1.56667 0.0123333 0.684444
848 -1.56667 0.0108111 0.683333
849 -1.56667 0.0122222 0.682222
850 -1.56667 0.0138889 0.682222
851 -1.56667 0.0145556 0.683333
852 -1.56667 0.0144444 0.684444
853 -1.56667 0.0132222 0.684444
854 -1.56667 0.0141111 0.683333
855 -1.56667 0.0124444 0.684444
856 -1.56667 0.0123333 0.684444
857 -1.56667 0.0133333 0.683333
858 -1.56667 0.0125556 0.683333
859 -1.56667 0.0136667 0.684444
860 -1.56667 0.0125556 0.683333
861 -1.56667 0.0128889 0.685556
862 -1.56667 0.0135556 0.685556
863 -1.56667 0.0125556 0.685556
864 -1.56667 0.0115556 0.686667
865 -1.56667 0.0121111 0.686667
866 -1.56667 0.0117778 0.686667
867 -1.56667 0.0132222 0.687778
868 -1.56667 0.0136667 0.687778
869 -1.56667 0.0125556 0.686667
870 -1.56667 0.0124444 0.686667
871 -1.56667 0.0132222 0.684444
872 -1.56667 0.014 0.686667
873 -1.56667 0.0147778 0.686667
874 -1.56667 0.0132222 0.686667
875 -1.56667 0.0124444 0.688889
876 -1.56667 0.0117778 0.687778
877 -1.56667 0.0122222 0.687778
878 -1.56667 0.0112222 0.687778
879 -1.56667 0.0122222 0.687778
880 -1.56667 0.0132222 0.687778
881 -1.56667 0.0131111 0.686667
882 -1.56667 0.0118889 0.685556
883 -1.56667 0.0135556 0.685556
884 -1.56667 0.014 0.684444
885 -1.56667 0.0144444 0.683333
886 -1.56667 0.0131111 0.684444
887 -1.56667 0.0118889 0.684444
888 -1.56667 0.00976667 0.685556
889 -1.56667 0.00898889 0.685556
890 -1.56667 0.0087 0.686667
891 -1.56667 0.00755556 0.685556
892 -1.56667 0.00753333 0.685556
893 -1.56667 0.00917778 0.686667
894 -1.56667 0.00975556 0.686667
895 -1.56667 0.00953333 0.686667
896 -1.56667 0.0104444 0.686667
897 -1.56667 0.0103333 0.685556
898 -1.56667 0.00933333 0.686667
899 -1.56667 0.00698889 0.686667
900 -1.56667 0.0069 0.684444
901 -1.56667 0.00566667 0.684444
902 -1.56667 0.0049 0.685556
903 -1.56667 0.00526667 0.684444
904 -1.56667 0.00561111 0.684444
905 -1.56667 0.00698889 0.683333
906 -1.56667 0.00897778 0.683333
907 -1.56667 0.00843333 0.682222
908 -1.56667 0.00722222 0.682222
909 -1.56667 0.00892222 0.681111
910 -1.56667 0.0101778 0.682222
911 -1.56667 0.0105889 0.682222
912 -1.56667 0.0113333 0.683333
913 -1.56667 0.0106667 0.681111
914 -1.56667 0.0127778 0.681111
915 -1.56667 0.0138889 0.682222
916 -1.56667 0.0133333 0.681111
917 -1.56667 0.0145556 0.68
918 -1.56667 0.0141111 0.68
919 -1.56667 0.0137778 0.678889
920 -1.56667 0.0132222 0.677778
921 -1.55556 0.0132222 0.678889
922 -1.55556 0.0136667 0.678889
923 -1.56667 0.014 0.677778
924 -1.56667 0.012 0.678889
925 -1.56667 0.0108333 0.68
926 -1.56667 0.0110111 0.68
927 -1.56667 0.00877778 0.68
928 -1.56667 0.0108667 0.681111
929 -1.56667 0.0128889 0.681111
930 -1.56667 0.0143333 0.681111
931 -1.56667 0.0148889 0.681111
932 -1.56667 0.0153333 0.68
933 -1.56667 0.0165556 0.681111
934 -1.56667 0.0181111 0.682222
935 -1.55556 0.0173333 0.681111
936 -1.56667 0.0167778 0.682222
937 -1.56667 0.0181111 0.682222
938 -1.56667 0.0184444 0.681111
939 -1.56667 0.0194444 0.68
940 -1.56667 0.0193333 0.68
941 -1.56667 0.0207778 0.68
942 -1.56667 0.022 0.681111
943 -1.56667 0.0204444 0.68
944 -1.56667 0.0193333 0.681111
945 -1.56667 0.0197778 0.682222
946 -1.56667 0.0207778 0.683333
947 -1.56667 0.0217778 0.683333
948 -1.56667 0.0212222 0.684444
949 -1.56667 0.0226667 0.684444
950 -1.56667 0.0238889 0.684444
951 -1.56667 0.0228889 0.684444
952 -1.56667 0.0221111 0.684444
953 -1.56667 0.024 0.682222
954 -1.56667 0.0234444 0.681111
955 -1.56667 0.0232222 0.681111
956 -1.56667 0.0233333 0.681111
957 -1.56667 0.0238889 0.682222
958 -1.56667 0.0247778 0.681111
959 -1.56667 0.0254444 0.681111
960 -1.56667 0.0254444 0.682222
961 -1.56667 0.0272222 0.681111
962 -1.56667 0.0278889 0.682222
963 -1.56667 0.0272222 0.681111
964 -1.56667 0.0274444 0.682222
965 -1.56667 0.0276667 0.682222
966 -1.56667 0.0263333 0.682222
967 -1.56667 0.0277778 0.683333
968 -1.56667 0.029 0.685556
969 -1.56667 0.0283333 0.684444
970 -1.56667 0.0295556 0.684444
971 -1.56667 0.0293333 0.684444
972 -1.56667 0.0313333 0.684444
973 -1.56667 0.0338889 0.684444
974 -1.56667 0.0356667 0.683333
975 -1.56667 0.0354444 0.684444
976 -1.56667 0.0363333 0.684444
977 -1.56667 0.0362222 0.683333
978 -1.56667 0.0375556 0.682222
979 -1.56667 0.039 0.681111
980 -1.56667 0.0387778 0.681111
981 -1.56667 0.0387778 0.68
982 -1.56667 0.0415556 0.681111
983 -1.56667 0.0406667 0.68
984 -1.56667 0.0416667 0.678889
985 -1.55556 0.0404444 0.678889
986 -1.55556 0.0428889 0.678889
987 -1.56667 0.0446667 0.68
988 -1.56667 0.0454444 0.678889
989 -1.56667 0.0441111 0.678889
990 -1.56667 0.0446667 0.678889
991 -1.56667 0.0455556 0.678889
992 -1.56667 0.0448889 0.677778
993 -1.56667 0.0443333 0.678889
994 -1.56667 0.0434444 0.68
995 -1.56667 0.0441111 0.68
996 -1.56667 0.0447778 0.68
997 -1.56667 0.0448889 0.678889
998 -1.56667 0.0448889 0.68
999 -1.56667 0.0465556 0.68
1000 -1.56667 0.0481111 0.68
