#Sweep   Energia    Magn X    Magn Y
1 -1.7 -0.00147 0.917
2 -1.46 -0.00528 0.838
3 -1.27 -0.00769 0.761
4 -1.11 -0.00972 0.686
5 -0.966 -0.0177 0.608
6 -0.877 -0.0117 0.545
7 -0.812 -0.0182 0.482
8 -0.754 -0.0256 0.429
9 -0.704 -0.0223 0.371
10 -0.668 -0.0114 0.33
11 -0.616 -0.0125 0.288
12 -0.607 -0.00321 0.249
13 -0.586 -0.00118 0.21
14 -0.575 -0.00327 0.187
15 -0.572 -0.000152 0.157
16 -0.562 0.00917 0.125
17 -0.553 0.00611 0.111
18 -0.547 -0.000336 0.113
19 -0.547 -0.000948 0.0951
20 -0.544 -0.00116 0.0817
21 -0.557 -0.0104 0.0781
22 -0.546 -0.00764 0.059
23 -0.553 -0.0135 0.0527
24 -0.537 -0.0157 0.0521
25 -0.556 -0.0126 0.0483
26 -0.551 -0.00483 0.0371
27 -0.544 0.00874 0.0212
28 -0.571 0.000408 0.028
29 -0.567 0.00407 0.0198
30 -0.535 0.00733 0.0152
31 -0.559 0.0158 0.00649
32 -0.559 0.0193 0.00226
33 -0.546 -0.00151 0.000684
34 -0.546 0.00435 0.00677
35 -0.541 0.00489 0.00142
36 -0.545 0.00583 0.00179
37 -0.544 0.00635 0.00263
38 -0.564 0.00205 0.00316
39 -0.548 0.0117 -0.00439
40 -0.551 0.00867 -0.00893
41 -0.55 0.00815 -0.0178
42 -0.561 0.0133 -0.0031
43 -0.554 0.00562 0.00183
44 -0.551 0.000757 0.00492
45 -0.553 0.00802 0.000887
46 -0.546 0.00554 0.0161
47 -0.543 0.000204 0.00832
48 -0.542 0.0139 -0.00217
49 -0.538 0.00679 -0.0054
50 -0.528 -4.69e-05 -0.0119
51 -0.529 0.0106 -0.00658
52 -0.532 0.00203 -0.0067
53 -0.534 0.00869 -0.0103
54 -0.548 0.0111 0.00391
55 -0.548 0.0248 0.00117
56 -0.544 0.0336 -0.00592
57 -0.564 0.0535 0.00137
58 -0.55 0.0421 0.00702
59 -0.528 0.0353 0.0203
60 -0.519 0.0368 0.00444
61 -0.526 0.0294 0.00498
62 -0.528 0.0331 0.00362
63 -0.554 0.0179 0.0118
64 -0.552 0.0241 0.0141
65 -0.545 0.02 -6.56e-05
66 -0.526 0.00865 0.00551
67 -0.544 0.0147 0.00911
68 -0.564 0.0113 0.00729
69 -0.556 0.00267 0.014
70 -0.535 0.00835 0.00266
71 -0.545 0.00904 -0.00136
72 -0.534 0.0118 0.00325
73 -0.536 0.0207 -0.00777
74 -0.558 0.0234 -0.00428
75 -0.563 0.0109 -0.00493
76 -0.561 0.00717 0.000942
77 -0.554 0.00866 2.88e-05
78 -0.546 0.00578 -0.00499
79 -0.551 0.00683 -0.0184
80 -0.546 -0.00545 -0.0127
81 -0.559 -0.00669 -0.0146
82 -0.567 -0.0105 -0.0131
83 -0.556 -0.0112 -0.0129
84 -0.536 -0.0118 -0.00491
85 -0.534 -0.00516 -0.00209
86 -0.545 -0.00677 0.00257
87 -0.553 -0.00784 -0.00104
88 -0.553 -0.00411 0.00367
89 -0.555 -0.00619 0.0242
90 -0.539 -0.0104 0.0233
91 -0.567 0.00248 0.0344
92 -0.559 -0.00538 0.0283
93 -0.552 0.00824 0.0274
94 -0.55 -0.0038 0.0267
95 -0.531 -0.00605 0.0364
96 -0.539 -0.00537 0.0293
97 -0.541 -0.00379 0.0239
98 -0.547 -0.00894 0.018
99 -0.557 -0.00858 0.0184
100 -0.562 -0.0196 -0.00138
101 -0.563 -0.0214 0.0163
102 -0.544 -0.00854 0.00351
103 -0.546 -0.0243 0.00614
104 -0.555 -0.0252 -4.39e-05
105 -0.563 -0.0102 -0.0113
106 -0.568 -0.0115 -0.00873
107 -0.567 -0.00616 0.00139
108 -0.559 -0.0157 0.00171
109 -0.541 -0.0196 0.0142
110 -0.549 -0.0153 0.0268
111 -0.547 -0.0164 0.0397
112 -0.546 -0.0104 0.0289
113 -0.532 -0.00521 0.0369
114 -0.537 -0.0119 0.0357
115 -0.533 -0.0125 0.0277
116 -0.537 -0.00639 0.0185
117 -0.554 0.00741 0.009
118 -0.552 0.011 0.0248
119 -0.552 0.00761 0.0314
120 -0.551 0.00531 0.0194
121 -0.554 -0.00337 0.0182
122 -0.547 0.00281 0.00327
123 -0.551 -0.00307 0.00248
124 -0.542 0.00531 0.00941
125 -0.545 0.00151 0.00835
126 -0.547 -0.00257 0.00822
127 -0.552 -0.000865 -0.00237
128 -0.554 0.00451 0.00265
129 -0.544 -0.00595 0.00495
130 -0.549 -0.00653 0.000998
131 -0.544 -0.011 0.0015
132 -0.53 -0.00508 -0.00168
133 -0.53 -0.00365 -0.00212
134 -0.549 -0.00273 0.00342
135 -0.553 -0.0174 -0.00182
136 -0.555 -0.0212 0.00067
137 -0.578 -0.0179 -0.0076
138 -0.572 -0.0153 -0.012
139 -0.562 -0.0285 -0.017
140 -0.557 -0.0232 -0.0161
141 -0.533 -0.0197 -0.00822
142 -0.527 -0.0173 -0.0172
143 -0.533 -0.0244 -0.0296
144 -0.531 -0.0192 -0.0314
145 -0.539 -0.0246 -0.0308
146 -0.544 -0.0259 -0.0188
147 -0.556 -0.0145 -0.028
148 -0.558 -0.0263 -0.0159
149 -0.542 -0.0157 -0.0102
150 -0.534 -0.00656 -0.00278
151 -0.531 -0.0161 -0.00624
152 -0.537 -0.0242 -0.0042
153 -0.548 -0.0298 0.00342
154 -0.543 -0.0243 -0.0028
155 -0.568 -0.0281 -0.00756
156 -0.563 -0.0307 0.00419
157 -0.556 -0.0267 -0.00136
158 -0.559 -0.0289 0.00385
159 -0.561 -0.0235 0.0028
160 -0.561 -0.0183 0.000358
161 -0.557 -0.00642 0.00961
162 -0.548 -0.014 0.0227
163 -0.557 -0.00914 0.0255
164 -0.564 -0.00971 0.0235
165 -0.551 -0.0111 0.0137
166 -0.532 -0.00668 0.0153
167 -0.542 -0.00458 0.0103
168 -0.538 -0.00658 0.00748
169 -0.548 -0.0136 0.0132
170 -0.534 -0.0221 0.00568
171 -0.532 -0.0159 0.0124
172 -0.536 -0.0193 0.017
173 -0.527 -0.00844 0.00787
174 -0.546 0.000424 0.0018
175 -0.545 -0.00154 0.0022
176 -0.546 -0.000393 -0.00289
177 -0.56 -0.0115 0.0106
178 -0.56 -0.00352 0.0159
179 -0.541 -0.00889 0.0104
180 -0.541 -0.0142 0.017
181 -0.521 -0.00441 0.0127
182 -0.53 -0.00873 0.0252
183 -0.526 -0.0143 0.0245
184 -0.554 -0.0248 0.0233
185 -0.554 -0.029 0.0122
186 -0.567 -0.0153 0.00805
187 -0.579 -0.00798 0.00897
188 -0.556 -0.0102 0.014
189 -0.565 -0.0164 0.0259
190 -0.567 -0.0202 0.0279
191 -0.555 -0.0242 0.0236
192 -0.553 -0.0215 0.0252
193 -0.546 -0.0214 0.0235
194 -0.551 -0.0177 0.0156
195 -0.553 -0.0142 0.0279
196 -0.556 -0.0136 0.0257
197 -0.539 -0.0151 0.0214
198 -0.532 -0.0135 0.0228
199 -0.54 -0.0141 0.0172
200 -0.557 -0.0183 0.0149
201 -0.554 -0.00917 0.0142
202 -0.564 0.00148 0.0113
203 -0.542 0.00192 0.00786
204 -0.537 -0.00655 0.0122
205 -0.55 -0.00623 0.00286
206 -0.551 -0.0155 0.0103
207 -0.56 -0.0122 0.000796
208 -0.563 -0.00655 -0.00172
209 -0.543 -0.013 -0.00635
210 -0.55 -0.028 -0.00981
211 -0.552 -0.034 0.00223
212 -0.547 -0.0364 -0.00881
213 -0.557 -0.0336 -0.00408
214 -0.539 -0.0325 -0.00616
215 -0.535 -0.0209 -0.00716
216 -0.54 -0.0271 -0.00996
217 -0.54 -0.0224 -0.0125
218 -0.536 -0.0153 -0.0274
219 -0.54 -0.00748 -0.0237
220 -0.54 -0.00118 -0.0162
221 -0.535 0.00991 -0.0241
222 -0.547 0.00271 -0.0196
223 -0.536 -0.0061 -0.0179
224 -0.516 0.000642 -0.0124
225 -0.534 -0.00311 -0.00441
226 -0.534 -0.00821 -0.00253
227 -0.541 0.00506 0.0103
228 -0.56 -0.00258 0.00762
229 -0.555 -0.0154 0.0148
230 -0.549 -0.0108 0.0135
231 -0.55 -0.00327 -0.00104
232 -0.558 0.00773 -0.00882
233 -0.537 0.016 -0.0136
234 -0.535 0.013 -0.0207
235 -0.533 0.00151 -0.0179
236 -0.522 -0.00223 -0.0311
237 -0.524 0.00412 -0.0253
238 -0.532 0.00247 -0.0246
239 -0.533 0.00832 -0.0343
240 -0.536 0.01 -0.0289
241 -0.543 0.00496 -0.024
242 -0.54 0.00832 -0.0241
243 -0.554 0.00114 -0.0182
244 -0.556 0.00661 -0.0155
245 -0.543 -0.00644 -0.0106
246 -0.552 -0.00295 -0.0141
247 -0.559 -0.00644 -0.0166
248 -0.559 0.00676 0.0019
249 -0.559 -0.00407 -0.000949
250 -0.565 -0.00306 0.00587
251 -0.553 -0.0138 0.000839
252 -0.557 -0.014 0.00568
253 -0.553 -0.0225 0.0127
254 -0.55 -0.0121 0.00933
255 -0.541 0.000674 0.0122
256 -0.533 0.00844 0.0172
257 -0.554 0.0118 0.018
258 -0.559 0.00679 0.02
259 -0.559 -0.000256 0.0254
260 -0.551 0.0128 0.0314
261 -0.552 0.0179 0.0223
262 -0.559 0.0101 0.0187
263 -0.562 -0.00432 0.0213
264 -0.559 -0.00962 0.0141
265 -0.555 -0.0132 0.00164
266 -0.558 -0.0172 0.00224
267 -0.564 -0.012 0.000896
268 -0.563 -0.00808 0.00299
269 -0.571 -0.00512 0.000954
270 -0.556 0.00995 0.00168
271 -0.544 -0.000328 0.0105
272 -0.529 0.000323 0.0109
273 -0.543 -0.00424 0.00977
274 -0.532 -0.00449 0.00406
275 -0.557 -0.00984 -0.000526
276 -0.543 -0.00121 -0.0127
277 -0.555 -0.00212 -0.000372
278 -0.534 -0.001 -0.0135
279 -0.529 -0.00861 -0.00253
280 -0.531 -0.00251 0.0097
281 -0.55 0.000557 0.014
282 -0.551 0.00472 0.0131
283 -0.546 -0.00198 0.0021
284 -0.558 0.00781 0.000577
285 -0.552 0.00554 -0.00449
286 -0.559 0.00724 -0.0118
287 -0.545 0.00278 -0.0171
288 -0.539 0.00454 -0.0184
289 -0.552 0.00226 -0.00746
290 -0.542 0.0142 0.00493
291 -0.553 0.00396 0.000875
292 -0.56 0.00294 0.00152
293 -0.557 -0.00378 -0.00559
294 -0.55 0.016 -0.00788
295 -0.56 0.0229 -0.0117
296 -0.543 0.0143 -0.0171
297 -0.539 0.0259 -0.0213
298 -0.537 0.0227 -0.0177
299 -0.531 0.0309 -0.0202
300 -0.541 0.0278 -0.0209
301 -0.549 0.0245 -0.0195
302 -0.561 0.0217 -0.0131
303 -0.556 0.0257 -0.00353
304 -0.556 0.0325 -0.0022
305 -0.547 0.0326 -0.00501
306 -0.548 0.0224 0.00142
307 -0.547 0.00974 0.00836
308 -0.547 0.0144 0.0128
309 -0.526 0.0249 0.00155
310 -0.53 0.0149 0.00109
311 -0.534 0.0248 0.00122
312 -0.541 0.023 0.00189
313 -0.541 0.0151 0.00112
314 -0.558 0.0211 0.00315
315 -0.544 0.0392 -0.0136
316 -0.539 0.0197 -0.0135
317 -0.562 0.0196 -0.00497
318 -0.556 0.0233 0.000379
319 -0.56 0.0238 0.00314
320 -0.548 0.0243 0.00211
321 -0.523 0.0229 0.000976
322 -0.537 0.0176 0.00463
323 -0.54 0.00785 0.00106
324 -0.548 0.00129 0.00396
325 -0.553 0.00212 0.00477
326 -0.549 0.00526 -0.00641
327 -0.547 0.00551 -0.0146
328 -0.542 -0.00259 -0.0188
329 -0.532 0.00263 -0.0127
330 -0.541 0.00818 -0.003
331 -0.561 -0.00128 0.00173
332 -0.543 0.00481 -0.00274
333 -0.544 0.00474 -0.0125
334 -0.544 0.00988 -0.0176
335 -0.536 0.00272 -0.0133
336 -0.546 0.00276 -0.00441
337 -0.551 0.00826 -0.0113
338 -0.541 0.0117 -0.0172
339 -0.557 0.0113 -0.0186
340 -0.548 0.0135 -0.0219
341 -0.564 0.00231 -0.0215
342 -0.552 0.0039 -0.0316
343 -0.554 0.00335 -0.0172
344 -0.541 -0.00271 -0.015
345 -0.537 0.00129 -0.00794
346 -0.545 -0.00421 -0.00614
347 -0.544 -0.00629 -0.0144
348 -0.543 0.0027 -0.0302
349 -0.544 -0.000798 -0.0375
350 -0.551 0.00385 -0.0337
351 -0.554 0.0176 -0.0251
352 -0.562 0.0205 -0.027
353 -0.553 0.03 -0.0147
354 -0.547 0.025 -0.0109
355 -0.549 0.00951 -0.00644
356 -0.542 0.00952 -0.00411
357 -0.55 0.0174 -0.00286
358 -0.562 0.00905 -0.0142
359 -0.545 0.0162 -0.0198
360 -0.538 0.0123 -0.0181
361 -0.55 0.00921 -0.0307
362 -0.56 0.0148 -0.0372
363 -0.565 0.025 -0.029
364 -0.556 0.0121 -0.021
365 -0.555 0.0155 -0.0333
366 -0.542 0.0105 -0.034
367 -0.546 0.0124 -0.0348
368 -0.548 0.00803 -0.0285
369 -0.543 0.00731 -0.00949
370 -0.543 0.011 -0.00942
371 -0.532 0.0118 -0.0093
372 -0.528 0.00553 -0.013
373 -0.538 0.00247 -0.0134
374 -0.542 -0.00589 -0.00643
375 -0.564 0.0022 -0.00487
376 -0.53 -0.00224 0.0152
377 -0.523 -0.0159 0.0214
378 -0.547 -0.0107 0.0191
379 -0.557 -0.0108 0.00871
380 -0.532 -0.0093 0.00715
381 -0.531 -0.0142 0.00351
382 -0.543 -0.00724 0.00731
383 -0.55 -0.0143 0.000252
384 -0.555 -0.0201 -0.00132
385 -0.538 -0.00866 0.0139
386 -0.542 -0.00777 0.00883
387 -0.555 -0.00492 0.00901
388 -0.563 -0.0135 0.00972
389 -0.553 -0.0179 0.0149
390 -0.546 -0.00623 0.0193
391 -0.556 -0.00714 0.0129
392 -0.535 -0.00796 0.0205
393 -0.538 0.00144 0.0234
394 -0.538 0.0106 0.00759
395 -0.559 0.017 0.00129
396 -0.545 0.0119 0.00624
397 -0.527 0.000408 0.000925
398 -0.545 -0.00749 0.0125
399 -0.538 -0.00195 0.0152
400 -0.536 0.00467 0.0251
401 -0.556 0.0165 0.0246
402 -0.552 0.0331 0.00387
403 -0.542 0.0269 0.0103
404 -0.539 0.0118 0.00955
405 -0.539 0.00466 0.0157
406 -0.533 -0.00042 0.0126
407 -0.517 0.00334 0.00206
408 -0.525 0.00502 -6.13e-05
409 -0.542 -0.0036 -0.00339
410 -0.542 0.00754 0.000727
411 -0.543 0.00708 -0.00114
412 -0.561 0.0166 -0.00197
413 -0.555 0.0347 0.00561
414 -0.538 0.0279 1.82e-05
415 -0.557 0.0192 -0.00676
416 -0.561 0.0221 -0.00279
417 -0.544 0.00585 0.00507
418 -0.548 0.00371 0.00998
419 -0.55 0.00994 0.0043
420 -0.553 0.00603 0.0105
421 -0.547 0.00851 0.00474
422 -0.547 0.00219 -0.00362
423 -0.549 0.00784 0.00664
424 -0.558 0.00356 0.0202
425 -0.536 0.00778 0.0139
426 -0.551 0.00412 0.00611
427 -0.554 -0.00196 0.00578
428 -0.558 -0.00184 0.00507
429 -0.543 -2.69e-05 0.00385
430 -0.532 -0.00373 0.00251
431 -0.549 -0.0121 0.0114
432 -0.561 -0.0147 0.00925
433 -0.547 -0.0122 -0.00378
434 -0.553 -0.0167 -0.0174
435 -0.535 -0.0173 -0.018
436 -0.538 -0.0249 -0.00805
437 -0.549 -0.0298 0.00381
438 -0.548 -0.0173 -0.00394
439 -0.542 -0.0152 0.000323
440 -0.539 -0.00713 0.00291
441 -0.533 -0.0144 0.00604
442 -0.531 -0.0228 0.0124
443 -0.538 -0.0153 -0.000856
444 -0.53 -0.0201 -0.00166
445 -0.538 -0.0287 -0.00237
446 -0.53 -0.0332 -0.0132
447 -0.549 -0.0132 -0.0157
448 -0.542 -0.00832 -0.0121
449 -0.555 -0.0176 -0.0174
450 -0.555 -0.0195 -0.0117
451 -0.555 -0.0218 -0.00728
452 -0.55 -0.0168 -0.00529
453 -0.545 -0.0277 -0.0141
454 -0.55 -0.0354 -0.00783
455 -0.545 -0.047 -0.00351
456 -0.557 -0.0294 -0.0122
457 -0.557 -0.0303 -0.00763
458 -0.549 -0.0145 -0.015
459 -0.539 -0.0298 -0.0105
460 -0.557 -0.0184 -0.00928
461 -0.544 -0.0101 -0.0146
462 -0.546 -0.013 -0.0165
463 -0.547 -0.00927 -0.0064
464 -0.545 -0.0111 -0.00441
465 -0.538 0.0069 -0.00908
466 -0.539 0.0142 -0.0137
467 -0.563 0.023 -0.0161
468 -0.535 0.025 -0.0199
469 -0.547 0.0185 -0.0229
470 -0.549 0.00761 -0.0138
471 -0.531 0.000175 -0.0184
472 -0.526 0.0113 -0.0151
473 -0.514 0.000106 -0.0183
474 -0.526 -0.000519 -0.0273
475 -0.54 0.00745 -0.032
476 -0.549 0.00707 -0.0309
477 -0.537 0.0111 -0.0259
478 -0.539 0.0134 -0.0247
479 -0.554 0.0122 -0.0232
480 -0.543 0.00661 -0.0238
481 -0.544 0.00488 -0.0367
482 -0.534 -0.00465 -0.0273
483 -0.536 0.000787 -0.0218
484 -0.545 0.0083 -0.0213
485 -0.534 0.00675 -0.0236
486 -0.526 0.00505 -0.02
487 -0.531 0.0109 -0.0106
488 -0.538 0.0075 -0.0128
489 -0.538 0.00464 -0.0122
490 -0.572 -0.00233 -0.0149
491 -0.553 -0.00934 -0.0193
492 -0.546 -0.00365 -0.0218
493 -0.539 0.00652 -0.0196
494 -0.555 0.00423 -0.0174
495 -0.529 -0.00826 -0.0029
496 -0.537 -0.000592 -0.014
497 -0.54 0.00615 0.00544
498 -0.543 0.0223 0.00669
499 -0.527 0.0211 0.00364
500 -0.538 0.0148 0.00439
501 -0.546 0.012 0.0082
502 -0.549 0.00637 -0.00147
503 -0.544 0.0015 -0.00903
504 -0.551 0.00755 0.000171
505 -0.526 0.00161 0.00517
506 -0.543 0.00978 0.0152
507 -0.557 0.0134 0.00696
508 -0.541 0.0146 0.00247
509 -0.542 0.014 -0.00781
510 -0.553 0.0131 -0.0051
511 -0.553 0.0143 2.74e-05
512 -0.534 0.0116 0.0102
513 -0.549 0.00694 0.00814
514 -0.551 -0.00156 0.00544
515 -0.534 -0.0127 -3.04e-05
516 -0.546 -0.0141 0.00326
517 -0.549 -0.0142 0.00539
518 -0.549 -0.0173 -0.00165
519 -0.551 -0.0191 -0.00601
520 -0.552 -0.0122 0.00309
521 -0.552 -0.0184 -0.00205
522 -0.55 -0.0244 0.00475
523 -0.553 -0.0178 0.01
524 -0.551 -0.0256 0.00726
525 -0.546 -0.0169 -0.00101
526 -0.531 -0.00928 -0.0031
527 -0.543 -0.0119 -0.00159
528 -0.54 -0.0191 -0.00549
529 -0.553 -0.00983 -0.0117
530 -0.566 -0.018 -0.00454
531 -0.565 -0.0117 0.00316
532 -0.567 -0.00833 0.00167
533 -0.545 -0.00336 0.00259
534 -0.547 -0.00202 0.0186
535 -0.55 -0.00267 0.0141
536 -0.541 -0.00421 0.00269
537 -0.545 -0.00285 0.00193
538 -0.538 -0.0127 0.00817
539 -0.546 -0.0187 0.00624
540 -0.546 -0.0105 0.00217
541 -0.547 -0.03 0.00596
542 -0.551 -0.0183 -0.00894
543 -0.541 -0.022 0.00175
544 -0.552 -0.0158 0.00778
545 -0.562 -0.0192 -0.000427
546 -0.563 -0.011 -0.00937
547 -0.557 -0.00803 0.00483
548 -0.554 -0.0154 0.00717
549 -0.548 -0.0197 0.00505
550 -0.534 -0.0259 0.00445
551 -0.515 -0.0311 0.00526
552 -0.518 -0.0185 -0.00679
553 -0.54 -0.0283 -0.0083
554 -0.531 -0.0312 -0.0111
555 -0.545 -0.0243 -0.0234
556 -0.531 -0.0247 -0.0211
557 -0.537 -0.0249 -0.00986
558 -0.552 -0.0225 -0.00706
559 -0.549 -0.0184 -0.013
560 -0.558 -0.0256 -0.00414
561 -0.556 -0.0224 -0.00324
562 -0.549 -0.0286 0.00199
563 -0.56 -0.0195 0.00551
564 -0.544 -0.0148 -0.0012
565 -0.557 -0.00492 0.00353
566 -0.554 0.00398 -0.00355
567 -0.54 0.0141 -0.000405
568 -0.537 0.016 0.00939
569 -0.549 0.0157 0.00474
570 -0.558 0.00274 0.00264
571 -0.56 0.00401 0.0049
572 -0.549 0.0071 0.00408
573 -0.558 0.0072 0.00252
574 -0.551 0.00399 -0.00413
575 -0.564 0.0103 -0.00882
576 -0.575 0.0293 -0.0123
577 -0.55 0.0339 -0.0112
578 -0.549 0.0374 -0.00669
579 -0.568 0.0407 -0.00745
580 -0.553 0.0451 -0.00858
581 -0.542 0.0398 -0.0071
582 -0.55 0.024 0.00202
583 -0.527 0.0142 -0.00164
584 -0.528 0.0127 -0.00854
585 -0.529 0.0167 -0.00849
586 -0.539 0.0136 -0.00931
587 -0.537 0.00919 -0.00921
588 -0.532 0.00272 -0.0213
589 -0.532 0.0116 -0.0253
590 -0.554 0.0277 -0.015
591 -0.566 0.0185 -0.0163
592 -0.566 0.00784 -0.00982
593 -0.545 -0.00324 -0.0121
594 -0.535 0.00614 -0.0132
595 -0.536 0.00816 -0.0148
596 -0.536 0.0109 -0.0233
597 -0.527 0.0132 -0.0197
598 -0.533 0.00284 -0.017
599 -0.543 0.00673 -0.0286
600 -0.557 -0.00309 -0.0333
601 -0.532 -0.00664 -0.0281
602 -0.532 -0.0149 -0.0151
603 -0.525 -0.0135 -0.00886
604 -0.545 -0.00869 -0.00444
605 -0.527 0.00485 -0.00389
606 -0.531 0.00178 0.00541
607 -0.542 0.000166 0.00813
608 -0.553 -0.00474 0.00606
609 -0.553 -0.0121 -0.00151
610 -0.545 -0.0128 0.00872
611 -0.56 -0.0136 0.00396
612 -0.562 -0.0164 0.00636
613 -0.541 -0.0131 -0.00178
614 -0.556 -0.00679 0.00345
615 -0.554 0.000812 0.00438
616 -0.56 -0.000672 0.00605
617 -0.552 -0.00849 0.00674
618 -0.547 -0.0034 0.00869
619 -0.543 0.00422 -0.00216
620 -0.544 0.00262 -0.00414
621 -0.545 -0.00641 -0.0055
622 -0.552 -0.0258 -0.0154
623 -0.559 -0.015 -0.0245
624 -0.556 -0.0101 -0.0161
625 -0.547 -0.00316 -0.0162
626 -0.555 0.00051 -0.0156
627 -0.552 -0.00638 -0.012
628 -0.561 -0.0103 -0.00612
629 -0.554 -0.0112 0.00725
630 -0.548 0.00479 0.0128
631 -0.526 0.0145 0.011
632 -0.541 0.0256 0.0134
633 -0.534 0.0232 0.0164
634 -0.518 0.0235 0.0103
635 -0.552 0.0224 0.00826
636 -0.551 0.0186 0.00655
637 -0.544 0.0125 0.0102
638 -0.563 0.00262 0.0144
639 -0.545 0.00294 0.0171
640 -0.563 0.00897 0.00887
641 -0.567 0.011 -0.00106
642 -0.555 0.0147 0.00351
643 -0.558 0.0211 0.00571
644 -0.551 0.0111 0.0176
645 -0.545 0.0106 0.0187
646 -0.544 0.00368 0.00561
647 -0.547 0.00845 0.00214
648 -0.548 0.0151 0.00953
649 -0.547 0.0244 0.00295
650 -0.533 0.0234 0.005
651 -0.54 0.0271 -0.00362
652 -0.548 0.0187 0.0059
653 -0.548 0.0126 0.0158
654 -0.555 0.0119 0.0139
655 -0.548 0.0125 0.00053
656 -0.541 0.00371 0.000688
657 -0.539 0.0118 -0.00514
658 -0.548 0.0202 -0.000443
659 -0.546 0.0258 0.00299
660 -0.555 0.0268 0.0152
661 -0.552 0.012 0.0024
662 -0.541 0.0183 -0.00426
663 -0.542 0.018 -0.0154
664 -0.542 0.00924 0.00314
665 -0.551 0.00947 0.00646
666 -0.554 0.023 -0.00159
667 -0.563 0.00938 -0.012
668 -0.554 0.0155 -0.0127
669 -0.555 0.0299 -0.0129
670 -0.551 0.0179 -0.000833
671 -0.547 0.0207 -0.00678
672 -0.552 0.0109 -0.0026
673 -0.549 0.011 0.0011
674 -0.532 0.00769 -0.00615
675 -0.552 0.0128 0.00431
676 -0.534 0.000442 -0.00567
677 -0.539 0.0037 -0.0121
678 -0.561 0.00278 -0.0144
679 -0.545 -0.00102 -0.0173
680 -0.541 0.00247 -0.00942
681 -0.546 0.000989 -0.00119
682 -0.551 -0.00261 0.00246
683 -0.54 0.00222 -0.00311
684 -0.556 0.00252 0.00667
685 -0.544 -0.0125 0.00503
686 -0.55 -0.0135 0.0192
687 -0.566 -0.0128 0.00869
688 -0.558 -0.00943 0.00753
689 -0.54 -0.000234 0.0137
690 -0.553 0.00303 0.0124
691 -0.556 -0.000591 0.0131
692 -0.546 -0.00707 0.0163
693 -0.535 0.00208 0.0101
694 -0.551 -0.00628 0.00883
695 -0.559 -0.00197 0.00525
696 -0.552 0.005 0.00612
697 -0.55 -0.00318 -0.000459
698 -0.549 -0.00536 0.013
699 -0.547 -0.00985 0.0222
700 -0.543 -0.0097 0.027
701 -0.541 -0.0236 0.0182
702 -0.55 -0.0293 0.0242
703 -0.533 -0.0308 0.0201
704 -0.544 -0.0304 0.0153
705 -0.543 -0.0178 0.013
706 -0.553 -0.0139 0.012
707 -0.557 -0.0105 -0.00468
708 -0.554 -0.0145 -0.0135
709 -0.562 -0.0133 0.00283
710 -0.556 -0.0152 0.00883
711 -0.556 -0.00673 0.00436
712 -0.551 -0.00524 0.00744
713 -0.556 -0.00426 0.00483
714 -0.527 -0.0133 0.0136
715 -0.529 -0.0242 0.0125
716 -0.516 -0.0271 0.00886
717 -0.53 -0.0265 0.0132
718 -0.547 -0.0101 0.0138
719 -0.549 -0.00158 0.00239
720 -0.547 0.00149 -0.0027
721 -0.548 0.0073 0.00566
722 -0.553 0.00226 0.00757
723 -0.555 0.000977 0.00647
724 -0.546 0.000414 0.0098
725 -0.548 -0.00622 0.0132
726 -0.543 -0.00294 0.0084
727 -0.553 -0.00208 -0.00668
728 -0.549 -0.0106 -0.00264
729 -0.564 -0.0213 -0.00701
730 -0.562 -0.0305 0.00537
731 -0.549 -0.0227 -0.00326
732 -0.557 -0.0162 -0.00149
733 -0.557 -0.00749 -0.00345
734 -0.553 0.00894 0.0022
735 -0.538 0.000848 -0.00113
736 -0.55 0.00457 -0.00493
737 -0.556 -0.000963 -0.0118
738 -0.556 0.00272 -0.0122
739 -0.543 0.00618 0.00324
740 -0.545 0.00805 0.0028
741 -0.535 0.0128 0.016
742 -0.546 -0.000846 0.013
743 -0.543 0.00329 0.017
744 -0.541 -0.00945 0.000147
745 -0.533 -0.00627 0.0134
746 -0.529 -0.0047 -0.00827
747 -0.548 -0.00715 -0.00731
748 -0.538 -0.00046 -0.012
749 -0.548 -0.00888 -0.021
750 -0.548 -0.0081 -0.0272
751 -0.559 -0.0151 -0.0291
752 -0.552 -0.00557 -0.0276
753 -0.554 -0.0108 -0.0282
754 -0.557 -0.00803 -0.0348
755 -0.559 -0.0119 -0.0413
756 -0.538 0.00187 -0.0335
757 -0.563 -0.0024 -0.0268
758 -0.57 -0.00228 -0.0213
759 -0.549 0.00338 -0.00895
760 -0.546 0.00668 -0.00918
761 -0.544 -0.000587 0.00185
762 -0.556 0.00015 -0.00293
763 -0.552 -0.0044 -0.00264
764 -0.546 -0.000422 -0.00381
765 -0.554 0.00306 -0.0154
766 -0.558 -0.00274 -0.00877
767 -0.553 -0.0115 -0.00507
768 -0.554 -0.00722 -0.0231
769 -0.551 0.00322 -0.0309
770 -0.546 -0.00746 -0.0281
771 -0.55 -0.00412 -0.0223
772 -0.557 -0.00495 -0.0197
773 -0.556 -0.00109 -0.0229
774 -0.542 -0.000919 -0.0232
775 -0.556 0.00715 -0.0195
776 -0.563 0.0019 -0.0209
777 -0.558 -0.00293 -0.0107
778 -0.548 -0.00503 -0.00522
779 -0.557 0.0053 -0.0153
780 -0.552 0.00753 -0.0067
781 -0.544 0.0096 0.00621
782 -0.543 0.00976 0.0031
783 -0.556 0.0282 0.000181
784 -0.558 0.0293 0.0053
785 -0.55 0.00691 0.0102
786 -0.551 0.00891 0.00767
787 -0.546 0.00734 0.0149
788 -0.56 0.00545 0.00843
789 -0.552 0.0171 0.00306
790 -0.558 0.0116 0.00653
791 -0.546 0.013 -0.00392
792 -0.547 0.022 0.00774
793 -0.533 0.0191 0.00921
794 -0.529 0.0105 0.0185
795 -0.532 0.0039 0.0148
796 -0.539 0.00787 0.0195
797 -0.533 0.00106 0.0281
798 -0.534 -0.00993 0.0212
799 -0.559 0.00087 0.0098
800 -0.552 -0.00554 0.00205
801 -0.544 0.00414 -0.00134
802 -0.552 -0.00321 -0.0013
803 -0.543 0.00192 -0.00867
804 -0.539 0.000923 -0.0116
805 -0.549 -0.00479 -0.0108
806 -0.553 -0.00888 -0.00183
807 -0.56 0.00455 -0.00146
808 -0.55 -0.00242 0.00372
809 -0.552 -0.000298 -0.00463
810 -0.563 -0.0091 0.00194
811 -0.565 -0.0153 -0.0032
812 -0.553 -0.0148 -0.013
813 -0.546 -0.0133 -0.0236
814 -0.554 0.00665 -0.0141
815 -0.544 0.0101 -0.00582
816 -0.547 0.0149 -0.0129
817 -0.557 0.0122 -0.005
818 -0.555 0.00768 -0.00866
819 -0.548 -0.00281 -0.00948
820 -0.55 -0.00882 -0.00517
821 -0.547 -0.0124 -0.00544
822 -0.543 -0.0152 -0.00975
823 -0.54 -0.00374 -0.0135
824 -0.542 -0.0073 0.00302
825 -0.548 -0.00405 0.00159
826 -0.537 -0.00587 0.000857
827 -0.546 -0.00695 0.00935
828 -0.54 -0.000474 -0.00326
829 -0.539 0.016 -0.00738
830 -0.539 0.00612 -0.00273
831 -0.537 0.00126 -0.000405
832 -0.54 0.0019 0.00678
833 -0.555 0.0118 0.007
834 -0.538 0.00802 0.017
835 -0.55 -0.00481 0.01
836 -0.549 -0.00953 0.00844
837 -0.538 -0.0132 0.000131
838 -0.528 -0.00623 0.00023
839 -0.54 0.00317 -0.00171
840 -0.541 -0.00629 -0.00665
841 -0.536 -0.00344 -0.0105
842 -0.55 -0.00538 -0.0193
843 -0.55 -0.00894 -0.0233
844 -0.556 -0.0082 -0.0182
845 -0.541 -0.00147 -0.0048
846 -0.546 -0.00203 -0.00375
847 -0.548 -0.00418 -0.00509
848 -0.541 -0.00279 -0.000755
849 -0.548 -0.00903 -0.00678
850 -0.559 -0.0133 -0.00883
851 -0.544 -0.00607 -0.00225
852 -0.544 -0.00205 0.00391
853 -0.526 -0.00449 0.00113
854 -0.538 -0.00544 -0.0085
855 -0.528 -0.00617 0.0204
856 -0.534 -0.00943 0.026
857 -0.541 -0.00925 0.0191
858 -0.548 -0.0208 0.0243
859 -0.56 -0.0241 0.0188
860 -0.55 -0.0303 0.0147
861 -0.529 -0.0261 0.00946
862 -0.54 -0.0155 0.00796
863 -0.525 -0.0083 0.0059
864 -0.536 -0.007 -0.00431
865 -0.546 -0.0112 -0.0105
866 -0.538 -0.00553 0.000645
867 -0.542 -0.00787 0.000281
868 -0.545 0.00175 0.0129
869 -0.571 -0.00288 0.00511
870 -0.562 -0.0241 0.00393
871 -0.568 -0.0284 -0.0151
872 -0.55 -0.0142 -0.00499
873 -0.547 -0.0158 -0.00556
874 -0.544 -0.00822 0.000148
875 -0.536 -0.00899 -0.00917
876 -0.547 -0.00657 0.00729
877 -0.554 -0.0107 0.0052
878 -0.55 -0.0154 0.00789
879 -0.571 -0.0168 0.00782
880 -0.547 -0.0164 0.0069
881 -0.55 -0.0333 0.00981
882 -0.549 -0.0207 0.0125
883 -0.549 -0.0194 0.0119
884 -0.552 -0.0161 -0.00711
885 -0.562 -0.0145 -0.0129
886 -0.55 -0.00586 -0.0184
887 -0.555 -0.000359 -0.0197
888 -0.554 0.00416 -0.0116
889 -0.555 0.00558 -0.00915
890 -0.562 -0.0015 -0.00592
891 -0.534 0.000895 -0.00764
892 -0.537 0.0047 -0.00152
893 -0.535 0.0136 0.0122
894 -0.529 0.0147 0.0222
895 -0.54 0.00201 0.012
896 -0.538 0.00635 0.0143
897 -0.534 0.0038 0.0105
898 -0.534 0.00255 0.0196
899 -0.534 -0.000371 0.00578
900 -0.533 -0.00418 0.00849
901 -0.524 -0.000542 0.0184
902 -0.52 0.000712 0.0213
903 -0.509 -0.00655 0.0258
904 -0.533 -0.00013 0.0188
905 -0.54 0.0021 0.00722
906 -0.541 0.0136 0.00486
907 -0.55 0.0146 -0.00349
908 -0.543 0.00869 -0.00442
909 -0.525 0.00349 -0.00475
910 -0.513 0.000989 -0.00225
911 -0.539 -0.00204 -0.00694
912 -0.539 0.00425 0.00619
913 -0.546 0.00396 -0.000988
914 -0.543 0.00684 0.00409
915 -0.546 0.0146 0.0079
916 -0.55 0.0152 0.000163
917 -0.564 0.0191 0.00301
918 -0.552 0.028 -0.000179
919 -0.532 0.0291 -0.00439
920 -0.543 0.025 -0.0105
921 -0.551 0.0189 -0.00772
922 -0.542 0.0297 0.00272
923 -0.54 0.0306 0.00275
924 -0.548 0.023 0.0072
925 -0.537 0.0276 0.00149
926 -0.536 0.0219 0.00951
927 -0.544 0.0211 0.022
928 -0.536 0.0128 0.0208
929 -0.56 0.00447 0.00929
930 -0.546 0.021 0.0262
931 -0.554 0.0238 0.0126
932 -0.554 0.0183 0.015
933 -0.558 0.0168 0.00759
934 -0.556 0.0225 -0.00171
935 -0.557 0.0137 -0.0011
936 -0.556 0.00945 -0.0115
937 -0.544 0.01 -0.00356
938 -0.539 0.00257 0.00878
939 -0.538 0.0103 -0.0149
940 -0.546 0.00405 -0.0112
941 -0.55 0.00545 -0.0208
942 -0.542 0.00534 -0.00538
943 -0.536 0.00618 -0.00234
944 -0.525 0.00584 0.00322
945 -0.533 -0.000132 -0.000621
946 -0.55 0.00724 -0.0048
947 -0.559 0.00973 0.000821
948 -0.553 -0.000882 0.00289
949 -0.561 0.000519 0.00128
950 -0.559 0.0116 -0.00373
951 -0.556 0.0183 0.0103
952 -0.56 0.015 0.00553
953 -0.554 0.0165 0.00824
954 -0.549 0.0158 -0.00758
955 -0.543 0.00495 0.00478
956 -0.538 0.0103 -0.01
957 -0.528 0.00241 -0.00644
958 -0.535 -0.00309 0.00182
959 -0.531 0.0045 0.00484
960 -0.533 -0.00536 0.00107
961 -0.558 -0.00129 -0.00623
962 -0.54 0.00438 0.00405
963 -0.549 0.00491 0.003
964 -0.537 -6.31e-05 -0.00229
965 -0.539 0.0153 -0.00807
966 -0.559 0.00984 -0.00425
967 -0.553 0.0101 -0.00656
968 -0.552 0.0128 -0.00227
969 -0.555 0.00575 -0.000603
970 -0.549 0.0135 -0.0147
971 -0.548 0.015 0.000113
972 -0.548 0.0131 0.00882
973 -0.545 0.0153 2.94e-05
974 -0.553 0.0188 0.0109
975 -0.544 0.0171 0.0113
976 -0.551 0.0225 0.00846
977 -0.545 0.0244 -0.00265
978 -0.554 0.0184 0.00714
979 -0.537 0.0204 0.0121
980 -0.555 0.0109 -0.00343
981 -0.557 0.0148 -0.00612
982 -0.555 0.00999 -0.00294
983 -0.546 0.0104 -0.00134
984 -0.539 0.0148 -0.0117
985 -0.536 0.0206 -0.0282
986 -0.549 0.0241 -0.0329
987 -0.553 0.0353 -0.0296
988 -0.553 0.0229 -0.0363
989 -0.535 0.0161 -0.0364
990 -0.555 0.0193 -0.047
991 -0.556 0.0269 -0.0449
992 -0.543 0.0281 -0.0349
993 -0.535 0.0256 -0.0248
994 -0.533 0.0278 -0.0243
995 -0.54 0.0095 -0.0257
996 -0.54 -0.00396 -0.0241
997 -0.537 0.00203 -0.0228
998 -0.541 -0.00175 -0.0319
999 -0.532 0.00527 -0.0328
1000 -0.541 -0.000155 -0.0431
