***************************************
*           Modello XY                *
*      Simulazione Monte Carlo        *
***************************************

Parametri simulativi:

Lato reticolo:           300
Temperatura:             0.25
Beta:                    4
J:                       1
Delta:                   0.8
Numero blocchi           1
Lunghezza simulazione:   1000
Fase di termalizzazione: -1



Numero mossa   Energia    Magnetizzazione X    Magnetizzazione Y    Acc. rate
1   -1.76e+05  -14.1   8.9e+04   41
2   -1.74e+05  43.4   8.83e+04   44
3   -1.73e+05  81.7   8.77e+04   45
4   -1.72e+05  47.5   8.72e+04   46
5   -1.71e+05  79.3   8.68e+04   46
6   -1.7e+05  180   8.66e+04   47
7   -1.7e+05  192   8.63e+04   47
8   -1.7e+05  197   8.61e+04   47
9   -1.69e+05  185   8.6e+04   47
10   -1.69e+05  168   8.58e+04   47
11   -1.69e+05  142   8.57e+04   48
12   -1.69e+05  99   8.56e+04   47
13   -1.69e+05  279   8.55e+04   47
14   -1.69e+05  410   8.54e+04   47
15   -1.69e+05  464   8.53e+04   48
16   -1.69e+05  355   8.52e+04   47
17   -1.69e+05  282   8.52e+04   48
18   -1.69e+05  278   8.52e+04   47
19   -1.69e+05  226   8.51e+04   47
20   -1.69e+05  259   8.51e+04   47
21   -1.69e+05  404   8.5e+04   48
22   -1.69e+05  363   8.49e+04   47
23   -1.69e+05  406   8.49e+04   48
24   -1.69e+05  325   8.48e+04   48
25   -1.69e+05  340   8.48e+04   47
26   -1.69e+05  235   8.47e+04   47
27   -1.69e+05  193   8.47e+04   47
28   -1.69e+05  238   8.47e+04   47
29   -1.69e+05  208   8.47e+04   47
30   -1.69e+05  140   8.46e+04   48
31   -1.68e+05  160   8.46e+04   47
32   -1.69e+05  254   8.46e+04   47
33   -1.69e+05  225   8.46e+04   47
34   -1.69e+05  221   8.45e+04   47
35   -1.69e+05  153   8.45e+04   47
36   -1.69e+05  143   8.44e+04   48
37   -1.69e+05  240   8.44e+04   47
38   -1.69e+05  255   8.44e+04   47
39   -1.69e+05  299   8.44e+04   48
40   -1.68e+05  407   8.43e+04   47
41   -1.68e+05  410   8.43e+04   47
42   -1.69e+05  361   8.43e+04   48
43   -1.69e+05  438   8.43e+04   47
44   -1.68e+05  472   8.42e+04   47
45   -1.68e+05  531   8.42e+04   48
46   -1.68e+05  576   8.42e+04   48
47   -1.68e+05  594   8.42e+04   48
48   -1.68e+05  521   8.42e+04   48
49   -1.68e+05  446   8.41e+04   47
50   -1.68e+05  477   8.41e+04   48
51   -1.68e+05  374   8.41e+04   47
52   -1.68e+05  306   8.41e+04   47
53   -1.68e+05  337   8.41e+04   47
54   -1.68e+05  283   8.4e+04   48
55   -1.68e+05  241   8.4e+04   48
56   -1.68e+05  71.5   8.41e+04   47
57   -1.68e+05  -66.4   8.4e+04   47
58   -1.68e+05  -87.7   8.4e+04   47
59   -1.68e+05  -159   8.4e+04   47
60   -1.68e+05  -165   8.4e+04   47
61   -1.68e+05  -248   8.39e+04   47
62   -1.68e+05  -275   8.39e+04   48
63   -1.68e+05  -324   8.39e+04   48
64   -1.68e+05  -314   8.39e+04   48
65   -1.68e+05  -328   8.39e+04   47
66   -1.68e+05  -323   8.39e+04   48
67   -1.68e+05  -238   8.39e+04   47
68   -1.68e+05  -374   8.38e+04   47
69   -1.68e+05  -424   8.38e+04   47
70   -1.68e+05  -270   8.38e+04   47
71   -1.68e+05  -291   8.38e+04   48
72   -1.68e+05  -208   8.38e+04   47
73   -1.68e+05  -210   8.38e+04   47
74   -1.68e+05  -297   8.38e+04   47
75   -1.68e+05  -264   8.38e+04   48
76   -1.68e+05  -292   8.38e+04   48
77   -1.68e+05  -403   8.38e+04   48
78   -1.68e+05  -361   8.38e+04   48
79   -1.68e+05  -395   8.37e+04   47
80   -1.68e+05  -218   8.37e+04   47
81   -1.68e+05  -279   8.37e+04   48
82   -1.68e+05  -343   8.37e+04   48
83   -1.68e+05  -286   8.37e+04   48
84   -1.68e+05  -252   8.37e+04   48
85   -1.68e+05  -221   8.37e+04   47
86   -1.68e+05  -225   8.36e+04   47
87   -1.68e+05  -171   8.36e+04   48
88   -1.68e+05  -235   8.36e+04   47
89   -1.68e+05  -237   8.36e+04   47
90   -1.68e+05  -274   8.36e+04   48
91   -1.68e+05  -171   8.35e+04   47
92   -1.68e+05  -164   8.35e+04   48
93   -1.68e+05  -140   8.35e+04   48
94   -1.68e+05  44.3   8.35e+04   47
95   -1.68e+05  -82.1   8.35e+04   48
96   -1.68e+05  -96.8   8.35e+04   47
97   -1.68e+05  -82   8.35e+04   48
98   -1.68e+05  -68.5   8.35e+04   48
99   -1.68e+05  47.9   8.35e+04   48
100   -1.68e+05  43.5   8.34e+04   47
101   -1.68e+05  23   8.35e+04   48
102   -1.68e+05  39.8   8.35e+04   48
103   -1.68e+05  62.2   8.34e+04   47
104   -1.68e+05  63.9   8.35e+04   47
105   -1.69e+05  139   8.35e+04   47
106   -1.69e+05  231   8.35e+04   47
107   -1.68e+05  363   8.34e+04   48
108   -1.68e+05  437   8.34e+04   47
109   -1.68e+05  589   8.34e+04   48
110   -1.68e+05  512   8.34e+04   47
111   -1.68e+05  409   8.34e+04   47
112   -1.68e+05  332   8.34e+04   47
113   -1.68e+05  305   8.34e+04   47
114   -1.68e+05  315   8.34e+04   47
115   -1.68e+05  365   8.34e+04   48
116   -1.68e+05  277   8.34e+04   48
117   -1.68e+05  248   8.34e+04   47
118   -1.68e+05  174   8.34e+04   48
119   -1.68e+05  218   8.34e+04   47
120   -1.68e+05  225   8.34e+04   48
121   -1.68e+05  313   8.34e+04   48
122   -1.68e+05  485   8.33e+04   48
123   -1.68e+05  405   8.33e+04   47
124   -1.68e+05  499   8.33e+04   48
125   -1.68e+05  368   8.33e+04   48
126   -1.68e+05  355   8.32e+04   47
127   -1.68e+05  392   8.32e+04   47
128   -1.68e+05  395   8.32e+04   48
129   -1.68e+05  426   8.32e+04   47
130   -1.68e+05  542   8.32e+04   47
131   -1.68e+05  479   8.32e+04   47
132   -1.68e+05  419   8.32e+04   47
133   -1.68e+05  401   8.32e+04   47
134   -1.68e+05  408   8.32e+04   47
135   -1.68e+05  330   8.32e+04   48
136   -1.68e+05  355   8.32e+04   48
137   -1.68e+05  372   8.32e+04   47
138   -1.68e+05  362   8.31e+04   47
139   -1.68e+05  305   8.31e+04   47
140   -1.68e+05  296   8.31e+04   47
141   -1.68e+05  211   8.31e+04   47
142   -1.68e+05  218   8.31e+04   48
143   -1.68e+05  195   8.31e+04   47
144   -1.68e+05  250   8.31e+04   48
145   -1.68e+05  304   8.31e+04   47
146   -1.68e+05  249   8.31e+04   47
147   -1.68e+05  286   8.31e+04   47
148   -1.68e+05  401   8.31e+04   48
149   -1.68e+05  428   8.31e+04   47
150   -1.68e+05  456   8.31e+04   47
151   -1.68e+05  507   8.31e+04   48
152   -1.68e+05  547   8.31e+04   47
153   -1.68e+05  529   8.31e+04   47
154   -1.68e+05  562   8.3e+04   47
155   -1.68e+05  418   8.3e+04   48
156   -1.68e+05  398   8.3e+04   48
157   -1.68e+05  435   8.3e+04   47
158   -1.68e+05  524   8.3e+04   47
159   -1.68e+05  559   8.3e+04   47
160   -1.68e+05  581   8.3e+04   47
161   -1.68e+05  646   8.3e+04   47
162   -1.68e+05  635   8.3e+04   47
163   -1.68e+05  717   8.3e+04   47
164   -1.68e+05  731   8.3e+04   48
165   -1.68e+05  640   8.3e+04   48
166   -1.68e+05  538   8.3e+04   47
167   -1.68e+05  453   8.3e+04   48
168   -1.68e+05  537   8.3e+04   47
169   -1.68e+05  518   8.3e+04   47
170   -1.68e+05  523   8.3e+04   48
171   -1.68e+05  492   8.3e+04   47
172   -1.68e+05  442   8.3e+04   47
173   -1.68e+05  480   8.3e+04   47
174   -1.68e+05  453   8.29e+04   48
175   -1.68e+05  367   8.29e+04   47
176   -1.68e+05  376   8.29e+04   48
177   -1.68e+05  325   8.29e+04   47
178   -1.68e+05  433   8.29e+04   47
179   -1.68e+05  446   8.29e+04   47
180   -1.68e+05  416   8.29e+04   47
181   -1.68e+05  543   8.29e+04   47
182   -1.68e+05  579   8.29e+04   48
183   -1.68e+05  516   8.29e+04   47
184   -1.68e+05  573   8.29e+04   47
185   -1.68e+05  527   8.29e+04   48
186   -1.68e+05  615   8.28e+04   47
187   -1.68e+05  617   8.28e+04   48
188   -1.68e+05  584   8.28e+04   47
189   -1.68e+05  600   8.28e+04   47
190   -1.68e+05  547   8.29e+04   47
191   -1.68e+05  623   8.29e+04   47
192   -1.68e+05  469   8.29e+04   47
193   -1.68e+05  472   8.29e+04   48
194   -1.68e+05  383   8.28e+04   47
195   -1.68e+05  270   8.29e+04   48
196   -1.68e+05  269   8.29e+04   47
197   -1.68e+05  299   8.28e+04   47
198   -1.68e+05  319   8.29e+04   47
199   -1.68e+05  429   8.29e+04   48
200   -1.68e+05  448   8.29e+04   47
201   -1.68e+05  520   8.29e+04   47
202   -1.68e+05  499   8.29e+04   47
203   -1.68e+05  489   8.28e+04   47
204   -1.68e+05  515   8.28e+04   47
205   -1.68e+05  458   8.29e+04   48
206   -1.68e+05  475   8.28e+04   48
207   -1.68e+05  483   8.28e+04   47
208   -1.68e+05  478   8.29e+04   48
209   -1.68e+05  498   8.29e+04   47
210   -1.68e+05  523   8.28e+04   47
211   -1.68e+05  557   8.28e+04   47
212   -1.68e+05  370   8.28e+04   48
213   -1.68e+05  451   8.28e+04   48
214   -1.68e+05  366   8.28e+04   48
215   -1.68e+05  457   8.28e+04   47
216   -1.68e+05  461   8.28e+04   47
217   -1.68e+05  569   8.28e+04   48
218   -1.68e+05  554   8.28e+04   47
219   -1.68e+05  495   8.28e+04   48
220   -1.68e+05  526   8.28e+04   47
221   -1.68e+05  587   8.28e+04   48
222   -1.68e+05  545   8.28e+04   48
223   -1.68e+05  439   8.28e+04   47
224   -1.68e+05  399   8.28e+04   48
225   -1.68e+05  377   8.28e+04   47
226   -1.68e+05  536   8.28e+04   47
227   -1.68e+05  497   8.28e+04   48
228   -1.68e+05  565   8.28e+04   47
229   -1.68e+05  530   8.28e+04   47
230   -1.68e+05  487   8.27e+04   48
231   -1.68e+05  491   8.27e+04   48
232   -1.68e+05  599   8.27e+04   47
233   -1.68e+05  648   8.27e+04   47
234   -1.68e+05  606   8.27e+04   47
235   -1.68e+05  589   8.27e+04   47
236   -1.68e+05  581   8.27e+04   47
237   -1.68e+05  484   8.27e+04   48
238   -1.68e+05  533   8.27e+04   47
239   -1.68e+05  598   8.27e+04   47
240   -1.68e+05  577   8.27e+04   48
241   -1.68e+05  579   8.27e+04   47
242   -1.68e+05  668   8.27e+04   47
243   -1.68e+05  571   8.27e+04   47
244   -1.68e+05  557   8.27e+04   48
245   -1.68e+05  480   8.27e+04   47
246   -1.68e+05  481   8.27e+04   47
247   -1.68e+05  520   8.27e+04   47
248   -1.68e+05  521   8.27e+04   48
249   -1.68e+05  591   8.27e+04   48
250   -1.68e+05  570   8.27e+04   48
251   -1.68e+05  586   8.27e+04   47
252   -1.68e+05  656   8.28e+04   48
253   -1.68e+05  722   8.28e+04   48
254   -1.68e+05  791   8.27e+04   47
255   -1.68e+05  702   8.27e+04   48
256   -1.69e+05  598   8.27e+04   47
257   -1.68e+05  549   8.27e+04   47
258   -1.68e+05  511   8.27e+04   48
259   -1.68e+05  526   8.27e+04   48
260   -1.68e+05  567   8.27e+04   48
261   -1.68e+05  640   8.26e+04   48
262   -1.68e+05  622   8.27e+04   48
263   -1.68e+05  604   8.27e+04   47
264   -1.68e+05  552   8.27e+04   47
265   -1.68e+05  424   8.27e+04   48
266   -1.68e+05  359   8.27e+04   47
267   -1.68e+05  319   8.27e+04   47
268   -1.68e+05  347   8.27e+04   48
269   -1.68e+05  235   8.27e+04   47
270   -1.68e+05  166   8.27e+04   47
271   -1.68e+05  139   8.26e+04   47
272   -1.68e+05  242   8.26e+04   47
273   -1.68e+05  212   8.26e+04   47
274   -1.68e+05  249   8.26e+04   47
275   -1.68e+05  308   8.27e+04   47
276   -1.68e+05  223   8.27e+04   47
277   -1.68e+05  212   8.27e+04   47
278   -1.68e+05  220   8.28e+04   48
279   -1.68e+05  211   8.28e+04   47
280   -1.68e+05  67.8   8.28e+04   47
281   -1.68e+05  103   8.28e+04   47
282   -1.69e+05  103   8.28e+04   47
283   -1.68e+05  134   8.27e+04   47
284   -1.68e+05  120   8.27e+04   47
285   -1.68e+05  113   8.27e+04   48
286   -1.68e+05  28   8.27e+04   47
287   -1.68e+05  22.5   8.27e+04   47
288   -1.68e+05  40.6   8.27e+04   47
289   -1.68e+05  92.4   8.27e+04   47
290   -1.68e+05  7.4   8.27e+04   48
291   -1.68e+05  15.4   8.27e+04   48
292   -1.68e+05  72.4   8.27e+04   47
293   -1.68e+05  9.55   8.27e+04   48
294   -1.68e+05  26.2   8.27e+04   48
295   -1.68e+05  -1.45   8.27e+04   47
296   -1.68e+05  63.8   8.26e+04   47
297   -1.68e+05  43.1   8.26e+04   47
298   -1.68e+05  41.1   8.26e+04   48
299   -1.68e+05  104   8.26e+04   48
300   -1.68e+05  48.5   8.26e+04   48
301   -1.68e+05  5.51   8.26e+04   47
302   -1.68e+05  90.8   8.26e+04   47
303   -1.68e+05  63.2   8.26e+04   47
304   -1.68e+05  21.3   8.25e+04   47
305   -1.68e+05  103   8.26e+04   47
306   -1.68e+05  63.9   8.26e+04   48
307   -1.69e+05  75.7   8.26e+04   47
308   -1.68e+05  77.5   8.26e+04   48
309   -1.68e+05  34.7   8.26e+04   48
310   -1.68e+05  122   8.26e+04   47
311   -1.68e+05  61.2   8.26e+04   48
312   -1.68e+05  19.2   8.26e+04   47
313   -1.68e+05  54.3   8.26e+04   48
314   -1.68e+05  34.8   8.26e+04   48
315   -1.68e+05  -7.57   8.26e+04   48
316   -1.68e+05  111   8.26e+04   47
317   -1.68e+05  59.3   8.26e+04   48
318   -1.68e+05  -53.7   8.26e+04   47
319   -1.68e+05  12.7   8.25e+04   47
320   -1.68e+05  -8.96   8.25e+04   47
321   -1.68e+05  5.74   8.25e+04   47
322   -1.68e+05  -82.7   8.25e+04   48
323   -1.68e+05  101   8.26e+04   47
324   -1.68e+05  115   8.26e+04   48
325   -1.68e+05  78   8.26e+04   47
326   -1.68e+05  159   8.26e+04   48
327   -1.68e+05  171   8.25e+04   48
328   -1.68e+05  196   8.25e+04   47
329   -1.68e+05  134   8.25e+04   47
330   -1.68e+05  106   8.25e+04   48
331   -1.68e+05  204   8.26e+04   48
332   -1.68e+05  235   8.25e+04   48
333   -1.68e+05  177   8.26e+04   48
334   -1.68e+05  179   8.25e+04   48
335   -1.68e+05  231   8.25e+04   47
336   -1.68e+05  311   8.25e+04   47
337   -1.68e+05  249   8.25e+04   48
338   -1.68e+05  166   8.25e+04   47
339   -1.68e+05  113   8.25e+04   47
340   -1.68e+05  102   8.25e+04   48
341   -1.68e+05  60.7   8.25e+04   47
342   -1.68e+05  65.5   8.25e+04   47
343   -1.68e+05  93.7   8.25e+04   47
344   -1.68e+05  77.9   8.25e+04   47
345   -1.68e+05  74.1   8.24e+04   47
346   -1.68e+05  115   8.24e+04   47
347   -1.68e+05  52.7   8.24e+04   48
348   -1.68e+05  -39.4   8.24e+04   47
349   -1.68e+05  -29   8.24e+04   48
350   -1.68e+05  -23   8.25e+04   48
351   -1.68e+05  0.0881   8.24e+04   48
352   -1.68e+05  -20.1   8.24e+04   47
353   -1.68e+05  52.2   8.24e+04   48
354   -1.68e+05  60.8   8.23e+04   47
355   -1.68e+05  101   8.23e+04   47
356   -1.68e+05  105   8.24e+04   48
357   -1.68e+05  48.4   8.24e+04   48
358   -1.68e+05  39.1   8.24e+04   47
359   -1.68e+05  -17.8   8.24e+04   47
360   -1.68e+05  55.7   8.24e+04   47
361   -1.68e+05  31.5   8.24e+04   48
362   -1.68e+05  121   8.24e+04   47
363   -1.68e+05  154   8.24e+04   48
364   -1.69e+05  232   8.24e+04   47
365   -1.68e+05  239   8.24e+04   47
366   -1.69e+05  256   8.25e+04   48
367   -1.68e+05  157   8.24e+04   47
368   -1.68e+05  137   8.24e+04   47
369   -1.68e+05  48   8.24e+04   47
370   -1.68e+05  33.7   8.24e+04   47
371   -1.68e+05  48.1   8.24e+04   47
372   -1.68e+05  -23.6   8.24e+04   47
373   -1.68e+05  -40.8   8.24e+04   47
374   -1.68e+05  35.2   8.24e+04   47
375   -1.68e+05  73.2   8.23e+04   47
376   -1.68e+05  38.1   8.23e+04   48
377   -1.68e+05  67.1   8.23e+04   48
378   -1.68e+05  179   8.23e+04   47
379   -1.68e+05  227   8.23e+04   48
380   -1.68e+05  316   8.23e+04   47
381   -1.68e+05  350   8.24e+04   47
382   -1.68e+05  429   8.24e+04   47
383   -1.68e+05  550   8.24e+04   48
384   -1.68e+05  567   8.24e+04   47
385   -1.68e+05  515   8.24e+04   48
386   -1.68e+05  450   8.24e+04   48
387   -1.68e+05  497   8.24e+04   47
388   -1.68e+05  533   8.24e+04   47
389   -1.68e+05  545   8.24e+04   48
390   -1.68e+05  590   8.24e+04   47
391   -1.68e+05  529   8.24e+04   47
392   -1.68e+05  473   8.23e+04   47
393   -1.68e+05  463   8.23e+04   48
394   -1.68e+05  408   8.23e+04   47
395   -1.68e+05  449   8.23e+04   48
396   -1.68e+05  399   8.23e+04   47
397   -1.68e+05  460   8.23e+04   47
398   -1.68e+05  427   8.23e+04   48
399   -1.68e+05  429   8.23e+04   48
400   -1.68e+05  409   8.23e+04   48
401   -1.68e+05  342   8.23e+04   48
402   -1.68e+05  331   8.23e+04   47
403   -1.68e+05  344   8.23e+04   47
404   -1.68e+05  438   8.22e+04   47
405   -1.68e+05  375   8.22e+04   47
406   -1.68e+05  414   8.22e+04   48
407   -1.68e+05  457   8.22e+04   48
408   -1.68e+05  343   8.22e+04   47
409   -1.68e+05  311   8.22e+04   48
410   -1.68e+05  182   8.22e+04   47
411   -1.68e+05  183   8.22e+04   47
412   -1.68e+05  107   8.22e+04   47
413   -1.68e+05  168   8.22e+04   47
414   -1.68e+05  97.7   8.22e+04   48
415   -1.68e+05  168   8.22e+04   47
416   -1.68e+05  215   8.22e+04   48
417   -1.68e+05  180   8.22e+04   47
418   -1.68e+05  69.8   8.22e+04   47
419   -1.68e+05  58.7   8.22e+04   48
420   -1.68e+05  49.3   8.22e+04   47
421   -1.68e+05  146   8.22e+04   48
422   -1.68e+05  102   8.22e+04   47
423   -1.68e+05  216   8.22e+04   47
424   -1.68e+05  194   8.22e+04   47
425   -1.68e+05  261   8.21e+04   48
426   -1.68e+05  305   8.21e+04   47
427   -1.68e+05  235   8.21e+04   48
428   -1.68e+05  306   8.21e+04   48
429   -1.68e+05  299   8.21e+04   47
430   -1.68e+05  397   8.21e+04   48
431   -1.68e+05  296   8.21e+04   47
432   -1.68e+05  196   8.21e+04   48
433   -1.68e+05  164   8.21e+04   48
434   -1.68e+05  155   8.21e+04   47
435   -1.68e+05  120   8.21e+04   48
436   -1.68e+05  162   8.21e+04   48
437   -1.68e+05  184   8.21e+04   48
438   -1.68e+05  159   8.21e+04   48
439   -1.68e+05  165   8.21e+04   47
440   -1.68e+05  155   8.22e+04   48
441   -1.68e+05  226   8.22e+04   48
442   -1.68e+05  287   8.22e+04   47
443   -1.68e+05  307   8.21e+04   48
444   -1.68e+05  308   8.21e+04   48
445   -1.68e+05  377   8.21e+04   47
446   -1.68e+05  426   8.21e+04   47
447   -1.68e+05  522   8.21e+04   47
448   -1.68e+05  555   8.21e+04   48
449   -1.68e+05  499   8.21e+04   47
450   -1.68e+05  421   8.21e+04   47
451   -1.68e+05  384   8.2e+04   48
452   -1.68e+05  454   8.21e+04   48
453   -1.68e+05  406   8.21e+04   48
454   -1.68e+05  384   8.2e+04   47
455   -1.68e+05  393   8.2e+04   47
456   -1.68e+05  345   8.2e+04   47
457   -1.68e+05  322   8.2e+04   48
458   -1.68e+05  209   8.21e+04   48
459   -1.68e+05  162   8.21e+04   47
460   -1.68e+05  230   8.2e+04   47
461   -1.68e+05  168   8.21e+04   47
462   -1.68e+05  64.3   8.21e+04   47
463   -1.68e+05  92.8   8.21e+04   47
464   -1.68e+05  -3.62   8.21e+04   48
465   -1.68e+05  -29.9   8.21e+04   48
466   -1.68e+05  -47.3   8.21e+04   47
467   -1.68e+05  -44.6   8.21e+04   48
468   -1.68e+05  -51.2   8.21e+04   48
469   -1.68e+05  -261   8.21e+04   47
470   -1.68e+05  -181   8.2e+04   48
471   -1.68e+05  -261   8.2e+04   47
472   -1.68e+05  -268   8.2e+04   47
473   -1.68e+05  -159   8.2e+04   47
474   -1.68e+05  -50   8.2e+04   47
475   -1.68e+05  -8.44   8.21e+04   47
476   -1.68e+05  -70.4   8.21e+04   47
477   -1.68e+05  -64.7   8.2e+04   48
478   -1.68e+05  -59.7   8.2e+04   48
479   -1.68e+05  -79.7   8.2e+04   48
480   -1.68e+05  -104   8.2e+04   47
481   -1.68e+05  -222   8.2e+04   47
482   -1.68e+05  -222   8.2e+04   48
483   -1.68e+05  -192   8.2e+04   48
484   -1.68e+05  -161   8.2e+04   47
485   -1.68e+05  -127   8.2e+04   47
486   -1.68e+05  -195   8.2e+04   48
487   -1.68e+05  -76.7   8.2e+04   47
488   -1.68e+05  -120   8.2e+04   47
489   -1.68e+05  -95.6   8.2e+04   48
490   -1.68e+05  -121   8.2e+04   47
491   -1.68e+05  -225   8.2e+04   47
492   -1.68e+05  -157   8.2e+04   48
493   -1.68e+05  -34.6   8.21e+04   47
494   -1.68e+05  22.8   8.21e+04   47
495   -1.68e+05  -122   8.2e+04   48
496   -1.68e+05  -12.8   8.2e+04   48
497   -1.68e+05  -49.6   8.2e+04   47
498   -1.68e+05  -131   8.2e+04   47
499   -1.68e+05  -121   8.19e+04   47
500   -1.68e+05  -111   8.2e+04   47
501   -1.68e+05  -121   8.2e+04   47
502   -1.68e+05  -136   8.2e+04   47
503   -1.68e+05  -144   8.2e+04   47
504   -1.68e+05  -61.3   8.2e+04   48
505   -1.68e+05  -137   8.2e+04   47
506   -1.68e+05  -180   8.2e+04   47
507   -1.68e+05  -258   8.21e+04   48
508   -1.68e+05  -297   8.21e+04   48
509   -1.68e+05  -372   8.21e+04   47
510   -1.68e+05  -361   8.21e+04   47
511   -1.68e+05  -310   8.21e+04   47
512   -1.68e+05  -298   8.21e+04   48
513   -1.68e+05  -281   8.21e+04   48
514   -1.68e+05  -370   8.21e+04   47
515   -1.68e+05  -388   8.2e+04   47
516   -1.68e+05  -399   8.2e+04   47
517   -1.68e+05  -364   8.2e+04   48
518   -1.68e+05  -414   8.2e+04   47
519   -1.68e+05  -284   8.2e+04   47
520   -1.68e+05  -223   8.19e+04   47
521   -1.68e+05  -211   8.2e+04   47
522   -1.68e+05  -171   8.2e+04   47
523   -1.68e+05  -246   8.19e+04   47
524   -1.68e+05  -262   8.2e+04   47
525   -1.68e+05  -327   8.19e+04   47
526   -1.68e+05  -307   8.19e+04   47
527   -1.68e+05  -275   8.2e+04   48
528   -1.68e+05  -267   8.2e+04   48
529   -1.68e+05  -267   8.19e+04   47
530   -1.68e+05  -339   8.2e+04   48
531   -1.68e+05  -378   8.2e+04   48
532   -1.68e+05  -441   8.2e+04   48
533   -1.68e+05  -444   8.2e+04   47
534   -1.68e+05  -419   8.19e+04   48
535   -1.68e+05  -441   8.19e+04   48
536   -1.68e+05  -467   8.19e+04   47
537   -1.68e+05  -416   8.19e+04   47
538   -1.68e+05  -414   8.19e+04   47
539   -1.68e+05  -425   8.19e+04   48
540   -1.68e+05  -431   8.19e+04   48
541   -1.68e+05  -420   8.19e+04   47
542   -1.68e+05  -355   8.19e+04   48
543   -1.68e+05  -310   8.19e+04   48
544   -1.68e+05  -272   8.19e+04   47
545   -1.68e+05  -302   8.19e+04   47
546   -1.68e+05  -234   8.19e+04   48
547   -1.68e+05  -200   8.19e+04   47
548   -1.68e+05  -253   8.19e+04   47
549   -1.68e+05  -198   8.19e+04   48
550   -1.68e+05  -235   8.19e+04   48
551   -1.68e+05  -317   8.19e+04   48
552   -1.68e+05  -207   8.19e+04   47
553   -1.68e+05  -80.3   8.19e+04   47
554   -1.68e+05  -67.9   8.19e+04   47
555   -1.68e+05  -44.7   8.19e+04   47
556   -1.68e+05  -132   8.19e+04   48
557   -1.68e+05  -103   8.19e+04   47
558   -1.68e+05  -44   8.19e+04   47
559   -1.68e+05  -70.6   8.19e+04   48
560   -1.68e+05  -46.6   8.19e+04   47
561   -1.68e+05  -41   8.18e+04   47
562   -1.68e+05  10.9   8.18e+04   48
563   -1.68e+05  27.6   8.18e+04   48
564   -1.68e+05  105   8.18e+04   47
565   -1.68e+05  120   8.17e+04   47
566   -1.68e+05  151   8.17e+04   47
567   -1.68e+05  199   8.17e+04   48
568   -1.68e+05  302   8.17e+04   47
569   -1.68e+05  271   8.17e+04   48
570   -1.68e+05  245   8.17e+04   48
571   -1.68e+05  250   8.17e+04   47
572   -1.68e+05  206   8.17e+04   48
573   -1.68e+05  403   8.17e+04   47
574   -1.68e+05  433   8.17e+04   48
575   -1.68e+05  402   8.17e+04   48
576   -1.68e+05  409   8.16e+04   47
577   -1.68e+05  423   8.16e+04   48
578   -1.68e+05  341   8.16e+04   48
579   -1.68e+05  354   8.16e+04   48
580   -1.68e+05  303   8.16e+04   48
581   -1.68e+05  304   8.16e+04   48
582   -1.68e+05  338   8.17e+04   47
583   -1.68e+05  257   8.17e+04   48
584   -1.68e+05  253   8.16e+04   48
585   -1.68e+05  234   8.17e+04   48
586   -1.68e+05  293   8.17e+04   47
587   -1.68e+05  273   8.17e+04   48
588   -1.68e+05  310   8.17e+04   47
589   -1.68e+05  415   8.17e+04   47
590   -1.68e+05  397   8.17e+04   47
591   -1.68e+05  338   8.17e+04   47
592   -1.68e+05  416   8.17e+04   47
593   -1.68e+05  401   8.17e+04   47
594   -1.68e+05  419   8.17e+04   47
595   -1.68e+05  405   8.17e+04   48
596   -1.68e+05  337   8.17e+04   48
597   -1.68e+05  249   8.17e+04   47
598   -1.68e+05  259   8.17e+04   48
599   -1.68e+05  277   8.17e+04   48
600   -1.68e+05  238   8.17e+04   47
601   -1.68e+05  310   8.17e+04   47
602   -1.68e+05  330   8.17e+04   47
603   -1.68e+05  387   8.17e+04   47
604   -1.68e+05  326   8.17e+04   47
605   -1.68e+05  324   8.17e+04   47
606   -1.68e+05  276   8.17e+04   48
607   -1.68e+05  338   8.17e+04   47
608   -1.68e+05  283   8.17e+04   48
609   -1.68e+05  415   8.18e+04   48
610   -1.68e+05  370   8.18e+04   48
611   -1.69e+05  295   8.18e+04   47
612   -1.68e+05  164   8.18e+04   47
613   -1.68e+05  200   8.17e+04   48
614   -1.69e+05  165   8.18e+04   47
615   -1.68e+05  104   8.17e+04   47
616   -1.68e+05  44.2   8.17e+04   47
617   -1.68e+05  63.7   8.17e+04   48
618   -1.68e+05  186   8.17e+04   48
619   -1.68e+05  171   8.17e+04   47
620   -1.68e+05  227   8.17e+04   47
621   -1.68e+05  218   8.17e+04   48
622   -1.68e+05  225   8.17e+04   47
623   -1.68e+05  318   8.17e+04   48
624   -1.68e+05  275   8.17e+04   48
625   -1.68e+05  258   8.16e+04   47
626   -1.68e+05  289   8.16e+04   47
627   -1.68e+05  229   8.16e+04   47
628   -1.68e+05  335   8.16e+04   48
629   -1.68e+05  403   8.16e+04   48
630   -1.68e+05  404   8.16e+04   47
631   -1.68e+05  404   8.17e+04   47
632   -1.68e+05  432   8.17e+04   48
633   -1.68e+05  411   8.16e+04   48
634   -1.68e+05  392   8.17e+04   47
635   -1.68e+05  353   8.17e+04   48
636   -1.68e+05  402   8.17e+04   47
637   -1.68e+05  273   8.17e+04   47
638   -1.68e+05  298   8.17e+04   48
639   -1.68e+05  297   8.17e+04   47
640   -1.68e+05  227   8.16e+04   47
641   -1.68e+05  129   8.16e+04   47
642   -1.68e+05  136   8.16e+04   47
643   -1.68e+05  120   8.16e+04   48
644   -1.68e+05  202   8.16e+04   47
645   -1.68e+05  19.1   8.16e+04   47
646   -1.68e+05  68.7   8.16e+04   48
647   -1.68e+05  53.4   8.16e+04   48
648   -1.68e+05  65.9   8.16e+04   47
649   -1.68e+05  71.6   8.16e+04   48
650   -1.68e+05  110   8.16e+04   47
651   -1.68e+05  33.1   8.16e+04   47
652   -1.68e+05  13   8.17e+04   47
653   -1.68e+05  8.54   8.16e+04   47
654   -1.68e+05  40.8   8.16e+04   48
655   -1.68e+05  -62.8   8.17e+04   48
656   -1.68e+05  -73.4   8.17e+04   47
657   -1.68e+05  -83   8.17e+04   47
658   -1.68e+05  -128   8.17e+04   47
659   -1.68e+05  -87.2   8.17e+04   47
660   -1.68e+05  -43.3   8.17e+04   48
661   -1.68e+05  20.5   8.18e+04   48
662   -1.68e+05  -116   8.18e+04   47
663   -1.68e+05  -153   8.18e+04   48
664   -1.68e+05  -89.1   8.18e+04   47
665   -1.68e+05  -224   8.18e+04   47
666   -1.68e+05  -302   8.18e+04   47
667   -1.68e+05  -327   8.17e+04   48
668   -1.68e+05  -261   8.17e+04   47
669   -1.68e+05  -230   8.17e+04   48
670   -1.68e+05  -311   8.17e+04   47
671   -1.68e+05  -310   8.17e+04   48
672   -1.68e+05  -247   8.17e+04   47
673   -1.68e+05  -312   8.17e+04   48
674   -1.68e+05  -325   8.17e+04   48
675   -1.68e+05  -312   8.16e+04   47
676   -1.68e+05  -277   8.16e+04   48
677   -1.68e+05  -267   8.16e+04   48
678   -1.68e+05  -293   8.16e+04   47
679   -1.68e+05  -365   8.16e+04   47
680   -1.68e+05  -321   8.16e+04   47
681   -1.68e+05  -262   8.16e+04   48
682   -1.68e+05  -320   8.16e+04   47
683   -1.68e+05  -246   8.16e+04   48
684   -1.68e+05  -224   8.16e+04   48
685   -1.68e+05  -265   8.15e+04   48
686   -1.68e+05  -230   8.15e+04   48
687   -1.68e+05  -166   8.15e+04   47
688   -1.68e+05  -198   8.15e+04   48
689   -1.68e+05  -258   8.15e+04   48
690   -1.68e+05  -304   8.15e+04   47
691   -1.68e+05  -292   8.15e+04   47
692   -1.68e+05  -319   8.15e+04   47
693   -1.68e+05  -399   8.16e+04   48
694   -1.68e+05  -338   8.16e+04   47
695   -1.68e+05  -298   8.15e+04   47
696   -1.68e+05  -299   8.16e+04   47
697   -1.68e+05  -204   8.15e+04   47
698   -1.68e+05  -114   8.15e+04   47
699   -1.68e+05  -91.9   8.15e+04   47
700   -1.68e+05  -88.5   8.15e+04   47
701   -1.68e+05  -86.5   8.15e+04   47
702   -1.68e+05  -118   8.15e+04   47
703   -1.68e+05  -168   8.15e+04   48
704   -1.68e+05  -164   8.15e+04   48
705   -1.68e+05  -147   8.15e+04   47
706   -1.68e+05  -87.8   8.15e+04   47
707   -1.68e+05  -79   8.15e+04   48
708   -1.68e+05  -208   8.15e+04   47
709   -1.68e+05  -348   8.15e+04   47
710   -1.68e+05  -364   8.15e+04   48
711   -1.68e+05  -286   8.15e+04   47
712   -1.68e+05  -233   8.15e+04   48
713   -1.68e+05  -235   8.15e+04   47
714   -1.68e+05  -272   8.15e+04   48
715   -1.68e+05  -204   8.15e+04   48
716   -1.68e+05  -220   8.15e+04   48
717   -1.68e+05  -215   8.15e+04   47
718   -1.68e+05  -221   8.15e+04   47
719   -1.68e+05  -140   8.15e+04   48
720   -1.68e+05  -105   8.15e+04   48
721   -1.68e+05  -192   8.15e+04   47
722   -1.68e+05  -181   8.14e+04   47
723   -1.68e+05  -189   8.14e+04   47
724   -1.68e+05  -220   8.14e+04   47
725   -1.68e+05  -296   8.15e+04   48
726   -1.68e+05  -202   8.14e+04   47
727   -1.68e+05  -127   8.15e+04   48
728   -1.68e+05  -123   8.15e+04   48
729   -1.68e+05  -94.7   8.15e+04   48
730   -1.68e+05  -165   8.15e+04   48
731   -1.68e+05  -211   8.16e+04   48
732   -1.68e+05  -315   8.16e+04   48
733   -1.68e+05  -264   8.16e+04   47
734   -1.68e+05  -217   8.15e+04   47
735   -1.68e+05  -251   8.15e+04   48
736   -1.68e+05  -293   8.15e+04   47
737   -1.68e+05  -373   8.14e+04   47
738   -1.68e+05  -313   8.14e+04   47
739   -1.68e+05  -304   8.14e+04   47
740   -1.68e+05  -299   8.14e+04   48
741   -1.68e+05  -335   8.14e+04   47
742   -1.68e+05  -309   8.14e+04   48
743   -1.68e+05  -250   8.15e+04   47
744   -1.68e+05  -220   8.15e+04   47
745   -1.68e+05  -235   8.15e+04   47
746   -1.68e+05  -227   8.15e+04   48
747   -1.68e+05  -218   8.15e+04   47
748   -1.68e+05  -193   8.15e+04   47
749   -1.68e+05  -68.7   8.16e+04   48
750   -1.68e+05  -95.9   8.16e+04   47
751   -1.68e+05  -24.9   8.15e+04   48
752   -1.68e+05  -13.7   8.15e+04   47
753   -1.68e+05  29.4   8.15e+04   47
754   -1.68e+05  118   8.16e+04   47
755   -1.68e+05  105   8.16e+04   47
756   -1.68e+05  165   8.15e+04   48
757   -1.68e+05  116   8.15e+04   48
758   -1.68e+05  133   8.15e+04   48
759   -1.68e+05  154   8.15e+04   47
760   -1.68e+05  182   8.14e+04   47
761   -1.68e+05  136   8.14e+04   48
762   -1.68e+05  154   8.15e+04   48
763   -1.68e+05  178   8.14e+04   48
764   -1.68e+05  202   8.14e+04   47
765   -1.68e+05  95.1   8.14e+04   48
766   -1.68e+05  124   8.14e+04   48
767   -1.68e+05  -13.6   8.15e+04   48
768   -1.68e+05  43.7   8.15e+04   47
769   -1.68e+05  154   8.14e+04   47
770   -1.68e+05  120   8.14e+04   47
771   -1.68e+05  122   8.14e+04   47
772   -1.68e+05  263   8.14e+04   48
773   -1.68e+05  222   8.15e+04   48
774   -1.68e+05  358   8.15e+04   48
775   -1.68e+05  309   8.15e+04   47
776   -1.68e+05  251   8.15e+04   48
777   -1.68e+05  270   8.15e+04   47
778   -1.68e+05  168   8.15e+04   48
779   -1.68e+05  218   8.16e+04   48
780   -1.68e+05  295   8.16e+04   48
781   -1.68e+05  240   8.16e+04   48
782   -1.68e+05  286   8.16e+04   47
783   -1.68e+05  255   8.16e+04   47
784   -1.68e+05  142   8.16e+04   48
785   -1.68e+05  194   8.16e+04   47
786   -1.68e+05  169   8.16e+04   47
787   -1.68e+05  180   8.16e+04   48
788   -1.68e+05  164   8.16e+04   47
789   -1.68e+05  178   8.16e+04   48
790   -1.68e+05  152   8.16e+04   48
791   -1.68e+05  120   8.16e+04   48
792   -1.68e+05  161   8.15e+04   47
793   -1.68e+05  243   8.16e+04   47
794   -1.68e+05  282   8.16e+04   47
795   -1.68e+05  221   8.16e+04   47
796   -1.68e+05  192   8.16e+04   47
797   -1.68e+05  331   8.15e+04   48
798   -1.68e+05  319   8.16e+04   47
799   -1.68e+05  386   8.16e+04   47
800   -1.68e+05  235   8.15e+04   48
801   -1.68e+05  263   8.15e+04   48
802   -1.68e+05  286   8.15e+04   47
803   -1.68e+05  362   8.15e+04   47
804   -1.68e+05  354   8.15e+04   47
805   -1.68e+05  426   8.15e+04   48
806   -1.68e+05  490   8.15e+04   47
807   -1.68e+05  439   8.15e+04   47
808   -1.68e+05  442   8.15e+04   48
809   -1.68e+05  412   8.15e+04   47
810   -1.68e+05  365   8.15e+04   47
811   -1.68e+05  391   8.14e+04   47
812   -1.68e+05  384   8.15e+04   48
813   -1.68e+05  308   8.14e+04   47
814   -1.68e+05  324   8.15e+04   48
815   -1.68e+05  348   8.15e+04   47
816   -1.68e+05  307   8.15e+04   48
817   -1.68e+05  349   8.15e+04   48
818   -1.68e+05  437   8.15e+04   47
819   -1.68e+05  339   8.14e+04   47
820   -1.68e+05  363   8.15e+04   47
821   -1.68e+05  390   8.15e+04   47
822   -1.68e+05  294   8.15e+04   47
823   -1.68e+05  211   8.15e+04   48
824   -1.68e+05  287   8.14e+04   48
825   -1.68e+05  300   8.15e+04   47
826   -1.68e+05  253   8.15e+04   48
827   -1.68e+05  292   8.15e+04   47
828   -1.68e+05  273   8.15e+04   47
829   -1.68e+05  361   8.15e+04   47
830   -1.68e+05  349   8.15e+04   47
831   -1.68e+05  231   8.15e+04   47
832   -1.68e+05  131   8.15e+04   48
833   -1.68e+05  103   8.15e+04   47
834   -1.68e+05  35.1   8.15e+04   48
835   -1.68e+05  87.6   8.16e+04   47
836   -1.68e+05  139   8.16e+04   47
837   -1.68e+05  72.4   8.16e+04   47
838   -1.68e+05  126   8.15e+04   48
839   -1.68e+05  104   8.16e+04   48
840   -1.68e+05  147   8.16e+04   47
841   -1.68e+05  162   8.16e+04   47
842   -1.68e+05  176   8.16e+04   47
843   -1.68e+05  201   8.16e+04   47
844   -1.68e+05  160   8.17e+04   48
845   -1.68e+05  96   8.16e+04   47
846   -1.68e+05  149   8.16e+04   47
847   -1.68e+05  137   8.16e+04   47
848   -1.68e+05  74.3   8.16e+04   48
849   -1.68e+05  203   8.16e+04   47
850   -1.68e+05  178   8.16e+04   47
851   -1.68e+05  136   8.16e+04   48
852   -1.68e+05  199   8.17e+04   48
853   -1.68e+05  203   8.16e+04   48
854   -1.68e+05  265   8.16e+04   47
855   -1.68e+05  418   8.16e+04   47
856   -1.68e+05  396   8.16e+04   48
857   -1.68e+05  339   8.16e+04   48
858   -1.68e+05  356   8.17e+04   48
859   -1.68e+05  392   8.17e+04   47
860   -1.68e+05  460   8.17e+04   48
861   -1.68e+05  458   8.17e+04   47
862   -1.68e+05  442   8.17e+04   48
863   -1.68e+05  362   8.17e+04   47
864   -1.68e+05  385   8.17e+04   47
865   -1.68e+05  502   8.17e+04   47
866   -1.68e+05  594   8.17e+04   48
867   -1.68e+05  557   8.17e+04   48
868   -1.68e+05  629   8.17e+04   47
869   -1.68e+05  722   8.17e+04   48
870   -1.68e+05  616   8.17e+04   48
871   -1.68e+05  668   8.17e+04   47
872   -1.68e+05  689   8.16e+04   47
873   -1.68e+05  514   8.16e+04   47
874   -1.68e+05  506   8.17e+04   47
875   -1.68e+05  369   8.16e+04   48
876   -1.68e+05  494   8.17e+04   48
877   -1.68e+05  494   8.17e+04   48
878   -1.68e+05  496   8.17e+04   47
879   -1.68e+05  491   8.17e+04   48
880   -1.68e+05  505   8.17e+04   47
881   -1.68e+05  643   8.17e+04   47
882   -1.68e+05  557   8.17e+04   48
883   -1.68e+05  616   8.17e+04   48
884   -1.68e+05  584   8.17e+04   47
885   -1.68e+05  627   8.18e+04   48
886   -1.68e+05  559   8.17e+04   48
887   -1.68e+05  441   8.17e+04   48
888   -1.68e+05  430   8.17e+04   47
889   -1.68e+05  417   8.17e+04   47
890   -1.68e+05  450   8.17e+04   48
891   -1.68e+05  425   8.16e+04   48
892   -1.68e+05  391   8.16e+04   47
893   -1.68e+05  350   8.16e+04   48
894   -1.68e+05  426   8.17e+04   48
895   -1.68e+05  378   8.16e+04   48
896   -1.68e+05  357   8.17e+04   47
897   -1.68e+05  301   8.16e+04   47
898   -1.68e+05  321   8.16e+04   47
899   -1.68e+05  350   8.16e+04   48
900   -1.68e+05  424   8.17e+04   47
901   -1.68e+05  526   8.16e+04   48
902   -1.68e+05  603   8.16e+04   48
903   -1.68e+05  614   8.16e+04   47
904   -1.68e+05  559   8.16e+04   48
905   -1.68e+05  595   8.16e+04   47
906   -1.68e+05  626   8.16e+04   48
907   -1.68e+05  601   8.16e+04   48
908   -1.68e+05  663   8.16e+04   47
909   -1.68e+05  502   8.16e+04   48
910   -1.68e+05  571   8.16e+04   47
911   -1.68e+05  659   8.16e+04   47
912   -1.68e+05  635   8.16e+04   48
913   -1.68e+05  612   8.16e+04   48
914   -1.68e+05  622   8.16e+04   48
915   -1.68e+05  690   8.16e+04   48
916   -1.68e+05  652   8.16e+04   47
917   -1.68e+05  654   8.16e+04   47
918   -1.68e+05  634   8.16e+04   48
919   -1.68e+05  645   8.16e+04   47
920   -1.68e+05  594   8.16e+04   47
921   -1.68e+05  591   8.16e+04   47
922   -1.68e+05  573   8.16e+04   48
923   -1.68e+05  510   8.16e+04   47
924   -1.68e+05  489   8.17e+04   47
925   -1.68e+05  436   8.17e+04   48
926   -1.68e+05  532   8.17e+04   47
927   -1.68e+05  396   8.16e+04   47
928   -1.68e+05  407   8.17e+04   47
929   -1.68e+05  339   8.16e+04   48
930   -1.68e+05  334   8.16e+04   48
931   -1.68e+05  344   8.16e+04   48
932   -1.68e+05  269   8.15e+04   47
933   -1.68e+05  279   8.16e+04   47
934   -1.68e+05  171   8.16e+04   47
935   -1.68e+05  195   8.16e+04   47
936   -1.68e+05  223   8.16e+04   47
937   -1.68e+05  204   8.16e+04   48
938   -1.68e+05  160   8.16e+04   47
939   -1.68e+05  139   8.16e+04   47
940   -1.68e+05  190   8.16e+04   48
941   -1.68e+05  185   8.16e+04   48
942   -1.68e+05  202   8.16e+04   47
943   -1.68e+05  175   8.16e+04   47
944   -1.68e+05  103   8.15e+04   47
945   -1.68e+05  115   8.15e+04   48
946   -1.68e+05  83.8   8.14e+04   47
947   -1.68e+05  187   8.14e+04   48
948   -1.68e+05  242   8.14e+04   47
949   -1.68e+05  272   8.14e+04   48
950   -1.68e+05  317   8.14e+04   48
951   -1.68e+05  348   8.14e+04   48
952   -1.68e+05  378   8.15e+04   48
953   -1.68e+05  402   8.14e+04   48
954   -1.68e+05  446   8.14e+04   47
955   -1.68e+05  394   8.14e+04   48
956   -1.68e+05  400   8.14e+04   47
957   -1.68e+05  443   8.14e+04   48
958   -1.68e+05  530   8.14e+04   47
959   -1.68e+05  610   8.14e+04   47
960   -1.68e+05  592   8.14e+04   47
961   -1.68e+05  651   8.14e+04   47
962   -1.68e+05  687   8.14e+04   47
963   -1.68e+05  634   8.14e+04   47
964   -1.68e+05  664   8.14e+04   48
965   -1.68e+05  623   8.14e+04   48
966   -1.68e+05  518   8.14e+04   48
967   -1.68e+05  570   8.14e+04   47
968   -1.68e+05  552   8.14e+04   47
969   -1.68e+05  495   8.14e+04   47
970   -1.68e+05  564   8.15e+04   48
971   -1.68e+05  598   8.15e+04   48
972   -1.68e+05  426   8.15e+04   47
973   -1.68e+05  390   8.15e+04   47
974   -1.68e+05  423   8.15e+04   47
975   -1.68e+05  443   8.14e+04   47
976   -1.68e+05  371   8.15e+04   48
977   -1.68e+05  354   8.15e+04   47
978   -1.68e+05  281   8.15e+04   48
979   -1.68e+05  304   8.15e+04   47
980   -1.68e+05  189   8.15e+04   48
981   -1.68e+05  160   8.15e+04   48
982   -1.68e+05  38.1   8.14e+04   48
983   -1.68e+05  11.2   8.15e+04   47
984   -1.68e+05  18.2   8.15e+04   47
985   -1.68e+05  -104   8.15e+04   47
986   -1.68e+05  -94   8.15e+04   48
987   -1.68e+05  -70.2   8.15e+04   48
988   -1.68e+05  -110   8.14e+04   47
989   -1.68e+05  -79.7   8.14e+04   48
990   -1.68e+05  -145   8.14e+04   48
991   -1.68e+05  -319   8.15e+04   47
992   -1.68e+05  -374   8.15e+04   48
993   -1.68e+05  -396   8.15e+04   47
994   -1.68e+05  -506   8.15e+04   47
995   -1.68e+05  -543   8.15e+04   47
996   -1.68e+05  -598   8.15e+04   48
997   -1.68e+05  -531   8.16e+04   48
998   -1.68e+05  -599   8.15e+04   47
999   -1.68e+05  -602   8.16e+04   47
1000   -1.68e+05  -603   8.16e+04   48
