#Sweep   Energia    Magn X    Magn Y
1 -1.9175 -0.0009525 0.9775
2 -1.865 0.00016375 0.96
3 -1.8275 0.0002825 0.9475
4 -1.8025 -0.00109 0.935
5 -1.7875 0.0004275 0.9275
6 -1.7725 0.0015875 0.92
7 -1.7625 -0.0002485 0.915
8 -1.7575 0.000625 0.91
9 -1.7525 0.002625 0.9075
10 -1.75 0.003025 0.9025
11 -1.745 0.003425 0.9
12 -1.745 0.003275 0.8975
13 -1.7425 0.00335 0.895
14 -1.74 0.0021825 0.8925
15 -1.74 0.00224 0.8925
16 -1.7425 0.004325 0.89
17 -1.7425 0.004725 0.89
18 -1.74 0.0049 0.8875
19 -1.74 0.0052 0.885
20 -1.7375 0.003675 0.885
21 -1.7375 0.00345 0.8825
22 -1.7375 0.0043 0.8825
23 -1.7375 0.00295 0.8825
24 -1.7375 0.0023925 0.88
25 -1.7375 0.002975 0.88
26 -1.7375 0.001015 0.8775
27 -1.7375 0.0012225 0.8775
28 -1.7375 -0.0007625 0.8775
29 -1.7375 0.00012775 0.8775
30 -1.735 0.000945 0.875
31 -1.7375 0.0013675 0.875
32 -1.735 0.004575 0.875
33 -1.735 0.0028 0.875
34 -1.735 0.0029 0.8725
35 -1.735 0.00465 0.8725
36 -1.735 0.0011075 0.8725
37 -1.7325 0.0014625 0.87
38 -1.7325 0.0006525 0.87
39 -1.7325 0.0007925 0.87
40 -1.7325 0.002575 0.8675
41 -1.73 0.00355 0.8675
42 -1.7325 0.00355 0.8675
43 -1.7325 0.0052 0.8675
44 -1.735 0.003225 0.8675
45 -1.735 0.0013775 0.8675
46 -1.735 0.0021975 0.865
47 -1.7325 0.001525 0.865
48 -1.73 0.001635 0.865
49 -1.7325 -0.0022175 0.865
50 -1.7325 -0.0019525 0.8625
51 -1.735 -0.0012325 0.865
52 -1.735 -0.0013725 0.865
53 -1.735 -0.00134 0.8625
54 -1.7325 0.0006325 0.8625
55 -1.73 -0.0014125 0.8625
56 -1.7275 -0.00099 0.86
57 -1.73 -0.0005225 0.86
58 -1.7325 0.0009175 0.86
59 -1.7325 -0.000585 0.86
60 -1.7325 -0.0006 0.86
61 -1.7325 -0.0014475 0.86
62 -1.73 -0.0022225 0.8575
63 -1.73 -0.0006075 0.8575
64 -1.73 -0.0041 0.8575
65 -1.73 -0.0027 0.8575
66 -1.7325 -0.0007775 0.8575
67 -1.735 0.0010325 0.8575
68 -1.735 0.00147 0.8575
69 -1.735 0.0004925 0.8575
70 -1.73 -0.0019325 0.855
71 -1.7325 -0.0008925 0.855
72 -1.73 -0.0001275 0.8525
73 -1.7275 -9.8e-05 0.8525
74 -1.7275 -0.0008275 0.8525
75 -1.73 -0.0003225 0.8525
76 -1.7275 0.001885 0.8525
77 -1.7325 0.00233 0.8525
78 -1.73 0.004125 0.8525
79 -1.73 0.004125 0.85
80 -1.7275 0.004325 0.85
81 -1.73 0.005075 0.8525
82 -1.73 0.0043 0.85
83 -1.7325 0.005525 0.8525
84 -1.7325 0.005575 0.85
85 -1.7325 0.003275 0.8525
86 -1.73 0.0023125 0.8475
87 -1.73 -0.000305 0.8475
88 -1.7325 -2.1725e-05 0.85
89 -1.73 -0.0004225 0.8475
90 -1.7325 0.0009025 0.85
91 -1.7325 0.0010925 0.85
92 -1.73 -0.0015675 0.85
93 -1.73 -0.003 0.8475
94 -1.73 -0.003325 0.8475
95 -1.73 -0.006125 0.8475
96 -1.73 -0.005225 0.8475
97 -1.73 -0.00615 0.8475
98 -1.73 -0.007525 0.8475
99 -1.7275 -0.007 0.8475
100 -1.73 -0.00775 0.8475
101 -1.73 -0.004925 0.8475
102 -1.73 -0.00665 0.8475
103 -1.73 -0.005675 0.8475
104 -1.73 -0.0049 0.8475
105 -1.73 -0.004625 0.8475
106 -1.73 -0.0025 0.8475
107 -1.7275 -0.000735 0.845
108 -1.7275 -0.00305 0.8475
109 -1.7275 -0.00164 0.845
110 -1.73 -0.0051 0.845
111 -1.73 -0.006225 0.845
112 -1.73 -0.007025 0.845
113 -1.73 -0.007775 0.845
114 -1.7325 -0.01 0.845
115 -1.73 -0.008775 0.8425
116 -1.73 -0.00935 0.845
117 -1.73 -0.007625 0.845
118 -1.7325 -0.004675 0.845
119 -1.73 -0.003875 0.8425
120 -1.73 -0.004425 0.8425
121 -1.7275 -0.005175 0.8425
122 -1.7275 -0.005125 0.8425
123 -1.7275 -0.005425 0.8425
124 -1.7275 -0.00755 0.8425
125 -1.7275 -0.00735 0.8425
126 -1.73 -0.008625 0.8425
127 -1.73 -0.010675 0.8425
128 -1.73 -0.008075 0.84
129 -1.73 -0.009725 0.84
130 -1.73 -0.00795 0.84
131 -1.73 -0.00945 0.84
132 -1.73 -0.010425 0.8375
133 -1.73 -0.010925 0.8375
134 -1.73 -0.007425 0.8375
135 -1.7325 -0.00615 0.84
136 -1.7325 -0.003725 0.84
137 -1.7325 -0.005125 0.84
138 -1.7325 -0.006425 0.84
139 -1.7325 -0.008775 0.84
140 -1.73 -0.007975 0.84
141 -1.7325 -0.009425 0.84
142 -1.735 -0.010925 0.8425
143 -1.7325 -0.009825 0.84
144 -1.7325 -0.00955 0.84
145 -1.7325 -0.007125 0.84
146 -1.73 -0.0087 0.8375
147 -1.73 -0.01155 0.8375
148 -1.7275 -0.0101 0.8375
149 -1.7275 -0.01035 0.8375
150 -1.73 -0.013025 0.8375
151 -1.7325 -0.0116 0.8375
152 -1.73 -0.01085 0.8375
153 -1.73 -0.00975 0.835
154 -1.73 -0.0084 0.835
155 -1.73 -0.009 0.835
156 -1.7325 -0.009325 0.835
157 -1.7325 -0.00785 0.8375
158 -1.735 -0.00665 0.8375
159 -1.7325 -0.00385 0.835
160 -1.73 -0.007875 0.835
161 -1.73 -0.007325 0.835
162 -1.73 -0.007575 0.835
163 -1.7325 -0.008825 0.835
164 -1.7325 -0.00635 0.835
165 -1.73 -0.005975 0.8325
166 -1.73 -0.0065 0.8325
167 -1.7325 -0.006425 0.835
168 -1.73 -0.004725 0.8325
169 -1.7275 -0.00485 0.8325
170 -1.73 -0.006575 0.835
171 -1.7275 -0.0049 0.8325
172 -1.7275 -0.005525 0.8325
173 -1.7275 -0.00495 0.8325
174 -1.73 -0.005475 0.8325
175 -1.73 -0.0026 0.8325
176 -1.7325 -0.0015075 0.8325
177 -1.73 -0.00305 0.8325
178 -1.7325 -0.002575 0.8325
179 -1.7325 -0.00435 0.8325
180 -1.73 -0.00415 0.8325
181 -1.7325 -0.003325 0.8325
182 -1.7275 -0.00455 0.8325
183 -1.7325 -0.0020375 0.8325
184 -1.7325 -0.003225 0.8325
185 -1.73 -0.0035 0.8325
186 -1.73 -0.00275 0.8325
187 -1.73 -0.00345 0.83
188 -1.7325 -0.0024525 0.8325
189 -1.73 -0.001565 0.8325
190 -1.7275 -0.001365 0.8325
191 -1.73 0.0008775 0.8325
192 -1.73 0.00024575 0.8325
193 -1.73 -0.00137 0.8325
194 -1.73 0.00013825 0.8325
195 -1.73 -0.0017275 0.8325
196 -1.7325 -0.000465 0.835
197 -1.73 -0.0015675 0.8325
198 -1.73 2.875e-05 0.8325
199 -1.7275 -0.002085 0.8325
200 -1.73 -0.00425 0.8325
201 -1.73 -0.00213 0.835
202 -1.7275 6.925e-05 0.8325
203 -1.7275 -0.0009275 0.8325
204 -1.7325 -0.0021825 0.835
205 -1.7325 -0.000885 0.835
206 -1.73 -0.00228 0.835
207 -1.7325 -0.0015325 0.8375
208 -1.7325 -0.00051 0.835
209 -1.73 -0.0014875 0.835
210 -1.7325 -0.0004625 0.835
211 -1.7325 -0.00045 0.835
212 -1.7325 -0.003325 0.8375
213 -1.73 -0.0020475 0.8375
214 -1.73 0.00093 0.835
215 -1.7325 0.000545 0.8375
216 -1.7325 -0.00043 0.8375
217 -1.73 -0.0017075 0.8375
218 -1.7325 -0.0033 0.8375
219 -1.7325 -0.0010125 0.8375
220 -1.735 -0.00415 0.8375
221 -1.735 -0.001875 0.8375
222 -1.735 -0.00162 0.8375
223 -1.7325 -0.003975 0.8375
224 -1.7325 -0.003975 0.8375
225 -1.7325 -0.0010025 0.8375
226 -1.73 -0.002875 0.84
227 -1.73 -0.003925 0.8375
228 -1.73 -0.00223 0.8375
229 -1.7325 -0.00168 0.8375
230 -1.73 -0.002675 0.8375
231 -1.73 -0.0045 0.8375
232 -1.73 -0.005075 0.8375
233 -1.7325 -0.00625 0.8375
234 -1.7325 -0.005175 0.8375
235 -1.7325 -0.00595 0.8375
236 -1.73 -0.005475 0.8375
237 -1.7325 -0.0049 0.8375
238 -1.7325 -0.005475 0.8375
239 -1.73 -0.005525 0.8375
240 -1.7275 -0.0067 0.8375
241 -1.73 -0.0061 0.835
242 -1.73 -0.0031 0.8375
243 -1.73 -0.000525 0.8375
244 -1.7275 -0.001255 0.835
245 -1.73 0.00014325 0.835
246 -1.73 -0.00135 0.835
247 -1.73 -0.001095 0.835
248 -1.7275 5.4e-05 0.8325
249 -1.73 -0.0013175 0.835
250 -1.73 -0.000149 0.8325
251 -1.7275 -0.003 0.83
252 -1.7275 0.0004325 0.83
253 -1.7275 -0.000945 0.83
254 -1.725 -0.002385 0.83
255 -1.7275 -0.006125 0.83
256 -1.7275 -0.0066 0.83
257 -1.7275 -0.004325 0.83
258 -1.7275 -0.0037 0.83
259 -1.73 -0.0046 0.83
260 -1.7275 -0.007725 0.83
261 -1.73 -0.010575 0.8325
262 -1.7275 -0.0127 0.8325
263 -1.73 -0.012075 0.8325
264 -1.7275 -0.01315 0.8325
265 -1.7275 -0.01045 0.8325
266 -1.73 -0.01 0.8325
267 -1.73 -0.01115 0.8325
268 -1.7325 -0.009425 0.8325
269 -1.7325 -0.0079 0.8325
270 -1.73 -0.00885 0.83
271 -1.73 -0.009675 0.83
272 -1.7275 -0.0096 0.83
273 -1.7275 -0.0096 0.83
274 -1.7275 -0.012225 0.83
275 -1.7275 -0.011425 0.8275
276 -1.725 -0.011625 0.8275
277 -1.7275 -0.01225 0.8275
278 -1.73 -0.0109 0.83
279 -1.73 -0.012025 0.83
280 -1.7325 -0.012375 0.83
281 -1.73 -0.0141 0.83
282 -1.7325 -0.0158 0.83
283 -1.73 -0.0138 0.83
284 -1.73 -0.014375 0.83
285 -1.7275 -0.0137 0.83
286 -1.73 -0.012325 0.83
287 -1.73 -0.013575 0.83
288 -1.7275 -0.015675 0.83
289 -1.73 -0.014825 0.83
290 -1.7325 -0.01395 0.8325
291 -1.7325 -0.01265 0.83
292 -1.73 -0.012875 0.83
293 -1.7325 -0.011525 0.83
294 -1.73 -0.0094 0.83
295 -1.7275 -0.011075 0.83
296 -1.7275 -0.0129 0.83
297 -1.73 -0.01245 0.83
298 -1.73 -0.010725 0.83
299 -1.7325 -0.01095 0.83
300 -1.7325 -0.010525 0.83
301 -1.7325 -0.00835 0.83
302 -1.7325 -0.0083 0.83
303 -1.7325 -0.0082 0.83
304 -1.7325 -0.008375 0.83
305 -1.7325 -0.008425 0.8325
306 -1.73 -0.0076 0.83
307 -1.73 -0.01035 0.83
308 -1.73 -0.0075 0.83
309 -1.73 -0.00885 0.83
310 -1.73 -0.009925 0.8325
311 -1.73 -0.01105 0.8325
312 -1.7275 -0.013025 0.8325
313 -1.73 -0.01265 0.83
314 -1.7275 -0.013175 0.83
315 -1.7325 -0.014225 0.83
316 -1.7325 -0.01535 0.83
317 -1.73 -0.016675 0.83
318 -1.7325 -0.01835 0.83
319 -1.73 -0.019275 0.83
320 -1.7325 -0.018375 0.8325
321 -1.7325 -0.01685 0.8325
322 -1.7325 -0.0168 0.83
323 -1.735 -0.017275 0.83
324 -1.7325 -0.02065 0.83
325 -1.7325 -0.0193 0.83
326 -1.735 -0.019925 0.83
327 -1.7325 -0.019425 0.83
328 -1.7325 -0.019525 0.83
329 -1.735 -0.02035 0.83
330 -1.7325 -0.0218 0.83
331 -1.73 -0.0243 0.83
332 -1.7325 -0.022825 0.83
333 -1.7325 -0.0216 0.83
334 -1.7325 -0.02055 0.83
335 -1.73 -0.020975 0.83
336 -1.73 -0.02065 0.8275
337 -1.73 -0.01975 0.8275
338 -1.73 -0.020025 0.8275
339 -1.7325 -0.019225 0.83
340 -1.73 -0.01965 0.8275
341 -1.7325 -0.017375 0.83
342 -1.7325 -0.015675 0.83
343 -1.73 -0.014675 0.8275
344 -1.73 -0.014725 0.8275
345 -1.73 -0.0142 0.8275
346 -1.7325 -0.0139 0.825
347 -1.73 -0.014675 0.825
348 -1.73 -0.012525 0.825
349 -1.73 -0.0131 0.825
350 -1.73 -0.01045 0.825
351 -1.73 -0.0105 0.825
352 -1.73 -0.009175 0.8275
353 -1.73 -0.009625 0.8275
354 -1.73 -0.00895 0.8275
355 -1.73 -0.010225 0.8275
356 -1.73 -0.0117 0.8275
357 -1.73 -0.01025 0.8275
358 -1.73 -0.0099 0.8275
359 -1.735 -0.010125 0.8275
360 -1.7325 -0.008425 0.8275
361 -1.7325 -0.00535 0.8275
362 -1.7325 -0.0052 0.8275
363 -1.7325 -0.005925 0.8275
364 -1.73 -0.00535 0.825
365 -1.73 -0.003725 0.825
366 -1.73 -0.000375 0.8225
367 -1.73 -0.002075 0.8225
368 -1.7275 -0.0002725 0.8225
369 -1.7275 0.0006975 0.8225
370 -1.7275 0.0024475 0.8225
371 -1.7275 0.000131 0.82
372 -1.7275 0.000166 0.82
373 -1.7275 0.0025 0.82
374 -1.7275 -4.125e-05 0.8175
375 -1.7275 -0.0022825 0.82
376 -1.7275 -0.0023175 0.82
377 -1.7275 -0.0038 0.82
378 -1.73 -0.002675 0.82
379 -1.7275 -0.0007125 0.82
380 -1.73 -0.001115 0.8225
381 -1.73 0.00036 0.8225
382 -1.73 -0.0020525 0.8225
383 -1.73 -0.0013225 0.8225
384 -1.7275 -0.002575 0.8225
385 -1.73 -0.0001785 0.8225
386 -1.7275 0.0006925 0.8225
387 -1.73 -0.000305 0.8225
388 -1.7325 -0.0022075 0.8225
389 -1.73 -0.0023625 0.82
390 -1.73 -0.004525 0.8225
391 -1.73 -0.0041 0.82
392 -1.7275 -0.0047 0.82
393 -1.73 -0.005525 0.82
394 -1.73 -0.002775 0.82
395 -1.73 -0.0019925 0.8225
396 -1.7275 -0.0024625 0.82
397 -1.73 -0.001905 0.82
398 -1.725 -0.00084 0.82
399 -1.73 -0.0014225 0.82
400 -1.73 -0.0010825 0.82
401 -1.73 -0.001455 0.8225
402 -1.73 -0.0016675 0.8225
403 -1.73 -0.002925 0.8225
404 -1.7275 -0.0017775 0.8225
405 -1.73 -0.0006225 0.8225
406 -1.73 -0.002925 0.8225
407 -1.73 -0.00212 0.8225
408 -1.73 -0.0016375 0.82
409 -1.7325 -0.002975 0.82
410 -1.73 -0.0019775 0.82
411 -1.73 -0.00315 0.8175
412 -1.73 -0.00245 0.8175
413 -1.73 -0.0023575 0.82
414 -1.73 -0.00071 0.82
415 -1.7275 -0.00231 0.82
416 -1.7275 -0.0015925 0.82
417 -1.725 -0.0005925 0.82
418 -1.725 -0.0016225 0.82
419 -1.725 -0.002085 0.82
420 -1.7275 -0.0024375 0.82
421 -1.725 -0.004775 0.8175
422 -1.7275 -0.00375 0.8175
423 -1.7275 4.1e-05 0.8175
424 -1.7275 -0.00255 0.82
425 -1.73 -0.0032 0.82
426 -1.73 -0.0035 0.82
427 -1.73 -0.00615 0.82
428 -1.73 -0.004175 0.82
429 -1.73 -0.003425 0.8225
430 -1.73 -0.0052 0.8225
431 -1.73 -0.004175 0.8225
432 -1.73 -0.004825 0.82
433 -1.73 -0.00645 0.82
434 -1.7275 -0.007025 0.82
435 -1.73 -0.005075 0.8225
436 -1.73 -0.0058 0.8225
437 -1.7325 -0.006725 0.8225
438 -1.73 -0.005875 0.8225
439 -1.7275 -0.004925 0.8225
440 -1.7275 -0.00605 0.8225
441 -1.73 -0.005125 0.8225
442 -1.73 -0.00335 0.8225
443 -1.7325 -0.005025 0.8225
444 -1.735 -0.0020025 0.8225
445 -1.735 -0.0016125 0.8225
446 -1.7325 -0.001805 0.82
447 -1.7325 -0.0019575 0.8225
448 -1.7325 -0.004575 0.8225
449 -1.7325 -0.005225 0.82
450 -1.73 -0.006725 0.82
451 -1.7325 -0.00685 0.8225
452 -1.7325 -0.008075 0.82
453 -1.7325 -0.009275 0.82
454 -1.73 -0.008725 0.82
455 -1.7325 -0.011025 0.82
456 -1.7275 -0.0108 0.8175
457 -1.73 -0.0108 0.8175
458 -1.7325 -0.0126 0.82
459 -1.73 -0.0117 0.8175
460 -1.73 -0.011475 0.8175
461 -1.73 -0.0111 0.82
462 -1.73 -0.013525 0.8175
463 -1.73 -0.013875 0.8175
464 -1.7275 -0.01305 0.82
465 -1.73 -0.013025 0.82
466 -1.7325 -0.011475 0.82
467 -1.73 -0.01095 0.8225
468 -1.73 -0.01245 0.8225
469 -1.7325 -0.0117 0.8225
470 -1.735 -0.014825 0.825
471 -1.7325 -0.01445 0.825
472 -1.73 -0.013125 0.8225
473 -1.7325 -0.013625 0.8225
474 -1.7325 -0.01275 0.8225
475 -1.7325 -0.011775 0.8225
476 -1.73 -0.010825 0.8225
477 -1.73 -0.0097 0.8225
478 -1.73 -0.007875 0.8225
479 -1.7275 -0.009825 0.8225
480 -1.73 -0.00975 0.8225
481 -1.7275 -0.0124 0.8225
482 -1.7275 -0.012075 0.8225
483 -1.73 -0.013125 0.825
484 -1.73 -0.012225 0.825
485 -1.7325 -0.011725 0.825
486 -1.7325 -0.0131 0.825
487 -1.73 -0.0145 0.825
488 -1.73 -0.01475 0.825
489 -1.73 -0.0152 0.825
490 -1.73 -0.0161 0.825
491 -1.73 -0.017025 0.8225
492 -1.7325 -0.0189 0.825
493 -1.73 -0.0201 0.8225
494 -1.7325 -0.0191 0.8225
495 -1.73 -0.0203 0.8225
496 -1.73 -0.01935 0.82
497 -1.73 -0.019625 0.82
498 -1.73 -0.020275 0.82
499 -1.73 -0.02005 0.82
500 -1.73 -0.0203 0.82
501 -1.73 -0.0197 0.82
502 -1.73 -0.018875 0.82
503 -1.7325 -0.02105 0.82
504 -1.7325 -0.021575 0.8225
505 -1.73 -0.022275 0.8225
506 -1.73 -0.0226 0.8225
507 -1.73 -0.022675 0.82
508 -1.7275 -0.024625 0.82
509 -1.7325 -0.025 0.82
510 -1.7325 -0.024875 0.82
511 -1.7325 -0.02625 0.82
512 -1.73 -0.0234 0.82
513 -1.73 -0.022475 0.82
514 -1.7325 -0.021125 0.82
515 -1.7325 -0.020525 0.82
516 -1.7325 -0.021475 0.8175
517 -1.73 -0.02325 0.8175
518 -1.7275 -0.022275 0.8175
519 -1.73 -0.02135 0.8175
520 -1.73 -0.0202 0.82
521 -1.7325 -0.016775 0.82
522 -1.73 -0.01405 0.82
523 -1.73 -0.01515 0.82
524 -1.7275 -0.01285 0.8175
525 -1.7275 -0.0128 0.82
526 -1.73 -0.010425 0.82
527 -1.73 -0.011325 0.82
528 -1.7275 -0.012125 0.8175
529 -1.7275 -0.00805 0.8175
530 -1.725 -0.00545 0.8175
531 -1.7275 -0.0046 0.8175
532 -1.73 -0.007075 0.8175
533 -1.73 -0.00865 0.82
534 -1.73 -0.009875 0.82
535 -1.7275 -0.011375 0.82
536 -1.73 -0.01025 0.82
537 -1.73 -0.0106 0.82
538 -1.7325 -0.010675 0.8225
539 -1.73 -0.00945 0.82
540 -1.73 -0.009 0.82
541 -1.73 -0.00985 0.82
542 -1.7275 -0.008075 0.82
543 -1.7275 -0.0058 0.82
544 -1.73 -0.006975 0.82
545 -1.73 -0.00615 0.8225
546 -1.73 -0.00735 0.82
547 -1.73 -0.008225 0.82
548 -1.73 -0.009575 0.8225
549 -1.73 -0.0101 0.8225
550 -1.73 -0.0111 0.82
551 -1.7275 -0.009925 0.82
552 -1.7275 -0.010925 0.82
553 -1.7275 -0.013 0.82
554 -1.73 -0.0139 0.8225
555 -1.7325 -0.0135 0.8225
556 -1.7325 -0.014425 0.8225
557 -1.73 -0.013775 0.8225
558 -1.7325 -0.012725 0.8225
559 -1.73 -0.013275 0.82
560 -1.73 -0.0156 0.82
561 -1.73 -0.0172 0.82
562 -1.7325 -0.017075 0.82
563 -1.7325 -0.017475 0.82
564 -1.7325 -0.017225 0.82
565 -1.7325 -0.019475 0.82
566 -1.7325 -0.018875 0.82
567 -1.73 -0.018575 0.82
568 -1.7275 -0.018575 0.82
569 -1.7275 -0.018775 0.8175
570 -1.73 -0.0211 0.82
571 -1.73 -0.01955 0.8175
572 -1.73 -0.02185 0.8175
573 -1.73 -0.023175 0.8175
574 -1.7275 -0.024325 0.8175
575 -1.7275 -0.02365 0.8175
576 -1.7275 -0.02405 0.8175
577 -1.73 -0.02525 0.8175
578 -1.73 -0.024675 0.8175
579 -1.7275 -0.0232 0.8175
580 -1.7275 -0.0227 0.8175
581 -1.73 -0.0246 0.8175
582 -1.73 -0.023975 0.8175
583 -1.7275 -0.021275 0.8175
584 -1.7275 -0.0222 0.815
585 -1.7275 -0.024025 0.815
586 -1.7275 -0.0265 0.815
587 -1.73 -0.0255 0.8175
588 -1.73 -0.0255 0.8175
589 -1.7275 -0.02675 0.8175
590 -1.7275 -0.0244 0.8175
591 -1.73 -0.026 0.8175
592 -1.73 -0.02825 0.8175
593 -1.73 -0.0305 0.8175
594 -1.73 -0.02975 0.82
595 -1.73 -0.02925 0.8175
596 -1.73 -0.029 0.82
597 -1.73 -0.02875 0.82
598 -1.73 -0.02925 0.8175
599 -1.7275 -0.03025 0.8175
600 -1.7275 -0.032 0.8175
601 -1.7275 -0.03225 0.82
602 -1.73 -0.0325 0.82
603 -1.73 -0.03275 0.82
604 -1.73 -0.03 0.82
605 -1.7275 -0.0275 0.82
606 -1.73 -0.0275 0.8225
607 -1.73 -0.02675 0.82
608 -1.73 -0.02825 0.82
609 -1.7325 -0.02675 0.8225
610 -1.7325 -0.02435 0.8225
611 -1.7325 -0.021975 0.8225
612 -1.73 -0.02405 0.82
613 -1.7325 -0.022925 0.82
614 -1.7325 -0.024025 0.82
615 -1.7325 -0.0219 0.82
616 -1.7325 -0.022775 0.8175
617 -1.73 -0.023775 0.8175
618 -1.7275 -0.024825 0.815
619 -1.73 -0.02825 0.815
620 -1.73 -0.02925 0.815
621 -1.7275 -0.03025 0.815
622 -1.73 -0.0325 0.815
623 -1.73 -0.03175 0.815
624 -1.7275 -0.03175 0.815
625 -1.7275 -0.03225 0.815
626 -1.73 -0.03025 0.8175
627 -1.7325 -0.03175 0.8175
628 -1.73 -0.031 0.8175
629 -1.73 -0.02925 0.82
630 -1.7325 -0.029 0.82
631 -1.7325 -0.02975 0.82
632 -1.73 -0.02775 0.82
633 -1.7275 -0.0295 0.82
634 -1.73 -0.031 0.8175
635 -1.7275 -0.03225 0.82
636 -1.7275 -0.03025 0.8175
637 -1.73 -0.03125 0.82
638 -1.7275 -0.0315 0.8175
639 -1.7275 -0.03475 0.8175
640 -1.725 -0.03425 0.8175
641 -1.725 -0.03325 0.8175
642 -1.73 -0.0375 0.82
643 -1.7275 -0.0375 0.82
644 -1.73 -0.03775 0.82
645 -1.73 -0.04 0.8175
646 -1.7275 -0.03925 0.8175
647 -1.7275 -0.0405 0.8175
648 -1.7275 -0.0405 0.8175
649 -1.7275 -0.0395 0.815
650 -1.73 -0.04 0.815
651 -1.7275 -0.041 0.815
652 -1.7275 -0.0415 0.815
653 -1.73 -0.042 0.815
654 -1.73 -0.04325 0.815
655 -1.7275 -0.0445 0.8175
656 -1.73 -0.04175 0.8175
657 -1.73 -0.04375 0.815
658 -1.7325 -0.04425 0.815
659 -1.73 -0.04475 0.8175
660 -1.73 -0.043 0.8175
661 -1.73 -0.04275 0.815
662 -1.7275 -0.04525 0.815
663 -1.7275 -0.04475 0.815
664 -1.73 -0.04575 0.8125
665 -1.7275 -0.04575 0.8125
666 -1.73 -0.0445 0.8125
667 -1.73 -0.04275 0.815
668 -1.7275 -0.04375 0.815
669 -1.7275 -0.04375 0.815
670 -1.73 -0.04425 0.815
671 -1.73 -0.04575 0.815
672 -1.73 -0.04825 0.815
673 -1.73 -0.05 0.815
674 -1.7325 -0.0515 0.8175
675 -1.7325 -0.05225 0.8175
676 -1.7325 -0.0525 0.8175
677 -1.7325 -0.05425 0.8175
678 -1.7325 -0.05525 0.8175
679 -1.73 -0.05375 0.815
680 -1.7275 -0.053 0.815
681 -1.7275 -0.0555 0.815
682 -1.73 -0.05375 0.8125
683 -1.73 -0.054 0.815
684 -1.73 -0.05425 0.815
685 -1.73 -0.0545 0.815
686 -1.73 -0.053 0.815
687 -1.73 -0.0535 0.815
688 -1.7325 -0.05325 0.8175
689 -1.7325 -0.0505 0.815
690 -1.73 -0.0495 0.815
691 -1.73 -0.05 0.8125
692 -1.7275 -0.04875 0.8125
693 -1.7275 -0.05 0.8125
694 -1.73 -0.052 0.8125
695 -1.7325 -0.05325 0.8125
696 -1.73 -0.053 0.8125
697 -1.7325 -0.05175 0.815
698 -1.73 -0.052 0.815
699 -1.7325 -0.051 0.815
700 -1.7325 -0.05225 0.815
701 -1.73 -0.05375 0.8125
702 -1.73 -0.05325 0.815
703 -1.73 -0.05375 0.8125
704 -1.73 -0.05375 0.8125
705 -1.73 -0.05225 0.815
706 -1.73 -0.05525 0.8125
707 -1.73 -0.0565 0.81
708 -1.7275 -0.0555 0.81
709 -1.7275 -0.0545 0.8075
710 -1.73 -0.056 0.8075
711 -1.73 -0.05825 0.8075
712 -1.7325 -0.05775 0.81
713 -1.7325 -0.05875 0.8075
714 -1.7325 -0.0595 0.81
715 -1.7325 -0.0575 0.8075
716 -1.7325 -0.05825 0.81
717 -1.7325 -0.06 0.8075
718 -1.73 -0.06075 0.8075
719 -1.7275 -0.06 0.805
720 -1.73 -0.0615 0.8075
721 -1.73 -0.0635 0.8075
722 -1.73 -0.0625 0.805
723 -1.73 -0.0625 0.8075
724 -1.7275 -0.06175 0.805
725 -1.7275 -0.0605 0.805
726 -1.7275 -0.05925 0.805
727 -1.73 -0.058 0.8075
728 -1.7325 -0.05825 0.8075
729 -1.73 -0.0575 0.805
730 -1.73 -0.05775 0.8075
731 -1.7325 -0.05775 0.805
732 -1.73 -0.06 0.805
733 -1.73 -0.0595 0.805
734 -1.73 -0.059 0.8075
735 -1.73 -0.058 0.8075
736 -1.73 -0.05725 0.8075
737 -1.7275 -0.0565 0.8075
738 -1.7275 -0.05375 0.805
739 -1.7275 -0.05525 0.8075
740 -1.7275 -0.056 0.805
741 -1.7275 -0.05475 0.805
742 -1.73 -0.05575 0.805
743 -1.7275 -0.05775 0.805
744 -1.73 -0.056 0.805
745 -1.7275 -0.05625 0.805
746 -1.7275 -0.0575 0.805
747 -1.73 -0.058 0.805
748 -1.73 -0.0575 0.8075
749 -1.7275 -0.057 0.805
750 -1.7275 -0.056 0.805
751 -1.7275 -0.055 0.805
752 -1.7275 -0.05625 0.805
753 -1.73 -0.05575 0.805
754 -1.7275 -0.057 0.805
755 -1.73 -0.0555 0.8075
756 -1.7325 -0.057 0.8075
757 -1.73 -0.058 0.8075
758 -1.73 -0.05725 0.805
759 -1.73 -0.05925 0.805
760 -1.73 -0.06 0.8075
761 -1.73 -0.05925 0.8075
762 -1.73 -0.0585 0.8075
763 -1.73 -0.058 0.8075
764 -1.7275 -0.05875 0.8075
765 -1.73 -0.06075 0.81
766 -1.73 -0.06025 0.8075
767 -1.73 -0.06 0.8075
768 -1.73 -0.05875 0.8075
769 -1.7275 -0.05675 0.8075
770 -1.7325 -0.05725 0.8075
771 -1.7325 -0.056 0.8075
772 -1.73 -0.05675 0.8075
773 -1.7275 -0.056 0.8075
774 -1.7275 -0.0555 0.8075
775 -1.73 -0.0575 0.8075
776 -1.73 -0.05825 0.81
777 -1.7275 -0.05575 0.8075
778 -1.73 -0.05425 0.81
779 -1.73 -0.0545 0.81
780 -1.7275 -0.0535 0.81
781 -1.73 -0.05225 0.81
782 -1.7275 -0.05075 0.81
783 -1.725 -0.051 0.8075
784 -1.7275 -0.0495 0.81
785 -1.7275 -0.05125 0.8075
786 -1.73 -0.053 0.81
787 -1.73 -0.0525 0.81
788 -1.73 -0.0505 0.81
789 -1.7275 -0.0505 0.81
790 -1.7275 -0.052 0.81
791 -1.73 -0.05075 0.81
792 -1.73 -0.0525 0.8125
793 -1.7325 -0.05175 0.81
794 -1.7325 -0.0495 0.81
795 -1.73 -0.0515 0.81
796 -1.7275 -0.0485 0.81
797 -1.73 -0.045 0.81
798 -1.73 -0.04475 0.81
799 -1.73 -0.0455 0.81
800 -1.73 -0.04525 0.81
801 -1.73 -0.04575 0.81
802 -1.7325 -0.046 0.81
803 -1.7325 -0.04625 0.81
804 -1.73 -0.04375 0.81
805 -1.7275 -0.0415 0.8075
806 -1.73 -0.04275 0.81
807 -1.73 -0.04075 0.81
808 -1.73 -0.04075 0.8125
809 -1.73 -0.03875 0.8125
810 -1.73 -0.03825 0.8125
811 -1.73 -0.03625 0.8125
812 -1.73 -0.0345 0.815
813 -1.7325 -0.03325 0.815
814 -1.73 -0.03125 0.815
815 -1.73 -0.031 0.815
816 -1.73 -0.032 0.815
817 -1.73 -0.02875 0.815
818 -1.7275 -0.03 0.815
819 -1.7275 -0.0285 0.815
820 -1.73 -0.02825 0.815
821 -1.73 -0.02775 0.815
822 -1.73 -0.0295 0.815
823 -1.73 -0.028 0.815
824 -1.73 -0.027 0.8175
825 -1.73 -0.0285 0.8175
826 -1.73 -0.02875 0.8175
827 -1.73 -0.0265 0.815
828 -1.73 -0.025 0.8175
829 -1.7325 -0.021675 0.82
830 -1.7325 -0.023175 0.8175
831 -1.7325 -0.0255 0.8175
832 -1.73 -0.0224 0.8175
833 -1.73 -0.02195 0.8175
834 -1.73 -0.02235 0.815
835 -1.73 -0.023225 0.815
836 -1.7325 -0.02575 0.8175
837 -1.7325 -0.02675 0.815
838 -1.7325 -0.029 0.815
839 -1.73 -0.03025 0.815
840 -1.73 -0.0305 0.815
841 -1.73 -0.0295 0.815
842 -1.73 -0.02725 0.815
843 -1.73 -0.02625 0.815
844 -1.73 -0.0265 0.8175
845 -1.7275 -0.02575 0.815
846 -1.73 -0.0255 0.8175
847 -1.73 -0.0255 0.8175
848 -1.7275 -0.023625 0.8175
849 -1.7275 -0.02485 0.8175
850 -1.73 -0.0231 0.8175
851 -1.7325 -0.023575 0.8175
852 -1.73 -0.023775 0.8175
853 -1.7325 -0.02525 0.8175
854 -1.73 -0.026 0.8175
855 -1.73 -0.02875 0.82
856 -1.73 -0.0305 0.82
857 -1.73 -0.03025 0.82
858 -1.73 -0.031 0.82
859 -1.73 -0.0305 0.82
860 -1.73 -0.02875 0.8175
861 -1.73 -0.02725 0.82
862 -1.7325 -0.0285 0.82
863 -1.7325 -0.029 0.82
864 -1.73 -0.02975 0.82
865 -1.73 -0.031 0.82
866 -1.7275 -0.028 0.8175
867 -1.73 -0.02675 0.8175
868 -1.7275 -0.02825 0.8175
869 -1.73 -0.0295 0.8175
870 -1.73 -0.029 0.8175
871 -1.7325 -0.028 0.8175
872 -1.73 -0.029 0.8175
873 -1.73 -0.026 0.8175
874 -1.7325 -0.026 0.8175
875 -1.7325 -0.024 0.82
876 -1.73 -0.02525 0.82
877 -1.73 -0.02575 0.82
878 -1.73 -0.0265 0.8175
879 -1.73 -0.027 0.8175
880 -1.73 -0.027 0.82
881 -1.7325 -0.02775 0.82
882 -1.7325 -0.02675 0.82
883 -1.7325 -0.026 0.8225
884 -1.735 -0.02395 0.8225
885 -1.7325 -0.022575 0.8225
886 -1.73 -0.0209 0.82
887 -1.7275 -0.019775 0.82
888 -1.73 -0.020425 0.82
889 -1.7275 -0.02095 0.82
890 -1.7275 -0.02055 0.82
891 -1.73 -0.020075 0.82
892 -1.7275 -0.017425 0.82
893 -1.73 -0.017675 0.82
894 -1.73 -0.01435 0.82
895 -1.73 -0.013725 0.82
896 -1.7325 -0.013075 0.8225
897 -1.73 -0.013 0.82
898 -1.73 -0.013 0.82
899 -1.73 -0.012675 0.82
900 -1.73 -0.01055 0.82
901 -1.73 -0.01065 0.82
902 -1.73 -0.01115 0.82
903 -1.73 -0.011075 0.82
904 -1.7275 -0.01195 0.82
905 -1.7275 -0.0134 0.82
906 -1.73 -0.013 0.82
907 -1.73 -0.013 0.82
908 -1.73 -0.011625 0.82
909 -1.73 -0.011375 0.82
910 -1.73 -0.009325 0.82
911 -1.7325 -0.009425 0.82
912 -1.73 -0.010375 0.82
913 -1.73 -0.0082 0.8175
914 -1.73 -0.007225 0.8175
915 -1.73 -0.006975 0.815
916 -1.725 -0.006175 0.815
917 -1.725 -0.007475 0.815
918 -1.725 -0.008625 0.815
919 -1.725 -0.0095 0.8125
920 -1.725 -0.010275 0.815
921 -1.7275 -0.00805 0.815
922 -1.7275 -0.00875 0.815
923 -1.7275 -0.01035 0.815
924 -1.7275 -0.01115 0.8125
925 -1.7275 -0.013225 0.8125
926 -1.725 -0.012975 0.8125
927 -1.725 -0.011025 0.8125
928 -1.725 -0.009875 0.815
929 -1.7275 -0.008125 0.815
930 -1.7275 -0.008825 0.815
931 -1.73 -0.007525 0.8175
932 -1.7275 -0.007925 0.815
933 -1.7275 -0.008025 0.815
934 -1.7275 -0.0079 0.8125
935 -1.7275 -0.00735 0.815
936 -1.7275 -0.0053 0.815
937 -1.7275 -0.006225 0.815
938 -1.7275 -0.004075 0.815
939 -1.7275 -0.0026 0.815
940 -1.73 -0.0011475 0.8175
941 -1.7275 -0.0019575 0.8175
942 -1.73 -0.0033 0.8175
943 -1.7325 -0.004175 0.815
944 -1.7325 -0.002495 0.8175
945 -1.73 -0.00096 0.8175
946 -1.73 -0.0005225 0.8175
947 -1.73 0.001605 0.8175
948 -1.73 0.0008375 0.8175
949 -1.7275 0.00255 0.8175
950 -1.7275 0.0011725 0.8175
951 -1.73 -0.0009025 0.8175
952 -1.73 0.0008075 0.8175
953 -1.73 0.00211 0.8175
954 -1.7275 0.0005975 0.815
955 -1.7275 0.001405 0.815
956 -1.7275 0.002675 0.815
957 -1.7275 0.00295 0.815
958 -1.725 0.001325 0.8175
959 -1.7275 0.000465 0.8175
960 -1.7275 4.475e-05 0.8175
961 -1.73 -0.0004525 0.82
962 -1.73 0.0004725 0.82
963 -1.73 0.0008775 0.82
964 -1.73 0.0022625 0.82
965 -1.7275 0.000905 0.8175
966 -1.7275 0.000365 0.8175
967 -1.7275 0.0012625 0.8175
968 -1.7275 0.002375 0.82
969 -1.7275 0.0014175 0.82
970 -1.7275 0.0012875 0.8175
971 -1.7275 0.0022825 0.8175
972 -1.7275 0.00475 0.8175
973 -1.7275 0.00247 0.8175
974 -1.73 0.0015675 0.8175
975 -1.73 0.00063 0.8175
976 -1.73 -0.0012925 0.8175
977 -1.73 0.00076 0.8175
978 -1.7275 0.0019025 0.815
979 -1.7275 0.0037 0.815
980 -1.73 0.00715 0.815
981 -1.7275 0.008325 0.815
982 -1.73 0.009125 0.815
983 -1.73 0.0074 0.815
984 -1.7325 0.0067 0.815
985 -1.7275 0.006975 0.8125
986 -1.7275 0.00765 0.815
987 -1.7275 0.007525 0.815
988 -1.73 0.008375 0.815
989 -1.73 0.0083 0.815
990 -1.73 0.009275 0.815
991 -1.73 0.00775 0.815
992 -1.73 0.009 0.815
993 -1.73 0.00915 0.8125
994 -1.73 0.00875 0.815
995 -1.7325 0.00745 0.815
996 -1.73 0.0087 0.815
997 -1.73 0.007275 0.815
998 -1.73 0.007975 0.815
999 -1.73 0.008175 0.815
1000 -1.73 0.0079 0.815
