***************************************
*           Modello XY                *
*      Simulazione Monte Carlo        *
***************************************

Parametri simulativi:

Lato reticolo:           300
Temperatura:             1
Beta:                    1
J:                       1
Delta:                   1.7
Numero blocchi           1
Lunghezza simulazione:   1000
Fase di termalizzazione: -1



Numero mossa   Energia    Magnetizzazione X    Magnetizzazione Y    Acc. rate
1   -1.65e+05  -4.22   8.59e+04   40
2   -1.55e+05  -13.5   8.26e+04   43
3   -1.48e+05  -285   8e+04   45
4   -1.43e+05  -375   7.77e+04   46
5   -1.39e+05  -657   7.6e+04   48
6   -1.37e+05  -653   7.44e+04   48
7   -1.34e+05  -656   7.32e+04   48
8   -1.32e+05  -645   7.2e+04   49
9   -1.31e+05  -868   7.11e+04   50
10   -1.3e+05  -791   7.03e+04   50
11   -1.29e+05  -690   6.95e+04   49
12   -1.29e+05  -473   6.9e+04   50
13   -1.27e+05  -477   6.82e+04   50
14   -1.27e+05  -495   6.77e+04   50
15   -1.26e+05  -577   6.71e+04   50
16   -1.26e+05  -622   6.67e+04   50
17   -1.25e+05  -788   6.62e+04   50
18   -1.26e+05  -650   6.58e+04   50
19   -1.25e+05  -572   6.54e+04   50
20   -1.25e+05  -470   6.5e+04   50
21   -1.24e+05  -585   6.47e+04   50
22   -1.24e+05  -399   6.44e+04   50
23   -1.24e+05  -357   6.41e+04   50
24   -1.24e+05  -293   6.38e+04   51
25   -1.24e+05  -280   6.35e+04   50
26   -1.24e+05  -393   6.32e+04   50
27   -1.23e+05  -517   6.31e+04   51
28   -1.23e+05  -591   6.3e+04   51
29   -1.23e+05  -611   6.28e+04   50
30   -1.23e+05  -872   6.26e+04   50
31   -1.23e+05  -694   6.23e+04   51
32   -1.23e+05  -765   6.19e+04   51
33   -1.23e+05  -650   6.19e+04   51
34   -1.23e+05  -698   6.17e+04   51
35   -1.22e+05  -968   6.15e+04   50
36   -1.23e+05  -995   6.13e+04   51
37   -1.22e+05  -818   6.12e+04   50
38   -1.22e+05  -749   6.08e+04   51
39   -1.22e+05  -722   6.06e+04   51
40   -1.22e+05  -672   6.05e+04   50
41   -1.22e+05  -677   6.05e+04   51
42   -1.22e+05  -672   6.03e+04   51
43   -1.22e+05  -541   6.01e+04   51
44   -1.22e+05  -565   6e+04   51
45   -1.22e+05  -721   6e+04   51
46   -1.22e+05  -813   5.98e+04   51
47   -1.22e+05  -766   5.98e+04   51
48   -1.22e+05  -846   5.97e+04   51
49   -1.22e+05  -951   5.97e+04   51
50   -1.22e+05  -827   5.94e+04   51
51   -1.22e+05  -1.05e+03   5.93e+04   51
52   -1.22e+05  -1.07e+03   5.93e+04   51
53   -1.22e+05  -1.15e+03   5.91e+04   51
54   -1.22e+05  -1.04e+03   5.9e+04   51
55   -1.22e+05  -1.13e+03   5.9e+04   51
56   -1.22e+05  -947   5.89e+04   51
57   -1.22e+05  -904   5.88e+04   51
58   -1.22e+05  -1.03e+03   5.87e+04   51
59   -1.21e+05  -991   5.85e+04   51
60   -1.21e+05  -1.03e+03   5.84e+04   51
61   -1.21e+05  -941   5.84e+04   51
62   -1.21e+05  -1.06e+03   5.84e+04   51
63   -1.22e+05  -1.07e+03   5.84e+04   51
64   -1.22e+05  -1.22e+03   5.83e+04   51
65   -1.21e+05  -1.22e+03   5.81e+04   51
66   -1.21e+05  -1.29e+03   5.83e+04   51
67   -1.21e+05  -1.36e+03   5.81e+04   51
68   -1.21e+05  -1.41e+03   5.81e+04   51
69   -1.21e+05  -1.21e+03   5.81e+04   51
70   -1.21e+05  -1.17e+03   5.78e+04   51
71   -1.21e+05  -1.31e+03   5.77e+04   51
72   -1.21e+05  -1.29e+03   5.76e+04   51
73   -1.21e+05  -1.22e+03   5.76e+04   51
74   -1.21e+05  -1.12e+03   5.75e+04   51
75   -1.21e+05  -1.07e+03   5.74e+04   51
76   -1.21e+05  -1.15e+03   5.73e+04   51
77   -1.21e+05  -1.39e+03   5.71e+04   51
78   -1.21e+05  -1.58e+03   5.7e+04   51
79   -1.21e+05  -1.52e+03   5.69e+04   51
80   -1.21e+05  -1.43e+03   5.68e+04   51
81   -1.21e+05  -1.19e+03   5.68e+04   51
82   -1.21e+05  -1.13e+03   5.66e+04   51
83   -1.21e+05  -1.19e+03   5.65e+04   51
84   -1.21e+05  -1.13e+03   5.65e+04   51
85   -1.21e+05  -971   5.63e+04   51
86   -1.21e+05  -1.13e+03   5.61e+04   51
87   -1.21e+05  -1.01e+03   5.61e+04   51
88   -1.21e+05  -1.07e+03   5.6e+04   51
89   -1.21e+05  -932   5.6e+04   51
90   -1.21e+05  -990   5.6e+04   51
91   -1.21e+05  -893   5.61e+04   51
92   -1.21e+05  -935   5.61e+04   51
93   -1.22e+05  -997   5.6e+04   51
94   -1.21e+05  -1.06e+03   5.57e+04   51
95   -1.21e+05  -1.15e+03   5.58e+04   51
96   -1.21e+05  -1.1e+03   5.56e+04   51
97   -1.21e+05  -1.1e+03   5.54e+04   51
98   -1.21e+05  -974   5.53e+04   51
99   -1.2e+05  -965   5.52e+04   51
100   -1.2e+05  -1.01e+03   5.5e+04   51
101   -1.2e+05  -794   5.51e+04   51
102   -1.2e+05  -874   5.5e+04   51
103   -1.2e+05  -736   5.51e+04   51
104   -1.2e+05  -664   5.49e+04   51
105   -1.21e+05  -599   5.5e+04   51
106   -1.2e+05  -643   5.49e+04   51
107   -1.2e+05  -582   5.48e+04   51
108   -1.2e+05  -780   5.47e+04   51
109   -1.2e+05  -747   5.48e+04   51
110   -1.2e+05  -869   5.47e+04   51
111   -1.21e+05  -684   5.47e+04   51
112   -1.2e+05  -727   5.46e+04   51
113   -1.2e+05  -681   5.47e+04   52
114   -1.2e+05  -761   5.46e+04   51
115   -1.21e+05  -747   5.47e+04   51
116   -1.2e+05  -779   5.45e+04   51
117   -1.2e+05  -823   5.42e+04   51
118   -1.2e+05  -936   5.42e+04   51
119   -1.2e+05  -847   5.43e+04   51
120   -1.2e+05  -940   5.42e+04   51
121   -1.2e+05  -865   5.41e+04   51
122   -1.2e+05  -744   5.4e+04   51
123   -1.2e+05  -880   5.4e+04   51
124   -1.21e+05  -906   5.41e+04   51
125   -1.2e+05  -739   5.4e+04   51
126   -1.2e+05  -782   5.39e+04   51
127   -1.2e+05  -852   5.38e+04   51
128   -1.2e+05  -841   5.37e+04   51
129   -1.2e+05  -873   5.36e+04   51
130   -1.2e+05  -778   5.37e+04   51
131   -1.2e+05  -751   5.35e+04   51
132   -1.2e+05  -863   5.36e+04   51
133   -1.2e+05  -679   5.35e+04   51
134   -1.2e+05  -725   5.35e+04   51
135   -1.2e+05  -558   5.33e+04   51
136   -1.2e+05  -428   5.33e+04   51
137   -1.2e+05  -529   5.33e+04   51
138   -1.21e+05  -652   5.34e+04   51
139   -1.21e+05  -737   5.34e+04   51
140   -1.21e+05  -552   5.34e+04   51
141   -1.21e+05  -605   5.34e+04   51
142   -1.21e+05  -582   5.35e+04   51
143   -1.21e+05  -517   5.35e+04   51
144   -1.21e+05  -464   5.35e+04   51
145   -1.21e+05  -551   5.35e+04   51
146   -1.21e+05  -440   5.34e+04   51
147   -1.21e+05  -591   5.32e+04   51
148   -1.2e+05  -466   5.32e+04   51
149   -1.21e+05  -600   5.33e+04   51
150   -1.2e+05  -637   5.33e+04   51
151   -1.21e+05  -570   5.32e+04   51
152   -1.21e+05  -382   5.32e+04   51
153   -1.21e+05  -235   5.33e+04   51
154   -1.21e+05  -315   5.33e+04   51
155   -1.21e+05  -168   5.32e+04   51
156   -1.21e+05  121   5.31e+04   51
157   -1.21e+05  172   5.31e+04   51
158   -1.2e+05  171   5.3e+04   51
159   -1.21e+05  397   5.3e+04   51
160   -1.21e+05  682   5.28e+04   51
161   -1.2e+05  704   5.28e+04   51
162   -1.21e+05  676   5.29e+04   51
163   -1.21e+05  602   5.3e+04   51
164   -1.21e+05  879   5.3e+04   51
165   -1.2e+05  730   5.28e+04   51
166   -1.2e+05  540   5.28e+04   51
167   -1.2e+05  460   5.27e+04   51
168   -1.21e+05  644   5.28e+04   51
169   -1.21e+05  514   5.29e+04   51
170   -1.21e+05  430   5.29e+04   51
171   -1.21e+05  450   5.28e+04   51
172   -1.21e+05  230   5.25e+04   51
173   -1.21e+05  172   5.25e+04   51
174   -1.2e+05  95.3   5.24e+04   51
175   -1.2e+05  49.1   5.23e+04   51
176   -1.2e+05  128   5.22e+04   51
177   -1.2e+05  140   5.22e+04   51
178   -1.2e+05  308   5.21e+04   51
179   -1.2e+05  260   5.22e+04   51
180   -1.2e+05  -42.6   5.21e+04   51
181   -1.2e+05  -282   5.22e+04   51
182   -1.21e+05  -275   5.22e+04   52
183   -1.21e+05  -226   5.22e+04   51
184   -1.21e+05  -296   5.22e+04   51
185   -1.21e+05  -476   5.21e+04   51
186   -1.21e+05  -497   5.22e+04   51
187   -1.21e+05  -350   5.21e+04   51
188   -1.21e+05  -313   5.21e+04   51
189   -1.21e+05  -135   5.21e+04   51
190   -1.2e+05  -289   5.2e+04   51
191   -1.2e+05  -311   5.19e+04   51
192   -1.2e+05  -241   5.18e+04   51
193   -1.2e+05  -115   5.17e+04   51
194   -1.2e+05  -11.1   5.16e+04   51
195   -1.2e+05  -2.53   5.15e+04   51
196   -1.2e+05  -75.7   5.14e+04   51
197   -1.2e+05  -99   5.13e+04   51
198   -1.2e+05  -81   5.14e+04   51
199   -1.2e+05  -330   5.14e+04   51
200   -1.2e+05  -246   5.13e+04   51
201   -1.2e+05  -382   5.11e+04   51
202   -1.2e+05  -399   5.11e+04   51
203   -1.2e+05  -302   5.11e+04   51
204   -1.2e+05  -274   5.1e+04   51
205   -1.2e+05  -437   5.1e+04   51
206   -1.2e+05  -372   5.08e+04   51
207   -1.2e+05  -281   5.07e+04   51
208   -1.2e+05  -183   5.07e+04   51
209   -1.19e+05  -299   5.06e+04   51
210   -1.2e+05  -239   5.07e+04   51
211   -1.2e+05  -285   5.06e+04   51
212   -1.2e+05  -366   5.06e+04   51
213   -1.2e+05  -404   5.07e+04   51
214   -1.2e+05  -587   5.07e+04   51
215   -1.2e+05  -532   5.06e+04   51
216   -1.19e+05  -524   5.04e+04   51
217   -1.19e+05  -374   5.04e+04   51
218   -1.2e+05  -321   5.05e+04   51
219   -1.2e+05  -272   5.05e+04   51
220   -1.2e+05  -40.4   5.03e+04   51
221   -1.2e+05  12.9   5.03e+04   52
222   -1.2e+05  10.6   5.03e+04   51
223   -1.2e+05  -94   5.03e+04   51
224   -1.2e+05  -111   5.02e+04   51
225   -1.2e+05  12.1   5.03e+04   52
226   -1.2e+05  94.8   5.03e+04   51
227   -1.2e+05  -48.5   5.03e+04   51
228   -1.2e+05  35.3   5.03e+04   51
229   -1.2e+05  -1.19   5.02e+04   51
230   -1.21e+05  -279   5.02e+04   51
231   -1.21e+05  -300   5.02e+04   51
232   -1.2e+05  -565   5.02e+04   51
233   -1.2e+05  -375   5.03e+04   51
234   -1.2e+05  -462   5.01e+04   51
235   -1.2e+05  -452   5.03e+04   52
236   -1.2e+05  -576   5.03e+04   51
237   -1.2e+05  -407   5.03e+04   51
238   -1.2e+05  -387   5.03e+04   51
239   -1.2e+05  -342   5.02e+04   51
240   -1.2e+05  -431   5e+04   51
241   -1.2e+05  -299   4.99e+04   51
242   -1.2e+05  -158   4.97e+04   51
243   -1.2e+05  -182   4.95e+04   51
244   -1.2e+05  -319   4.96e+04   51
245   -1.2e+05  -191   4.97e+04   51
246   -1.2e+05  -144   4.96e+04   51
247   -1.2e+05  -78.7   4.95e+04   51
248   -1.2e+05  62.1   4.95e+04   51
249   -1.2e+05  65.3   4.96e+04   51
250   -1.2e+05  395   4.95e+04   51
251   -1.2e+05  384   4.95e+04   51
252   -1.2e+05  372   4.95e+04   51
253   -1.2e+05  456   4.95e+04   51
254   -1.2e+05  168   4.95e+04   51
255   -1.2e+05  38.9   4.95e+04   51
256   -1.19e+05  -2.95   4.94e+04   51
257   -1.2e+05  54   4.95e+04   51
258   -1.2e+05  58.5   4.96e+04   51
259   -1.2e+05  205   4.95e+04   51
260   -1.2e+05  446   4.94e+04   51
261   -1.2e+05  151   4.97e+04   51
262   -1.2e+05  35.8   4.98e+04   51
263   -1.2e+05  -90.5   4.98e+04   51
264   -1.2e+05  -329   4.96e+04   51
265   -1.2e+05  -264   4.96e+04   51
266   -1.2e+05  -208   4.97e+04   51
267   -1.2e+05  -314   4.97e+04   51
268   -1.2e+05  -460   4.97e+04   51
269   -1.2e+05  -463   4.97e+04   52
270   -1.2e+05  -398   4.98e+04   51
271   -1.2e+05  -437   4.97e+04   51
272   -1.2e+05  -311   4.96e+04   51
273   -1.2e+05  -417   4.96e+04   51
274   -1.2e+05  -431   4.96e+04   51
275   -1.2e+05  -373   4.97e+04   51
276   -1.2e+05  -368   4.97e+04   51
277   -1.2e+05  -459   4.97e+04   51
278   -1.2e+05  -422   4.97e+04   51
279   -1.2e+05  -365   4.96e+04   51
280   -1.2e+05  -476   4.95e+04   51
281   -1.2e+05  -440   4.94e+04   51
282   -1.2e+05  -622   4.94e+04   51
283   -1.2e+05  -576   4.93e+04   51
284   -1.2e+05  -626   4.94e+04   51
285   -1.2e+05  -719   4.94e+04   51
286   -1.2e+05  -539   4.95e+04   51
287   -1.2e+05  -558   4.94e+04   52
288   -1.2e+05  -650   4.97e+04   52
289   -1.2e+05  -728   4.98e+04   51
290   -1.2e+05  -612   4.98e+04   51
291   -1.2e+05  -648   4.97e+04   51
292   -1.2e+05  -598   4.95e+04   51
293   -1.19e+05  -597   4.93e+04   51
294   -1.2e+05  -469   4.95e+04   51
295   -1.2e+05  -304   4.95e+04   51
296   -1.2e+05  -427   4.96e+04   51
297   -1.2e+05  -360   4.95e+04   51
298   -1.2e+05  -321   4.95e+04   51
299   -1.2e+05  -398   4.96e+04   51
300   -1.2e+05  -583   4.93e+04   51
301   -1.2e+05  -543   4.91e+04   51
302   -1.2e+05  -667   4.91e+04   52
303   -1.2e+05  -502   4.92e+04   51
304   -1.2e+05  -546   4.9e+04   51
305   -1.2e+05  -597   4.9e+04   51
306   -1.2e+05  -687   4.89e+04   52
307   -1.2e+05  -844   4.89e+04   51
308   -1.19e+05  -870   4.88e+04   52
309   -1.19e+05  -1.02e+03   4.87e+04   51
310   -1.2e+05  -980   4.88e+04   52
311   -1.19e+05  -1.12e+03   4.87e+04   51
312   -1.2e+05  -1.01e+03   4.88e+04   51
313   -1.2e+05  -1.18e+03   4.89e+04   51
314   -1.2e+05  -1.19e+03   4.86e+04   51
315   -1.2e+05  -1.11e+03   4.87e+04   51
316   -1.2e+05  -937   4.86e+04   51
317   -1.2e+05  -882   4.86e+04   51
318   -1.2e+05  -892   4.86e+04   51
319   -1.2e+05  -837   4.88e+04   51
320   -1.2e+05  -763   4.87e+04   51
321   -1.2e+05  -589   4.89e+04   51
322   -1.2e+05  -639   4.9e+04   51
323   -1.2e+05  -534   4.89e+04   51
324   -1.2e+05  -498   4.89e+04   51
325   -1.2e+05  -669   4.89e+04   51
326   -1.2e+05  -846   4.88e+04   51
327   -1.2e+05  -921   4.88e+04   51
328   -1.2e+05  -770   4.87e+04   51
329   -1.2e+05  -864   4.88e+04   51
330   -1.2e+05  -1.05e+03   4.89e+04   51
331   -1.2e+05  -1.05e+03   4.89e+04   51
332   -1.2e+05  -941   4.88e+04   51
333   -1.2e+05  -940   4.88e+04   51
334   -1.2e+05  -863   4.88e+04   52
335   -1.2e+05  -1.12e+03   4.86e+04   51
336   -1.21e+05  -1.21e+03   4.86e+04   51
337   -1.21e+05  -1.32e+03   4.86e+04   51
338   -1.21e+05  -1.3e+03   4.86e+04   51
339   -1.21e+05  -1.27e+03   4.86e+04   51
340   -1.2e+05  -1.22e+03   4.83e+04   51
341   -1.2e+05  -1.24e+03   4.82e+04   51
342   -1.2e+05  -1.11e+03   4.82e+04   51
343   -1.2e+05  -1.26e+03   4.8e+04   51
344   -1.2e+05  -1.18e+03   4.81e+04   51
345   -1.2e+05  -1.13e+03   4.82e+04   51
346   -1.2e+05  -1.21e+03   4.81e+04   51
347   -1.2e+05  -1.21e+03   4.8e+04   51
348   -1.2e+05  -1.35e+03   4.82e+04   51
349   -1.2e+05  -1.32e+03   4.83e+04   51
350   -1.2e+05  -1.35e+03   4.81e+04   51
351   -1.2e+05  -1.51e+03   4.82e+04   51
352   -1.2e+05  -1.39e+03   4.82e+04   51
353   -1.2e+05  -1.01e+03   4.82e+04   51
354   -1.2e+05  -813   4.81e+04   51
355   -1.2e+05  -785   4.82e+04   51
356   -1.2e+05  -879   4.79e+04   51
357   -1.2e+05  -763   4.78e+04   51
358   -1.2e+05  -737   4.78e+04   51
359   -1.2e+05  -721   4.78e+04   51
360   -1.2e+05  -616   4.78e+04   51
361   -1.2e+05  -652   4.77e+04   51
362   -1.2e+05  -749   4.77e+04   51
363   -1.2e+05  -471   4.76e+04   51
364   -1.19e+05  -162   4.76e+04   51
365   -1.19e+05  -104   4.74e+04   51
366   -1.19e+05  -20.7   4.75e+04   51
367   -1.2e+05  54.2   4.75e+04   51
368   -1.2e+05  190   4.75e+04   51
369   -1.2e+05  325   4.74e+04   51
370   -1.2e+05  181   4.73e+04   51
371   -1.19e+05  139   4.71e+04   51
372   -1.2e+05  241   4.71e+04   52
373   -1.19e+05  137   4.71e+04   51
374   -1.2e+05  -127   4.7e+04   51
375   -1.2e+05  -35.3   4.69e+04   51
376   -1.2e+05  53.8   4.68e+04   51
377   -1.19e+05  161   4.68e+04   52
378   -1.19e+05  273   4.69e+04   52
379   -1.19e+05  205   4.69e+04   51
380   -1.19e+05  371   4.7e+04   51
381   -1.19e+05  469   4.68e+04   51
382   -1.19e+05  568   4.68e+04   51
383   -1.19e+05  658   4.68e+04   51
384   -1.19e+05  786   4.68e+04   51
385   -1.19e+05  746   4.68e+04   51
386   -1.19e+05  785   4.7e+04   51
387   -1.19e+05  821   4.7e+04   51
388   -1.19e+05  796   4.7e+04   51
389   -1.19e+05  693   4.7e+04   52
390   -1.19e+05  626   4.7e+04   52
391   -1.19e+05  603   4.69e+04   51
392   -1.2e+05  558   4.68e+04   51
393   -1.2e+05  612   4.68e+04   52
394   -1.19e+05  391   4.67e+04   51
395   -1.19e+05  411   4.66e+04   52
396   -1.19e+05  537   4.66e+04   51
397   -1.19e+05  711   4.66e+04   51
398   -1.19e+05  981   4.65e+04   51
399   -1.19e+05  986   4.66e+04   52
400   -1.19e+05  1.02e+03   4.65e+04   52
401   -1.19e+05  867   4.65e+04   52
402   -1.19e+05  1.07e+03   4.65e+04   51
403   -1.19e+05  1.01e+03   4.64e+04   51
404   -1.19e+05  905   4.64e+04   51
405   -1.19e+05  878   4.64e+04   51
406   -1.19e+05  713   4.64e+04   51
407   -1.19e+05  853   4.63e+04   51
408   -1.19e+05  875   4.62e+04   52
409   -1.19e+05  820   4.61e+04   51
410   -1.19e+05  833   4.62e+04   52
411   -1.19e+05  832   4.62e+04   51
412   -1.19e+05  841   4.61e+04   51
413   -1.19e+05  704   4.61e+04   52
414   -1.19e+05  771   4.62e+04   52
415   -1.19e+05  719   4.62e+04   51
416   -1.19e+05  850   4.62e+04   51
417   -1.2e+05  722   4.63e+04   52
418   -1.2e+05  807   4.62e+04   51
419   -1.2e+05  806   4.63e+04   51
420   -1.19e+05  585   4.64e+04   52
421   -1.19e+05  614   4.65e+04   51
422   -1.19e+05  696   4.64e+04   51
423   -1.2e+05  840   4.65e+04   51
424   -1.2e+05  713   4.67e+04   51
425   -1.2e+05  778   4.67e+04   51
426   -1.2e+05  837   4.67e+04   51
427   -1.2e+05  938   4.65e+04   51
428   -1.2e+05  938   4.65e+04   51
429   -1.2e+05  857   4.66e+04   51
430   -1.2e+05  668   4.66e+04   51
431   -1.19e+05  605   4.64e+04   51
432   -1.19e+05  713   4.64e+04   51
433   -1.19e+05  689   4.62e+04   51
434   -1.19e+05  755   4.63e+04   51
435   -1.19e+05  666   4.63e+04   51
436   -1.19e+05  798   4.65e+04   51
437   -1.19e+05  1.09e+03   4.63e+04   51
438   -1.19e+05  1.03e+03   4.63e+04   51
439   -1.2e+05  1.17e+03   4.61e+04   51
440   -1.19e+05  1.25e+03   4.6e+04   51
441   -1.19e+05  1.3e+03   4.61e+04   51
442   -1.2e+05  1.03e+03   4.63e+04   51
443   -1.2e+05  941   4.62e+04   51
444   -1.2e+05  990   4.62e+04   51
445   -1.2e+05  891   4.63e+04   51
446   -1.2e+05  909   4.63e+04   51
447   -1.2e+05  939   4.62e+04   51
448   -1.2e+05  1.09e+03   4.63e+04   52
449   -1.2e+05  1.07e+03   4.62e+04   51
450   -1.2e+05  1.09e+03   4.61e+04   51
451   -1.2e+05  1.13e+03   4.62e+04   51
452   -1.2e+05  991   4.62e+04   51
453   -1.2e+05  871   4.63e+04   51
454   -1.2e+05  763   4.63e+04   51
455   -1.2e+05  725   4.63e+04   51
456   -1.2e+05  766   4.64e+04   51
457   -1.2e+05  722   4.65e+04   51
458   -1.19e+05  840   4.64e+04   51
459   -1.19e+05  872   4.63e+04   51
460   -1.19e+05  691   4.63e+04   51
461   -1.19e+05  588   4.62e+04   52
462   -1.19e+05  489   4.63e+04   51
463   -1.19e+05  568   4.62e+04   52
464   -1.19e+05  576   4.61e+04   52
465   -1.19e+05  604   4.62e+04   52
466   -1.19e+05  821   4.62e+04   51
467   -1.19e+05  960   4.61e+04   51
468   -1.19e+05  1.04e+03   4.61e+04   51
469   -1.19e+05  898   4.61e+04   51
470   -1.19e+05  775   4.61e+04   52
471   -1.19e+05  700   4.61e+04   52
472   -1.19e+05  876   4.61e+04   51
473   -1.19e+05  909   4.58e+04   51
474   -1.19e+05  776   4.57e+04   51
475   -1.19e+05  894   4.58e+04   51
476   -1.19e+05  958   4.58e+04   51
477   -1.2e+05  1.12e+03   4.58e+04   51
478   -1.2e+05  1.15e+03   4.56e+04   51
479   -1.19e+05  1.19e+03   4.54e+04   52
480   -1.19e+05  1.19e+03   4.56e+04   51
481   -1.19e+05  1.05e+03   4.56e+04   51
482   -1.19e+05  1e+03   4.56e+04   51
483   -1.19e+05  1.05e+03   4.56e+04   51
484   -1.19e+05  924   4.56e+04   52
485   -1.19e+05  780   4.55e+04   51
486   -1.19e+05  928   4.53e+04   51
487   -1.19e+05  917   4.55e+04   51
488   -1.19e+05  913   4.55e+04   51
489   -1.19e+05  702   4.54e+04   51
490   -1.19e+05  770   4.55e+04   51
491   -1.19e+05  652   4.53e+04   52
492   -1.19e+05  818   4.54e+04   52
493   -1.19e+05  945   4.54e+04   51
494   -1.19e+05  829   4.55e+04   51
495   -1.19e+05  961   4.56e+04   51
496   -1.19e+05  896   4.55e+04   51
497   -1.19e+05  1.01e+03   4.56e+04   51
498   -1.19e+05  917   4.58e+04   51
499   -1.2e+05  830   4.57e+04   51
500   -1.19e+05  694   4.57e+04   52
501   -1.2e+05  354   4.56e+04   51
502   -1.2e+05  378   4.56e+04   51
503   -1.2e+05  458   4.56e+04   51
504   -1.2e+05  369   4.54e+04   51
505   -1.2e+05  295   4.55e+04   51
506   -1.2e+05  394   4.54e+04   51
507   -1.2e+05  288   4.53e+04   51
508   -1.2e+05  414   4.53e+04   51
509   -1.2e+05  461   4.51e+04   51
510   -1.2e+05  471   4.5e+04   51
511   -1.2e+05  423   4.5e+04   51
512   -1.2e+05  458   4.5e+04   51
513   -1.2e+05  478   4.51e+04   52
514   -1.2e+05  418   4.5e+04   51
515   -1.2e+05  409   4.49e+04   51
516   -1.2e+05  387   4.49e+04   51
517   -1.2e+05  259   4.48e+04   51
518   -1.2e+05  280   4.48e+04   51
519   -1.2e+05  77.5   4.46e+04   51
520   -1.2e+05  217   4.46e+04   51
521   -1.19e+05  252   4.46e+04   51
522   -1.19e+05  302   4.44e+04   51
523   -1.19e+05  430   4.44e+04   51
524   -1.2e+05  516   4.46e+04   51
525   -1.2e+05  306   4.46e+04   51
526   -1.2e+05  202   4.45e+04   51
527   -1.2e+05  13.8   4.45e+04   51
528   -1.19e+05  88.9   4.45e+04   51
529   -1.19e+05  156   4.45e+04   51
530   -1.19e+05  169   4.44e+04   51
531   -1.19e+05  211   4.45e+04   52
532   -1.19e+05  50.4   4.45e+04   51
533   -1.19e+05  -46   4.46e+04   51
534   -1.19e+05  -135   4.46e+04   51
535   -1.19e+05  -110   4.47e+04   51
536   -1.19e+05  -99.5   4.45e+04   52
537   -1.19e+05  -116   4.45e+04   51
538   -1.19e+05  115   4.45e+04   52
539   -1.19e+05  243   4.46e+04   51
540   -1.19e+05  132   4.48e+04   51
541   -1.19e+05  157   4.46e+04   51
542   -1.2e+05  92.8   4.46e+04   51
543   -1.19e+05  -172   4.47e+04   51
544   -1.19e+05  -144   4.47e+04   51
545   -1.19e+05  -206   4.47e+04   51
546   -1.2e+05  -192   4.48e+04   51
547   -1.2e+05  -80.1   4.48e+04   51
548   -1.2e+05  75.7   4.49e+04   51
549   -1.2e+05  -6.48   4.49e+04   52
550   -1.2e+05  107   4.48e+04   51
551   -1.2e+05  -28.3   4.47e+04   51
552   -1.2e+05  -20.8   4.47e+04   51
553   -1.2e+05  -97.3   4.45e+04   51
554   -1.2e+05  -333   4.45e+04   51
555   -1.2e+05  36.4   4.46e+04   51
556   -1.2e+05  211   4.48e+04   51
557   -1.2e+05  310   4.49e+04   52
558   -1.2e+05  568   4.47e+04   51
559   -1.2e+05  755   4.48e+04   51
560   -1.2e+05  812   4.49e+04   51
561   -1.2e+05  927   4.51e+04   51
562   -1.2e+05  762   4.5e+04   51
563   -1.2e+05  744   4.51e+04   51
564   -1.2e+05  693   4.51e+04   51
565   -1.2e+05  867   4.5e+04   51
566   -1.2e+05  887   4.49e+04   51
567   -1.2e+05  1.04e+03   4.49e+04   51
568   -1.2e+05  1.05e+03   4.48e+04   51
569   -1.2e+05  940   4.49e+04   51
570   -1.2e+05  987   4.49e+04   51
571   -1.2e+05  910   4.48e+04   51
572   -1.2e+05  1.03e+03   4.48e+04   51
573   -1.2e+05  1.12e+03   4.48e+04   51
574   -1.2e+05  1.18e+03   4.48e+04   51
575   -1.2e+05  1.21e+03   4.49e+04   51
576   -1.2e+05  1.28e+03   4.47e+04   51
577   -1.2e+05  1.14e+03   4.48e+04   52
578   -1.2e+05  1.28e+03   4.48e+04   51
579   -1.2e+05  1.11e+03   4.49e+04   51
580   -1.2e+05  1.23e+03   4.49e+04   51
581   -1.2e+05  1.45e+03   4.48e+04   52
582   -1.2e+05  1.72e+03   4.48e+04   51
583   -1.2e+05  1.93e+03   4.47e+04   51
584   -1.2e+05  1.93e+03   4.46e+04   51
585   -1.2e+05  1.82e+03   4.48e+04   51
586   -1.2e+05  2.09e+03   4.5e+04   51
587   -1.2e+05  2.19e+03   4.5e+04   51
588   -1.2e+05  2.22e+03   4.49e+04   51
589   -1.2e+05  2.01e+03   4.5e+04   51
590   -1.2e+05  1.96e+03   4.5e+04   51
591   -1.2e+05  1.86e+03   4.51e+04   51
592   -1.2e+05  1.84e+03   4.51e+04   51
593   -1.19e+05  1.98e+03   4.51e+04   51
594   -1.2e+05  1.87e+03   4.49e+04   51
595   -1.19e+05  1.87e+03   4.49e+04   51
596   -1.19e+05  1.96e+03   4.5e+04   51
597   -1.2e+05  1.88e+03   4.51e+04   51
598   -1.2e+05  1.79e+03   4.53e+04   51
599   -1.2e+05  1.65e+03   4.53e+04   51
600   -1.2e+05  1.6e+03   4.51e+04   51
601   -1.2e+05  1.68e+03   4.5e+04   52
602   -1.2e+05  1.81e+03   4.53e+04   51
603   -1.2e+05  1.73e+03   4.52e+04   51
604   -1.2e+05  1.42e+03   4.53e+04   51
605   -1.2e+05  1.23e+03   4.51e+04   51
606   -1.2e+05  1.35e+03   4.52e+04   51
607   -1.2e+05  1.59e+03   4.5e+04   51
608   -1.2e+05  1.74e+03   4.5e+04   51
609   -1.2e+05  1.9e+03   4.49e+04   51
610   -1.19e+05  1.88e+03   4.47e+04   52
611   -1.2e+05  2.1e+03   4.48e+04   51
612   -1.2e+05  1.89e+03   4.49e+04   51
613   -1.2e+05  1.78e+03   4.49e+04   51
614   -1.2e+05  1.64e+03   4.49e+04   51
615   -1.2e+05  1.72e+03   4.5e+04   52
616   -1.2e+05  1.53e+03   4.5e+04   51
617   -1.2e+05  1.44e+03   4.5e+04   51
618   -1.2e+05  1.45e+03   4.49e+04   51
619   -1.2e+05  1.4e+03   4.49e+04   51
620   -1.2e+05  1.53e+03   4.49e+04   51
621   -1.2e+05  1.68e+03   4.47e+04   51
622   -1.2e+05  1.85e+03   4.48e+04   51
623   -1.2e+05  1.61e+03   4.46e+04   51
624   -1.2e+05  1.58e+03   4.47e+04   52
625   -1.2e+05  1.53e+03   4.45e+04   51
626   -1.2e+05  1.38e+03   4.45e+04   51
627   -1.2e+05  1.32e+03   4.44e+04   51
628   -1.2e+05  1.36e+03   4.44e+04   51
629   -1.2e+05  1.22e+03   4.44e+04   51
630   -1.2e+05  1.17e+03   4.44e+04   51
631   -1.2e+05  1.19e+03   4.45e+04   51
632   -1.19e+05  1.21e+03   4.45e+04   51
633   -1.19e+05  1.2e+03   4.46e+04   51
634   -1.2e+05  1.28e+03   4.44e+04   51
635   -1.19e+05  1.04e+03   4.43e+04   52
636   -1.19e+05  1.04e+03   4.4e+04   51
637   -1.2e+05  1.03e+03   4.41e+04   51
638   -1.19e+05  1.22e+03   4.39e+04   52
639   -1.19e+05  1.09e+03   4.38e+04   51
640   -1.19e+05  1.19e+03   4.39e+04   51
641   -1.19e+05  1.26e+03   4.38e+04   51
642   -1.19e+05  1.28e+03   4.38e+04   52
643   -1.19e+05  1.55e+03   4.38e+04   51
644   -1.19e+05  1.68e+03   4.37e+04   51
645   -1.19e+05  1.52e+03   4.39e+04   51
646   -1.19e+05  1.45e+03   4.4e+04   51
647   -1.19e+05  1.54e+03   4.39e+04   51
648   -1.2e+05  1.72e+03   4.38e+04   51
649   -1.2e+05  1.78e+03   4.39e+04   51
650   -1.2e+05  1.54e+03   4.38e+04   51
651   -1.19e+05  1.65e+03   4.4e+04   51
652   -1.2e+05  1.82e+03   4.4e+04   51
653   -1.19e+05  1.9e+03   4.39e+04   51
654   -1.2e+05  1.72e+03   4.39e+04   51
655   -1.2e+05  1.79e+03   4.37e+04   51
656   -1.19e+05  1.96e+03   4.39e+04   51
657   -1.19e+05  2.15e+03   4.38e+04   52
658   -1.19e+05  2.17e+03   4.38e+04   51
659   -1.19e+05  2.12e+03   4.38e+04   51
660   -1.19e+05  2.13e+03   4.36e+04   51
661   -1.2e+05  1.94e+03   4.37e+04   51
662   -1.2e+05  1.95e+03   4.38e+04   51
663   -1.19e+05  1.87e+03   4.37e+04   51
664   -1.2e+05  1.94e+03   4.37e+04   52
665   -1.19e+05  2.07e+03   4.36e+04   51
666   -1.2e+05  2.13e+03   4.35e+04   51
667   -1.2e+05  2.17e+03   4.35e+04   51
668   -1.19e+05  2.1e+03   4.35e+04   52
669   -1.2e+05  2.14e+03   4.35e+04   51
670   -1.19e+05  2.09e+03   4.36e+04   52
671   -1.19e+05  2.17e+03   4.35e+04   51
672   -1.19e+05  2.08e+03   4.34e+04   51
673   -1.19e+05  2.1e+03   4.34e+04   51
674   -1.19e+05  2.27e+03   4.35e+04   51
675   -1.19e+05  2.23e+03   4.36e+04   51
676   -1.19e+05  2.26e+03   4.36e+04   51
677   -1.19e+05  2.28e+03   4.37e+04   51
678   -1.19e+05  2.25e+03   4.35e+04   51
679   -1.19e+05  2.28e+03   4.36e+04   52
680   -1.19e+05  2.28e+03   4.34e+04   52
681   -1.19e+05  2.6e+03   4.35e+04   51
682   -1.19e+05  2.58e+03   4.32e+04   51
683   -1.19e+05  2.63e+03   4.31e+04   51
684   -1.19e+05  2.63e+03   4.32e+04   51
685   -1.19e+05  2.34e+03   4.33e+04   51
686   -1.19e+05  2.37e+03   4.31e+04   52
687   -1.19e+05  2.15e+03   4.29e+04   51
688   -1.19e+05  2.1e+03   4.31e+04   51
689   -1.19e+05  2.16e+03   4.31e+04   51
690   -1.19e+05  2.22e+03   4.31e+04   51
691   -1.2e+05  2.19e+03   4.31e+04   51
692   -1.19e+05  2.18e+03   4.31e+04   51
693   -1.19e+05  2.26e+03   4.31e+04   51
694   -1.19e+05  2.38e+03   4.32e+04   51
695   -1.19e+05  2.19e+03   4.32e+04   51
696   -1.19e+05  2.1e+03   4.33e+04   51
697   -1.19e+05  2.12e+03   4.33e+04   51
698   -1.19e+05  2.19e+03   4.34e+04   52
699   -1.19e+05  2.25e+03   4.33e+04   52
700   -1.19e+05  2.33e+03   4.31e+04   51
701   -1.19e+05  2.51e+03   4.3e+04   51
702   -1.19e+05  2.57e+03   4.31e+04   51
703   -1.19e+05  2.4e+03   4.31e+04   51
704   -1.19e+05  2.32e+03   4.31e+04   52
705   -1.19e+05  2.2e+03   4.3e+04   52
706   -1.19e+05  2.3e+03   4.31e+04   51
707   -1.19e+05  2.41e+03   4.31e+04   51
708   -1.2e+05  2.31e+03   4.31e+04   51
709   -1.2e+05  2.35e+03   4.33e+04   51
710   -1.2e+05  2.35e+03   4.32e+04   51
711   -1.2e+05  2.41e+03   4.3e+04   51
712   -1.2e+05  2.31e+03   4.31e+04   51
713   -1.2e+05  2.4e+03   4.3e+04   51
714   -1.19e+05  2.24e+03   4.31e+04   52
715   -1.19e+05  2.15e+03   4.31e+04   51
716   -1.19e+05  2.41e+03   4.31e+04   51
717   -1.19e+05  2.38e+03   4.31e+04   51
718   -1.19e+05  2.21e+03   4.31e+04   51
719   -1.19e+05  2.37e+03   4.32e+04   51
720   -1.2e+05  2.28e+03   4.32e+04   51
721   -1.2e+05  2.07e+03   4.33e+04   51
722   -1.19e+05  2.03e+03   4.34e+04   51
723   -1.19e+05  1.96e+03   4.33e+04   51
724   -1.19e+05  1.89e+03   4.34e+04   51
725   -1.19e+05  1.86e+03   4.33e+04   51
726   -1.19e+05  2.01e+03   4.33e+04   51
727   -1.19e+05  1.89e+03   4.34e+04   51
728   -1.2e+05  2e+03   4.34e+04   51
729   -1.2e+05  1.97e+03   4.34e+04   51
730   -1.19e+05  2.03e+03   4.35e+04   51
731   -1.2e+05  1.93e+03   4.37e+04   51
732   -1.2e+05  1.71e+03   4.38e+04   51
733   -1.19e+05  1.8e+03   4.38e+04   51
734   -1.19e+05  1.94e+03   4.38e+04   52
735   -1.19e+05  1.88e+03   4.4e+04   51
736   -1.19e+05  2.07e+03   4.4e+04   51
737   -1.19e+05  2.11e+03   4.4e+04   51
738   -1.19e+05  2.05e+03   4.4e+04   51
739   -1.19e+05  2.1e+03   4.41e+04   51
740   -1.19e+05  1.95e+03   4.42e+04   51
741   -1.19e+05  1.77e+03   4.39e+04   51
742   -1.19e+05  1.74e+03   4.4e+04   51
743   -1.19e+05  1.6e+03   4.41e+04   51
744   -1.19e+05  1.39e+03   4.41e+04   51
745   -1.2e+05  1.29e+03   4.4e+04   52
746   -1.2e+05  1.36e+03   4.4e+04   51
747   -1.2e+05  1.42e+03   4.41e+04   51
748   -1.2e+05  1.34e+03   4.43e+04   51
749   -1.2e+05  1.31e+03   4.43e+04   51
750   -1.2e+05  1.36e+03   4.43e+04   51
751   -1.2e+05  1.35e+03   4.42e+04   51
752   -1.19e+05  1.32e+03   4.41e+04   51
753   -1.2e+05  1.47e+03   4.42e+04   51
754   -1.19e+05  1.67e+03   4.43e+04   51
755   -1.2e+05  1.8e+03   4.44e+04   51
756   -1.19e+05  1.74e+03   4.44e+04   51
757   -1.2e+05  1.61e+03   4.43e+04   51
758   -1.2e+05  1.74e+03   4.42e+04   51
759   -1.2e+05  1.77e+03   4.42e+04   51
760   -1.2e+05  1.68e+03   4.42e+04   51
761   -1.2e+05  1.65e+03   4.41e+04   51
762   -1.2e+05  1.68e+03   4.42e+04   51
763   -1.19e+05  1.69e+03   4.43e+04   51
764   -1.19e+05  1.68e+03   4.42e+04   51
765   -1.19e+05  1.65e+03   4.43e+04   51
766   -1.19e+05  1.65e+03   4.44e+04   51
767   -1.19e+05  1.88e+03   4.44e+04   51
768   -1.19e+05  1.97e+03   4.43e+04   51
769   -1.19e+05  2.03e+03   4.43e+04   51
770   -1.2e+05  2.06e+03   4.45e+04   51
771   -1.2e+05  2.02e+03   4.46e+04   51
772   -1.2e+05  1.85e+03   4.46e+04   51
773   -1.2e+05  1.74e+03   4.45e+04   51
774   -1.2e+05  1.9e+03   4.43e+04   51
775   -1.2e+05  1.92e+03   4.44e+04   51
776   -1.2e+05  1.9e+03   4.44e+04   51
777   -1.2e+05  2.07e+03   4.45e+04   52
778   -1.2e+05  2.04e+03   4.46e+04   51
779   -1.2e+05  2.1e+03   4.46e+04   51
780   -1.2e+05  2e+03   4.46e+04   51
781   -1.19e+05  2.09e+03   4.45e+04   51
782   -1.19e+05  2.15e+03   4.44e+04   51
783   -1.19e+05  2.39e+03   4.44e+04   51
784   -1.2e+05  2.25e+03   4.43e+04   51
785   -1.2e+05  2.34e+03   4.44e+04   51
786   -1.19e+05  2.22e+03   4.43e+04   52
787   -1.19e+05  2.27e+03   4.42e+04   51
788   -1.19e+05  2.39e+03   4.4e+04   52
789   -1.19e+05  2.38e+03   4.4e+04   51
790   -1.19e+05  2.48e+03   4.42e+04   51
791   -1.2e+05  2.61e+03   4.42e+04   51
792   -1.2e+05  2.5e+03   4.42e+04   51
793   -1.2e+05  2.44e+03   4.43e+04   51
794   -1.2e+05  2.28e+03   4.42e+04   51
795   -1.2e+05  2.15e+03   4.43e+04   51
796   -1.19e+05  2.47e+03   4.41e+04   51
797   -1.19e+05  2.6e+03   4.42e+04   51
798   -1.19e+05  2.6e+03   4.4e+04   51
799   -1.19e+05  2.67e+03   4.41e+04   51
800   -1.19e+05  2.6e+03   4.41e+04   51
801   -1.19e+05  2.57e+03   4.42e+04   51
802   -1.2e+05  2.73e+03   4.42e+04   51
803   -1.19e+05  2.74e+03   4.42e+04   52
804   -1.2e+05  2.83e+03   4.43e+04   51
805   -1.2e+05  2.93e+03   4.43e+04   52
806   -1.2e+05  2.93e+03   4.45e+04   51
807   -1.2e+05  2.92e+03   4.44e+04   51
808   -1.2e+05  2.88e+03   4.45e+04   52
809   -1.2e+05  2.79e+03   4.46e+04   51
810   -1.2e+05  2.75e+03   4.45e+04   51
811   -1.19e+05  2.77e+03   4.43e+04   51
812   -1.2e+05  2.91e+03   4.44e+04   51
813   -1.19e+05  2.95e+03   4.45e+04   52
814   -1.2e+05  2.96e+03   4.45e+04   51
815   -1.2e+05  2.94e+03   4.45e+04   51
816   -1.2e+05  3.14e+03   4.45e+04   51
817   -1.2e+05  3.25e+03   4.45e+04   51
818   -1.2e+05  3.28e+03   4.44e+04   51
819   -1.2e+05  3.41e+03   4.45e+04   51
820   -1.2e+05  3.43e+03   4.45e+04   51
821   -1.2e+05  3.46e+03   4.45e+04   51
822   -1.2e+05  3.41e+03   4.46e+04   52
823   -1.2e+05  3.33e+03   4.45e+04   51
824   -1.2e+05  3.33e+03   4.45e+04   51
825   -1.2e+05  3.32e+03   4.46e+04   51
826   -1.19e+05  3.22e+03   4.44e+04   51
827   -1.2e+05  3.06e+03   4.44e+04   51
828   -1.2e+05  2.99e+03   4.42e+04   51
829   -1.2e+05  2.89e+03   4.42e+04   51
830   -1.2e+05  2.97e+03   4.41e+04   51
831   -1.19e+05  2.93e+03   4.39e+04   51
832   -1.2e+05  3.05e+03   4.4e+04   51
833   -1.2e+05  3.08e+03   4.4e+04   51
834   -1.2e+05  3.23e+03   4.38e+04   51
835   -1.2e+05  3.14e+03   4.38e+04   51
836   -1.19e+05  2.96e+03   4.38e+04   51
837   -1.19e+05  2.87e+03   4.38e+04   52
838   -1.19e+05  2.72e+03   4.39e+04   51
839   -1.2e+05  2.64e+03   4.39e+04   51
840   -1.2e+05  2.73e+03   4.38e+04   51
841   -1.2e+05  2.68e+03   4.38e+04   51
842   -1.19e+05  2.85e+03   4.37e+04   51
843   -1.19e+05  2.76e+03   4.38e+04   51
844   -1.19e+05  3.08e+03   4.37e+04   51
845   -1.19e+05  2.95e+03   4.37e+04   51
846   -1.19e+05  3.02e+03   4.38e+04   51
847   -1.2e+05  3.12e+03   4.36e+04   52
848   -1.19e+05  3.36e+03   4.34e+04   52
849   -1.19e+05  3.29e+03   4.32e+04   51
850   -1.19e+05  3.31e+03   4.33e+04   51
851   -1.19e+05  3.3e+03   4.34e+04   52
852   -1.19e+05  3.14e+03   4.33e+04   51
853   -1.19e+05  3.23e+03   4.34e+04   51
854   -1.19e+05  3.14e+03   4.35e+04   51
855   -1.19e+05  2.85e+03   4.35e+04   51
856   -1.19e+05  2.67e+03   4.34e+04   51
857   -1.19e+05  2.64e+03   4.34e+04   52
858   -1.2e+05  2.71e+03   4.34e+04   51
859   -1.19e+05  2.84e+03   4.35e+04   51
860   -1.2e+05  2.9e+03   4.35e+04   51
861   -1.2e+05  2.95e+03   4.35e+04   52
862   -1.2e+05  3.09e+03   4.34e+04   51
863   -1.2e+05  3.07e+03   4.34e+04   51
864   -1.2e+05  2.97e+03   4.34e+04   51
865   -1.2e+05  2.91e+03   4.34e+04   51
866   -1.19e+05  2.95e+03   4.34e+04   51
867   -1.19e+05  2.97e+03   4.34e+04   51
868   -1.19e+05  3.02e+03   4.35e+04   51
869   -1.2e+05  3.07e+03   4.34e+04   51
870   -1.19e+05  3.12e+03   4.34e+04   51
871   -1.2e+05  2.96e+03   4.34e+04   51
872   -1.2e+05  2.92e+03   4.34e+04   51
873   -1.19e+05  2.86e+03   4.34e+04   51
874   -1.19e+05  2.88e+03   4.33e+04   51
875   -1.19e+05  2.77e+03   4.34e+04   51
876   -1.19e+05  2.63e+03   4.34e+04   51
877   -1.2e+05  2.5e+03   4.34e+04   51
878   -1.2e+05  2.39e+03   4.34e+04   51
879   -1.2e+05  2.4e+03   4.34e+04   51
880   -1.2e+05  2.53e+03   4.32e+04   51
881   -1.2e+05  2.64e+03   4.32e+04   51
882   -1.2e+05  2.6e+03   4.31e+04   51
883   -1.19e+05  2.66e+03   4.31e+04   52
884   -1.19e+05  2.72e+03   4.32e+04   51
885   -1.19e+05  2.57e+03   4.33e+04   51
886   -1.19e+05  2.55e+03   4.34e+04   52
887   -1.2e+05  2.5e+03   4.35e+04   51
888   -1.19e+05  2.56e+03   4.34e+04   51
889   -1.19e+05  2.52e+03   4.33e+04   52
890   -1.19e+05  2.48e+03   4.34e+04   51
891   -1.19e+05  2.41e+03   4.34e+04   51
892   -1.19e+05  2.43e+03   4.33e+04   51
893   -1.19e+05  2.47e+03   4.31e+04   51
894   -1.19e+05  2.61e+03   4.3e+04   51
895   -1.19e+05  2.7e+03   4.3e+04   52
896   -1.19e+05  2.89e+03   4.3e+04   51
897   -1.19e+05  2.93e+03   4.32e+04   51
898   -1.19e+05  2.97e+03   4.31e+04   51
899   -1.19e+05  3.09e+03   4.31e+04   51
900   -1.2e+05  3.05e+03   4.31e+04   51
901   -1.19e+05  3.12e+03   4.31e+04   51
902   -1.2e+05  3.13e+03   4.32e+04   51
903   -1.2e+05  3.12e+03   4.3e+04   51
904   -1.2e+05  2.96e+03   4.31e+04   51
905   -1.2e+05  2.98e+03   4.33e+04   51
906   -1.2e+05  3.08e+03   4.32e+04   51
907   -1.2e+05  3.05e+03   4.31e+04   52
908   -1.2e+05  3.06e+03   4.29e+04   51
909   -1.2e+05  3.06e+03   4.31e+04   51
910   -1.2e+05  2.85e+03   4.33e+04   52
911   -1.2e+05  2.62e+03   4.32e+04   51
912   -1.2e+05  2.56e+03   4.32e+04   52
913   -1.2e+05  2.47e+03   4.31e+04   51
914   -1.2e+05  2.65e+03   4.32e+04   51
915   -1.19e+05  2.73e+03   4.31e+04   51
916   -1.2e+05  2.89e+03   4.29e+04   51
917   -1.2e+05  3.06e+03   4.29e+04   51
918   -1.2e+05  3.07e+03   4.29e+04   51
919   -1.19e+05  3.02e+03   4.3e+04   51
920   -1.19e+05  3.03e+03   4.3e+04   51
921   -1.19e+05  2.99e+03   4.32e+04   51
922   -1.19e+05  2.86e+03   4.31e+04   51
923   -1.2e+05  3e+03   4.31e+04   51
924   -1.19e+05  2.86e+03   4.3e+04   51
925   -1.19e+05  2.94e+03   4.29e+04   52
926   -1.19e+05  2.95e+03   4.29e+04   51
927   -1.2e+05  3.07e+03   4.3e+04   51
928   -1.2e+05  2.97e+03   4.31e+04   51
929   -1.19e+05  3.11e+03   4.3e+04   51
930   -1.19e+05  2.93e+03   4.29e+04   51
931   -1.19e+05  3.07e+03   4.29e+04   51
932   -1.19e+05  3.15e+03   4.29e+04   51
933   -1.19e+05  3.25e+03   4.28e+04   52
934   -1.19e+05  3.19e+03   4.29e+04   51
935   -1.19e+05  3.21e+03   4.29e+04   51
936   -1.19e+05  3.13e+03   4.28e+04   52
937   -1.19e+05  3.19e+03   4.29e+04   51
938   -1.19e+05  3.21e+03   4.28e+04   51
939   -1.19e+05  3.25e+03   4.28e+04   51
940   -1.19e+05  3.25e+03   4.28e+04   51
941   -1.19e+05  3.4e+03   4.28e+04   51
942   -1.19e+05  3.55e+03   4.27e+04   52
943   -1.19e+05  3.52e+03   4.26e+04   51
944   -1.19e+05  3.59e+03   4.27e+04   51
945   -1.18e+05  3.38e+03   4.27e+04   52
946   -1.19e+05  3.42e+03   4.27e+04   51
947   -1.19e+05  3.32e+03   4.28e+04   51
948   -1.19e+05  3.41e+03   4.29e+04   51
949   -1.19e+05  3.42e+03   4.3e+04   51
950   -1.19e+05  3.37e+03   4.29e+04   51
951   -1.19e+05  3.48e+03   4.28e+04   52
952   -1.19e+05  3.53e+03   4.27e+04   51
953   -1.19e+05  3.33e+03   4.28e+04   51
954   -1.19e+05  3.27e+03   4.27e+04   51
955   -1.19e+05  3.32e+03   4.24e+04   51
956   -1.19e+05  3.4e+03   4.25e+04   52
957   -1.19e+05  3.6e+03   4.24e+04   52
958   -1.19e+05  3.67e+03   4.22e+04   51
959   -1.19e+05  3.77e+03   4.22e+04   51
960   -1.19e+05  3.88e+03   4.22e+04   51
961   -1.19e+05  3.73e+03   4.22e+04   51
962   -1.2e+05  3.76e+03   4.22e+04   51
963   -1.19e+05  3.77e+03   4.23e+04   51
964   -1.19e+05  3.69e+03   4.25e+04   52
965   -1.19e+05  3.62e+03   4.24e+04   51
966   -1.19e+05  3.53e+03   4.25e+04   51
967   -1.19e+05  3.5e+03   4.25e+04   51
968   -1.19e+05  3.37e+03   4.25e+04   51
969   -1.19e+05  3.17e+03   4.24e+04   51
970   -1.19e+05  3.14e+03   4.22e+04   51
971   -1.19e+05  3.34e+03   4.22e+04   51
972   -1.19e+05  3.23e+03   4.21e+04   51
973   -1.19e+05  3.27e+03   4.19e+04   51
974   -1.19e+05  3.2e+03   4.19e+04   52
975   -1.19e+05  3.22e+03   4.21e+04   51
976   -1.19e+05  3.14e+03   4.21e+04   51
977   -1.19e+05  3.09e+03   4.22e+04   51
978   -1.19e+05  2.98e+03   4.24e+04   51
979   -1.19e+05  3.01e+03   4.23e+04   51
980   -1.19e+05  2.78e+03   4.23e+04   51
981   -1.19e+05  2.57e+03   4.22e+04   51
982   -1.19e+05  2.85e+03   4.21e+04   51
983   -1.19e+05  2.82e+03   4.2e+04   51
984   -1.19e+05  2.84e+03   4.21e+04   51
985   -1.19e+05  2.8e+03   4.21e+04   51
986   -1.19e+05  2.88e+03   4.19e+04   51
987   -1.19e+05  2.8e+03   4.19e+04   51
988   -1.19e+05  2.9e+03   4.2e+04   51
989   -1.19e+05  2.75e+03   4.17e+04   51
990   -1.19e+05  2.63e+03   4.17e+04   51
991   -1.19e+05  2.51e+03   4.17e+04   52
992   -1.19e+05  2.71e+03   4.15e+04   52
993   -1.19e+05  2.57e+03   4.16e+04   51
994   -1.19e+05  2.51e+03   4.16e+04   51
995   -1.19e+05  2.72e+03   4.16e+04   52
996   -1.19e+05  2.67e+03   4.16e+04   52
997   -1.19e+05  2.63e+03   4.16e+04   51
998   -1.19e+05  2.68e+03   4.19e+04   51
999   -1.19e+05  2.69e+03   4.19e+04   51
1000   -1.19e+05  2.53e+03   4.17e+04   52
