***************************************
*           Modello XY                *
*      Simulazione Monte Carlo        *
***************************************

Parametri simulativi:

Lato reticolo:           200
Temperatura:             0.75
Beta:                    1.33
J:                       1
Delta:                   1.4
Numero blocchi           10
Lunghezza simulazione:   1
Fase di termalizzazione: 1000



Numero mossa   Energia    Magnetizzazione X    Magnetizzazione Y    Acc. rate
1   -7.51e+04  79.9   3.87e+04   42
2   -7.17e+04  135   3.75e+04   44
3   -6.95e+04  114   3.67e+04   46
4   -6.8e+04  144   3.6e+04   48
5   -6.7e+04  122   3.55e+04   48
6   -6.61e+04  -19.3   3.51e+04   48
7   -6.53e+04  62.9   3.47e+04   49
8   -6.49e+04  67.3   3.44e+04   49
9   -6.46e+04  178   3.41e+04   49
10   -6.43e+04  144   3.39e+04   50
11   -6.42e+04  247   3.37e+04   50
12   -6.39e+04  171   3.35e+04   50
13   -6.38e+04  96.5   3.33e+04   49
14   -6.36e+04  231   3.32e+04   50
15   -6.35e+04  360   3.3e+04   50
16   -6.35e+04  363   3.3e+04   49
17   -6.34e+04  341   3.29e+04   50
18   -6.35e+04  316   3.29e+04   49
19   -6.33e+04  171   3.27e+04   50
20   -6.33e+04  81.6   3.26e+04   49
21   -6.33e+04  54.5   3.25e+04   50
22   -6.33e+04  175   3.25e+04   50
23   -6.33e+04  197   3.24e+04   50
24   -6.31e+04  276   3.23e+04   50
25   -6.31e+04  146   3.23e+04   50
26   -6.31e+04  120   3.22e+04   50
27   -6.31e+04  106   3.22e+04   50
28   -6.31e+04  136   3.21e+04   50
29   -6.31e+04  -34.4   3.22e+04   49
30   -6.32e+04  70.9   3.21e+04   50
31   -6.31e+04  24.3   3.22e+04   50
32   -6.32e+04  86.9   3.21e+04   50
33   -6.3e+04  162   3.21e+04   50
34   -6.31e+04  195   3.2e+04   50
35   -6.3e+04  204   3.19e+04   50
36   -6.31e+04  270   3.19e+04   50
37   -6.3e+04  317   3.18e+04   50
38   -6.29e+04  213   3.17e+04   50
39   -6.29e+04  255   3.17e+04   50
40   -6.3e+04  165   3.17e+04   50
41   -6.3e+04  243   3.16e+04   50
42   -6.29e+04  219   3.16e+04   50
43   -6.28e+04  115   3.15e+04   50
44   -6.27e+04  94.6   3.15e+04   49
45   -6.28e+04  296   3.14e+04   50
46   -6.29e+04  200   3.15e+04   50
47   -6.29e+04  307   3.14e+04   50
48   -6.29e+04  412   3.14e+04   50
49   -6.28e+04  257   3.13e+04   50
50   -6.28e+04  293   3.13e+04   49
51   -6.28e+04  403   3.12e+04   50
52   -6.28e+04  465   3.12e+04   50
53   -6.29e+04  320   3.13e+04   50
54   -6.28e+04  258   3.12e+04   50
55   -6.3e+04  282   3.12e+04   50
56   -6.29e+04  345   3.12e+04   50
57   -6.29e+04  377   3.12e+04   50
58   -6.29e+04  386   3.11e+04   50
59   -6.28e+04  368   3.11e+04   50
60   -6.28e+04  380   3.11e+04   50
61   -6.27e+04  211   3.1e+04   50
62   -6.28e+04  260   3.1e+04   50
63   -6.28e+04  261   3.1e+04   50
64   -6.27e+04  324   3.09e+04   50
65   -6.27e+04  167   3.09e+04   50
66   -6.27e+04  343   3.09e+04   50
67   -6.26e+04  351   3.09e+04   50
68   -6.27e+04  297   3.09e+04   50
69   -6.27e+04  210   3.09e+04   50
70   -6.3e+04  271   3.09e+04   50
71   -6.31e+04  409   3.1e+04   50
72   -6.3e+04  408   3.1e+04   50
73   -6.3e+04  523   3.09e+04   50
74   -6.29e+04  558   3.09e+04   50
75   -6.28e+04  568   3.09e+04   50
76   -6.29e+04  609   3.09e+04   50
77   -6.28e+04  642   3.09e+04   50
78   -6.29e+04  525   3.09e+04   50
79   -6.28e+04  657   3.09e+04   49
80   -6.27e+04  744   3.08e+04   50
81   -6.27e+04  760   3.08e+04   50
82   -6.27e+04  658   3.07e+04   50
83   -6.28e+04  607   3.07e+04   50
84   -6.28e+04  584   3.06e+04   50
85   -6.26e+04  712   3.05e+04   50
86   -6.26e+04  727   3.05e+04   50
87   -6.26e+04  608   3.05e+04   50
88   -6.28e+04  657   3.06e+04   50
89   -6.28e+04  706   3.05e+04   50
90   -6.28e+04  657   3.06e+04   50
91   -6.28e+04  637   3.06e+04   50
92   -6.28e+04  600   3.06e+04   50
93   -6.28e+04  505   3.06e+04   50
94   -6.27e+04  472   3.05e+04   50
95   -6.28e+04  333   3.05e+04   50
96   -6.28e+04  360   3.05e+04   50
97   -6.28e+04  274   3.05e+04   50
98   -6.28e+04  263   3.04e+04   50
99   -6.28e+04  188   3.04e+04   50
100   -6.26e+04  292   3.04e+04   50
101   -6.26e+04  413   3.04e+04   50
102   -6.27e+04  460   3.04e+04   50
103   -6.27e+04  517   3.04e+04   50
104   -6.27e+04  460   3.03e+04   50
105   -6.25e+04  573   3.02e+04   50
106   -6.26e+04  500   3.02e+04   50
107   -6.26e+04  459   3.03e+04   50
108   -6.28e+04  450   3.04e+04   50
109   -6.28e+04  509   3.04e+04   50
110   -6.28e+04  450   3.04e+04   50
111   -6.29e+04  457   3.04e+04   50
112   -6.27e+04  378   3.04e+04   50
113   -6.28e+04  468   3.04e+04   50
114   -6.29e+04  476   3.04e+04   50
115   -6.27e+04  404   3.04e+04   50
116   -6.28e+04  462   3.03e+04   50
117   -6.28e+04  478   3.04e+04   50
118   -6.29e+04  461   3.03e+04   50
119   -6.29e+04  601   3.04e+04   50
120   -6.28e+04  517   3.04e+04   50
121   -6.3e+04  502   3.04e+04   50
122   -6.3e+04  577   3.03e+04   50
123   -6.28e+04  575   3.03e+04   50
124   -6.28e+04  485   3.03e+04   50
125   -6.28e+04  509   3.03e+04   50
126   -6.29e+04  489   3.03e+04   50
127   -6.28e+04  442   3.03e+04   50
128   -6.28e+04  437   3.03e+04   50
129   -6.29e+04  485   3.03e+04   50
130   -6.27e+04  550   3.02e+04   50
131   -6.27e+04  473   3.01e+04   50
132   -6.27e+04  516   3.01e+04   50
133   -6.28e+04  521   3.01e+04   50
134   -6.28e+04  582   3.01e+04   50
135   -6.28e+04  569   3.01e+04   50
136   -6.26e+04  563   3.01e+04   50
137   -6.26e+04  587   3.01e+04   50
138   -6.26e+04  590   3.01e+04   50
139   -6.26e+04  619   3.01e+04   50
140   -6.26e+04  575   3e+04   50
141   -6.27e+04  532   3.01e+04   50
142   -6.27e+04  514   3.01e+04   50
143   -6.28e+04  500   3.01e+04   50
144   -6.28e+04  405   3.01e+04   50
145   -6.26e+04  331   3e+04   50
146   -6.27e+04  322   3e+04   50
147   -6.27e+04  210   3e+04   50
148   -6.27e+04  162   3e+04   50
149   -6.27e+04  304   3e+04   50
150   -6.27e+04  448   3e+04   50
151   -6.27e+04  450   3e+04   50
152   -6.26e+04  425   2.99e+04   50
153   -6.27e+04  383   2.99e+04   49
154   -6.25e+04  474   2.99e+04   50
155   -6.27e+04  550   2.99e+04   50
156   -6.29e+04  358   2.99e+04   50
157   -6.28e+04  462   2.99e+04   50
158   -6.28e+04  436   2.99e+04   50
159   -6.27e+04  367   2.99e+04   50
160   -6.28e+04  498   2.99e+04   49
161   -6.26e+04  512   2.98e+04   50
162   -6.26e+04  622   2.98e+04   50
163   -6.25e+04  549   2.98e+04   50
164   -6.26e+04  637   2.99e+04   50
165   -6.25e+04  651   2.98e+04   50
166   -6.26e+04  551   2.98e+04   51
167   -6.25e+04  646   2.97e+04   50
168   -6.25e+04  659   2.98e+04   49
169   -6.26e+04  552   2.98e+04   50
170   -6.27e+04  556   2.98e+04   49
171   -6.25e+04  604   2.98e+04   50
172   -6.26e+04  538   2.98e+04   50
173   -6.26e+04  550   2.99e+04   50
174   -6.26e+04  459   2.99e+04   50
175   -6.27e+04  571   2.99e+04   50
176   -6.26e+04  622   2.99e+04   50
177   -6.27e+04  621   2.99e+04   50
178   -6.26e+04  482   2.99e+04   50
179   -6.27e+04  565   2.99e+04   50
180   -6.27e+04  739   2.99e+04   50
181   -6.27e+04  677   2.98e+04   50
182   -6.28e+04  697   2.98e+04   50
183   -6.28e+04  728   2.98e+04   50
184   -6.24e+04  736   2.98e+04   50
185   -6.25e+04  667   2.98e+04   50
186   -6.25e+04  767   2.97e+04   50
187   -6.25e+04  738   2.97e+04   49
188   -6.26e+04  694   2.98e+04   50
189   -6.25e+04  599   2.98e+04   50
190   -6.25e+04  591   2.97e+04   50
191   -6.25e+04  489   2.97e+04   50
192   -6.25e+04  450   2.98e+04   50
193   -6.25e+04  373   2.98e+04   50
194   -6.25e+04  383   2.98e+04   50
195   -6.25e+04  496   2.99e+04   50
196   -6.26e+04  401   2.99e+04   50
197   -6.27e+04  359   2.99e+04   50
198   -6.28e+04  319   2.99e+04   50
199   -6.28e+04  320   2.98e+04   50
200   -6.26e+04  330   2.97e+04   50
201   -6.25e+04  295   2.97e+04   50
202   -6.28e+04  177   2.97e+04   50
203   -6.27e+04  232   2.98e+04   50
204   -6.27e+04  139   2.98e+04   50
205   -6.27e+04  150   2.98e+04   50
206   -6.27e+04  166   2.98e+04   50
207   -6.28e+04  44.7   2.98e+04   50
208   -6.28e+04  78.2   2.98e+04   50
209   -6.28e+04  70.8   2.98e+04   50
210   -6.29e+04  87.5   2.98e+04   50
211   -6.29e+04  293   2.98e+04   50
212   -6.28e+04  295   2.98e+04   50
213   -6.28e+04  356   2.98e+04   50
214   -6.28e+04  375   2.99e+04   49
215   -6.28e+04  276   2.99e+04   50
216   -6.28e+04  319   2.98e+04   50
217   -6.27e+04  412   2.99e+04   50
218   -6.28e+04  446   2.98e+04   50
219   -6.27e+04  420   2.98e+04   50
220   -6.27e+04  384   2.97e+04   50
221   -6.27e+04  436   2.98e+04   50
222   -6.27e+04  524   2.98e+04   50
223   -6.25e+04  433   2.97e+04   50
224   -6.27e+04  428   2.98e+04   50
225   -6.26e+04  363   2.98e+04   50
226   -6.27e+04  342   2.99e+04   50
227   -6.27e+04  287   3e+04   49
228   -6.26e+04  311   2.99e+04   50
229   -6.26e+04  240   2.99e+04   50
230   -6.26e+04  255   2.99e+04   50
231   -6.26e+04  386   2.99e+04   49
232   -6.26e+04  382   2.99e+04   50
233   -6.25e+04  254   2.99e+04   50
234   -6.24e+04  242   2.99e+04   50
235   -6.25e+04  241   2.98e+04   50
236   -6.26e+04  225   2.98e+04   50
237   -6.25e+04  289   2.98e+04   50
238   -6.26e+04  375   2.99e+04   50
239   -6.26e+04  282   2.99e+04   49
240   -6.26e+04  257   2.99e+04   50
241   -6.26e+04  174   2.99e+04   50
242   -6.26e+04  178   2.98e+04   49
243   -6.25e+04  199   2.98e+04   50
244   -6.26e+04  260   2.98e+04   50
245   -6.25e+04  269   2.98e+04   50
246   -6.27e+04  246   2.97e+04   50
247   -6.25e+04  234   2.96e+04   50
248   -6.27e+04  203   2.96e+04   50
249   -6.26e+04  303   2.96e+04   50
250   -6.27e+04  444   2.96e+04   50
251   -6.26e+04  529   2.96e+04   49
252   -6.25e+04  547   2.96e+04   50
253   -6.26e+04  495   2.96e+04   50
254   -6.25e+04  529   2.96e+04   50
255   -6.24e+04  561   2.95e+04   50
256   -6.25e+04  608   2.95e+04   49
257   -6.25e+04  717   2.96e+04   50
258   -6.25e+04  560   2.96e+04   50
259   -6.25e+04  519   2.96e+04   50
260   -6.25e+04  564   2.96e+04   50
261   -6.25e+04  456   2.95e+04   50
262   -6.26e+04  434   2.96e+04   50
263   -6.26e+04  447   2.95e+04   49
264   -6.26e+04  450   2.95e+04   50
265   -6.26e+04  378   2.96e+04   50
266   -6.26e+04  362   2.96e+04   50
267   -6.27e+04  475   2.95e+04   50
268   -6.25e+04  508   2.96e+04   50
269   -6.25e+04  515   2.96e+04   50
270   -6.25e+04  494   2.96e+04   50
271   -6.26e+04  492   2.96e+04   50
272   -6.27e+04  477   2.95e+04   50
273   -6.26e+04  414   2.95e+04   50
274   -6.27e+04  417   2.95e+04   50
275   -6.26e+04  461   2.96e+04   50
276   -6.26e+04  485   2.95e+04   50
277   -6.27e+04  515   2.95e+04   50
278   -6.25e+04  454   2.95e+04   50
279   -6.26e+04  303   2.95e+04   50
280   -6.26e+04  327   2.95e+04   50
281   -6.26e+04  369   2.95e+04   50
282   -6.27e+04  361   2.95e+04   50
283   -6.26e+04  451   2.95e+04   50
284   -6.27e+04  555   2.94e+04   50
285   -6.26e+04  587   2.94e+04   50
286   -6.26e+04  672   2.94e+04   50
287   -6.24e+04  571   2.94e+04   50
288   -6.24e+04  528   2.94e+04   50
289   -6.26e+04  481   2.95e+04   50
290   -6.26e+04  618   2.94e+04   50
291   -6.26e+04  677   2.94e+04   50
292   -6.27e+04  646   2.94e+04   50
293   -6.26e+04  560   2.95e+04   49
294   -6.26e+04  616   2.94e+04   50
295   -6.27e+04  524   2.94e+04   50
296   -6.26e+04  490   2.94e+04   50
297   -6.26e+04  391   2.94e+04   50
298   -6.27e+04  437   2.94e+04   50
299   -6.25e+04  384   2.94e+04   50
300   -6.25e+04  377   2.94e+04   50
301   -6.25e+04  500   2.93e+04   50
302   -6.26e+04  457   2.94e+04   50
303   -6.25e+04  491   2.93e+04   50
304   -6.24e+04  554   2.93e+04   50
305   -6.26e+04  432   2.94e+04   50
306   -6.25e+04  411   2.93e+04   50
307   -6.25e+04  435   2.93e+04   50
308   -6.27e+04  444   2.94e+04   50
309   -6.27e+04  524   2.94e+04   50
310   -6.27e+04  617   2.95e+04   50
311   -6.27e+04  732   2.95e+04   50
312   -6.27e+04  736   2.95e+04   50
313   -6.28e+04  604   2.95e+04   50
314   -6.26e+04  485   2.94e+04   50
315   -6.26e+04  471   2.94e+04   50
316   -6.27e+04  604   2.94e+04   50
317   -6.28e+04  731   2.95e+04   50
318   -6.28e+04  718   2.95e+04   50
319   -6.29e+04  837   2.96e+04   50
320   -6.28e+04  910   2.95e+04   50
321   -6.26e+04  871   2.95e+04   50
322   -6.26e+04  862   2.95e+04   50
323   -6.27e+04  793   2.95e+04   50
324   -6.28e+04  844   2.96e+04   50
325   -6.27e+04  839   2.96e+04   50
326   -6.27e+04  724   2.96e+04   49
327   -6.28e+04  788   2.96e+04   49
328   -6.27e+04  765   2.96e+04   50
329   -6.27e+04  775   2.96e+04   50
330   -6.27e+04  750   2.96e+04   50
331   -6.27e+04  660   2.95e+04   49
332   -6.26e+04  738   2.95e+04   50
333   -6.26e+04  649   2.95e+04   50
334   -6.28e+04  612   2.95e+04   50
335   -6.27e+04  494   2.95e+04   50
336   -6.29e+04  344   2.95e+04   50
337   -6.28e+04  409   2.95e+04   50
338   -6.27e+04  392   2.94e+04   50
339   -6.26e+04  369   2.93e+04   50
340   -6.26e+04  351   2.93e+04   50
341   -6.26e+04  442   2.94e+04   49
342   -6.25e+04  554   2.93e+04   50
343   -6.25e+04  581   2.92e+04   50
344   -6.26e+04  556   2.92e+04   50
345   -6.28e+04  582   2.93e+04   50
346   -6.29e+04  485   2.94e+04   50
347   -6.28e+04  567   2.94e+04   50
348   -6.27e+04  513   2.94e+04   50
349   -6.27e+04  565   2.95e+04   50
350   -6.26e+04  530   2.94e+04   50
351   -6.27e+04  606   2.94e+04   50
352   -6.27e+04  667   2.94e+04   50
353   -6.26e+04  719   2.94e+04   50
354   -6.27e+04  792   2.93e+04   50
355   -6.27e+04  830   2.94e+04   50
356   -6.27e+04  819   2.93e+04   50
357   -6.27e+04  839   2.93e+04   50
358   -6.27e+04  883   2.93e+04   50
359   -6.26e+04  957   2.93e+04   50
360   -6.27e+04  929   2.92e+04   50
361   -6.26e+04  1e+03   2.92e+04   50
362   -6.26e+04  891   2.92e+04   50
363   -6.27e+04  801   2.92e+04   50
364   -6.26e+04  671   2.92e+04   50
365   -6.27e+04  659   2.92e+04   50
366   -6.26e+04  692   2.92e+04   50
367   -6.27e+04  721   2.92e+04   50
368   -6.26e+04  628   2.92e+04   50
369   -6.26e+04  600   2.91e+04   50
370   -6.28e+04  594   2.91e+04   50
371   -6.28e+04  620   2.91e+04   50
372   -6.27e+04  520   2.91e+04   50
373   -6.27e+04  543   2.9e+04   50
374   -6.27e+04  535   2.91e+04   50
375   -6.28e+04  601   2.9e+04   50
376   -6.28e+04  729   2.9e+04   50
377   -6.29e+04  566   2.91e+04   50
378   -6.28e+04  520   2.9e+04   50
379   -6.28e+04  404   2.9e+04   50
380   -6.27e+04  391   2.9e+04   50
381   -6.26e+04  491   2.9e+04   50
382   -6.26e+04  482   2.9e+04   50
383   -6.25e+04  420   2.89e+04   50
384   -6.26e+04  342   2.9e+04   50
385   -6.27e+04  254   2.9e+04   50
386   -6.28e+04  170   2.91e+04   50
387   -6.26e+04  193   2.9e+04   50
388   -6.26e+04  237   2.9e+04   50
389   -6.26e+04  275   2.9e+04   50
390   -6.25e+04  304   2.89e+04   50
391   -6.25e+04  255   2.9e+04   50
392   -6.24e+04  236   2.89e+04   50
393   -6.24e+04  300   2.89e+04   50
394   -6.25e+04  353   2.9e+04   50
395   -6.26e+04  440   2.9e+04   50
396   -6.25e+04  445   2.9e+04   50
397   -6.26e+04  260   2.9e+04   50
398   -6.26e+04  234   2.91e+04   50
399   -6.25e+04  211   2.91e+04   50
400   -6.25e+04  298   2.91e+04   50
401   -6.26e+04  246   2.92e+04   50
402   -6.25e+04  214   2.91e+04   50
403   -6.26e+04  189   2.91e+04   50
404   -6.26e+04  127   2.91e+04   50
405   -6.27e+04  122   2.91e+04   50
406   -6.27e+04  190   2.92e+04   50
407   -6.26e+04  178   2.91e+04   50
408   -6.27e+04  162   2.92e+04   50
409   -6.27e+04  195   2.91e+04   50
410   -6.26e+04  259   2.91e+04   50
411   -6.27e+04  248   2.91e+04   50
412   -6.25e+04  272   2.9e+04   50
413   -6.27e+04  441   2.91e+04   50
414   -6.26e+04  500   2.91e+04   50
415   -6.27e+04  434   2.91e+04   50
416   -6.27e+04  399   2.91e+04   50
417   -6.29e+04  457   2.91e+04   50
418   -6.29e+04  497   2.92e+04   50
419   -6.29e+04  567   2.91e+04   49
420   -6.28e+04  593   2.91e+04   50
421   -6.28e+04  653   2.91e+04   50
422   -6.26e+04  709   2.91e+04   49
423   -6.25e+04  661   2.9e+04   51
424   -6.25e+04  736   2.9e+04   50
425   -6.26e+04  663   2.9e+04   50
426   -6.26e+04  634   2.9e+04   50
427   -6.25e+04  706   2.9e+04   50
428   -6.24e+04  706   2.89e+04   50
429   -6.23e+04  591   2.89e+04   50
430   -6.25e+04  529   2.9e+04   50
431   -6.24e+04  594   2.9e+04   50
432   -6.25e+04  550   2.9e+04   50
433   -6.27e+04  501   2.91e+04   50
434   -6.26e+04  462   2.91e+04   50
435   -6.29e+04  400   2.92e+04   50
436   -6.28e+04  354   2.92e+04   50
437   -6.28e+04  241   2.91e+04   50
438   -6.28e+04  200   2.91e+04   50
439   -6.3e+04  185   2.91e+04   50
440   -6.29e+04  260   2.92e+04   50
441   -6.28e+04  243   2.92e+04   50
442   -6.29e+04  206   2.92e+04   50
443   -6.29e+04  246   2.92e+04   50
444   -6.29e+04  142   2.92e+04   50
445   -6.27e+04  109   2.91e+04   50
446   -6.27e+04  54.5   2.9e+04   50
447   -6.26e+04  19.3   2.9e+04   50
448   -6.26e+04  -93.7   2.9e+04   50
449   -6.27e+04  -22.5   2.9e+04   50
450   -6.27e+04  -22.9   2.9e+04   50
451   -6.27e+04  5.27   2.89e+04   50
452   -6.27e+04  122   2.9e+04   50
453   -6.26e+04  159   2.9e+04   50
454   -6.29e+04  237   2.91e+04   50
455   -6.27e+04  265   2.9e+04   50
456   -6.26e+04  194   2.9e+04   50
457   -6.26e+04  77.9   2.9e+04   50
458   -6.25e+04  113   2.9e+04   50
459   -6.26e+04  1.07   2.91e+04   50
460   -6.26e+04  35.6   2.91e+04   50
461   -6.27e+04  -68.2   2.91e+04   50
462   -6.28e+04  -173   2.91e+04   50
463   -6.28e+04  -190   2.91e+04   50
464   -6.27e+04  -250   2.9e+04   50
465   -6.26e+04  -214   2.91e+04   50
466   -6.27e+04  -206   2.91e+04   50
467   -6.27e+04  -338   2.91e+04   50
468   -6.27e+04  -425   2.91e+04   50
469   -6.27e+04  -386   2.9e+04   50
470   -6.26e+04  -381   2.89e+04   50
471   -6.26e+04  -538   2.9e+04   50
472   -6.26e+04  -411   2.9e+04   50
473   -6.27e+04  -425   2.9e+04   50
474   -6.26e+04  -429   2.91e+04   50
475   -6.26e+04  -268   2.91e+04   50
476   -6.26e+04  -356   2.91e+04   50
477   -6.27e+04  -474   2.91e+04   50
478   -6.27e+04  -540   2.9e+04   50
479   -6.27e+04  -539   2.9e+04   50
480   -6.27e+04  -662   2.89e+04   50
481   -6.28e+04  -631   2.89e+04   50
482   -6.27e+04  -730   2.89e+04   50
483   -6.27e+04  -768   2.9e+04   50
484   -6.25e+04  -767   2.9e+04   50
485   -6.26e+04  -808   2.91e+04   50
486   -6.27e+04  -753   2.91e+04   50
487   -6.27e+04  -736   2.9e+04   50
488   -6.27e+04  -603   2.9e+04   50
489   -6.27e+04  -537   2.91e+04   50
490   -6.29e+04  -509   2.91e+04   49
491   -6.28e+04  -548   2.91e+04   50
492   -6.27e+04  -519   2.91e+04   50
493   -6.26e+04  -501   2.89e+04   50
494   -6.26e+04  -436   2.88e+04   50
495   -6.25e+04  -448   2.88e+04   50
496   -6.25e+04  -340   2.89e+04   50
497   -6.25e+04  -318   2.88e+04   50
498   -6.25e+04  -353   2.87e+04   50
499   -6.25e+04  -297   2.88e+04   50
500   -6.25e+04  -267   2.88e+04   50
501   -6.24e+04  -272   2.88e+04   50
502   -6.23e+04  -296   2.88e+04   50
503   -6.24e+04  -346   2.89e+04   50
504   -6.23e+04  -365   2.89e+04   50
505   -6.25e+04  -314   2.89e+04   50
506   -6.26e+04  -318   2.89e+04   50
507   -6.26e+04  -287   2.89e+04   50
508   -6.26e+04  -302   2.9e+04   50
509   -6.27e+04  -179   2.89e+04   50
510   -6.26e+04  -11.7   2.88e+04   50
511   -6.27e+04  -7.11   2.89e+04   50
512   -6.27e+04  -84.5   2.9e+04   50
513   -6.27e+04  -82.6   2.89e+04   50
514   -6.28e+04  45.8   2.89e+04   50
515   -6.28e+04  1.67   2.89e+04   50
516   -6.26e+04  -23.1   2.88e+04   51
517   -6.25e+04  10.6   2.88e+04   50
518   -6.26e+04  39.3   2.88e+04   50
519   -6.25e+04  48.8   2.88e+04   50
520   -6.26e+04  32.3   2.88e+04   50
521   -6.26e+04  78.4   2.88e+04   50
522   -6.26e+04  150   2.88e+04   50
523   -6.26e+04  49.6   2.88e+04   50
524   -6.25e+04  106   2.87e+04   50
525   -6.26e+04  154   2.88e+04   50
526   -6.26e+04  141   2.88e+04   50
527   -6.28e+04  88.8   2.89e+04   50
528   -6.28e+04  127   2.88e+04   50
529   -6.28e+04  116   2.89e+04   50
530   -6.28e+04  68.3   2.89e+04   50
531   -6.26e+04  197   2.89e+04   50
532   -6.27e+04  259   2.89e+04   50
533   -6.26e+04  379   2.89e+04   50
534   -6.27e+04  458   2.89e+04   50
535   -6.26e+04  383   2.88e+04   50
536   -6.26e+04  348   2.88e+04   49
537   -6.26e+04  340   2.89e+04   50
538   -6.25e+04  433   2.88e+04   49
539   -6.24e+04  572   2.88e+04   50
540   -6.25e+04  496   2.88e+04   50
541   -6.25e+04  545   2.87e+04   50
542   -6.24e+04  641   2.87e+04   50
543   -6.26e+04  582   2.88e+04   50
544   -6.25e+04  664   2.87e+04   50
545   -6.25e+04  757   2.87e+04   50
546   -6.26e+04  678   2.87e+04   50
547   -6.26e+04  718   2.86e+04   50
548   -6.26e+04  679   2.86e+04   50
549   -6.27e+04  716   2.87e+04   50
550   -6.27e+04  634   2.87e+04   50
551   -6.27e+04  493   2.87e+04   50
552   -6.25e+04  418   2.87e+04   51
553   -6.25e+04  407   2.86e+04   50
554   -6.25e+04  229   2.86e+04   50
555   -6.26e+04  353   2.86e+04   50
556   -6.25e+04  248   2.86e+04   50
557   -6.25e+04  200   2.87e+04   50
558   -6.26e+04  254   2.88e+04   50
559   -6.26e+04  312   2.88e+04   50
560   -6.28e+04  245   2.89e+04   50
561   -6.29e+04  326   2.9e+04   50
562   -6.27e+04  382   2.89e+04   49
563   -6.27e+04  478   2.89e+04   50
564   -6.27e+04  421   2.89e+04   50
565   -6.26e+04  394   2.88e+04   50
566   -6.27e+04  300   2.89e+04   50
567   -6.26e+04  145   2.88e+04   50
568   -6.26e+04  247   2.88e+04   50
569   -6.27e+04  226   2.88e+04   50
570   -6.27e+04  248   2.88e+04   50
571   -6.28e+04  160   2.89e+04   50
572   -6.28e+04  190   2.89e+04   50
573   -6.28e+04  176   2.9e+04   50
574   -6.26e+04  93.6   2.89e+04   50
575   -6.27e+04  107   2.89e+04   50
576   -6.27e+04  194   2.89e+04   50
577   -6.27e+04  161   2.89e+04   50
578   -6.26e+04  20.1   2.89e+04   49
579   -6.28e+04  -79.9   2.89e+04   50
580   -6.28e+04  -75.7   2.9e+04   50
581   -6.27e+04  -58.5   2.9e+04   50
582   -6.28e+04  -131   2.91e+04   50
583   -6.27e+04  -160   2.9e+04   50
584   -6.28e+04  -213   2.9e+04   50
585   -6.28e+04  -280   2.9e+04   50
586   -6.28e+04  -347   2.9e+04   50
587   -6.26e+04  -317   2.9e+04   50
588   -6.27e+04  -290   2.9e+04   50
589   -6.27e+04  -351   2.9e+04   50
590   -6.26e+04  -276   2.89e+04   50
591   -6.26e+04  -326   2.89e+04   50
592   -6.27e+04  -426   2.89e+04   50
593   -6.28e+04  -508   2.89e+04   50
594   -6.27e+04  -500   2.88e+04   50
595   -6.26e+04  -479   2.88e+04   49
596   -6.26e+04  -482   2.88e+04   50
597   -6.26e+04  -435   2.88e+04   50
598   -6.26e+04  -410   2.88e+04   50
599   -6.27e+04  -489   2.89e+04   49
600   -6.26e+04  -373   2.89e+04   50
601   -6.26e+04  -353   2.89e+04   50
602   -6.25e+04  -383   2.89e+04   50
603   -6.25e+04  -354   2.88e+04   50
604   -6.25e+04  -357   2.88e+04   50
605   -6.25e+04  -441   2.87e+04   50
606   -6.25e+04  -434   2.88e+04   50
607   -6.25e+04  -376   2.88e+04   50
608   -6.26e+04  -391   2.88e+04   50
609   -6.27e+04  -331   2.88e+04   50
610   -6.27e+04  -292   2.88e+04   50
611   -6.27e+04  -192   2.88e+04   50
612   -6.25e+04  -275   2.88e+04   50
613   -6.25e+04  -205   2.88e+04   50
614   -6.26e+04  -253   2.88e+04   50
615   -6.26e+04  -338   2.88e+04   50
616   -6.27e+04  -268   2.88e+04   50
617   -6.27e+04  -166   2.88e+04   50
618   -6.27e+04  -139   2.88e+04   50
619   -6.28e+04  -166   2.88e+04   49
620   -6.27e+04  -262   2.87e+04   50
621   -6.28e+04  -250   2.88e+04   50
622   -6.28e+04  -246   2.88e+04   50
623   -6.28e+04  -115   2.88e+04   50
624   -6.29e+04  -85.5   2.88e+04   50
625   -6.3e+04  -67.9   2.88e+04   50
626   -6.29e+04  -7.98   2.87e+04   50
627   -6.3e+04  25   2.88e+04   50
628   -6.3e+04  105   2.89e+04   50
629   -6.29e+04  32.6   2.88e+04   50
630   -6.28e+04  20.3   2.88e+04   50
631   -6.28e+04  -106   2.88e+04   50
632   -6.29e+04  -155   2.88e+04   50
633   -6.29e+04  -209   2.88e+04   49
634   -6.28e+04  -139   2.88e+04   50
635   -6.28e+04  -163   2.88e+04   50
636   -6.27e+04  -313   2.87e+04   50
637   -6.28e+04  -325   2.86e+04   50
638   -6.27e+04  -415   2.86e+04   50
639   -6.27e+04  -351   2.86e+04   50
640   -6.27e+04  -283   2.86e+04   50
641   -6.28e+04  -297   2.85e+04   50
642   -6.26e+04  -428   2.85e+04   50
643   -6.25e+04  -459   2.86e+04   50
644   -6.25e+04  -381   2.85e+04   50
645   -6.26e+04  -448   2.85e+04   50
646   -6.25e+04  -453   2.85e+04   50
647   -6.26e+04  -510   2.85e+04   50
648   -6.26e+04  -482   2.85e+04   50
649   -6.27e+04  -654   2.86e+04   50
650   -6.25e+04  -676   2.85e+04   50
651   -6.27e+04  -605   2.85e+04   50
652   -6.26e+04  -649   2.85e+04   50
653   -6.26e+04  -744   2.84e+04   50
654   -6.28e+04  -766   2.85e+04   50
655   -6.27e+04  -648   2.84e+04   50
656   -6.27e+04  -694   2.84e+04   50
657   -6.27e+04  -706   2.84e+04   50
658   -6.26e+04  -802   2.83e+04   50
659   -6.26e+04  -738   2.83e+04   50
660   -6.27e+04  -781   2.82e+04   50
661   -6.27e+04  -741   2.82e+04   50
662   -6.27e+04  -711   2.82e+04   50
663   -6.25e+04  -749   2.82e+04   50
664   -6.26e+04  -761   2.8e+04   50
665   -6.25e+04  -833   2.81e+04   50
666   -6.25e+04  -760   2.81e+04   50
667   -6.26e+04  -886   2.81e+04   50
668   -6.27e+04  -967   2.82e+04   50
669   -6.27e+04  -1.02e+03   2.82e+04   50
670   -6.28e+04  -922   2.82e+04   50
671   -6.28e+04  -878   2.83e+04   51
672   -6.29e+04  -804   2.83e+04   50
673   -6.3e+04  -758   2.84e+04   50
674   -6.29e+04  -766   2.84e+04   49
675   -6.28e+04  -806   2.84e+04   50
676   -6.28e+04  -840   2.84e+04   50
677   -6.28e+04  -937   2.83e+04   50
678   -6.28e+04  -1.06e+03   2.83e+04   50
679   -6.28e+04  -1.05e+03   2.84e+04   50
680   -6.29e+04  -1.03e+03   2.84e+04   50
681   -6.26e+04  -1.17e+03   2.83e+04   50
682   -6.26e+04  -1.29e+03   2.82e+04   50
683   -6.26e+04  -1.24e+03   2.82e+04   50
684   -6.25e+04  -1.2e+03   2.82e+04   50
685   -6.25e+04  -1.2e+03   2.81e+04   50
686   -6.25e+04  -1.24e+03   2.81e+04   50
687   -6.25e+04  -1.24e+03   2.81e+04   50
688   -6.25e+04  -1.2e+03   2.81e+04   50
689   -6.26e+04  -1.18e+03   2.81e+04   50
690   -6.26e+04  -1.24e+03   2.82e+04   50
691   -6.28e+04  -1.24e+03   2.83e+04   50
692   -6.28e+04  -1.19e+03   2.83e+04   50
693   -6.28e+04  -1.11e+03   2.82e+04   50
694   -6.28e+04  -1.15e+03   2.83e+04   50
695   -6.27e+04  -1.08e+03   2.82e+04   50
696   -6.27e+04  -1.07e+03   2.82e+04   49
697   -6.26e+04  -1.13e+03   2.82e+04   50
698   -6.26e+04  -1.11e+03   2.82e+04   50
699   -6.27e+04  -1.07e+03   2.82e+04   50
700   -6.27e+04  -1.05e+03   2.82e+04   50
701   -6.27e+04  -915   2.82e+04   50
702   -6.26e+04  -845   2.82e+04   49
703   -6.26e+04  -807   2.82e+04   50
704   -6.26e+04  -694   2.82e+04   50
705   -6.27e+04  -647   2.83e+04   51
706   -6.26e+04  -681   2.82e+04   50
707   -6.26e+04  -748   2.83e+04   50
708   -6.26e+04  -706   2.82e+04   49
709   -6.26e+04  -645   2.82e+04   50
710   -6.27e+04  -550   2.82e+04   50
711   -6.26e+04  -605   2.82e+04   50
712   -6.27e+04  -568   2.83e+04   50
713   -6.27e+04  -590   2.83e+04   50
714   -6.26e+04  -661   2.82e+04   49
715   -6.28e+04  -612   2.82e+04   50
716   -6.27e+04  -643   2.82e+04   50
717   -6.27e+04  -735   2.82e+04   50
718   -6.26e+04  -682   2.82e+04   50
719   -6.26e+04  -709   2.83e+04   50
720   -6.28e+04  -752   2.84e+04   50
721   -6.28e+04  -849   2.84e+04   50
722   -6.29e+04  -816   2.84e+04   50
723   -6.29e+04  -723   2.84e+04   50
724   -6.28e+04  -598   2.85e+04   50
725   -6.28e+04  -595   2.84e+04   50
726   -6.27e+04  -612   2.83e+04   50
727   -6.26e+04  -495   2.84e+04   49
728   -6.29e+04  -488   2.84e+04   50
729   -6.28e+04  -392   2.85e+04   50
730   -6.28e+04  -368   2.84e+04   50
731   -6.26e+04  -291   2.83e+04   50
732   -6.26e+04  -296   2.83e+04   50
733   -6.26e+04  -396   2.84e+04   50
734   -6.27e+04  -338   2.83e+04   50
735   -6.27e+04  -320   2.84e+04   50
736   -6.27e+04  -232   2.83e+04   50
737   -6.26e+04  -162   2.83e+04   50
738   -6.28e+04  -248   2.84e+04   50
739   -6.27e+04  -163   2.84e+04   50
740   -6.27e+04  -213   2.83e+04   50
741   -6.25e+04  -210   2.83e+04   50
742   -6.25e+04  -125   2.82e+04   49
743   -6.25e+04  -86.9   2.82e+04   50
744   -6.25e+04  25.3   2.82e+04   50
745   -6.25e+04  -62.6   2.81e+04   50
746   -6.26e+04  26.1   2.82e+04   50
747   -6.24e+04  -55.3   2.82e+04   50
748   -6.24e+04  -22.1   2.82e+04   50
749   -6.24e+04  51.5   2.82e+04   50
750   -6.23e+04  2.29   2.81e+04   50
751   -6.24e+04  -43.4   2.82e+04   50
752   -6.25e+04  -25.7   2.81e+04   49
753   -6.26e+04  -62.1   2.82e+04   50
754   -6.27e+04  -83.4   2.81e+04   50
755   -6.27e+04  -37.7   2.81e+04   50
756   -6.27e+04  -11   2.82e+04   50
757   -6.26e+04  -30.6   2.82e+04   50
758   -6.26e+04  -118   2.82e+04   50
759   -6.27e+04  -92   2.82e+04   50
760   -6.27e+04  -125   2.81e+04   50
761   -6.27e+04  -159   2.81e+04   50
762   -6.25e+04  -174   2.82e+04   50
763   -6.25e+04  -235   2.82e+04   50
764   -6.25e+04  -155   2.82e+04   50
765   -6.26e+04  -16.6   2.82e+04   50
766   -6.26e+04  -6.18   2.81e+04   49
767   -6.26e+04  123   2.82e+04   50
768   -6.25e+04  104   2.82e+04   50
769   -6.25e+04  29.5   2.82e+04   49
770   -6.26e+04  22.5   2.82e+04   50
771   -6.26e+04  -26.1   2.83e+04   50
772   -6.25e+04  -80.7   2.83e+04   50
773   -6.26e+04  -166   2.83e+04   50
774   -6.25e+04  -210   2.82e+04   50
775   -6.25e+04  -249   2.82e+04   50
776   -6.26e+04  -216   2.82e+04   50
777   -6.26e+04  -340   2.82e+04   50
778   -6.27e+04  -409   2.82e+04   49
779   -6.27e+04  -264   2.83e+04   50
780   -6.26e+04  -264   2.82e+04   50
781   -6.27e+04  -226   2.83e+04   50
782   -6.27e+04  -193   2.82e+04   50
783   -6.26e+04  -231   2.81e+04   50
784   -6.26e+04  -316   2.82e+04   50
785   -6.23e+04  -287   2.82e+04   50
786   -6.24e+04  -213   2.82e+04   50
787   -6.25e+04  -175   2.82e+04   50
788   -6.26e+04  -161   2.82e+04   50
789   -6.25e+04  -101   2.82e+04   50
790   -6.26e+04  -142   2.83e+04   50
791   -6.28e+04  -235   2.84e+04   50
792   -6.28e+04  -249   2.84e+04   49
793   -6.29e+04  -210   2.84e+04   50
794   -6.29e+04  -277   2.85e+04   49
795   -6.29e+04  -274   2.84e+04   50
796   -6.27e+04  -282   2.85e+04   50
797   -6.28e+04  -144   2.84e+04   50
798   -6.28e+04  -229   2.84e+04   50
799   -6.27e+04  -296   2.84e+04   50
800   -6.26e+04  -270   2.84e+04   51
801   -6.26e+04  -344   2.84e+04   50
802   -6.27e+04  -283   2.85e+04   50
803   -6.28e+04  -344   2.84e+04   50
804   -6.27e+04  -241   2.84e+04   50
805   -6.28e+04  -243   2.85e+04   49
806   -6.28e+04  -265   2.85e+04   50
807   -6.27e+04  -232   2.84e+04   50
808   -6.28e+04  -173   2.83e+04   50
809   -6.27e+04  -101   2.84e+04   50
810   -6.27e+04  -58.3   2.84e+04   50
811   -6.28e+04  -37.3   2.84e+04   50
812   -6.28e+04  -214   2.85e+04   50
813   -6.29e+04  -240   2.84e+04   49
814   -6.29e+04  -219   2.85e+04   50
815   -6.28e+04  -244   2.85e+04   50
816   -6.28e+04  -290   2.85e+04   50
817   -6.28e+04  -352   2.84e+04   50
818   -6.27e+04  -403   2.83e+04   50
819   -6.27e+04  -432   2.84e+04   50
820   -6.25e+04  -479   2.83e+04   50
821   -6.26e+04  -539   2.83e+04   50
822   -6.25e+04  -580   2.82e+04   50
823   -6.27e+04  -615   2.82e+04   50
824   -6.27e+04  -654   2.82e+04   50
825   -6.28e+04  -701   2.82e+04   50
826   -6.29e+04  -791   2.83e+04   50
827   -6.3e+04  -704   2.83e+04   50
828   -6.28e+04  -705   2.83e+04   50
829   -6.28e+04  -668   2.82e+04   50
830   -6.27e+04  -608   2.81e+04   49
831   -6.26e+04  -579   2.81e+04   50
832   -6.27e+04  -559   2.81e+04   50
833   -6.26e+04  -519   2.82e+04   50
834   -6.26e+04  -485   2.82e+04   50
835   -6.26e+04  -427   2.81e+04   50
836   -6.25e+04  -420   2.81e+04   50
837   -6.25e+04  -429   2.81e+04   50
838   -6.25e+04  -357   2.81e+04   50
839   -6.25e+04  -385   2.81e+04   50
840   -6.26e+04  -367   2.81e+04   50
841   -6.24e+04  -370   2.82e+04   50
842   -6.24e+04  -463   2.82e+04   50
843   -6.24e+04  -446   2.82e+04   50
844   -6.25e+04  -510   2.82e+04   50
845   -6.25e+04  -509   2.82e+04   50
846   -6.25e+04  -403   2.82e+04   50
847   -6.25e+04  -374   2.82e+04   50
848   -6.25e+04  -353   2.81e+04   50
849   -6.26e+04  -474   2.81e+04   50
850   -6.25e+04  -600   2.81e+04   50
851   -6.25e+04  -552   2.81e+04   50
852   -6.26e+04  -591   2.81e+04   50
853   -6.26e+04  -482   2.81e+04   50
854   -6.27e+04  -517   2.81e+04   50
855   -6.28e+04  -411   2.81e+04   50
856   -6.27e+04  -381   2.81e+04   50
857   -6.26e+04  -390   2.8e+04   50
858   -6.26e+04  -409   2.81e+04   50
859   -6.25e+04  -380   2.8e+04   50
860   -6.25e+04  -394   2.81e+04   50
861   -6.26e+04  -448   2.8e+04   50
862   -6.25e+04  -463   2.8e+04   50
863   -6.25e+04  -368   2.8e+04   50
864   -6.26e+04  -291   2.8e+04   50
865   -6.26e+04  -376   2.81e+04   50
866   -6.26e+04  -364   2.8e+04   50
867   -6.26e+04  -467   2.8e+04   50
868   -6.26e+04  -449   2.81e+04   50
869   -6.27e+04  -431   2.81e+04   50
870   -6.27e+04  -488   2.81e+04   50
871   -6.28e+04  -455   2.82e+04   50
872   -6.27e+04  -389   2.81e+04   49
873   -6.27e+04  -248   2.82e+04   50
874   -6.29e+04  -291   2.83e+04   49
875   -6.27e+04  -339   2.83e+04   49
876   -6.27e+04  -294   2.83e+04   50
877   -6.27e+04  -324   2.83e+04   50
878   -6.26e+04  -252   2.82e+04   50
879   -6.27e+04  -234   2.82e+04   50
880   -6.27e+04  -254   2.82e+04   50
881   -6.26e+04  -281   2.82e+04   50
882   -6.26e+04  -153   2.83e+04   50
883   -6.26e+04  -125   2.82e+04   49
884   -6.25e+04  -149   2.82e+04   50
885   -6.26e+04  -108   2.82e+04   50
886   -6.25e+04  -99.9   2.82e+04   50
887   -6.25e+04  -123   2.82e+04   50
888   -6.26e+04  -198   2.82e+04   49
889   -6.26e+04  -127   2.82e+04   50
890   -6.25e+04  -55.4   2.82e+04   50
891   -6.26e+04  -202   2.81e+04   50
892   -6.24e+04  -75.2   2.8e+04   50
893   -6.25e+04  19.6   2.81e+04   50
894   -6.24e+04  151   2.8e+04   50
895   -6.25e+04  139   2.8e+04   50
896   -6.24e+04  153   2.8e+04   50
897   -6.27e+04  138   2.8e+04   50
898   -6.25e+04  222   2.8e+04   50
899   -6.26e+04  163   2.8e+04   50
900   -6.27e+04  261   2.8e+04   50
901   -6.27e+04  246   2.8e+04   50
902   -6.28e+04  269   2.8e+04   50
903   -6.27e+04  318   2.81e+04   50
904   -6.26e+04  287   2.82e+04   50
905   -6.26e+04  284   2.82e+04   50
906   -6.25e+04  294   2.82e+04   50
907   -6.26e+04  248   2.81e+04   50
908   -6.25e+04  403   2.81e+04   50
909   -6.27e+04  299   2.81e+04   50
910   -6.27e+04  322   2.81e+04   50
911   -6.27e+04  267   2.81e+04   50
912   -6.28e+04  215   2.8e+04   50
913   -6.26e+04  179   2.81e+04   50
914   -6.27e+04  106   2.8e+04   50
915   -6.26e+04  159   2.8e+04   50
916   -6.24e+04  66.5   2.8e+04   50
917   -6.25e+04  142   2.8e+04   50
918   -6.24e+04  129   2.8e+04   50
919   -6.24e+04  97.7   2.8e+04   50
920   -6.25e+04  219   2.81e+04   50
921   -6.26e+04  222   2.81e+04   50
922   -6.26e+04  123   2.81e+04   50
923   -6.26e+04  197   2.81e+04   50
924   -6.27e+04  273   2.82e+04   50
925   -6.28e+04  259   2.82e+04   50
926   -6.28e+04  227   2.83e+04   50
927   -6.27e+04  315   2.83e+04   50
928   -6.27e+04  239   2.84e+04   50
929   -6.28e+04  242   2.84e+04   50
930   -6.29e+04  155   2.84e+04   50
931   -6.31e+04  83.5   2.85e+04   50
932   -6.29e+04  167   2.84e+04   50
933   -6.29e+04  238   2.84e+04   50
934   -6.28e+04  273   2.83e+04   50
935   -6.27e+04  231   2.84e+04   50
936   -6.27e+04  338   2.84e+04   50
937   -6.28e+04  248   2.84e+04   50
938   -6.28e+04  293   2.84e+04   50
939   -6.28e+04  331   2.84e+04   50
940   -6.28e+04  258   2.84e+04   51
941   -6.27e+04  214   2.84e+04   50
942   -6.27e+04  212   2.83e+04   50
943   -6.27e+04  267   2.84e+04   50
944   -6.26e+04  214   2.83e+04   50
945   -6.26e+04  228   2.83e+04   50
946   -6.27e+04  243   2.84e+04   50
947   -6.27e+04  273   2.84e+04   50
948   -6.27e+04  439   2.84e+04   50
949   -6.26e+04  495   2.84e+04   50
950   -6.25e+04  411   2.85e+04   50
951   -6.25e+04  486   2.85e+04   50
952   -6.25e+04  582   2.84e+04   50
953   -6.25e+04  559   2.84e+04   50
954   -6.24e+04  583   2.84e+04   50
955   -6.24e+04  504   2.83e+04   50
956   -6.25e+04  576   2.84e+04   50
957   -6.25e+04  434   2.84e+04   50
958   -6.27e+04  465   2.84e+04   50
959   -6.27e+04  431   2.85e+04   50
960   -6.27e+04  469   2.85e+04   50
961   -6.27e+04  476   2.84e+04   50
962   -6.26e+04  518   2.83e+04   50
963   -6.26e+04  664   2.84e+04   49
964   -6.26e+04  672   2.84e+04   50
965   -6.27e+04  708   2.84e+04   50
966   -6.28e+04  645   2.84e+04   50
967   -6.27e+04  672   2.84e+04   50
968   -6.27e+04  583   2.84e+04   50
969   -6.26e+04  580   2.83e+04   50
970   -6.26e+04  664   2.83e+04   50
971   -6.25e+04  653   2.83e+04   50
972   -6.26e+04  644   2.83e+04   50
973   -6.27e+04  659   2.84e+04   50
974   -6.26e+04  716   2.83e+04   50
975   -6.25e+04  892   2.82e+04   50
976   -6.26e+04  955   2.83e+04   50
977   -6.27e+04  1.03e+03   2.82e+04   50
978   -6.25e+04  988   2.81e+04   50
979   -6.24e+04  986   2.81e+04   50
980   -6.24e+04  988   2.8e+04   50
981   -6.24e+04  863   2.8e+04   50
982   -6.24e+04  751   2.81e+04   50
983   -6.25e+04  741   2.8e+04   50
984   -6.26e+04  743   2.8e+04   50
985   -6.25e+04  631   2.79e+04   50
986   -6.26e+04  671   2.79e+04   50
987   -6.25e+04  753   2.79e+04   50
988   -6.25e+04  788   2.79e+04   50
989   -6.26e+04  712   2.8e+04   50
990   -6.26e+04  678   2.8e+04   50
991   -6.28e+04  714   2.8e+04   50
992   -6.26e+04  692   2.8e+04   50
993   -6.26e+04  768   2.8e+04   50
994   -6.24e+04  770   2.8e+04   50
995   -6.25e+04  764   2.8e+04   50
996   -6.24e+04  689   2.8e+04   50
997   -6.24e+04  739   2.8e+04   50
998   -6.22e+04  749   2.79e+04   50
999   -6.23e+04  755   2.79e+04   50
1000   -6.25e+04  816   2.8e+04   50
