# Simulazione modello di Ising 1D
# Mossa 	 Energia 	 Magnetizzazione 	 Calore specifico 	 Suscettività
1     -0.6847619414329529      0.08580798655748367     0.4000000059604645     3.397117137908936
2     -0.6859503388404846      0.08505036681890488     0.3687500059604645     3.504318475723267
3     -0.6851329207420349      0.09228236228227615     0.3574073910713196     3.638613939285278
4     -0.6846144199371338      0.088022381067276     0.371527761220932     4.719701290130615
5     -0.6849852800369263      0.08819974958896637     0.3354166448116302     3.644024848937988
6     -0.685549259185791      0.08846903592348099     0.3643518388271332     3.814257860183716
7     -0.6848456859588623      0.08721999824047089     0.3807870149612427     3.2939453125
8     -0.6847583055496216      0.08761995285749435     0.3967592418193817     3.168652296066284
9     -0.6853908896446228      0.09059936553239822     0.3861110806465149     2.774388790130615
10     -0.6859355568885803      0.07880369573831558     0.3967592418193817     3.419420957565308
11     -0.6860073804855347      0.09211632609367371     0.3513888716697693     4.141883373260498
12     -0.685494065284729      0.08843501657247543     0.393750011920929     3.578435897827148
13     -0.6849011778831482      0.08760833740234375     0.3842592239379883     3.017632246017456
14     -0.685033917427063      0.09082158654928207     0.4138888716697693     4.807765483856201
15     -0.6849510669708252      0.09110400080680847     0.4000000059604645     3.677846431732178
16     -0.6845349073410034      0.09008362889289856     0.3365740478038788     3.826016187667847
17     -0.6845954060554504      0.08605694770812988     0.3662036955356598     3.537536144256592
18     -0.6865321397781372      0.08979371935129166     0.3710648119449615     3.586016893386841
19     -0.6855815649032593      0.08629164844751358     0.3833333253860474     4.145493030548096
20     -0.6842989325523376      0.08609501272439957     0.4131944179534912     3.465574264526367
21     -0.6857264041900635      0.08243828266859055     0.3800925612449646     2.946934461593628
22     -0.6851227879524231      0.08550534397363663     0.3724536895751953     3.695200204849243
23     -0.6841386556625366      0.08976001292467117     0.3592592477798462     3.478218793869019
24     -0.6851996183395386      0.08671071380376816     0.3641203641891479     4.270359516143799
25     -0.6854152083396912      0.08780661970376968     0.3928240537643433     2.809472560882568
26     -0.6848492622375488      0.08729631453752518     0.362962931394577     3.454162836074829
27     -0.6860904693603516      0.08791499584913254     0.3953703641891479     4.169053554534912
28     -0.6846292614936829      0.09102532267570496     0.3400462865829468     3.083564758300781
29     -0.6859032511711121      0.09841233491897583     0.3509258925914764     3.194867610931396
30     -0.6852590441703796      0.08720841258764267     0.3995370268821716     4.149938583374023
31     -0.6874315738677979      0.09378265589475632     0.3979166746139526     4.706539154052734
32     -0.6853584051132202      0.08842574805021286     0.3854166567325592     3.382989645004272
33     -0.6853471398353577      0.08287367224693298     0.3740740418434143     4.056121349334717
34     -0.6849356889724731      0.08761364966630936     0.3953703641891479     3.877278566360474
35     -0.6847442388534546      0.08634264022111893     0.4043981432914734     2.776931285858154
36     -0.6856560707092285      0.08883697539567947     0.3974536955356598     3.776175498962402
37     -0.6848917007446289      0.08559035509824753     0.3902777433395386     3.89584755897522
38     -0.6854587197303772      0.08506403863430023     0.3759258985519409     4.089805603027344
39     -0.6860158443450928      0.0880323052406311     0.3814814984798431     3.308022022247314
40     -0.6849186420440674      0.08545497804880142     0.394212931394577     3.889304637908936
41     -0.6852545738220215      0.08483605831861496     0.3863425552845001     3.226660251617432
42     -0.6861594319343567      0.08838167041540146     0.4375     3.763668060302734
43     -0.6844577789306641      0.0911710187792778     0.3921296000480652     4.011950016021729
44     -0.684445321559906      0.08243060111999512     0.3687500059604645     2.757752656936646
45     -0.6858776807785034      0.09418832510709763     0.4196759164333344     3.689362525939941
46     -0.6843567490577698      0.09115664660930634     0.3819444179534912     2.876208066940308
47     -0.6844735741615295      0.0889173150062561     0.4039351940155029     3.718652248382568
48     -0.6860089302062988      0.08864089846611023     0.386805534362793     4.783799648284912
49     -0.6858503222465515      0.08641096204519272     0.393750011920929     3.624197006225586
50     -0.6853285431861877      0.09463462233543396     0.3729166686534882     3.220239877700806
51     -0.6858948469161987      0.0867893248796463     0.4208333194255829     4.445301532745361
52     -0.6866044402122498      0.08796127140522003     0.3837962746620178     4.035387516021729
53     -0.6860567927360535      0.08379832655191422     0.3717592358589172     3.071435451507568
54     -0.6846047639846802      0.08529601246118546     0.4074074029922485     3.117724657058716
55     -0.6861973404884338      0.08928398787975311     0.3497685194015503     3.143391847610474
56     -0.6865233778953552      0.09645865857601166     0.418055534362793     4.087181568145752
57     -0.6863492131233215      0.09667738527059555     0.3601851761341095     3.617404222488403
58     -0.6851245164871216      0.0894063338637352     0.3543981611728668     4.422659873962402
59     -0.6855379939079285      0.08663500100374222     0.4740740656852722     3.73084831237793
60     -0.684938371181488      0.08441197127103806     0.4303240478038788     3.885358810424805
61     -0.6857382655143738      0.08574238419532776     0.3641203641891479     4.204069137573242
62     -0.6859607100486755      0.08849161863327026     0.4074074029922485     4.354155540466309
63     -0.6857326030731201      0.09099223464727402     0.4206018447875977     4.680805206298828
64     -0.6839989423751831      0.08517831563949585     0.3900462687015533     3.575167894363403
65     -0.6842722296714783      0.07715796679258347     0.3756944239139557     3.811128854751587
66     -0.6856054067611694      0.08622933179140091     0.3710648119449615     3.126573324203491
67     -0.6863817572593689      0.08929070085287094     0.3340277671813965     3.241941452026367
68     -0.6846485733985901      0.08636263757944107     0.3756944239139557     3.396310567855835
69     -0.6852869987487793      0.08348769694566727     0.3659722208976746     3.748263597488403
70     -0.6863089799880981      0.08822669833898544     0.3650462627410889     3.659743785858154
71     -0.6861360669136047      0.08988528698682785     0.3745370209217072     3.754040002822876
72     -0.6852089762687683      0.08402161300182343     0.3657407164573669     3.292353868484497
73     -0.6855850219726562      0.08304599672555923     0.3694444298744202     3.304202795028687
74     -0.6848016977310181      0.0897933691740036     0.3752314746379852     4.001656055450439
75     -0.6867424845695496      0.0887163057923317     0.362500011920929     3.293963193893433
76     -0.6856397390365601      0.08760499954223633     0.3638888895511627     4.012022495269775
77     -0.6863833069801331      0.09600558131933212     0.3449074029922485     2.853103160858154
78     -0.6851198077201843      0.08765327930450439     0.362962931394577     3.376178979873657
79     -0.6855012774467468      0.08354067802429199     0.392592579126358     3.557674884796143
80     -0.6855541467666626      0.08463030308485031     0.4023148119449615     3.814136505126953
81     -0.6849181056022644      0.08562536537647247     0.3747685253620148     2.96630859375
82     -0.6864436268806458      0.08780068904161453     0.3898148238658905     3.75151538848877
83     -0.6842988133430481      0.08517605066299438     0.3770833313465118     3.612787485122681
84     -0.685027003288269      0.08625365048646927     0.375     3.492834568023682
85     -0.6846125721931458      0.08264998346567154     0.3219907283782959     2.979285717010498
86     -0.6850082278251648      0.08633973449468613     0.3780092298984528     3.631333112716675
87     -0.6847839951515198      0.0913660079240799     0.3462962508201599     4.791088104248047
88     -0.684630274772644      0.08224095404148102     0.3733795881271362     3.410555601119995
89     -0.6857396364212036      0.08569365739822388     0.3796296119689941     3.753743410110474
90     -0.6859118938446045      0.08917732536792755     0.3731481432914734     4.16756010055542
91     -0.6852343678474426      0.09050369262695312     0.3546296060085297     3.135687828063965
92     -0.6849960088729858      0.07927463948726654     0.352314829826355     4.294243335723877
93     -0.6858983039855957      0.08418300747871399     0.4101851880550385     3.233486890792847
94     -0.6860179901123047      0.09048765897750854     0.3682870268821716     3.442625045776367
95     -0.6848316788673401      0.08919934183359146     0.3777777552604675     2.895681381225586
96     -0.6872328519821167      0.09503834694623947     0.3506944179534912     4.472807884216309
97     -0.6856520175933838      0.0941883847117424     0.3604166805744171     3.868225336074829
98     -0.6851133108139038      0.08160101622343063     0.3916666805744171     2.602142810821533
99     -0.6867709159851074      0.08943768590688705     0.3791666626930237     3.74594521522522
100     -0.6849542856216431      0.09039627015590668     0.416898101568222     2.76174783706665
101     -0.6852739453315735      0.0887276828289032     0.3967592418193817     4.265501976013184
102     -0.6849305629730225      0.09201999008655548     0.3699073791503906     3.978374242782593
103     -0.6848601102828979      0.08411433547735214     0.3687500059604645     3.400933027267456
104     -0.6853330731391907      0.0901983305811882     0.3775462508201599     3.711404085159302
105     -0.685414731502533      0.08906568586826324     0.4307870268821716     3.632956981658936
106     -0.6855868101119995      0.09049403667449951     0.3780092298984528     3.491409778594971
107     -0.685312807559967      0.08893030881881714     0.3736110925674438     3.620102643966675
108     -0.6855600476264954      0.08428961038589478     0.350462943315506     3.351663827896118
109     -0.6855305433273315      0.08422134071588516     0.3990740478038788     3.629949569702148
110     -0.6851171851158142      0.08904597908258438     0.3719907104969025     4.103678226470947
111     -0.6852422952651978      0.08895061165094376     0.394212931394577     3.847591161727905
112     -0.6856127977371216      0.08556102216243744     0.3400462865829468     3.949442625045776
113     -0.6848332285881042      0.08720370382070541     0.3877314925193787     3.30942177772522
114     -0.6848556399345398      0.08467500656843185     0.3780092298984528     3.719077110290527
115     -0.6852105259895325      0.08369368314743042     0.3620370328426361     3.531412839889526
116     -0.6862369179725647      0.08607268333435059     0.3497685194015503     3.781622409820557
117     -0.6857983469963074      0.09373103827238083     0.3430555462837219     3.010365962982178
118     -0.6864858269691467      0.09207303076982498     0.3708333373069763     3.08729362487793
119     -0.6853582262992859      0.09330970048904419     0.4006944298744202     3.858955383300781
120     -0.6855220794677734      0.08834696561098099     0.3962962627410889     3.611172437667847
121     -0.6855488419532776      0.09527935087680817     0.3983795940876007     3.34163761138916
122     -0.6855424642562866      0.08797259628772736     0.3696759045124054     4.061873912811279
123     -0.6855412721633911      0.09009066969156265     0.3513888716697693     3.149569272994995
124     -0.6867782473564148      0.08657935261726379     0.4365740418434143     3.730287790298462
125     -0.6852555274963379      0.08892995864152908     0.3800925612449646     3.803276777267456
126     -0.6861206889152527      0.08479399979114532     0.3833333253860474     3.320026636123657
127     -0.6861557364463806      0.0956723541021347     0.4023148119449615     3.537055015563965
128     -0.6853642463684082      0.08681465685367584     0.4115740656852722     3.261385679244995
129     -0.6859043836593628      0.08864830434322357     0.3634259104728699     3.468923568725586
130     -0.6860157251358032      0.09198598563671112     0.3615740537643433     3.293840169906616
131     -0.6854918599128723      0.08637797832489014     0.3560185134410858     3.425784826278687
132     -0.6851940155029297      0.08782001584768295     0.4104166626930237     3.631890058517456
133     -0.6851205825805664      0.09092029929161072     0.3916666805744171     3.52043890953064
134     -0.6864820718765259      0.09543898701667786     0.3467592298984528     3.040476560592651
135     -0.6859799027442932      0.08961634337902069     0.3965277373790741     4.094588756561279
136     -0.6857538223266602      0.08339637517929077     0.3576388657093048     3.457237243652344
137     -0.6846986413002014      0.08113431930541992     0.3425925672054291     3.614944934844971
138     -0.6854127049446106      0.09417996555566788     0.3921296000480652     2.96310019493103
139     -0.6853522062301636      0.08350932598114014     0.3861110806465149     2.78967547416687
140     -0.6855701208114624      0.08465265482664108     0.3650462627410889     4.016026496887207
141     -0.6860293745994568      0.08593600243330002     0.3659722208976746     3.318948984146118
142     -0.6859256029129028      0.08862368762493134     0.3930555284023285     3.910083770751953
143     -0.6851829290390015      0.09060067683458328     0.3731481432914734     4.106112480163574
144     -0.6855553984642029      0.09179402887821198     0.3932870328426361     4.118416786193848
145     -0.6847593784332275      0.08714233338832855     0.4104166626930237     4.046574592590332
146     -0.6863012909889221      0.09030959755182266     0.3324073851108551     3.799131870269775
147     -0.6852613687515259      0.08795766532421112     0.381712943315506     3.422724962234497
148     -0.6841034889221191      0.09023994952440262     0.3905092477798462     3.595735788345337
149     -0.6849713325500488      0.08305937051773071     0.3696759045124054     4.528653144836426
150     -0.6858407258987427      0.09079170972108841     0.3814814984798431     3.836779832839966
151     -0.6848555207252502      0.08520661294460297     0.3606481552124023     4.068501949310303
152     -0.6857843995094299      0.08633102476596832     0.3759258985519409     2.521032333374023
153     -0.6860635876655579      0.09045665711164474     0.3645833432674408     3.352484703063965
154     -0.6853967308998108      0.08579564094543457     0.3967592418193817     3.436302661895752
155     -0.6861703395843506      0.08820965886116028     0.4013888835906982     4.706347465515137
156     -0.6857999563217163      0.09226226806640625     0.3303240537643433     3.870033740997314
157     -0.6862409114837646      0.09024229645729065     0.3483796119689941     3.490827560424805
158     -0.6857178807258606      0.08965528011322021     0.3807870149612427     3.324381589889526
159     -0.6855648756027222      0.09419088810682297     0.3831018507480621     3.209863185882568
160     -0.6851831078529358      0.08663800358772278     0.3511573970317841     3.750032663345337
161     -0.6863312125205994      0.0855940580368042     0.3585648238658905     4.850010871887207
162     -0.6859064698219299      0.09670533239841461     0.3703703582286835     3.008242845535278
163     -0.6858400106430054      0.09175600856542587     0.4064814746379852     4.042509078979492
164     -0.6852046847343445      0.08371865004301071     0.3682870268821716     3.394222021102905
165     -0.6851069331169128      0.08373595774173737     0.3736110925674438     3.938000679016113
166     -0.6844787001609802      0.08138634264469147     0.3423610925674438     3.206974983215332
167     -0.6850486397743225      0.09043737500905991     0.3907407224178314     3.54627799987793
168     -0.6861838102340698      0.0882750004529953     0.3733795881271362     3.329405307769775
169     -0.684831440448761      0.0900593176484108     0.3618055284023285     3.764434814453125
170     -0.6853232383728027      0.08835604041814804     0.4194444119930267     3.805316686630249
171     -0.6857250332832336      0.087240070104599     0.3993055522441864     4.051446437835693
172     -0.6862852573394775      0.08608067780733109     0.3469907343387604     3.903197288513184
173     -0.6857268810272217      0.08730532974004745     0.3634259104728699     2.875321865081787
174     -0.6858016848564148      0.08796734362840652     0.3703703582286835     3.484240770339966
175     -0.6852322816848755      0.08091030269861221     0.4224537014961243     3.524301767349243
176     -0.6851145625114441      0.09332606196403503     0.3298611044883728     3.120619773864746
177     -0.6863520741462708      0.0872809961438179     0.3412036895751953     4.141883373260498
178     -0.6853606104850769      0.08691433817148209     0.3708333373069763     3.264438390731812
179     -0.684934675693512      0.09094429761171341     0.3893518447875977     2.542104244232178
180     -0.6856448650360107      0.09396173059940338     0.3583333194255829     3.463187217712402
181     -0.6858805418014526      0.0873413160443306     0.3456018567085266     3.842190980911255
182     -0.6856586933135986      0.08893598616123199     0.3729166686534882     3.515053272247314
183     -0.6852254271507263      0.08726631850004196     0.4192129373550415     3.495341062545776
184     -0.6861218214035034      0.0860070064663887     0.3634259104728699     3.620258092880249
185     -0.6845377683639526      0.08166364580392838     0.387499988079071     3.74191427230835
186     -0.6851445436477661      0.08446004241704941     0.3886573910713196     3.940264940261841
187     -0.6856234669685364      0.08531633019447327     0.3719907104969025     3.441769599914551
188     -0.6866582632064819      0.08597594499588013     0.3824073970317841     2.989706039428711
189     -0.6856648921966553      0.08376367390155792     0.3759258985519409     3.215941429138184
190     -0.6863129734992981      0.09121605753898621     0.3395833075046539     3.552108287811279
191     -0.6862472891807556      0.08466900885105133     0.3479166626930237     3.825034141540527
192     -0.6856188178062439      0.08909996598958969     0.3557870388031006     3.237962961196899
193     -0.6860228776931763      0.08575166016817093     0.3726851940155029     3.550976514816284
194     -0.6871954202651978      0.09505674242973328     0.3962962627410889     3.198965549468994
195     -0.6856680512428284      0.08592533320188522     0.418749988079071     3.184063911437988
196     -0.6860159635543823      0.09075665473937988     0.4032407104969025     3.457689523696899
197     -0.6857780814170837      0.0899636447429657     0.3502314984798431     3.558575630187988
198     -0.6870711445808411      0.08317428827285767     0.4069444239139557     3.645135164260864
199     -0.6848514676094055      0.09242228418588638     0.3791666626930237     4.385405540466309
200     -0.6859139204025269      0.08914230018854141     0.3597221970558167     3.869498729705811
201     -0.6862164735794067      0.09318703413009644     0.4025462567806244     2.657884836196899
202     -0.6842023730278015      0.0867832750082016     0.3398148119449615     2.803906202316284
203     -0.6861163973808289      0.09202107042074203     0.356249988079071     3.09293270111084
204     -0.6861082911491394      0.09008672088384628     0.3768518567085266     3.237915754318237
205     -0.6855708956718445      0.08929299563169479     0.4157407283782959     3.43982195854187
206     -0.6865795254707336      0.09164664894342422     0.3997685015201569     3.594180345535278
207     -0.6853622794151306      0.08496667444705963     0.3777777552604675     4.842107772827148
208     -0.6859817504882812      0.08940264582633972     0.3979166746139526     3.932559251785278
209     -0.6852436661720276      0.09031462669372559     0.3803240656852722     3.664105892181396
210     -0.684323787689209      0.08519034087657928     0.3703703582286835     3.202656507492065
211     -0.6849365830421448      0.08290895819664001     0.3967592418193817     4.091760635375977
212     -0.6868441700935364      0.08800030499696732     0.3527777493000031     3.684906482696533
213     -0.6850444078445435      0.08783767372369766     0.4076388776302338     3.905045509338379
214     -0.6852156519889832      0.08801773190498352     0.4122685194015503     3.227658271789551
215     -0.6862810850143433      0.09204468876123428     0.4016203582286835     3.924139022827148
216     -0.6853327751159668      0.08387364447116852     0.3560185134410858     3.220733642578125
217     -0.6859170198440552      0.09335541725158691     0.4196759164333344     3.177462816238403
218     -0.6863835453987122      0.08558827638626099     0.3650462627410889     3.331101655960083
219     -0.6858732104301453      0.086739681661129     0.3530092239379883     3.074844360351562
220     -0.6850752830505371      0.08581966906785965     0.3699073791503906     3.891807556152344
221     -0.6853410005569458      0.08323801308870316     0.376620352268219     4.059337139129639
222     -0.6863061785697937      0.08950099349021912     0.3590277433395386     4.122446060180664
223     -0.6843845844268799      0.08528605103492737     0.3879629373550415     3.140511035919189
224     -0.6869680881500244      0.08906599879264832     0.3935185074806213     3.588393211364746
225     -0.6859003901481628      0.08883065730333328     0.3796296119689941     3.228891611099243
226     -0.6853624582290649      0.08771262317895889     0.3944444060325623     3.737521409988403
227     -0.6861671805381775      0.0886603519320488     0.3923610746860504     3.854614973068237
228     -0.6858837604522705      0.0896199569106102     0.3543981611728668     2.827437877655029
229     -0.6858444213867188      0.08935669809579849     0.3791666626930237     3.819787740707397
230     -0.6848810911178589      0.08349131792783737     0.4013888835906982     4.532215595245361
231     -0.6861744523048401      0.08761531859636307     0.3641203641891479     4.615986824035645
232     -0.6857578158378601      0.08976701647043228     0.4006944298744202     3.828566074371338
233     -0.6855364441871643      0.08628658950328827     0.3458333313465118     3.957902669906616
234     -0.6863334774971008      0.08589799702167511     0.4118055403232574     3.866265058517456
235     -0.6857631206512451      0.09364505857229233     0.3532407283782959     4.421082496643066
236     -0.6855010390281677      0.09153365343809128     0.3574073910713196     3.109541416168213
237     -0.6853960156440735      0.0915156826376915     0.3717592358589172     4.389026165008545
238     -0.6857190728187561      0.0835634171962738     0.3532407283782959     3.907367467880249
239     -0.6838786602020264      0.08244402706623077     0.3701388835906982     3.172847986221313
240     -0.6857204437255859      0.08936335891485214     0.4023148119449615     2.825329065322876
241     -0.6858128309249878      0.08606971055269241     0.4074074029922485     3.606488704681396
242     -0.6854785680770874      0.08271466940641403     0.3981481492519379     3.613423824310303
243     -0.6856104135513306      0.08420667797327042     0.375     3.677736043930054
244     -0.6849364638328552      0.09177467972040176     0.4127314984798431     4.250307083129883
245     -0.6851321458816528      0.08510205894708633     0.3618055284023285     3.380947828292847
246     -0.6864686608314514      0.08691133558750153     0.3893518447875977     3.524435520172119
247     -0.6853628158569336      0.08424168080091476     0.3620370328426361     3.596585512161255
248     -0.6856095194816589      0.09011866897344589     0.3712962567806244     4.086451053619385
249     -0.6843419671058655      0.08599168807268143     0.3879629373550415     3.727885961532593
250     -0.6862082481384277      0.08966629952192307     0.3907407224178314     4.05401086807251
251     -0.6855413317680359      0.09179867804050446     0.3606481552124023     3.977010726928711
252     -0.6847230792045593      0.08854634314775467     0.3641203641891479     3.131159543991089
253     -0.684831976890564      0.08630899339914322     0.3932870328426361     3.031307697296143
254     -0.6850939989089966      0.08415766805410385     0.3717592358589172     3.774614572525024
255     -0.6851416230201721      0.08734795451164246     0.3557870388031006     2.663697004318237
256     -0.6853916645050049      0.08978369832038879     0.3800925612449646     3.162843465805054
257     -0.686531662940979      0.09083595871925354     0.4363425672054291     3.786964416503906
258     -0.6859447360038757      0.08423234522342682     0.4101851880550385     4.016918182373047
259     -0.6860240697860718      0.08985468745231628     0.3576388657093048     3.362456321716309
260     -0.6859422326087952      0.08928903192281723     0.4122685194015503     4.09253454208374
261     -0.685766339302063      0.08593837171792984     0.3423610925674438     3.638302803039551
262     -0.6864031553268433      0.08774905651807785     0.3550925552845001     4.527079582214355
263     -0.6845152378082275      0.08717329055070877     0.3701388835906982     3.793764352798462
264     -0.686011791229248      0.08685895055532455     0.3682870268821716     3.868612289428711
265     -0.6858805418014526      0.08805830776691437     0.3854166567325592     3.57084059715271
266     -0.6860432028770447      0.09027800709009171     0.418055534362793     3.729018211364746
267     -0.6855023503303528      0.08936163038015366     0.3280092477798462     3.628396272659302
268     -0.6853898763656616      0.08663931488990784     0.3393518328666687     3.526768445968628
269     -0.6856597661972046      0.08667740225791931     0.4009259045124054     3.505859375
270     -0.684994637966156      0.0917230024933815     0.4002314805984497     3.659053087234497
271     -0.6852366328239441      0.08981668204069138     0.3585648238658905     2.643030166625977
272     -0.6862516403198242      0.08944827318191528     0.393750011920929     3.32085132598877
273     -0.6862258911132812      0.0868203341960907     0.3518518507480621     3.890946626663208
274     -0.6848641633987427      0.08446499705314636     0.3743055462837219     3.182781457901001
275     -0.684805154800415      0.08542398363351822     0.3793981671333313     3.175980091094971
276     -0.6859142780303955      0.0831703245639801     0.4363425672054291     4.666876316070557
277     -0.6859028935432434      0.08488567918539047     0.3421295881271362     3.423903942108154
278     -0.6849955320358276      0.08711861819028854     0.3891203701496124     4.836747169494629
279     -0.6856263279914856      0.08089633285999298     0.3740740418434143     3.355007410049438
280     -0.685888409614563      0.08980799466371536     0.3856481611728668     3.114897727966309
281     -0.6864365339279175      0.08707133680582047     0.3819444179534912     3.593355417251587
282     -0.6860043406486511      0.09146863967180252     0.3428240418434143     3.33333683013916
283     -0.684943675994873      0.08369967341423035     0.3594907224178314     2.917858362197876
284     -0.6846460700035095      0.08679163455963135     0.3405092358589172     4.064229011535645
285     -0.6863911747932434      0.09069102257490158     0.4502314329147339     3.688660860061646
286     -0.685202419757843      0.08969735354185104     0.3736110925674438     3.440794944763184
287     -0.6847541332244873      0.08316830545663834     0.3592592477798462     2.733944416046143
288     -0.6855716109275818      0.09122661501169205     0.3729166686534882     3.64892578125
289     -0.6854366064071655      0.08260200172662735     0.3895833194255829     2.922793626785278
290     -0.683326244354248      0.08271965384483337     0.3657407164573669     3.57695484161377
291     -0.6853111386299133      0.09490829706192017     0.3446758985519409     3.565914154052734
292     -0.684415340423584      0.08964997529983521     0.3796296119689941     3.750354051589966
293     -0.6870790719985962      0.09047860652208328     0.4159722030162811     3.545786142349243
294     -0.6845080852508545      0.08514201641082764     0.4349536895751953     3.813093185424805
295     -0.6855571866035461      0.08777801692485809     0.3615740537643433     3.591138362884521
296     -0.6861716508865356      0.09304706752300262     0.3465277552604675     3.506799459457397
297     -0.6856801509857178      0.08635798096656799     0.3560185134410858     3.182732820510864
298     -0.6860939264297485      0.08309966325759888     0.3701388835906982     3.018111705780029
299     -0.6857199668884277      0.09057030081748962     0.3469907343387604     3.112362384796143
300     -0.6858048439025879      0.08865094929933548     0.3620370328426361     3.26172947883606
301     -0.6850389242172241      0.0983143076300621     0.3689814805984497     3.335731029510498
302     -0.6850743889808655      0.08655264973640442     0.4030092358589172     4.445984840393066
303     -0.685930609703064      0.09267831593751907     0.3157407343387604     4.038049697875977
304     -0.6853220462799072      0.08940038084983826     0.428935170173645     4.186881542205811
305     -0.6849712133407593      0.09041203558444977     0.3597221970558167     4.229538917541504
306     -0.6851900815963745      0.08994568139314651     0.3719907104969025     3.454427003860474
307     -0.684867262840271      0.08652769774198532     0.3594907224178314     3.445478916168213
308     -0.6859041452407837      0.09105229377746582     0.3493055403232574     3.903454065322876
309     -0.6843124032020569      0.08502202481031418     0.3784722089767456     4.364136219024658
310     -0.6850029230117798      0.08362901955842972     0.3782407343387604     3.298393964767456
311     -0.6856838464736938      0.0893336609005928     0.3997685015201569     3.298701524734497
312     -0.6850603222846985      0.08006404340267181     0.3902777433395386     3.092078685760498
313     -0.6861258745193481      0.08850826323032379     0.4055555462837219     2.955743551254272
314     -0.6857678294181824      0.08630774915218353     0.3784722089767456     3.341691732406616
315     -0.6857067346572876      0.08210167288780212     0.3826388716697693     3.883322238922119
316     -0.6843530535697937      0.08546464890241623     0.3502314984798431     3.280179262161255
317     -0.6846839189529419      0.09062830358743668     0.392592579126358     2.622225761413574
318     -0.685686469078064      0.08417963981628418     0.3872685134410858     3.534532308578491
319     -0.6844471096992493      0.08132989704608917     0.3594907224178314     3.048782825469971
320     -0.6868433356285095      0.08410564064979553     0.3770833313465118     3.253806591033936
321     -0.6854763031005859      0.0883406400680542     0.396064817905426     3.669100522994995
322     -0.6850903034210205      0.08825229853391647     0.3701388835906982     2.94911003112793
323     -0.6837788224220276      0.07677770406007767     0.4134258925914764     3.528018236160278
324     -0.6844921708106995      0.0912146121263504     0.392592579126358     3.107899188995361
325     -0.6856179237365723      0.08780962973833084     0.3655092418193817     3.59067177772522
326     -0.6858409643173218      0.08137404173612595     0.4048610925674438     3.611745834350586
327     -0.6857112050056458      0.08417298644781113     0.4421296119689941     3.103168249130249
328     -0.6849164962768555      0.08064429461956024     0.3532407283782959     4.373028755187988
329     -0.6855212450027466      0.09117965400218964     0.3298611044883728     2.791424036026001
330     -0.684425950050354      0.087350994348526     0.3740740418434143     3.676027059555054
331     -0.6863877773284912      0.0864199697971344     0.3548610806465149     3.206984043121338
332     -0.6858964562416077      0.0922616645693779     0.3641203641891479     3.61967945098877
333     -0.6855818629264832      0.08523665368556976     0.3543981611728668     4.031159400939941
334     -0.6854361295700073      0.0854816660284996     0.3560185134410858     3.325426816940308
335     -0.6866775155067444      0.0896683856844902     0.393750011920929     3.776432275772095
336     -0.685356616973877      0.08601132035255432     0.4013888835906982     4.090024471282959
337     -0.685323178768158      0.08996634930372238     0.4416666626930237     3.872374057769775
338     -0.6857625246047974      0.08859061449766159     0.3777777552604675     3.302300214767456
339     -0.6868101358413696      0.09573598206043243     0.3680555522441864     3.341124057769775
340     -0.6847847700119019      0.0864652618765831     0.3789351880550385     3.574565649032593
341     -0.6851439476013184      0.08823096007108688     0.3712962567806244     3.444440841674805
342     -0.6852414011955261      0.0913357213139534     0.4261573851108551     2.883279085159302
343     -0.6858503222465515      0.08649900555610657     0.3712962567806244     3.824500560760498
344     -0.6847362518310547      0.08603961020708084     0.3981481492519379     3.438599348068237
345     -0.6850991249084473      0.09357596188783646     0.4037036895751953     3.275187730789185
346     -0.6856759190559387      0.09114693850278854     0.383564829826355     3.413110971450806
347     -0.6858433485031128      0.08235730975866318     0.3673610985279083     2.63285231590271
348     -0.6849913597106934      0.08379242569208145     0.425462931394577     3.571211338043213
349     -0.6855739951133728      0.09189934283494949     0.3645833432674408     4.024066925048828
350     -0.685883641242981      0.08365494012832642     0.4053240418434143     3.267643213272095
351     -0.6860021352767944      0.09033707529306412     0.3791666626930237     3.981036424636841
352     -0.684479832649231      0.09141039848327637     0.3824073970317841     3.311205148696899
353     -0.6864398717880249      0.08975494652986526     0.350462943315506     4.088613986968994
354     -0.6852522492408752      0.07961167395114899     0.371527761220932     3.536436557769775
355     -0.6853734254837036      0.08437229692935944     0.3837962746620178     3.234942674636841
356     -0.6860790252685547      0.08660700172185898     0.4189814329147339     3.320934534072876
357     -0.6862065196037292      0.09631465375423431     0.4157407283782959     3.565451145172119
358     -0.6859163641929626      0.08853570371866226     0.3476851880550385     3.845290660858154
359     -0.6852685809135437      0.08427435159683228     0.4104166626930237     3.831843137741089
360     -0.6859518885612488      0.09431535750627518     0.3819444179534912     3.518561840057373
361     -0.6841791272163391      0.08217167854309082     0.3879629373550415     4.432047367095947
362     -0.6860246658325195      0.09304025024175644     0.3527777493000031     3.629520893096924
363     -0.6858364939689636      0.09469529986381531     0.3856481611728668     4.808188438415527
364     -0.6853348016738892      0.0852973535656929     0.3770833313465118     3.15165114402771
365     -0.6858663558959961      0.09709269553422928     0.3745370209217072     3.241569042205811
366     -0.6852612495422363      0.08632364124059677     0.3615740537643433     3.740180015563965
367     -0.6856879591941833      0.09278107434511185     0.3828703761100769     3.243891000747681
368     -0.685728132724762      0.08254369348287582     0.4023148119449615     3.36869215965271
369     -0.6864731311798096      0.08923999965190887     0.3449074029922485     5.051902294158936
370     -0.6848517060279846      0.08709101378917694     0.4092592298984528     3.266417026519775
371     -0.6850497126579285      0.08431697636842728     0.3666666746139526     3.69942831993103
372     -0.6864917874336243      0.09420200437307358     0.386805534362793     3.381419897079468
373     -0.686270534992218      0.09635235369205475     0.4053240418434143     4.380475997924805
374     -0.6851094365119934      0.08082543313503265     0.3516203761100769     3.126703500747681
375     -0.6847470998764038      0.08331606537103653     0.4020833373069763     3.386483430862427
376     -0.6850441694259644      0.08872536569833755     0.3798610866069794     3.494082689285278
377     -0.6852557063102722      0.09133761376142502     0.3969907164573669     4.25152587890625
378     -0.6862120628356934      0.08772531896829605     0.4418981075286865     4.155544757843018
379     -0.6850190162658691      0.08150731772184372     0.3643518388271332     3.963380575180054
380     -0.6864272356033325      0.08819674700498581     0.3870370388031006     3.088798522949219
381     -0.6852142214775085      0.08211869746446609     0.4055555462837219     4.065177917480469
382     -0.6862848997116089      0.08584363758563995     0.3449074029922485     2.978880882263184
383     -0.6859135031700134      0.08850660920143127     0.4145833253860474     5.02436351776123
384     -0.6848145127296448      0.08411937206983566     0.4046295881271362     3.688445568084717
385     -0.6854954957962036      0.08723335713148117     0.3791666626930237     3.724041223526001
386     -0.6862336397171021      0.09180903434753418     0.3731481432914734     3.95288610458374
387     -0.6855483651161194      0.0848066508769989     0.3981481492519379     3.923746824264526
388     -0.6857931017875671      0.09097298234701157     0.3849537074565887     3.087536096572876
389     -0.6852824091911316      0.08308365195989609     0.3645833432674408     3.469435214996338
390     -0.6844592094421387      0.08394264429807663     0.3812499940395355     3.373292684555054
391     -0.685685932636261      0.08628834038972855     0.3601851761341095     4.404191493988037
392     -0.6863811016082764      0.08631564676761627     0.3585648238658905     3.804492235183716
393     -0.6856932640075684      0.09142295271158218     0.3726851940155029     3.381550073623657
394     -0.6856327056884766      0.08379233628511429     0.3680555522441864     3.487056732177734
395     -0.6855961680412292      0.08674430102109909     0.418055534362793     3.794480562210083
396     -0.6852501630783081      0.09154201298952103     0.3849537074565887     3.821104526519775
397     -0.6851158738136292      0.09423870593309402     0.3988425731658936     3.763201475143433
398     -0.684556245803833      0.08012237399816513     0.3842592239379883     4.996381282806396
399     -0.6844865083694458      0.08184795826673508     0.3701388835906982     3.642420530319214
400     -0.6853172779083252      0.08341796696186066     0.3865740597248077     3.358642578125
401     -0.6865506172180176      0.0927673876285553     0.4113425612449646     3.778841257095337
402     -0.6845770478248596      0.08348265290260315     0.3865740597248077     3.677681684494019
403     -0.6856551766395569      0.08837734162807465     0.3490740656852722     3.464037179946899
404     -0.6850237846374512      0.09394261986017227     0.3446758985519409     4.039854526519775
405     -0.6849948167800903      0.08736870437860489     0.3622685074806213     3.998187780380249
406     -0.6839931011199951      0.09195633977651596     0.3893518447875977     3.671180248260498
407     -0.6856498122215271      0.09264399856328964     0.3995370268821716     4.1495041847229
408     -0.6858068108558655      0.09477108716964722     0.3499999940395355     3.206072568893433
409     -0.6866834163665771      0.09307905286550522     0.353935182094574     3.681097984313965
410     -0.6849322915077209      0.08677598834037781     0.3819444179534912     2.58728289604187
411     -0.6849111318588257      0.08905496448278427     0.3754629194736481     3.538089513778687
412     -0.6862242221832275      0.09151328355073929     0.3689814805984497     3.195717334747314
413     -0.6848337650299072      0.08360198885202408     0.3810185194015503     3.275820970535278
414     -0.6849755644798279      0.0930207222700119     0.3944444060325623     3.13647985458374
415     -0.6864867210388184      0.09300587326288223     0.3483796119689941     3.36024284362793
416     -0.6855119466781616      0.08759837597608566     0.3833333253860474     4.332273483276367
417     -0.6849654912948608      0.08881594985723495     0.3694444298744202     3.34608268737793
418     -0.6859861612319946      0.09228701889514923     0.3740740418434143     3.774844408035278
419     -0.6861721277236938      0.09506795555353165     0.4113425612449646     3.27151346206665
420     -0.6849984526634216      0.08178400993347168     0.3877314925193787     3.180886507034302
421     -0.6858348846435547      0.09076563268899918     0.3773148059844971     3.271650791168213
422     -0.6859560608863831      0.08923430740833282     0.3662036955356598     3.222630977630615
423     -0.6862815618515015      0.09274640679359436     0.3956018388271332     3.603971242904663
424     -0.6847781538963318      0.09563132375478745     0.4067129194736481     3.415411472320557
425     -0.6854897737503052      0.08758935332298279     0.4192129373550415     3.8228440284729
426     -0.6853974461555481      0.08004800975322723     0.3634259104728699     3.124980211257935
427     -0.6855413317680359      0.08953528851270676     0.4143518507480621     2.480085372924805
428     -0.6850476861000061      0.08777669072151184     0.3983795940876007     3.401620149612427
429     -0.6849511861801147      0.08265028893947601     0.3701388835906982     2.798748254776001
430     -0.6858064532279968      0.09018869698047638     0.3518518507480621     3.847543954849243
431     -0.6848419308662415      0.09392697364091873     0.3844907283782959     4.304061412811279
432     -0.6854472756385803      0.09056569635868073     0.3796296119689941     3.542765855789185
433     -0.6854230761528015      0.08628308027982712     0.3618055284023285     3.265426158905029
434     -0.6864361166954041      0.08840136975049973     0.3930555284023285     4.034844875335693
435     -0.6857361793518066      0.08942895382642746     0.3819444179534912     3.496354103088379
436     -0.6860600709915161      0.08709798008203506     0.3759258985519409     3.774323463439941
437     -0.6856827735900879      0.08969903737306595     0.3719907104969025     3.901016235351562
438     -0.6850309371948242      0.08125433325767517     0.4412036836147308     3.123124599456787
439     -0.6852748394012451      0.08618198335170746     0.3814814984798431     3.830183029174805
440     -0.6848668456077576      0.08719362318515778     0.3870370388031006     2.898064851760864
441     -0.6858657002449036      0.08800699561834335     0.4192129373550415     3.406994819641113
442     -0.6859862208366394      0.09320428222417831     0.4037036895751953     3.348983287811279
443     -0.6857484579086304      0.09324194490909576     0.3696759045124054     3.735137939453125
444     -0.6844460368156433      0.0897207036614418     0.3798610866069794     3.583116292953491
445     -0.6848835349082947      0.08871432393789291     0.3909721970558167     4.143898010253906
446     -0.6839048862457275      0.08986131101846695     0.3518518507480621     3.015935897827148
447     -0.6858574151992798      0.0879223644733429     0.397685170173645     3.242364645004272
448     -0.6859427690505981      0.08807700872421265     0.3717592358589172     3.88936972618103
449     -0.6855352520942688      0.09003461897373199     0.3717592358589172     3.237955808639526
450     -0.6853620409965515      0.08982500433921814     0.3581018447875977     2.844484090805054
451     -0.6849073767662048      0.08507036417722702     0.3898148238658905     3.849502563476562
452     -0.6860307455062866      0.09183471649885178     0.3199073970317841     3.654300451278687
453     -0.6856045126914978      0.08440433442592621     0.4430555403232574     3.00736403465271
454     -0.6860525012016296      0.09559736400842667     0.3962962627410889     3.089156627655029
455     -0.6853671669960022      0.08384795486927032     0.3361110985279083     4.032767295837402
456     -0.6845716238021851      0.08563502877950668     0.3831018507480621     4.01806640625
457     -0.6845999956130981      0.0847553089261055     0.3856481611728668     3.568127632141113
458     -0.6853065490722656      0.0909683033823967     0.3560185134410858     3.380844831466675
459     -0.685742974281311      0.0940370187163353     0.3986110985279083     3.56058669090271
460     -0.6857513785362244      0.0899200513958931     0.3319444358348846     2.959964513778687
461     -0.6859683990478516      0.09216263890266418     0.3532407283782959     3.323795557022095
462     -0.6864894032478333      0.0914606899023056     0.3789351880550385     3.83582878112793
463     -0.686033308506012      0.09526637941598892     0.3678240478038788     3.900502681732178
464     -0.6846709847450256      0.0804230123758316     0.3435185253620148     3.566691637039185
465     -0.685161292552948      0.08530797064304352     0.3608796000480652     4.080984115600586
466     -0.6851601600646973      0.08880805224180222     0.4085648059844971     3.406698226928711
467     -0.6852167844772339      0.08563701063394547     0.3608796000480652     3.141496419906616
468     -0.6851063370704651      0.08438268303871155     0.3912037014961243     2.819379329681396
469     -0.6853054165840149      0.08820562809705734     0.381712943315506     3.296390295028687
470     -0.6856694221496582      0.08314034342765808     0.3807870149612427     3.632515668869019
471     -0.6851073503494263      0.08405032008886337     0.3490740656852722     3.3587327003479
472     -0.6853334903717041      0.09347566962242126     0.42314812541008     3.614470958709717
473     -0.685780942440033      0.09281060844659805     0.3451388776302338     3.260022401809692
474     -0.6851675510406494      0.08987803012132645     0.3752314746379852     3.318981409072876
475     -0.6858846545219421      0.08965001255273819     0.4087962508201599     3.507758140563965
476     -0.6863325834274292      0.08897741883993149     0.3671295940876007     3.825513362884521
477     -0.6858446598052979      0.09375102818012238     0.3162036836147308     3.18359375
478     -0.6850003004074097      0.08472065627574921     0.4224537014961243     3.059015035629272
479     -0.6856943964958191      0.08305937051773071     0.3803240656852722     3.082747459411621
480     -0.6856341361999512      0.09294233471155167     0.3590277433395386     3.884588241577148
481     -0.6861765384674072      0.08622831106185913     0.4444444179534912     3.767683029174805
482     -0.6866095662117004      0.08352029323577881     0.3414351940155029     3.451424837112427
483     -0.6857132911682129      0.09346328675746918     0.3627314865589142     3.184479713439941
484     -0.6852473020553589      0.09824268519878387     0.3659722208976746     4.147073745727539
485     -0.6856081485748291      0.08158303797245026     0.3675925731658936     3.682485103607178
486     -0.6858099102973938      0.08938105404376984     0.3726851940155029     3.510496139526367
487     -0.6854901313781738      0.08541665971279144     0.3706018328666687     3.927994728088379
488     -0.6861143112182617      0.08379600197076797     0.3358796238899231     4.145704746246338
489     -0.6858442425727844      0.09078900516033173     0.3569444119930267     2.983311414718628
490     -0.6858782768249512      0.09229239076375961     0.4020833373069763     2.995359420776367
491     -0.6844874024391174      0.08626500517129898     0.350462943315506     3.598491430282593
492     -0.6856098771095276      0.08652729541063309     0.3969907164573669     3.795952558517456
493     -0.6851152181625366      0.09042665362358093     0.3608796000480652     3.964630126953125
494     -0.6861857771873474      0.08986032009124756     0.3374999761581421     3.234750986099243
495     -0.6845602989196777      0.08531935513019562     0.327777773141861     3.93157172203064
496     -0.6850966811180115      0.08572135120630264     0.3509258925914764     3.11227560043335
497     -0.6858540773391724      0.08780695497989655     0.319212943315506     4.06865930557251
498     -0.6855921745300293      0.09168338030576706     0.3740740418434143     3.944220066070557
499     -0.6845093369483948      0.08792005479335785     0.412962943315506     3.522887706756592
500     -0.6861063838005066      0.08934137225151062     0.4074074029922485     3.348943710327148
501     -0.6854187250137329      0.08746998012065887     0.3916666805744171     3.590415000915527
502     -0.684653103351593      0.08757805079221725     0.3754629194736481     3.999978303909302
503     -0.685289204120636      0.09279239922761917     0.3520833253860474     3.852553367614746
504     -0.6856774687767029      0.09210964292287827     0.3675925731658936     4.66574764251709
505     -0.6850409507751465      0.0883866548538208     0.3722222149372101     2.805645942687988
506     -0.6860083937644958      0.08887498080730438     0.3863425552845001     3.5547776222229
507     -0.6854450106620789      0.08621034771203995     0.3888888657093048     3.449819087982178
508     -0.6868383884429932      0.08785005658864975     0.3812499940395355     2.741084337234497
509     -0.6851435303688049      0.08609139174222946     0.3696759045124054     3.431495666503906
510     -0.6847741007804871      0.08682926744222641     0.4099536836147308     3.442874670028687
511     -0.6846702694892883      0.08846099674701691     0.3680555522441864     2.590241432189941
512     -0.6840643882751465      0.08692667633295059     0.40625     3.372153282165527
513     -0.6849902868270874      0.08593273907899857     0.3687500059604645     3.02962589263916
514     -0.6851537823677063      0.08370503783226013     0.4039351940155029     4.094207286834717
515     -0.6847783327102661      0.08917094767093658     0.3914351761341095     3.588306427001953
516     -0.6850770115852356      0.08320999890565872     0.3541666567325592     3.612738609313965
517     -0.6861071586608887      0.08962066471576691     0.3914351761341095     3.756589889526367
518     -0.6857193112373352      0.08594329655170441     0.3574073910713196     3.501743078231812
519     -0.6848053932189941      0.08761264383792877     0.4247685074806213     3.498737573623657
520     -0.6858952045440674      0.08504730463027954     0.3719907104969025     3.221627235412598
521     -0.6857304573059082      0.09171665459871292     0.3710648119449615     4.4366135597229
522     -0.6844850182533264      0.08989161998033524     0.3946759104728699     3.386555910110474
523     -0.6853493452072144      0.08813334256410599     0.3921296000480652     3.565328121185303
524     -0.6867920160293579      0.09795668721199036     0.425462931394577     3.03147029876709
525     -0.6847471594810486      0.08886998146772385     0.3847222030162811     3.713382482528687
526     -0.6857094764709473      0.08350832760334015     0.3398148119449615     3.695764303207397
527     -0.6856346726417542      0.08410333842039108     0.4333333373069763     3.800896883010864
528     -0.6852767467498779      0.0903080478310585     0.3620370328426361     3.034747362136841
529     -0.684908926486969      0.08794795721769333     0.3979166746139526     3.55452823638916
530     -0.6847832798957825      0.09439600259065628     0.3881944119930267     3.083561182022095
531     -0.6843782663345337      0.07918030023574829     0.3719907104969025     3.756376266479492
532     -0.6873274445533752      0.0964559018611908     0.4113425612449646     3.438899755477905
533     -0.6855983138084412      0.08652864396572113     0.3768518567085266     3.102083444595337
534     -0.6861710548400879      0.09994200617074966     0.355555534362793     3.18702244758606
535     -0.685879647731781      0.08209662139415741     0.3680555522441864     3.096627235412598
536     -0.6855587363243103      0.08868831396102905     0.418749988079071     4.451149940490723
537     -0.6840310096740723      0.08677397668361664     0.3689814805984497     3.366778612136841
538     -0.6859117150306702      0.09048331528902054     0.3900462687015533     4.204687595367432
539     -0.6850064992904663      0.0832943394780159     0.3706018328666687     3.784380197525024
540     -0.6857441663742065      0.08301565796136856     0.3673610985279083     2.933080196380615
541     -0.6855728626251221      0.08901263773441315     0.4043981432914734     3.134548425674438
542     -0.6856749057769775      0.08660663664340973     0.3513888716697693     3.907280683517456
543     -0.6854695677757263      0.08687826246023178     0.3659722208976746     3.363288402557373
544     -0.6852359175682068      0.08550168573856354     0.4050925672054291     3.22170877456665
545     -0.6856667399406433      0.08689599484205246     0.3509258925914764     4.32215690612793
546     -0.6858510971069336      0.09011461585760117     0.3907407224178314     3.695938110351562
547     -0.6855504512786865      0.09113935381174088     0.3782407343387604     3.144455194473267
548     -0.6851994395256042      0.08920563757419586     0.350462943315506     3.22336483001709
549     -0.6860374212265015      0.08970829099416733     0.3678240478038788     3.760944604873657
550     -0.6854187846183777      0.08626129478216171     0.3840277493000031     3.584414720535278
551     -0.6838862895965576      0.08590631932020187     0.3590277433395386     3.056423425674438
552     -0.6859875321388245      0.08357303589582443     0.3814814984798431     4.300088405609131
553     -0.6858978867530823      0.09440529346466064     0.3969907164573669     3.447652339935303
554     -0.6853356957435608      0.08529200404882431     0.381712943315506     3.604936838150024
555     -0.6860580444335938      0.09448833018541336     0.3824073970317841     3.319317817687988
556     -0.6857596635818481      0.09077297896146774     0.3344907164573669     3.252151966094971
557     -0.6864736080169678      0.08909303694963455     0.3780092298984528     3.833383798599243
558     -0.6846551299095154      0.0928552970290184     0.394212931394577     4.183890342712402
559     -0.6859571933746338      0.09082532674074173     0.3833333253860474     4.030674934387207
560     -0.6857874393463135      0.09181973338127136     0.3814814984798431     3.615635633468628
561     -0.6856680512428284      0.08857894688844681     0.3824073970317841     4.126645565032959
562     -0.684571385383606      0.08359229564666748     0.3687500059604645     3.664529085159302
563     -0.6862964630126953      0.08865128457546234     0.3699073791503906     3.18430233001709
564     -0.6855965852737427      0.08863966166973114     0.3393518328666687     4.240827560424805
565     -0.6850296854972839      0.08756598830223083     0.361342579126358     3.790935754776001
566     -0.6862069368362427      0.08859103173017502     0.4347222149372101     3.767932176589966
567     -0.6850766539573669      0.08952798694372177     0.3641203641891479     3.084092855453491
568     -0.6857070326805115      0.0888473317027092     0.4087962508201599     4.607978820800781
569     -0.685374915599823      0.08141366392374039     0.3611110746860504     4.045814990997314
570     -0.6856476068496704      0.08990228921175003     0.3888888657093048     3.010738611221313
571     -0.6854463815689087      0.09402427822351456     0.385185182094574     3.006604433059692
572     -0.6859783530235291      0.08277566730976105     0.3798610866069794     3.130107164382935
573     -0.6850176453590393      0.08781667798757553     0.3863425552845001     3.319498777389526
574     -0.6863231062889099      0.09026803821325302     0.4196759164333344     3.994418859481812
575     -0.6860725283622742      0.08575231581926346     0.3895833194255829     3.609154224395752
576     -0.6855183243751526      0.08473693579435349     0.350462943315506     3.303211688995361
577     -0.6853830814361572      0.08170462399721146     0.3740740418434143     4.601985454559326
578     -0.6870257258415222      0.08815929293632507     0.3800925612449646     3.827842712402344
579     -0.6841496825218201      0.08839333802461624     0.3601851761341095     3.64002799987793
580     -0.685388445854187      0.09157462418079376     0.3499999940395355     3.726920604705811
581     -0.6858798861503601      0.08073296397924423     0.3372685015201569     4.747030258178711
582     -0.6856355667114258      0.08839605748653412     0.4175925552845001     3.571918249130249
583     -0.6847032904624939      0.08801703155040741     0.3546296060085297     3.716442346572876
584     -0.6860151886940002      0.08994501084089279     0.3594907224178314     3.226847887039185
585     -0.6854655742645264      0.08461905270814896     0.3564814925193787     3.555293321609497
586     -0.6858274936676025      0.08355768024921417     0.4076388776302338     3.336150646209717
587     -0.6854847073554993      0.0895984023809433     0.4460647702217102     3.373650789260864
588     -0.6861603260040283      0.09171570837497711     0.4009259045124054     3.66898512840271
589     -0.685377836227417      0.08297568559646606     0.362962931394577     3.795050144195557
590     -0.6855624318122864      0.09085828810930252     0.4013888835906982     3.007110595703125
591     -0.6862889528274536      0.0830586701631546     0.3893518447875977     3.676998138427734
592     -0.6861267685890198      0.08574303239583969     0.3620370328426361     2.895243883132935
593     -0.6857733726501465      0.08142898231744766     0.3381944298744202     3.578938722610474
594     -0.6853752732276917      0.08842300623655319     0.3541666567325592     3.272197008132935
595     -0.6856389045715332      0.09047098457813263     0.3712962567806244     3.249341487884521
596     -0.6857967972755432      0.08558596670627594     0.3574073910713196     3.10645604133606
597     -0.6847179532051086      0.08452672511339188     0.3493055403232574     3.335949897766113
598     -0.6854557991027832      0.09176839143037796     0.3951388895511627     3.386960983276367
599     -0.6856400370597839      0.08941899985074997     0.4043981432914734     4.213761806488037
600     -0.685411274433136      0.08628798276185989     0.3965277373790741     5.734512329101562
601     -0.6860556602478027      0.08834604173898697     0.3777777552604675     4.101309299468994
602     -0.6850551962852478      0.08411236852407455     0.3833333253860474     3.220278024673462
603     -0.6862048506736755      0.09052031487226486     0.3499999940395355     2.91018533706665
604     -0.6853727102279663      0.0798908993601799     0.3842592239379883     2.879349231719971
605     -0.6852924823760986      0.08941102027893066     0.4219907224178314     3.60779070854187
606     -0.6857515573501587      0.09293006360530853     0.386805534362793     3.124254941940308
607     -0.6847783923149109      0.09063064306974411     0.366435170173645     3.31070613861084
608     -0.6850000619888306      0.0851999893784523     0.3902777433395386     3.459249973297119
609     -0.6853143572807312      0.08605428785085678     0.4124999940395355     3.727361679077148
610     -0.6855394840240479      0.08399335294961929     0.3668981492519379     2.832152366638184
611     -0.6852504014968872      0.08340265601873398     0.4136573970317841     3.773054122924805
612     -0.6854043006896973      0.08208930492401123     0.4011573791503906     4.384260654449463
613     -0.6853874325752258      0.08734531700611115     0.3696759045124054     3.981231689453125
614     -0.6852192282676697      0.08452940732240677     0.3689814805984497     4.09293794631958
615     -0.6861759424209595      0.09098265320062637     0.4217592477798462     3.463649988174438
616     -0.6865285634994507      0.09163936227560043     0.3546296060085297     2.958253622055054
617     -0.6858551502227783      0.08086732774972916     0.3923610746860504     3.291930675506592
618     -0.6859847903251648      0.09313571453094482     0.4152777493000031     3.838642835617065
619     -0.6847378611564636      0.08714534342288971     0.3451388776302338     3.602477550506592
620     -0.6855806708335876      0.09020665287971497     0.3905092477798462     2.798722982406616
621     -0.6854221820831299      0.0953146293759346     0.4046295881271362     3.999547958374023
622     -0.6851118206977844      0.09110931307077408     0.3768518567085266     4.029191493988037
623     -0.6860482692718506      0.08931899815797806     0.3643518388271332     2.85274863243103
624     -0.685366153717041      0.08814498037099838     0.3469907343387604     3.903609275817871
625     -0.686235249042511      0.09048271924257278     0.3347222208976746     3.571650743484497
626     -0.6859014630317688      0.09465467184782028     0.3680555522441864     4.090863704681396
627     -0.6852323412895203      0.08637665957212448     0.3756944239139557     2.977303743362427
628     -0.6857767105102539      0.08946998417377472     0.3608796000480652     3.032273530960083
629     -0.6853367686271667      0.08363699167966843     0.3516203761100769     3.825784921646118
630     -0.6854668259620667      0.09004035592079163     0.3905092477798462     4.089380741119385
631     -0.6854753494262695      0.08120429515838623     0.3902777433395386     3.417507410049438
632     -0.6844208240509033      0.08546368777751923     0.4331018328666687     3.103989362716675
633     -0.6845889687538147      0.08435735106468201     0.3666666746139526     4.685092926025391
634     -0.6860727667808533      0.08481668680906296     0.3314814567565918     3.885704040527344
635     -0.6851835250854492      0.08988838642835617     0.3703703582286835     3.808235645294189
636     -0.6844024062156677      0.08537872135639191     0.3793981671333313     3.477032661437988
637     -0.6856114268302917      0.09654233604669571     0.3495370149612427     3.83469295501709
638     -0.6857742667198181      0.08686834573745728     0.4405092298984528     3.985268115997314
639     -0.6852942109107971      0.09260105341672897     0.3645833432674408     3.436248302459717
640     -0.6855737566947937      0.08512303978204727     0.3592592477798462     4.171553134918213
641     -0.6858738660812378      0.08729861676692963     0.4055555462837219     4.251587390899658
642     -0.6863847374916077      0.09534601867198944     0.3511573970317841     4.15459680557251
643     -0.6859433054924011      0.08867001533508301     0.3974536955356598     3.060951709747314
644     -0.6854544281959534      0.08601739257574081     0.3687500059604645     3.508083581924438
645     -0.6855820417404175      0.09357669949531555     0.4046295881271362     3.382287740707397
646     -0.6863328218460083      0.08034801483154297     0.3962962627410889     3.047146081924438
647     -0.6853569149971008      0.0934993103146553     0.3738425672054291     5.297232627868652
648     -0.6852788925170898      0.09504864364862442     0.4303240478038788     4.303859233856201
649     -0.6858596205711365      0.08895199745893478     0.361342579126358     3.554940462112427
650     -0.6858254671096802      0.0873199999332428     0.3916666805744171     3.798705101013184
651     -0.6839684247970581      0.08378475904464722     0.3726851940155029     3.061058521270752
652     -0.6854065656661987      0.08623968809843063     0.418749988079071     4.077795505523682
653     -0.6867361664772034      0.09371796995401382     0.3930555284023285     3.069462537765503
654     -0.6860958933830261      0.08740698546171188     0.3990740478038788     4.534114360809326
655     -0.685088038444519      0.0932316929101944     0.3597221970558167     3.370652437210083
656     -0.6847859621047974      0.08518870174884796     0.3956018388271332     3.429922580718994
657     -0.6859961152076721      0.08724033832550049     0.4092592298984528     2.61751651763916
658     -0.6861826181411743      0.09771227091550827     0.4118055403232574     3.512601137161255
659     -0.6851759552955627      0.08978438377380371     0.3986110985279083     3.875762939453125
660     -0.6843824982643127      0.09023132175207138     0.3969907164573669     2.974695920944214
661     -0.6852896213531494      0.09128604084253311     0.3618055284023285     2.977915048599243
662     -0.6848024129867554      0.08906134963035583     0.3650462627410889     3.254539012908936
663     -0.686224102973938      0.08940834552049637     0.381712943315506     3.412145614624023
664     -0.6866815686225891      0.08289400488138199     0.371527761220932     3.268073558807373
665     -0.6852722764015198      0.08730496466159821     0.3699073791503906     3.266380786895752
666     -0.6849991679191589      0.08576066046953201     0.3912037014961243     3.342433214187622
667     -0.6853642463684082      0.0817023366689682     0.4303240478038788     3.754785060882568
668     -0.6847908496856689      0.08539567887783051     0.3659722208976746     2.830179452896118
669     -0.6849991679191589      0.08863228559494019     0.3643518388271332     4.075227737426758
670     -0.6852132678031921      0.08354993164539337     0.355555534362793     3.720641613006592
671     -0.6843866109848022      0.08748506754636765     0.3988425731658936     3.33060622215271
672     -0.6853386759757996      0.08331863582134247     0.3446758985519409     3.277676343917847
673     -0.6862898468971252      0.09449370205402374     0.3918981552124023     2.876692771911621
674     -0.6849691271781921      0.08581233769655228     0.3685185015201569     2.935724020004272
675     -0.6847872138023376      0.08646635711193085     0.3587962687015533     3.415447473526001
676     -0.6855685114860535      0.09015969932079315     0.3645833432674408     2.831640720367432
677     -0.6855897903442383      0.0962880477309227     0.3553240597248077     3.456647872924805
678     -0.6849410533905029      0.08811137825250626     0.3608796000480652     3.609997034072876
679     -0.6850648522377014      0.08866731822490692     0.4182870388031006     3.517191171646118
680     -0.6845114827156067      0.08055099099874496     0.4124999940395355     3.448263645172119
681     -0.6868023872375488      0.0957467257976532     0.3618055284023285     3.896212816238403
682     -0.6842526793479919      0.08571198582649231     0.3680555522441864     3.593843698501587
683     -0.6847124695777893      0.08983804285526276     0.4053240418434143     3.746730089187622
684     -0.6853011250495911      0.09134425967931747     0.3969907164573669     3.851508140563965
685     -0.686506986618042      0.08989866822957993     0.3622685074806213     3.065133094787598
686     -0.6851131916046143      0.08390893787145615     0.3391203582286835     3.514053344726562
687     -0.6856669783592224      0.08292169868946075     0.3611110746860504     3.809830665588379
688     -0.6857607364654541      0.08923865109682083     0.3597221970558167     4.67035961151123
689     -0.6838337182998657      0.08570156991481781     0.4060185253620148     3.276349067687988
690     -0.6852564811706543      0.08728071302175522     0.3493055403232574     3.2867112159729
691     -0.6849590539932251      0.08677235245704651     0.361342579126358     3.400658130645752
692     -0.6850456595420837      0.08484133332967758     0.4416666626930237     3.286176204681396
693     -0.685182511806488      0.08612296730279922     0.3659722208976746     4.163693428039551
694     -0.6850441694259644      0.0821533277630806     0.4159722030162811     3.300678014755249
695     -0.6862667798995972      0.09382704645395279     0.394212931394577     3.471921920776367
696     -0.6857743859291077      0.08579468727111816     0.3488425612449646     3.698137044906616
697     -0.6849671006202698      0.08838898688554764     0.3756944239139557     3.743207454681396
698     -0.6862013936042786      0.08743467926979065     0.3673610985279083     2.925654649734497
699     -0.6865637302398682      0.09244365245103836     0.4076388776302338     3.32073187828064
700     -0.6849287152290344      0.08435066044330597     0.3643518388271332     3.203936815261841
701     -0.6867613792419434      0.09112066775560379     0.3775462508201599     3.321773529052734
702     -0.6868833899497986      0.09073073416948318     0.381712943315506     4.133800029754639
703     -0.6860892176628113      0.08308260887861252     0.3303240537643433     3.251025438308716
704     -0.6859725713729858      0.08666833490133286     0.3694444298744202     3.084848642349243
705     -0.6861915588378906      0.09257463365793228     0.364814817905426     3.753631114959717
706     -0.6858087778091431      0.08619499951601028     0.3601851761341095     3.34465765953064
707     -0.6844075322151184      0.08902603387832642     0.3356481194496155     2.975701570510864
708     -0.6846126317977905      0.0841333344578743     0.335185170173645     3.023220300674438
709     -0.684812068939209      0.08988191932439804     0.4233796000480652     3.549489974975586
710     -0.6862001419067383      0.09011565893888474     0.4108796119689941     4.058524608612061
711     -0.6853314638137817      0.08933068066835403     0.3981481492519379     3.793416976928711
712     -0.684754490852356      0.08613869547843933     0.3881944119930267     3.2593674659729
713     -0.6854905486106873      0.08766669034957886     0.3363425731658936     3.623531341552734
714     -0.6854583621025085      0.08475834876298904     0.3391203582286835     3.606079816818237
715     -0.685309886932373      0.08748268336057663     0.3548610806465149     3.490436792373657
716     -0.6860302090644836      0.08708266913890839     0.3576388657093048     3.373032331466675
717     -0.6862548589706421      0.08573397994041443     0.3784722089767456     3.740067720413208
718     -0.686087429523468      0.08995295315980911     0.3833333253860474     3.877791881561279
719     -0.687005877494812      0.08705698698759079     0.364814817905426     3.143424510955811
720     -0.6853488683700562      0.09168130159378052     0.3671295940876007     3.547977924346924
721     -0.6852983236312866      0.08462332189083099     0.3726851940155029     3.762762069702148
722     -0.6855089664459229      0.08763769268989563     0.3928240537643433     4.356734275817871
723     -0.6862471699714661      0.08950601518154144     0.3780092298984528     3.280562877655029
724     -0.6855651140213013      0.08988401293754578     0.3773148059844971     4.105692863464355
725     -0.6857168078422546      0.08779438585042953     0.4094907343387604     3.34037184715271
726     -0.6850447058677673      0.08414768427610397     0.3305555284023285     3.797093868255615
727     -0.6863788962364197      0.08726067095994949     0.3918981552124023     3.798520565032959
728     -0.6862343549728394      0.09414700418710709     0.3953703641891479     3.198289155960083
729     -0.6850301623344421      0.09093129634857178     0.3787036836147308     2.918351888656616
730     -0.685449481010437      0.0854526162147522     0.4099536836147308     3.692451477050781
731     -0.6850848197937012      0.08458400517702103     0.3275462985038757     3.374927520751953
732     -0.6859509944915771      0.09199168533086777     0.3789351880550385     3.249674558639526
733     -0.685276210308075      0.08009902387857437     0.355555534362793     4.097039222717285
734     -0.6847314238548279      0.08310864120721817     0.353935182094574     2.888749599456787
735     -0.6854004859924316      0.08913841098546982     0.3620370328426361     3.170551061630249
736     -0.6852549910545349      0.09115801006555557     0.350462943315506     2.895500421524048
737     -0.6846921443939209      0.08686664700508118     0.3775462508201599     3.135384082794189
738     -0.685773491859436      0.08112034946680069     0.3668981492519379     2.767874717712402
739     -0.6855221390724182      0.07645499706268311     0.3537037074565887     3.914483785629272
740     -0.6862245202064514      0.08098329603672028     0.3641203641891479     4.186140060424805
741     -0.6862534880638123      0.08273126929998398     0.3738425672054291     3.439594030380249
742     -0.6857982873916626      0.08355130255222321     0.3756944239139557     3.756396532058716
743     -0.6853141188621521      0.09124165773391724     0.3481481671333313     3.21948766708374
744     -0.6851561069488525      0.08382534235715866     0.3689814805984497     3.750421285629272
745     -0.6851549744606018      0.087811678647995     0.3782407343387604     2.918782472610474
746     -0.6853622198104858      0.08777961134910583     0.3923610746860504     3.202871799468994
747     -0.6858001351356506      0.09016630798578262     0.3708333373069763     3.444531202316284
748     -0.6857973337173462      0.08438505232334137     0.3708333373069763     3.986642599105835
749     -0.6853779554367065      0.08731232583522797     0.3553240597248077     3.79028844833374
750     -0.6856014728546143      0.09081634879112244     0.3412036895751953     3.336899518966675
751     -0.6845458745956421      0.07889902591705322     0.4083333313465118     3.876281976699829
752     -0.6861590147018433      0.09033595025539398     0.352314829826355     3.894567489624023
753     -0.6843965649604797      0.0916086807847023     0.3701388835906982     3.666717052459717
754     -0.6853603720664978      0.08721467852592468     0.4152777493000031     3.975451707839966
755     -0.685356616973877      0.08962831646203995     0.3791666626930237     3.075278282165527
756     -0.6854649186134338      0.09017731994390488     0.3620370328426361     3.105931758880615
757     -0.6860872507095337      0.09715331345796585     0.4009259045124054     3.261631727218628
758     -0.685411274433136      0.08581939339637756     0.3895833194255829     3.861765623092651
759     -0.6857881546020508      0.08789601922035217     0.4020833373069763     3.302669286727905
760     -0.6856598854064941      0.08640294522047043     0.3442129194736481     4.491536140441895
761     -0.684889018535614      0.07926966995000839     0.355555534362793     4.038859844207764
762     -0.6848278641700745      0.09024699032306671     0.3761574029922485     3.62940526008606
763     -0.6843912601470947      0.08353764563798904     0.3884259164333344     3.463243246078491
764     -0.6847536563873291      0.08671595901250839     0.3627314865589142     3.922920227050781
765     -0.6860434412956238      0.08687204867601395     0.3791666626930237     3.739449262619019
766     -0.6844558715820312      0.08524124324321747     0.3863425552845001     3.528316497802734
767     -0.6856755614280701      0.08879223465919495     0.3858796060085297     3.577708959579468
768     -0.6853381991386414      0.08450763672590256     0.4175925552845001     3.894084215164185
769     -0.6845430731773376      0.08535105735063553     0.4016203582286835     2.856231689453125
770     -0.6854048371315002      0.09117969870567322     0.4099536836147308     2.812579393386841
771     -0.6856542229652405      0.08756806701421738     0.3606481552124023     3.187123775482178
772     -0.6845420002937317      0.08673599362373352     0.3178240656852722     3.190335512161255
773     -0.6854312419891357      0.09552600234746933     0.3585648238658905     3.574471712112427
774     -0.6852526664733887      0.09685201942920685     0.322685182094574     3.350473642349243
775     -0.6860665082931519      0.08708096295595169     0.3759258985519409     3.047547578811646
776     -0.6857810616493225      0.08520961552858353     0.3745370209217072     3.484604597091675
777     -0.6864323616027832      0.09198768436908722     0.407870352268219     3.686581134796143
778     -0.6861880421638489      0.09129703789949417     0.3354166448116302     2.580700159072876
779     -0.6862563490867615      0.0957929790019989     0.4245370328426361     3.381191968917847
780     -0.6849972605705261      0.08508700132369995     0.3601851761341095     3.343952417373657
781     -0.6865186095237732      0.08066101372241974     0.3687500059604645     3.918713569641113
782     -0.6861765384674072      0.09326405078172684     0.4011573791503906     3.096321582794189
783     -0.6856175661087036      0.08971895277500153     0.3368055522441864     3.272315979003906
784     -0.6855223178863525      0.08571398258209229     0.4111110866069794     3.730790376663208
785     -0.6850777268409729      0.08155733346939087     0.3483796119689941     3.222495079040527
786     -0.6848288774490356      0.08455964177846909     0.3574073910713196     4.302906036376953
787     -0.6849533915519714      0.08693430572748184     0.3425925672054291     4.013382434844971
788     -0.6860241889953613      0.08467302471399307     0.3703703582286835     3.66081976890564
789     -0.6853356957435608      0.08916401118040085     0.376620352268219     3.165393590927124
790     -0.6863670349121094      0.08756230771541595     0.3856481611728668     3.165548801422119
791     -0.6855831146240234      0.0905279740691185     0.3409722149372101     3.416369676589966
792     -0.6854631900787354      0.09212568402290344     0.4194444119930267     3.450538635253906
793     -0.6854591369628906      0.07884396612644196     0.3898148238658905     3.89188551902771
794     -0.6854422092437744      0.09229035675525665     0.3527777493000031     3.469339609146118
795     -0.6865923404693604      0.08571202307939529     0.3953703641891479     3.587937593460083
796     -0.6855666637420654      0.09263664484024048     0.4497685134410858     3.657472372055054
797     -0.6857424378395081      0.09001071006059647     0.3812499940395355     3.161617517471313
798     -0.6844211220741272      0.08729133009910583     0.3782407343387604     3.432186603546143
799     -0.6858718395233154      0.09431689232587814     0.3689814805984497     4.301504611968994
800     -0.6860340237617493      0.08748535811901093     0.3499999940395355     4.069288730621338
801     -0.6851097941398621      0.08182035386562347     0.3430555462837219     3.741149425506592
802     -0.6850340366363525      0.09063135087490082     0.3907407224178314     3.206861019134521
803     -0.6847893595695496      0.08590567857027054     0.3537037074565887     3.330974817276001
804     -0.6869558095932007      0.08850899338722229     0.3643518388271332     4.701291084289551
805     -0.6860149502754211      0.09321298450231552     0.3847222030162811     2.735297203063965
806     -0.6847859025001526      0.08317333459854126     0.396064817905426     3.591091394424438
807     -0.686227560043335      0.09078562259674072     0.4011573791503906     3.586751222610474
808     -0.6860224008560181      0.08420734107494354     0.3587962687015533     3.511293649673462
809     -0.6857290267944336      0.09094433486461639     0.3726851940155029     3.292628526687622
810     -0.6853024959564209      0.08728896826505661     0.3530092239379883     3.031257152557373
811     -0.6865572333335876      0.09076034277677536     0.3988425731658936     2.886613607406616
812     -0.6859393715858459      0.09064300358295441     0.4069444239139557     3.870771884918213
813     -0.6854970455169678      0.09280294924974442     0.3956018388271332     3.675867795944214
814     -0.6855012178421021      0.0848037451505661     0.3888888657093048     3.556094408035278
815     -0.6864648461341858      0.08778233081102371     0.3340277671813965     3.855450630187988
816     -0.6853803992271423      0.08806930482387543     0.3777777552604675     5.041698932647705
817     -0.6846126317977905      0.08196400851011276     0.3576388657093048     3.539087533950806
818     -0.6845108866691589      0.08841338753700256     0.3680555522441864     4.614094734191895
819     -0.686038076877594      0.09180667996406555     0.362500011920929     3.769310474395752
820     -0.686265230178833      0.08911836892366409     0.3675925731658936     3.407042026519775
821     -0.6852806210517883      0.08574070036411285     0.3458333313465118     3.635347604751587
822     -0.6848821640014648      0.0845087468624115     0.3972222208976746     3.262009859085083
823     -0.6851418614387512      0.08577299118041992     0.4083333313465118     3.360091209411621
824     -0.6853339672088623      0.08668439090251923     0.3423610925674438     3.351580381393433
825     -0.6854383945465088      0.08311035484075546     0.3893518447875977     3.459378480911255
826     -0.6853722929954529      0.08670897781848907     0.3877314925193787     3.449171543121338
827     -0.684812068939209      0.09124503284692764     0.3708333373069763     3.367426156997681
828     -0.685000479221344      0.08779133856296539     0.3502314984798431     4.078157424926758
829     -0.6852151155471802      0.0861256942152977     0.3252314627170563     3.908995151519775
830     -0.6853698492050171      0.08887791633605957     0.3310185074806213     3.22706151008606
831     -0.6858224272727966      0.09423396736383438     0.3861110806465149     3.515588521957397
832     -0.6857041120529175      0.08891262859106064     0.381712943315506     3.591286897659302
833     -0.6851114630699158      0.08527965098619461     0.3379629552364349     3.022412061691284
834     -0.6853341460227966      0.09156991541385651     0.3921296000480652     3.542252540588379
835     -0.6853746771812439      0.08986502140760422     0.3770833313465118     3.576652765274048
836     -0.6843473315238953      0.08348068594932556     0.3754629194736481     4.764647960662842
837     -0.6851838231086731      0.08882608264684677     0.3534722030162811     3.334964513778687
838     -0.6856582164764404      0.09312495589256287     0.4199073910713196     4.127101421356201
839     -0.6846534609794617      0.08649731427431107     0.3768518567085266     2.96473503112793
840     -0.6857150793075562      0.08412431180477142     0.3606481552124023     3.029394626617432
841     -0.6857389211654663      0.08151967823505402     0.3553240597248077     2.980615139007568
842     -0.6842132806777954      0.08976428955793381     0.3462962508201599     4.018283367156982
843     -0.6854177117347717      0.08881866186857224     0.3541666567325592     3.456419944763184
844     -0.6854009032249451      0.08406400680541992     0.3740740418434143     4.251638412475586
845     -0.6855696439743042      0.09312205016613007     0.3388888835906982     3.866265058517456
846     -0.6854006052017212      0.09167205542325974     0.3634259104728699     3.065581321716309
847     -0.6852819919586182      0.09076297283172607     0.3733795881271362     2.774178743362427
848     -0.6855330467224121      0.08782663941383362     0.3439814746379852     3.285098314285278
849     -0.6854951977729797      0.08839132636785507     0.3831018507480621     3.216264963150024
850     -0.6854720711708069      0.08940837532281876     0.3722222149372101     3.383745431900024
851     -0.6848874688148499      0.0798187330365181     0.3831018507480621     3.806302309036255
852     -0.6852326393127441      0.08729598671197891     0.3520833253860474     3.365816354751587
853     -0.6872225999832153      0.08764433115720749     0.381712943315506     2.774526119232178
854     -0.6854965686798096      0.09022492170333862     0.322685182094574     3.460532188415527
855     -0.6858016848564148      0.08740167319774628     0.3793981671333313     3.954669237136841
856     -0.6852288246154785      0.08259131014347076     0.3657407164573669     3.738597631454468
857     -0.6859558820724487      0.08678772300481796     0.4032407104969025     3.600708723068237
858     -0.6870542764663696      0.09088464081287384     0.3763888776302338     3.42094898223877
859     -0.6848390102386475      0.0900166854262352     0.385185182094574     3.522485971450806
860     -0.6860103607177734      0.09333297610282898     0.3560185134410858     3.853956699371338
861     -0.6861532926559448      0.08886699378490448     0.423842579126358     3.14816951751709
862     -0.6852869391441345      0.08570802956819534     0.3784722089767456     3.986360788345337
863     -0.6855580806732178      0.08595230430364609     0.3898148238658905     3.307722091674805
864     -0.6869472861289978      0.0863649919629097     0.3810185194015503     3.922518491744995
865     -0.6858255863189697      0.08897335827350616     0.3361110985279083     3.182967662811279
866     -0.6852235794067383      0.08855371922254562     0.4189814329147339     3.187908411026001
867     -0.6871259212493896      0.09960725158452988     0.375     2.973209619522095
868     -0.6845947504043579      0.0848286896944046     0.3775462508201599     3.494616270065308
869     -0.6854808926582336      0.08819835633039474     0.4074074029922485     3.083203077316284
870     -0.6855511665344238      0.0815269947052002     0.3618055284023285     3.643122434616089
871     -0.6848726272583008      0.08945336937904358     0.3162036836147308     3.21976637840271
872     -0.6866216659545898      0.08681201189756393     0.3844907283782959     3.701569557189941
873     -0.6853117942810059      0.08965364843606949     0.3803240656852722     2.961067676544189
874     -0.6854773759841919      0.08498337119817734     0.327777773141861     3.762438535690308
875     -0.6846034526824951      0.08970499783754349     0.393750011920929     4.395735263824463
876     -0.6863488554954529      0.09661401063203812     0.3643518388271332     4.595001220703125
877     -0.6845232844352722      0.08582700788974762     0.3912037014961243     2.769299745559692
878     -0.6849964261054993      0.08587407320737839     0.3574073910713196     3.783061742782593
879     -0.6858577728271484      0.08630836755037308     0.4060185253620148     3.649677991867065
880     -0.6837955713272095      0.08323606103658676     0.375     4.062832832336426
881     -0.6862240433692932      0.08377338945865631     0.3386573791503906     3.331034421920776
882     -0.6850544214248657      0.08378434926271439     0.3358796238899231     2.74243688583374
883     -0.6850919723510742      0.08427903056144714     0.3618055284023285     3.790008068084717
884     -0.6857105493545532      0.08666902780532837     0.4259259104728699     3.805877208709717
885     -0.6853134632110596      0.08470506966114044     0.4048610925674438     4.123612403869629
886     -0.6858420372009277      0.08826772123575211     0.3597221970558167     4.275347232818604
887     -0.6850563883781433      0.08907934278249741     0.3578703701496124     2.750321865081787
888     -0.684821605682373      0.08666561543941498     0.3546296060085297     3.383922815322876
889     -0.6846567988395691      0.08611233532428741     0.3967592418193817     3.316283226013184
890     -0.6857413649559021      0.09430329501628876     0.3620370328426361     3.650650978088379
891     -0.6852837204933167      0.0807243213057518     0.3872685134410858     3.756206274032593
892     -0.6851833462715149      0.08389105647802353     0.40625     3.77889347076416
893     -0.6854239702224731      0.09180998802185059     0.3701388835906982     4.087767601013184
894     -0.6864240765571594      0.08253630995750427     0.3578703701496124     3.976452112197876
895     -0.6857274770736694      0.08740267902612686     0.3476851880550385     3.532768964767456
896     -0.6842281818389893      0.08534335345029831     0.3530092239379883     3.167726278305054
897     -0.6863242983818054      0.08751872926950455     0.3819444179534912     3.46310019493103
898     -0.6854795813560486      0.08790792524814606     0.3981481492519379     3.1587815284729
899     -0.684257984161377      0.0839986652135849     0.4358795881271362     3.489112854003906
900     -0.6871537566184998      0.09739735722541809     0.3662036955356598     4.511595726013184
901     -0.6846667528152466      0.08695770055055618     0.3502314984798431     3.966641187667847
902     -0.6852675080299377      0.08656933903694153     0.376620352268219     3.632356882095337
903     -0.6862202882766724      0.08358166366815567     0.3891203701496124     2.546015977859497
904     -0.6855642795562744      0.09125029295682907     0.3703703582286835     3.557722091674805
905     -0.6854997277259827      0.09154567122459412     0.4212962687015533     3.50606894493103
906     -0.6856560707092285      0.0896906852722168     0.3886573910713196     3.719336032867432
907     -0.6859019994735718      0.08982071280479431     0.3398148119449615     4.654767036437988
908     -0.6840494275093079      0.08522532880306244     0.3634259104728699     3.935349702835083
909     -0.6845620274543762      0.08776699006557465     0.3731481432914734     3.557881116867065
910     -0.6849710941314697      0.08369031548500061     0.4349536895751953     3.557161569595337
911     -0.6849757432937622      0.08514834940433502     0.3932870328426361     4.154660224914551
912     -0.6854462027549744      0.08042362332344055     0.3939814865589142     4.620163917541504
913     -0.6854521632194519      0.08987768739461899     0.3895833194255829     3.238946676254272
914     -0.6855729818344116      0.08900236338376999     0.3775462508201599     3.534403562545776
915     -0.6848492026329041      0.09754433482885361     0.3863425552845001     4.42806339263916
916     -0.6842705607414246      0.09056799113750458     0.3986110985279083     3.511414766311646
917     -0.6852883100509644      0.08224095404148102     0.3365740478038788     3.286297082901001
918     -0.6866326332092285      0.09001535177230835     0.3726851940155029     3.909193992614746
919     -0.6848436594009399      0.08121231198310852     0.3752314746379852     2.705609798431396
920     -0.6848130822181702      0.08261764794588089     0.3958333432674408     2.771679639816284
921     -0.686119556427002      0.09263162314891815     0.4189814329147339     3.170196533203125
922     -0.6857979297637939      0.09170868992805481     0.3819444179534912     4.484620571136475
923     -0.6863623261451721      0.08336234837770462     0.4004629254341125     4.492062568664551
924     -0.6852045655250549      0.0821409672498703     0.383564829826355     2.978853940963745
925     -0.6857749819755554      0.09374304860830307     0.3840277493000031     3.569780588150024
926     -0.6869107484817505      0.08924063295125961     0.4150462746620178     3.599218845367432
927     -0.6852485537528992      0.08753930777311325     0.3266203701496124     4.137699127197266
928     -0.6857825517654419      0.07803863286972046     0.4071758985519409     2.793603420257568
929     -0.6850579380989075      0.08283369243144989     0.3634259104728699     3.747258186340332
930     -0.6865062713623047      0.0872209295630455     0.356249988079071     3.394361019134521
931     -0.6861723661422729      0.09198735654354095     0.3393518328666687     2.952958583831787
932     -0.6851322650909424      0.08527833223342896     0.3608796000480652     3.495657920837402
933     -0.684920072555542      0.0906306654214859     0.3557870388031006     3.527737855911255
934     -0.6857145428657532      0.09100233018398285     0.3726851940155029     3.434891939163208
935     -0.6855796575546265      0.09264802932739258     0.3759258985519409     3.476406812667847
936     -0.6845242381095886      0.08713863790035248     0.3768518567085266     3.647696018218994
937     -0.6853909492492676      0.08646164834499359     0.3733795881271362     4.143706321716309
938     -0.6848669648170471      0.09287172555923462     0.4034722149372101     4.720511436462402
939     -0.6859856843948364      0.08286432921886444     0.3791666626930237     3.218719005584717
940     -0.6857424974441528      0.09401869773864746     0.4085648059844971     3.920493125915527
941     -0.6857191324234009      0.08861730247735977     0.3731481432914734     3.206901073455811
942     -0.6844614148139954      0.08417899906635284     0.3518518507480621     3.340874433517456
943     -0.6859222650527954      0.08686762303113937     0.350462943315506     3.006821393966675
944     -0.6860714554786682      0.08934756368398666     0.353935182094574     3.611150741577148
945     -0.6861067414283752      0.08553895354270935     0.3761574029922485     3.555273532867432
946     -0.6851447820663452      0.08920798450708389     0.3891203701496124     4.004878997802734
947     -0.684922993183136      0.08906735479831696     0.4053240418434143     3.734273433685303
948     -0.6849554181098938      0.09054528921842575     0.3997685015201569     4.156242370605469
949     -0.6858325004577637      0.08125931024551392     0.3701388835906982     3.496887445449829
950     -0.6854475140571594      0.08707938343286514     0.3768518567085266     3.93772029876709
951     -0.6846097111701965      0.08477799594402313     0.3965277373790741     3.400678157806396
952     -0.6849161982536316      0.08661402016878128     0.3988425731658936     3.393901586532593
953     -0.6853418946266174      0.08438835293054581     0.3979166746139526     3.177034616470337
954     -0.6860915422439575      0.0864100456237793     0.3898148238658905     3.325951099395752
955     -0.6851692795753479      0.0920816957950592     0.4143518507480621     3.992462158203125
956     -0.6858853101730347      0.08586870133876801     0.3449074029922485     4.018493175506592
957     -0.6855600476264954      0.09589634090662003     0.3652777373790741     3.790574312210083
958     -0.6846480965614319      0.0884113684296608     0.4046295881271362     3.711024045944214
959     -0.6856949329376221      0.09056096524000168     0.4203703701496124     3.163483619689941
960     -0.6863237023353577      0.08977240324020386     0.4189814329147339     3.186487197875977
961     -0.6859710812568665      0.08673899620771408     0.3780092298984528     3.078819274902344
962     -0.6854344010353088      0.08767237514257431     0.3439814746379852     3.352546215057373
963     -0.684679388999939      0.08141791820526123     0.3893518447875977     3.974528074264526
964     -0.6859316229820251      0.091995008289814     0.3638888895511627     2.813581466674805
965     -0.6873095035552979      0.08759041130542755     0.3763888776302338     2.85141396522522
966     -0.684773862361908      0.08278606086969376     0.3745370209217072     3.73120641708374
967     -0.6858404278755188      0.08458232879638672     0.3824073970317841     3.216078758239746
968     -0.6852917671203613      0.08788135647773743     0.3888888657093048     3.50680685043335
969     -0.6847075223922729      0.08303834497928619     0.3935185074806213     4.536774635314941
970     -0.6855030655860901      0.0910596176981926     0.3622685074806213     4.029774188995361
971     -0.6846984624862671      0.08219730854034424     0.3773148059844971     4.284409046173096
972     -0.6849537491798401      0.0858306884765625     0.4050925672054291     3.653747081756592
973     -0.6851933002471924      0.08670136332511902     0.3884259164333344     3.609866857528687
974     -0.6859866380691528      0.08628900349140167     0.4106481671333313     3.826916694641113
975     -0.6852094531059265      0.08808230608701706     0.3583333194255829     3.16477108001709
976     -0.6847647428512573      0.08816803246736526     0.3752314746379852     3.984881162643433
977     -0.6865913271903992      0.08985769748687744     0.4030092358589172     3.919259786605835
978     -0.6854970455169678      0.08453764021396637     0.3377314507961273     3.545245409011841
979     -0.6851300597190857      0.08261065185070038     0.3840277493000031     4.193731784820557
980     -0.6855306625366211      0.08651202172040939     0.3622685074806213     3.494531154632568
981     -0.685126781463623      0.08981874585151672     0.3726851940155029     3.638689756393433
982     -0.6850886344909668      0.07589901983737946     0.3828703761100769     3.302452087402344
983     -0.6854484677314758      0.0869276151061058     0.4203703701496124     3.14487099647522
984     -0.6845334768295288      0.08962167054414749     0.4048610925674438     2.711407661437988
985     -0.6856081485748291      0.09195829182863235     0.387499988079071     3.444317817687988
986     -0.6862901449203491      0.08696136623620987     0.3745370209217072     3.959009408950806
987     -0.6843951940536499      0.08595459908246994     0.3782407343387604     3.918127536773682
988     -0.6862673163414001      0.09607896208763123     0.4277777373790741     3.705866575241089
989     -0.6856912970542908      0.08791396766901016     0.3687500059604645     3.19058895111084
990     -0.6848795413970947      0.08679299801588058     0.3689814805984497     2.792288780212402
991     -0.6856814026832581      0.08920466154813766     0.3805555403232574     3.950090169906616
992     -0.6849471926689148      0.0912330225110054     0.364814817905426     3.966409921646118
993     -0.686231255531311      0.08605598658323288     0.3833333253860474     3.809982538223267
994     -0.686110258102417      0.08639570325613022     0.3900462687015533     3.70801854133606
995     -0.6851156949996948      0.09446991980075836     0.3567129373550415     3.5948166847229
996     -0.6856977343559265      0.08769727498292923     0.3655092418193817     3.427325487136841
997     -0.6862967014312744      0.09070466458797455     0.3754629194736481     3.383962631225586
998     -0.6851803660392761      0.08520834892988205     0.416435182094574     4.046299934387207
999     -0.6849846839904785      0.09133967012166977     0.3909721970558167     3.788693428039551
1000     -0.6855505108833313      0.09014564007520676     0.376620352268219     3.830974817276001
