# Simulazione modello di Ising 1D
# Mossa 	 Energia 	 Magnetizzazione 	 Calore specifico 	 Suscettività
1 -0.7254131436347961 0.1171773374080658 0.4090909063816071 6.71332
2 -0.7279751896858215 0.1160647347569466 0.4038567245006561 5.6931
3 -0.7236740589141846 0.09945666790008545 0.3986225724220276 5.41202
4 -0.7263727188110352 0.1249961331486702 0.4150137603282928 5.91808
5 -0.7249189615249634 0.1092013418674469 0.4008264243602753 5.59947
6 -0.7267350554466248 0.1127226278185844 0.4213498532772064 5.04046
7 -0.7266905307769775 0.1279813498258591 0.4055095911026001 3.93345
8 -0.7254945635795593 0.1180819571018219 0.4203856587409973 5.49609
9 -0.7249644994735718 0.1123539507389069 0.3683195412158966 3.75977
10 -0.7238607406616211 0.1028914079070091 0.4097795784473419 5.59168
11 -0.7251673340797424 0.1223613619804382 0.4454545080661774 5.48403
12 -0.7255723476409912 0.1183933839201927 0.4483470916748047 5.77905
13 -0.7266778349876404 0.1218239963054657 0.375344306230545 3.97571
14 -0.7242765426635742 0.109276682138443 0.3535812497138977 5.08697
15 -0.7246389985084534 0.101542055606842 0.3431129157543182 4.02925
16 -0.7247989773750305 0.1059486120939255 0.4033057391643524 5.8503
17 -0.7241963744163513 0.1125714406371117 0.4037190079689026 4.94097
18 -0.7262526750564575 0.123335987329483 0.3365013599395752 5.89081
19 -0.7231977581977844 0.105637289583683 0.4056473672389984 6.01917
20 -0.7255485653877258 0.1140573918819427 0.4177685678005219 5.26585
21 -0.7229834794998169 0.1039226874709129 0.4143250286579132 5.87426
22 -0.725882351398468 0.109308697283268 0.4318181574344635 4.69356
23 -0.7225005030632019 0.104730099439621 0.3590908944606781 7.27225
24 -0.7247176766395569 0.1116660460829735 0.4473828971385956 6.10713
25 -0.7244229912757874 0.1101053133606911 0.3964186906814575 6.95023
26 -0.7256688475608826 0.1017906367778778 0.3663911521434784 6.35821
27 -0.7246939539909363 0.1179913952946663 0.3847107291221619 6.01973
28 -0.7250178456306458 0.1160619780421257 0.4571625292301178 5.36715
29 -0.7243806719779968 0.1109700128436089 0.4421487152576447 4.6722
30 -0.7253145575523376 0.121098704636097 0.41749307513237 5.73935
31 -0.7253422737121582 0.1178666055202484 0.400137722492218 4.09366
32 -0.7243650555610657 0.1114187017083168 0.3884297311306 4.61537
33 -0.725043773651123 0.1162639334797859 0.4205234050750732 5.66299
34 -0.7247949838638306 0.1020234078168869 0.3958677649497986 4.58823
35 -0.72323077917099 0.0967906266450882 0.3165289163589478 5.41637
36 -0.7250392436981201 0.1101726964116096 0.4035812616348267 5.41321
37 -0.7236607074737549 0.1071819886565208 0.4491735398769379 4.89406
38 -0.7247949838638306 0.1176813021302223 0.4063360691070557 4.96072
39 -0.7243562936782837 0.1076234355568886 0.415840208530426 7.40105
40 -0.7256563901901245 0.1083760261535645 0.385674923658371 4.83742
41 -0.7252870798110962 0.1102773770689964 0.3764462471008301 5.4782
42 -0.7247238159179688 0.111108735203743 0.3590908944606781 5.22034
43 -0.7238712310791016 0.1113253906369209 0.3984848260879517 4.99079
44 -0.7244451642036438 0.1039312854409218 0.4099173247814178 5.69959
45 -0.724255383014679 0.125157356262207 0.3973828852176666 5.01936
46 -0.7256015539169312 0.1151973456144333 0.4048209190368652 4.06563
47 -0.7236751317977905 0.1103580147027969 0.4060605764389038 5.3879
48 -0.7247844934463501 0.101882629096508 0.3855371475219727 6.90142
49 -0.727094829082489 0.1178506687283516 0.4095041155815125 5.3504
50 -0.7256883382797241 0.113093413412571 0.3993112742900848 5.10076
51 -0.7245930433273315 0.1164486184716225 0.3987602889537811 5.91792
52 -0.724821150302887 0.1176627576351166 0.375482052564621 4.56799
53 -0.7239803671836853 0.1054920256137848 0.386776864528656 6.25258
54 -0.72499680519104 0.1075533628463745 0.3972451686859131 4.28965
55 -0.7267071008682251 0.108746662735939 0.3903581202030182 6.56617
56 -0.7254307270050049 0.1118613556027412 0.3446280956268311 4.71406
57 -0.7251424193382263 0.1039386764168739 0.3768594861030579 5.26087
58 -0.7261343598365784 0.1097846105694771 0.4388429224491119 6.12928
59 -0.7253168225288391 0.1198313310742378 0.4168044030666351 6.37216
60 -0.7241377830505371 0.1091373115777969 0.3794765770435333 5.54525
61 -0.7251166105270386 0.1100799590349197 0.4074379801750183 5.44342
62 -0.7251815795898438 0.10965196788311 0.4209366142749786 7.59991
63 -0.7256450057029724 0.1192493289709091 0.4093663692474365 4.04511
64 -0.7241783142089844 0.10938660800457 0.4267217218875885 4.29442
65 -0.7252324819564819 0.1070259064435959 0.4519283473491669 8.05836
66 -0.7263422012329102 0.1228912472724915 0.3893939256668091 5.79823
67 -0.724876880645752 0.11128269135952 0.4498622119426727 5.33496
68 -0.7239255905151367 0.1044065952301025 0.4057851135730743 6.50261
69 -0.7256461381912231 0.1146859973669052 0.3796142935752869 3.89187
70 -0.7241878509521484 0.1053939238190651 0.4604682922363281 5.49349
71 -0.7250838279724121 0.112960621714592 0.4187327325344086 4.98863
72 -0.725626528263092 0.1149126663804054 0.383333295583725 5.56567
73 -0.7255257368087769 0.1079426556825638 0.3797520399093628 5.21382
74 -0.7255595922470093 0.09883537143468857 0.4119834303855896 5.6208
75 -0.7239331007003784 0.1079846620559692 0.4319559037685394 4.54858
76 -0.7232452034950256 0.1146572902798653 0.4143250286579132 4.45901
77 -0.7250176072120667 0.1102760136127472 0.4169421494007111 5.53027
78 -0.724352240562439 0.1154813542962074 0.4034435153007507 5.35981
79 -0.7241883873939514 0.1125987842679024 0.4133608341217041 5.02287
80 -0.725178062915802 0.1161400675773621 0.4038567245006561 6.2893
81 -0.7236546874046326 0.09727868437767029 0.4074379801750183 5.47386
82 -0.724290668964386 0.09371800720691681 0.4155646860599518 5.42798
83 -0.7250451445579529 0.1113613471388817 0.3681817948818207 5.00923
84 -0.7239337563514709 0.1200399771332741 0.4322313666343689 6.36245
85 -0.7247037887573242 0.1099067181348801 0.4068870544433594 4.41183
86 -0.725904107093811 0.1185833215713501 0.4431129097938538 5.8424
87 -0.7246960997581482 0.1124039813876152 0.4038567245006561 6.24088
88 -0.7261413335800171 0.1137287169694901 0.4061983227729797 4.64447
89 -0.7250056862831116 0.1107612922787666 0.4303030073642731 7.36029
90 -0.7240750193595886 0.09881798177957535 0.4053718745708466 5.61282
91 -0.7257817983627319 0.1034794002771378 0.3695591986179352 4.5343
92 -0.7242748141288757 0.105594627559185 0.4326446056365967 4.89572
93 -0.7244485020637512 0.1047867015004158 0.4103305637836456 6.29959
94 -0.7240751385688782 0.1176425591111183 0.4035812616348267 5.73515
95 -0.7255784273147583 0.1219920217990875 0.4400826096534729 4.89862
96 -0.7250880002975464 0.1197246387600899 0.4112947583198547 4.66998
97 -0.7241206169128418 0.1096346825361252 0.3809916973114014 4.7491
98 -0.7236362099647522 0.1019192934036255 0.4169421494007111 4.33473
99 -0.7258706092834473 0.1127693653106689 0.4154269695281982 5.16887
100 -0.7245039343833923 0.1132553517818451 0.3893939256668091 5.33858
101 -0.7248955965042114 0.1194893196225166 0.3742423951625824 4.04672
102 -0.7281104326248169 0.1200786307454109 0.4564737975597382 4.43002
103 -0.7252943515777588 0.1069860234856606 0.393388420343399 5.36202
104 -0.7249795794487 0.1194319799542427 0.3769972324371338 5.52995
105 -0.7263551950454712 0.1023740023374557 0.4396694004535675 6.88645
106 -0.7237005829811096 0.1041946336627007 0.3769972324371338 5.0401
107 -0.7238579988479614 0.1036899611353874 0.3980716168880463 4.55257
108 -0.7244636416435242 0.1154046654701233 0.4250688552856445 4.54477
109 -0.7261735796928406 0.1138233542442322 0.3819558918476105 4.80346
110 -0.7256231307983398 0.1137499585747719 0.4396694004535675 5.7189
111 -0.7260833978652954 0.1215707063674927 0.4050963819026947 4.15567
112 -0.7250152826309204 0.1175019145011902 0.4300275146961212 4.70825
113 -0.7242097854614258 0.1124572530388832 0.400137722492218 4.74982
114 -0.7254849672317505 0.1069733202457428 0.4143250286579132 5.81307
115 -0.7252920866012573 0.1033032611012459 0.3769972324371338 4.706
116 -0.7254104614257812 0.1184466108679771 0.4516528844833374 6.11747
117 -0.7240188121795654 0.1036786884069443 0.4290633499622345 6.07442
118 -0.7242074608802795 0.1137387007474899 0.4341597557067871 4.62132
119 -0.7239397764205933 0.1097694113850594 0.4421487152576447 4.90977
120 -0.7245275974273682 0.118904747068882 0.4258953034877777 5.45371
121 -0.7256879210472107 0.1070613414049149 0.4100550413131714 3.30106
122 -0.7244246602058411 0.1088213101029396 0.4172176122665405 4.65881
123 -0.7250702381134033 0.1112472862005234 0.4334710836410522 4.71667
124 -0.7240397334098816 0.1127666607499123 0.4103305637836456 6.24659
125 -0.7261568903923035 0.1162158623337746 0.3943525850772858 5.9233
126 -0.7271277904510498 0.1112526580691338 0.4143250286579132 5.59265
127 -0.7254231572151184 0.1114480197429657 0.3866390883922577 5.64072
128 -0.7240088582038879 0.1060093492269516 0.3694214820861816 5.31243
129 -0.7250345349311829 0.1141679063439369 0.4425619840621948 5.14944
130 -0.7252110838890076 0.1025887131690979 0.4177685678005219 6.31316
131 -0.7260017991065979 0.1029420271515846 0.3703856468200684 5.45707
132 -0.7247245311737061 0.1140106990933418 0.3918732404708862 4.52695
133 -0.7252275347709656 0.1081059128046036 0.4165288805961609 5.18462
134 -0.7243053913116455 0.1161266267299652 0.4161156713962555 6.36853
135 -0.724740207195282 0.1162066459655762 0.3940771222114563 4.80836
136 -0.7246978878974915 0.1118999496102333 0.4041321873664856 5.57933
137 -0.7253197431564331 0.1199093535542488 0.3979338705539703 6.25569
138 -0.7268690466880798 0.1149180829524994 0.4184572696685791 6.94739
139 -0.7241358757019043 0.1078245863318443 0.3768594861030579 5.74355
140 -0.7252963781356812 0.12225391715765 0.4059228599071503 4.39357
141 -0.7262492775917053 0.1109272986650467 0.4050963819026947 5.20226
142 -0.7257710695266724 0.1215333491563797 0.4272727072238922 5.67188
143 -0.7251065969467163 0.113649345934391 0.3920109868049622 4.89629
144 -0.7251649498939514 0.1051094084978104 0.4235537052154541 5.62996
145 -0.7260416150093079 0.1029987260699272 0.3811294436454773 6.06453
146 -0.7243877649307251 0.1121605858206749 0.4280991554260254 4.64491
147 -0.7246545553207397 0.1131699904799461 0.4307162165641785 5.37659
148 -0.7247219085693359 0.105602078139782 0.439944863319397 5.17176
149 -0.7263524532318115 0.1174806728959084 0.4232782125473022 4.90813
150 -0.7246592044830322 0.1154720038175583 0.4162534177303314 4.79629
151 -0.7253065705299377 0.1063892841339111 0.4115702211856842 4.22065
152 -0.7254164814949036 0.1162192448973656 0.380578488111496 6.37549
153 -0.7260202765464783 0.1083306148648262 0.4122589230537415 4.52191
154 -0.723103940486908 0.1058506295084953 0.4604682922363281 5.43813
155 -0.7248185276985168 0.1078372523188591 0.4074379801750183 6.3411
156 -0.7257091403007507 0.1106493026018143 0.4479338824748993 4.54545
157 -0.7248535752296448 0.1038373187184334 0.4111569821834564 5.51172
158 -0.7251442074775696 0.1129539608955383 0.4066115319728851 5.98842
159 -0.7250525951385498 0.1059459671378136 0.4533057510852814 4.86552
160 -0.7239720821380615 0.1169159859418869 0.4092286229133606 5.17815
161 -0.7259472012519836 0.1201540008187294 0.4964187145233154 5.77711
162 -0.7243195176124573 0.09907996654510498 0.3895316421985626 5.91398
163 -0.7251358032226562 0.1128306463360786 0.3986225724220276 6.30866
164 -0.7260586023330688 0.11951794475317 0.4130853712558746 4.8753
165 -0.7237030267715454 0.1237459406256676 0.3739669322967529 4.52737
166 -0.7240747809410095 0.1089239791035652 0.3768594861030579 5.14494
167 -0.7244260311126709 0.1110466793179512 0.418595016002655 4.35088
168 -0.7236325144767761 0.1094953119754791 0.4355371594429016 5.94844
169 -0.7246399521827698 0.1178566068410873 0.4024793207645416 4.26171
170 -0.7252794504165649 0.1113358959555626 0.3371900618076324 5.06317
171 -0.7258625626564026 0.1310014277696609 0.3858126699924469 6.36209
172 -0.7250626683235168 0.1265000402927399 0.3865013420581818 5.1836
173 -0.7249597907066345 0.1148686558008194 0.4268594980239868 5.15822
174 -0.7253851890563965 0.1193526610732079 0.4261707663536072 4.27892
175 -0.7257703542709351 0.1046613082289696 0.4326446056365967 5.50155
176 -0.7252662777900696 0.1197794526815414 0.3615702390670776 4.87053
177 -0.7246191501617432 0.1190939843654633 0.4238291680812836 4.89652
178 -0.7242929935455322 0.1108939200639725 0.3976583778858185 5.49372
179 -0.7256497144699097 0.1120819598436356 0.35936638712883 4.75597
180 -0.7244465351104736 0.1077247485518456 0.4505509436130524 5.4459
181 -0.7256485223770142 0.1117227151989937 0.3911845684051514 5.2363
182 -0.7253055572509766 0.1170592978596687 0.4513773918151855 7.34011
183 -0.7252681255340576 0.1157086491584778 0.3845730125904083 4.42432
184 -0.7243232131004333 0.1089613735675812 0.3881542682647705 4.37924
185 -0.7245614528656006 0.1082093417644501 0.3761707842350006 5.17865
186 -0.7263981699943542 0.1153093576431274 0.3668043911457062 5.40806
187 -0.7252043485641479 0.1119413524866104 0.3925619721412659 4.45883
188 -0.7245920300483704 0.1172914132475853 0.4374655485153198 5.84039
189 -0.7241736650466919 0.1007146313786507 0.4265839755535126 5.51509
190 -0.7243362665176392 0.104514554142952 0.3800275325775146 5.67986
191 -0.7254492044448853 0.1167880147695541 0.3972451686859131 6.26561
192 -0.7237237095832825 0.1093226224184036 0.4140495657920837 5.65517
193 -0.7247841954231262 0.1044653132557869 0.3898071348667145 5.9615
194 -0.7256075739860535 0.1086286529898643 0.3694214820861816 5.22593
195 -0.7231070995330811 0.1030719801783562 0.4141872823238373 5.37363
196 -0.724873960018158 0.1132960170507431 0.3680440783500671 4.09827
197 -0.7229103446006775 0.1031040251255035 0.3863635957241058 4.38566
198 -0.724219799041748 0.113763265311718 0.4271349608898163 6.12647
199 -0.7249683141708374 0.1064866930246353 0.3957300186157227 5.08729
200 -0.7242828607559204 0.09573930501937866 0.4049586653709412 4.84239
201 -0.723371684551239 0.1052839979529381 0.3896693885326385 3.96382
202 -0.7254487872123718 0.1188273504376411 0.3887051939964294 4.69244
203 -0.7252563238143921 0.1095592752099037 0.3988980352878571 7.33939
204 -0.7237953543663025 0.107159435749054 0.4250688552856445 4.44601
205 -0.724781334400177 0.1078040599822998 0.3648760318756104 3.98601
206 -0.7258338928222656 0.1096539497375488 0.4022038280963898 6.03563
207 -0.7248814105987549 0.1237807944417 0.3723140358924866 6.1472
208 -0.725065290927887 0.1052160263061523 0.3756198287010193 6.33073
209 -0.7247079014778137 0.1094466969370842 0.4106060266494751 6.35566
210 -0.7253019213676453 0.1244399175047874 0.3910467922687531 4.44174
211 -0.7242311239242554 0.1152073740959167 0.3842974901199341 4.77991
212 -0.7247572541236877 0.1150413304567337 0.4122589230537415 4.84651
213 -0.7245198488235474 0.1113500073552132 0.4209366142749786 5.38938
214 -0.7248709201812744 0.1145987659692764 0.3881542682647705 5.56314
215 -0.7241295576095581 0.1028793603181839 0.3926997184753418 5.55662
216 -0.7253438830375671 0.1118527054786682 0.4742423892021179 6.55401
217 -0.7241271138191223 0.1096812561154366 0.3951790332794189 6.595
218 -0.723550021648407 0.09933070838451385 0.4862258732318878 5.15544
219 -0.7240912318229675 0.1108585745096207 0.3909090459346771 4.8239
220 -0.7260020971298218 0.116883359849453 0.4365013539791107 5.99816
221 -0.7252601981163025 0.1161519810557365 0.4089531600475311 4.8862
222 -0.7240372896194458 0.1058599650859833 0.4212121069431305 5.6656
223 -0.7245661616325378 0.1029020696878433 0.4052341282367706 5.53862
224 -0.72403883934021 0.1063880100846291 0.4567492604255676 7.01744
225 -0.7249605059623718 0.1194906085729599 0.418595016002655 4.80125
226 -0.7236140966415405 0.1115179434418678 0.4011018872261047 5.05162
227 -0.7265153527259827 0.1080760508775711 0.4214875996112823 6.00203
228 -0.7255625128746033 0.124250702559948 0.4687327444553375 5.2878
229 -0.7225431203842163 0.1149613931775093 0.4506886899471283 5.18711
230 -0.723743736743927 0.1099693104624748 0.4126721620559692 4.69641
231 -0.7255948185920715 0.1155786067247391 0.4329200983047485 6.3468
232 -0.724806547164917 0.1147580146789551 0.4143250286579132 5.36317
233 -0.7244218587875366 0.1152746751904488 0.3863635957241058 5.51185
234 -0.7261524796485901 0.1140660420060158 0.4183195531368256 6.5476
235 -0.725508451461792 0.1168966963887215 0.4090909063816071 5.44666
236 -0.726007878780365 0.1090486720204353 0.4024793207645416 6.4503
237 -0.72426837682724 0.1152785867452621 0.4337465465068817 4.44877
238 -0.7254154682159424 0.1143640428781509 0.4053718745708466 4.37713
239 -0.7266859412193298 0.1112066432833672 0.3771349787712097 5.28554
240 -0.725713849067688 0.117739275097847 0.4213498532772064 5.74363
241 -0.7242649793624878 0.1003699973225594 0.4245178699493408 4.7113
242 -0.7240592241287231 0.1098027154803276 0.3717630505561829 5.88065
243 -0.7264772653579712 0.1147960498929024 0.4198346734046936 5.79031
244 -0.7255983352661133 0.1192726641893387 0.3648760318756104 4.98453
245 -0.7257539033889771 0.107010692358017 0.3845730125904083 5.21895
246 -0.7230859994888306 0.1172153502702713 0.3596418499946594 4.54014
247 -0.7244865894317627 0.1130646541714668 0.3957300186157227 5.84119
248 -0.7251958847045898 0.1191039755940437 0.4392561912536621 5.10716
249 -0.7235390543937683 0.1009633466601372 0.4245178699493408 5.39535
250 -0.7236599326133728 0.1124099865555763 0.4347107410430908 5.12449
251 -0.7244307398796082 0.1054026558995247 0.401377409696579 6.34071
252 -0.7248775959014893 0.09913139790296555 0.4188704788684845 5.68858
253 -0.7236441373825073 0.09998992085456848 0.4254820644855499 6.03199
254 -0.7238045334815979 0.1046173945069313 0.4460054934024811 6.37464
255 -0.7251185774803162 0.1160506829619408 0.3983470797538757 5.61359
256 -0.722936749458313 0.1122400388121605 0.4323691427707672 5.14612
257 -0.7267099618911743 0.1142247319221497 0.4298897683620453 4.91508
258 -0.725163996219635 0.1154578924179077 0.4115702211856842 4.69933
259 -0.7238888144493103 0.1171813234686852 0.3939393758773804 6.61646
260 -0.7259727120399475 0.1219346821308136 0.4228650033473969 5.8978
261 -0.7241863012313843 0.1083665639162064 0.4639118313789368 5.19433
262 -0.7274880409240723 0.1184673458337784 0.4984848201274872 4.62278
263 -0.7261159420013428 0.1155499741435051 0.4056473672389984 4.87775
264 -0.7245171070098877 0.1013192981481552 0.4330578148365021 4.78903
265 -0.7262633442878723 0.11644396930933 0.4415977895259857 4.17618
266 -0.7247081995010376 0.110033318400383 0.4082644581794739 6.14059
267 -0.7267716526985168 0.1239547207951546 0.3931129276752472 5.92931
268 -0.7243037819862366 0.1117173731327057 0.4075757265090942 4.54958
269 -0.7248204946517944 0.1057280600070953 0.4205234050750732 6.06815
270 -0.7256616950035095 0.1102854087948799 0.4458677470684052 5.39905
271 -0.7256096005439758 0.1174873784184456 0.3790633678436279 4.52945
272 -0.7259635329246521 0.1122413128614426 0.3815426826477051 5.06097
273 -0.7236122488975525 0.09383469820022583 0.3869145810604095 3.86857
274 -0.7235924601554871 0.1188592240214348 0.4118457138538361 6.50143
275 -0.725352942943573 0.1151666343212128 0.3926997184753418 5.62484
276 -0.7256026268005371 0.1024260222911835 0.4078512489795685 6.68412
277 -0.7253549695014954 0.1063653752207756 0.4061983227729797 5.41102
278 -0.7229748368263245 0.1075992956757545 0.4345729947090149 6.5449
279 -0.7245462536811829 0.121279314160347 0.467355340719223 5.83775
280 -0.7249845266342163 0.1122226342558861 0.4181818068027496 5.31844
281 -0.7266959547996521 0.1192360296845436 0.3796142935752869 5.14301
282 -0.7254077196121216 0.109427236020565 0.4045454561710358 3.95537
283 -0.7244422435760498 0.1119039580225945 0.388291984796524 6.82355
284 -0.7233539223670959 0.1079479977488518 0.4384297430515289 4.56107
285 -0.7242520451545715 0.1082173362374306 0.4542699456214905 5.58461
286 -0.7250840067863464 0.1169946566224098 0.4250688552856445 4.6377
287 -0.7266772389411926 0.1142698973417282 0.3648760318756104 6.10064
288 -0.7261508107185364 0.1220752149820328 0.4154269695281982 5.70167
289 -0.7247471809387207 0.1024153754115105 0.3822313547134399 5.25486
290 -0.7235773801803589 0.1066820472478867 0.4447658360004425 5.27841
291 -0.7246679067611694 0.1182940229773521 0.4276859164237976 6.00266
292 -0.7247103452682495 0.1135233864188194 0.3873277902603149 5.8144
293 -0.7232966423034668 0.1158233135938644 0.4227272570133209 3.35828
294 -0.7247501015663147 0.106583945453167 0.339669406414032 5.84749
295 -0.725523054599762 0.1094248220324516 0.4034435153007507 4.34103
296 -0.7256190776824951 0.1161373779177666 0.3764462471008301 4.80399
297 -0.7234494686126709 0.1216620355844498 0.3245178759098053 4.73923
298 -0.7239339351654053 0.10870261490345 0.4165288805961609 5.46186
299 -0.7244275808334351 0.1002419963479042 0.418595016002655 5.90019
300 -0.7234418988227844 0.1123213917016983 0.4603305757045746 7.76375
301 -0.7257296442985535 0.1153719574213028 0.425344318151474 4.98545
302 -0.727146327495575 0.114088736474514 0.3808539509773254 5.1183
303 -0.7240245938301086 0.09028996527194977 0.4230027198791504 4.36622
304 -0.7237874269485474 0.099848672747612 0.4783746302127838 5.54743
305 -0.7232180237770081 0.1041907444596291 0.4188704788684845 6.23065
306 -0.7233886122703552 0.09944863617420197 0.3842974901199341 5.5534
307 -0.7265068888664246 0.1033987030386925 0.4092286229133606 5.69217
308 -0.7249649167060852 0.1123252362012863 0.4577134549617767 5.00534
309 -0.7240355610847473 0.1109386309981346 0.4422864615917206 3.78065
310 -0.7254368662834167 0.1109846010804176 0.3746556341648102 5.55018
311 -0.7226080894470215 0.1075706481933594 0.3862258791923523 4.18586
312 -0.7254827618598938 0.1193166822195053 0.3692837357521057 3.94063
313 -0.725645124912262 0.1014112681150436 0.4042699337005615 3.76151
314 -0.7251346111297607 0.1140453889966011 0.3909090459346771 4.56534
315 -0.725333034992218 0.1105999648571014 0.4256197810173035 4.22321
316 -0.7240920662879944 0.1133747175335884 0.3776859045028687 5.25176
317 -0.7256772518157959 0.1091233119368553 0.3677685558795929 5.18129
318 -0.7247332334518433 0.1164465770125389 0.3972451686859131 5.40041
319 -0.7252786755561829 0.1145293265581131 0.4022038280963898 4.2989
320 -0.7241806387901306 0.1066092327237129 0.3951790332794189 4.00838
321 -0.7248689532279968 0.1071753054857254 0.3881542682647705 5.5561
322 -0.7237167954444885 0.1254252791404724 0.4056473672389984 4.61223
323 -0.7246044278144836 0.1135306060314178 0.438291996717453 6.3751
324 -0.7243716716766357 0.1107059493660927 0.3658401966094971 4.75903
325 -0.7246042490005493 0.1021859049797058 0.4333333075046539 5.95422
326 -0.7250363230705261 0.1027259901165962 0.3936639130115509 4.81395
327 -0.7235509157180786 0.08862398564815521 0.4163911640644073 6.15576
328 -0.7256993651390076 0.1201566532254219 0.3760330379009247 6.64079
329 -0.7233292460441589 0.1109286323189735 0.4258953034877777 4.86817
330 -0.7242892980575562 0.1146686598658562 0.4019283354282379 5.5406
331 -0.7244746088981628 0.1035233661532402 0.393388420343399 4.19659
332 -0.7259869575500488 0.1106200143694878 0.393388420343399 5.39664
333 -0.7260147333145142 0.1203005686402321 0.4022038280963898 4.86242
334 -0.7240971922874451 0.107499971985817 0.3827823400497437 6.05015
335 -0.725755512714386 0.1205726191401482 0.3862258791923523 4.65526
336 -0.7257842421531677 0.1155239567160606 0.3779614269733429 5.64196
337 -0.7238947749137878 0.09688729047775269 0.4393939077854156 5.44181
338 -0.7251541614532471 0.1122086271643639 0.3838842809200287 4.63619
339 -0.7246163487434387 0.1053113415837288 0.4074379801750183 6.07348
340 -0.7270468473434448 0.1156706511974335 0.4056473672389984 6.47433
341 -0.7246435284614563 0.1178193390369415 0.4227272570133209 5.94045
342 -0.7248958945274353 0.1018700078129768 0.3535812497138977 6.91487
343 -0.7265402674674988 0.1123219579458237 0.4747933745384216 4.94428
344 -0.7237451076507568 0.09956663101911545 0.4326446056365967 6.41927
345 -0.7265442609786987 0.1089473068714142 0.3732782006263733 6.1077
346 -0.7247628569602966 0.1148067340254784 0.4034435153007507 4.7011
347 -0.7241443395614624 0.1072007268667221 0.4482093453407288 6.42105
348 -0.7271143198013306 0.1178834214806557 0.3922865092754364 5.92806
349 -0.7241870760917664 0.1178566589951515 0.4231404662132263 5.12347
350 -0.7257691025733948 0.1073300167918205 0.3772726953029633 6.08443
351 -0.7237847447395325 0.1034779995679855 0.4369145929813385 4.86229
352 -0.7260546088218689 0.1161767691373825 0.4111569821834564 5.70749
353 -0.7248392701148987 0.1135392934083939 0.367630809545517 7.04936
354 -0.7254167199134827 0.1027620136737823 0.3352617025375366 6.13609
355 -0.7242201566696167 0.1009432598948479 0.4132231175899506 5.91629
356 -0.724638044834137 0.1150467097759247 0.414738267660141 5.6553
357 -0.724571704864502 0.1029580160975456 0.3757575750350952 5.5688
358 -0.724062979221344 0.114827960729599 0.3907713294029236 4.14536
359 -0.7251644730567932 0.1057473346590996 0.4287878274917603 4.6919
360 -0.7262039184570312 0.1160272657871246 0.4148760139942169 5.58237
361 -0.726158618927002 0.1022494062781334 0.3936639130115509 5.66189
362 -0.7248372435569763 0.1041247025132179 0.4604682922363281 6.25938
363 -0.7250015735626221 0.1016160696744919 0.4004132151603699 5.18012
364 -0.7263739705085754 0.108210563659668 0.377823680639267 5.94687
365 -0.7247212529182434 0.1100359708070755 0.4246556460857391 4.77864
366 -0.7255154848098755 0.1110019311308861 0.3826446235179901 4.62429
367 -0.723092257976532 0.1049467176198959 0.4318181574344635 5.32138
368 -0.7228500843048096 0.09715329855680466 0.3758952915668488 7.78708
369 -0.7249941229820251 0.1214866638183594 0.3920109868049622 5.66462
370 -0.7265740036964417 0.113008014857769 0.4163911640644073 5.2158
371 -0.7233272194862366 0.1029153317213058 0.3876032829284668 5.46736
372 -0.7249404191970825 0.1132652908563614 0.3601928353309631 5.29599
373 -0.7257569432258606 0.1195367202162743 0.4050963819026947 5.40983
374 -0.7252506613731384 0.1080426499247551 0.3862258791923523 5.5018
375 -0.724049985408783 0.1111939623951912 0.3877409994602203 5.1666
376 -0.7264232635498047 0.1120693162083626 0.3696969449520111 5.12086
377 -0.72627854347229 0.1096758916974068 0.4163911640644073 5.54458
378 -0.7246031165122986 0.1049346029758453 0.4435261785984039 4.86009
379 -0.727498471736908 0.1277925968170166 0.3535812497138977 5.59492
380 -0.7252728939056396 0.1190853267908096 0.3936639130115509 6.51188
381 -0.7251439094543457 0.1146986931562424 0.4034435153007507 5.2896
382 -0.7247885465621948 0.1056819781661034 0.4052341282367706 5.87835
383 -0.7251805663108826 0.113015279173851 0.3502754867076874 3.92247
384 -0.7255101203918457 0.1116153374314308 0.4216253161430359 5.32986
385 -0.7234609127044678 0.1188280209898949 0.4462809562683105 5.89085
386 -0.7251113057136536 0.1175773739814758 0.425344318151474 6.78999
387 -0.7254493236541748 0.1112726777791977 0.3893939256668091 5.9079
388 -0.7231841087341309 0.1079426482319832 0.4009641408920288 4.87142
389 -0.7222670912742615 0.1038153171539307 0.3980716168880463 6.20162
390 -0.7257667779922485 0.1183100268244743 0.4623966813087463 4.70218
391 -0.7266857028007507 0.1145553290843964 0.3545454442501068 4.17663
392 -0.7256172895431519 0.110185943543911 0.3841597437858582 5.57963
393 -0.72513747215271 0.1077273935079575 0.433195561170578 5.4659
394 -0.7233907580375671 0.1025420054793358 0.3995867371559143 5.324
395 -0.7251008152961731 0.115031972527504 0.3249311149120331 3.7347
396 -0.7231668829917908 0.1077333390712738 0.4314049482345581 4.43955
397 -0.7258843779563904 0.1178706437349319 0.4260330498218536 5.7152
398 -0.7248388528823853 0.1149787306785583 0.3736914396286011 4.94438
399 -0.7233228087425232 0.109455980360508 0.4341597557067871 7.33703
400 -0.7252272963523865 0.1059653237462044 0.3739669322967529 3.74947
401 -0.7247356772422791 0.1193166822195053 0.4599173069000244 4.84447
402 -0.726947009563446 0.1082047522068024 0.3796142935752869 6.07039
403 -0.7242531776428223 0.1107940375804901 0.3662534058094025 4.94692
404 -0.7224130630493164 0.1020952984690666 0.3699724078178406 5.89899
405 -0.725454568862915 0.111085370182991 0.3960054814815521 6.22079
406 -0.7259015440940857 0.1162039786577225 0.4353994131088257 4.45483
407 -0.7270855903625488 0.1267973482608795 0.3910467922687531 5.27555
408 -0.7240552306175232 0.1049599200487137 0.4097795784473419 4.76075
409 -0.7244957685470581 0.1081166416406631 0.4553718566894531 5.29668
410 -0.7248640060424805 0.1099906787276268 0.4173553586006165 5.26969
411 -0.7254319787025452 0.1068313866853714 0.4209366142749786 5.88304
412 -0.7250072360038757 0.1084906905889511 0.4035812616348267 6.17688
413 -0.725090503692627 0.1117059662938118 0.3617079555988312 4.46309
414 -0.7243363261222839 0.1003513783216476 0.4330578148365021 4.35322
415 -0.7256222367286682 0.1166032999753952 0.418595016002655 5.5922
416 -0.7262622117996216 0.1257019937038422 0.4140495657920837 5.95492
417 -0.7249343991279602 0.109600655734539 0.4188704788684845 5.33332
418 -0.7257790565490723 0.1131813675165176 0.4134986102581024 4.45265
419 -0.7259113788604736 0.108027346432209 0.4783746302127838 5.40031
420 -0.7261817455291748 0.1107806488871574 0.4053718745708466 5.79124
421 -0.7248584628105164 0.1151166707277298 0.3975206315517426 4.89077
422 -0.7263678908348083 0.1168313398957253 0.3769972324371338 6.60192
423 -0.7259182333946228 0.1179666966199875 0.3949035704135895 4.76951
424 -0.7257584929466248 0.1081772595643997 0.4181818068027496 6.37908
425 -0.7244048714637756 0.1078640520572662 0.3818181455135345 4.54538
426 -0.7243474125862122 0.1021300852298737 0.4490357935428619 4.01348
427 -0.7262031435966492 0.1141320168972015 0.4389806687831879 5.96041
428 -0.7246853113174438 0.1103792488574982 0.4422864615917206 5.83465
429 -0.7250312566757202 0.1076927706599236 0.4202479124069214 4.53312
430 -0.725090503692627 0.1157960817217827 0.3586776554584503 4.83652
431 -0.7260681986808777 0.1136147677898407 0.4134986102581024 5.08775
432 -0.7265529036521912 0.097917340695858 0.3859503865242004 5.20429
433 -0.7261734008789062 0.1232652962207794 0.4101928174495697 5.12832
434 -0.7249422073364258 0.1116427034139633 0.4272727072238922 5.54258
435 -0.7248657941818237 0.1092720553278923 0.4384297430515289 4.94553
436 -0.722304105758667 0.1020220220088959 0.410743772983551 5.6389
437 -0.7262686491012573 0.1103406772017479 0.409641832113266 5.00838
438 -0.723744809627533 0.1073533743619919 0.4020660817623138 4.43096
439 -0.7238008379936218 0.1131786778569221 0.4377410113811493 5.47401
440 -0.7218979597091675 0.1067046746611595 0.365977942943573 6.47343
441 -0.7236051559448242 0.1125133633613586 0.3661156892776489 4.06277
442 -0.7264115214347839 0.1100413724780083 0.3881542682647705 5.36284
443 -0.7256786823272705 0.1179859936237335 0.3957300186157227 4.60732
444 -0.7245531678199768 0.1087293177843094 0.4134986102581024 5.71148
445 -0.7235983610153198 0.1064566075801849 0.3862258791923523 5.83848
446 -0.7245773077011108 0.1053813397884369 0.4352616667747498 5.09365
447 -0.7246889472007751 0.1026899814605713 0.4344352185726166 6.35008
448 -0.7255333065986633 0.1335366070270538 0.3917355239391327 5.91296
449 -0.7229640483856201 0.1100866869091988 0.3808539509773254 4.70528
450 -0.7252281904220581 0.1168766170740128 0.4015151262283325 4.96655
451 -0.7260427474975586 0.1218747273087502 0.4039944708347321 4.77344
452 -0.7266457676887512 0.1235813498497009 0.4034435153007507 5.19469
453 -0.7245396971702576 0.1108520776033401 0.3446280956268311 4.71585
454 -0.7257410287857056 0.1118493229150772 0.3477961421012878 4.27623
455 -0.7247092127799988 0.111003965139389 0.3943525850772858 4.94054
456 -0.7239711880683899 0.09781935811042786 0.4563360512256622 5.9696
457 -0.7263123989105225 0.1199839785695076 0.409641832113266 5.69598
458 -0.726124107837677 0.1076220273971558 0.3504132032394409 4.81059
459 -0.7263988256454468 0.1308653503656387 0.4294765591621399 5.3636
460 -0.7247194051742554 0.1089072301983833 0.3366391062736511 4.82397
461 -0.7255460023880005 0.09420466423034668 0.3998622298240662 5.72368
462 -0.7231137156486511 0.1029574051499367 0.439807116985321 5.09013
463 -0.725088357925415 0.09465867280960083 0.4162534177303314 5.57032
464 -0.7230197787284851 0.1051693111658096 0.4085399210453033 5.63393
465 -0.7241597771644592 0.114462710916996 0.3924242258071899 4.65925
466 -0.7261644005775452 0.1196000352501869 0.3976583778858185 5.57599
467 -0.7239450812339783 0.1157673224806786 0.3730027377605438 4.71527
468 -0.7243258357048035 0.1106752455234528 0.4318181574344635 4.47509
469 -0.7238680720329285 0.1105493679642677 0.4121211767196655 4.07397
470 -0.7263429164886475 0.1119433119893074 0.4520660936832428 5.94596
471 -0.7245588302612305 0.1105260103940964 0.4482093453407288 5.87357
472 -0.7247368693351746 0.1013019382953644 0.4280991554260254 6.08202
473 -0.7253774404525757 0.1203038915991783 0.393388420343399 5.16316
474 -0.7253967523574829 0.1161393821239471 0.4564737975597382 5.72446
475 -0.7257880568504333 0.1287373900413513 0.4677685499191284 5.43178
476 -0.7241827249526978 0.09901470690965652 0.4723140001296997 6.51286
477 -0.7264187932014465 0.1139974072575569 0.4031680226325989 4.63379
478 -0.7239364385604858 0.1126006171107292 0.3887051939964294 6.61543
479 -0.7235256433486938 0.1010866910219193 0.3946280777454376 5.67897
480 -0.7255889773368835 0.1036700457334518 0.4250688552856445 4.94265
481 -0.7261319160461426 0.1223793923854828 0.430440753698349 5.16085
482 -0.725142240524292 0.1133572459220886 0.3506886661052704 6.53086
483 -0.7235953211784363 0.1130200102925301 0.4464187026023865 4.01682
484 -0.7259690165519714 0.1167953908443451 0.396280974149704 5.08823
485 -0.7260047197341919 0.1178313940763474 0.3902203738689423 5.38403
486 -0.7227927446365356 0.09675459563732147 0.3655647337436676 6.42096
487 -0.7238264083862305 0.117251992225647 0.3611570298671722 5.01237
488 -0.7247776985168457 0.112694650888443 0.4136363565921783 5.79444
489 -0.724851131439209 0.1071680262684822 0.3942148387432098 5.32699
490 -0.7254112958908081 0.1000093668699265 0.4123966991901398 5.95436
491 -0.7237564921379089 0.1126212775707245 0.3893939256668091 8.23393
492 -0.7230995297431946 0.1134799718856812 0.415840208530426 6.02666
493 -0.7252047657966614 0.1173359751701355 0.3782368898391724 5.32513
494 -0.726904034614563 0.1164433211088181 0.4006886780261993 5.82996
495 -0.72525954246521 0.114368662238121 0.4082644581794739 4.5492
496 -0.7254450917243958 0.1135820299386978 0.4319559037685394 4.4199
497 -0.7253921627998352 0.1111960038542747 0.4258953034877777 6.05806
498 -0.7254863381385803 0.105779305100441 0.4362258613109589 5.26918
499 -0.7253152132034302 0.1142253652215004 0.4381542503833771 5.03451
500 -0.7237865328788757 0.1093667075037956 0.4176308214664459 5.00158
501 -0.7247700095176697 0.1135346442461014 0.4702479243278503 6.97585
502 -0.7255629301071167 0.1182386875152588 0.3701101839542389 4.71508
503 -0.7256039977073669 0.1259746551513672 0.3743801414966583 4.84078
504 -0.7252874374389648 0.1103679910302162 0.3497245013713837 5.5515
505 -0.724244236946106 0.1183427944779396 0.3725895285606384 4.08176
506 -0.7255767583847046 0.1039133295416832 0.4356749355792999 5.83397
507 -0.7255200147628784 0.113247312605381 0.401377409696579 4.72448
508 -0.7243480682373047 0.1214599609375 0.4249311089515686 4.6749
509 -0.7253576517105103 0.1157306209206581 0.4024793207645416 5.42685
510 -0.7246960997581482 0.1098033264279366 0.3479338884353638 4.94598
511 -0.7217062711715698 0.1083799675107002 0.4173553586006165 5.31417
512 -0.7253409028053284 0.1169526651501656 0.4206611216068268 5.10358
513 -0.7259207367897034 0.10991270840168 0.3880165219306946 4.2025
514 -0.7253547310829163 0.1193619146943092 0.4075757265090942 5.55612
515 -0.7245303392410278 0.1166259944438934 0.4039944708347321 5.61196
516 -0.7241981029510498 0.1057119742035866 0.4254820644855499 4.24468
517 -0.7259459495544434 0.1128799840807915 0.3884297311306 5.33942
518 -0.7238179445266724 0.1129527613520622 0.3920109868049622 5.38304
519 -0.7241020798683167 0.1090873032808304 0.409641832113266 4.55683
520 -0.7253296971321106 0.1079446896910667 0.4101928174495697 5.91391
521 -0.7229369878768921 0.1124960109591484 0.4002754688262939 5.15856
522 -0.7251725792884827 0.1148720160126686 0.3796142935752869 5.32175
523 -0.7258133888244629 0.1102686375379562 0.3998622298240662 5.23571
524 -0.7217827439308167 0.108803890645504 0.4519283473491669 5.60342
525 -0.7268901467323303 0.1099593192338943 0.4790633618831635 4.88359
526 -0.7263113856315613 0.1046312749385834 0.4022038280963898 6.2986
527 -0.7274742722511292 0.1193066835403442 0.4338842630386353 6.16942
528 -0.7247009873390198 0.1104680597782135 0.393526166677475 5.97759
529 -0.7258288860321045 0.1182946041226387 0.386776864528656 4.92483
530 -0.7241280078887939 0.09908530861139297 0.425344318151474 6.3007
531 -0.723858654499054 0.1080700606107712 0.4403581023216248 5.96794
532 -0.7254448533058167 0.1117779538035393 0.4475206434726715 6.07506
533 -0.7260847091674805 0.1072799563407898 0.3672176003456116 6.25997
534 -0.7245626449584961 0.111911378800869 0.3688704967498779 6.06937
535 -0.723639965057373 0.1131139919161797 0.4016528725624084 6.14906
536 -0.72542804479599 0.1147886961698532 0.3849861919879913 5.3377
537 -0.7247797846794128 0.1185539662837982 0.3803030252456665 6.12683
538 -0.725782573223114 0.1085492894053459 0.469008207321167 5.01428
539 -0.7250930070877075 0.1132552921772003 0.4085399210453033 6.80716
540 -0.7255801558494568 0.1239925548434258 0.3891184628009796 4.39018
541 -0.7263620495796204 0.1136353835463524 0.4059228599071503 5.68979
542 -0.7243750095367432 0.1178986132144928 0.429338812828064 7.21037
543 -0.7259029150009155 0.121123269200325 0.3994490206241608 5.92013
544 -0.7255547046661377 0.113595999777317 0.402892529964447 4.73405
545 -0.7261228561401367 0.120056077837944 0.4092286229133606 6.20833
546 -0.724905788898468 0.1071279272437096 0.3990358114242554 4.16402
547 -0.7234209179878235 0.09683538973331451 0.3825068771839142 4.71709
548 -0.7243368029594421 0.1130292639136314 0.4807162284851074 5.5387
549 -0.7248157262802124 0.1135707274079323 0.3629476428031921 5.51116
550 -0.7251473665237427 0.1142921075224876 0.4031680226325989 5.03727
551 -0.7228092551231384 0.1099346280097961 0.3825068771839142 4.3817
552 -0.7250502109527588 0.1209826171398163 0.4296143054962158 6.75574
553 -0.7273076772689819 0.1165827736258507 0.4206611216068268 5.24576
554 -0.7249964475631714 0.1133986413478851 0.4166666269302368 4.95492
555 -0.7248603701591492 0.1218634620308876 0.3965564370155334 6.42094
556 -0.7244724035263062 0.1038213074207306 0.3555096089839935 6.14214
557 -0.7240562438964844 0.1053979694843292 0.395041286945343 4.37581
558 -0.7231817245483398 0.110299326479435 0.4279614388942719 5.17594
559 -0.7258051037788391 0.1211798787117004 0.4415977895259857 6.0682
560 -0.7241621613502502 0.09690128266811371 0.3917355239391327 5.5015
561 -0.7269852757453918 0.1161686629056931 0.4141872823238373 5.8906
562 -0.7240961790084839 0.1023466885089874 0.4524793326854706 4.85668
563 -0.7253608107566833 0.09490729123353958 0.3603305518627167 5.44426
564 -0.7242969274520874 0.1140241473913193 0.4053718745708466 4.43803
565 -0.7237886786460876 0.1130052879452705 0.4505509436130524 4.06852
566 -0.7239538431167603 0.1109773889183998 0.3984848260879517 6.76231
567 -0.7238373756408691 0.1172652393579483 0.3966941833496094 6.96359
568 -0.7247658967971802 0.1140666529536247 0.3783746361732483 4.31064
569 -0.7240616679191589 0.1059860214591026 0.4217630624771118 5.81474
570 -0.7257213592529297 0.1223340183496475 0.3560605943202972 4.87787
571 -0.7233784794807434 0.1059312522411346 0.4070247709751129 5.79429
572 -0.7246361374855042 0.09921859949827194 0.3957300186157227 5.63903
573 -0.7250676155090332 0.1054340377449989 0.3622589409351349 5.53419
574 -0.724173367023468 0.1193825975060463 0.4298897683620453 4.86946
575 -0.7241730093955994 0.1109100356698036 0.4002754688262939 5.00074
576 -0.7246867418289185 0.1214420571923256 0.4684572815895081 4.74437
577 -0.7245044112205505 0.1118100583553314 0.4275481700897217 4.82067
578 -0.7231034636497498 0.1097472608089447 0.3834710717201233 5.10074
579 -0.7249749302864075 0.1051633432507515 0.4061983227729797 4.63089
580 -0.7232835292816162 0.1138260811567307 0.415840208530426 4.54971
581 -0.7249838709831238 0.1050493493676186 0.3907713294029236 5.82799
582 -0.725919783115387 0.1050293147563934 0.3938016295433044 5.78779
583 -0.7264395952224731 0.1183499619364738 0.4104683101177216 4.60399
584 -0.7233245968818665 0.1261872947216034 0.4089531600475311 5.3116
585 -0.7235041260719299 0.09855134785175323 0.429338812828064 5.30902
586 -0.7254530191421509 0.1190540567040443 0.3944903612136841 4.64133
587 -0.7252495288848877 0.1252554655075073 0.4023416042327881 5.67388
588 -0.7251968383789062 0.104153998196125 0.4388429224491119 4.88902
589 -0.7265915274620056 0.1120413318276405 0.3942148387432098 6.04272
590 -0.7254122495651245 0.1207840070128441 0.3651514947414398 5.93536
591 -0.7225943207740784 0.107088103890419 0.4112947583198547 5.15598
592 -0.7246240377426147 0.1154425591230392 0.4396694004535675 4.89606
593 -0.7264562845230103 0.1208072602748871 0.3943525850772858 4.68717
594 -0.7242627143859863 0.122345358133316 0.4148760139942169 5.15623
595 -0.7239751815795898 0.09248865395784378 0.4009641408920288 5.9701
596 -0.7244324684143066 0.1096899509429932 0.393526166677475 4.50245
597 -0.7243437767028809 0.1150620505213737 0.4030302762985229 3.64579
598 -0.7249915599822998 0.1148125901818275 0.4272727072238922 5.4705
599 -0.724316418170929 0.1132125928997993 0.4110192358493805 5.57045
600 -0.7235403060913086 0.09610795974731445 0.4006886780261993 7.41725
601 -0.7249559760093689 0.1028620526194572 0.407988965511322 6.35371
602 -0.7250456809997559 0.1072421371936798 0.3932506442070007 5.84944
603 -0.7252029776573181 0.11825330555439 0.4152892231941223 4.79765
604 -0.7241296172142029 0.1123546585440636 0.4081267118453979 6.56483
605 -0.7246356010437012 0.1037854179739952 0.3946280777454376 5.1377
606 -0.7251800298690796 0.1042766124010086 0.3526170551776886 4.94535
607 -0.72440505027771 0.1090633422136307 0.3991735577583313 5.94652
608 -0.7237097024917603 0.09523603320121765 0.3603305518627167 5.59601
609 -0.7242918014526367 0.1131226271390915 0.3749310970306396 5.55876
610 -0.7249156832695007 0.1146906912326813 0.4035812616348267 4.39767
611 -0.7253701090812683 0.1103013083338737 0.3622589409351349 6.48855
612 -0.7266361713409424 0.1188007742166519 0.4282369017601013 5.84098
613 -0.7262958884239197 0.1155360117554665 0.3679063320159912 5.30884
614 -0.7254772186279297 0.1106319651007652 0.3889807164669037 6.5847
615 -0.7255593538284302 0.1064773574471474 0.3949035704135895 5.49289
616 -0.7258539199829102 0.1078426912426949 0.4151514768600464 5.98631
617 -0.7260331511497498 0.1215819790959358 0.4504131972789764 4.77686
618 -0.726460874080658 0.1225699782371521 0.3944903612136841 5.30152
619 -0.7241232991218567 0.1063060536980629 0.4209366142749786 4.95341
620 -0.724699854850769 0.1135760173201561 0.386776864528656 5.68686
621 -0.7258678674697876 0.1222999468445778 0.3968319594860077 6.10089
622 -0.7236930131912231 0.1086381152272224 0.3798897564411163 6.57936
623 -0.7252553105354309 0.111650638282299 0.4772727191448212 4.67399
624 -0.7240232229232788 0.1051146760582924 0.3633608818054199 6.66416
625 -0.7253702282905579 0.1187320649623871 0.3953167796134949 5.27535
626 -0.7246359586715698 0.1079626083374023 0.3607437610626221 5.35371
627 -0.7250760793685913 0.1127046719193459 0.4454545080661774 5.18081
628 -0.7242184281349182 0.1196332275867462 0.4207988679409027 5.3955
629 -0.7224671244621277 0.1121614202857018 0.4100550413131714 4.46778
630 -0.726106584072113 0.1118725910782814 0.4041321873664856 4.62526
631 -0.7236036658287048 0.1027287170290947 0.3880165219306946 5.79922
632 -0.7262731194496155 0.1104500815272331 0.457988977432251 7.39971
633 -0.7265270948410034 0.1185120642185211 0.3986225724220276 4.6162
634 -0.7254451513290405 0.106976754963398 0.4351239502429962 5.05913
635 -0.7246434688568115 0.1005059704184532 0.4033057391643524 4.1981
636 -0.7249686121940613 0.1157447025179863 0.4268594980239868 4.70021
637 -0.7237255573272705 0.1117787137627602 0.4438016414642334 5.90352
638 -0.7261524796485901 0.1127127781510353 0.3476583659648895 5.54721
639 -0.7252130508422852 0.1158200651407242 0.415977954864502 5.36728
640 -0.7250831127166748 0.1055934131145477 0.3993112742900848 4.60137
641 -0.724772036075592 0.1221331879496574 0.4195592105388641 4.54336
642 -0.725908637046814 0.1087506636977196 0.4944903254508972 5.7754
643 -0.7249070405960083 0.09993797540664673 0.4103305637836456 3.86206
644 -0.7229010462760925 0.1107813790440559 0.3776859045028687 6.45441
645 -0.7239800095558167 0.1125239133834839 0.3712121248245239 5.46705
646 -0.7236784696578979 0.106857992708683 0.3684572875499725 5.62701
647 -0.7271919846534729 0.1102506294846535 0.3982093632221222 5.98133
648 -0.7253112196922302 0.1119406446814537 0.3567492961883545 6.21187
649 -0.7260311841964722 0.1253299713134766 0.4524793326854706 6.53961
650 -0.7247728109359741 0.1150359734892845 0.4387052059173584 5.00134
651 -0.7245713472366333 0.1106205210089684 0.3960054814815521 5.16368
652 -0.7246721386909485 0.1127679869532585 0.424242377281189 4.99385
653 -0.7248783111572266 0.1113073825836182 0.4915977716445923 5.68144
654 -0.7233613133430481 0.09279996901750565 0.343526154756546 5.38906
655 -0.7251419425010681 0.116054080426693 0.4283746480941772 4.40093
656 -0.7245696783065796 0.104347363114357 0.3311294615268707 4.88161
657 -0.7251332998275757 0.1152546554803848 0.4347107410430908 6.40352
658 -0.7240445017814636 0.1113719716668129 0.4073002636432648 5.35614
659 -0.7242978811264038 0.1039067506790161 0.3915977776050568 4.23433
660 -0.7244700789451599 0.1114939600229263 0.4374655485153198 6.61472
661 -0.7275079488754272 0.1165033802390099 0.4066115319728851 4.89568
662 -0.7243728041648865 0.1163873299956322 0.4148760139942169 5.24251
663 -0.7235552668571472 0.1096326112747192 0.3887051939964294 4.3306
664 -0.7262833118438721 0.1214566752314568 0.4019283354282379 4.86646
665 -0.7245539426803589 0.103012777864933 0.3577134609222412 6.21327
666 -0.724184513092041 0.1060487031936646 0.4136363565921783 5.25853
667 -0.7255098223686218 0.1174646019935608 0.4141872823238373 5.58832
668 -0.7239887714385986 0.09990133345127106 0.4360881447792053 4.65672
669 -0.7251952886581421 0.1150213703513145 0.393388420343399 5.80262
670 -0.7233741283416748 0.1063547134399414 0.3936639130115509 5.39931
671 -0.7254193425178528 0.1197546273469925 0.400137722492218 6.50345
672 -0.7240766882896423 0.1031000390648842 0.3979338705539703 5.06184
673 -0.7246096730232239 0.1178014203906059 0.4395316541194916 4.76576
674 -0.7225510478019714 0.1042266637086868 0.3991735577583313 5.21067
675 -0.7246368527412415 0.1147359386086464 0.4573002457618713 4.44288
676 -0.7260684967041016 0.1138412654399872 0.3852616846561432 4.3644
677 -0.723895251750946 0.1080120652914047 0.3982093632221222 4.81324
678 -0.7275156378746033 0.111335389316082 0.3723140358924866 3.79947
679 -0.7255017161369324 0.115918792784214 0.4177685678005219 4.97714
680 -0.7254372835159302 0.116658590734005 0.4196969270706177 6.25559
681 -0.7247485518455505 0.1105413883924484 0.4020660817623138 5.22421
682 -0.7245630621910095 0.1068853959441185 0.3903581202030182 5.07112
683 -0.7249602675437927 0.1160298958420753 0.4231404662132263 5.01385
684 -0.7247498631477356 0.1124865710735321 0.4095041155815125 4.24926
685 -0.7250941395759583 0.1176933273673058 0.4205234050750732 4.50473
686 -0.7255567312240601 0.1192825511097908 0.3958677649497986 6.00011
687 -0.724590003490448 0.1171793192625046 0.4144627749919891 5.7387
688 -0.7249487042427063 0.112972617149353 0.4023416042327881 6.64592
689 -0.725362241268158 0.1069039329886436 0.3971074223518372 5.18446
690 -0.725892961025238 0.1091280281543732 0.4078512489795685 6.05825
691 -0.7244822382926941 0.1103959530591965 0.3701101839542389 5.10447
692 -0.7250350713729858 0.1108261123299599 0.3946280777454376 4.2599
693 -0.7245187163352966 0.1092313826084137 0.4280991554260254 5.46021
694 -0.7246326208114624 0.1118500456213951 0.4209366142749786 4.98978
695 -0.7237251996994019 0.1098072826862335 0.4946280419826508 4.82378
696 -0.7258137464523315 0.1203327029943466 0.402892529964447 4.64518
697 -0.7241057753562927 0.1089300811290741 0.4486225545406342 4.26809
698 -0.7252745032310486 0.1174999922513962 0.4137741029262543 4.81498
699 -0.725498378276825 0.1100559830665588 0.4106060266494751 4.80439
700 -0.7247422933578491 0.1157139912247658 0.447796106338501 5.98282
701 -0.7246535420417786 0.1068653091788292 0.3842974901199341 6.35576
702 -0.7264111042022705 0.1218399330973625 0.3719007968902588 5.01629
703 -0.7245256900787354 0.1128006875514984 0.483057826757431 5.56456
704 -0.7258142828941345 0.1077573746442795 0.4440771043300629 6.45062
705 -0.7244748473167419 0.1134008094668388 0.4115702211856842 7.03787
706 -0.7234887480735779 0.09754323214292526 0.3938016295433044 6.13208
707 -0.7258644104003906 0.1087320521473885 0.4082644581794739 6.36196
708 -0.7240571975708008 0.1207779943943024 0.4157024621963501 5.36563
709 -0.7242209315299988 0.1056420058012009 0.4064737856388092 5.66044
710 -0.7248703837394714 0.1113899722695351 0.4421487152576447 6.18734
711 -0.7246846556663513 0.09554195404052734 0.4056473672389984 5.14831
712 -0.7253384590148926 0.1087486743927002 0.3940771222114563 5.6445
713 -0.7244917750358582 0.1146352142095566 0.3808539509773254 4.59632
714 -0.7258666753768921 0.1232420951128006 0.3968319594860077 4.75455
715 -0.725053608417511 0.1161826997995377 0.4089531600475311 5.97501
716 -0.7258492112159729 0.09838401526212692 0.4033057391643524 5.49393
717 -0.7248772978782654 0.1058353036642075 0.3577134609222412 7.07173
718 -0.7249619364738464 0.1108071804046631 0.3626721501350403 6.25833
719 -0.7245581746101379 0.1069600135087967 0.4172176122665405 6.08975
720 -0.7247055768966675 0.1109046563506126 0.4231404662132263 5.08163
721 -0.7244063019752502 0.1122866421937943 0.3932506442070007 4.17628
722 -0.7252446413040161 0.1118854358792305 0.3679063320159912 5.94028
723 -0.7256911396980286 0.1180153787136078 0.3951790332794189 4.90352
724 -0.7260686755180359 0.1181446462869644 0.4190082550048828 4.34435
725 -0.7234987616539001 0.1140499338507652 0.3757575750350952 3.45264
726 -0.7236851453781128 0.1063880398869514 0.3217630684375763 5.08328
727 -0.7273806929588318 0.1051046475768089 0.4309917092323303 5.50828
728 -0.7260780334472656 0.1122760698199272 0.4414600431919098 5.41148
729 -0.7239582538604736 0.107239305973053 0.4462809562683105 6.50409
730 -0.7249854207038879 0.1115226373076439 0.4196969270706177 6.08157
731 -0.7248498797416687 0.1227926760911942 0.4904958605766296 4.96598
732 -0.7236631512641907 0.1062140092253685 0.4212121069431305 5.27586
733 -0.7246221303939819 0.117464654147625 0.380578488111496 5.04789
734 -0.7249020934104919 0.1066340059041977 0.3508264124393463 4.29738
735 -0.7256439328193665 0.1031919345259666 0.3801652789115906 5.30453
736 -0.7251683473587036 0.1191306933760643 0.3768594861030579 4.79177
737 -0.7240507006645203 0.1075199469923973 0.3825068771839142 5.43611
738 -0.7258007526397705 0.1122260540723801 0.4106060266494751 5.81926
739 -0.7267857789993286 0.1196759939193726 0.4173553586006165 5.23026
740 -0.7262939214706421 0.1172793507575989 0.3811294436454773 4.61718
741 -0.7260376811027527 0.1180140376091003 0.3851239383220673 5.39801
742 -0.7238863706588745 0.1019933298230171 0.4024793207645416 4.76414
743 -0.7242787480354309 0.1051273792982101 0.3997244834899902 6.84356
744 -0.7245392799377441 0.1131706312298775 0.3859503865242004 4.80166
745 -0.7250139713287354 0.1133472621440887 0.4385674595832825 5.26212
746 -0.7255469560623169 0.1124760955572128 0.393526166677475 5.69785
747 -0.7261694073677063 0.1143779307603836 0.4071625173091888 5.25165
748 -0.7246498465538025 0.1123606041073799 0.3929751813411713 5.10305
749 -0.7237319350242615 0.110116608440876 0.3807162344455719 6.01433
750 -0.7249256372451782 0.1142360419034958 0.4373278021812439 6.96298
751 -0.7251778244972229 0.1017005741596222 0.3955922424793243 4.29035
752 -0.7251483798027039 0.1066293269395828 0.3990358114242554 4.84003
753 -0.7243785262107849 0.1140599772334099 0.3917355239391327 6.27541
754 -0.7252079248428345 0.1059293001890182 0.3790633678436279 5.94983
755 -0.7242270708084106 0.1167219877243042 0.3661156892776489 5.78654
756 -0.7239679098129272 0.1080592423677444 0.4505509436130524 6.65903
757 -0.725416362285614 0.1191419884562492 0.4348484575748444 5.93348
758 -0.7254955768585205 0.1277539432048798 0.4246556460857391 5.59364
759 -0.7255842089653015 0.1067373156547546 0.4100550413131714 5.5226
760 -0.7235245108604431 0.1015473157167435 0.3957300186157227 6.03721
761 -0.7256308794021606 0.1172547116875648 0.4311294257640839 6.17553
762 -0.7242001295089722 0.1013519912958145 0.422589510679245 5.00183
763 -0.7225486636161804 0.1001693308353424 0.4232782125473022 5.74986
764 -0.7249054908752441 0.1071574166417122 0.4117079675197601 5.76458
765 -0.7239938378334045 0.1115492582321167 0.4090909063816071 5.15359
766 -0.7247498631477356 0.1190394088625908 0.3681817948818207 5.04754
767 -0.7241601347923279 0.1021378859877586 0.4286501109600067 6.70693
768 -0.7244248986244202 0.107499361038208 0.439944863319397 5.48333
769 -0.7262508869171143 0.1063279658555984 0.4075757265090942 5.13634
770 -0.7253783941268921 0.1121213957667351 0.4217630624771118 4.28648
771 -0.7259560823440552 0.1119059473276138 0.3987602889537811 5.15182
772 -0.7247169017791748 0.1051100790500641 0.3973828852176666 4.75116
773 -0.725799560546875 0.1193100363016129 0.4033057391643524 5.10664
774 -0.7249510884284973 0.1223126426339149 0.4089531600475311 3.59601
775 -0.7258070707321167 0.111674040555954 0.3812672197818756 4.85905
776 -0.7241650223731995 0.116772748529911 0.4396694004535675 5.23388
777 -0.7234343290328979 0.1119846478104591 0.3845730125904083 5.14839
778 -0.7244809865951538 0.1101000532507896 0.3983470797538757 4.39758
779 -0.7241159677505493 0.1037693247199059 0.3743801414966583 4.96374
780 -0.7238197326660156 0.1112020164728165 0.3847107291221619 6.45153
781 -0.7257171273231506 0.1204912215471268 0.3881542682647705 5.40845
782 -0.7230013608932495 0.1088580116629601 0.383333295583725 6.0514
783 -0.7243229150772095 0.1062720865011215 0.4312672019004822 4.68565
784 -0.7257241010665894 0.1144519746303558 0.4396694004535675 4.61897
785 -0.7259416580200195 0.1192820146679878 0.4008264243602753 7.13953
786 -0.7245141863822937 0.1090286523103714 0.3535812497138977 5.57728
787 -0.7253310680389404 0.1125800088047981 0.3818181455135345 6.78876
788 -0.7255003452301025 0.1177526861429214 0.4853994250297546 5.77543
789 -0.7242529988288879 0.1147093698382378 0.4460054934024811 4.70847
790 -0.7242521047592163 0.1111666187644005 0.4148760139942169 4.10052
791 -0.7253575921058655 0.1198460310697556 0.3971074223518372 5.43601
792 -0.7264041304588318 0.1157978549599648 0.3767217695713043 6.32958
793 -0.7241206169128418 0.1036226376891136 0.3712121248245239 5.06745
794 -0.7240278124809265 0.1080948561429977 0.378925621509552 4.76469
795 -0.7239239811897278 0.1070019528269768 0.3674930930137634 5.51122
796 -0.7249941229820251 0.1129606515169144 0.3984848260879517 4.8665
797 -0.724071204662323 0.1114398986101151 0.4063360691070557 4.95728
798 -0.7243396043777466 0.1131608411669731 0.3600550889968872 5.07488
799 -0.7254278063774109 0.1147813349962234 0.4052341282367706 4.84541
800 -0.7248326539993286 0.1082486435770988 0.4466941654682159 4.8501
801 -0.7255373001098633 0.1137226149439812 0.4694214761257172 6.20228
802 -0.7237941026687622 0.1082353517413139 0.4621211886405945 7.04219
803 -0.725271463394165 0.1183066517114639 0.3966941833496094 4.98571
804 -0.7254563570022583 0.123929537832737 0.3840220272541046 5.61623
805 -0.7245392203330994 0.1068893447518349 0.4247933626174927 7.0443
806 -0.7241796851158142 0.1009440794587135 0.4234159290790558 5.49898
807 -0.7248624563217163 0.1021793186664581 0.4023416042327881 4.79778
808 -0.7251951694488525 0.1100133955478668 0.4241046607494354 5.6115
809 -0.7276415824890137 0.1170913055539131 0.4119834303855896 6.81926
810 -0.723288893699646 0.1140086576342583 0.4238291680812836 5.19215
811 -0.7259460687637329 0.1175099611282349 0.3877409994602203 5.11748
812 -0.7244756817817688 0.1060972660779953 0.4261707663536072 5.74922
813 -0.7248172760009766 0.09938202798366547 0.4482093453407288 5.89213
814 -0.7264371514320374 0.1177699491381645 0.4370523393154144 6.04149
815 -0.7252539992332458 0.09545266628265381 0.4128099083900452 6.4648
816 -0.7261720299720764 0.1268666833639145 0.4298897683620453 4.74919
817 -0.7254284620285034 0.1183899939060211 0.3907713294029236 5.03268
818 -0.7255892157554626 0.1071900054812431 0.3607437610626221 5.00214
819 -0.7248058319091797 0.1094052940607071 0.3823691308498383 5.60779
820 -0.7259000539779663 0.09942340105772018 0.3913223147392273 6.40901
821 -0.7247644066810608 0.1049346923828125 0.4194214642047882 6.51742
822 -0.723781406879425 0.1007886081933975 0.4651514887809753 4.56905
823 -0.7250312566757202 0.1150673553347588 0.3736914396286011 5.07251
824 -0.725831151008606 0.1092986986041069 0.4152892231941223 5.43044
825 -0.7252349257469177 0.1190652996301651 0.4031680226325989 5.06147
826 -0.7236236333847046 0.1110893562436104 0.4132231175899506 5.22052
827 -0.7243815660476685 0.1051546633243561 0.4234159290790558 6.18234
828 -0.7260936498641968 0.1062746793031693 0.4400826096534729 4.93022
829 -0.7240952849388123 0.1145907565951347 0.424242377281189 5.61829
830 -0.7238947153091431 0.08954870700836182 0.4202479124069214 7.25489
831 -0.7265861034393311 0.1047646775841713 0.3775481879711151 4.50157
832 -0.7269278764724731 0.1242700219154358 0.4078512489795685 5.74624
833 -0.7245830893516541 0.111608013510704 0.4050963819026947 5.10329
834 -0.7251019477844238 0.1094745770096779 0.3458677530288696 4.81211
835 -0.7249124646186829 0.1070754006505013 0.3871900737285614 4.12331
836 -0.7232035398483276 0.1028639152646065 0.4053718745708466 4.30517
837 -0.7247662544250488 0.1062766760587692 0.3808539509773254 5.50217
838 -0.7255405187606812 0.1162127256393433 0.4508264064788818 6.42608
839 -0.7242358326911926 0.1059025749564171 0.3880165219306946 6.35628
840 -0.7247897386550903 0.1042240262031555 0.4073002636432648 5.27102
841 -0.7254354357719421 0.1170172244310379 0.4052341282367706 5.71969
842 -0.7266052961349487 0.127955287694931 0.407988965511322 5.8739
843 -0.7248156666755676 0.114223375916481 0.4078512489795685 5.54063
844 -0.7252653837203979 0.1135853454470634 0.3787878453731537 5.99361
845 -0.7240939140319824 0.115419328212738 0.4249311089515686 6.53779
846 -0.7254120111465454 0.1061393916606903 0.3758952915668488 5.27746
847 -0.7245456576347351 0.1085353270173073 0.4263085126876831 5.63956
848 -0.72670978307724 0.1245312914252281 0.4041321873664856 5.3773
849 -0.7240262031555176 0.1115600317716599 0.4585399031639099 4.47922
850 -0.7265812754631042 0.1196507140994072 0.3512396514415741 4.30954
851 -0.7247991561889648 0.1128373891115189 0.3365013599395752 5.49329
852 -0.7240188121795654 0.1059320867061615 0.3822313547134399 4.92939
853 -0.7249990105628967 0.1203814223408699 0.4081267118453979 4.85334
854 -0.7244243025779724 0.1035313084721565 0.4370523393154144 5.34761
855 -0.7253895401954651 0.09826264530420303 0.3841597437858582 5.74
856 -0.7250027060508728 0.121201366186142 0.3873277902603149 5.55196
857 -0.7255836725234985 0.1112346798181534 0.4308539628982544 4.87041
858 -0.7248096466064453 0.1140647083520889 0.3772726953029633 5.70272
859 -0.7237896323204041 0.1099940687417984 0.3909090459346771 4.80125
860 -0.7257561683654785 0.1154859960079193 0.4243801236152649 6.11526
861 -0.7252177596092224 0.1154080703854561 0.4312672019004822 3.92566
862 -0.7254289388656616 0.1119573041796684 0.4373278021812439 4.79206
863 -0.7251487374305725 0.1112845987081528 0.4590908885002136 6.74257
864 -0.7261361479759216 0.1062045991420746 0.4004132151603699 5.41673
865 -0.726310133934021 0.1104413121938705 0.4395316541194916 7.5675
866 -0.7243694663047791 0.09693404287099838 0.3731404542922974 4.32788
867 -0.7269707918167114 0.1243933215737343 0.4473828971385956 4.68456
868 -0.723763644695282 0.1046667248010635 0.4027548134326935 4.52272
869 -0.7265823483467102 0.1213760152459145 0.3793388307094574 4.89384
870 -0.7251575589179993 0.1085312068462372 0.4097795784473419 5.21328
871 -0.7238353490829468 0.1027040332555771 0.439807116985321 4.33965
872 -0.7247571349143982 0.1051139906048775 0.3858126699924469 6.1858
873 -0.7239395976066589 0.1092527061700821 0.4541321992874146 5.74879
874 -0.7241237163543701 0.1046333387494087 0.4626721739768982 5.01859
875 -0.7237575054168701 0.1088840216398239 0.3597795963287354 4.87929
876 -0.724190890789032 0.09685401618480682 0.3763085007667542 5.25393
877 -0.7249945998191833 0.104368731379509 0.4523415565490723 7.37258
878 -0.7236276865005493 0.1150446757674217 0.4012396633625031 6.95921
879 -0.7239417433738708 0.1014780402183533 0.3657024800777435 5.23032
880 -0.7242211699485779 0.1003873720765114 0.3769972324371338 6.1682
881 -0.7220710515975952 0.1055420190095901 0.4271349608898163 4.87437
882 -0.7242677211761475 0.09484538435935974 0.4061983227729797 4.13215
883 -0.7266166210174561 0.1302792578935623 0.3951790332794189 4.56507
884 -0.7248007655143738 0.1131520494818687 0.4637740850448608 4.22365
885 -0.7257205247879028 0.1070059910416603 0.4428374469280243 5.21239
886 -0.7250513434410095 0.1182766556739807 0.4049586653709412 5.1498
887 -0.7243897914886475 0.1092940643429756 0.4442148506641388 5.18786
888 -0.7262054085731506 0.09720461070537567 0.3936639130115509 4.63628
889 -0.72432541847229 0.1080460473895073 0.4469696879386902 5.04073
890 -0.7254574298858643 0.1028780341148376 0.4004132151603699 4.59576
891 -0.7251060605049133 0.1166099160909653 0.3548209369182587 5.71806
892 -0.724306583404541 0.1097173467278481 0.3570247888565063 6.48495
893 -0.725511908531189 0.1220905929803848 0.3991735577583313 6.15026
894 -0.7239964008331299 0.110264740884304 0.3734159767627716 6.36637
895 -0.7261568307876587 0.1159019395709038 0.3822313547134399 5.40398
896 -0.7243890762329102 0.1008687242865562 0.42369145154953 4.5586
897 -0.7228718400001526 0.1034240424633026 0.3913223147392273 5.89359
898 -0.7244852781295776 0.1115313097834587 0.4493112862110138 6.9614
899 -0.7236825227737427 0.1053559556603432 0.3865013420581818 4.73567
900 -0.7272138595581055 0.1237913221120834 0.4033057391643524 5.22728
901 -0.7261532545089722 0.1102019846439362 0.4462809562683105 4.44959
902 -0.7271980047225952 0.1161734312772751 0.3929751813411713 5.39034
903 -0.7251507043838501 0.1119806990027428 0.4216253161430359 4.7349
904 -0.7235230207443237 0.1053205281496048 0.4224517941474915 4.0177
905 -0.725115954875946 0.1180060431361198 0.3990358114242554 5.76112
906 -0.7244347929954529 0.1203433349728584 0.4052341282367706 5.4987
907 -0.7245560884475708 0.1084859445691109 0.3906335830688477 5.35015
908 -0.7264899015426636 0.1214345917105675 0.4309917092323303 5.0233
909 -0.7274923324584961 0.1186666563153267 0.4238291680812836 5.93508
910 -0.7255697250366211 0.1103767082095146 0.4400826096534729 5.80144
911 -0.7237489223480225 0.1056626662611961 0.4169421494007111 4.03062
912 -0.7245545983314514 0.112788662314415 0.4154269695281982 4.78784
913 -0.7235953807830811 0.101486012339592 0.4059228599071503 6.69689
914 -0.7249826788902283 0.1155313104391098 0.4114325046539307 4.60728
915 -0.7249384522438049 0.1076313555240631 0.4067493081092834 5.46984
916 -0.7240144014358521 0.1164186894893646 0.3629476428031921 4.71322
917 -0.7249040007591248 0.09944798052310944 0.4490357935428619 5.81637
918 -0.7264646887779236 0.1176747754216194 0.3938016295433044 3.81841
919 -0.7253055572509766 0.1200859770178795 0.3844352066516876 6.00741
920 -0.7223477363586426 0.09272260218858719 0.4239669144153595 5.72365
921 -0.7235130071640015 0.103655993938446 0.3658401966094971 4.9966
922 -0.7253164052963257 0.1063652262091637 0.4247933626174927 8.95691
923 -0.7239509224891663 0.1010120362043381 0.4743801355361938 5.51011
924 -0.725569486618042 0.1218040436506271 0.3713498413562775 6.51165
925 -0.724362313747406 0.1122486740350723 0.3907713294029236 5.14493
926 -0.7239537239074707 0.107388824224472 0.4023416042327881 5.74886
927 -0.7244560718536377 0.1134939268231392 0.4246556460857391 6.00042
928 -0.7249967455863953 0.09736467152833939 0.4987602829933167 6.64689
929 -0.7249165773391724 0.1132072657346725 0.402892529964447 4.67249
930 -0.7236722111701965 0.1054180115461349 0.3641873002052307 6.01743
931 -0.7262547016143799 0.1198186725378036 0.3900826275348663 5.10586
932 -0.7278103232383728 0.1068952977657318 0.3968319594860077 8.73015
933 -0.725028395652771 0.1149520501494408 0.4749311208724976 5.76849
934 -0.7247049808502197 0.1107799783349037 0.4183195531368256 3.95501
935 -0.7267438769340515 0.1135387271642685 0.4184572696685791 5.82937
936 -0.7240997552871704 0.1150466725230217 0.4345729947090149 6.08432
937 -0.7251783013343811 0.1143594160676003 0.4121211767196655 6.30275
938 -0.7252196669578552 0.106493316590786 0.3692837357521057 4.96714
939 -0.7252272367477417 0.1090565770864487 0.3705233931541443 5.72401
940 -0.7232288122177124 0.09830933809280396 0.4196969270706177 5.45263
941 -0.7239392995834351 0.1103773564100266 0.3986225724220276 5.77359
942 -0.7268821001052856 0.1201573982834816 0.4265839755535126 5.38307
943 -0.7248894572257996 0.1168426647782326 0.4247933626174927 5.60936
944 -0.7247862815856934 0.1127480193972588 0.4527547955513 5.27996
945 -0.7250449061393738 0.120832771062851 0.3651514947414398 4.15875
946 -0.7249005436897278 0.1084000766277313 0.4651514887809753 5.51762
947 -0.7246512770652771 0.105047382414341 0.4206611216068268 4.86676
948 -0.7248462438583374 0.1151400282979012 0.3702479302883148 6.27624
949 -0.7237181067466736 0.1080939769744873 0.4353994131088257 4.5172
950 -0.7241261601448059 0.1080893352627754 0.4432506561279297 5.8096
951 -0.7251593470573425 0.1188766211271286 0.3787878453731537 4.24641
952 -0.7241927981376648 0.1038026660680771 0.4214875996112823 5.66376
953 -0.7260223627090454 0.1212405934929848 0.4035812616348267 7.02078
954 -0.7248609066009521 0.1113979890942574 0.4414600431919098 5.39101
955 -0.7262082695960999 0.1046087071299553 0.4205234050750732 5.69051
956 -0.7250961065292358 0.1098540052771568 0.4263085126876831 6.09119
957 -0.7256856560707092 0.107155978679657 0.4325068891048431 5.35261
958 -0.7232997417449951 0.1019459962844849 0.3702479302883148 4.91909
959 -0.7238921523094177 0.1072240173816681 0.4042699337005615 4.9742
960 -0.725699245929718 0.1185445934534073 0.4387052059173584 5.12811
961 -0.7253257632255554 0.1176086813211441 0.3823691308498383 5.13157
962 -0.7245704531669617 0.1250466108322144 0.3979338705539703 5.81881
963 -0.7252634167671204 0.1194360479712486 0.4487603008747101 4.73687
964 -0.7245731353759766 0.1127200648188591 0.4140495657920837 5.88865
965 -0.725400984287262 0.1237785816192627 0.4442148506641388 4.31494
966 -0.7253558039665222 0.1229360178112984 0.3888429403305054 5.43605
967 -0.7244786620140076 0.1109894439578056 0.3881542682647705 4.31297
968 -0.7243069410324097 0.1014760136604309 0.3709366023540497 4.54428
969 -0.7234222888946533 0.1047499999403954 0.447796106338501 5.34879
970 -0.7248708605766296 0.1180593073368073 0.4093663692474365 6.30164
971 -0.7247363328933716 0.1151872351765633 0.4499999582767487 6.37383
972 -0.725816011428833 0.1082459315657616 0.4056473672389984 6.76483
973 -0.7240279316902161 0.1115800365805626 0.4049586653709412 5.38992
974 -0.7249909043312073 0.1180186495184898 0.4249311089515686 6.43847
975 -0.7240785360336304 0.09815533459186554 0.4404958486557007 5.33064
976 -0.7239627838134766 0.1216733828186989 0.4533057510852814 5.39784
977 -0.7253130078315735 0.1080439686775208 0.3844352066516876 5.13079
978 -0.7243412137031555 0.1003306359052658 0.3811294436454773 3.7063
979 -0.7244988083839417 0.1061065942049026 0.3811294436454773 5.21605
980 -0.726061224937439 0.1116160154342651 0.3760330379009247 7.47311
981 -0.7246066331863403 0.1040773615241051 0.397796094417572 4.93951
982 -0.7232164740562439 0.1104540228843689 0.3994490206241608 4.15943
983 -0.7250831127166748 0.1105412766337395 0.4245178699493408 5.55165
984 -0.7245742082595825 0.1136213392019272 0.4066115319728851 4.66025
985 -0.7243329882621765 0.1033219844102859 0.4303030073642731 7.63999
986 -0.7251943945884705 0.1085993871092796 0.3628098964691162 5.43676
987 -0.7255526781082153 0.1219953894615173 0.4020660817623138 4.15792
988 -0.7248662710189819 0.1053906679153442 0.4783746302127838 5.92846
989 -0.7257503271102905 0.1060879230499268 0.3924242258071899 5.39203
990 -0.7244955897331238 0.103340707719326 0.4122589230537415 6.23057
991 -0.7254741191864014 0.1192314326763153 0.3820936381816864 4.93115
992 -0.7255412340164185 0.1145299673080444 0.4004132151603699 4.48042
993 -0.7244588136672974 0.1009326353669167 0.3725895285606384 5.09781
994 -0.7237458229064941 0.09803791344165802 0.446143239736557 5.16355
995 -0.7236630320549011 0.1078592538833618 0.4243801236152649 5.72428
996 -0.7256589531898499 0.1034573689103127 0.4280991554260254 5.04601
997 -0.7258637547492981 0.1177453547716141 0.4152892231941223 5.18165
998 -0.7250095009803772 0.1067233458161354 0.414738267660141 4.10432
999 -0.7235490679740906 0.1105192676186562 0.3920109868049622 4.9254
1000 -0.723735511302948 0.116585984826088 0.346418708562851 6.22695
