# Simulazione modello di Ising 1D
# Mossa 	 Energia 	 Magnetizzazione 	 Calore specifico 	 Suscettività
1     -0.9645261168479919      0.6896277666091919     0.3518518507480621     24.18055534362793
2     -0.9610990285873413      0.6557867527008057     0.3425925672054291     9.570369720458984
3     -0.9619100689888      0.6598482131958008     0.4120370149612427     27.16897964477539
4     -0.9636353254318237      0.6683030128479004     0.5611110925674438     38.79351806640625
5     -0.9650005698204041      0.6932111978530884     0.3685185015201569     20.39259338378906
6     -0.9631437063217163      0.6778773069381714     0.3953703641891479     22.4060173034668
7     -0.9654642939567566      0.7029394507408142     0.5518518686294556     18.3083324432373
8     -0.9636757969856262      0.6947961449623108     0.3759258985519409     15.6157398223877
9     -0.9637652039527893      0.6872146129608154     0.5675925612449646     31.01018524169922
10     -0.9583842754364014      0.6147169470787048     0.364814817905426     36.14120483398438
11     -0.9666863679885864      0.6942375302314758     0.3259259164333344     16.2055549621582
12     -0.9615001082420349      0.657972514629364     0.4120370149612427     14.67685127258301
13     -0.965279221534729      0.7080174088478088     0.4305555522441864     15.9555549621582
14     -0.9629066586494446      0.6742438673973083     0.5648148059844971     27.22129440307617
15     -0.964192807674408      0.6861362457275391     0.29814812541008     12.79259204864502
16     -0.9641066193580627      0.6862712502479553     0.3574073910713196     15.50092601776123
17     -0.9613224267959595      0.6349601149559021     0.3722222149372101     29.01759147644043
18     -0.9630962610244751      0.6602581143379211     0.3703703582286835     24.92685127258301
19     -0.9633744955062866      0.696118950843811     0.5092592239379883     15.54537010192871
20     -0.9661474823951721      0.6991971135139465     0.5685185194015503     36.94073867797852
21     -0.9641984105110168      0.6787806153297424     0.3407407104969025     15.1898136138916
22     -0.9631588459014893      0.6802266240119934     0.6259258985519409     25.12731552124023
23     -0.9632962346076965      0.6868030428886414     0.3888888657093048     29.58610916137695
24     -0.9651645421981812      0.6950057148933411     0.6175925731658936     22.98518562316895
25     -0.9644324779510498      0.6903558969497681     0.4166666567325592     14.82222175598145
26     -0.9634969234466553      0.6885867714881897     0.4574073851108551     32.89907455444336
27     -0.9615269899368286      0.6581289172172546     0.4861110746860504     15.64212894439697
28     -0.9628709554672241      0.6762188673019409     0.5796296000480652     34.18240737915039
29     -0.9666509032249451      0.6969296336174011     0.3185185194015503     23.15833282470703
30     -0.9644149541854858      0.6880329847335815     0.4546296000480652     36.85740661621094
31     -0.9661524891853333      0.7074416279792786     0.470370352268219     37.92314529418945
32     -0.9656299352645874      0.6915174722671509     0.4314814507961273     35.98611068725586
33     -0.9638251662254333      0.6921388506889343     0.4296295940876007     11.24074077606201
34     -0.9644964337348938      0.707525372505188     0.5824074149131775     26.6648120880127
35     -0.9629378318786621      0.6811598539352417     0.3666666746139526     20.9310188293457
36     -0.9644434452056885      0.6772986054420471     0.7111110687255859     29.50601768493652
37     -0.9632056355476379      0.6976454854011536     0.5425925850868225     48.89351654052734
38     -0.9662348031997681      0.7197821736335754     0.3592592477798462     24.65185165405273
39     -0.9666792154312134      0.7140687108039856     0.3203703761100769     12.59259223937988
40     -0.9640485048294067      0.6930620670318604     0.2990740537643433     18.39722061157227
41     -0.9631749391555786      0.6665452718734741     0.3972222208976746     24.7185173034668
42     -0.9668951034545898      0.7226567268371582     0.9222221970558167     53.57962417602539
43     -0.962232232093811      0.6697067022323608     0.4425925612449646     20.68425941467285
44     -0.9638825654983521      0.6668692827224731     0.327777773141861     19.97314643859863
45     -0.9638658165931702      0.6866018772125244     0.6425925493240356     42.59074020385742
46     -0.9655663967132568      0.7022631168365479     0.3222222030162811     12.41481399536133
47     -0.9632763862609863      0.6696730852127075     0.4916666746139526     14.36388778686523
48     -0.9634124636650085      0.6740500330924988     0.4731481075286865     18.90231323242188
49     -0.9661138653755188      0.7117525935173035     0.3203703761100769     20.01111030578613
50     -0.9641823172569275      0.6965662240982056     0.335185170173645     15.53055477142334
51     -0.9634755849838257      0.6751182675361633     0.3342592418193817     25.2407398223877
52     -0.9663366675376892      0.7247496843338013     0.4166666567325592     24.86666679382324
53     -0.9652602672576904      0.6953625679016113     0.3972222208976746     10.862961769104
54     -0.9647334218025208      0.6926378607749939     0.4564814567565918     31.20000076293945
55     -0.9632445573806763      0.686235249042511     0.3833333253860474     12.74351787567139
56     -0.9658503532409668      0.7157087326049805     0.3592592477798462     20.59074020385742
57     -0.9694651961326599      0.749052107334137     0.2870370149612427     9.392592430114746
58     -0.9643955230712891      0.6959177255630493     0.2935185134410858     13.04907417297363
59     -0.961091160774231      0.6553260684013367     0.4666666686534882     19.34074020385742
60     -0.9614322185516357      0.6534406542778015     0.2990740537643433     21.04351806640625
61     -0.9646008014678955      0.6750554442405701     0.3527777493000031     18.16388893127441
62     -0.9637992978096008      0.6627886891365051     0.487962931394577     32.98472213745117
63     -0.9638124704360962      0.6854729056358337     0.5324074029922485     23.7055549621582
64     -0.9639925360679626      0.6726718544960022     0.3444444239139557     14.52407264709473
65     -0.9621678590774536      0.6614524126052856     0.2768518328666687     11.51712894439697
66     -0.9625837206840515      0.6471012830734253     0.3009259104728699     13.10370349884033
67     -0.9626330733299255      0.6732598543167114     0.5435185432434082     32.57916641235352
68     -0.9629107117652893      0.6679968237876892     0.2657407224178314     12.4842586517334
69     -0.966475248336792      0.7036579847335815     0.3777777552604675     9.685184478759766
70     -0.9622804522514343      0.6545560956001282     0.3814814984798431     12.85648059844971
71     -0.9608820080757141      0.6529814004898071     0.4342592358589172     28.83796119689941
72     -0.9665062427520752      0.696408212184906     0.5666666030883789     28.19814491271973
73     -0.9634509086608887      0.6558961868286133     0.3787036836147308     20.51388740539551
74     -0.9639955759048462      0.6886835098266602     0.3935185074806213     21.79073905944824
75     -0.9647417664527893      0.6876493096351624     0.6101852059364319     28.41573905944824
76     -0.961679995059967      0.6666184663772583     0.3620370328426361     15.91666698455811
77     -0.9625473618507385      0.665075957775116     0.6138888597488403     33.04490661621094
78     -0.9644929766654968      0.6958794593811035     0.3768518567085266     20.37222099304199
79     -0.9621833562850952      0.6547360420227051     0.574999988079071     38.06944274902344
80     -0.9641629457473755      0.6825878620147705     0.4398147761821747     38.36018371582031
81     -0.9647653698921204      0.6929987668991089     0.3416666686534882     22.70740699768066
82     -0.96309894323349      0.6823964715003967     0.536111056804657     23.76342391967773
83     -0.9667529463768005      0.7079900503158569     0.4074074029922485     20.81851768493652
84     -0.9621504545211792      0.6572198271751404     0.5425925850868225     30.89120292663574
85     -0.9647172093391418      0.6850862503051758     0.5268518328666687     33.56666564941406
86     -0.9635658264160156      0.6768084764480591     0.3287037014961243     22.00370407104492
87     -0.9629164934158325      0.6766118407249451     0.5425925850868225     17.43842506408691
88     -0.9621775150299072      0.672351062297821     0.3768518567085266     10.7902774810791
89     -0.9631280899047852      0.6776345372200012     0.412962943315506     13.33101844787598
90     -0.964849054813385      0.6721031069755554     0.3888888657093048     12.84768486022949
91     -0.9634404182434082      0.6773908138275146     0.4944444298744202     21.63055419921875
92     -0.9639239311218262      0.6759819984436035     0.3574073910713196     19.01249885559082
93     -0.9656748175621033      0.6923304200172424     0.498148113489151     15.02407264709473
94     -0.9636145830154419      0.6707927584648132     0.5703703761100769     34.0805549621582
95     -0.9611501693725586      0.6596441864967346     0.4314814507961273     16.37870407104492
96     -0.9622974991798401      0.6800450086593628     0.3009259104728699     12.48564720153809
97     -0.9689801335334778      0.7450438737869263     0.364814817905426     13.41666698455811
98     -0.9643087387084961      0.6947402358055115     0.4240740537643433     19.87777709960938
99     -0.9642019867897034      0.6922011971473694     0.4555555284023285     14.12962913513184
100     -0.9627640843391418      0.6796003580093384     0.536111056804657     63.1560173034668
101     -0.9661910533905029      0.7114356160163879     0.5999999642372131     42.41574096679688
102     -0.963593602180481      0.6758686304092407     0.6925925016403198     51.76250076293945
103     -0.9629725813865662      0.6643889546394348     0.3638888895511627     20.4152774810791
104     -0.9648786783218384      0.6812959909439087     0.3435185253620148     14.87453651428223
105     -0.9639055132865906      0.6828292012214661     0.3499999940395355     43.11851501464844
106     -0.9644878506660461      0.6795603036880493     0.3768518567085266     21.5337963104248
107     -0.9664133191108704      0.698228120803833     0.3166666328907013     24.96944236755371
108     -0.9620566964149475      0.6600003838539124     0.5287036895751953     22.82314872741699
109     -0.9621725082397461      0.6541767120361328     0.3666666746139526     38.08101654052734
110     -0.9639327526092529      0.6817970871925354     0.412962943315506     29.58564567565918
111     -0.9639130830764771      0.660635232925415     0.3787036836147308     11.27083301544189
112     -0.9647659659385681      0.6889204978942871     0.54537034034729     21.32592391967773
113     -0.9639935493469238      0.682425856590271     0.4768518507480621     37.39629364013672
114     -0.9639856815338135      0.6832607388496399     0.3722222149372101     17.66018486022949
115     -0.9636381864547729      0.6532881855964661     0.4111110866069794     24.35370254516602
116     -0.9669588804244995      0.7205402851104736     0.3148148059844971     14.03611087799072
117     -0.962969183921814      0.6740273237228394     0.5407407283782959     26.16898155212402
118     -0.9655895233154297      0.6816716194152832     0.6962963342666626     57.36666488647461
119     -0.9644758105278015      0.6855418086051941     0.4435185194015503     29.02499961853027
120     -0.9624279737472534      0.6547013521194458     0.4111110866069794     24.78333282470703
121     -0.9657557606697083      0.7040445804595947     0.5537036657333374     21.70462799072266
122     -0.966826319694519      0.7301421165466309     0.4574073851108551     18.47222137451172
123     -0.9610338807106018      0.6705700755119324     0.3675925731658936     22.39166641235352
124     -0.9662013053894043      0.7060115337371826     0.4574073851108551     20.78148078918457
125     -0.9635506272315979      0.6859660744667053     0.4185185134410858     22.73518562316895
126     -0.963367760181427      0.6500760912895203     0.5944443941116333     41.63888931274414
127     -0.963914155960083      0.6888148784637451     0.4722222089767456     52.42036819458008
128     -0.9657551050186157      0.6761114597320557     0.5999999642372131     46.70787048339844
129     -0.966035008430481      0.7030118703842163     0.2759259343147278     15.41574001312256
130     -0.9632015824317932      0.6838347315788269     0.4074074029922485     19.33425903320312
131     -0.9629773497581482      0.6672700643539429     0.3462962508201599     11.54537010192871
132     -0.9640182256698608      0.6652726531028748     0.575925886631012     19.39675903320312
133     -0.9628190994262695      0.6812515258789062     0.3259259164333344     16.7458324432373
134     -0.9648914933204651      0.6923235058784485     0.4490740597248077     25.65185165405273
135     -0.9658711552619934      0.6922994256019592     0.6203703880310059     47.69073867797852
136     -0.9638305902481079      0.6831232905387878     0.4388888776302338     18.92037010192871
137     -0.9650856852531433      0.6989113688468933     0.5138888955116272     20.41759300231934
138     -0.9622032642364502      0.6633197665214539     0.3231481313705444     19.47499847412109
139     -0.9635372161865234      0.6780235767364502     0.4796296060085297     20.0935173034668
140     -0.9643234610557556      0.6927242875099182     0.3703703582286835     25.65092468261719
141     -0.9643427133560181      0.6917788982391357     0.6768518090248108     57.61388397216797
142     -0.9637959599494934      0.6749817728996277     0.4731481075286865     24.0087947845459
143     -0.9629140496253967      0.6716724634170532     0.5666666030883789     33.92036819458008
144     -0.9629422426223755      0.6789698004722595     0.4185185134410858     17.2587947845459
145     -0.9665908813476562      0.7235767245292664     0.3685185015201569     21.83518409729004
146     -0.9675406813621521      0.7022337317466736     0.4314814507961273     18.00925827026367
147     -0.9646109342575073      0.6923136115074158     0.3703703582286835     16.04351806640625
148     -0.9634580612182617      0.6771928071975708     0.3694444298744202     15.54722118377686
149     -0.9639689922332764      0.692734956741333     0.3861110806465149     23.299072265625
150     -0.9636992216110229      0.6841397285461426     0.3722222149372101     22.91110992431641
151     -0.9624887704849243      0.6806067824363708     0.5648148059844971     28.20046043395996
152     -0.964953601360321      0.6922387480735779     0.3425925672054291     14.62407302856445
153     -0.9647443890571594      0.6855642199516296     0.3944444060325623     19.00925827026367
154     -0.9637295007705688      0.6734278798103333     0.412962943315506     25.67268562316895
155     -0.9643822312355042      0.6841455698013306     0.5416666269302368     20.32036972045898
156     -0.9649838209152222      0.6862934827804565     0.4555555284023285     39.29629516601562
157     -0.9635463953018188      0.681546151638031     0.6388888955116272     39.76527786254883
158     -0.9638705253601074      0.6783318519592285     0.3037036955356598     14.93935203552246
159     -0.9655120372772217      0.6816037893295288     0.3722222149372101     25.43009185791016
160     -0.9633042216300964      0.6694720387458801     0.3814814984798431     42.71944427490234
161     -0.9662250876426697      0.7123371362686157     0.4111110866069794     26.37407302856445
162     -0.9639897346496582      0.6845672130584717     0.5731481313705444     33.03055572509766
163     -0.9649341106414795      0.7045301795005798     0.5611110925674438     40.12870407104492
164     -0.9638509750366211      0.6653993725776672     0.3703703582286835     26.19027519226074
165     -0.9650658369064331      0.6999101638793945     0.4953703582286835     22.58610916137695
166     -0.9652941823005676      0.7003217935562134     0.4740740656852722     23.10000038146973
167     -0.9611872434616089      0.6541690826416016     0.3657407164573669     13.13564682006836
168     -0.9646838307380676      0.7014793157577515     0.3712962567806244     19.81296157836914
169     -0.9646337032318115      0.6925104856491089     0.4092592298984528     12.88333320617676
170     -0.9623843431472778      0.6714711785316467     0.5712962746620178     34.58379364013672
171     -0.9627777338027954      0.6665144562721252     0.5083333253860474     24.21527671813965
172     -0.9637676477432251      0.686178982257843     0.5435185432434082     27.00277519226074
173     -0.9654535055160522      0.7033942937850952     0.4074074029922485     13.14259243011475
174     -0.9659015536308289      0.7132318615913391     0.3888888657093048     28.54629516601562
175     -0.9646754264831543      0.6852063536643982     0.4638888835906982     31.90092468261719
176     -0.9638155102729797      0.6816965937614441     0.4240740537643433     17.0583324432373
177     -0.9634740948677063      0.6764503717422485     0.6157407164573669     28.34675788879395
178     -0.964795708656311      0.6885888576507568     0.3740740418434143     9.577776908874512
179     -0.9633646607398987      0.6691246032714844     0.4268518388271332     38.80046081542969
180     -0.9651814103126526      0.6974391937255859     0.3481481671333313     24.9037036895752
181     -0.9644797444343567      0.7024721503257751     0.4962962567806244     24.80185127258301
182     -0.9648148417472839      0.6881415247917175     0.3194444477558136     12.61666679382324
183     -0.9668316841125488      0.6916232705116272     0.3314814567565918     22.08981513977051
184     -0.9640368819236755      0.6949469447135925     0.4314814507961273     27.93703651428223
185     -0.9630293250083923      0.6771743297576904     0.4351851940155029     20.9842586517334
186     -0.9637547731399536      0.6685109734535217     0.448148101568222     16.55925941467285
187     -0.9581059813499451      0.6227728724479675     0.3861110806465149     36.36573791503906
188     -0.9611049890518188      0.6626416444778442     0.2277777642011642     21.07685089111328
189     -0.964857816696167      0.6992024183273315     0.3148148059844971     10.59907341003418
190     -0.9620261788368225      0.6597323417663574     0.4953703582286835     19.90046310424805
191     -0.9584947228431702      0.6436913013458252     0.4592592418193817     47.78425598144531
192     -0.962242603302002      0.6662850379943848     0.4814814329147339     22.23703575134277
193     -0.9645271897315979      0.6883108615875244     0.5472221970558167     29.9907398223877
194     -0.9648276567459106      0.6934220194816589     0.412962943315506     18.65092658996582
195     -0.9645580053329468      0.6912267208099365     0.4462962746620178     18.94259262084961
196     -0.9625608921051025      0.6757914423942566     0.4425925612449646     19.89907264709473
197     -0.9638786911964417      0.6808701753616333     0.4287036955356598     19.88888740539551
198     -0.9644153118133545      0.689486563205719     0.4111110866069794     15.88518524169922
199     -0.9639413356781006      0.6884344816207886     0.4722222089767456     28.60833358764648
200     -0.9630335569381714      0.6799513697624207     0.2731481194496155     9.255555152893066
201     -0.9662123322486877      0.7090587019920349     0.5962962508201599     38.924072265625
202     -0.9644438624382019      0.6817606091499329     0.5157407522201538     38.38055419921875
203     -0.9637402892112732      0.685904860496521     0.5592592358589172     25.56296157836914
204     -0.9637306928634644      0.667817234992981     0.3953703641891479     28.54768562316895
205     -0.9641442894935608      0.6760055422782898     0.3740740418434143     21.83287048339844
206     -0.9641320705413818      0.7048972845077515     0.355555534362793     24.41110992431641
207     -0.9676311612129211      0.7250615358352661     0.3907407224178314     14.3268518447876
208     -0.9657371640205383      0.7080193758010864     0.385185182094574     22.72777557373047
209     -0.9632177948951721      0.6797858476638794     0.4370370209217072     20.09305381774902
210     -0.9608002901077271      0.6607818007469177     0.5222222208976746     28.32962799072266
211     -0.9627901315689087      0.662250280380249     0.4388888776302338     22.33518409729004
212     -0.965880274772644      0.7171536684036255     0.3370370268821716     15.57592582702637
213     -0.9641080498695374      0.6880556344985962     0.6555555462837219     49.53610992431641
214     -0.9651950001716614      0.7039411664009094     0.2638888657093048     11.43148040771484
215     -0.9626890420913696      0.6731857657432556     0.5685185194015503     21.04073905944824
216     -0.9628145098686218      0.6744012832641602     0.5990740656852722     32.56296157836914
217     -0.9649474024772644      0.6956099271774292     0.3888888657093048     23.81851768493652
218     -0.9647448062896729      0.6919881701469421     0.4759258925914764     22.91110992431641
219     -0.9642362594604492      0.6907676458358765     0.4361110925674438     25.05370330810547
220     -0.9619049429893494      0.6588760614395142     0.3694444298744202     18.31203651428223
221     -0.9620278477668762      0.6501199007034302     0.5611110925674438     59.19166564941406
222     -0.9666044116020203      0.694490909576416     0.4037036895751953     15.311110496521
223     -0.9603375792503357      0.6383761763572693     0.402777761220932     53.48425674438477
224     -0.964746356010437      0.6959483027458191     0.4398147761821747     49.39073944091797
225     -0.9637578129768372      0.6752631068229675     0.671296238899231     52.20138549804688
226     -0.9658522009849548      0.7016401886940002     0.4925925731658936     14.89907264709473
227     -0.9610568284988403      0.6386553049087524     0.5879629254341125     17.25185203552246
228     -0.9640701413154602      0.6875817775726318     0.4259259104728699     20.41296195983887
229     -0.963910698890686      0.6711926460266113     0.2916666567325592     24.05462837219238
230     -0.9629037380218506      0.6634407043457031     0.3796296119689941     19.21064758300781
231     -0.9634644985198975      0.688683032989502     0.5249999761581421     35.34537124633789
232     -0.9632804989814758      0.6771140098571777     0.3509258925914764     15.50972175598145
233     -0.9669751524925232      0.7294696569442749     0.4444444179534912     15.56573963165283
234     -0.9661535024642944      0.7049534320831299     0.3074073791503906     12.47314739227295
235     -0.9657744169235229      0.6990528702735901     0.5537036657333374     15.95370292663574
236     -0.9626447558403015      0.6727299094200134     0.3833333253860474     15.05786991119385
237     -0.9637932777404785      0.68760085105896     0.4166666567325592     22.73055458068848
238     -0.9652751684188843      0.6945435404777527     0.3407407104969025     13.78425884246826
239     -0.9631072878837585      0.6699628233909607     0.487962931394577     33.96250152587891
240     -0.9633716344833374      0.6570627093315125     0.4564814567565918     18.94675827026367
241     -0.9617819786071777      0.6557844281196594     0.498148113489151     28.68703651428223
242     -0.9638992547988892      0.6956336498260498     0.3842592239379883     20.71666526794434
243     -0.9626222848892212      0.6544528603553772     0.4018518328666687     21.70462799072266
244     -0.9642360210418701      0.6954062581062317     0.3777777552604675     11.83611106872559
245     -0.9638656973838806      0.6810859441757202     0.3342592418193817     23.36898231506348
246     -0.9622822999954224      0.6475865244865417     0.3287037014961243     23.6782398223877
247     -0.9647528529167175      0.6974030137062073     0.3712962567806244     28.86203575134277
248     -0.9653387665748596      0.6852422952651978     0.5222222208976746     29.77407264709473
249     -0.9649883508682251      0.6980757117271423     0.4462962746620178     29.74907302856445
250     -0.9616175889968872      0.6568121910095215     0.498148113489151     40.24259185791016
251     -0.9632380604743958      0.6740832328796387     0.3481481671333313     24.15833282470703
252     -0.9622796177864075      0.6834726333618164     0.3833333253860474     19.03610992431641
253     -0.9640480279922485      0.6918660402297974     0.4018518328666687     15.82222175598145
254     -0.9634983539581299      0.6777280569076538     0.3101851940155029     20.92731285095215
255     -0.9617744088172913      0.6613166928291321     0.3981481492519379     14.84583377838135
256     -0.9636488556861877      0.6877652406692505     0.4333333373069763     11.11851787567139
257     -0.9640674591064453      0.6862245798110962     0.6249999403953552     25.79444313049316
258     -0.9632205367088318      0.6797429919242859     0.460185170173645     13.04537010192871
259     -0.9660780429840088      0.6970666646957397     0.355555534362793     18.00462913513184
260     -0.9656472206115723      0.6916185021400452     0.4074074029922485     11.85648059844971
261     -0.9648159742355347      0.6832190155982971     0.5370370149612427     17.45740699768066
262     -0.966554582118988      0.7145035266876221     0.4925925731658936     26.38333320617676
263     -0.9670348167419434      0.7168074250221252     0.385185182094574     17.81851768493652
264     -0.9654154181480408      0.6973028779029846     0.364814817905426     15.42500019073486
265     -0.9617418646812439      0.6785053014755249     0.4148147702217102     23.43657302856445
266     -0.9626774787902832      0.6820806860923767     0.4759258925914764     21.76573944091797
267     -0.9630208611488342      0.672314465045929     0.3657407164573669     19.93148040771484
268     -0.9642673134803772      0.6853396892547607     0.6333332657814026     33.63055419921875
269     -0.9638239145278931      0.6938520669937134     0.510185182094574     21.45462799072266
270     -0.9644122123718262      0.6737155914306641     0.3166666328907013     21.70185089111328
271     -0.965818464756012      0.6968515515327454     0.3222222030162811     22.22222137451172
272     -0.9616344571113586      0.6500369906425476     0.3342592418193817     25.60555458068848
273     -0.9657290577888489      0.6935867667198181     0.29814812541008     11.30000019073486
274     -0.9635211825370789      0.6845252513885498     0.4018518328666687     21.10185241699219
275     -0.9626995325088501      0.680421769618988     0.4083333313465118     20.36342620849609
276     -0.9603120684623718      0.6484472751617432     0.4629629254341125     12.61944389343262
277     -0.9645811915397644      0.6925167441368103     0.4555555284023285     19.79722213745117
278     -0.9652714729309082      0.7058696150779724     0.5638888478279114     26.83148002624512
279     -0.9642320871353149      0.6761439442634583     0.3435185253620148     10.00462913513184
280     -0.9619430303573608      0.677001416683197     0.4083333313465118     32.31897735595703
281     -0.9611386060714722      0.6533713936805725     0.6268518567085266     39.92129516601562
282     -0.9634435772895813      0.6899191737174988     0.3342592418193817     13.56944370269775
283     -0.9616717100143433      0.669996976852417     0.3842592239379883     13.15833377838135
284     -0.9652059078216553      0.7048190236091614     0.4444444179534912     16.05092620849609
285     -0.9656387567520142      0.7027291059494019     0.5277777314186096     25.58518409729004
286     -0.9666026830673218      0.6986520290374756     0.3833333253860474     23.73240661621094
287     -0.9627437591552734      0.669808566570282     0.3203703761100769     16.4958324432373
288     -0.9635986089706421      0.6828147768974304     0.2990740537643433     21.80555534362793
289     -0.9652963876724243      0.7082613706588745     0.5935184955596924     41.75555419921875
290     -0.9653573632240295      0.7018677592277527     0.4046295881271362     15.87962913513184
291     -0.9614512324333191      0.6532794237136841     0.4925925731658936     26.56018447875977
292     -0.9657230377197266      0.6981770992279053     0.7444444298744202     66.09722137451172
293     -0.9638938903808594      0.6901516318321228     0.392592579126358     20.58148002624512
294     -0.9647254347801208      0.6883155703544617     0.4537037014961243     21.20370292663574
295     -0.9624001383781433      0.6530008912086487     0.6222221851348877     36.40462875366211
296     -0.9631966352462769      0.6841667294502258     0.4203703701496124     15.33240604400635
297     -0.9642706513404846      0.6865187287330627     0.5861110687255859     35.90277481079102
298     -0.9669498801231384      0.6967216730117798     0.3740740418434143     26.73518562316895
299     -0.9637787342071533      0.676078200340271     0.3398148119449615     14.52361106872559
300     -0.9628791213035583      0.6685694456100464     0.4175925552845001     16.17314720153809
301     -0.9642850756645203      0.683485746383667     0.3768518567085266     20.51666450500488
302     -0.9627044200897217      0.6674726009368896     0.5527777671813965     17.64444351196289
303     -0.9645881056785583      0.6845532059669495     0.3166666328907013     20.2342586517334
304     -0.9652409553527832      0.6868148446083069     0.3564814925193787     22.26944351196289
305     -0.9651877284049988      0.6850122809410095     0.3203703761100769     16.85647964477539
306     -0.9659052491188049      0.7027485966682434     0.3740740418434143     15.61481380462646
307     -0.9640856981277466      0.6898358464241028     0.4212962687015533     31.40833282470703
308     -0.9648738503456116      0.6901400685310364     0.3777777552604675     16.39537048339844
309     -0.9640661478042603      0.6966038346290588     0.4990740418434143     43.50370407104492
310     -0.968245267868042      0.7185399532318115     0.5740740299224854     38.08610916137695
311     -0.9658247828483582      0.7217983603477478     0.4296295940876007     32.73055648803711
312     -0.9657254815101624      0.714674174785614     0.6685184836387634     37.09722137451172
313     -0.9635091423988342      0.688067615032196     0.4287036955356598     20.10092544555664
314     -0.963532567024231      0.6792159676551819     0.3805555403232574     15.68009281158447
315     -0.962956964969635      0.6819990277290344     0.7935184836387634     38.85925674438477
316     -0.9631373882293701      0.6753844022750854     0.4768518507480621     18.68240547180176
317     -0.9641458988189697      0.6826388239860535     0.3657407164573669     21.24907302856445
318     -0.963450014591217      0.685478687286377     0.525925874710083     17.80555534362793
319     -0.9632692933082581      0.6731016039848328     0.2444444447755814     25.02083396911621
320     -0.9642143845558167      0.7030466198921204     0.345370352268219     9.532406806945801
321     -0.9625182151794434      0.6687227487564087     0.4888888895511627     20.46111106872559
322     -0.9666805863380432      0.7141349911689758     0.4259259104728699     22.41944313049316
323     -0.9634096026420593      0.6735036373138428     0.3712962567806244     19.18009185791016
324     -0.963539719581604      0.6769676804542542     0.6527777314186096     39.74583053588867
325     -0.9654258489608765      0.6949868202209473     0.5722222328186035     39.12036895751953
326     -0.9622490406036377      0.671309232711792     0.4583333432674408     13.68425941467285
327     -0.9643096327781677      0.6843711733818054     0.4629629254341125     12.42407417297363
328     -0.9650887250900269      0.6911203861236572     0.3259259164333344     13.98148059844971
329     -0.9648372530937195      0.685885488986969     0.3712962567806244     43.16481399536133
330     -0.9660661816596985      0.7041183114051819     0.2759259343147278     21.65555381774902
331     -0.9653826355934143      0.6924505829811096     0.5046296119689941     24.51944351196289
332     -0.9629262089729309      0.6794483661651611     0.4870370328426361     21.3657398223877
333     -0.9627474546432495      0.6754112243652344     0.3657407164573669     27.77777671813965
334     -0.9672589302062988      0.7067824602127075     0.5592592358589172     42.92129516601562
335     -0.9616848826408386      0.663908064365387     0.3990740478038788     21.3708324432373
336     -0.9661983251571655      0.7096768617630005     0.5666666030883789     22.17314910888672
337     -0.9622443914413452      0.6844995021820068     0.5583332777023315     23.14999961853027
338     -0.9651890397071838      0.7025225162506104     0.345370352268219     16.31203651428223
339     -0.965291440486908      0.7014517188072205     0.3685185015201569     9.98796272277832
340     -0.9657015800476074      0.7001035809516907     0.3833333253860474     20.78425979614258
341     -0.9630481600761414      0.681756317615509     0.546296238899231     46.82777786254883
342     -0.9667788147926331      0.7070070505142212     0.3166666328907013     17.80555534362793
343     -0.9651447534561157      0.7132437229156494     0.3370370268821716     12.34444427490234
344     -0.9612050652503967      0.650102972984314     0.2907407283782959     14.86990642547607
345     -0.9645283222198486      0.6795348525047302     0.3740740418434143     14.82175922393799
346     -0.9632380604743958      0.6725033521652222     0.3685185015201569     13.20277690887451
347     -0.964499831199646      0.6981127858161926     0.4620370268821716     24.24814796447754
348     -0.964396059513092      0.6872695088386536     0.2870370149612427     16.64814758300781
349     -0.9637534022331238      0.6765198707580566     0.4824073910713196     15.43472099304199
350     -0.9645370841026306      0.6738792061805725     0.4888888895511627     29.30740547180176
351     -0.9652764201164246      0.7030592560768127     0.4759258925914764     16.66944313049316
352     -0.9622357487678528      0.6699727773666382     0.4398147761821747     30.03842353820801
353     -0.96457439661026      0.6772910952568054     0.2907407283782959     15.050461769104
354     -0.9618096351623535      0.6593292355537415     0.3370370268821716     19.16249847412109
355     -0.9653912782669067      0.6991328001022339     0.4083333313465118     18.54722213745117
356     -0.9634295105934143      0.6884663701057434     0.5296295881271362     20.51018524169922
357     -0.9646592736244202      0.6712564826011658     0.5833333134651184     27.35833358764648
358     -0.9639898538589478      0.6919407844543457     0.3203703761100769     25.47129440307617
359     -0.9627411961555481      0.6553841233253479     0.3592592477798462     21.29397964477539
360     -0.9656049609184265      0.686038076877594     0.5351851582527161     52.38703536987305
361     -0.9637842774391174      0.6716564297676086     0.5638888478279114     16.09398078918457
362     -0.9616701602935791      0.6731678247451782     0.498148113489151     15.85555458068848
363     -0.9680132865905762      0.7286189198493958     0.4555555284023285     19.41296195983887
364     -0.9620696902275085      0.6643797755241394     0.4425925612449646     12.70092582702637
365     -0.9632033109664917      0.6657261848449707     0.29814812541008     26.73935127258301
366     -0.9637010097503662      0.680513858795166     0.4370370209217072     15.71481418609619
367     -0.9644654393196106      0.7013482451438904     0.5435185432434082     25.07962799072266
368     -0.9655254483222961      0.695905327796936     0.4148147702217102     13.43240642547607
369     -0.9650136828422546      0.6937737464904785     0.392592579126358     13.08796215057373
370     -0.9632555246353149      0.6861826181411743     0.4064814746379852     25.84722137451172
371     -0.9646089673042297      0.6790733933448792     0.3759258985519409     32.30370330810547
372     -0.9659857749938965      0.6974355578422546     0.5611110925674438     37.78147888183594
373     -0.9631425142288208      0.6768693923950195     0.3972222208976746     13.66018486022949
374     -0.9647070169448853      0.6910560727119446     0.3148148059844971     19.12962913513184
375     -0.9627127051353455      0.6676406860351562     0.2731481194496155     20.88472175598145
376     -0.9649203419685364      0.6802988052368164     0.5731481313705444     22.01064872741699
377     -0.964871346950531      0.6955528259277344     0.4453703761100769     31.49259185791016
378     -0.9626691341400146      0.6611948609352112     0.5120370388031006     38.11620330810547
379     -0.9642640948295593      0.6901729106903076     0.6046295762062073     20.71481323242188
380     -0.9635851979255676      0.6879686117172241     0.4851851761341095     28.76666641235352
381     -0.9648836255073547      0.6953741312026978     0.3101851940155029     7.484259128570557
382     -0.9661197066307068      0.7060413956642151     0.5999999642372131     23.2120361328125
383     -0.9611755609512329      0.6665011644363403     0.324999988079071     12.67777729034424
384     -0.9635967016220093      0.6830632090568542     0.5490740537643433     24.38518524169922
385     -0.9599803686141968      0.6550191044807434     0.3722222149372101     30.55462837219238
386     -0.9609034657478333      0.6447044014930725     0.4666666686534882     15.81944370269775
387     -0.961854100227356      0.6613891124725342     0.536111056804657     21.58009147644043
388     -0.9635372757911682      0.6712297201156616     0.3074073791503906     10.70509243011475
389     -0.9641643762588501      0.673284649848938     0.4148147702217102     41.67222213745117
390     -0.9627991318702698      0.6843136548995972     0.5009258985519409     31.39073944091797
391     -0.9664490818977356      0.7020718455314636     0.4814814329147339     22.96759033203125
392     -0.9642102122306824      0.6882155537605286     0.4064814746379852     18.14722061157227
393     -0.9648982882499695      0.6916125416755676     0.3305555284023285     21.10092353820801
394     -0.9646744132041931      0.6922031044960022     0.29814812541008     16.53981399536133
395     -0.9647626876831055      0.7067791223526001     0.3666666746139526     18.36759185791016
396     -0.962281346321106      0.6587846875190735     0.4638888835906982     22.9282398223877
397     -0.9615750908851624      0.6719037890434265     0.4824073910713196     16.93194389343262
398     -0.9672568440437317      0.7261673212051392     0.7740740776062012     45.43240737915039
399     -0.966219961643219      0.7104132771492004     0.5203703641891479     22.03981590270996
400     -0.9638858437538147      0.681501567363739     0.4203703701496124     12.22870349884033
401     -0.9628357887268066      0.6729890704154968     0.5972222089767456     35.8685188293457
402     -0.9638189077377319      0.674811065196991     0.5629629492759705     28.02222061157227
403     -0.9629178047180176      0.6720085740089417     0.3527777493000031     17.91110992431641
404     -0.9670206904411316      0.7160021066665649     0.3203703761100769     12.66759204864502
405     -0.9608972072601318      0.6590536236763     0.3861110806465149     14.6796293258667
406     -0.9637076258659363      0.6795008778572083     0.3185185194015503     14.89861106872559
407     -0.9668193459510803      0.7190865874290466     0.4611110985279083     29.91388893127441
408     -0.9655478596687317      0.7022864818572998     0.5129629373550415     24.02407264709473
409     -0.9615694880485535      0.6696321368217468     0.4333333373069763     30.45092391967773
410     -0.9608414173126221      0.6548215746879578     0.3083333075046539     10.00833225250244
411     -0.9622044563293457      0.6538940668106079     0.7129629850387573     36.97638702392578
412     -0.9629587531089783      0.6705199480056763     0.3898148238658905     11.01990795135498
413     -0.9611853957176208      0.6393089890480042     0.4694444239139557     22.53009033203125
414     -0.9653650522232056      0.7012854814529419     0.4870370328426361     18.49444389343262
415     -0.9652877449989319      0.70071941614151     0.3537037074565887     13.04166698455811
416     -0.9632261395454407      0.6831129789352417     0.3870370388031006     27.81573867797852
417     -0.9643240571022034      0.6859217882156372     0.4564814567565918     19.99444389343262
418     -0.9642784595489502      0.6790395975112915     0.4240740537643433     17.45046234130859
419     -0.9622159004211426      0.6415615677833557     0.4870370328426361     18.9777774810791
420     -0.9640848636627197      0.6738865971565247     0.2268518507480621     20.43888854980469
421     -0.9657710790634155      0.7028019428253174     0.3018518388271332     16.60462951660156
422     -0.9647639989852905      0.6955773830413818     0.2888888716697693     11.81018447875977
423     -0.9648330211639404      0.6950831413269043     0.4120370149612427     30.31018447875977
424     -0.9669373631477356      0.7116997241973877     0.3222222030162811     15.85092544555664
425     -0.9620224833488464      0.6618586778640747     0.3759258985519409     32.41944122314453
426     -0.960577130317688      0.6341724991798401     0.4962962567806244     44.58101654052734
427     -0.9656115770339966      0.7036029696464539     0.3259259164333344     19.2120361328125
428     -0.9652056694030762      0.6904419660568237     0.3166666328907013     12.50092601776123
429     -0.9646251797676086      0.671697199344635     0.5074073672294617     43.6541633605957
430     -0.9647408723831177      0.6848098039627075     0.4074074029922485     15.10555458068848
431     -0.9633218050003052      0.6728418469429016     0.8500000238418579     29.80925750732422
432     -0.9624236822128296      0.6528103947639465     0.4296295940876007     21.32823944091797
433     -0.9668563008308411      0.7136451601982117     0.4777777493000031     25.65740585327148
434     -0.9636508822441101      0.6861997842788696     0.4018518328666687     40.18240737915039
435     -0.9635009169578552      0.6804748773574829     0.335185170173645     11.09490776062012
436     -0.9642467498779297      0.6993237137794495     0.480555534362793     32.25277709960938
437     -0.9638894200325012      0.6719819903373718     0.3185185194015503     11.82777690887451
438     -0.9633216261863708      0.6704177856445312     0.4694444239139557     14.04120349884033
439     -0.9660932421684265      0.721356987953186     0.3129629492759705     19.07222175598145
440     -0.9667351841926575      0.7194755077362061     0.3722222149372101     9.147221565246582
441     -0.9619337320327759      0.6486942768096924     0.3212962746620178     12.29490756988525
442     -0.9613747000694275      0.6671072840690613     0.4351851940155029     17.89583206176758
443     -0.964663565158844      0.6845141649246216     0.4453703761100769     15.23981380462646
444     -0.9664206504821777      0.6892924904823303     0.4666666686534882     54.78147888183594
445     -0.9629655480384827      0.6743062138557434     0.3805555403232574     22.24629402160645
446     -0.9631779789924622      0.6819975972175598     0.3490740656852722     20.38981437683105
447     -0.9684574604034424      0.7369402050971985     0.3740740418434143     12.72685146331787
448     -0.9637056589126587      0.6857224106788635     0.5249999761581421     25.85462760925293
449     -0.9644522070884705      0.6851880550384521     0.2731481194496155     8.239814758300781
450     -0.965680718421936      0.6971166133880615     0.4462962746620178     19.18148040771484
451     -0.962384045124054      0.6709982752799988     0.3546296060085297     10.19259262084961
452     -0.9615789651870728      0.6702499389648438     0.5907407402992249     38.299072265625
453     -0.9665001630783081      0.7044446468353271     0.392592579126358     22.60555458068848
454     -0.9637230634689331      0.6785013675689697     0.574999988079071     15.67129516601562
455     -0.9641050696372986      0.6710018515586853     0.3027777671813965     13.34120273590088
456     -0.961786687374115      0.6417412757873535     0.3888888657093048     20.66157341003418
457     -0.961054265499115      0.6412559151649475     0.3740740418434143     25.1810188293457
458     -0.9647688269615173      0.6974353790283203     0.425000011920929     16.8657398223877
459     -0.9659999012947083      0.7023749947547913     0.3314814567565918     12.00555515289307
460     -0.9635757803916931      0.6821705102920532     0.6620370149612427     44.35508728027344
461     -0.9654650688171387      0.6933208107948303     0.4185185134410858     25.92314910888672
462     -0.9652898907661438      0.6882547736167908     0.5175925493240356     14.48148059844971
463     -0.9654266834259033      0.7122306227684021     0.5574073791503906     21.95740699768066
464     -0.9676761031150818      0.7096568942070007     0.2259259223937988     13.51666641235352
465     -0.960785984992981      0.6430331468582153     0.4824073910713196     18.7810173034668
466     -0.9624276757240295      0.6658554077148438     0.5018518567085266     17.73564720153809
467     -0.9641188383102417      0.6664745807647705     0.4407407343387604     21.57407379150391
468     -0.9605321288108826      0.6318879127502441     0.4749999940395355     61.75601577758789
469     -0.9649332761764526      0.6732282638549805     0.364814817905426     20.16897964477539
470     -0.9661250710487366      0.6930184960365295     0.6388888955116272     22.97036933898926
471     -0.9659690856933594      0.7033739686012268     0.3592592477798462     13.18888759613037
472     -0.9634555578231812      0.68233323097229     0.3916666805744171     19.90555381774902
473     -0.9639104604721069      0.6730179786682129     0.3731481432914734     38.15231323242188
474     -0.9623680114746094      0.6621211171150208     0.5222222208976746     33.99490737915039
475     -0.9655625820159912      0.6885983347892761     0.6648147702217102     16.51111030578613
476     -0.9639445543289185      0.679469108581543     0.2999999821186066     13.40648078918457
477     -0.9593751430511475      0.6386445164680481     0.3731481432914734     27.58888816833496
478     -0.9672226309776306      0.7141779661178589     0.4407407343387604     19.67777824401855
479     -0.9644345045089722      0.7035735845565796     0.6462962627410889     37.13518524169922
480     -0.9617599844932556      0.6778608560562134     0.42314812541008     24.81573867797852
481     -0.9648588895797729      0.6855462789535522     0.4055555462837219     13.8527774810791
482     -0.965445339679718      0.6999061703681946     0.4833333194255829     30.25185203552246
483     -0.9632434844970703      0.6799723505973816     0.4379629194736481     11.87129592895508
484     -0.9645405411720276      0.6805838942527771     0.375     18.28749847412109
485     -0.9645528793334961      0.6907081604003906     0.355555534362793     13.07777690887451
486     -0.9627280235290527      0.6546630263328552     0.4537037014961243     23.25694274902344
487     -0.9667311310768127      0.7035734057426453     0.4425925612449646     19.15925979614258
488     -0.9609348177909851      0.6597620248794556     0.4416666626930237     33.40277481079102
489     -0.967318058013916      0.7234654426574707     0.3407407104969025     12.18148040771484
490     -0.9649584293365479      0.7015450596809387     0.5037037134170532     33.97314453125
491     -0.9647916555404663      0.6915490627288818     0.2842592597007751     27.84166717529297
492     -0.9640966057777405      0.6837098598480225     0.4907407164573669     17.55185127258301
493     -0.964015781879425      0.679929792881012     0.3138888776302338     14.49629592895508
494     -0.9623334407806396      0.6664295196533203     0.4685185253620148     12.19398021697998
495     -0.9665740728378296      0.700168788433075     0.3222222030162811     8.601851463317871
496     -0.9647196531295776      0.6899763941764832     0.4157407283782959     23.14259147644043
497     -0.9677215218544006      0.7313743233680725     0.4907407164573669     17.26111030578613
498     -0.9634698033332825      0.6714765429496765     0.4722222089767456     23.81157302856445
499     -0.9623119235038757      0.6704281568527222     0.4851851761341095     25.72823905944824
500     -0.9667723178863525      0.699430525302887     0.355555534362793     33.17777633666992
501     -0.9619097709655762      0.6586857438087463     0.4574073851108551     19.13518524169922
502     -0.9636034965515137      0.6819335222244263     0.5111110806465149     21.31342506408691
503     -0.9640611410140991      0.6750317215919495     0.4222221970558167     26.20231437683105
504     -0.9658569097518921      0.6955534815788269     0.4166666567325592     30.42592430114746
505     -0.9666258692741394      0.7079563140869141     0.3518518507480621     10.07870292663574
506     -0.9631946086883545      0.674954891204834     0.6731480956077576     60.71434783935547
507     -0.9638919830322266      0.6935532093048096     0.5861110687255859     33.41944122314453
508     -0.9667521119117737      0.7200762629508972     0.277777761220932     14.80648040771484
509     -0.9647057056427002      0.6886827945709229     0.317592591047287     17.77129554748535
510     -0.9644206762313843      0.6814166903495789     0.4222221970558167     14.71805477142334
511     -0.9639784097671509      0.6823228001594543     0.4648147821426392     33.07036972045898
512     -0.9643006324768066      0.662584125995636     0.3888888657093048     34.17036819458008
513     -0.966795027256012      0.7157993912696838     0.5888888835906982     20.17499923706055
514     -0.9644893407821655      0.6800942420959473     0.4944444298744202     37.30509185791016
515     -0.962840735912323      0.6657427549362183     0.6212962865829468     46.89444351196289
516     -0.9627471566200256      0.6605018973350525     0.4638888835906982     18.84212875366211
517     -0.9623245596885681      0.6550174355506897     0.5527777671813965     47.09305191040039
518     -0.9658200144767761      0.6972770094871521     0.3037036955356598     20.28425979614258
519     -0.9651531577110291      0.7043915390968323     0.4870370328426361     8.562962532043457
520     -0.9637566208839417      0.7026981711387634     0.3166666328907013     11.88425922393799
521     -0.9623075127601624      0.6561494469642639     0.4175925552845001     38.87916564941406
522     -0.9657661914825439      0.7020216584205627     0.449999988079071     26.39259147644043
523     -0.9613785147666931      0.64527827501297     0.3194444477558136     14.74629592895508
524     -0.9623590707778931      0.6596195697784424     0.4185185134410858     18.89999961853027
525     -0.964627742767334      0.6959865093231201     0.4148147702217102     18.66851806640625
526     -0.965603768825531      0.6994768977165222     0.449999988079071     17.27962875366211
527     -0.9655453562736511      0.6936648488044739     0.3499999940395355     15.26573944091797
528     -0.9645296931266785      0.6981288194656372     0.5240740776062012     25.64722061157227
529     -0.9628140330314636      0.668510377407074     0.6148147583007812     50.42592239379883
530     -0.9635949730873108      0.6785386204719543     0.4583333432674408     31.37546157836914
531     -0.9641307592391968      0.6868199110031128     0.4935185015201569     12.37870311737061
532     -0.9633570313453674      0.6663252711296082     0.3120370209217072     27.73981285095215
533     -0.9643495082855225      0.7041240334510803     0.5231481194496155     43.96666717529297
534     -0.9630618691444397      0.6659865379333496     0.3425925672054291     18.0337963104248
535     -0.9653968214988708      0.6879470348358154     0.4657407104969025     18.52499961853027
536     -0.9646708965301514      0.697973370552063     0.3592592477798462     21.48703575134277
537     -0.9682633280754089      0.7099847793579102     0.3870370388031006     24.86944198608398
538     -0.963483989238739      0.680528461933136     0.448148101568222     14.88240623474121
539     -0.9622454643249512      0.6609213948249817     0.3212962746620178     18.41620254516602
540     -0.9626919031143188      0.6635451912879944     0.4888888895511627     26.5310173034668
541     -0.9644820690155029      0.6817586421966553     0.3120370209217072     8.029166221618652
542     -0.9633467793464661      0.6726717352867126     0.4546296000480652     30.05879402160645
543     -0.9605153799057007      0.6483505964279175     0.5916666388511658     44.19166564941406
544     -0.9666645526885986      0.71563720703125     0.3888888657093048     22.09074020385742
545     -0.9624486565589905      0.6839324831962585     0.3361110985279083     26.45370292663574
546     -0.9601404666900635      0.6307672262191772     0.4064814746379852     64.24120330810547
547     -0.9622517824172974      0.6614795327186584     0.6796296238899231     32.03055572509766
548     -0.9620200395584106      0.6621049642562866     0.4648147821426392     21.16851806640625
549     -0.9633508324623108      0.6757580637931824     0.4314814507961273     23.52638816833496
550     -0.9646220803260803      0.6825919151306152     0.4055555462837219     13.20833301544189
551     -0.9611588716506958      0.6470458507537842     0.4175925552845001     25.54212760925293
552     -0.963242769241333      0.6863363981246948     0.3407407104969025     15.49814701080322
553     -0.962184727191925      0.6581323146820068     0.3962962627410889     18.33472061157227
554     -0.9652785658836365      0.6983621716499329     0.3620370328426361     23.27962684631348
555     -0.9647916555404663      0.6911035776138306     0.449999988079071     23.79537010192871
556     -0.9658460021018982      0.6952287554740906     0.3166666328907013     12.87407398223877
557     -0.9668219685554504      0.7004548311233521     0.4944444298744202     23.21759033203125
558     -0.9633235931396484      0.6822565793991089     0.3305555284023285     22.65925788879395
559     -0.9605875015258789      0.6317870020866394     0.3972222208976746     14.60324001312256
560     -0.9636718034744263      0.664884090423584     0.3675925731658936     34.90092468261719
561     -0.9639129042625427      0.6853887438774109     0.4990740418434143     26.89166641235352
562     -0.9598250985145569      0.6162416338920593     0.8046296238899231     45.35971832275391
563     -0.9657900929450989      0.6703858375549316     0.4537037014961243     44.92916488647461
564     -0.9637326002120972      0.6752517819404602     0.3888888657093048     24.2564811706543
565     -0.9652040004730225      0.6862930655479431     0.8240740299224854     38.81296157836914
566     -0.9644234776496887      0.6956943273544312     0.449999988079071     26.58610916137695
567     -0.9635713696479797      0.6883994340896606     0.362962931394577     18.58796310424805
568     -0.9623177647590637      0.6868829131126404     0.3583333194255829     12.60092544555664
569     -0.9646024703979492      0.692060649394989     0.3259259164333344     22.90277671813965
570     -0.9617335796356201      0.6678016781806946     0.3296296298503876     10.1833324432373
571     -0.9670330286026001      0.7078317999839783     0.2648147940635681     10.17685127258301
572     -0.9628975987434387      0.6627469658851624     0.4296295940876007     16.85601806640625
573     -0.9630597233772278      0.6837608218193054     0.5120370388031006     14.51203632354736
574     -0.9656630754470825      0.6873345375061035     0.2666666805744171     23.20925712585449
575     -0.9617194533348083      0.6565755009651184     0.4787037074565887     10.75416564941406
576     -0.963653564453125      0.6928269863128662     0.3009259104728699     16.67592620849609
577     -0.9627485275268555      0.6600497961044312     0.4037036895751953     13.49953651428223
578     -0.9628416299819946      0.6707605123519897     0.4425925612449646     36.53935241699219
579     -0.9642817974090576      0.6992956399917603     0.4916666746139526     14.45740604400635
580     -0.9622599482536316      0.6695165038108826     0.8240740299224854     45.45138549804688
581     -0.9623060822486877      0.658600926399231     0.4731481075286865     27.01250076293945
582     -0.9651697874069214      0.7048676609992981     0.5768518447875977     20.86666488647461
583     -0.9675239324569702      0.7244842648506165     0.4277777373790741     10.72036933898926
584     -0.9632311463356018      0.6750296950340271     0.402777761220932     43.16249847412109
585     -0.9647795557975769      0.7002557516098022     0.3768518567085266     13.45277690887451
586     -0.9664263725280762      0.7122253179550171     0.5222222208976746     23.75185203552246
587     -0.9626340866088867      0.6594982743263245     0.2953703701496124     10.00925922393799
588     -0.9598263502120972      0.6311787366867065     0.2796296179294586     11.79074096679688
589     -0.9647133946418762      0.6913944482803345     0.3842592239379883     10.37222194671631
590     -0.9638850092887878      0.6840608716011047     0.4537037014961243     23.19907379150391
591     -0.9620548486709595      0.6634857058525085     0.4222221970558167     19.82175827026367
592     -0.9646953940391541      0.685510516166687     0.3703703582286835     11.78703689575195
593     -0.9627478122711182      0.6615986824035645     0.402777761220932     29.89351844787598
594     -0.9632434248924255      0.668406069278717     0.4962962567806244     18.4333324432373
595     -0.9633780717849731      0.6524714827537537     0.5574073791503906     34.46944427490234
596     -0.966239333152771      0.7044061422348022     0.7240740656852722     49.23240661621094
597     -0.9633458852767944      0.6681913733482361     0.287962943315506     29.96666717529297
598     -0.9652696251869202      0.6932358145713806     0.7166666388511658     47.29999923706055
599     -0.9629658460617065      0.6748136281967163     0.6305555701255798     33.26712799072266
600     -0.9609520435333252      0.6446918249130249     0.2694444358348846     36.06157302856445
601     -0.9613789319992065      0.6517584323883057     0.3231481313705444     18.80046272277832
602     -0.9636464715003967      0.6886076927185059     0.5333333611488342     41.18518447875977
603     -0.9705740809440613      0.7377961277961731     0.3518518507480621     10.67222213745117
604     -0.9677295684814453      0.7262259125709534     0.2259259223937988     13.77962875366211
605     -0.962052583694458      0.678817093372345     0.364814817905426     11.69861030578613
606     -0.9629577398300171      0.683644711971283     0.595370352268219     28.68147850036621
607     -0.9650751948356628      0.6828522086143494     0.5722222328186035     42.83333206176758
608     -0.9648241996765137      0.685488760471344     0.3027777671813965     11.25
609     -0.9666210412979126      0.7187076210975647     0.3314814567565918     14.66851806640625
610     -0.9630654454231262      0.6741119623184204     0.355555534362793     17.87407302856445
611     -0.9618115425109863      0.6663395762443542     0.3490740656852722     12.2888879776001
612     -0.9640467166900635      0.6868301033973694     0.3166666328907013     12.70462894439697
613     -0.9642623066902161      0.6936665177345276     0.6222221851348877     40.3796272277832
614     -0.9643701910972595      0.7024366855621338     0.3296296298503876     20.35092544555664
615     -0.963499903678894      0.6806018948554993     0.4055555462837219     21.69583129882812
616     -0.9655084013938904      0.7176299095153809     0.4444444179534912     29.41573905944824
617     -0.9647437930107117      0.7032771706581116     0.4759258925914764     18.94073867797852
618     -0.9639507532119751      0.6800064444541931     0.3583333194255829     23.69814872741699
619     -0.9653480052947998      0.6917497515678406     0.2814814746379852     9.533332824707031
620     -0.9628604054450989      0.6785176396369934     0.4898147881031036     41.48332977294922
621     -0.9652727842330933      0.7006845474243164     0.2953703701496124     16.94073867797852
622     -0.9619317054748535      0.6421903371810913     0.3805555403232574     13.92083358764648
623     -0.9639173746109009      0.6781935095787048     0.4518518447875977     18.59490585327148
624     -0.962462306022644      0.6491094827651978     0.5601851940155029     45.07221984863281
625     -0.9654182195663452      0.6777050495147705     0.3888888657093048     15.25786972045898
626     -0.9620546102523804      0.6526837348937988     0.3861110806465149     28.69351768493652
627     -0.9607765078544617      0.6546304821968079     0.3870370388031006     15.41342544555664
628     -0.9662895798683167      0.7207018136978149     0.3833333253860474     13.51573944091797
629     -0.9617478847503662      0.6610280871391296     0.4398147761821747     27.35277557373047
630     -0.9636486768722534      0.6945641040802002     0.402777761220932     13.19629573822021
631     -0.9645408391952515      0.6754211187362671     0.4722222089767456     20.48564720153809
632     -0.9651373624801636      0.6871688365936279     0.5175925493240356     26.15092468261719
633     -0.96676105260849      0.720791757106781     0.4037036895751953     22.28888893127441
634     -0.9662653207778931      0.7090210914611816     0.4203703701496124     10.11111068725586
635     -0.9638718366622925      0.6871580481529236     0.2546296119689941     24.63333320617676
636     -0.9654754400253296      0.6998518109321594     0.4388888776302338     18.03888893127441
637     -0.9612042903900146      0.6588892340660095     0.4194444119930267     14.4777774810791
638     -0.962171733379364      0.6694129705429077     0.3879629373550415     24.44120407104492
639     -0.9632574319839478      0.6690182089805603     0.3444444239139557     15.2967586517334
640     -0.9603695273399353      0.6516430377960205     0.4324073791503906     31.82268524169922
641     -0.9627096056938171      0.6689856648445129     0.3138888776302338     15.56944370269775
642     -0.9625353217124939      0.6465804576873779     0.449999988079071     48.99675369262695
643     -0.9642349481582642      0.6800310015678406     0.4925925731658936     24.37407302856445
644     -0.9598488211631775      0.6295701861381531     0.412962943315506     24.01573944091797
645     -0.9632071256637573      0.6783819794654846     0.4555555284023285     32.63750076293945
646     -0.966966450214386      0.7229183912277222     0.3148148059844971     10.3268518447876
647     -0.9649745225906372      0.6774600148200989     0.3805555403232574     36.3995361328125
648     -0.9607495069503784      0.649678647518158     0.3111110925674438     25.77962684631348
649     -0.9639725685119629      0.6816871166229248     0.3314814567565918     19.7810173034668
650     -0.963152289390564      0.6735824942588806     0.7685184478759766     25.74027633666992
651     -0.9618271589279175      0.6581560373306274     0.4138888716697693     18.19444465637207
652     -0.9654873013496399      0.6992306113243103     0.3574073910713196     21.13055419921875
653     -0.9625400304794312      0.6773411631584167     0.3620370328426361     13.08009243011475
654     -0.9633089900016785      0.6719222664833069     0.4240740537643433     18.07361030578613
655     -0.9648711085319519      0.6800479888916016     0.3796296119689941     9.045832633972168
656     -0.966167151927948      0.7032316327095032     0.546296238899231     51.85833358764648
657     -0.9623754024505615      0.6686821579933167     0.3083333075046539     12.69351863861084
658     -0.9616828560829163      0.6563379168510437     0.4416666626930237     23.7546272277832
659     -0.9603736400604248      0.6490901708602905     0.3796296119689941     11.26851844787598
660     -0.9637405872344971      0.6889179944992065     0.3342592418193817     19.65925979614258
661     -0.9623399972915649      0.671417236328125     0.5240740776062012     45.00740814208984
662     -0.9618459343910217      0.6617156863212585     0.3685185015201569     12.69536972045898
663     -0.9641643166542053      0.6773178577423096     0.6398147940635681     21.82407379150391
664     -0.9626229405403137      0.6750454306602478     0.3638888895511627     9.340740203857422
665     -0.9627843499183655      0.6482178568840027     0.4620370268821716     33.45370483398438
666     -0.9626134634017944      0.6716915965080261     0.4287036955356598     12.7018518447876
667     -0.9626152515411377      0.6767372488975525     0.4277777373790741     19.81666564941406
668     -0.9628903865814209      0.6954050064086914     0.4796296060085297     15.05370330810547
669     -0.9620593786239624      0.6732468008995056     0.4898147881031036     25.98240661621094
670     -0.9619317054748535      0.6518120765686035     0.42314812541008     25.88703727722168
671     -0.9623397588729858      0.6582894921302795     0.3759258985519409     22.76851844787598
672     -0.9639317393302917      0.6720937490463257     0.2740740478038788     16.25277709960938
673     -0.965140700340271      0.6939699053764343     0.2898148000240326     13.11111068725586
674     -0.9643701314926147      0.6948393583297729     0.480555534362793     23.35833358764648
675     -0.962939441204071      0.666352391242981     0.4435185194015503     19.58148002624512
676     -0.9612647294998169      0.6717052459716797     0.3537037074565887     26.10879516601562
677     -0.9665617942810059      0.7124330401420593     0.5592592358589172     39.1805534362793
678     -0.9625047445297241      0.6759611368179321     0.574999988079071     25.00092506408691
679     -0.9625266790390015      0.677407443523407     0.4000000059604645     13.44536972045898
680     -0.9634192585945129      0.6578101515769958     0.4972222149372101     24.34166717529297
681     -0.9623048305511475      0.6822597980499268     0.4361110925674438     21.96574020385742
682     -0.9633061289787292      0.6689379215240479     0.3675925731658936     17.10323905944824
683     -0.9626083374023438      0.6696671843528748     0.4527777433395386     14.85416698455811
684     -0.9642521142959595      0.6814535856246948     0.3814814984798431     33.85972213745117
685     -0.9622867107391357      0.6779403686523438     0.8972221612930298     68.21064758300781
686     -0.9629973173141479      0.6713987588882446     0.4166666567325592     12.69166660308838
687     -0.9623346924781799      0.6647545695304871     0.6518518328666687     48.38657379150391
688     -0.9641638398170471      0.6842010617256165     0.5666666030883789     25.66944313049316
689     -0.9633567929267883      0.6858883500099182     0.4925925731658936     16.40925979614258
690     -0.9645286202430725      0.6918194890022278     0.4101851880550385     22.0666675567627
691     -0.9629131555557251      0.6778959035873413     0.7453703880310059     49.90740585327148
692     -0.9661829471588135      0.7066843509674072     0.4259259104728699     14.86759281158447
693     -0.9645968675613403      0.6984646916389465     0.4907407164573669     36.44259262084961
694     -0.9659481048583984      0.7023665308952332     0.546296238899231     53.00185012817383
695     -0.9637824892997742      0.6818286776542664     0.3259259164333344     8.381943702697754
696     -0.9650464653968811      0.6987160444259644     0.449999988079071     24.36296081542969
697     -0.9624608755111694      0.6644141674041748     0.4333333373069763     20.25277709960938
698     -0.9632565975189209      0.6812580823898315     0.5203703641891479     33.00601959228516
699     -0.9664386510848999      0.7017754912376404     0.6185185313224792     28.3657398223877
700     -0.9639312624931335      0.6785462498664856     0.4851851761341095     24.18009185791016
701     -0.9622884392738342      0.6556333899497986     0.4833333194255829     28.98379516601562
702     -0.9604692459106445      0.6396526098251343     0.5731481313705444     47.60508728027344
703     -0.9620731472969055      0.6663497686386108     0.6194444298744202     20.69027709960938
704     -0.9634806513786316      0.683746337890625     0.3972222208976746     16.62407302856445
705     -0.964399516582489      0.6846930980682373     0.3759258985519409     21.81296157836914
706     -0.9635410308837891      0.6984016895294189     0.5111110806465149     28.00647926330566
707     -0.9632381200790405      0.6642012000083923     0.4851851761341095     31.3523120880127
708     -0.9615169167518616      0.6542972922325134     0.2564814686775208     14.89120292663574
709     -0.966899573802948      0.715747058391571     0.3962962627410889     18.70277786254883
710     -0.9658898115158081      0.6985548734664917     0.4722222089767456     14.79351806640625
711     -0.9643812775611877      0.6902378797531128     0.4203703701496124     24.38981437683105
712     -0.9645824432373047      0.7042098641395569     0.574999988079071     24.0805549621582
713     -0.9625816941261292      0.6647304892539978     0.3694444298744202     33.5425910949707
714     -0.9639957547187805      0.6915737986564636     0.4925925731658936     20.91481399536133
715     -0.9631797671318054      0.6770433187484741     0.3481481671333313     26.17314910888672
716     -0.963228702545166      0.6975694894790649     0.4370370209217072     24.78703689575195
717     -0.9650678634643555      0.6611606478691101     0.4055555462837219     18.30740547180176
718     -0.9647077918052673      0.6881528496742249     0.3444444239139557     12.74074077606201
719     -0.9660450220108032      0.7048292756080627     0.4666666686534882     22.30370330810547
720     -0.9638990163803101      0.7046627402305603     0.6824073791503906     25.80370330810547
721     -0.9639253616333008      0.6747555136680603     0.4564814567565918     37.22268676757812
722     -0.9643248915672302      0.6924843788146973     0.5666666030883789     31.85647964477539
723     -0.9670719504356384      0.7180036902427673     0.392592579126358     11.25555515289307
724     -0.9654158353805542      0.6958795785903931     0.4462962746620178     15.1027774810791
725     -0.9615893363952637      0.6659908294677734     0.3092592656612396     14.21296215057373
726     -0.9654407501220703      0.7033129334449768     0.3944444060325623     12.62129592895508
727     -0.9650927782058716      0.6927750110626221     0.2740740478038788     10.35462951660156
728     -0.9625941514968872      0.6684300303459167     0.4620370268821716     36.26712799072266
729     -0.9646350741386414      0.6772766709327698     0.4120370149612427     19.1560173034668
730     -0.9674477577209473      0.7186841368675232     0.2611111104488373     16.30277824401855
731     -0.9654346704483032      0.7002373933792114     0.4175925552845001     8.083333015441895
732     -0.9668656587600708      0.7196428775787354     0.4351851940155029     17.42222213745117
733     -0.9636673927307129      0.6778685450553894     0.4333333373069763     13.46435165405273
734     -0.9610435366630554      0.6582608222961426     0.6138888597488403     16.96111106872559
735     -0.9644944667816162      0.6938926577568054     0.6240740418434143     41.99629592895508
736     -0.9635604023933411      0.6699609160423279     0.7305554747581482     75.61898040771484
737     -0.9639641046524048      0.6870923638343811     0.3916666805744171     21.53055381774902
738     -0.9645565748214722      0.6803144216537476     0.3074073791503906     8.225925445556641
739     -0.9663357734680176      0.7015762329101562     0.3370370268821716     14.32592582702637
740     -0.9651003479957581      0.7003710269927979     0.3712962567806244     21.30092430114746
741     -0.9648516178131104      0.6894629001617432     0.4398147761821747     20.65092658996582
742     -0.9631562232971191      0.6525605320930481     0.4833333194255829     27.73472213745117
743     -0.9634198546409607      0.665910542011261     0.3472222089767456     14.22592544555664
744     -0.964260995388031      0.679902195930481     0.5944443941116333     30.40833282470703
745     -0.9649782180786133      0.69683837890625     0.4796296060085297     13.79722118377686
746     -0.9645105004310608      0.6908524632453918     0.3509258925914764     9.324999809265137
747     -0.9632425308227539      0.6755743622779846     0.3601851761341095     34.73379516601562
748     -0.9628229737281799      0.6737685799598694     0.5879629254341125     24.88564872741699
749     -0.9652406573295593      0.6834640502929688     0.3148148059844971     20.14999961853027
750     -0.9650076627731323      0.6916506886482239     0.3796296119689941     15.04629516601562
751     -0.9646328091621399      0.688820481300354     0.3268518447875977     16.46296310424805
752     -0.9620445966720581      0.6492612361907959     0.327777773141861     20.64073944091797
753     -0.961747944355011      0.6635323762893677     0.375     27.69397926330566
754     -0.9651253223419189      0.6954620480537415     0.54537034034729     49.61203765869141
755     -0.9641432166099548      0.6794072389602661     0.5898147821426392     38.03425598144531
756     -0.9626809358596802      0.6808568835258484     0.3814814984798431     15.19305515289307
757     -0.9637536406517029      0.6881600022315979     0.4064814746379852     21.4907398223877
758     -0.9658544659614563      0.7109450697898865     0.3814814984798431     11.45648002624512
759     -0.9670877456665039      0.7104794979095459     0.5388888716697693     21.43518447875977
760     -0.9643057584762573      0.6936352252960205     0.385185182094574     20.04166603088379
761     -0.963578999042511      0.6742234230041504     0.3481481671333313     14.27036952972412
762     -0.964454174041748      0.6699366569519043     0.5518518686294556     22.5671272277832
763     -0.9656792879104614      0.7058080434799194     0.575925886631012     40.22129440307617
764     -0.9641067981719971      0.6854005455970764     0.3472222089767456     15.80185127258301
765     -0.9625362157821655      0.651824414730072     0.402777761220932     15.0768518447876
766     -0.9656206965446472      0.6955346465110779     0.3703703582286835     7.303703308105469
767     -0.9671733379364014      0.7258526086807251     0.6666666269302368     40.37777709960938
768     -0.9609185457229614      0.6521955728530884     0.4009259045124054     30.68425750732422
769     -0.9665678739547729      0.7149850130081177     0.5296295881271362     23.12777519226074
770     -0.9631380438804626      0.6826472282409668     0.546296238899231     28.78796005249023
771     -0.9659573435783386      0.7107186913490295     0.3166666328907013     16.26666641235352
772     -0.9644052982330322      0.6943268179893494     0.6185185313224792     45.21296310424805
773     -0.9625669717788696      0.6643542051315308     0.3814814984798431     12.58749961853027
774     -0.9631717205047607      0.6872249245643616     0.2925925850868225     15.19814682006836
775     -0.9624602794647217      0.668587327003479     0.5268518328666687     30.92268562316895
776     -0.9636695981025696      0.6699708104133606     0.3703703582286835     17.11759185791016
777     -0.9655607342720032      0.6994649171829224     0.4166666567325592     19.27222061157227
778     -0.9668641090393066      0.7076043486595154     0.3333333134651184     11.61388778686523
779     -0.9645904302597046      0.6904345154762268     0.3583333194255829     7.622221946716309
780     -0.9656610488891602      0.7044129967689514     0.4185185134410858     32.35185241699219
781     -0.9642273187637329      0.680675745010376     0.287962943315506     15.3657398223877
782     -0.9633236527442932      0.6775040030479431     0.3425925672054291     18.86620330810547
783     -0.963362455368042      0.6982794404029846     0.3527777493000031     18.95833206176758
784     -0.9630603790283203      0.6627517938613892     0.3407407104969025     10.69444370269775
785     -0.9653378129005432      0.6923834085464478     0.2944444417953491     16.82314682006836
786     -0.9652848243713379      0.7044692635536194     0.5444444417953491     18.94999885559082
787     -0.9654282927513123      0.7024616003036499     0.3861110806465149     9.483332633972168
788     -0.9631245732307434      0.6717966198921204     0.4768518507480621     43.67823791503906
789     -0.9632282853126526      0.6791858077049255     0.3490740656852722     17.35787010192871
790     -0.9625554084777832      0.6590516567230225     0.3657407164573669     16.95138740539551
791     -0.9627313017845154      0.6818567514419556     0.3759258985519409     16.10416603088379
792     -0.9651743769645691      0.677252471446991     0.6629629135131836     34.26203536987305
793     -0.9621539115905762      0.6437246203422546     0.3703703582286835     27.66018486022949
794     -0.9624171257019043      0.6814473271369934     0.4120370149612427     21.03564643859863
795     -0.9659048914909363      0.7068946957588196     0.3888888657093048     22.0805549621582
796     -0.965004563331604      0.7061910033226013     0.3685185015201569     23.32500076293945
797     -0.9608137011528015      0.6658862829208374     0.2851851880550385     9.039813995361328
798     -0.9638347029685974      0.6741357445716858     0.4472222030162811     34.60879516601562
799     -0.9659342169761658      0.7065008878707886     0.3185185194015503     16.95185089111328
800     -0.9635952711105347      0.6809477806091309     0.2648147940635681     17.16203689575195
801     -0.9621641635894775      0.6713998913764954     0.3888888657093048     20.36435127258301
802     -0.9617204070091248      0.6533524394035339     0.3379629552364349     25.55694198608398
803     -0.9628133773803711      0.6733677983283997     0.4259259104728699     19.25277709960938
804     -0.9636096954345703      0.6762541532516479     0.5805555582046509     32.21712875366211
805     -0.9656168818473816      0.6922656893730164     0.4222221970558167     40.80185317993164
806     -0.966904878616333      0.7175828218460083     0.3777777552604675     11.57962894439697
807     -0.9617165327072144      0.6788756847381592     0.4185185134410858     24.4662036895752
808     -0.9643053412437439      0.6805487275123596     0.267592579126358     20.64398002624512
809     -0.9658342003822327      0.7040476202964783     0.3518518507480621     29.47500038146973
810     -0.9642831087112427      0.6754184365272522     0.4564814567565918     23.8814811706543
811     -0.9624009728431702      0.6600743532180786     0.3740740418434143     48.01897811889648
812     -0.9636923670768738      0.6888665556907654     0.6416666507720947     49.27592086791992
813     -0.9650271534919739      0.6994041204452515     0.6583333015441895     34.18148040771484
814     -0.9643911123275757      0.6885724067687988     0.5351851582527161     31.41296005249023
815     -0.965333104133606      0.7026707530021667     0.4092592298984528     17.07314682006836
816     -0.9619265198707581      0.6669380664825439     0.5999999642372131     23.6810188293457
817     -0.9632416367530823      0.6716651320457458     0.29814812541008     19.61018562316895
818     -0.9584210515022278      0.6101171374320984     0.385185182094574     24.91296005249023
819     -0.9615529179573059      0.6533892154693604     0.277777761220932     13.39907264709473
820     -0.9646187424659729      0.6780820488929749     0.5287036895751953     18.09999847412109
821     -0.9609063267707825      0.6644723415374756     0.6277777552604675     29.18472099304199
822     -0.9646373987197876      0.7003982067108154     0.3018518388271332     13.99444389343262
823     -0.9625139832496643      0.6685449481010437     0.5916666388511658     29.52546119689941
824     -0.963208019733429      0.68190997838974     0.680555522441864     46.28842163085938
825     -0.9635761976242065      0.6872846484184265     0.324999988079071     12.936110496521
826     -0.9634207487106323      0.6614035964012146     0.3009259104728699     11.04259204864502
827     -0.961062490940094      0.6528412103652954     0.3916666805744171     19.14537048339844
828     -0.9639329314231873      0.695056140422821     0.5648148059844971     25.80277633666992
829     -0.968364417552948      0.7347182035446167     0.5870370268821716     26.27037048339844
830     -0.9637282490730286      0.6667924523353577     0.4379629194736481     42.52222061157227
831     -0.96442049741745      0.7076888680458069     0.510185182094574     25.35185241699219
832     -0.9589731693267822      0.6399235129356384     0.29814812541008     23.50092506408691
833     -0.9626636505126953      0.6723513603210449     0.6324073672294617     29.7541675567627
834     -0.9635470509529114      0.6813094019889832     0.510185182094574     21.57638740539551
835     -0.9636531472206116      0.675725519657135     0.4055555462837219     26.6023120880127
836     -0.9631253480911255      0.6788135766983032     0.5472221970558167     27.05694198608398
837     -0.9632959961891174      0.6872959733009338     0.3388888835906982     15.63333320617676
838     -0.9653580784797668      0.7058773040771484     0.3055555522441864     15.73981380462646
839     -0.9632623791694641      0.6711016297340393     0.4351851940155029     26.51990699768066
840     -0.9646147489547729      0.6869673728942871     0.4268518388271332     25.84444236755371
841     -0.9605334401130676      0.6466637849807739     0.6527777314186096     24.67129516601562
842     -0.9651863574981689      0.6905350685119629     0.510185182094574     12.79166698455811
843     -0.9597034454345703      0.6530314087867737     0.362962931394577     12.50833320617676
844     -0.9631104469299316      0.6527852416038513     0.3870370388031006     27.2185173034668
845     -0.9636917114257812      0.6822748184204102     0.4388888776302338     16.21296310424805
846     -0.9662355184555054      0.719220757484436     0.3814814984798431     17.93888854980469
847     -0.9593756794929504      0.6229801177978516     0.4444444179534912     24.02592468261719
848     -0.9648987650871277      0.6992213726043701     0.8074073791503906     48.49721908569336
849     -0.9646430611610413      0.6868938803672791     0.5509259104728699     52.32870483398438
850     -0.9640776515007019      0.6805420517921448     0.5212962627410889     28.61897850036621
851     -0.9626567959785461      0.673737108707428     0.4166666567325592     19.41296195983887
852     -0.964466392993927      0.6859616637229919     0.4379629194736481     18.90833282470703
853     -0.9618514180183411      0.6602541208267212     0.3259259164333344     18.01481437683105
854     -0.9657875895500183      0.694476306438446     0.3944444060325623     15.46944427490234
855     -0.9644281268119812      0.6801685094833374     0.5351851582527161     43.55786895751953
856     -0.9635041356086731      0.6759141683578491     0.3574073910713196     31.36249923706055
857     -0.9643084406852722      0.6910248994827271     0.5537036657333374     24.44259071350098
858     -0.9640870094299316      0.7062645554542542     0.4796296060085297     15.18888759613037
859     -0.9612078666687012      0.6634891629219055     0.375     19.52777671813965
860     -0.9612685441970825      0.6622517704963684     0.3777777552604675     15.85462856292725
861     -0.9637455940246582      0.6735058426856995     0.3805555403232574     23.0625
862     -0.9639771580696106      0.6896398663520813     0.6499999761581421     47.24814605712891
863     -0.9649289846420288      0.6968843340873718     0.5472221970558167     41.29166412353516
864     -0.9630416035652161      0.6824840307235718     0.3037036955356598     12.23472118377686
865     -0.9642683863639832      0.668204665184021     0.3685185015201569     43.56759262084961
866     -0.9622114300727844      0.6635361909866333     0.4935185015201569     26.73610877990723
867     -0.9644410014152527      0.6692934632301331     0.5175925493240356     20.77546310424805
868     -0.9617334604263306      0.6665951609611511     0.4074074029922485     16.51064682006836
869     -0.9615764021873474      0.6673921942710876     0.70462965965271     47.0
870     -0.9649772047996521      0.6953133344650269     0.3342592418193817     16.55185127258301
871     -0.9643288850784302      0.6904407739639282     0.470370352268219     24.39259147644043
872     -0.9637702703475952      0.6929125189781189     0.3046296238899231     9.937036514282227
873     -0.9645153880119324      0.6756504774093628     0.6546295881271362     60.424072265625
874     -0.962066650390625      0.6577362418174744     0.6527777314186096     43.70925521850586
875     -0.9651073217391968      0.6956232786178589     0.4148147702217102     12.17592620849609
876     -0.9652109146118164      0.7017357349395752     0.4574073851108551     9.052777290344238
877     -0.965623676776886      0.7083443999290466     0.4037036895751953     21.73888778686523
878     -0.9633386135101318      0.6722931861877441     0.7287036776542664     49.55648040771484
879     -0.9620768427848816      0.6622153520584106     0.4740740656852722     31.81388854980469
880     -0.9631924629211426      0.6732908487319946     0.4546296000480652     20.26759338378906
881     -0.9645738005638123      0.6934208273887634     0.4277777373790741     22.66851806640625
882     -0.9611784815788269      0.6549801230430603     0.4953703582286835     22.17962837219238
883     -0.965716540813446      0.7019075751304626     0.4425925612449646     27.34536933898926
884     -0.9600407481193542      0.6496652960777283     0.327777773141861     22.39907264709473
885     -0.9643962383270264      0.6789712905883789     0.3324073851108551     23.67916679382324
886     -0.9655685424804688      0.7092651128768921     0.4462962746620178     13.19907379150391
887     -0.9636205434799194      0.6870923042297363     0.4296295940876007     20.63888740539551
888     -0.9644134044647217      0.6868703365325928     0.5185185074806213     52.58425521850586
889     -0.9624924063682556      0.6601194143295288     0.3064814507961273     22.6875
890     -0.9643598794937134      0.6866219043731689     0.2870370149612427     21.18888854980469
891     -0.9604231715202332      0.6385914087295532     0.3157407343387604     22.24953651428223
892     -0.9647496938705444      0.6964889168739319     0.3166666328907013     16.19351768493652
893     -0.9660123586654663      0.701692521572113     0.3814814984798431     17.5064811706543
894     -0.9644157886505127      0.6954590678215027     0.4907407164573669     35.54351806640625
895     -0.9609045386314392      0.6529959440231323     0.5018518567085266     17.56990623474121
896     -0.9627712368965149      0.6662212610244751     0.3518518507480621     14.0388879776001
897     -0.9643781781196594      0.689674973487854     0.3759258985519409     11.24629592895508
898     -0.9647307395935059      0.7071530818939209     0.5268518328666687     17.6898136138916
899     -0.965039849281311      0.6882491111755371     0.4388888776302338     18.60462951660156
900     -0.9632146954536438      0.6724810600280762     0.3074073791503906     19.23240661621094
901     -0.9629907011985779      0.6714818477630615     0.5629629492759705     25.93425750732422
902     -0.9610964059829712      0.6508112549781799     0.5249999761581421     16.9777774810791
903     -0.9628685712814331      0.69549161195755     0.3407407104969025     21.32962799072266
904     -0.9610824584960938      0.6482224464416504     0.3824073970317841     37.18518447875977
905     -0.9662780165672302      0.7007582187652588     0.4037036895751953     28.13611030578613
906     -0.9632278084754944      0.6850907206535339     0.54537034034729     26.81944274902344
907     -0.9655389189720154      0.7059990167617798     0.4314814507961273     17.52314758300781
908     -0.9625743627548218      0.6821925640106201     0.4925925731658936     22.54629516601562
909     -0.9665064215660095      0.71407151222229     0.3518518507480621     9.324999809265137
910     -0.963187038898468      0.6662901639938354     0.5249999761581421     16.93148040771484
911     -0.9625295996665955      0.6755721569061279     0.5601851940155029     19.46342658996582
912     -0.9631960391998291      0.6910306215286255     0.3129629492759705     20.73611068725586
913     -0.9611941576004028      0.6703767776489258     0.3388888835906982     14.07314682006836
914     -0.9656044244766235      0.7033794522285461     0.412962943315506     17.63333129882812
915     -0.9649635553359985      0.7057250738143921     0.4175925552845001     10.51759243011475
916     -0.9658621549606323      0.7094196677207947     0.3833333253860474     12.91666698455811
917     -0.9628661274909973      0.6852631568908691     0.4222221970558167     13.07129573822021
918     -0.9635154604911804      0.6768879890441895     0.5546296238899231     45.55786895751953
919     -0.9617551565170288      0.6609463095664978     0.3796296119689941     18.91759300231934
920     -0.9630244970321655      0.6779594421386719     0.3833333253860474     10.89861106872559
921     -0.9611840844154358      0.6505694389343262     0.3657407164573669     22.8837947845459
922     -0.9640453457832336      0.6934128403663635     0.5416666269302368     19.34444427490234
923     -0.9658697843551636      0.7004092335700989     0.2592592537403107     15.67129516601562
924     -0.9650624990463257      0.6943332552909851     0.4916666746139526     36.48703765869141
925     -0.9650479555130005      0.6902945041656494     0.4361110925674438     34.99629592895508
926     -0.9627645611763      0.6762045621871948     0.4435185194015503     19.5560188293457
927     -0.9642431735992432      0.6951503753662109     0.425000011920929     14.42222118377686
928     -0.965279757976532      0.7037876844406128     0.6462962627410889     29.8796272277832
929     -0.9611130356788635      0.6447817087173462     0.2962962985038757     13.01990795135498
930     -0.963254451751709      0.669037938117981     0.4888888895511627     27.88564491271973
931     -0.9639934897422791      0.6871682405471802     0.6499999761581421     49.54444122314453
932     -0.9641306400299072      0.6691187620162964     0.2907407283782959     16.47823905944824
933     -0.9665185809135437      0.7104538679122925     0.362962931394577     23.89907264709473
934     -0.9645282626152039      0.6828092336654663     0.3935185074806213     22.50277519226074
935     -0.9661474823951721      0.7065632939338684     0.6833333373069763     22.02037048339844
936     -0.9653877019882202      0.6976456046104431     0.375     14.61388778686523
937     -0.9643790721893311      0.6923947930335999     0.5416666269302368     27.85462760925293
938     -0.9622612595558167      0.66727215051651     0.6342592239379883     31.28610992431641
939     -0.9641433954238892      0.6799206733703613     0.3546296060085297     18.67592620849609
940     -0.9641494154930115      0.6823306083679199     0.4101851880550385     19.64722061157227
941     -0.963484525680542      0.6702703237533569     0.3953703641891479     19.4439811706543
942     -0.9659562706947327      0.6811857223510742     0.3425925672054291     12.60185146331787
943     -0.96697998046875      0.7257676720619202     0.9370370507240295     78.61018371582031
944     -0.9656363725662231      0.7047281265258789     0.3314814567565918     12.77129554748535
945     -0.9663602709770203      0.7079854607582092     0.4777777493000031     28.23518562316895
946     -0.9645138382911682      0.6993688941001892     0.3861110806465149     14.1796293258667
947     -0.9637868404388428      0.6787000298500061     0.2805555462837219     14.99536991119385
948     -0.9623127579689026      0.6660918593406677     0.460185170173645     30.77407264709473
949     -0.9646100997924805      0.6840497255325317     0.3435185253620148     18.21666526794434
950     -0.9643394351005554      0.6781628131866455     0.3777777552604675     17.70833206176758
951     -0.9642624258995056      0.6801275014877319     0.4833333194255829     20.50416564941406
952     -0.9643316268920898      0.6838909387588501     0.2759259343147278     11.18055438995361
953     -0.9629932641983032      0.6692789196968079     0.3805555403232574     34.63564682006836
954     -0.9656075835227966      0.6918423771858215     0.2722222208976746     13.11018466949463
955     -0.9662333130836487      0.6948463320732117     0.5333333611488342     19.49444389343262
956     -0.9680327177047729      0.7218010425567627     0.4111110866069794     35.32499694824219
957     -0.9643132090568542      0.6852228045463562     0.4537037014961243     15.41666698455811
958     -0.9656670093536377      0.7018446326255798     0.2685185074806213     13.71111106872559
959     -0.9631209969520569      0.6794438362121582     0.355555534362793     19.51898002624512
960     -0.9643369317054749      0.7058241963386536     0.4638888835906982     23.86759185791016
961     -0.9638140201568604      0.6761009097099304     0.4564814567565918     53.00323867797852
962     -0.9625774621963501      0.681978702545166     0.6925925016403198     28.50138854980469
963     -0.9651427268981934      0.6926310062408447     0.3324073851108551     15.6638879776001
964     -0.9632130265235901      0.6594164967536926     0.2842592597007751     23.22222137451172
965     -0.9618028998374939      0.6670660972595215     0.4462962746620178     44.21759033203125
966     -0.9637866020202637      0.683893620967865     0.5796296000480652     34.45833206176758
967     -0.9666075706481934      0.7112173438072205     0.4296295940876007     11.561110496521
968     -0.9669476747512817      0.7196028828620911     0.3981481492519379     19.27129554748535
969     -0.9639491438865662      0.6877314448356628     0.5509259104728699     27.95370292663574
970     -0.9622368216514587      0.6720508337020874     0.4592592418193817     25.78518486022949
971     -0.9660642743110657      0.7091174125671387     0.2925925850868225     10.75462913513184
972     -0.9626102447509766      0.6566846370697021     0.3768518567085266     20.76666450500488
973     -0.9635890126228333      0.6639735102653503     0.5870370268821716     52.89768218994141
974     -0.9653955101966858      0.7102687358856201     0.7638888359069824     25.70925712585449
975     -0.9665281772613525      0.707743227481842     0.5222222208976746     25.69814872741699
976     -0.9650841355323792      0.7034642696380615     0.327777773141861     14.30370330810547
977     -0.9619791507720947      0.6556702852249146     0.4046295881271362     16.28981399536133
978     -0.9607365727424622      0.6443321108818054     0.5379629135131836     35.99398040771484
979     -0.964017927646637      0.6910703778266907     0.4444444179534912     26.45462799072266
980     -0.9646987915039062      0.6916969418525696     0.4740740656852722     26.03796005249023
981     -0.9671878218650818      0.7243674993515015     0.3703703582286835     18.00370407104492
982     -0.9628351926803589      0.6840988993644714     0.3129629492759705     12.63796234130859
983     -0.9627054333686829      0.660577654838562     0.4490740597248077     30.41157341003418
984     -0.9665416479110718      0.7039880156517029     0.5092592239379883     21.66573905944824
985     -0.9651640653610229      0.6932294964790344     0.3916666805744171     20.16666603088379
986     -0.9650892615318298      0.7030815482139587     0.8175925016403198     56.78981399536133
987     -0.9641732573509216      0.6970775723457336     0.4305555522441864     12.21574115753174
988     -0.959245502948761      0.6301622986793518     0.720370352268219     59.59629058837891
989     -0.9603251218795776      0.6397479772567749     0.3157407343387604     15.03240585327148
990     -0.964131772518158      0.6919938325881958     0.3361110985279083     24.78888893127441
991     -0.9678977131843567      0.7095456719398499     0.6425925493240356     51.50277709960938
992     -0.9652474522590637      0.6959866285324097     0.3898148238658905     16.24722099304199
993     -0.9640603065490723      0.6906967759132385     0.3601851761341095     25.36944198608398
994     -0.9654578566551208      0.6952919960021973     0.5129629373550415     17.63703727722168
995     -0.9626582860946655      0.6715977191925049     0.4888888895511627     25.70092391967773
996     -0.9625493288040161      0.6674016714096069     0.6203703880310059     20.45138740539551
997     -0.9635109305381775      0.6628971695899963     0.362962931394577     13.26296234130859
998     -0.9639177322387695      0.6801400780677795     0.3166666328907013     20.38749885559082
999     -0.9619095325469971      0.6664426922798157     0.267592579126358     19.9398136138916
1000     -0.9621833562850952      0.6704374551773071     0.3703703582286835     28.54166603088379
