# Simulazione modello di Ising 1D
# Mossa 	 Energia 	 Magnetizzazione 	 Calore specifico 	 Suscettività
1 -1.005615711212158 0.9345250129699707 0.2013333290815353 2.41833
2 -1.000769376754761 0.8904600143432617 0.2066666632890701 4.76667
3 -1.003744125366211 0.9157053828239441 0.2293333262205124 8.71167
4 -1.003669381141663 0.9056557416915894 0.2826666533946991 4.39467
5 -1.002058863639832 0.8954928517341614 0.2986666560173035 4.814
6 -1.0040682554245 0.9228072762489319 0.1546666622161865 2.417
7 -1.001577019691467 0.8920319080352783 0.3533333241939545 8.57867
8 -1.00201427936554 0.8926875591278076 0.3560000061988831 7.43967
9 -1.003894686698914 0.9222938418388367 0.2386666685342789 7.082
10 -1.005362391471863 0.9318703413009644 0.1759999990463257 2.072
11 -1.004407048225403 0.9130254983901978 0.1906666606664658 5.41033
12 -1.005928158760071 0.9297814965248108 0.1573333293199539 1.97033
13 -1.00379741191864 0.9156097173690796 0.3346666693687439 8.45467
14 -0.9998168349266052 0.8761175870895386 0.2080000042915344 8.36433
15 -1.003265500068665 0.8935856223106384 0.2066666632890701 5.90833
16 -1.000657916069031 0.8961275219917297 0.2706666588783264 4.83867
17 -1.002049922943115 0.9026327133178711 0.2000000029802322 4.56033
18 -0.9988429546356201 0.8708405494689941 0.2720000147819519 3.523
19 -1.002542018890381 0.8873260021209717 0.3199999928474426 17.1573
20 -0.9973540902137756 0.8323241472244263 0.185333326458931 8.039
21 -1.006548285484314 0.9291143417358398 0.1986666619777679 3.425
22 -1.0039883852005 0.9077094793319702 0.2253333330154419 7.43767
23 -1.003782153129578 0.918617844581604 0.1813333332538605 2.974
24 -1.004233002662659 0.9219567775726318 0.2066666632890701 4.882
25 -1.005650639533997 0.9268128871917725 0.1879999935626984 3.30633
26 -1.002333402633667 0.9023381471633911 0.2533333301544189 8.33933
27 -1.003842353820801 0.9185916185379028 0.2960000038146973 7.18867
28 -1.007807850837708 0.9482932686805725 0.1333333402872086 2.45033
29 -1.005741477012634 0.9225722551345825 0.1599999964237213 4.86967
30 -1.00146496295929 0.8864558339118958 0.2626666724681854 7.023
31 -1.003569602966309 0.9158526062965393 0.2066666632890701 4.117
32 -1.002033710479736 0.8945338726043701 0.2599999904632568 3.822
33 -1.002666592597961 0.9033703804016113 0.3120000064373016 8.607
34 -1.001817941665649 0.8817699551582336 0.1400000005960464 6.31833
35 -1.004011273384094 0.9026613831520081 0.1533333361148834 5.32367
36 -1.003536581993103 0.9084737300872803 0.2293333262205124 5.311
37 -1.003867626190186 0.894565761089325 0.1373333334922791 2.15967
38 -1.003730535507202 0.9064900875091553 0.2133333384990692 5.01367
39 -1.001531839370728 0.8786450028419495 0.1106666699051857 2.81933
40 -1.001862049102783 0.8957902193069458 0.1466666609048843 2.11767
41 -1.000534176826477 0.8983386158943176 0.2960000038146973 8.272
42 -1.001892924308777 0.8999834656715393 0.1986666619777679 7.994
43 -1.006518125534058 0.9395084381103516 0.2253333330154419 4.09433
44 -0.9988550543785095 0.836143970489502 0.1186666637659073 4.87767
45 -1.004069924354553 0.9096367955207825 0.1573333293199539 4.969
46 -1.00116240978241 0.8931029438972473 0.2493333369493484 6.72433
47 -1.00367271900177 0.916127622127533 0.1826666593551636 4.57267
48 -1.001578688621521 0.8947163224220276 0.1879999935626984 2.56433
49 -1.002635717391968 0.8996319770812988 0.2000000029802322 6.21933
50 -1.000224113464355 0.8863866925239563 0.3199999928474426 4.872
51 -1.006864070892334 0.9405374526977539 0.2160000056028366 4.074
52 -1.005363941192627 0.9190348982810974 0.1746666729450226 3.42367
53 -1.005525946617126 0.9145904779434204 0.1866666674613953 5.37967
54 -1.006129503250122 0.9305419921875 0.2293333262205124 5.69867
55 -1.002980589866638 0.9110065102577209 0.1626666635274887 3.04467
56 -1.006032347679138 0.9279012680053711 0.1439999938011169 4.02933
57 -1.004373908042908 0.9106101989746094 0.2226666659116745 9.06967
58 -1.002372980117798 0.9027715921401978 0.3186666667461395 6.29733
59 -1.00037407875061 0.8924410939216614 0.3013333380222321 8.58267
60 -1.00751793384552 0.9415428042411804 0.1306666731834412 3.978
61 -1.004087924957275 0.9210996627807617 0.3706666529178619 5.43167
62 -1.003566861152649 0.9048954844474792 0.3306666612625122 9.50233
63 -1.006362080574036 0.938451886177063 0.1679999977350235 1.73433
64 -1.006868124008179 0.9204225540161133 0.1653333306312561 3.29333
65 -1.003109097480774 0.9009533524513245 0.1533333361148834 3.55667
66 -1.000107884407043 0.8943257927894592 0.1986666619777679 3.655
67 -1.003998160362244 0.9115233421325684 0.2666666805744171 8.52633
68 -1.004655480384827 0.915770411491394 0.2453333288431168 5.76
69 -1.004827857017517 0.9252522587776184 0.2280000001192093 6.65167
70 -1.004834413528442 0.9192008376121521 0.1840000003576279 4.88667
71 -1.003132224082947 0.912117600440979 0.2413333356380463 6.18167
72 -1.006549835205078 0.9317533373832703 0.2373333275318146 3.24633
73 -1.003854274749756 0.9184830784797668 0.3693333268165588 5.53333
74 -1.003613710403442 0.9140880703926086 0.2479999959468842 5.733
75 -1.002717018127441 0.9168879389762878 0.2133333384990692 3.05233
76 -1.00175678730011 0.8830650448799133 0.1746666729450226 4.71867
77 -1.006202936172485 0.9286830425262451 0.2493333369493484 9.40633
78 -1.002577066421509 0.8994565606117249 0.2080000042915344 4.09
79 -1.001985549926758 0.8976590037345886 0.300000011920929 4.87733
80 -1.00371241569519 0.9225554466247559 0.1213333308696747 2.00667
81 -1.002483606338501 0.900773286819458 0.1920000016689301 6.16933
82 -1.004439234733582 0.9159119725227356 0.1840000003576279 4.83833
83 -1.001955986022949 0.8930107951164246 0.2826666533946991 5.70567
84 -1.001652598381042 0.887411892414093 0.5 16.652
85 -1.002805471420288 0.9073586463928223 0.2333333343267441 3.62033
86 -1.004095315933228 0.9075736403465271 0.2759999930858612 6.092
87 -1.001598358154297 0.8970330953598022 0.2386666685342789 7.70533
88 -1.004675388336182 0.9292045831680298 0.1666666716337204 3.87867
89 -1.002572298049927 0.9006015658378601 0.2626666724681854 10.823
90 -1.001148581504822 0.8918441534042358 0.3106666803359985 6.83267
91 -1.005418181419373 0.9097924828529358 0.2280000001192093 6.10867
92 -1.003933548927307 0.9099006056785583 0.164000004529953 4.13467
93 -1.004444479942322 0.9225794076919556 0.1920000016689301 4.23633
94 -1.003784775733948 0.9132612943649292 0.3613333404064178 8.708
95 -1.004347443580627 0.916331946849823 0.2520000040531158 6.78433
96 -1.001567006111145 0.8771082162857056 0.4093333184719086 5.318
97 -1.005537629127502 0.9297019839286804 0.1720000058412552 2.72667
98 -1.005293011665344 0.9315747022628784 0.1493333280086517 2.94867
99 -1.005598783493042 0.9316993951797485 0.3066666722297668 6.13467
100 -1.005409717559814 0.918649435043335 0.1466666609048843 5.297
101 -1.002913236618042 0.9139252901077271 0.2906666696071625 4.11167
102 -1.004379749298096 0.9148668646812439 0.2493333369493484 8.416
103 -1.004928469657898 0.9276502132415771 0.1973333358764648 3.482
104 -1.007365226745605 0.9411941170692444 0.1786666661500931 2.95533
105 -1.003115773200989 0.905606746673584 0.2946666777133942 5.634
106 -1.006943225860596 0.9387525320053101 0.1959999948740005 3.55167
107 -1.004292607307434 0.9235841631889343 0.2199999988079071 2.44967
108 -1.001623511314392 0.8971954584121704 0.2706666588783264 10.451
109 -1.004154682159424 0.9166368246078491 0.2080000042915344 3.23533
110 -1.003863453865051 0.9187363386154175 0.3506666719913483 5.673
111 -1.002811431884766 0.9068601131439209 0.2293333262205124 5.22767
112 -1.002790689468384 0.9075025916099548 0.2146666646003723 3.016
113 -1.000794649124146 0.8829786777496338 0.3053333461284637 9.64167
114 -1.00471556186676 0.9149664640426636 0.1986666619777679 4.51333
115 -1.005921959877014 0.9284351468086243 0.2599999904632568 7.319
116 -1.001432538032532 0.8746277093887329 0.1706666648387909 6.61567
117 -1.004337310791016 0.9115257263183594 0.164000004529953 3.362
118 -1.003182291984558 0.9103347063064575 0.2373333275318146 5.73633
119 -1.004927754402161 0.925791323184967 0.1813333332538605 3.68133
120 -1.003541350364685 0.9039917588233948 0.3266666531562805 9.251
121 -1.007031440734863 0.9351097941398621 0.1346666663885117 2.378
122 -1.003759622573853 0.9032557606697083 0.3013333380222321 7.97133
123 -1.004716277122498 0.9195721745491028 0.2346666604280472 5.392
124 -1.00548267364502 0.9214432835578918 0.2333333343267441 10.0487
125 -1.006679892539978 0.9398913383483887 0.1693333387374878 2.48467
126 -1.006345391273499 0.9351801872253418 0.2639999985694885 3.547
127 -1.002009391784668 0.8911768198013306 0.218666672706604 5.15167
128 -0.9998471140861511 0.8701521754264832 0.254666656255722 4.17967
129 -1.006541609764099 0.9309325218200684 0.2906666696071625 7.31367
130 -1.004611372947693 0.9111395478248596 0.2800000011920929 10.79
131 -1.0059894323349 0.9296458959579468 0.1439999938011169 3.08133
132 -1.006837606430054 0.9354853630065918 0.1786666661500931 5.11533
133 -1.000825166702271 0.8942523598670959 0.1946666687726974 4.293
134 -1.002437949180603 0.8986929655075073 0.2293333262205124 3.17733
135 -1.002905249595642 0.9081116318702698 0.3893333375453949 3.58
136 -1.001086473464966 0.899039089679718 0.3306666612625122 7.57533
137 -1.003485202789307 0.9075411558151245 0.205333337187767 3.16867
138 -1.005725145339966 0.9298805594444275 0.1746666729450226 3.313
139 -1.004610896110535 0.9195948243141174 0.3253333270549774 8.59367
140 -1.003174781799316 0.9009742736816406 0.1840000003576279 4.41867
141 -1.002724647521973 0.909303605556488 0.2119999974966049 4.877
142 -1.000969529151917 0.8768250942230225 0.2973333299160004 19.2293
143 -1.005851745605469 0.9333531260490417 0.3026666641235352 6.99633
144 -1.008073687553406 0.9498479962348938 0.2133333384990692 2.54267
145 -1.003186106681824 0.9130285382270813 0.1973333358764648 3.01933
146 -1.00129771232605 0.888210117816925 0.2226666659116745 6.15167
147 -1.001829504966736 0.893932044506073 0.2426666617393494 6.90333
148 -1.004449248313904 0.9256658554077148 0.3066666722297668 4.308
149 -1.003931999206543 0.9179348945617676 0.1813333332538605 3.249
150 -1.005219101905823 0.9240984916687012 0.1706666648387909 2.30967
151 -1.006048560142517 0.9428166747093201 0.2906666696071625 4.10967
152 -1.000814914703369 0.8842454552650452 0.2919999957084656 11.7247
153 -1.004361867904663 0.9144951105117798 0.1666666716337204 2.33867
154 -1.002488732337952 0.9018378257751465 0.1866666674613953 5.545
155 -1.005704164505005 0.9152892827987671 0.1973333358764648 9.76233
156 -1.005042672157288 0.9293603301048279 0.2160000056028366 3.233
157 -1.0021653175354 0.9002701044082642 0.4480000138282776 12.3933
158 -1.004879117012024 0.9256892204284668 0.3146666586399078 8.04067
159 -1.001657485961914 0.9025585055351257 0.1920000016689301 3.34867
160 -1.004950642585754 0.9168395400047302 0.1613333374261856 3.23667
161 -1.007103323936462 0.9453399777412415 0.1986666619777679 2.437
162 -1.005203008651733 0.9373955726623535 0.1133333370089531 2.138
163 -1.006704807281494 0.9357994198799133 0.2226666659116745 4.73367
164 -1.003043174743652 0.8992035984992981 0.1653333306312561 5.046
165 -1.004245400428772 0.9207414388656616 0.3293333351612091 9.21
166 -1.005172491073608 0.9348409175872803 0.2226666659116745 4.512
167 -1.004066824913025 0.9175622463226318 0.1706666648387909 4.911
168 -1.002219915390015 0.8915336132049561 0.2440000027418137 6.72767
169 -1.004464387893677 0.9152458310127258 0.4066666662693024 12.258
170 -1.004099607467651 0.9067469835281372 0.1493333280086517 3.17367
171 -1.006740689277649 0.9374392628669739 0.1466666609048843 2.39
172 -1.000419974327087 0.8873828053474426 0.328000009059906 5.53333
173 -1.004539251327515 0.9113901257514954 0.2360000014305115 10.3873
174 -1.00593900680542 0.9342642426490784 0.164000004529953 2.20667
175 -1.004287242889404 0.9137651324272156 0.1426666676998138 3.49167
176 -1.006508827209473 0.9462183713912964 0.2373333275318146 4.98733
177 -1.004363417625427 0.9255133271217346 0.2773333191871643 4.66167
178 -1.000895738601685 0.8840391635894775 0.1906666606664658 6.75633
179 -1.006044507026672 0.9256005883216858 0.1720000058412552 5.88533
180 -1.005633592605591 0.9248511791229248 0.2933333218097687 5.75633
181 -1.004632353782654 0.9199792742729187 0.1666666716337204 3.455
182 -1.004317164421082 0.912550151348114 0.1706666648387909 2.143
183 -1.003887534141541 0.9065719246864319 0.1693333387374878 7.051
184 -1.004620313644409 0.9149383902549744 0.2613333463668823 7.35733
185 -1.002305746078491 0.9071105122566223 0.2199999988079071 5.08333
186 -1.003594756126404 0.9143182635307312 0.1573333293199539 2.93667
187 -1.003687620162964 0.9207690358161926 0.205333337187767 2.94433
188 -1.002813816070557 0.9041645526885986 0.3799999952316284 10.554
189 -1.005140542984009 0.9261963963508606 0.1453333348035812 1.993
190 -1.004259705543518 0.9166093468666077 0.2146666646003723 2.76267
191 -1.005388855934143 0.9296786189079285 0.1893333345651627 2.543
192 -1.007784366607666 0.9424214959144592 0.1626666635274887 3.68533
193 -1.003113269805908 0.896635890007019 0.1519999951124191 6.60767
194 -1.001206398010254 0.8883811235427856 0.2773333191871643 8.455
195 -1.003209590911865 0.9011655449867249 0.2879999876022339 8.90233
196 -1.004118919372559 0.9120572805404663 0.2893333435058594 7.124
197 -1.005510210990906 0.9338608384132385 0.1693333387374878 3.44867
198 -1.004083037376404 0.9186572432518005 0.185333326458931 3.47467
199 -1.002269268035889 0.8957626223564148 0.1679999977350235 3.19667
200 -1.004805684089661 0.9233320355415344 0.1666666716337204 3.09533
201 -1.006406545639038 0.9290515184402466 0.17733334004879 2.51833
202 -1.004132509231567 0.9163406491279602 0.1746666729450226 5.954
203 -1.002843976020813 0.9026346802711487 0.3666666746139526 9.96767
204 -1.004059433937073 0.9019163250923157 0.1266666650772095 2.60133
205 -1.003835082054138 0.9073280692100525 0.1813333332538605 5.394
206 -1.002702116966248 0.9031566381454468 0.2213333398103714 6.168
207 -1.00243866443634 0.8946101069450378 0.1280000060796738 4.04133
208 -1.000963926315308 0.8637934327125549 0.1466666609048843 5.347
209 -1.000872492790222 0.8776213526725769 0.3013333380222321 13.1063
210 -1.003267526626587 0.9008813500404358 0.1253333389759064 4.30667
211 -1.002758622169495 0.9131988883018494 0.1346666663885117 3.64867
212 -1.005256175994873 0.9260525703430176 0.2786666750907898 4.76733
213 -1.002241492271423 0.891670823097229 0.2093333303928375 9.89
214 -1.003525614738464 0.9097817540168762 0.2786666750907898 8.325
215 -1.003316521644592 0.9040403366088867 0.2240000069141388 6.54167
216 -1.00333833694458 0.91196209192276 0.239999994635582 6.84233
217 -1.002353310585022 0.8897469639778137 0.3813333213329315 7.601
218 -1.002874732017517 0.908958911895752 0.1586666703224182 3.37333
219 -1.004555106163025 0.9245585799217224 0.2626666724681854 3.976
220 -1.002041816711426 0.8813055753707886 0.218666672706604 10.789
221 -1.003473997116089 0.9080735445022583 0.2453333288431168 6.521
222 -1.001663446426392 0.8858221173286438 0.2066666632890701 5.87667
223 -1.004236221313477 0.9208276271820068 0.3240000009536743 5.16667
224 -1.003544449806213 0.9121907353401184 0.2520000040531158 8.09167
225 -1.003323435783386 0.9107058644294739 0.1599999964237213 2.704
226 -1.000500679016113 0.8911845684051514 0.2773333191871643 6.66433
227 -1.002341270446777 0.8860424757003784 0.2453333288431168 12.6607
228 -1.005040645599365 0.9254192709922791 0.2013333290815353 2.48667
229 -1.005200147628784 0.9324455857276917 0.1693333387374878 2.207
230 -1.000452280044556 0.8835328221321106 0.4213333427906036 13.4037
231 -1.003320932388306 0.9028173685073853 0.1546666622161865 2.81433
232 -1.006011843681335 0.9362702369689941 0.2360000014305115 4.13167
233 -1.005363583564758 0.9338706731796265 0.4293333292007446 6.16567
234 -1.004899859428406 0.922468364238739 0.1599999964237213 3.57967
235 -1.006867408752441 0.934873104095459 0.2266666740179062 5.17
236 -1.003722548484802 0.8977324366569519 0.1800000071525574 6.50567
237 -1.003722906112671 0.913084089756012 0.273333340883255 6.64433
238 -1.002778768539429 0.880197286605835 0.1866666674613953 11.798
239 -1.003030180931091 0.9038691520690918 0.2840000092983246 7.256
240 -1.00417172908783 0.9028502702713013 0.1840000003576279 5.68333
241 -1.006018161773682 0.9342272281646729 0.2520000040531158 3.59933
242 -1.003691434860229 0.8839218616485596 0.2119999974966049 5.25033
243 -1.002511978149414 0.8999919295310974 0.2093333303928375 6.71333
244 -1.002293586730957 0.8697815537452698 0.281333327293396 5.77
245 -1.000859141349792 0.8852392435073853 0.254666656255722 4.794
246 -1.004827260971069 0.9276186227798462 0.185333326458931 2.883
247 -1.003231167793274 0.9177847504615784 0.1920000016689301 3.55567
248 -1.000584006309509 0.8791688084602356 0.1426666676998138 2.98433
249 -1.002912878990173 0.9118732213973999 0.2226666659116745 3.68267
250 -0.9994711875915527 0.8751211166381836 0.2386666685342789 5.449
251 -1.005510330200195 0.9339430332183838 0.1560000032186508 2.84067
252 -1.006474256515503 0.9385756850242615 0.1280000060796738 1.98767
253 -1.002207398414612 0.8984439969062805 0.3600000143051147 4.688
254 -1.004314661026001 0.9151010513305664 0.2493333369493484 5.77633
255 -1.003660678863525 0.9140672087669373 0.2306666672229767 5.23433
256 -1.004301428794861 0.915613055229187 0.1626666635274887 2.62267
257 -1.003741025924683 0.9209750890731812 0.3066666722297668 4.70633
258 -1.005009293556213 0.9243408441543579 0.1453333348035812 1.97267
259 -1.002241253852844 0.8961531519889832 0.1706666648387909 5.68633
260 -0.9997419714927673 0.8671085834503174 0.1613333374261856 4.59967
261 -1.000967741012573 0.884370744228363 0.4253333210945129 12.8803
262 -1.004516839981079 0.921194314956665 0.3039999902248383 7.019
263 -1.004851222038269 0.922117292881012 0.2026666700839996 4.72533
264 -0.9989941120147705 0.8502620458602905 0.3893333375453949 17.1783
265 -1.002827644348145 0.9045719504356384 0.2413333356380463 4.86433
266 -1.000944495201111 0.8938696980476379 0.2133333384990692 3.63533
267 -1.003269791603088 0.9009444713592529 0.1893333345651627 5.34433
268 -1.003304123878479 0.9089781045913696 0.2680000066757202 4.88833
269 -1.005324125289917 0.9253268837928772 0.1213333308696747 3.312
270 -1.005540251731873 0.928328275680542 0.185333326458931 3.61533
271 -1.004015684127808 0.915069580078125 0.1679999977350235 3.23033
272 -1.005204200744629 0.9287261366844177 0.2346666604280472 3.99833
273 -1.005187749862671 0.9268220067024231 0.3053333461284637 4.67367
274 -1.00321888923645 0.9104006290435791 0.2266666740179062 5.226
275 -1.003449678421021 0.9117569327354431 0.1906666606664658 5.80367
276 -1.004172563552856 0.9046521782875061 0.1920000016689301 4.152
277 -1.000545978546143 0.8690289855003357 0.4560000002384186 27.875
278 -1.003277182579041 0.9050198793411255 0.2533333301544189 8.00167
279 -1.003993272781372 0.9143465757369995 0.164000004529953 2.45433
280 -1.004428267478943 0.9112539887428284 0.2440000027418137 7.859
281 -1.002566576004028 0.8939211964607239 0.2706666588783264 5.487
282 -1.005243539810181 0.9193623661994934 0.164000004529953 6.72567
283 -1.004146695137024 0.9168042540550232 0.1546666622161865 2.75833
284 -1.003617286682129 0.9103130698204041 0.2800000011920929 5.52567
285 -1.006277084350586 0.9317153096199036 0.1679999977350235 1.80867
286 -1.002989172935486 0.9070780277252197 0.3120000064373016 6.44867
287 -1.005346655845642 0.9214249849319458 0.1800000071525574 3.73533
288 -1.003238677978516 0.9057967662811279 0.309333324432373 10.0773
289 -1.002533674240112 0.8933262825012207 0.2253333330154419 5.29767
290 -1.003245234489441 0.902628481388092 0.3240000009536743 7.41167
291 -1.001732110977173 0.8893078565597534 0.2293333262205124 4.10567
292 -1.003110885620117 0.914563000202179 0.3466666638851166 7.31133
293 -1.003156542778015 0.8995247483253479 0.3106666803359985 8.00267
294 -1.003940343856812 0.9075628519058228 0.3453333377838135 9.59067
295 -1.002829551696777 0.902574360370636 0.2893333435058594 10.3127
296 -1.001866340637207 0.8992629647254944 0.2453333288431168 6.091
297 -1.001588582992554 0.8963804244995117 0.205333337187767 4.45067
298 -1.00380551815033 0.9188380241394043 0.1933333277702332 3.68433
299 -1.003852486610413 0.9149330854415894 0.1986666619777679 5.331
300 -1.002699375152588 0.899364173412323 0.1813333332538605 3.695
301 -1.006322145462036 0.9345703125 0.2840000092983246 4.71367
302 -1.003985166549683 0.924439549446106 0.2653333246707916 3.52933
303 -1.002950072288513 0.9057851433753967 0.218666672706604 5.03467
304 -1.002232193946838 0.8857337832450867 0.2506666779518127 3.307
305 -1.0003901720047 0.8785576224327087 0.2866666615009308 10.6177
306 -1.002985954284668 0.8882116079330444 0.2000000029802322 7.86667
307 -1.003904819488525 0.908811628818512 0.2440000027418137 7.21967
308 -1.003156542778015 0.8925516605377197 0.185333326458931 5.85567
309 -1.005099415779114 0.9221594333648682 0.1986666619777679 3.33167
310 -1.002897977828979 0.8868247270584106 0.1560000032186508 5.29667
311 -1.002085566520691 0.8946710824966431 0.2840000092983246 4.66533
312 -1.001954436302185 0.891139805316925 0.3959999978542328 11.499
313 -1.001276135444641 0.8782595992088318 0.2786666750907898 11.08
314 -1.004524111747742 0.9160703420639038 0.363999992609024 9.18933
315 -1.004806756973267 0.926287829875946 0.2199999988079071 2.675
316 -1.005558490753174 0.9299929738044739 0.2026666700839996 4.06633
317 -1.004132270812988 0.9246633052825928 0.1466666609048843 3.38967
318 -1.004806399345398 0.9283360242843628 0.1386666595935822 2.23567
319 -1.006013751029968 0.9380350708961487 0.136000007390976 1.78633
320 -1.002882122993469 0.9091333746910095 0.2373333275318146 8.666
321 -1.003138065338135 0.9028168320655823 0.1973333358764648 8.59933
322 -1.002902507781982 0.9084103107452393 0.1626666635274887 3.18433
323 -1.006296753883362 0.9358217120170593 0.150666669011116 3.33033
324 -1.006280660629272 0.9407662749290466 0.1653333306312561 2.53367
325 -0.998522937297821 0.859910786151886 0.2680000066757202 7.55033
326 -1.00078821182251 0.873586893081665 0.1906666606664658 5.36533
327 -1.004844546318054 0.9047679901123047 0.185333326458931 2.95
328 -1.003060340881348 0.9086748957633972 0.1599999964237213 2.90933
329 -1.005282521247864 0.9220719337463379 0.1293333321809769 1.47967
330 -1.003445029258728 0.9076130986213684 0.1319999992847443 4.232
331 -1.001830577850342 0.9044583439826965 0.2293333262205124 3.50867
332 -1.002633929252625 0.8993418216705322 0.1439999938011169 1.88833
333 -1.005356073379517 0.913563072681427 0.1800000071525574 2.21367
334 -1.004420638084412 0.9152449369430542 0.1266666650772095 3.57733
335 -1.004257678985596 0.9080969095230103 0.281333327293396 5.87567
336 -0.9993320107460022 0.8742348551750183 0.3400000035762787 10.959
337 -1.004539608955383 0.9237151741981506 0.254666656255722 5.49867
338 -1.004831671714783 0.9214791059494019 0.2240000069141388 4.22267
339 -1.003606915473938 0.9163272976875305 0.1253333389759064 4.01333
340 -1.002746224403381 0.9109623432159424 0.2093333303928375 3.36633
341 -1.004164934158325 0.9157868027687073 0.205333337187767 7.756
342 -1.004600048065186 0.9202277064323425 0.1759999990463257 2.80667
343 -1.004733681678772 0.918887197971344 0.1800000071525574 4.92733
344 -1.006404519081116 0.9366329908370972 0.1800000071525574 2.88367
345 -1.004286885261536 0.9228900671005249 0.239999994635582 6.358
346 -1.003590703010559 0.9100459814071655 0.218666672706604 2.632
347 -1.004570841789246 0.9176368117332458 0.2346666604280472 8.927
348 -1.004984498023987 0.9230493903160095 0.1453333348035812 2.83633
349 -1.002539873123169 0.9171351790428162 0.1679999977350235 3.45367
350 -1.003326058387756 0.9060925841331482 0.3026666641235352 4.588
351 -1.003708124160767 0.9023615717887878 0.2280000001192093 7.248
352 -1.005924463272095 0.9340568780899048 0.2466666698455811 5.398
353 -1.004117727279663 0.9142411947250366 0.1906666606664658 6.12333
354 -1.005231618881226 0.9285661578178406 0.1239999979734421 3.351
355 -1.005139946937561 0.9327335357666016 0.2146666646003723 2.72933
356 -1.003167867660522 0.9066656231880188 0.2160000056028366 3.906
357 -1.002424478530884 0.8884809613227844 0.2066666632890701 6.904
358 -1.003793239593506 0.9175140261650085 0.3160000145435333 6.98867
359 -1.00269603729248 0.8906412124633789 0.4239999949932098 14.1077
360 -1.003049969673157 0.9153648018836975 0.2066666632890701 3.242
361 -1.005331993103027 0.9189245700836182 0.1800000071525574 5.18567
362 -1.000069379806519 0.8849188089370728 0.2706666588783264 6.35833
363 -1.006288766860962 0.933064877986908 0.1959999948740005 3.69733
364 -1.003579616546631 0.9172239303588867 0.4826666712760925 7.46033
365 -1.006245374679565 0.9295369386672974 0.1893333345651627 4.45067
366 -1.006072044372559 0.936429500579834 0.1400000005960464 2.181
367 -1.003121137619019 0.9084004759788513 0.2319999933242798 5.463
368 -1.004281163215637 0.921546459197998 0.1253333389759064 1.87533
369 -1.001733422279358 0.9029688239097595 0.1133333370089531 1.54733
370 -1.004397988319397 0.9089035391807556 0.1040000021457672 2.572
371 -1.004807114601135 0.9325138926506042 0.2720000147819519 4.32133
372 -1.003659725189209 0.9143529534339905 0.1706666648387909 2.235
373 -1.004718065261841 0.916867196559906 0.1813333332538605 3.88467
374 -1.001671552658081 0.8964913487434387 0.3533333241939545 8.28833
375 -1.004704475402832 0.9153270721435547 0.1866666674613953 4.917
376 -1.005524516105652 0.909889817237854 0.1239999979734421 4.12367
377 -1.00486147403717 0.9195559024810791 0.2080000042915344 5.75333
378 -1.004102468490601 0.9218542575836182 0.2586666643619537 4.68533
379 -1.004241466522217 0.9219545125961304 0.17733334004879 4.733
380 -1.002463102340698 0.9102439880371094 0.2680000066757202 5.67133
381 -1.005475282669067 0.9338493943214417 0.2133333384990692 3.76533
382 -1.005442976951599 0.9283769726753235 0.2560000121593475 4.228
383 -1.001973032951355 0.8937418460845947 0.1546666622161865 3.058
384 -1.003505825996399 0.9085795879364014 0.1386666595935822 4.288
385 -1.003350257873535 0.9169004559516907 0.1293333321809769 2.30167
386 -1.004457473754883 0.9170698523521423 0.2226666659116745 7.382
387 -1.002121806144714 0.9056633114814758 0.3240000009536743 8.628
388 -1.003759980201721 0.9117652773857117 0.1533333361148834 3.41233
389 -1.004899382591248 0.925843358039856 0.2786666750907898 5.082
390 -1.002785205841064 0.8860883712768555 0.1840000003576279 6.28567
391 -1.003803253173828 0.919141948223114 0.3680000007152557 7.16533
392 -1.003865122795105 0.9147597551345825 0.2506666779518127 4.28567
393 -1.003236174583435 0.8924772143363953 0.1493333280086517 1.73367
394 -1.00046706199646 0.8618689775466919 0.2226666659116745 7.01733
395 -1.003279209136963 0.9053549766540527 0.1573333293199539 3.39367
396 -1.003522992134094 0.9097913503646851 0.2706666588783264 6.91467
397 -0.9997522234916687 0.876137375831604 0.281333327293396 7.46567
398 -1.001541137695312 0.8949451446533203 0.2213333398103714 5.659
399 -1.003643155097961 0.9154596328735352 0.2066666632890701 4.24367
400 -1.005816578865051 0.930558443069458 0.2613333463668823 5.26567
401 -1.003787875175476 0.9030719399452209 0.1733333319425583 5.523
402 -1.005140542984009 0.9189684987068176 0.1933333277702332 2.67533
403 -1.005365967750549 0.9282652735710144 0.3026666641235352 6.72333
404 -1.001110196113586 0.9065907597541809 0.1679999977350235 2.88133
405 -1.004722476005554 0.924486517906189 0.4199999868869781 8.89033
406 -1.006622910499573 0.9431215524673462 0.1306666731834412 1.14767
407 -1.002303957939148 0.9117053747177124 0.3173333406448364 7.72
408 -1.003244280815125 0.9081937074661255 0.3746666610240936 12.6683
409 -1.002049565315247 0.8909669518470764 0.17733334004879 4.208
410 -1.001798868179321 0.9011582136154175 0.2866666615009308 6.977
411 -1.000531315803528 0.8895570635795593 0.2426666617393494 6.40867
412 -1.003572821617126 0.903282642364502 0.218666672706604 5.93333
413 -1.00665807723999 0.9349512457847595 0.1319999992847443 2.03133
414 -1.005233645439148 0.9275591373443604 0.3013333380222321 4.20533
415 -1.003800272941589 0.9086715579032898 0.1959999948740005 3.01633
416 -1.000718116760254 0.8669692277908325 0.3133333325386047 14.706
417 -0.9998513460159302 0.8657142519950867 0.2026666700839996 8.50933
418 -1.002342700958252 0.9096526503562927 0.2306666672229767 3.40667
419 -1.00616180896759 0.9406905174255371 0.1893333345651627 2.033
420 -1.006894707679749 0.9308912754058838 0.1786666661500931 3.37
421 -1.00612211227417 0.9394961595535278 0.09066666662693024 1.842
422 -1.005779027938843 0.9304858446121216 0.1679999977350235 4.03767
423 -1.002415657043457 0.8985040783882141 0.2773333191871643 3.66067
424 -1.004527568817139 0.9069265127182007 0.1653333306312561 3.50267
425 -1.00386643409729 0.9248958230018616 0.17733334004879 3.37867
426 -1.00213634967804 0.8898749947547913 0.164000004529953 2.93
427 -1.004080057144165 0.9187218546867371 0.2266666740179062 5.62233
428 -1.001417875289917 0.8834941387176514 0.5133333206176758 13.4433
429 -1.005309104919434 0.923617422580719 0.1586666703224182 5.07367
430 -1.003568649291992 0.9053447246551514 0.1679999977350235 1.97867
431 -1.001827120780945 0.8963287472724915 0.1133333370089531 2.77733
432 -1.004690051078796 0.9222263097763062 0.2293333262205124 4.015
433 -1.004381060600281 0.9105420112609863 0.2106666713953018 6.25833
434 -1.006422162055969 0.931202232837677 0.3786666691303253 8.73967
435 -1.004018425941467 0.9225285649299622 0.4040000140666962 7.04767
436 -1.003719925880432 0.8935970067977905 0.2693333327770233 13.7037
437 -1.002304792404175 0.9032931923866272 0.3013333380222321 4.80933
438 -1.004756212234497 0.921225368976593 0.2146666646003723 3.76233
439 -1.002737522125244 0.9131708741188049 0.4426666796207428 11.4793
440 -1.000132203102112 0.8744542002677917 0.4239999949932098 19.1277
441 -1.001555681228638 0.8822504878044128 0.1879999935626984 4.444
442 -1.007483601570129 0.9448592066764832 0.17733334004879 1.97967
443 -1.003574728965759 0.9096071124076843 0.2440000027418137 2.63067
444 -1.005011439323425 0.929472804069519 0.2440000027418137 6.63867
445 -1.002942800521851 0.9054999351501465 0.2319999933242798 4.70267
446 -1.003228664398193 0.9040734171867371 0.1866666674613953 6.094
447 -1.00435483455658 0.9245908856391907 0.2346666604280472 2.70367
448 -1.001249551773071 0.8822950720787048 0.2933333218097687 10.2197
449 -1.002098441123962 0.8887054920196533 0.1800000071525574 6.98133
450 -1.001438617706299 0.8803388476371765 0.2039999961853027 3.31867
451 -1.00281298160553 0.8917215466499329 0.2066666632890701 6.88367
452 -1.001812696456909 0.8807518482208252 0.2146666646003723 4.044
453 -1.000156402587891 0.8704157471656799 0.3039999902248383 9.00233
454 -1.003672003746033 0.9164140820503235 0.5 11.449
455 -1.00699257850647 0.9437383413314819 0.2266666740179062 3.16267
456 -1.005195021629333 0.9323213696479797 0.2560000121593475 4.44467
457 -1.003774046897888 0.9093765616416931 0.2520000040531158 5.131
458 -1.00597357749939 0.9222593307495117 0.1319999992847443 2.14367
459 -1.005576610565186 0.9295651316642761 0.2639999985694885 5.163
460 -1.003638625144958 0.9123624563217163 0.1253333389759064 1.92333
461 -0.9990143775939941 0.8767228722572327 0.3199999928474426 8.424
462 -1.003422856330872 0.9055483341217041 0.2093333303928375 5.63867
463 -1.002221465110779 0.8956416249275208 0.1866666674613953 3.89067
464 -1.003316283226013 0.8915987014770508 0.2306666672229767 10.413
465 -1.004775047302246 0.9247363805770874 0.1866666674613953 2.74133
466 -1.002462863922119 0.8897826075553894 0.2560000121593475 7.83533
467 -0.9985458850860596 0.8715800642967224 0.2093333303928375 6.17833
468 -1.005955696105957 0.9327901005744934 0.2520000040531158 5.68467
469 -1.006344437599182 0.9389942288398743 0.3053333461284637 5.07867
470 -1.004682421684265 0.9181064367294312 0.2373333275318146 2.539
471 -1.001784801483154 0.8880778551101685 0.2946666777133942 7.921
472 -1.005601406097412 0.9141114950180054 0.2160000056028366 8.69267
473 -1.004968285560608 0.9173532724380493 0.1613333374261856 3.83967
474 -1.003231167793274 0.9150503873825073 0.1946666687726974 4.297
475 -1.006388306617737 0.9375957250595093 0.1959999948740005 2.724
476 -1.00569486618042 0.9299033880233765 0.2013333290815353 4.15
477 -1.002766132354736 0.9060558080673218 0.2160000056028366 3.532
478 -1.004550337791443 0.9162177443504333 0.3413333296775818 9.49467
479 -1.003250598907471 0.8962242603302002 0.2266666740179062 6.064
480 -1.004259347915649 0.9116268754005432 0.1986666619777679 3.33433
481 -1.005774855613708 0.9290982484817505 0.1840000003576279 2.99367
482 -1.004812121391296 0.9240802526473999 0.2426666617393494 4.32467
483 -1.003368735313416 0.9141605496406555 0.3866666555404663 6.50067
484 -1.000214815139771 0.8801367878913879 0.2479999959468842 5.599
485 -1.002609491348267 0.9124809503555298 0.1653333306312561 3.6
486 -1.004310846328735 0.9229442477226257 0.2280000001192093 3.555
487 -1.004032373428345 0.9063358306884766 0.2173333317041397 7.98767
488 -1.001762986183167 0.8850436210632324 0.3746666610240936 10.5603
489 -1.001112461090088 0.8891761898994446 0.1920000016689301 3.726
490 -1.001812934875488 0.8886592388153076 0.2160000056028366 7.12033
491 -1.006898880004883 0.9431883692741394 0.2346666604280472 4.06333
492 -0.9999862313270569 0.8790606260299683 0.2893333435058594 7.64933
493 -1.002491593360901 0.8999794125556946 0.2533333301544189 3.29933
494 -1.004640936851501 0.9181095361709595 0.2720000147819519 3.49667
495 -1.006008744239807 0.9313916563987732 0.1586666703224182 2.235
496 -1.002436399459839 0.8928369283676147 0.3680000007152557 7.15367
497 -1.004411578178406 0.9159020185470581 0.1533333361148834 1.81333
498 -1.004680037498474 0.9159935116767883 0.2560000121593475 8.77367
499 -1.001927852630615 0.8926702737808228 0.2413333356380463 5.09167
500 -1.003843665122986 0.9175336956977844 0.1879999935626984 4.92333
501 -1.001487255096436 0.908270001411438 0.2119999974966049 4.00733
502 -1.007084488868713 0.9468384385108948 0.1666666716337204 2.39267
503 -1.007595658302307 0.9474478363990784 0.1813333332538605 1.94033
504 -1.001800298690796 0.8881328701972961 0.4106666743755341 14.9097
505 -1.006235361099243 0.9361004829406738 0.2586666643619537 5.87833
506 -1.00420355796814 0.9142523407936096 0.1626666635274887 4.31033
507 -1.004015207290649 0.8992445468902588 0.1173333302140236 3.69767
508 -1.003040552139282 0.9117518663406372 0.1653333306312561 2.17233
509 -1.004661202430725 0.9243574142456055 0.2226666659116745 3.04967
510 -1.002042651176453 0.8896895051002502 0.205333337187767 5.74033
511 -1.001735091209412 0.8758686780929565 0.2586666643619537 4.05533
512 -1.005054712295532 0.9266551733016968 0.2759999930858612 9.987
513 -0.9991922974586487 0.8644533157348633 0.4066666662693024 17.4173
514 -1.001874804496765 0.8997735977172852 0.2000000029802322 4.54267
515 -1.003083348274231 0.9078190326690674 0.3400000035762787 9.271
516 -1.005573987960815 0.9244381785392761 0.1519999951124191 2.004
517 -1.006109595298767 0.9306966662406921 0.2653333246707916 3.63267
518 -1.004507541656494 0.9247029423713684 0.1319999992847443 2.37233
519 -1.004724979400635 0.9175952672958374 0.2599999904632568 5.09367
520 -1.000026226043701 0.8465967774391174 0.3533333241939545 16.1287
521 -1.003068566322327 0.8973179459571838 0.1239999979734421 5.12
522 -1.004926204681396 0.9262834191322327 0.2413333356380463 4.792
523 -1.006023168563843 0.9351398348808289 0.3026666641235352 7.11633
524 -1.001750707626343 0.9031352400779724 0.3133333325386047 6.97967
525 -1.004918575286865 0.9247605204582214 0.2453333288431168 5.19433
526 -1.003923892974854 0.9155939817428589 0.1546666622161865 3.364
527 -1.003082275390625 0.9015881419181824 0.3333333432674408 9.93733
528 -0.9992778897285461 0.8549602031707764 0.1679999977350235 4.98533
529 -1.004333138465881 0.926064133644104 0.2000000029802322 2.936
530 -1.004275679588318 0.9213334918022156 0.2013333290815353 2.497
531 -1.005728244781494 0.9220231771469116 0.2479999959468842 6.262
532 -1.005557417869568 0.9317333698272705 0.185333326458931 4.356
533 -1.006597518920898 0.9377407431602478 0.1893333345651627 3.512
534 -1.002715706825256 0.9023706912994385 0.3813333213329315 11.6683
535 -0.9994847178459167 0.8580523133277893 0.4826666712760925 24.3213
536 -1.003951549530029 0.9069546461105347 0.1706666648387909 7.81533
537 -1.003009915351868 0.9057494401931763 0.1746666729450226 4.67433
538 -1.004306197166443 0.9045450687408447 0.1319999992847443 5.035
539 -1.004609107971191 0.9136464595794678 0.4639999866485596 13.621
540 -1.005050301551819 0.9292646646499634 0.2533333301544189 5.455
541 -1.004931211471558 0.9251257181167603 0.3866666555404663 6.47833
542 -1.004169702529907 0.9182164669036865 0.1293333321809769 3.83467
543 -1.005417466163635 0.9288876056671143 0.164000004529953 3.21067
544 -1.001912117004395 0.8836008906364441 0.1493333280086517 2.17533
545 -1.006827116012573 0.9284095168113708 0.2613333463668823 4.592
546 -1.003150343894958 0.9082112908363342 0.1466666609048843 4.29667
547 -1.005694627761841 0.9177780747413635 0.2773333191871643 7.92133
548 -1.003503084182739 0.8873826265335083 0.136000007390976 4.81933
549 -1.003058195114136 0.9009618163108826 0.1959999948740005 3.96867
550 -1.003527641296387 0.9070853590965271 0.2479999959468842 8.328
551 -1.00306248664856 0.9029740691184998 0.08799999952316284 3.86933
552 -1.004554390907288 0.9226416945457458 0.3013333380222321 6.92
553 -1.00347912311554 0.9038193225860596 0.4493333399295807 13.4287
554 -0.9997006058692932 0.8794758319854736 0.3386666774749756 10.6443
555 -1.002965927124023 0.9106067419052124 0.2653333246707916 7.407
556 -1.000439167022705 0.8914927840232849 0.2333333343267441 6.50833
557 -1.006351470947266 0.9286131858825684 0.2346666604280472 8.27933
558 -1.002814769744873 0.9189519286155701 0.2533333301544189 4.107
559 -1.006750822067261 0.9356379508972168 0.2693333327770233 5.24133
560 -1.002108693122864 0.9037058353424072 0.2479999959468842 1.88033
561 -1.006752014160156 0.9442147612571716 0.1946666687726974 2.412
562 -1.00219738483429 0.8951950669288635 0.2826666533946991 11.9393
563 -1.002448439598083 0.8960266709327698 0.2093333303928375 8.44133
564 -1.006401658058167 0.9317167997360229 0.1146666631102562 3.812
565 -1.005922555923462 0.9333085417747498 0.273333340883255 3.43333
566 -1.001866579055786 0.8983526825904846 0.2319999933242798 5.21
567 -1.003668427467346 0.9082505702972412 0.2066666632890701 3.60867
568 -1.004238724708557 0.923170804977417 0.2333333343267441 5.233
569 -1.004603981971741 0.9144872426986694 0.1679999977350235 3.05767
570 -1.007712721824646 0.9474100470542908 0.2000000029802322 3.05933
571 -1.004390358924866 0.9281850457191467 0.164000004529953 4.20067
572 -1.003771901130676 0.9047853350639343 0.3720000088214874 11.5813
573 -1.001039981842041 0.8804376721382141 0.1666666716337204 5.528
574 -1.005182266235352 0.9231340289115906 0.1693333387374878 3.45833
575 -1.001396775245667 0.8858907222747803 0.2000000029802322 3.895
576 -1.005704045295715 0.9294155240058899 0.3880000114440918 10.4943
577 -1.007071495056152 0.9390559792518616 0.1720000058412552 3.72067
578 -1.001402735710144 0.8929231762886047 0.239999994635582 4.42033
579 -1.005356311798096 0.9276221394538879 0.2039999961853027 4.15433
580 -1.003812193870544 0.9109071493148804 0.1613333374261856 2.59433
581 -1.004879355430603 0.9220079183578491 0.1653333306312561 2.68067
582 -1.001033425331116 0.8789231777191162 0.4133333265781403 13.3477
583 -1.004079461097717 0.9060417413711548 0.2520000040531158 5.83933
584 -1.003963589668274 0.9112480282783508 0.1920000016689301 8.94367
585 -1.001788020133972 0.8937848210334778 0.2440000027418137 7.413
586 -1.003353953361511 0.9031256437301636 0.1253333389759064 1.281
587 -1.00339686870575 0.9001560211181641 0.1946666687726974 6.39567
588 -1.002273797988892 0.897555410861969 0.2160000056028366 6.859
589 -0.9988908767700195 0.8663211464881897 0.2599999904632568 6.416
590 -1.003073930740356 0.8918790817260742 0.1959999948740005 10.4673
591 -1.004744410514832 0.9204171299934387 0.2226666659116745 4.85833
592 -1.003491163253784 0.9115475416183472 0.1800000071525574 2.503
593 -1.007060408592224 0.9250847697257996 0.1840000003576279 4.691
594 -1.003108859062195 0.9017168879508972 0.2039999961853027 4.538
595 -1.002926588058472 0.8951990604400635 0.3626666665077209 8.80067
596 -1.003898978233337 0.9094046950340271 0.1826666593551636 5.13967
597 -1.006106972694397 0.9344344139099121 0.2493333369493484 6.29467
598 -1.001552700996399 0.8992754817008972 0.2319999933242798 4.74833
599 -1.006294727325439 0.9378459453582764 0.1986666619777679 3.32933
600 -1.007179260253906 0.9445357918739319 0.2639999985694885 4.817
601 -1.002230167388916 0.8954558968544006 0.3266666531562805 7.67633
602 -1.003901362419128 0.9070534110069275 0.2360000014305115 7.94467
603 -1.003871202468872 0.9101683497428894 0.239999994635582 5.245
604 -1.003998398780823 0.9156558513641357 0.1253333389759064 2.17133
605 -1.004279732704163 0.9249341487884521 0.1586666703224182 2.22233
606 -1.003179550170898 0.9073954224586487 0.1933333277702332 4.53333
607 -1.00339686870575 0.9144696593284607 0.3253333270549774 6.561
608 -1.004556894302368 0.9206089973449707 0.1533333361148834 2.70233
609 -1.005268096923828 0.9258100390434265 0.2626666724681854 3.94267
610 -1.002500414848328 0.8745938539505005 0.3373333215713501 6.10533
611 -1.004670739173889 0.9154707789421082 0.2906666696071625 7.41633
612 -1.000950336456299 0.8887231349945068 0.2440000027418137 7.178
613 -1.003535628318787 0.9109405875205994 0.2039999961853027 7.22767
614 -1.002568244934082 0.8931586146354675 0.1813333332538605 5.45333
615 -1.004887223243713 0.9310012459754944 0.218666672706604 2.75133
616 -1.003743767738342 0.923829972743988 0.239999994635582 4.381
617 -1.005002975463867 0.9223538637161255 0.150666669011116 4.31233
618 -1.002870798110962 0.9228277206420898 0.2333333343267441 3.29667
619 -1.00216817855835 0.9012486934661865 0.1733333319425583 2.82267
620 -1.004339098930359 0.9161608815193176 0.1959999948740005 1.80267
621 -1.00209629535675 0.8759786486625671 0.2360000014305115 8.08933
622 -1.001084923744202 0.8963698744773865 0.1986666619777679 5.85033
623 -1.00132167339325 0.8813265562057495 0.1906666606664658 7.85933
624 -1.000494956970215 0.8860793709754944 0.3079999983310699 6.38867
625 -1.001975297927856 0.886420726776123 0.2093333303928375 8.80667
626 -1.005758762359619 0.9234779477119446 0.1053333356976509 2.069
627 -1.005995154380798 0.9310286641120911 0.1973333358764648 3.66467
628 -1.002044916152954 0.8973385691642761 0.1879999935626984 4.16
629 -1.00245213508606 0.8971635103225708 0.1546666622161865 2.55233
630 -1.002547025680542 0.9014672040939331 0.1986666619777679 4.745
631 -1.001170873641968 0.8953920602798462 0.4293333292007446 14.2127
632 -1.002888441085815 0.8940625190734863 0.2319999933242798 3.35467
633 -1.005627393722534 0.9319437146186829 0.1706666648387909 4.41233
634 -1.004842281341553 0.928486168384552 0.2386666685342789 4.43767
635 -1.004689335823059 0.9246552586555481 0.1373333334922791 3.55833
636 -1.000600814819336 0.8733406662940979 0.1319999992847443 3.843
637 -1.005538940429688 0.9304386377334595 0.2840000092983246 5.14533
638 -1.002021193504333 0.8803433179855347 0.218666672706604 6.69067
639 -1.003215789794922 0.907148003578186 0.2293333262205124 4.96367
640 -1.007598400115967 0.9447861909866333 0.2093333303928375 3.14
641 -1.003525972366333 0.9046798348426819 0.2973333299160004 5.884
642 -1.004155874252319 0.928524911403656 0.1280000060796738 3.852
643 -1.00626540184021 0.9320516586303711 0.1333333402872086 5.153
644 -1.004996299743652 0.9257621169090271 0.2280000001192093 7.91833
645 -1.00554621219635 0.9305731058120728 0.1866666674613953 2.537
646 -1.007701992988586 0.9458985328674316 0.1733333319425583 3.065
647 -1.004099607467651 0.9061586856842041 0.4786666631698608 15.536
648 -1.00500750541687 0.9242074489593506 0.2373333275318146 4.199
649 -1.004677057266235 0.9229480028152466 0.1266666650772095 2.28833
650 -1.003634333610535 0.9015582799911499 0.2599999904632568 5.85167
651 -1.002981185913086 0.8997007608413696 0.185333326458931 10.847
652 -1.002464056015015 0.904070258140564 0.3319999873638153 12.5543
653 -1.00253164768219 0.9041323065757751 0.2520000040531158 5.90733
654 -1.00305449962616 0.9141756892204285 0.1933333277702332 3.649
655 -1.002227425575256 0.8958519697189331 0.1866666674613953 6.01967
656 -1.001799464225769 0.8952431082725525 0.2199999988079071 4.61067
657 -1.004371285438538 0.9184837341308594 0.239999994635582 7.159
658 -1.003265380859375 0.8954784870147705 0.1959999948740005 4.286
659 -1.005202054977417 0.9260081648826599 0.2440000027418137 4.459
660 -1.003933668136597 0.9151531457901001 0.1986666619777679 4.25067
661 -1.00422728061676 0.9164600372314453 0.3893333375453949 9.651
662 -1.002404928207397 0.8995726704597473 0.2333333343267441 5.36567
663 -1.002979278564453 0.9179836511611938 0.17733334004879 3.11667
664 -1.005399942398071 0.9255737066268921 0.1346666663885117 2.72433
665 -1.003803253173828 0.9157920479774475 0.2720000147819519 6.06867
666 -1.005352258682251 0.9266557097434998 0.2560000121593475 5.69367
667 -1.005448818206787 0.9139138460159302 0.1480000019073486 3.84667
668 -1.002703905105591 0.9071612358093262 0.3053333461284637 7.843
669 -1.002571225166321 0.900518000125885 0.2333333343267441 10.1977
670 -1.002962350845337 0.9090184569358826 0.2560000121593475 5.666
671 -1.003421187400818 0.9034125208854675 0.1706666648387909 5.64
672 -1.004168391227722 0.9136741757392883 0.2706666588783264 5.44333
673 -1.007471442222595 0.944374680519104 0.2039999961853027 6.93
674 -1.003842830657959 0.924948513507843 0.218666672706604 4.486
675 -1.002203226089478 0.8927233219146729 0.1426666676998138 3.473
676 -1.004334926605225 0.9208870530128479 0.2479999959468842 5.708
677 -1.005030155181885 0.9248020052909851 0.2653333246707916 4.57333
678 -1.006982922554016 0.9401401281356812 0.1586666703224182 2.382
679 -1.004709839820862 0.923784077167511 0.2080000042915344 4.27433
680 -1.00428831577301 0.9177377820014954 0.2000000029802322 6.033
681 -1.001920819282532 0.8986092805862427 0.2026666700839996 4.41333
682 -1.003161072731018 0.9096301794052124 0.1813333332538605 3.37967
683 -1.001331925392151 0.8981468677520752 0.3573333323001862 7.77167
684 -1.004665970802307 0.9144232869148254 0.1266666650772095 2.71533
685 -1.002324104309082 0.8898511528968811 0.2146666646003723 6.314
686 -1.003098607063293 0.9006412029266357 0.5320000052452087 15.7867
687 -1.003273248672485 0.9090865850448608 0.218666672706604 6.43
688 -1.001343369483948 0.8833432793617249 0.1840000003576279 3.484
689 -1.005573749542236 0.9285144805908203 0.1306666731834412 2.31467
690 -1.002738118171692 0.8943403959274292 0.1120000034570694 3.74567
691 -1.00395405292511 0.9130463004112244 0.2653333246707916 10.1147
692 -1.002146601676941 0.903911292552948 0.2853333353996277 9.21633
693 -1.001522660255432 0.886709451675415 0.1720000058412552 6.09533
694 -1.003089666366577 0.8918294906616211 0.2013333290815353 7.32
695 -1.003292560577393 0.9033234715461731 0.2386666685342789 5.64067
696 -1.002650022506714 0.9021156430244446 0.2466666698455811 8.175
697 -1.0027836561203 0.9016672968864441 0.3680000007152557 11.174
698 -1.00430953502655 0.9132351875305176 0.2000000029802322 3.52467
699 -1.0062495470047 0.9279881119728088 0.3319999873638153 6.85
700 -1.0021151304245 0.8933789134025574 0.2319999933242798 10.4713
701 -1.003557205200195 0.9124906659126282 0.1720000058412552 4.023
702 -1.00656521320343 0.932057797908783 0.1493333280086517 3.70233
703 -1.001711368560791 0.889380931854248 0.3720000088214874 13.5243
704 -1.002506732940674 0.8987638354301453 0.1560000032186508 6.51567
705 -1.000197649002075 0.8822633624076843 0.2586666643619537 3.92567
706 -0.9999380111694336 0.8570789098739624 0.2146666646003723 6.41533
707 -1.00549840927124 0.9187492728233337 0.1213333308696747 2.74733
708 -1.002278685569763 0.8947979211807251 0.239999994635582 6.41067
709 -1.00235390663147 0.9016569852828979 0.1920000016689301 2.807
710 -1.004941940307617 0.908491849899292 0.1560000032186508 2.95533
711 -1.00415313243866 0.9006345868110657 0.1720000058412552 4.25767
712 -1.003362655639648 0.9169041514396667 0.3120000064373016 7.16467
713 -1.000990867614746 0.8785335421562195 0.1546666622161865 2.83267
714 -1.006295561790466 0.9394950270652771 0.2773333191871643 4.82233
715 -1.003867506980896 0.9131099581718445 0.4066666662693024 9.729
716 -1.000113487243652 0.8695145845413208 0.1066666692495346 4.73533
717 -1.002261877059937 0.8952106833457947 0.2133333384990692 5.10933
718 -1.004039883613586 0.8928741216659546 0.1586666703224182 3.61367
719 -1.00362503528595 0.9173710346221924 0.363999992609024 4.01233
720 -1.001731395721436 0.8962949514389038 0.3573333323001862 8.05833
721 -1.006481528282166 0.9327250719070435 0.2440000027418137 5.75667
722 -1.006538510322571 0.9384468793869019 0.1439999938011169 2.90333
723 -1.002539873123169 0.8913397789001465 0.2866666615009308 10.3133
724 -1.001272559165955 0.8677976131439209 0.2800000011920929 10.297
725 -1.004421710968018 0.9218986630439758 0.1746666729450226 4.06833
726 -1.003223061561584 0.9109107851982117 0.1626666635274887 6.64133
727 -1.004628777503967 0.921836256980896 0.1706666648387909 3.34433
728 -1.006240248680115 0.937032163143158 0.2599999904632568 5.15033
729 -1.003104567527771 0.8972474932670593 0.1546666622161865 3.92833
730 -1.000267386436462 0.8694900870323181 0.1613333374261856 5.94733
731 -1.005969405174255 0.9328224062919617 0.1840000003576279 3.38933
732 -1.004721760749817 0.9261807203292847 0.3346666693687439 6.26233
733 -1.002903342247009 0.9061920642852783 0.2373333275318146 5.889
734 -1.003523588180542 0.8965653777122498 0.2199999988079071 5.503
735 -1.001143097877502 0.8966202735900879 0.3386666774749756 8.792
736 -1.002756237983704 0.9160243272781372 0.2573333382606506 4.232
737 -1.004360437393188 0.9150077104568481 0.1586666703224182 1.992
738 -1.003172397613525 0.9091533422470093 0.2973333299160004 6.41
739 -1.006230592727661 0.9396501183509827 0.1893333345651627 2.42633
740 -1.005118131637573 0.9248871803283691 0.1893333345651627 4.424
741 -1.003124237060547 0.9030737280845642 0.164000004529953 4.10533
742 -1.005746960639954 0.929253101348877 0.1826666593551636 5.156
743 -1.006070137023926 0.9424885511398315 0.2746666669845581 3.90567
744 -1.004765510559082 0.9198710322380066 0.1453333348035812 3.12367
745 -1.005171298980713 0.9162312746047974 0.1493333280086517 3.53733
746 -1.000066995620728 0.858691394329071 0.2693333327770233 5.59867
747 -1.002059936523438 0.8887297511100769 0.1386666595935822 7.17967
748 -1.003128170967102 0.9049742221832275 0.218666672706604 6.125
749 -1.00113570690155 0.8943020701408386 0.185333326458931 3.208
750 -1.00383996963501 0.9056349396705627 0.1453333348035812 2.72133
751 -1.005545258522034 0.9244908690452576 0.1866666674613953 6.618
752 -1.002578496932983 0.9065696597099304 0.1933333277702332 3.71233
753 -1.000742435455322 0.8825089335441589 0.2373333275318146 6.97867
754 -1.001893043518066 0.8866118192672729 0.1720000058412552 7.578
755 -1.004734992980957 0.9167486429214478 0.1439999938011169 3.15933
756 -1.005153298377991 0.9285681843757629 0.2573333382606506 5.61533
757 -1.000040173530579 0.8583340644836426 0.4280000030994415 23.654
758 -1.003819942474365 0.9060384631156921 0.2386666685342789 6.362
759 -1.004783749580383 0.9218458533287048 0.3493333458900452 9.262
760 -1.005006194114685 0.9183173179626465 0.1266666650772095 3.34267
761 -1.00335431098938 0.907566249370575 0.3573333323001862 9.61633
762 -1.004742622375488 0.9304972887039185 0.1000000014901161 1.84533
763 -1.004786968231201 0.9197303652763367 0.1786666661500931 3.13667
764 -1.002385854721069 0.9007235765457153 0.254666656255722 7.744
765 -1.001208424568176 0.8940136432647705 0.1879999935626984 3.19267
766 -1.004930853843689 0.9052395820617676 0.3746666610240936 9.42033
767 -1.003592252731323 0.9148004651069641 0.2479999959468842 8.299
768 -1.001689910888672 0.8906646966934204 0.2533333301544189 6.605
769 -1.002040505409241 0.8919227123260498 0.2386666685342789 9.10933
770 -1.004484891891479 0.9133262634277344 0.1800000071525574 3.02567
771 -1.004513740539551 0.9102136492729187 0.1813333332538605 1.53567
772 -1.004679322242737 0.9157211184501648 0.1386666595935822 1.59233
773 -1.003414750099182 0.908909022808075 0.2840000092983246 6.033
774 -1.002147674560547 0.8905966877937317 0.2466666698455811 8.01767
775 -1.001978397369385 0.8712170124053955 0.2533333301544189 15.1357
776 -1.002753496170044 0.9008480906486511 0.218666672706604 9.689
777 -1.00354540348053 0.8977286815643311 0.2706666588783264 6.73133
778 -1.003561735153198 0.9056496024131775 0.3319999873638153 9.955
779 -1.004969358444214 0.9228966236114502 0.2266666740179062 5.90167
780 -1.005017161369324 0.9215661883354187 0.3160000145435333 6.04767
781 -1.003342628479004 0.9112318754196167 0.2866666615009308 8.31433
782 -1.003667831420898 0.9172133803367615 0.2373333275318146 6.62867
783 -1.00404679775238 0.9097417593002319 0.1266666650772095 3.95767
784 -1.000420212745667 0.8709474205970764 0.1400000005960464 4.684
785 -1.000241994857788 0.8686712384223938 0.2093333303928375 6.76633
786 -1.004071474075317 0.9079746007919312 0.2599999904632568 7.702
787 -1.001063346862793 0.901923656463623 0.4293333292007446 15.761
788 -1.003446459770203 0.9054329395294189 0.2853333353996277 9.872
789 -1.003098607063293 0.9057363867759705 0.1573333293199539 3.198
790 -1.006656289100647 0.9219217300415039 0.3120000064373016 8.481
791 -1.004239797592163 0.9175428748130798 0.1986666619777679 3.72767
792 -1.003434777259827 0.9117044806480408 0.2346666604280472 3.97233
793 -1.002467393875122 0.89805006980896 0.1679999977350235 4.696
794 -1.004100561141968 0.9138607382774353 0.2253333330154419 6.09167
795 -1.001299262046814 0.886941134929657 0.2026666700839996 4.737
796 -1.002555012702942 0.9064638614654541 0.1759999990463257 3.131
797 -1.006132006645203 0.9281525015830994 0.1146666631102562 1.30333
798 -1.003890037536621 0.9081124663352966 0.2466666698455811 5.93467
799 -1.003528118133545 0.9193000197410583 0.1733333319425583 2.59433
800 -1.00265109539032 0.9063157439231873 0.2253333330154419 3.381
801 -1.002631545066833 0.8978219628334045 0.2973333299160004 10.6517
802 -1.002810597419739 0.9094647765159607 0.2333333343267441 4.90133
803 -1.004051446914673 0.9217951893806458 0.1959999948740005 4.63367
804 -0.9984763860702515 0.8679324388504028 0.2466666698455811 7.86733
805 -1.002930045127869 0.9051094651222229 0.1519999951124191 4.38933
806 -1.00716495513916 0.9356983304023743 0.1666666716337204 3.34333
807 -1.005534291267395 0.9332613348960876 0.2013333290815353 2.696
808 -1.004271507263184 0.923337996006012 0.3226666748523712 7.43833
809 -1.001860857009888 0.8925661444664001 0.4333333373069763 15.4623
810 -1.005348801612854 0.9258191585540771 0.1733333319425583 3.326
811 -1.007362365722656 0.9396026134490967 0.136000007390976 3.41167
812 -1.004412889480591 0.9216822385787964 0.2146666646003723 6.89433
813 -1.004077434539795 0.9225870966911316 0.1959999948740005 1.788
814 -1.0036381483078 0.9201702475547791 0.150666669011116 3.805
815 -1.000006079673767 0.8508478403091431 0.2119999974966049 11.9483
816 -1.005026698112488 0.9137410521507263 0.2226666659116745 6.20033
817 -1.004857540130615 0.9027233719825745 0.1586666703224182 6.56567
818 -1.006834268569946 0.9392778277397156 0.2266666740179062 2.47433
819 -1.006913781166077 0.936323344707489 0.1706666648387909 3.021
820 -1.005478858947754 0.9282025694847107 0.2346666604280472 5.358
821 -1.004107713699341 0.9158588051795959 0.2133333384990692 4.42267
822 -1.000903606414795 0.8724294304847717 0.5346666574478149 29.372
823 -1.000040411949158 0.8764747977256775 0.1599999964237213 5.31367
824 -1.004110932350159 0.9068735241889954 0.2266666740179062 7.51333
825 -1.002516627311707 0.9072543978691101 0.1599999964237213 2.34133
826 -1.00620174407959 0.9304938912391663 0.1906666606664658 4.092
827 -1.006189823150635 0.933138370513916 0.2066666632890701 4.001
828 -1.001091122627258 0.8994917273521423 0.1706666648387909 4.38
829 -1.003068327903748 0.8999112844467163 0.2586666643619537 10.6177
830 -1.003096342086792 0.8925016522407532 0.2066666632890701 6.52567
831 -1.003880381584167 0.9131269454956055 0.1013333350419998 4.82167
832 -1.001136422157288 0.8786478042602539 0.473333328962326 22.415
833 -1.002845406532288 0.8737033605575562 0.3413333296775818 28.4863
834 -1.002979516983032 0.9162501692771912 0.2039999961853027 3.41467
835 -1.003393888473511 0.9206594228744507 0.2560000121593475 5.64367
836 -1.003546714782715 0.9072330594062805 0.150666669011116 3.365
837 -1.003496527671814 0.9097164869308472 0.3226666748523712 11.947
838 -1.002604365348816 0.8932453393936157 0.2199999988079071 4.236
839 -0.9992196559906006 0.8542535901069641 0.3146666586399078 5.03067
840 -1.001889109611511 0.8832495808601379 0.3306666612625122 12.852
841 -1.001615762710571 0.8766270279884338 0.2240000069141388 8.873
842 -1.003440380096436 0.9058750867843628 0.3160000145435333 4.92267
843 -1.001124501228333 0.8950878977775574 0.1786666661500931 5.17133
844 -0.9991926550865173 0.8795648813247681 0.2133333384990692 5.12233
845 -1.002246022224426 0.8877020478248596 0.2466666698455811 7.483
846 -1.007996320724487 0.9429665803909302 0.1080000028014183 1.48767
847 -1.004191637039185 0.9168391227722168 0.3319999873638153 7.84733
848 -1.005254507064819 0.9288156628608704 0.3266666531562805 8.58567
849 -1.002641558647156 0.9001352787017822 0.150666669011116 4.566
850 -1.004236698150635 0.9229830503463745 0.185333326458931 2.92267
851 -1.004585385322571 0.916853666305542 0.2426666617393494 7.59967
852 -1.006886005401611 0.9404251575469971 0.1720000058412552 2.74933
853 -1.003965139389038 0.9137035608291626 0.2066666632890701 3.68267
854 -1.002710580825806 0.9143583178520203 0.2026666700839996 3.422
855 -1.005039930343628 0.9348180890083313 0.2266666740179062 4.47333
856 -1.002794504165649 0.9112918376922607 0.2879999876022339 5.962
857 -1.005579710006714 0.9296838641166687 0.2706666588783264 5.60633
858 -1.006217241287231 0.9382215142250061 0.1800000071525574 3.73733
859 -1.002214789390564 0.8935800790786743 0.2586666643619537 6.83067
860 -1.004088521003723 0.9155647158622742 0.2093333303928375 5.29767
861 -1.004907131195068 0.9168848991394043 0.1386666595935822 2.80267
862 -1.003634810447693 0.9214112758636475 0.5759999752044678 15.1507
863 -1.000890493392944 0.8794811367988586 0.3373333215713501 10.8333
864 -1.002133011817932 0.8886333703994751 0.1653333306312561 3.857
865 -1.003121852874756 0.9063653349876404 0.5746666789054871 11.502
866 -1.00360631942749 0.9135792851448059 0.3706666529178619 9.66933
867 -1.004452705383301 0.9208119511604309 0.1759999990463257 4.84633
868 -1.003277897834778 0.9038402438163757 0.1986666619777679 2.563
869 -1.005577206611633 0.927270770072937 0.2573333382606506 6.41667
870 -1.003262042999268 0.8929124474525452 0.1519999951124191 1.92067
871 -1.002350091934204 0.9109552502632141 0.2613333463668823 3.24733
872 -1.006008625030518 0.9357416033744812 0.3213333189487457 7.257
873 -1.004716753959656 0.9180098176002502 0.1946666687726974 1.49933
874 -1.000046610832214 0.8720614314079285 0.2800000011920929 9.62533
875 -1.004401087760925 0.9205953478813171 0.1759999990463257 3.813
876 -1.008726358413696 0.952293872833252 0.1786666661500931 3.17033
877 -1.005534410476685 0.9323557019233704 0.1626666635274887 2.527
878 -1.005408883094788 0.9321065545082092 0.2706666588783264 4.52833
879 -1.003837704658508 0.9242088198661804 0.2693333327770233 3.62
880 -1.001526474952698 0.8900296092033386 0.2680000066757202 7.60933
881 -1.003443479537964 0.9111136198043823 0.3893333375453949 10.4483
882 -1.001434326171875 0.8867835402488708 0.2373333275318146 10.3093
883 -1.004433512687683 0.9125646352767944 0.1480000019073486 4.64733
884 -1.006693482398987 0.9434702396392822 0.1346666663885117 2.47
885 -1.003247141838074 0.909858226776123 0.2319999933242798 2.48033
886 -1.001800298690796 0.8960409164428711 0.1733333319425583 2.889
887 -1.003546237945557 0.9145196676254272 0.2800000011920929 4.59767
888 -1.000847220420837 0.8815478682518005 0.205333337187767 4.827
889 -0.9998831152915955 0.870455801486969 0.2613333463668823 6.673
890 -1.00235378742218 0.8906248211860657 0.2266666740179062 9.34467
891 -1.003926277160645 0.908441960811615 0.1466666609048843 4.14167
892 -1.003019094467163 0.9024332761764526 0.2666666805744171 7.64567
893 -1.004190921783447 0.9122258424758911 0.4026666581630707 12.9847
894 -1.003501653671265 0.9150272607803345 0.1759999990463257 3.22567
895 -1.004268527030945 0.9140974879264832 0.1333333402872086 2.21867
896 -1.002184867858887 0.8998223543167114 0.1893333345651627 4.45433
897 -1.004555702209473 0.9142471551895142 0.08933333307504654 3.18267
898 -1.004682183265686 0.9284012317657471 0.2840000092983246 4.762
899 -1.002018332481384 0.8945043087005615 0.1653333306312561 3.10467
900 -1.003533124923706 0.9222309589385986 0.2026666700839996 3.24833
901 -1.005672335624695 0.934492290019989 0.1906666606664658 4.50333
902 -1.00555157661438 0.9214065670967102 0.2000000029802322 7.04
903 -1.003640532493591 0.912405252456665 0.4160000085830688 13.3893
904 -1.003220677375793 0.910938560962677 0.3039999902248383 9.41533
905 -1.005488395690918 0.931554913520813 0.1613333374261856 3.519
906 -1.00282883644104 0.9158028960227966 0.1733333319425583 4.37567
907 -1.003399848937988 0.9131048917770386 0.136000007390976 1.89867
908 -1.004293084144592 0.9227825403213501 0.1800000071525574 2.65033
909 -1.005611658096313 0.9291510581970215 0.2026666700839996 3.98667
910 -1.002989530563354 0.9117491841316223 0.2800000011920929 5.51833
911 -1.003355026245117 0.9102814793586731 0.1759999990463257 1.67733
912 -1.001731634140015 0.9013264179229736 0.4226666688919067 8.688
913 -1.004604935646057 0.9213130474090576 0.2146666646003723 4.11067
914 -1.008891344070435 0.9531821012496948 0.2000000029802322 2.96933
915 -1.001041412353516 0.8682541251182556 0.3133333325386047 12.0187
916 -1.006991386413574 0.9433091878890991 0.1786666661500931 1.824
917 -0.9998188614845276 0.8699322938919067 0.2093333303928375 9.81033
918 -1.00566577911377 0.9198958277702332 0.2333333343267441 8.96333
919 -1.001010417938232 0.8740068078041077 0.2160000056028366 4.67933
920 -1.005764126777649 0.9268498420715332 0.4026666581630707 10.681
921 -1.005836009979248 0.9368479251861572 0.2013333290815353 2.812
922 -1.007068872451782 0.9404904842376709 0.1626666635274887 2.29233
923 -1.00263237953186 0.9027915596961975 0.2946666777133942 7.27967
924 -1.001579880714417 0.8560773134231567 0.1480000019073486 7.372
925 -0.9990837574005127 0.8663372993469238 0.3466666638851166 13.599
926 -1.005508422851562 0.9246320724487305 0.3013333380222321 11.0343
927 -1.00150728225708 0.8946807980537415 0.2586666643619537 7.925
928 -0.9992651343345642 0.855915367603302 0.2479999959468842 8.85333
929 -1.002854108810425 0.8994930982589722 0.3213333189487457 7.51933
930 -1.001868724822998 0.896068274974823 0.300000011920929 7.79533
931 -1.00395667552948 0.9041560292243958 0.218666672706604 5.03933
932 -1.000317931175232 0.8803113698959351 0.3240000009536743 13.631
933 -1.003281950950623 0.8919464349746704 0.17733334004879 2.22833
934 -1.004987835884094 0.9210783839225769 0.1613333374261856 4.60433
935 -1.003724455833435 0.9193382263183594 0.2840000092983246 6.03567
936 -1.006112337112427 0.9348814487457275 0.1533333361148834 2.84667
937 -1.005795359611511 0.9249991774559021 0.1706666648387909 1.60567
938 -1.002060174942017 0.889039933681488 0.2039999961853027 3.50933
939 -1.003479838371277 0.9074825644493103 0.2106666713953018 6.616
940 -1.000797629356384 0.8805951476097107 0.2746666669845581 9.24933
941 -1.002673029899597 0.9052698016166687 0.1893333345651627 3.57
942 -1.003054618835449 0.8990896940231323 0.2666666805744171 7.045
943 -1.006398916244507 0.9312989711761475 0.2133333384990692 5.449
944 -1.003356695175171 0.907650887966156 0.1893333345651627 4.71
945 -1.002257227897644 0.8908668756484985 0.2826666533946991 9.41333
946 -1.004064202308655 0.9207351803779602 0.2533333301544189 3.063
947 -1.004673361778259 0.9236499667167664 0.2426666617393494 4.149
948 -1.003372192382812 0.9104406833648682 0.1946666687726974 2.74333
949 -1.004348754882812 0.9195253849029541 0.1933333277702332 2.655
950 -1.00055992603302 0.8578876256942749 0.17733334004879 5.451
951 -1.00221836566925 0.8831671476364136 0.1413333266973495 3.76233
952 -1.002478718757629 0.8951558470726013 0.150666669011116 6.29133
953 -1.005132436752319 0.9308270812034607 0.185333326458931 2.928
954 -1.001829743385315 0.8995547890663147 0.3693333268165588 10.4783
955 -1.004351258277893 0.9172666072845459 0.2160000056028366 5.097
956 -1.004487991333008 0.9156439900398254 0.1973333358764648 3.567
957 -1.006785035133362 0.9378330111503601 0.1573333293199539 2.365
958 -1.003427028656006 0.9028447270393372 0.239999994635582 4.776
959 -1.003425359725952 0.9147046804428101 0.1920000016689301 3.53967
960 -1.004302620887756 0.9117732048034668 0.1720000058412552 4.64867
961 -1.004922151565552 0.9243099689483643 0.3493333458900452 6.92867
962 -0.9986827969551086 0.854718029499054 0.2560000121593475 5.57733
963 -1.002125024795532 0.9024892449378967 0.1679999977350235 5.36167
964 -1.003963351249695 0.9176488518714905 0.3013333380222321 6.47333
965 -1.00274646282196 0.9083229899406433 0.2440000027418137 4.11567
966 -1.003937363624573 0.9107076525688171 0.1693333387374878 2.46633
967 -1.004839539527893 0.9148830771446228 0.2573333382606506 8.241
968 -1.004230499267578 0.9058526754379272 0.2720000147819519 4.312
969 -1.001622438430786 0.8881741762161255 0.2213333398103714 6.28933
970 -1.004603743553162 0.9299458861351013 0.2106666713953018 3.145
971 -1.004646062850952 0.919343113899231 0.2453333288431168 4.99067
972 -1.004928231239319 0.928741455078125 0.1280000060796738 1.602
973 -1.004626512527466 0.9203170537948608 0.2119999974966049 4.37
974 -1.002780795097351 0.9010503888130188 0.2106666713953018 5.33867
975 -1.005280137062073 0.9265369176864624 0.2613333463668823 5.22267
976 -1.004915714263916 0.9262000322341919 0.1280000060796738 3.53633
977 -1.002912640571594 0.9120793342590332 0.2293333262205124 2.523
978 -0.9992597103118896 0.8614211678504944 0.1920000016689301 3.05167
979 -1.004056811332703 0.9174764156341553 0.3240000009536743 7.54667
980 -0.9996439814567566 0.8745291233062744 0.1959999948740005 4.773
981 -1.001558780670166 0.8931230306625366 0.3026666641235352 8.906
982 -1.00183629989624 0.9004946947097778 0.1280000060796738 2.744
983 -1.005851268768311 0.9342377781867981 0.1560000032186508 3.35067
984 -1.005244731903076 0.9179640412330627 0.1466666609048843 4.807
985 -1.005601286888123 0.9268305897712708 0.1973333358764648 5.08133
986 -1.006371378898621 0.9222823977470398 0.2413333356380463 5.50567
987 -1.006263256072998 0.9273998737335205 0.2160000056028366 5.41033
988 -1.002896785736084 0.9085990190505981 0.1746666729450226 4.32233
989 -1.003255844116211 0.9070205092430115 0.1840000003576279 2.99133
990 -1.003645777702332 0.9038276076316833 0.2373333275318146 8.64133
991 -1.001659393310547 0.8889500498771667 0.2960000038146973 13.5967
992 -1.000517606735229 0.9023239612579346 0.239999994635582 2.98433
993 -1.007636189460754 0.9456419348716736 0.1706666648387909 3.14867
994 -1.000863671302795 0.8784714341163635 0.2386666685342789 5.76367
995 -1.001246690750122 0.8923983573913574 0.2520000040531158 7.12
996 -1.004106163978577 0.9142006039619446 0.2106666713953018 5.6
997 -1.004166603088379 0.9180698394775391 0.205333337187767 4.79
998 -1.002769589424133 0.9160580039024353 0.2666666805744171 3.795
999 -1.002188444137573 0.9017977714538574 0.2360000014305115 5.574
1000 -1.005117774009705 0.9276348352432251 0.2133333384990692 3.70233
