# Simulazione modello di Ising 1D
# Mossa 	 Energia 	 Magnetizzazione 	 Calore specifico 	 Suscettività
1 -0.9586360454559326 0.6227601170539856 0.4585069417953491 17.4053
2 -0.9627902507781982 0.6598575115203857 0.4157985746860504 14.1699
3 -0.9714435338973999 0.7696709632873535 0.379687488079071 6.73677
4 -0.9667038917541504 0.7020216584205627 0.5090277791023254 15.4224
5 -0.9627013206481934 0.6622933745384216 0.277777761220932 7.84901
6 -0.9603882431983948 0.6677815914154053 0.5036458373069763 25.0077
7 -0.9662176966667175 0.7022216320037842 0.356249988079071 10.8123
8 -0.9653223752975464 0.7154600620269775 0.5335068702697754 14.0468
9 -0.9658412933349609 0.7238854169845581 0.4585069417953491 10.7131
10 -0.9620776176452637 0.6737302541732788 0.558680534362793 13.1282
11 -0.9658383727073669 0.7017259001731873 0.356249988079071 7.95297
12 -0.9729409217834473 0.7713924646377563 0.3380208015441895 9.87167
13 -0.9643687605857849 0.690402090549469 0.496180534362793 17.0874
14 -0.9603188037872314 0.6132907271385193 0.4923610985279083 15.2257
15 -0.9624018669128418 0.6888797879219055 0.4003472030162811 14.2241
16 -0.9615100622177124 0.6444718241691589 0.6263888478279114 22.7979
17 -0.9615727663040161 0.6486220955848694 0.596875011920929 22.2564
18 -0.9671266078948975 0.7472605109214783 0.5480902791023254 7.86208
19 -0.9586822390556335 0.5970939993858337 0.7545138597488403 47.2384
20 -0.9642161726951599 0.686043918132782 0.4781249761581421 15.3967
21 -0.9566195607185364 0.6047322750091553 0.5331597328186035 10.1438
22 -0.9654598832130432 0.7295486330986023 0.6154513359069824 20.7403
23 -0.9666922688484192 0.707364559173584 0.331250011920929 7.94443
24 -0.9678481817245483 0.7134352326393127 0.3128471970558167 10.2604
25 -0.9639293551445007 0.6932299733161926 0.3423610925674438 7.78125
26 -0.9641585350036621 0.6523438692092896 0.5583333373069763 15.3493
27 -0.9667951464653015 0.7245141267776489 0.3680555522441864 7.71031
28 -0.9625810980796814 0.6612855792045593 0.4866319298744202 17.3052
29 -0.9667403697967529 0.7187677025794983 0.4208333194255829 11.0531
30 -0.9638528227806091 0.6696106195449829 0.4020833075046539 6.98651
31 -0.9677190780639648 0.7235205769538879 0.3208333253860474 11.8076
32 -0.9609625935554504 0.6964820027351379 0.4970485866069794 16.3841
33 -0.9678851962089539 0.7230530381202698 0.4960069358348846 15.8405
34 -0.9689744710922241 0.7454635500907898 0.3748263716697693 7.93
35 -0.9603099226951599 0.6141560077667236 0.363368034362793 17.3568
36 -0.963775098323822 0.6545919179916382 0.375 19.1733
37 -0.9621878266334534 0.596068263053894 0.3522569239139557 18.2513
38 -0.9676661491394043 0.7084944844245911 0.7175346612930298 22.1331
39 -0.9643206000328064 0.6932615041732788 0.4237847030162811 12.1853
40 -0.9598587155342102 0.6663398146629333 0.402430534362793 9.59849
41 -0.9681261777877808 0.7272474765777588 0.3619791567325592 10.3037
42 -0.9653286933898926 0.6853919625282288 0.4211805462837219 12.0052
43 -0.9594823718070984 0.6724538207054138 0.371874988079071 8.66969
44 -0.9609726667404175 0.6588264107704163 0.3913194239139557 12.0867
45 -0.9703220725059509 0.7602747678756714 0.4295138716697693 6.9001
46 -0.9621275663375854 0.6442301869392395 0.4348958134651184 22.7905
47 -0.9675030708312988 0.715523898601532 0.4112846851348877 12.1333
48 -0.9678016304969788 0.7380338907241821 0.3520833253860474 6.71542
49 -0.9650337100028992 0.6546818614006042 0.4642360806465149 14.4828
50 -0.9685279130935669 0.7154836654663086 0.4697916507720947 21.3682
51 -0.9712468981742859 0.740911602973938 0.4654513895511627 9.63073
52 -0.9622035026550293 0.665757417678833 0.371527761220932 11.4625
53 -0.9638890027999878 0.660407543182373 0.3763888776302338 22.8762
54 -0.9643446207046509 0.6835938096046448 0.4803819358348846 10.0421
55 -0.9521578550338745 0.5634676218032837 0.5229166150093079 25.2359
56 -0.9617021083831787 0.6455246210098267 0.4060763716697693 18.887
57 -0.9657832980155945 0.6529779434204102 0.4874999821186066 21.044
58 -0.9681901931762695 0.701246440410614 0.2842013835906982 12.0779
59 -0.9557291269302368 0.5750221610069275 0.4637152850627899 33.3276
60 -0.9622256755828857 0.6762619614601135 0.4850694239139557 21.4685
61 -0.9637527465820312 0.6940183043479919 0.3473958075046539 6.20573
62 -0.9665791392326355 0.7208698391914368 0.6276041269302368 14.9246
63 -0.9624971747398376 0.6586419343948364 0.4550347030162811 17.3038
64 -0.960439145565033 0.6518898606300354 0.5050346851348877 15.5923
65 -0.9664726853370667 0.7165801525115967 0.4901041686534882 16.7899
66 -0.9605048894882202 0.6313996911048889 0.5045138597488403 17.2074
67 -0.9673435688018799 0.7379142045974731 0.3697916567325592 8.55031
68 -0.9563403725624084 0.6073983311653137 0.2217013835906982 7.15844
69 -0.9562937617301941 0.6238720417022705 0.379340261220932 11.0052
70 -0.9594217538833618 0.6152702569961548 0.6029513478279114 20.7576
71 -0.9636956453323364 0.6993452310562134 0.2901041507720947 4.39839
72 -0.9629785418510437 0.6929337978363037 0.4963541626930237 11.4156
73 -0.9672291278839111 0.7057774066925049 0.5178818702697754 9.26266
74 -0.9632638096809387 0.6990123987197876 0.3296875059604645 10.9008
75 -0.9639257192611694 0.6858362555503845 0.2883680462837219 5.14656
76 -0.9629949927330017 0.6893024444580078 0.5696180462837219 16.5203
77 -0.9615774750709534 0.7034643888473511 0.4477430284023285 6.62979
78 -0.9661408662796021 0.7035516500473022 0.3670138716697693 10.3133
79 -0.9629780650138855 0.6786382794380188 0.500868022441864 13.3024
80 -0.9643130302429199 0.7138239145278931 0.6010416150093079 13.1626
81 -0.9640985727310181 0.7014679908752441 0.4086805284023285 13.0415
82 -0.9664945602416992 0.7089461088180542 0.4715277850627899 15.6337
83 -0.960545539855957 0.6840455532073975 0.5043402910232544 14.1109
84 -0.9631320238113403 0.6985357403755188 0.3401041626930237 19.8164
85 -0.9563559889793396 0.5774852633476257 0.4685763716697693 22.0468
86 -0.9635205864906311 0.6802058219909668 0.3034721910953522 9.1463
87 -0.9625577330589294 0.6710399985313416 0.5614582896232605 21.6912
88 -0.9622043371200562 0.6638497710227966 0.3423610925674438 10.8641
89 -0.9598267674446106 0.6181483864784241 0.6416666507720947 31.8177
90 -0.9596476554870605 0.6248012781143188 0.3572916686534882 14.5374
91 -0.9660202860832214 0.7368001341819763 0.4578124582767487 8.51052
92 -0.9576332569122314 0.5393475890159607 0.5034722089767456 35.698
93 -0.9576284885406494 0.634007453918457 0.6020833253860474 36.0985
94 -0.9674839377403259 0.7271354794502258 0.4385416507720947 8.42073
95 -0.9593011736869812 0.6139758825302124 0.4522569179534912 17.686
96 -0.9577541351318359 0.6373096704483032 0.4315972030162811 12.809
97 -0.9575346708297729 0.6367356777191162 0.3986110985279083 18.4533
98 -0.9617041945457458 0.6236539483070374 0.4427083134651184 14.5542
99 -0.9567422270774841 0.6271436810493469 0.5027777552604675 29.0707
100 -0.9618711471557617 0.6873578429222107 0.4824652671813965 19.5823
101 -0.9622064828872681 0.6097398996353149 0.5012152791023254 11.9126
102 -0.9628209471702576 0.6489978432655334 0.5289930701255798 32.769
103 -0.9669022560119629 0.7492777705192566 0.4520833194255829 9.18292
104 -0.9684996604919434 0.7193398475646973 0.6019097566604614 16.3126
105 -0.9678487181663513 0.6993482708930969 0.460590273141861 10.0363
106 -0.9601355195045471 0.6701995730400085 0.6232638359069824 24.8392
107 -0.9578235149383545 0.6425005197525024 0.3803819417953491 20.4076
108 -0.9637402892112732 0.6776477694511414 0.3996527791023254 15.4387
109 -0.9633526206016541 0.6020423769950867 0.301562488079071 20.2184
110 -0.9614725112915039 0.6757457256317139 0.4331597089767456 21.1854
111 -0.9623337388038635 0.6624417901039124 0.4628472030162811 12.1754
112 -0.9615803360939026 0.6597397327423096 0.3690972030162811 12.2989
113 -0.969556450843811 0.7553339004516602 0.4175347089767456 10.1918
114 -0.9700700044631958 0.7394665479660034 0.3847222030162811 9.04969
115 -0.9580941796302795 0.6470962166786194 0.5565972328186035 14.8518
116 -0.9661749601364136 0.7230931520462036 0.7736110687255859 23.3044
117 -0.9682585000991821 0.6982958912849426 0.4552083015441895 14.019
118 -0.9651219844818115 0.6798737049102783 0.532118022441864 28.882
119 -0.9668252468109131 0.7135700583457947 0.3649305403232574 8.23766
120 -0.9626429080963135 0.6867079138755798 0.3736110925674438 14.7805
121 -0.9637525081634521 0.7009636759757996 0.3598958253860474 15.7133
122 -0.9570061564445496 0.5879135727882385 0.3840277791023254 22.8628
123 -0.9594932198524475 0.6712539792060852 0.3357638716697693 7.91516
124 -0.963222324848175 0.6752760410308838 0.3630208075046539 15.0264
125 -0.9654794335365295 0.7012601494789124 0.3472222089767456 9.71167
126 -0.961229145526886 0.7022598385810852 0.3104166686534882 7.67604
127 -0.9690847992897034 0.7584142088890076 0.4604166448116302 8.87115
128 -0.9580194354057312 0.609276294708252 0.4151041507720947 9.46531
129 -0.9677978754043579 0.7384318709373474 0.335590273141861 7.60729
130 -0.9614968299865723 0.6348264813423157 0.4631944298744202 10.9762
131 -0.9589797258377075 0.6263497471809387 0.3717013895511627 12.8908
132 -0.9600415229797363 0.6598865985870361 0.4859374761581421 19.2836
133 -0.9662608504295349 0.6874480843544006 0.4131944179534912 14.0472
134 -0.9612160921096802 0.7003577351570129 0.5418402552604675 10.2789
135 -0.9672258496284485 0.6988703012466431 0.5034722089767456 16.9011
136 -0.9602299332618713 0.6232876777648926 0.5130208134651184 9.58276
137 -0.964786171913147 0.6934990882873535 0.3130208253860474 9.11005
138 -0.9686093926429749 0.7009757161140442 0.4244791567325592 24.756
139 -0.9668841958045959 0.7023799419403076 0.3753471970558167 10.2354
140 -0.965650737285614 0.7120958566665649 0.3901041448116302 11.3835
141 -0.9582298398017883 0.6418497562408447 0.3685763776302338 7.7124
142 -0.9636775851249695 0.6889862418174744 0.4437499642372131 11.2094
143 -0.9629625678062439 0.6925603151321411 0.5249999761581421 15.5289
144 -0.9627923965454102 0.6546297073364258 0.5109374523162842 22.4287
145 -0.9566462635993958 0.6072801947593689 0.8630208373069763 43.5476
146 -0.9650813937187195 0.7094240188598633 0.3788194358348846 7.20062
147 -0.963514506816864 0.6872981190681458 0.362500011920929 7.49714
148 -0.9696457982063293 0.7342565059661865 0.375 7.1476
149 -0.955824077129364 0.5997999906539917 0.4104166626930237 22.0017
150 -0.9611291885375977 0.697234034538269 0.6006944179534912 10.7559
151 -0.9682926535606384 0.7165820598602295 0.4718749821186066 13.6935
152 -0.9635133147239685 0.690035879611969 0.2663194239139557 10.9294
153 -0.9653716683387756 0.694334089756012 0.2850694358348846 10.3256
154 -0.9755499958992004 0.8176388144493103 0.3866319358348846 6.15427
155 -0.9681341052055359 0.7286579608917236 0.5378472208976746 14.6303
156 -0.9624249339103699 0.6690618395805359 0.5918402671813965 14.337
157 -0.9635975360870361 0.6932005882263184 0.5541666150093079 22.435
158 -0.9645099639892578 0.7190513014793396 0.4244791567325592 6.37469
159 -0.966681957244873 0.6946002840995789 0.3651041686534882 19.3107
160 -0.9703580141067505 0.7090559005737305 0.426215261220932 12.6443
161 -0.9624044299125671 0.6632277965545654 0.4255208075046539 19.905
162 -0.9638932943344116 0.7266381978988647 0.3994791507720947 7.61833
163 -0.9729251861572266 0.7591760754585266 0.2998263835906982 7.8776
164 -0.9575300812721252 0.6438798308372498 0.3986110985279083 9.15573
165 -0.9635661244392395 0.6696532964706421 0.390277773141861 11.7206
166 -0.9686717391014099 0.7241879105567932 0.3810763955116272 22.0233
167 -0.9639543294906616 0.693892240524292 0.4232638776302338 6.84437
168 -0.9633305072784424 0.6645398736000061 0.3663194179534912 8.33604
169 -0.9629954099655151 0.6543521881103516 0.5677083134651184 22.8728
170 -0.9664324522018433 0.6841983199119568 0.4538194239139557 10.6373
171 -0.9647412896156311 0.6696800589561462 0.3578124940395355 7.98812
172 -0.9740104079246521 0.7822378873825073 0.3729166686534882 11.1048
173 -0.9649232029914856 0.7116978764533997 0.5232638716697693 9.96552
174 -0.9736002683639526 0.7223725914955139 0.3638888895511627 19.9304
175 -0.9613960385322571 0.6619940996170044 0.4677083194255829 19.8568
176 -0.9577080607414246 0.6211398243904114 0.3831596970558167 14.3176
177 -0.9654355049133301 0.6753756999969482 0.3569444417953491 10.4699
178 -0.95775306224823 0.6401020288467407 0.4739583134651184 11.0378
179 -0.9569873213768005 0.6399756669998169 0.4767360985279083 12.6764
180 -0.958039402961731 0.6307461261749268 0.5178818702697754 17.5071
181 -0.9616665244102478 0.6593352556228638 0.3413194417953491 7.77896
182 -0.9604224562644958 0.6347256898880005 0.535243034362793 29.0493
183 -0.9571253061294556 0.5812980532646179 0.4680555462837219 21.7901
184 -0.9640336632728577 0.7164821624755859 0.3815971910953522 10.7261
185 -0.9700624346733093 0.7300562858581543 0.5748263597488403 13.0773
186 -0.9683640599250793 0.7031978368759155 0.3479166626930237 7.68104
187 -0.9571689963340759 0.6027119755744934 0.5463541150093079 17.9968
188 -0.959441065788269 0.6586263179779053 0.4116319417953491 14.4664
189 -0.9592676162719727 0.6375542283058167 0.5694444179534912 16.1954
190 -0.955813467502594 0.5208141207695007 0.4461805522441864 23.6878
191 -0.9612185955047607 0.6910998821258545 0.3578124940395355 8.78229
192 -0.9584406614303589 0.6028596162796021 0.4326388835906982 17.5512
193 -0.9698224067687988 0.7726940512657166 0.4942708015441895 9.16896
194 -0.9730849862098694 0.7617876529693604 0.3909721970558167 10.0827
195 -0.9699787497520447 0.7337339520454407 0.3730902671813965 5.63917
196 -0.9723621010780334 0.7357655167579651 0.2527777850627899 5.27333
197 -0.9616226553916931 0.6702840924263 0.3496527671813965 13.0324
198 -0.9652788639068604 0.6959118843078613 0.542187511920929 18.3621
199 -0.9614514112472534 0.6919042468070984 0.5475693941116333 17.833
200 -0.9606162905693054 0.686981737613678 0.3574652671813965 15.1634
201 -0.9583916664123535 0.6285032033920288 0.567187488079071 20.5557
202 -0.9629893898963928 0.671088695526123 0.4013888835906982 16.8797
203 -0.9718452095985413 0.7813944816589355 0.3319444358348846 9.11677
204 -0.962815523147583 0.6891499757766724 0.3998263776302338 11.6819
205 -0.9629806876182556 0.6516040563583374 0.5628472566604614 20.0521
206 -0.9651497602462769 0.7252436280250549 0.3114583194255829 7.37844
207 -0.9560319185256958 0.6005784869194031 0.8114582896232605 27.0318
208 -0.9548748731613159 0.5425962209701538 0.3890624940395355 10.4317
209 -0.9614695906639099 0.6118558645248413 0.4263888895511627 13.6191
210 -0.9578348994255066 0.6455380916595459 0.4560763835906982 7.30641
211 -0.9632560610771179 0.6795923113822937 0.5116319060325623 18.7399
212 -0.9704604744911194 0.7422215342521667 0.4295138716697693 9.24969
213 -0.9618931412696838 0.6661818027496338 0.2569444179534912 8.86958
214 -0.9661925435066223 0.6892120838165283 0.3454860746860504 11.3237
215 -0.9696683883666992 0.7497605681419373 0.2847222089767456 7.72625
216 -0.9666180014610291 0.6988100409507751 0.4057291448116302 7.39615
217 -0.9705017805099487 0.7452335953712463 0.5822916030883789 13.2745
218 -0.9696680903434753 0.7315441370010376 0.2630208134651184 8.48646
219 -0.9641143083572388 0.6595718860626221 0.316840261220932 8.22526
220 -0.9686610698699951 0.7270336747169495 0.3567708134651184 6.55292
221 -0.9708980321884155 0.7305962443351746 0.4442708194255829 14.7521
222 -0.963957667350769 0.7122797966003418 0.4553819298744202 8.08906
223 -0.9626133441925049 0.6936779618263245 0.3342013955116272 16.8335
224 -0.9678627252578735 0.7097074389457703 0.4741319417953491 7.98396
225 -0.9691950678825378 0.7345070242881775 0.3819444179534912 7.17437
226 -0.9661951065063477 0.6782820820808411 0.3197916448116302 17.0637
227 -0.9620204567909241 0.6711680293083191 0.332118034362793 7.86875
228 -0.9672409296035767 0.7217720746994019 0.3631944358348846 5.21568
229 -0.96206134557724 0.6820604205131531 0.3710069358348846 4.57745
230 -0.9642530679702759 0.7046332359313965 0.4345485866069794 13.7978
231 -0.965804398059845 0.6676250696182251 0.3878471851348877 8.29865
232 -0.9554798603057861 0.6315799355506897 0.3017361164093018 10.7216
233 -0.9661524891853333 0.7133702635765076 0.6107638478279114 23.5049
234 -0.9604566693305969 0.6374356746673584 0.3857638835906982 18.7805
235 -0.9669545292854309 0.7269340753555298 0.4104166626930237 12.2081
236 -0.9637705087661743 0.7042602896690369 0.3109374940395355 5.96385
237 -0.9645949006080627 0.6932715773582458 0.2694444358348846 6.94724
238 -0.9618658423423767 0.6409140825271606 0.319965273141861 16.9799
239 -0.962382435798645 0.6656798124313354 0.5394097566604614 27.6584
240 -0.970206618309021 0.7424556612968445 0.3845485746860504 11.0687
241 -0.9626749753952026 0.6577657461166382 0.3166666626930237 14.2657
242 -0.965832531452179 0.7173362970352173 0.4477430284023285 7.54052
243 -0.958052933216095 0.6820134520530701 0.6875 15.2608
244 -0.9673984050750732 0.7363221645355225 0.5493055582046509 13.1044
245 -0.964246392250061 0.6437316536903381 0.527430534362793 13.8421
246 -0.967500627040863 0.7291917204856873 0.379340261220932 7.79021
247 -0.9667413234710693 0.6498937606811523 0.4944444298744202 34.4947
248 -0.9742286205291748 0.783613920211792 0.3496527671813965 6.78885
249 -0.9662062525749207 0.7016542553901672 0.536111056804657 18.8887
250 -0.9667771458625793 0.7138922810554504 0.3656249940395355 12.2027
251 -0.9689574837684631 0.7350461483001709 0.6477430462837219 26.3116
252 -0.9640941023826599 0.7074601650238037 0.3163194358348846 5.77109
253 -0.9553563594818115 0.5996732711791992 0.7378471493721008 14.9341
254 -0.9641002416610718 0.650596022605896 0.4453124701976776 11.0089
255 -0.9710835218429565 0.7473721504211426 0.7425346970558167 16.2714
256 -0.9620039463043213 0.6813200116157532 0.3994791507720947 15.2594
257 -0.9645400643348694 0.6576123833656311 0.3982638716697693 9.27547
258 -0.9679604172706604 0.7059858441352844 0.4357638955116272 13.9504
259 -0.9683178663253784 0.739402174949646 0.4593749642372131 6.64667
260 -0.9751251339912415 0.7853600978851318 0.3810763955116272 5.81625
261 -0.9641305208206177 0.6537575125694275 0.382465273141861 10.4843
262 -0.964526891708374 0.6547359824180603 0.3913194239139557 10.3221
263 -0.9609569907188416 0.638437807559967 0.480902761220932 16.1965
264 -0.9612255692481995 0.6984838843345642 0.7194443941116333 28.4633
265 -0.9679498672485352 0.7322157025337219 0.3885416686534882 7.95625
266 -0.9617192149162292 0.6639125943183899 0.3416666686534882 14.7143
267 -0.9637700915336609 0.6726917028427124 0.3420138955116272 11.3085
268 -0.9615933299064636 0.6668932437896729 0.2987847030162811 10.8656
269 -0.9633815884590149 0.6432934403419495 0.3272569179534912 9.91812
270 -0.9653607606887817 0.7002497315406799 0.3642360866069794 7.89151
271 -0.9722711443901062 0.7685045599937439 0.2798611223697662 4.1975
272 -0.9654171466827393 0.671858012676239 0.547743022441864 40.2725
273 -0.9574448466300964 0.6208521723747253 0.3970485925674438 11.8647
274 -0.9682105183601379 0.724923849105835 0.5723958015441895 18.9412
275 -0.9641813635826111 0.6939802169799805 0.4689235985279083 9.17307
276 -0.9697082042694092 0.7595442533493042 0.5638888478279114 15.7442
277 -0.9649001359939575 0.7065265774726868 0.7144096493721008 30.6261
278 -0.9617272019386292 0.6143563389778137 0.4916666448116302 11.0899
279 -0.9575878381729126 0.6167783141136169 0.4005208015441895 6.17182
280 -0.9658376574516296 0.7021187543869019 0.4526041448116302 15.2893
281 -0.9635547995567322 0.6501825451850891 0.4376735985279083 13.9773
282 -0.9641968011856079 0.6864224672317505 0.3387152850627899 11.1042
283 -0.9667370319366455 0.7384213209152222 0.6578124761581421 18.4683
284 -0.9667580723762512 0.7266241908073425 0.3987846970558167 12.8679
285 -0.9638853073120117 0.7202175259590149 0.464930534362793 12.4205
286 -0.9612907767295837 0.6464998722076416 0.4484374821186066 23.7226
287 -0.9609982967376709 0.634308397769928 0.4163194298744202 16.0624
288 -0.9678453803062439 0.7210444808006287 0.371874988079071 7.87547
289 -0.9603878259658813 0.6523103713989258 0.3776041567325592 8.3938
290 -0.9614840745925903 0.6149645447731018 0.4704860746860504 18.8916
291 -0.9662834405899048 0.7321482300758362 0.5369791388511658 16.6336
292 -0.9636316299438477 0.7153381109237671 0.3204860985279083 7.44609
293 -0.9619142413139343 0.6604766845703125 0.4383680522441864 14.9696
294 -0.9648455381393433 0.704626202583313 0.3770833015441895 11.3734
295 -0.9635854959487915 0.6820144653320312 0.3970485925674438 12.4215
296 -0.9676926136016846 0.7043915390968323 0.2993055284023285 12.2405
297 -0.9665246605873108 0.7079820036888123 0.4826388955116272 16.0706
298 -0.9695205688476562 0.7378418445587158 0.5684027671813965 19.5192
299 -0.9595783352851868 0.6247058510780334 0.4802083075046539 15.8641
300 -0.9547828435897827 0.573272168636322 0.437152773141861 11.4326
301 -0.9674729704856873 0.7301759719848633 0.5192708373069763 14.0244
302 -0.9667754769325256 0.706661581993103 0.3635416626930237 10.9081
303 -0.96831876039505 0.7237298488616943 0.4052083194255829 10.7336
304 -0.9711261391639709 0.7346423864364624 0.387499988079071 7.27073
305 -0.9671588540077209 0.7378559112548828 0.5072916746139526 12.5679
306 -0.9656928777694702 0.7023922204971313 0.3217013776302338 7.94484
307 -0.9636739492416382 0.6866861581802368 0.3088541626930237 8.57625
308 -0.9613564014434814 0.6771892309188843 0.3611110746860504 11.4317
309 -0.9594197273254395 0.6315422654151917 0.3147569298744202 9.09448
310 -0.9605755805969238 0.6494178175926208 0.4314235746860504 14.4646
311 -0.9537541270256042 0.6377261877059937 0.6407985687255859 14.4145
312 -0.9654142260551453 0.711649477481842 0.2996527850627899 5.59422
313 -0.9635882973670959 0.7026180028915405 0.4760416448116302 14.1469
314 -0.9617010354995728 0.6798639297485352 0.2534722089767456 9.82432
315 -0.9712225198745728 0.7602458596229553 0.394618034362793 7.66604
316 -0.9585840702056885 0.6371423006057739 0.374652773141861 17.4178
317 -0.9626065492630005 0.6740841865539551 0.4675346910953522 11.307
318 -0.9708796739578247 0.7621291875839233 0.5824652910232544 9.48417
319 -0.9605656862258911 0.6334438920021057 0.3538194298744202 12.9296
320 -0.9690207839012146 0.7163975238800049 0.340624988079071 14.049
321 -0.9617944955825806 0.6508725881576538 0.5079860687255859 13.9515
322 -0.9674450755119324 0.7215985655784607 0.4170138835906982 10.1639
323 -0.9654280543327332 0.7186039090156555 0.390625 14.0627
324 -0.9608211517333984 0.624478280544281 0.5491318702697754 22.2515
325 -0.9677081108093262 0.6981880664825439 0.394965261220932 15.0574
326 -0.9625082015991211 0.7019763588905334 0.4124999642372131 12.1149
327 -0.9707635641098022 0.7599356174468994 0.4074652791023254 9.3849
328 -0.9546662569046021 0.5768054723739624 0.6123263835906982 27.7001
329 -0.9643875360488892 0.699748158454895 0.3381944298744202 10.5547
330 -0.9579721093177795 0.6213575005531311 0.4208333194255829 12.6355
331 -0.9728491902351379 0.7587425112724304 0.3876735866069794 17.7771
332 -0.9742460250854492 0.7831984758377075 0.5505208373069763 13.8843
333 -0.9669523239135742 0.6938313841819763 0.500868022441864 18.7132
334 -0.9540178775787354 0.6089421510696411 0.2805555462837219 6.09568
335 -0.9656534194946289 0.6673539280891418 0.5598958134651184 8.99984
336 -0.9640960693359375 0.7327595353126526 0.460590273141861 6.60417
337 -0.9635383486747742 0.677113950252533 0.6302083134651184 32.2154
338 -0.9635025858879089 0.6809127926826477 0.4699652791023254 15.8281
339 -0.9631290435791016 0.664084792137146 0.5944443941116333 17.6617
340 -0.9633661508560181 0.7080914974212646 0.2562499940395355 8.57271
341 -0.9567212462425232 0.6272863745689392 0.3855902850627899 8.77469
342 -0.9637604355812073 0.6676135063171387 0.5109374523162842 12.719
343 -0.9652002453804016 0.7207795381546021 0.5128472447395325 13.3202
344 -0.9694451689720154 0.7456240653991699 0.3982638716697693 8.83156
345 -0.9662752151489258 0.7291961312294006 0.4739583134651184 11.6852
346 -0.9652405381202698 0.7225743532180786 0.4248263835906982 24.3856
347 -0.9637320637702942 0.6773639917373657 0.5064235925674438 16.9081
348 -0.9646340012550354 0.665071964263916 0.382465273141861 6.73333
349 -0.967593789100647 0.7360737323760986 0.3921875059604645 8.86
350 -0.9664302468299866 0.6958857178688049 0.3274305462837219 6.29047
351 -0.9614123106002808 0.6609399318695068 0.3809027671813965 24.3031
352 -0.9703774452209473 0.7494539022445679 0.4512152671813965 11.3889
353 -0.9624499082565308 0.6850076913833618 0.3442708253860474 7.74797
354 -0.966905951499939 0.7178918123245239 0.3055555522441864 7.12943
355 -0.9564307928085327 0.6035941243171692 0.4810763895511627 13.4754
356 -0.9622032642364502 0.6119764447212219 0.4203124642372131 24.3739
357 -0.9606854319572449 0.6452968120574951 0.6630207896232605 30.5845
358 -0.9685916900634766 0.7561415433883667 0.5963541269302368 16.3996
359 -0.9659375548362732 0.7494877576828003 0.4432291686534882 9.55802
360 -0.9671903848648071 0.722930371761322 0.5435763597488403 9.43323
361 -0.9718592762947083 0.7513437867164612 0.3279513716697693 14.9134
362 -0.9656729698181152 0.7092224359512329 0.7440971732139587 31.3535
363 -0.9675278067588806 0.6871835589408875 0.4960069358348846 21.2888
364 -0.9669638872146606 0.7401639223098755 0.426215261220932 6.57563
365 -0.9631392955780029 0.6731717586517334 0.3317708075046539 8.72812
366 -0.9572989344596863 0.5750519633293152 0.3362846970558167 12.0834
367 -0.9542844891548157 0.5914300084114075 0.4520833194255829 24.2954
368 -0.9700029492378235 0.7152822017669678 0.4932291507720947 18.4839
369 -0.9577182531356812 0.6353000998497009 0.4539930522441864 19.1921
370 -0.9634080529212952 0.6815426349639893 0.2616319358348846 4.77516
371 -0.9619911313056946 0.685512363910675 0.5060763359069824 20.3121
372 -0.9630482792854309 0.6719262003898621 0.4909721910953522 8.46885
373 -0.9604845643043518 0.6222004294395447 0.464930534362793 20.229
374 -0.9674038290977478 0.730132520198822 0.4895833134651184 22.7452
375 -0.96181720495224 0.6670173406600952 0.5994791388511658 20.8587
376 -0.9646772146224976 0.7118016481399536 0.4531249701976776 7.98104
377 -0.9583098888397217 0.6480543613433838 0.4979166686534882 17.9302
378 -0.9687880277633667 0.7465463280677795 0.304340273141861 7.01406
379 -0.9600456357002258 0.660435676574707 0.421527773141861 15.1109
380 -0.9600432515144348 0.6473795771598816 0.4121527671813965 12.2035
381 -0.9643754959106445 0.6883803009986877 0.4420138895511627 9.62724
382 -0.9712839126586914 0.7647178173065186 0.6131944060325623 18.6947
383 -0.9635301828384399 0.6500197052955627 0.3565971851348877 8.87661
384 -0.960096001625061 0.6583980917930603 0.4677083194255829 17.3247
385 -0.9614930748939514 0.6514740586280823 0.6352430582046509 30.2796
386 -0.957379937171936 0.6135634779930115 0.473090261220932 15.4641
387 -0.9640564322471619 0.6985681653022766 0.4314235746860504 7.70349
388 -0.9561974406242371 0.5813965201377869 0.5348958373069763 12.806
389 -0.9680429100990295 0.7315057516098022 0.3527777791023254 6.40656
390 -0.9633934497833252 0.6650376915931702 0.2276041507720947 11.3571
391 -0.9622436761856079 0.6741698384284973 0.3864583075046539 9.01776
392 -0.9633010625839233 0.6616698503494263 0.2883680462837219 10.4815
393 -0.9617264866828918 0.6419420838356018 0.2996527850627899 12.9085
394 -0.9613029956817627 0.6371498703956604 0.6229166388511658 31.5315
395 -0.9625885486602783 0.6559897661209106 0.2789930403232574 17.2026
396 -0.9674692153930664 0.7393940091133118 0.3432291448116302 6.97417
397 -0.9610009789466858 0.6840277910232544 0.4309027791023254 10.8793
398 -0.9680712223052979 0.7498564720153809 0.3744791448116302 9.89823
399 -0.9649473428726196 0.6843034625053406 0.4350694417953491 10.1467
400 -0.960005521774292 0.626656174659729 0.3401041626930237 13.7497
401 -0.9637629985809326 0.6946961283683777 0.5949652791023254 15.9871
402 -0.9612420201301575 0.6305118203163147 0.332812488079071 6.76589
403 -0.9633345007896423 0.6875162124633789 0.4114583134651184 10.0693
404 -0.9622821807861328 0.7056785225868225 0.301562488079071 7.68078
405 -0.9658782482147217 0.7278243899345398 0.3756944239139557 11.0093
406 -0.9597951173782349 0.5971976518630981 0.3659721910953522 15.273
407 -0.9674521684646606 0.7453557848930359 0.3817708194255829 7.12281
408 -0.9633651375770569 0.7383997440338135 0.3598958253860474 6.10865
409 -0.9617910981178284 0.6622942686080933 0.3557291626930237 7.00115
410 -0.9698801040649414 0.7476322650909424 0.4411458075046539 8.49896
411 -0.9716208577156067 0.7598146796226501 0.4611110985279083 10.6429
412 -0.9686002731323242 0.7328124642372131 0.355555534362793 10.0454
413 -0.9618885517120361 0.6692799925804138 0.4631944298744202 12.4962
414 -0.9640550017356873 0.6901000738143921 0.4381944239139557 19.6793
415 -0.9606145024299622 0.5976362228393555 0.8277777433395386 63.2965
416 -0.9700284004211426 0.756600022315979 0.4866319298744202 14.1387
417 -0.9584826827049255 0.6585196256637573 0.6381943821907043 24.0357
418 -0.9619365930557251 0.6616899371147156 0.520312488079071 19.4831
419 -0.9628939628601074 0.5783435702323914 0.449652761220932 37.9716
420 -0.9686771631240845 0.6858195066452026 0.3574652671813965 11.9999
421 -0.9585848450660706 0.6583914160728455 0.4397569298744202 7.86125
422 -0.9639511108398438 0.6533216834068298 0.4272569417953491 35.9868
423 -0.9556582570075989 0.587333619594574 0.504687488079071 14.8319
424 -0.9677286744117737 0.7374362349510193 0.4597221910953522 8.92521
425 -0.9697094559669495 0.7462257146835327 0.4057291448116302 9.40115
426 -0.9585524797439575 0.658696174621582 0.4904513657093048 15.2669
427 -0.9651445150375366 0.6941660046577454 0.3430555462837219 10.1151
428 -0.961847722530365 0.6569759249687195 0.3522569239139557 16.3369
429 -0.9643639326095581 0.6591834425926208 0.3753471970558167 8.70599
430 -0.9694060683250427 0.7560483813285828 0.4902777671813965 16.8868
431 -0.9626540541648865 0.6575284004211426 0.5510416030883789 22.2344
432 -0.9612625241279602 0.6264654397964478 0.4194444417953491 22.1416
433 -0.9617378711700439 0.6322699189186096 0.543055534362793 34.6109
434 -0.9667090773582458 0.6796223521232605 0.3973958194255829 20.6631
435 -0.970817506313324 0.783011794090271 0.2987847030162811 7.29385
436 -0.9656709432601929 0.686115026473999 0.3881944417953491 8.26786
437 -0.9647699594497681 0.7010003328323364 0.2642361223697662 5.63807
438 -0.9579012393951416 0.6376105546951294 0.6217013597488403 12.4357
439 -0.9611939191818237 0.6718553900718689 0.2939236164093018 6.91995
440 -0.9632304906845093 0.663464367389679 0.4491319358348846 9.76182
441 -0.9726527333259583 0.7369882464408875 0.3270833194255829 7.88125
442 -0.9673114418983459 0.7010700702667236 0.4737846851348877 20.9922
443 -0.9717645049095154 0.7556202411651611 0.3795138895511627 8.77177
444 -0.9649255871772766 0.6990060806274414 0.2963541448116302 8.13677
445 -0.9648473858833313 0.7183274030685425 0.4043402671813965 10.8152
446 -0.9579207897186279 0.6255078911781311 0.4229166507720947 16.432
447 -0.9655855894088745 0.672841489315033 0.6822916269302368 19.1444
448 -0.9531571269035339 0.5908821821212769 0.4911458194255829 19.1312
449 -0.9669401049613953 0.7231520414352417 0.3303819298744202 7.13208
450 -0.967646598815918 0.706449568271637 0.248263880610466 8.38531
451 -0.9625011682510376 0.6827937364578247 0.5925347208976746 17.7111
452 -0.9519369006156921 0.5304478406906128 0.3600694239139557 26.3812
453 -0.9632803797721863 0.6622419953346252 0.5137152671813965 28.529
454 -0.9708200097084045 0.7583301663398743 0.4597221910953522 15.9855
455 -0.9746735095977783 0.8145867586135864 0.4244791567325592 7.36313
456 -0.9619361758232117 0.6641520857810974 0.4583333134651184 13.6725
457 -0.9620608687400818 0.6360682845115662 0.3284721970558167 9.24281
458 -0.960797131061554 0.6696425080299377 0.4892360866069794 7.1649
459 -0.9622504115104675 0.679103672504425 0.3526041507720947 4.71255
460 -0.9692595601081848 0.7511424422264099 0.3472222089767456 6.29312
461 -0.9609480500221252 0.631223738193512 0.4442708194255829 14.9757
462 -0.9702037572860718 0.7469379305839539 0.418402761220932 10.7098
463 -0.9635452628135681 0.6503880023956299 0.3588541448116302 14.3011
464 -0.9686179161071777 0.7562300562858582 0.3630208075046539 5.89896
465 -0.9547625780105591 0.5871061682701111 0.374652773141861 11.3704
466 -0.9603376388549805 0.6697025895118713 0.4710069298744202 12.5496
467 -0.9680036902427673 0.7563464641571045 0.393750011920929 8.79812
468 -0.9682598114013672 0.7353476285934448 0.4935763478279114 15.7529
469 -0.9658574461936951 0.6992940306663513 0.668055534362793 23.4211
470 -0.9661374688148499 0.7234705090522766 0.4647569358348846 12.5609
471 -0.9667459726333618 0.7086824178695679 0.3807291686534882 9.57516
472 -0.9700654149055481 0.738020122051239 0.5177083015441895 7.80688
473 -0.9660570621490479 0.7122615575790405 0.3213541507720947 10.8767
474 -0.9644681811332703 0.7015795707702637 0.3387152850627899 6.85339
475 -0.9608786106109619 0.645283579826355 0.6795138716697693 41.3999
476 -0.9600099325180054 0.6551582217216492 0.4914930462837219 11.6087
477 -0.9633972644805908 0.7062240242958069 0.3848958015441895 14.2817
478 -0.9670611023902893 0.7008664011955261 0.6105902791023254 21.6943
479 -0.9655770659446716 0.6980059146881104 0.3262152671813965 11.9354
480 -0.9746692180633545 0.7877846360206604 0.5027777552604675 14.4716
481 -0.9660258293151855 0.6912059783935547 0.3701388835906982 12.5423
482 -0.9632769227027893 0.7034450769424438 0.5571180582046509 19.55
483 -0.9542168974876404 0.5644619464874268 0.4078124761581421 8.34698
484 -0.9687392115592957 0.7254899144172668 0.6347221732139587 20.7684
485 -0.9600821137428284 0.6455179452896118 0.4718749821186066 12.9589
486 -0.9667955040931702 0.7199238538742065 0.3244791626930237 10.0389
487 -0.9674959182739258 0.7508757710456848 0.4369791448116302 8.65781
488 -0.9661128520965576 0.7319813966751099 0.3064236044883728 10.8645
489 -0.9628852009773254 0.696018397808075 0.3526041507720947 14.1897
490 -0.9621926546096802 0.6097602248191833 0.457118034362793 21.0721
491 -0.9661637544631958 0.6855400204658508 0.5015624761581421 21.2789
492 -0.9616193771362305 0.6472044587135315 0.6894096732139587 47.4242
493 -0.9615182280540466 0.6554855704307556 0.3925347030162811 10.9275
494 -0.9685497283935547 0.6946501731872559 0.3597221970558167 12.2579
495 -0.9707753658294678 0.7403141260147095 0.449305534362793 12.3946
496 -0.9672382473945618 0.7298299074172974 0.4708333015441895 8.08365
497 -0.9594627618789673 0.6541174054145813 0.4038194417953491 14.6545
498 -0.963091254234314 0.6757322549819946 0.4781249761581421 20.7921
499 -0.9615023732185364 0.6597639322280884 0.4550347030162811 15.4816
500 -0.9564216136932373 0.6776398420333862 0.6656249761581421 13.4301
501 -0.9637315273284912 0.6425840258598328 0.5414930582046509 10.2249
502 -0.9671194553375244 0.7209638357162476 0.4963541626930237 15.4947
503 -0.9633540511131287 0.6410726308822632 0.3505208194255829 15.4611
504 -0.9698400497436523 0.7469761371612549 0.3102430403232574 8.45625
505 -0.9630578756332397 0.7084175944328308 0.2994791567325592 5.67177
506 -0.9682248830795288 0.7345911264419556 0.3248263895511627 6.16854
507 -0.9639860391616821 0.6876679062843323 0.559374988079071 20.1121
508 -0.9582353234291077 0.6522101163864136 0.5723958015441895 16.7315
509 -0.9586520195007324 0.5978280305862427 0.347743034362793 23.307
510 -0.9634467959403992 0.6341739892959595 0.3442708253860474 11.5427
511 -0.9665989875793457 0.6959118843078613 0.270312488079071 12.7323
512 -0.9637869000434875 0.6679479479789734 0.3439235985279083 13.7079
513 -0.9621670246124268 0.6919222474098206 0.8043402433395386 20.1419
514 -0.9617442488670349 0.6693523526191711 0.2760416567325592 6.40776
515 -0.9651731848716736 0.7008500099182129 0.359375 6.70422
516 -0.9706659317016602 0.7468055486679077 0.4331597089767456 15.6877
517 -0.9608274102210999 0.6375480890274048 0.2862846851348877 12.7935
518 -0.9695070385932922 0.7389119863510132 0.4045138955116272 7.29104
519 -0.9605031609535217 0.6647201180458069 0.4071180522441864 15.7356
520 -0.9637235403060913 0.6373099088668823 0.3697916567325592 17.7733
521 -0.9664883017539978 0.7325637340545654 0.5513888597488403 15.1249
522 -0.9738547801971436 0.7718899250030518 0.2791666686534882 7.36823
523 -0.9695601463317871 0.7537516951560974 0.3833333253860474 14.0116
524 -0.9644968509674072 0.713609516620636 0.4159722030162811 11.0586
525 -0.9697972536087036 0.7416475415229797 0.3116319179534912 4.68125
526 -0.9604793190956116 0.6770884990692139 0.6685763597488403 17.5125
527 -0.9693666100502014 0.6886094808578491 0.362500011920929 12.6982
528 -0.967179536819458 0.7235478758811951 0.3138888776302338 8.85531
529 -0.9624986052513123 0.6795819997787476 0.3317708075046539 13.314
530 -0.964742124080658 0.6784341931343079 0.362500011920929 12.684
531 -0.9614765048027039 0.6945741176605225 0.9006943702697754 26.5295
532 -0.9614799022674561 0.6841345429420471 0.3394097089767456 5.35849
533 -0.970933198928833 0.7513282299041748 0.3600694239139557 7.79562
534 -0.9657921195030212 0.6965438723564148 0.2513888776302338 8.31583
535 -0.9549082517623901 0.5933519005775452 0.4986110925674438 19.6759
536 -0.9588190913200378 0.6285747289657593 0.3298610746860504 11.7966
537 -0.9669783115386963 0.7171121835708618 0.4437499642372131 19.4142
538 -0.9674303531646729 0.7234956026077271 0.4331597089767456 13.6188
539 -0.9664914608001709 0.7209144234657288 0.378993034362793 9.01104
540 -0.9605981111526489 0.6417197585105896 0.3333333134651184 16.2198
541 -0.9625970721244812 0.6366580724716187 0.4548610746860504 21.2764
542 -0.9619613885879517 0.6882380247116089 0.3501735925674438 12.514
543 -0.9597246646881104 0.6112926006317139 0.3222222030162811 10.074
544 -0.9587947726249695 0.6260939836502075 0.4953124821186066 17.8551
545 -0.9663932323455811 0.7050539255142212 0.5718749761581421 27.1876
546 -0.9529740810394287 0.6059005856513977 0.3939235806465149 15.3614
547 -0.9663212299346924 0.721454381942749 0.3961805403232574 13.9777
548 -0.9621458053588867 0.6473318934440613 0.4131944179534912 10.9238
549 -0.9599140286445618 0.6177321076393127 0.5413193702697754 22.6924
550 -0.9648391008377075 0.6715563535690308 0.518750011920929 17.9852
551 -0.9589722156524658 0.6189480423927307 0.5036458373069763 17.0947
552 -0.9608023762702942 0.6727699637413025 0.3782985806465149 12.4565
553 -0.9706221222877502 0.7188659906387329 0.3784722089767456 15.0296
554 -0.9626284241676331 0.6586641073226929 0.3423610925674438 7.4576
555 -0.9694876670837402 0.7406701445579529 0.2848958075046539 9.60062
556 -0.9668775200843811 0.719457745552063 0.3680555522441864 8.22849
557 -0.9561383128166199 0.5949521660804749 0.7701388597488403 40.5863
558 -0.965410590171814 0.706514298915863 0.4303819239139557 11.3929
559 -0.9558524489402771 0.5860322117805481 0.3828125 10.378
560 -0.9644098281860352 0.6880384683609009 0.4085069298744202 11.5066
561 -0.9673029780387878 0.7302700877189636 0.3940972089767456 12.5539
562 -0.964520275592804 0.6733476519584656 0.4227430522441864 17.6858
563 -0.9669308662414551 0.738311767578125 0.5145832896232605 11.0168
564 -0.9623568654060364 0.6816240549087524 0.3855902850627899 11.9349
565 -0.9664031863212585 0.6847116351127625 0.4437499642372131 17.4065
566 -0.9642678499221802 0.6792159676551819 0.5085069537162781 14.3767
567 -0.9601355195045471 0.636579692363739 0.3284721970558167 11.5419
568 -0.9579564332962036 0.5806300640106201 0.3611110746860504 14.1623
569 -0.9612812995910645 0.6288382411003113 0.3394097089767456 13.73
570 -0.9666221737861633 0.6938462853431702 0.3499999940395355 14.1283
571 -0.9649258255958557 0.7018421292304993 0.363368034362793 10.2693
572 -0.9691621661186218 0.7336051464080811 0.4920138418674469 13.8215
573 -0.9606407880783081 0.6083998680114746 0.3407985866069794 8.5825
574 -0.9626386165618896 0.6526982188224792 0.5850694179534912 29.2315
575 -0.963693380355835 0.6504480242729187 0.5767360925674438 25.0316
576 -0.9685426354408264 0.7227004170417786 0.4006944298744202 10.8115
577 -0.9614558219909668 0.7159300446510315 0.5104166269302368 10.9454
578 -0.9637935161590576 0.6876201033592224 0.4534721970558167 11.0896
579 -0.9664766192436218 0.6961382031440735 0.4380208253860474 12.8413
580 -0.9666699767112732 0.6920921802520752 0.3795138895511627 9.97505
581 -0.9622008204460144 0.6450664401054382 0.5864583253860474 19.1956
582 -0.9627985954284668 0.6822740435600281 0.2717013955116272 4.64911
583 -0.9610769152641296 0.661034107208252 0.4053819179534912 5.27375
584 -0.9635977745056152 0.6754438281059265 0.5571180582046509 18.5717
585 -0.9698583483695984 0.7358922958374023 0.6711805462837219 16.6326
586 -0.9685403108596802 0.7384121417999268 0.3861110806465149 13.4677
587 -0.9591923356056213 0.6298176646232605 0.3114583194255829 10.0545
588 -0.9674022197723389 0.7442824840545654 0.4635416567325592 11.6006
589 -0.9596186280250549 0.6359815001487732 0.5644097328186035 18.3542
590 -0.9616408348083496 0.6654627919197083 0.3439235985279083 11.7737
591 -0.9652999639511108 0.7187838554382324 0.4713541567325592 16.1777
592 -0.9596182703971863 0.6797054409980774 0.3866319358348846 8.25167
593 -0.9668526649475098 0.7111912369728088 0.3097221851348877 10.0427
594 -0.9683021306991577 0.7160520553588867 0.3795138895511627 16.791
595 -0.9678546190261841 0.7270622849464417 0.247916653752327 7.86083
596 -0.9598220586776733 0.6386111974716187 0.4314235746860504 14.5744
597 -0.9707608222961426 0.7448077201843262 0.3921875059604645 10.4451
598 -0.971721351146698 0.7678261995315552 0.4663194417953491 13.9365
599 -0.963911235332489 0.6829040050506592 0.324305534362793 10.563
600 -0.9572195410728455 0.6473436951637268 0.520486056804657 14.7872
601 -0.9710062146186829 0.7550696134567261 0.5293402671813965 12.0609
602 -0.9635554552078247 0.684374213218689 0.3996527791023254 6.22187
603 -0.9643139243125916 0.6862519383430481 0.4237847030162811 13.0973
604 -0.9590471386909485 0.6005532741546631 0.2595486044883728 9.44286
605 -0.9627071619033813 0.6539161205291748 0.2263888865709305 9.49474
606 -0.9653552174568176 0.7313705682754517 0.5951388478279114 16.8819
607 -0.9711662530899048 0.7707075476646423 0.3739583194255829 8.52177
608 -0.962954044342041 0.6707181334495544 0.4706597030162811 14.1771
609 -0.9656531810760498 0.7167984843254089 0.2720486223697662 7.38391
610 -0.9677062034606934 0.7360556721687317 0.5947916507720947 19.5423
611 -0.9689368605613708 0.7026078701019287 0.3862847089767456 10.7527
612 -0.9603582620620728 0.6013559699058533 0.6427083015441895 37.2074
613 -0.9654396772384644 0.6825100183486938 0.4975694417953491 29.669
614 -0.9604459404945374 0.622484564781189 0.5142360925674438 29.3853
615 -0.9710237979888916 0.7321323156356812 0.7454860806465149 12.4726
616 -0.9627866148948669 0.6806854009628296 0.6243055462837219 25.1206
617 -0.9577098488807678 0.6574122905731201 0.5407986044883728 8.46536
618 -0.9684792757034302 0.7317458391189575 0.5791666507720947 13.3674
619 -0.9623198509216309 0.6825639009475708 0.2756944298744202 5.88167
620 -0.9635918736457825 0.6581199765205383 0.3057291507720947 11.655
621 -0.9603527784347534 0.6521597504615784 0.3680555522441864 11.0036
622 -0.9745742082595825 0.8020699620246887 0.500868022441864 14.9533
623 -0.9597266912460327 0.6609704494476318 0.5798611044883728 16.9504
624 -0.9546049833297729 0.5386499166488647 0.3465277850627899 12.2833
625 -0.9655013084411621 0.729620099067688 0.3704860806465149 11.3344
626 -0.9647567868232727 0.692980170249939 0.2595486044883728 8.07922
627 -0.9676939845085144 0.7156764268875122 0.4152777791023254 12.9183
628 -0.9693045020103455 0.7402238845825195 0.4567708075046539 9.43781
629 -0.9645430445671082 0.6983440518379211 0.4857638776302338 13.7251
630 -0.9640014171600342 0.675409734249115 0.3916666507720947 11.9527
631 -0.9650534987449646 0.6848719716072083 0.3776041567325592 10.134
632 -0.9677777290344238 0.7416458129882812 0.3996527791023254 11.6202
633 -0.9644628167152405 0.711117684841156 0.332812488079071 7.2624
634 -0.9726528525352478 0.7545838952064514 0.3763888776302338 9.03802
635 -0.9615581631660461 0.6319625377655029 0.3600694239139557 8.41463
636 -0.9574636816978455 0.6205900311470032 0.4295138716697693 15.5081
637 -0.963412880897522 0.6926483511924744 0.3977430462837219 15.4324
638 -0.9610958099365234 0.6129482388496399 0.4026041626930237 19.7477
639 -0.9690421223640442 0.7388864159584045 0.3526041507720947 10.8421
640 -0.9565210342407227 0.6454165577888489 0.3828125 14.2512
641 -0.9591412544250488 0.6320757865905762 0.3991319239139557 18.8899
642 -0.9636030793190002 0.6921241879463196 0.3440971970558167 14.4678
643 -0.9653486013412476 0.7099757790565491 0.4255208075046539 8.77969
644 -0.9649935364723206 0.6944395899772644 0.3904513716697693 9.1426
645 -0.9722930788993835 0.7399923801422119 0.3774305284023285 8.95281
646 -0.9660964012145996 0.7199420928955078 0.5479166507720947 15.7131
647 -0.9551231861114502 0.5745079517364502 0.270312488079071 16.7144
648 -0.9640190601348877 0.7188934683799744 0.3883680403232574 7.77349
649 -0.9639002680778503 0.6556320190429688 0.4190971851348877 14.9992
650 -0.9585095643997192 0.6474897265434265 0.6348958015441895 23.4123
651 -0.9659953117370605 0.7167521715164185 0.3873263895511627 5.16833
652 -0.9675991535186768 0.731115460395813 0.500868022441864 15.5093
653 -0.9671385884284973 0.6949122548103333 0.5128472447395325 12.9237
654 -0.9666498303413391 0.7333037257194519 0.6329860687255859 17.295
655 -0.9671898484230042 0.6894681453704834 0.296875 20.5539
656 -0.9589537382125854 0.5815621614456177 0.2461805492639542 15.138
657 -0.9746226668357849 0.7958521246910095 0.4097222089767456 6.25198
658 -0.9677005410194397 0.7374386191368103 0.3744791448116302 8.34719
659 -0.9677685499191284 0.7342318296432495 0.4156249761581421 7.9101
660 -0.9700128436088562 0.711368203163147 0.5256943702697754 12.3576
661 -0.9709652066230774 0.7481541037559509 0.3515625 7.40344
662 -0.9636684060096741 0.6709756851196289 0.3449652791023254 12.0074
663 -0.9590162038803101 0.6230257153511047 0.6019097566604614 24.0257
664 -0.9608476161956787 0.6845622658729553 0.4736110866069794 12.7002
665 -0.9633057117462158 0.6585365533828735 0.6428818702697754 16.5101
666 -0.9651120901107788 0.7152017951011658 0.4553819298744202 9.6113
667 -0.9623550176620483 0.6659739017486572 0.3828125 10.1366
668 -0.9695224165916443 0.734872043132782 0.3185763955116272 9.0499
669 -0.9610933065414429 0.6324417591094971 0.6456596851348877 24.4183
670 -0.963750422000885 0.6846882104873657 0.4623263776302338 23.272
671 -0.9604727625846863 0.6460832953453064 0.6362846493721008 25.257
672 -0.9692695736885071 0.7372663617134094 0.5814235806465149 23.9708
673 -0.9673535227775574 0.7340502142906189 0.5574652552604675 12.3893
674 -0.968830943107605 0.7178457379341125 0.2935763895511627 11.2694
675 -0.9616880416870117 0.6895478963851929 0.5295138359069824 15.0639
676 -0.9624341726303101 0.6362786293029785 0.4874999821186066 7.50583
677 -0.9665597081184387 0.6839582324028015 0.4177083075046539 8.91177
678 -0.9629598259925842 0.604392409324646 0.5729166269302368 31.1427
679 -0.9691682457923889 0.763588547706604 0.4946180284023285 9.99625
680 -0.972615659236908 0.7153459191322327 0.2616319358348846 17.3219
681 -0.9687067866325378 0.7678841352462769 0.4170138835906982 12.8595
682 -0.9670740962028503 0.7308440804481506 0.2885416448116302 8.10479
683 -0.9649072289466858 0.6547477245330811 0.6164930462837219 37.7733
684 -0.9690542817115784 0.7702905535697937 0.316840261220932 7.65865
685 -0.9711471796035767 0.7143039703369141 0.2838541567325592 11.1106
686 -0.9627300500869751 0.6988371610641479 0.2743055522441864 7.70099
687 -0.9716855883598328 0.7631866335868835 0.4005208015441895 10.1606
688 -0.9658001661300659 0.7005678415298462 0.8597221970558167 44.3902
689 -0.9622449278831482 0.6364458799362183 0.4531249701976776 23.6299
690 -0.9692753553390503 0.7243281602859497 0.4463541507720947 17.3235
691 -0.9632670879364014 0.6657170653343201 0.4769096970558167 8.33724
692 -0.9620636105537415 0.6389744877815247 0.2715277671813965 11.0378
693 -0.9571815729141235 0.6336435675621033 0.371527761220932 8.59307
694 -0.962489128112793 0.6825878024101257 0.434027761220932 9.89307
695 -0.9649670124053955 0.6845675706863403 0.4093749821186066 10.106
696 -0.964658796787262 0.7222844362258911 0.3602430522441864 7.28161
697 -0.9688507914543152 0.719468355178833 0.4616319239139557 24.7126
698 -0.9637155532836914 0.7283542156219482 0.6501736044883728 27.7731
699 -0.9699317812919617 0.7105605006217957 0.3998263776302338 8.87448
700 -0.9594520330429077 0.6686120629310608 0.4595485925674438 18.6801
701 -0.9590219259262085 0.6416140198707581 0.5249999761581421 16.0817
702 -0.9644399881362915 0.7149423360824585 0.5026041269302368 13.091
703 -0.9633421301841736 0.6800504922866821 0.5114583373069763 10.8293
704 -0.9612830281257629 0.64093416929245 0.433680534362793 15.8812
705 -0.9705596566200256 0.7423296570777893 0.4994791448116302 17.2372
706 -0.964041531085968 0.6580694913864136 0.4857638776302338 18.361
707 -0.9589367508888245 0.6052636504173279 0.3395833075046539 28.8441
708 -0.9644352197647095 0.7075114250183105 0.390625 13.2827
709 -0.9696491956710815 0.7312042117118835 0.2697916626930237 6.06969
710 -0.9625881910324097 0.6801818609237671 0.3180555403232574 8.5301
711 -0.9619022607803345 0.7033185958862305 0.4508680403232574 14.0767
712 -0.9666018486022949 0.7002583742141724 0.4173610806465149 15.5127
713 -0.9601150751113892 0.6974900960922241 0.5878472328186035 12.6043
714 -0.9710209965705872 0.7711672782897949 0.3177083134651184 9.8201
715 -0.9659835696220398 0.7107480764389038 0.5215277671813965 9.96292
716 -0.9623968601226807 0.6460320949554443 0.3829860985279083 12.0198
717 -0.9645516872406006 0.6913380026817322 0.5291666388511658 17.8311
718 -0.9615935087203979 0.6288814544677734 0.3333333134651184 9.03635
719 -0.9635965824127197 0.6797739863395691 0.5276041030883789 15.586
720 -0.9573579430580139 0.5797420144081116 0.5178818702697754 33.7523
721 -0.9644936323165894 0.6684539318084717 0.3239583075046539 9.44687
722 -0.9640960693359375 0.6997938752174377 0.3557291626930237 8.74786
723 -0.9580070972442627 0.6727538704872131 0.371180534362793 7.96589
724 -0.9511836171150208 0.5069819688796997 0.5206597447395325 17.2904
725 -0.9693777561187744 0.759638786315918 0.6451388597488403 15.9227
726 -0.9706421494483948 0.7620372772216797 0.4142360985279083 12.5445
727 -0.9564576148986816 0.6033260822296143 0.3241319358348846 17.1196
728 -0.9662634134292603 0.7223077416419983 0.518750011920929 14.2736
729 -0.9703628420829773 0.7646822333335876 0.4458333253860474 10.4728
730 -0.9701115489006042 0.725557804107666 0.6098958253860474 22.2368
731 -0.9676371812820435 0.6970039010047913 0.7050346732139587 19.6742
732 -0.9701551795005798 0.7113150358200073 0.3623263835906982 28.377
733 -0.9666349291801453 0.7125020623207092 0.6074652671813965 13.5851
734 -0.9607192873954773 0.6441336274147034 0.3487846851348877 8.93047
735 -0.971066415309906 0.7465238571166992 0.379687488079071 7.96906
736 -0.95553058385849 0.5637197494506836 0.4243055284023285 23.7506
737 -0.9622834324836731 0.6653605103492737 0.3062500059604645 10.0869
738 -0.9685894250869751 0.7296317219734192 0.3539930284023285 11.0368
739 -0.9588128328323364 0.6338217854499817 0.4892360866069794 20.0802
740 -0.9557141065597534 0.5365734696388245 0.4760416448116302 16.6663
741 -0.9640272855758667 0.6984905600547791 0.3876735866069794 14.651
742 -0.9664960503578186 0.7208020091056824 0.4463541507720947 7.79484
743 -0.9566770792007446 0.5868467688560486 0.4689235985279083 17.6614
744 -0.9601933360099792 0.5956557393074036 0.4619791507720947 13.0517
745 -0.9622592926025391 0.6543080806732178 0.6369791030883789 43.7633
746 -0.9617300033569336 0.6162301301956177 0.4538194239139557 29.999
747 -0.9683154821395874 0.7543359398841858 0.3217013776302338 10.4478
748 -0.9651523232460022 0.6833603382110596 0.4196180403232574 7.59526
749 -0.9670230746269226 0.7023077607154846 0.4920138418674469 11.8879
750 -0.9694939255714417 0.7346412539482117 0.5680555701255798 20.3694
751 -0.966847836971283 0.7143982648849487 0.4348958134651184 10.3939
752 -0.9661187529563904 0.6986892223358154 0.3387152850627899 12.4348
753 -0.9651057124137878 0.7120605111122131 0.5753472447395325 20.186
754 -0.9638931751251221 0.6757983565330505 0.519618034362793 16.9849
755 -0.9664138555526733 0.7302579283714294 0.4906249642372131 8.56437
756 -0.9675124287605286 0.7235559225082397 0.3486110866069794 10.0189
757 -0.9583853483200073 0.668832004070282 0.4050346910953522 11.2918
758 -0.960598349571228 0.6274756789207458 0.4324652850627899 16.8857
759 -0.970167338848114 0.7386900782585144 0.5185763835906982 15.2893
760 -0.9576860070228577 0.6142143607139587 0.4868055284023285 28.6168
761 -0.9654356837272644 0.6971784830093384 0.3404513895511627 8.21729
762 -0.9586504101753235 0.6352338790893555 0.6246527433395386 23.7471
763 -0.970185399055481 0.7280486822128296 0.3904513716697693 13.6158
764 -0.9617706537246704 0.6786835789680481 0.3973958194255829 9.06578
765 -0.9656719565391541 0.7337478399276733 0.3670138716697693 5.47917
766 -0.9624418020248413 0.6560943126678467 0.2779513895511627 11.9887
767 -0.9661757946014404 0.6753754615783691 0.4036458134651184 12.9491
768 -0.9655845165252686 0.7239737510681152 0.6300346851348877 18.403
769 -0.9631719589233398 0.6939702033996582 0.4463541507720947 9.65719
770 -0.9532102346420288 0.597268283367157 0.5501735806465149 17.7366
771 -0.9605580568313599 0.6384478807449341 0.6416666507720947 38.2721
772 -0.964241087436676 0.640468955039978 0.4236110746860504 23.4168
773 -0.9685303568840027 0.7246187329292297 0.5227430462837219 20.7122
774 -0.9646297097206116 0.6770539283752441 0.3894096910953522 18.2144
775 -0.9640547037124634 0.6996723413467407 0.8083333373069763 30.6007
776 -0.9565654993057251 0.5864137411117554 0.3961805403232574 12.97
777 -0.9679294228553772 0.7316157817840576 0.3638888895511627 13.0519
778 -0.9568144679069519 0.6379621624946594 0.4239583015441895 6.03344
779 -0.9565318822860718 0.6079438924789429 0.3680555522441864 10.0165
780 -0.9548078775405884 0.5833898782730103 0.3987846970558167 12.2517
781 -0.9682128429412842 0.7467325925827026 0.4781249761581421 9.72042
782 -0.9691904187202454 0.7394902110099792 0.3444444239139557 13.819
783 -0.96137535572052 0.6555014252662659 0.4708333015441895 13.8599
784 -0.9639412760734558 0.6960737109184265 0.3975694179534912 8.57219
785 -0.962742805480957 0.6689484119415283 0.496527761220932 16.3473
786 -0.96559077501297 0.7035316824913025 0.4675346910953522 10.5506
787 -0.9585843682289124 0.6863660216331482 0.3972221910953522 9.71536
788 -0.9617950916290283 0.6257642507553101 0.3644096851348877 22.2678
789 -0.9585016965866089 0.6228961944580078 0.4901041686534882 17.8591
790 -0.961575448513031 0.6413803696632385 0.4322916567325592 11.5113
791 -0.9615235328674316 0.6301377415657043 0.5609375238418579 32.354
792 -0.9586988687515259 0.5951247215270996 0.4631944298744202 11.001
793 -0.961932361125946 0.6839802861213684 0.3579860925674438 5.83953
794 -0.9608854651451111 0.6470739841461182 0.4871527850627899 21.1131
795 -0.965594470500946 0.6768918037414551 0.3340277671813965 7.39906
796 -0.96333909034729 0.6837843656539917 0.5539930462837219 26.4718
797 -0.9636960029602051 0.6576300263404846 0.4012152850627899 17.8328
798 -0.9618799686431885 0.6821959614753723 0.3852430284023285 12.1671
799 -0.9590671062469482 0.6705361604690552 0.3982638716697693 8.62062
800 -0.9684792757034302 0.7177503108978271 0.551736056804657 18.6286
801 -0.9620099067687988 0.6879042983055115 0.5230902433395386 14.6295
802 -0.9622244238853455 0.6766279935836792 0.4406249821186066 11.5783
803 -0.9702720046043396 0.7339298725128174 0.5420138835906982 15.8614
804 -0.9671458005905151 0.7344599366188049 0.4842013716697693 11.4005
805 -0.9646819233894348 0.6681103110313416 0.5487847328186035 14.7245
806 -0.9688321948051453 0.7625720500946045 0.323437511920929 7.67177
807 -0.9692893028259277 0.7467959523200989 0.3453125059604645 5.68167
808 -0.9576646089553833 0.6190483570098877 0.628125011920929 17.7835
809 -0.9518315196037292 0.5294524431228638 0.3760416507720947 14.2408
810 -0.9655845761299133 0.6844199895858765 0.3670138716697693 10.3289
811 -0.96788090467453 0.7172582745552063 0.6366319060325623 16.8872
812 -0.9642483592033386 0.7019801735877991 0.5982638597488403 16.7424
813 -0.9620670080184937 0.6248536109924316 0.3444444239139557 9.24094
814 -0.9629266858100891 0.6748663783073425 0.5878472328186035 17.1383
815 -0.9646679759025574 0.6753780841827393 0.2836805284023285 7.87432
816 -0.9549492597579956 0.5936797857284546 0.413715273141861 16.0779
817 -0.9646999835968018 0.6726362705230713 0.7022569179534912 27.9521
818 -0.9712405204772949 0.7547999620437622 0.4552083015441895 10.4848
819 -0.9623929858207703 0.6472741961479187 0.6760416030883789 30.6459
820 -0.9552369713783264 0.5914880633354187 0.532118022441864 17.296
821 -0.9661295413970947 0.7256384491920471 0.5498263835906982 11.2093
822 -0.9604414701461792 0.6414797902107239 0.355555534362793 14.1117
823 -0.9648289680480957 0.6763803362846375 0.386805534362793 22.0977
824 -0.9593435525894165 0.652382493019104 0.4520833194255829 17.8844
825 -0.9617543816566467 0.6593365669250488 0.4616319239139557 14.3489
826 -0.960529625415802 0.6494802832603455 0.3237847089767456 9.40063
827 -0.9640214443206787 0.6880528330802917 0.343402773141861 18.525
828 -0.96412593126297 0.6770296096801758 0.3807291686534882 15.8354
829 -0.9634222984313965 0.6678641438484192 0.5064235925674438 12.5573
830 -0.9650793075561523 0.6887814402580261 0.3133680522441864 10.9355
831 -0.9726649522781372 0.7945758700370789 0.4043402671813965 10.475
832 -0.962164044380188 0.7171640396118164 0.3647569417953491 8.71214
833 -0.9621309041976929 0.621131956577301 0.5211805701255798 14.5171
834 -0.96089768409729 0.6725965738296509 0.5855902433395386 21.0754
835 -0.9617651104927063 0.6614564061164856 0.3387152850627899 11.2207
836 -0.9737192988395691 0.7674897313117981 0.319965273141861 4.53792
837 -0.9599639773368835 0.6663875579833984 0.3963541686534882 9.03109
838 -0.9635481834411621 0.6806117296218872 0.5020833015441895 12.4659
839 -0.9621756672859192 0.6207602024078369 0.2954861223697662 5.38443
840 -0.958238422870636 0.6102917194366455 0.515625 23.9569
841 -0.9594370126724243 0.621447741985321 0.4246527850627899 13.076
842 -0.963299572467804 0.6583740711212158 0.6484375 35.1128
843 -0.9574058651924133 0.6652575731277466 0.3354166448116302 7.22875
844 -0.9629601240158081 0.6924280524253845 0.4857638776302338 19.7482
845 -0.9684103727340698 0.6788840293884277 0.4802083075046539 32.5306
846 -0.9676331877708435 0.7116299271583557 0.3645833134651184 9.87276
847 -0.9694921970367432 0.7555416226387024 0.6590277552604675 14.2704
848 -0.9673876166343689 0.733764111995697 0.4668402671813965 14.0858
849 -0.9636534452438354 0.6444697976112366 0.4578124582767487 22.4339
850 -0.9636507034301758 0.6893818974494934 0.5385416150093079 12.5842
851 -0.9706823825836182 0.7240238785743713 0.371874988079071 6.77198
852 -0.9663883447647095 0.6895623803138733 0.3812499940395355 11.0804
853 -0.9673788547515869 0.6895086169242859 0.3911458253860474 10.7621
854 -0.9669317603111267 0.7385017275810242 0.5737847089767456 22.4498
855 -0.9626080393791199 0.6558336615562439 0.4402777850627899 28.4735
856 -0.9638404250144958 0.7069620490074158 0.5947916507720947 17.9131
857 -0.9672674536705017 0.7379325032234192 0.4874999821186066 11.603
858 -0.9627794027328491 0.6331877112388611 0.8272569179534912 21.4493
859 -0.9613497257232666 0.6284715533256531 0.3303819298744202 27.1363
860 -0.9522613286972046 0.5293524265289307 0.3670138716697693 10.5407
861 -0.9744297862052917 0.7975904941558838 0.3677083253860474 8.12594
862 -0.9677924513816833 0.7073979377746582 0.3817708194255829 6.14161
863 -0.9702367186546326 0.7520260810852051 0.4213541448116302 8.0349
864 -0.9726960062980652 0.7848941087722778 0.4322916567325592 9.5501
865 -0.9631549715995789 0.6725236177444458 0.4664930403232574 11.2102
866 -0.9580509066581726 0.6007325053215027 0.3996527791023254 8.55771
867 -0.9631536602973938 0.6808843016624451 0.4963541626930237 11.8958
868 -0.9702782034873962 0.75702965259552 0.3670138716697693 11.5092
869 -0.966117262840271 0.7364212274551392 0.3928819298744202 5.98
870 -0.9646525382995605 0.7185623049736023 0.3491319417953491 14.9119
871 -0.9649474620819092 0.6985316872596741 0.558680534362793 15.6868
872 -0.9630153179168701 0.6715494394302368 0.4067708253860474 9.32083
873 -0.962522029876709 0.6970376968383789 0.3420138955116272 10.0085
874 -0.9571235775947571 0.6509542465209961 0.4194444417953491 8.10734
875 -0.9705999493598938 0.7511737942695618 0.3840277791023254 10.777
876 -0.960507333278656 0.609264075756073 0.6503471732139587 32.0224
877 -0.9655526280403137 0.6873418092727661 0.5133680701255798 17.5397
878 -0.9693102836608887 0.7518922686576843 0.4671874642372131 10.3944
879 -0.9551262855529785 0.5902940034866333 0.4204860925674438 12.7192
880 -0.9641316533088684 0.6727776527404785 0.5645833015441895 14.304
881 -0.9696974754333496 0.7307959794998169 0.4817708134651184 20.0857
882 -0.9522740244865417 0.5439363718032837 0.4039930403232574 19.5469
883 -0.961677610874176 0.6942684650421143 0.629687488079071 20.158
884 -0.9639679193496704 0.7077555656433105 0.4458333253860474 6.38656
885 -0.967987596988678 0.7261927127838135 0.3743055462837219 6.53135
886 -0.964709460735321 0.7088523507118225 0.3178819417953491 12.5461
887 -0.9703984260559082 0.7396736741065979 0.4376735985279083 14.4546
888 -0.9569541811943054 0.6310660839080811 0.5406249761581421 16.5874
889 -0.9626050591468811 0.6252240538597107 0.4119791686534882 14.2816
890 -0.9570457339286804 0.6092481017112732 0.2946180403232574 7.92427
891 -0.9585199356079102 0.5879823565483093 0.3621527850627899 8.97141
892 -0.9586015343666077 0.6470358371734619 0.3001736104488373 10.1981
893 -0.9690896272659302 0.7487967610359192 0.378993034362793 9.28406
894 -0.9677816033363342 0.7332161068916321 0.8526041507720947 22.3129
895 -0.9675369262695312 0.723163902759552 0.5526041388511658 21.8041
896 -0.9623320698738098 0.6517559885978699 0.3151041567325592 18.0006
897 -0.965312123298645 0.7195359468460083 0.6661458015441895 19.053
898 -0.9711104035377502 0.7348663806915283 0.4248263835906982 9.79365
899 -0.9644701480865479 0.6850700974464417 0.4446180462837219 20.2911
900 -0.9705879688262939 0.7707363963127136 0.4977430403232574 10.7232
901 -0.9664804935455322 0.6940240263938904 0.3024305403232574 10.3142
902 -0.9662288427352905 0.6982235312461853 0.3173610866069794 8.33526
903 -0.9640211462974548 0.6742722988128662 0.4819444417953491 10.969
904 -0.9617267251014709 0.631927490234375 0.4053819179534912 14.8573
905 -0.9648349285125732 0.6471516489982605 0.3777777850627899 13.2345
906 -0.9622507691383362 0.6869423389434814 0.3631944358348846 8.5474
907 -0.9620468616485596 0.6449435949325562 0.4737846851348877 17.2643
908 -0.9690723419189453 0.7251381278038025 0.3692708015441895 5.915
909 -0.9696811437606812 0.7159858345985413 0.3274305462837219 13.7783
910 -0.9675598740577698 0.7369599342346191 0.3736110925674438 10.0512
911 -0.9586600661277771 0.6088356971740723 0.4604166448116302 14.1103
912 -0.9643397331237793 0.6756355762481689 0.3187499940395355 11.0721
913 -0.9585556387901306 0.6435902118682861 0.444965273141861 16.6517
914 -0.9619545936584473 0.6519298553466797 0.4147569239139557 20.9276
915 -0.9666553735733032 0.7357604503631592 0.3210069239139557 8.45667
916 -0.9513013362884521 0.5483579039573669 0.4612846970558167 36.0162
917 -0.9676054716110229 0.7082372307777405 0.5109374523162842 21.1056
918 -0.9639648199081421 0.6744762063026428 0.4932291507720947 17.1961
919 -0.9660849571228027 0.7016239166259766 0.3861110806465149 6.04135
920 -0.9610596895217896 0.6523599028587341 0.3730902671813965 6.41115
921 -0.9700028896331787 0.7410559058189392 0.3050346970558167 13.5229
922 -0.9691264033317566 0.7338763475418091 0.532118022441864 15.3591
923 -0.9687418937683105 0.722844123840332 0.5246527791023254 11.8722
924 -0.9648090004920959 0.6666819453239441 0.4295138716697693 12.6669
925 -0.9569733142852783 0.6462878584861755 0.4781249761581421 10.4102
926 -0.9582262635231018 0.6801019310951233 0.4944444298744202 8.37594
927 -0.9710192680358887 0.75169837474823 0.5098958015441895 12.8577
928 -0.9627439975738525 0.6997678279876709 0.3704860806465149 10.828
929 -0.9611178636550903 0.6329200267791748 0.4678819179534912 17.9615
930 -0.9631549715995789 0.6871204972267151 0.4907985925674438 12.3937
931 -0.9663032293319702 0.6826378107070923 0.4788194298744202 15.2228
932 -0.9690700769424438 0.7168955206871033 0.3173610866069794 7.76542
933 -0.9649183750152588 0.7194510102272034 0.4312499761581421 10.3244
934 -0.9654478430747986 0.7134758234024048 0.5737847089767456 15.2923
935 -0.9667749404907227 0.6916702389717102 0.6467013359069824 26.6051
936 -0.9642048478126526 0.7236415147781372 0.3671875 7.6563
937 -0.9657925367355347 0.6821219921112061 0.5098958015441895 10.7121
938 -0.9597699642181396 0.6090897917747498 0.3769097030162811 10.9351
939 -0.9609575867652893 0.6703041195869446 0.4342013895511627 11.5346
940 -0.9705114960670471 0.7501059770584106 0.4798610806465149 10.1549
941 -0.9627869129180908 0.6599662303924561 0.5526041388511658 24.6099
942 -0.9682106375694275 0.7431253790855408 0.4388888776302338 13.6691
943 -0.9585949182510376 0.6101358532905579 0.3852430284023285 12.9255
944 -0.9616270661354065 0.6672564744949341 0.3255208134651184 7.66307
945 -0.9611987471580505 0.6729180216789246 0.5651041269302368 10.535
946 -0.9735273718833923 0.7965018749237061 0.4166666567325592 8.55125
947 -0.9608038663864136 0.6023717522621155 0.3496527671813965 14.2887
948 -0.9613286852836609 0.6634213924407959 0.2993055284023285 11.3144
949 -0.9616442322731018 0.6866220235824585 0.480555534362793 12.1557
950 -0.9651459455490112 0.6924060583114624 0.4722222089767456 20.2259
951 -0.9672991037368774 0.7277483940124512 0.4434027671813965 12.527
952 -0.9636844992637634 0.681546151638031 0.370312511920929 12.9102
953 -0.9625259041786194 0.6954898238182068 0.528124988079071 18.4638
954 -0.9539799094200134 0.5907843708992004 0.4734374582767487 22.3148
955 -0.9596748948097229 0.650546133518219 0.6645833253860474 34.5571
956 -0.9666427373886108 0.7216796278953552 0.4149305522441864 10.5589
957 -0.9637762904167175 0.6963659524917603 0.4532985985279083 10.7511
958 -0.9610682129859924 0.6645655632019043 0.4361110925674438 13.808
959 -0.9630190134048462 0.6746960282325745 0.5413193702697754 22.6728
960 -0.9741328954696655 0.7755983471870422 0.3934027850627899 8.96375
961 -0.9611967206001282 0.6537656188011169 0.2824652791023254 15.5959
962 -0.9673260450363159 0.7014524340629578 0.3527777791023254 14.6184
963 -0.9637041687965393 0.6740314960479736 0.4871527850627899 11.309
964 -0.9659556746482849 0.735180139541626 0.3958333134651184 10.1234
965 -0.9585679173469543 0.6086181998252869 0.4390624761581421 9.9599
966 -0.9594463706016541 0.6397433280944824 0.3236110806465149 9.92432
967 -0.9721599221229553 0.7262120246887207 0.4723958075046539 9.46677
968 -0.9652292728424072 0.6540378928184509 0.3430555462837219 13.9022
969 -0.9541168808937073 0.5584880709648132 0.3432291448116302 15.7063
970 -0.9620505571365356 0.6639457941055298 0.5104166269302368 31.3477
971 -0.9704853296279907 0.7454801797866821 0.3017361164093018 8.11385
972 -0.9655149579048157 0.7282299399375916 0.6824652552604675 16.3029
973 -0.9674276113510132 0.745768129825592 0.3305555284023285 10.0864
974 -0.9637219309806824 0.7030300498008728 0.3368055522441864 9.94292
975 -0.9556931257247925 0.6504677534103394 0.3486110866069794 10.7872
976 -0.9670515656471252 0.6953643560409546 0.5802083015441895 17.8405
977 -0.965095043182373 0.671505868434906 0.3430555462837219 19.2934
978 -0.9623864889144897 0.6779359579086304 0.4378471970558167 10.0314
979 -0.9681186079978943 0.7314199209213257 0.546875 13.5876
980 -0.9653579592704773 0.6796136498451233 0.3690972030162811 10.5579
981 -0.9690656661987305 0.7372722625732422 0.354687511920929 5.91302
982 -0.9666903018951416 0.7140846848487854 0.4994791448116302 14.0037
983 -0.9656373262405396 0.6916544437408447 0.4001735746860504 13.9384
984 -0.9622806310653687 0.6726160645484924 0.366840273141861 21.1428
985 -0.9610835313796997 0.6892018914222717 0.3960069417953491 12.2862
986 -0.9655792117118835 0.7077816724777222 0.3704860806465149 8.40401
987 -0.9671565294265747 0.7443417310714722 0.6465277671813965 27.1672
988 -0.968217134475708 0.7454183101654053 0.3670138716697693 14.47
989 -0.9676737785339355 0.7368482947349548 0.3758680522441864 7.61094
990 -0.9692256450653076 0.7756060361862183 0.6092013716697693 12.9402
991 -0.9557318687438965 0.6123580932617188 0.5182291269302368 17.9861
992 -0.962575376033783 0.6036120653152466 0.6032986044883728 40.321
993 -0.9561238288879395 0.5960022807121277 0.385937511920929 27.9032
994 -0.96904456615448 0.6954501867294312 0.6006944179534912 30.1869
995 -0.9580284953117371 0.6124603152275085 0.5758680701255798 22.5133
996 -0.9610916376113892 0.6555342078208923 0.3848958015441895 14.2187
997 -0.9610646963119507 0.6556016206741333 0.4092013835906982 10.6075
998 -0.9648207426071167 0.7087602019309998 0.3854166567325592 9.99687
999 -0.9584857821464539 0.6082839965820312 0.3498263955116272 7.63448
1000 -0.9649762511253357 0.6913977861404419 0.332465261220932 8.68891
