# Simulazione modello di Ising 1D
# Mossa 	 Energia 	 Magnetizzazione 	 Calore specifico 	 Suscettività
1     -0.4631916880607605      0.02551798522472382     0.201406255364418     0.6192391514778137
2     -0.4618977904319763      0.02659333124756813     0.1795104146003723     0.6781267523765564
3     -0.4637150466442108      0.02701866626739502     0.18204165995121     0.6702455282211304
4     -0.4627085328102112      0.02602866291999817     0.193041667342186     0.696602463722229
5     -0.4636204838752747      0.02673932164907455     0.1974479109048843     0.6015462875366211
6     -0.4639955759048462      0.02762600220739841     0.1956145763397217     0.5676641464233398
7     -0.4626850485801697      0.02611532248556614     0.2107083350419998     0.6403302550315857
8     -0.46265509724617      0.02499531581997871     0.1964062452316284     0.6423047184944153
9     -0.4623084366321564      0.02733065560460091     0.1981562525033951     0.7313580513000488
10     -0.4632328748703003      0.02640999108552933     0.2127187550067902     0.6188907027244568
11     -0.463046133518219      0.02443264424800873     0.1945312470197678     0.6065124273300171
12     -0.462756335735321      0.02694531716406345     0.195250004529953     0.6853758692741394
13     -0.4628206491470337      0.02874533645808697     0.20467709004879     0.6284807324409485
14     -0.4638632535934448      0.02761198952794075     0.1982395797967911     0.6675888895988464
15     -0.4629696905612946      0.02911999262869358     0.170239582657814     0.6976155638694763
16     -0.4636625647544861      0.02998200245201588     0.2026250064373016     0.6849140524864197
17     -0.4612584710121155      0.02964800223708153     0.1869583278894424     0.6318551898002625
18     -0.4613467752933502      0.02791999839246273     0.1840624958276749     0.6536101698875427
19     -0.4637913405895233      0.02256202138960361     0.2172916680574417     0.7449687719345093
20     -0.4628348350524902      0.02725399844348431     0.1906770765781403     0.7423737645149231
21     -0.4631033837795258      0.02808068878948689     0.206989586353302     0.5736830830574036
22     -0.4617427885532379      0.02767132595181465     0.2049791663885117     0.6924026608467102
23     -0.4639604091644287      0.02335465513169765     0.1983333379030228     0.5965526700019836
24     -0.4634069502353668      0.02386398985981941     0.20467709004879     0.7069695591926575
25     -0.4622295200824738      0.02379334531724453     0.1871666610240936     0.7133291959762573
26     -0.4626211822032928      0.02692466229200363     0.1799687445163727     0.7040576338768005
27     -0.4643013477325439      0.02639534696936607     0.1869166642427444     0.6840361356735229
28     -0.462736040353775      0.0245246347039938     0.1957291662693024     0.6146929860115051
29     -0.4638063609600067      0.02690731547772884     0.2018854171037674     0.805799126625061
30     -0.4636660218238831      0.02796336635947227     0.1840729117393494     0.6136242747306824
31     -0.463242381811142      0.0241613332182169     0.2021145820617676     0.6283640265464783
32     -0.464255690574646      0.02610066905617714     0.1933854222297668     0.6954156756401062
33     -0.4627117216587067      0.02743199840188026     0.2066770792007446     0.6794971823692322
34     -0.4627676904201508      0.02848265878856182     0.212510421872139     0.686947762966156
35     -0.4637884795665741      0.02621067501604557     0.2027395814657211     0.7580115795135498
36     -0.4623253047466278      0.02710665576159954     0.1937916725873947     0.6157156825065613
37     -0.4623353183269501      0.02183600887656212     0.2014791667461395     0.7103260159492493
38     -0.4621622860431671      0.02462067455053329     0.2046875059604645     0.7251490950584412
39     -0.4627401232719421      0.02874066680669785     0.1901562511920929     0.7562993764877319
40     -0.4634771347045898      0.02656532824039459     0.1955729126930237     0.6506520509719849
41     -0.4631122648715973      0.02752330526709557     0.1978749930858612     0.7155472636222839
42     -0.4642012119293213      0.03236667439341545     0.1868541687726974     0.6862911581993103
43     -0.4626851677894592      0.03184135630726814     0.1950729191303253     0.6869816184043884
44     -0.4639841318130493      0.02754067443311214     0.2060729116201401     0.6286578178405762
45     -0.4633934795856476      0.0280426386743784     0.2057083398103714     0.6907944083213806
46     -0.4630975425243378      0.03166599199175835     0.1947291642427444     0.6545230150222778
47     -0.4637709558010101      0.02546400390565395     0.1809479147195816     0.5962641835212708
48     -0.4613479673862457      0.02551800012588501     0.1933854222297668     0.6705147624015808
49     -0.462873786687851      0.02354465238749981     0.2128541618585587     0.6218013167381287
50     -0.46257483959198      0.02351798303425312     0.1962812542915344     0.7241235375404358
51     -0.463349312543869      0.02538333646953106     0.1872916668653488     0.6459603905677795
52     -0.4634518623352051      0.02578866109251976     0.1942187547683716     0.6329965591430664
53     -0.461046576499939      0.02851066924631596     0.1938333362340927     0.585558295249939
54     -0.4629867076873779      0.0290560144931078     0.1926666647195816     0.7383387088775635
55     -0.4623079001903534      0.02530932798981667     0.1972395777702332     0.67592853307724
56     -0.4620119631290436      0.02783934213221073     0.2138645797967911     0.6642846465110779
57     -0.463793009519577      0.02490931376814842     0.1955104172229767     0.6152377724647522
58     -0.4620360434055328      0.02539068087935448     0.216583326458931     0.5735062956809998
59     -0.4612160623073578      0.02345267310738564     0.1932812482118607     0.691805362701416
60     -0.463528960943222      0.02503667026758194     0.2080624997615814     0.7430867552757263
61     -0.4631634950637817      0.02735532633960247     0.1920312494039536     0.6435321569442749
62     -0.4616656899452209      0.0315999798476696     0.1928958296775818     0.7653357982635498
63     -0.4625515937805176      0.03122531808912754     0.1838229149580002     0.6433138847351074
64     -0.463578462600708      0.02591734379529953     0.1889062523841858     0.7009671330451965
65     -0.4626735746860504      0.0296606682240963     0.2038333266973495     0.6696794629096985
66     -0.4632429480552673      0.02926399745047092     0.2056145817041397     0.6357139348983765
67     -0.4620656371116638      0.02746531739830971     0.1865729093551636     0.6916860938072205
68     -0.4628579616546631      0.02915802225470543     0.2013749927282333     0.61552894115448
69     -0.463457316160202      0.02886199951171875     0.1973958313465118     0.6404221057891846
70     -0.4628959894180298      0.02297867275774479     0.1995416730642319     0.6350146532058716
71     -0.4628504514694214      0.02132132276892662     0.1864375025033951     0.6585264205932617
72     -0.4644087255001068      0.02848866768181324     0.1943645775318146     0.6412501335144043
73     -0.4624961614608765      0.02699266374111176     0.1908229142427444     0.6941283345222473
74     -0.4643929898738861      0.02930532582104206     0.1979999989271164     0.6552116274833679
75     -0.4613505899906158      0.02616934292018414     0.1912395805120468     0.7212428450584412
76     -0.4617867171764374      0.02639733068645     0.2142812460660934     0.6319519281387329
77     -0.4633315801620483      0.02682866156101227     0.2035416662693024     0.7509620785713196
78     -0.4620651006698608      0.02684064023196697     0.1995416730642319     0.6472803354263306
79     -0.4625928997993469      0.03056531213223934     0.1946875005960464     0.7305017113685608
80     -0.4634668231010437      0.02658135257661343     0.2021666616201401     0.7115439176559448
81     -0.4636567831039429      0.03023264743387699     0.2280416637659073     0.5961998105049133
82     -0.4630004465579987      0.02501199766993523     0.1911562532186508     0.6576009392738342
83     -0.4639640748500824      0.02656999789178371     0.1910312473773956     0.6147845983505249
84     -0.4618713855743408      0.02561933919787407     0.1787916719913483     0.6851893067359924
85     -0.4622564017772675      0.03086266107857227     0.1942916661500931     0.6569499373435974
86     -0.4634746611118317      0.02904999628663063     0.2033437490463257     0.7568876147270203
87     -0.4633046090602875      0.02627533674240112     0.2072916626930237     0.582048237323761
88     -0.462284654378891      0.02648334018886089     0.1922708302736282     0.6094671487808228
89     -0.4618567824363708      0.02956999279558659     0.1949166655540466     0.6625510454177856
90     -0.4639810919761658      0.02650866098701954     0.1811145842075348     0.5831924080848694
91     -0.4637850821018219      0.02844465710222721     0.1948854178190231     0.6851819753646851
92     -0.463790088891983      0.0292833149433136     0.199156254529953     0.7053120136260986
93     -0.4620378911495209      0.0271553136408329     0.1923854202032089     0.6941555738449097
94     -0.4632696211338043      0.02747864834964275     0.2058958262205124     0.6491231322288513
95     -0.4622860848903656      0.02736067026853561     0.1851354092359543     0.6660445928573608
96     -0.4626233279705048      0.02570333145558834     0.2148125022649765     0.7138983607292175
97     -0.4633365571498871      0.02694334648549557     0.2081458270549774     0.7199628949165344
98     -0.4621468186378479      0.02801066264510155     0.1984895765781403     0.7168850898742676
99     -0.4644214808940887      0.02645931765437126     0.2059270888566971     0.7625977993011475
100     -0.4628933370113373      0.02959799394011497     0.2017499953508377     0.790945291519165
101     -0.4628353416919708      0.03080931305885315     0.203822910785675     0.6855097413063049
102     -0.4620408117771149      0.02744867652654648     0.1843958348035812     0.5953265428543091
103     -0.4614388048648834      0.02545466087758541     0.2001249939203262     0.664812445640564
104     -0.4624900221824646      0.02295398712158203     0.2055104225873947     0.5773829221725464
105     -0.4615165591239929      0.02649199403822422     0.1971562504768372     0.6872017383575439
106     -0.464182585477829      0.0273226723074913     0.2043645828962326     0.5610710978507996
107     -0.4637670516967773      0.02658999338746071     0.185312494635582     0.6793472766876221
108     -0.4618934690952301      0.02292999438941479     0.1921354234218597     0.7652166485786438
109     -0.4631364345550537      0.02688198909163475     0.2078229188919067     0.6333759427070618
110     -0.4640512764453888      0.02686734683811665     0.2069270759820938     0.6807629466056824
111     -0.4629807472229004      0.02791334316134453     0.1966666728258133     0.6172934770584106
112     -0.4617972671985626      0.03117603622376919     0.2033541649580002     0.6242834329605103
113     -0.462588369846344      0.02613664045929909     0.1916979104280472     0.6463403105735779
114     -0.4629104733467102      0.02758132852613926     0.2029270827770233     0.6617928147315979
115     -0.4625966846942902      0.02602399885654449     0.1940520852804184     0.6477956771850586
116     -0.4633872509002686      0.03014535456895828     0.1893020868301392     0.6097778081893921
117     -0.4624250531196594      0.0280199758708477     0.1986770778894424     0.6369808316230774
118     -0.4633550643920898      0.0246246587485075     0.2034270763397217     0.6859086751937866
119     -0.4616763889789581      0.02893667109310627     0.1980312466621399     0.6198309063911438
120     -0.4629156589508057      0.02485197782516479     0.1949895769357681     0.6196460127830505
121     -0.4622484147548676      0.0238233283162117     0.2057291716337204     0.7088344097137451
122     -0.4625327587127686      0.02614531107246876     0.1957916617393494     0.7223399877548218
123     -0.4626453518867493      0.02772867120802402     0.2159479111433029     0.702903151512146
124     -0.4625605046749115      0.02426200173795223     0.1972708404064178     0.6119619011878967
125     -0.4635553658008575      0.02655864879488945     0.1892604231834412     0.6428031325340271
126     -0.4630293846130371      0.02666066773235798     0.2099374979734421     0.6151431202888489
127     -0.462067574262619      0.02654136903584003     0.2059583365917206     0.6908554434776306
128     -0.4622580111026764      0.02869468927383423     0.1985625028610229     0.6699309945106506
129     -0.4625402390956879      0.02999867312610149     0.2026041597127914     0.7667011618614197
130     -0.4630836248397827      0.03097000159323215     0.2091354131698608     0.6856986284255981
131     -0.4635963141918182      0.02678400091826916     0.2075208276510239     0.679033637046814
132     -0.4630434513092041      0.0260253194719553     0.1985625028610229     0.6787256002426147
133     -0.4621776938438416      0.02986599691212177     0.1802916675806046     0.7984567284584045
134     -0.4622282683849335      0.02571999840438366     0.1868750005960464     0.6874463558197021
135     -0.4626269638538361      0.02711733244359493     0.1998020857572556     0.5552577972412109
136     -0.4637390077114105      0.03037598729133606     0.2038854211568832     0.6810879111289978
137     -0.4620248079299927      0.02362333610653877     0.2017604112625122     0.5973592400550842
138     -0.4622319638729095      0.02737000584602356     0.2012916654348373     0.6190853118896484
139     -0.4620978236198425      0.02860134840011597     0.2058124989271164     0.7343751788139343
140     -0.4638828635215759      0.02987067215144634     0.1803333312273026     0.7170369625091553
141     -0.4648549854755402      0.02151933126151562     0.1801562458276749     0.6775739192962646
142     -0.463113397359848      0.02652131579816341     0.2010312527418137     0.6410673856735229
143     -0.4618789851665497      0.02586398646235466     0.1880104094743729     0.7347370386123657
144     -0.4627203047275543      0.02752865105867386     0.2165312469005585     0.7145953774452209
145     -0.4621195495128632      0.02535667642951012     0.203083336353302     0.6490814685821533
146     -0.4635789394378662      0.025213323533535     0.1948750019073486     0.6959952712059021
147     -0.4627383947372437      0.02897999621927738     0.1880625039339066     0.7797437310218811
148     -0.4642131626605988      0.02472066693007946     0.1889375001192093     0.7218204736709595
149     -0.4631746709346771      0.02678598463535309     0.1989583373069763     0.7529733180999756
150     -0.4623790979385376      0.02862065844237804     0.1906354129314423     0.7049157023429871
151     -0.4617230296134949      0.02620533667504787     0.1876875013113022     0.555237889289856
152     -0.4623764753341675      0.0276106670498848     0.2001979202032089     0.7085018157958984
153     -0.4649750590324402      0.02788533456623554     0.2111354172229767     0.7027651071548462
154     -0.4623271822929382      0.02468865551054478     0.1948541700839996     0.6135844588279724
155     -0.4632737934589386      0.02780934982001781     0.1921770870685577     0.6603065729141235
156     -0.463200569152832      0.02634267881512642     0.2056562453508377     0.7314900159835815
157     -0.4629134237766266      0.02446998655796051     0.1920416653156281     0.621320903301239
158     -0.4624227285385132      0.02871401980519295     0.2026666700839996     0.7295294404029846
159     -0.4638385772705078      0.0293833464384079     0.1865937560796738     0.6441696882247925
160     -0.4620526134967804      0.02880400605499744     0.1846354156732559     0.7030414938926697
161     -0.4626274704933167      0.03222867101430893     0.2021249979734421     0.6124271750450134
162     -0.4641644656658173      0.02579598501324654     0.207072913646698     0.6660667061805725
163     -0.463126540184021      0.0325079970061779     0.2078854143619537     0.637509286403656
164     -0.4634034335613251      0.02815597504377365     0.1963541656732559     0.6611128449440002
165     -0.4631010293960571      0.02943399362266064     0.1916354149580002     0.6563313603401184
166     -0.4624930322170258      0.02664664015173912     0.1993541717529297     0.6801452040672302
167     -0.463966965675354      0.02880999445915222     0.1835833340883255     0.6924020051956177
168     -0.4630201756954193      0.02478598617017269     0.1861979216337204     0.663779616355896
169     -0.4630750417709351      0.02397733367979527     0.1965312510728836     0.6556317210197449
170     -0.4629476368427277      0.02543533407151699     0.1938541680574417     0.6298667788505554
171     -0.4637174606323242      0.03087398782372475     0.2009687572717667     0.5800781846046448
172     -0.4619449377059937      0.02797534875571728     0.1888124942779541     0.7754643559455872
173     -0.4632855355739594      0.02839333936572075     0.1965000033378601     0.6768603324890137
174     -0.4622366428375244      0.02456667646765709     0.1859583407640457     0.6004161238670349
175     -0.4623070061206818      0.02520265989005566     0.1973333358764648     0.7739073634147644
176     -0.4634360671043396      0.0282679945230484     0.1935208290815353     0.703348696231842
177     -0.463190108537674      0.02584198676049709     0.1901041716337204     0.6672128438949585
178     -0.4628761410713196      0.03092869371175766     0.193572923541069     0.6404933929443359
179     -0.4623789489269257      0.03027065843343735     0.191322922706604     0.7210944294929504
180     -0.4629187881946564      0.02233333885669708     0.2094687521457672     0.6088005304336548
181     -0.4631366729736328      0.02981398813426495     0.2020729184150696     0.6278296113014221
182     -0.4640739858150482      0.03082399070262909     0.1834374964237213     0.6801745891571045
183     -0.4629363119602203      0.02848132513463497     0.189791664481163     0.6749433875083923
184     -0.4625604152679443      0.02385399676859379     0.1932083368301392     0.6250727772712708
185     -0.4639991819858551      0.02728668786585331     0.1823125034570694     0.6406612396240234
186     -0.4621370136737823      0.02732400968670845     0.1926458328962326     0.611566960811615
187     -0.4630435109138489      0.03049732372164726     0.216479167342186     0.6666986346244812
188     -0.4629053175449371      0.02604997344315052     0.2005729228258133     0.6574548482894897
189     -0.463093101978302      0.02703665941953659     0.2033958286046982     0.6590697765350342
190     -0.4614443778991699      0.03147602453827858     0.1979270875453949     0.6812233328819275
191     -0.4616186618804932      0.02300332114100456     0.1925208270549774     0.7336688637733459
192     -0.4643068015575409      0.02512466348707676     0.2173333317041397     0.6789394021034241
193     -0.4636105895042419      0.0251246765255928     0.2178229093551636     0.6855519413948059
194     -0.4640008807182312      0.0249653272330761     0.1893854141235352     0.6213335990905762
195     -0.4624670147895813      0.02387934550642967     0.1830937564373016     0.6617155075073242
196     -0.463107168674469      0.02628402039408684     0.207749992609024     0.7399267554283142
197     -0.4642242789268494      0.02572601102292538     0.2033645808696747     0.6768789291381836
198     -0.4634224474430084      0.0268413107842207     0.1889895796775818     0.7350172400474548
199     -0.4614337682723999      0.02496064268052578     0.1717083305120468     0.6938782334327698
200     -0.4624244868755341      0.02694203145802021     0.2021145820617676     0.7913831472396851
201     -0.463539719581604      0.02836664393544197     0.2019583284854889     0.6275542974472046
202     -0.4624142944812775      0.02964597009122372     0.2100416719913483     0.633394181728363
203     -0.4633862972259521      0.02935932204127312     0.1824374943971634     0.7235862612724304
204     -0.4620308876037598      0.028933335095644     0.1983750015497208     0.5631077885627747
205     -0.4627575576305389      0.02766865305602551     0.1971250027418137     0.6447731256484985
206     -0.4640515148639679      0.03070602752268314     0.1967916637659073     0.7033652067184448
207     -0.4620979130268097      0.02561399526894093     0.1851562559604645     0.7923051714897156
208     -0.463102251291275      0.02611401118338108     0.1971874982118607     0.7743487954139709
209     -0.4635697305202484      0.0272213239222765     0.1955104172229767     0.6713181138038635
210     -0.4630944132804871      0.02404800988733768     0.2146666646003723     0.6879619956016541
211     -0.4624473750591278      0.0259486511349678     0.1940937489271164     0.6413495540618896
212     -0.4629096388816833      0.02560199983417988     0.2066249996423721     0.6560850739479065
213     -0.4632577002048492      0.02513733692467213     0.2022500038146973     0.6431889533996582
214     -0.4625649452209473      0.02783264964818954     0.208770826458931     0.6035943031311035
215     -0.4625235199928284      0.02640865556895733     0.1942291706800461     0.716778576374054
216     -0.4631050527095795      0.0260433554649353     0.2052291631698608     0.7223326563835144
217     -0.4633748829364777      0.025608005002141     0.1833645850419998     0.7297760248184204
218     -0.4631035029888153      0.02417133376002312     0.1966249942779541     0.6149089932441711
219     -0.4643388986587524      0.02579199522733688     0.2002291679382324     0.6893002986907959
220     -0.4630126655101776      0.02748934179544449     0.218833327293396     0.637528657913208
221     -0.4639715552330017      0.0284540019929409     0.2068541646003723     0.6391114592552185
222     -0.4619841277599335      0.02631534822285175     0.183531254529953     0.7556590437889099
223     -0.4632552564144135      0.02482199855148792     0.2190729230642319     0.6396952271461487
224     -0.4619037210941315      0.02704001404345036     0.1909895837306976     0.7313114404678345
225     -0.4630650281906128      0.02725735306739807     0.194635421037674     0.588281512260437
226     -0.4636739492416382      0.02741202339529991     0.1904895901679993     0.7201700806617737
227     -0.4622280299663544      0.0258600115776062     0.1898645907640457     0.6668373346328735
228     -0.4626639485359192      0.02618733234703541     0.1825625002384186     0.6658599972724915
229     -0.4611101150512695      0.02942734025418758     0.194614589214325     0.5575966238975525
230     -0.4624511301517487      0.02933265268802643     0.2011875063180923     0.563671886920929
231     -0.4637134969234467      0.02852332033216953     0.181958332657814     0.7672713398933411
232     -0.4636106789112091      0.03052801080048084     0.2056666612625122     0.7844060659408569
233     -0.4638990759849548      0.0293186716735363     0.1870833337306976     0.7545892596244812
234     -0.4635466635227203      0.02772064134478569     0.1873437464237213     0.6922616958618164
235     -0.4630332887172699      0.02891001664102077     0.1986354142427444     0.6533327102661133
236     -0.4645246863365173      0.02950199693441391     0.1987812519073486     0.6553317308425903
237     -0.4639099538326263      0.02862335368990898     0.2033541649580002     0.7062308192253113
238     -0.4621364772319794      0.02167666703462601     0.1947291642427444     0.7027403712272644
239     -0.4639957249164581      0.02723198384046555     0.1833958327770233     0.6599711775779724
240     -0.463540643453598      0.02961800061166286     0.1994687467813492     0.6612591147422791
241     -0.4628475308418274      0.027225311845541     0.2032604217529297     0.7832227945327759
242     -0.4636912047863007      0.02655866183340549     0.1894374936819077     0.7298606634140015
243     -0.4625688791275024      0.02634468302130699     0.1974895894527435     0.5972633361816406
244     -0.4632996916770935      0.02915798127651215     0.2063020765781403     0.6353179812431335
245     -0.4619962573051453      0.02646932750940323     0.201510414481163     0.7772181034088135
246     -0.4643313884735107      0.0270140003412962     0.2017395794391632     0.6786842346191406
247     -0.4632173776626587      0.03104732744395733     0.1953125     0.719866156578064
248     -0.4626622796058655      0.02825000509619713     0.1943854093551636     0.6905659437179565
249     -0.4628636837005615      0.02590467035770416     0.2000416666269302     0.6380847692489624
250     -0.4633744359016418      0.02909933403134346     0.1967604160308838     0.6226043105125427
251     -0.4632891714572906      0.02292201481759548     0.1894270777702332     0.7911301851272583
252     -0.462928831577301      0.02969867177307606     0.1924687474966049     0.625470757484436
253     -0.4623113870620728      0.02702400274574757     0.2124479115009308     0.6602057814598083
254     -0.4624230265617371      0.02775996364653111     0.197010412812233     0.6930949091911316
255     -0.4628735780715942      0.02626733109354973     0.2075937539339066     0.7076795101165771
256     -0.4641061723232269      0.02723800204694271     0.2122291624546051     0.7058207988739014
257     -0.463613361120224      0.02733665518462658     0.2221562564373016     0.6768953204154968
258     -0.4631785154342651      0.0267300009727478     0.1948229223489761     0.7137818336486816
259     -0.4627695381641388      0.0224120058119297     0.1972187459468842     0.6396985054016113
260     -0.4617480337619781      0.02366465516388416     0.1886666715145111     0.6527466773986816
261     -0.4635677933692932      0.02937867678701878     0.1815520823001862     0.5981149077415466
262     -0.4630533754825592      0.02484267204999924     0.2051145881414413     0.731515645980835
263     -0.4631763100624084      0.02659731730818748     0.1931354105472565     0.6622603535652161
264     -0.4633722603321075      0.02906067110598087     0.1847812533378601     0.6970633268356323
265     -0.4634809494018555      0.02543064206838608     0.1824374943971634     0.6397585272789001
266     -0.4630583226680756      0.02679064869880676     0.2135104238986969     0.6846881508827209
267     -0.4626843333244324      0.02547798864543438     0.1962187439203262     0.6979376077651978
268     -0.4629723429679871      0.02699798904359341     0.2003541737794876     0.694350004196167
269     -0.4630210101604462      0.02625265531241894     0.2041250020265579     0.7057666182518005
270     -0.4626795649528503      0.03014400042593479     0.2016874998807907     0.5687355995178223
271     -0.4635724723339081      0.02629134431481361     0.2108229100704193     0.8036581873893738
272     -0.4629055559635162      0.02592131122946739     0.2076562494039536     0.6147683262825012
273     -0.4618767201900482      0.02587464451789856     0.1928437501192093     0.6525322198867798
274     -0.4623035490512848      0.02522999607026577     0.2123541682958603     0.6247655153274536
275     -0.463238537311554      0.02665535733103752     0.1890312433242798     0.662799596786499
276     -0.4642777442932129      0.02702599577605724     0.1849583387374878     0.6986691355705261
277     -0.462296187877655      0.02853401191532612     0.1896458268165588     0.6748441457748413
278     -0.463593065738678      0.02683665975928307     0.2023645788431168     0.7225604057312012
279     -0.4635621011257172      0.02567732520401478     0.1847395896911621     0.6424617767333984
280     -0.4612875282764435      0.0270999800413847     0.1942187547683716     0.72812819480896
281     -0.4628084599971771      0.02414798736572266     0.1925520896911621     0.7500630021095276
282     -0.4632830917835236      0.03180264681577682     0.2168125063180923     0.6248092651367188
283     -0.4644237756729126      0.02744867466390133     0.2150729149580002     0.5660181641578674
284     -0.4635595679283142      0.0294259674847126     0.1586979180574417     0.733061671257019
285     -0.4626835882663727      0.02905334159731865     0.1992291659116745     0.6738074421882629
286     -0.4636948108673096      0.02760403417050838     0.1959583312273026     0.6568381786346436
287     -0.4628494083881378      0.0311973262578249     0.1951562464237213     0.7072281837463379
288     -0.4624878466129303      0.0277900043874979     0.1954479217529297     0.6944969892501831
289     -0.4631196558475494      0.0254406426101923     0.1911250054836273     0.676522970199585
290     -0.4640388488769531      0.03046398609876633     0.1892708390951157     0.6623105406761169
291     -0.462704062461853      0.02699066326022148     0.196885421872139     0.5598524212837219
292     -0.4617702960968018      0.02444936335086823     0.1973854154348373     0.6134195923805237
293     -0.4638051688671112      0.02677469700574875     0.1884166598320007     0.6969000697135925
294     -0.4630988836288452      0.02253599092364311     0.1936041712760925     0.6661138534545898
295     -0.4623530209064484      0.030455332249403     0.2061979174613953     0.686579167842865
296     -0.462388664484024      0.02792133763432503     0.2029062509536743     0.7522983551025391
297     -0.4617956578731537      0.03174330666661263     0.1960729211568832     0.6923344135284424
298     -0.4627437889575958      0.02453066222369671     0.2003124952316284     0.7218950390815735
299     -0.4632183313369751      0.0304433424025774     0.2023333311080933     0.6750989556312561
300     -0.4629961252212524      0.02759868092834949     0.1869479119777679     0.6243566870689392
301     -0.4626424908638      0.02644801326096058     0.1935208290815353     0.7050381898880005
302     -0.4643246531486511      0.02752935513854027     0.2077187448740005     0.6889389753341675
303     -0.463263988494873      0.03077667579054832     0.2009791731834412     0.6813493371009827
304     -0.4624992311000824      0.02540132403373718     0.1954166740179062     0.7031842470169067
305     -0.4632949233055115      0.02627800218760967     0.1882604211568832     0.7552661299705505
306     -0.4629461169242859      0.02717733941972256     0.1869270801544189     0.6586008071899414
307     -0.462323397397995      0.0274733304977417     0.1928749978542328     0.6855689883232117
308     -0.4632779061794281      0.02816065028309822     0.1787395775318146     0.6909677982330322
309     -0.460940808057785      0.02941798232495785     0.2026666700839996     0.6314470767974854
310     -0.4637459814548492      0.02895533293485641     0.1900416612625122     0.7022849917411804
311     -0.4643829762935638      0.02648267708718777     0.2014791667461395     0.8060480356216431
312     -0.4632698893547058      0.02835064008831978     0.2048541605472565     0.6592796444892883
313     -0.4638595283031464      0.02948133088648319     0.1873749941587448     0.6484927535057068
314     -0.4629780650138855      0.03202667832374573     0.181999996304512     0.6822500228881836
315     -0.4638939499855042      0.02728268690407276     0.1984687447547913     0.670685887336731
316     -0.4624992311000824      0.02315334603190422     0.19921875     0.6907566785812378
317     -0.4633935987949371      0.0251699835062027     0.1982916593551636     0.6658331155776978
318     -0.4628656506538391      0.02580132335424423     0.1931979209184647     0.6808593273162842
319     -0.4634703099727631      0.02822532318532467     0.2104062438011169     0.6064757704734802
320     -0.4634275436401367      0.02757067792117596     0.2004583328962326     0.6513438820838928
321     -0.4617856442928314      0.02860264107584953     0.1853958368301392     0.6772611737251282
322     -0.4637724161148071      0.02309400215744972     0.1949895769357681     0.7540086507797241
323     -0.4630683064460754      0.0270073376595974     0.1921875029802322     0.7561797499656677
324     -0.4624992311000824      0.02668132074177265     0.1903229206800461     0.6880797743797302
325     -0.4631289541721344      0.02636398375034332     0.2064583301544189     0.6419442892074585
326     -0.4630559086799622      0.02779131568968296     0.1964479237794876     0.6636373400688171
327     -0.4646607339382172      0.02835797145962715     0.1906458288431168     0.6350430250167847
328     -0.4623734652996063      0.02660864591598511     0.1963229179382324     0.7355278134346008
329     -0.4618990421295166      0.02860866859555244     0.1989687532186508     0.7091878056526184
330     -0.4632652699947357      0.03089931979775429     0.1930104196071625     0.6032580733299255
331     -0.4629257321357727      0.02618465200066566     0.1973125040531158     0.6644362807273865
332     -0.4629064798355103      0.02470266260206699     0.1932500004768372     0.6224440336227417
333     -0.4614978134632111      0.02506267093122005     0.207708328962326     0.6761276721954346
334     -0.4613609313964844      0.02922466769814491     0.1861562430858612     0.6932172775268555
335     -0.4630790650844574      0.0281360037624836     0.2067604213953018     0.6228964328765869
336     -0.4629650115966797      0.02698000892996788     0.1845416724681854     0.6737621426582336
337     -0.4642066359519958      0.02918733470141888     0.1870625019073486     0.6974897384643555
338     -0.4622392952442169      0.0249653235077858     0.1889062523841858     0.7460735440254211
339     -0.4622763991355896      0.0264806617051363     0.1852395832538605     0.6350542902946472
340     -0.4626469314098358      0.02744468487799168     0.1920208334922791     0.7092887163162231
341     -0.4614784717559814      0.02445532754063606     0.1896041631698608     0.6925703883171082
342     -0.4633032083511353      0.03133599460124969     0.2019270807504654     0.7072934508323669
343     -0.4628416001796722      0.02652465552091599     0.1982916593551636     0.694850742816925
344     -0.4634841680526733      0.02972934022545815     0.1943020820617676     0.7103793025016785
345     -0.4618409276008606      0.03161065652966499     0.1991458386182785     0.7181680798530579
346     -0.4630100131034851      0.02683199569582939     0.2133645862340927     0.7304306626319885
347     -0.4622861742973328      0.03010735660791397     0.201552078127861     0.6217554807662964
348     -0.462378054857254      0.02657001279294491     0.2117291688919067     0.722117006778717
349     -0.4626827836036682      0.02192199975252151     0.1921354234218597     0.7366350889205933
350     -0.4618061482906342      0.0244426466524601     0.193083330988884     0.6744168996810913
351     -0.4617055654525757      0.0232793502509594     0.1839791685342789     0.5569184422492981
352     -0.4625289738178253      0.02324199117720127     0.2020000070333481     0.7789521217346191
353     -0.4620928466320038      0.02936198376119137     0.2213437557220459     0.7152892351150513
354     -0.4629197120666504      0.02769065089523792     0.1886875033378601     0.6819028258323669
355     -0.4621380269527435      0.0273333340883255     0.208604171872139     0.6740368008613586
356     -0.4631417989730835      0.02920665219426155     0.2002083361148834     0.7286141514778137
357     -0.4629485309123993      0.02355665899813175     0.1807604134082794     0.6588494777679443
358     -0.4640776515007019      0.02959270030260086     0.2051979154348373     0.6337265372276306
359     -0.4615401923656464      0.02800065092742443     0.1881145834922791     0.6458688378334045
360     -0.463117241859436      0.02353531867265701     0.185760423541069     0.6415095329284668
361     -0.4621822237968445      0.02482464350759983     0.181979164481163     0.6226190328598022
362     -0.4620993137359619      0.02241731993854046     0.2115208357572556     0.6387820839881897
363     -0.4638807773590088      0.02822401188313961     0.1964062452316284     0.575276792049408
364     -0.4635266661643982      0.0292606707662344     0.2152916640043259     0.7297958731651306
365     -0.4627681970596313      0.02778733894228935     0.20157290995121     0.6302378177642822
366     -0.4623516499996185      0.02695600688457489     0.1903645843267441     0.6205971837043762
367     -0.4630331695079803      0.02528599835932255     0.1987291723489761     0.6634023785591125
368     -0.4632513821125031      0.02747864834964275     0.178968757390976     0.6880691647529602
369     -0.462893158197403      0.0268293172121048     0.1893645823001862     0.6668999195098877
370     -0.4632996916770935      0.02770334668457508     0.1933020800352097     0.6908371448516846
371     -0.4639430046081543      0.02833863906562328     0.2107604146003723     0.6499828100204468
372     -0.4633552730083466      0.02676199562847614     0.1938645839691162     0.6461154222488403
373     -0.463780552148819      0.02921132184565067     0.2016874998807907     0.7166638374328613
374     -0.4632090926170349      0.02805132605135441     0.203125     0.693341076374054
375     -0.4626593291759491      0.03067730739712715     0.2139895856380463     0.5984178781509399
376     -0.4623568058013916      0.02748933248221874     0.1945729106664658     0.6933891773223877
377     -0.4636742472648621      0.02915867418050766     0.1900416612625122     0.6780685782432556
378     -0.4622520804405212      0.02831799536943436     0.1996770799160004     0.6300790309906006
379     -0.4634661078453064      0.02682534046471119     0.2185937464237213     0.68183833360672
380     -0.4630142748355865      0.02856199070811272     0.192083328962326     0.7661199569702148
381     -0.4637918174266815      0.02951597608625889     0.1806666702032089     0.7260900735855103
382     -0.462856113910675      0.02633066475391388     0.1747500002384186     0.6277528405189514
383     -0.4632731974124908      0.02858064696192741     0.2054270803928375     0.6816058754920959
384     -0.4637590050697327      0.03053266927599907     0.1973333358764648     0.7733145952224731
385     -0.4631889760494232      0.02557534351944923     0.1946979165077209     0.6866552829742432
386     -0.4628528952598572      0.03025000542402267     0.1796562522649765     0.6465180516242981
387     -0.4620713293552399      0.02948935702443123     0.1945520788431168     0.5977572202682495
388     -0.4634949564933777      0.02219131030142307     0.2060833275318146     0.6682841777801514
389     -0.4629181027412415      0.02988798543810844     0.2058437466621399     0.6092562079429626
390     -0.4631592929363251      0.02582734450697899     0.1930729150772095     0.6683799028396606
391     -0.463385671377182      0.02772737108170986     0.2096250057220459     0.6586808562278748
392     -0.4632834494113922      0.02515732124447823     0.1933645904064178     0.6971892714500427
393     -0.4634014964103699      0.02640999108552933     0.2015416622161865     0.670747697353363
394     -0.4638155996799469      0.02817066013813019     0.1966562569141388     0.7603383660316467
395     -0.4614397883415222      0.02471932023763657     0.2056562453508377     0.6840777993202209
396     -0.4620065093040466      0.02589797973632812     0.19686459004879     0.6511107087135315
397     -0.4623354077339172      0.02540531940758228     0.190729171037674     0.7617473006248474
398     -0.4622690081596375      0.03111534938216209     0.1994791626930237     0.621358335018158
399     -0.4625385403633118      0.02478200569748878     0.1938645839691162     0.6563956141471863
400     -0.4630402326583862      0.02653933130204678     0.2136979103088379     0.6953780055046082
401     -0.4638325870037079      0.03073801100254059     0.1939791738986969     0.6787756085395813
402     -0.4625081717967987      0.0300606545060873     0.2032812535762787     0.6755321621894836
403     -0.46343994140625      0.02757333032786846     0.2015833407640457     0.6595395803451538
404     -0.463047981262207      0.02713466063141823     0.2151458263397217     0.6984899640083313
405     -0.46318119764328      0.02885865792632103     0.1965624988079071     0.70807284116745
406     -0.4640572369098663      0.02652134746313095     0.1891874969005585     0.742237389087677
407     -0.4621388018131256      0.02532199583947659     0.1839479207992554     0.7442516088485718
408     -0.4630841016769409      0.02952799387276173     0.1903541684150696     0.6506466269493103
409     -0.4640262424945831      0.02317199483513832     0.1967500001192093     0.6648250818252563
410     -0.4632711708545685      0.02674001827836037     0.1981666684150696     0.633785605430603
411     -0.4623968899250031      0.02615666016936302     0.1954791694879532     0.7123789191246033
412     -0.4631215333938599      0.02646064572036266     0.1905416697263718     0.6531820297241211
413     -0.4632419943809509      0.0276753306388855     0.1830520778894424     0.6179624795913696
414     -0.4630393981933594      0.02881931513547897     0.1920520812273026     0.6782369613647461
415     -0.4627909064292908      0.02912932075560093     0.2008854150772095     0.6327721476554871
416     -0.4639917016029358      0.02744135446846485     0.2060312479734421     0.6618132591247559
417     -0.4634742736816406      0.02909263409674168     0.1970416605472565     0.7045764923095703
418     -0.462517261505127      0.02651599794626236     0.1964687556028366     0.6482829451560974
419     -0.4629856050014496      0.02511601336300373     0.1989895850419998     0.7125971913337708
420     -0.4637659788131714      0.02715867385268211     0.2087812572717667     0.7091528177261353
421     -0.4629503190517426      0.02264402061700821     0.2028854191303253     0.6478425860404968
422     -0.4623726904392242      0.02596401795744896     0.1860624998807907     0.7258516550064087
423     -0.462195098400116      0.0267340112477541     0.1880104094743729     0.6390178203582764
424     -0.4627579748630524      0.02777598612010479     0.1985520869493484     0.6805031299591064
425     -0.4640323519706726      0.02705799601972103     0.1872916668653488     0.641825795173645
426     -0.4630293846130371      0.0263866875320673     0.2034375071525574     0.7405916452407837
427     -0.4636785387992859      0.02644932642579079     0.1820104122161865     0.7321988940238953
428     -0.4616169929504395      0.02903934009373188     0.2013541609048843     0.6729782223701477
429     -0.4639300405979156      0.03162136301398277     0.1932708323001862     0.6917633414268494
430     -0.4634283483028412      0.02614466845989227     0.1806250065565109     0.6466678380966187
431     -0.4625339806079865      0.02588733844459057     0.1920104175806046     0.6654532551765442
432     -0.4632672667503357      0.02768867835402489     0.1861562430858612     0.755755603313446
433     -0.4616506397724152      0.02883998863399029     0.2114791721105576     0.665935754776001
434     -0.4639865458011627      0.02790665999054909     0.1788958311080933     0.6193677186965942
435     -0.462720513343811      0.03114999085664749     0.1913125067949295     0.6543659567832947
436     -0.4636296927928925      0.02660469897091389     0.1962604224681854     0.6904487013816833
437     -0.4618804454803467      0.0297186616808176     0.1917916685342789     0.660276472568512
438     -0.4635077714920044      0.02731068432331085     0.1988958269357681     0.7602907419204712
439     -0.4626965820789337      0.02416467294096947     0.2032812535762787     0.6339895129203796
440     -0.4623721539974213      0.02673066034913063     0.2011458277702332     0.759187638759613
441     -0.4624072313308716      0.03114933706820011     0.1969583332538605     0.7212110757827759
442     -0.4620879292488098      0.023984020575881     0.189708337187767     0.7477011680603027
443     -0.4622528553009033      0.02509932033717632     0.1884895861148834     0.6473135352134705
444     -0.4645485579967499      0.02745266258716583     0.1944166719913483     0.6348879933357239
445     -0.463222861289978      0.0286139864474535     0.1927604228258133     0.7051389813423157
446     -0.4628677070140839      0.0280473381280899     0.2032187432050705     0.840644359588623
447     -0.4626597762107849      0.02518598921597004     0.2007395774126053     0.6884697079658508
448     -0.4637797772884369      0.02796933427453041     0.1910208314657211     0.6706530451774597
449     -0.4632784724235535      0.02545199915766716     0.1994895786046982     0.7076456546783447
450     -0.4625494778156281      0.02458601444959641     0.1825520843267441     0.6279987096786499
451     -0.4625678360462189      0.02782198414206505     0.1984374970197678     0.6317799091339111
452     -0.4640555381774902      0.02503932453691959     0.1788125038146973     0.6878105401992798
453     -0.462149977684021      0.02881600148975849     0.189687505364418     0.6568966507911682
454     -0.4626830518245697      0.02507000975310802     0.194614589214325     0.6444524526596069
455     -0.4630728662014008      0.02799799852073193     0.211656242609024     0.712785005569458
456     -0.4630436301231384      0.02891467325389385     0.1957916617393494     0.6223459839820862
457     -0.462592601776123      0.02902666293084621     0.2021145820617676     0.655303955078125
458     -0.4630153477191925      0.02882201969623566     0.2340416610240936     0.7186295390129089
459     -0.4633584022521973      0.02677400037646294     0.1952083259820938     0.6994038224220276
460     -0.4630148112773895      0.02327467687427998     0.1822291612625122     0.6873393654823303
461     -0.4633420407772064      0.02384798228740692     0.2066770792007446     0.6643123626708984
462     -0.4632985889911652      0.02523199655115604     0.1971562504768372     0.7758657336235046
463     -0.4616529941558838      0.029708007350564     0.2105000019073486     0.6822113394737244
464     -0.4644149541854858      0.03152066469192505     0.1966770887374878     0.6075009703636169
465     -0.4626303613185883      0.02355198748409748     0.2048854231834412     0.698207676410675
466     -0.4645937383174896      0.0322900079190731     0.2044374942779541     0.70481276512146
467     -0.4632564783096313      0.02680467814207077     0.196010410785675     0.6111822724342346
468     -0.4624906480312347      0.02405334450304508     0.1865416616201401     0.7418932914733887
469     -0.4615732729434967      0.02485265396535397     0.1931562572717667     0.7210644483566284
470     -0.4643575847148895      0.0271393246948719     0.2046875059604645     0.7059677839279175
471     -0.4628293812274933      0.02706000953912735     0.1899270862340927     0.6307761073112488
472     -0.4640668928623199      0.02873200178146362     0.191322922706604     0.756441593170166
473     -0.4613359868526459      0.02464066818356514     0.1805937439203262     0.6262801289558411
474     -0.4630127251148224      0.0272119976580143     0.1989791691303253     0.6820607781410217
475     -0.4635398685932159      0.03177600726485252     0.2029374986886978     0.5762237906455994
476     -0.4615644216537476      0.02792933210730553     0.2091249972581863     0.6432845592498779
477     -0.4632036685943604      0.02502798289060593     0.189072921872139     0.693510890007019
478     -0.4629303514957428      0.02723330445587635     0.2006354182958603     0.7015563249588013
479     -0.4637045860290527      0.02840531431138515     0.1825729161500931     0.6682420372962952
480     -0.4630990922451019      0.02794267982244492     0.1975729167461395     0.6980541348457336
481     -0.4628695845603943      0.0299286674708128     0.1946875005960464     0.6885289549827576
482     -0.4617898762226105      0.02705734223127365     0.1963333338499069     0.6891100406646729
483     -0.4632670879364014      0.03077866695821285     0.193739578127861     0.6337988972663879
484     -0.4634440839290619      0.02531398274004459     0.1957395821809769     0.7061430811882019
485     -0.4629100859165192      0.02495733834803104     0.1935520768165588     0.6662755012512207
486     -0.4624397456645966      0.02616999484598637     0.2064999938011169     0.6999750733375549
487     -0.4624271094799042      0.02606934122741222     0.1863229125738144     0.6692990064620972
488     -0.4641684591770172      0.02801398746669292     0.2007395774126053     0.753322422504425
489     -0.4630911350250244      0.02333932183682919     0.1986458301544189     0.7705227136611938
490     -0.4634401798248291      0.02544465102255344     0.2036249935626984     0.6974934935569763
491     -0.4632863402366638      0.02935734763741493     0.1956875026226044     0.60140061378479
492     -0.4625286459922791      0.02969265729188919     0.195395827293396     0.6335694789886475
493     -0.4620522558689117      0.02807268314063549     0.1968020796775818     0.6513547897338867
494     -0.4633744359016418      0.02976333163678646     0.1844374984502792     0.6419218182563782
495     -0.4631339609622955      0.02619465067982674     0.1839062571525574     0.6793552041053772
496     -0.4622594118118286      0.02555134333670139     0.2167395800352097     0.7882013320922852
497     -0.4624512791633606      0.02868067100644112     0.1901562511920929     0.6027064323425293
498     -0.4628803431987762      0.030323326587677     0.1979791671037674     0.6436930894851685
499     -0.463487982749939      0.03130466490983963     0.2016562521457672     0.6941790580749512
500     -0.4624272584915161      0.03003597818315029     0.193572923541069     0.7146082520484924
501     -0.462929368019104      0.02970864437520504     0.198541671037674     0.6957963109016418
502     -0.4627903997898102      0.02576599083840847     0.1834687441587448     0.6513206362724304
503     -0.4636067748069763      0.027193333953619     0.2080312520265579     0.7347222566604614
504     -0.4628428220748901      0.02638067118823528     0.208770826458931     0.6902133822441101
505     -0.4626129567623138      0.02589666657149792     0.1978854238986969     0.6028064489364624
506     -0.4630952477455139      0.02834866568446159     0.1883645802736282     0.5981767177581787
507     -0.4625434577465057      0.02708199061453342     0.1889270842075348     0.7615870833396912
508     -0.4640155136585236      0.02595398016273975     0.1946875005960464     0.6438521146774292
509     -0.4636131525039673      0.03117865510284901     0.1861770898103714     0.674648106098175
510     -0.4623443484306335      0.02480198442935944     0.2094479203224182     0.616561233997345
511     -0.4624630510807037      0.02715197019279003     0.1948437541723251     0.743956446647644
512     -0.4635089039802551      0.02968867681920528     0.1994895786046982     0.650664746761322
513     -0.462579071521759      0.02746130712330341     0.185906246304512     0.7517325878143311
514     -0.4629162549972534      0.03072268702089787     0.1938541680574417     0.7351500391960144
515     -0.4631280899047852      0.02371802181005478     0.2173020839691162     0.7743082642555237
516     -0.462887704372406      0.03124399855732918     0.1939895898103714     0.7237040400505066
517     -0.4633601009845734      0.03127267211675644     0.1929374933242798     0.682392418384552
518     -0.4635781645774841      0.02636065892875195     0.1984687447547913     0.6054633259773254
519     -0.4635681509971619      0.02851068787276745     0.1838229149580002     0.6410914063453674
520     -0.4642246067523956      0.02760934270918369     0.1811562478542328     0.7118281126022339
521     -0.4621128439903259      0.02742866054177284     0.1928333342075348     0.5993090867996216
522     -0.4631676971912384      0.02496733330190182     0.1957083344459534     0.7035079598426819
523     -0.4623613953590393      0.02513265796005726     0.1882916688919067     0.6463808417320251
524     -0.4616099298000336      0.02662334777414799     0.2045937478542328     0.5459033250808716
525     -0.4627436101436615      0.02563265524804592     0.1983541697263718     0.6515649557113647
526     -0.4622371792793274      0.02524666115641594     0.2094583362340927     0.6276699304580688
527     -0.4636634588241577      0.02742867358028889     0.189750000834465     0.6349822282791138
528     -0.4620707929134369      0.0277733076363802     0.1983229219913483     0.6634262204170227
529     -0.4633082151412964      0.02592800930142403     0.1891458332538605     0.594645082950592
530     -0.4623044729232788      0.02552134916186333     0.1999479234218597     0.6271327137947083
531     -0.4632190763950348      0.0249853041023016     0.1867187470197678     0.6394546031951904
532     -0.4620761573314667      0.02533799782395363     0.1797812432050705     0.6886624097824097
533     -0.4620523154735565      0.02980137057602406     0.1922499984502792     0.6474703550338745
534     -0.4620672464370728      0.02521001175045967     0.2005416601896286     0.5574480891227722
535     -0.4631560742855072      0.03253398835659027     0.1877708286046982     0.7341856360435486
536     -0.4629911184310913      0.02400934137403965     0.1895312517881393     0.6631317734718323
537     -0.4628883898258209      0.02520532719790936     0.2036041617393494     0.6745526194572449
538     -0.4631305634975433      0.0270506739616394     0.2135729193687439     0.6547014713287354
539     -0.4633024036884308      0.02423598244786263     0.1999583393335342     0.6005842089653015
540     -0.4625001549720764      0.02790933474898338     0.1889375001192093     0.7673635482788086
541     -0.4622875154018402      0.02502668276429176     0.1912291646003723     0.6768813729286194
542     -0.4630802869796753      0.02538532763719559     0.1939583271741867     0.6113485097885132
543     -0.4622805714607239      0.03002730570733547     0.1965937465429306     0.6826735138893127
544     -0.4627703726291656      0.02684998326003551     0.1934062540531158     0.6617751121520996
545     -0.4634395837783813      0.02924000471830368     0.1956562548875809     0.7401077747344971
546     -0.4613813161849976      0.02504465915262699     0.1956354230642319     0.6694155931472778
547     -0.4639418125152588      0.0261860154569149     0.1853958368301392     0.734385073184967
548     -0.4631098508834839      0.02714667282998562     0.2132395803928375     0.6847133040428162
549     -0.4640526175498962      0.02671132422983646     0.1947604119777679     0.688488781452179
550     -0.4625730812549591      0.02618000470101833     0.2099999934434891     0.7185285091400146
551     -0.4627976417541504      0.02165266126394272     0.1809895783662796     0.6682369709014893
552     -0.4620555341243744      0.02497467026114464     0.1952395886182785     0.6294036507606506
553     -0.4626822471618652      0.02302934043109417     0.1857499927282333     0.6448280215263367
554     -0.4640659093856812      0.02942266315221786     0.2135729193687439     0.7090355753898621
555     -0.4628246128559113      0.02600599452853203     0.1951666623353958     0.6932018399238586
556     -0.4622860550880432      0.02756134234368801     0.2004166692495346     0.6867929100990295
557     -0.4627078771591187      0.02704000286757946     0.1926354169845581     0.6156954765319824
558     -0.4637498259544373      0.02654602751135826     0.2169270813465118     0.6458965539932251
559     -0.4638651013374329      0.02564867399632931     0.1938437521457672     0.6987002491950989
560     -0.4640331566333771      0.02964130602777004     0.1980208307504654     0.6866891384124756
561     -0.4627091586589813      0.02390200272202492     0.1952083259820938     0.6503454446792603
562     -0.4626776874065399      0.02928066812455654     0.1988749951124191     0.690910816192627
563     -0.4630362689495087      0.02813334390521049     0.2150104194879532     0.6795592308044434
564     -0.4617511034011841      0.02502398192882538     0.2014791667461395     0.7073690295219421
565     -0.4613718390464783      0.02625800669193268     0.189197912812233     0.6461117267608643
566     -0.4635579884052277      0.02714132890105247     0.2007395774126053     0.6203616857528687
567     -0.4634892642498016      0.03092066943645477     0.1981354206800461     0.7607689499855042
568     -0.4616848528385162      0.02907264232635498     0.1899166703224182     0.688348650932312
569     -0.4621299505233765      0.02567665837705135     0.1803437471389771     0.7390730977058411
570     -0.4646284580230713      0.02706333249807358     0.1972291618585587     0.6678950190544128
571     -0.462008535861969      0.02694999985396862     0.2063958346843719     0.6181308031082153
572     -0.4632810354232788      0.02682197652757168     0.1776250004768372     0.6875348091125488
573     -0.4626584947109222      0.02883667685091496     0.195250004529953     0.6920115351676941
574     -0.4624977707862854      0.02606000937521458     0.1877812445163727     0.6437007784843445
575     -0.4638064503669739      0.02657733485102654     0.2038645893335342     0.6420290470123291
576     -0.4631026685237885      0.02332397177815437     0.1954375058412552     0.617759644985199
577     -0.4618278741836548      0.02877269312739372     0.1942291706800461     0.6750158071517944
578     -0.4625530540943146      0.02756999991834164     0.1864583343267441     0.6941126585006714
579     -0.4624263644218445      0.02318865619599819     0.1838437467813492     0.7467653155326843
580     -0.4625584781169891      0.02402335591614246     0.1984062492847443     0.6497878432273865
581     -0.4630884230136871      0.02722465991973877     0.227260410785675     0.725068211555481
582     -0.4635747969150543      0.0278099924325943     0.2003541737794876     0.6885190606117249
583     -0.4638999104499817      0.02498401142656803     0.1847708374261856     0.7132136225700378
584     -0.4631088078022003      0.0265519991517067     0.188197910785675     0.7306501269340515
585     -0.4635942876338959      0.02870467863976955     0.1799895763397217     0.644785463809967
586     -0.463118702173233      0.02774999476969242     0.1940312534570694     0.6559500694274902
587     -0.4637219309806824      0.02701399475336075     0.1983958333730698     0.6523038148880005
588     -0.4635545313358307      0.02490600757300854     0.2065937519073486     0.6925352215766907
589     -0.4619942307472229      0.02804731018841267     0.2013437449932098     0.6681164503097534
590     -0.4626450538635254      0.02871468104422092     0.2083124965429306     0.7050702571868896
591     -0.4628702700138092      0.02441330999135971     0.1883437484502792     0.6330191493034363
592     -0.4625988900661469      0.02333667688071728     0.193718746304512     0.5844576954841614
593     -0.4621677100658417      0.03137402236461639     0.1971458345651627     0.64703768491745
594     -0.4618771970272064      0.02798466756939888     0.2038541734218597     0.6955184936523438
595     -0.4630303680896759      0.02803333848714828     0.1898958384990692     0.6297031044960022
596     -0.4616261720657349      0.03148466721177101     0.2007083296775818     0.668774425983429
597     -0.4627813696861267      0.02644800394773483     0.1976562440395355     0.5905846953392029
598     -0.4620019197463989      0.02495599165558815     0.1879687458276749     0.6572977900505066
599     -0.4622173607349396      0.02254665829241276     0.197562500834465     0.6530566811561584
600     -0.4622434377670288      0.02855666354298592     0.1784687489271164     0.6546317338943481
601     -0.4626855552196503      0.02678601630032063     0.1884166598320007     0.6708610653877258
602     -0.4633654057979584      0.02718203142285347     0.1938958317041397     0.6729955077171326
603     -0.4631640911102295      0.02298934198915958     0.1911041736602783     0.6879858374595642
604     -0.4620389044284821      0.02925134263932705     0.2032916694879532     0.6633962392807007
605     -0.462498277425766      0.02956532500684261     0.1947291642427444     0.6418792605400085
606     -0.4635931849479675      0.02350600436329842     0.1868750005960464     0.6727036237716675
607     -0.4634523093700409      0.02544933371245861     0.1833020895719528     0.6881114840507507
608     -0.4628418385982513      0.02653734013438225     0.1850312501192093     0.7169424891471863
609     -0.4621638059616089      0.03265000507235527     0.1906354129314423     0.6880537271499634
610     -0.4619320034980774      0.02790665999054909     0.1893229186534882     0.7213829755783081
611     -0.4618115127086639      0.02976400032639503     0.1944062560796738     0.6603469848632812
612     -0.4633005857467651      0.022018663585186     0.1821874976158142     0.7116061449050903
613     -0.4631944298744202      0.02864265255630016     0.2096458375453949     0.666793167591095
614     -0.4637243747711182      0.03040733002126217     0.1854479163885117     0.637154221534729
615     -0.46388179063797      0.02985399588942528     0.1953854113817215     0.6490043997764587
616     -0.4632031321525574      0.02919267863035202     0.2066249996423721     0.6376273632049561
617     -0.4629844427108765      0.0270786490291357     0.2099062502384186     0.7325370907783508
618     -0.4631450176239014      0.02717799320816994     0.2015833407640457     0.6293818354606628
619     -0.4628286063671112      0.0283999964594841     0.1954791694879532     0.6341392397880554
620     -0.4631767570972443      0.02736134082078934     0.1743749976158142     0.6872815489768982
621     -0.4625413715839386      0.03031533770263195     0.2040937542915344     0.7215691804885864
622     -0.4630822837352753      0.02630265988409519     0.2234687507152557     0.68105548620224
623     -0.4631500542163849      0.0266906451433897     0.1699687540531158     0.6693031787872314
624     -0.4625471234321594      0.02834266237914562     0.1942500025033951     0.5952418446540833
625     -0.4623871743679047      0.03098598681390285     0.1997083276510239     0.6239450573921204
626     -0.4630118012428284      0.02683066017925739     0.2018020898103714     0.7112489342689514
627     -0.4631493389606476      0.02490998804569244     0.1965624988079071     0.6596459746360779
628     -0.4616511762142181      0.02528733015060425     0.1931979209184647     0.6289395093917847
629     -0.4615918099880219      0.02523932605981827     0.1958750039339066     0.6875942349433899
630     -0.4630994200706482      0.02909997291862965     0.1940000057220459     0.6572846174240112
631     -0.4651022851467133      0.02971131913363934     0.185885414481163     0.6347387433052063
632     -0.4634130597114563      0.02622466534376144     0.2011666595935822     0.6599328517913818
633     -0.4639185070991516      0.02645198814570904     0.2121979147195816     0.6535306572914124
634     -0.4623700082302094      0.03076866827905178     0.1941354125738144     0.6640328168869019
635     -0.4634457528591156      0.02733132429420948     0.193697914481163     0.7377541661262512
636     -0.4620207846164703      0.03047667443752289     0.1973541676998138     0.6315487623214722
637     -0.4631753861904144      0.02963200397789478     0.1955624967813492     0.6695784330368042
638     -0.4642483294010162      0.02632998861372471     0.1876250058412552     0.6646634340286255
639     -0.4617729187011719      0.02537399530410767     0.1837708353996277     0.6729560494422913
640     -0.4635785818099976      0.0247053150087595     0.1988020837306976     0.6366375684738159
641     -0.4624001979827881      0.02992931380867958     0.1889062523841858     0.6510837078094482
642     -0.4635258316993713      0.0267459973692894     0.2007291615009308     0.6956137418746948
643     -0.4639325737953186      0.02621467411518097     0.1777083277702332     0.7197188138961792
644     -0.4630318880081177      0.02756132185459137     0.1931979209184647     0.6256744861602783
645     -0.4630640149116516      0.02172264829277992     0.1954895853996277     0.6412920951843262
646     -0.4624447822570801      0.03109066747128963     0.1979479193687439     0.6967473030090332
647     -0.4618684053421021      0.0279273297637701     0.1950729191303253     0.7468892931938171
648     -0.4631693065166473      0.02831399813294411     0.2124062478542328     0.5920754671096802
649     -0.4623370766639709      0.02817198261618614     0.1938437521457672     0.7119457721710205
650     -0.4634274840354919      0.02915465459227562     0.1898958384990692     0.7276948094367981
651     -0.463731050491333      0.02535464242100716     0.1832187473773956     0.7582246661186218
652     -0.4644224345684052      0.02597667276859283     0.2119791656732559     0.7073411345481873
653     -0.4628403782844543      0.02368267811834812     0.2081041634082794     0.7384898066520691
654     -0.4635839760303497      0.02519265562295914     0.1989583373069763     0.7515758275985718
655     -0.4626794159412384      0.02915864624083042     0.1923958361148834     0.7128491401672363
656     -0.4630484879016876      0.0288819894194603     0.1775416731834412     0.7004837989807129
657     -0.4633682072162628      0.02468198724091053     0.1950625032186508     0.7342985272407532
658     -0.4625318050384521      0.03052998334169388     0.2004687488079071     0.7018510699272156
659     -0.4624297618865967      0.02541668154299259     0.2092916667461395     0.7028841972351074
660     -0.4627915918827057      0.02778597176074982     0.1920000016689301     0.669442892074585
661     -0.4624438881874084      0.02852597273886204     0.1939791738986969     0.6170251369476318
662     -0.4621529281139374      0.02749866060912609     0.1971979141235352     0.673901379108429
663     -0.4630083739757538      0.02954735606908798     0.2059479206800461     0.6889906525611877
664     -0.4633472561836243      0.02708134241402149     0.1931354105472565     0.6675152778625488
665     -0.463562548160553      0.02739200927317142     0.1872395873069763     0.6516809463500977
666     -0.462270051240921      0.02457600645720959     0.2080000042915344     0.6626392602920532
667     -0.4626192152500153      0.02924267761409283     0.1922812461853027     0.6196828484535217
668     -0.4627222418785095      0.02894599363207817     0.1987291723489761     0.7475438714027405
669     -0.4637871384620667      0.03118800930678844     0.2002916634082794     0.5670337677001953
670     -0.4631622433662415      0.02863864600658417     0.1899270862340927     0.6328635811805725
671     -0.4633493721485138      0.02811598032712936     0.1961041688919067     0.6649418473243713
672     -0.4622285664081573      0.03053933940827847     0.1990208327770233     0.6566512584686279
673     -0.4628773629665375      0.02644333057105541     0.1956354230642319     0.6366772651672363
674     -0.4626256227493286      0.02792066521942616     0.1958229094743729     0.6365076303482056
675     -0.4634824097156525      0.03143802285194397     0.1851770877838135     0.5784915089607239
676     -0.462001621723175      0.02932601422071457     0.1945104151964188     0.6347290873527527
677     -0.4621174335479736      0.02719533070921898     0.2042812556028366     0.6292105913162231
678     -0.4630090594291687      0.02817466296255589     0.1915625035762787     0.709561824798584
679     -0.4622229039669037      0.02713067643344402     0.1832083314657211     0.6511783599853516
680     -0.4621337056159973      0.02547000721096992     0.1843958348035812     0.6616634726524353
681     -0.4625081717967987      0.02965263277292252     0.1950937509536743     0.6602396965026855
682     -0.4632962346076965      0.02719468250870705     0.1958229094743729     0.7592571377754211
683     -0.4634088277816772      0.02596998400986195     0.1985937505960464     0.6657148003578186
684     -0.4621593356132507      0.02635333500802517     0.1953437477350235     0.6269774436950684
685     -0.4628813564777374      0.02765798754990101     0.1858125030994415     0.6818534731864929
686     -0.4625065624713898      0.02630799822509289     0.1995312571525574     0.7376196980476379
687     -0.4621741473674774      0.02494199387729168     0.1966354101896286     0.6319028735160828
688     -0.4632530212402344      0.02445466071367264     0.2088020890951157     0.7153438925743103
689     -0.4617148339748383      0.02600531838834286     0.2068229168653488     0.63572758436203
690     -0.4627044200897217      0.02501131780445576     0.1808437556028366     0.7308683395385742
691     -0.4632339179515839      0.02729198522865772     0.1939270794391632     0.6886717677116394
692     -0.4626676738262177      0.02789800055325031     0.179708331823349     0.681651771068573
693     -0.461925208568573      0.02665933407843113     0.1881562471389771     0.6375129222869873
694     -0.4616168141365051      0.02693333476781845     0.1986874938011169     0.6625542044639587
695     -0.4619287252426147      0.03204198926687241     0.2034895867109299     0.6779657602310181
696     -0.46269491314888      0.02386799640953541     0.2058645784854889     0.6835203170776367
697     -0.4640767872333527      0.02489600144326687     0.1942187547683716     0.689585268497467
698     -0.4622175395488739      0.02453267388045788     0.1992291659116745     0.6821169257164001
699     -0.4626109302043915      0.0271193590015173     0.2146354168653488     0.6431740522384644
700     -0.4630549252033234      0.02827000431716442     0.1986770778894424     0.7007816433906555
701     -0.4625476002693176      0.02495665475726128     0.1871041655540466     0.6581300497055054
702     -0.4640743732452393      0.02677535079419613     0.1869166642427444     0.6541023850440979
703     -0.4627143442630768      0.02437132783234119     0.208666667342186     0.6036864519119263
704     -0.4629329144954681      0.02615266852080822     0.1932395845651627     0.7032783031463623
705     -0.4615838527679443      0.02171268500387669     0.2099687457084656     0.705861508846283
706     -0.463680773973465      0.0303520280867815     0.1968541592359543     0.6432639956474304
707     -0.4639328718185425      0.02795333601534367     0.1903020888566971     0.7647900581359863
708     -0.4626200497150421      0.02992066740989685     0.2023229151964188     0.7622309327125549
709     -0.4624757468700409      0.02651334367692471     0.2033437490463257     0.7680509686470032
710     -0.4641888439655304      0.02988865599036217     0.1961562484502792     0.6336786150932312
711     -0.4631885886192322      0.0258720014244318     0.1843645870685577     0.6627044081687927
712     -0.4638557434082031      0.03017865493893623     0.2065937519073486     0.7067884802818298
713     -0.4630889892578125      0.02754599042236805     0.2033645808696747     0.6927316188812256
714     -0.4627605080604553      0.02780932933092117     0.2001770883798599     0.7094029784202576
715     -0.4638970494270325      0.02968599647283554     0.1942604184150696     0.7500975131988525
716     -0.4632477760314941      0.02771800942718983     0.1786562502384186     0.6172240972518921
717     -0.4617000818252563      0.02868066728115082     0.2018645852804184     0.6997767090797424
718     -0.4622969031333923      0.02864403277635574     0.1928437501192093     0.6080129742622375
719     -0.4622780680656433      0.02695730328559875     0.1915937513113022     0.6854712963104248
720     -0.4636482894420624      0.02786998450756073     0.1950520873069763     0.6158086061477661
721     -0.4624800086021423      0.02576333098113537     0.194593757390976     0.7294309735298157
722     -0.4624073505401611      0.02856799401342869     0.2052187472581863     0.7520709037780762
723     -0.4623508751392365      0.02427798882126808     0.1810625046491623     0.770323634147644
724     -0.4620949625968933      0.02638200856745243     0.1999687552452087     0.626665472984314
725     -0.4631847739219666      0.02807399816811085     0.2108645886182785     0.579561173915863
726     -0.4627062082290649      0.02924133092164993     0.1890833377838135     0.7108479738235474
727     -0.4637798368930817      0.02877534553408623     0.2000104188919067     0.6921438574790955
728     -0.4638389050960541      0.03287801519036293     0.2026666700839996     0.6571020483970642
729     -0.4629311859607697      0.02499464899301529     0.2163854092359543     0.7289052605628967
730     -0.4613518118858337      0.02239265665411949     0.1965312510728836     0.6324671506881714
731     -0.4619616270065308      0.02933867089450359     0.1700833290815353     0.6785356998443604
732     -0.4633685648441315      0.02779201231896877     0.1984791606664658     0.5772935152053833
733     -0.4636687040328979      0.03162467107176781     0.1834583282470703     0.7054637670516968
734     -0.4626661241054535      0.02908867597579956     0.190708339214325     0.5863927006721497
735     -0.4641569554805756      0.02916137129068375     0.1918645799160004     0.6541563272476196
736     -0.4629950225353241      0.02840200811624527     0.209197923541069     0.5808014869689941
737     -0.4638225138187408      0.02704533934593201     0.1843645870685577     0.6860685348510742
738     -0.4617532193660736      0.02664867229759693     0.1862916648387909     0.5987774133682251
739     -0.4638851284980774      0.02563398703932762     0.1871562451124191     0.6943265199661255
740     -0.4628133177757263      0.02746468409895897     0.2058854103088379     0.7284706830978394
741     -0.4630986452102661      0.02485600486397743     0.1910312473773956     0.7249016761779785
742     -0.462503582239151      0.02617132477462292     0.209239587187767     0.7054300308227539
743     -0.4632072746753693      0.02995666489005089     0.218729168176651     0.6135871410369873
744     -0.4623985290527344      0.02558398991823196     0.2010000050067902     0.7295348048210144
745     -0.4634926617145538      0.02461864985525608     0.2120312452316284     0.7571281790733337
746     -0.4636048972606659      0.02849801070988178     0.1824687570333481     0.7032085061073303
747     -0.4625620245933533      0.0287632904946804     0.1954479217529297     0.7319119572639465
748     -0.4624587893486023      0.02678466588258743     0.2110312432050705     0.6584432721138
749     -0.4624630808830261      0.02385867014527321     0.1945208311080933     0.7020689845085144
750     -0.4631344676017761      0.02498468197882175     0.201552078127861     0.6792125701904297
751     -0.4632941484451294      0.02821800298988819     0.1933645904064178     0.6798315644264221
752     -0.4632359147071838      0.02762199938297272     0.1962916702032089     0.6677604913711548
753     -0.4623185694217682      0.02789999730885029     0.2043958306312561     0.6408683657646179
754     -0.4633912742137909      0.02688200585544109     0.1972916722297668     0.6557859778404236
755     -0.4644285142421722      0.02767467312514782     0.1937291622161865     0.6564710140228271
756     -0.4648833274841309      0.02735199779272079     0.2061250060796738     0.6872892379760742
757     -0.4625780880451202      0.0252106599509716     0.1993958353996277     0.6915690302848816
758     -0.4636679291725159      0.02652131207287312     0.2015833407640457     0.6931186318397522
759     -0.4626264274120331      0.02609733492136002     0.1893645823001862     0.7218058109283447
760     -0.4630400538444519      0.02993465960025787     0.2119270861148834     0.6230153441429138
761     -0.462846040725708      0.02548398077487946     0.187541663646698     0.6300102472305298
762     -0.4633524715900421      0.02422134205698967     0.1927083283662796     0.8380341529846191
763     -0.4635325074195862      0.02632265537977219     0.2087604105472565     0.6987555623054504
764     -0.4624518752098083      0.03155867382884026     0.2083645761013031     0.6862435936927795
765     -0.4635493457317352      0.02951132878661156     0.2006250023841858     0.6826956272125244
766     -0.4630056917667389      0.02705800719559193     0.1862708330154419     0.718678891658783
767     -0.462689220905304      0.02839999459683895     0.1934687495231628     0.7027839422225952
768     -0.4632173776626587      0.02525800839066505     0.2057500034570694     0.6657742857933044
769     -0.4624500274658203      0.02810133807361126     0.1930937469005585     0.7260565757751465
770     -0.4640951752662659      0.0282879900187254     0.1988749951124191     0.6622529029846191
771     -0.4617563188076019      0.02994531020522118     0.1919166594743729     0.6885177493095398
772     -0.4629324674606323      0.02736932411789894     0.187562495470047     0.6974731683731079
773     -0.4628686010837555      0.0291486531496048     0.1877395808696747     0.6509593725204468
774     -0.4621457457542419      0.02719266526401043     0.1932083368301392     0.7128141522407532
775     -0.4630716443061829      0.02392800152301788     0.2107291668653488     0.7148241996765137
776     -0.4621841907501221      0.02800797857344151     0.2147500067949295     0.5821552872657776
777     -0.4646255671977997      0.02980264462530613     0.1904062479734421     0.5859111547470093
778     -0.4614082872867584      0.02659731358289719     0.2023645788431168     0.6912814378738403
779     -0.4625229835510254      0.02607733383774757     0.1920312494039536     0.6916913986206055
780     -0.4634329378604889      0.02468666061758995     0.1780000030994415     0.6707772016525269
781     -0.4632387757301331      0.02740331180393696     0.2065833359956741     0.6790637373924255
782     -0.4630825519561768      0.02598201297223568     0.1989062428474426     0.7586507797241211
783     -0.4632914364337921      0.0299419891089201     0.1899166703224182     0.6250347495079041
784     -0.4619419872760773      0.02556134574115276     0.2207187563180923     0.5654018521308899
785     -0.4623057842254639      0.03048995696008205     0.191385418176651     0.6587838530540466
786     -0.4625305533409119      0.02792067267000675     0.2059895843267441     0.6783783435821533
787     -0.4620149433612823      0.02739134803414345     0.1952604204416275     0.7660518288612366
788     -0.4621720910072327      0.03024599887430668     0.2144374996423721     0.7584658265113831
789     -0.4635860919952393      0.02808599174022675     0.2004375010728836     0.7001641988754272
790     -0.4621914029121399      0.0244199987500906     0.1996354162693024     0.6585803627967834
791     -0.4635963141918182      0.02546931989490986     0.2198854237794876     0.6497973799705505
792     -0.4629622399806976      0.02849064953625202     0.1850937455892563     0.608597457408905
793     -0.4629631042480469      0.02606399543583393     0.1951666623353958     0.6542157530784607
794     -0.4628738462924957      0.02529399655759335     0.1903645843267441     0.5198180079460144
795     -0.4626742303371429      0.02749135158956051     0.2023541629314423     0.6674371957778931
796     -0.4631324410438538      0.03094664216041565     0.1943541616201401     0.7029830813407898
797     -0.4637066125869751      0.0289860125631094     0.1989479213953018     0.6570644378662109
798     -0.4619581401348114      0.0301559753715992     0.2051041722297668     0.6898329854011536
799     -0.4625791311264038      0.02722000330686569     0.1986666619777679     0.6795263886451721
800     -0.4624928534030914      0.02876398712396622     0.1954062432050705     0.6881068348884583
801     -0.4625045657157898      0.02508599124848843     0.1940937489271164     0.6867520213127136
802     -0.4617676734924316      0.02591598592698574     0.2020208388566971     0.69423907995224
803     -0.4631303250789642      0.02597801759839058     0.2051354199647903     0.6425519585609436
804     -0.4632137417793274      0.02773799933493137     0.1836979240179062     0.6737127900123596
805     -0.4624103307723999      0.02422199584543705     0.2035416662693024     0.7501762509346008
806     -0.4617893099784851      0.02570798993110657     0.2010312527418137     0.7935138344764709
807     -0.4619191586971283      0.02715267241001129     0.1968437433242798     0.7170405983924866
808     -0.4633569717407227      0.02684197016060352     0.1959687471389771     0.6207311749458313
809     -0.4631791114807129      0.02422532439231873     0.1943645775318146     0.6789652705192566
810     -0.4626592099666595      0.0287986621260643     0.1910416632890701     0.6475743651390076
811     -0.4624974429607391      0.02664999477565289     0.1950937509536743     0.6858224272727966
812     -0.4618227481842041      0.02485000900924206     0.2072604149580002     0.6914848685264587
813     -0.4614259004592896      0.02448935434222221     0.1808437556028366     0.6287859082221985
814     -0.4626770913600922      0.02471398748457432     0.2055000066757202     0.6916386485099792
815     -0.4625617265701294      0.02722267061471939     0.1905000060796738     0.6375051140785217
816     -0.4618693292140961      0.02385132014751434     0.2123541682958603     0.6988847851753235
817     -0.4625472128391266      0.0282959621399641     0.1766458302736282     0.5963669419288635
818     -0.4630292952060699      0.03367197886109352     0.1889999955892563     0.6910756230354309
819     -0.4624438583850861      0.03045466914772987     0.1929479092359543     0.7833396196365356
820     -0.4622894823551178      0.02665997482836246     0.1872395873069763     0.6474737524986267
821     -0.46257284283638      0.0262206643819809     0.1905208379030228     0.7084020376205444
822     -0.4625893831253052      0.02437933906912804     0.1956666707992554     0.6342190504074097
823     -0.4632937014102936      0.02986198477447033     0.2016979157924652     0.6449511051177979
824     -0.4631099104881287      0.02648532949388027     0.1898645907640457     0.6269576549530029
825     -0.462305098772049      0.03104531019926071     0.1919062435626984     0.6511545181274414
826     -0.4625090658664703      0.02625798620283604     0.2010104209184647     0.6532834768295288
827     -0.4634188115596771      0.02713066525757313     0.1872916668653488     0.7283980250358582
828     -0.4626858830451965      0.02686530724167824     0.2027916610240936     0.6966428756713867
829     -0.4631733298301697      0.02391799353063107     0.1933854222297668     0.6843415498733521
830     -0.4638916552066803      0.02750065363943577     0.2089062482118607     0.7233387231826782
831     -0.4621146619319916      0.0238733347505331     0.1951979100704193     0.6431345343589783
832     -0.4621250927448273      0.02911132760345936     0.1994166672229767     0.6057460904121399
833     -0.4633735418319702      0.0268740076571703     0.1955624967813492     0.7344580292701721
834     -0.4621612429618835      0.02864000387489796     0.1892500072717667     0.5518593192100525
835     -0.4628091752529144      0.02870133146643639     0.192979171872139     0.6140524744987488
836     -0.4632889926433563      0.02683200314640999     0.2020208388566971     0.5972306132316589
837     -0.4638798534870148      0.02711201645433903     0.1829895824193954     0.680796205997467
838     -0.4630264043807983      0.02763202227652073     0.2026666700839996     0.9485834836959839
839     -0.4618410170078278      0.02962265349924564     0.2001666724681854     0.6175445318222046
840     -0.4631199240684509      0.02957268059253693     0.1924270838499069     0.7364189624786377
841     -0.4622477889060974      0.02850332856178284     0.2001249939203262     0.6542569994926453
842     -0.4631407558917999      0.0264026802033186     0.1935312449932098     0.6720107197761536
843     -0.4620448350906372      0.02761399373412132     0.1951041668653488     0.6294327974319458
844     -0.4634565114974976      0.02625332958996296     0.1911770850419998     0.6658546328544617
845     -0.4637640714645386      0.02872002124786377     0.1784687489271164     0.6507889628410339
846     -0.4621584117412567      0.02390065975487232     0.1929895877838135     0.6579237580299377
847     -0.4628904759883881      0.02882266230881214     0.196947917342186     0.6484907865524292
848     -0.4633989930152893      0.02814331650733948     0.1857291609048843     0.746975839138031
849     -0.4628610014915466      0.02397400885820389     0.1991250067949295     0.8094713687896729
850     -0.4626235663890839      0.02910398133099079     0.2088645845651627     0.6410912871360779
851     -0.4632171094417572      0.03018131852149963     0.1820625066757202     0.6630244255065918
852     -0.4634139537811279      0.02786998450756073     0.1979166716337204     0.6297133564949036
853     -0.4621480703353882      0.02556533366441727     0.205312505364418     0.607214093208313
854     -0.4625870883464813      0.02878401428461075     0.1971041709184647     0.6405701637268066
855     -0.4633804261684418      0.02741933986544609     0.200958326458931     0.6206769347190857
856     -0.4628423750400543      0.02708732336759567     0.1925312429666519     0.6546549201011658
857     -0.462121307849884      0.03125069290399551     0.2027916610240936     0.6940755248069763
858     -0.4640496075153351      0.02579331956803799     0.2111770808696747     0.680311918258667
859     -0.4631726443767548      0.02761732041835785     0.1840104162693024     0.6810558438301086
860     -0.4623878598213196      0.02357932738959789     0.1938541680574417     0.6246029734611511
861     -0.461715042591095      0.03034199774265289     0.2099270820617676     0.6747248768806458
862     -0.4619170427322388      0.02830400131642818     0.1924062520265579     0.6119074821472168
863     -0.4629623591899872      0.0307720024138689     0.2010937482118607     0.6784353852272034
864     -0.4618208408355713      0.02701200358569622     0.1824166625738144     0.6352282166481018
865     -0.4637652933597565      0.02484532073140144     0.1957395821809769     0.7289690971374512
866     -0.4629365503787994      0.03008599020540714     0.199239581823349     0.6006906628608704
867     -0.4626407027244568      0.0299626812338829     0.1918125003576279     0.6902256011962891
868     -0.4631034731864929      0.02601733058691025     0.1833333373069763     0.5569904446601868
869     -0.4639074206352234      0.02667666599154472     0.2018020898103714     0.6269546747207642
870     -0.4633042514324188      0.03145801648497581     0.2137187570333481     0.7037553787231445
871     -0.4628777801990509      0.02801732905209064     0.1964062452316284     0.6795156002044678
872     -0.4626749157905579      0.02621134929358959     0.1939062476158142     0.6659966111183167
873     -0.4634844660758972      0.03019733726978302     0.1907708346843719     0.7202130556106567
874     -0.4635230600833893      0.02774333767592907     0.2083437442779541     0.6231327652931213
875     -0.4631187617778778      0.02711065113544464     0.1853854209184647     0.6694399118423462
876     -0.4627865254878998      0.02785066701471806     0.2098854184150696     0.6761905550956726
877     -0.4635245501995087      0.02747732028365135     0.1845729202032089     0.6925427913665771
878     -0.462639719247818      0.02617202326655388     0.2007499933242798     0.7328606843948364
879     -0.4635708928108215      0.0278639942407608     0.1857083290815353     0.6916492581367493
880     -0.4633489847183228      0.02621400915086269     0.2057812511920929     0.6742573380470276
881     -0.4636334776878357      0.02425066567957401     0.2090104222297668     0.7058798670768738
882     -0.4629522562026978      0.02574001997709274     0.1965208351612091     0.6736546754837036
883     -0.4628404974937439      0.02715065516531467     0.2038124948740005     0.5954388976097107
884     -0.4634340703487396      0.0292206946760416     0.206947922706604     0.6551557779312134
885     -0.4644680917263031      0.0249953456223011     0.2091458290815353     0.5822042226791382
886     -0.4630758464336395      0.02417732961475849     0.2112083286046982     0.634534478187561
887     -0.4634673297405243      0.02835133671760559     0.1842187494039536     0.6571148037910461
888     -0.4626929461956024      0.02874263189733028     0.2026250064373016     0.7731682658195496
889     -0.4623121321201324      0.02984266169369221     0.2080833315849304     0.6338621973991394
890     -0.4621796905994415      0.02711934968829155     0.1949895769357681     0.7370037436485291
891     -0.4621179103851318      0.02467131242156029     0.1938020884990692     0.6978623270988464
892     -0.4623341858386993      0.02768931910395622     0.1862083375453949     0.7133749127388
893     -0.4619688987731934      0.02641934715211391     0.2153020799160004     0.5975438356399536
894     -0.4626781046390533      0.02954532578587532     0.1890833377838135     0.6433104872703552
895     -0.4634729027748108      0.02650332637131214     0.1938749998807907     0.7792550325393677
896     -0.4630226790904999      0.02637268789112568     0.1960729211568832     0.6947227120399475
897     -0.4631387591362      0.02519267797470093     0.1991145759820938     0.720930814743042
898     -0.4626928567886353      0.03069130890071392     0.2004999965429306     0.5834411382675171
899     -0.463504284620285      0.02634867280721664     0.2007499933242798     0.624950110912323
900     -0.4632306396961212      0.02924733236432076     0.1997291594743729     0.6208677291870117
901     -0.4617988169193268      0.02713198773562908     0.2035000026226044     0.6572567224502563
902     -0.4629657864570618      0.02760734595358372     0.193739578127861     0.6321772933006287
903     -0.4630200564861298      0.02591533958911896     0.2036770880222321     0.6119877099990845
904     -0.4621252715587616      0.02798200957477093     0.1962604224681854     0.6355039477348328
905     -0.4626597464084625      0.02710535377264023     0.1978958398103714     0.7687901854515076
906     -0.4635830223560333      0.02760734781622887     0.1949687451124191     0.7026297450065613
907     -0.4629099071025848      0.02615000493824482     0.2090833336114883     0.6820933222770691
908     -0.4632344841957092      0.02524399571120739     0.2103229165077209     0.7128230929374695
909     -0.4624434411525726      0.02675999701023102     0.1984374970197678     0.6029894948005676
910     -0.4624921977519989      0.0331326462328434     0.1865624934434891     0.6682654619216919
911     -0.4639386534690857      0.02358665503561497     0.1962708383798599     0.6297063231468201
912     -0.4627907276153564      0.02763531170785427     0.2067291736602783     0.6634901762008667
913     -0.4630575776100159      0.02712600491940975     0.1830104142427444     0.6705982089042664
914     -0.4634961783885956      0.02585000172257423     0.2241354137659073     0.7416133880615234
915     -0.4647723436355591      0.02520866319537163     0.1986562460660934     0.7149560451507568
916     -0.4627412557601929      0.02896800823509693     0.1873645782470703     0.6626645922660828
917     -0.4625865519046783      0.02657534740865231     0.1876875013113022     0.6699982285499573
918     -0.4618127346038818      0.0269559808075428     0.2104479223489761     0.7166184782981873
919     -0.4622095227241516      0.02956931479275227     0.1900416612625122     0.6291962862014771
920     -0.4633556008338928      0.02534530311822891     0.2184270769357681     0.7174551486968994
921     -0.4639336764812469      0.02863067202270031     0.2034375071525574     0.6970442533493042
922     -0.4625066816806793      0.02565531618893147     0.1893125027418137     0.6379491090774536
923     -0.4620388448238373      0.02473401091992855     0.1896770894527435     0.6080331802368164
924     -0.4625130295753479      0.02577466331422329     0.1895729154348373     0.6265950202941895
925     -0.4633293449878693      0.02745132893323898     0.1928749978542328     0.6268462538719177
926     -0.462228924036026      0.02949933893978596     0.1911458373069763     0.6644856929779053
927     -0.4627342224121094      0.03036398813128471     0.2016041725873947     0.6903447508811951
928     -0.4633496403694153      0.02692599222064018     0.2101666629314423     0.683703601360321
929     -0.4629334807395935      0.0253413263708353     0.1961979120969772     0.7563890218734741
930     -0.4637233018875122      0.03022534213960171     0.1834062486886978     0.6746219992637634
931     -0.4638508856296539      0.02838267758488655     0.1815416663885117     0.6497197151184082
932     -0.463184118270874      0.02887265011668205     0.1928854137659073     0.6733427047729492
933     -0.4631230533123016      0.02729000896215439     0.1958750039339066     0.6693063974380493
934     -0.461821973323822      0.02475933544337749     0.1984062492847443     0.7148082852363586
935     -0.4628385901451111      0.0301293358206749     0.2000520825386047     0.6921921968460083
936     -0.4636605679988861      0.02502133511006832     0.1958437561988831     0.6680238246917725
937     -0.4623460173606873      0.03080729953944683     0.1785312443971634     0.7810150384902954
938     -0.4629656970500946      0.03160466626286507     0.1862395852804184     0.702523946762085
939     -0.4632674157619476      0.02681932039558887     0.1998541653156281     0.6260643601417542
940     -0.4619486033916473      0.02841533347964287     0.189177080988884     0.6978097558021545
941     -0.4617666006088257      0.02877599373459816     0.1890833377838135     0.644347071647644
942     -0.4622555375099182      0.02603131346404552     0.1991458386182785     0.6541728377342224
943     -0.4634536504745483      0.02439463511109352     0.1988020837306976     0.6857462525367737
944     -0.463738352060318      0.02738730795681477     0.1948333382606506     0.7130505442619324
945     -0.4622406959533691      0.02735532447695732     0.181895837187767     0.5773528218269348
946     -0.4629076719284058      0.02889866940677166     0.2019166648387909     0.7904511690139771
947     -0.4626582860946655      0.02410131879150867     0.2071770876646042     0.6898823380470276
948     -0.4636572599411011      0.02825800515711308     0.1801979094743729     0.6455821394920349
949     -0.4629801511764526      0.02706200443208218     0.1988437473773956     0.6583622694015503
950     -0.4633350372314453      0.02246333658695221     0.2206562459468842     0.6333250999450684
951     -0.463257372379303      0.02739934250712395     0.2144687473773956     0.6187856793403625
952     -0.4632951617240906      0.02740930952131748     0.2066458314657211     0.6204190850257874
953     -0.4639874696731567      0.0252859927713871     0.1941979229450226     0.6619417667388916
954     -0.4637299478054047      0.02190067619085312     0.2155937552452087     0.7033212780952454
955     -0.4631293416023254      0.02737266197800636     0.2041770815849304     0.6910554170608521
956     -0.4639600813388824      0.02571266517043114     0.2044166624546051     0.6732550263404846
957     -0.4623315334320068      0.02543066069483757     0.212614580988884     0.685061514377594
958     -0.4630626738071442      0.02646667137742043     0.1736041605472565     0.7443792223930359
959     -0.4615740478038788      0.02741931937634945     0.1952395886182785     0.7297571897506714
960     -0.4633805751800537      0.02608999609947205     0.2018854171037674     0.6170838475227356
961     -0.4625476896762848      0.02582000009715557     0.1954270899295807     0.7644463181495667
962     -0.4631376266479492      0.02839930914342403     0.1992916613817215     0.6739369630813599
963     -0.4625258445739746      0.02851332351565361     0.1890312433242798     0.7279829382896423
964     -0.4635655581951141      0.02706001326441765     0.2034687548875809     0.6010306477546692
965     -0.4626868367195129      0.02760731056332588     0.2120624929666519     0.6109814643859863
966     -0.4635534584522247      0.02199198864400387     0.1921458393335342     0.6487302184104919
967     -0.4623231589794159      0.02793531119823456     0.1971770823001862     0.6589303612709045
968     -0.4633996188640594      0.02503333240747452     0.1998125016689301     0.71425861120224
969     -0.4636542499065399      0.03023001365363598     0.2010000050067902     0.6541779637336731
970     -0.4631228446960449      0.02746067382395267     0.2041145861148834     0.6374126076698303
971     -0.4640592336654663      0.02647198736667633     0.181937500834465     0.693385899066925
972     -0.4621655941009521      0.02594399452209473     0.1916145831346512     0.6167292594909668
973     -0.4620929360389709      0.03030597232282162     0.218708336353302     0.6690797805786133
974     -0.4628902971744537      0.02856667526066303     0.1888854205608368     0.6688211560249329
975     -0.4632382392883301      0.02761600725352764     0.2071354240179062     0.6718019843101501
976     -0.4628895819187164      0.03026064299046993     0.1992291659116745     0.6564700603485107
977     -0.4626969695091248      0.02862066216766834     0.1932395845651627     0.6725305318832397
978     -0.4625951647758484      0.02528798766434193     0.1954062432050705     0.6826803088188171
979     -0.4620700180530548      0.02633332647383213     0.1771875023841858     0.6236999034881592
980     -0.4628445208072662      0.02788733690977097     0.1923020780086517     0.6307660937309265
981     -0.4638356864452362      0.0293833389878273     0.18985415995121     0.6038699746131897
982     -0.4636916518211365      0.02976998127996922     0.1925520896911621     0.6383374333381653
983     -0.4631606042385101      0.02468199655413628     0.1963125020265579     0.6401275396347046
984     -0.4621784687042236      0.02676334045827389     0.2022916674613953     0.7262672781944275
985     -0.4621627926826477      0.02907398715615273     0.2127395868301392     0.7081795334815979
986     -0.4636501371860504      0.02368666604161263     0.1960625052452087     0.6170591115951538
987     -0.4630745947360992      0.02770600840449333     0.1764374971389771     0.6805112957954407
988     -0.4627296626567841      0.02755266800522804     0.193677082657814     0.7520036697387695
989     -0.4634696543216705      0.02761000767350197     0.1964895874261856     0.6396583914756775
990     -0.4631043374538422      0.02643801830708981     0.1917604207992554     0.6740370392799377
991     -0.4626275300979614      0.02908936329185963     0.2058645784854889     0.6364938020706177
992     -0.4631063342094421      0.02530533820390701     0.1888854205608368     0.701367199420929
993     -0.4634411633014679      0.02411933988332748     0.1986354142427444     0.7249670624732971
994     -0.4624896943569183      0.02567868307232857     0.2113854140043259     0.6321161985397339
995     -0.4627887904644012      0.02540935017168522     0.1947812438011169     0.6982203722000122
996     -0.4626713991165161      0.025491988286376     0.2041666656732559     0.6285160779953003
997     -0.4637139141559601      0.02781000174582005     0.2181041687726974     0.6164787411689758
998     -0.4631221890449524      0.02588400058448315     0.1826249957084656     0.6797204613685608
999     -0.4632173776626587      0.03044199384748936     0.2015624940395355     0.6617640256881714
1000     -0.4637981653213501      0.02621934935450554     0.2117395848035812     0.6165364384651184
