# Simulazione modello di Ising 1D
# Mossa 	 Energia 	 Magnetizzazione 	 Calore specifico 	 Suscettività
1 -0.8122302293777466 0.1900785118341446 0.4275720715522766 8.2525
2 -0.8124005794525146 0.2055810540914536 0.4765432476997375 9.42542
3 -0.8138427734375 0.2031983584165573 0.4222222566604614 8.09796
4 -0.8146400451660156 0.2087611258029938 0.5160494446754456 8.13032
5 -0.8132933974266052 0.20719313621521 0.3761317133903503 8.56245
6 -0.8126093745231628 0.1990553587675095 0.5193415880203247 11.4885
7 -0.8124241828918457 0.2026714682579041 0.4399177134037018 10.0547
8 -0.8124242424964905 0.1939153075218201 0.4691358208656311 7.82357
9 -0.8138164281845093 0.2046445161104202 0.455967128276825 13.0154
10 -0.8108368515968323 0.186158612370491 0.4045267701148987 8.05718
11 -0.8132469058036804 0.1950092017650604 0.4481481909751892 7.85782
12 -0.8134625554084778 0.1903011947870255 0.4860082566738129 9.15391
13 -0.8143761157989502 0.1955603659152985 0.4687243103981018 10.425
14 -0.8123995661735535 0.1885268688201904 0.45185187458992 9.8913
15 -0.8131484985351562 0.201559990644455 0.4539095163345337 7.21787
16 -0.8128117918968201 0.2088715434074402 0.511934220790863 6.63877
17 -0.8135870099067688 0.2031210064888 0.481481522321701 7.27968
18 -0.8143796324729919 0.202865943312645 0.453497976064682 8.68102
19 -0.8126737475395203 0.2025376409292221 0.4938271939754486 9.50995
20 -0.8129737377166748 0.1991107016801834 0.4909465312957764 9.63657
21 -0.8131057024002075 0.2146169990301132 0.4539095163345337 7.34507
22 -0.8124068379402161 0.2058220058679581 0.4423868954181671 11.6656
23 -0.8124184608459473 0.1975415050983429 0.4901234805583954 9.27854
24 -0.8128138780593872 0.2020408362150192 0.5271605253219604 9.64259
25 -0.8132449388504028 0.2032433748245239 0.4555555880069733 7.2657
26 -0.8128460049629211 0.2018121480941772 0.4419753551483154 6.52801
27 -0.811821460723877 0.1932621896266937 0.521399199962616 9.8137
28 -0.8130210638046265 0.2068036943674088 0.4197531342506409 9.93868
29 -0.8124951124191284 0.2042669504880905 0.4226337969303131 9.14039
30 -0.8130832314491272 0.2018190175294876 0.4201646447181702 7.88627
31 -0.8139955401420593 0.2143946141004562 0.4168724715709686 9.57185
32 -0.8122463226318359 0.2163344174623489 0.4016461074352264 10.4398
33 -0.8110029101371765 0.1904887557029724 0.4567901492118835 8.29417
34 -0.8127833008766174 0.2048836499452591 0.5185185670852661 7.29829
35 -0.8128071427345276 0.20127172768116 0.5683127641677856 5.75389
36 -0.8122691512107849 0.1906161159276962 0.4432099163532257 8.62655
37 -0.8115094304084778 0.2037520706653595 0.4662551581859589 9.16896
38 -0.8134516477584839 0.1941880136728287 0.4555555880069733 6.86273
39 -0.8135688304901123 0.2037657201290131 0.5111111402511597 8.72951
40 -0.8138642311096191 0.2014057636260986 0.4341564178466797 12.4742
41 -0.8111245036125183 0.1900549679994583 0.4045267701148987 11.4384
42 -0.8138492107391357 0.2067891657352448 0.4423868954181671 8.7132
43 -0.8123391270637512 0.20963354408741 0.4489712417125702 6.82755
44 -0.8111482858657837 0.1915553212165833 0.5209876894950867 7.07345
45 -0.8128659129142761 0.2065089046955109 0.4432099163532257 6.81581
46 -0.8130317330360413 0.2050651609897614 0.4460905790328979 11.3335
47 -0.8142350912094116 0.2150814682245255 0.4547325372695923 6.86961
48 -0.8130638003349304 0.1994842737913132 0.4987654685974121 7.69206
49 -0.8131905198097229 0.193775549530983 0.445267528295517 7.73533
50 -0.8108299970626831 0.1858851909637451 0.4958848059177399 9.69169
51 -0.8135234117507935 0.1912009119987488 0.45185187458992 7.71438
52 -0.8125200271606445 0.1898020058870316 0.4925926625728607 10.0416
53 -0.812211275100708 0.1916224360466003 0.5065844058990479 12.3796
54 -0.814361572265625 0.2158650308847427 0.475720226764679 11.0322
55 -0.812338650226593 0.1897863149642944 0.4176955223083496 8.39889
56 -0.8130896687507629 0.2005204707384109 0.4296296834945679 8.85213
57 -0.8125576972961426 0.1931090950965881 0.5168724656105042 7.01215
58 -0.812261164188385 0.2019549310207367 0.4399177134037018 9.36715
59 -0.8128341436386108 0.1882939040660858 0.4679012894630432 9.81634
60 -0.8118724226951599 0.2068939805030823 0.4827161133289337 10.0186
61 -0.813787043094635 0.2028851062059402 0.5300411581993103 8.32488
62 -0.8141631484031677 0.2198564857244492 0.5000000596046448 9.76945
63 -0.8131780028343201 0.1996380835771561 0.4407407641410828 6.57864
64 -0.8121873140335083 0.2023507058620453 0.4884774088859558 11.3472
65 -0.8126295804977417 0.1970060169696808 0.4662551581859589 8.02632
66 -0.8134772777557373 0.1985982656478882 0.4790123701095581 11.2811
67 -0.8127840757369995 0.2082096487283707 0.4975308775901794 9.74111
68 -0.8136460185050964 0.2012704908847809 0.4522634148597717 9.81607
69 -0.8126744627952576 0.198005273938179 0.4456790387630463 13.1509
70 -0.8139426112174988 0.2088755667209625 0.4037037491798401 8.86528
71 -0.8144517540931702 0.1985529214143753 0.4333333671092987 9.41255
72 -0.8136220574378967 0.1948979496955872 0.4139918088912964 6.70269
73 -0.813707709312439 0.2046279162168503 0.4897119402885437 7.49361
74 -0.811993420124054 0.1885266155004501 0.4407407641410828 9.07347
75 -0.8119131922721863 0.206000953912735 0.4995884895324707 10.3302
76 -0.8145867586135864 0.2125794291496277 0.3958848118782043 8.09722
77 -0.8136500120162964 0.2036189436912537 0.5460906028747559 10.4006
78 -0.8133978843688965 0.2026309818029404 0.4670782089233398 6.93831
79 -0.8116494417190552 0.1961483508348465 0.4493827819824219 12.1079
80 -0.8119326233863831 0.195048987865448 0.4596708118915558 8.71164
81 -0.8125925064086914 0.1978777498006821 0.4740740954875946 9.02262
82 -0.8134886622428894 0.1955151408910751 0.4395062327384949 9.83486
83 -0.8129920959472656 0.2072772085666656 0.4802469611167908 7.896
84 -0.8120887875556946 0.1891441643238068 0.4703704118728638 8.03514
85 -0.8105780482292175 0.1977417469024658 0.4049383103847504 9.11857
86 -0.8132476210594177 0.1941512674093246 0.4761317074298859 10.2392
87 -0.8148625493049622 0.2107150107622147 0.4320988059043884 9.05514
88 -0.8123133182525635 0.2142806351184845 0.4152263700962067 5.74463
89 -0.8126962780952454 0.2005339115858078 0.3897119462490082 12.0815
90 -0.813360333442688 0.2020747065544128 0.4827161133289337 8.54833
91 -0.8138542771339417 0.2146368026733398 0.471604973077774 8.06058
92 -0.8121585845947266 0.2042651176452637 0.5176954865455627 11.8007
93 -0.8126103281974792 0.1909945905208588 0.4876543879508972 12.8801
94 -0.8127307891845703 0.2027710825204849 0.3954732716083527 8.05963
95 -0.8140536546707153 0.2113266438245773 0.4740740954875946 8.91616
96 -0.8127133846282959 0.1954497098922729 0.3786008656024933 7.85657
97 -0.8127408027648926 0.1994913667440414 0.4283950924873352 8.67215
98 -0.8126552104949951 0.2058818191289902 0.4810699820518494 8.44549
99 -0.8135325312614441 0.2072416990995407 0.5111111402511597 7.16319
100 -0.8137487173080444 0.1979290097951889 0.560905396938324 11.3422
101 -0.8116729259490967 0.1900966614484787 0.4497942626476288 12.895
102 -0.8128253817558289 0.2047002166509628 0.4341564178466797 6.21107
103 -0.8125169277191162 0.1971525847911835 0.4654321372509003 10.8106
104 -0.8111892938613892 0.1957282274961472 0.5197531580924988 11.4441
105 -0.8118076324462891 0.2041891664266586 0.3781893253326416 9.99776
106 -0.8146873116493225 0.2118169516324997 0.5168724656105042 8.7628
107 -0.8121567964553833 0.1971119791269302 0.5131688117980957 9.8759
108 -0.8143134117126465 0.2046079039573669 0.472428023815155 14.7971
109 -0.8131000995635986 0.2067456245422363 0.4222222566604614 5.7294
110 -0.8121787309646606 0.2000848203897476 0.5082305073738098 8.4403
111 -0.8127652406692505 0.2047398537397385 0.4300411641597748 10.1769
112 -0.8134849667549133 0.2000144869089127 0.4736625850200653 8.45162
113 -0.8124169707298279 0.1968777477741241 0.5283951163291931 10.1247
114 -0.8131665587425232 0.2031094580888748 0.4288066029548645 9.7806
115 -0.8129778504371643 0.1863657683134079 0.4123457074165344 10.0247
116 -0.8131900429725647 0.1890226900577545 0.4880658686161041 11.2052
117 -0.8124120235443115 0.2104858756065369 0.4407407641410828 8.99146
118 -0.8098597526550293 0.1864903420209885 0.4074074327945709 4.80447
119 -0.8108789920806885 0.1847822666168213 0.4790123701095581 10.3269
120 -0.8143646717071533 0.1971550434827805 0.4938271939754486 10.5663
121 -0.8116434812545776 0.1895183324813843 0.5111111402511597 9.93595
122 -0.8135058879852295 0.2103122919797897 0.5193415880203247 7.14102
123 -0.8124046325683594 0.1927288621664047 0.4596708118915558 9.856
124 -0.8133323788642883 0.2008602917194366 0.377366304397583 9.37889
125 -0.813381016254425 0.2030653059482574 0.4481481909751892 7.52322
126 -0.8125559687614441 0.201232522726059 0.5551440715789795 9.74222
127 -0.8145654201507568 0.2058154344558716 0.4148148596286774 12.6784
128 -0.81292325258255 0.1932365447282791 0.4654321372509003 10.4926
129 -0.8128697872161865 0.1939870864152908 0.4547325372695923 7.49898
130 -0.8126572966575623 0.2010402232408524 0.4860082566738129 11.1167
131 -0.8139668703079224 0.2042887359857559 0.531687319278717 8.98773
132 -0.8122687935829163 0.1918003410100937 0.4514403343200684 7.05118
133 -0.8119828104972839 0.1943227201700211 0.4111111164093018 9.66394
134 -0.8117448091506958 0.18936887383461 0.4786008596420288 7.62799
135 -0.8129472136497498 0.1915773451328278 0.4456790387630463 14.6604
136 -0.812254786491394 0.1969405710697174 0.4740740954875946 10.7714
137 -0.8136014938354492 0.1987160891294479 0.4744856357574463 8.2032
138 -0.8136962056159973 0.2015873342752457 0.4790123701095581 9.82232
139 -0.8127822279930115 0.2042527198791504 0.4691358208656311 7.32998
140 -0.8131052851676941 0.2038173675537109 0.4769547581672668 10.0978
141 -0.8130894303321838 0.2005585730075836 0.462551474571228 12.6046
142 -0.8130773901939392 0.2051011323928833 0.5469136238098145 11.1624
143 -0.8119076490402222 0.1875071823596954 0.492181122303009 13.8215
144 -0.8137091994285583 0.2007199674844742 0.5600823760032654 6.3438
145 -0.8126919865608215 0.2026558220386505 0.5432099103927612 10.6004
146 -0.8137753009796143 0.2189515233039856 0.4818930327892303 9.40558
147 -0.8128018975257874 0.2132239043712616 0.4765432476997375 10.5032
148 -0.8141177296638489 0.1997996419668198 0.4065843820571899 7.25963
149 -0.8126640915870667 0.200991615653038 0.4860082566738129 10.213
150 -0.8128467798233032 0.1906465440988541 0.5156378746032715 10.7015
151 -0.8118468523025513 0.2000684589147568 0.4345679581165314 11.2185
152 -0.8140097856521606 0.2071669101715088 0.5506173372268677 10.6655
153 -0.8136433362960815 0.1986920833587646 0.5090535283088684 8.63681
154 -0.8134886026382446 0.2016556859016418 0.4172839820384979 5.73111
155 -0.8127278089523315 0.1935090571641922 0.5814815163612366 15.5935
156 -0.8131110072135925 0.2027583569288254 0.4543209969997406 10.5507
157 -0.8127815723419189 0.1967036128044128 0.3983539342880249 8.48593
158 -0.8120183348655701 0.1980428695678711 0.4543209969997406 8.4719
159 -0.8139694929122925 0.1945822983980179 0.511522650718689 9.70968
160 -0.8119422197341919 0.1952739506959915 0.5444445013999939 13.8788
161 -0.8142984509468079 0.1979194134473801 0.475720226764679 8.46706
162 -0.8121843338012695 0.2037574201822281 0.5176954865455627 8.41539
163 -0.8131550550460815 0.2102106958627701 0.4794239103794098 11.1627
164 -0.8125019669532776 0.1993457227945328 0.5259259939193726 11.2169
165 -0.8119106292724609 0.1962516009807587 0.5168724656105042 9.39755
166 -0.8120579719543457 0.2105899006128311 0.4728395640850067 7.6016
167 -0.8138571977615356 0.2024327963590622 0.45185187458992 8.84232
168 -0.8124714493751526 0.1947344094514847 0.4481481909751892 8.31778
169 -0.8129523396492004 0.2132791578769684 0.3839506506919861 10.0968
170 -0.814311683177948 0.2035506814718246 0.4670782089233398 10.2315
171 -0.8126227855682373 0.188157245516777 0.4629630148410797 11.4259
172 -0.8144371509552002 0.2179321497678757 0.4773662984371185 10.4686
173 -0.8142666816711426 0.1991463601589203 0.5127572417259216 9.23058
174 -0.8123220801353455 0.1981346011161804 0.5909465551376343 11.6272
175 -0.8113675713539124 0.1927886009216309 0.4707819521427155 6.30489
176 -0.8111023902893066 0.1981965303421021 0.5325103402137756 9.61468
177 -0.8134500980377197 0.2118382900953293 0.4111111164093018 7.05097
178 -0.8129227161407471 0.1952893733978271 0.4213992059230804 8.58241
179 -0.8117443323135376 0.1888400912284851 0.5572016835212708 8.78333
180 -0.8124004602432251 0.1962582767009735 0.4530864655971527 7.32653
181 -0.8131669163703918 0.2095036804676056 0.5164609551429749 9.51044
182 -0.8135790824890137 0.2122223973274231 0.3995884954929352 5.58352
183 -0.8138936161994934 0.1992337107658386 0.5012345910072327 10.5718
184 -0.8130918145179749 0.2033829540014267 0.4674897491931915 10.3139
185 -0.8150413632392883 0.2206256091594696 0.3909465372562408 6.21516
186 -0.8137913346290588 0.2072650343179703 0.4275720715522766 11.799
187 -0.8140754103660583 0.1981365531682968 0.4255144596099854 9.63116
188 -0.8132809400558472 0.193471372127533 0.4893004596233368 12.6952
189 -0.8123228549957275 0.2026399374008179 0.4695473611354828 9.3719
190 -0.8136367201805115 0.2001524865627289 0.42304527759552 9.4981
191 -0.8119063973426819 0.1921250969171524 0.4176955223083496 8.83829
192 -0.8133400082588196 0.1958800107240677 0.4995884895324707 8.04463
193 -0.8128678202629089 0.1976476609706879 0.4382716417312622 8.61014
194 -0.8126071691513062 0.20644611120224 0.4909465312957764 6.87521
195 -0.8130355477333069 0.1998547315597534 0.4366255402565002 9.33016
196 -0.813390851020813 0.1996462941169739 0.4971193969249725 11.6178
197 -0.812322199344635 0.1996249407529831 0.4567901492118835 9.42681
198 -0.8121906518936157 0.197958767414093 0.4794239103794098 10.5521
199 -0.8139035105705261 0.2019085884094238 0.4991770088672638 7.77414
200 -0.8137147426605225 0.195707842707634 0.4613168835639954 11.2206
201 -0.8122151494026184 0.2039892375469208 0.4456790387630463 6.47081
202 -0.8125087022781372 0.197870746254921 0.45185187458992 9.96701
203 -0.8120074272155762 0.2027589976787567 0.4493827819824219 7.62984
204 -0.8115958571434021 0.202872022986412 0.5102881193161011 7.50618
205 -0.8137242794036865 0.1980818659067154 0.3403292298316956 7.29482
206 -0.8123304843902588 0.2000424861907959 0.4683127701282501 7.67215
207 -0.8115020990371704 0.1904797106981277 0.4971193969249725 9.08908
208 -0.8124561905860901 0.1982120722532272 0.445267528295517 8.19181
209 -0.8123332262039185 0.1980112046003342 0.4864197969436646 8.28701
210 -0.8133647441864014 0.199757993221283 0.4469136297702789 10.9499
211 -0.8119572997093201 0.1852147877216339 0.4967078566551208 10.4516
212 -0.8131470680236816 0.2115446329116821 0.4312757551670074 9.22345
213 -0.8131375908851624 0.2064573019742966 0.472428023815155 7.30468
214 -0.8127394318580627 0.2055880576372147 0.5135802626609802 9.12896
215 -0.8125672936439514 0.186310276389122 0.5069959163665771 8.39831
216 -0.8113174438476562 0.2001587450504303 0.4810699820518494 8.14495
217 -0.814252495765686 0.2095400989055634 0.4942387342453003 9.43109
218 -0.8126203417778015 0.1929316371679306 0.4283950924873352 6.90757
219 -0.8123586177825928 0.193897545337677 0.5032922625541687 9.29178
220 -0.8122513890266418 0.2132671475410461 0.3880658745765686 8.99766
221 -0.8140521645545959 0.216207355260849 0.5057613253593445 15.4456
222 -0.8149084448814392 0.2125775516033173 0.4711934328079224 10.2455
223 -0.8117749094963074 0.193998396396637 0.5238683819770813 8.94445
224 -0.8129305839538574 0.2127919495105743 0.452674925327301 14.6465
225 -0.8130455613136292 0.2039502114057541 0.4761317074298859 10.7473
226 -0.8125550746917725 0.1962563097476959 0.4255144596099854 12.5227
227 -0.8134877681732178 0.1985045224428177 0.4679012894630432 8.26019
228 -0.8123438358306885 0.1967507153749466 0.5613169074058533 14.6454
229 -0.8137530088424683 0.2026810944080353 0.4378601014614105 7.96658
230 -0.8126538991928101 0.1986629813909531 0.3621399402618408 7.31104
231 -0.8135656118392944 0.1892387121915817 0.4386831521987915 12.8161
232 -0.8125999569892883 0.1980845481157303 0.4975308775901794 7.03343
233 -0.813279926776886 0.2038006335496902 0.3888889253139496 10.7856
234 -0.81382155418396 0.2118994146585464 0.4567901492118835 7.4378
235 -0.8133890628814697 0.2026202976703644 0.5032922625541687 7.64847
236 -0.8117567300796509 0.1922437697649002 0.4292181432247162 7.81225
237 -0.8134063482284546 0.2022718638181686 0.4172839820384979 6.75787
238 -0.8138859868049622 0.2062262743711472 0.4086419939994812 8.66123
239 -0.8132818937301636 0.201747938990593 0.5275720357894897 8.24472
240 -0.8121870756149292 0.2059611231088638 0.4502058029174805 9.37398
241 -0.8142871260643005 0.2173180133104324 0.433744877576828 9.85227
242 -0.8145715594291687 0.2146338522434235 0.482304573059082 6.81718
243 -0.8124625086784363 0.1974154710769653 0.5390946865081787 12.2573
244 -0.8130698800086975 0.1954830139875412 0.3917695581912994 8.67912
245 -0.8126357197761536 0.2094949185848236 0.4596708118915558 8.94863
246 -0.8123518228530884 0.2004084289073944 0.4201646447181702 8.97646
247 -0.8123663067817688 0.1965074390172958 0.3893004655838013 12.2985
248 -0.8128971457481384 0.1975460648536682 0.5074074268341064 9.35431
249 -0.8124569654464722 0.2024754881858826 0.531687319278717 10.184
250 -0.8119896054267883 0.204554408788681 0.4465020895004272 6.1919
251 -0.8119121789932251 0.1948831379413605 0.4304527044296265 9.74708
252 -0.8129259347915649 0.1907990127801895 0.4897119402885437 9.71924
253 -0.8115270137786865 0.1991270184516907 0.5419753193855286 8.6953
254 -0.8133747577667236 0.2007323801517487 0.4481481909751892 9.65208
255 -0.8123587965965271 0.1891589313745499 0.4213992059230804 10.5682
256 -0.813804030418396 0.2042651921510696 0.4423868954181671 11.7252
257 -0.8133678436279297 0.205821305513382 0.4794239103794098 8.69058
258 -0.8123732209205627 0.1860860139131546 0.3868313133716583 8.72563
259 -0.813523530960083 0.2032390087842941 0.3732510507106781 9.5494
260 -0.8125695586204529 0.2085007280111313 0.3888889253139496 7.83306
261 -0.8127400875091553 0.1942677348852158 0.4806585013866425 8.08366
262 -0.8120844960212708 0.2038714438676834 0.4592592716217041 10.1059
263 -0.8126634955406189 0.2038366496562958 0.5502058267593384 7.68563
264 -0.8143593072891235 0.2036565989255905 0.433744877576828 10.1294
265 -0.8114450573921204 0.1982045024633408 0.4600823521614075 9.47942
266 -0.8135285377502441 0.2146944105625153 0.4683127701282501 5.65095
267 -0.8124810457229614 0.2089512795209885 0.4119341969490051 8.31748
268 -0.8120115399360657 0.2044170796871185 0.4609054028987885 7.20963
269 -0.8124913573265076 0.2144787758588791 0.4255144596099854 9.89336
270 -0.8121328949928284 0.1881833970546722 0.5065844058990479 6.055
271 -0.8139293789863586 0.2136875241994858 0.413168728351593 7.82743
272 -0.8129823207855225 0.1915566176176071 0.4304527044296265 8.49498
273 -0.8141719698905945 0.2142896056175232 0.4753086864948273 5.40303
274 -0.813855767250061 0.1975353956222534 0.5127572417259216 11.1842
275 -0.8125429749488831 0.1933611035346985 0.3855967223644257 6.98026
276 -0.8123884201049805 0.1856627464294434 0.4962963461875916 8.3015
277 -0.8144803047180176 0.2112840116024017 0.4506173133850098 8.65574
278 -0.8116321563720703 0.1990250051021576 0.4588477909564972 13.0325
279 -0.8131439685821533 0.2081600576639175 0.4181070029735565 6.49183
280 -0.8129754066467285 0.1926786750555038 0.4292181432247162 6.30208
281 -0.8136568069458008 0.206884354352951 0.4539095163345337 8.79456
282 -0.8132466673851013 0.2118749022483826 0.5288066267967224 7.57331
283 -0.8128310441970825 0.1992824524641037 0.4255144596099854 9.83783
284 -0.81325364112854 0.2054710537195206 0.4341564178466797 11.6505
285 -0.8113612532615662 0.203800842165947 0.4860082566738129 11.8724
286 -0.8117586970329285 0.1869170367717743 0.4477366507053375 9.54405
287 -0.8124282360076904 0.1837342530488968 0.4407407641410828 7.56942
288 -0.8126032948493958 0.193988710641861 0.4962963461875916 8.9903
289 -0.8132266402244568 0.2087840735912323 0.4106996357440948 8.35549
290 -0.8125736713409424 0.1898583173751831 0.5032922625541687 7.42044
291 -0.8122219443321228 0.2147660553455353 0.4078189730644226 6.47692
292 -0.8117827177047729 0.1956470310688019 0.4144033193588257 8.9478
293 -0.8128800392150879 0.2106593698263168 0.4728395640850067 6.5263
294 -0.8136040568351746 0.2080154418945312 0.4032922089099884 9.93107
295 -0.8121527433395386 0.1874869018793106 0.4316872954368591 11.4787
296 -0.8131077289581299 0.1877598315477371 0.42304527759552 9.68732
297 -0.8116388320922852 0.1918347179889679 0.4641975462436676 9.6432
298 -0.8146641254425049 0.2024587839841843 0.4588477909564972 11.8255
299 -0.8119243383407593 0.2002047151327133 0.4316872954368591 6.4463
300 -0.8127822875976562 0.1974569857120514 0.4604938626289368 8.12773
301 -0.8138504028320312 0.2056929767131805 0.4168724715709686 8.00565
302 -0.8130893707275391 0.1923260539770126 0.3609054088592529 8.19153
303 -0.8131440281867981 0.2122276425361633 0.5399177074432373 9.02551
304 -0.8133088350296021 0.1943562775850296 0.4032922089099884 9.09542
305 -0.8141677975654602 0.2093153893947601 0.3917695581912994 7.0841
306 -0.8118413686752319 0.2072461694478989 0.50534987449646 8.5184
307 -0.8121025562286377 0.2017349451780319 0.4259259402751923 9.10648
308 -0.8116288185119629 0.1936486661434174 0.4041152894496918 8.1378
309 -0.8138080835342407 0.2054961174726486 0.4567901492118835 11.7207
310 -0.8124469518661499 0.1968439072370529 0.54115229845047 14.0114
311 -0.8131399750709534 0.2030734121799469 0.5419753193855286 9.58
312 -0.8121969103813171 0.1874566823244095 0.481481522321701 12.4575
313 -0.8116854429244995 0.1869177222251892 0.4176955223083496 8.17407
314 -0.8133086562156677 0.2050430774688721 0.4938271939754486 12.7804
315 -0.8124962449073792 0.201149582862854 0.5028806924819946 8.38051
316 -0.8126683235168457 0.2053288817405701 0.5617284178733826 10.2668
317 -0.8138768076896667 0.2054430097341537 0.474897176027298 7.00678
318 -0.8132829070091248 0.1977307796478271 0.4024691581726074 8.97521
319 -0.8147143721580505 0.2093101441860199 0.4000000357627869 7.05683
320 -0.812532901763916 0.1950506120920181 0.4432099163532257 9.35162
321 -0.8122391700744629 0.1927030086517334 0.4411523044109344 6.89412
322 -0.8117760419845581 0.2005545645952225 0.4781893193721771 5.911
323 -0.8130450248718262 0.2197465598583221 0.4144033193588257 10.2189
324 -0.8125637769699097 0.207601934671402 0.4707819521427155 6.56667
325 -0.8124972581863403 0.1864052563905716 0.5522634387016296 14.9244
326 -0.8133442401885986 0.2033314406871796 0.432921826839447 10.5181
327 -0.8138738870620728 0.1987917423248291 0.4781893193721771 5.63695
328 -0.8132762312889099 0.2065916955471039 0.463374525308609 9.79741
329 -0.8122250437736511 0.1876329481601715 0.4234568178653717 9.3653
330 -0.8127234578132629 0.1939475983381271 0.4267490208148956 9.35863
331 -0.8145361542701721 0.2103569954633713 0.4572016894817352 10.7787
332 -0.8119564056396484 0.204435259103775 0.375720202922821 8.58762
333 -0.8120284080505371 0.1924296617507935 0.3855967223644257 7.8688
334 -0.8130508661270142 0.1979061514139175 0.4320988059043884 11.4192
335 -0.8133667707443237 0.2062459737062454 0.3855967223644257 7.96484
336 -0.8133817315101624 0.2079851925373077 0.443621426820755 6.08618
337 -0.812919020652771 0.2025880962610245 0.4432099163532257 11.1771
338 -0.8123865723609924 0.2061294913291931 0.4283950924873352 9.2357
339 -0.8130061030387878 0.2060407102108002 0.4522634148597717 7.15701
340 -0.8130648732185364 0.1993279457092285 0.3720164895057678 6.58113
341 -0.8132405877113342 0.2065631747245789 0.4403292536735535 12.1641
342 -0.8133677840232849 0.1987992823123932 0.4893004596233368 6.69322
343 -0.8135619163513184 0.2079089730978012 0.465020626783371 11.7014
344 -0.8118192553520203 0.1983560025691986 0.4736625850200653 8.83118
345 -0.8134614229202271 0.209120437502861 0.4790123701095581 6.63975
346 -0.8119348287582397 0.2027350068092346 0.4078189730644226 7.2456
347 -0.8125924468040466 0.1912386268377304 0.481481522321701 11.8203
348 -0.8125463128089905 0.1868117302656174 0.4098765850067139 9.41333
349 -0.8127251863479614 0.207161545753479 0.4798354506492615 8.41979
350 -0.8129497170448303 0.2138983905315399 0.5008230805397034 8.32352
351 -0.8111313581466675 0.208246260881424 0.3851852118968964 9.55958
352 -0.8129116892814636 0.1972304880619049 0.4802469611167908 8.89391
353 -0.8130285739898682 0.2022446244955063 0.4160493910312653 9.6269
354 -0.8133965134620667 0.1931452453136444 0.4522634148597717 8.91551
355 -0.8119633197784424 0.2043265104293823 0.4312757551670074 9.15345
356 -0.8148817420005798 0.2024096250534058 0.4728395640850067 7.78012
357 -0.8141295313835144 0.2071770876646042 0.4670782089233398 10.0965
358 -0.8120239973068237 0.1921107172966003 0.4666666984558105 13.0001
359 -0.8126747012138367 0.2008407562971115 0.4004115462303162 9.00488
360 -0.8124619722366333 0.2036203444004059 0.4111111164093018 8.85843
361 -0.814166247844696 0.2066190242767334 0.4008230865001678 7.59759
362 -0.8129833936691284 0.1924720406532288 0.4510288536548615 9.29882
363 -0.8128522038459778 0.203404575586319 0.5810700058937073 9.10935
364 -0.8150779604911804 0.2058770209550858 0.4004115462303162 12.792
365 -0.8120829463005066 0.1954656094312668 0.5366255640983582 7.4497
366 -0.8139380812644958 0.2078021019697189 0.4868313074111938 9.15211
367 -0.8149014711380005 0.2207344323396683 0.4098765850067139 6.21981
368 -0.8115708231925964 0.1954183280467987 0.5427983999252319 10.6666
369 -0.8108435869216919 0.1864443421363831 0.501646101474762 10.1218
370 -0.8119677901268005 0.2064615339040756 0.4485597014427185 6.82093
371 -0.8137179613113403 0.211998924612999 0.4753086864948273 5.70111
372 -0.81252521276474 0.1980588585138321 0.4954732954502106 9.82493
373 -0.8123610019683838 0.1957866251468658 0.452674925327301 6.0482
374 -0.8118022680282593 0.1977212578058243 0.4596708118915558 9.5841
375 -0.813773512840271 0.1976444572210312 0.4102880954742432 9.83771
376 -0.8128566741943359 0.2019596993923187 0.4938271939754486 8.41118
377 -0.8133841156959534 0.1929673403501511 0.4687243103981018 9.91695
378 -0.8120143413543701 0.198216050863266 0.4909465312957764 8.63653
379 -0.8126752376556396 0.1977690160274506 0.4728395640850067 9.59551
380 -0.8135108351707458 0.205222561955452 0.5209876894950867 11.2398
381 -0.8136739730834961 0.1975113302469254 0.4082304835319519 10.6395
382 -0.8126668334007263 0.1987369358539581 0.4917695820331573 5.45507
383 -0.8139384984970093 0.2051497399806976 0.4983539581298828 13.9507
384 -0.8128869533538818 0.1945067495107651 0.4761317074298859 13.5968
385 -0.81412273645401 0.2178747951984406 0.5185185670852661 6.97366
386 -0.8127971291542053 0.1985350102186203 0.4086419939994812 10.6526
387 -0.8140659928321838 0.2063854336738586 0.4547325372695923 8.73169
388 -0.8133591413497925 0.1973000913858414 0.4106996357440948 7.46625
389 -0.8119224309921265 0.1977770328521729 0.3724280297756195 8.67431
390 -0.8139853477478027 0.2286701500415802 0.4925926625728607 12.0028
391 -0.8134354948997498 0.199077695608139 0.4415638148784637 11.4805
392 -0.813995361328125 0.2069230824708939 0.5135802626609802 8.0688
393 -0.8134406805038452 0.2138032168149948 0.4888889193534851 11.8093
394 -0.811948835849762 0.2010607868432999 0.4320988059043884 14.6973
395 -0.8129085898399353 0.2075938135385513 0.4621399641036987 4.80882
396 -0.8118720650672913 0.1950140595436096 0.4954732954502106 8.46581
397 -0.8132332563400269 0.2073298990726471 0.462551474571228 6.89384
398 -0.8137708902359009 0.2093673497438431 0.4090535342693329 8.37396
399 -0.8134308457374573 0.1983212530612946 0.4259259402751923 7.91313
400 -0.8130800127983093 0.2091356068849564 0.4773662984371185 9.76942
401 -0.8134796023368835 0.2029516398906708 0.5098766088485718 6.57185
402 -0.8139150142669678 0.2018815875053406 0.4144033193588257 8.23197
403 -0.8135206699371338 0.1996054500341415 0.4172839820384979 7.58046
404 -0.8126024603843689 0.2010406702756882 0.4423868954181671 10.1221
405 -0.8128793835639954 0.2062309980392456 0.4798354506492615 7.91801
406 -0.8134549260139465 0.1917533576488495 0.5407407879829407 9.35678
407 -0.815584123134613 0.2023260891437531 0.4777778387069702 7.7538
408 -0.8123942613601685 0.1927247494459152 0.4419753551483154 11.518
409 -0.8120511174201965 0.2022114098072052 0.4049383103847504 9.04551
410 -0.812388002872467 0.2021569460630417 0.465843677520752 7.71153
411 -0.8141573667526245 0.2007556557655334 0.4637860655784607 7.1037
412 -0.8143447041511536 0.1951556950807571 0.4699589014053345 14.2496
413 -0.815223217010498 0.2053853422403336 0.5748971700668335 12.1762
414 -0.8138272166252136 0.2154237926006317 0.4037037491798401 9.806
415 -0.8130557537078857 0.1991944313049316 0.4736625850200653 11.1051
416 -0.8123541474342346 0.2039306610822678 0.3925926089286804 9.63796
417 -0.813063383102417 0.2089156061410904 0.4831275939941406 7.53192
418 -0.8150699138641357 0.2103842794895172 0.5744856595993042 9.41178
419 -0.8125794529914856 0.1945419460535049 0.4506173133850098 9.01479
420 -0.8132998943328857 0.2104760408401489 0.4193415939807892 9.30595
421 -0.8125568628311157 0.1821896582841873 0.4296296834945679 6.01731
422 -0.8140485882759094 0.1979256570339203 0.4646090865135193 5.97164
423 -0.8134193420410156 0.2053660452365875 0.4024691581726074 7.9784
424 -0.8122248649597168 0.2042877674102783 0.4580247402191162 6.43431
425 -0.8121892809867859 0.1947218477725983 0.3847736716270447 9.06134
426 -0.812803328037262 0.2050850391387939 0.4588477909564972 9.34266
427 -0.8136570453643799 0.206324890255928 0.4502058029174805 7.74743
428 -0.8144012689590454 0.228251650929451 0.4485597014427185 7.89995
429 -0.8132611513137817 0.2117506116628647 0.4444445073604584 9.11333
430 -0.8136398792266846 0.2132377326488495 0.4691358208656311 6.65361
431 -0.8124341368675232 0.188776046037674 0.452674925327301 11.845
432 -0.8132299184799194 0.2069440931081772 0.4144033193588257 6.68363
433 -0.8130303621292114 0.2073102444410324 0.5687243342399597 11.8995
434 -0.8127803802490234 0.2090006172657013 0.4279835522174835 7.29051
435 -0.8122372031211853 0.1992730349302292 0.4222222566604614 7.18576
436 -0.8135233521461487 0.1998233646154404 0.4810699820518494 11.2229
437 -0.8106765151023865 0.1977364718914032 0.4041152894496918 5.47799
438 -0.8131391406059265 0.2030507475137711 0.5390946865081787 14.5436
439 -0.8137808442115784 0.1900219917297363 0.4296296834945679 8.06442
440 -0.8139310479164124 0.2077130079269409 0.4292181432247162 8.19778
441 -0.813241720199585 0.1877655982971191 0.4378601014614105 7.82634
442 -0.8130036592483521 0.2040069997310638 0.4176955223083496 9.68463
443 -0.8130235075950623 0.2014452368021011 0.4967078566551208 8.34674
444 -0.810045063495636 0.1787732690572739 0.4465020895004272 9.62639
445 -0.8140421509742737 0.2097130566835403 0.3950617611408234 10.0809
446 -0.8133838176727295 0.2011340111494064 0.5176954865455627 10.3351
447 -0.8132393956184387 0.2136357575654984 0.4637860655784607 8.05602
448 -0.8127204775810242 0.1961276233196259 0.4584362506866455 11.3874
449 -0.8116568326950073 0.1983659267425537 0.3971193730831146 5.62609
450 -0.8120599985122681 0.1963509768247604 0.4341564178466797 9.4366
451 -0.8123754858970642 0.2102688848972321 0.455144077539444 5.55248
452 -0.8143301010131836 0.2144397646188736 0.4962963461875916 8.96891
453 -0.8140004277229309 0.2221115678548813 0.5283951163291931 13.0453
454 -0.8133609890937805 0.2057586312294006 0.537860095500946 6.77366
455 -0.814190685749054 0.2057545930147171 0.4415638148784637 7.06954
456 -0.8137505054473877 0.1957323402166367 0.4213992059230804 8.74127
457 -0.8134331107139587 0.205793634057045 0.4683127701282501 7.95162
458 -0.8136213421821594 0.2033592313528061 0.4411523044109344 8.23868
459 -0.811689555644989 0.1940229535102844 0.511934220790863 10.4383
460 -0.8115147948265076 0.1965063512325287 0.5341564416885376 9.03234
461 -0.8127948641777039 0.2038193494081497 0.4000000357627869 12.104
462 -0.8142048120498657 0.1966871917247772 0.4456790387630463 7.60701
463 -0.8144528865814209 0.2019379287958145 0.4358024895191193 8.37792
464 -0.8120540976524353 0.1871207058429718 0.5074074268341064 7.96526
465 -0.8133829236030579 0.2061957567930222 0.6106996536254883 10.6822
466 -0.8129034042358398 0.2008579969406128 0.4049383103847504 11.924
467 -0.8143045902252197 0.2187073230743408 0.4172839820384979 6.86289
468 -0.8109660744667053 0.1861733347177505 0.4185185432434082 9.30461
469 -0.8119888305664062 0.1949504017829895 0.5271605253219604 8.141
470 -0.8108001351356506 0.1983671337366104 0.5329218506813049 13.2266
471 -0.8123674988746643 0.2056842893362045 0.4670782089233398 9.5459
472 -0.8127086758613586 0.202443927526474 0.4720164835453033 8.87262
473 -0.8154142498970032 0.2082777470350266 0.4259259402751923 9.21389
474 -0.8139991760253906 0.1994098275899887 0.4790123701095581 9.69857
475 -0.8148849010467529 0.2004483491182327 0.4341564178466797 8.93454
476 -0.8138604164123535 0.2142365276813507 0.4423868954181671 8.35889
477 -0.8120711445808411 0.2085656076669693 0.4362140297889709 9.41445
478 -0.8149436712265015 0.2240870296955109 0.501646101474762 11.3254
479 -0.8127933144569397 0.2013196051120758 0.5333333611488342 10.0239
480 -0.8126659393310547 0.1984622180461884 0.4687243103981018 9.34389
481 -0.8124682903289795 0.2008370161056519 0.5152263641357422 10.7899
482 -0.812662661075592 0.2004551142454147 0.4115226566791534 10.0061
483 -0.8131691217422485 0.205734983086586 0.4629630148410797 7.21118
484 -0.8120317459106445 0.1864046603441238 0.4654321372509003 12.1996
485 -0.8135225176811218 0.2049743384122849 0.4596708118915558 7.40134
486 -0.8114904761314392 0.1918225437402725 0.5473251342773438 15.3678
487 -0.8120077848434448 0.1984927356243134 0.531275749206543 8.29102
488 -0.8127477169036865 0.1901730895042419 0.527983546257019 12.32
489 -0.8113490343093872 0.187234029173851 0.3917695581912994 5.88313
490 -0.811631977558136 0.1950039714574814 0.4897119402885437 6.71718
491 -0.8136692643165588 0.1985827088356018 0.5037037134170532 8.87183
492 -0.8128171563148499 0.1899957954883575 0.4781893193721771 6.02058
493 -0.8134216070175171 0.2019137442111969 0.4576131999492645 10.9463
494 -0.8123881220817566 0.2029536813497543 0.5000000596046448 8.63245
495 -0.812383770942688 0.1988174170255661 0.4711934328079224 8.18065
496 -0.8141463994979858 0.2074784934520721 0.4687243103981018 14.9345
497 -0.8123051524162292 0.2029046267271042 0.5193415880203247 8.97625
498 -0.8150404691696167 0.2166396677494049 0.4995884895324707 10.5084
499 -0.8109731674194336 0.1854037642478943 0.4176955223083496 8.42306
500 -0.812311589717865 0.2022534012794495 0.5263375043869019 11.0694
501 -0.8130824565887451 0.2049353271722794 0.4395062327384949 10.0058
502 -0.8134454488754272 0.20535908639431 0.4798354506492615 9.41794
503 -0.8134667277336121 0.1941362470388412 0.4312757551670074 8.74576
504 -0.8116154670715332 0.1958166658878326 0.4806585013866425 8.57123
505 -0.8133959174156189 0.1948913782835007 0.4312757551670074 9.52234
506 -0.8122362494468689 0.1970739960670471 0.5345679521560669 6.17076
507 -0.8135589361190796 0.1962123662233353 0.4251029193401337 6.95278
508 -0.8122076988220215 0.2011344581842422 0.4485597014427185 8.86894
509 -0.8124369978904724 0.1929439753293991 0.5267490148544312 8.36884
510 -0.8130351305007935 0.2038550078868866 0.4831275939941406 7.54009
511 -0.8130379319190979 0.2091559171676636 0.4543209969997406 10.16
512 -0.813218891620636 0.196365088224411 0.3818930387496948 6.88486
513 -0.813047468662262 0.2031779587268829 0.465843677520752 5.82741
514 -0.8129510283470154 0.204646423459053 0.4580247402191162 11.1289
515 -0.8144829273223877 0.2187982797622681 0.4234568178653717 9.27211
516 -0.813024640083313 0.2088245898485184 0.443621426820755 7.60414
517 -0.8126741647720337 0.1980244964361191 0.443621426820755 9.78857
518 -0.8109815120697021 0.2005890756845474 0.4773662984371185 10.264
519 -0.8122549653053284 0.2001155763864517 0.5358025431632996 12.2183
520 -0.8144243359565735 0.2096001803874969 0.455144077539444 5.70813
521 -0.8132981061935425 0.1850573718547821 0.462551474571228 10.6892
522 -0.8123186826705933 0.1884756237268448 0.4707819521427155 7.38614
523 -0.8128209114074707 0.2125133723020554 0.423868328332901 7.03227
524 -0.8141859769821167 0.2119002342224121 0.3802469372749329 7.31421
525 -0.8124173283576965 0.2066387534141541 0.5106996297836304 8.67357
526 -0.8129917979240417 0.2078839987516403 0.4333333671092987 6.89979
527 -0.8129944801330566 0.2011446803808212 0.5341564416885376 8.09708
528 -0.8123316168785095 0.1991483569145203 0.4563786089420319 9.0162
529 -0.8117139339447021 0.1983953714370728 0.462551474571228 11.7426
530 -0.8136059641838074 0.1997662782669067 0.4732510447502136 11.611
531 -0.8137566447257996 0.2089888900518417 0.4913580715656281 10.0711
532 -0.8118208050727844 0.2034505754709244 0.5144033432006836 8.5662
533 -0.8116814494132996 0.2007697522640228 0.4069959223270416 11.4075
534 -0.813139796257019 0.1999499946832657 0.4765432476997375 12.5118
535 -0.8127619624137878 0.2019586116075516 0.474897176027298 9.28954
536 -0.812147855758667 0.2018129080533981 0.4572016894817352 8.98917
537 -0.8121204376220703 0.2012219578027725 0.4765432476997375 10.3056
538 -0.8136484622955322 0.2094925940036774 0.3925926089286804 6.70461
539 -0.8143154382705688 0.2186487168073654 0.5386831760406494 8.64933
540 -0.8130416870117188 0.2083916068077087 0.4053498208522797 7.42019
541 -0.8129199147224426 0.2110368609428406 0.4786008596420288 7.12655
542 -0.8141711950302124 0.2007316499948502 0.4818930327892303 9.95229
543 -0.813252866268158 0.1941839009523392 0.4386831521987915 9.7007
544 -0.8128317594528198 0.2035246193408966 0.5049383044242859 8.52315
545 -0.8126097917556763 0.1954452991485596 0.4102880954742432 8.31755
546 -0.8132542967796326 0.1964757293462753 0.4683127701282501 7.5744
547 -0.8130159378051758 0.211440309882164 0.4831275939941406 10.9476
548 -0.8140397667884827 0.2098115682601929 0.4419753551483154 10.1159
549 -0.8121039271354675 0.1974553614854813 0.4736625850200653 6.71563
550 -0.8123364448547363 0.204806312918663 0.5069959163665771 12.9202
551 -0.8122541308403015 0.1886494159698486 0.4798354506492615 8.58759
552 -0.8127002716064453 0.1882419437170029 0.4711934328079224 8.34005
553 -0.8140411972999573 0.1970982700586319 0.3831275999546051 9.96505
554 -0.8123067021369934 0.1954864859580994 0.4967078566551208 6.54905
555 -0.8136305212974548 0.2054233551025391 0.4497942626476288 9.41688
556 -0.8132277131080627 0.2180071473121643 0.4024691581726074 6.39352
557 -0.8130388259887695 0.203040674328804 0.5181070566177368 11.0811
558 -0.8123743534088135 0.2129869759082794 0.4382716417312622 8.47577
559 -0.8126218914985657 0.2042846530675888 0.3839506506919861 7.4234
560 -0.813177227973938 0.2019073516130447 0.4744856357574463 12.1364
561 -0.8131704330444336 0.2038789540529251 0.4769547581672668 10.3279
562 -0.8130146265029907 0.2058451920747757 0.4395062327384949 9.34306
563 -0.8126873373985291 0.1977313905954361 0.4440329670906067 10.3595
564 -0.8107654452323914 0.1956092566251755 0.4053498208522797 7.66778
565 -0.8124510049819946 0.208453506231308 0.3938271999359131 9.37146
566 -0.8125688433647156 0.2022563219070435 0.5308642387390137 13.6339
567 -0.8128423690795898 0.1962181776762009 0.5069959163665771 10.4359
568 -0.8128396272659302 0.1977829188108444 0.4152263700962067 6.46863
569 -0.8121524453163147 0.1969456225633621 0.5251029133796692 6.44972
570 -0.8131855726242065 0.2037985622882843 0.4148148596286774 5.3322
571 -0.8129324316978455 0.1931556016206741 0.4786008596420288 6.67824
572 -0.8140042424201965 0.2044056206941605 0.465843677520752 6.96706
573 -0.8142521977424622 0.2075327336788177 0.4135802686214447 7.75776
574 -0.8133662343025208 0.2024720013141632 0.5440329313278198 11.3938
575 -0.8123835325241089 0.1982147246599197 0.471604973077774 11.8336
576 -0.8125991225242615 0.2054070830345154 0.5530864596366882 16.6863
577 -0.813877284526825 0.2025909572839737 0.4065843820571899 6.76588
578 -0.8122879862785339 0.1986023336648941 0.4711934328079224 7.36634
579 -0.8134164214134216 0.2045575380325317 0.4588477909564972 9.48676
580 -0.813015878200531 0.1918393075466156 0.43539097905159 9.78144
581 -0.8125759959220886 0.1928873658180237 0.4547325372695923 8.91442
582 -0.8153116106987 0.2167113721370697 0.4975308775901794 8.00833
583 -0.8135020136833191 0.199819028377533 0.4300411641597748 8.87505
584 -0.8155750036239624 0.2041522413492203 0.5872428417205811 14.0396
585 -0.8127984404563904 0.1998673230409622 0.4720164835453033 7.39169
586 -0.8128488659858704 0.2039415687322617 0.4769547581672668 9.77155
587 -0.8113861680030823 0.1873259246349335 0.4292181432247162 10.1701
588 -0.8129726648330688 0.201358750462532 0.4386831521987915 9.81954
589 -0.8134788274765015 0.2094829976558685 0.5613169074058533 12.5771
590 -0.8129535913467407 0.2062488049268723 0.5086420178413391 7.91583
591 -0.8125401735305786 0.1966386139392853 0.5057613253593445 11.4134
592 -0.812727689743042 0.1975818425416946 0.4086419939994812 7.17516
593 -0.8117548823356628 0.1964736580848694 0.3987654745578766 9.2907
594 -0.8124621510505676 0.1756970286369324 0.5440329313278198 9.04611
595 -0.8130783438682556 0.197366937994957 0.461728423833847 7.70093
596 -0.8127025365829468 0.1837663948535919 0.5008230805397034 11.266
597 -0.8131009340286255 0.1869237273931503 0.4325103461742401 8.92836
598 -0.8123302459716797 0.1894889920949936 0.4481481909751892 7.51336
599 -0.8142769336700439 0.2098578959703445 0.4320988059043884 7.9756
600 -0.8118410706520081 0.2023529857397079 0.511522650718689 7.54894
601 -0.8133106231689453 0.2048726975917816 0.4419753551483154 11.9391
602 -0.8129913210868835 0.2048888951539993 0.4465020895004272 7.22806
603 -0.8145448565483093 0.2185787707567215 0.6094650626182556 9.51148
604 -0.8131316900253296 0.2008543461561203 0.4567901492118835 6.4637
605 -0.8121537566184998 0.198226660490036 0.4827161133289337 8.8225
606 -0.8136207461357117 0.2016156017780304 0.560905396938324 9.69403
607 -0.8143026232719421 0.2132703065872192 0.4563786089420319 8.684
608 -0.811775803565979 0.1968273669481277 0.4641975462436676 7.94975
609 -0.8138226866722107 0.197526291012764 0.511934220790863 10.0523
610 -0.8121039271354675 0.1996737867593765 0.4637860655784607 8.36239
611 -0.8126851320266724 0.1978804469108582 0.4374486207962036 7.19607
612 -0.811907172203064 0.1928617805242538 0.4563786089420319 8.89521
613 -0.8139681816101074 0.2100437879562378 0.4868313074111938 9.97086
614 -0.8129568696022034 0.1963712722063065 0.4860082566738129 7.99463
615 -0.8135010600090027 0.2202499955892563 0.5057613253593445 10.9289
616 -0.8125096559524536 0.2068284451961517 0.4637860655784607 8.61197
617 -0.8130367994308472 0.201734259724617 0.4962963461875916 10.3511
618 -0.8123069405555725 0.1950967162847519 0.4740740954875946 8.87889
619 -0.8113770484924316 0.1859290301799774 0.4119341969490051 8.94079
620 -0.8132486343383789 0.2035046368837357 0.4843621850013733 7.08519
621 -0.8124024271965027 0.1983910501003265 0.5139918327331543 12.1504
622 -0.8125652670860291 0.2051424086093903 0.4325103461742401 7.81544
623 -0.8128209710121155 0.1983344107866287 0.3831275999546051 5.88482
624 -0.812559187412262 0.2028181999921799 0.5831276178359985 12.8017
625 -0.8136913180351257 0.2140911668539047 0.5061728954315186 7.65037
626 -0.8136066794395447 0.2135799825191498 0.4374486207962036 10.1653
627 -0.8137965202331543 0.2075155973434448 0.5345679521560669 10.2166
628 -0.8125456571578979 0.2133223712444305 0.471604973077774 7.25065
629 -0.8128740191459656 0.2065813839435577 0.5135802626609802 17.8306
630 -0.8122349977493286 0.196241170167923 0.4983539581298828 8.9325
631 -0.8117972612380981 0.1891701221466064 0.3855967223644257 6.93111
632 -0.8134835362434387 0.2126085162162781 0.4790123701095581 9.11933
633 -0.8134008646011353 0.2056958824396133 0.5041152834892273 8.39241
634 -0.8133321404457092 0.2053181529045105 0.5193415880203247 7.21829
635 -0.8146333694458008 0.2076226472854614 0.4604938626289368 10.5985
636 -0.8126761317253113 0.1897495687007904 0.4320988059043884 6.45292
637 -0.8125782012939453 0.1987563073635101 0.5275720357894897 8.87076
638 -0.8121283650398254 0.2069097459316254 0.4185185432434082 7.66692
639 -0.8123952746391296 0.1977738887071609 0.4411523044109344 9.52583
640 -0.8121286630630493 0.2001788914203644 0.4769547581672668 9.51199
641 -0.8113178610801697 0.1992723792791367 0.3971193730831146 9.01296
642 -0.8124281167984009 0.1869537085294724 0.3967078328132629 11.2104
643 -0.813215970993042 0.1902896761894226 0.5078189969062805 10.4335
644 -0.8123006820678711 0.1913581192493439 0.4654321372509003 6.15083
645 -0.8136081695556641 0.202426090836525 0.4382716417312622 8.05322
646 -0.8128198385238647 0.1971094757318497 0.4411523044109344 7.65639
647 -0.8133108615875244 0.2097631990909576 0.4041152894496918 8.16044
648 -0.8126291632652283 0.1980865895748138 0.4547325372695923 8.53873
649 -0.8122952580451965 0.2004540413618088 0.4991770088672638 7.86255
650 -0.8130035996437073 0.2012816965579987 0.4909465312957764 7.67739
651 -0.8148166537284851 0.214702695608139 0.4596708118915558 7.89588
652 -0.8117263317108154 0.1889525800943375 0.4403292536735535 9.03741
653 -0.8130239844322205 0.2075217217206955 0.4699589014053345 10.592
654 -0.8131224513053894 0.2097549438476562 0.3942387402057648 7.88447
655 -0.8123379945755005 0.20815609395504 0.4576131999492645 8.81523
656 -0.8130573630332947 0.1942712366580963 0.4168724715709686 8.46095
657 -0.8128095865249634 0.1966895163059235 0.5176954865455627 8.02519
658 -0.8122854828834534 0.2030420303344727 0.4106996357440948 7.05664
659 -0.8141521811485291 0.1996639966964722 0.465020626783371 11.4833
660 -0.8127181529998779 0.1942670047283173 0.4773662984371185 6.35139
661 -0.8124068975448608 0.197782963514328 0.4646090865135193 6.90551
662 -0.8136101365089417 0.2043087333440781 0.4213992059230804 9.8197
663 -0.8126770853996277 0.200197696685791 0.455144077539444 7.29102
664 -0.8121933341026306 0.1951107233762741 0.4572016894817352 6.54623
665 -0.8133057355880737 0.2070925831794739 0.462551474571228 12.2855
666 -0.811612606048584 0.2080787420272827 0.4497942626476288 8.16581
667 -0.8136275410652161 0.2208693474531174 0.4810699820518494 9.25454
668 -0.8146607875823975 0.2163935899734497 0.4069959223270416 8.74132
669 -0.812455952167511 0.2041249424219131 0.4576131999492645 10.2599
670 -0.8110231757164001 0.1825925707817078 0.4205761849880219 8.28519
671 -0.8117262125015259 0.1980056911706924 0.5135802626609802 12.019
672 -0.8121712207794189 0.1865795254707336 0.4148148596286774 10.137
673 -0.8128604292869568 0.2035919725894928 0.6037037372589111 10.3624
674 -0.8121182322502136 0.2004933804273605 0.432921826839447 6.72935
675 -0.8137152791023254 0.2076037973165512 0.4773662984371185 9.13787
676 -0.8129987716674805 0.1934233605861664 0.4477366507053375 8.32042
677 -0.8111483454704285 0.1944644004106522 0.4032922089099884 8.25102
678 -0.8116962313652039 0.1977967172861099 0.4460905790328979 8.30507
679 -0.8134598731994629 0.1983116269111633 0.3872428238391876 7.90338
680 -0.812483549118042 0.1878249049186707 0.5004115700721741 8.66755
681 -0.8131887912750244 0.2121918350458145 0.4032922089099884 6.58852
682 -0.8110551238059998 0.1775003224611282 0.4913580715656281 8.93604
683 -0.8133244514465332 0.1992669850587845 0.4637860655784607 10.3336
684 -0.8120957612991333 0.2040562182664871 0.4818930327892303 6.43451
685 -0.8127219080924988 0.2019786834716797 0.5032922625541687 9.54373
686 -0.8131250143051147 0.2041397243738174 0.4362140297889709 9.98292
687 -0.8131041526794434 0.2001034319400787 0.5489712357521057 10.1815
688 -0.8139554262161255 0.2104994356632233 0.4905350208282471 5.57275
689 -0.8132315874099731 0.197892352938652 0.5041152834892273 8.72046
690 -0.8115938305854797 0.1886623054742813 0.4897119402885437 8.66322
691 -0.813065767288208 0.2114046216011047 0.442798376083374 8.95273
692 -0.8117626905441284 0.1947363615036011 0.4753086864948273 7.8244
693 -0.8123784065246582 0.1971500068902969 0.3983539342880249 8.98787
694 -0.8125527501106262 0.1978819519281387 0.4839506447315216 9.66877
695 -0.8129619359970093 0.1956920176744461 0.4325103461742401 9.37303
696 -0.8127052187919617 0.1915625333786011 0.443621426820755 10.8535
697 -0.8126713633537292 0.2061512619256973 0.481481522321701 7.92382
698 -0.8139057755470276 0.2125461995601654 0.4555555880069733 8.63542
699 -0.8133367300033569 0.2028583586215973 0.4818930327892303 12.3493
700 -0.8119116425514221 0.1909733265638351 0.3839506506919861 5.96903
701 -0.8122097253799438 0.2052579969167709 0.3983539342880249 9.13799
702 -0.8131502866744995 0.209543377161026 0.4600823521614075 8.23155
703 -0.8110775351524353 0.2117632031440735 0.4440329670906067 10.0294
704 -0.8127062916755676 0.1982925236225128 0.4246914088726044 8.17549
705 -0.8128410577774048 0.1928800046443939 0.4662551581859589 7.27685
706 -0.8123510479927063 0.1965621113777161 0.4489712417125702 8.49049
707 -0.8131107687950134 0.2012140899896622 0.4362140297889709 9.17975
708 -0.8126310110092163 0.1959482878446579 0.4740740954875946 10.6981
709 -0.8131615519523621 0.2058517634868622 0.4098765850067139 7.10741
710 -0.8128766417503357 0.1892347186803818 0.4370370805263519 7.66558
711 -0.8140134811401367 0.2057174146175385 0.4596708118915558 13.521
712 -0.8133814334869385 0.1975536942481995 0.4106996357440948 7.77674
713 -0.8141542077064514 0.2059779912233353 0.4358024895191193 10.6378
714 -0.8125510811805725 0.2084556221961975 0.475720226764679 10.7426
715 -0.8134071230888367 0.2041716277599335 0.4868313074111938 9.54817
716 -0.8111204504966736 0.1900684833526611 0.5242798924446106 9.62928
717 -0.8116084933280945 0.1961939632892609 0.5102881193161011 8.92854
718 -0.8113236427307129 0.1928561329841614 0.4629630148410797 9.65928
719 -0.8141488432884216 0.2079289704561234 0.4543209969997406 9.42674
720 -0.8122072219848633 0.1909312158823013 0.5205761790275574 8.10093
721 -0.8111000061035156 0.1865090280771255 0.4493827819824219 9.23213
722 -0.8131284117698669 0.2049092799425125 0.4810699820518494 11.5851
723 -0.8133059740066528 0.2138007879257202 0.43539097905159 9.47338
724 -0.8142298460006714 0.2122643887996674 0.482304573059082 7.70484
725 -0.8129510879516602 0.2089259028434753 0.4596708118915558 9.64896
726 -0.8121423125267029 0.1976146101951599 0.4106996357440948 10.3367
727 -0.8131474852561951 0.2208216339349747 0.511934220790863 9.40213
728 -0.8133965134620667 0.1938891559839249 0.4576131999492645 9.82695
729 -0.8134469985961914 0.2093866765499115 0.4971193969249725 12.1085
730 -0.8107699155807495 0.1960753351449966 0.4259259402751923 6.02685
731 -0.8128118515014648 0.2019816339015961 0.3818930387496948 9.9766
732 -0.8127564191818237 0.2012677043676376 0.4654321372509003 8.90782
733 -0.81305330991745 0.2001356780529022 0.4810699820518494 8.43593
734 -0.8126007318496704 0.2165674418210983 0.4917695820331573 7.11859
735 -0.8138769268989563 0.2044116407632828 0.4806585013866425 7.21803
736 -0.8133317828178406 0.2127417325973511 0.3991770148277283 11.6694
737 -0.8128430247306824 0.2061630040407181 0.4794239103794098 7.11039
738 -0.8145561814308167 0.2087685763835907 0.501646101474762 8.64539
739 -0.8127076029777527 0.1897632479667664 0.4707819521427155 8.14086
740 -0.8132545351982117 0.1933682858943939 0.4510288536548615 8.02919
741 -0.8134301900863647 0.2044345736503601 0.3654321432113647 6.43389
742 -0.8115700483322144 0.1961588561534882 0.4366255402565002 12.592
743 -0.8121649622917175 0.1932389885187149 0.4300411641597748 7.61824
744 -0.8130751252174377 0.2011130154132843 0.3983539342880249 8.79653
745 -0.8131137490272522 0.2001845240592957 0.442798376083374 9.46044
746 -0.812868595123291 0.2062407433986664 0.4341564178466797 7.2316
747 -0.8137884140014648 0.2075786888599396 0.4333333671092987 10.4046
748 -0.8121048808097839 0.199500635266304 0.5041152834892273 12.6742
749 -0.8144934177398682 0.2118860334157944 0.4855967462062836 10.088
750 -0.813872218132019 0.2012853175401688 0.4271605312824249 8.43572
751 -0.8126213550567627 0.1855573952198029 0.4366255402565002 8.345
752 -0.8125797510147095 0.1910273283720016 0.4213992059230804 9.30914
753 -0.8128550052642822 0.2107756584882736 0.4872428476810455 13.9957
754 -0.8131489157676697 0.2054403275251389 0.4489712417125702 6.73127
755 -0.8124151825904846 0.1897081434726715 0.4312757551670074 10.7993
756 -0.8131647706031799 0.2028057724237442 0.4263374805450439 9.76049
757 -0.8130547404289246 0.2062146067619324 0.4086419939994812 7.25132
758 -0.8140919804573059 0.2031626552343369 0.4181070029735565 10.9437
759 -0.8134679198265076 0.2202366143465042 0.471604973077774 7.94331
760 -0.8127510547637939 0.2139882743358612 0.5259259939193726 6.97829
761 -0.8121123313903809 0.2110643535852432 0.4275720715522766 8.27294
762 -0.8127754926681519 0.1939697861671448 0.4810699820518494 8.39528
763 -0.8121101260185242 0.1857860684394836 0.4218107461929321 12.6123
764 -0.8132171034812927 0.2035858929157257 0.4913580715656281 11.8082
765 -0.8131257295608521 0.191666916012764 0.4810699820518494 8.43123
766 -0.8120603561401367 0.2151256054639816 0.50534987449646 6.46951
767 -0.8123077750205994 0.1958925575017929 0.4839506447315216 7.67076
768 -0.8130940794944763 0.226321741938591 0.3720164895057678 9.51678
769 -0.8126993775367737 0.2142586261034012 0.5189300775527954 8.30391
770 -0.814012885093689 0.2049798220396042 0.5032922625541687 9.58836
771 -0.8137222528457642 0.2096162140369415 0.4510288536548615 12.3363
772 -0.812796413898468 0.1868916153907776 0.4592592716217041 9.22419
773 -0.8138394951820374 0.2045369893312454 0.4629630148410797 11.5949
774 -0.8117330074310303 0.2034362852573395 0.453497976064682 9.90264
775 -0.8122543692588806 0.2012698799371719 0.4493827819824219 5.39674
776 -0.811842679977417 0.187279686331749 0.396296352148056 9.24431
777 -0.811198890209198 0.1900533586740494 0.5304527282714844 8.75421
778 -0.8124359250068665 0.2037904411554337 0.4246914088726044 10.3641
779 -0.8134729266166687 0.2058257907629013 0.4777778387069702 11.144
780 -0.8135032653808594 0.2126101851463318 0.4456790387630463 9.08607
781 -0.813546895980835 0.2059699892997742 0.4123457074165344 9.47669
782 -0.8116974234580994 0.1857515722513199 0.4637860655784607 12.8796
783 -0.8127911686897278 0.1996707618236542 0.4769547581672668 11.2413
784 -0.8135079741477966 0.2032170444726944 0.433744877576828 6.09808
785 -0.8127763867378235 0.197908952832222 0.4115226566791534 8.37167
786 -0.8137327432632446 0.2134919613599777 0.4481481909751892 8.69514
787 -0.8130831718444824 0.2011689841747284 0.5942387580871582 9.1475
788 -0.8127365112304688 0.189315065741539 0.5106996297836304 7.72012
789 -0.8121669292449951 0.2061150372028351 0.4366255402565002 10.7661
790 -0.8120275139808655 0.1872304528951645 0.4769547581672668 10.6695
791 -0.8146374225616455 0.2066566199064255 0.42304527759552 7.65567
792 -0.8152144551277161 0.205269917845726 0.4679012894630432 8.7453
793 -0.813595712184906 0.2090323269367218 0.4358024895191193 10.7912
794 -0.8130388855934143 0.1946063637733459 0.5699589252471924 12.1604
795 -0.8114823698997498 0.1966497153043747 0.5209876894950867 10.5638
796 -0.8113366961479187 0.184885635972023 0.4522634148597717 9.47683
797 -0.8129160404205322 0.2023249566555023 0.4687243103981018 7.96766
798 -0.8140065670013428 0.212785392999649 0.4662551581859589 7.01435
799 -0.8114704489707947 0.1878093928098679 0.4613168835639954 8.92938
800 -0.8125391602516174 0.2095680981874466 0.4913580715656281 7.56035
801 -0.8142695426940918 0.2069269865751266 0.4041152894496918 13.783
802 -0.8148530125617981 0.2086512893438339 0.4172839820384979 9.22762
803 -0.8122331500053406 0.2034837007522583 0.52181077003479 8.33505
804 -0.8133878707885742 0.2040812820196152 0.4119341969490051 8.7141
805 -0.8132811784744263 0.205502524971962 0.4563786089420319 9.99259
806 -0.8133021593093872 0.1981126964092255 0.4403292536735535 7.72773
807 -0.8135637044906616 0.2104187458753586 0.4489712417125702 7.53891
808 -0.8129780292510986 0.1974025666713715 0.4584362506866455 11.3649
809 -0.8109889030456543 0.1959043741226196 0.453497976064682 13.3955
810 -0.8126055598258972 0.2010656744241714 0.4304527044296265 7.94368
811 -0.8135509490966797 0.2061030715703964 0.5082305073738098 9.09905
812 -0.8110652565956116 0.1831908375024796 0.5353909730911255 9.61086
813 -0.8126288056373596 0.2046517580747604 0.5090535283088684 6.47785
814 -0.8128693699836731 0.2013251185417175 0.4707819521427155 9.56956
815 -0.8121631741523743 0.2077903300523758 0.4547325372695923 9.40727
816 -0.813443124294281 0.1971710175275803 0.4004115462303162 9.36368
817 -0.8130978345870972 0.2070433348417282 0.4917695820331573 7.98859
818 -0.8122754693031311 0.1987183690071106 0.4074074327945709 6.87012
819 -0.8143627047538757 0.2022398412227631 0.3736625909805298 8.80572
820 -0.8125705718994141 0.1972901225090027 0.4382716417312622 9.70282
821 -0.8122575879096985 0.20413738489151 0.474897176027298 8.73968
822 -0.813482403755188 0.1931808292865753 0.4876543879508972 8.89822
823 -0.8118311166763306 0.1938983350992203 0.433744877576828 10.2166
824 -0.8129974603652954 0.202383279800415 0.527983546257019 12.3359
825 -0.8125234246253967 0.1897889673709869 0.3979424238204956 8.98625
826 -0.8134974241256714 0.2037525177001953 0.4687243103981018 9.40414
827 -0.8133029937744141 0.1914887130260468 0.5164609551429749 11.3097
828 -0.8115871548652649 0.1856297850608826 0.4938271939754486 9.54711
829 -0.8123586177825928 0.1893011033535004 0.4720164835453033 8.11067
830 -0.8128049969673157 0.2030406445264816 0.4950617551803589 12.165
831 -0.8123576045036316 0.1991556137800217 0.4053498208522797 7.16384
832 -0.8134119510650635 0.2112997174263 0.4209876656532288 7.30595
833 -0.8131537437438965 0.1915603578090668 0.4831275939941406 8.10507
834 -0.8146471381187439 0.2044317424297333 0.42304527759552 7.5219
835 -0.8138128519058228 0.2148340046405792 0.4621399641036987 10.2172
836 -0.8118500709533691 0.1912294179201126 0.455144077539444 11.5607
837 -0.8131488561630249 0.2003300786018372 0.4251029193401337 8.36239
838 -0.8124741911888123 0.1946344375610352 0.4847736954689026 10.0288
839 -0.8130889534950256 0.2071940898895264 0.3967078328132629 11.6077
840 -0.8117430806159973 0.1899267733097076 0.4740740954875946 9.41382
841 -0.8131830096244812 0.1979468315839767 0.3971193730831146 10.0315
842 -0.8123767971992493 0.1988626569509506 0.4316872954368591 11.469
843 -0.8132887482643127 0.2002525180578232 0.50534987449646 9.02039
844 -0.8132699131965637 0.2073545157909393 0.4411523044109344 6.18625
845 -0.8130047917366028 0.1947622001171112 0.453497976064682 9.46375
846 -0.8119920492172241 0.2024027705192566 0.5074074268341064 6.63963
847 -0.8135152459144592 0.1987861096858978 0.4843621850013733 8.50148
848 -0.8135207295417786 0.1982001066207886 0.4629630148410797 9.34532
849 -0.8138846755027771 0.2178670614957809 0.5345679521560669 8.27826
850 -0.8127453327178955 0.2048458606004715 0.4646090865135193 9.93836
851 -0.8121595978736877 0.1974875032901764 0.3942387402057648 8.99526
852 -0.8134468793869019 0.2050906717777252 0.4987654685974121 9.87921
853 -0.8126593232154846 0.2060676515102386 0.3814815282821655 8.97007
854 -0.8127285242080688 0.202443540096283 0.3925926089286804 8.1488
855 -0.8120537996292114 0.180339440703392 0.5024691820144653 9.38424
856 -0.8116514682769775 0.1864072680473328 0.4275720715522766 7.09451
857 -0.8143357634544373 0.2077015340328217 0.423868328332901 6.71468
858 -0.8121988773345947 0.1987003833055496 0.4094650447368622 6.94174
859 -0.8130000829696655 0.199926570057869 0.4843621850013733 13.0827
860 -0.8135020136833191 0.2100609093904495 0.4119341969490051 8.17977
861 -0.8130275011062622 0.1997399926185608 0.4460905790328979 9.12206
862 -0.8130604028701782 0.2059950530529022 0.4555555880069733 10.8907
863 -0.813302755355835 0.1924083232879639 0.4592592716217041 10.3691
864 -0.8133170604705811 0.1937984079122543 0.4613168835639954 9.65921
865 -0.8124708533287048 0.1970047354698181 0.5201646089553833 13.9088
866 -0.8125558495521545 0.1974840462207794 0.4263374805450439 7.04729
867 -0.8125299215316772 0.1877235174179077 0.5242798924446106 10.0204
868 -0.8137808442115784 0.204593688249588 0.3921810984611511 7.90558
869 -0.8137001395225525 0.2079246789216995 0.4901234805583954 11.7235
870 -0.8116689324378967 0.2008607983589172 0.4259259402751923 10.2588
871 -0.8132651448249817 0.1965835094451904 0.4370370805263519 6.49016
872 -0.8130800127983093 0.204842746257782 0.433744877576828 10.6621
873 -0.8136502504348755 0.2164969891309738 0.4065843820571899 5.69417
874 -0.8126556277275085 0.2029493004083633 0.5090535283088684 10.7147
875 -0.8122778534889221 0.2022545784711838 0.4530864655971527 9.08266
876 -0.8117730021476746 0.1834451854228973 0.4382716417312622 9.07708
877 -0.81255704164505 0.2137991338968277 0.4572016894817352 7.65748
878 -0.8129003643989563 0.2003688514232635 0.4448559880256653 12.0026
879 -0.8124570250511169 0.1893643438816071 0.4942387342453003 7.19012
880 -0.8131418228149414 0.2050056606531143 0.4049383103847504 10.6193
881 -0.8127956390380859 0.1984842717647552 0.4641975462436676 6.93331
882 -0.8136312365531921 0.2044624984264374 0.5304527282714844 8.11153
883 -0.811166524887085 0.1903950124979019 0.4897119402885437 8.63144
884 -0.8123247623443604 0.1905616521835327 0.465843677520752 10.2171
885 -0.8116080164909363 0.1853326410055161 0.4275720715522766 11.278
886 -0.8137648105621338 0.1991620063781738 0.4444445073604584 9.77123
887 -0.8126599192619324 0.2069485485553741 0.5465021133422852 9.06945
888 -0.8146329522132874 0.206231102347374 0.4251029193401337 6.53993
889 -0.8123137354850769 0.2085029929876328 0.4699589014053345 9.24565
890 -0.8138716816902161 0.2118839174509048 0.4382716417312622 8.59155
891 -0.8118826746940613 0.1903093308210373 0.4016461074352264 9.436
892 -0.8120431303977966 0.1859232932329178 0.5164609551429749 7.46535
893 -0.8140194416046143 0.2005996257066727 0.4847736954689026 7.22583
894 -0.8117021322250366 0.1922692507505417 0.3777777850627899 9.05958
895 -0.8122182488441467 0.205634281039238 0.3670782148838043 7.86329
896 -0.8133208751678467 0.2129470854997635 0.4683127701282501 9.3934
897 -0.8135136961936951 0.2014036029577255 0.4728395640850067 10.9083
898 -0.8125066757202148 0.1987525969743729 0.4934156835079193 9.62238
899 -0.8134313225746155 0.2067354321479797 0.5037037134170532 7.32674
900 -0.8109970092773438 0.1810823380947113 0.4637860655784607 10.6309
901 -0.8130124807357788 0.1957672387361526 0.4349794387817383 7.79407
902 -0.8133598566055298 0.1998000293970108 0.5267490148544312 15.1667
903 -0.8128629326820374 0.2001616209745407 0.4193415939807892 7.8697
904 -0.8119440078735352 0.1888512820005417 0.4703704118728638 9.2497
905 -0.8120482563972473 0.1938910186290741 0.4366255402565002 9.31695
906 -0.8130877017974854 0.2048103809356689 0.3921810984611511 8.44206
907 -0.8120285868644714 0.1880255490541458 0.4860082566738129 10.0002
908 -0.8145521879196167 0.2060756832361221 0.4209876656532288 7.76118
909 -0.8128731250762939 0.2053121477365494 0.3942387402057648 12.0614
910 -0.8122932910919189 0.188829243183136 0.4506173133850098 8.34326
911 -0.8141633868217468 0.2163941264152527 0.4382716417312622 4.80988
912 -0.8122636079788208 0.1967536211013794 0.4950617551803589 15.6933
913 -0.812551736831665 0.2013601511716843 0.4967078566551208 11.8981
914 -0.8113240599632263 0.1981651186943054 0.5222222208976746 10.706
915 -0.8130795955657959 0.2088620364665985 0.4761317074298859 7.93255
916 -0.813254177570343 0.1940510720014572 0.4798354506492615 10.051
917 -0.8137146830558777 0.2057696133852005 0.4831275939941406 7.53181
918 -0.8147523403167725 0.198260024189949 0.4835391342639923 6.71329
919 -0.8137707710266113 0.2075843662023544 0.4646090865135193 11.4024
920 -0.8138992786407471 0.2088267207145691 0.4497942626476288 6.68375
921 -0.8136721253395081 0.2147717326879501 0.4176955223083496 8.6784
922 -0.8140950798988342 0.2168107330799103 0.4358024895191193 12.6964
923 -0.8124995827674866 0.1990485489368439 0.4662551581859589 11.9661
924 -0.8113149404525757 0.1804919838905334 0.4448559880256653 8.57762
925 -0.8117522597312927 0.1925816833972931 0.5032922625541687 13.9307
926 -0.8124401569366455 0.2003276199102402 0.4205761849880219 10.8734
927 -0.8128886818885803 0.2041712254285812 0.3971193730831146 9.86651
928 -0.8132076263427734 0.2044815719127655 0.4794239103794098 9.67289
929 -0.8122434616088867 0.197653591632843 0.4135802686214447 8.02111
930 -0.8133648037910461 0.2050606459379196 0.5041152834892273 11.042
931 -0.8135034441947937 0.2116229087114334 0.4613168835639954 8.34583
932 -0.8130084872245789 0.1961866915225983 0.4106996357440948 9.0941
933 -0.8140327930450439 0.1971032172441483 0.52181077003479 7.66176
934 -0.8134753704071045 0.1988351494073868 0.5041152834892273 9.16861
935 -0.8129339218139648 0.2142946124076843 0.4600823521614075 11.2677
936 -0.812597393989563 0.195779949426651 0.445267528295517 7.48602
937 -0.8125291466712952 0.2031947374343872 0.4164609313011169 12.8457
938 -0.8137862086296082 0.2104156762361526 0.3872428238391876 7.71576
939 -0.8128076791763306 0.1913427710533142 0.4592592716217041 10.6584
940 -0.813343346118927 0.2058818787336349 0.5082305073738098 10.6345
941 -0.8116071224212646 0.1976179778575897 0.4609054028987885 8.70012
942 -0.8148905634880066 0.203217625617981 0.570781946182251 7.84104
943 -0.812045156955719 0.2002143114805222 0.4720164835453033 6.96586
944 -0.8138033747673035 0.2044196426868439 0.4695473611354828 10.6315
945 -0.814922034740448 0.1999242603778839 0.4810699820518494 7.12875
946 -0.8127205371856689 0.2029569894075394 0.3716049790382385 9.7041
947 -0.813352108001709 0.2148155122995377 0.4255144596099854 9.40234
948 -0.8134720921516418 0.2100429236888885 0.376543253660202 10.506
949 -0.8130834102630615 0.2038690000772476 0.4275720715522766 8.04491
950 -0.8113008737564087 0.1967460364103317 0.4139918088912964 8.86398
951 -0.8128317594528198 0.1973859667778015 0.4082304835319519 16.7264
952 -0.8115760087966919 0.1947790682315826 0.4567901492118835 10.4953
953 -0.8140618205070496 0.1993726789951324 0.4962963461875916 8.94282
954 -0.8123258352279663 0.1976633071899414 0.4728395640850067 8.9557
955 -0.8134689331054688 0.1984679996967316 0.461728423833847 12.9191
956 -0.8120322823524475 0.1922217458486557 0.4065843820571899 10.51
957 -0.8137645125389099 0.2023855745792389 0.4510288536548615 10.2667
958 -0.8122307658195496 0.1943439990282059 0.433744877576828 5.8003
959 -0.8134046792984009 0.2006464898586273 0.474897176027298 12.0437
960 -0.8132704496383667 0.2042896300554276 0.5374485850334167 9.61401
961 -0.8121542930603027 0.1905196160078049 0.463374525308609 10.6819
962 -0.8138543963432312 0.1983586996793747 0.4736625850200653 10.1156
963 -0.8125541210174561 0.1988857835531235 0.5164609551429749 5.78148
964 -0.8134632110595703 0.1854621320962906 0.475720226764679 9.58495
965 -0.8133243918418884 0.2048337161540985 0.443621426820755 8.65669
966 -0.8143057227134705 0.2061228901147842 0.4847736954689026 10.8701
967 -0.8123064041137695 0.1983710378408432 0.4962963461875916 8.20468
968 -0.8131535649299622 0.2108576893806458 0.3958848118782043 7.66171
969 -0.8122759461402893 0.2069211006164551 0.5263375043869019 8.01005
970 -0.8131348490715027 0.2036505490541458 0.4543209969997406 9.72785
971 -0.8122237920761108 0.1893359422683716 0.4843621850013733 6.67308
972 -0.8137872815132141 0.2074065357446671 0.4641975462436676 12.3676
973 -0.8116482496261597 0.1903430372476578 0.559259295463562 9.80618
974 -0.8117005825042725 0.1940728574991226 0.4407407641410828 10.2
975 -0.8137118220329285 0.2036464661359787 0.4502058029174805 12.782
976 -0.8118631839752197 0.191816657781601 0.4679012894630432 5.55257
977 -0.8128071427345276 0.2029463350772858 0.5333333611488342 11.3951
978 -0.8133582472801208 0.1975393444299698 0.461728423833847 9.54579
979 -0.8126381039619446 0.2156917154788971 0.4794239103794098 10.605
980 -0.8127852082252502 0.2074051946401596 0.549382746219635 8.84257
981 -0.8139137625694275 0.2064083218574524 0.4185185432434082 8.06021
982 -0.8136734962463379 0.2191698253154755 0.4218107461929321 8.50266
983 -0.8140928745269775 0.2167935967445374 0.4810699820518494 8.45266
984 -0.8122218251228333 0.1911312937736511 0.4827161133289337 14.0709
985 -0.8132174611091614 0.2025152444839478 0.531687319278717 10.5154
986 -0.8120522499084473 0.191904678940773 0.432921826839447 5.87086
987 -0.8128864169120789 0.1966647952795029 0.4761317074298859 10.8043
988 -0.8132533431053162 0.2016506791114807 0.5082305073738098 12.4993
989 -0.8114496469497681 0.20510034263134 0.3514403402805328 8.45982
990 -0.8128398656845093 0.2010611593723297 0.3954732716083527 12.0844
991 -0.8118346929550171 0.1986053884029388 0.5547325611114502 10.6152
992 -0.8128951787948608 0.2069205790758133 0.4720164835453033 13.0033
993 -0.8116937875747681 0.2016587555408478 0.5320987701416016 10.8063
994 -0.8122251629829407 0.1936560273170471 0.4539095163345337 9.47861
995 -0.8118094801902771 0.1956379562616348 0.433744877576828 8.04313
996 -0.8126920461654663 0.2001420706510544 0.4880658686161041 8.50364
997 -0.8116911053657532 0.1906560212373734 0.4530864655971527 6.29056
998 -0.8131515979766846 0.1987093538045883 0.5102881193161011 11.2011
999 -0.8140918016433716 0.2061774879693985 0.45185187458992 9.12428
1000 -0.8126417398452759 0.2089338451623917 0.4374486207962036 11.3549
